[
    {
        "logStreamName": "2025/04/21/[$LATEST]ae7cf16b6a3f40079f27994aca9bd2fd",
        "timestamp": 1745278052086,
        "message": "INIT_START Runtime Version: python:3.10.v64\tRuntime Version ARN: arn:aws:lambda:sa-east-1::runtime:d56bdc8857b2109a058de2ab50bfb80ac2aa600be6f7855a436859944e5fe54b\n",
        "ingestionTime": 1745278059415,
        "eventId": "38921001140157743307989123973914730545168301153792425984"
    },
    {
        "logStreamName": "2025/04/21/[$LATEST]ae7cf16b6a3f40079f27994aca9bd2fd",
        "timestamp": 1745278052913,
        "message": "START RequestId: d8d681fa-0bb9-4145-b26a-c1a91e3f556d Version: $LATEST\n",
        "ingestionTime": 1745278059415,
        "eventId": "38921001158600459587173949311964769556648496119238230017"
    },
    {
        "logStreamName": "2025/04/21/[$LATEST]ae7cf16b6a3f40079f27994aca9bd2fd",
        "timestamp": 1745278052914,
        "message": "Directory /tmp/mafdb was created!\n",
        "ingestionTime": 1745278059415,
        "eventId": "38921001158622760332372479935106305274921144480744210434"
    },
    {
        "logStreamName": "2025/04/21/[$LATEST]ae7cf16b6a3f40079f27994aca9bd2fd",
        "timestamp": 1745278053011,
        "message": "FILE_TRANSFER RequestId: d8d681fa-0bb9-4145-b26a-c1a91e3f556d\t TransferType: consumed\t Action: download_from_s3\t FileName: mafdb_6f7a2b1116e6a791f68a03367473294792b679a6357b6789f3f993b1f83e2e80.json\t Bucket: denethor\t FilePath: mafdb/mafdb_6f7a2b1116e6a791f68a03367473294792b679a6357b6789f3f993b1f83e2e80.json\t LocalFilePath: /tmp/mafdb/mafdb_6f7a2b1116e6a791f68a03367473294792b679a6357b6789f3f993b1f83e2e80.json\t FileSize: 185 bytes\t TransferDuration: 97.24868599982983 ms\n",
        "ingestionTime": 1745278059415,
        "eventId": "38921001160785932616629950379835269947368035546824310787"
    },
    {
        "logStreamName": "2025/04/21/[$LATEST]ae7cf16b6a3f40079f27994aca9bd2fd",
        "timestamp": 1745278053051,
        "message": "FILE_TRANSFER RequestId: d8d681fa-0bb9-4145-b26a-c1a91e3f556d\t TransferType: consumed\t Action: download_from_s3\t FileName: mafdb_c451a256436a5fc45a562eaf2fead8dd42917b32894e636d2b705f5405224a88.json\t Bucket: denethor\t FilePath: mafdb/mafdb_c451a256436a5fc45a562eaf2fead8dd42917b32894e636d2b705f5405224a88.json\t LocalFilePath: /tmp/mafdb/mafdb_c451a256436a5fc45a562eaf2fead8dd42917b32894e636d2b705f5405224a88.json\t FileSize: 355 bytes\t TransferDuration: 39.50380100013717 ms\n",
        "ingestionTime": 1745278059415,
        "eventId": "38921001161677962424571175305496698678273970007063527428"
    },
    {
        "logStreamName": "2025/04/21/[$LATEST]ae7cf16b6a3f40079f27994aca9bd2fd",
        "timestamp": 1745278053097,
        "message": "FILE_TRANSFER RequestId: d8d681fa-0bb9-4145-b26a-c1a91e3f556d\t TransferType: consumed\t Action: download_from_s3\t FileName: mafdb_51e18dc31f0c330513b45085a52c5ecd1e4a0a9130d2805a71368f1cbe17f65e.json\t Bucket: denethor\t FilePath: mafdb/mafdb_51e18dc31f0c330513b45085a52c5ecd1e4a0a9130d2805a71368f1cbe17f65e.json\t LocalFilePath: /tmp/mafdb/mafdb_51e18dc31f0c330513b45085a52c5ecd1e4a0a9130d2805a71368f1cbe17f65e.json\t FileSize: 314 bytes\t TransferDuration: 46.01398199997675 ms\n",
        "ingestionTime": 1745278059415,
        "eventId": "38921001162703796703703583970007341718815794636338626565"
    },
    {
        "logStreamName": "2025/04/21/[$LATEST]ae7cf16b6a3f40079f27994aca9bd2fd",
        "timestamp": 1745278053137,
        "message": "FILE_TRANSFER RequestId: d8d681fa-0bb9-4145-b26a-c1a91e3f556d\t TransferType: consumed\t Action: download_from_s3\t FileName: mafdb_783d326a98c97c227099cd46e1eb2739e8954c844e628390759f21e7b4e19db0.json\t Bucket: denethor\t FilePath: mafdb/mafdb_783d326a98c97c227099cd46e1eb2739e8954c844e628390759f21e7b4e19db0.json\t LocalFilePath: /tmp/mafdb/mafdb_783d326a98c97c227099cd46e1eb2739e8954c844e628390759f21e7b4e19db0.json\t FileSize: 273 bytes\t TransferDuration: 40.34596699989379 ms\n",
        "ingestionTime": 1745278059415,
        "eventId": "38921001163595826511644808895668770449721729096577843206"
    },
    {
        "logStreamName": "2025/04/21/[$LATEST]ae7cf16b6a3f40079f27994aca9bd2fd",
        "timestamp": 1745278053182,
        "message": "FILE_TRANSFER RequestId: d8d681fa-0bb9-4145-b26a-c1a91e3f556d\t TransferType: consumed\t Action: download_from_s3\t FileName: mafdb_f6c9786df6a492206e55eb3d3911d34dbd753bfef23be22d8635d72135a7fbc7.json\t Bucket: denethor\t FilePath: mafdb/mafdb_f6c9786df6a492206e55eb3d3911d34dbd753bfef23be22d8635d72135a7fbc7.json\t LocalFilePath: /tmp/mafdb/mafdb_f6c9786df6a492206e55eb3d3911d34dbd753bfef23be22d8635d72135a7fbc7.json\t FileSize: 273 bytes\t TransferDuration: 45.0066710000101 ms\n",
        "ingestionTime": 1745278059415,
        "eventId": "38921001164599360045578686937037877771990905364346961927"
    },
    {
        "logStreamName": "2025/04/21/[$LATEST]ae7cf16b6a3f40079f27994aca9bd2fd",
        "timestamp": 1745278053270,
        "message": "FILE_TRANSFER RequestId: d8d681fa-0bb9-4145-b26a-c1a91e3f556d\t TransferType: consumed\t Action: download_from_s3\t FileName: mafdb_42b7a1940d80c9e5d1a1eb427219fad89ed0198775d719cc0f6171541419e487.json\t Bucket: denethor\t FilePath: mafdb/mafdb_42b7a1940d80c9e5d1a1eb427219fad89ed0198775d719cc0f6171541419e487.json\t LocalFilePath: /tmp/mafdb/mafdb_42b7a1940d80c9e5d1a1eb427219fad89ed0198775d719cc0f6171541419e487.json\t FileSize: 273 bytes\t TransferDuration: 87.38290800010873 ms\n",
        "ingestionTime": 1745278059415,
        "eventId": "38921001166561825623049381773493020979983961176873238536"
    },
    {
        "logStreamName": "2025/04/21/[$LATEST]ae7cf16b6a3f40079f27994aca9bd2fd",
        "timestamp": 1745278053314,
        "message": "FILE_TRANSFER RequestId: d8d681fa-0bb9-4145-b26a-c1a91e3f556d\t TransferType: consumed\t Action: download_from_s3\t FileName: mafdb_4626fea2abf7ed35f5f28026640ab18610584687978217b1f40af22fe37f6572.json\t Bucket: denethor\t FilePath: mafdb/mafdb_4626fea2abf7ed35f5f28026640ab18610584687978217b1f40af22fe37f6572.json\t LocalFilePath: /tmp/mafdb/mafdb_4626fea2abf7ed35f5f28026640ab18610584687978217b1f40af22fe37f6572.json\t FileSize: 273 bytes\t TransferDuration: 44.5025290000558 ms\n",
        "ingestionTime": 1745278059415,
        "eventId": "38921001167543058411784729191720592583980489083136376841"
    },
    {
        "logStreamName": "2025/04/21/[$LATEST]ae7cf16b6a3f40079f27994aca9bd2fd",
        "timestamp": 1745278053357,
        "message": "FILE_TRANSFER RequestId: d8d681fa-0bb9-4145-b26a-c1a91e3f556d\t TransferType: consumed\t Action: download_from_s3\t FileName: mafdb_e55488255b1fbcc9aaabaac963dff236ce30a48f048179f2652bf6431063cf4b.json\t Bucket: denethor\t FilePath: mafdb/mafdb_e55488255b1fbcc9aaabaac963dff236ce30a48f048179f2652bf6431063cf4b.json\t LocalFilePath: /tmp/mafdb/mafdb_e55488255b1fbcc9aaabaac963dff236ce30a48f048179f2652bf6431063cf4b.json\t FileSize: 232 bytes\t TransferDuration: 42.393254999979035 ms\n",
        "ingestionTime": 1745278059415,
        "eventId": "38921001168501990455321545986806628469704368627893534730"
    },
    {
        "logStreamName": "2025/04/21/[$LATEST]ae7cf16b6a3f40079f27994aca9bd2fd",
        "timestamp": 1745278053411,
        "message": "FILE_TRANSFER RequestId: d8d681fa-0bb9-4145-b26a-c1a91e3f556d\t TransferType: consumed\t Action: download_from_s3\t FileName: mafdb_5622c4af29c03a55db15361b96ebd57532e3d5deb3791cbd1444627fe1ca62ba.json\t Bucket: denethor\t FilePath: mafdb/mafdb_5622c4af29c03a55db15361b96ebd57532e3d5deb3791cbd1444627fe1ca62ba.json\t LocalFilePath: /tmp/mafdb/mafdb_5622c4af29c03a55db15361b96ebd57532e3d5deb3791cbd1444627fe1ca62ba.json\t FileSize: 232 bytes\t TransferDuration: 54.06829300000027 ms\n",
        "ingestionTime": 1745278059415,
        "eventId": "38921001169706230696042199636449557256427380149216477195"
    },
    {
        "logStreamName": "2025/04/21/[$LATEST]ae7cf16b6a3f40079f27994aca9bd2fd",
        "timestamp": 1745278053453,
        "message": "FILE_TRANSFER RequestId: d8d681fa-0bb9-4145-b26a-c1a91e3f556d\t TransferType: consumed\t Action: download_from_s3\t FileName: mafdb_c47f40aaed70b274856370b8e6e48399beb4c8971c66ddd8be8d566d440a78a7.json\t Bucket: denethor\t FilePath: mafdb/mafdb_c47f40aaed70b274856370b8e6e48399beb4c8971c66ddd8be8d566d440a78a7.json\t LocalFilePath: /tmp/mafdb/mafdb_c47f40aaed70b274856370b8e6e48399beb4c8971c66ddd8be8d566d440a78a7.json\t FileSize: 232 bytes\t TransferDuration: 41.65151400002287 ms\n",
        "ingestionTime": 1745278059415,
        "eventId": "38921001170642861994380485808394057423878611332467654668"
    },
    {
        "logStreamName": "2025/04/21/[$LATEST]ae7cf16b6a3f40079f27994aca9bd2fd",
        "timestamp": 1745278053494,
        "message": "FILE_TRANSFER RequestId: d8d681fa-0bb9-4145-b26a-c1a91e3f556d\t TransferType: consumed\t Action: download_from_s3\t FileName: mafdb_fc2a84852f95eebd03a586abcf5a76c64db1efd965d2c472f2b8a03ed0c40edf.json\t Bucket: denethor\t FilePath: mafdb/mafdb_fc2a84852f95eebd03a586abcf5a76c64db1efd965d2c472f2b8a03ed0c40edf.json\t LocalFilePath: /tmp/mafdb/mafdb_fc2a84852f95eebd03a586abcf5a76c64db1efd965d2c472f2b8a03ed0c40edf.json\t FileSize: 232 bytes\t TransferDuration: 41.44638200000372 ms\n",
        "ingestionTime": 1745278059415,
        "eventId": "38921001171557192547520241357197021873057194154212851725"
    },
    {
        "logStreamName": "2025/04/21/[$LATEST]ae7cf16b6a3f40079f27994aca9bd2fd",
        "timestamp": 1745278053534,
        "message": "FILE_TRANSFER RequestId: d8d681fa-0bb9-4145-b26a-c1a91e3f556d\t TransferType: consumed\t Action: download_from_s3\t FileName: mafdb_b1978d4f3ece7886cd648bfa82f0db51363ff9b748ee97102aa3139423d1be64.json\t Bucket: denethor\t FilePath: mafdb/mafdb_b1978d4f3ece7886cd648bfa82f0db51363ff9b748ee97102aa3139423d1be64.json\t LocalFilePath: /tmp/mafdb/mafdb_b1978d4f3ece7886cd648bfa82f0db51363ff9b748ee97102aa3139423d1be64.json\t FileSize: 232 bytes\t TransferDuration: 39.51659099993776 ms\n",
        "ingestionTime": 1745278059415,
        "eventId": "38921001172449222355461466282858450603963128614452068366"
    },
    {
        "logStreamName": "2025/04/21/[$LATEST]ae7cf16b6a3f40079f27994aca9bd2fd",
        "timestamp": 1745278053577,
        "message": "FILE_TRANSFER RequestId: d8d681fa-0bb9-4145-b26a-c1a91e3f556d\t TransferType: consumed\t Action: download_from_s3\t FileName: mafdb_52a4f806fca7da8198522b8967c3d358527c3187304e57988708d831f58faa8d.json\t Bucket: denethor\t FilePath: mafdb/mafdb_52a4f806fca7da8198522b8967c3d358527c3187304e57988708d831f58faa8d.json\t LocalFilePath: /tmp/mafdb/mafdb_52a4f806fca7da8198522b8967c3d358527c3187304e57988708d831f58faa8d.json\t FileSize: 232 bytes\t TransferDuration: 43.06774699989546 ms\n",
        "ingestionTime": 1745278059415,
        "eventId": "38921001173408154398998283077944486489687008159209226255"
    },
    {
        "logStreamName": "2025/04/21/[$LATEST]ae7cf16b6a3f40079f27994aca9bd2fd",
        "timestamp": 1745278053617,
        "message": "FILE_TRANSFER RequestId: d8d681fa-0bb9-4145-b26a-c1a91e3f556d\t TransferType: consumed\t Action: download_from_s3\t FileName: mafdb_a1bfbcddbd0327f872ff3e6b2d5dcbed9e804641918b58e4b469cf077329c2cd.json\t Bucket: denethor\t FilePath: mafdb/mafdb_a1bfbcddbd0327f872ff3e6b2d5dcbed9e804641918b58e4b469cf077329c2cd.json\t LocalFilePath: /tmp/mafdb/mafdb_a1bfbcddbd0327f872ff3e6b2d5dcbed9e804641918b58e4b469cf077329c2cd.json\t FileSize: 232 bytes\t TransferDuration: 39.66321500001868 ms\n",
        "ingestionTime": 1745278059415,
        "eventId": "38921001174300184206939508003605915220592942619448442896"
    },
    {
        "logStreamName": "2025/04/21/[$LATEST]ae7cf16b6a3f40079f27994aca9bd2fd",
        "timestamp": 1745278053665,
        "message": "FILE_TRANSFER RequestId: d8d681fa-0bb9-4145-b26a-c1a91e3f556d\t TransferType: consumed\t Action: download_from_s3\t FileName: mafdb_3f39c4961a0fcb5dacda7fdb89b2d0ebbaf953f20134fdb2d43aa99c3b398820.json\t Bucket: denethor\t FilePath: mafdb/mafdb_3f39c4961a0fcb5dacda7fdb89b2d0ebbaf953f20134fdb2d43aa99c3b398820.json\t LocalFilePath: /tmp/mafdb/mafdb_3f39c4961a0fcb5dacda7fdb89b2d0ebbaf953f20134fdb2d43aa99c3b398820.json\t FileSize: 236 bytes\t TransferDuration: 48.252931999968496 ms\n",
        "ingestionTime": 1745278059415,
        "eventId": "38921001175370619976468977914399629697680063971735502865"
    },
    {
        "logStreamName": "2025/04/21/[$LATEST]ae7cf16b6a3f40079f27994aca9bd2fd",
        "timestamp": 1745278053702,
        "message": "FILE_TRANSFER RequestId: d8d681fa-0bb9-4145-b26a-c1a91e3f556d\t TransferType: consumed\t Action: download_from_s3\t FileName: mafdb_c8628e7d7833590863c05945da0a15b09c0de52179e14bd524127f896a661506.json\t Bucket: denethor\t FilePath: mafdb/mafdb_c8628e7d7833590863c05945da0a15b09c0de52179e14bd524127f896a661506.json\t LocalFilePath: /tmp/mafdb/mafdb_c8628e7d7833590863c05945da0a15b09c0de52179e14bd524127f896a661506.json\t FileSize: 236 bytes\t TransferDuration: 36.83835299989369 ms\n",
        "ingestionTime": 1745278059415,
        "eventId": "38921001176195747548814610970636451273768053347456778258"
    },
    {
        "logStreamName": "2025/04/21/[$LATEST]ae7cf16b6a3f40079f27994aca9bd2fd",
        "timestamp": 1745278053747,
        "message": "FILE_TRANSFER RequestId: d8d681fa-0bb9-4145-b26a-c1a91e3f556d\t TransferType: consumed\t Action: download_from_s3\t FileName: mafdb_3b4259b136e5e067f460a57ff21fd5c531cf82501ea56dcbb754d3f18d8bf7b8.json\t Bucket: denethor\t FilePath: mafdb/mafdb_3b4259b136e5e067f460a57ff21fd5c531cf82501ea56dcbb754d3f18d8bf7b8.json\t LocalFilePath: /tmp/mafdb/mafdb_3b4259b136e5e067f460a57ff21fd5c531cf82501ea56dcbb754d3f18d8bf7b8.json\t FileSize: 236 bytes\t TransferDuration: 44.61885999990045 ms\n",
        "ingestionTime": 1745278059415,
        "eventId": "38921001177199281082748489012005558596037229615225896979"
    },
    {
        "logStreamName": "2025/04/21/[$LATEST]ae7cf16b6a3f40079f27994aca9bd2fd",
        "timestamp": 1745278053793,
        "message": "FILE_TRANSFER RequestId: d8d681fa-0bb9-4145-b26a-c1a91e3f556d\t TransferType: consumed\t Action: download_from_s3\t FileName: mafdb_d66a6c0e6284ab938bb396e2a94b21536e089891dd8678d3e232409e85974bf4.json\t Bucket: denethor\t FilePath: mafdb/mafdb_d66a6c0e6284ab938bb396e2a94b21536e089891dd8678d3e232409e85974bf4.json\t LocalFilePath: /tmp/mafdb/mafdb_d66a6c0e6284ab938bb396e2a94b21536e089891dd8678d3e232409e85974bf4.json\t FileSize: 236 bytes\t TransferDuration: 46.235613999897396 ms\n",
        "ingestionTime": 1745278059415,
        "eventId": "38921001178225115361880897676516201636579054244500996116"
    },
    {
        "logStreamName": "2025/04/21/[$LATEST]ae7cf16b6a3f40079f27994aca9bd2fd",
        "timestamp": 1745278053835,
        "message": "FILE_TRANSFER RequestId: d8d681fa-0bb9-4145-b26a-c1a91e3f556d\t TransferType: consumed\t Action: download_from_s3\t FileName: mafdb_42c39b281fccc83198017a319f363d9a14901ad1e7f2e87df206a5e5a893b775.json\t Bucket: denethor\t FilePath: mafdb/mafdb_42c39b281fccc83198017a319f363d9a14901ad1e7f2e87df206a5e5a893b775.json\t LocalFilePath: /tmp/mafdb/mafdb_42c39b281fccc83198017a319f363d9a14901ad1e7f2e87df206a5e5a893b775.json\t FileSize: 236 bytes\t TransferDuration: 42.026825999982975 ms\n",
        "ingestionTime": 1745278059415,
        "eventId": "38921001179161746660219183848460701804030285427752173589"
    },
    {
        "logStreamName": "2025/04/21/[$LATEST]ae7cf16b6a3f40079f27994aca9bd2fd",
        "timestamp": 1745278053877,
        "message": "FILE_TRANSFER RequestId: d8d681fa-0bb9-4145-b26a-c1a91e3f556d\t TransferType: consumed\t Action: download_from_s3\t FileName: mafdb_00a3f572cc1fc8e5d20ab4dfb79235b5a032989fc11491f76265acd17bc9137b.json\t Bucket: denethor\t FilePath: mafdb/mafdb_00a3f572cc1fc8e5d20ab4dfb79235b5a032989fc11491f76265acd17bc9137b.json\t LocalFilePath: /tmp/mafdb/mafdb_00a3f572cc1fc8e5d20ab4dfb79235b5a032989fc11491f76265acd17bc9137b.json\t FileSize: 236 bytes\t TransferDuration: 41.65709299991249 ms\n",
        "ingestionTime": 1745278059415,
        "eventId": "38921001180098377958557470020405201971481516611003351062"
    },
    {
        "logStreamName": "2025/04/21/[$LATEST]ae7cf16b6a3f40079f27994aca9bd2fd",
        "timestamp": 1745278053917,
        "message": "FILE_TRANSFER RequestId: d8d681fa-0bb9-4145-b26a-c1a91e3f556d\t TransferType: consumed\t Action: download_from_s3\t FileName: mafdb_1bc211752a94b2c578560693e27c96c128aefdf6439e0fc20a27028f333f2ca9.json\t Bucket: denethor\t FilePath: mafdb/mafdb_1bc211752a94b2c578560693e27c96c128aefdf6439e0fc20a27028f333f2ca9.json\t LocalFilePath: /tmp/mafdb/mafdb_1bc211752a94b2c578560693e27c96c128aefdf6439e0fc20a27028f333f2ca9.json\t FileSize: 194 bytes\t TransferDuration: 40.59192600016104 ms\n",
        "ingestionTime": 1745278059415,
        "eventId": "38921001180990407766498694946066630702387451071242567703"
    },
    {
        "logStreamName": "2025/04/21/[$LATEST]ae7cf16b6a3f40079f27994aca9bd2fd",
        "timestamp": 1745278053959,
        "message": "FILE_TRANSFER RequestId: d8d681fa-0bb9-4145-b26a-c1a91e3f556d\t TransferType: consumed\t Action: download_from_s3\t FileName: mafdb_b57db58f6c445c0b4ca68af0b3818e52265d344a33b285d18aa8f71cb260f462.json\t Bucket: denethor\t FilePath: mafdb/mafdb_b57db58f6c445c0b4ca68af0b3818e52265d344a33b285d18aa8f71cb260f462.json\t LocalFilePath: /tmp/mafdb/mafdb_b57db58f6c445c0b4ca68af0b3818e52265d344a33b285d18aa8f71cb260f462.json\t FileSize: 194 bytes\t TransferDuration: 41.954901000053724 ms\n",
        "ingestionTime": 1745278059415,
        "eventId": "38921001181927039064836981118011130869838682254493745176"
    },
    {
        "logStreamName": "2025/04/21/[$LATEST]ae7cf16b6a3f40079f27994aca9bd2fd",
        "timestamp": 1745278054001,
        "message": "FILE_TRANSFER RequestId: d8d681fa-0bb9-4145-b26a-c1a91e3f556d\t TransferType: consumed\t Action: download_from_s3\t FileName: mafdb_7352970b74f3730627c76b09ab7aeb8b229af519dfd5753f3cca28876d58fb9a.json\t Bucket: denethor\t FilePath: mafdb/mafdb_7352970b74f3730627c76b09ab7aeb8b229af519dfd5753f3cca28876d58fb9a.json\t LocalFilePath: /tmp/mafdb/mafdb_7352970b74f3730627c76b09ab7aeb8b229af519dfd5753f3cca28876d58fb9a.json\t FileSize: 194 bytes\t TransferDuration: 41.819144999863056 ms\n",
        "ingestionTime": 1745278059415,
        "eventId": "38921001182863670363175267289955631037289913437744922649"
    },
    {
        "logStreamName": "2025/04/21/[$LATEST]ae7cf16b6a3f40079f27994aca9bd2fd",
        "timestamp": 1745278054041,
        "message": "FILE_TRANSFER RequestId: d8d681fa-0bb9-4145-b26a-c1a91e3f556d\t TransferType: consumed\t Action: download_from_s3\t FileName: mafdb_f822e6723dbfe40354a7cfb62420f30ba12904fcf4d8811e831e3e873e259704.json\t Bucket: denethor\t FilePath: mafdb/mafdb_f822e6723dbfe40354a7cfb62420f30ba12904fcf4d8811e831e3e873e259704.json\t LocalFilePath: /tmp/mafdb/mafdb_f822e6723dbfe40354a7cfb62420f30ba12904fcf4d8811e831e3e873e259704.json\t FileSize: 194 bytes\t TransferDuration: 39.70917200012991 ms\n",
        "ingestionTime": 1745278059415,
        "eventId": "38921001183755700171116492215617059768195847897984139290"
    },
    {
        "logStreamName": "2025/04/21/[$LATEST]ae7cf16b6a3f40079f27994aca9bd2fd",
        "timestamp": 1745278054080,
        "message": "FILE_TRANSFER RequestId: d8d681fa-0bb9-4145-b26a-c1a91e3f556d\t TransferType: consumed\t Action: download_from_s3\t FileName: mafdb_4d047d3111f7b0380efbd1a15e3b239694cdbec797511edb3c263b3a9488f2b6.json\t Bucket: denethor\t FilePath: mafdb/mafdb_4d047d3111f7b0380efbd1a15e3b239694cdbec797511edb3c263b3a9488f2b6.json\t LocalFilePath: /tmp/mafdb/mafdb_4d047d3111f7b0380efbd1a15e3b239694cdbec797511edb3c263b3a9488f2b6.json\t FileSize: 194 bytes\t TransferDuration: 38.64249299999756 ms\n",
        "ingestionTime": 1745278059415,
        "eventId": "38921001184625429233859186518136952780829133996717375515"
    },
    {
        "logStreamName": "2025/04/21/[$LATEST]ae7cf16b6a3f40079f27994aca9bd2fd",
        "timestamp": 1745278054124,
        "message": "FILE_TRANSFER RequestId: d8d681fa-0bb9-4145-b26a-c1a91e3f556d\t TransferType: consumed\t Action: download_from_s3\t FileName: mafdb_6ee93fa3e17d8465d80c68957453793c4017d5d2d02f3c35b598aa6b61c743eb.json\t Bucket: denethor\t FilePath: mafdb/mafdb_6ee93fa3e17d8465d80c68957453793c4017d5d2d02f3c35b598aa6b61c743eb.json\t LocalFilePath: /tmp/mafdb/mafdb_6ee93fa3e17d8465d80c68957453793c4017d5d2d02f3c35b598aa6b61c743eb.json\t FileSize: 194 bytes\t TransferDuration: 44.77705799990872 ms\n",
        "ingestionTime": 1745278059415,
        "eventId": "38921001185606662022594533936364524384825661902980513820"
    },
    {
        "logStreamName": "2025/04/21/[$LATEST]ae7cf16b6a3f40079f27994aca9bd2fd",
        "timestamp": 1745278054161,
        "message": "FILE_TRANSFER RequestId: d8d681fa-0bb9-4145-b26a-c1a91e3f556d\t TransferType: consumed\t Action: download_from_s3\t FileName: mafdb_60830794f6f53770664103f1567db6e61129f4a168960ac78aa0f0b425eb5c40.json\t Bucket: denethor\t FilePath: mafdb/mafdb_60830794f6f53770664103f1567db6e61129f4a168960ac78aa0f0b425eb5c40.json\t LocalFilePath: /tmp/mafdb/mafdb_60830794f6f53770664103f1567db6e61129f4a168960ac78aa0f0b425eb5c40.json\t FileSize: 194 bytes\t TransferDuration: 36.008582000022216 ms\n",
        "ingestionTime": 1745278059415,
        "eventId": "38921001186431789594940166992601345960913651278701789213"
    },
    {
        "logStreamName": "2025/04/21/[$LATEST]ae7cf16b6a3f40079f27994aca9bd2fd",
        "timestamp": 1745278054200,
        "message": "FILE_TRANSFER RequestId: d8d681fa-0bb9-4145-b26a-c1a91e3f556d\t TransferType: consumed\t Action: download_from_s3\t FileName: mafdb_35ede6722fe824035d75d0534b754dd4b23ee9330ec089bb54db2128fededd5c.json\t Bucket: denethor\t FilePath: mafdb/mafdb_35ede6722fe824035d75d0534b754dd4b23ee9330ec089bb54db2128fededd5c.json\t LocalFilePath: /tmp/mafdb/mafdb_35ede6722fe824035d75d0534b754dd4b23ee9330ec089bb54db2128fededd5c.json\t FileSize: 194 bytes\t TransferDuration: 39.55605900000592 ms\n",
        "ingestionTime": 1745278059415,
        "eventId": "38921001187301518657682861295121238973546937377435025438"
    },
    {
        "logStreamName": "2025/04/21/[$LATEST]ae7cf16b6a3f40079f27994aca9bd2fd",
        "timestamp": 1745278054244,
        "message": "FILE_TRANSFER RequestId: d8d681fa-0bb9-4145-b26a-c1a91e3f556d\t TransferType: consumed\t Action: download_from_s3\t FileName: mafdb_b68185c70cd2b2f6851e125ebe967c03331e2c7bb142d1bd978e8e475fd3780a.json\t Bucket: denethor\t FilePath: mafdb/mafdb_b68185c70cd2b2f6851e125ebe967c03331e2c7bb142d1bd978e8e475fd3780a.json\t LocalFilePath: /tmp/mafdb/mafdb_b68185c70cd2b2f6851e125ebe967c03331e2c7bb142d1bd978e8e475fd3780a.json\t FileSize: 194 bytes\t TransferDuration: 43.65771700008736 ms\n",
        "ingestionTime": 1745278059415,
        "eventId": "38921001188282751446418208713348810577543465283698163743"
    },
    {
        "logStreamName": "2025/04/21/[$LATEST]ae7cf16b6a3f40079f27994aca9bd2fd",
        "timestamp": 1745278054285,
        "message": "FILE_TRANSFER RequestId: d8d681fa-0bb9-4145-b26a-c1a91e3f556d\t TransferType: consumed\t Action: download_from_s3\t FileName: mafdb_f918c820d318d5721f6a01c5e5f1bcf93d25c754add42dfe159109e02e35ab0a.json\t Bucket: denethor\t FilePath: mafdb/mafdb_f918c820d318d5721f6a01c5e5f1bcf93d25c754add42dfe159109e02e35ab0a.json\t LocalFilePath: /tmp/mafdb/mafdb_f918c820d318d5721f6a01c5e5f1bcf93d25c754add42dfe159109e02e35ab0a.json\t FileSize: 194 bytes\t TransferDuration: 41.02396799999042 ms\n",
        "ingestionTime": 1745278059415,
        "eventId": "38921001189197081999557964262151775026722048105443360800"
    },
    {
        "logStreamName": "2025/04/21/[$LATEST]ae7cf16b6a3f40079f27994aca9bd2fd",
        "timestamp": 1745278054285,
        "message": "CONSUMED_FILES_INFO RequestId: d8d681fa-0bb9-4145-b26a-c1a91e3f556d\t FilesCount: 30 files\t FilesSize: 6926 bytes\t TransferDuration: 1369.1822399996454 ms\t ConsumedFiles: ['mafdb_6f7a2b1116e6a791f68a03367473294792b679a6357b6789f3f993b1f83e2e80.json', 'mafdb_c451a256436a5fc45a562eaf2fead8dd42917b32894e636d2b705f5405224a88.json', 'mafdb_51e18dc31f0c330513b45085a52c5ecd1e4a0a9130d2805a71368f1cbe17f65e.json', 'mafdb_783d326a98c97c227099cd46e1eb2739e8954c844e628390759f21e7b4e19db0.json', 'mafdb_f6c9786df6a492206e55eb3d3911d34dbd753bfef23be22d8635d72135a7fbc7.json', 'mafdb_42b7a1940d80c9e5d1a1eb427219fad89ed0198775d719cc0f6171541419e487.json', 'mafdb_4626fea2abf7ed35f5f28026640ab18610584687978217b1f40af22fe37f6572.json', 'mafdb_e55488255b1fbcc9aaabaac963dff236ce30a48f048179f2652bf6431063cf4b.json', 'mafdb_5622c4af29c03a55db15361b96ebd57532e3d5deb3791cbd1444627fe1ca62ba.json', 'mafdb_c47f40aaed70b274856370b8e6e48399beb4c8971c66ddd8be8d566d440a78a7.json', 'mafdb_fc2a84852f95eebd03a586abcf5a76c64db1efd965d2c472f2b8a03ed0c40edf.json', 'mafdb_b1978d4f3ece7886cd648bfa82f0db51363ff9b748ee97102aa3139423d1be64.json', 'mafdb_52a4f806fca7da8198522b8967c3d358527c3187304e57988708d831f58faa8d.json', 'mafdb_a1bfbcddbd0327f872ff3e6b2d5dcbed9e804641918b58e4b469cf077329c2cd.json', 'mafdb_3f39c4961a0fcb5dacda7fdb89b2d0ebbaf953f20134fdb2d43aa99c3b398820.json', 'mafdb_c8628e7d7833590863c05945da0a15b09c0de52179e14bd524127f896a661506.json', 'mafdb_3b4259b136e5e067f460a57ff21fd5c531cf82501ea56dcbb754d3f18d8bf7b8.json', 'mafdb_d66a6c0e6284ab938bb396e2a94b21536e089891dd8678d3e232409e85974bf4.json', 'mafdb_42c39b281fccc83198017a319f363d9a14901ad1e7f2e87df206a5e5a893b775.json', 'mafdb_00a3f572cc1fc8e5d20ab4dfb79235b5a032989fc11491f76265acd17bc9137b.json', 'mafdb_1bc211752a94b2c578560693e27c96c128aefdf6439e0fc20a27028f333f2ca9.json', 'mafdb_b57db58f6c445c0b4ca68af0b3818e52265d344a33b285d18aa8f71cb260f462.json', 'mafdb_7352970b74f3730627c76b09ab7aeb8b229af519dfd5753f3cca28876d58fb9a.json', 'mafdb_f822e6723dbfe40354a7cfb62420f30ba12904fcf4d8811e831e3e873e259704.json', 'mafdb_4d047d3111f7b0380efbd1a15e3b239694cdbec797511edb3c263b3a9488f2b6.json', 'mafdb_6ee93fa3e17d8465d80c68957453793c4017d5d2d02f3c35b598aa6b61c743eb.json', 'mafdb_60830794f6f53770664103f1567db6e61129f4a168960ac78aa0f0b425eb5c40.json', 'mafdb_35ede6722fe824035d75d0534b754dd4b23ee9330ec089bb54db2128fededd5c.json', 'mafdb_b68185c70cd2b2f6851e125ebe967c03331e2c7bb142d1bd978e8e475fd3780a.json', 'mafdb_f918c820d318d5721f6a01c5e5f1bcf93d25c754add42dfe159109e02e35ab0a.json']\n",
        "ingestionTime": 1745278059415,
        "eventId": "38921001189197081999557964262151775026722048105443360801"
    },
    {
        "logStreamName": "2025/04/21/[$LATEST]ae7cf16b6a3f40079f27994aca9bd2fd",
        "timestamp": 1745278054287,
        "message": "[INFO] 2025-04-21T23:27:34GMT MAF_DATABASE_AGGREGATOR RequestId: d8d681fa-0bb9-4145-b26a-c1a91e3f556d\t Duration: 1.3406150001173955 ms\t InputLength: 30\t MaxMaf: 0\t MafDatabase: {}\n",
        "ingestionTime": 1745278059415,
        "eventId": "38921001189241683489955025508434846463267344828455321634"
    },
    {
        "logStreamName": "2025/04/21/[$LATEST]ae7cf16b6a3f40079f27994aca9bd2fd",
        "timestamp": 1745278054287,
        "message": "[INFO]\t2025-04-21T23:27:34.287Z\td8d681fa-0bb9-4145-b26a-c1a91e3f556d\tMAF_DATABASE_AGGREGATOR RequestId: d8d681fa-0bb9-4145-b26a-c1a91e3f556d\t Duration: 1.3406150001173955 ms\t InputLength: 30\t MaxMaf: 0\t MafDatabase: {}\n",
        "ingestionTime": 1745278059415,
        "eventId": "38921001189241683489955025508434846463267344828455321635"
    },
    {
        "logStreamName": "2025/04/21/[$LATEST]ae7cf16b6a3f40079f27994aca9bd2fd",
        "timestamp": 1745278054332,
        "message": "FILE_TRANSFER RequestId: d8d681fa-0bb9-4145-b26a-c1a91e3f556d\t TransferType: produced\t Action: upload_to_s3\t FileName: mafdb_730169ed2146ff68804ffc276fb117aab9e7e82a2454dabe3172d13d46124b13.json\t Bucket: denethor\t FilePath: mafdb/mafdb_730169ed2146ff68804ffc276fb117aab9e7e82a2454dabe3172d13d46124b13.json\t LocalFilePath: /tmp/mafdb/mafdb_730169ed2146ff68804ffc276fb117aab9e7e82a2454dabe3172d13d46124b13.json\t FileSize: 6026 bytes\t TransferDuration: 44.743765000021085 ms\n",
        "ingestionTime": 1745278059415,
        "eventId": "38921001190245217023888903549803953785536521096224440356"
    },
    {
        "logStreamName": "2025/04/21/[$LATEST]ae7cf16b6a3f40079f27994aca9bd2fd",
        "timestamp": 1745278054332,
        "message": "PRODUCED_FILES_INFO RequestId: d8d681fa-0bb9-4145-b26a-c1a91e3f556d\t FilesCount: 1 files\t FilesSize: 6026 bytes\t TransferDuration: 44.743765000021085 ms\t Provider: aws_lambda\t  ProducedFiles: ['mafdb_730169ed2146ff68804ffc276fb117aab9e7e82a2454dabe3172d13d46124b13.json']\n",
        "ingestionTime": 1745278059415,
        "eventId": "38921001190245217023888903549803953785536521096224440357"
    },
    {
        "logStreamName": "2025/04/21/[$LATEST]ae7cf16b6a3f40079f27994aca9bd2fd",
        "timestamp": 1745278054333,
        "message": "END RequestId: d8d681fa-0bb9-4145-b26a-c1a91e3f556d\n",
        "ingestionTime": 1745278059415,
        "eventId": "38921001190267517769087434172945489503809169457730420774"
    },
    {
        "logStreamName": "2025/04/21/[$LATEST]ae7cf16b6a3f40079f27994aca9bd2fd",
        "timestamp": 1745278054333,
        "message": "REPORT RequestId: d8d681fa-0bb9-4145-b26a-c1a91e3f556d\tDuration: 1420.88 ms\tBilled Duration: 1421 ms\tMemory Size: 1024 MB\tMax Memory Used: 107 MB\tInit Duration: 826.13 ms\t\n",
        "ingestionTime": 1745278059415,
        "eventId": "38921001190267517769087434172945489503809169457730420775"
    }
]