[
    {
        "logStreamName": "2025/04/21/[$LATEST]bacb35bf5faf484ab215fb702bbfcaac",
        "timestamp": 1745267648855,
        "message": "INIT_START Runtime Version: python:3.10.v64\tRuntime Version ARN: arn:aws:lambda:sa-east-1::runtime:d56bdc8857b2109a058de2ab50bfb80ac2aa600be6f7855a436859944e5fe54b\n",
        "ingestionTime": 1745267654433,
        "eventId": "38920769140353970853055996053291365835660708729756450816"
    },
    {
        "logStreamName": "2025/04/21/[$LATEST]bacb35bf5faf484ab215fb702bbfcaac",
        "timestamp": 1745267649699,
        "message": "START RequestId: 4895f811-dc99-4b32-a525-1807051ea694 Version: $LATEST\n",
        "ingestionTime": 1745267654433,
        "eventId": "38920769159175799800615841984747512057775925840803921921"
    },
    {
        "logStreamName": "2025/04/21/[$LATEST]bacb35bf5faf484ab215fb702bbfcaac",
        "timestamp": 1745267649700,
        "message": "Directory /tmp/input was created!\n",
        "ingestionTime": 1745267654433,
        "eventId": "38920769159198100545814372607889047776048574202309902338"
    },
    {
        "logStreamName": "2025/04/21/[$LATEST]bacb35bf5faf484ab215fb702bbfcaac",
        "timestamp": 1745267649700,
        "message": "Directory /tmp/tree was created!\n",
        "ingestionTime": 1745267654433,
        "eventId": "38920769159198100545814372607889047776048574202309902339"
    },
    {
        "logStreamName": "2025/04/21/[$LATEST]bacb35bf5faf484ab215fb702bbfcaac",
        "timestamp": 1745267649802,
        "message": "FILE_TRANSFER RequestId: 4895f811-dc99-4b32-a525-1807051ea694\t TransferType: consumed\t Action: download_from_s3\t FileName: ORTHOMCL537\t Bucket: denethor\t FilePath: data/full_dataset/ORTHOMCL537\t LocalFilePath: /tmp/input/ORTHOMCL537\t FileSize: 4336 bytes\t TransferDuration: 102.1112969999649 ms\n",
        "ingestionTime": 1745267654433,
        "eventId": "38920769161472776556064496168325691039858707075919904772"
    },
    {
        "logStreamName": "2025/04/21/[$LATEST]bacb35bf5faf484ab215fb702bbfcaac",
        "timestamp": 1745267649802,
        "message": "CONSUMED_FILES_INFO RequestId: 4895f811-dc99-4b32-a525-1807051ea694\t FilesCount: 1 files\t FilesSize: 4336 bytes\t TransferDuration: 102.1112969999649 ms\t ConsumedFiles: ['ORTHOMCL537']\n",
        "ingestionTime": 1745267654433,
        "eventId": "38920769161472776556064496168325691039858707075919904773"
    },
    {
        "logStreamName": "2025/04/21/[$LATEST]bacb35bf5faf484ab215fb702bbfcaac",
        "timestamp": 1745267649919,
        "message": "[INFO]\t2025-04-21T20:34:09.919Z\t4895f811-dc99-4b32-a525-1807051ea694\tTREE_CONSTRUCTOR RequestId: 4895f811-dc99-4b32-a525-1807051ea694\t Duration: 116.6034480000917 ms\t InputFile:ORTHOMCL537\t OutputFile:['tree_ORTHOMCL537.nexus']\n",
        "ingestionTime": 1745267654433,
        "eventId": "38920769164081963744292579075885370077758565372119613446"
    },
    {
        "logStreamName": "2025/04/21/[$LATEST]bacb35bf5faf484ab215fb702bbfcaac",
        "timestamp": 1745267649919,
        "message": "[INFO] 2025-04-21T20:34:09GMT TREE_CONSTRUCTOR RequestId: 4895f811-dc99-4b32-a525-1807051ea694\t Duration: 116.6034480000917 ms\t InputFile:ORTHOMCL537\t OutputFile:['tree_ORTHOMCL537.nexus']\n",
        "ingestionTime": 1745267654433,
        "eventId": "38920769164081963744292579075885370077758565372119613447"
    },
    {
        "logStreamName": "2025/04/21/[$LATEST]bacb35bf5faf484ab215fb702bbfcaac",
        "timestamp": 1745267650066,
        "message": "FILE_TRANSFER RequestId: 4895f811-dc99-4b32-a525-1807051ea694\t TransferType: produced\t Action: upload_to_s3\t FileName: tree_ORTHOMCL537.nexus\t Bucket: denethor\t FilePath: tree/tree_ORTHOMCL537.nexus\t LocalFilePath: /tmp/tree/tree_ORTHOMCL537.nexus\t FileSize: 461 bytes\t TransferDuration: 46.44093600006727 ms\n",
        "ingestionTime": 1745267654433,
        "eventId": "38920769167360173288476580677691120663837874513498734600"
    },
    {
        "logStreamName": "2025/04/21/[$LATEST]bacb35bf5faf484ab215fb702bbfcaac",
        "timestamp": 1745267650066,
        "message": "PRODUCED_FILES_INFO RequestId: 4895f811-dc99-4b32-a525-1807051ea694\t FilesCount: 1 files\t FilesSize: 461 bytes\t TransferDuration: 46.44093600006727 ms\t Provider: aws_lambda\t  ProducedFiles: ['tree_ORTHOMCL537.nexus']\n",
        "ingestionTime": 1745267654433,
        "eventId": "38920769167360173288476580677691120663837874513498734601"
    },
    {
        "logStreamName": "2025/04/21/[$LATEST]bacb35bf5faf484ab215fb702bbfcaac",
        "timestamp": 1745267650068,
        "message": "END RequestId: 4895f811-dc99-4b32-a525-1807051ea694\n",
        "ingestionTime": 1745267654433,
        "eventId": "38920769167404774778873641923974192100383171236510695434"
    },
    {
        "logStreamName": "2025/04/21/[$LATEST]bacb35bf5faf484ab215fb702bbfcaac",
        "timestamp": 1745267650068,
        "message": "REPORT RequestId: 4895f811-dc99-4b32-a525-1807051ea694\tDuration: 368.98 ms\tBilled Duration: 369 ms\tMemory Size: 512 MB\tMax Memory Used: 111 MB\tInit Duration: 843.28 ms\t\n",
        "ingestionTime": 1745267654433,
        "eventId": "38920769167404774778873641923974192100383171236510695435"
    },
    {
        "logStreamName": "2025/04/21/[$LATEST]bacb35bf5faf484ab215fb702bbfcaac",
        "timestamp": 1745267650304,
        "message": "START RequestId: 1030d736-a94e-49d4-82ec-d641fd092350 Version: $LATEST\n",
        "ingestionTime": 1745267654433,
        "eventId": "38920769172667750645726868985376621612728184551922073612"
    },
    {
        "logStreamName": "2025/04/21/[$LATEST]bacb35bf5faf484ab215fb702bbfcaac",
        "timestamp": 1745267650367,
        "message": "FILE_TRANSFER RequestId: 1030d736-a94e-49d4-82ec-d641fd092350\t TransferType: consumed\t Action: download_from_s3\t FileName: ORTHOMCL581\t Bucket: denethor\t FilePath: data/full_dataset/ORTHOMCL581\t LocalFilePath: /tmp/input/ORTHOMCL581\t FileSize: 4561 bytes\t TransferDuration: 62.32760700004292 ms\n",
        "ingestionTime": 1745267654433,
        "eventId": "38920769174072697593234298243293371863905031326798839821"
    },
    {
        "logStreamName": "2025/04/21/[$LATEST]bacb35bf5faf484ab215fb702bbfcaac",
        "timestamp": 1745267650367,
        "message": "CONSUMED_FILES_INFO RequestId: 1030d736-a94e-49d4-82ec-d641fd092350\t FilesCount: 1 files\t FilesSize: 4561 bytes\t TransferDuration: 62.32760700004292 ms\t ConsumedFiles: ['ORTHOMCL581']\n",
        "ingestionTime": 1745267654433,
        "eventId": "38920769174072697593234298243293371863905031326798839822"
    },
    {
        "logStreamName": "2025/04/21/[$LATEST]bacb35bf5faf484ab215fb702bbfcaac",
        "timestamp": 1745267650537,
        "message": "[INFO]\t2025-04-21T20:34:10.536Z\t1030d736-a94e-49d4-82ec-d641fd092350\tTREE_CONSTRUCTOR RequestId: 1030d736-a94e-49d4-82ec-d641fd092350\t Duration: 169.12374799994723 ms\t InputFile:ORTHOMCL581\t OutputFile:['tree_ORTHOMCL581.nexus']\n",
        "ingestionTime": 1745267654433,
        "eventId": "38920769177863824276984504177354443970255252782815510543"
    },
    {
        "logStreamName": "2025/04/21/[$LATEST]bacb35bf5faf484ab215fb702bbfcaac",
        "timestamp": 1745267650537,
        "message": "[INFO] 2025-04-21T20:34:10GMT TREE_CONSTRUCTOR RequestId: 1030d736-a94e-49d4-82ec-d641fd092350\t Duration: 169.12374799994723 ms\t InputFile:ORTHOMCL581\t OutputFile:['tree_ORTHOMCL581.nexus']\n",
        "ingestionTime": 1745267654433,
        "eventId": "38920769177863824276984504177354443970255252782815510544"
    },
    {
        "logStreamName": "2025/04/21/[$LATEST]bacb35bf5faf484ab215fb702bbfcaac",
        "timestamp": 1745267650675,
        "message": "FILE_TRANSFER RequestId: 1030d736-a94e-49d4-82ec-d641fd092350\t TransferType: produced\t Action: upload_to_s3\t FileName: tree_ORTHOMCL581.nexus\t Bucket: denethor\t FilePath: tree/tree_ORTHOMCL581.nexus\t LocalFilePath: /tmp/tree/tree_ORTHOMCL581.nexus\t FileSize: 455 bytes\t TransferDuration: 38.18572000000131 ms\n",
        "ingestionTime": 1745267654433,
        "eventId": "38920769180941327114381730170886373091880726670640807953"
    },
    {
        "logStreamName": "2025/04/21/[$LATEST]bacb35bf5faf484ab215fb702bbfcaac",
        "timestamp": 1745267650675,
        "message": "PRODUCED_FILES_INFO RequestId: 1030d736-a94e-49d4-82ec-d641fd092350\t FilesCount: 1 files\t FilesSize: 455 bytes\t TransferDuration: 38.18572000000131 ms\t Provider: aws_lambda\t  ProducedFiles: ['tree_ORTHOMCL581.nexus']\n",
        "ingestionTime": 1745267654433,
        "eventId": "38920769180941327114381730170886373091880726670640807954"
    },
    {
        "logStreamName": "2025/04/21/[$LATEST]bacb35bf5faf484ab215fb702bbfcaac",
        "timestamp": 1745267650676,
        "message": "END RequestId: 1030d736-a94e-49d4-82ec-d641fd092350\n",
        "ingestionTime": 1745267654433,
        "eventId": "38920769180963627859580260794027908810153375032146788371"
    },
    {
        "logStreamName": "2025/04/21/[$LATEST]bacb35bf5faf484ab215fb702bbfcaac",
        "timestamp": 1745267650676,
        "message": "REPORT RequestId: 1030d736-a94e-49d4-82ec-d641fd092350\tDuration: 371.86 ms\tBilled Duration: 372 ms\tMemory Size: 512 MB\tMax Memory Used: 112 MB\t\n",
        "ingestionTime": 1745267654433,
        "eventId": "38920769180963627859580260794027908810153375032146788372"
    },
    {
        "logStreamName": "2025/04/21/[$LATEST]bacb35bf5faf484ab215fb702bbfcaac",
        "timestamp": 1745267650807,
        "message": "START RequestId: cd3bde80-2390-4efa-9293-6ffed2319be1 Version: $LATEST\n",
        "ingestionTime": 1745267654433,
        "eventId": "38920769183885025480587772425569087903870310389430222869"
    },
    {
        "logStreamName": "2025/04/21/[$LATEST]bacb35bf5faf484ab215fb702bbfcaac",
        "timestamp": 1745267650861,
        "message": "FILE_TRANSFER RequestId: cd3bde80-2390-4efa-9293-6ffed2319be1\t TransferType: consumed\t Action: download_from_s3\t FileName: ORTHOMCL755\t Bucket: denethor\t FilePath: data/full_dataset/ORTHOMCL755\t LocalFilePath: /tmp/input/ORTHOMCL755\t FileSize: 4474 bytes\t TransferDuration: 53.34927100000186 ms\n",
        "ingestionTime": 1745267654433,
        "eventId": "38920769185089265721308426075212016690593321910753165334"
    },
    {
        "logStreamName": "2025/04/21/[$LATEST]bacb35bf5faf484ab215fb702bbfcaac",
        "timestamp": 1745267650861,
        "message": "CONSUMED_FILES_INFO RequestId: cd3bde80-2390-4efa-9293-6ffed2319be1\t FilesCount: 1 files\t FilesSize: 4474 bytes\t TransferDuration: 53.34927100000186 ms\t ConsumedFiles: ['ORTHOMCL755']\n",
        "ingestionTime": 1745267654433,
        "eventId": "38920769185089265721308426075212016690593321910753165335"
    },
    {
        "logStreamName": "2025/04/21/[$LATEST]bacb35bf5faf484ab215fb702bbfcaac",
        "timestamp": 1745267650999,
        "message": "[INFO]\t2025-04-21T20:34:10.999Z\tcd3bde80-2390-4efa-9293-6ffed2319be1\tTREE_CONSTRUCTOR RequestId: cd3bde80-2390-4efa-9293-6ffed2319be1\t Duration: 138.0372639999905 ms\t InputFile:ORTHOMCL755\t OutputFile:['tree_ORTHOMCL755.nexus']\n",
        "ingestionTime": 1745267654433,
        "eventId": "38920769188166768558705652068743945812218795798578462744"
    },
    {
        "logStreamName": "2025/04/21/[$LATEST]bacb35bf5faf484ab215fb702bbfcaac",
        "timestamp": 1745267650999,
        "message": "[INFO] 2025-04-21T20:34:10GMT TREE_CONSTRUCTOR RequestId: cd3bde80-2390-4efa-9293-6ffed2319be1\t Duration: 138.0372639999905 ms\t InputFile:ORTHOMCL755\t OutputFile:['tree_ORTHOMCL755.nexus']\n",
        "ingestionTime": 1745267654433,
        "eventId": "38920769188166768558705652068743945812218795798578462745"
    },
    {
        "logStreamName": "2025/04/21/[$LATEST]bacb35bf5faf484ab215fb702bbfcaac",
        "timestamp": 1745267651144,
        "message": "FILE_TRANSFER RequestId: cd3bde80-2390-4efa-9293-6ffed2319be1\t TransferType: produced\t Action: upload_to_s3\t FileName: tree_ORTHOMCL755.nexus\t Bucket: denethor\t FilePath: tree/tree_ORTHOMCL755.nexus\t LocalFilePath: /tmp/tree/tree_ORTHOMCL755.nexus\t FileSize: 407 bytes\t TransferDuration: 44.499624000081894 ms\n",
        "ingestionTime": 1745267654433,
        "eventId": "38920769191400376612492592424266624961752808216945623066"
    },
    {
        "logStreamName": "2025/04/21/[$LATEST]bacb35bf5faf484ab215fb702bbfcaac",
        "timestamp": 1745267651144,
        "message": "PRODUCED_FILES_INFO RequestId: cd3bde80-2390-4efa-9293-6ffed2319be1\t FilesCount: 1 files\t FilesSize: 407 bytes\t TransferDuration: 44.499624000081894 ms\t Provider: aws_lambda\t  ProducedFiles: ['tree_ORTHOMCL755.nexus']\n",
        "ingestionTime": 1745267654433,
        "eventId": "38920769191400376612492592424266624961752808216945623067"
    },
    {
        "logStreamName": "2025/04/21/[$LATEST]bacb35bf5faf484ab215fb702bbfcaac",
        "timestamp": 1745267651145,
        "message": "END RequestId: cd3bde80-2390-4efa-9293-6ffed2319be1\n",
        "ingestionTime": 1745267654433,
        "eventId": "38920769191422677357691123047408160680025456578451603484"
    },
    {
        "logStreamName": "2025/04/21/[$LATEST]bacb35bf5faf484ab215fb702bbfcaac",
        "timestamp": 1745267651145,
        "message": "REPORT RequestId: cd3bde80-2390-4efa-9293-6ffed2319be1\tDuration: 338.32 ms\tBilled Duration: 339 ms\tMemory Size: 512 MB\tMax Memory Used: 112 MB\t\n",
        "ingestionTime": 1745267654433,
        "eventId": "38920769191422677357691123047408160680025456578451603485"
    },
    {
        "logStreamName": "2025/04/21/[$LATEST]bacb35bf5faf484ab215fb702bbfcaac",
        "timestamp": 1745267651312,
        "message": "START RequestId: 069eba63-8770-4556-b65d-50c82186a0a5 Version: $LATEST\n",
        "ingestionTime": 1745267654433,
        "eventId": "38920769195146901805845737112044625631557732949950332958"
    },
    {
        "logStreamName": "2025/04/21/[$LATEST]bacb35bf5faf484ab215fb702bbfcaac",
        "timestamp": 1745267651370,
        "message": "FILE_TRANSFER RequestId: 069eba63-8770-4556-b65d-50c82186a0a5\t TransferType: consumed\t Action: download_from_s3\t FileName: ORTHOMCL833\t Bucket: denethor\t FilePath: data/full_dataset/ORTHOMCL833\t LocalFilePath: /tmp/input/ORTHOMCL833\t FileSize: 3262 bytes\t TransferDuration: 56.72243200001503 ms\n",
        "ingestionTime": 1745267654433,
        "eventId": "38920769196440345027360513254253697291371337917297197087"
    },
    {
        "logStreamName": "2025/04/21/[$LATEST]bacb35bf5faf484ab215fb702bbfcaac",
        "timestamp": 1745267651370,
        "message": "CONSUMED_FILES_INFO RequestId: 069eba63-8770-4556-b65d-50c82186a0a5\t FilesCount: 1 files\t FilesSize: 3262 bytes\t TransferDuration: 56.72243200001503 ms\t ConsumedFiles: ['ORTHOMCL833']\n",
        "ingestionTime": 1745267654433,
        "eventId": "38920769196440345027360513254253697291371337917297197088"
    },
    {
        "logStreamName": "2025/04/21/[$LATEST]bacb35bf5faf484ab215fb702bbfcaac",
        "timestamp": 1745267651478,
        "message": "[INFO]\t2025-04-21T20:34:11.478Z\t069eba63-8770-4556-b65d-50c82186a0a5\tTREE_CONSTRUCTOR RequestId: 069eba63-8770-4556-b65d-50c82186a0a5\t Duration: 108.28680199983864 ms\t InputFile:ORTHOMCL833\t OutputFile:['tree_ORTHOMCL833.nexus']\n",
        "ingestionTime": 1745267654433,
        "eventId": "38920769198848825508801820553539554864817360959943082017"
    },
    {
        "logStreamName": "2025/04/21/[$LATEST]bacb35bf5faf484ab215fb702bbfcaac",
        "timestamp": 1745267651478,
        "message": "[INFO] 2025-04-21T20:34:11GMT TREE_CONSTRUCTOR RequestId: 069eba63-8770-4556-b65d-50c82186a0a5\t Duration: 108.28680199983864 ms\t InputFile:ORTHOMCL833\t OutputFile:['tree_ORTHOMCL833.nexus']\n",
        "ingestionTime": 1745267654433,
        "eventId": "38920769198848825508801820553539554864817360959943082018"
    },
    {
        "logStreamName": "2025/04/21/[$LATEST]bacb35bf5faf484ab215fb702bbfcaac",
        "timestamp": 1745267651623,
        "message": "FILE_TRANSFER RequestId: 069eba63-8770-4556-b65d-50c82186a0a5\t TransferType: produced\t Action: upload_to_s3\t FileName: tree_ORTHOMCL833.nexus\t Bucket: denethor\t FilePath: tree/tree_ORTHOMCL833.nexus\t LocalFilePath: /tmp/tree/tree_ORTHOMCL833.nexus\t FileSize: 397 bytes\t TransferDuration: 44.54675400006636 ms\n",
        "ingestionTime": 1745267654433,
        "eventId": "38920769202082433562588760909062234014351373378310242339"
    },
    {
        "logStreamName": "2025/04/21/[$LATEST]bacb35bf5faf484ab215fb702bbfcaac",
        "timestamp": 1745267651623,
        "message": "PRODUCED_FILES_INFO RequestId: 069eba63-8770-4556-b65d-50c82186a0a5\t FilesCount: 1 files\t FilesSize: 397 bytes\t TransferDuration: 44.54675400006636 ms\t Provider: aws_lambda\t  ProducedFiles: ['tree_ORTHOMCL833.nexus']\n",
        "ingestionTime": 1745267654433,
        "eventId": "38920769202082433562588760909062234014351373378310242340"
    },
    {
        "logStreamName": "2025/04/21/[$LATEST]bacb35bf5faf484ab215fb702bbfcaac",
        "timestamp": 1745267651624,
        "message": "END RequestId: 069eba63-8770-4556-b65d-50c82186a0a5\n",
        "ingestionTime": 1745267654433,
        "eventId": "38920769202104734307787291532203769732624021739816222757"
    },
    {
        "logStreamName": "2025/04/21/[$LATEST]bacb35bf5faf484ab215fb702bbfcaac",
        "timestamp": 1745267651624,
        "message": "REPORT RequestId: 069eba63-8770-4556-b65d-50c82186a0a5\tDuration: 311.85 ms\tBilled Duration: 312 ms\tMemory Size: 512 MB\tMax Memory Used: 113 MB\t\n",
        "ingestionTime": 1745267654433,
        "eventId": "38920769202104734307787291532203769732624021739816222758"
    },
    {
        "logStreamName": "2025/04/21/[$LATEST]bacb35bf5faf484ab215fb702bbfcaac",
        "timestamp": 1745267651767,
        "message": "START RequestId: 7e6c9ba1-b3b5-4942-b421-9e9dfc945d1b Version: $LATEST\n",
        "ingestionTime": 1745267654433,
        "eventId": "38920769205293740871177170641443377445612737435171422247"
    },
    {
        "logStreamName": "2025/04/21/[$LATEST]bacb35bf5faf484ab215fb702bbfcaac",
        "timestamp": 1745267651822,
        "message": "FILE_TRANSFER RequestId: 7e6c9ba1-b3b5-4942-b421-9e9dfc945d1b\t TransferType: consumed\t Action: download_from_s3\t FileName: ORTHOMCL866\t Bucket: denethor\t FilePath: data/full_dataset/ORTHOMCL866\t LocalFilePath: /tmp/input/ORTHOMCL866\t FileSize: 3655 bytes\t TransferDuration: 54.07976099991174 ms\n",
        "ingestionTime": 1745267654433,
        "eventId": "38920769206520281857096354914227841950608397318000345128"
    },
    {
        "logStreamName": "2025/04/21/[$LATEST]bacb35bf5faf484ab215fb702bbfcaac",
        "timestamp": 1745267651822,
        "message": "CONSUMED_FILES_INFO RequestId: 7e6c9ba1-b3b5-4942-b421-9e9dfc945d1b\t FilesCount: 1 files\t FilesSize: 3655 bytes\t TransferDuration: 54.07976099991174 ms\t ConsumedFiles: ['ORTHOMCL866']\n",
        "ingestionTime": 1745267654433,
        "eventId": "38920769206520281857096354914227841950608397318000345129"
    },
    {
        "logStreamName": "2025/04/21/[$LATEST]bacb35bf5faf484ab215fb702bbfcaac",
        "timestamp": 1745267651938,
        "message": "[INFO]\t2025-04-21T20:34:11.938Z\t7e6c9ba1-b3b5-4942-b421-9e9dfc945d1b\tTREE_CONSTRUCTOR RequestId: 7e6c9ba1-b3b5-4942-b421-9e9dfc945d1b\t Duration: 115.63472800003183 ms\t InputFile:ORTHOMCL866\t OutputFile:['tree_ORTHOMCL866.nexus']\n",
        "ingestionTime": 1745267654433,
        "eventId": "38920769209107168300125907198645985270235607252694073386"
    },
    {
        "logStreamName": "2025/04/21/[$LATEST]bacb35bf5faf484ab215fb702bbfcaac",
        "timestamp": 1745267651938,
        "message": "[INFO] 2025-04-21T20:34:11GMT TREE_CONSTRUCTOR RequestId: 7e6c9ba1-b3b5-4942-b421-9e9dfc945d1b\t Duration: 115.63472800003183 ms\t InputFile:ORTHOMCL866\t OutputFile:['tree_ORTHOMCL866.nexus']\n",
        "ingestionTime": 1745267654433,
        "eventId": "38920769209107168300125907198645985270235607252694073387"
    },
    {
        "logStreamName": "2025/04/21/[$LATEST]bacb35bf5faf484ab215fb702bbfcaac",
        "timestamp": 1745267652073,
        "message": "FILE_TRANSFER RequestId: 7e6c9ba1-b3b5-4942-b421-9e9dfc945d1b\t TransferType: produced\t Action: upload_to_s3\t FileName: tree_ORTHOMCL866.nexus\t Bucket: denethor\t FilePath: tree/tree_ORTHOMCL866.nexus\t LocalFilePath: /tmp/tree/tree_ORTHOMCL866.nexus\t FileSize: 403 bytes\t TransferDuration: 34.576256000036665 ms\n",
        "ingestionTime": 1745267654433,
        "eventId": "38920769212117768901927541322753307237043136056001429548"
    },
    {
        "logStreamName": "2025/04/21/[$LATEST]bacb35bf5faf484ab215fb702bbfcaac",
        "timestamp": 1745267652073,
        "message": "PRODUCED_FILES_INFO RequestId: 7e6c9ba1-b3b5-4942-b421-9e9dfc945d1b\t FilesCount: 1 files\t FilesSize: 403 bytes\t TransferDuration: 34.576256000036665 ms\t Provider: aws_lambda\t  ProducedFiles: ['tree_ORTHOMCL866.nexus']\n",
        "ingestionTime": 1745267654433,
        "eventId": "38920769212117768901927541322753307237043136056001429549"
    },
    {
        "logStreamName": "2025/04/21/[$LATEST]bacb35bf5faf484ab215fb702bbfcaac",
        "timestamp": 1745267652074,
        "message": "END RequestId: 7e6c9ba1-b3b5-4942-b421-9e9dfc945d1b\n",
        "ingestionTime": 1745267654433,
        "eventId": "38920769212140069647126071945894842955315784417507409966"
    },
    {
        "logStreamName": "2025/04/21/[$LATEST]bacb35bf5faf484ab215fb702bbfcaac",
        "timestamp": 1745267652074,
        "message": "REPORT RequestId: 7e6c9ba1-b3b5-4942-b421-9e9dfc945d1b\tDuration: 306.51 ms\tBilled Duration: 307 ms\tMemory Size: 512 MB\tMax Memory Used: 113 MB\t\n",
        "ingestionTime": 1745267654433,
        "eventId": "38920769212140069647126071945894842955315784417507409967"
    },
    {
        "logStreamName": "2025/04/21/[$LATEST]bacb35bf5faf484ab215fb702bbfcaac",
        "timestamp": 1745267652244,
        "message": "START RequestId: 411776e8-527f-4404-95be-3f152e4bfeb7 Version: $LATEST\n",
        "ingestionTime": 1745267654433,
        "eventId": "38920769215931196330876277879955915061666005873524080688"
    },
    {
        "logStreamName": "2025/04/21/[$LATEST]bacb35bf5faf484ab215fb702bbfcaac",
        "timestamp": 1745267652293,
        "message": "FILE_TRANSFER RequestId: 411776e8-527f-4404-95be-3f152e4bfeb7\t TransferType: consumed\t Action: download_from_s3\t FileName: ORTHOMCL989\t Bucket: denethor\t FilePath: data/full_dataset/ORTHOMCL989\t LocalFilePath: /tmp/input/ORTHOMCL989\t FileSize: 3930 bytes\t TransferDuration: 48.99711699999898 ms\n",
        "ingestionTime": 1745267654433,
        "eventId": "38920769217023932845604278413891165257025775587317121073"
    },
    {
        "logStreamName": "2025/04/21/[$LATEST]bacb35bf5faf484ab215fb702bbfcaac",
        "timestamp": 1745267652293,
        "message": "CONSUMED_FILES_INFO RequestId: 411776e8-527f-4404-95be-3f152e4bfeb7\t FilesCount: 1 files\t FilesSize: 3930 bytes\t TransferDuration: 48.99711699999898 ms\t ConsumedFiles: ['ORTHOMCL989']\n",
        "ingestionTime": 1745267654433,
        "eventId": "38920769217023932845604278413891165257025775587317121074"
    },
    {
        "logStreamName": "2025/04/21/[$LATEST]bacb35bf5faf484ab215fb702bbfcaac",
        "timestamp": 1745267652416,
        "message": "[INFO]\t2025-04-21T20:34:12.416Z\t411776e8-527f-4404-95be-3f152e4bfeb7\tTREE_CONSTRUCTOR RequestId: 411776e8-527f-4404-95be-3f152e4bfeb7\t Duration: 122.75767300002371 ms\t InputFile:ORTHOMCL989\t OutputFile:['tree_ORTHOMCL989.nexus']\n",
        "ingestionTime": 1745267654433,
        "eventId": "38920769219766924505023545060300058604561524052552712243"
    },
    {
        "logStreamName": "2025/04/21/[$LATEST]bacb35bf5faf484ab215fb702bbfcaac",
        "timestamp": 1745267652416,
        "message": "[INFO] 2025-04-21T20:34:12GMT TREE_CONSTRUCTOR RequestId: 411776e8-527f-4404-95be-3f152e4bfeb7\t Duration: 122.75767300002371 ms\t InputFile:ORTHOMCL989\t OutputFile:['tree_ORTHOMCL989.nexus']\n",
        "ingestionTime": 1745267654433,
        "eventId": "38920769219766924505023545060300058604561524052552712244"
    },
    {
        "logStreamName": "2025/04/21/[$LATEST]bacb35bf5faf484ab215fb702bbfcaac",
        "timestamp": 1745267652560,
        "message": "FILE_TRANSFER RequestId: 411776e8-527f-4404-95be-3f152e4bfeb7\t TransferType: produced\t Action: upload_to_s3\t FileName: tree_ORTHOMCL989.nexus\t Bucket: denethor\t FilePath: tree/tree_ORTHOMCL989.nexus\t LocalFilePath: /tmp/tree/tree_ORTHOMCL989.nexus\t FileSize: 407 bytes\t TransferDuration: 43.49380299981931 ms\n",
        "ingestionTime": 1745267654433,
        "eventId": "38920769222978231813611954792681202035822888109413892149"
    },
    {
        "logStreamName": "2025/04/21/[$LATEST]bacb35bf5faf484ab215fb702bbfcaac",
        "timestamp": 1745267652560,
        "message": "PRODUCED_FILES_INFO RequestId: 411776e8-527f-4404-95be-3f152e4bfeb7\t FilesCount: 1 files\t FilesSize: 407 bytes\t TransferDuration: 43.49380299981931 ms\t Provider: aws_lambda\t  ProducedFiles: ['tree_ORTHOMCL989.nexus']\n",
        "ingestionTime": 1745267654433,
        "eventId": "38920769222978231813611954792681202035822888109413892150"
    },
    {
        "logStreamName": "2025/04/21/[$LATEST]bacb35bf5faf484ab215fb702bbfcaac",
        "timestamp": 1745267652561,
        "message": "END RequestId: 411776e8-527f-4404-95be-3f152e4bfeb7\n",
        "ingestionTime": 1745267654433,
        "eventId": "38920769223000532558810485415822737754095536470919872567"
    },
    {
        "logStreamName": "2025/04/21/[$LATEST]bacb35bf5faf484ab215fb702bbfcaac",
        "timestamp": 1745267652561,
        "message": "REPORT RequestId: 411776e8-527f-4404-95be-3f152e4bfeb7\tDuration: 317.56 ms\tBilled Duration: 318 ms\tMemory Size: 512 MB\tMax Memory Used: 113 MB\t\n",
        "ingestionTime": 1745267654433,
        "eventId": "38920769223000532558810485415822737754095536470919872568"
    },
    {
        "logStreamName": "2025/04/21/[$LATEST]bacb35bf5faf484ab215fb702bbfcaac",
        "timestamp": 1745267652706,
        "message": "START RequestId: 612e3400-f12c-460c-91ed-a53b5ebb45dc Version: $LATEST\n",
        "ingestionTime": 1745267654433,
        "eventId": "38920769226234140612597425771345416903629548889287032889"
    },
    {
        "logStreamName": "2025/04/21/[$LATEST]bacb35bf5faf484ab215fb702bbfcaac",
        "timestamp": 1745267652743,
        "message": "FILE_TRANSFER RequestId: 612e3400-f12c-460c-91ed-a53b5ebb45dc\t TransferType: consumed\t Action: download_from_s3\t FileName: ORTHOMCL1005\t Bucket: denethor\t FilePath: data/full_dataset/ORTHOMCL1005\t LocalFilePath: /tmp/input/ORTHOMCL1005\t FileSize: 4803 bytes\t TransferDuration: 37.01832800015836 ms\n",
        "ingestionTime": 1745267654433,
        "eventId": "38920769227059268184943058827582238479717538265008308282"
    },
    {
        "logStreamName": "2025/04/21/[$LATEST]bacb35bf5faf484ab215fb702bbfcaac",
        "timestamp": 1745267652743,
        "message": "CONSUMED_FILES_INFO RequestId: 612e3400-f12c-460c-91ed-a53b5ebb45dc\t FilesCount: 1 files\t FilesSize: 4803 bytes\t TransferDuration: 37.01832800015836 ms\t ConsumedFiles: ['ORTHOMCL1005']\n",
        "ingestionTime": 1745267654433,
        "eventId": "38920769227059268184943058827582238479717538265008308283"
    },
    {
        "logStreamName": "2025/04/21/[$LATEST]bacb35bf5faf484ab215fb702bbfcaac",
        "timestamp": 1745267652963,
        "message": "[INFO]\t2025-04-21T20:34:12.963Z\t612e3400-f12c-460c-91ed-a53b5ebb45dc\tTREE_CONSTRUCTOR RequestId: 612e3400-f12c-460c-91ed-a53b5ebb45dc\t Duration: 219.29309600000124 ms\t InputFile:ORTHOMCL1005\t OutputFile:['tree_ORTHOMCL1005.nexus']\n",
        "ingestionTime": 1745267654433,
        "eventId": "38920769231965432128619795918720096499700177796323999804"
    },
    {
        "logStreamName": "2025/04/21/[$LATEST]bacb35bf5faf484ab215fb702bbfcaac",
        "timestamp": 1745267652963,
        "message": "[INFO] 2025-04-21T20:34:12GMT TREE_CONSTRUCTOR RequestId: 612e3400-f12c-460c-91ed-a53b5ebb45dc\t Duration: 219.29309600000124 ms\t InputFile:ORTHOMCL1005\t OutputFile:['tree_ORTHOMCL1005.nexus']\n",
        "ingestionTime": 1745267654433,
        "eventId": "38920769231965432128619795918720096499700177796323999805"
    },
    {
        "logStreamName": "2025/04/21/[$LATEST]bacb35bf5faf484ab215fb702bbfcaac",
        "timestamp": 1745267653104,
        "message": "FILE_TRANSFER RequestId: 612e3400-f12c-460c-91ed-a53b5ebb45dc\t TransferType: produced\t Action: upload_to_s3\t FileName: tree_ORTHOMCL1005.nexus\t Bucket: denethor\t FilePath: tree/tree_ORTHOMCL1005.nexus\t LocalFilePath: /tmp/tree/tree_ORTHOMCL1005.nexus\t FileSize: 405 bytes\t TransferDuration: 40.433379999967656 ms\n",
        "ingestionTime": 1745267654433,
        "eventId": "38920769235109837201612613781676632776143596768667238462"
    },
    {
        "logStreamName": "2025/04/21/[$LATEST]bacb35bf5faf484ab215fb702bbfcaac",
        "timestamp": 1745267653104,
        "message": "PRODUCED_FILES_INFO RequestId: 612e3400-f12c-460c-91ed-a53b5ebb45dc\t FilesCount: 1 files\t FilesSize: 405 bytes\t TransferDuration: 40.433379999967656 ms\t Provider: aws_lambda\t  ProducedFiles: ['tree_ORTHOMCL1005.nexus']\n",
        "ingestionTime": 1745267654433,
        "eventId": "38920769235109837201612613781676632776143596768667238463"
    },
    {
        "logStreamName": "2025/04/21/[$LATEST]bacb35bf5faf484ab215fb702bbfcaac",
        "timestamp": 1745267653105,
        "message": "END RequestId: 612e3400-f12c-460c-91ed-a53b5ebb45dc\n",
        "ingestionTime": 1745267654433,
        "eventId": "38920769235132137946811144404818168494416245130173218880"
    },
    {
        "logStreamName": "2025/04/21/[$LATEST]bacb35bf5faf484ab215fb702bbfcaac",
        "timestamp": 1745267653105,
        "message": "REPORT RequestId: 612e3400-f12c-460c-91ed-a53b5ebb45dc\tDuration: 399.58 ms\tBilled Duration: 400 ms\tMemory Size: 512 MB\tMax Memory Used: 113 MB\t\n",
        "ingestionTime": 1745267654433,
        "eventId": "38920769235132137946811144404818168494416245130173218881"
    },
    {
        "logStreamName": "2025/04/21/[$LATEST]bacb35bf5faf484ab215fb702bbfcaac",
        "timestamp": 1745267653262,
        "message": "START RequestId: 8a2cd2f1-28f2-4c0b-bf3c-1e05b569362e Version: $LATEST\n",
        "ingestionTime": 1745267654433,
        "eventId": "38920769238633354942980452238039276263222037886612144194"
    },
    {
        "logStreamName": "2025/04/21/[$LATEST]bacb35bf5faf484ab215fb702bbfcaac",
        "timestamp": 1745267653295,
        "message": "FILE_TRANSFER RequestId: 8a2cd2f1-28f2-4c0b-bf3c-1e05b569362e\t TransferType: consumed\t Action: download_from_s3\t FileName: ORTHOMCL1408\t Bucket: denethor\t FilePath: data/full_dataset/ORTHOMCL1408\t LocalFilePath: /tmp/input/ORTHOMCL1408\t FileSize: 2358 bytes\t TransferDuration: 32.40045500001543 ms\n",
        "ingestionTime": 1745267654433,
        "eventId": "38920769239369279534531962801709954966219433816309497923"
    },
    {
        "logStreamName": "2025/04/21/[$LATEST]bacb35bf5faf484ab215fb702bbfcaac",
        "timestamp": 1745267653295,
        "message": "CONSUMED_FILES_INFO RequestId: 8a2cd2f1-28f2-4c0b-bf3c-1e05b569362e\t FilesCount: 1 files\t FilesSize: 2358 bytes\t TransferDuration: 32.40045500001543 ms\t ConsumedFiles: ['ORTHOMCL1408']\n",
        "ingestionTime": 1745267654433,
        "eventId": "38920769239369279534531962801709954966219433816309497924"
    },
    {
        "logStreamName": "2025/04/21/[$LATEST]bacb35bf5faf484ab215fb702bbfcaac",
        "timestamp": 1745267653319,
        "message": "[INFO]\t2025-04-21T20:34:13.319Z\t8a2cd2f1-28f2-4c0b-bf3c-1e05b569362e\tTREE_CONSTRUCTOR RequestId: 8a2cd2f1-28f2-4c0b-bf3c-1e05b569362e\t Duration: 23.273696999922322 ms\t InputFile:ORTHOMCL1408\t OutputFile:['tree_ORTHOMCL1408.nexus']\n",
        "ingestionTime": 1745267654433,
        "eventId": "38920769239904497419296697757106812204762994492453027909"
    },
    {
        "logStreamName": "2025/04/21/[$LATEST]bacb35bf5faf484ab215fb702bbfcaac",
        "timestamp": 1745267653319,
        "message": "[INFO] 2025-04-21T20:34:13GMT TREE_CONSTRUCTOR RequestId: 8a2cd2f1-28f2-4c0b-bf3c-1e05b569362e\t Duration: 23.273696999922322 ms\t InputFile:ORTHOMCL1408\t OutputFile:['tree_ORTHOMCL1408.nexus']\n",
        "ingestionTime": 1745267654433,
        "eventId": "38920769239904497419296697757106812204762994492453027910"
    },
    {
        "logStreamName": "2025/04/21/[$LATEST]bacb35bf5faf484ab215fb702bbfcaac",
        "timestamp": 1745267653459,
        "message": "FILE_TRANSFER RequestId: 8a2cd2f1-28f2-4c0b-bf3c-1e05b569362e\t TransferType: produced\t Action: upload_to_s3\t FileName: tree_ORTHOMCL1408.nexus\t Bucket: denethor\t FilePath: tree/tree_ORTHOMCL1408.nexus\t LocalFilePath: /tmp/tree/tree_ORTHOMCL1408.nexus\t FileSize: 353 bytes\t TransferDuration: 39.91758999995909 ms\n",
        "ingestionTime": 1745267654433,
        "eventId": "38920769243026601747090984996921812762933765103290286151"
    },
    {
        "logStreamName": "2025/04/21/[$LATEST]bacb35bf5faf484ab215fb702bbfcaac",
        "timestamp": 1745267653459,
        "message": "PRODUCED_FILES_INFO RequestId: 8a2cd2f1-28f2-4c0b-bf3c-1e05b569362e\t FilesCount: 1 files\t FilesSize: 353 bytes\t TransferDuration: 39.91758999995909 ms\t Provider: aws_lambda\t  ProducedFiles: ['tree_ORTHOMCL1408.nexus']\n",
        "ingestionTime": 1745267654433,
        "eventId": "38920769243026601747090984996921812762933765103290286152"
    },
    {
        "logStreamName": "2025/04/21/[$LATEST]bacb35bf5faf484ab215fb702bbfcaac",
        "timestamp": 1745267653460,
        "message": "END RequestId: 8a2cd2f1-28f2-4c0b-bf3c-1e05b569362e\n",
        "ingestionTime": 1745267654433,
        "eventId": "38920769243048902492289515620063348481206413464796266569"
    },
    {
        "logStreamName": "2025/04/21/[$LATEST]bacb35bf5faf484ab215fb702bbfcaac",
        "timestamp": 1745267653460,
        "message": "REPORT RequestId: 8a2cd2f1-28f2-4c0b-bf3c-1e05b569362e\tDuration: 197.91 ms\tBilled Duration: 198 ms\tMemory Size: 512 MB\tMax Memory Used: 113 MB\t\n",
        "ingestionTime": 1745267654433,
        "eventId": "38920769243048902492289515620063348481206413464796266570"
    },
    {
        "logStreamName": "2025/04/21/[$LATEST]bacb35bf5faf484ab215fb702bbfcaac",
        "timestamp": 1745267653591,
        "message": "START RequestId: afaecbba-1325-4b88-819a-337579dad549 Version: $LATEST\n",
        "ingestionTime": 1745267654433,
        "eventId": "38920769245970300113297027251604527574923348822079701067"
    },
    {
        "logStreamName": "2025/04/21/[$LATEST]bacb35bf5faf484ab215fb702bbfcaac",
        "timestamp": 1745267653659,
        "message": "FILE_TRANSFER RequestId: afaecbba-1325-4b88-819a-337579dad549\t TransferType: consumed\t Action: download_from_s3\t FileName: ORTHOMCL1491\t Bucket: denethor\t FilePath: data/full_dataset/ORTHOMCL1491\t LocalFilePath: /tmp/input/ORTHOMCL1491\t FileSize: 3740 bytes\t TransferDuration: 67.53713100010827 ms\n",
        "ingestionTime": 1745267654433,
        "eventId": "38920769247486750786797109625228956417463437404486369356"
    },
    {
        "logStreamName": "2025/04/21/[$LATEST]bacb35bf5faf484ab215fb702bbfcaac",
        "timestamp": 1745267653659,
        "message": "CONSUMED_FILES_INFO RequestId: afaecbba-1325-4b88-819a-337579dad549\t FilesCount: 1 files\t FilesSize: 3740 bytes\t TransferDuration: 67.53713100010827 ms\t ConsumedFiles: ['ORTHOMCL1491']\n",
        "ingestionTime": 1745267654433,
        "eventId": "38920769247486750786797109625228956417463437404486369357"
    },
    {
        "logStreamName": "2025/04/21/[$LATEST]bacb35bf5faf484ab215fb702bbfcaac",
        "timestamp": 1745267653682,
        "message": "[INFO]\t2025-04-21T20:34:13.682Z\tafaecbba-1325-4b88-819a-337579dad549\tTREE_CONSTRUCTOR RequestId: afaecbba-1325-4b88-819a-337579dad549\t Duration: 22.8613269998732 ms\t InputFile:ORTHOMCL1491\t OutputFile:['tree_ORTHOMCL1491.nexus']\n",
        "ingestionTime": 1745267654433,
        "eventId": "38920769247999667926363313957484277937734349719123918926"
    },
    {
        "logStreamName": "2025/04/21/[$LATEST]bacb35bf5faf484ab215fb702bbfcaac",
        "timestamp": 1745267653682,
        "message": "[INFO] 2025-04-21T20:34:13GMT TREE_CONSTRUCTOR RequestId: afaecbba-1325-4b88-819a-337579dad549\t Duration: 22.8613269998732 ms\t InputFile:ORTHOMCL1491\t OutputFile:['tree_ORTHOMCL1491.nexus']\n",
        "ingestionTime": 1745267654433,
        "eventId": "38920769247999667926363313957484277937734349719123918927"
    },
    {
        "logStreamName": "2025/04/21/[$LATEST]bacb35bf5faf484ab215fb702bbfcaac",
        "timestamp": 1745267653823,
        "message": "FILE_TRANSFER RequestId: afaecbba-1325-4b88-819a-337579dad549\t TransferType: produced\t Action: upload_to_s3\t FileName: tree_ORTHOMCL1491.nexus\t Bucket: denethor\t FilePath: tree/tree_ORTHOMCL1491.nexus\t LocalFilePath: /tmp/tree/tree_ORTHOMCL1491.nexus\t FileSize: 347 bytes\t TransferDuration: 40.240561000018715 ms\n",
        "ingestionTime": 1745267654433,
        "eventId": "38920769251144072999356131820440814214177768691467157584"
    },
    {
        "logStreamName": "2025/04/21/[$LATEST]bacb35bf5faf484ab215fb702bbfcaac",
        "timestamp": 1745267653823,
        "message": "PRODUCED_FILES_INFO RequestId: afaecbba-1325-4b88-819a-337579dad549\t FilesCount: 1 files\t FilesSize: 347 bytes\t TransferDuration: 40.240561000018715 ms\t Provider: aws_lambda\t  ProducedFiles: ['tree_ORTHOMCL1491.nexus']\n",
        "ingestionTime": 1745267654433,
        "eventId": "38920769251144072999356131820440814214177768691467157585"
    },
    {
        "logStreamName": "2025/04/21/[$LATEST]bacb35bf5faf484ab215fb702bbfcaac",
        "timestamp": 1745267653824,
        "message": "END RequestId: afaecbba-1325-4b88-819a-337579dad549\n",
        "ingestionTime": 1745267654433,
        "eventId": "38920769251166373744554662443582349932450417052973138002"
    },
    {
        "logStreamName": "2025/04/21/[$LATEST]bacb35bf5faf484ab215fb702bbfcaac",
        "timestamp": 1745267653824,
        "message": "REPORT RequestId: afaecbba-1325-4b88-819a-337579dad549\tDuration: 232.97 ms\tBilled Duration: 233 ms\tMemory Size: 512 MB\tMax Memory Used: 113 MB\t\n",
        "ingestionTime": 1745267654433,
        "eventId": "38920769251166373744554662443582349932450417052973138003"
    },
    {
        "logStreamName": "2025/04/21/[$LATEST]bacb35bf5faf484ab215fb702bbfcaac",
        "timestamp": 1745267653961,
        "message": "START RequestId: 15c3665c-c3d0-48fe-a111-1278895c87be Version: $LATEST\n",
        "ingestionTime": 1745267654433,
        "eventId": "38920769254221575836753357813972743335803242579292454996"
    },
    {
        "logStreamName": "2025/04/21/[$LATEST]bacb35bf5faf484ab215fb702bbfcaac",
        "timestamp": 1745267654024,
        "message": "FILE_TRANSFER RequestId: 15c3665c-c3d0-48fe-a111-1278895c87be\t TransferType: consumed\t Action: download_from_s3\t FileName: ORTHOMCL1541\t Bucket: denethor\t FilePath: data/full_dataset/ORTHOMCL1541\t LocalFilePath: /tmp/input/ORTHOMCL1541\t FileSize: 4772 bytes\t TransferDuration: 62.328736000154095 ms\n",
        "ingestionTime": 1745267654433,
        "eventId": "38920769255626522784260787071889493586980089354169221205"
    },
    {
        "logStreamName": "2025/04/21/[$LATEST]bacb35bf5faf484ab215fb702bbfcaac",
        "timestamp": 1745267654024,
        "message": "CONSUMED_FILES_INFO RequestId: 15c3665c-c3d0-48fe-a111-1278895c87be\t FilesCount: 1 files\t FilesSize: 4772 bytes\t TransferDuration: 62.328736000154095 ms\t ConsumedFiles: ['ORTHOMCL1541']\n",
        "ingestionTime": 1745267654433,
        "eventId": "38920769255626522784260787071889493586980089354169221206"
    },
    {
        "logStreamName": "2025/04/21/[$LATEST]bacb35bf5faf484ab215fb702bbfcaac",
        "timestamp": 1745267654080,
        "message": "[INFO]\t2025-04-21T20:34:14.080Z\t15c3665c-c3d0-48fe-a111-1278895c87be\tTREE_CONSTRUCTOR RequestId: 15c3665c-c3d0-48fe-a111-1278895c87be\t Duration: 56.46131299999979 ms\t InputFile:ORTHOMCL1541\t OutputFile:['tree_ORTHOMCL1541.nexus']\n",
        "ingestionTime": 1745267654433,
        "eventId": "38920769256875364515378501967815493810248397598504124503"
    },
    {
        "logStreamName": "2025/04/21/[$LATEST]bacb35bf5faf484ab215fb702bbfcaac",
        "timestamp": 1745267654081,
        "message": "[INFO] 2025-04-21T20:34:14GMT TREE_CONSTRUCTOR RequestId: 15c3665c-c3d0-48fe-a111-1278895c87be\t Duration: 56.46131299999979 ms\t InputFile:ORTHOMCL1541\t OutputFile:['tree_ORTHOMCL1541.nexus']\n",
        "ingestionTime": 1745267654433,
        "eventId": "38920769256897665260577032590957029528521045960010104920"
    },
    {
        "logStreamName": "2025/04/21/[$LATEST]bacb35bf5faf484ab215fb702bbfcaac",
        "timestamp": 1745267654220,
        "message": "FILE_TRANSFER RequestId: 15c3665c-c3d0-48fe-a111-1278895c87be\t TransferType: produced\t Action: upload_to_s3\t FileName: tree_ORTHOMCL1541.nexus\t Bucket: denethor\t FilePath: tree/tree_ORTHOMCL1541.nexus\t LocalFilePath: /tmp/tree/tree_ORTHOMCL1541.nexus\t FileSize: 347 bytes\t TransferDuration: 39.56924999988587 ms\n",
        "ingestionTime": 1745267654433,
        "eventId": "38920769259997468843172789207630494368419168209341382745"
    },
    {
        "logStreamName": "2025/04/21/[$LATEST]bacb35bf5faf484ab215fb702bbfcaac",
        "timestamp": 1745267654221,
        "message": "PRODUCED_FILES_INFO RequestId: 15c3665c-c3d0-48fe-a111-1278895c87be\t FilesCount: 1 files\t FilesSize: 347 bytes\t TransferDuration: 39.56924999988587 ms\t Provider: aws_lambda\t  ProducedFiles: ['tree_ORTHOMCL1541.nexus']\n",
        "ingestionTime": 1745267654433,
        "eventId": "38920769260019769588371319830772030086691816570847363162"
    },
    {
        "logStreamName": "2025/04/21/[$LATEST]bacb35bf5faf484ab215fb702bbfcaac",
        "timestamp": 1745267654222,
        "message": "END RequestId: 15c3665c-c3d0-48fe-a111-1278895c87be\n",
        "ingestionTime": 1745267654433,
        "eventId": "38920769260042070333569850453913565804964464932353343579"
    },
    {
        "logStreamName": "2025/04/21/[$LATEST]bacb35bf5faf484ab215fb702bbfcaac",
        "timestamp": 1745267654222,
        "message": "REPORT RequestId: 15c3665c-c3d0-48fe-a111-1278895c87be\tDuration: 260.79 ms\tBilled Duration: 261 ms\tMemory Size: 512 MB\tMax Memory Used: 114 MB\t\n",
        "ingestionTime": 1745267654433,
        "eventId": "38920769260042070333569850453913565804964464932353343580"
    }
]