[
    {
        "logStreamName": "2025/04/21/[$LATEST]f166f0755d7c4ae0aef1f54d1e992db6",
        "timestamp": 1745266950663,
        "message": "INIT_START Runtime Version: python:3.10.v64\tRuntime Version ARN: arn:aws:lambda:sa-east-1::runtime:d56bdc8857b2109a058de2ab50bfb80ac2aa600be6f7855a436859944e5fe54b\n",
        "ingestionTime": 1745266952440,
        "eventId": "38920753570152079200563162769527474923721970830853210112"
    },
    {
        "logStreamName": "2025/04/21/[$LATEST]f166f0755d7c4ae0aef1f54d1e992db6",
        "timestamp": 1745266951493,
        "message": "START RequestId: d9f39c00-6303-4245-a1be-e7d47a250a1c Version: $LATEST\n",
        "ingestionTime": 1745266952440,
        "eventId": "38920753588661697715343579977002121090020110880816955393"
    },
    {
        "logStreamName": "2025/04/21/[$LATEST]f166f0755d7c4ae0aef1f54d1e992db6",
        "timestamp": 1745266951493,
        "message": "Directory /tmp/input was created!\n",
        "ingestionTime": 1745266952440,
        "eventId": "38920753588661697715343579977002121090020110880816955394"
    },
    {
        "logStreamName": "2025/04/21/[$LATEST]f166f0755d7c4ae0aef1f54d1e992db6",
        "timestamp": 1745266951494,
        "message": "Directory /tmp/tree was created!\n",
        "ingestionTime": 1745266952440,
        "eventId": "38920753588683998460542110600143656808292759242322935811"
    },
    {
        "logStreamName": "2025/04/21/[$LATEST]f166f0755d7c4ae0aef1f54d1e992db6",
        "timestamp": 1745266951587,
        "message": "FILE_TRANSFER RequestId: d9f39c00-6303-4245-a1be-e7d47a250a1c\t TransferType: consumed\t Action: download_from_s3\t FileName: ORTHOMCL787\t Bucket: denethor\t FilePath: data/full_dataset/ORTHOMCL787\t LocalFilePath: /tmp/input/ORTHOMCL787\t FileSize: 4278 bytes\t TransferDuration: 93.32007499995143 ms\n",
        "ingestionTime": 1745266952440,
        "eventId": "38920753590757967764005458552306478607649056862379114500"
    },
    {
        "logStreamName": "2025/04/21/[$LATEST]f166f0755d7c4ae0aef1f54d1e992db6",
        "timestamp": 1745266951587,
        "message": "CONSUMED_FILES_INFO RequestId: d9f39c00-6303-4245-a1be-e7d47a250a1c\t FilesCount: 1 files\t FilesSize: 4278 bytes\t TransferDuration: 93.32007499995143 ms\t ConsumedFiles: ['ORTHOMCL787']\n",
        "ingestionTime": 1745266952440,
        "eventId": "38920753590757967764005458552306478607649056862379114501"
    },
    {
        "logStreamName": "2025/04/21/[$LATEST]f166f0755d7c4ae0aef1f54d1e992db6",
        "timestamp": 1745266951773,
        "message": "[INFO]\t2025-04-21T20:22:31.773Z\td9f39c00-6303-4245-a1be-e7d47a250a1c\tTREE_CONSTRUCTOR RequestId: d9f39c00-6303-4245-a1be-e7d47a250a1c\t Duration: 186.2315700000181 ms\t InputFile:ORTHOMCL787\t OutputFile:['tree_ORTHOMCL787.nexus']\n",
        "ingestionTime": 1745266952440,
        "eventId": "38920753594905906370932154456632122206361652102491471878"
    },
    {
        "logStreamName": "2025/04/21/[$LATEST]f166f0755d7c4ae0aef1f54d1e992db6",
        "timestamp": 1745266951773,
        "message": "[INFO] 2025-04-21T20:22:31GMT TREE_CONSTRUCTOR RequestId: d9f39c00-6303-4245-a1be-e7d47a250a1c\t Duration: 186.2315700000181 ms\t InputFile:ORTHOMCL787\t OutputFile:['tree_ORTHOMCL787.nexus']\n",
        "ingestionTime": 1745266952440,
        "eventId": "38920753594905906370932154456632122206361652102491471879"
    },
    {
        "logStreamName": "2025/04/21/[$LATEST]f166f0755d7c4ae0aef1f54d1e992db6",
        "timestamp": 1745266951919,
        "message": "FILE_TRANSFER RequestId: d9f39c00-6303-4245-a1be-e7d47a250a1c\t TransferType: produced\t Action: upload_to_s3\t FileName: tree_ORTHOMCL787.nexus\t Bucket: denethor\t FilePath: tree/tree_ORTHOMCL787.nexus\t LocalFilePath: /tmp/tree/tree_ORTHOMCL787.nexus\t FileSize: 413 bytes\t TransferDuration: 45.102078000013535 ms\n",
        "ingestionTime": 1745266952440,
        "eventId": "38920753598161815169917625435296337074168312882364612616"
    },
    {
        "logStreamName": "2025/04/21/[$LATEST]f166f0755d7c4ae0aef1f54d1e992db6",
        "timestamp": 1745266951919,
        "message": "PRODUCED_FILES_INFO RequestId: d9f39c00-6303-4245-a1be-e7d47a250a1c\t FilesCount: 1 files\t FilesSize: 413 bytes\t TransferDuration: 45.102078000013535 ms\t Provider: aws_lambda\t  ProducedFiles: ['tree_ORTHOMCL787.nexus']\n",
        "ingestionTime": 1745266952440,
        "eventId": "38920753598161815169917625435296337074168312882364612617"
    },
    {
        "logStreamName": "2025/04/21/[$LATEST]f166f0755d7c4ae0aef1f54d1e992db6",
        "timestamp": 1745266951920,
        "message": "END RequestId: d9f39c00-6303-4245-a1be-e7d47a250a1c\n",
        "ingestionTime": 1745266952440,
        "eventId": "38920753598184115915116156058437872792440961243870593034"
    },
    {
        "logStreamName": "2025/04/21/[$LATEST]f166f0755d7c4ae0aef1f54d1e992db6",
        "timestamp": 1745266951920,
        "message": "REPORT RequestId: d9f39c00-6303-4245-a1be-e7d47a250a1c\tDuration: 427.72 ms\tBilled Duration: 428 ms\tMemory Size: 512 MB\tMax Memory Used: 111 MB\tInit Duration: 828.73 ms\t\n",
        "ingestionTime": 1745266952440,
        "eventId": "38920753598184115915116156058437872792440961243870593035"
    },
    {
        "logStreamName": "2025/04/21/[$LATEST]f166f0755d7c4ae0aef1f54d1e992db6",
        "timestamp": 1745266952136,
        "message": "START RequestId: ca8c4396-08b0-4a02-b214-e8e09660e1bb Version: $LATEST\n",
        "ingestionTime": 1745266952440,
        "eventId": "38920753603001076877998770657009587939333007329162362892"
    },
    {
        "logStreamName": "2025/04/21/[$LATEST]f166f0755d7c4ae0aef1f54d1e992db6",
        "timestamp": 1745266952172,
        "message": "FILE_TRANSFER RequestId: ca8c4396-08b0-4a02-b214-e8e09660e1bb\t TransferType: consumed\t Action: download_from_s3\t FileName: ORTHOMCL1861\t Bucket: denethor\t FilePath: data/full_dataset/ORTHOMCL1861\t LocalFilePath: /tmp/input/ORTHOMCL1861\t FileSize: 2514 bytes\t TransferDuration: 34.829463000050964 ms\n",
        "ingestionTime": 1745266952440,
        "eventId": "38920753603803903705145873090104873797148348343377657869"
    },
    {
        "logStreamName": "2025/04/21/[$LATEST]f166f0755d7c4ae0aef1f54d1e992db6",
        "timestamp": 1745266952172,
        "message": "CONSUMED_FILES_INFO RequestId: ca8c4396-08b0-4a02-b214-e8e09660e1bb\t FilesCount: 1 files\t FilesSize: 2514 bytes\t TransferDuration: 34.829463000050964 ms\t ConsumedFiles: ['ORTHOMCL1861']\n",
        "ingestionTime": 1745266952440,
        "eventId": "38920753603803903705145873090104873797148348343377657870"
    },
    {
        "logStreamName": "2025/04/21/[$LATEST]f166f0755d7c4ae0aef1f54d1e992db6",
        "timestamp": 1745266952188,
        "message": "[INFO]\t2025-04-21T20:22:32.188Z\tca8c4396-08b0-4a02-b214-e8e09660e1bb\tTREE_CONSTRUCTOR RequestId: ca8c4396-08b0-4a02-b214-e8e09660e1bb\t Duration: 16.493274999902496 ms\t InputFile:ORTHOMCL1861\t OutputFile:['tree_ORTHOMCL1861.nexus']\n",
        "ingestionTime": 1745266952440,
        "eventId": "38920753604160715628322363060369445289510722127473344527"
    },
    {
        "logStreamName": "2025/04/21/[$LATEST]f166f0755d7c4ae0aef1f54d1e992db6",
        "timestamp": 1745266952188,
        "message": "[INFO] 2025-04-21T20:22:32GMT TREE_CONSTRUCTOR RequestId: ca8c4396-08b0-4a02-b214-e8e09660e1bb\t Duration: 16.493274999902496 ms\t InputFile:ORTHOMCL1861\t OutputFile:['tree_ORTHOMCL1861.nexus']\n",
        "ingestionTime": 1745266952440,
        "eventId": "38920753604160715628322363060369445289510722127473344528"
    },
    {
        "logStreamName": "2025/04/21/[$LATEST]f166f0755d7c4ae0aef1f54d1e992db6",
        "timestamp": 1745266952330,
        "message": "FILE_TRANSFER RequestId: ca8c4396-08b0-4a02-b214-e8e09660e1bb\t TransferType: produced\t Action: upload_to_s3\t FileName: tree_ORTHOMCL1861.nexus\t Bucket: denethor\t FilePath: tree/tree_ORTHOMCL1861.nexus\t LocalFilePath: /tmp/tree/tree_ORTHOMCL1861.nexus\t FileSize: 349 bytes\t TransferDuration: 41.48892499995327 ms\n",
        "ingestionTime": 1745266952440,
        "eventId": "38920753607327421446513711546467517284226789461322563601"
    },
    {
        "logStreamName": "2025/04/21/[$LATEST]f166f0755d7c4ae0aef1f54d1e992db6",
        "timestamp": 1745266952330,
        "message": "PRODUCED_FILES_INFO RequestId: ca8c4396-08b0-4a02-b214-e8e09660e1bb\t FilesCount: 1 files\t FilesSize: 349 bytes\t TransferDuration: 41.48892499995327 ms\t Provider: aws_lambda\t  ProducedFiles: ['tree_ORTHOMCL1861.nexus']\n",
        "ingestionTime": 1745266952440,
        "eventId": "38920753607327421446513711546467517284226789461322563602"
    },
    {
        "logStreamName": "2025/04/21/[$LATEST]f166f0755d7c4ae0aef1f54d1e992db6",
        "timestamp": 1745266952331,
        "message": "END RequestId: ca8c4396-08b0-4a02-b214-e8e09660e1bb\n",
        "ingestionTime": 1745266952440,
        "eventId": "38920753607349722191712242169609053002499437822828544019"
    },
    {
        "logStreamName": "2025/04/21/[$LATEST]f166f0755d7c4ae0aef1f54d1e992db6",
        "timestamp": 1745266952332,
        "message": "REPORT RequestId: ca8c4396-08b0-4a02-b214-e8e09660e1bb\tDuration: 195.28 ms\tBilled Duration: 196 ms\tMemory Size: 512 MB\tMax Memory Used: 112 MB\t\n",
        "ingestionTime": 1745266952440,
        "eventId": "38920753607372022936910772792750588720772086184334524436"
    }
]