[
    {
        "logStreamName": "2025/04/21/[$LATEST]54c23236a6b148e9877eb5bab20ea5c5",
        "timestamp": 1745266927214,
        "message": "INIT_START Runtime Version: python:3.10.v64\tRuntime Version ARN: arn:aws:lambda:sa-east-1::runtime:d56bdc8857b2109a058de2ab50bfb80ac2aa600be6f7855a436859944e5fe54b\n",
        "ingestionTime": 1745266933736,
        "eventId": "38920753047221905040218580701044679820316914230900686848"
    },
    {
        "logStreamName": "2025/04/21/[$LATEST]54c23236a6b148e9877eb5bab20ea5c5",
        "timestamp": 1745266927985,
        "message": "START RequestId: fa55a73d-f688-4320-a112-9f74f3e9238d Version: $LATEST\n",
        "ingestionTime": 1745266933736,
        "eventId": "38920753064415779588285691143168718608528800952011587585"
    },
    {
        "logStreamName": "2025/04/21/[$LATEST]54c23236a6b148e9877eb5bab20ea5c5",
        "timestamp": 1745266927986,
        "message": "Directory /tmp/subtree was created!\n",
        "ingestionTime": 1745266933736,
        "eventId": "38920753064438080333484221766310254326801449313517568002"
    },
    {
        "logStreamName": "2025/04/21/[$LATEST]54c23236a6b148e9877eb5bab20ea5c5",
        "timestamp": 1745266927986,
        "message": "Directory /tmp/mafdb was created!\n",
        "ingestionTime": 1745266933736,
        "eventId": "38920753064438080333484221766310254326801449313517568003"
    },
    {
        "logStreamName": "2025/04/21/[$LATEST]54c23236a6b148e9877eb5bab20ea5c5",
        "timestamp": 1745266928010,
        "message": "[INFO] 2025-04-21T20:22:08GMT File tree_ORTHOMCL787_Inner1.nexus already exists in local path. Skipping download.\n",
        "ingestionTime": 1745266933736,
        "eventId": "38920753064973298218248956721707111565345009989661097988"
    },
    {
        "logStreamName": "2025/04/21/[$LATEST]54c23236a6b148e9877eb5bab20ea5c5",
        "timestamp": 1745266928010,
        "message": "[INFO]\t2025-04-21T20:22:08.010Z\tfa55a73d-f688-4320-a112-9f74f3e9238d\tFile tree_ORTHOMCL787_Inner1.nexus already exists in local path. Skipping download.\n",
        "ingestionTime": 1745266933736,
        "eventId": "38920753064973298218248956721707111565345009989661097989"
    },
    {
        "logStreamName": "2025/04/21/[$LATEST]54c23236a6b148e9877eb5bab20ea5c5",
        "timestamp": 1745266928010,
        "message": "[INFO] 2025-04-21T20:22:08GMT FILE_TRANSFER RequestId: fa55a73d-f688-4320-a112-9f74f3e9238d\t TransferType: consumed\t Action: download_from_s3\t FileName: tree_ORTHOMCL787_Inner1.nexus\t Bucket: denethor\t FilePath: subtree/tree_ORTHOMCL787_Inner1.nexus\t FilePathLocal: /tmp/subtree\t FileSize: 187 bytes\t TransferDuration: 0 ms\n",
        "ingestionTime": 1745266933736,
        "eventId": "38920753064973298218248956721707111565345009989661097990"
    },
    {
        "logStreamName": "2025/04/21/[$LATEST]54c23236a6b148e9877eb5bab20ea5c5",
        "timestamp": 1745266928010,
        "message": "[INFO]\t2025-04-21T20:22:08.010Z\tfa55a73d-f688-4320-a112-9f74f3e9238d\tFILE_TRANSFER RequestId: fa55a73d-f688-4320-a112-9f74f3e9238d\t TransferType: consumed\t Action: download_from_s3\t FileName: tree_ORTHOMCL787_Inner1.nexus\t Bucket: denethor\t FilePath: subtree/tree_ORTHOMCL787_Inner1.nexus\t FilePathLocal: /tmp/subtree\t FileSize: 187 bytes\t TransferDuration: 0 ms\n",
        "ingestionTime": 1745266933736,
        "eventId": "38920753064973298218248956721707111565345009989661097991"
    },
    {
        "logStreamName": "2025/04/21/[$LATEST]54c23236a6b148e9877eb5bab20ea5c5",
        "timestamp": 1745266928027,
        "message": "[INFO] 2025-04-21T20:22:08GMT File tree_ORTHOMCL787_Inner2.nexus already exists in local path. Skipping download.\n",
        "ingestionTime": 1745266933736,
        "eventId": "38920753065352410886623977315113218775980032135262765064"
    },
    {
        "logStreamName": "2025/04/21/[$LATEST]54c23236a6b148e9877eb5bab20ea5c5",
        "timestamp": 1745266928027,
        "message": "[INFO]\t2025-04-21T20:22:08.027Z\tfa55a73d-f688-4320-a112-9f74f3e9238d\tFile tree_ORTHOMCL787_Inner2.nexus already exists in local path. Skipping download.\n",
        "ingestionTime": 1745266933736,
        "eventId": "38920753065352410886623977315113218775980032135262765065"
    },
    {
        "logStreamName": "2025/04/21/[$LATEST]54c23236a6b148e9877eb5bab20ea5c5",
        "timestamp": 1745266928027,
        "message": "[INFO] 2025-04-21T20:22:08GMT FILE_TRANSFER RequestId: fa55a73d-f688-4320-a112-9f74f3e9238d\t TransferType: consumed\t Action: download_from_s3\t FileName: tree_ORTHOMCL787_Inner2.nexus\t Bucket: denethor\t FilePath: subtree/tree_ORTHOMCL787_Inner2.nexus\t FilePathLocal: /tmp/subtree\t FileSize: 193 bytes\t TransferDuration: 0 ms\n",
        "ingestionTime": 1745266933736,
        "eventId": "38920753065352410886623977315113218775980032135262765066"
    },
    {
        "logStreamName": "2025/04/21/[$LATEST]54c23236a6b148e9877eb5bab20ea5c5",
        "timestamp": 1745266928027,
        "message": "[INFO]\t2025-04-21T20:22:08.027Z\tfa55a73d-f688-4320-a112-9f74f3e9238d\tFILE_TRANSFER RequestId: fa55a73d-f688-4320-a112-9f74f3e9238d\t TransferType: consumed\t Action: download_from_s3\t FileName: tree_ORTHOMCL787_Inner2.nexus\t Bucket: denethor\t FilePath: subtree/tree_ORTHOMCL787_Inner2.nexus\t FilePathLocal: /tmp/subtree\t FileSize: 193 bytes\t TransferDuration: 0 ms\n",
        "ingestionTime": 1745266933736,
        "eventId": "38920753065352410886623977315113218775980032135262765067"
    },
    {
        "logStreamName": "2025/04/21/[$LATEST]54c23236a6b148e9877eb5bab20ea5c5",
        "timestamp": 1745266928068,
        "message": "[INFO] 2025-04-21T20:22:08GMT File tree_ORTHOMCL787_Inner3.nexus already exists in local path. Skipping download.\n",
        "ingestionTime": 1745266933736,
        "eventId": "38920753066266741439763732863916183225158614957007962124"
    },
    {
        "logStreamName": "2025/04/21/[$LATEST]54c23236a6b148e9877eb5bab20ea5c5",
        "timestamp": 1745266928068,
        "message": "[INFO]\t2025-04-21T20:22:08.068Z\tfa55a73d-f688-4320-a112-9f74f3e9238d\tFile tree_ORTHOMCL787_Inner3.nexus already exists in local path. Skipping download.\n",
        "ingestionTime": 1745266933736,
        "eventId": "38920753066266741439763732863916183225158614957007962125"
    },
    {
        "logStreamName": "2025/04/21/[$LATEST]54c23236a6b148e9877eb5bab20ea5c5",
        "timestamp": 1745266928068,
        "message": "[INFO] 2025-04-21T20:22:08GMT FILE_TRANSFER RequestId: fa55a73d-f688-4320-a112-9f74f3e9238d\t TransferType: consumed\t Action: download_from_s3\t FileName: tree_ORTHOMCL787_Inner3.nexus\t Bucket: denethor\t FilePath: subtree/tree_ORTHOMCL787_Inner3.nexus\t FilePathLocal: /tmp/subtree\t FileSize: 243 bytes\t TransferDuration: 0 ms\n",
        "ingestionTime": 1745266933736,
        "eventId": "38920753066266741439763732863916183225158614957007962126"
    },
    {
        "logStreamName": "2025/04/21/[$LATEST]54c23236a6b148e9877eb5bab20ea5c5",
        "timestamp": 1745266928068,
        "message": "[INFO]\t2025-04-21T20:22:08.068Z\tfa55a73d-f688-4320-a112-9f74f3e9238d\tFILE_TRANSFER RequestId: fa55a73d-f688-4320-a112-9f74f3e9238d\t TransferType: consumed\t Action: download_from_s3\t FileName: tree_ORTHOMCL787_Inner3.nexus\t Bucket: denethor\t FilePath: subtree/tree_ORTHOMCL787_Inner3.nexus\t FilePathLocal: /tmp/subtree\t FileSize: 243 bytes\t TransferDuration: 0 ms\n",
        "ingestionTime": 1745266933736,
        "eventId": "38920753066266741439763732863916183225158614957007962127"
    },
    {
        "logStreamName": "2025/04/21/[$LATEST]54c23236a6b148e9877eb5bab20ea5c5",
        "timestamp": 1745266928089,
        "message": "[INFO] 2025-04-21T20:22:08GMT File tree_ORTHOMCL787_Inner4.nexus already exists in local path. Skipping download.\n",
        "ingestionTime": 1745266933736,
        "eventId": "38920753066735057088932875949888433308884230548633550864"
    },
    {
        "logStreamName": "2025/04/21/[$LATEST]54c23236a6b148e9877eb5bab20ea5c5",
        "timestamp": 1745266928089,
        "message": "[INFO]\t2025-04-21T20:22:08.089Z\tfa55a73d-f688-4320-a112-9f74f3e9238d\tFile tree_ORTHOMCL787_Inner4.nexus already exists in local path. Skipping download.\n",
        "ingestionTime": 1745266933736,
        "eventId": "38920753066735057088932875949888433308884230548633550865"
    },
    {
        "logStreamName": "2025/04/21/[$LATEST]54c23236a6b148e9877eb5bab20ea5c5",
        "timestamp": 1745266928089,
        "message": "[INFO] 2025-04-21T20:22:08GMT FILE_TRANSFER RequestId: fa55a73d-f688-4320-a112-9f74f3e9238d\t TransferType: consumed\t Action: download_from_s3\t FileName: tree_ORTHOMCL787_Inner4.nexus\t Bucket: denethor\t FilePath: subtree/tree_ORTHOMCL787_Inner4.nexus\t FilePathLocal: /tmp/subtree\t FileSize: 413 bytes\t TransferDuration: 0 ms\n",
        "ingestionTime": 1745266933736,
        "eventId": "38920753066735057088932875949888433308884230548633550866"
    },
    {
        "logStreamName": "2025/04/21/[$LATEST]54c23236a6b148e9877eb5bab20ea5c5",
        "timestamp": 1745266928089,
        "message": "[INFO]\t2025-04-21T20:22:08.089Z\tfa55a73d-f688-4320-a112-9f74f3e9238d\tFILE_TRANSFER RequestId: fa55a73d-f688-4320-a112-9f74f3e9238d\t TransferType: consumed\t Action: download_from_s3\t FileName: tree_ORTHOMCL787_Inner4.nexus\t Bucket: denethor\t FilePath: subtree/tree_ORTHOMCL787_Inner4.nexus\t FilePathLocal: /tmp/subtree\t FileSize: 413 bytes\t TransferDuration: 0 ms\n",
        "ingestionTime": 1745266933736,
        "eventId": "38920753066735057088932875949888433308884230548633550867"
    },
    {
        "logStreamName": "2025/04/21/[$LATEST]54c23236a6b148e9877eb5bab20ea5c5",
        "timestamp": 1745266928128,
        "message": "[INFO] 2025-04-21T20:22:08GMT File tree_ORTHOMCL1861_Inner1.nexus already exists in local path. Skipping download.\n",
        "ingestionTime": 1745266933736,
        "eventId": "38920753067604786151675570252408326321517516647366787092"
    },
    {
        "logStreamName": "2025/04/21/[$LATEST]54c23236a6b148e9877eb5bab20ea5c5",
        "timestamp": 1745266928128,
        "message": "[INFO]\t2025-04-21T20:22:08.128Z\tfa55a73d-f688-4320-a112-9f74f3e9238d\tFile tree_ORTHOMCL1861_Inner1.nexus already exists in local path. Skipping download.\n",
        "ingestionTime": 1745266933736,
        "eventId": "38920753067604786151675570252408326321517516647366787093"
    },
    {
        "logStreamName": "2025/04/21/[$LATEST]54c23236a6b148e9877eb5bab20ea5c5",
        "timestamp": 1745266928129,
        "message": "[INFO] 2025-04-21T20:22:08GMT FILE_TRANSFER RequestId: fa55a73d-f688-4320-a112-9f74f3e9238d\t TransferType: consumed\t Action: download_from_s3\t FileName: tree_ORTHOMCL1861_Inner1.nexus\t Bucket: denethor\t FilePath: subtree/tree_ORTHOMCL1861_Inner1.nexus\t FilePathLocal: /tmp/subtree\t FileSize: 185 bytes\t TransferDuration: 0 ms\n",
        "ingestionTime": 1745266933736,
        "eventId": "38920753067627086896874100875549862039790165008872767510"
    },
    {
        "logStreamName": "2025/04/21/[$LATEST]54c23236a6b148e9877eb5bab20ea5c5",
        "timestamp": 1745266928129,
        "message": "[INFO]\t2025-04-21T20:22:08.129Z\tfa55a73d-f688-4320-a112-9f74f3e9238d\tFILE_TRANSFER RequestId: fa55a73d-f688-4320-a112-9f74f3e9238d\t TransferType: consumed\t Action: download_from_s3\t FileName: tree_ORTHOMCL1861_Inner1.nexus\t Bucket: denethor\t FilePath: subtree/tree_ORTHOMCL1861_Inner1.nexus\t FilePathLocal: /tmp/subtree\t FileSize: 185 bytes\t TransferDuration: 0 ms\n",
        "ingestionTime": 1745266933736,
        "eventId": "38920753067627086896874100875549862039790165008872767511"
    },
    {
        "logStreamName": "2025/04/21/[$LATEST]54c23236a6b148e9877eb5bab20ea5c5",
        "timestamp": 1745266928150,
        "message": "[INFO] 2025-04-21T20:22:08GMT File tree_ORTHOMCL1861_Inner2.nexus already exists in local path. Skipping download.\n",
        "ingestionTime": 1745266933736,
        "eventId": "38920753068095402546043243961522112123515780600498356248"
    },
    {
        "logStreamName": "2025/04/21/[$LATEST]54c23236a6b148e9877eb5bab20ea5c5",
        "timestamp": 1745266928150,
        "message": "[INFO]\t2025-04-21T20:22:08.150Z\tfa55a73d-f688-4320-a112-9f74f3e9238d\tFile tree_ORTHOMCL1861_Inner2.nexus already exists in local path. Skipping download.\n",
        "ingestionTime": 1745266933736,
        "eventId": "38920753068095402546043243961522112123515780600498356249"
    },
    {
        "logStreamName": "2025/04/21/[$LATEST]54c23236a6b148e9877eb5bab20ea5c5",
        "timestamp": 1745266928151,
        "message": "[INFO] 2025-04-21T20:22:08GMT FILE_TRANSFER RequestId: fa55a73d-f688-4320-a112-9f74f3e9238d\t TransferType: consumed\t Action: download_from_s3\t FileName: tree_ORTHOMCL1861_Inner2.nexus\t Bucket: denethor\t FilePath: subtree/tree_ORTHOMCL1861_Inner2.nexus\t FilePathLocal: /tmp/subtree\t FileSize: 187 bytes\t TransferDuration: 0 ms\n",
        "ingestionTime": 1745266933736,
        "eventId": "38920753068117703291241774584663647841788428962004336666"
    },
    {
        "logStreamName": "2025/04/21/[$LATEST]54c23236a6b148e9877eb5bab20ea5c5",
        "timestamp": 1745266928151,
        "message": "[INFO]\t2025-04-21T20:22:08.151Z\tfa55a73d-f688-4320-a112-9f74f3e9238d\tFILE_TRANSFER RequestId: fa55a73d-f688-4320-a112-9f74f3e9238d\t TransferType: consumed\t Action: download_from_s3\t FileName: tree_ORTHOMCL1861_Inner2.nexus\t Bucket: denethor\t FilePath: subtree/tree_ORTHOMCL1861_Inner2.nexus\t FilePathLocal: /tmp/subtree\t FileSize: 187 bytes\t TransferDuration: 0 ms\n",
        "ingestionTime": 1745266933736,
        "eventId": "38920753068117703291241774584663647841788428962004336667"
    },
    {
        "logStreamName": "2025/04/21/[$LATEST]54c23236a6b148e9877eb5bab20ea5c5",
        "timestamp": 1745266928207,
        "message": "[INFO] 2025-04-21T20:22:08GMT File tree_ORTHOMCL1861_Inner3.nexus already exists in local path. Skipping download.\n",
        "ingestionTime": 1745266933736,
        "eventId": "38920753069366545022359489480589648065056737206339239964"
    },
    {
        "logStreamName": "2025/04/21/[$LATEST]54c23236a6b148e9877eb5bab20ea5c5",
        "timestamp": 1745266928207,
        "message": "[INFO]\t2025-04-21T20:22:08.207Z\tfa55a73d-f688-4320-a112-9f74f3e9238d\tFile tree_ORTHOMCL1861_Inner3.nexus already exists in local path. Skipping download.\n",
        "ingestionTime": 1745266933736,
        "eventId": "38920753069366545022359489480589648065056737206339239965"
    },
    {
        "logStreamName": "2025/04/21/[$LATEST]54c23236a6b148e9877eb5bab20ea5c5",
        "timestamp": 1745266928208,
        "message": "[INFO] 2025-04-21T20:22:08GMT FILE_TRANSFER RequestId: fa55a73d-f688-4320-a112-9f74f3e9238d\t TransferType: consumed\t Action: download_from_s3\t FileName: tree_ORTHOMCL1861_Inner3.nexus\t Bucket: denethor\t FilePath: subtree/tree_ORTHOMCL1861_Inner3.nexus\t FilePathLocal: /tmp/subtree\t FileSize: 349 bytes\t TransferDuration: 0 ms\n",
        "ingestionTime": 1745266933736,
        "eventId": "38920753069388845767558020103731183783329385567845220382"
    },
    {
        "logStreamName": "2025/04/21/[$LATEST]54c23236a6b148e9877eb5bab20ea5c5",
        "timestamp": 1745266928208,
        "message": "[INFO]\t2025-04-21T20:22:08.208Z\tfa55a73d-f688-4320-a112-9f74f3e9238d\tFILE_TRANSFER RequestId: fa55a73d-f688-4320-a112-9f74f3e9238d\t TransferType: consumed\t Action: download_from_s3\t FileName: tree_ORTHOMCL1861_Inner3.nexus\t Bucket: denethor\t FilePath: subtree/tree_ORTHOMCL1861_Inner3.nexus\t FilePathLocal: /tmp/subtree\t FileSize: 349 bytes\t TransferDuration: 0 ms\n",
        "ingestionTime": 1745266933736,
        "eventId": "38920753069388845767558020103731183783329385567845220383"
    },
    {
        "logStreamName": "2025/04/21/[$LATEST]54c23236a6b148e9877eb5bab20ea5c5",
        "timestamp": 1745266928208,
        "message": "[INFO] 2025-04-21T20:22:08GMT CONSUMED_FILES_INFO RequestId: fa55a73d-f688-4320-a112-9f74f3e9238d\t FilesCount: 7 files\t FilesSize: 1757 bytes\t TransferDuration: 0 ms\t ConsumedFiles: ['tree_ORTHOMCL787_Inner1.nexus', 'tree_ORTHOMCL787_Inner2.nexus', 'tree_ORTHOMCL787_Inner3.nexus', 'tree_ORTHOMCL787_Inner4.nexus', 'tree_ORTHOMCL1861_Inner1.nexus', 'tree_ORTHOMCL1861_Inner2.nexus', 'tree_ORTHOMCL1861_Inner3.nexus']\n",
        "ingestionTime": 1745266933736,
        "eventId": "38920753069388845767558020103731183783329385567845220384"
    },
    {
        "logStreamName": "2025/04/21/[$LATEST]54c23236a6b148e9877eb5bab20ea5c5",
        "timestamp": 1745266928208,
        "message": "[INFO]\t2025-04-21T20:22:08.208Z\tfa55a73d-f688-4320-a112-9f74f3e9238d\tCONSUMED_FILES_INFO RequestId: fa55a73d-f688-4320-a112-9f74f3e9238d\t FilesCount: 7 files\t FilesSize: 1757 bytes\t TransferDuration: 0 ms\t ConsumedFiles: ['tree_ORTHOMCL787_Inner1.nexus', 'tree_ORTHOMCL787_Inner2.nexus', 'tree_ORTHOMCL787_Inner3.nexus', 'tree_ORTHOMCL787_Inner4.nexus', 'tree_ORTHOMCL1861_Inner1.nexus', 'tree_ORTHOMCL1861_Inner2.nexus', 'tree_ORTHOMCL1861_Inner3.nexus']\n",
        "ingestionTime": 1745266933736,
        "eventId": "38920753069388845767558020103731183783329385567845220385"
    },
    {
        "logStreamName": "2025/04/21/[$LATEST]54c23236a6b148e9877eb5bab20ea5c5",
        "timestamp": 1745266928208,
        "message": "subtree_matrix: processing file tree_ORTHOMCL787_Inner1.nexus of ['tree_ORTHOMCL787_Inner1.nexus', 'tree_ORTHOMCL787_Inner2.nexus', 'tree_ORTHOMCL787_Inner3.nexus', 'tree_ORTHOMCL787_Inner4.nexus']\n",
        "ingestionTime": 1745266933736,
        "eventId": "38920753069388845767558020103731183783329385567845220386"
    },
    {
        "logStreamName": "2025/04/21/[$LATEST]54c23236a6b148e9877eb5bab20ea5c5",
        "timestamp": 1745266928211,
        "message": "subtree_matrix: processing file tree_ORTHOMCL787_Inner2.nexus of ['tree_ORTHOMCL787_Inner1.nexus', 'tree_ORTHOMCL787_Inner2.nexus', 'tree_ORTHOMCL787_Inner3.nexus', 'tree_ORTHOMCL787_Inner4.nexus']\n",
        "ingestionTime": 1745266933736,
        "eventId": "38920753069455748003153611973155790938147330652363161635"
    },
    {
        "logStreamName": "2025/04/21/[$LATEST]54c23236a6b148e9877eb5bab20ea5c5",
        "timestamp": 1745266928229,
        "message": "subtree_matrix: processing file tree_ORTHOMCL787_Inner3.nexus of ['tree_ORTHOMCL787_Inner1.nexus', 'tree_ORTHOMCL787_Inner2.nexus', 'tree_ORTHOMCL787_Inner3.nexus', 'tree_ORTHOMCL787_Inner4.nexus']\n",
        "ingestionTime": 1745266933736,
        "eventId": "38920753069857161416727163189703433867055001159470809124"
    },
    {
        "logStreamName": "2025/04/21/[$LATEST]54c23236a6b148e9877eb5bab20ea5c5",
        "timestamp": 1745266928248,
        "message": "subtree_matrix: processing file tree_ORTHOMCL787_Inner4.nexus of ['tree_ORTHOMCL787_Inner1.nexus', 'tree_ORTHOMCL787_Inner2.nexus', 'tree_ORTHOMCL787_Inner3.nexus', 'tree_ORTHOMCL787_Inner4.nexus']\n",
        "ingestionTime": 1745266933736,
        "eventId": "38920753070280875575499245029392612514235320028084437029"
    },
    {
        "logStreamName": "2025/04/21/[$LATEST]54c23236a6b148e9877eb5bab20ea5c5",
        "timestamp": 1745266928251,
        "message": "Tempo de construção do maf_database: 42.56079000015234 milissegundos\n",
        "ingestionTime": 1745266933736,
        "eventId": "38920753070347777811094836898817219669053265112602378278"
    },
    {
        "logStreamName": "2025/04/21/[$LATEST]54c23236a6b148e9877eb5bab20ea5c5",
        "timestamp": 1745266928287,
        "message": "[INFO]\t2025-04-21T20:22:08.287Z\tfa55a73d-f688-4320-a112-9f74f3e9238d\tMAF_DATABASE_CREATOR RequestId: fa55a73d-f688-4320-a112-9f74f3e9238d\t Duration: 42.56079000015234 ms\t InputSubtrees: ['tree_ORTHOMCL787_Inner1.nexus', 'tree_ORTHOMCL787_Inner2.nexus', 'tree_ORTHOMCL787_Inner3.nexus', 'tree_ORTHOMCL787_Inner4.nexus']\t MafDatabaseFile: mafdb_050eb4506b88aa955760b80fe61fa5f2dc7867810f3fd968c62f0f2b1721b84a.json\n",
        "ingestionTime": 1745266933736,
        "eventId": "38920753071150604638241939331912505526868606126817673255"
    },
    {
        "logStreamName": "2025/04/21/[$LATEST]54c23236a6b148e9877eb5bab20ea5c5",
        "timestamp": 1745266928287,
        "message": "[INFO] 2025-04-21T20:22:08GMT MAF_DATABASE_CREATOR RequestId: fa55a73d-f688-4320-a112-9f74f3e9238d\t Duration: 42.56079000015234 ms\t InputSubtrees: ['tree_ORTHOMCL787_Inner1.nexus', 'tree_ORTHOMCL787_Inner2.nexus', 'tree_ORTHOMCL787_Inner3.nexus', 'tree_ORTHOMCL787_Inner4.nexus']\t MafDatabaseFile: mafdb_050eb4506b88aa955760b80fe61fa5f2dc7867810f3fd968c62f0f2b1721b84a.json\n",
        "ingestionTime": 1745266933736,
        "eventId": "38920753071150604638241939331912505526868606126817673256"
    },
    {
        "logStreamName": "2025/04/21/[$LATEST]54c23236a6b148e9877eb5bab20ea5c5",
        "timestamp": 1745266928564,
        "message": "FILE_TRANSFER RequestId: fa55a73d-f688-4320-a112-9f74f3e9238d\t TransferType: produced\t Action: upload_to_s3\t FileName: mafdb_050eb4506b88aa955760b80fe61fa5f2dc7867810f3fd968c62f0f2b1721b84a.json\t Bucket: denethor\t FilePath: mafdb/mafdb_050eb4506b88aa955760b80fe61fa5f2dc7867810f3fd968c62f0f2b1721b84a.json\t LocalFilePath: /tmp/mafdb/mafdb_050eb4506b88aa955760b80fe61fa5f2dc7867810f3fd968c62f0f2b1721b84a.json\t FileSize: 232 bytes\t TransferDuration: 176.4369299999089 ms\n",
        "ingestionTime": 1745266933736,
        "eventId": "38920753077327911058234921942117899488392202263974248489"
    },
    {
        "logStreamName": "2025/04/21/[$LATEST]54c23236a6b148e9877eb5bab20ea5c5",
        "timestamp": 1745266928564,
        "message": "PRODUCED_FILES_INFO RequestId: fa55a73d-f688-4320-a112-9f74f3e9238d\t FilesCount: 1 files\t FilesSize: 232 bytes\t TransferDuration: 176.4369299999089 ms\t Provider: aws_lambda\t  ProducedFiles: ['mafdb_050eb4506b88aa955760b80fe61fa5f2dc7867810f3fd968c62f0f2b1721b84a.json']\n",
        "ingestionTime": 1745266933736,
        "eventId": "38920753077327911058234921942117899488392202263974248490"
    },
    {
        "logStreamName": "2025/04/21/[$LATEST]54c23236a6b148e9877eb5bab20ea5c5",
        "timestamp": 1745266928566,
        "message": "END RequestId: fa55a73d-f688-4320-a112-9f74f3e9238d\n",
        "ingestionTime": 1745266933736,
        "eventId": "38920753077372512548631983188400970924937498986986209323"
    },
    {
        "logStreamName": "2025/04/21/[$LATEST]54c23236a6b148e9877eb5bab20ea5c5",
        "timestamp": 1745266928566,
        "message": "REPORT RequestId: fa55a73d-f688-4320-a112-9f74f3e9238d\tDuration: 580.92 ms\tBilled Duration: 581 ms\tMemory Size: 256 MB\tMax Memory Used: 107 MB\tInit Duration: 770.22 ms\t\n",
        "ingestionTime": 1745266933736,
        "eventId": "38920753077372512548631983188400970924937498986986209324"
    },
    {
        "logStreamName": "2025/04/21/[$LATEST]54c23236a6b148e9877eb5bab20ea5c5",
        "timestamp": 1745266928704,
        "message": "START RequestId: 5c613796-84a4-402a-8940-2965cafdd930 Version: $LATEST\n",
        "ingestionTime": 1745266933736,
        "eventId": "38920753080450015386029209181932900046562972874811506733"
    },
    {
        "logStreamName": "2025/04/21/[$LATEST]54c23236a6b148e9877eb5bab20ea5c5",
        "timestamp": 1745266928709,
        "message": "[INFO] 2025-04-21T20:22:08GMT File tree_ORTHOMCL787_Inner1.nexus already exists in local path. Skipping download.\n",
        "ingestionTime": 1745266933736,
        "eventId": "38920753080561519112021862297640578637926214682341408814"
    },
    {
        "logStreamName": "2025/04/21/[$LATEST]54c23236a6b148e9877eb5bab20ea5c5",
        "timestamp": 1745266928709,
        "message": "[INFO]\t2025-04-21T20:22:08.709Z\t5c613796-84a4-402a-8940-2965cafdd930\tFile tree_ORTHOMCL787_Inner1.nexus already exists in local path. Skipping download.\n",
        "ingestionTime": 1745266933736,
        "eventId": "38920753080561519112021862297640578637926214682341408815"
    },
    {
        "logStreamName": "2025/04/21/[$LATEST]54c23236a6b148e9877eb5bab20ea5c5",
        "timestamp": 1745266928709,
        "message": "[INFO] 2025-04-21T20:22:08GMT FILE_TRANSFER RequestId: 5c613796-84a4-402a-8940-2965cafdd930\t TransferType: consumed\t Action: download_from_s3\t FileName: tree_ORTHOMCL787_Inner1.nexus\t Bucket: denethor\t FilePath: subtree/tree_ORTHOMCL787_Inner1.nexus\t FilePathLocal: /tmp/subtree\t FileSize: 187 bytes\t TransferDuration: 0 ms\n",
        "ingestionTime": 1745266933736,
        "eventId": "38920753080561519112021862297640578637926214682341408816"
    },
    {
        "logStreamName": "2025/04/21/[$LATEST]54c23236a6b148e9877eb5bab20ea5c5",
        "timestamp": 1745266928709,
        "message": "[INFO]\t2025-04-21T20:22:08.709Z\t5c613796-84a4-402a-8940-2965cafdd930\tFILE_TRANSFER RequestId: 5c613796-84a4-402a-8940-2965cafdd930\t TransferType: consumed\t Action: download_from_s3\t FileName: tree_ORTHOMCL787_Inner1.nexus\t Bucket: denethor\t FilePath: subtree/tree_ORTHOMCL787_Inner1.nexus\t FilePathLocal: /tmp/subtree\t FileSize: 187 bytes\t TransferDuration: 0 ms\n",
        "ingestionTime": 1745266933736,
        "eventId": "38920753080561519112021862297640578637926214682341408817"
    },
    {
        "logStreamName": "2025/04/21/[$LATEST]54c23236a6b148e9877eb5bab20ea5c5",
        "timestamp": 1745266928730,
        "message": "[INFO] 2025-04-21T20:22:08GMT File tree_ORTHOMCL787_Inner2.nexus already exists in local path. Skipping download.\n",
        "ingestionTime": 1745266933736,
        "eventId": "38920753081029834761191005383612828721651830273966997554"
    },
    {
        "logStreamName": "2025/04/21/[$LATEST]54c23236a6b148e9877eb5bab20ea5c5",
        "timestamp": 1745266928730,
        "message": "[INFO]\t2025-04-21T20:22:08.729Z\t5c613796-84a4-402a-8940-2965cafdd930\tFile tree_ORTHOMCL787_Inner2.nexus already exists in local path. Skipping download.\n",
        "ingestionTime": 1745266933736,
        "eventId": "38920753081029834761191005383612828721651830273966997555"
    },
    {
        "logStreamName": "2025/04/21/[$LATEST]54c23236a6b148e9877eb5bab20ea5c5",
        "timestamp": 1745266928730,
        "message": "[INFO] 2025-04-21T20:22:08GMT FILE_TRANSFER RequestId: 5c613796-84a4-402a-8940-2965cafdd930\t TransferType: consumed\t Action: download_from_s3\t FileName: tree_ORTHOMCL787_Inner2.nexus\t Bucket: denethor\t FilePath: subtree/tree_ORTHOMCL787_Inner2.nexus\t FilePathLocal: /tmp/subtree\t FileSize: 193 bytes\t TransferDuration: 0 ms\n",
        "ingestionTime": 1745266933736,
        "eventId": "38920753081029834761191005383612828721651830273966997556"
    },
    {
        "logStreamName": "2025/04/21/[$LATEST]54c23236a6b148e9877eb5bab20ea5c5",
        "timestamp": 1745266928730,
        "message": "[INFO]\t2025-04-21T20:22:08.730Z\t5c613796-84a4-402a-8940-2965cafdd930\tFILE_TRANSFER RequestId: 5c613796-84a4-402a-8940-2965cafdd930\t TransferType: consumed\t Action: download_from_s3\t FileName: tree_ORTHOMCL787_Inner2.nexus\t Bucket: denethor\t FilePath: subtree/tree_ORTHOMCL787_Inner2.nexus\t FilePathLocal: /tmp/subtree\t FileSize: 193 bytes\t TransferDuration: 0 ms\n",
        "ingestionTime": 1745266933736,
        "eventId": "38920753081029834761191005383612828721651830273966997557"
    },
    {
        "logStreamName": "2025/04/21/[$LATEST]54c23236a6b148e9877eb5bab20ea5c5",
        "timestamp": 1745266928751,
        "message": "[INFO] 2025-04-21T20:22:08GMT File tree_ORTHOMCL787_Inner3.nexus already exists in local path. Skipping download.\n",
        "ingestionTime": 1745266933736,
        "eventId": "38920753081498150410360148469585078805377445865592586294"
    },
    {
        "logStreamName": "2025/04/21/[$LATEST]54c23236a6b148e9877eb5bab20ea5c5",
        "timestamp": 1745266928751,
        "message": "[INFO]\t2025-04-21T20:22:08.751Z\t5c613796-84a4-402a-8940-2965cafdd930\tFile tree_ORTHOMCL787_Inner3.nexus already exists in local path. Skipping download.\n",
        "ingestionTime": 1745266933736,
        "eventId": "38920753081498150410360148469585078805377445865592586295"
    },
    {
        "logStreamName": "2025/04/21/[$LATEST]54c23236a6b148e9877eb5bab20ea5c5",
        "timestamp": 1745266928751,
        "message": "[INFO] 2025-04-21T20:22:08GMT FILE_TRANSFER RequestId: 5c613796-84a4-402a-8940-2965cafdd930\t TransferType: consumed\t Action: download_from_s3\t FileName: tree_ORTHOMCL787_Inner3.nexus\t Bucket: denethor\t FilePath: subtree/tree_ORTHOMCL787_Inner3.nexus\t FilePathLocal: /tmp/subtree\t FileSize: 243 bytes\t TransferDuration: 0 ms\n",
        "ingestionTime": 1745266933736,
        "eventId": "38920753081498150410360148469585078805377445865592586296"
    },
    {
        "logStreamName": "2025/04/21/[$LATEST]54c23236a6b148e9877eb5bab20ea5c5",
        "timestamp": 1745266928751,
        "message": "[INFO]\t2025-04-21T20:22:08.751Z\t5c613796-84a4-402a-8940-2965cafdd930\tFILE_TRANSFER RequestId: 5c613796-84a4-402a-8940-2965cafdd930\t TransferType: consumed\t Action: download_from_s3\t FileName: tree_ORTHOMCL787_Inner3.nexus\t Bucket: denethor\t FilePath: subtree/tree_ORTHOMCL787_Inner3.nexus\t FilePathLocal: /tmp/subtree\t FileSize: 243 bytes\t TransferDuration: 0 ms\n",
        "ingestionTime": 1745266933736,
        "eventId": "38920753081498150410360148469585078805377445865592586297"
    },
    {
        "logStreamName": "2025/04/21/[$LATEST]54c23236a6b148e9877eb5bab20ea5c5",
        "timestamp": 1745266928807,
        "message": "[INFO]\t2025-04-21T20:22:08.807Z\t5c613796-84a4-402a-8940-2965cafdd930\tFile tree_ORTHOMCL787_Inner4.nexus already exists in local path. Skipping download.\n",
        "ingestionTime": 1745266933736,
        "eventId": "38920753082746992141477863365511079028645754109927489594"
    },
    {
        "logStreamName": "2025/04/21/[$LATEST]54c23236a6b148e9877eb5bab20ea5c5",
        "timestamp": 1745266928807,
        "message": "[INFO] 2025-04-21T20:22:08GMT File tree_ORTHOMCL787_Inner4.nexus already exists in local path. Skipping download.\n",
        "ingestionTime": 1745266933736,
        "eventId": "38920753082746992141477863365511079028645754109927489595"
    },
    {
        "logStreamName": "2025/04/21/[$LATEST]54c23236a6b148e9877eb5bab20ea5c5",
        "timestamp": 1745266928807,
        "message": "[INFO] 2025-04-21T20:22:08GMT FILE_TRANSFER RequestId: 5c613796-84a4-402a-8940-2965cafdd930\t TransferType: consumed\t Action: download_from_s3\t FileName: tree_ORTHOMCL787_Inner4.nexus\t Bucket: denethor\t FilePath: subtree/tree_ORTHOMCL787_Inner4.nexus\t FilePathLocal: /tmp/subtree\t FileSize: 413 bytes\t TransferDuration: 0 ms\n",
        "ingestionTime": 1745266933736,
        "eventId": "38920753082746992141477863365511079028645754109927489596"
    },
    {
        "logStreamName": "2025/04/21/[$LATEST]54c23236a6b148e9877eb5bab20ea5c5",
        "timestamp": 1745266928807,
        "message": "[INFO]\t2025-04-21T20:22:08.807Z\t5c613796-84a4-402a-8940-2965cafdd930\tFILE_TRANSFER RequestId: 5c613796-84a4-402a-8940-2965cafdd930\t TransferType: consumed\t Action: download_from_s3\t FileName: tree_ORTHOMCL787_Inner4.nexus\t Bucket: denethor\t FilePath: subtree/tree_ORTHOMCL787_Inner4.nexus\t FilePathLocal: /tmp/subtree\t FileSize: 413 bytes\t TransferDuration: 0 ms\n",
        "ingestionTime": 1745266933736,
        "eventId": "38920753082746992141477863365511079028645754109927489597"
    },
    {
        "logStreamName": "2025/04/21/[$LATEST]54c23236a6b148e9877eb5bab20ea5c5",
        "timestamp": 1745266928828,
        "message": "[INFO] 2025-04-21T20:22:08GMT File tree_ORTHOMCL1861_Inner1.nexus already exists in local path. Skipping download.\n",
        "ingestionTime": 1745266933736,
        "eventId": "38920753083215307790647006451483329112371369701553078334"
    },
    {
        "logStreamName": "2025/04/21/[$LATEST]54c23236a6b148e9877eb5bab20ea5c5",
        "timestamp": 1745266928828,
        "message": "[INFO]\t2025-04-21T20:22:08.828Z\t5c613796-84a4-402a-8940-2965cafdd930\tFile tree_ORTHOMCL1861_Inner1.nexus already exists in local path. Skipping download.\n",
        "ingestionTime": 1745266933736,
        "eventId": "38920753083215307790647006451483329112371369701553078335"
    },
    {
        "logStreamName": "2025/04/21/[$LATEST]54c23236a6b148e9877eb5bab20ea5c5",
        "timestamp": 1745266928828,
        "message": "[INFO] 2025-04-21T20:22:08GMT FILE_TRANSFER RequestId: 5c613796-84a4-402a-8940-2965cafdd930\t TransferType: consumed\t Action: download_from_s3\t FileName: tree_ORTHOMCL1861_Inner1.nexus\t Bucket: denethor\t FilePath: subtree/tree_ORTHOMCL1861_Inner1.nexus\t FilePathLocal: /tmp/subtree\t FileSize: 185 bytes\t TransferDuration: 0 ms\n",
        "ingestionTime": 1745266933736,
        "eventId": "38920753083215307790647006451483329112371369701553078336"
    },
    {
        "logStreamName": "2025/04/21/[$LATEST]54c23236a6b148e9877eb5bab20ea5c5",
        "timestamp": 1745266928828,
        "message": "[INFO]\t2025-04-21T20:22:08.828Z\t5c613796-84a4-402a-8940-2965cafdd930\tFILE_TRANSFER RequestId: 5c613796-84a4-402a-8940-2965cafdd930\t TransferType: consumed\t Action: download_from_s3\t FileName: tree_ORTHOMCL1861_Inner1.nexus\t Bucket: denethor\t FilePath: subtree/tree_ORTHOMCL1861_Inner1.nexus\t FilePathLocal: /tmp/subtree\t FileSize: 185 bytes\t TransferDuration: 0 ms\n",
        "ingestionTime": 1745266933736,
        "eventId": "38920753083215307790647006451483329112371369701553078337"
    },
    {
        "logStreamName": "2025/04/21/[$LATEST]54c23236a6b148e9877eb5bab20ea5c5",
        "timestamp": 1745266928867,
        "message": "[INFO] 2025-04-21T20:22:08GMT File tree_ORTHOMCL1861_Inner2.nexus already exists in local path. Skipping download.\n",
        "ingestionTime": 1745266933736,
        "eventId": "38920753084085036853389700754003222125004655800286314562"
    },
    {
        "logStreamName": "2025/04/21/[$LATEST]54c23236a6b148e9877eb5bab20ea5c5",
        "timestamp": 1745266928867,
        "message": "[INFO]\t2025-04-21T20:22:08.867Z\t5c613796-84a4-402a-8940-2965cafdd930\tFile tree_ORTHOMCL1861_Inner2.nexus already exists in local path. Skipping download.\n",
        "ingestionTime": 1745266933736,
        "eventId": "38920753084085036853389700754003222125004655800286314563"
    },
    {
        "logStreamName": "2025/04/21/[$LATEST]54c23236a6b148e9877eb5bab20ea5c5",
        "timestamp": 1745266928867,
        "message": "[INFO] 2025-04-21T20:22:08GMT FILE_TRANSFER RequestId: 5c613796-84a4-402a-8940-2965cafdd930\t TransferType: consumed\t Action: download_from_s3\t FileName: tree_ORTHOMCL1861_Inner2.nexus\t Bucket: denethor\t FilePath: subtree/tree_ORTHOMCL1861_Inner2.nexus\t FilePathLocal: /tmp/subtree\t FileSize: 187 bytes\t TransferDuration: 0 ms\n",
        "ingestionTime": 1745266933736,
        "eventId": "38920753084085036853389700754003222125004655800286314564"
    },
    {
        "logStreamName": "2025/04/21/[$LATEST]54c23236a6b148e9877eb5bab20ea5c5",
        "timestamp": 1745266928868,
        "message": "[INFO]\t2025-04-21T20:22:08.867Z\t5c613796-84a4-402a-8940-2965cafdd930\tFILE_TRANSFER RequestId: 5c613796-84a4-402a-8940-2965cafdd930\t TransferType: consumed\t Action: download_from_s3\t FileName: tree_ORTHOMCL1861_Inner2.nexus\t Bucket: denethor\t FilePath: subtree/tree_ORTHOMCL1861_Inner2.nexus\t FilePathLocal: /tmp/subtree\t FileSize: 187 bytes\t TransferDuration: 0 ms\n",
        "ingestionTime": 1745266933736,
        "eventId": "38920753084107337598588231377144757843277304161792294981"
    },
    {
        "logStreamName": "2025/04/21/[$LATEST]54c23236a6b148e9877eb5bab20ea5c5",
        "timestamp": 1745266928889,
        "message": "[INFO] 2025-04-21T20:22:08GMT File tree_ORTHOMCL1861_Inner3.nexus already exists in local path. Skipping download.\n",
        "ingestionTime": 1745266933736,
        "eventId": "38920753084575653247757374463117007927002919753417883718"
    },
    {
        "logStreamName": "2025/04/21/[$LATEST]54c23236a6b148e9877eb5bab20ea5c5",
        "timestamp": 1745266928889,
        "message": "[INFO]\t2025-04-21T20:22:08.888Z\t5c613796-84a4-402a-8940-2965cafdd930\tFile tree_ORTHOMCL1861_Inner3.nexus already exists in local path. Skipping download.\n",
        "ingestionTime": 1745266933736,
        "eventId": "38920753084575653247757374463117007927002919753417883719"
    },
    {
        "logStreamName": "2025/04/21/[$LATEST]54c23236a6b148e9877eb5bab20ea5c5",
        "timestamp": 1745266928889,
        "message": "[INFO] 2025-04-21T20:22:08GMT FILE_TRANSFER RequestId: 5c613796-84a4-402a-8940-2965cafdd930\t TransferType: consumed\t Action: download_from_s3\t FileName: tree_ORTHOMCL1861_Inner3.nexus\t Bucket: denethor\t FilePath: subtree/tree_ORTHOMCL1861_Inner3.nexus\t FilePathLocal: /tmp/subtree\t FileSize: 349 bytes\t TransferDuration: 0 ms\n",
        "ingestionTime": 1745266933736,
        "eventId": "38920753084575653247757374463117007927002919753417883720"
    },
    {
        "logStreamName": "2025/04/21/[$LATEST]54c23236a6b148e9877eb5bab20ea5c5",
        "timestamp": 1745266928889,
        "message": "[INFO]\t2025-04-21T20:22:08.889Z\t5c613796-84a4-402a-8940-2965cafdd930\tFILE_TRANSFER RequestId: 5c613796-84a4-402a-8940-2965cafdd930\t TransferType: consumed\t Action: download_from_s3\t FileName: tree_ORTHOMCL1861_Inner3.nexus\t Bucket: denethor\t FilePath: subtree/tree_ORTHOMCL1861_Inner3.nexus\t FilePathLocal: /tmp/subtree\t FileSize: 349 bytes\t TransferDuration: 0 ms\n",
        "ingestionTime": 1745266933736,
        "eventId": "38920753084575653247757374463117007927002919753417883721"
    },
    {
        "logStreamName": "2025/04/21/[$LATEST]54c23236a6b148e9877eb5bab20ea5c5",
        "timestamp": 1745266928889,
        "message": "[INFO] 2025-04-21T20:22:08GMT CONSUMED_FILES_INFO RequestId: 5c613796-84a4-402a-8940-2965cafdd930\t FilesCount: 7 files\t FilesSize: 1757 bytes\t TransferDuration: 0 ms\t ConsumedFiles: ['tree_ORTHOMCL787_Inner1.nexus', 'tree_ORTHOMCL787_Inner2.nexus', 'tree_ORTHOMCL787_Inner3.nexus', 'tree_ORTHOMCL787_Inner4.nexus', 'tree_ORTHOMCL1861_Inner1.nexus', 'tree_ORTHOMCL1861_Inner2.nexus', 'tree_ORTHOMCL1861_Inner3.nexus']\n",
        "ingestionTime": 1745266933736,
        "eventId": "38920753084575653247757374463117007927002919753417883722"
    },
    {
        "logStreamName": "2025/04/21/[$LATEST]54c23236a6b148e9877eb5bab20ea5c5",
        "timestamp": 1745266928889,
        "message": "[INFO]\t2025-04-21T20:22:08.889Z\t5c613796-84a4-402a-8940-2965cafdd930\tCONSUMED_FILES_INFO RequestId: 5c613796-84a4-402a-8940-2965cafdd930\t FilesCount: 7 files\t FilesSize: 1757 bytes\t TransferDuration: 0 ms\t ConsumedFiles: ['tree_ORTHOMCL787_Inner1.nexus', 'tree_ORTHOMCL787_Inner2.nexus', 'tree_ORTHOMCL787_Inner3.nexus', 'tree_ORTHOMCL787_Inner4.nexus', 'tree_ORTHOMCL1861_Inner1.nexus', 'tree_ORTHOMCL1861_Inner2.nexus', 'tree_ORTHOMCL1861_Inner3.nexus']\n",
        "ingestionTime": 1745266933736,
        "eventId": "38920753084575653247757374463117007927002919753417883723"
    },
    {
        "logStreamName": "2025/04/21/[$LATEST]54c23236a6b148e9877eb5bab20ea5c5",
        "timestamp": 1745266928889,
        "message": "subtree_matrix: processing file tree_ORTHOMCL1861_Inner1.nexus of ['tree_ORTHOMCL1861_Inner1.nexus', 'tree_ORTHOMCL1861_Inner2.nexus', 'tree_ORTHOMCL1861_Inner3.nexus']\n",
        "ingestionTime": 1745266933736,
        "eventId": "38920753084575653247757374463117007927002919753417883724"
    },
    {
        "logStreamName": "2025/04/21/[$LATEST]54c23236a6b148e9877eb5bab20ea5c5",
        "timestamp": 1745266928909,
        "message": "subtree_matrix: processing file tree_ORTHOMCL1861_Inner2.nexus of ['tree_ORTHOMCL1861_Inner1.nexus', 'tree_ORTHOMCL1861_Inner2.nexus', 'tree_ORTHOMCL1861_Inner3.nexus']\n",
        "ingestionTime": 1745266933736,
        "eventId": "38920753085021668151727986925947722292455886983537492045"
    },
    {
        "logStreamName": "2025/04/21/[$LATEST]54c23236a6b148e9877eb5bab20ea5c5",
        "timestamp": 1745266928949,
        "message": "subtree_matrix: processing file tree_ORTHOMCL1861_Inner3.nexus of ['tree_ORTHOMCL1861_Inner1.nexus', 'tree_ORTHOMCL1861_Inner2.nexus', 'tree_ORTHOMCL1861_Inner3.nexus']\n",
        "ingestionTime": 1745266933736,
        "eventId": "38920753085913697959669211851609151023361821443776708686"
    },
    {
        "logStreamName": "2025/04/21/[$LATEST]54c23236a6b148e9877eb5bab20ea5c5",
        "timestamp": 1745266928969,
        "message": "Tempo de construção do maf_database: 79.6288800002003 milissegundos\n",
        "ingestionTime": 1745266933736,
        "eventId": "38920753086359712863639824314439865388814788673896317007"
    },
    {
        "logStreamName": "2025/04/21/[$LATEST]54c23236a6b148e9877eb5bab20ea5c5",
        "timestamp": 1745266928969,
        "message": "[INFO] 2025-04-21T20:22:08GMT MAF_DATABASE_CREATOR RequestId: 5c613796-84a4-402a-8940-2965cafdd930\t Duration: 79.6288800002003 ms\t InputSubtrees: ['tree_ORTHOMCL1861_Inner1.nexus', 'tree_ORTHOMCL1861_Inner2.nexus', 'tree_ORTHOMCL1861_Inner3.nexus']\t MafDatabaseFile: mafdb_71e9833f3ea4a65edd4eec8abc96b355dbbc4341d38f183a3772958d855c9a2a.json\n",
        "ingestionTime": 1745266933736,
        "eventId": "38920753086359712863639824314439865388814788673896317008"
    },
    {
        "logStreamName": "2025/04/21/[$LATEST]54c23236a6b148e9877eb5bab20ea5c5",
        "timestamp": 1745266928969,
        "message": "[INFO]\t2025-04-21T20:22:08.969Z\t5c613796-84a4-402a-8940-2965cafdd930\tMAF_DATABASE_CREATOR RequestId: 5c613796-84a4-402a-8940-2965cafdd930\t Duration: 79.6288800002003 ms\t InputSubtrees: ['tree_ORTHOMCL1861_Inner1.nexus', 'tree_ORTHOMCL1861_Inner2.nexus', 'tree_ORTHOMCL1861_Inner3.nexus']\t MafDatabaseFile: mafdb_71e9833f3ea4a65edd4eec8abc96b355dbbc4341d38f183a3772958d855c9a2a.json\n",
        "ingestionTime": 1745266933736,
        "eventId": "38920753086359712863639824314439865388814788673896317009"
    },
    {
        "logStreamName": "2025/04/21/[$LATEST]54c23236a6b148e9877eb5bab20ea5c5",
        "timestamp": 1745266929121,
        "message": "FILE_TRANSFER RequestId: 5c613796-84a4-402a-8940-2965cafdd930\t TransferType: produced\t Action: upload_to_s3\t FileName: mafdb_71e9833f3ea4a65edd4eec8abc96b355dbbc4341d38f183a3772958d855c9a2a.json\t Bucket: denethor\t FilePath: mafdb/mafdb_71e9833f3ea4a65edd4eec8abc96b355dbbc4341d38f183a3772958d855c9a2a.json\t LocalFilePath: /tmp/mafdb/mafdb_71e9833f3ea4a65edd4eec8abc96b355dbbc4341d38f183a3772958d855c9a2a.json\t FileSize: 194 bytes\t TransferDuration: 51.69557900012478 ms\n",
        "ingestionTime": 1745266933736,
        "eventId": "38920753089749426133816479031953294566257339622805340242"
    },
    {
        "logStreamName": "2025/04/21/[$LATEST]54c23236a6b148e9877eb5bab20ea5c5",
        "timestamp": 1745266929121,
        "message": "PRODUCED_FILES_INFO RequestId: 5c613796-84a4-402a-8940-2965cafdd930\t FilesCount: 1 files\t FilesSize: 194 bytes\t TransferDuration: 51.69557900012478 ms\t Provider: aws_lambda\t  ProducedFiles: ['mafdb_71e9833f3ea4a65edd4eec8abc96b355dbbc4341d38f183a3772958d855c9a2a.json']\n",
        "ingestionTime": 1745266933736,
        "eventId": "38920753089749426133816479031953294566257339622805340243"
    },
    {
        "logStreamName": "2025/04/21/[$LATEST]54c23236a6b148e9877eb5bab20ea5c5",
        "timestamp": 1745266929123,
        "message": "END RequestId: 5c613796-84a4-402a-8940-2965cafdd930\n",
        "ingestionTime": 1745266933736,
        "eventId": "38920753089794027624213540278236366002802636345817301076"
    },
    {
        "logStreamName": "2025/04/21/[$LATEST]54c23236a6b148e9877eb5bab20ea5c5",
        "timestamp": 1745266929123,
        "message": "REPORT RequestId: 5c613796-84a4-402a-8940-2965cafdd930\tDuration: 418.24 ms\tBilled Duration: 419 ms\tMemory Size: 256 MB\tMax Memory Used: 108 MB\t\n",
        "ingestionTime": 1745266933736,
        "eventId": "38920753089794027624213540278236366002802636345817301077"
    }
]