[
    {
        "logStreamName": "2025/04/21/[$LATEST]972313a7a85d4620844056dbca882a47",
        "timestamp": 1745271329018,
        "message": "INIT_START Runtime Version: python:3.10.v64\tRuntime Version ARN: arn:aws:lambda:sa-east-1::runtime:d56bdc8857b2109a058de2ab50bfb80ac2aa600be6f7855a436859944e5fe54b\n",
        "ingestionTime": 1745271334778,
        "eventId": "38920851210731322913109652926069100105346883449448038400"
    },
    {
        "logStreamName": "2025/04/21/[$LATEST]972313a7a85d4620844056dbca882a47",
        "timestamp": 1745271329900,
        "message": "START RequestId: a7f47323-587c-472a-afac-46bee9955451 Version: $LATEST\n",
        "ingestionTime": 1745271334778,
        "eventId": "38920851230400580178213662536903603621822738297722765313"
    },
    {
        "logStreamName": "2025/04/21/[$LATEST]972313a7a85d4620844056dbca882a47",
        "timestamp": 1745271329901,
        "message": "Directory /tmp/input was created!\n",
        "ingestionTime": 1745271334778,
        "eventId": "38920851230422880923412193160045139340095386659228745730"
    },
    {
        "logStreamName": "2025/04/21/[$LATEST]972313a7a85d4620844056dbca882a47",
        "timestamp": 1745271329901,
        "message": "Directory /tmp/tree was created!\n",
        "ingestionTime": 1745271334778,
        "eventId": "38920851230422880923412193160045139340095386659228745731"
    },
    {
        "logStreamName": "2025/04/21/[$LATEST]972313a7a85d4620844056dbca882a47",
        "timestamp": 1745271329990,
        "message": "FILE_TRANSFER RequestId: a7f47323-587c-472a-afac-46bee9955451\t TransferType: consumed\t Action: download_from_s3\t FileName: ORTHOMCL1\t Bucket: denethor\t FilePath: data/full_dataset/ORTHOMCL1\t LocalFilePath: /tmp/input/ORTHOMCL1\t FileSize: 1662 bytes\t TransferDuration: 88.732293999783 ms\n",
        "ingestionTime": 1745271334778,
        "eventId": "38920851232407647246081418619641818266361090833261002756"
    },
    {
        "logStreamName": "2025/04/21/[$LATEST]972313a7a85d4620844056dbca882a47",
        "timestamp": 1745271329990,
        "message": "CONSUMED_FILES_INFO RequestId: a7f47323-587c-472a-afac-46bee9955451\t FilesCount: 1 files\t FilesSize: 1662 bytes\t TransferDuration: 88.732293999783 ms\t ConsumedFiles: ['ORTHOMCL1']\n",
        "ingestionTime": 1745271334778,
        "eventId": "38920851232407647246081418619641818266361090833261002757"
    },
    {
        "logStreamName": "2025/04/21/[$LATEST]972313a7a85d4620844056dbca882a47",
        "timestamp": 1745271330014,
        "message": "[INFO]\t2025-04-21T21:35:30.013Z\ta7f47323-587c-472a-afac-46bee9955451\tTREE_CONSTRUCTOR RequestId: a7f47323-587c-472a-afac-46bee9955451\t Duration: 22.957045999646652 ms\t InputFile:ORTHOMCL1\t OutputFile:['tree_ORTHOMCL1.nexus']\n",
        "ingestionTime": 1745271334778,
        "eventId": "38920851232942865130846153575038675504904651509404532742"
    },
    {
        "logStreamName": "2025/04/21/[$LATEST]972313a7a85d4620844056dbca882a47",
        "timestamp": 1745271330014,
        "message": "[INFO] 2025-04-21T21:35:30GMT TREE_CONSTRUCTOR RequestId: a7f47323-587c-472a-afac-46bee9955451\t Duration: 22.957045999646652 ms\t InputFile:ORTHOMCL1\t OutputFile:['tree_ORTHOMCL1.nexus']\n",
        "ingestionTime": 1745271334778,
        "eventId": "38920851232942865130846153575038675504904651509404532743"
    },
    {
        "logStreamName": "2025/04/21/[$LATEST]972313a7a85d4620844056dbca882a47",
        "timestamp": 1745271330157,
        "message": "FILE_TRANSFER RequestId: a7f47323-587c-472a-afac-46bee9955451\t TransferType: produced\t Action: upload_to_s3\t FileName: tree_ORTHOMCL1.nexus\t Bucket: denethor\t FilePath: tree/tree_ORTHOMCL1.nexus\t LocalFilePath: /tmp/tree/tree_ORTHOMCL1.nexus\t FileSize: 339 bytes\t TransferDuration: 42.90826499982359 ms\n",
        "ingestionTime": 1745271334778,
        "eventId": "38920851236131871694236032684278283217893367204759732232"
    },
    {
        "logStreamName": "2025/04/21/[$LATEST]972313a7a85d4620844056dbca882a47",
        "timestamp": 1745271330157,
        "message": "PRODUCED_FILES_INFO RequestId: a7f47323-587c-472a-afac-46bee9955451\t FilesCount: 1 files\t FilesSize: 339 bytes\t TransferDuration: 42.90826499982359 ms\t Provider: aws_lambda\t  ProducedFiles: ['tree_ORTHOMCL1.nexus']\n",
        "ingestionTime": 1745271334778,
        "eventId": "38920851236131871694236032684278283217893367204759732233"
    },
    {
        "logStreamName": "2025/04/21/[$LATEST]972313a7a85d4620844056dbca882a47",
        "timestamp": 1745271330159,
        "message": "END RequestId: a7f47323-587c-472a-afac-46bee9955451\n",
        "ingestionTime": 1745271334778,
        "eventId": "38920851236176473184633093930561354654438663927771693066"
    },
    {
        "logStreamName": "2025/04/21/[$LATEST]972313a7a85d4620844056dbca882a47",
        "timestamp": 1745271330159,
        "message": "REPORT RequestId: a7f47323-587c-472a-afac-46bee9955451\tDuration: 258.82 ms\tBilled Duration: 259 ms\tMemory Size: 2048 MB\tMax Memory Used: 112 MB\tInit Duration: 881.50 ms\t\n",
        "ingestionTime": 1745271334778,
        "eventId": "38920851236176473184633093930561354654438663927771693067"
    },
    {
        "logStreamName": "2025/04/21/[$LATEST]972313a7a85d4620844056dbca882a47",
        "timestamp": 1745271330389,
        "message": "START RequestId: b4ac9be5-e7fb-46b1-bad5-f277baeb2d2b Version: $LATEST\n",
        "ingestionTime": 1745271334778,
        "eventId": "38920851241305644580295137253114569857147787074147188748"
    },
    {
        "logStreamName": "2025/04/21/[$LATEST]972313a7a85d4620844056dbca882a47",
        "timestamp": 1745271330440,
        "message": "FILE_TRANSFER RequestId: b4ac9be5-e7fb-46b1-bad5-f277baeb2d2b\t TransferType: consumed\t Action: download_from_s3\t FileName: ORTHOMCL424\t Bucket: denethor\t FilePath: data/full_dataset/ORTHOMCL424\t LocalFilePath: /tmp/input/ORTHOMCL424\t FileSize: 3233 bytes\t TransferDuration: 50.11305700008961 ms\n",
        "ingestionTime": 1745271334778,
        "eventId": "38920851242442982585420199033332891489052853510952189965"
    },
    {
        "logStreamName": "2025/04/21/[$LATEST]972313a7a85d4620844056dbca882a47",
        "timestamp": 1745271330440,
        "message": "CONSUMED_FILES_INFO RequestId: b4ac9be5-e7fb-46b1-bad5-f277baeb2d2b\t FilesCount: 1 files\t FilesSize: 3233 bytes\t TransferDuration: 50.11305700008961 ms\t ConsumedFiles: ['ORTHOMCL424']\n",
        "ingestionTime": 1745271334778,
        "eventId": "38920851242442982585420199033332891489052853510952189966"
    },
    {
        "logStreamName": "2025/04/21/[$LATEST]972313a7a85d4620844056dbca882a47",
        "timestamp": 1745271330475,
        "message": "[INFO]\t2025-04-21T21:35:30.475Z\tb4ac9be5-e7fb-46b1-bad5-f277baeb2d2b\tTREE_CONSTRUCTOR RequestId: b4ac9be5-e7fb-46b1-bad5-f277baeb2d2b\t Duration: 34.8366809998879 ms\t InputFile:ORTHOMCL424\t OutputFile:['tree_ORTHOMCL424.nexus']\n",
        "ingestionTime": 1745271334778,
        "eventId": "38920851243223508667368770843286641628595546163661504527"
    },
    {
        "logStreamName": "2025/04/21/[$LATEST]972313a7a85d4620844056dbca882a47",
        "timestamp": 1745271330475,
        "message": "[INFO] 2025-04-21T21:35:30GMT TREE_CONSTRUCTOR RequestId: b4ac9be5-e7fb-46b1-bad5-f277baeb2d2b\t Duration: 34.8366809998879 ms\t InputFile:ORTHOMCL424\t OutputFile:['tree_ORTHOMCL424.nexus']\n",
        "ingestionTime": 1745271334778,
        "eventId": "38920851243223508667368770843286641628595546163661504528"
    },
    {
        "logStreamName": "2025/04/21/[$LATEST]972313a7a85d4620844056dbca882a47",
        "timestamp": 1745271330615,
        "message": "FILE_TRANSFER RequestId: b4ac9be5-e7fb-46b1-bad5-f277baeb2d2b\t TransferType: produced\t Action: upload_to_s3\t FileName: tree_ORTHOMCL424.nexus\t Bucket: denethor\t FilePath: tree/tree_ORTHOMCL424.nexus\t LocalFilePath: /tmp/tree/tree_ORTHOMCL424.nexus\t FileSize: 527 bytes\t TransferDuration: 39.148172000295745 ms\n",
        "ingestionTime": 1745271334778,
        "eventId": "38920851246345612995163058083101642186766316774498762769"
    },
    {
        "logStreamName": "2025/04/21/[$LATEST]972313a7a85d4620844056dbca882a47",
        "timestamp": 1745271330615,
        "message": "PRODUCED_FILES_INFO RequestId: b4ac9be5-e7fb-46b1-bad5-f277baeb2d2b\t FilesCount: 1 files\t FilesSize: 527 bytes\t TransferDuration: 39.148172000295745 ms\t Provider: aws_lambda\t  ProducedFiles: ['tree_ORTHOMCL424.nexus']\n",
        "ingestionTime": 1745271334778,
        "eventId": "38920851246345612995163058083101642186766316774498762770"
    },
    {
        "logStreamName": "2025/04/21/[$LATEST]972313a7a85d4620844056dbca882a47",
        "timestamp": 1745271330616,
        "message": "END RequestId: b4ac9be5-e7fb-46b1-bad5-f277baeb2d2b\n",
        "ingestionTime": 1745271334778,
        "eventId": "38920851246367913740361588706243177905038965136004743187"
    },
    {
        "logStreamName": "2025/04/21/[$LATEST]972313a7a85d4620844056dbca882a47",
        "timestamp": 1745271330616,
        "message": "REPORT RequestId: b4ac9be5-e7fb-46b1-bad5-f277baeb2d2b\tDuration: 226.35 ms\tBilled Duration: 227 ms\tMemory Size: 2048 MB\tMax Memory Used: 112 MB\t\n",
        "ingestionTime": 1745271334778,
        "eventId": "38920851246367913740361588706243177905038965136004743188"
    },
    {
        "logStreamName": "2025/04/21/[$LATEST]972313a7a85d4620844056dbca882a47",
        "timestamp": 1745271330767,
        "message": "START RequestId: cbdc1113-0003-4f26-aa66-3f91aae8f5e2 Version: $LATEST\n",
        "ingestionTime": 1745271334778,
        "eventId": "38920851249735326265339712800615071364208867723407786005"
    },
    {
        "logStreamName": "2025/04/21/[$LATEST]972313a7a85d4620844056dbca882a47",
        "timestamp": 1745271330827,
        "message": "FILE_TRANSFER RequestId: cbdc1113-0003-4f26-aa66-3f91aae8f5e2\t TransferType: consumed\t Action: download_from_s3\t FileName: ORTHOMCL613\t Bucket: denethor\t FilePath: data/full_dataset/ORTHOMCL613\t LocalFilePath: /tmp/input/ORTHOMCL613\t FileSize: 3356 bytes\t TransferDuration: 59.51781199973993 ms\n",
        "ingestionTime": 1745271334778,
        "eventId": "38920851251073370977251550189107214460567769413766610966"
    },
    {
        "logStreamName": "2025/04/21/[$LATEST]972313a7a85d4620844056dbca882a47",
        "timestamp": 1745271330827,
        "message": "CONSUMED_FILES_INFO RequestId: cbdc1113-0003-4f26-aa66-3f91aae8f5e2\t FilesCount: 1 files\t FilesSize: 3356 bytes\t TransferDuration: 59.51781199973993 ms\t ConsumedFiles: ['ORTHOMCL613']\n",
        "ingestionTime": 1745271334778,
        "eventId": "38920851251073370977251550189107214460567769413766610967"
    },
    {
        "logStreamName": "2025/04/21/[$LATEST]972313a7a85d4620844056dbca882a47",
        "timestamp": 1745271330887,
        "message": "[INFO]\t2025-04-21T21:35:30.887Z\tcbdc1113-0003-4f26-aa66-3f91aae8f5e2\tTREE_CONSTRUCTOR RequestId: cbdc1113-0003-4f26-aa66-3f91aae8f5e2\t Duration: 59.3633650000811 ms\t InputFile:ORTHOMCL613\t OutputFile:['tree_ORTHOMCL613.nexus']\n",
        "ingestionTime": 1745271334778,
        "eventId": "38920851252411415689163387577599357556926671104125435928"
    },
    {
        "logStreamName": "2025/04/21/[$LATEST]972313a7a85d4620844056dbca882a47",
        "timestamp": 1745271330887,
        "message": "[INFO] 2025-04-21T21:35:30GMT TREE_CONSTRUCTOR RequestId: cbdc1113-0003-4f26-aa66-3f91aae8f5e2\t Duration: 59.3633650000811 ms\t InputFile:ORTHOMCL613\t OutputFile:['tree_ORTHOMCL613.nexus']\n",
        "ingestionTime": 1745271334778,
        "eventId": "38920851252411415689163387577599357556926671104125435929"
    },
    {
        "logStreamName": "2025/04/21/[$LATEST]972313a7a85d4620844056dbca882a47",
        "timestamp": 1745271331036,
        "message": "FILE_TRANSFER RequestId: cbdc1113-0003-4f26-aa66-3f91aae8f5e2\t TransferType: produced\t Action: upload_to_s3\t FileName: tree_ORTHOMCL613.nexus\t Bucket: denethor\t FilePath: tree/tree_ORTHOMCL613.nexus\t LocalFilePath: /tmp/tree/tree_ORTHOMCL613.nexus\t FileSize: 455 bytes\t TransferDuration: 49.08930700003111 ms\n",
        "ingestionTime": 1745271334778,
        "eventId": "38920851255734226723744450425688179579551276968516517914"
    },
    {
        "logStreamName": "2025/04/21/[$LATEST]972313a7a85d4620844056dbca882a47",
        "timestamp": 1745271331036,
        "message": "PRODUCED_FILES_INFO RequestId: cbdc1113-0003-4f26-aa66-3f91aae8f5e2\t FilesCount: 1 files\t FilesSize: 455 bytes\t TransferDuration: 49.08930700003111 ms\t Provider: aws_lambda\t  ProducedFiles: ['tree_ORTHOMCL613.nexus']\n",
        "ingestionTime": 1745271334778,
        "eventId": "38920851255734226723744450425688179579551276968516517915"
    },
    {
        "logStreamName": "2025/04/21/[$LATEST]972313a7a85d4620844056dbca882a47",
        "timestamp": 1745271331037,
        "message": "END RequestId: cbdc1113-0003-4f26-aa66-3f91aae8f5e2\n",
        "ingestionTime": 1745271334778,
        "eventId": "38920851255756527468942981048829715297823925330022498332"
    },
    {
        "logStreamName": "2025/04/21/[$LATEST]972313a7a85d4620844056dbca882a47",
        "timestamp": 1745271331037,
        "message": "REPORT RequestId: cbdc1113-0003-4f26-aa66-3f91aae8f5e2\tDuration: 270.26 ms\tBilled Duration: 271 ms\tMemory Size: 2048 MB\tMax Memory Used: 112 MB\t\n",
        "ingestionTime": 1745271334778,
        "eventId": "38920851255756527468942981048829715297823925330022498333"
    },
    {
        "logStreamName": "2025/04/21/[$LATEST]972313a7a85d4620844056dbca882a47",
        "timestamp": 1745271331192,
        "message": "START RequestId: 439c5793-399d-4813-bbaf-0533c990ea22 Version: $LATEST\n",
        "ingestionTime": 1745271334778,
        "eventId": "38920851259213142974715227635767751630084421363449462814"
    },
    {
        "logStreamName": "2025/04/21/[$LATEST]972313a7a85d4620844056dbca882a47",
        "timestamp": 1745271331241,
        "message": "FILE_TRANSFER RequestId: 439c5793-399d-4813-bbaf-0533c990ea22\t TransferType: consumed\t Action: download_from_s3\t FileName: ORTHOMCL830\t Bucket: denethor\t FilePath: data/full_dataset/ORTHOMCL830\t LocalFilePath: /tmp/input/ORTHOMCL830\t FileSize: 4531 bytes\t TransferDuration: 48.02410000002055 ms\n",
        "ingestionTime": 1745271334778,
        "eventId": "38920851260305879489443228169703001825444191077242503199"
    },
    {
        "logStreamName": "2025/04/21/[$LATEST]972313a7a85d4620844056dbca882a47",
        "timestamp": 1745271331241,
        "message": "CONSUMED_FILES_INFO RequestId: 439c5793-399d-4813-bbaf-0533c990ea22\t FilesCount: 1 files\t FilesSize: 4531 bytes\t TransferDuration: 48.02410000002055 ms\t ConsumedFiles: ['ORTHOMCL830']\n",
        "ingestionTime": 1745271334778,
        "eventId": "38920851260305879489443228169703001825444191077242503200"
    },
    {
        "logStreamName": "2025/04/21/[$LATEST]972313a7a85d4620844056dbca882a47",
        "timestamp": 1745271331262,
        "message": "[INFO]\t2025-04-21T21:35:31.262Z\t439c5793-399d-4813-bbaf-0533c990ea22\tTREE_CONSTRUCTOR RequestId: 439c5793-399d-4813-bbaf-0533c990ea22\t Duration: 20.914407999953255 ms\t InputFile:ORTHOMCL830\t OutputFile:['tree_ORTHOMCL830.nexus']\n",
        "ingestionTime": 1745271334778,
        "eventId": "38920851260774195138612371255675251909169806668868091937"
    },
    {
        "logStreamName": "2025/04/21/[$LATEST]972313a7a85d4620844056dbca882a47",
        "timestamp": 1745271331262,
        "message": "[INFO] 2025-04-21T21:35:31GMT TREE_CONSTRUCTOR RequestId: 439c5793-399d-4813-bbaf-0533c990ea22\t Duration: 20.914407999953255 ms\t InputFile:ORTHOMCL830\t OutputFile:['tree_ORTHOMCL830.nexus']\n",
        "ingestionTime": 1745271334778,
        "eventId": "38920851260774195138612371255675251909169806668868091938"
    },
    {
        "logStreamName": "2025/04/21/[$LATEST]972313a7a85d4620844056dbca882a47",
        "timestamp": 1745271331399,
        "message": "FILE_TRANSFER RequestId: 439c5793-399d-4813-bbaf-0533c990ea22\t TransferType: produced\t Action: upload_to_s3\t FileName: tree_ORTHOMCL830.nexus\t Bucket: denethor\t FilePath: tree/tree_ORTHOMCL830.nexus\t LocalFilePath: /tmp/tree/tree_ORTHOMCL830.nexus\t FileSize: 405 bytes\t TransferDuration: 36.73078900010296 ms\n",
        "ingestionTime": 1745271334778,
        "eventId": "38920851263829397230811066626065645312522632195187408931"
    },
    {
        "logStreamName": "2025/04/21/[$LATEST]972313a7a85d4620844056dbca882a47",
        "timestamp": 1745271331399,
        "message": "PRODUCED_FILES_INFO RequestId: 439c5793-399d-4813-bbaf-0533c990ea22\t FilesCount: 1 files\t FilesSize: 405 bytes\t TransferDuration: 36.73078900010296 ms\t Provider: aws_lambda\t  ProducedFiles: ['tree_ORTHOMCL830.nexus']\n",
        "ingestionTime": 1745271334778,
        "eventId": "38920851263829397230811066626065645312522632195187408932"
    },
    {
        "logStreamName": "2025/04/21/[$LATEST]972313a7a85d4620844056dbca882a47",
        "timestamp": 1745271331400,
        "message": "END RequestId: 439c5793-399d-4813-bbaf-0533c990ea22\n",
        "ingestionTime": 1745271334778,
        "eventId": "38920851263851697976009597249207181030795280556693389349"
    },
    {
        "logStreamName": "2025/04/21/[$LATEST]972313a7a85d4620844056dbca882a47",
        "timestamp": 1745271331400,
        "message": "REPORT RequestId: 439c5793-399d-4813-bbaf-0533c990ea22\tDuration: 207.97 ms\tBilled Duration: 208 ms\tMemory Size: 2048 MB\tMax Memory Used: 112 MB\t\n",
        "ingestionTime": 1745271334778,
        "eventId": "38920851263851697976009597249207181030795280556693389350"
    },
    {
        "logStreamName": "2025/04/21/[$LATEST]972313a7a85d4620844056dbca882a47",
        "timestamp": 1745271331595,
        "message": "START RequestId: b865ab6c-6177-4cf1-94d5-a4a75f5e47eb Version: $LATEST\n",
        "ingestionTime": 1745271334778,
        "eventId": "38920851268200343289723068761806646093961711050359570471"
    },
    {
        "logStreamName": "2025/04/21/[$LATEST]972313a7a85d4620844056dbca882a47",
        "timestamp": 1745271331638,
        "message": "FILE_TRANSFER RequestId: b865ab6c-6177-4cf1-94d5-a4a75f5e47eb\t TransferType: consumed\t Action: download_from_s3\t FileName: ORTHOMCL836\t Bucket: denethor\t FilePath: data/full_dataset/ORTHOMCL836\t LocalFilePath: /tmp/input/ORTHOMCL836\t FileSize: 4806 bytes\t TransferDuration: 42.19319900039409 ms\n",
        "ingestionTime": 1745271334778,
        "eventId": "38920851269159275333259885556892681979685590595116728360"
    },
    {
        "logStreamName": "2025/04/21/[$LATEST]972313a7a85d4620844056dbca882a47",
        "timestamp": 1745271331638,
        "message": "CONSUMED_FILES_INFO RequestId: b865ab6c-6177-4cf1-94d5-a4a75f5e47eb\t FilesCount: 1 files\t FilesSize: 4806 bytes\t TransferDuration: 42.19319900039409 ms\t ConsumedFiles: ['ORTHOMCL836']\n",
        "ingestionTime": 1745271334778,
        "eventId": "38920851269159275333259885556892681979685590595116728361"
    },
    {
        "logStreamName": "2025/04/21/[$LATEST]972313a7a85d4620844056dbca882a47",
        "timestamp": 1745271331691,
        "message": "[INFO]\t2025-04-21T21:35:31.690Z\tb865ab6c-6177-4cf1-94d5-a4a75f5e47eb\tTREE_CONSTRUCTOR RequestId: b865ab6c-6177-4cf1-94d5-a4a75f5e47eb\t Duration: 52.17693699978554 ms\t InputFile:ORTHOMCL836\t OutputFile:['tree_ORTHOMCL836.nexus']\n",
        "ingestionTime": 1745271334778,
        "eventId": "38920851270341214828782008583394075048135953754933690410"
    },
    {
        "logStreamName": "2025/04/21/[$LATEST]972313a7a85d4620844056dbca882a47",
        "timestamp": 1745271331691,
        "message": "[INFO] 2025-04-21T21:35:31GMT TREE_CONSTRUCTOR RequestId: b865ab6c-6177-4cf1-94d5-a4a75f5e47eb\t Duration: 52.17693699978554 ms\t InputFile:ORTHOMCL836\t OutputFile:['tree_ORTHOMCL836.nexus']\n",
        "ingestionTime": 1745271334778,
        "eventId": "38920851270341214828782008583394075048135953754933690411"
    },
    {
        "logStreamName": "2025/04/21/[$LATEST]972313a7a85d4620844056dbca882a47",
        "timestamp": 1745271331836,
        "message": "FILE_TRANSFER RequestId: b865ab6c-6177-4cf1-94d5-a4a75f5e47eb\t TransferType: produced\t Action: upload_to_s3\t FileName: tree_ORTHOMCL836.nexus\t Bucket: denethor\t FilePath: tree/tree_ORTHOMCL836.nexus\t LocalFilePath: /tmp/tree/tree_ORTHOMCL836.nexus\t FileSize: 413 bytes\t TransferDuration: 44.761956999991526 ms\n",
        "ingestionTime": 1745271334778,
        "eventId": "38920851273574822882568948938916754197669966173300850732"
    },
    {
        "logStreamName": "2025/04/21/[$LATEST]972313a7a85d4620844056dbca882a47",
        "timestamp": 1745271331836,
        "message": "PRODUCED_FILES_INFO RequestId: b865ab6c-6177-4cf1-94d5-a4a75f5e47eb\t FilesCount: 1 files\t FilesSize: 413 bytes\t TransferDuration: 44.761956999991526 ms\t Provider: aws_lambda\t  ProducedFiles: ['tree_ORTHOMCL836.nexus']\n",
        "ingestionTime": 1745271334778,
        "eventId": "38920851273574822882568948938916754197669966173300850733"
    },
    {
        "logStreamName": "2025/04/21/[$LATEST]972313a7a85d4620844056dbca882a47",
        "timestamp": 1745271331837,
        "message": "END RequestId: b865ab6c-6177-4cf1-94d5-a4a75f5e47eb\n",
        "ingestionTime": 1745271334778,
        "eventId": "38920851273597123627767479562058289915942614534806831150"
    },
    {
        "logStreamName": "2025/04/21/[$LATEST]972313a7a85d4620844056dbca882a47",
        "timestamp": 1745271331837,
        "message": "REPORT RequestId: b865ab6c-6177-4cf1-94d5-a4a75f5e47eb\tDuration: 241.53 ms\tBilled Duration: 242 ms\tMemory Size: 2048 MB\tMax Memory Used: 112 MB\t\n",
        "ingestionTime": 1745271334778,
        "eventId": "38920851273597123627767479562058289915942614534806831151"
    },
    {
        "logStreamName": "2025/04/21/[$LATEST]972313a7a85d4620844056dbca882a47",
        "timestamp": 1745271332004,
        "message": "START RequestId: 7ccfa749-9a06-41ba-a21a-1a0bf12d25f2 Version: $LATEST\n",
        "ingestionTime": 1745271334778,
        "eventId": "38920851277321348075922093626694754867474890906305560624"
    },
    {
        "logStreamName": "2025/04/21/[$LATEST]972313a7a85d4620844056dbca882a47",
        "timestamp": 1745271332052,
        "message": "FILE_TRANSFER RequestId: 7ccfa749-9a06-41ba-a21a-1a0bf12d25f2\t TransferType: consumed\t Action: download_from_s3\t FileName: ORTHOMCL854\t Bucket: denethor\t FilePath: data/full_dataset/ORTHOMCL854\t LocalFilePath: /tmp/input/ORTHOMCL854\t FileSize: 4670 bytes\t TransferDuration: 47.018011000091064 ms\n",
        "ingestionTime": 1745271334778,
        "eventId": "38920851278391783845451563537488469344562012258592620593"
    },
    {
        "logStreamName": "2025/04/21/[$LATEST]972313a7a85d4620844056dbca882a47",
        "timestamp": 1745271332052,
        "message": "CONSUMED_FILES_INFO RequestId: 7ccfa749-9a06-41ba-a21a-1a0bf12d25f2\t FilesCount: 1 files\t FilesSize: 4670 bytes\t TransferDuration: 47.018011000091064 ms\t ConsumedFiles: ['ORTHOMCL854']\n",
        "ingestionTime": 1745271334778,
        "eventId": "38920851278391783845451563537488469344562012258592620594"
    },
    {
        "logStreamName": "2025/04/21/[$LATEST]972313a7a85d4620844056dbca882a47",
        "timestamp": 1745271332108,
        "message": "[INFO]\t2025-04-21T21:35:32.108Z\t7ccfa749-9a06-41ba-a21a-1a0bf12d25f2\tTREE_CONSTRUCTOR RequestId: 7ccfa749-9a06-41ba-a21a-1a0bf12d25f2\t Duration: 56.22453600017252 ms\t InputFile:ORTHOMCL854\t OutputFile:['tree_ORTHOMCL854.nexus']\n",
        "ingestionTime": 1745271334778,
        "eventId": "38920851279640625576569278433414469567830320502927523891"
    },
    {
        "logStreamName": "2025/04/21/[$LATEST]972313a7a85d4620844056dbca882a47",
        "timestamp": 1745271332108,
        "message": "[INFO] 2025-04-21T21:35:32GMT TREE_CONSTRUCTOR RequestId: 7ccfa749-9a06-41ba-a21a-1a0bf12d25f2\t Duration: 56.22453600017252 ms\t InputFile:ORTHOMCL854\t OutputFile:['tree_ORTHOMCL854.nexus']\n",
        "ingestionTime": 1745271334778,
        "eventId": "38920851279640625576569278433414469567830320502927523892"
    },
    {
        "logStreamName": "2025/04/21/[$LATEST]972313a7a85d4620844056dbca882a47",
        "timestamp": 1745271332251,
        "message": "FILE_TRANSFER RequestId: 7ccfa749-9a06-41ba-a21a-1a0bf12d25f2\t TransferType: produced\t Action: upload_to_s3\t FileName: tree_ORTHOMCL854.nexus\t Bucket: denethor\t FilePath: tree/tree_ORTHOMCL854.nexus\t LocalFilePath: /tmp/tree/tree_ORTHOMCL854.nexus\t FileSize: 413 bytes\t TransferDuration: 42.832314999941445 ms\n",
        "ingestionTime": 1745271334778,
        "eventId": "38920851282829632139959157542654077280819036198282723381"
    },
    {
        "logStreamName": "2025/04/21/[$LATEST]972313a7a85d4620844056dbca882a47",
        "timestamp": 1745271332252,
        "message": "PRODUCED_FILES_INFO RequestId: 7ccfa749-9a06-41ba-a21a-1a0bf12d25f2\t FilesCount: 1 files\t FilesSize: 413 bytes\t TransferDuration: 42.832314999941445 ms\t Provider: aws_lambda\t  ProducedFiles: ['tree_ORTHOMCL854.nexus']\n",
        "ingestionTime": 1745271334778,
        "eventId": "38920851282851932885157688165795612999091684559788703798"
    },
    {
        "logStreamName": "2025/04/21/[$LATEST]972313a7a85d4620844056dbca882a47",
        "timestamp": 1745271332253,
        "message": "END RequestId: 7ccfa749-9a06-41ba-a21a-1a0bf12d25f2\n",
        "ingestionTime": 1745271334778,
        "eventId": "38920851282874233630356218788937148717364332921294684215"
    },
    {
        "logStreamName": "2025/04/21/[$LATEST]972313a7a85d4620844056dbca882a47",
        "timestamp": 1745271332253,
        "message": "REPORT RequestId: 7ccfa749-9a06-41ba-a21a-1a0bf12d25f2\tDuration: 248.52 ms\tBilled Duration: 249 ms\tMemory Size: 2048 MB\tMax Memory Used: 113 MB\t\n",
        "ingestionTime": 1745271334778,
        "eventId": "38920851282874233630356218788937148717364332921294684216"
    },
    {
        "logStreamName": "2025/04/21/[$LATEST]972313a7a85d4620844056dbca882a47",
        "timestamp": 1745271332415,
        "message": "START RequestId: 5a566a89-7430-41cc-8b51-7ee32d88778e Version: $LATEST\n",
        "ingestionTime": 1745271334778,
        "eventId": "38920851286486954352518179737865935077533367485263511609"
    },
    {
        "logStreamName": "2025/04/21/[$LATEST]972313a7a85d4620844056dbca882a47",
        "timestamp": 1745271332475,
        "message": "FILE_TRANSFER RequestId: 5a566a89-7430-41cc-8b51-7ee32d88778e\t TransferType: consumed\t Action: download_from_s3\t FileName: ORTHOMCL888\t Bucket: denethor\t FilePath: data/full_dataset/ORTHOMCL888\t LocalFilePath: /tmp/input/ORTHOMCL888\t FileSize: 4973 bytes\t TransferDuration: 59.289093000188586 ms\n",
        "ingestionTime": 1745271334778,
        "eventId": "38920851287824999064430017126358078173892269175622336570"
    },
    {
        "logStreamName": "2025/04/21/[$LATEST]972313a7a85d4620844056dbca882a47",
        "timestamp": 1745271332475,
        "message": "CONSUMED_FILES_INFO RequestId: 5a566a89-7430-41cc-8b51-7ee32d88778e\t FilesCount: 1 files\t FilesSize: 4973 bytes\t TransferDuration: 59.289093000188586 ms\t ConsumedFiles: ['ORTHOMCL888']\n",
        "ingestionTime": 1745271334778,
        "eventId": "38920851287824999064430017126358078173892269175622336571"
    },
    {
        "logStreamName": "2025/04/21/[$LATEST]972313a7a85d4620844056dbca882a47",
        "timestamp": 1745271332554,
        "message": "[INFO]\t2025-04-21T21:35:32.554Z\t5a566a89-7430-41cc-8b51-7ee32d88778e\tTREE_CONSTRUCTOR RequestId: 5a566a89-7430-41cc-8b51-7ee32d88778e\t Duration: 78.56757499985179 ms\t InputFile:ORTHOMCL888\t OutputFile:['tree_ORTHOMCL888.nexus']\n",
        "ingestionTime": 1745271334778,
        "eventId": "38920851289586757935113936354539399917431489734594789436"
    },
    {
        "logStreamName": "2025/04/21/[$LATEST]972313a7a85d4620844056dbca882a47",
        "timestamp": 1745271332554,
        "message": "[INFO] 2025-04-21T21:35:32GMT TREE_CONSTRUCTOR RequestId: 5a566a89-7430-41cc-8b51-7ee32d88778e\t Duration: 78.56757499985179 ms\t InputFile:ORTHOMCL888\t OutputFile:['tree_ORTHOMCL888.nexus']\n",
        "ingestionTime": 1745271334778,
        "eventId": "38920851289586757935113936354539399917431489734594789437"
    },
    {
        "logStreamName": "2025/04/21/[$LATEST]972313a7a85d4620844056dbca882a47",
        "timestamp": 1745271332698,
        "message": "FILE_TRANSFER RequestId: 5a566a89-7430-41cc-8b51-7ee32d88778e\t TransferType: produced\t Action: upload_to_s3\t FileName: tree_ORTHOMCL888.nexus\t Bucket: denethor\t FilePath: tree/tree_ORTHOMCL888.nexus\t LocalFilePath: /tmp/tree/tree_ORTHOMCL888.nexus\t FileSize: 411 bytes\t TransferDuration: 43.67420500011576 ms\n",
        "ingestionTime": 1745271334778,
        "eventId": "38920851292798065243702346086920543348692853791455969342"
    },
    {
        "logStreamName": "2025/04/21/[$LATEST]972313a7a85d4620844056dbca882a47",
        "timestamp": 1745271332698,
        "message": "PRODUCED_FILES_INFO RequestId: 5a566a89-7430-41cc-8b51-7ee32d88778e\t FilesCount: 1 files\t FilesSize: 411 bytes\t TransferDuration: 43.67420500011576 ms\t Provider: aws_lambda\t  ProducedFiles: ['tree_ORTHOMCL888.nexus']\n",
        "ingestionTime": 1745271334778,
        "eventId": "38920851292798065243702346086920543348692853791455969343"
    },
    {
        "logStreamName": "2025/04/21/[$LATEST]972313a7a85d4620844056dbca882a47",
        "timestamp": 1745271332699,
        "message": "END RequestId: 5a566a89-7430-41cc-8b51-7ee32d88778e\n",
        "ingestionTime": 1745271334778,
        "eventId": "38920851292820365988900876710062079066965502152961949760"
    },
    {
        "logStreamName": "2025/04/21/[$LATEST]972313a7a85d4620844056dbca882a47",
        "timestamp": 1745271332699,
        "message": "REPORT RequestId: 5a566a89-7430-41cc-8b51-7ee32d88778e\tDuration: 283.90 ms\tBilled Duration: 284 ms\tMemory Size: 2048 MB\tMax Memory Used: 113 MB\t\n",
        "ingestionTime": 1745271334778,
        "eventId": "38920851292820365988900876710062079066965502152961949761"
    },
    {
        "logStreamName": "2025/04/21/[$LATEST]972313a7a85d4620844056dbca882a47",
        "timestamp": 1745271332918,
        "message": "START RequestId: 0c7e529d-a198-4139-ad5e-dcbc0548244a Version: $LATEST\n",
        "ingestionTime": 1745271334778,
        "eventId": "38920851297704229187379083178058401368675493322771660866"
    },
    {
        "logStreamName": "2025/04/21/[$LATEST]972313a7a85d4620844056dbca882a47",
        "timestamp": 1745271332966,
        "message": "FILE_TRANSFER RequestId: 0c7e529d-a198-4139-ad5e-dcbc0548244a\t TransferType: consumed\t Action: download_from_s3\t FileName: ORTHOMCL942\t Bucket: denethor\t FilePath: data/full_dataset/ORTHOMCL942\t LocalFilePath: /tmp/input/ORTHOMCL942\t FileSize: 5118 bytes\t TransferDuration: 47.52657700009877 ms\n",
        "ingestionTime": 1745271334778,
        "eventId": "38920851298774664956908553088852115845762614675058720835"
    },
    {
        "logStreamName": "2025/04/21/[$LATEST]972313a7a85d4620844056dbca882a47",
        "timestamp": 1745271332966,
        "message": "CONSUMED_FILES_INFO RequestId: 0c7e529d-a198-4139-ad5e-dcbc0548244a\t FilesCount: 1 files\t FilesSize: 5118 bytes\t TransferDuration: 47.52657700009877 ms\t ConsumedFiles: ['ORTHOMCL942']\n",
        "ingestionTime": 1745271334778,
        "eventId": "38920851298774664956908553088852115845762614675058720836"
    },
    {
        "logStreamName": "2025/04/21/[$LATEST]972313a7a85d4620844056dbca882a47",
        "timestamp": 1745271333075,
        "message": "[INFO]\t2025-04-21T21:35:33.075Z\t0c7e529d-a198-4139-ad5e-dcbc0548244a\tTREE_CONSTRUCTOR RequestId: 0c7e529d-a198-4139-ad5e-dcbc0548244a\t Duration: 109.12086099961016 ms\t InputFile:ORTHOMCL942\t OutputFile:['tree_ORTHOMCL942.nexus']\n",
        "ingestionTime": 1745271334778,
        "eventId": "38920851301205446183548391011279509137481286079210586181"
    },
    {
        "logStreamName": "2025/04/21/[$LATEST]972313a7a85d4620844056dbca882a47",
        "timestamp": 1745271333075,
        "message": "[INFO] 2025-04-21T21:35:33GMT TREE_CONSTRUCTOR RequestId: 0c7e529d-a198-4139-ad5e-dcbc0548244a\t Duration: 109.12086099961016 ms\t InputFile:ORTHOMCL942\t OutputFile:['tree_ORTHOMCL942.nexus']\n",
        "ingestionTime": 1745271334778,
        "eventId": "38920851301205446183548391011279509137481286079210586182"
    },
    {
        "logStreamName": "2025/04/21/[$LATEST]972313a7a85d4620844056dbca882a47",
        "timestamp": 1745271333219,
        "message": "FILE_TRANSFER RequestId: 0c7e529d-a198-4139-ad5e-dcbc0548244a\t TransferType: produced\t Action: upload_to_s3\t FileName: tree_ORTHOMCL942.nexus\t Bucket: denethor\t FilePath: tree/tree_ORTHOMCL942.nexus\t LocalFilePath: /tmp/tree/tree_ORTHOMCL942.nexus\t FileSize: 405 bytes\t TransferDuration: 43.503685999894515 ms\n",
        "ingestionTime": 1745271334778,
        "eventId": "38920851304416753492136800743660652568742650136071766087"
    },
    {
        "logStreamName": "2025/04/21/[$LATEST]972313a7a85d4620844056dbca882a47",
        "timestamp": 1745271333219,
        "message": "PRODUCED_FILES_INFO RequestId: 0c7e529d-a198-4139-ad5e-dcbc0548244a\t FilesCount: 1 files\t FilesSize: 405 bytes\t TransferDuration: 43.503685999894515 ms\t Provider: aws_lambda\t  ProducedFiles: ['tree_ORTHOMCL942.nexus']\n",
        "ingestionTime": 1745271334778,
        "eventId": "38920851304416753492136800743660652568742650136071766088"
    },
    {
        "logStreamName": "2025/04/21/[$LATEST]972313a7a85d4620844056dbca882a47",
        "timestamp": 1745271333220,
        "message": "END RequestId: 0c7e529d-a198-4139-ad5e-dcbc0548244a\n",
        "ingestionTime": 1745271334778,
        "eventId": "38920851304439054237335331366802188287015298497577746505"
    },
    {
        "logStreamName": "2025/04/21/[$LATEST]972313a7a85d4620844056dbca882a47",
        "timestamp": 1745271333220,
        "message": "REPORT RequestId: 0c7e529d-a198-4139-ad5e-dcbc0548244a\tDuration: 302.57 ms\tBilled Duration: 303 ms\tMemory Size: 2048 MB\tMax Memory Used: 113 MB\t\n",
        "ingestionTime": 1745271334778,
        "eventId": "38920851304439054237335331366802188287015298497577746506"
    },
    {
        "logStreamName": "2025/04/21/[$LATEST]972313a7a85d4620844056dbca882a47",
        "timestamp": 1745271333444,
        "message": "START RequestId: ae9e0516-bd24-43c0-8eac-6d4f2e9e38dc Version: $LATEST\n",
        "ingestionTime": 1745271334778,
        "eventId": "38920851309434421161806190950506189180088531474917359691"
    },
    {
        "logStreamName": "2025/04/21/[$LATEST]972313a7a85d4620844056dbca882a47",
        "timestamp": 1745271333499,
        "message": "FILE_TRANSFER RequestId: ae9e0516-bd24-43c0-8eac-6d4f2e9e38dc\t TransferType: consumed\t Action: download_from_s3\t FileName: ORTHOMCL964\t Bucket: denethor\t FilePath: data/full_dataset/ORTHOMCL964\t LocalFilePath: /tmp/input/ORTHOMCL964\t FileSize: 2932 bytes\t TransferDuration: 54.93286699993405 ms\n",
        "ingestionTime": 1745271334778,
        "eventId": "38920851310660962147725375223290653685084191357746282572"
    },
    {
        "logStreamName": "2025/04/21/[$LATEST]972313a7a85d4620844056dbca882a47",
        "timestamp": 1745271333499,
        "message": "CONSUMED_FILES_INFO RequestId: ae9e0516-bd24-43c0-8eac-6d4f2e9e38dc\t FilesCount: 1 files\t FilesSize: 2932 bytes\t TransferDuration: 54.93286699993405 ms\t ConsumedFiles: ['ORTHOMCL964']\n",
        "ingestionTime": 1745271334778,
        "eventId": "38920851310660962147725375223290653685084191357746282573"
    },
    {
        "logStreamName": "2025/04/21/[$LATEST]972313a7a85d4620844056dbca882a47",
        "timestamp": 1745271333517,
        "message": "[INFO]\t2025-04-21T21:35:33.517Z\tae9e0516-bd24-43c0-8eac-6d4f2e9e38dc\tTREE_CONSTRUCTOR RequestId: ae9e0516-bd24-43c0-8eac-6d4f2e9e38dc\t Duration: 17.602230999727908 ms\t InputFile:ORTHOMCL964\t OutputFile:['tree_ORTHOMCL964.nexus']\n",
        "ingestionTime": 1745271334778,
        "eventId": "38920851311062375561298926439838296613991861864853930062"
    },
    {
        "logStreamName": "2025/04/21/[$LATEST]972313a7a85d4620844056dbca882a47",
        "timestamp": 1745271333517,
        "message": "[INFO] 2025-04-21T21:35:33GMT TREE_CONSTRUCTOR RequestId: ae9e0516-bd24-43c0-8eac-6d4f2e9e38dc\t Duration: 17.602230999727908 ms\t InputFile:ORTHOMCL964\t OutputFile:['tree_ORTHOMCL964.nexus']\n",
        "ingestionTime": 1745271334778,
        "eventId": "38920851311062375561298926439838296613991861864853930063"
    },
    {
        "logStreamName": "2025/04/21/[$LATEST]972313a7a85d4620844056dbca882a47",
        "timestamp": 1745271333662,
        "message": "FILE_TRANSFER RequestId: ae9e0516-bd24-43c0-8eac-6d4f2e9e38dc\t TransferType: produced\t Action: upload_to_s3\t FileName: tree_ORTHOMCL964.nexus\t Bucket: denethor\t FilePath: tree/tree_ORTHOMCL964.nexus\t LocalFilePath: /tmp/tree/tree_ORTHOMCL964.nexus\t FileSize: 405 bytes\t TransferDuration: 44.654197999989265 ms\n",
        "ingestionTime": 1745271334778,
        "eventId": "38920851314295983615085866795360975763525874283221090384"
    },
    {
        "logStreamName": "2025/04/21/[$LATEST]972313a7a85d4620844056dbca882a47",
        "timestamp": 1745271333662,
        "message": "PRODUCED_FILES_INFO RequestId: ae9e0516-bd24-43c0-8eac-6d4f2e9e38dc\t FilesCount: 1 files\t FilesSize: 405 bytes\t TransferDuration: 44.654197999989265 ms\t Provider: aws_lambda\t  ProducedFiles: ['tree_ORTHOMCL964.nexus']\n",
        "ingestionTime": 1745271334778,
        "eventId": "38920851314295983615085866795360975763525874283221090385"
    },
    {
        "logStreamName": "2025/04/21/[$LATEST]972313a7a85d4620844056dbca882a47",
        "timestamp": 1745271333663,
        "message": "END RequestId: ae9e0516-bd24-43c0-8eac-6d4f2e9e38dc\n",
        "ingestionTime": 1745271334778,
        "eventId": "38920851314318284360284397418502511481798522644727070802"
    },
    {
        "logStreamName": "2025/04/21/[$LATEST]972313a7a85d4620844056dbca882a47",
        "timestamp": 1745271333663,
        "message": "REPORT RequestId: ae9e0516-bd24-43c0-8eac-6d4f2e9e38dc\tDuration: 219.63 ms\tBilled Duration: 220 ms\tMemory Size: 2048 MB\tMax Memory Used: 113 MB\t\n",
        "ingestionTime": 1745271334778,
        "eventId": "38920851314318284360284397418502511481798522644727070803"
    },
    {
        "logStreamName": "2025/04/21/[$LATEST]972313a7a85d4620844056dbca882a47",
        "timestamp": 1745271333841,
        "message": "START RequestId: 7df77511-12a7-4795-9c01-cc5368c261ac Version: $LATEST\n",
        "ingestionTime": 1745271334778,
        "eventId": "38920851318287817005622848337695869334329930992791584852"
    },
    {
        "logStreamName": "2025/04/21/[$LATEST]972313a7a85d4620844056dbca882a47",
        "timestamp": 1745271333885,
        "message": "FILE_TRANSFER RequestId: 7df77511-12a7-4795-9c01-cc5368c261ac\t TransferType: consumed\t Action: download_from_s3\t FileName: ORTHOMCL983\t Bucket: denethor\t FilePath: data/full_dataset/ORTHOMCL983\t LocalFilePath: /tmp/input/ORTHOMCL983\t FileSize: 3833 bytes\t TransferDuration: 43.28428300004816 ms\n",
        "ingestionTime": 1745271334778,
        "eventId": "38920851319269049794358195755923440938326458899054723157"
    },
    {
        "logStreamName": "2025/04/21/[$LATEST]972313a7a85d4620844056dbca882a47",
        "timestamp": 1745271333885,
        "message": "CONSUMED_FILES_INFO RequestId: 7df77511-12a7-4795-9c01-cc5368c261ac\t FilesCount: 1 files\t FilesSize: 3833 bytes\t TransferDuration: 43.28428300004816 ms\t ConsumedFiles: ['ORTHOMCL983']\n",
        "ingestionTime": 1745271334778,
        "eventId": "38920851319269049794358195755923440938326458899054723158"
    },
    {
        "logStreamName": "2025/04/21/[$LATEST]972313a7a85d4620844056dbca882a47",
        "timestamp": 1745271333912,
        "message": "[INFO]\t2025-04-21T21:35:33.912Z\t7df77511-12a7-4795-9c01-cc5368c261ac\tTREE_CONSTRUCTOR RequestId: 7df77511-12a7-4795-9c01-cc5368c261ac\t Duration: 26.15011699981551 ms\t InputFile:ORTHOMCL983\t OutputFile:['tree_ORTHOMCL983.nexus']\n",
        "ingestionTime": 1745271334778,
        "eventId": "38920851319871169914718522580744905331687964659716194391"
    },
    {
        "logStreamName": "2025/04/21/[$LATEST]972313a7a85d4620844056dbca882a47",
        "timestamp": 1745271333912,
        "message": "[INFO] 2025-04-21T21:35:33GMT TREE_CONSTRUCTOR RequestId: 7df77511-12a7-4795-9c01-cc5368c261ac\t Duration: 26.15011699981551 ms\t InputFile:ORTHOMCL983\t OutputFile:['tree_ORTHOMCL983.nexus']\n",
        "ingestionTime": 1745271334778,
        "eventId": "38920851319871169914718522580744905331687964659716194392"
    },
    {
        "logStreamName": "2025/04/21/[$LATEST]972313a7a85d4620844056dbca882a47",
        "timestamp": 1745271334052,
        "message": "FILE_TRANSFER RequestId: 7df77511-12a7-4795-9c01-cc5368c261ac\t TransferType: produced\t Action: upload_to_s3\t FileName: tree_ORTHOMCL983.nexus\t Bucket: denethor\t FilePath: tree/tree_ORTHOMCL983.nexus\t LocalFilePath: /tmp/tree/tree_ORTHOMCL983.nexus\t FileSize: 397 bytes\t TransferDuration: 39.43414900004427 ms\n",
        "ingestionTime": 1745271334778,
        "eventId": "38920851322993274242512809820559905889858735270553452633"
    },
    {
        "logStreamName": "2025/04/21/[$LATEST]972313a7a85d4620844056dbca882a47",
        "timestamp": 1745271334052,
        "message": "PRODUCED_FILES_INFO RequestId: 7df77511-12a7-4795-9c01-cc5368c261ac\t FilesCount: 1 files\t FilesSize: 397 bytes\t TransferDuration: 39.43414900004427 ms\t Provider: aws_lambda\t  ProducedFiles: ['tree_ORTHOMCL983.nexus']\n",
        "ingestionTime": 1745271334778,
        "eventId": "38920851322993274242512809820559905889858735270553452634"
    },
    {
        "logStreamName": "2025/04/21/[$LATEST]972313a7a85d4620844056dbca882a47",
        "timestamp": 1745271334053,
        "message": "END RequestId: 7df77511-12a7-4795-9c01-cc5368c261ac\n",
        "ingestionTime": 1745271334778,
        "eventId": "38920851323015574987711340443701441608131383632059433051"
    },
    {
        "logStreamName": "2025/04/21/[$LATEST]972313a7a85d4620844056dbca882a47",
        "timestamp": 1745271334053,
        "message": "REPORT RequestId: 7df77511-12a7-4795-9c01-cc5368c261ac\tDuration: 211.25 ms\tBilled Duration: 212 ms\tMemory Size: 2048 MB\tMax Memory Used: 114 MB\t\n",
        "ingestionTime": 1745271334778,
        "eventId": "38920851323015574987711340443701441608131383632059433052"
    },
    {
        "logStreamName": "2025/04/21/[$LATEST]972313a7a85d4620844056dbca882a47",
        "timestamp": 1745271334260,
        "message": "START RequestId: dafe6f72-77ec-4b6b-80bf-9fe60e7158ad Version: $LATEST\n",
        "ingestionTime": 1745271334778,
        "eventId": "38920851327631829243807179433999335290569594463797379165"
    },
    {
        "logStreamName": "2025/04/21/[$LATEST]972313a7a85d4620844056dbca882a47",
        "timestamp": 1745271334311,
        "message": "FILE_TRANSFER RequestId: dafe6f72-77ec-4b6b-80bf-9fe60e7158ad\t TransferType: consumed\t Action: download_from_s3\t FileName: ORTHOMCL988\t Bucket: denethor\t FilePath: data/full_dataset/ORTHOMCL988\t LocalFilePath: /tmp/input/ORTHOMCL988\t FileSize: 4031 bytes\t TransferDuration: 50.22698999982822 ms\n",
        "ingestionTime": 1745271334778,
        "eventId": "38920851328769167248932241214217656922474660900602380382"
    },
    {
        "logStreamName": "2025/04/21/[$LATEST]972313a7a85d4620844056dbca882a47",
        "timestamp": 1745271334311,
        "message": "CONSUMED_FILES_INFO RequestId: dafe6f72-77ec-4b6b-80bf-9fe60e7158ad\t FilesCount: 1 files\t FilesSize: 4031 bytes\t TransferDuration: 50.22698999982822 ms\t ConsumedFiles: ['ORTHOMCL988']\n",
        "ingestionTime": 1745271334778,
        "eventId": "38920851328769167248932241214217656922474660900602380383"
    },
    {
        "logStreamName": "2025/04/21/[$LATEST]972313a7a85d4620844056dbca882a47",
        "timestamp": 1745271334371,
        "message": "[INFO]\t2025-04-21T21:35:34.371Z\tdafe6f72-77ec-4b6b-80bf-9fe60e7158ad\tTREE_CONSTRUCTOR RequestId: dafe6f72-77ec-4b6b-80bf-9fe60e7158ad\t Duration: 59.42877100005717 ms\t InputFile:ORTHOMCL988\t OutputFile:['tree_ORTHOMCL988.nexus']\n",
        "ingestionTime": 1745271334778,
        "eventId": "38920851330107211960844078602709800018833562590961205344"
    },
    {
        "logStreamName": "2025/04/21/[$LATEST]972313a7a85d4620844056dbca882a47",
        "timestamp": 1745271334371,
        "message": "[INFO] 2025-04-21T21:35:34GMT TREE_CONSTRUCTOR RequestId: dafe6f72-77ec-4b6b-80bf-9fe60e7158ad\t Duration: 59.42877100005717 ms\t InputFile:ORTHOMCL988\t OutputFile:['tree_ORTHOMCL988.nexus']\n",
        "ingestionTime": 1745271334778,
        "eventId": "38920851330107211960844078602709800018833562590961205345"
    },
    {
        "logStreamName": "2025/04/21/[$LATEST]972313a7a85d4620844056dbca882a47",
        "timestamp": 1745271334514,
        "message": "FILE_TRANSFER RequestId: dafe6f72-77ec-4b6b-80bf-9fe60e7158ad\t TransferType: produced\t Action: upload_to_s3\t FileName: tree_ORTHOMCL988.nexus\t Bucket: denethor\t FilePath: tree/tree_ORTHOMCL988.nexus\t LocalFilePath: /tmp/tree/tree_ORTHOMCL988.nexus\t FileSize: 407 bytes\t TransferDuration: 42.49036500004877 ms\n",
        "ingestionTime": 1745271334778,
        "eventId": "38920851333296218524233957711949407731822278286316404834"
    },
    {
        "logStreamName": "2025/04/21/[$LATEST]972313a7a85d4620844056dbca882a47",
        "timestamp": 1745271334514,
        "message": "PRODUCED_FILES_INFO RequestId: dafe6f72-77ec-4b6b-80bf-9fe60e7158ad\t FilesCount: 1 files\t FilesSize: 407 bytes\t TransferDuration: 42.49036500004877 ms\t Provider: aws_lambda\t  ProducedFiles: ['tree_ORTHOMCL988.nexus']\n",
        "ingestionTime": 1745271334778,
        "eventId": "38920851333296218524233957711949407731822278286316404835"
    },
    {
        "logStreamName": "2025/04/21/[$LATEST]972313a7a85d4620844056dbca882a47",
        "timestamp": 1745271334515,
        "message": "END RequestId: dafe6f72-77ec-4b6b-80bf-9fe60e7158ad\n",
        "ingestionTime": 1745271334778,
        "eventId": "38920851333318519269432488335090943450094926647822385252"
    },
    {
        "logStreamName": "2025/04/21/[$LATEST]972313a7a85d4620844056dbca882a47",
        "timestamp": 1745271334515,
        "message": "REPORT RequestId: dafe6f72-77ec-4b6b-80bf-9fe60e7158ad\tDuration: 254.61 ms\tBilled Duration: 255 ms\tMemory Size: 2048 MB\tMax Memory Used: 114 MB\t\n",
        "ingestionTime": 1745271334778,
        "eventId": "38920851333318519269432488335090943450094926647822385253"
    },
    {
        "logStreamName": "2025/04/21/[$LATEST]972313a7a85d4620844056dbca882a47",
        "timestamp": 1745271334638,
        "message": "START RequestId: 0b5159ae-d41e-411c-8843-ea8506a49bb9 Version: $LATEST\n",
        "ingestionTime": 1745271334778,
        "eventId": "38920851336061510928851754981499836797630675113057976422"
    },
    {
        "logStreamName": "2025/04/21/[$LATEST]972313a7a85d4620844056dbca882a47",
        "timestamp": 1745271334685,
        "message": "FILE_TRANSFER RequestId: 0b5159ae-d41e-411c-8843-ea8506a49bb9\t TransferType: consumed\t Action: download_from_s3\t FileName: ORTHOMCL1021\t Bucket: denethor\t FilePath: data/full_dataset/ORTHOMCL1021\t LocalFilePath: /tmp/input/ORTHOMCL1021\t FileSize: 2575 bytes\t TransferDuration: 46.82826099997328 ms\n",
        "ingestionTime": 1745271334778,
        "eventId": "38920851337109645953182694269152015556445148103839055975"
    },
    {
        "logStreamName": "2025/04/21/[$LATEST]972313a7a85d4620844056dbca882a47",
        "timestamp": 1745271334685,
        "message": "CONSUMED_FILES_INFO RequestId: 0b5159ae-d41e-411c-8843-ea8506a49bb9\t FilesCount: 1 files\t FilesSize: 2575 bytes\t TransferDuration: 46.82826099997328 ms\t ConsumedFiles: ['ORTHOMCL1021']\n",
        "ingestionTime": 1745271334778,
        "eventId": "38920851337109645953182694269152015556445148103839055976"
    },
    {
        "logStreamName": "2025/04/21/[$LATEST]972313a7a85d4620844056dbca882a47",
        "timestamp": 1745271334706,
        "message": "[INFO]\t2025-04-21T21:35:34.706Z\t0b5159ae-d41e-411c-8843-ea8506a49bb9\tTREE_CONSTRUCTOR RequestId: 0b5159ae-d41e-411c-8843-ea8506a49bb9\t Duration: 20.6595350000498 ms\t InputFile:ORTHOMCL1021\t OutputFile:['tree_ORTHOMCL1021.nexus']\n",
        "ingestionTime": 1745271343732,
        "eventId": "38920851337577961602351837365948822978351001816965185536"
    },
    {
        "logStreamName": "2025/04/21/[$LATEST]972313a7a85d4620844056dbca882a47",
        "timestamp": 1745271334706,
        "message": "[INFO] 2025-04-21T21:35:34GMT TREE_CONSTRUCTOR RequestId: 0b5159ae-d41e-411c-8843-ea8506a49bb9\t Duration: 20.6595350000498 ms\t InputFile:ORTHOMCL1021\t OutputFile:['tree_ORTHOMCL1021.nexus']\n",
        "ingestionTime": 1745271343732,
        "eventId": "38920851337577961602351837365948822978351001816965185537"
    },
    {
        "logStreamName": "2025/04/21/[$LATEST]972313a7a85d4620844056dbca882a47",
        "timestamp": 1745271334848,
        "message": "FILE_TRANSFER RequestId: 0b5159ae-d41e-411c-8843-ea8506a49bb9\t TransferType: produced\t Action: upload_to_s3\t FileName: tree_ORTHOMCL1021.nexus\t Bucket: denethor\t FilePath: tree/tree_ORTHOMCL1021.nexus\t LocalFilePath: /tmp/tree/tree_ORTHOMCL1021.nexus\t FileSize: 403 bytes\t TransferDuration: 40.9130909997657 ms\n",
        "ingestionTime": 1745271343732,
        "eventId": "38920851340744667420543185852046894973067069150814404610"
    },
    {
        "logStreamName": "2025/04/21/[$LATEST]972313a7a85d4620844056dbca882a47",
        "timestamp": 1745271334848,
        "message": "PRODUCED_FILES_INFO RequestId: 0b5159ae-d41e-411c-8843-ea8506a49bb9\t FilesCount: 1 files\t FilesSize: 403 bytes\t TransferDuration: 40.9130909997657 ms\t Provider: aws_lambda\t  ProducedFiles: ['tree_ORTHOMCL1021.nexus']\n",
        "ingestionTime": 1745271343732,
        "eventId": "38920851340744667420543185852046894973067069150814404611"
    },
    {
        "logStreamName": "2025/04/21/[$LATEST]972313a7a85d4620844056dbca882a47",
        "timestamp": 1745271334849,
        "message": "END RequestId: 0b5159ae-d41e-411c-8843-ea8506a49bb9\n",
        "ingestionTime": 1745271343732,
        "eventId": "38920851340766968165741716475188430691339717512320385028"
    },
    {
        "logStreamName": "2025/04/21/[$LATEST]972313a7a85d4620844056dbca882a47",
        "timestamp": 1745271334849,
        "message": "REPORT RequestId: 0b5159ae-d41e-411c-8843-ea8506a49bb9\tDuration: 210.84 ms\tBilled Duration: 211 ms\tMemory Size: 2048 MB\tMax Memory Used: 114 MB\t\n",
        "ingestionTime": 1745271343732,
        "eventId": "38920851340766968165741716475188430691339717512320385029"
    },
    {
        "logStreamName": "2025/04/21/[$LATEST]972313a7a85d4620844056dbca882a47",
        "timestamp": 1745271335076,
        "message": "START RequestId: 2b854223-a5c1-4f9d-8d32-b757f9df84a1 Version: $LATEST\n",
        "ingestionTime": 1745271343732,
        "eventId": "38920851345829237325808167928317038739230895574177939462"
    },
    {
        "logStreamName": "2025/04/21/[$LATEST]972313a7a85d4620844056dbca882a47",
        "timestamp": 1745271335129,
        "message": "FILE_TRANSFER RequestId: 2b854223-a5c1-4f9d-8d32-b757f9df84a1\t TransferType: consumed\t Action: download_from_s3\t FileName: ORTHOMCL1113\t Bucket: denethor\t FilePath: data/full_dataset/ORTHOMCL1113\t LocalFilePath: /tmp/input/ORTHOMCL1113\t FileSize: 3462 bytes\t TransferDuration: 52.142645999992965 ms\n",
        "ingestionTime": 1745271343732,
        "eventId": "38920851347011176821330290954818431807681258733994901511"
    },
    {
        "logStreamName": "2025/04/21/[$LATEST]972313a7a85d4620844056dbca882a47",
        "timestamp": 1745271335129,
        "message": "CONSUMED_FILES_INFO RequestId: 2b854223-a5c1-4f9d-8d32-b757f9df84a1\t FilesCount: 1 files\t FilesSize: 3462 bytes\t TransferDuration: 52.142645999992965 ms\t ConsumedFiles: ['ORTHOMCL1113']\n",
        "ingestionTime": 1745271343732,
        "eventId": "38920851347011176821330290954818431807681258733994901512"
    },
    {
        "logStreamName": "2025/04/21/[$LATEST]972313a7a85d4620844056dbca882a47",
        "timestamp": 1745271335153,
        "message": "[INFO]\t2025-04-21T21:35:35.153Z\t2b854223-a5c1-4f9d-8d32-b757f9df84a1\tTREE_CONSTRUCTOR RequestId: 2b854223-a5c1-4f9d-8d32-b757f9df84a1\t Duration: 23.514299999987998 ms\t InputFile:ORTHOMCL1113\t OutputFile:['tree_ORTHOMCL1113.nexus']\n",
        "ingestionTime": 1745271343732,
        "eventId": "38920851347546394706095025910215289046224819410138431497"
    },
    {
        "logStreamName": "2025/04/21/[$LATEST]972313a7a85d4620844056dbca882a47",
        "timestamp": 1745271335153,
        "message": "[INFO] 2025-04-21T21:35:35GMT TREE_CONSTRUCTOR RequestId: 2b854223-a5c1-4f9d-8d32-b757f9df84a1\t Duration: 23.514299999987998 ms\t InputFile:ORTHOMCL1113\t OutputFile:['tree_ORTHOMCL1113.nexus']\n",
        "ingestionTime": 1745271343732,
        "eventId": "38920851347546394706095025910215289046224819410138431498"
    },
    {
        "logStreamName": "2025/04/21/[$LATEST]972313a7a85d4620844056dbca882a47",
        "timestamp": 1745271335302,
        "message": "FILE_TRANSFER RequestId: 2b854223-a5c1-4f9d-8d32-b757f9df84a1\t TransferType: produced\t Action: upload_to_s3\t FileName: tree_ORTHOMCL1113.nexus\t Bucket: denethor\t FilePath: tree/tree_ORTHOMCL1113.nexus\t LocalFilePath: /tmp/tree/tree_ORTHOMCL1113.nexus\t FileSize: 405 bytes\t TransferDuration: 48.146137000003364 ms\n",
        "ingestionTime": 1745271343732,
        "eventId": "38920851350869205740676088758304111068849425274529513483"
    },
    {
        "logStreamName": "2025/04/21/[$LATEST]972313a7a85d4620844056dbca882a47",
        "timestamp": 1745271335302,
        "message": "PRODUCED_FILES_INFO RequestId: 2b854223-a5c1-4f9d-8d32-b757f9df84a1\t FilesCount: 1 files\t FilesSize: 405 bytes\t TransferDuration: 48.146137000003364 ms\t Provider: aws_lambda\t  ProducedFiles: ['tree_ORTHOMCL1113.nexus']\n",
        "ingestionTime": 1745271343732,
        "eventId": "38920851350869205740676088758304111068849425274529513484"
    },
    {
        "logStreamName": "2025/04/21/[$LATEST]972313a7a85d4620844056dbca882a47",
        "timestamp": 1745271335303,
        "message": "END RequestId: 2b854223-a5c1-4f9d-8d32-b757f9df84a1\n",
        "ingestionTime": 1745271343732,
        "eventId": "38920851350891506485874619381445646787122073636035493901"
    },
    {
        "logStreamName": "2025/04/21/[$LATEST]972313a7a85d4620844056dbca882a47",
        "timestamp": 1745271335303,
        "message": "REPORT RequestId: 2b854223-a5c1-4f9d-8d32-b757f9df84a1\tDuration: 227.00 ms\tBilled Duration: 227 ms\tMemory Size: 2048 MB\tMax Memory Used: 114 MB\t\n",
        "ingestionTime": 1745271343732,
        "eventId": "38920851350891506485874619381445646787122073636035493902"
    },
    {
        "logStreamName": "2025/04/21/[$LATEST]972313a7a85d4620844056dbca882a47",
        "timestamp": 1745271335479,
        "message": "START RequestId: 1d7dd603-b442-4328-8d64-332ea2cfb37b Version: $LATEST\n",
        "ingestionTime": 1745271343732,
        "eventId": "38920851354816437640816009054355933203108185261088047119"
    },
    {
        "logStreamName": "2025/04/21/[$LATEST]972313a7a85d4620844056dbca882a47",
        "timestamp": 1745271335564,
        "message": "FILE_TRANSFER RequestId: 1d7dd603-b442-4328-8d64-332ea2cfb37b\t TransferType: consumed\t Action: download_from_s3\t FileName: ORTHOMCL1131\t Bucket: denethor\t FilePath: data/full_dataset/ORTHOMCL1131\t LocalFilePath: /tmp/input/ORTHOMCL1131\t FileSize: 4467 bytes\t TransferDuration: 84.21188700003768 ms\n",
        "ingestionTime": 1745271343732,
        "eventId": "38920851356712000982691112021386469256283295989096382480"
    },
    {
        "logStreamName": "2025/04/21/[$LATEST]972313a7a85d4620844056dbca882a47",
        "timestamp": 1745271335564,
        "message": "CONSUMED_FILES_INFO RequestId: 1d7dd603-b442-4328-8d64-332ea2cfb37b\t FilesCount: 1 files\t FilesSize: 4467 bytes\t TransferDuration: 84.21188700003768 ms\t ConsumedFiles: ['ORTHOMCL1131']\n",
        "ingestionTime": 1745271343732,
        "eventId": "38920851356712000982691112021386469256283295989096382481"
    },
    {
        "logStreamName": "2025/04/21/[$LATEST]972313a7a85d4620844056dbca882a47",
        "timestamp": 1745271335632,
        "message": "[INFO]\t2025-04-21T21:35:35.632Z\t1d7dd603-b442-4328-8d64-332ea2cfb37b\tTREE_CONSTRUCTOR RequestId: 1d7dd603-b442-4328-8d64-332ea2cfb37b\t Duration: 67.8975169998921 ms\t InputFile:ORTHOMCL1131\t OutputFile:['tree_ORTHOMCL1131.nexus']\n",
        "ingestionTime": 1745271343732,
        "eventId": "38920851358228451656191194395010898098823384571503050770"
    },
    {
        "logStreamName": "2025/04/21/[$LATEST]972313a7a85d4620844056dbca882a47",
        "timestamp": 1745271335632,
        "message": "[INFO] 2025-04-21T21:35:35GMT TREE_CONSTRUCTOR RequestId: 1d7dd603-b442-4328-8d64-332ea2cfb37b\t Duration: 67.8975169998921 ms\t InputFile:ORTHOMCL1131\t OutputFile:['tree_ORTHOMCL1131.nexus']\n",
        "ingestionTime": 1745271343732,
        "eventId": "38920851358228451656191194395010898098823384571503050771"
    },
    {
        "logStreamName": "2025/04/21/[$LATEST]972313a7a85d4620844056dbca882a47",
        "timestamp": 1745271335773,
        "message": "FILE_TRANSFER RequestId: 1d7dd603-b442-4328-8d64-332ea2cfb37b\t TransferType: produced\t Action: upload_to_s3\t FileName: tree_ORTHOMCL1131.nexus\t Bucket: denethor\t FilePath: tree/tree_ORTHOMCL1131.nexus\t LocalFilePath: /tmp/tree/tree_ORTHOMCL1131.nexus\t FileSize: 405 bytes\t TransferDuration: 40.86112300001332 ms\n",
        "ingestionTime": 1745271343732,
        "eventId": "38920851361372856729184012257967434375266803543846289428"
    },
    {
        "logStreamName": "2025/04/21/[$LATEST]972313a7a85d4620844056dbca882a47",
        "timestamp": 1745271335774,
        "message": "PRODUCED_FILES_INFO RequestId: 1d7dd603-b442-4328-8d64-332ea2cfb37b\t FilesCount: 1 files\t FilesSize: 405 bytes\t TransferDuration: 40.86112300001332 ms\t Provider: aws_lambda\t  ProducedFiles: ['tree_ORTHOMCL1131.nexus']\n",
        "ingestionTime": 1745271343732,
        "eventId": "38920851361395157474382542881108970093539451905352269845"
    },
    {
        "logStreamName": "2025/04/21/[$LATEST]972313a7a85d4620844056dbca882a47",
        "timestamp": 1745271335774,
        "message": "END RequestId: 1d7dd603-b442-4328-8d64-332ea2cfb37b\n",
        "ingestionTime": 1745271343732,
        "eventId": "38920851361395157474382542881108970093539451905352269846"
    },
    {
        "logStreamName": "2025/04/21/[$LATEST]972313a7a85d4620844056dbca882a47",
        "timestamp": 1745271335774,
        "message": "REPORT RequestId: 1d7dd603-b442-4328-8d64-332ea2cfb37b\tDuration: 295.47 ms\tBilled Duration: 296 ms\tMemory Size: 2048 MB\tMax Memory Used: 114 MB\t\n",
        "ingestionTime": 1745271343732,
        "eventId": "38920851361395157474382542881108970093539451905352269847"
    },
    {
        "logStreamName": "2025/04/21/[$LATEST]972313a7a85d4620844056dbca882a47",
        "timestamp": 1745271335910,
        "message": "START RequestId: b782dfa8-7076-48a6-9301-f4602def66b6 Version: $LATEST\n",
        "ingestionTime": 1745271343732,
        "eventId": "38920851364428058821382707628357827778619629070165606424"
    },
    {
        "logStreamName": "2025/04/21/[$LATEST]972313a7a85d4620844056dbca882a47",
        "timestamp": 1745271335957,
        "message": "FILE_TRANSFER RequestId: b782dfa8-7076-48a6-9301-f4602def66b6\t TransferType: consumed\t Action: download_from_s3\t FileName: ORTHOMCL1166\t Bucket: denethor\t FilePath: data/full_dataset/ORTHOMCL1166\t LocalFilePath: /tmp/input/ORTHOMCL1166\t FileSize: 2896 bytes\t TransferDuration: 46.031514999867795 ms\n",
        "ingestionTime": 1745271343732,
        "eventId": "38920851365476193845713646916010006537434102060946685977"
    },
    {
        "logStreamName": "2025/04/21/[$LATEST]972313a7a85d4620844056dbca882a47",
        "timestamp": 1745271335957,
        "message": "CONSUMED_FILES_INFO RequestId: b782dfa8-7076-48a6-9301-f4602def66b6\t FilesCount: 1 files\t FilesSize: 2896 bytes\t TransferDuration: 46.031514999867795 ms\t ConsumedFiles: ['ORTHOMCL1166']\n",
        "ingestionTime": 1745271343732,
        "eventId": "38920851365476193845713646916010006537434102060946685978"
    },
    {
        "logStreamName": "2025/04/21/[$LATEST]972313a7a85d4620844056dbca882a47",
        "timestamp": 1745271335992,
        "message": "[INFO]\t2025-04-21T21:35:35.992Z\tb782dfa8-7076-48a6-9301-f4602def66b6\tTREE_CONSTRUCTOR RequestId: b782dfa8-7076-48a6-9301-f4602def66b6\t Duration: 34.87060699990252 ms\t InputFile:ORTHOMCL1166\t OutputFile:['tree_ORTHOMCL1166.nexus']\n",
        "ingestionTime": 1745271343732,
        "eventId": "38920851366256719927662218725963756676976794713656000539"
    },
    {
        "logStreamName": "2025/04/21/[$LATEST]972313a7a85d4620844056dbca882a47",
        "timestamp": 1745271335992,
        "message": "[INFO] 2025-04-21T21:35:35GMT TREE_CONSTRUCTOR RequestId: b782dfa8-7076-48a6-9301-f4602def66b6\t Duration: 34.87060699990252 ms\t InputFile:ORTHOMCL1166\t OutputFile:['tree_ORTHOMCL1166.nexus']\n",
        "ingestionTime": 1745271343732,
        "eventId": "38920851366256719927662218725963756676976794713656000540"
    },
    {
        "logStreamName": "2025/04/21/[$LATEST]972313a7a85d4620844056dbca882a47",
        "timestamp": 1745271336134,
        "message": "FILE_TRANSFER RequestId: b782dfa8-7076-48a6-9301-f4602def66b6\t TransferType: produced\t Action: upload_to_s3\t FileName: tree_ORTHOMCL1166.nexus\t Bucket: denethor\t FilePath: tree/tree_ORTHOMCL1166.nexus\t LocalFilePath: /tmp/tree/tree_ORTHOMCL1166.nexus\t FileSize: 399 bytes\t TransferDuration: 41.95868299984795 ms\n",
        "ingestionTime": 1745271343732,
        "eventId": "38920851369423425745853567212061828671692862047505219613"
    },
    {
        "logStreamName": "2025/04/21/[$LATEST]972313a7a85d4620844056dbca882a47",
        "timestamp": 1745271336135,
        "message": "PRODUCED_FILES_INFO RequestId: b782dfa8-7076-48a6-9301-f4602def66b6\t FilesCount: 1 files\t FilesSize: 399 bytes\t TransferDuration: 41.95868299984795 ms\t Provider: aws_lambda\t  ProducedFiles: ['tree_ORTHOMCL1166.nexus']\n",
        "ingestionTime": 1745271343732,
        "eventId": "38920851369445726491052097835203364389965510409011200030"
    },
    {
        "logStreamName": "2025/04/21/[$LATEST]972313a7a85d4620844056dbca882a47",
        "timestamp": 1745271336136,
        "message": "END RequestId: b782dfa8-7076-48a6-9301-f4602def66b6\n",
        "ingestionTime": 1745271343732,
        "eventId": "38920851369468027236250628458344900108238158770517180447"
    },
    {
        "logStreamName": "2025/04/21/[$LATEST]972313a7a85d4620844056dbca882a47",
        "timestamp": 1745271336136,
        "message": "REPORT RequestId: b782dfa8-7076-48a6-9301-f4602def66b6\tDuration: 225.43 ms\tBilled Duration: 226 ms\tMemory Size: 2048 MB\tMax Memory Used: 114 MB\t\n",
        "ingestionTime": 1745271343732,
        "eventId": "38920851369468027236250628458344900108238158770517180448"
    },
    {
        "logStreamName": "2025/04/21/[$LATEST]972313a7a85d4620844056dbca882a47",
        "timestamp": 1745271336307,
        "message": "START RequestId: 1778a8d8-a1ee-4a1e-aeae-ea7e0e391adf Version: $LATEST\n",
        "ingestionTime": 1745271343732,
        "eventId": "38920851373281454665199365015547507932861028588039831585"
    },
    {
        "logStreamName": "2025/04/21/[$LATEST]972313a7a85d4620844056dbca882a47",
        "timestamp": 1745271336358,
        "message": "FILE_TRANSFER RequestId: 1778a8d8-a1ee-4a1e-aeae-ea7e0e391adf\t TransferType: consumed\t Action: download_from_s3\t FileName: ORTHOMCL1305\t Bucket: denethor\t FilePath: data/full_dataset/ORTHOMCL1305\t LocalFilePath: /tmp/input/ORTHOMCL1305\t FileSize: 3650 bytes\t TransferDuration: 50.49231100019824 ms\n",
        "ingestionTime": 1745271343732,
        "eventId": "38920851374418792670324426795765829564766095024844832802"
    },
    {
        "logStreamName": "2025/04/21/[$LATEST]972313a7a85d4620844056dbca882a47",
        "timestamp": 1745271336358,
        "message": "CONSUMED_FILES_INFO RequestId: 1778a8d8-a1ee-4a1e-aeae-ea7e0e391adf\t FilesCount: 1 files\t FilesSize: 3650 bytes\t TransferDuration: 50.49231100019824 ms\t ConsumedFiles: ['ORTHOMCL1305']\n",
        "ingestionTime": 1745271343732,
        "eventId": "38920851374418792670324426795765829564766095024844832803"
    },
    {
        "logStreamName": "2025/04/21/[$LATEST]972313a7a85d4620844056dbca882a47",
        "timestamp": 1745271336380,
        "message": "[INFO]\t2025-04-21T21:35:36.380Z\t1778a8d8-a1ee-4a1e-aeae-ea7e0e391adf\tTREE_CONSTRUCTOR RequestId: 1778a8d8-a1ee-4a1e-aeae-ea7e0e391adf\t Duration: 22.336634999646776 ms\t InputFile:ORTHOMCL1305\t OutputFile:['tree_ORTHOMCL1305.nexus']\n",
        "ingestionTime": 1745271343732,
        "eventId": "38920851374909409064692100504879615366764358977976401956"
    },
    {
        "logStreamName": "2025/04/21/[$LATEST]972313a7a85d4620844056dbca882a47",
        "timestamp": 1745271336380,
        "message": "[INFO] 2025-04-21T21:35:36GMT TREE_CONSTRUCTOR RequestId: 1778a8d8-a1ee-4a1e-aeae-ea7e0e391adf\t Duration: 22.336634999646776 ms\t InputFile:ORTHOMCL1305\t OutputFile:['tree_ORTHOMCL1305.nexus']\n",
        "ingestionTime": 1745271343732,
        "eventId": "38920851374909409064692100504879615366764358977976401957"
    },
    {
        "logStreamName": "2025/04/21/[$LATEST]972313a7a85d4620844056dbca882a47",
        "timestamp": 1745271336527,
        "message": "FILE_TRANSFER RequestId: 1778a8d8-a1ee-4a1e-aeae-ea7e0e391adf\t TransferType: produced\t Action: upload_to_s3\t FileName: tree_ORTHOMCL1305.nexus\t Bucket: denethor\t FilePath: tree/tree_ORTHOMCL1305.nexus\t LocalFilePath: /tmp/tree/tree_ORTHOMCL1305.nexus\t FileSize: 357 bytes\t TransferDuration: 46.543385999939346 ms\n",
        "ingestionTime": 1745271343732,
        "eventId": "38920851378187618608876102106685365952843668119355523110"
    },
    {
        "logStreamName": "2025/04/21/[$LATEST]972313a7a85d4620844056dbca882a47",
        "timestamp": 1745271336527,
        "message": "PRODUCED_FILES_INFO RequestId: 1778a8d8-a1ee-4a1e-aeae-ea7e0e391adf\t FilesCount: 1 files\t FilesSize: 357 bytes\t TransferDuration: 46.543385999939346 ms\t Provider: aws_lambda\t  ProducedFiles: ['tree_ORTHOMCL1305.nexus']\n",
        "ingestionTime": 1745271343732,
        "eventId": "38920851378187618608876102106685365952843668119355523111"
    },
    {
        "logStreamName": "2025/04/21/[$LATEST]972313a7a85d4620844056dbca882a47",
        "timestamp": 1745271336528,
        "message": "END RequestId: 1778a8d8-a1ee-4a1e-aeae-ea7e0e391adf\n",
        "ingestionTime": 1745271343732,
        "eventId": "38920851378209919354074632729826901671116316480861503528"
    },
    {
        "logStreamName": "2025/04/21/[$LATEST]972313a7a85d4620844056dbca882a47",
        "timestamp": 1745271336528,
        "message": "REPORT RequestId: 1778a8d8-a1ee-4a1e-aeae-ea7e0e391adf\tDuration: 221.95 ms\tBilled Duration: 222 ms\tMemory Size: 2048 MB\tMax Memory Used: 114 MB\t\n",
        "ingestionTime": 1745271343732,
        "eventId": "38920851378209919354074632729826901671116316480861503529"
    },
    {
        "logStreamName": "2025/04/21/[$LATEST]972313a7a85d4620844056dbca882a47",
        "timestamp": 1745271336660,
        "message": "START RequestId: 0d0ad903-169a-4ed1-8735-b13769a8c29e Version: $LATEST\n",
        "ingestionTime": 1745271343732,
        "eventId": "38920851381153617720280674984509616483105900199650918442"
    },
    {
        "logStreamName": "2025/04/21/[$LATEST]972313a7a85d4620844056dbca882a47",
        "timestamp": 1745271336700,
        "message": "FILE_TRANSFER RequestId: 0d0ad903-169a-4ed1-8735-b13769a8c29e\t TransferType: consumed\t Action: download_from_s3\t FileName: ORTHOMCL1378\t Bucket: denethor\t FilePath: data/full_dataset/ORTHOMCL1378\t LocalFilePath: /tmp/input/ORTHOMCL1378\t FileSize: 5640 bytes\t TransferDuration: 40.1976600001035 ms\n",
        "ingestionTime": 1745271343732,
        "eventId": "38920851382045647528221899910171045214011834659890135083"
    },
    {
        "logStreamName": "2025/04/21/[$LATEST]972313a7a85d4620844056dbca882a47",
        "timestamp": 1745271336700,
        "message": "CONSUMED_FILES_INFO RequestId: 0d0ad903-169a-4ed1-8735-b13769a8c29e\t FilesCount: 1 files\t FilesSize: 5640 bytes\t TransferDuration: 40.1976600001035 ms\t ConsumedFiles: ['ORTHOMCL1378']\n",
        "ingestionTime": 1745271343732,
        "eventId": "38920851382045647528221899910171045214011834659890135084"
    },
    {
        "logStreamName": "2025/04/21/[$LATEST]972313a7a85d4620844056dbca882a47",
        "timestamp": 1745271336813,
        "message": "[INFO]\t2025-04-21T21:35:36.812Z\t0d0ad903-169a-4ed1-8735-b13769a8c29e\tTREE_CONSTRUCTOR RequestId: 0d0ad903-169a-4ed1-8735-b13769a8c29e\t Duration: 111.90809800018542 ms\t InputFile:ORTHOMCL1378\t OutputFile:['tree_ORTHOMCL1378.nexus']\n",
        "ingestionTime": 1745271343732,
        "eventId": "38920851384565631735655860325164581378821099510065922093"
    },
    {
        "logStreamName": "2025/04/21/[$LATEST]972313a7a85d4620844056dbca882a47",
        "timestamp": 1745271336813,
        "message": "[INFO] 2025-04-21T21:35:36GMT TREE_CONSTRUCTOR RequestId: 0d0ad903-169a-4ed1-8735-b13769a8c29e\t Duration: 111.90809800018542 ms\t InputFile:ORTHOMCL1378\t OutputFile:['tree_ORTHOMCL1378.nexus']\n",
        "ingestionTime": 1745271343732,
        "eventId": "38920851384565631735655860325164581378821099510065922094"
    },
    {
        "logStreamName": "2025/04/21/[$LATEST]972313a7a85d4620844056dbca882a47",
        "timestamp": 1745271336955,
        "message": "FILE_TRANSFER RequestId: 0d0ad903-169a-4ed1-8735-b13769a8c29e\t TransferType: produced\t Action: upload_to_s3\t FileName: tree_ORTHOMCL1378.nexus\t Bucket: denethor\t FilePath: tree/tree_ORTHOMCL1378.nexus\t LocalFilePath: /tmp/tree/tree_ORTHOMCL1378.nexus\t FileSize: 349 bytes\t TransferDuration: 42.04377799987924 ms\n",
        "ingestionTime": 1745271343732,
        "eventId": "38920851387732337553847208811262653373537166843915141167"
    },
    {
        "logStreamName": "2025/04/21/[$LATEST]972313a7a85d4620844056dbca882a47",
        "timestamp": 1745271336955,
        "message": "PRODUCED_FILES_INFO RequestId: 0d0ad903-169a-4ed1-8735-b13769a8c29e\t FilesCount: 1 files\t FilesSize: 349 bytes\t TransferDuration: 42.04377799987924 ms\t Provider: aws_lambda\t  ProducedFiles: ['tree_ORTHOMCL1378.nexus']\n",
        "ingestionTime": 1745271343732,
        "eventId": "38920851387732337553847208811262653373537166843915141168"
    },
    {
        "logStreamName": "2025/04/21/[$LATEST]972313a7a85d4620844056dbca882a47",
        "timestamp": 1745271336956,
        "message": "END RequestId: 0d0ad903-169a-4ed1-8735-b13769a8c29e\n",
        "ingestionTime": 1745271343732,
        "eventId": "38920851387754638299045739434404189091809815205421121585"
    },
    {
        "logStreamName": "2025/04/21/[$LATEST]972313a7a85d4620844056dbca882a47",
        "timestamp": 1745271336956,
        "message": "REPORT RequestId: 0d0ad903-169a-4ed1-8735-b13769a8c29e\tDuration: 296.63 ms\tBilled Duration: 297 ms\tMemory Size: 2048 MB\tMax Memory Used: 114 MB\t\n",
        "ingestionTime": 1745271343732,
        "eventId": "38920851387754638299045739434404189091809815205421121586"
    },
    {
        "logStreamName": "2025/04/21/[$LATEST]972313a7a85d4620844056dbca882a47",
        "timestamp": 1745271337127,
        "message": "START RequestId: 2b49dbd1-6055-4c30-b494-efaedafd650f Version: $LATEST\n",
        "ingestionTime": 1745271343732,
        "eventId": "38920851391568065727994475991606796916432685022943772723"
    },
    {
        "logStreamName": "2025/04/21/[$LATEST]972313a7a85d4620844056dbca882a47",
        "timestamp": 1745271337180,
        "message": "FILE_TRANSFER RequestId: 2b49dbd1-6055-4c30-b494-efaedafd650f\t TransferType: consumed\t Action: download_from_s3\t FileName: ORTHOMCL1464\t Bucket: denethor\t FilePath: data/full_dataset/ORTHOMCL1464\t LocalFilePath: /tmp/input/ORTHOMCL1464\t FileSize: 4278 bytes\t TransferDuration: 52.68985100019563 ms\n",
        "ingestionTime": 1745271343732,
        "eventId": "38920851392750005223516599018108189984883048182760734772"
    },
    {
        "logStreamName": "2025/04/21/[$LATEST]972313a7a85d4620844056dbca882a47",
        "timestamp": 1745271337181,
        "message": "CONSUMED_FILES_INFO RequestId: 2b49dbd1-6055-4c30-b494-efaedafd650f\t FilesCount: 1 files\t FilesSize: 4278 bytes\t TransferDuration: 52.68985100019563 ms\t ConsumedFiles: ['ORTHOMCL1464']\n",
        "ingestionTime": 1745271343732,
        "eventId": "38920851392772305968715129641249725703155696544266715189"
    },
    {
        "logStreamName": "2025/04/21/[$LATEST]972313a7a85d4620844056dbca882a47",
        "timestamp": 1745271337212,
        "message": "[INFO]\t2025-04-21T21:35:37.212Z\t2b49dbd1-6055-4c30-b494-efaedafd650f\tTREE_CONSTRUCTOR RequestId: 2b49dbd1-6055-4c30-b494-efaedafd650f\t Duration: 31.61990800026615 ms\t InputFile:ORTHOMCL1464\t OutputFile:['tree_ORTHOMCL1464.nexus']\n",
        "ingestionTime": 1745271343732,
        "eventId": "38920851393463629069869578958637332969607795750952108086"
    },
    {
        "logStreamName": "2025/04/21/[$LATEST]972313a7a85d4620844056dbca882a47",
        "timestamp": 1745271337212,
        "message": "[INFO] 2025-04-21T21:35:37GMT TREE_CONSTRUCTOR RequestId: 2b49dbd1-6055-4c30-b494-efaedafd650f\t Duration: 31.61990800026615 ms\t InputFile:ORTHOMCL1464\t OutputFile:['tree_ORTHOMCL1464.nexus']\n",
        "ingestionTime": 1745271343732,
        "eventId": "38920851393463629069869578958637332969607795750952108087"
    },
    {
        "logStreamName": "2025/04/21/[$LATEST]972313a7a85d4620844056dbca882a47",
        "timestamp": 1745271337358,
        "message": "FILE_TRANSFER RequestId: 2b49dbd1-6055-4c30-b494-efaedafd650f\t TransferType: produced\t Action: upload_to_s3\t FileName: tree_ORTHOMCL1464.nexus\t Bucket: denethor\t FilePath: tree/tree_ORTHOMCL1464.nexus\t LocalFilePath: /tmp/tree/tree_ORTHOMCL1464.nexus\t FileSize: 349 bytes\t TransferDuration: 45.527693000167346 ms\n",
        "ingestionTime": 1745271343732,
        "eventId": "38920851396719537868855049937301547837414456530825248824"
    },
    {
        "logStreamName": "2025/04/21/[$LATEST]972313a7a85d4620844056dbca882a47",
        "timestamp": 1745271337359,
        "message": "PRODUCED_FILES_INFO RequestId: 2b49dbd1-6055-4c30-b494-efaedafd650f\t FilesCount: 1 files\t FilesSize: 349 bytes\t TransferDuration: 45.527693000167346 ms\t Provider: aws_lambda\t  ProducedFiles: ['tree_ORTHOMCL1464.nexus']\n",
        "ingestionTime": 1745271343732,
        "eventId": "38920851396741838614053580560443083555687104892331229241"
    },
    {
        "logStreamName": "2025/04/21/[$LATEST]972313a7a85d4620844056dbca882a47",
        "timestamp": 1745271337360,
        "message": "END RequestId: 2b49dbd1-6055-4c30-b494-efaedafd650f\n",
        "ingestionTime": 1745271343732,
        "eventId": "38920851396764139359252111183584619273959753253837209658"
    },
    {
        "logStreamName": "2025/04/21/[$LATEST]972313a7a85d4620844056dbca882a47",
        "timestamp": 1745271337360,
        "message": "REPORT RequestId: 2b49dbd1-6055-4c30-b494-efaedafd650f\tDuration: 232.39 ms\tBilled Duration: 233 ms\tMemory Size: 2048 MB\tMax Memory Used: 114 MB\t\n",
        "ingestionTime": 1745271343732,
        "eventId": "38920851396764139359252111183584619273959753253837209659"
    },
    {
        "logStreamName": "2025/04/21/[$LATEST]972313a7a85d4620844056dbca882a47",
        "timestamp": 1745271337533,
        "message": "START RequestId: def8547f-1b72-4a25-94c3-b71405e07e3a Version: $LATEST\n",
        "ingestionTime": 1745271343732,
        "eventId": "38920851400622168278597908987070298535127919794371821628"
    },
    {
        "logStreamName": "2025/04/21/[$LATEST]972313a7a85d4620844056dbca882a47",
        "timestamp": 1745271337582,
        "message": "FILE_TRANSFER RequestId: def8547f-1b72-4a25-94c3-b71405e07e3a\t TransferType: consumed\t Action: download_from_s3\t FileName: ORTHOMCL1861\t Bucket: denethor\t FilePath: data/full_dataset/ORTHOMCL1861\t LocalFilePath: /tmp/input/ORTHOMCL1861\t FileSize: 2514 bytes\t TransferDuration: 49.04406000014205 ms\n",
        "ingestionTime": 1745271343732,
        "eventId": "38920851401714904793325909521005548730487689508164862013"
    },
    {
        "logStreamName": "2025/04/21/[$LATEST]972313a7a85d4620844056dbca882a47",
        "timestamp": 1745271337582,
        "message": "CONSUMED_FILES_INFO RequestId: def8547f-1b72-4a25-94c3-b71405e07e3a\t FilesCount: 1 files\t FilesSize: 2514 bytes\t TransferDuration: 49.04406000014205 ms\t ConsumedFiles: ['ORTHOMCL1861']\n",
        "ingestionTime": 1745271343732,
        "eventId": "38920851401714904793325909521005548730487689508164862014"
    },
    {
        "logStreamName": "2025/04/21/[$LATEST]972313a7a85d4620844056dbca882a47",
        "timestamp": 1745271337593,
        "message": "[INFO]\t2025-04-21T21:35:37.592Z\tdef8547f-1b72-4a25-94c3-b71405e07e3a\tTREE_CONSTRUCTOR RequestId: def8547f-1b72-4a25-94c3-b71405e07e3a\t Duration: 10.016340000220225 ms\t InputFile:ORTHOMCL1861\t OutputFile:['tree_ORTHOMCL1861.nexus']\n",
        "ingestionTime": 1745271343732,
        "eventId": "38920851401960212990509746375562441631486821484730646591"
    },
    {
        "logStreamName": "2025/04/21/[$LATEST]972313a7a85d4620844056dbca882a47",
        "timestamp": 1745271337593,
        "message": "[INFO] 2025-04-21T21:35:37GMT TREE_CONSTRUCTOR RequestId: def8547f-1b72-4a25-94c3-b71405e07e3a\t Duration: 10.016340000220225 ms\t InputFile:ORTHOMCL1861\t OutputFile:['tree_ORTHOMCL1861.nexus']\n",
        "ingestionTime": 1745271343732,
        "eventId": "38920851401960212990509746375562441631486821484730646592"
    },
    {
        "logStreamName": "2025/04/21/[$LATEST]972313a7a85d4620844056dbca882a47",
        "timestamp": 1745271337740,
        "message": "FILE_TRANSFER RequestId: def8547f-1b72-4a25-94c3-b71405e07e3a\t TransferType: produced\t Action: upload_to_s3\t FileName: tree_ORTHOMCL1861.nexus\t Bucket: denethor\t FilePath: tree/tree_ORTHOMCL1861.nexus\t LocalFilePath: /tmp/tree/tree_ORTHOMCL1861.nexus\t FileSize: 349 bytes\t TransferDuration: 46.66137999993225 ms\n",
        "ingestionTime": 1745271343732,
        "eventId": "38920851405238422534693747977368192217566130626109767745"
    },
    {
        "logStreamName": "2025/04/21/[$LATEST]972313a7a85d4620844056dbca882a47",
        "timestamp": 1745271337740,
        "message": "PRODUCED_FILES_INFO RequestId: def8547f-1b72-4a25-94c3-b71405e07e3a\t FilesCount: 1 files\t FilesSize: 349 bytes\t TransferDuration: 46.66137999993225 ms\t Provider: aws_lambda\t  ProducedFiles: ['tree_ORTHOMCL1861.nexus']\n",
        "ingestionTime": 1745271343732,
        "eventId": "38920851405238422534693747977368192217566130626109767746"
    },
    {
        "logStreamName": "2025/04/21/[$LATEST]972313a7a85d4620844056dbca882a47",
        "timestamp": 1745271337741,
        "message": "END RequestId: def8547f-1b72-4a25-94c3-b71405e07e3a\n",
        "ingestionTime": 1745271343732,
        "eventId": "38920851405260723279892278600509727935838778987615748163"
    },
    {
        "logStreamName": "2025/04/21/[$LATEST]972313a7a85d4620844056dbca882a47",
        "timestamp": 1745271337741,
        "message": "REPORT RequestId: def8547f-1b72-4a25-94c3-b71405e07e3a\tDuration: 208.66 ms\tBilled Duration: 209 ms\tMemory Size: 2048 MB\tMax Memory Used: 114 MB\t\n",
        "ingestionTime": 1745271343732,
        "eventId": "38920851405260723279892278600509727935838778987615748164"
    },
    {
        "logStreamName": "2025/04/21/[$LATEST]972313a7a85d4620844056dbca882a47",
        "timestamp": 1745271337872,
        "message": "START RequestId: 8f5c0395-1112-491b-b5f4-91e2b2b9e855 Version: $LATEST\n",
        "ingestionTime": 1745271343732,
        "eventId": "38920851408182120900899790232050907029555714344899182661"
    },
    {
        "logStreamName": "2025/04/21/[$LATEST]972313a7a85d4620844056dbca882a47",
        "timestamp": 1745271337922,
        "message": "FILE_TRANSFER RequestId: 8f5c0395-1112-491b-b5f4-91e2b2b9e855\t TransferType: consumed\t Action: download_from_s3\t FileName: ORTHOMCL1997\t Bucket: denethor\t FilePath: data/full_dataset/ORTHOMCL1997\t LocalFilePath: /tmp/input/ORTHOMCL1997\t FileSize: 3844 bytes\t TransferDuration: 49.044201000015164 ms\n",
        "ingestionTime": 1745271343732,
        "eventId": "38920851409297158160826321389127692943188132420198203462"
    },
    {
        "logStreamName": "2025/04/21/[$LATEST]972313a7a85d4620844056dbca882a47",
        "timestamp": 1745271337922,
        "message": "CONSUMED_FILES_INFO RequestId: 8f5c0395-1112-491b-b5f4-91e2b2b9e855\t FilesCount: 1 files\t FilesSize: 3844 bytes\t TransferDuration: 49.044201000015164 ms\t ConsumedFiles: ['ORTHOMCL1997']\n",
        "ingestionTime": 1745271343732,
        "eventId": "38920851409297158160826321389127692943188132420198203463"
    },
    {
        "logStreamName": "2025/04/21/[$LATEST]972313a7a85d4620844056dbca882a47",
        "timestamp": 1745271337966,
        "message": "[INFO]\t2025-04-21T21:35:37.966Z\t8f5c0395-1112-491b-b5f4-91e2b2b9e855\tTREE_CONSTRUCTOR RequestId: 8f5c0395-1112-491b-b5f4-91e2b2b9e855\t Duration: 43.829076000292844 ms\t InputFile:ORTHOMCL1997\t OutputFile:['tree_ORTHOMCL1997.nexus']\n",
        "ingestionTime": 1745271343732,
        "eventId": "38920851410278390949561668807355264547184660326461341768"
    },
    {
        "logStreamName": "2025/04/21/[$LATEST]972313a7a85d4620844056dbca882a47",
        "timestamp": 1745271337966,
        "message": "[INFO] 2025-04-21T21:35:37GMT TREE_CONSTRUCTOR RequestId: 8f5c0395-1112-491b-b5f4-91e2b2b9e855\t Duration: 43.829076000292844 ms\t InputFile:ORTHOMCL1997\t OutputFile:['tree_ORTHOMCL1997.nexus']\n",
        "ingestionTime": 1745271343732,
        "eventId": "38920851410278390949561668807355264547184660326461341769"
    },
    {
        "logStreamName": "2025/04/21/[$LATEST]972313a7a85d4620844056dbca882a47",
        "timestamp": 1745271338113,
        "message": "FILE_TRANSFER RequestId: 8f5c0395-1112-491b-b5f4-91e2b2b9e855\t TransferType: produced\t Action: upload_to_s3\t FileName: tree_ORTHOMCL1997.nexus\t Bucket: denethor\t FilePath: tree/tree_ORTHOMCL1997.nexus\t LocalFilePath: /tmp/tree/tree_ORTHOMCL1997.nexus\t FileSize: 347 bytes\t TransferDuration: 46.629099999790924 ms\n",
        "ingestionTime": 1745271343732,
        "eventId": "38920851413556600493745670409161015133263969467840462922"
    },
    {
        "logStreamName": "2025/04/21/[$LATEST]972313a7a85d4620844056dbca882a47",
        "timestamp": 1745271338113,
        "message": "PRODUCED_FILES_INFO RequestId: 8f5c0395-1112-491b-b5f4-91e2b2b9e855\t FilesCount: 1 files\t FilesSize: 347 bytes\t TransferDuration: 46.629099999790924 ms\t Provider: aws_lambda\t  ProducedFiles: ['tree_ORTHOMCL1997.nexus']\n",
        "ingestionTime": 1745271343732,
        "eventId": "38920851413556600493745670409161015133263969467840462923"
    },
    {
        "logStreamName": "2025/04/21/[$LATEST]972313a7a85d4620844056dbca882a47",
        "timestamp": 1745271338114,
        "message": "END RequestId: 8f5c0395-1112-491b-b5f4-91e2b2b9e855\n",
        "ingestionTime": 1745271343732,
        "eventId": "38920851413578901238944201032302550851536617829346443340"
    },
    {
        "logStreamName": "2025/04/21/[$LATEST]972313a7a85d4620844056dbca882a47",
        "timestamp": 1745271338114,
        "message": "REPORT RequestId: 8f5c0395-1112-491b-b5f4-91e2b2b9e855\tDuration: 241.99 ms\tBilled Duration: 242 ms\tMemory Size: 2048 MB\tMax Memory Used: 114 MB\t\n",
        "ingestionTime": 1745271343732,
        "eventId": "38920851413578901238944201032302550851536617829346443341"
    }
]