[
    {
        "logStreamName": "2025/04/21/[$LATEST]6a0c0d44a4694ca0bc296e2d772481c9",
        "timestamp": 1745267654706,
        "message": "INIT_START Runtime Version: python:3.10.v64\tRuntime Version ARN: arn:aws:lambda:sa-east-1::runtime:d56bdc8857b2109a058de2ab50bfb80ac2aa600be6f7855a436859944e5fe54b\n",
        "ingestionTime": 1745267655731,
        "eventId": "38920769270835631009658672055985877276910283170415575040"
    },
    {
        "logStreamName": "2025/04/21/[$LATEST]6a0c0d44a4694ca0bc296e2d772481c9",
        "timestamp": 1745267655581,
        "message": "START RequestId: 18216edf-19b5-43ea-9b84-047c13c06f4a Version: $LATEST\n",
        "ingestionTime": 1745267655731,
        "eventId": "38920769290348783058372967304829630765477599488148439041"
    },
    {
        "logStreamName": "2025/04/21/[$LATEST]6a0c0d44a4694ca0bc296e2d772481c9",
        "timestamp": 1745267655582,
        "message": "Directory /tmp/tree was created!\n",
        "ingestionTime": 1745267655731,
        "eventId": "38920769290371083803571497927971166483750247849654419458"
    },
    {
        "logStreamName": "2025/04/21/[$LATEST]6a0c0d44a4694ca0bc296e2d772481c9",
        "timestamp": 1745267655582,
        "message": "Directory /tmp/subtree was created!\n",
        "ingestionTime": 1745267655731,
        "eventId": "38920769290371083803571497927971166483750247849654419459"
    },
    {
        "logStreamName": "2025/04/21/[$LATEST]6a0c0d44a4694ca0bc296e2d772481c9",
        "timestamp": 1745267655706,
        "message": "FILE_TRANSFER RequestId: 18216edf-19b5-43ea-9b84-047c13c06f4a\t TransferType: consumed\t Action: download_from_s3\t FileName: tree_ORTHOMCL537.nexus\t Bucket: denethor\t FilePath: tree/tree_ORTHOMCL537.nexus\t LocalFilePath: /tmp/tree/tree_ORTHOMCL537.nexus\t FileSize: 461 bytes\t TransferDuration: 124.18918699995629 ms\n",
        "ingestionTime": 1745267664732,
        "eventId": "38920769293136376208189295208403200505665884703646154752"
    },
    {
        "logStreamName": "2025/04/21/[$LATEST]6a0c0d44a4694ca0bc296e2d772481c9",
        "timestamp": 1745267655706,
        "message": "CONSUMED_FILES_INFO RequestId: 18216edf-19b5-43ea-9b84-047c13c06f4a\t FilesCount: 1 files\t FilesSize: 461 bytes\t TransferDuration: 124.18918699995629 ms\t ConsumedFiles: ['tree_ORTHOMCL537.nexus']\n",
        "ingestionTime": 1745267664732,
        "eventId": "38920769293136376208189295208403200505665884703646154753"
    },
    {
        "logStreamName": "2025/04/21/[$LATEST]6a0c0d44a4694ca0bc296e2d772481c9",
        "timestamp": 1745267655706,
        "message": "Reading tree file tree_ORTHOMCL537.nexus\n",
        "ingestionTime": 1745267664732,
        "eventId": "38920769293136376208189295208403200505665884703646154754"
    },
    {
        "logStreamName": "2025/04/21/[$LATEST]6a0c0d44a4694ca0bc296e2d772481c9",
        "timestamp": 1745267655708,
        "message": "Subtree file tree_ORTHOMCL537_Inner5.nexus was created!\n",
        "ingestionTime": 1745267664732,
        "eventId": "38920769293180977698586356454686271942211181426658115587"
    },
    {
        "logStreamName": "2025/04/21/[$LATEST]6a0c0d44a4694ca0bc296e2d772481c9",
        "timestamp": 1745267655708,
        "message": "Subtree file tree_ORTHOMCL537_Inner3.nexus was created!\n",
        "ingestionTime": 1745267664732,
        "eventId": "38920769293180977698586356454686271942211181426658115588"
    },
    {
        "logStreamName": "2025/04/21/[$LATEST]6a0c0d44a4694ca0bc296e2d772481c9",
        "timestamp": 1745267655708,
        "message": "Subtree file tree_ORTHOMCL537_Inner1.nexus was created!\n",
        "ingestionTime": 1745267664732,
        "eventId": "38920769293180977698586356454686271942211181426658115589"
    },
    {
        "logStreamName": "2025/04/21/[$LATEST]6a0c0d44a4694ca0bc296e2d772481c9",
        "timestamp": 1745267655709,
        "message": "Subtree file tree_ORTHOMCL537_Inner2.nexus was created!\n",
        "ingestionTime": 1745267664732,
        "eventId": "38920769293203278443784887077827807660483829788164096006"
    },
    {
        "logStreamName": "2025/04/21/[$LATEST]6a0c0d44a4694ca0bc296e2d772481c9",
        "timestamp": 1745267655709,
        "message": "Subtree file tree_ORTHOMCL537_Inner4.nexus was created!\n",
        "ingestionTime": 1745267664732,
        "eventId": "38920769293203278443784887077827807660483829788164096007"
    },
    {
        "logStreamName": "2025/04/21/[$LATEST]6a0c0d44a4694ca0bc296e2d772481c9",
        "timestamp": 1745267655709,
        "message": "[INFO]\t2025-04-21T20:34:15.709Z\t18216edf-19b5-43ea-9b84-047c13c06f4a\tSUBTREE_CONSTRUCTOR RequestId: 18216edf-19b5-43ea-9b84-047c13c06f4a\t Duration: 2.419130000134828 ms\t InputTree: ['tree_ORTHOMCL537.nexus']\t OutputSubtrees: ['tree_ORTHOMCL537_Inner1.nexus', 'tree_ORTHOMCL537_Inner2.nexus', 'tree_ORTHOMCL537_Inner3.nexus', 'tree_ORTHOMCL537_Inner4.nexus', 'tree_ORTHOMCL537_Inner5.nexus']\n",
        "ingestionTime": 1745267664732,
        "eventId": "38920769293203278443784887077827807660483829788164096008"
    },
    {
        "logStreamName": "2025/04/21/[$LATEST]6a0c0d44a4694ca0bc296e2d772481c9",
        "timestamp": 1745267655709,
        "message": "Tempo de construção dos arquivos de subárvores de ['tree_ORTHOMCL537.nexus']: 2.419130000134828 milissegundos\n",
        "ingestionTime": 1745267664732,
        "eventId": "38920769293203278443784887077827807660483829788164096009"
    },
    {
        "logStreamName": "2025/04/21/[$LATEST]6a0c0d44a4694ca0bc296e2d772481c9",
        "timestamp": 1745267655709,
        "message": "[INFO] 2025-04-21T20:34:15GMT SUBTREE_CONSTRUCTOR RequestId: 18216edf-19b5-43ea-9b84-047c13c06f4a\t Duration: 2.419130000134828 ms\t InputTree: ['tree_ORTHOMCL537.nexus']\t OutputSubtrees: ['tree_ORTHOMCL537_Inner1.nexus', 'tree_ORTHOMCL537_Inner2.nexus', 'tree_ORTHOMCL537_Inner3.nexus', 'tree_ORTHOMCL537_Inner4.nexus', 'tree_ORTHOMCL537_Inner5.nexus']\n",
        "ingestionTime": 1745267664732,
        "eventId": "38920769293203278443784887077827807660483829788164096010"
    },
    {
        "logStreamName": "2025/04/21/[$LATEST]6a0c0d44a4694ca0bc296e2d772481c9",
        "timestamp": 1745267655859,
        "message": "FILE_TRANSFER RequestId: 18216edf-19b5-43ea-9b84-047c13c06f4a\t TransferType: produced\t Action: upload_to_s3\t FileName: tree_ORTHOMCL537_Inner1.nexus\t Bucket: denethor\t FilePath: subtree/tree_ORTHOMCL537_Inner1.nexus\t LocalFilePath: /tmp/subtree/tree_ORTHOMCL537_Inner1.nexus\t FileSize: 185 bytes\t TransferDuration: 49.51769800004513 ms\n",
        "ingestionTime": 1745267664732,
        "eventId": "38920769296548390223564480549058165401381084014061158411"
    },
    {
        "logStreamName": "2025/04/21/[$LATEST]6a0c0d44a4694ca0bc296e2d772481c9",
        "timestamp": 1745267655902,
        "message": "FILE_TRANSFER RequestId: 18216edf-19b5-43ea-9b84-047c13c06f4a\t TransferType: produced\t Action: upload_to_s3\t FileName: tree_ORTHOMCL537_Inner2.nexus\t Bucket: denethor\t FilePath: subtree/tree_ORTHOMCL537_Inner2.nexus\t LocalFilePath: /tmp/subtree/tree_ORTHOMCL537_Inner2.nexus\t FileSize: 191 bytes\t TransferDuration: 43.10434700005317 ms\n",
        "ingestionTime": 1745267664732,
        "eventId": "38920769297507322267101297344144201287104963558818316300"
    },
    {
        "logStreamName": "2025/04/21/[$LATEST]6a0c0d44a4694ca0bc296e2d772481c9",
        "timestamp": 1745267655942,
        "message": "FILE_TRANSFER RequestId: 18216edf-19b5-43ea-9b84-047c13c06f4a\t TransferType: produced\t Action: upload_to_s3\t FileName: tree_ORTHOMCL537_Inner3.nexus\t Bucket: denethor\t FilePath: subtree/tree_ORTHOMCL537_Inner3.nexus\t LocalFilePath: /tmp/subtree/tree_ORTHOMCL537_Inner3.nexus\t FileSize: 305 bytes\t TransferDuration: 39.39617499986525 ms\n",
        "ingestionTime": 1745267664732,
        "eventId": "38920769298399352075042522269805630018010898019057532941"
    },
    {
        "logStreamName": "2025/04/21/[$LATEST]6a0c0d44a4694ca0bc296e2d772481c9",
        "timestamp": 1745267655980,
        "message": "FILE_TRANSFER RequestId: 18216edf-19b5-43ea-9b84-047c13c06f4a\t TransferType: produced\t Action: upload_to_s3\t FileName: tree_ORTHOMCL537_Inner4.nexus\t Bucket: denethor\t FilePath: subtree/tree_ORTHOMCL537_Inner4.nexus\t LocalFilePath: /tmp/subtree/tree_ORTHOMCL537_Inner4.nexus\t FileSize: 187 bytes\t TransferDuration: 38.817894999965574 ms\n",
        "ingestionTime": 1745267664732,
        "eventId": "38920769299246780392586685949183987312371535756284788750"
    },
    {
        "logStreamName": "2025/04/21/[$LATEST]6a0c0d44a4694ca0bc296e2d772481c9",
        "timestamp": 1745267656024,
        "message": "FILE_TRANSFER RequestId: 18216edf-19b5-43ea-9b84-047c13c06f4a\t TransferType: produced\t Action: upload_to_s3\t FileName: tree_ORTHOMCL537_Inner5.nexus\t Bucket: denethor\t FilePath: subtree/tree_ORTHOMCL537_Inner5.nexus\t LocalFilePath: /tmp/subtree/tree_ORTHOMCL537_Inner5.nexus\t FileSize: 461 bytes\t TransferDuration: 42.330975999902876 ms\n",
        "ingestionTime": 1745267664732,
        "eventId": "38920769300228013181322033367411558916368063662547927055"
    },
    {
        "logStreamName": "2025/04/21/[$LATEST]6a0c0d44a4694ca0bc296e2d772481c9",
        "timestamp": 1745267656024,
        "message": "PRODUCED_FILES_INFO RequestId: 18216edf-19b5-43ea-9b84-047c13c06f4a\t FilesCount: 5 files\t FilesSize: 1329 bytes\t TransferDuration: 213.167090999832 ms\t Provider: aws_lambda\t  ProducedFiles: ['tree_ORTHOMCL537_Inner1.nexus', 'tree_ORTHOMCL537_Inner2.nexus', 'tree_ORTHOMCL537_Inner3.nexus', 'tree_ORTHOMCL537_Inner4.nexus', 'tree_ORTHOMCL537_Inner5.nexus']\n",
        "ingestionTime": 1745267664732,
        "eventId": "38920769300228013181322033367411558916368063662547927056"
    },
    {
        "logStreamName": "2025/04/21/[$LATEST]6a0c0d44a4694ca0bc296e2d772481c9",
        "timestamp": 1745267656024,
        "message": "END RequestId: 18216edf-19b5-43ea-9b84-047c13c06f4a\n",
        "ingestionTime": 1745267664732,
        "eventId": "38920769300228013181322033367411558916368063662547927057"
    },
    {
        "logStreamName": "2025/04/21/[$LATEST]6a0c0d44a4694ca0bc296e2d772481c9",
        "timestamp": 1745267656024,
        "message": "REPORT RequestId: 18216edf-19b5-43ea-9b84-047c13c06f4a\tDuration: 443.64 ms\tBilled Duration: 444 ms\tMemory Size: 512 MB\tMax Memory Used: 112 MB\tInit Duration: 873.33 ms\t\n",
        "ingestionTime": 1745267664732,
        "eventId": "38920769300228013181322033367411558916368063662547927058"
    },
    {
        "logStreamName": "2025/04/21/[$LATEST]6a0c0d44a4694ca0bc296e2d772481c9",
        "timestamp": 1745267656231,
        "message": "START RequestId: 415d6ee4-efe8-4a02-b372-b158c1261b19 Version: $LATEST\n",
        "ingestionTime": 1745267664732,
        "eventId": "38920769304844267437417872357709452598806274494285873171"
    },
    {
        "logStreamName": "2025/04/21/[$LATEST]6a0c0d44a4694ca0bc296e2d772481c9",
        "timestamp": 1745267656277,
        "message": "FILE_TRANSFER RequestId: 415d6ee4-efe8-4a02-b372-b158c1261b19\t TransferType: consumed\t Action: download_from_s3\t FileName: tree_ORTHOMCL581.nexus\t Bucket: denethor\t FilePath: tree/tree_ORTHOMCL581.nexus\t LocalFilePath: /tmp/tree/tree_ORTHOMCL581.nexus\t FileSize: 455 bytes\t TransferDuration: 44.711716999927376 ms\n",
        "ingestionTime": 1745267664732,
        "eventId": "38920769305870101716550281022220095639348099123560972308"
    },
    {
        "logStreamName": "2025/04/21/[$LATEST]6a0c0d44a4694ca0bc296e2d772481c9",
        "timestamp": 1745267656277,
        "message": "CONSUMED_FILES_INFO RequestId: 415d6ee4-efe8-4a02-b372-b158c1261b19\t FilesCount: 1 files\t FilesSize: 455 bytes\t TransferDuration: 44.711716999927376 ms\t ConsumedFiles: ['tree_ORTHOMCL581.nexus']\n",
        "ingestionTime": 1745267664732,
        "eventId": "38920769305870101716550281022220095639348099123560972309"
    },
    {
        "logStreamName": "2025/04/21/[$LATEST]6a0c0d44a4694ca0bc296e2d772481c9",
        "timestamp": 1745267656277,
        "message": "Reading tree file tree_ORTHOMCL581.nexus\n",
        "ingestionTime": 1745267664732,
        "eventId": "38920769305870101716550281022220095639348099123560972310"
    },
    {
        "logStreamName": "2025/04/21/[$LATEST]6a0c0d44a4694ca0bc296e2d772481c9",
        "timestamp": 1745267656278,
        "message": "Subtree file tree_ORTHOMCL581_Inner5.nexus was created!\n",
        "ingestionTime": 1745267664732,
        "eventId": "38920769305892402461748811645361631357620747485066952727"
    },
    {
        "logStreamName": "2025/04/21/[$LATEST]6a0c0d44a4694ca0bc296e2d772481c9",
        "timestamp": 1745267656278,
        "message": "Subtree file tree_ORTHOMCL581_Inner4.nexus was created!\n",
        "ingestionTime": 1745267664732,
        "eventId": "38920769305892402461748811645361631357620747485066952728"
    },
    {
        "logStreamName": "2025/04/21/[$LATEST]6a0c0d44a4694ca0bc296e2d772481c9",
        "timestamp": 1745267656278,
        "message": "Subtree file tree_ORTHOMCL581_Inner1.nexus was created!\n",
        "ingestionTime": 1745267664732,
        "eventId": "38920769305892402461748811645361631357620747485066952729"
    },
    {
        "logStreamName": "2025/04/21/[$LATEST]6a0c0d44a4694ca0bc296e2d772481c9",
        "timestamp": 1745267656278,
        "message": "Subtree file tree_ORTHOMCL581_Inner2.nexus was created!\n",
        "ingestionTime": 1745267664732,
        "eventId": "38920769305892402461748811645361631357620747485066952730"
    },
    {
        "logStreamName": "2025/04/21/[$LATEST]6a0c0d44a4694ca0bc296e2d772481c9",
        "timestamp": 1745267656278,
        "message": "Subtree file tree_ORTHOMCL581_Inner3.nexus was created!\n",
        "ingestionTime": 1745267664732,
        "eventId": "38920769305892402461748811645361631357620747485066952731"
    },
    {
        "logStreamName": "2025/04/21/[$LATEST]6a0c0d44a4694ca0bc296e2d772481c9",
        "timestamp": 1745267656279,
        "message": "Tempo de construção dos arquivos de subárvores de ['tree_ORTHOMCL581.nexus']: 2.031150999982856 milissegundos\n",
        "ingestionTime": 1745267664732,
        "eventId": "38920769305914703206947342268503167075893395846572933148"
    },
    {
        "logStreamName": "2025/04/21/[$LATEST]6a0c0d44a4694ca0bc296e2d772481c9",
        "timestamp": 1745267656279,
        "message": "[INFO] 2025-04-21T20:34:16GMT SUBTREE_CONSTRUCTOR RequestId: 415d6ee4-efe8-4a02-b372-b158c1261b19\t Duration: 2.031150999982856 ms\t InputTree: ['tree_ORTHOMCL581.nexus']\t OutputSubtrees: ['tree_ORTHOMCL581_Inner1.nexus', 'tree_ORTHOMCL581_Inner2.nexus', 'tree_ORTHOMCL581_Inner3.nexus', 'tree_ORTHOMCL581_Inner4.nexus', 'tree_ORTHOMCL581_Inner5.nexus']\n",
        "ingestionTime": 1745267664732,
        "eventId": "38920769305914703206947342268503167075893395846572933149"
    },
    {
        "logStreamName": "2025/04/21/[$LATEST]6a0c0d44a4694ca0bc296e2d772481c9",
        "timestamp": 1745267656279,
        "message": "[INFO]\t2025-04-21T20:34:16.279Z\t415d6ee4-efe8-4a02-b372-b158c1261b19\tSUBTREE_CONSTRUCTOR RequestId: 415d6ee4-efe8-4a02-b372-b158c1261b19\t Duration: 2.031150999982856 ms\t InputTree: ['tree_ORTHOMCL581.nexus']\t OutputSubtrees: ['tree_ORTHOMCL581_Inner1.nexus', 'tree_ORTHOMCL581_Inner2.nexus', 'tree_ORTHOMCL581_Inner3.nexus', 'tree_ORTHOMCL581_Inner4.nexus', 'tree_ORTHOMCL581_Inner5.nexus']\n",
        "ingestionTime": 1745267664732,
        "eventId": "38920769305914703206947342268503167075893395846572933150"
    },
    {
        "logStreamName": "2025/04/21/[$LATEST]6a0c0d44a4694ca0bc296e2d772481c9",
        "timestamp": 1745267656430,
        "message": "FILE_TRANSFER RequestId: 415d6ee4-efe8-4a02-b372-b158c1261b19\t TransferType: produced\t Action: upload_to_s3\t FileName: tree_ORTHOMCL581_Inner1.nexus\t Bucket: denethor\t FilePath: subtree/tree_ORTHOMCL581_Inner1.nexus\t LocalFilePath: /tmp/subtree/tree_ORTHOMCL581_Inner1.nexus\t FileSize: 185 bytes\t TransferDuration: 51.04377000020577 ms\n",
        "ingestionTime": 1745267664732,
        "eventId": "38920769309282115731925466362875060535063298433975975967"
    },
    {
        "logStreamName": "2025/04/21/[$LATEST]6a0c0d44a4694ca0bc296e2d772481c9",
        "timestamp": 1745267656471,
        "message": "FILE_TRANSFER RequestId: 415d6ee4-efe8-4a02-b372-b158c1261b19\t TransferType: produced\t Action: upload_to_s3\t FileName: tree_ORTHOMCL581_Inner2.nexus\t Bucket: denethor\t FilePath: subtree/tree_ORTHOMCL581_Inner2.nexus\t LocalFilePath: /tmp/subtree/tree_ORTHOMCL581_Inner2.nexus\t FileSize: 187 bytes\t TransferDuration: 40.976555000042936 ms\n",
        "ingestionTime": 1745267664732,
        "eventId": "38920769310196446285065221911678024984241881255721173024"
    },
    {
        "logStreamName": "2025/04/21/[$LATEST]6a0c0d44a4694ca0bc296e2d772481c9",
        "timestamp": 1745267656514,
        "message": "FILE_TRANSFER RequestId: 415d6ee4-efe8-4a02-b372-b158c1261b19\t TransferType: produced\t Action: upload_to_s3\t FileName: tree_ORTHOMCL581_Inner3.nexus\t Bucket: denethor\t FilePath: subtree/tree_ORTHOMCL581_Inner3.nexus\t LocalFilePath: /tmp/subtree/tree_ORTHOMCL581_Inner3.nexus\t FileSize: 185 bytes\t TransferDuration: 43.11160599991126 ms\n",
        "ingestionTime": 1745267664732,
        "eventId": "38920769311155378328602038706764060869965760800478330913"
    },
    {
        "logStreamName": "2025/04/21/[$LATEST]6a0c0d44a4694ca0bc296e2d772481c9",
        "timestamp": 1745267656560,
        "message": "FILE_TRANSFER RequestId: 415d6ee4-efe8-4a02-b372-b158c1261b19\t TransferType: produced\t Action: upload_to_s3\t FileName: tree_ORTHOMCL581_Inner4.nexus\t Bucket: denethor\t FilePath: subtree/tree_ORTHOMCL581_Inner4.nexus\t LocalFilePath: /tmp/subtree/tree_ORTHOMCL581_Inner4.nexus\t FileSize: 241 bytes\t TransferDuration: 45.45809699993697 ms\n",
        "ingestionTime": 1745267664732,
        "eventId": "38920769312181212607734447371274703910507585429753430050"
    },
    {
        "logStreamName": "2025/04/21/[$LATEST]6a0c0d44a4694ca0bc296e2d772481c9",
        "timestamp": 1745267656604,
        "message": "FILE_TRANSFER RequestId: 415d6ee4-efe8-4a02-b372-b158c1261b19\t TransferType: produced\t Action: upload_to_s3\t FileName: tree_ORTHOMCL581_Inner5.nexus\t Bucket: denethor\t FilePath: subtree/tree_ORTHOMCL581_Inner5.nexus\t LocalFilePath: /tmp/subtree/tree_ORTHOMCL581_Inner5.nexus\t FileSize: 455 bytes\t TransferDuration: 44.42425699994601 ms\n",
        "ingestionTime": 1745267664732,
        "eventId": "38920769313162445396469794789502275514504113336016568355"
    },
    {
        "logStreamName": "2025/04/21/[$LATEST]6a0c0d44a4694ca0bc296e2d772481c9",
        "timestamp": 1745267656604,
        "message": "PRODUCED_FILES_INFO RequestId: 415d6ee4-efe8-4a02-b372-b158c1261b19\t FilesCount: 5 files\t FilesSize: 1253 bytes\t TransferDuration: 225.01428500004295 ms\t Provider: aws_lambda\t  ProducedFiles: ['tree_ORTHOMCL581_Inner1.nexus', 'tree_ORTHOMCL581_Inner2.nexus', 'tree_ORTHOMCL581_Inner3.nexus', 'tree_ORTHOMCL581_Inner4.nexus', 'tree_ORTHOMCL581_Inner5.nexus']\n",
        "ingestionTime": 1745267664732,
        "eventId": "38920769313162445396469794789502275514504113336016568356"
    },
    {
        "logStreamName": "2025/04/21/[$LATEST]6a0c0d44a4694ca0bc296e2d772481c9",
        "timestamp": 1745267656605,
        "message": "END RequestId: 415d6ee4-efe8-4a02-b372-b158c1261b19\n",
        "ingestionTime": 1745267664732,
        "eventId": "38920769313184746141668325412643811232776761697522548773"
    },
    {
        "logStreamName": "2025/04/21/[$LATEST]6a0c0d44a4694ca0bc296e2d772481c9",
        "timestamp": 1745267656605,
        "message": "REPORT RequestId: 415d6ee4-efe8-4a02-b372-b158c1261b19\tDuration: 374.18 ms\tBilled Duration: 375 ms\tMemory Size: 512 MB\tMax Memory Used: 112 MB\t\n",
        "ingestionTime": 1745267664732,
        "eventId": "38920769313184746141668325412643811232776761697522548774"
    },
    {
        "logStreamName": "2025/04/21/[$LATEST]6a0c0d44a4694ca0bc296e2d772481c9",
        "timestamp": 1745267656843,
        "message": "START RequestId: 73ea42f5-8478-42b3-b543-f3fe9a45c0a5 Version: $LATEST\n",
        "ingestionTime": 1745267664732,
        "eventId": "38920769318492323498918613720329312181667071735945887783"
    },
    {
        "logStreamName": "2025/04/21/[$LATEST]6a0c0d44a4694ca0bc296e2d772481c9",
        "timestamp": 1745267656890,
        "message": "FILE_TRANSFER RequestId: 73ea42f5-8478-42b3-b543-f3fe9a45c0a5\t TransferType: consumed\t Action: download_from_s3\t FileName: tree_ORTHOMCL755.nexus\t Bucket: denethor\t FilePath: tree/tree_ORTHOMCL755.nexus\t LocalFilePath: /tmp/tree/tree_ORTHOMCL755.nexus\t FileSize: 407 bytes\t TransferDuration: 47.38432899989675 ms\n",
        "ingestionTime": 1745267664732,
        "eventId": "38920769319540458523249553007981490940481544726726967336"
    },
    {
        "logStreamName": "2025/04/21/[$LATEST]6a0c0d44a4694ca0bc296e2d772481c9",
        "timestamp": 1745267656891,
        "message": "CONSUMED_FILES_INFO RequestId: 73ea42f5-8478-42b3-b543-f3fe9a45c0a5\t FilesCount: 1 files\t FilesSize: 407 bytes\t TransferDuration: 47.38432899989675 ms\t ConsumedFiles: ['tree_ORTHOMCL755.nexus']\n",
        "ingestionTime": 1745267664732,
        "eventId": "38920769319562759268448083631123026658754193088232947753"
    },
    {
        "logStreamName": "2025/04/21/[$LATEST]6a0c0d44a4694ca0bc296e2d772481c9",
        "timestamp": 1745267656891,
        "message": "Reading tree file tree_ORTHOMCL755.nexus\n",
        "ingestionTime": 1745267664732,
        "eventId": "38920769319562759268448083631123026658754193088232947754"
    },
    {
        "logStreamName": "2025/04/21/[$LATEST]6a0c0d44a4694ca0bc296e2d772481c9",
        "timestamp": 1745267656892,
        "message": "Subtree file tree_ORTHOMCL755_Inner4.nexus was created!\n",
        "ingestionTime": 1745267664732,
        "eventId": "38920769319585060013646614254264562377026841449738928171"
    },
    {
        "logStreamName": "2025/04/21/[$LATEST]6a0c0d44a4694ca0bc296e2d772481c9",
        "timestamp": 1745267656892,
        "message": "Subtree file tree_ORTHOMCL755_Inner3.nexus was created!\n",
        "ingestionTime": 1745267664732,
        "eventId": "38920769319585060013646614254264562377026841449738928172"
    },
    {
        "logStreamName": "2025/04/21/[$LATEST]6a0c0d44a4694ca0bc296e2d772481c9",
        "timestamp": 1745267656892,
        "message": "Subtree file tree_ORTHOMCL755_Inner2.nexus was created!\n",
        "ingestionTime": 1745267664732,
        "eventId": "38920769319585060013646614254264562377026841449738928173"
    },
    {
        "logStreamName": "2025/04/21/[$LATEST]6a0c0d44a4694ca0bc296e2d772481c9",
        "timestamp": 1745267656892,
        "message": "Subtree file tree_ORTHOMCL755_Inner1.nexus was created!\n",
        "ingestionTime": 1745267664732,
        "eventId": "38920769319585060013646614254264562377026841449738928174"
    },
    {
        "logStreamName": "2025/04/21/[$LATEST]6a0c0d44a4694ca0bc296e2d772481c9",
        "timestamp": 1745267656892,
        "message": "Tempo de construção dos arquivos de subárvores de ['tree_ORTHOMCL755.nexus']: 1.7293600001266896 milissegundos\n",
        "ingestionTime": 1745267664732,
        "eventId": "38920769319585060013646614254264562377026841449738928175"
    },
    {
        "logStreamName": "2025/04/21/[$LATEST]6a0c0d44a4694ca0bc296e2d772481c9",
        "timestamp": 1745267656892,
        "message": "[INFO] 2025-04-21T20:34:16GMT SUBTREE_CONSTRUCTOR RequestId: 73ea42f5-8478-42b3-b543-f3fe9a45c0a5\t Duration: 1.7293600001266896 ms\t InputTree: ['tree_ORTHOMCL755.nexus']\t OutputSubtrees: ['tree_ORTHOMCL755_Inner1.nexus', 'tree_ORTHOMCL755_Inner2.nexus', 'tree_ORTHOMCL755_Inner3.nexus', 'tree_ORTHOMCL755_Inner4.nexus']\n",
        "ingestionTime": 1745267664732,
        "eventId": "38920769319585060013646614254264562377026841449738928176"
    },
    {
        "logStreamName": "2025/04/21/[$LATEST]6a0c0d44a4694ca0bc296e2d772481c9",
        "timestamp": 1745267656892,
        "message": "[INFO]\t2025-04-21T20:34:16.892Z\t73ea42f5-8478-42b3-b543-f3fe9a45c0a5\tSUBTREE_CONSTRUCTOR RequestId: 73ea42f5-8478-42b3-b543-f3fe9a45c0a5\t Duration: 1.7293600001266896 ms\t InputTree: ['tree_ORTHOMCL755.nexus']\t OutputSubtrees: ['tree_ORTHOMCL755_Inner1.nexus', 'tree_ORTHOMCL755_Inner2.nexus', 'tree_ORTHOMCL755_Inner3.nexus', 'tree_ORTHOMCL755_Inner4.nexus']\n",
        "ingestionTime": 1745267664732,
        "eventId": "38920769319585060013646614254264562377026841449738928177"
    },
    {
        "logStreamName": "2025/04/21/[$LATEST]6a0c0d44a4694ca0bc296e2d772481c9",
        "timestamp": 1745267657040,
        "message": "FILE_TRANSFER RequestId: 73ea42f5-8478-42b3-b543-f3fe9a45c0a5\t TransferType: produced\t Action: upload_to_s3\t FileName: tree_ORTHOMCL755_Inner1.nexus\t Bucket: denethor\t FilePath: subtree/tree_ORTHOMCL755_Inner1.nexus\t LocalFilePath: /tmp/subtree/tree_ORTHOMCL755_Inner1.nexus\t FileSize: 185 bytes\t TransferDuration: 47.29411800008165 ms\n",
        "ingestionTime": 1745267664732,
        "eventId": "38920769322885570303029146479211848681378798952624029746"
    },
    {
        "logStreamName": "2025/04/21/[$LATEST]6a0c0d44a4694ca0bc296e2d772481c9",
        "timestamp": 1745267657083,
        "message": "FILE_TRANSFER RequestId: 73ea42f5-8478-42b3-b543-f3fe9a45c0a5\t TransferType: produced\t Action: upload_to_s3\t FileName: tree_ORTHOMCL755_Inner2.nexus\t Bucket: denethor\t FilePath: subtree/tree_ORTHOMCL755_Inner2.nexus\t LocalFilePath: /tmp/subtree/tree_ORTHOMCL755_Inner2.nexus\t FileSize: 187 bytes\t TransferDuration: 42.41904500008786 ms\n",
        "ingestionTime": 1745267664732,
        "eventId": "38920769323844502346565963274297884567102678497381187635"
    },
    {
        "logStreamName": "2025/04/21/[$LATEST]6a0c0d44a4694ca0bc296e2d772481c9",
        "timestamp": 1745267657131,
        "message": "FILE_TRANSFER RequestId: 73ea42f5-8478-42b3-b543-f3fe9a45c0a5\t TransferType: produced\t Action: upload_to_s3\t FileName: tree_ORTHOMCL755_Inner3.nexus\t Bucket: denethor\t FilePath: subtree/tree_ORTHOMCL755_Inner3.nexus\t LocalFilePath: /tmp/subtree/tree_ORTHOMCL755_Inner3.nexus\t FileSize: 245 bytes\t TransferDuration: 47.90028899992649 ms\n",
        "ingestionTime": 1745267664732,
        "eventId": "38920769324914938116095433185091599044189799849668247604"
    },
    {
        "logStreamName": "2025/04/21/[$LATEST]6a0c0d44a4694ca0bc296e2d772481c9",
        "timestamp": 1745267657176,
        "message": "FILE_TRANSFER RequestId: 73ea42f5-8478-42b3-b543-f3fe9a45c0a5\t TransferType: produced\t Action: upload_to_s3\t FileName: tree_ORTHOMCL755_Inner4.nexus\t Bucket: denethor\t FilePath: subtree/tree_ORTHOMCL755_Inner4.nexus\t LocalFilePath: /tmp/subtree/tree_ORTHOMCL755_Inner4.nexus\t FileSize: 407 bytes\t TransferDuration: 45.18733700001576 ms\n",
        "ingestionTime": 1745267664732,
        "eventId": "38920769325918471650029311226460706366458976117437366325"
    },
    {
        "logStreamName": "2025/04/21/[$LATEST]6a0c0d44a4694ca0bc296e2d772481c9",
        "timestamp": 1745267657176,
        "message": "PRODUCED_FILES_INFO RequestId: 73ea42f5-8478-42b3-b543-f3fe9a45c0a5\t FilesCount: 4 files\t FilesSize: 1024 bytes\t TransferDuration: 182.80078900011176 ms\t Provider: aws_lambda\t  ProducedFiles: ['tree_ORTHOMCL755_Inner1.nexus', 'tree_ORTHOMCL755_Inner2.nexus', 'tree_ORTHOMCL755_Inner3.nexus', 'tree_ORTHOMCL755_Inner4.nexus']\n",
        "ingestionTime": 1745267664732,
        "eventId": "38920769325918471650029311226460706366458976117437366326"
    },
    {
        "logStreamName": "2025/04/21/[$LATEST]6a0c0d44a4694ca0bc296e2d772481c9",
        "timestamp": 1745267657177,
        "message": "END RequestId: 73ea42f5-8478-42b3-b543-f3fe9a45c0a5\n",
        "ingestionTime": 1745267664732,
        "eventId": "38920769325940772395227841849602242084731624478943346743"
    },
    {
        "logStreamName": "2025/04/21/[$LATEST]6a0c0d44a4694ca0bc296e2d772481c9",
        "timestamp": 1745267657177,
        "message": "REPORT RequestId: 73ea42f5-8478-42b3-b543-f3fe9a45c0a5\tDuration: 334.44 ms\tBilled Duration: 335 ms\tMemory Size: 512 MB\tMax Memory Used: 112 MB\t\n",
        "ingestionTime": 1745267664732,
        "eventId": "38920769325940772395227841849602242084731624478943346744"
    },
    {
        "logStreamName": "2025/04/21/[$LATEST]6a0c0d44a4694ca0bc296e2d772481c9",
        "timestamp": 1745267657345,
        "message": "START RequestId: 6d389b0a-8fc5-4c61-beb8-9e8231625328 Version: $LATEST\n",
        "ingestionTime": 1745267664732,
        "eventId": "38920769329687297588580986537380242754536549211948056633"
    },
    {
        "logStreamName": "2025/04/21/[$LATEST]6a0c0d44a4694ca0bc296e2d772481c9",
        "timestamp": 1745267657390,
        "message": "FILE_TRANSFER RequestId: 6d389b0a-8fc5-4c61-beb8-9e8231625328\t TransferType: consumed\t Action: download_from_s3\t FileName: tree_ORTHOMCL833.nexus\t Bucket: denethor\t FilePath: tree/tree_ORTHOMCL833.nexus\t LocalFilePath: /tmp/tree/tree_ORTHOMCL833.nexus\t FileSize: 397 bytes\t TransferDuration: 43.75058700020418 ms\n",
        "ingestionTime": 1745267664732,
        "eventId": "38920769330690831122514864578749350076805725479717175354"
    },
    {
        "logStreamName": "2025/04/21/[$LATEST]6a0c0d44a4694ca0bc296e2d772481c9",
        "timestamp": 1745267657390,
        "message": "CONSUMED_FILES_INFO RequestId: 6d389b0a-8fc5-4c61-beb8-9e8231625328\t FilesCount: 1 files\t FilesSize: 397 bytes\t TransferDuration: 43.75058700020418 ms\t ConsumedFiles: ['tree_ORTHOMCL833.nexus']\n",
        "ingestionTime": 1745267664732,
        "eventId": "38920769330690831122514864578749350076805725479717175355"
    },
    {
        "logStreamName": "2025/04/21/[$LATEST]6a0c0d44a4694ca0bc296e2d772481c9",
        "timestamp": 1745267657390,
        "message": "Reading tree file tree_ORTHOMCL833.nexus\n",
        "ingestionTime": 1745267664732,
        "eventId": "38920769330690831122514864578749350076805725479717175356"
    },
    {
        "logStreamName": "2025/04/21/[$LATEST]6a0c0d44a4694ca0bc296e2d772481c9",
        "timestamp": 1745267657391,
        "message": "Subtree file tree_ORTHOMCL833_Inner4.nexus was created!\n",
        "ingestionTime": 1745267664732,
        "eventId": "38920769330713131867713395201890885795078373841223155773"
    },
    {
        "logStreamName": "2025/04/21/[$LATEST]6a0c0d44a4694ca0bc296e2d772481c9",
        "timestamp": 1745267657391,
        "message": "Subtree file tree_ORTHOMCL833_Inner3.nexus was created!\n",
        "ingestionTime": 1745267664732,
        "eventId": "38920769330713131867713395201890885795078373841223155774"
    },
    {
        "logStreamName": "2025/04/21/[$LATEST]6a0c0d44a4694ca0bc296e2d772481c9",
        "timestamp": 1745267657391,
        "message": "Subtree file tree_ORTHOMCL833_Inner2.nexus was created!\n",
        "ingestionTime": 1745267664732,
        "eventId": "38920769330713131867713395201890885795078373841223155775"
    },
    {
        "logStreamName": "2025/04/21/[$LATEST]6a0c0d44a4694ca0bc296e2d772481c9",
        "timestamp": 1745267657391,
        "message": "Subtree file tree_ORTHOMCL833_Inner1.nexus was created!\n",
        "ingestionTime": 1745267664732,
        "eventId": "38920769330713131867713395201890885795078373841223155776"
    },
    {
        "logStreamName": "2025/04/21/[$LATEST]6a0c0d44a4694ca0bc296e2d772481c9",
        "timestamp": 1745267657391,
        "message": "Tempo de construção dos arquivos de subárvores de ['tree_ORTHOMCL833.nexus']: 1.6110910000861622 milissegundos\n",
        "ingestionTime": 1745267664732,
        "eventId": "38920769330713131867713395201890885795078373841223155777"
    },
    {
        "logStreamName": "2025/04/21/[$LATEST]6a0c0d44a4694ca0bc296e2d772481c9",
        "timestamp": 1745267657391,
        "message": "[INFO] 2025-04-21T20:34:17GMT SUBTREE_CONSTRUCTOR RequestId: 6d389b0a-8fc5-4c61-beb8-9e8231625328\t Duration: 1.6110910000861622 ms\t InputTree: ['tree_ORTHOMCL833.nexus']\t OutputSubtrees: ['tree_ORTHOMCL833_Inner1.nexus', 'tree_ORTHOMCL833_Inner2.nexus', 'tree_ORTHOMCL833_Inner3.nexus', 'tree_ORTHOMCL833_Inner4.nexus']\n",
        "ingestionTime": 1745267664732,
        "eventId": "38920769330713131867713395201890885795078373841223155778"
    },
    {
        "logStreamName": "2025/04/21/[$LATEST]6a0c0d44a4694ca0bc296e2d772481c9",
        "timestamp": 1745267657391,
        "message": "[INFO]\t2025-04-21T20:34:17.391Z\t6d389b0a-8fc5-4c61-beb8-9e8231625328\tSUBTREE_CONSTRUCTOR RequestId: 6d389b0a-8fc5-4c61-beb8-9e8231625328\t Duration: 1.6110910000861622 ms\t InputTree: ['tree_ORTHOMCL833.nexus']\t OutputSubtrees: ['tree_ORTHOMCL833_Inner1.nexus', 'tree_ORTHOMCL833_Inner2.nexus', 'tree_ORTHOMCL833_Inner3.nexus', 'tree_ORTHOMCL833_Inner4.nexus']\n",
        "ingestionTime": 1745267664732,
        "eventId": "38920769330713131867713395201890885795078373841223155779"
    },
    {
        "logStreamName": "2025/04/21/[$LATEST]6a0c0d44a4694ca0bc296e2d772481c9",
        "timestamp": 1745267657534,
        "message": "FILE_TRANSFER RequestId: 6d389b0a-8fc5-4c61-beb8-9e8231625328\t TransferType: produced\t Action: upload_to_s3\t FileName: tree_ORTHOMCL833_Inner1.nexus\t Bucket: denethor\t FilePath: subtree/tree_ORTHOMCL833_Inner1.nexus\t LocalFilePath: /tmp/subtree/tree_ORTHOMCL833_Inner1.nexus\t FileSize: 185 bytes\t TransferDuration: 42.25680599984116 ms\n",
        "ingestionTime": 1745267664732,
        "eventId": "38920769333902138431103274311130493508067089536578355268"
    },
    {
        "logStreamName": "2025/04/21/[$LATEST]6a0c0d44a4694ca0bc296e2d772481c9",
        "timestamp": 1745267657577,
        "message": "FILE_TRANSFER RequestId: 6d389b0a-8fc5-4c61-beb8-9e8231625328\t TransferType: produced\t Action: upload_to_s3\t FileName: tree_ORTHOMCL833_Inner2.nexus\t Bucket: denethor\t FilePath: subtree/tree_ORTHOMCL833_Inner2.nexus\t LocalFilePath: /tmp/subtree/tree_ORTHOMCL833_Inner2.nexus\t FileSize: 187 bytes\t TransferDuration: 42.9283559999476 ms\n",
        "ingestionTime": 1745267664732,
        "eventId": "38920769334861070474640091106216529393790969081335513157"
    },
    {
        "logStreamName": "2025/04/21/[$LATEST]6a0c0d44a4694ca0bc296e2d772481c9",
        "timestamp": 1745267657617,
        "message": "FILE_TRANSFER RequestId: 6d389b0a-8fc5-4c61-beb8-9e8231625328\t TransferType: produced\t Action: upload_to_s3\t FileName: tree_ORTHOMCL833_Inner3.nexus\t Bucket: denethor\t FilePath: subtree/tree_ORTHOMCL833_Inner3.nexus\t LocalFilePath: /tmp/subtree/tree_ORTHOMCL833_Inner3.nexus\t FileSize: 243 bytes\t TransferDuration: 40.16423600000962 ms\n",
        "ingestionTime": 1745267664732,
        "eventId": "38920769335753100282581316031877958124696903541574729798"
    },
    {
        "logStreamName": "2025/04/21/[$LATEST]6a0c0d44a4694ca0bc296e2d772481c9",
        "timestamp": 1745267657659,
        "message": "FILE_TRANSFER RequestId: 6d389b0a-8fc5-4c61-beb8-9e8231625328\t TransferType: produced\t Action: upload_to_s3\t FileName: tree_ORTHOMCL833_Inner4.nexus\t Bucket: denethor\t FilePath: subtree/tree_ORTHOMCL833_Inner4.nexus\t LocalFilePath: /tmp/subtree/tree_ORTHOMCL833_Inner4.nexus\t FileSize: 397 bytes\t TransferDuration: 41.56750600009218 ms\n",
        "ingestionTime": 1745267664732,
        "eventId": "38920769336689731580919602203822458292148134724825907271"
    },
    {
        "logStreamName": "2025/04/21/[$LATEST]6a0c0d44a4694ca0bc296e2d772481c9",
        "timestamp": 1745267657659,
        "message": "PRODUCED_FILES_INFO RequestId: 6d389b0a-8fc5-4c61-beb8-9e8231625328\t FilesCount: 4 files\t FilesSize: 1012 bytes\t TransferDuration: 166.91690399989056 ms\t Provider: aws_lambda\t  ProducedFiles: ['tree_ORTHOMCL833_Inner1.nexus', 'tree_ORTHOMCL833_Inner2.nexus', 'tree_ORTHOMCL833_Inner3.nexus', 'tree_ORTHOMCL833_Inner4.nexus']\n",
        "ingestionTime": 1745267664732,
        "eventId": "38920769336689731580919602203822458292148134724825907272"
    },
    {
        "logStreamName": "2025/04/21/[$LATEST]6a0c0d44a4694ca0bc296e2d772481c9",
        "timestamp": 1745267657660,
        "message": "END RequestId: 6d389b0a-8fc5-4c61-beb8-9e8231625328\n",
        "ingestionTime": 1745267664732,
        "eventId": "38920769336712032326118132826963994010420783086331887689"
    },
    {
        "logStreamName": "2025/04/21/[$LATEST]6a0c0d44a4694ca0bc296e2d772481c9",
        "timestamp": 1745267657660,
        "message": "REPORT RequestId: 6d389b0a-8fc5-4c61-beb8-9e8231625328\tDuration: 314.94 ms\tBilled Duration: 315 ms\tMemory Size: 512 MB\tMax Memory Used: 112 MB\t\n",
        "ingestionTime": 1745267664732,
        "eventId": "38920769336712032326118132826963994010420783086331887690"
    },
    {
        "logStreamName": "2025/04/21/[$LATEST]6a0c0d44a4694ca0bc296e2d772481c9",
        "timestamp": 1745267657873,
        "message": "START RequestId: 1ea1dfe3-44ce-42a7-9c1b-3e7eaa6b9ba9 Version: $LATEST\n",
        "ingestionTime": 1745267664732,
        "eventId": "38920769341462091053405155556111102002494884087105716299"
    },
    {
        "logStreamName": "2025/04/21/[$LATEST]6a0c0d44a4694ca0bc296e2d772481c9",
        "timestamp": 1745267657914,
        "message": "FILE_TRANSFER RequestId: 1ea1dfe3-44ce-42a7-9c1b-3e7eaa6b9ba9\t TransferType: consumed\t Action: download_from_s3\t FileName: tree_ORTHOMCL866.nexus\t Bucket: denethor\t FilePath: tree/tree_ORTHOMCL866.nexus\t LocalFilePath: /tmp/tree/tree_ORTHOMCL866.nexus\t FileSize: 403 bytes\t TransferDuration: 39.73168499987878 ms\n",
        "ingestionTime": 1745267664732,
        "eventId": "38920769342376421606544911104914066451673466908850913356"
    },
    {
        "logStreamName": "2025/04/21/[$LATEST]6a0c0d44a4694ca0bc296e2d772481c9",
        "timestamp": 1745267657914,
        "message": "CONSUMED_FILES_INFO RequestId: 1ea1dfe3-44ce-42a7-9c1b-3e7eaa6b9ba9\t FilesCount: 1 files\t FilesSize: 403 bytes\t TransferDuration: 39.73168499987878 ms\t ConsumedFiles: ['tree_ORTHOMCL866.nexus']\n",
        "ingestionTime": 1745267664732,
        "eventId": "38920769342376421606544911104914066451673466908850913357"
    },
    {
        "logStreamName": "2025/04/21/[$LATEST]6a0c0d44a4694ca0bc296e2d772481c9",
        "timestamp": 1745267657914,
        "message": "Reading tree file tree_ORTHOMCL866.nexus\n",
        "ingestionTime": 1745267664732,
        "eventId": "38920769342376421606544911104914066451673466908850913358"
    },
    {
        "logStreamName": "2025/04/21/[$LATEST]6a0c0d44a4694ca0bc296e2d772481c9",
        "timestamp": 1745267657915,
        "message": "Subtree file tree_ORTHOMCL866_Inner4.nexus was created!\n",
        "ingestionTime": 1745267664732,
        "eventId": "38920769342398722351743441728055602169946115270356893775"
    },
    {
        "logStreamName": "2025/04/21/[$LATEST]6a0c0d44a4694ca0bc296e2d772481c9",
        "timestamp": 1745267657915,
        "message": "Subtree file tree_ORTHOMCL866_Inner2.nexus was created!\n",
        "ingestionTime": 1745267664732,
        "eventId": "38920769342398722351743441728055602169946115270356893776"
    },
    {
        "logStreamName": "2025/04/21/[$LATEST]6a0c0d44a4694ca0bc296e2d772481c9",
        "timestamp": 1745267657915,
        "message": "Subtree file tree_ORTHOMCL866_Inner3.nexus was created!\n",
        "ingestionTime": 1745267664732,
        "eventId": "38920769342398722351743441728055602169946115270356893777"
    },
    {
        "logStreamName": "2025/04/21/[$LATEST]6a0c0d44a4694ca0bc296e2d772481c9",
        "timestamp": 1745267657915,
        "message": "Subtree file tree_ORTHOMCL866_Inner1.nexus was created!\n",
        "ingestionTime": 1745267664732,
        "eventId": "38920769342398722351743441728055602169946115270356893778"
    },
    {
        "logStreamName": "2025/04/21/[$LATEST]6a0c0d44a4694ca0bc296e2d772481c9",
        "timestamp": 1745267657915,
        "message": "Tempo de construção dos arquivos de subárvores de ['tree_ORTHOMCL866.nexus']: 1.5039310001156991 milissegundos\n",
        "ingestionTime": 1745267664732,
        "eventId": "38920769342398722351743441728055602169946115270356893779"
    },
    {
        "logStreamName": "2025/04/21/[$LATEST]6a0c0d44a4694ca0bc296e2d772481c9",
        "timestamp": 1745267657915,
        "message": "[INFO] 2025-04-21T20:34:17GMT SUBTREE_CONSTRUCTOR RequestId: 1ea1dfe3-44ce-42a7-9c1b-3e7eaa6b9ba9\t Duration: 1.5039310001156991 ms\t InputTree: ['tree_ORTHOMCL866.nexus']\t OutputSubtrees: ['tree_ORTHOMCL866_Inner1.nexus', 'tree_ORTHOMCL866_Inner2.nexus', 'tree_ORTHOMCL866_Inner3.nexus', 'tree_ORTHOMCL866_Inner4.nexus']\n",
        "ingestionTime": 1745267664732,
        "eventId": "38920769342398722351743441728055602169946115270356893780"
    },
    {
        "logStreamName": "2025/04/21/[$LATEST]6a0c0d44a4694ca0bc296e2d772481c9",
        "timestamp": 1745267657915,
        "message": "[INFO]\t2025-04-21T20:34:17.915Z\t1ea1dfe3-44ce-42a7-9c1b-3e7eaa6b9ba9\tSUBTREE_CONSTRUCTOR RequestId: 1ea1dfe3-44ce-42a7-9c1b-3e7eaa6b9ba9\t Duration: 1.5039310001156991 ms\t InputTree: ['tree_ORTHOMCL866.nexus']\t OutputSubtrees: ['tree_ORTHOMCL866_Inner1.nexus', 'tree_ORTHOMCL866_Inner2.nexus', 'tree_ORTHOMCL866_Inner3.nexus', 'tree_ORTHOMCL866_Inner4.nexus']\n",
        "ingestionTime": 1745267664732,
        "eventId": "38920769342398722351743441728055602169946115270356893781"
    },
    {
        "logStreamName": "2025/04/21/[$LATEST]6a0c0d44a4694ca0bc296e2d772481c9",
        "timestamp": 1745267658059,
        "message": "FILE_TRANSFER RequestId: 1ea1dfe3-44ce-42a7-9c1b-3e7eaa6b9ba9\t TransferType: produced\t Action: upload_to_s3\t FileName: tree_ORTHOMCL866_Inner1.nexus\t Bucket: denethor\t FilePath: subtree/tree_ORTHOMCL866_Inner1.nexus\t LocalFilePath: /tmp/subtree/tree_ORTHOMCL866_Inner1.nexus\t FileSize: 193 bytes\t TransferDuration: 42.78442700001506 ms\n",
        "ingestionTime": 1745267664732,
        "eventId": "38920769345610029660331851460436745601207479327218073686"
    },
    {
        "logStreamName": "2025/04/21/[$LATEST]6a0c0d44a4694ca0bc296e2d772481c9",
        "timestamp": 1745267658109,
        "message": "FILE_TRANSFER RequestId: 1ea1dfe3-44ce-42a7-9c1b-3e7eaa6b9ba9\t TransferType: produced\t Action: upload_to_s3\t FileName: tree_ORTHOMCL866_Inner2.nexus\t Bucket: denethor\t FilePath: subtree/tree_ORTHOMCL866_Inner2.nexus\t LocalFilePath: /tmp/subtree/tree_ORTHOMCL866_Inner2.nexus\t FileSize: 183 bytes\t TransferDuration: 50.614929000175835 ms\n",
        "ingestionTime": 1745267664732,
        "eventId": "38920769346725066920258382617513531514839897402517094487"
    },
    {
        "logStreamName": "2025/04/21/[$LATEST]6a0c0d44a4694ca0bc296e2d772481c9",
        "timestamp": 1745267658147,
        "message": "FILE_TRANSFER RequestId: 1ea1dfe3-44ce-42a7-9c1b-3e7eaa6b9ba9\t TransferType: produced\t Action: upload_to_s3\t FileName: tree_ORTHOMCL866_Inner3.nexus\t Bucket: denethor\t FilePath: subtree/tree_ORTHOMCL866_Inner3.nexus\t LocalFilePath: /tmp/subtree/tree_ORTHOMCL866_Inner3.nexus\t FileSize: 185 bytes\t TransferDuration: 37.67507400016257 ms\n",
        "ingestionTime": 1745267664732,
        "eventId": "38920769347572495237802546296891888809200535139744350296"
    },
    {
        "logStreamName": "2025/04/21/[$LATEST]6a0c0d44a4694ca0bc296e2d772481c9",
        "timestamp": 1745267658196,
        "message": "FILE_TRANSFER RequestId: 1ea1dfe3-44ce-42a7-9c1b-3e7eaa6b9ba9\t TransferType: produced\t Action: upload_to_s3\t FileName: tree_ORTHOMCL866_Inner4.nexus\t Bucket: denethor\t FilePath: subtree/tree_ORTHOMCL866_Inner4.nexus\t LocalFilePath: /tmp/subtree/tree_ORTHOMCL866_Inner4.nexus\t FileSize: 403 bytes\t TransferDuration: 48.56976799987933 ms\n",
        "ingestionTime": 1745267664732,
        "eventId": "38920769348665231752530546830827139004560304853537390681"
    },
    {
        "logStreamName": "2025/04/21/[$LATEST]6a0c0d44a4694ca0bc296e2d772481c9",
        "timestamp": 1745267658196,
        "message": "PRODUCED_FILES_INFO RequestId: 1ea1dfe3-44ce-42a7-9c1b-3e7eaa6b9ba9\t FilesCount: 4 files\t FilesSize: 964 bytes\t TransferDuration: 179.6441980002328 ms\t Provider: aws_lambda\t  ProducedFiles: ['tree_ORTHOMCL866_Inner1.nexus', 'tree_ORTHOMCL866_Inner2.nexus', 'tree_ORTHOMCL866_Inner3.nexus', 'tree_ORTHOMCL866_Inner4.nexus']\n",
        "ingestionTime": 1745267664732,
        "eventId": "38920769348665231752530546830827139004560304853537390682"
    },
    {
        "logStreamName": "2025/04/21/[$LATEST]6a0c0d44a4694ca0bc296e2d772481c9",
        "timestamp": 1745267658197,
        "message": "END RequestId: 1ea1dfe3-44ce-42a7-9c1b-3e7eaa6b9ba9\n",
        "ingestionTime": 1745267664732,
        "eventId": "38920769348687532497729077453968674722832953215043371099"
    },
    {
        "logStreamName": "2025/04/21/[$LATEST]6a0c0d44a4694ca0bc296e2d772481c9",
        "timestamp": 1745267658197,
        "message": "REPORT RequestId: 1ea1dfe3-44ce-42a7-9c1b-3e7eaa6b9ba9\tDuration: 323.34 ms\tBilled Duration: 324 ms\tMemory Size: 512 MB\tMax Memory Used: 113 MB\t\n",
        "ingestionTime": 1745267664732,
        "eventId": "38920769348687532497729077453968674722832953215043371100"
    },
    {
        "logStreamName": "2025/04/21/[$LATEST]6a0c0d44a4694ca0bc296e2d772481c9",
        "timestamp": 1745267658378,
        "message": "START RequestId: d3616105-8c2b-4372-8f9f-676774fa8fc1 Version: $LATEST\n",
        "ingestionTime": 1745267664732,
        "eventId": "38920769352723967378663120242586639730182306647625826397"
    },
    {
        "logStreamName": "2025/04/21/[$LATEST]6a0c0d44a4694ca0bc296e2d772481c9",
        "timestamp": 1745267658425,
        "message": "FILE_TRANSFER RequestId: d3616105-8c2b-4372-8f9f-676774fa8fc1\t TransferType: consumed\t Action: download_from_s3\t FileName: tree_ORTHOMCL989.nexus\t Bucket: denethor\t FilePath: tree/tree_ORTHOMCL989.nexus\t LocalFilePath: /tmp/tree/tree_ORTHOMCL989.nexus\t FileSize: 407 bytes\t TransferDuration: 47.37200800013852 ms\n",
        "ingestionTime": 1745267664732,
        "eventId": "38920769353772102402994059530238818488996779638406905950"
    },
    {
        "logStreamName": "2025/04/21/[$LATEST]6a0c0d44a4694ca0bc296e2d772481c9",
        "timestamp": 1745267658426,
        "message": "CONSUMED_FILES_INFO RequestId: d3616105-8c2b-4372-8f9f-676774fa8fc1\t FilesCount: 1 files\t FilesSize: 407 bytes\t TransferDuration: 47.37200800013852 ms\t ConsumedFiles: ['tree_ORTHOMCL989.nexus']\n",
        "ingestionTime": 1745267664732,
        "eventId": "38920769353794403148192590153380354207269427999912886367"
    },
    {
        "logStreamName": "2025/04/21/[$LATEST]6a0c0d44a4694ca0bc296e2d772481c9",
        "timestamp": 1745267658426,
        "message": "Reading tree file tree_ORTHOMCL989.nexus\n",
        "ingestionTime": 1745267664732,
        "eventId": "38920769353794403148192590153380354207269427999912886368"
    },
    {
        "logStreamName": "2025/04/21/[$LATEST]6a0c0d44a4694ca0bc296e2d772481c9",
        "timestamp": 1745267658427,
        "message": "Subtree file tree_ORTHOMCL989_Inner4.nexus was created!\n",
        "ingestionTime": 1745267664732,
        "eventId": "38920769353816703893391120776521889925542076361418866785"
    },
    {
        "logStreamName": "2025/04/21/[$LATEST]6a0c0d44a4694ca0bc296e2d772481c9",
        "timestamp": 1745267658427,
        "message": "Subtree file tree_ORTHOMCL989_Inner3.nexus was created!\n",
        "ingestionTime": 1745267664732,
        "eventId": "38920769353816703893391120776521889925542076361418866786"
    },
    {
        "logStreamName": "2025/04/21/[$LATEST]6a0c0d44a4694ca0bc296e2d772481c9",
        "timestamp": 1745267658427,
        "message": "Subtree file tree_ORTHOMCL989_Inner1.nexus was created!\n",
        "ingestionTime": 1745267664732,
        "eventId": "38920769353816703893391120776521889925542076361418866787"
    },
    {
        "logStreamName": "2025/04/21/[$LATEST]6a0c0d44a4694ca0bc296e2d772481c9",
        "timestamp": 1745267658427,
        "message": "Subtree file tree_ORTHOMCL989_Inner2.nexus was created!\n",
        "ingestionTime": 1745267664732,
        "eventId": "38920769353816703893391120776521889925542076361418866788"
    },
    {
        "logStreamName": "2025/04/21/[$LATEST]6a0c0d44a4694ca0bc296e2d772481c9",
        "timestamp": 1745267658427,
        "message": "Tempo de construção dos arquivos de subárvores de ['tree_ORTHOMCL989.nexus']: 1.5584710001803614 milissegundos\n",
        "ingestionTime": 1745267664732,
        "eventId": "38920769353816703893391120776521889925542076361418866789"
    },
    {
        "logStreamName": "2025/04/21/[$LATEST]6a0c0d44a4694ca0bc296e2d772481c9",
        "timestamp": 1745267658427,
        "message": "[INFO] 2025-04-21T20:34:18GMT SUBTREE_CONSTRUCTOR RequestId: d3616105-8c2b-4372-8f9f-676774fa8fc1\t Duration: 1.5584710001803614 ms\t InputTree: ['tree_ORTHOMCL989.nexus']\t OutputSubtrees: ['tree_ORTHOMCL989_Inner1.nexus', 'tree_ORTHOMCL989_Inner2.nexus', 'tree_ORTHOMCL989_Inner3.nexus', 'tree_ORTHOMCL989_Inner4.nexus']\n",
        "ingestionTime": 1745267664732,
        "eventId": "38920769353816703893391120776521889925542076361418866790"
    },
    {
        "logStreamName": "2025/04/21/[$LATEST]6a0c0d44a4694ca0bc296e2d772481c9",
        "timestamp": 1745267658427,
        "message": "[INFO]\t2025-04-21T20:34:18.427Z\td3616105-8c2b-4372-8f9f-676774fa8fc1\tSUBTREE_CONSTRUCTOR RequestId: d3616105-8c2b-4372-8f9f-676774fa8fc1\t Duration: 1.5584710001803614 ms\t InputTree: ['tree_ORTHOMCL989.nexus']\t OutputSubtrees: ['tree_ORTHOMCL989_Inner1.nexus', 'tree_ORTHOMCL989_Inner2.nexus', 'tree_ORTHOMCL989_Inner3.nexus', 'tree_ORTHOMCL989_Inner4.nexus']\n",
        "ingestionTime": 1745267664732,
        "eventId": "38920769353816703893391120776521889925542076361418866791"
    },
    {
        "logStreamName": "2025/04/21/[$LATEST]6a0c0d44a4694ca0bc296e2d772481c9",
        "timestamp": 1745267658581,
        "message": "FILE_TRANSFER RequestId: d3616105-8c2b-4372-8f9f-676774fa8fc1\t TransferType: produced\t Action: upload_to_s3\t FileName: tree_ORTHOMCL989_Inner1.nexus\t Bucket: denethor\t FilePath: subtree/tree_ORTHOMCL989_Inner1.nexus\t LocalFilePath: /tmp/subtree/tree_ORTHOMCL989_Inner1.nexus\t FileSize: 187 bytes\t TransferDuration: 53.92371099992488 ms\n",
        "ingestionTime": 1745267664732,
        "eventId": "38920769357251018653964836740318390539529924033339850856"
    },
    {
        "logStreamName": "2025/04/21/[$LATEST]6a0c0d44a4694ca0bc296e2d772481c9",
        "timestamp": 1745267658633,
        "message": "FILE_TRANSFER RequestId: d3616105-8c2b-4372-8f9f-676774fa8fc1\t TransferType: produced\t Action: upload_to_s3\t FileName: tree_ORTHOMCL989_Inner2.nexus\t Bucket: denethor\t FilePath: subtree/tree_ORTHOMCL989_Inner2.nexus\t LocalFilePath: /tmp/subtree/tree_ORTHOMCL989_Inner2.nexus\t FileSize: 185 bytes\t TransferDuration: 50.93621899982281 ms\n",
        "ingestionTime": 1745267664732,
        "eventId": "38920769358410657404288429143678247889707638831650832489"
    },
    {
        "logStreamName": "2025/04/21/[$LATEST]6a0c0d44a4694ca0bc296e2d772481c9",
        "timestamp": 1745267658680,
        "message": "FILE_TRANSFER RequestId: d3616105-8c2b-4372-8f9f-676774fa8fc1\t TransferType: produced\t Action: upload_to_s3\t FileName: tree_ORTHOMCL989_Inner3.nexus\t Bucket: denethor\t FilePath: subtree/tree_ORTHOMCL989_Inner3.nexus\t LocalFilePath: /tmp/subtree/tree_ORTHOMCL989_Inner3.nexus\t FileSize: 245 bytes\t TransferDuration: 47.47045799990701 ms\n",
        "ingestionTime": 1745267664732,
        "eventId": "38920769359458792428619368431330426648522111822431912042"
    },
    {
        "logStreamName": "2025/04/21/[$LATEST]6a0c0d44a4694ca0bc296e2d772481c9",
        "timestamp": 1745267658727,
        "message": "FILE_TRANSFER RequestId: d3616105-8c2b-4372-8f9f-676774fa8fc1\t TransferType: produced\t Action: upload_to_s3\t FileName: tree_ORTHOMCL989_Inner4.nexus\t Bucket: denethor\t FilePath: subtree/tree_ORTHOMCL989_Inner4.nexus\t LocalFilePath: /tmp/subtree/tree_ORTHOMCL989_Inner4.nexus\t FileSize: 407 bytes\t TransferDuration: 46.53436800003874 ms\n",
        "ingestionTime": 1745267664732,
        "eventId": "38920769360506927452950307718982605407336584813212991595"
    },
    {
        "logStreamName": "2025/04/21/[$LATEST]6a0c0d44a4694ca0bc296e2d772481c9",
        "timestamp": 1745267658727,
        "message": "PRODUCED_FILES_INFO RequestId: d3616105-8c2b-4372-8f9f-676774fa8fc1\t FilesCount: 4 files\t FilesSize: 1024 bytes\t TransferDuration: 198.86475599969344 ms\t Provider: aws_lambda\t  ProducedFiles: ['tree_ORTHOMCL989_Inner1.nexus', 'tree_ORTHOMCL989_Inner2.nexus', 'tree_ORTHOMCL989_Inner3.nexus', 'tree_ORTHOMCL989_Inner4.nexus']\n",
        "ingestionTime": 1745267664732,
        "eventId": "38920769360506927452950307718982605407336584813212991596"
    },
    {
        "logStreamName": "2025/04/21/[$LATEST]6a0c0d44a4694ca0bc296e2d772481c9",
        "timestamp": 1745267658729,
        "message": "END RequestId: d3616105-8c2b-4372-8f9f-676774fa8fc1\n",
        "ingestionTime": 1745267664732,
        "eventId": "38920769360551528943347368965265676843881881536224952429"
    },
    {
        "logStreamName": "2025/04/21/[$LATEST]6a0c0d44a4694ca0bc296e2d772481c9",
        "timestamp": 1745267658729,
        "message": "REPORT RequestId: d3616105-8c2b-4372-8f9f-676774fa8fc1\tDuration: 351.10 ms\tBilled Duration: 352 ms\tMemory Size: 512 MB\tMax Memory Used: 113 MB\t\n",
        "ingestionTime": 1745267664732,
        "eventId": "38920769360551528943347368965265676843881881536224952430"
    },
    {
        "logStreamName": "2025/04/21/[$LATEST]6a0c0d44a4694ca0bc296e2d772481c9",
        "timestamp": 1745267658900,
        "message": "START RequestId: 38728b12-40ae-41e7-b450-8489847e3a00 Version: $LATEST\n",
        "ingestionTime": 1745267664732,
        "eventId": "38920769364364956372296105522468284668504751353747603567"
    },
    {
        "logStreamName": "2025/04/21/[$LATEST]6a0c0d44a4694ca0bc296e2d772481c9",
        "timestamp": 1745267658952,
        "message": "FILE_TRANSFER RequestId: 38728b12-40ae-41e7-b450-8489847e3a00\t TransferType: consumed\t Action: download_from_s3\t FileName: tree_ORTHOMCL1005.nexus\t Bucket: denethor\t FilePath: tree/tree_ORTHOMCL1005.nexus\t LocalFilePath: /tmp/tree/tree_ORTHOMCL1005.nexus\t FileSize: 405 bytes\t TransferDuration: 52.23476900005153 ms\n",
        "ingestionTime": 1745267664732,
        "eventId": "38920769365524595122619697925828142018682466152058585200"
    },
    {
        "logStreamName": "2025/04/21/[$LATEST]6a0c0d44a4694ca0bc296e2d772481c9",
        "timestamp": 1745267658952,
        "message": "CONSUMED_FILES_INFO RequestId: 38728b12-40ae-41e7-b450-8489847e3a00\t FilesCount: 1 files\t FilesSize: 405 bytes\t TransferDuration: 52.23476900005153 ms\t ConsumedFiles: ['tree_ORTHOMCL1005.nexus']\n",
        "ingestionTime": 1745267664732,
        "eventId": "38920769365524595122619697925828142018682466152058585201"
    },
    {
        "logStreamName": "2025/04/21/[$LATEST]6a0c0d44a4694ca0bc296e2d772481c9",
        "timestamp": 1745267658952,
        "message": "Reading tree file tree_ORTHOMCL1005.nexus\n",
        "ingestionTime": 1745267664732,
        "eventId": "38920769365524595122619697925828142018682466152058585202"
    },
    {
        "logStreamName": "2025/04/21/[$LATEST]6a0c0d44a4694ca0bc296e2d772481c9",
        "timestamp": 1745267658953,
        "message": "Subtree file tree_ORTHOMCL1005_Inner4.nexus was created!\n",
        "ingestionTime": 1745267664732,
        "eventId": "38920769365546895867818228548969677736955114513564565619"
    },
    {
        "logStreamName": "2025/04/21/[$LATEST]6a0c0d44a4694ca0bc296e2d772481c9",
        "timestamp": 1745267658954,
        "message": "Subtree file tree_ORTHOMCL1005_Inner2.nexus was created!\n",
        "ingestionTime": 1745267664732,
        "eventId": "38920769365569196613016759172111213455227762875070546036"
    },
    {
        "logStreamName": "2025/04/21/[$LATEST]6a0c0d44a4694ca0bc296e2d772481c9",
        "timestamp": 1745267658954,
        "message": "Subtree file tree_ORTHOMCL1005_Inner3.nexus was created!\n",
        "ingestionTime": 1745267664732,
        "eventId": "38920769365569196613016759172111213455227762875070546037"
    },
    {
        "logStreamName": "2025/04/21/[$LATEST]6a0c0d44a4694ca0bc296e2d772481c9",
        "timestamp": 1745267658954,
        "message": "Subtree file tree_ORTHOMCL1005_Inner1.nexus was created!\n",
        "ingestionTime": 1745267664732,
        "eventId": "38920769365569196613016759172111213455227762875070546038"
    },
    {
        "logStreamName": "2025/04/21/[$LATEST]6a0c0d44a4694ca0bc296e2d772481c9",
        "timestamp": 1745267658954,
        "message": "Tempo de construção dos arquivos de subárvores de ['tree_ORTHOMCL1005.nexus']: 1.5712399999756599 milissegundos\n",
        "ingestionTime": 1745267664732,
        "eventId": "38920769365569196613016759172111213455227762875070546039"
    },
    {
        "logStreamName": "2025/04/21/[$LATEST]6a0c0d44a4694ca0bc296e2d772481c9",
        "timestamp": 1745267658954,
        "message": "[INFO] 2025-04-21T20:34:18GMT SUBTREE_CONSTRUCTOR RequestId: 38728b12-40ae-41e7-b450-8489847e3a00\t Duration: 1.5712399999756599 ms\t InputTree: ['tree_ORTHOMCL1005.nexus']\t OutputSubtrees: ['tree_ORTHOMCL1005_Inner1.nexus', 'tree_ORTHOMCL1005_Inner2.nexus', 'tree_ORTHOMCL1005_Inner3.nexus', 'tree_ORTHOMCL1005_Inner4.nexus']\n",
        "ingestionTime": 1745267664732,
        "eventId": "38920769365569196613016759172111213455227762875070546040"
    },
    {
        "logStreamName": "2025/04/21/[$LATEST]6a0c0d44a4694ca0bc296e2d772481c9",
        "timestamp": 1745267658954,
        "message": "[INFO]\t2025-04-21T20:34:18.954Z\t38728b12-40ae-41e7-b450-8489847e3a00\tSUBTREE_CONSTRUCTOR RequestId: 38728b12-40ae-41e7-b450-8489847e3a00\t Duration: 1.5712399999756599 ms\t InputTree: ['tree_ORTHOMCL1005.nexus']\t OutputSubtrees: ['tree_ORTHOMCL1005_Inner1.nexus', 'tree_ORTHOMCL1005_Inner2.nexus', 'tree_ORTHOMCL1005_Inner3.nexus', 'tree_ORTHOMCL1005_Inner4.nexus']\n",
        "ingestionTime": 1745267664732,
        "eventId": "38920769365569196613016759172111213455227762875070546041"
    },
    {
        "logStreamName": "2025/04/21/[$LATEST]6a0c0d44a4694ca0bc296e2d772481c9",
        "timestamp": 1745267659096,
        "message": "FILE_TRANSFER RequestId: 38728b12-40ae-41e7-b450-8489847e3a00\t TransferType: produced\t Action: upload_to_s3\t FileName: tree_ORTHOMCL1005_Inner1.nexus\t Bucket: denethor\t FilePath: subtree/tree_ORTHOMCL1005_Inner1.nexus\t LocalFilePath: /tmp/subtree/tree_ORTHOMCL1005_Inner1.nexus\t FileSize: 185 bytes\t TransferDuration: 41.91543599995384 ms\n",
        "ingestionTime": 1745267664732,
        "eventId": "38920769368735902431208107658209285449943830208919765114"
    },
    {
        "logStreamName": "2025/04/21/[$LATEST]6a0c0d44a4694ca0bc296e2d772481c9",
        "timestamp": 1745267659141,
        "message": "FILE_TRANSFER RequestId: 38728b12-40ae-41e7-b450-8489847e3a00\t TransferType: produced\t Action: upload_to_s3\t FileName: tree_ORTHOMCL1005_Inner2.nexus\t Bucket: denethor\t FilePath: subtree/tree_ORTHOMCL1005_Inner2.nexus\t LocalFilePath: /tmp/subtree/tree_ORTHOMCL1005_Inner2.nexus\t FileSize: 185 bytes\t TransferDuration: 44.08517699994263 ms\n",
        "ingestionTime": 1745267664732,
        "eventId": "38920769369739435965141985699578392772213006476688883835"
    },
    {
        "logStreamName": "2025/04/21/[$LATEST]6a0c0d44a4694ca0bc296e2d772481c9",
        "timestamp": 1745267659188,
        "message": "FILE_TRANSFER RequestId: 38728b12-40ae-41e7-b450-8489847e3a00\t TransferType: produced\t Action: upload_to_s3\t FileName: tree_ORTHOMCL1005_Inner3.nexus\t Bucket: denethor\t FilePath: subtree/tree_ORTHOMCL1005_Inner3.nexus\t LocalFilePath: /tmp/subtree/tree_ORTHOMCL1005_Inner3.nexus\t FileSize: 243 bytes\t TransferDuration: 47.180437000179154 ms\n",
        "ingestionTime": 1745267664732,
        "eventId": "38920769370787570989472924987230571531027479467469963388"
    },
    {
        "logStreamName": "2025/04/21/[$LATEST]6a0c0d44a4694ca0bc296e2d772481c9",
        "timestamp": 1745267659229,
        "message": "FILE_TRANSFER RequestId: 38728b12-40ae-41e7-b450-8489847e3a00\t TransferType: produced\t Action: upload_to_s3\t FileName: tree_ORTHOMCL1005_Inner4.nexus\t Bucket: denethor\t FilePath: subtree/tree_ORTHOMCL1005_Inner4.nexus\t LocalFilePath: /tmp/subtree/tree_ORTHOMCL1005_Inner4.nexus\t FileSize: 405 bytes\t TransferDuration: 40.909185999908004 ms\n",
        "ingestionTime": 1745267664732,
        "eventId": "38920769371701901542612680536033535980206062289215160445"
    },
    {
        "logStreamName": "2025/04/21/[$LATEST]6a0c0d44a4694ca0bc296e2d772481c9",
        "timestamp": 1745267659229,
        "message": "PRODUCED_FILES_INFO RequestId: 38728b12-40ae-41e7-b450-8489847e3a00\t FilesCount: 4 files\t FilesSize: 1018 bytes\t TransferDuration: 174.09023599998363 ms\t Provider: aws_lambda\t  ProducedFiles: ['tree_ORTHOMCL1005_Inner1.nexus', 'tree_ORTHOMCL1005_Inner2.nexus', 'tree_ORTHOMCL1005_Inner3.nexus', 'tree_ORTHOMCL1005_Inner4.nexus']\n",
        "ingestionTime": 1745267664732,
        "eventId": "38920769371701901542612680536033535980206062289215160446"
    },
    {
        "logStreamName": "2025/04/21/[$LATEST]6a0c0d44a4694ca0bc296e2d772481c9",
        "timestamp": 1745267659230,
        "message": "END RequestId: 38728b12-40ae-41e7-b450-8489847e3a00\n",
        "ingestionTime": 1745267664732,
        "eventId": "38920769371724202287811211159175071698478710650721140863"
    },
    {
        "logStreamName": "2025/04/21/[$LATEST]6a0c0d44a4694ca0bc296e2d772481c9",
        "timestamp": 1745267659230,
        "message": "REPORT RequestId: 38728b12-40ae-41e7-b450-8489847e3a00\tDuration: 330.68 ms\tBilled Duration: 331 ms\tMemory Size: 512 MB\tMax Memory Used: 113 MB\t\n",
        "ingestionTime": 1745267664732,
        "eventId": "38920769371724202287811211159175071698478710650721140864"
    },
    {
        "logStreamName": "2025/04/21/[$LATEST]6a0c0d44a4694ca0bc296e2d772481c9",
        "timestamp": 1745267659423,
        "message": "START RequestId: 1621577d-a093-4472-8991-27219b2e5a98 Version: $LATEST\n",
        "ingestionTime": 1745267664732,
        "eventId": "38920769376028246111127621425491465325099844421375361153"
    },
    {
        "logStreamName": "2025/04/21/[$LATEST]6a0c0d44a4694ca0bc296e2d772481c9",
        "timestamp": 1745267659469,
        "message": "FILE_TRANSFER RequestId: 1621577d-a093-4472-8991-27219b2e5a98\t TransferType: consumed\t Action: download_from_s3\t FileName: tree_ORTHOMCL1408.nexus\t Bucket: denethor\t FilePath: tree/tree_ORTHOMCL1408.nexus\t LocalFilePath: /tmp/tree/tree_ORTHOMCL1408.nexus\t FileSize: 353 bytes\t TransferDuration: 45.67273699990437 ms\n",
        "ingestionTime": 1745267664732,
        "eventId": "38920769377054080390260030090002108365641669050650460290"
    },
    {
        "logStreamName": "2025/04/21/[$LATEST]6a0c0d44a4694ca0bc296e2d772481c9",
        "timestamp": 1745267659470,
        "message": "CONSUMED_FILES_INFO RequestId: 1621577d-a093-4472-8991-27219b2e5a98\t FilesCount: 1 files\t FilesSize: 353 bytes\t TransferDuration: 45.67273699990437 ms\t ConsumedFiles: ['tree_ORTHOMCL1408.nexus']\n",
        "ingestionTime": 1745267664732,
        "eventId": "38920769377076381135458560713143644083914317412156440707"
    },
    {
        "logStreamName": "2025/04/21/[$LATEST]6a0c0d44a4694ca0bc296e2d772481c9",
        "timestamp": 1745267659470,
        "message": "Reading tree file tree_ORTHOMCL1408.nexus\n",
        "ingestionTime": 1745267664732,
        "eventId": "38920769377076381135458560713143644083914317412156440708"
    },
    {
        "logStreamName": "2025/04/21/[$LATEST]6a0c0d44a4694ca0bc296e2d772481c9",
        "timestamp": 1745267659470,
        "message": "Subtree file tree_ORTHOMCL1408_Inner3.nexus was created!\n",
        "ingestionTime": 1745267664732,
        "eventId": "38920769377076381135458560713143644083914317412156440709"
    },
    {
        "logStreamName": "2025/04/21/[$LATEST]6a0c0d44a4694ca0bc296e2d772481c9",
        "timestamp": 1745267659471,
        "message": "Subtree file tree_ORTHOMCL1408_Inner2.nexus was created!\n",
        "ingestionTime": 1745267664732,
        "eventId": "38920769377098681880657091336285179802186965773662421126"
    },
    {
        "logStreamName": "2025/04/21/[$LATEST]6a0c0d44a4694ca0bc296e2d772481c9",
        "timestamp": 1745267659471,
        "message": "Subtree file tree_ORTHOMCL1408_Inner1.nexus was created!\n",
        "ingestionTime": 1745267664732,
        "eventId": "38920769377098681880657091336285179802186965773662421127"
    },
    {
        "logStreamName": "2025/04/21/[$LATEST]6a0c0d44a4694ca0bc296e2d772481c9",
        "timestamp": 1745267659471,
        "message": "Tempo de construção dos arquivos de subárvores de ['tree_ORTHOMCL1408.nexus']: 1.3109700000768498 milissegundos\n",
        "ingestionTime": 1745267664732,
        "eventId": "38920769377098681880657091336285179802186965773662421128"
    },
    {
        "logStreamName": "2025/04/21/[$LATEST]6a0c0d44a4694ca0bc296e2d772481c9",
        "timestamp": 1745267659471,
        "message": "[INFO] 2025-04-21T20:34:19GMT SUBTREE_CONSTRUCTOR RequestId: 1621577d-a093-4472-8991-27219b2e5a98\t Duration: 1.3109700000768498 ms\t InputTree: ['tree_ORTHOMCL1408.nexus']\t OutputSubtrees: ['tree_ORTHOMCL1408_Inner1.nexus', 'tree_ORTHOMCL1408_Inner2.nexus', 'tree_ORTHOMCL1408_Inner3.nexus']\n",
        "ingestionTime": 1745267664732,
        "eventId": "38920769377098681880657091336285179802186965773662421129"
    },
    {
        "logStreamName": "2025/04/21/[$LATEST]6a0c0d44a4694ca0bc296e2d772481c9",
        "timestamp": 1745267659471,
        "message": "[INFO]\t2025-04-21T20:34:19.471Z\t1621577d-a093-4472-8991-27219b2e5a98\tSUBTREE_CONSTRUCTOR RequestId: 1621577d-a093-4472-8991-27219b2e5a98\t Duration: 1.3109700000768498 ms\t InputTree: ['tree_ORTHOMCL1408.nexus']\t OutputSubtrees: ['tree_ORTHOMCL1408_Inner1.nexus', 'tree_ORTHOMCL1408_Inner2.nexus', 'tree_ORTHOMCL1408_Inner3.nexus']\n",
        "ingestionTime": 1745267664732,
        "eventId": "38920769377098681880657091336285179802186965773662421130"
    },
    {
        "logStreamName": "2025/04/21/[$LATEST]6a0c0d44a4694ca0bc296e2d772481c9",
        "timestamp": 1745267659621,
        "message": "FILE_TRANSFER RequestId: 1621577d-a093-4472-8991-27219b2e5a98\t TransferType: produced\t Action: upload_to_s3\t FileName: tree_ORTHOMCL1408_Inner1.nexus\t Bucket: denethor\t FilePath: subtree/tree_ORTHOMCL1408_Inner1.nexus\t LocalFilePath: /tmp/subtree/tree_ORTHOMCL1408_Inner1.nexus\t FileSize: 193 bytes\t TransferDuration: 50.03452899995864 ms\n",
        "ingestionTime": 1745267664732,
        "eventId": "38920769380443793660436684807515537543084219999559483531"
    },
    {
        "logStreamName": "2025/04/21/[$LATEST]6a0c0d44a4694ca0bc296e2d772481c9",
        "timestamp": 1745267659664,
        "message": "FILE_TRANSFER RequestId: 1621577d-a093-4472-8991-27219b2e5a98\t TransferType: produced\t Action: upload_to_s3\t FileName: tree_ORTHOMCL1408_Inner2.nexus\t Bucket: denethor\t FilePath: subtree/tree_ORTHOMCL1408_Inner2.nexus\t LocalFilePath: /tmp/subtree/tree_ORTHOMCL1408_Inner2.nexus\t FileSize: 183 bytes\t TransferDuration: 42.23579599988625 ms\n",
        "ingestionTime": 1745267664732,
        "eventId": "38920769381402725703973501602601573428808099544316641420"
    },
    {
        "logStreamName": "2025/04/21/[$LATEST]6a0c0d44a4694ca0bc296e2d772481c9",
        "timestamp": 1745267659712,
        "message": "FILE_TRANSFER RequestId: 1621577d-a093-4472-8991-27219b2e5a98\t TransferType: produced\t Action: upload_to_s3\t FileName: tree_ORTHOMCL1408_Inner3.nexus\t Bucket: denethor\t FilePath: subtree/tree_ORTHOMCL1408_Inner3.nexus\t LocalFilePath: /tmp/subtree/tree_ORTHOMCL1408_Inner3.nexus\t FileSize: 353 bytes\t TransferDuration: 47.803337999994255 ms\n",
        "ingestionTime": 1745267664732,
        "eventId": "38920769382473161473502971513395287905895220896603701389"
    },
    {
        "logStreamName": "2025/04/21/[$LATEST]6a0c0d44a4694ca0bc296e2d772481c9",
        "timestamp": 1745267659712,
        "message": "PRODUCED_FILES_INFO RequestId: 1621577d-a093-4472-8991-27219b2e5a98\t FilesCount: 3 files\t FilesSize: 729 bytes\t TransferDuration: 140.07366299983914 ms\t Provider: aws_lambda\t  ProducedFiles: ['tree_ORTHOMCL1408_Inner1.nexus', 'tree_ORTHOMCL1408_Inner2.nexus', 'tree_ORTHOMCL1408_Inner3.nexus']\n",
        "ingestionTime": 1745267664732,
        "eventId": "38920769382473161473502971513395287905895220896603701390"
    },
    {
        "logStreamName": "2025/04/21/[$LATEST]6a0c0d44a4694ca0bc296e2d772481c9",
        "timestamp": 1745267659713,
        "message": "END RequestId: 1621577d-a093-4472-8991-27219b2e5a98\n",
        "ingestionTime": 1745267664732,
        "eventId": "38920769382495462218701502136536823624167869258109681807"
    },
    {
        "logStreamName": "2025/04/21/[$LATEST]6a0c0d44a4694ca0bc296e2d772481c9",
        "timestamp": 1745267659713,
        "message": "REPORT RequestId: 1621577d-a093-4472-8991-27219b2e5a98\tDuration: 289.67 ms\tBilled Duration: 290 ms\tMemory Size: 512 MB\tMax Memory Used: 113 MB\t\n",
        "ingestionTime": 1745267664732,
        "eventId": "38920769382495462218701502136536823624167869258109681808"
    },
    {
        "logStreamName": "2025/04/21/[$LATEST]6a0c0d44a4694ca0bc296e2d772481c9",
        "timestamp": 1745267659923,
        "message": "START RequestId: 85da3a9b-4772-4c2c-9d2e-1d3f44a1cbf5 Version: $LATEST\n",
        "ingestionTime": 1745267664732,
        "eventId": "38920769387178618710392932996259324461424025174365569169"
    },
    {
        "logStreamName": "2025/04/21/[$LATEST]6a0c0d44a4694ca0bc296e2d772481c9",
        "timestamp": 1745267659967,
        "message": "FILE_TRANSFER RequestId: 85da3a9b-4772-4c2c-9d2e-1d3f44a1cbf5\t TransferType: consumed\t Action: download_from_s3\t FileName: tree_ORTHOMCL1491.nexus\t Bucket: denethor\t FilePath: tree/tree_ORTHOMCL1491.nexus\t LocalFilePath: /tmp/tree/tree_ORTHOMCL1491.nexus\t FileSize: 347 bytes\t TransferDuration: 43.08870599993497 ms\n",
        "ingestionTime": 1745267664732,
        "eventId": "38920769388159851499128280414486896065420553080628707474"
    },
    {
        "logStreamName": "2025/04/21/[$LATEST]6a0c0d44a4694ca0bc296e2d772481c9",
        "timestamp": 1745267659967,
        "message": "CONSUMED_FILES_INFO RequestId: 85da3a9b-4772-4c2c-9d2e-1d3f44a1cbf5\t FilesCount: 1 files\t FilesSize: 347 bytes\t TransferDuration: 43.08870599993497 ms\t ConsumedFiles: ['tree_ORTHOMCL1491.nexus']\n",
        "ingestionTime": 1745267664732,
        "eventId": "38920769388159851499128280414486896065420553080628707475"
    },
    {
        "logStreamName": "2025/04/21/[$LATEST]6a0c0d44a4694ca0bc296e2d772481c9",
        "timestamp": 1745267659967,
        "message": "Reading tree file tree_ORTHOMCL1491.nexus\n",
        "ingestionTime": 1745267664732,
        "eventId": "38920769388159851499128280414486896065420553080628707476"
    },
    {
        "logStreamName": "2025/04/21/[$LATEST]6a0c0d44a4694ca0bc296e2d772481c9",
        "timestamp": 1745267659968,
        "message": "Subtree file tree_ORTHOMCL1491_Inner3.nexus was created!\n",
        "ingestionTime": 1745267664732,
        "eventId": "38920769388182152244326811037628431783693201442134687893"
    },
    {
        "logStreamName": "2025/04/21/[$LATEST]6a0c0d44a4694ca0bc296e2d772481c9",
        "timestamp": 1745267659968,
        "message": "Subtree file tree_ORTHOMCL1491_Inner2.nexus was created!\n",
        "ingestionTime": 1745267664732,
        "eventId": "38920769388182152244326811037628431783693201442134687894"
    },
    {
        "logStreamName": "2025/04/21/[$LATEST]6a0c0d44a4694ca0bc296e2d772481c9",
        "timestamp": 1745267659968,
        "message": "Subtree file tree_ORTHOMCL1491_Inner1.nexus was created!\n",
        "ingestionTime": 1745267664732,
        "eventId": "38920769388182152244326811037628431783693201442134687895"
    },
    {
        "logStreamName": "2025/04/21/[$LATEST]6a0c0d44a4694ca0bc296e2d772481c9",
        "timestamp": 1745267659968,
        "message": "Tempo de construção dos arquivos de subárvores de ['tree_ORTHOMCL1491.nexus']: 1.3571409999713069 milissegundos\n",
        "ingestionTime": 1745267664732,
        "eventId": "38920769388182152244326811037628431783693201442134687896"
    },
    {
        "logStreamName": "2025/04/21/[$LATEST]6a0c0d44a4694ca0bc296e2d772481c9",
        "timestamp": 1745267659968,
        "message": "[INFO] 2025-04-21T20:34:19GMT SUBTREE_CONSTRUCTOR RequestId: 85da3a9b-4772-4c2c-9d2e-1d3f44a1cbf5\t Duration: 1.3571409999713069 ms\t InputTree: ['tree_ORTHOMCL1491.nexus']\t OutputSubtrees: ['tree_ORTHOMCL1491_Inner1.nexus', 'tree_ORTHOMCL1491_Inner2.nexus', 'tree_ORTHOMCL1491_Inner3.nexus']\n",
        "ingestionTime": 1745267664732,
        "eventId": "38920769388182152244326811037628431783693201442134687897"
    },
    {
        "logStreamName": "2025/04/21/[$LATEST]6a0c0d44a4694ca0bc296e2d772481c9",
        "timestamp": 1745267659968,
        "message": "[INFO]\t2025-04-21T20:34:19.968Z\t85da3a9b-4772-4c2c-9d2e-1d3f44a1cbf5\tSUBTREE_CONSTRUCTOR RequestId: 85da3a9b-4772-4c2c-9d2e-1d3f44a1cbf5\t Duration: 1.3571409999713069 ms\t InputTree: ['tree_ORTHOMCL1491.nexus']\t OutputSubtrees: ['tree_ORTHOMCL1491_Inner1.nexus', 'tree_ORTHOMCL1491_Inner2.nexus', 'tree_ORTHOMCL1491_Inner3.nexus']\n",
        "ingestionTime": 1745267664732,
        "eventId": "38920769388182152244326811037628431783693201442134687898"
    },
    {
        "logStreamName": "2025/04/21/[$LATEST]6a0c0d44a4694ca0bc296e2d772481c9",
        "timestamp": 1745267660114,
        "message": "FILE_TRANSFER RequestId: 85da3a9b-4772-4c2c-9d2e-1d3f44a1cbf5\t TransferType: produced\t Action: upload_to_s3\t FileName: tree_ORTHOMCL1491_Inner1.nexus\t Bucket: denethor\t FilePath: subtree/tree_ORTHOMCL1491_Inner1.nexus\t LocalFilePath: /tmp/subtree/tree_ORTHOMCL1491_Inner1.nexus\t FileSize: 185 bytes\t TransferDuration: 44.875786000147855 ms\n",
        "ingestionTime": 1745267664732,
        "eventId": "38920769391438061043312282016292646651499862222007828635"
    },
    {
        "logStreamName": "2025/04/21/[$LATEST]6a0c0d44a4694ca0bc296e2d772481c9",
        "timestamp": 1745267660156,
        "message": "FILE_TRANSFER RequestId: 85da3a9b-4772-4c2c-9d2e-1d3f44a1cbf5\t TransferType: produced\t Action: upload_to_s3\t FileName: tree_ORTHOMCL1491_Inner2.nexus\t Bucket: denethor\t FilePath: subtree/tree_ORTHOMCL1491_Inner2.nexus\t LocalFilePath: /tmp/subtree/tree_ORTHOMCL1491_Inner2.nexus\t FileSize: 185 bytes\t TransferDuration: 41.980696000109674 ms\n",
        "ingestionTime": 1745267664732,
        "eventId": "38920769392374692341650568188237146818951093405259006108"
    },
    {
        "logStreamName": "2025/04/21/[$LATEST]6a0c0d44a4694ca0bc296e2d772481c9",
        "timestamp": 1745267660199,
        "message": "FILE_TRANSFER RequestId: 85da3a9b-4772-4c2c-9d2e-1d3f44a1cbf5\t TransferType: produced\t Action: upload_to_s3\t FileName: tree_ORTHOMCL1491_Inner3.nexus\t Bucket: denethor\t FilePath: subtree/tree_ORTHOMCL1491_Inner3.nexus\t LocalFilePath: /tmp/subtree/tree_ORTHOMCL1491_Inner3.nexus\t FileSize: 347 bytes\t TransferDuration: 42.78654699987783 ms\n",
        "ingestionTime": 1745267664732,
        "eventId": "38920769393333624385187384983323182704674972950016163997"
    },
    {
        "logStreamName": "2025/04/21/[$LATEST]6a0c0d44a4694ca0bc296e2d772481c9",
        "timestamp": 1745267660199,
        "message": "PRODUCED_FILES_INFO RequestId: 85da3a9b-4772-4c2c-9d2e-1d3f44a1cbf5\t FilesCount: 3 files\t FilesSize: 717 bytes\t TransferDuration: 129.64302900013536 ms\t Provider: aws_lambda\t  ProducedFiles: ['tree_ORTHOMCL1491_Inner1.nexus', 'tree_ORTHOMCL1491_Inner2.nexus', 'tree_ORTHOMCL1491_Inner3.nexus']\n",
        "ingestionTime": 1745267664732,
        "eventId": "38920769393333624385187384983323182704674972950016163998"
    },
    {
        "logStreamName": "2025/04/21/[$LATEST]6a0c0d44a4694ca0bc296e2d772481c9",
        "timestamp": 1745267660200,
        "message": "END RequestId: 85da3a9b-4772-4c2c-9d2e-1d3f44a1cbf5\n",
        "ingestionTime": 1745267664732,
        "eventId": "38920769393355925130385915606464718422947621311522144415"
    },
    {
        "logStreamName": "2025/04/21/[$LATEST]6a0c0d44a4694ca0bc296e2d772481c9",
        "timestamp": 1745267660200,
        "message": "REPORT RequestId: 85da3a9b-4772-4c2c-9d2e-1d3f44a1cbf5\tDuration: 276.78 ms\tBilled Duration: 277 ms\tMemory Size: 512 MB\tMax Memory Used: 113 MB\t\n",
        "ingestionTime": 1745267664732,
        "eventId": "38920769393355925130385915606464718422947621311522144416"
    },
    {
        "logStreamName": "2025/04/21/[$LATEST]6a0c0d44a4694ca0bc296e2d772481c9",
        "timestamp": 1745267660413,
        "message": "START RequestId: 0f4ef7dd-94a7-4bc0-8d1c-41a3c6b229bd Version: $LATEST\n",
        "ingestionTime": 1745267664732,
        "eventId": "38920769398105983857672938335611826415021722312295973025"
    },
    {
        "logStreamName": "2025/04/21/[$LATEST]6a0c0d44a4694ca0bc296e2d772481c9",
        "timestamp": 1745267660462,
        "message": "FILE_TRANSFER RequestId: 0f4ef7dd-94a7-4bc0-8d1c-41a3c6b229bd\t TransferType: consumed\t Action: download_from_s3\t FileName: tree_ORTHOMCL1541.nexus\t Bucket: denethor\t FilePath: tree/tree_ORTHOMCL1541.nexus\t LocalFilePath: /tmp/tree/tree_ORTHOMCL1541.nexus\t FileSize: 347 bytes\t TransferDuration: 48.81549799983986 ms\n",
        "ingestionTime": 1745267664732,
        "eventId": "38920769399198720372400938869547076610381492026089013410"
    },
    {
        "logStreamName": "2025/04/21/[$LATEST]6a0c0d44a4694ca0bc296e2d772481c9",
        "timestamp": 1745267660462,
        "message": "CONSUMED_FILES_INFO RequestId: 0f4ef7dd-94a7-4bc0-8d1c-41a3c6b229bd\t FilesCount: 1 files\t FilesSize: 347 bytes\t TransferDuration: 48.81549799983986 ms\t ConsumedFiles: ['tree_ORTHOMCL1541.nexus']\n",
        "ingestionTime": 1745267664732,
        "eventId": "38920769399198720372400938869547076610381492026089013411"
    },
    {
        "logStreamName": "2025/04/21/[$LATEST]6a0c0d44a4694ca0bc296e2d772481c9",
        "timestamp": 1745267660462,
        "message": "Reading tree file tree_ORTHOMCL1541.nexus\n",
        "ingestionTime": 1745267664732,
        "eventId": "38920769399198720372400938869547076610381492026089013412"
    },
    {
        "logStreamName": "2025/04/21/[$LATEST]6a0c0d44a4694ca0bc296e2d772481c9",
        "timestamp": 1745267660463,
        "message": "Subtree file tree_ORTHOMCL1541_Inner3.nexus was created!\n",
        "ingestionTime": 1745267664732,
        "eventId": "38920769399221021117599469492688612328654140387594993829"
    },
    {
        "logStreamName": "2025/04/21/[$LATEST]6a0c0d44a4694ca0bc296e2d772481c9",
        "timestamp": 1745267660464,
        "message": "Subtree file tree_ORTHOMCL1541_Inner1.nexus was created!\n",
        "ingestionTime": 1745267664732,
        "eventId": "38920769399243321862798000115830148046926788749100974246"
    },
    {
        "logStreamName": "2025/04/21/[$LATEST]6a0c0d44a4694ca0bc296e2d772481c9",
        "timestamp": 1745267660464,
        "message": "Subtree file tree_ORTHOMCL1541_Inner2.nexus was created!\n",
        "ingestionTime": 1745267664732,
        "eventId": "38920769399243321862798000115830148046926788749100974247"
    },
    {
        "logStreamName": "2025/04/21/[$LATEST]6a0c0d44a4694ca0bc296e2d772481c9",
        "timestamp": 1745267660464,
        "message": "Tempo de construção dos arquivos de subárvores de ['tree_ORTHOMCL1541.nexus']: 1.482120999980907 milissegundos\n",
        "ingestionTime": 1745267664732,
        "eventId": "38920769399243321862798000115830148046926788749100974248"
    },
    {
        "logStreamName": "2025/04/21/[$LATEST]6a0c0d44a4694ca0bc296e2d772481c9",
        "timestamp": 1745267660464,
        "message": "[INFO] 2025-04-21T20:34:20GMT SUBTREE_CONSTRUCTOR RequestId: 0f4ef7dd-94a7-4bc0-8d1c-41a3c6b229bd\t Duration: 1.482120999980907 ms\t InputTree: ['tree_ORTHOMCL1541.nexus']\t OutputSubtrees: ['tree_ORTHOMCL1541_Inner1.nexus', 'tree_ORTHOMCL1541_Inner2.nexus', 'tree_ORTHOMCL1541_Inner3.nexus']\n",
        "ingestionTime": 1745267664732,
        "eventId": "38920769399243321862798000115830148046926788749100974249"
    },
    {
        "logStreamName": "2025/04/21/[$LATEST]6a0c0d44a4694ca0bc296e2d772481c9",
        "timestamp": 1745267660464,
        "message": "[INFO]\t2025-04-21T20:34:20.464Z\t0f4ef7dd-94a7-4bc0-8d1c-41a3c6b229bd\tSUBTREE_CONSTRUCTOR RequestId: 0f4ef7dd-94a7-4bc0-8d1c-41a3c6b229bd\t Duration: 1.482120999980907 ms\t InputTree: ['tree_ORTHOMCL1541.nexus']\t OutputSubtrees: ['tree_ORTHOMCL1541_Inner1.nexus', 'tree_ORTHOMCL1541_Inner2.nexus', 'tree_ORTHOMCL1541_Inner3.nexus']\n",
        "ingestionTime": 1745267664732,
        "eventId": "38920769399243321862798000115830148046926788749100974250"
    },
    {
        "logStreamName": "2025/04/21/[$LATEST]6a0c0d44a4694ca0bc296e2d772481c9",
        "timestamp": 1745267660620,
        "message": "FILE_TRANSFER RequestId: 0f4ef7dd-94a7-4bc0-8d1c-41a3c6b229bd\t TransferType: produced\t Action: upload_to_s3\t FileName: tree_ORTHOMCL1541_Inner1.nexus\t Bucket: denethor\t FilePath: subtree/tree_ORTHOMCL1541_Inner1.nexus\t LocalFilePath: /tmp/subtree/tree_ORTHOMCL1541_Inner1.nexus\t FileSize: 185 bytes\t TransferDuration: 55.98838100013381 ms\n",
        "ingestionTime": 1745267664732,
        "eventId": "38920769402722238113768777325909720097459933144033919147"
    },
    {
        "logStreamName": "2025/04/21/[$LATEST]6a0c0d44a4694ca0bc296e2d772481c9",
        "timestamp": 1745267660666,
        "message": "FILE_TRANSFER RequestId: 0f4ef7dd-94a7-4bc0-8d1c-41a3c6b229bd\t TransferType: produced\t Action: upload_to_s3\t FileName: tree_ORTHOMCL1541_Inner2.nexus\t Bucket: denethor\t FilePath: subtree/tree_ORTHOMCL1541_Inner2.nexus\t LocalFilePath: /tmp/subtree/tree_ORTHOMCL1541_Inner2.nexus\t FileSize: 185 bytes\t TransferDuration: 45.847977999983414 ms\n",
        "ingestionTime": 1745267664732,
        "eventId": "38920769403748072392901185990420363138001757773309018284"
    },
    {
        "logStreamName": "2025/04/21/[$LATEST]6a0c0d44a4694ca0bc296e2d772481c9",
        "timestamp": 1745267660712,
        "message": "FILE_TRANSFER RequestId: 0f4ef7dd-94a7-4bc0-8d1c-41a3c6b229bd\t TransferType: produced\t Action: upload_to_s3\t FileName: tree_ORTHOMCL1541_Inner3.nexus\t Bucket: denethor\t FilePath: subtree/tree_ORTHOMCL1541_Inner3.nexus\t LocalFilePath: /tmp/subtree/tree_ORTHOMCL1541_Inner3.nexus\t FileSize: 347 bytes\t TransferDuration: 45.66000799991343 ms\n",
        "ingestionTime": 1745267664732,
        "eventId": "38920769404773906672033594654931006178543582402584117421"
    },
    {
        "logStreamName": "2025/04/21/[$LATEST]6a0c0d44a4694ca0bc296e2d772481c9",
        "timestamp": 1745267660712,
        "message": "PRODUCED_FILES_INFO RequestId: 0f4ef7dd-94a7-4bc0-8d1c-41a3c6b229bd\t FilesCount: 3 files\t FilesSize: 717 bytes\t TransferDuration: 147.49636700003066 ms\t Provider: aws_lambda\t  ProducedFiles: ['tree_ORTHOMCL1541_Inner1.nexus', 'tree_ORTHOMCL1541_Inner2.nexus', 'tree_ORTHOMCL1541_Inner3.nexus']\n",
        "ingestionTime": 1745267664732,
        "eventId": "38920769404773906672033594654931006178543582402584117422"
    },
    {
        "logStreamName": "2025/04/21/[$LATEST]6a0c0d44a4694ca0bc296e2d772481c9",
        "timestamp": 1745267660714,
        "message": "END RequestId: 0f4ef7dd-94a7-4bc0-8d1c-41a3c6b229bd\n",
        "ingestionTime": 1745267664732,
        "eventId": "38920769404818508162430655901214077615088879125596078255"
    },
    {
        "logStreamName": "2025/04/21/[$LATEST]6a0c0d44a4694ca0bc296e2d772481c9",
        "timestamp": 1745267660714,
        "message": "REPORT RequestId: 0f4ef7dd-94a7-4bc0-8d1c-41a3c6b229bd\tDuration: 300.81 ms\tBilled Duration: 301 ms\tMemory Size: 512 MB\tMax Memory Used: 113 MB\t\n",
        "ingestionTime": 1745267664732,
        "eventId": "38920769404818508162430655901214077615088879125596078256"
    }
]