[
    {
        "logStreamName": "2025/04/21/[$LATEST]cd9336b9e9214ebd9fdcf8a8db6d532b",
        "timestamp": 1745267790818,
        "message": "INIT_START Runtime Version: python:3.10.v64\tRuntime Version ARN: arn:aws:lambda:sa-east-1::runtime:d56bdc8857b2109a058de2ab50bfb80ac2aa600be6f7855a436859944e5fe54b\n",
        "ingestionTime": 1745267798369,
        "eventId": "38920772306234661472058849269134126881693482634479468544"
    },
    {
        "logStreamName": "2025/04/21/[$LATEST]cd9336b9e9214ebd9fdcf8a8db6d532b",
        "timestamp": 1745267791667,
        "message": "START RequestId: 7a9a0680-25b4-4813-938b-243e445aff18 Version: $LATEST\n",
        "ingestionTime": 1745267798369,
        "eventId": "38920772325167994145611348316297951695171941553056841729"
    },
    {
        "logStreamName": "2025/04/21/[$LATEST]cd9336b9e9214ebd9fdcf8a8db6d532b",
        "timestamp": 1745267791668,
        "message": "Directory /tmp/tree was created!\n",
        "ingestionTime": 1745267798369,
        "eventId": "38920772325190294890809878939439487413444589914562822146"
    },
    {
        "logStreamName": "2025/04/21/[$LATEST]cd9336b9e9214ebd9fdcf8a8db6d532b",
        "timestamp": 1745267791668,
        "message": "Directory /tmp/subtree was created!\n",
        "ingestionTime": 1745267798369,
        "eventId": "38920772325190294890809878939439487413444589914562822147"
    },
    {
        "logStreamName": "2025/04/21/[$LATEST]cd9336b9e9214ebd9fdcf8a8db6d532b",
        "timestamp": 1745267791748,
        "message": "FILE_TRANSFER RequestId: 7a9a0680-25b4-4813-938b-243e445aff18\t TransferType: consumed\t Action: download_from_s3\t FileName: tree_ORTHOMCL537.nexus\t Bucket: denethor\t FilePath: tree/tree_ORTHOMCL537.nexus\t LocalFilePath: /tmp/tree/tree_ORTHOMCL537.nexus\t FileSize: 461 bytes\t TransferDuration: 80.14498000000003 ms\n",
        "ingestionTime": 1745267798369,
        "eventId": "38920772326974354506692328790762344875256458835041255428"
    },
    {
        "logStreamName": "2025/04/21/[$LATEST]cd9336b9e9214ebd9fdcf8a8db6d532b",
        "timestamp": 1745267791748,
        "message": "CONSUMED_FILES_INFO RequestId: 7a9a0680-25b4-4813-938b-243e445aff18\t FilesCount: 1 files\t FilesSize: 461 bytes\t TransferDuration: 80.14498000000003 ms\t ConsumedFiles: ['tree_ORTHOMCL537.nexus']\n",
        "ingestionTime": 1745267798369,
        "eventId": "38920772326974354506692328790762344875256458835041255429"
    },
    {
        "logStreamName": "2025/04/21/[$LATEST]cd9336b9e9214ebd9fdcf8a8db6d532b",
        "timestamp": 1745267791748,
        "message": "Reading tree file tree_ORTHOMCL537.nexus\n",
        "ingestionTime": 1745267798369,
        "eventId": "38920772326974354506692328790762344875256458835041255430"
    },
    {
        "logStreamName": "2025/04/21/[$LATEST]cd9336b9e9214ebd9fdcf8a8db6d532b",
        "timestamp": 1745267791750,
        "message": "Subtree file tree_ORTHOMCL537_Inner5.nexus was created!\n",
        "ingestionTime": 1745267798369,
        "eventId": "38920772327018955997089390037045416311801755558053216263"
    },
    {
        "logStreamName": "2025/04/21/[$LATEST]cd9336b9e9214ebd9fdcf8a8db6d532b",
        "timestamp": 1745267791750,
        "message": "Subtree file tree_ORTHOMCL537_Inner3.nexus was created!\n",
        "ingestionTime": 1745267798369,
        "eventId": "38920772327018955997089390037045416311801755558053216264"
    },
    {
        "logStreamName": "2025/04/21/[$LATEST]cd9336b9e9214ebd9fdcf8a8db6d532b",
        "timestamp": 1745267791750,
        "message": "Subtree file tree_ORTHOMCL537_Inner1.nexus was created!\n",
        "ingestionTime": 1745267798369,
        "eventId": "38920772327018955997089390037045416311801755558053216265"
    },
    {
        "logStreamName": "2025/04/21/[$LATEST]cd9336b9e9214ebd9fdcf8a8db6d532b",
        "timestamp": 1745267791750,
        "message": "Subtree file tree_ORTHOMCL537_Inner2.nexus was created!\n",
        "ingestionTime": 1745267798369,
        "eventId": "38920772327018955997089390037045416311801755558053216266"
    },
    {
        "logStreamName": "2025/04/21/[$LATEST]cd9336b9e9214ebd9fdcf8a8db6d532b",
        "timestamp": 1745267791750,
        "message": "Subtree file tree_ORTHOMCL537_Inner4.nexus was created!\n",
        "ingestionTime": 1745267798369,
        "eventId": "38920772327018955997089390037045416311801755558053216267"
    },
    {
        "logStreamName": "2025/04/21/[$LATEST]cd9336b9e9214ebd9fdcf8a8db6d532b",
        "timestamp": 1745267791750,
        "message": "Tempo de construção dos arquivos de subárvores de ['tree_ORTHOMCL537.nexus']: 2.141260000030343 milissegundos\n",
        "ingestionTime": 1745267798369,
        "eventId": "38920772327018955997089390037045416311801755558053216268"
    },
    {
        "logStreamName": "2025/04/21/[$LATEST]cd9336b9e9214ebd9fdcf8a8db6d532b",
        "timestamp": 1745267791751,
        "message": "[INFO] 2025-04-21T20:36:31GMT SUBTREE_CONSTRUCTOR RequestId: 7a9a0680-25b4-4813-938b-243e445aff18\t Duration: 2.141260000030343 ms\t InputTree: ['tree_ORTHOMCL537.nexus']\t OutputSubtrees: ['tree_ORTHOMCL537_Inner1.nexus', 'tree_ORTHOMCL537_Inner2.nexus', 'tree_ORTHOMCL537_Inner3.nexus', 'tree_ORTHOMCL537_Inner4.nexus', 'tree_ORTHOMCL537_Inner5.nexus']\n",
        "ingestionTime": 1745267798369,
        "eventId": "38920772327041256742287920660186952030074403919559196685"
    },
    {
        "logStreamName": "2025/04/21/[$LATEST]cd9336b9e9214ebd9fdcf8a8db6d532b",
        "timestamp": 1745267791751,
        "message": "[INFO]\t2025-04-21T20:36:31.750Z\t7a9a0680-25b4-4813-938b-243e445aff18\tSUBTREE_CONSTRUCTOR RequestId: 7a9a0680-25b4-4813-938b-243e445aff18\t Duration: 2.141260000030343 ms\t InputTree: ['tree_ORTHOMCL537.nexus']\t OutputSubtrees: ['tree_ORTHOMCL537_Inner1.nexus', 'tree_ORTHOMCL537_Inner2.nexus', 'tree_ORTHOMCL537_Inner3.nexus', 'tree_ORTHOMCL537_Inner4.nexus', 'tree_ORTHOMCL537_Inner5.nexus']\n",
        "ingestionTime": 1745267798369,
        "eventId": "38920772327041256742287920660186952030074403919559196686"
    },
    {
        "logStreamName": "2025/04/21/[$LATEST]cd9336b9e9214ebd9fdcf8a8db6d532b",
        "timestamp": 1745267791896,
        "message": "FILE_TRANSFER RequestId: 7a9a0680-25b4-4813-938b-243e445aff18\t TransferType: produced\t Action: upload_to_s3\t FileName: tree_ORTHOMCL537_Inner1.nexus\t Bucket: denethor\t FilePath: subtree/tree_ORTHOMCL537_Inner1.nexus\t LocalFilePath: /tmp/subtree/tree_ORTHOMCL537_Inner1.nexus\t FileSize: 185 bytes\t TransferDuration: 44.88735000006727 ms\n",
        "ingestionTime": 1745267798369,
        "eventId": "38920772330274864796074861015709631179608416337926357007"
    },
    {
        "logStreamName": "2025/04/21/[$LATEST]cd9336b9e9214ebd9fdcf8a8db6d532b",
        "timestamp": 1745267791932,
        "message": "FILE_TRANSFER RequestId: 7a9a0680-25b4-4813-938b-243e445aff18\t TransferType: produced\t Action: upload_to_s3\t FileName: tree_ORTHOMCL537_Inner2.nexus\t Bucket: denethor\t FilePath: subtree/tree_ORTHOMCL537_Inner2.nexus\t LocalFilePath: /tmp/subtree/tree_ORTHOMCL537_Inner2.nexus\t FileSize: 191 bytes\t TransferDuration: 35.9073999999282 ms\n",
        "ingestionTime": 1745267798369,
        "eventId": "38920772331077691623221963448804917037423757352141651984"
    },
    {
        "logStreamName": "2025/04/21/[$LATEST]cd9336b9e9214ebd9fdcf8a8db6d532b",
        "timestamp": 1745267791968,
        "message": "FILE_TRANSFER RequestId: 7a9a0680-25b4-4813-938b-243e445aff18\t TransferType: produced\t Action: upload_to_s3\t FileName: tree_ORTHOMCL537_Inner3.nexus\t Bucket: denethor\t FilePath: subtree/tree_ORTHOMCL537_Inner3.nexus\t LocalFilePath: /tmp/subtree/tree_ORTHOMCL537_Inner3.nexus\t FileSize: 305 bytes\t TransferDuration: 35.76914999996461 ms\n",
        "ingestionTime": 1745267798369,
        "eventId": "38920772331880518450369065881900202895239098366356946961"
    },
    {
        "logStreamName": "2025/04/21/[$LATEST]cd9336b9e9214ebd9fdcf8a8db6d532b",
        "timestamp": 1745267792002,
        "message": "FILE_TRANSFER RequestId: 7a9a0680-25b4-4813-938b-243e445aff18\t TransferType: produced\t Action: upload_to_s3\t FileName: tree_ORTHOMCL537_Inner4.nexus\t Bucket: denethor\t FilePath: subtree/tree_ORTHOMCL537_Inner4.nexus\t LocalFilePath: /tmp/subtree/tree_ORTHOMCL537_Inner4.nexus\t FileSize: 187 bytes\t TransferDuration: 34.46080999992773 ms\n",
        "ingestionTime": 1745267798369,
        "eventId": "38920772332638743787119107068712417316509142657560281106"
    },
    {
        "logStreamName": "2025/04/21/[$LATEST]cd9336b9e9214ebd9fdcf8a8db6d532b",
        "timestamp": 1745267792041,
        "message": "FILE_TRANSFER RequestId: 7a9a0680-25b4-4813-938b-243e445aff18\t TransferType: produced\t Action: upload_to_s3\t FileName: tree_ORTHOMCL537_Inner5.nexus\t Bucket: denethor\t FilePath: subtree/tree_ORTHOMCL537_Inner5.nexus\t LocalFilePath: /tmp/subtree/tree_ORTHOMCL537_Inner5.nexus\t FileSize: 461 bytes\t TransferDuration: 39.12065999998049 ms\n",
        "ingestionTime": 1745267798369,
        "eventId": "38920772333508472849861801371232310329142428756293517331"
    },
    {
        "logStreamName": "2025/04/21/[$LATEST]cd9336b9e9214ebd9fdcf8a8db6d532b",
        "timestamp": 1745267792041,
        "message": "PRODUCED_FILES_INFO RequestId: 7a9a0680-25b4-4813-938b-243e445aff18\t FilesCount: 5 files\t FilesSize: 1329 bytes\t TransferDuration: 190.1453699998683 ms\t Provider: aws_lambda\t  ProducedFiles: ['tree_ORTHOMCL537_Inner1.nexus', 'tree_ORTHOMCL537_Inner2.nexus', 'tree_ORTHOMCL537_Inner3.nexus', 'tree_ORTHOMCL537_Inner4.nexus', 'tree_ORTHOMCL537_Inner5.nexus']\n",
        "ingestionTime": 1745267798369,
        "eventId": "38920772333508472849861801371232310329142428756293517332"
    },
    {
        "logStreamName": "2025/04/21/[$LATEST]cd9336b9e9214ebd9fdcf8a8db6d532b",
        "timestamp": 1745267792043,
        "message": "END RequestId: 7a9a0680-25b4-4813-938b-243e445aff18\n",
        "ingestionTime": 1745267798369,
        "eventId": "38920772333553074340258862617515381765687725479305478165"
    },
    {
        "logStreamName": "2025/04/21/[$LATEST]cd9336b9e9214ebd9fdcf8a8db6d532b",
        "timestamp": 1745267792043,
        "message": "REPORT RequestId: 7a9a0680-25b4-4813-938b-243e445aff18\tDuration: 376.18 ms\tBilled Duration: 377 ms\tMemory Size: 1024 MB\tMax Memory Used: 112 MB\tInit Duration: 848.29 ms\t\n",
        "ingestionTime": 1745267798369,
        "eventId": "38920772333553074340258862617515381765687725479305478166"
    },
    {
        "logStreamName": "2025/04/21/[$LATEST]cd9336b9e9214ebd9fdcf8a8db6d532b",
        "timestamp": 1745267792258,
        "message": "START RequestId: 7b40a864-68db-4f27-b85a-df32a4578bbd Version: $LATEST\n",
        "ingestionTime": 1745267798369,
        "eventId": "38920772338347734557942946592945561194307123203091267607"
    },
    {
        "logStreamName": "2025/04/21/[$LATEST]cd9336b9e9214ebd9fdcf8a8db6d532b",
        "timestamp": 1745267792301,
        "message": "FILE_TRANSFER RequestId: 7b40a864-68db-4f27-b85a-df32a4578bbd\t TransferType: consumed\t Action: download_from_s3\t FileName: tree_ORTHOMCL581.nexus\t Bucket: denethor\t FilePath: tree/tree_ORTHOMCL581.nexus\t LocalFilePath: /tmp/tree/tree_ORTHOMCL581.nexus\t FileSize: 455 bytes\t TransferDuration: 42.275779999954466 ms\n",
        "ingestionTime": 1745267798369,
        "eventId": "38920772339306666601479763388031597080031002747848425496"
    },
    {
        "logStreamName": "2025/04/21/[$LATEST]cd9336b9e9214ebd9fdcf8a8db6d532b",
        "timestamp": 1745267792301,
        "message": "CONSUMED_FILES_INFO RequestId: 7b40a864-68db-4f27-b85a-df32a4578bbd\t FilesCount: 1 files\t FilesSize: 455 bytes\t TransferDuration: 42.275779999954466 ms\t ConsumedFiles: ['tree_ORTHOMCL581.nexus']\n",
        "ingestionTime": 1745267798369,
        "eventId": "38920772339306666601479763388031597080031002747848425497"
    },
    {
        "logStreamName": "2025/04/21/[$LATEST]cd9336b9e9214ebd9fdcf8a8db6d532b",
        "timestamp": 1745267792301,
        "message": "Reading tree file tree_ORTHOMCL581.nexus\n",
        "ingestionTime": 1745267798369,
        "eventId": "38920772339306666601479763388031597080031002747848425498"
    },
    {
        "logStreamName": "2025/04/21/[$LATEST]cd9336b9e9214ebd9fdcf8a8db6d532b",
        "timestamp": 1745267792302,
        "message": "Subtree file tree_ORTHOMCL581_Inner5.nexus was created!\n",
        "ingestionTime": 1745267798369,
        "eventId": "38920772339328967346678294011173132798303651109354405915"
    },
    {
        "logStreamName": "2025/04/21/[$LATEST]cd9336b9e9214ebd9fdcf8a8db6d532b",
        "timestamp": 1745267792303,
        "message": "Subtree file tree_ORTHOMCL581_Inner4.nexus was created!\n",
        "ingestionTime": 1745267798369,
        "eventId": "38920772339351268091876824634314668516576299470860386332"
    },
    {
        "logStreamName": "2025/04/21/[$LATEST]cd9336b9e9214ebd9fdcf8a8db6d532b",
        "timestamp": 1745267792303,
        "message": "Subtree file tree_ORTHOMCL581_Inner1.nexus was created!\n",
        "ingestionTime": 1745267798369,
        "eventId": "38920772339351268091876824634314668516576299470860386333"
    },
    {
        "logStreamName": "2025/04/21/[$LATEST]cd9336b9e9214ebd9fdcf8a8db6d532b",
        "timestamp": 1745267792303,
        "message": "Subtree file tree_ORTHOMCL581_Inner2.nexus was created!\n",
        "ingestionTime": 1745267798369,
        "eventId": "38920772339351268091876824634314668516576299470860386334"
    },
    {
        "logStreamName": "2025/04/21/[$LATEST]cd9336b9e9214ebd9fdcf8a8db6d532b",
        "timestamp": 1745267792303,
        "message": "Subtree file tree_ORTHOMCL581_Inner3.nexus was created!\n",
        "ingestionTime": 1745267798369,
        "eventId": "38920772339351268091876824634314668516576299470860386335"
    },
    {
        "logStreamName": "2025/04/21/[$LATEST]cd9336b9e9214ebd9fdcf8a8db6d532b",
        "timestamp": 1745267792303,
        "message": "Tempo de construção dos arquivos de subárvores de ['tree_ORTHOMCL581.nexus']: 2.138580000064394 milissegundos\n",
        "ingestionTime": 1745267798369,
        "eventId": "38920772339351268091876824634314668516576299470860386336"
    },
    {
        "logStreamName": "2025/04/21/[$LATEST]cd9336b9e9214ebd9fdcf8a8db6d532b",
        "timestamp": 1745267792303,
        "message": "[INFO] 2025-04-21T20:36:32GMT SUBTREE_CONSTRUCTOR RequestId: 7b40a864-68db-4f27-b85a-df32a4578bbd\t Duration: 2.138580000064394 ms\t InputTree: ['tree_ORTHOMCL581.nexus']\t OutputSubtrees: ['tree_ORTHOMCL581_Inner1.nexus', 'tree_ORTHOMCL581_Inner2.nexus', 'tree_ORTHOMCL581_Inner3.nexus', 'tree_ORTHOMCL581_Inner4.nexus', 'tree_ORTHOMCL581_Inner5.nexus']\n",
        "ingestionTime": 1745267798369,
        "eventId": "38920772339351268091876824634314668516576299470860386337"
    },
    {
        "logStreamName": "2025/04/21/[$LATEST]cd9336b9e9214ebd9fdcf8a8db6d532b",
        "timestamp": 1745267792303,
        "message": "[INFO]\t2025-04-21T20:36:32.303Z\t7b40a864-68db-4f27-b85a-df32a4578bbd\tSUBTREE_CONSTRUCTOR RequestId: 7b40a864-68db-4f27-b85a-df32a4578bbd\t Duration: 2.138580000064394 ms\t InputTree: ['tree_ORTHOMCL581.nexus']\t OutputSubtrees: ['tree_ORTHOMCL581_Inner1.nexus', 'tree_ORTHOMCL581_Inner2.nexus', 'tree_ORTHOMCL581_Inner3.nexus', 'tree_ORTHOMCL581_Inner4.nexus', 'tree_ORTHOMCL581_Inner5.nexus']\n",
        "ingestionTime": 1745267798369,
        "eventId": "38920772339351268091876824634314668516576299470860386338"
    },
    {
        "logStreamName": "2025/04/21/[$LATEST]cd9336b9e9214ebd9fdcf8a8db6d532b",
        "timestamp": 1745267792447,
        "message": "FILE_TRANSFER RequestId: 7b40a864-68db-4f27-b85a-df32a4578bbd\t TransferType: produced\t Action: upload_to_s3\t FileName: tree_ORTHOMCL581_Inner1.nexus\t Bucket: denethor\t FilePath: subtree/tree_ORTHOMCL581_Inner1.nexus\t LocalFilePath: /tmp/subtree/tree_ORTHOMCL581_Inner1.nexus\t FileSize: 185 bytes\t TransferDuration: 43.64935000000969 ms\n",
        "ingestionTime": 1745267798369,
        "eventId": "38920772342562575400465234366695811947837663527721566243"
    },
    {
        "logStreamName": "2025/04/21/[$LATEST]cd9336b9e9214ebd9fdcf8a8db6d532b",
        "timestamp": 1745267792489,
        "message": "FILE_TRANSFER RequestId: 7b40a864-68db-4f27-b85a-df32a4578bbd\t TransferType: produced\t Action: upload_to_s3\t FileName: tree_ORTHOMCL581_Inner2.nexus\t Bucket: denethor\t FilePath: subtree/tree_ORTHOMCL581_Inner2.nexus\t LocalFilePath: /tmp/subtree/tree_ORTHOMCL581_Inner2.nexus\t FileSize: 187 bytes\t TransferDuration: 41.371610000055625 ms\n",
        "ingestionTime": 1745267798369,
        "eventId": "38920772343499206698803520538640312115288894710972743716"
    },
    {
        "logStreamName": "2025/04/21/[$LATEST]cd9336b9e9214ebd9fdcf8a8db6d532b",
        "timestamp": 1745267792526,
        "message": "FILE_TRANSFER RequestId: 7b40a864-68db-4f27-b85a-df32a4578bbd\t TransferType: produced\t Action: upload_to_s3\t FileName: tree_ORTHOMCL581_Inner3.nexus\t Bucket: denethor\t FilePath: subtree/tree_ORTHOMCL581_Inner3.nexus\t LocalFilePath: /tmp/subtree/tree_ORTHOMCL581_Inner3.nexus\t FileSize: 185 bytes\t TransferDuration: 36.84515999998439 ms\n",
        "ingestionTime": 1745267798369,
        "eventId": "38920772344324334271149153594877133691376884086694019109"
    },
    {
        "logStreamName": "2025/04/21/[$LATEST]cd9336b9e9214ebd9fdcf8a8db6d532b",
        "timestamp": 1745267792564,
        "message": "FILE_TRANSFER RequestId: 7b40a864-68db-4f27-b85a-df32a4578bbd\t TransferType: produced\t Action: upload_to_s3\t FileName: tree_ORTHOMCL581_Inner4.nexus\t Bucket: denethor\t FilePath: subtree/tree_ORTHOMCL581_Inner4.nexus\t LocalFilePath: /tmp/subtree/tree_ORTHOMCL581_Inner4.nexus\t FileSize: 241 bytes\t TransferDuration: 37.780479999923955 ms\n",
        "ingestionTime": 1745267798369,
        "eventId": "38920772345171762588693317274255490985737521823921274918"
    },
    {
        "logStreamName": "2025/04/21/[$LATEST]cd9336b9e9214ebd9fdcf8a8db6d532b",
        "timestamp": 1745267792601,
        "message": "FILE_TRANSFER RequestId: 7b40a864-68db-4f27-b85a-df32a4578bbd\t TransferType: produced\t Action: upload_to_s3\t FileName: tree_ORTHOMCL581_Inner5.nexus\t Bucket: denethor\t FilePath: subtree/tree_ORTHOMCL581_Inner5.nexus\t LocalFilePath: /tmp/subtree/tree_ORTHOMCL581_Inner5.nexus\t FileSize: 455 bytes\t TransferDuration: 36.890040000002955 ms\n",
        "ingestionTime": 1745267798369,
        "eventId": "38920772345996890161038950330492312561825511199642550311"
    },
    {
        "logStreamName": "2025/04/21/[$LATEST]cd9336b9e9214ebd9fdcf8a8db6d532b",
        "timestamp": 1745267792601,
        "message": "PRODUCED_FILES_INFO RequestId: 7b40a864-68db-4f27-b85a-df32a4578bbd\t FilesCount: 5 files\t FilesSize: 1253 bytes\t TransferDuration: 196.53663999997661 ms\t Provider: aws_lambda\t  ProducedFiles: ['tree_ORTHOMCL581_Inner1.nexus', 'tree_ORTHOMCL581_Inner2.nexus', 'tree_ORTHOMCL581_Inner3.nexus', 'tree_ORTHOMCL581_Inner4.nexus', 'tree_ORTHOMCL581_Inner5.nexus']\n",
        "ingestionTime": 1745267798369,
        "eventId": "38920772345996890161038950330492312561825511199642550312"
    },
    {
        "logStreamName": "2025/04/21/[$LATEST]cd9336b9e9214ebd9fdcf8a8db6d532b",
        "timestamp": 1745267792602,
        "message": "END RequestId: 7b40a864-68db-4f27-b85a-df32a4578bbd\n",
        "ingestionTime": 1745267798369,
        "eventId": "38920772346019190906237480953633848280098159561148530729"
    },
    {
        "logStreamName": "2025/04/21/[$LATEST]cd9336b9e9214ebd9fdcf8a8db6d532b",
        "timestamp": 1745267792602,
        "message": "REPORT RequestId: 7b40a864-68db-4f27-b85a-df32a4578bbd\tDuration: 343.55 ms\tBilled Duration: 344 ms\tMemory Size: 1024 MB\tMax Memory Used: 112 MB\t\n",
        "ingestionTime": 1745267798369,
        "eventId": "38920772346019190906237480953633848280098159561148530730"
    },
    {
        "logStreamName": "2025/04/21/[$LATEST]cd9336b9e9214ebd9fdcf8a8db6d532b",
        "timestamp": 1745267792744,
        "message": "START RequestId: bf30df6f-264e-4fce-9ea1-22c31cf375eb Version: $LATEST\n",
        "ingestionTime": 1745267798369,
        "eventId": "38920772349185896724428829439731920274814226894997749803"
    },
    {
        "logStreamName": "2025/04/21/[$LATEST]cd9336b9e9214ebd9fdcf8a8db6d532b",
        "timestamp": 1745267792791,
        "message": "FILE_TRANSFER RequestId: bf30df6f-264e-4fce-9ea1-22c31cf375eb\t TransferType: consumed\t Action: download_from_s3\t FileName: tree_ORTHOMCL755.nexus\t Bucket: denethor\t FilePath: tree/tree_ORTHOMCL755.nexus\t LocalFilePath: /tmp/tree/tree_ORTHOMCL755.nexus\t FileSize: 407 bytes\t TransferDuration: 46.463729999913994 ms\n",
        "ingestionTime": 1745267798369,
        "eventId": "38920772350234031748759768727384099033628699885778829356"
    },
    {
        "logStreamName": "2025/04/21/[$LATEST]cd9336b9e9214ebd9fdcf8a8db6d532b",
        "timestamp": 1745267792791,
        "message": "CONSUMED_FILES_INFO RequestId: bf30df6f-264e-4fce-9ea1-22c31cf375eb\t FilesCount: 1 files\t FilesSize: 407 bytes\t TransferDuration: 46.463729999913994 ms\t ConsumedFiles: ['tree_ORTHOMCL755.nexus']\n",
        "ingestionTime": 1745267798369,
        "eventId": "38920772350234031748759768727384099033628699885778829357"
    },
    {
        "logStreamName": "2025/04/21/[$LATEST]cd9336b9e9214ebd9fdcf8a8db6d532b",
        "timestamp": 1745267792791,
        "message": "Reading tree file tree_ORTHOMCL755.nexus\n",
        "ingestionTime": 1745267798369,
        "eventId": "38920772350234031748759768727384099033628699885778829358"
    },
    {
        "logStreamName": "2025/04/21/[$LATEST]cd9336b9e9214ebd9fdcf8a8db6d532b",
        "timestamp": 1745267792792,
        "message": "Subtree file tree_ORTHOMCL755_Inner4.nexus was created!\n",
        "ingestionTime": 1745267798369,
        "eventId": "38920772350256332493958299350525634751901348247284809775"
    },
    {
        "logStreamName": "2025/04/21/[$LATEST]cd9336b9e9214ebd9fdcf8a8db6d532b",
        "timestamp": 1745267792792,
        "message": "Subtree file tree_ORTHOMCL755_Inner3.nexus was created!\n",
        "ingestionTime": 1745267798369,
        "eventId": "38920772350256332493958299350525634751901348247284809776"
    },
    {
        "logStreamName": "2025/04/21/[$LATEST]cd9336b9e9214ebd9fdcf8a8db6d532b",
        "timestamp": 1745267792793,
        "message": "Subtree file tree_ORTHOMCL755_Inner2.nexus was created!\n",
        "ingestionTime": 1745267798369,
        "eventId": "38920772350278633239156829973667170470173996608790790193"
    },
    {
        "logStreamName": "2025/04/21/[$LATEST]cd9336b9e9214ebd9fdcf8a8db6d532b",
        "timestamp": 1745267792793,
        "message": "Subtree file tree_ORTHOMCL755_Inner1.nexus was created!\n",
        "ingestionTime": 1745267798369,
        "eventId": "38920772350278633239156829973667170470173996608790790194"
    },
    {
        "logStreamName": "2025/04/21/[$LATEST]cd9336b9e9214ebd9fdcf8a8db6d532b",
        "timestamp": 1745267792793,
        "message": "Tempo de construção dos arquivos de subárvores de ['tree_ORTHOMCL755.nexus']: 1.5826589999505813 milissegundos\n",
        "ingestionTime": 1745267798369,
        "eventId": "38920772350278633239156829973667170470173996608790790195"
    },
    {
        "logStreamName": "2025/04/21/[$LATEST]cd9336b9e9214ebd9fdcf8a8db6d532b",
        "timestamp": 1745267792793,
        "message": "[INFO] 2025-04-21T20:36:32GMT SUBTREE_CONSTRUCTOR RequestId: bf30df6f-264e-4fce-9ea1-22c31cf375eb\t Duration: 1.5826589999505813 ms\t InputTree: ['tree_ORTHOMCL755.nexus']\t OutputSubtrees: ['tree_ORTHOMCL755_Inner1.nexus', 'tree_ORTHOMCL755_Inner2.nexus', 'tree_ORTHOMCL755_Inner3.nexus', 'tree_ORTHOMCL755_Inner4.nexus']\n",
        "ingestionTime": 1745267798369,
        "eventId": "38920772350278633239156829973667170470173996608790790196"
    },
    {
        "logStreamName": "2025/04/21/[$LATEST]cd9336b9e9214ebd9fdcf8a8db6d532b",
        "timestamp": 1745267792793,
        "message": "[INFO]\t2025-04-21T20:36:32.793Z\tbf30df6f-264e-4fce-9ea1-22c31cf375eb\tSUBTREE_CONSTRUCTOR RequestId: bf30df6f-264e-4fce-9ea1-22c31cf375eb\t Duration: 1.5826589999505813 ms\t InputTree: ['tree_ORTHOMCL755.nexus']\t OutputSubtrees: ['tree_ORTHOMCL755_Inner1.nexus', 'tree_ORTHOMCL755_Inner2.nexus', 'tree_ORTHOMCL755_Inner3.nexus', 'tree_ORTHOMCL755_Inner4.nexus']\n",
        "ingestionTime": 1745267798369,
        "eventId": "38920772350278633239156829973667170470173996608790790197"
    },
    {
        "logStreamName": "2025/04/21/[$LATEST]cd9336b9e9214ebd9fdcf8a8db6d532b",
        "timestamp": 1745267792933,
        "message": "FILE_TRANSFER RequestId: bf30df6f-264e-4fce-9ea1-22c31cf375eb\t TransferType: produced\t Action: upload_to_s3\t FileName: tree_ORTHOMCL755_Inner1.nexus\t Bucket: denethor\t FilePath: subtree/tree_ORTHOMCL755_Inner1.nexus\t LocalFilePath: /tmp/subtree/tree_ORTHOMCL755_Inner1.nexus\t FileSize: 185 bytes\t TransferDuration: 39.66819100003249 ms\n",
        "ingestionTime": 1745267798369,
        "eventId": "38920772353400737566951117213482171028344767219628048438"
    },
    {
        "logStreamName": "2025/04/21/[$LATEST]cd9336b9e9214ebd9fdcf8a8db6d532b",
        "timestamp": 1745267792969,
        "message": "FILE_TRANSFER RequestId: bf30df6f-264e-4fce-9ea1-22c31cf375eb\t TransferType: produced\t Action: upload_to_s3\t FileName: tree_ORTHOMCL755_Inner2.nexus\t Bucket: denethor\t FilePath: subtree/tree_ORTHOMCL755_Inner2.nexus\t LocalFilePath: /tmp/subtree/tree_ORTHOMCL755_Inner2.nexus\t FileSize: 187 bytes\t TransferDuration: 36.42505000004803 ms\n",
        "ingestionTime": 1745267798369,
        "eventId": "38920772354203564394098219646577456886160108233843343415"
    },
    {
        "logStreamName": "2025/04/21/[$LATEST]cd9336b9e9214ebd9fdcf8a8db6d532b",
        "timestamp": 1745267793008,
        "message": "FILE_TRANSFER RequestId: bf30df6f-264e-4fce-9ea1-22c31cf375eb\t TransferType: produced\t Action: upload_to_s3\t FileName: tree_ORTHOMCL755_Inner3.nexus\t Bucket: denethor\t FilePath: subtree/tree_ORTHOMCL755_Inner3.nexus\t LocalFilePath: /tmp/subtree/tree_ORTHOMCL755_Inner3.nexus\t FileSize: 245 bytes\t TransferDuration: 38.971971000023586 ms\n",
        "ingestionTime": 1745267798369,
        "eventId": "38920772355073293456840913949097349898793394332576579640"
    },
    {
        "logStreamName": "2025/04/21/[$LATEST]cd9336b9e9214ebd9fdcf8a8db6d532b",
        "timestamp": 1745267793047,
        "message": "FILE_TRANSFER RequestId: bf30df6f-264e-4fce-9ea1-22c31cf375eb\t TransferType: produced\t Action: upload_to_s3\t FileName: tree_ORTHOMCL755_Inner4.nexus\t Bucket: denethor\t FilePath: subtree/tree_ORTHOMCL755_Inner4.nexus\t LocalFilePath: /tmp/subtree/tree_ORTHOMCL755_Inner4.nexus\t FileSize: 407 bytes\t TransferDuration: 38.28390099999979 ms\n",
        "ingestionTime": 1745267798369,
        "eventId": "38920772355943022519583608251617242911426680431309815865"
    },
    {
        "logStreamName": "2025/04/21/[$LATEST]cd9336b9e9214ebd9fdcf8a8db6d532b",
        "timestamp": 1745267793047,
        "message": "PRODUCED_FILES_INFO RequestId: bf30df6f-264e-4fce-9ea1-22c31cf375eb\t FilesCount: 4 files\t FilesSize: 1024 bytes\t TransferDuration: 153.3491130001039 ms\t Provider: aws_lambda\t  ProducedFiles: ['tree_ORTHOMCL755_Inner1.nexus', 'tree_ORTHOMCL755_Inner2.nexus', 'tree_ORTHOMCL755_Inner3.nexus', 'tree_ORTHOMCL755_Inner4.nexus']\n",
        "ingestionTime": 1745267798369,
        "eventId": "38920772355943022519583608251617242911426680431309815866"
    },
    {
        "logStreamName": "2025/04/21/[$LATEST]cd9336b9e9214ebd9fdcf8a8db6d532b",
        "timestamp": 1745267793048,
        "message": "END RequestId: bf30df6f-264e-4fce-9ea1-22c31cf375eb\n",
        "ingestionTime": 1745267798369,
        "eventId": "38920772355965323264782138874758778629699328792815796283"
    },
    {
        "logStreamName": "2025/04/21/[$LATEST]cd9336b9e9214ebd9fdcf8a8db6d532b",
        "timestamp": 1745267793048,
        "message": "REPORT RequestId: bf30df6f-264e-4fce-9ea1-22c31cf375eb\tDuration: 304.07 ms\tBilled Duration: 305 ms\tMemory Size: 1024 MB\tMax Memory Used: 112 MB\t\n",
        "ingestionTime": 1745267798369,
        "eventId": "38920772355965323264782138874758778629699328792815796284"
    },
    {
        "logStreamName": "2025/04/21/[$LATEST]cd9336b9e9214ebd9fdcf8a8db6d532b",
        "timestamp": 1745267793248,
        "message": "START RequestId: 2df4d3a1-9e6d-4d60-91b5-07b296a05ba8 Version: $LATEST\n",
        "ingestionTime": 1745267798369,
        "eventId": "38920772360425472304488263503065922284229001094011879485"
    },
    {
        "logStreamName": "2025/04/21/[$LATEST]cd9336b9e9214ebd9fdcf8a8db6d532b",
        "timestamp": 1745267793293,
        "message": "FILE_TRANSFER RequestId: 2df4d3a1-9e6d-4d60-91b5-07b296a05ba8\t TransferType: consumed\t Action: download_from_s3\t FileName: tree_ORTHOMCL833.nexus\t Bucket: denethor\t FilePath: tree/tree_ORTHOMCL833.nexus\t LocalFilePath: /tmp/tree/tree_ORTHOMCL833.nexus\t FileSize: 397 bytes\t TransferDuration: 44.481628999960776 ms\n",
        "ingestionTime": 1745267798369,
        "eventId": "38920772361429005838422141544435029606498177361780998206"
    },
    {
        "logStreamName": "2025/04/21/[$LATEST]cd9336b9e9214ebd9fdcf8a8db6d532b",
        "timestamp": 1745267793293,
        "message": "CONSUMED_FILES_INFO RequestId: 2df4d3a1-9e6d-4d60-91b5-07b296a05ba8\t FilesCount: 1 files\t FilesSize: 397 bytes\t TransferDuration: 44.481628999960776 ms\t ConsumedFiles: ['tree_ORTHOMCL833.nexus']\n",
        "ingestionTime": 1745267798369,
        "eventId": "38920772361429005838422141544435029606498177361780998207"
    },
    {
        "logStreamName": "2025/04/21/[$LATEST]cd9336b9e9214ebd9fdcf8a8db6d532b",
        "timestamp": 1745267793293,
        "message": "Reading tree file tree_ORTHOMCL833.nexus\n",
        "ingestionTime": 1745267798369,
        "eventId": "38920772361429005838422141544435029606498177361780998208"
    },
    {
        "logStreamName": "2025/04/21/[$LATEST]cd9336b9e9214ebd9fdcf8a8db6d532b",
        "timestamp": 1745267793294,
        "message": "Subtree file tree_ORTHOMCL833_Inner4.nexus was created!\n",
        "ingestionTime": 1745267798369,
        "eventId": "38920772361451306583620672167576565324770825723286978625"
    },
    {
        "logStreamName": "2025/04/21/[$LATEST]cd9336b9e9214ebd9fdcf8a8db6d532b",
        "timestamp": 1745267793294,
        "message": "Subtree file tree_ORTHOMCL833_Inner3.nexus was created!\n",
        "ingestionTime": 1745267798369,
        "eventId": "38920772361451306583620672167576565324770825723286978626"
    },
    {
        "logStreamName": "2025/04/21/[$LATEST]cd9336b9e9214ebd9fdcf8a8db6d532b",
        "timestamp": 1745267793295,
        "message": "Subtree file tree_ORTHOMCL833_Inner2.nexus was created!\n",
        "ingestionTime": 1745267798369,
        "eventId": "38920772361473607328819202790718101043043474084792959043"
    },
    {
        "logStreamName": "2025/04/21/[$LATEST]cd9336b9e9214ebd9fdcf8a8db6d532b",
        "timestamp": 1745267793295,
        "message": "Subtree file tree_ORTHOMCL833_Inner1.nexus was created!\n",
        "ingestionTime": 1745267798369,
        "eventId": "38920772361473607328819202790718101043043474084792959044"
    },
    {
        "logStreamName": "2025/04/21/[$LATEST]cd9336b9e9214ebd9fdcf8a8db6d532b",
        "timestamp": 1745267793295,
        "message": "Tempo de construção dos arquivos de subárvores de ['tree_ORTHOMCL833.nexus']: 1.6256310000244412 milissegundos\n",
        "ingestionTime": 1745267798369,
        "eventId": "38920772361473607328819202790718101043043474084792959045"
    },
    {
        "logStreamName": "2025/04/21/[$LATEST]cd9336b9e9214ebd9fdcf8a8db6d532b",
        "timestamp": 1745267793295,
        "message": "[INFO] 2025-04-21T20:36:33GMT SUBTREE_CONSTRUCTOR RequestId: 2df4d3a1-9e6d-4d60-91b5-07b296a05ba8\t Duration: 1.6256310000244412 ms\t InputTree: ['tree_ORTHOMCL833.nexus']\t OutputSubtrees: ['tree_ORTHOMCL833_Inner1.nexus', 'tree_ORTHOMCL833_Inner2.nexus', 'tree_ORTHOMCL833_Inner3.nexus', 'tree_ORTHOMCL833_Inner4.nexus']\n",
        "ingestionTime": 1745267798369,
        "eventId": "38920772361473607328819202790718101043043474084792959046"
    },
    {
        "logStreamName": "2025/04/21/[$LATEST]cd9336b9e9214ebd9fdcf8a8db6d532b",
        "timestamp": 1745267793295,
        "message": "[INFO]\t2025-04-21T20:36:33.295Z\t2df4d3a1-9e6d-4d60-91b5-07b296a05ba8\tSUBTREE_CONSTRUCTOR RequestId: 2df4d3a1-9e6d-4d60-91b5-07b296a05ba8\t Duration: 1.6256310000244412 ms\t InputTree: ['tree_ORTHOMCL833.nexus']\t OutputSubtrees: ['tree_ORTHOMCL833_Inner1.nexus', 'tree_ORTHOMCL833_Inner2.nexus', 'tree_ORTHOMCL833_Inner3.nexus', 'tree_ORTHOMCL833_Inner4.nexus']\n",
        "ingestionTime": 1745267798369,
        "eventId": "38920772361473607328819202790718101043043474084792959047"
    },
    {
        "logStreamName": "2025/04/21/[$LATEST]cd9336b9e9214ebd9fdcf8a8db6d532b",
        "timestamp": 1745267793439,
        "message": "FILE_TRANSFER RequestId: 2df4d3a1-9e6d-4d60-91b5-07b296a05ba8\t TransferType: produced\t Action: upload_to_s3\t FileName: tree_ORTHOMCL833_Inner1.nexus\t Bucket: denethor\t FilePath: subtree/tree_ORTHOMCL833_Inner1.nexus\t LocalFilePath: /tmp/subtree/tree_ORTHOMCL833_Inner1.nexus\t FileSize: 185 bytes\t TransferDuration: 43.76274000003377 ms\n",
        "ingestionTime": 1745267798369,
        "eventId": "38920772364684914637407612523099244474304838141654138952"
    },
    {
        "logStreamName": "2025/04/21/[$LATEST]cd9336b9e9214ebd9fdcf8a8db6d532b",
        "timestamp": 1745267793479,
        "message": "FILE_TRANSFER RequestId: 2df4d3a1-9e6d-4d60-91b5-07b296a05ba8\t TransferType: produced\t Action: upload_to_s3\t FileName: tree_ORTHOMCL833_Inner2.nexus\t Bucket: denethor\t FilePath: subtree/tree_ORTHOMCL833_Inner2.nexus\t LocalFilePath: /tmp/subtree/tree_ORTHOMCL833_Inner2.nexus\t FileSize: 187 bytes\t TransferDuration: 39.8490990000937 ms\n",
        "ingestionTime": 1745267798369,
        "eventId": "38920772365576944445348837448760673205210772601893355593"
    },
    {
        "logStreamName": "2025/04/21/[$LATEST]cd9336b9e9214ebd9fdcf8a8db6d532b",
        "timestamp": 1745267793511,
        "message": "FILE_TRANSFER RequestId: 2df4d3a1-9e6d-4d60-91b5-07b296a05ba8\t TransferType: produced\t Action: upload_to_s3\t FileName: tree_ORTHOMCL833_Inner3.nexus\t Bucket: denethor\t FilePath: subtree/tree_ORTHOMCL833_Inner3.nexus\t LocalFilePath: /tmp/subtree/tree_ORTHOMCL833_Inner3.nexus\t FileSize: 243 bytes\t TransferDuration: 32.0244700000103 ms\n",
        "ingestionTime": 1745267798369,
        "eventId": "38920772366290568291701817389289816189935520170084728906"
    },
    {
        "logStreamName": "2025/04/21/[$LATEST]cd9336b9e9214ebd9fdcf8a8db6d532b",
        "timestamp": 1745267793549,
        "message": "FILE_TRANSFER RequestId: 2df4d3a1-9e6d-4d60-91b5-07b296a05ba8\t TransferType: produced\t Action: upload_to_s3\t FileName: tree_ORTHOMCL833_Inner4.nexus\t Bucket: denethor\t FilePath: subtree/tree_ORTHOMCL833_Inner4.nexus\t LocalFilePath: /tmp/subtree/tree_ORTHOMCL833_Inner4.nexus\t FileSize: 397 bytes\t TransferDuration: 37.9970599999524 ms\n",
        "ingestionTime": 1745267798369,
        "eventId": "38920772367137996609245981068668173484296157907311984715"
    },
    {
        "logStreamName": "2025/04/21/[$LATEST]cd9336b9e9214ebd9fdcf8a8db6d532b",
        "timestamp": 1745267793549,
        "message": "PRODUCED_FILES_INFO RequestId: 2df4d3a1-9e6d-4d60-91b5-07b296a05ba8\t FilesCount: 4 files\t FilesSize: 1012 bytes\t TransferDuration: 153.63336900009017 ms\t Provider: aws_lambda\t  ProducedFiles: ['tree_ORTHOMCL833_Inner1.nexus', 'tree_ORTHOMCL833_Inner2.nexus', 'tree_ORTHOMCL833_Inner3.nexus', 'tree_ORTHOMCL833_Inner4.nexus']\n",
        "ingestionTime": 1745267798369,
        "eventId": "38920772367137996609245981068668173484296157907311984716"
    },
    {
        "logStreamName": "2025/04/21/[$LATEST]cd9336b9e9214ebd9fdcf8a8db6d532b",
        "timestamp": 1745267793550,
        "message": "END RequestId: 2df4d3a1-9e6d-4d60-91b5-07b296a05ba8\n",
        "ingestionTime": 1745267798369,
        "eventId": "38920772367160297354444511691809709202568806268817965133"
    },
    {
        "logStreamName": "2025/04/21/[$LATEST]cd9336b9e9214ebd9fdcf8a8db6d532b",
        "timestamp": 1745267793550,
        "message": "REPORT RequestId: 2df4d3a1-9e6d-4d60-91b5-07b296a05ba8\tDuration: 302.17 ms\tBilled Duration: 303 ms\tMemory Size: 1024 MB\tMax Memory Used: 113 MB\t\n",
        "ingestionTime": 1745267798369,
        "eventId": "38920772367160297354444511691809709202568806268817965134"
    },
    {
        "logStreamName": "2025/04/21/[$LATEST]cd9336b9e9214ebd9fdcf8a8db6d532b",
        "timestamp": 1745267793837,
        "message": "START RequestId: 71d64f77-ee6f-4987-8319-b740a4632362 Version: $LATEST\n",
        "ingestionTime": 1745267798369,
        "eventId": "38920772373560611226422800533430460346818886021034344527"
    },
    {
        "logStreamName": "2025/04/21/[$LATEST]cd9336b9e9214ebd9fdcf8a8db6d532b",
        "timestamp": 1745267793878,
        "message": "FILE_TRANSFER RequestId: 71d64f77-ee6f-4987-8319-b740a4632362\t TransferType: consumed\t Action: download_from_s3\t FileName: tree_ORTHOMCL866.nexus\t Bucket: denethor\t FilePath: tree/tree_ORTHOMCL866.nexus\t LocalFilePath: /tmp/tree/tree_ORTHOMCL866.nexus\t FileSize: 403 bytes\t TransferDuration: 40.06976000005125 ms\n",
        "ingestionTime": 1745267798369,
        "eventId": "38920772374474941779562556082233424795997468842779541584"
    },
    {
        "logStreamName": "2025/04/21/[$LATEST]cd9336b9e9214ebd9fdcf8a8db6d532b",
        "timestamp": 1745267793878,
        "message": "CONSUMED_FILES_INFO RequestId: 71d64f77-ee6f-4987-8319-b740a4632362\t FilesCount: 1 files\t FilesSize: 403 bytes\t TransferDuration: 40.06976000005125 ms\t ConsumedFiles: ['tree_ORTHOMCL866.nexus']\n",
        "ingestionTime": 1745267798369,
        "eventId": "38920772374474941779562556082233424795997468842779541585"
    },
    {
        "logStreamName": "2025/04/21/[$LATEST]cd9336b9e9214ebd9fdcf8a8db6d532b",
        "timestamp": 1745267793878,
        "message": "Reading tree file tree_ORTHOMCL866.nexus\n",
        "ingestionTime": 1745267798369,
        "eventId": "38920772374474941779562556082233424795997468842779541586"
    },
    {
        "logStreamName": "2025/04/21/[$LATEST]cd9336b9e9214ebd9fdcf8a8db6d532b",
        "timestamp": 1745267793879,
        "message": "Subtree file tree_ORTHOMCL866_Inner4.nexus was created!\n",
        "ingestionTime": 1745267798369,
        "eventId": "38920772374497242524761086705374960514270117204285522003"
    },
    {
        "logStreamName": "2025/04/21/[$LATEST]cd9336b9e9214ebd9fdcf8a8db6d532b",
        "timestamp": 1745267793879,
        "message": "Subtree file tree_ORTHOMCL866_Inner2.nexus was created!\n",
        "ingestionTime": 1745267798369,
        "eventId": "38920772374497242524761086705374960514270117204285522004"
    },
    {
        "logStreamName": "2025/04/21/[$LATEST]cd9336b9e9214ebd9fdcf8a8db6d532b",
        "timestamp": 1745267793879,
        "message": "Subtree file tree_ORTHOMCL866_Inner3.nexus was created!\n",
        "ingestionTime": 1745267798369,
        "eventId": "38920772374497242524761086705374960514270117204285522005"
    },
    {
        "logStreamName": "2025/04/21/[$LATEST]cd9336b9e9214ebd9fdcf8a8db6d532b",
        "timestamp": 1745267793879,
        "message": "Subtree file tree_ORTHOMCL866_Inner1.nexus was created!\n",
        "ingestionTime": 1745267798369,
        "eventId": "38920772374497242524761086705374960514270117204285522006"
    },
    {
        "logStreamName": "2025/04/21/[$LATEST]cd9336b9e9214ebd9fdcf8a8db6d532b",
        "timestamp": 1745267793879,
        "message": "Tempo de construção dos arquivos de subárvores de ['tree_ORTHOMCL866.nexus']: 1.6524290000461406 milissegundos\n",
        "ingestionTime": 1745267798369,
        "eventId": "38920772374497242524761086705374960514270117204285522007"
    },
    {
        "logStreamName": "2025/04/21/[$LATEST]cd9336b9e9214ebd9fdcf8a8db6d532b",
        "timestamp": 1745267793879,
        "message": "[INFO] 2025-04-21T20:36:33GMT SUBTREE_CONSTRUCTOR RequestId: 71d64f77-ee6f-4987-8319-b740a4632362\t Duration: 1.6524290000461406 ms\t InputTree: ['tree_ORTHOMCL866.nexus']\t OutputSubtrees: ['tree_ORTHOMCL866_Inner1.nexus', 'tree_ORTHOMCL866_Inner2.nexus', 'tree_ORTHOMCL866_Inner3.nexus', 'tree_ORTHOMCL866_Inner4.nexus']\n",
        "ingestionTime": 1745267798369,
        "eventId": "38920772374497242524761086705374960514270117204285522008"
    },
    {
        "logStreamName": "2025/04/21/[$LATEST]cd9336b9e9214ebd9fdcf8a8db6d532b",
        "timestamp": 1745267793879,
        "message": "[INFO]\t2025-04-21T20:36:33.879Z\t71d64f77-ee6f-4987-8319-b740a4632362\tSUBTREE_CONSTRUCTOR RequestId: 71d64f77-ee6f-4987-8319-b740a4632362\t Duration: 1.6524290000461406 ms\t InputTree: ['tree_ORTHOMCL866.nexus']\t OutputSubtrees: ['tree_ORTHOMCL866_Inner1.nexus', 'tree_ORTHOMCL866_Inner2.nexus', 'tree_ORTHOMCL866_Inner3.nexus', 'tree_ORTHOMCL866_Inner4.nexus']\n",
        "ingestionTime": 1745267798369,
        "eventId": "38920772374497242524761086705374960514270117204285522009"
    },
    {
        "logStreamName": "2025/04/21/[$LATEST]cd9336b9e9214ebd9fdcf8a8db6d532b",
        "timestamp": 1745267794021,
        "message": "FILE_TRANSFER RequestId: 71d64f77-ee6f-4987-8319-b740a4632362\t TransferType: produced\t Action: upload_to_s3\t FileName: tree_ORTHOMCL866_Inner1.nexus\t Bucket: denethor\t FilePath: subtree/tree_ORTHOMCL866_Inner1.nexus\t LocalFilePath: /tmp/subtree/tree_ORTHOMCL866_Inner1.nexus\t FileSize: 193 bytes\t TransferDuration: 41.29900899999939 ms\n",
        "ingestionTime": 1745267798369,
        "eventId": "38920772377663948342952435191473032508986184538134741082"
    },
    {
        "logStreamName": "2025/04/21/[$LATEST]cd9336b9e9214ebd9fdcf8a8db6d532b",
        "timestamp": 1745267794058,
        "message": "FILE_TRANSFER RequestId: 71d64f77-ee6f-4987-8319-b740a4632362\t TransferType: produced\t Action: upload_to_s3\t FileName: tree_ORTHOMCL866_Inner2.nexus\t Bucket: denethor\t FilePath: subtree/tree_ORTHOMCL866_Inner2.nexus\t LocalFilePath: /tmp/subtree/tree_ORTHOMCL866_Inner2.nexus\t FileSize: 183 bytes\t TransferDuration: 36.754501000018536 ms\n",
        "ingestionTime": 1745267798369,
        "eventId": "38920772378489075915298068247709854085074173913856016475"
    },
    {
        "logStreamName": "2025/04/21/[$LATEST]cd9336b9e9214ebd9fdcf8a8db6d532b",
        "timestamp": 1745267794098,
        "message": "FILE_TRANSFER RequestId: 71d64f77-ee6f-4987-8319-b740a4632362\t TransferType: produced\t Action: upload_to_s3\t FileName: tree_ORTHOMCL866_Inner3.nexus\t Bucket: denethor\t FilePath: subtree/tree_ORTHOMCL866_Inner3.nexus\t LocalFilePath: /tmp/subtree/tree_ORTHOMCL866_Inner3.nexus\t FileSize: 185 bytes\t TransferDuration: 40.10907999997926 ms\n",
        "ingestionTime": 1745267798369,
        "eventId": "38920772379381105723239293173371282815980108374095233116"
    },
    {
        "logStreamName": "2025/04/21/[$LATEST]cd9336b9e9214ebd9fdcf8a8db6d532b",
        "timestamp": 1745267794132,
        "message": "FILE_TRANSFER RequestId: 71d64f77-ee6f-4987-8319-b740a4632362\t TransferType: produced\t Action: upload_to_s3\t FileName: tree_ORTHOMCL866_Inner4.nexus\t Bucket: denethor\t FilePath: subtree/tree_ORTHOMCL866_Inner4.nexus\t LocalFilePath: /tmp/subtree/tree_ORTHOMCL866_Inner4.nexus\t FileSize: 403 bytes\t TransferDuration: 33.93607999998949 ms\n",
        "ingestionTime": 1745267798369,
        "eventId": "38920772380139331059989334360183497237250152665298567261"
    },
    {
        "logStreamName": "2025/04/21/[$LATEST]cd9336b9e9214ebd9fdcf8a8db6d532b",
        "timestamp": 1745267794132,
        "message": "PRODUCED_FILES_INFO RequestId: 71d64f77-ee6f-4987-8319-b740a4632362\t FilesCount: 4 files\t FilesSize: 964 bytes\t TransferDuration: 152.09866999998667 ms\t Provider: aws_lambda\t  ProducedFiles: ['tree_ORTHOMCL866_Inner1.nexus', 'tree_ORTHOMCL866_Inner2.nexus', 'tree_ORTHOMCL866_Inner3.nexus', 'tree_ORTHOMCL866_Inner4.nexus']\n",
        "ingestionTime": 1745267798369,
        "eventId": "38920772380139331059989334360183497237250152665298567262"
    },
    {
        "logStreamName": "2025/04/21/[$LATEST]cd9336b9e9214ebd9fdcf8a8db6d532b",
        "timestamp": 1745267794133,
        "message": "END RequestId: 71d64f77-ee6f-4987-8319-b740a4632362\n",
        "ingestionTime": 1745267798369,
        "eventId": "38920772380161631805187864983325032955522801026804547679"
    },
    {
        "logStreamName": "2025/04/21/[$LATEST]cd9336b9e9214ebd9fdcf8a8db6d532b",
        "timestamp": 1745267794133,
        "message": "REPORT RequestId: 71d64f77-ee6f-4987-8319-b740a4632362\tDuration: 296.50 ms\tBilled Duration: 297 ms\tMemory Size: 1024 MB\tMax Memory Used: 113 MB\t\n",
        "ingestionTime": 1745267798369,
        "eventId": "38920772380161631805187864983325032955522801026804547680"
    },
    {
        "logStreamName": "2025/04/21/[$LATEST]cd9336b9e9214ebd9fdcf8a8db6d532b",
        "timestamp": 1745267794363,
        "message": "START RequestId: 9791dd70-a440-4485-998b-4906e43044e1 Version: $LATEST\n",
        "ingestionTime": 1745267798369,
        "eventId": "38920772385290803200849908305878248158231924173180043361"
    },
    {
        "logStreamName": "2025/04/21/[$LATEST]cd9336b9e9214ebd9fdcf8a8db6d532b",
        "timestamp": 1745267794403,
        "message": "FILE_TRANSFER RequestId: 9791dd70-a440-4485-998b-4906e43044e1\t TransferType: consumed\t Action: download_from_s3\t FileName: tree_ORTHOMCL989.nexus\t Bucket: denethor\t FilePath: tree/tree_ORTHOMCL989.nexus\t LocalFilePath: /tmp/tree/tree_ORTHOMCL989.nexus\t FileSize: 407 bytes\t TransferDuration: 39.863399999944704 ms\n",
        "ingestionTime": 1745267798369,
        "eventId": "38920772386182833008791133231539676889137858633419260002"
    },
    {
        "logStreamName": "2025/04/21/[$LATEST]cd9336b9e9214ebd9fdcf8a8db6d532b",
        "timestamp": 1745267794403,
        "message": "CONSUMED_FILES_INFO RequestId: 9791dd70-a440-4485-998b-4906e43044e1\t FilesCount: 1 files\t FilesSize: 407 bytes\t TransferDuration: 39.863399999944704 ms\t ConsumedFiles: ['tree_ORTHOMCL989.nexus']\n",
        "ingestionTime": 1745267798369,
        "eventId": "38920772386182833008791133231539676889137858633419260003"
    },
    {
        "logStreamName": "2025/04/21/[$LATEST]cd9336b9e9214ebd9fdcf8a8db6d532b",
        "timestamp": 1745267794403,
        "message": "Reading tree file tree_ORTHOMCL989.nexus\n",
        "ingestionTime": 1745267798369,
        "eventId": "38920772386182833008791133231539676889137858633419260004"
    },
    {
        "logStreamName": "2025/04/21/[$LATEST]cd9336b9e9214ebd9fdcf8a8db6d532b",
        "timestamp": 1745267794405,
        "message": "Subtree file tree_ORTHOMCL989_Inner4.nexus was created!\n",
        "ingestionTime": 1745267798369,
        "eventId": "38920772386227434499188194477822748325683155356431220837"
    },
    {
        "logStreamName": "2025/04/21/[$LATEST]cd9336b9e9214ebd9fdcf8a8db6d532b",
        "timestamp": 1745267794405,
        "message": "Subtree file tree_ORTHOMCL989_Inner3.nexus was created!\n",
        "ingestionTime": 1745267798369,
        "eventId": "38920772386227434499188194477822748325683155356431220838"
    },
    {
        "logStreamName": "2025/04/21/[$LATEST]cd9336b9e9214ebd9fdcf8a8db6d532b",
        "timestamp": 1745267794405,
        "message": "Subtree file tree_ORTHOMCL989_Inner1.nexus was created!\n",
        "ingestionTime": 1745267798369,
        "eventId": "38920772386227434499188194477822748325683155356431220839"
    },
    {
        "logStreamName": "2025/04/21/[$LATEST]cd9336b9e9214ebd9fdcf8a8db6d532b",
        "timestamp": 1745267794405,
        "message": "Subtree file tree_ORTHOMCL989_Inner2.nexus was created!\n",
        "ingestionTime": 1745267798369,
        "eventId": "38920772386227434499188194477822748325683155356431220840"
    },
    {
        "logStreamName": "2025/04/21/[$LATEST]cd9336b9e9214ebd9fdcf8a8db6d532b",
        "timestamp": 1745267794405,
        "message": "Tempo de construção dos arquivos de subárvores de ['tree_ORTHOMCL989.nexus']: 1.5969500000210246 milissegundos\n",
        "ingestionTime": 1745267798369,
        "eventId": "38920772386227434499188194477822748325683155356431220841"
    },
    {
        "logStreamName": "2025/04/21/[$LATEST]cd9336b9e9214ebd9fdcf8a8db6d532b",
        "timestamp": 1745267794405,
        "message": "[INFO] 2025-04-21T20:36:34GMT SUBTREE_CONSTRUCTOR RequestId: 9791dd70-a440-4485-998b-4906e43044e1\t Duration: 1.5969500000210246 ms\t InputTree: ['tree_ORTHOMCL989.nexus']\t OutputSubtrees: ['tree_ORTHOMCL989_Inner1.nexus', 'tree_ORTHOMCL989_Inner2.nexus', 'tree_ORTHOMCL989_Inner3.nexus', 'tree_ORTHOMCL989_Inner4.nexus']\n",
        "ingestionTime": 1745267798369,
        "eventId": "38920772386227434499188194477822748325683155356431220842"
    },
    {
        "logStreamName": "2025/04/21/[$LATEST]cd9336b9e9214ebd9fdcf8a8db6d532b",
        "timestamp": 1745267794405,
        "message": "[INFO]\t2025-04-21T20:36:34.405Z\t9791dd70-a440-4485-998b-4906e43044e1\tSUBTREE_CONSTRUCTOR RequestId: 9791dd70-a440-4485-998b-4906e43044e1\t Duration: 1.5969500000210246 ms\t InputTree: ['tree_ORTHOMCL989.nexus']\t OutputSubtrees: ['tree_ORTHOMCL989_Inner1.nexus', 'tree_ORTHOMCL989_Inner2.nexus', 'tree_ORTHOMCL989_Inner3.nexus', 'tree_ORTHOMCL989_Inner4.nexus']\n",
        "ingestionTime": 1745267798369,
        "eventId": "38920772386227434499188194477822748325683155356431220843"
    },
    {
        "logStreamName": "2025/04/21/[$LATEST]cd9336b9e9214ebd9fdcf8a8db6d532b",
        "timestamp": 1745267794548,
        "message": "FILE_TRANSFER RequestId: 9791dd70-a440-4485-998b-4906e43044e1\t TransferType: produced\t Action: upload_to_s3\t FileName: tree_ORTHOMCL989_Inner1.nexus\t Bucket: denethor\t FilePath: subtree/tree_ORTHOMCL989_Inner1.nexus\t LocalFilePath: /tmp/subtree/tree_ORTHOMCL989_Inner1.nexus\t FileSize: 187 bytes\t TransferDuration: 42.91382999997495 ms\n",
        "ingestionTime": 1745267798369,
        "eventId": "38920772389416441062578073587062356038671871051786420332"
    },
    {
        "logStreamName": "2025/04/21/[$LATEST]cd9336b9e9214ebd9fdcf8a8db6d532b",
        "timestamp": 1745267794586,
        "message": "FILE_TRANSFER RequestId: 9791dd70-a440-4485-998b-4906e43044e1\t TransferType: produced\t Action: upload_to_s3\t FileName: tree_ORTHOMCL989_Inner2.nexus\t Bucket: denethor\t FilePath: subtree/tree_ORTHOMCL989_Inner2.nexus\t LocalFilePath: /tmp/subtree/tree_ORTHOMCL989_Inner2.nexus\t FileSize: 185 bytes\t TransferDuration: 37.52044999998816 ms\n",
        "ingestionTime": 1745267798369,
        "eventId": "38920772390263869380122237266440713333032508789013676141"
    },
    {
        "logStreamName": "2025/04/21/[$LATEST]cd9336b9e9214ebd9fdcf8a8db6d532b",
        "timestamp": 1745267794618,
        "message": "FILE_TRANSFER RequestId: 9791dd70-a440-4485-998b-4906e43044e1\t TransferType: produced\t Action: upload_to_s3\t FileName: tree_ORTHOMCL989_Inner3.nexus\t Bucket: denethor\t FilePath: subtree/tree_ORTHOMCL989_Inner3.nexus\t LocalFilePath: /tmp/subtree/tree_ORTHOMCL989_Inner3.nexus\t FileSize: 245 bytes\t TransferDuration: 31.46909899999173 ms\n",
        "ingestionTime": 1745267798369,
        "eventId": "38920772390977493226475217206969856317757256357205049454"
    },
    {
        "logStreamName": "2025/04/21/[$LATEST]cd9336b9e9214ebd9fdcf8a8db6d532b",
        "timestamp": 1745267794657,
        "message": "FILE_TRANSFER RequestId: 9791dd70-a440-4485-998b-4906e43044e1\t TransferType: produced\t Action: upload_to_s3\t FileName: tree_ORTHOMCL989_Inner4.nexus\t Bucket: denethor\t FilePath: subtree/tree_ORTHOMCL989_Inner4.nexus\t LocalFilePath: /tmp/subtree/tree_ORTHOMCL989_Inner4.nexus\t FileSize: 407 bytes\t TransferDuration: 39.83598100001018 ms\n",
        "ingestionTime": 1745267798369,
        "eventId": "38920772391847222289217911509489749330390542455938285679"
    },
    {
        "logStreamName": "2025/04/21/[$LATEST]cd9336b9e9214ebd9fdcf8a8db6d532b",
        "timestamp": 1745267794658,
        "message": "PRODUCED_FILES_INFO RequestId: 9791dd70-a440-4485-998b-4906e43044e1\t FilesCount: 4 files\t FilesSize: 1024 bytes\t TransferDuration: 151.73935999996502 ms\t Provider: aws_lambda\t  ProducedFiles: ['tree_ORTHOMCL989_Inner1.nexus', 'tree_ORTHOMCL989_Inner2.nexus', 'tree_ORTHOMCL989_Inner3.nexus', 'tree_ORTHOMCL989_Inner4.nexus']\n",
        "ingestionTime": 1745267798369,
        "eventId": "38920772391869523034416442132631285048663190817444266096"
    },
    {
        "logStreamName": "2025/04/21/[$LATEST]cd9336b9e9214ebd9fdcf8a8db6d532b",
        "timestamp": 1745267794659,
        "message": "END RequestId: 9791dd70-a440-4485-998b-4906e43044e1\n",
        "ingestionTime": 1745267798369,
        "eventId": "38920772391891823779614972755772820766935839178950246513"
    },
    {
        "logStreamName": "2025/04/21/[$LATEST]cd9336b9e9214ebd9fdcf8a8db6d532b",
        "timestamp": 1745267794659,
        "message": "REPORT RequestId: 9791dd70-a440-4485-998b-4906e43044e1\tDuration: 295.68 ms\tBilled Duration: 296 ms\tMemory Size: 1024 MB\tMax Memory Used: 113 MB\t\n",
        "ingestionTime": 1745267798369,
        "eventId": "38920772391891823779614972755772820766935839178950246514"
    },
    {
        "logStreamName": "2025/04/21/[$LATEST]cd9336b9e9214ebd9fdcf8a8db6d532b",
        "timestamp": 1745267794966,
        "message": "START RequestId: 7853fd7b-baad-4e17-ac30-d744faf384c0 Version: $LATEST\n",
        "ingestionTime": 1745267798369,
        "eventId": "38920772398738152555563874060224286276638886161286234227"
    },
    {
        "logStreamName": "2025/04/21/[$LATEST]cd9336b9e9214ebd9fdcf8a8db6d532b",
        "timestamp": 1745267795005,
        "message": "FILE_TRANSFER RequestId: 7853fd7b-baad-4e17-ac30-d744faf384c0\t TransferType: consumed\t Action: download_from_s3\t FileName: tree_ORTHOMCL1005.nexus\t Bucket: denethor\t FilePath: tree/tree_ORTHOMCL1005.nexus\t LocalFilePath: /tmp/tree/tree_ORTHOMCL1005.nexus\t FileSize: 405 bytes\t TransferDuration: 38.82569899997179 ms\n",
        "ingestionTime": 1745267798369,
        "eventId": "38920772399607881618306568362744179289272172260019470452"
    },
    {
        "logStreamName": "2025/04/21/[$LATEST]cd9336b9e9214ebd9fdcf8a8db6d532b",
        "timestamp": 1745267795006,
        "message": "CONSUMED_FILES_INFO RequestId: 7853fd7b-baad-4e17-ac30-d744faf384c0\t FilesCount: 1 files\t FilesSize: 405 bytes\t TransferDuration: 38.82569899997179 ms\t ConsumedFiles: ['tree_ORTHOMCL1005.nexus']\n",
        "ingestionTime": 1745267798369,
        "eventId": "38920772399630182363505098985885715007544820621525450869"
    },
    {
        "logStreamName": "2025/04/21/[$LATEST]cd9336b9e9214ebd9fdcf8a8db6d532b",
        "timestamp": 1745267795006,
        "message": "Reading tree file tree_ORTHOMCL1005.nexus\n",
        "ingestionTime": 1745267798369,
        "eventId": "38920772399630182363505098985885715007544820621525450870"
    },
    {
        "logStreamName": "2025/04/21/[$LATEST]cd9336b9e9214ebd9fdcf8a8db6d532b",
        "timestamp": 1745267795007,
        "message": "Subtree file tree_ORTHOMCL1005_Inner4.nexus was created!\n",
        "ingestionTime": 1745267798369,
        "eventId": "38920772399652483108703629609027250725817468983031431287"
    },
    {
        "logStreamName": "2025/04/21/[$LATEST]cd9336b9e9214ebd9fdcf8a8db6d532b",
        "timestamp": 1745267795007,
        "message": "Subtree file tree_ORTHOMCL1005_Inner2.nexus was created!\n",
        "ingestionTime": 1745267798369,
        "eventId": "38920772399652483108703629609027250725817468983031431288"
    },
    {
        "logStreamName": "2025/04/21/[$LATEST]cd9336b9e9214ebd9fdcf8a8db6d532b",
        "timestamp": 1745267795007,
        "message": "Subtree file tree_ORTHOMCL1005_Inner3.nexus was created!\n",
        "ingestionTime": 1745267798369,
        "eventId": "38920772399652483108703629609027250725817468983031431289"
    },
    {
        "logStreamName": "2025/04/21/[$LATEST]cd9336b9e9214ebd9fdcf8a8db6d532b",
        "timestamp": 1745267795007,
        "message": "Subtree file tree_ORTHOMCL1005_Inner1.nexus was created!\n",
        "ingestionTime": 1745267798369,
        "eventId": "38920772399652483108703629609027250725817468983031431290"
    },
    {
        "logStreamName": "2025/04/21/[$LATEST]cd9336b9e9214ebd9fdcf8a8db6d532b",
        "timestamp": 1745267795007,
        "message": "Tempo de construção dos arquivos de subárvores de ['tree_ORTHOMCL1005.nexus']: 1.62166999996316 milissegundos\n",
        "ingestionTime": 1745267798369,
        "eventId": "38920772399652483108703629609027250725817468983031431291"
    },
    {
        "logStreamName": "2025/04/21/[$LATEST]cd9336b9e9214ebd9fdcf8a8db6d532b",
        "timestamp": 1745267795007,
        "message": "[INFO] 2025-04-21T20:36:35GMT SUBTREE_CONSTRUCTOR RequestId: 7853fd7b-baad-4e17-ac30-d744faf384c0\t Duration: 1.62166999996316 ms\t InputTree: ['tree_ORTHOMCL1005.nexus']\t OutputSubtrees: ['tree_ORTHOMCL1005_Inner1.nexus', 'tree_ORTHOMCL1005_Inner2.nexus', 'tree_ORTHOMCL1005_Inner3.nexus', 'tree_ORTHOMCL1005_Inner4.nexus']\n",
        "ingestionTime": 1745267798369,
        "eventId": "38920772399652483108703629609027250725817468983031431292"
    },
    {
        "logStreamName": "2025/04/21/[$LATEST]cd9336b9e9214ebd9fdcf8a8db6d532b",
        "timestamp": 1745267795007,
        "message": "[INFO]\t2025-04-21T20:36:35.007Z\t7853fd7b-baad-4e17-ac30-d744faf384c0\tSUBTREE_CONSTRUCTOR RequestId: 7853fd7b-baad-4e17-ac30-d744faf384c0\t Duration: 1.62166999996316 ms\t InputTree: ['tree_ORTHOMCL1005.nexus']\t OutputSubtrees: ['tree_ORTHOMCL1005_Inner1.nexus', 'tree_ORTHOMCL1005_Inner2.nexus', 'tree_ORTHOMCL1005_Inner3.nexus', 'tree_ORTHOMCL1005_Inner4.nexus']\n",
        "ingestionTime": 1745267798369,
        "eventId": "38920772399652483108703629609027250725817468983031431293"
    },
    {
        "logStreamName": "2025/04/21/[$LATEST]cd9336b9e9214ebd9fdcf8a8db6d532b",
        "timestamp": 1745267795151,
        "message": "FILE_TRANSFER RequestId: 7853fd7b-baad-4e17-ac30-d744faf384c0\t TransferType: produced\t Action: upload_to_s3\t FileName: tree_ORTHOMCL1005_Inner1.nexus\t Bucket: denethor\t FilePath: subtree/tree_ORTHOMCL1005_Inner1.nexus\t LocalFilePath: /tmp/subtree/tree_ORTHOMCL1005_Inner1.nexus\t FileSize: 185 bytes\t TransferDuration: 43.14707999992606 ms\n",
        "ingestionTime": 1745267798369,
        "eventId": "38920772402863790417292039341408394157078833039892611198"
    },
    {
        "logStreamName": "2025/04/21/[$LATEST]cd9336b9e9214ebd9fdcf8a8db6d532b",
        "timestamp": 1745267795185,
        "message": "FILE_TRANSFER RequestId: 7853fd7b-baad-4e17-ac30-d744faf384c0\t TransferType: produced\t Action: upload_to_s3\t FileName: tree_ORTHOMCL1005_Inner2.nexus\t Bucket: denethor\t FilePath: subtree/tree_ORTHOMCL1005_Inner2.nexus\t LocalFilePath: /tmp/subtree/tree_ORTHOMCL1005_Inner2.nexus\t FileSize: 185 bytes\t TransferDuration: 34.187250000059066 ms\n",
        "ingestionTime": 1745267798369,
        "eventId": "38920772403622015754042080528220608578348877331095945343"
    },
    {
        "logStreamName": "2025/04/21/[$LATEST]cd9336b9e9214ebd9fdcf8a8db6d532b",
        "timestamp": 1745267795227,
        "message": "FILE_TRANSFER RequestId: 7853fd7b-baad-4e17-ac30-d744faf384c0\t TransferType: produced\t Action: upload_to_s3\t FileName: tree_ORTHOMCL1005_Inner3.nexus\t Bucket: denethor\t FilePath: subtree/tree_ORTHOMCL1005_Inner3.nexus\t LocalFilePath: /tmp/subtree/tree_ORTHOMCL1005_Inner3.nexus\t FileSize: 243 bytes\t TransferDuration: 41.51286000001164 ms\n",
        "ingestionTime": 1745267798369,
        "eventId": "38920772404558647052380366700165108745800108514347122816"
    },
    {
        "logStreamName": "2025/04/21/[$LATEST]cd9336b9e9214ebd9fdcf8a8db6d532b",
        "timestamp": 1745267795274,
        "message": "FILE_TRANSFER RequestId: 7853fd7b-baad-4e17-ac30-d744faf384c0\t TransferType: produced\t Action: upload_to_s3\t FileName: tree_ORTHOMCL1005_Inner4.nexus\t Bucket: denethor\t FilePath: subtree/tree_ORTHOMCL1005_Inner4.nexus\t LocalFilePath: /tmp/subtree/tree_ORTHOMCL1005_Inner4.nexus\t FileSize: 405 bytes\t TransferDuration: 46.61411999995835 ms\n",
        "ingestionTime": 1745267798369,
        "eventId": "38920772405606782076711305987817287504614581505128202369"
    },
    {
        "logStreamName": "2025/04/21/[$LATEST]cd9336b9e9214ebd9fdcf8a8db6d532b",
        "timestamp": 1745267795274,
        "message": "PRODUCED_FILES_INFO RequestId: 7853fd7b-baad-4e17-ac30-d744faf384c0\t FilesCount: 4 files\t FilesSize: 1018 bytes\t TransferDuration: 165.46130999995512 ms\t Provider: aws_lambda\t  ProducedFiles: ['tree_ORTHOMCL1005_Inner1.nexus', 'tree_ORTHOMCL1005_Inner2.nexus', 'tree_ORTHOMCL1005_Inner3.nexus', 'tree_ORTHOMCL1005_Inner4.nexus']\n",
        "ingestionTime": 1745267798369,
        "eventId": "38920772405606782076711305987817287504614581505128202370"
    },
    {
        "logStreamName": "2025/04/21/[$LATEST]cd9336b9e9214ebd9fdcf8a8db6d532b",
        "timestamp": 1745267795277,
        "message": "END RequestId: 7853fd7b-baad-4e17-ac30-d744faf384c0\n",
        "ingestionTime": 1745267798369,
        "eventId": "38920772405673684312306897857241894659432526589646143619"
    },
    {
        "logStreamName": "2025/04/21/[$LATEST]cd9336b9e9214ebd9fdcf8a8db6d532b",
        "timestamp": 1745267795277,
        "message": "REPORT RequestId: 7853fd7b-baad-4e17-ac30-d744faf384c0\tDuration: 311.21 ms\tBilled Duration: 312 ms\tMemory Size: 1024 MB\tMax Memory Used: 113 MB\t\n",
        "ingestionTime": 1745267798369,
        "eventId": "38920772405673684312306897857241894659432526589646143620"
    },
    {
        "logStreamName": "2025/04/21/[$LATEST]cd9336b9e9214ebd9fdcf8a8db6d532b",
        "timestamp": 1745267795634,
        "message": "START RequestId: a674579f-db88-45d2-ab15-42f1c4dff5bf Version: $LATEST\n",
        "ingestionTime": 1745267798369,
        "eventId": "38920772413635050348182330318770146082767991647281152133"
    },
    {
        "logStreamName": "2025/04/21/[$LATEST]cd9336b9e9214ebd9fdcf8a8db6d532b",
        "timestamp": 1745267795688,
        "message": "FILE_TRANSFER RequestId: a674579f-db88-45d2-ab15-42f1c4dff5bf\t TransferType: consumed\t Action: download_from_s3\t FileName: tree_ORTHOMCL1408.nexus\t Bucket: denethor\t FilePath: tree/tree_ORTHOMCL1408.nexus\t LocalFilePath: /tmp/tree/tree_ORTHOMCL1408.nexus\t FileSize: 353 bytes\t TransferDuration: 53.46220000001267 ms\n",
        "ingestionTime": 1745267798369,
        "eventId": "38920772414839290588902983968413074869491003168604094598"
    },
    {
        "logStreamName": "2025/04/21/[$LATEST]cd9336b9e9214ebd9fdcf8a8db6d532b",
        "timestamp": 1745267795688,
        "message": "CONSUMED_FILES_INFO RequestId: a674579f-db88-45d2-ab15-42f1c4dff5bf\t FilesCount: 1 files\t FilesSize: 353 bytes\t TransferDuration: 53.46220000001267 ms\t ConsumedFiles: ['tree_ORTHOMCL1408.nexus']\n",
        "ingestionTime": 1745267798369,
        "eventId": "38920772414839290588902983968413074869491003168604094599"
    },
    {
        "logStreamName": "2025/04/21/[$LATEST]cd9336b9e9214ebd9fdcf8a8db6d532b",
        "timestamp": 1745267795688,
        "message": "Reading tree file tree_ORTHOMCL1408.nexus\n",
        "ingestionTime": 1745267798369,
        "eventId": "38920772414839290588902983968413074869491003168604094600"
    },
    {
        "logStreamName": "2025/04/21/[$LATEST]cd9336b9e9214ebd9fdcf8a8db6d532b",
        "timestamp": 1745267795689,
        "message": "Subtree file tree_ORTHOMCL1408_Inner3.nexus was created!\n",
        "ingestionTime": 1745267798369,
        "eventId": "38920772414861591334101514591554610587763651530110075017"
    },
    {
        "logStreamName": "2025/04/21/[$LATEST]cd9336b9e9214ebd9fdcf8a8db6d532b",
        "timestamp": 1745267795689,
        "message": "Subtree file tree_ORTHOMCL1408_Inner2.nexus was created!\n",
        "ingestionTime": 1745267798369,
        "eventId": "38920772414861591334101514591554610587763651530110075018"
    },
    {
        "logStreamName": "2025/04/21/[$LATEST]cd9336b9e9214ebd9fdcf8a8db6d532b",
        "timestamp": 1745267795689,
        "message": "Subtree file tree_ORTHOMCL1408_Inner1.nexus was created!\n",
        "ingestionTime": 1745267798369,
        "eventId": "38920772414861591334101514591554610587763651530110075019"
    },
    {
        "logStreamName": "2025/04/21/[$LATEST]cd9336b9e9214ebd9fdcf8a8db6d532b",
        "timestamp": 1745267795689,
        "message": "Tempo de construção dos arquivos de subárvores de ['tree_ORTHOMCL1408.nexus']: 1.27828999995927 milissegundos\n",
        "ingestionTime": 1745267798369,
        "eventId": "38920772414861591334101514591554610587763651530110075020"
    },
    {
        "logStreamName": "2025/04/21/[$LATEST]cd9336b9e9214ebd9fdcf8a8db6d532b",
        "timestamp": 1745267795689,
        "message": "[INFO] 2025-04-21T20:36:35GMT SUBTREE_CONSTRUCTOR RequestId: a674579f-db88-45d2-ab15-42f1c4dff5bf\t Duration: 1.27828999995927 ms\t InputTree: ['tree_ORTHOMCL1408.nexus']\t OutputSubtrees: ['tree_ORTHOMCL1408_Inner1.nexus', 'tree_ORTHOMCL1408_Inner2.nexus', 'tree_ORTHOMCL1408_Inner3.nexus']\n",
        "ingestionTime": 1745267798369,
        "eventId": "38920772414861591334101514591554610587763651530110075021"
    },
    {
        "logStreamName": "2025/04/21/[$LATEST]cd9336b9e9214ebd9fdcf8a8db6d532b",
        "timestamp": 1745267795689,
        "message": "[INFO]\t2025-04-21T20:36:35.689Z\ta674579f-db88-45d2-ab15-42f1c4dff5bf\tSUBTREE_CONSTRUCTOR RequestId: a674579f-db88-45d2-ab15-42f1c4dff5bf\t Duration: 1.27828999995927 ms\t InputTree: ['tree_ORTHOMCL1408.nexus']\t OutputSubtrees: ['tree_ORTHOMCL1408_Inner1.nexus', 'tree_ORTHOMCL1408_Inner2.nexus', 'tree_ORTHOMCL1408_Inner3.nexus']\n",
        "ingestionTime": 1745267798369,
        "eventId": "38920772414861591334101514591554610587763651530110075022"
    },
    {
        "logStreamName": "2025/04/21/[$LATEST]cd9336b9e9214ebd9fdcf8a8db6d532b",
        "timestamp": 1745267795834,
        "message": "FILE_TRANSFER RequestId: a674579f-db88-45d2-ab15-42f1c4dff5bf\t TransferType: produced\t Action: upload_to_s3\t FileName: tree_ORTHOMCL1408_Inner1.nexus\t Bucket: denethor\t FilePath: subtree/tree_ORTHOMCL1408_Inner1.nexus\t LocalFilePath: /tmp/subtree/tree_ORTHOMCL1408_Inner1.nexus\t FileSize: 193 bytes\t TransferDuration: 44.10353000002942 ms\n",
        "ingestionTime": 1745267798369,
        "eventId": "38920772418095199387888454947077289737297663948477235343"
    },
    {
        "logStreamName": "2025/04/21/[$LATEST]cd9336b9e9214ebd9fdcf8a8db6d532b",
        "timestamp": 1745267795874,
        "message": "FILE_TRANSFER RequestId: a674579f-db88-45d2-ab15-42f1c4dff5bf\t TransferType: produced\t Action: upload_to_s3\t FileName: tree_ORTHOMCL1408_Inner2.nexus\t Bucket: denethor\t FilePath: subtree/tree_ORTHOMCL1408_Inner2.nexus\t LocalFilePath: /tmp/subtree/tree_ORTHOMCL1408_Inner2.nexus\t FileSize: 183 bytes\t TransferDuration: 40.69675000005191 ms\n",
        "ingestionTime": 1745267798369,
        "eventId": "38920772418987229195829679872738718468203598408716451984"
    },
    {
        "logStreamName": "2025/04/21/[$LATEST]cd9336b9e9214ebd9fdcf8a8db6d532b",
        "timestamp": 1745267795908,
        "message": "FILE_TRANSFER RequestId: a674579f-db88-45d2-ab15-42f1c4dff5bf\t TransferType: produced\t Action: upload_to_s3\t FileName: tree_ORTHOMCL1408_Inner3.nexus\t Bucket: denethor\t FilePath: subtree/tree_ORTHOMCL1408_Inner3.nexus\t LocalFilePath: /tmp/subtree/tree_ORTHOMCL1408_Inner3.nexus\t FileSize: 353 bytes\t TransferDuration: 33.361220000074354 ms\n",
        "ingestionTime": 1745267798369,
        "eventId": "38920772419745454532579721059550932889473642699919786129"
    },
    {
        "logStreamName": "2025/04/21/[$LATEST]cd9336b9e9214ebd9fdcf8a8db6d532b",
        "timestamp": 1745267795908,
        "message": "PRODUCED_FILES_INFO RequestId: a674579f-db88-45d2-ab15-42f1c4dff5bf\t FilesCount: 3 files\t FilesSize: 729 bytes\t TransferDuration: 118.16150000015568 ms\t Provider: aws_lambda\t  ProducedFiles: ['tree_ORTHOMCL1408_Inner1.nexus', 'tree_ORTHOMCL1408_Inner2.nexus', 'tree_ORTHOMCL1408_Inner3.nexus']\n",
        "ingestionTime": 1745267798369,
        "eventId": "38920772419745454532579721059550932889473642699919786130"
    },
    {
        "logStreamName": "2025/04/21/[$LATEST]cd9336b9e9214ebd9fdcf8a8db6d532b",
        "timestamp": 1745267795909,
        "message": "END RequestId: a674579f-db88-45d2-ab15-42f1c4dff5bf\n",
        "ingestionTime": 1745267798369,
        "eventId": "38920772419767755277778251682692468607746291061425766547"
    },
    {
        "logStreamName": "2025/04/21/[$LATEST]cd9336b9e9214ebd9fdcf8a8db6d532b",
        "timestamp": 1745267795909,
        "message": "REPORT RequestId: a674579f-db88-45d2-ab15-42f1c4dff5bf\tDuration: 275.39 ms\tBilled Duration: 276 ms\tMemory Size: 1024 MB\tMax Memory Used: 113 MB\t\n",
        "ingestionTime": 1745267798369,
        "eventId": "38920772419767755277778251682692468607746291061425766548"
    },
    {
        "logStreamName": "2025/04/21/[$LATEST]cd9336b9e9214ebd9fdcf8a8db6d532b",
        "timestamp": 1745267796253,
        "message": "START RequestId: cae0afa5-03c0-4963-8332-6139e841df77 Version: $LATEST\n",
        "ingestionTime": 1745267798369,
        "eventId": "38920772427439211626072786043380755693537327419483029653"
    },
    {
        "logStreamName": "2025/04/21/[$LATEST]cd9336b9e9214ebd9fdcf8a8db6d532b",
        "timestamp": 1745267796293,
        "message": "FILE_TRANSFER RequestId: cae0afa5-03c0-4963-8332-6139e841df77\t TransferType: consumed\t Action: download_from_s3\t FileName: tree_ORTHOMCL1491.nexus\t Bucket: denethor\t FilePath: tree/tree_ORTHOMCL1491.nexus\t LocalFilePath: /tmp/tree/tree_ORTHOMCL1491.nexus\t FileSize: 347 bytes\t TransferDuration: 39.7175299999617 ms\n",
        "ingestionTime": 1745267798369,
        "eventId": "38920772428331241434014010969042184424443261879722246294"
    },
    {
        "logStreamName": "2025/04/21/[$LATEST]cd9336b9e9214ebd9fdcf8a8db6d532b",
        "timestamp": 1745267796293,
        "message": "CONSUMED_FILES_INFO RequestId: cae0afa5-03c0-4963-8332-6139e841df77\t FilesCount: 1 files\t FilesSize: 347 bytes\t TransferDuration: 39.7175299999617 ms\t ConsumedFiles: ['tree_ORTHOMCL1491.nexus']\n",
        "ingestionTime": 1745267798369,
        "eventId": "38920772428331241434014010969042184424443261879722246295"
    },
    {
        "logStreamName": "2025/04/21/[$LATEST]cd9336b9e9214ebd9fdcf8a8db6d532b",
        "timestamp": 1745267796293,
        "message": "Reading tree file tree_ORTHOMCL1491.nexus\n",
        "ingestionTime": 1745267798369,
        "eventId": "38920772428331241434014010969042184424443261879722246296"
    },
    {
        "logStreamName": "2025/04/21/[$LATEST]cd9336b9e9214ebd9fdcf8a8db6d532b",
        "timestamp": 1745267796294,
        "message": "Subtree file tree_ORTHOMCL1491_Inner3.nexus was created!\n",
        "ingestionTime": 1745267798369,
        "eventId": "38920772428353542179212541592183720142715910241228226713"
    },
    {
        "logStreamName": "2025/04/21/[$LATEST]cd9336b9e9214ebd9fdcf8a8db6d532b",
        "timestamp": 1745267796294,
        "message": "Subtree file tree_ORTHOMCL1491_Inner2.nexus was created!\n",
        "ingestionTime": 1745267798369,
        "eventId": "38920772428353542179212541592183720142715910241228226714"
    },
    {
        "logStreamName": "2025/04/21/[$LATEST]cd9336b9e9214ebd9fdcf8a8db6d532b",
        "timestamp": 1745267796294,
        "message": "Subtree file tree_ORTHOMCL1491_Inner1.nexus was created!\n",
        "ingestionTime": 1745267798369,
        "eventId": "38920772428353542179212541592183720142715910241228226715"
    },
    {
        "logStreamName": "2025/04/21/[$LATEST]cd9336b9e9214ebd9fdcf8a8db6d532b",
        "timestamp": 1745267796294,
        "message": "Tempo de construção dos arquivos de subárvores de ['tree_ORTHOMCL1491.nexus']: 1.265539999963039 milissegundos\n",
        "ingestionTime": 1745267798369,
        "eventId": "38920772428353542179212541592183720142715910241228226716"
    },
    {
        "logStreamName": "2025/04/21/[$LATEST]cd9336b9e9214ebd9fdcf8a8db6d532b",
        "timestamp": 1745267796294,
        "message": "[INFO] 2025-04-21T20:36:36GMT SUBTREE_CONSTRUCTOR RequestId: cae0afa5-03c0-4963-8332-6139e841df77\t Duration: 1.265539999963039 ms\t InputTree: ['tree_ORTHOMCL1491.nexus']\t OutputSubtrees: ['tree_ORTHOMCL1491_Inner1.nexus', 'tree_ORTHOMCL1491_Inner2.nexus', 'tree_ORTHOMCL1491_Inner3.nexus']\n",
        "ingestionTime": 1745267798369,
        "eventId": "38920772428353542179212541592183720142715910241228226717"
    },
    {
        "logStreamName": "2025/04/21/[$LATEST]cd9336b9e9214ebd9fdcf8a8db6d532b",
        "timestamp": 1745267796294,
        "message": "[INFO]\t2025-04-21T20:36:36.294Z\tcae0afa5-03c0-4963-8332-6139e841df77\tSUBTREE_CONSTRUCTOR RequestId: cae0afa5-03c0-4963-8332-6139e841df77\t Duration: 1.265539999963039 ms\t InputTree: ['tree_ORTHOMCL1491.nexus']\t OutputSubtrees: ['tree_ORTHOMCL1491_Inner1.nexus', 'tree_ORTHOMCL1491_Inner2.nexus', 'tree_ORTHOMCL1491_Inner3.nexus']\n",
        "ingestionTime": 1745267798369,
        "eventId": "38920772428353542179212541592183720142715910241228226718"
    },
    {
        "logStreamName": "2025/04/21/[$LATEST]cd9336b9e9214ebd9fdcf8a8db6d532b",
        "timestamp": 1745267796432,
        "message": "FILE_TRANSFER RequestId: cae0afa5-03c0-4963-8332-6139e841df77\t TransferType: produced\t Action: upload_to_s3\t FileName: tree_ORTHOMCL1491_Inner1.nexus\t Bucket: denethor\t FilePath: subtree/tree_ORTHOMCL1491_Inner1.nexus\t LocalFilePath: /tmp/subtree/tree_ORTHOMCL1491_Inner1.nexus\t FileSize: 185 bytes\t TransferDuration: 36.99934000007943 ms\n",
        "ingestionTime": 1745267798369,
        "eventId": "38920772431431045016609767585715649264341384129053524127"
    },
    {
        "logStreamName": "2025/04/21/[$LATEST]cd9336b9e9214ebd9fdcf8a8db6d532b",
        "timestamp": 1745267796466,
        "message": "FILE_TRANSFER RequestId: cae0afa5-03c0-4963-8332-6139e841df77\t TransferType: produced\t Action: upload_to_s3\t FileName: tree_ORTHOMCL1491_Inner2.nexus\t Bucket: denethor\t FilePath: subtree/tree_ORTHOMCL1491_Inner2.nexus\t LocalFilePath: /tmp/subtree/tree_ORTHOMCL1491_Inner2.nexus\t FileSize: 185 bytes\t TransferDuration: 34.18532000000596 ms\n",
        "ingestionTime": 1745267798369,
        "eventId": "38920772432189270353359808772527863685611428420256858272"
    },
    {
        "logStreamName": "2025/04/21/[$LATEST]cd9336b9e9214ebd9fdcf8a8db6d532b",
        "timestamp": 1745267796503,
        "message": "FILE_TRANSFER RequestId: cae0afa5-03c0-4963-8332-6139e841df77\t TransferType: produced\t Action: upload_to_s3\t FileName: tree_ORTHOMCL1491_Inner3.nexus\t Bucket: denethor\t FilePath: subtree/tree_ORTHOMCL1491_Inner3.nexus\t LocalFilePath: /tmp/subtree/tree_ORTHOMCL1491_Inner3.nexus\t FileSize: 347 bytes\t TransferDuration: 37.080390000028274 ms\n",
        "ingestionTime": 1745267798369,
        "eventId": "38920772433014397925705441828764685261699417795978133665"
    },
    {
        "logStreamName": "2025/04/21/[$LATEST]cd9336b9e9214ebd9fdcf8a8db6d532b",
        "timestamp": 1745267796503,
        "message": "PRODUCED_FILES_INFO RequestId: cae0afa5-03c0-4963-8332-6139e841df77\t FilesCount: 3 files\t FilesSize: 717 bytes\t TransferDuration: 108.26505000011366 ms\t Provider: aws_lambda\t  ProducedFiles: ['tree_ORTHOMCL1491_Inner1.nexus', 'tree_ORTHOMCL1491_Inner2.nexus', 'tree_ORTHOMCL1491_Inner3.nexus']\n",
        "ingestionTime": 1745267798369,
        "eventId": "38920772433014397925705441828764685261699417795978133666"
    },
    {
        "logStreamName": "2025/04/21/[$LATEST]cd9336b9e9214ebd9fdcf8a8db6d532b",
        "timestamp": 1745267796504,
        "message": "END RequestId: cae0afa5-03c0-4963-8332-6139e841df77\n",
        "ingestionTime": 1745267798369,
        "eventId": "38920772433036698670903972451906220979972066157484114083"
    },
    {
        "logStreamName": "2025/04/21/[$LATEST]cd9336b9e9214ebd9fdcf8a8db6d532b",
        "timestamp": 1745267796504,
        "message": "REPORT RequestId: cae0afa5-03c0-4963-8332-6139e841df77\tDuration: 251.72 ms\tBilled Duration: 252 ms\tMemory Size: 1024 MB\tMax Memory Used: 113 MB\t\n",
        "ingestionTime": 1745267798369,
        "eventId": "38920772433036698670903972451906220979972066157484114084"
    },
    {
        "logStreamName": "2025/04/21/[$LATEST]cd9336b9e9214ebd9fdcf8a8db6d532b",
        "timestamp": 1745267796898,
        "message": "START RequestId: 75692aab-fc2e-4bfd-8273-08386d453d80 Version: $LATEST\n",
        "ingestionTime": 1745267798369,
        "eventId": "38920772441823192279125037969671293979395520590840397989"
    },
    {
        "logStreamName": "2025/04/21/[$LATEST]cd9336b9e9214ebd9fdcf8a8db6d532b",
        "timestamp": 1745267796950,
        "message": "FILE_TRANSFER RequestId: 75692aab-fc2e-4bfd-8273-08386d453d80\t TransferType: consumed\t Action: download_from_s3\t FileName: tree_ORTHOMCL1541.nexus\t Bucket: denethor\t FilePath: tree/tree_ORTHOMCL1541.nexus\t LocalFilePath: /tmp/tree/tree_ORTHOMCL1541.nexus\t FileSize: 347 bytes\t TransferDuration: 51.55144000002565 ms\n",
        "ingestionTime": 1745267798369,
        "eventId": "38920772442982831029448630373031151329573235389151379622"
    },
    {
        "logStreamName": "2025/04/21/[$LATEST]cd9336b9e9214ebd9fdcf8a8db6d532b",
        "timestamp": 1745267796950,
        "message": "CONSUMED_FILES_INFO RequestId: 75692aab-fc2e-4bfd-8273-08386d453d80\t FilesCount: 1 files\t FilesSize: 347 bytes\t TransferDuration: 51.55144000002565 ms\t ConsumedFiles: ['tree_ORTHOMCL1541.nexus']\n",
        "ingestionTime": 1745267798369,
        "eventId": "38920772442982831029448630373031151329573235389151379623"
    },
    {
        "logStreamName": "2025/04/21/[$LATEST]cd9336b9e9214ebd9fdcf8a8db6d532b",
        "timestamp": 1745267796950,
        "message": "Reading tree file tree_ORTHOMCL1541.nexus\n",
        "ingestionTime": 1745267798369,
        "eventId": "38920772442982831029448630373031151329573235389151379624"
    },
    {
        "logStreamName": "2025/04/21/[$LATEST]cd9336b9e9214ebd9fdcf8a8db6d532b",
        "timestamp": 1745267796951,
        "message": "Subtree file tree_ORTHOMCL1541_Inner3.nexus was created!\n",
        "ingestionTime": 1745267798369,
        "eventId": "38920772443005131774647160996172687047845883750657360041"
    },
    {
        "logStreamName": "2025/04/21/[$LATEST]cd9336b9e9214ebd9fdcf8a8db6d532b",
        "timestamp": 1745267796951,
        "message": "Subtree file tree_ORTHOMCL1541_Inner1.nexus was created!\n",
        "ingestionTime": 1745267798369,
        "eventId": "38920772443005131774647160996172687047845883750657360042"
    },
    {
        "logStreamName": "2025/04/21/[$LATEST]cd9336b9e9214ebd9fdcf8a8db6d532b",
        "timestamp": 1745267796951,
        "message": "Subtree file tree_ORTHOMCL1541_Inner2.nexus was created!\n",
        "ingestionTime": 1745267798369,
        "eventId": "38920772443005131774647160996172687047845883750657360043"
    },
    {
        "logStreamName": "2025/04/21/[$LATEST]cd9336b9e9214ebd9fdcf8a8db6d532b",
        "timestamp": 1745267796951,
        "message": "Tempo de construção dos arquivos de subárvores de ['tree_ORTHOMCL1541.nexus']: 1.309880000007979 milissegundos\n",
        "ingestionTime": 1745267798369,
        "eventId": "38920772443005131774647160996172687047845883750657360044"
    },
    {
        "logStreamName": "2025/04/21/[$LATEST]cd9336b9e9214ebd9fdcf8a8db6d532b",
        "timestamp": 1745267796952,
        "message": "[INFO] 2025-04-21T20:36:36GMT SUBTREE_CONSTRUCTOR RequestId: 75692aab-fc2e-4bfd-8273-08386d453d80\t Duration: 1.309880000007979 ms\t InputTree: ['tree_ORTHOMCL1541.nexus']\t OutputSubtrees: ['tree_ORTHOMCL1541_Inner1.nexus', 'tree_ORTHOMCL1541_Inner2.nexus', 'tree_ORTHOMCL1541_Inner3.nexus']\n",
        "ingestionTime": 1745267798369,
        "eventId": "38920772443027432519845691619314222766118532112163340461"
    },
    {
        "logStreamName": "2025/04/21/[$LATEST]cd9336b9e9214ebd9fdcf8a8db6d532b",
        "timestamp": 1745267796952,
        "message": "[INFO]\t2025-04-21T20:36:36.951Z\t75692aab-fc2e-4bfd-8273-08386d453d80\tSUBTREE_CONSTRUCTOR RequestId: 75692aab-fc2e-4bfd-8273-08386d453d80\t Duration: 1.309880000007979 ms\t InputTree: ['tree_ORTHOMCL1541.nexus']\t OutputSubtrees: ['tree_ORTHOMCL1541_Inner1.nexus', 'tree_ORTHOMCL1541_Inner2.nexus', 'tree_ORTHOMCL1541_Inner3.nexus']\n",
        "ingestionTime": 1745267798369,
        "eventId": "38920772443027432519845691619314222766118532112163340462"
    },
    {
        "logStreamName": "2025/04/21/[$LATEST]cd9336b9e9214ebd9fdcf8a8db6d532b",
        "timestamp": 1745267797092,
        "message": "FILE_TRANSFER RequestId: 75692aab-fc2e-4bfd-8273-08386d453d80\t TransferType: produced\t Action: upload_to_s3\t FileName: tree_ORTHOMCL1541_Inner1.nexus\t Bucket: denethor\t FilePath: subtree/tree_ORTHOMCL1541_Inner1.nexus\t LocalFilePath: /tmp/subtree/tree_ORTHOMCL1541_Inner1.nexus\t FileSize: 185 bytes\t TransferDuration: 40.51748000006228 ms\n",
        "ingestionTime": 1745267798369,
        "eventId": "38920772446149536847639978859129223324289302723000598703"
    },
    {
        "logStreamName": "2025/04/21/[$LATEST]cd9336b9e9214ebd9fdcf8a8db6d532b",
        "timestamp": 1745267797131,
        "message": "FILE_TRANSFER RequestId: 75692aab-fc2e-4bfd-8273-08386d453d80\t TransferType: produced\t Action: upload_to_s3\t FileName: tree_ORTHOMCL1541_Inner2.nexus\t Bucket: denethor\t FilePath: subtree/tree_ORTHOMCL1541_Inner2.nexus\t LocalFilePath: /tmp/subtree/tree_ORTHOMCL1541_Inner2.nexus\t FileSize: 185 bytes\t TransferDuration: 38.10373999999683 ms\n",
        "ingestionTime": 1745267798369,
        "eventId": "38920772447019265910382673161649116336922588821733834928"
    },
    {
        "logStreamName": "2025/04/21/[$LATEST]cd9336b9e9214ebd9fdcf8a8db6d532b",
        "timestamp": 1745267797170,
        "message": "FILE_TRANSFER RequestId: 75692aab-fc2e-4bfd-8273-08386d453d80\t TransferType: produced\t Action: upload_to_s3\t FileName: tree_ORTHOMCL1541_Inner3.nexus\t Bucket: denethor\t FilePath: subtree/tree_ORTHOMCL1541_Inner3.nexus\t LocalFilePath: /tmp/subtree/tree_ORTHOMCL1541_Inner3.nexus\t FileSize: 347 bytes\t TransferDuration: 39.37834999999268 ms\n",
        "ingestionTime": 1745267798369,
        "eventId": "38920772447888994973125367464169009349555874920467071153"
    },
    {
        "logStreamName": "2025/04/21/[$LATEST]cd9336b9e9214ebd9fdcf8a8db6d532b",
        "timestamp": 1745267797170,
        "message": "PRODUCED_FILES_INFO RequestId: 75692aab-fc2e-4bfd-8273-08386d453d80\t FilesCount: 3 files\t FilesSize: 717 bytes\t TransferDuration: 117.99957000005179 ms\t Provider: aws_lambda\t  ProducedFiles: ['tree_ORTHOMCL1541_Inner1.nexus', 'tree_ORTHOMCL1541_Inner2.nexus', 'tree_ORTHOMCL1541_Inner3.nexus']\n",
        "ingestionTime": 1745267798369,
        "eventId": "38920772447888994973125367464169009349555874920467071154"
    },
    {
        "logStreamName": "2025/04/21/[$LATEST]cd9336b9e9214ebd9fdcf8a8db6d532b",
        "timestamp": 1745267797171,
        "message": "END RequestId: 75692aab-fc2e-4bfd-8273-08386d453d80\n",
        "ingestionTime": 1745267798369,
        "eventId": "38920772447911295718323898087310545067828523281973051571"
    },
    {
        "logStreamName": "2025/04/21/[$LATEST]cd9336b9e9214ebd9fdcf8a8db6d532b",
        "timestamp": 1745267797171,
        "message": "REPORT RequestId: 75692aab-fc2e-4bfd-8273-08386d453d80\tDuration: 273.40 ms\tBilled Duration: 274 ms\tMemory Size: 1024 MB\tMax Memory Used: 113 MB\t\n",
        "ingestionTime": 1745267798369,
        "eventId": "38920772447911295718323898087310545067828523281973051572"
    }
]