[
    {
        "logStreamName": "2025/04/21/[$LATEST]3ad5e1f574c840b190671e55ac51467c",
        "timestamp": 1745273872228,
        "message": "INIT_START Runtime Version: python:3.10.v64\tRuntime Version ARN: arn:aws:lambda:sa-east-1::runtime:d56bdc8857b2109a058de2ab50bfb80ac2aa600be6f7855a436859944e5fe54b\n",
        "ingestionTime": 1745273880571,
        "eventId": "38920907926209519268175735788798015965587008209951195136"
    },
    {
        "logStreamName": "2025/04/21/[$LATEST]3ad5e1f574c840b190671e55ac51467c",
        "timestamp": 1745273872999,
        "message": "START RequestId: f405c3c6-3aee-4deb-8186-1ec4cdf1f98d Version: $LATEST\n",
        "ingestionTime": 1745273880571,
        "eventId": "38920907943403393816242846230922054753798894931062095873"
    },
    {
        "logStreamName": "2025/04/21/[$LATEST]3ad5e1f574c840b190671e55ac51467c",
        "timestamp": 1745273873000,
        "message": "Directory /tmp/mafdb was created!\n",
        "ingestionTime": 1745273880571,
        "eventId": "38920907943425694561441376854063590472071543292568076290"
    },
    {
        "logStreamName": "2025/04/21/[$LATEST]3ad5e1f574c840b190671e55ac51467c",
        "timestamp": 1745273873096,
        "message": "FILE_TRANSFER RequestId: f405c3c6-3aee-4deb-8186-1ec4cdf1f98d\t TransferType: consumed\t Action: download_from_s3\t FileName: mafdb_e7fcb374868f23c5b66908ff13d437f525bdef064d3f7604b08f9b68087e91c4.json\t Bucket: denethor\t FilePath: mafdb/mafdb_e7fcb374868f23c5b66908ff13d437f525bdef064d3f7604b08f9b68087e91c4.json\t LocalFilePath: /tmp/mafdb/mafdb_e7fcb374868f23c5b66908ff13d437f525bdef064d3f7604b08f9b68087e91c4.json\t FileSize: 273 bytes\t TransferDuration: 96.26081199996861 ms\n",
        "ingestionTime": 1745273880571,
        "eventId": "38920907945566566100500316675651019426245785997142196227"
    },
    {
        "logStreamName": "2025/04/21/[$LATEST]3ad5e1f574c840b190671e55ac51467c",
        "timestamp": 1745273873149,
        "message": "FILE_TRANSFER RequestId: f405c3c6-3aee-4deb-8186-1ec4cdf1f98d\t TransferType: consumed\t Action: download_from_s3\t FileName: mafdb_c2a1e960932a069de5927d1067dde414f501136aba941befca2a4654e72bb08a.json\t Bucket: denethor\t FilePath: mafdb/mafdb_c2a1e960932a069de5927d1067dde414f501136aba941befca2a4654e72bb08a.json\t LocalFilePath: /tmp/mafdb/mafdb_c2a1e960932a069de5927d1067dde414f501136aba941befca2a4654e72bb08a.json\t FileSize: 273 bytes\t TransferDuration: 53.06017999998858 ms\n",
        "ingestionTime": 1745273880571,
        "eventId": "38920907946748505596022439702152412494696149156959158276"
    },
    {
        "logStreamName": "2025/04/21/[$LATEST]3ad5e1f574c840b190671e55ac51467c",
        "timestamp": 1745273873200,
        "message": "FILE_TRANSFER RequestId: f405c3c6-3aee-4deb-8186-1ec4cdf1f98d\t TransferType: consumed\t Action: download_from_s3\t FileName: mafdb_e883ff130a9d34d26c58c15a735e96baab78aacec64abad0788f83f54423b943.json\t Bucket: denethor\t FilePath: mafdb/mafdb_e883ff130a9d34d26c58c15a735e96baab78aacec64abad0788f83f54423b943.json\t LocalFilePath: /tmp/mafdb/mafdb_e883ff130a9d34d26c58c15a735e96baab78aacec64abad0788f83f54423b943.json\t FileSize: 273 bytes\t TransferDuration: 50.87003799997092 ms\n",
        "ingestionTime": 1745273880571,
        "eventId": "38920907947885843601147501482370734126601215593764159493"
    },
    {
        "logStreamName": "2025/04/21/[$LATEST]3ad5e1f574c840b190671e55ac51467c",
        "timestamp": 1745273873247,
        "message": "FILE_TRANSFER RequestId: f405c3c6-3aee-4deb-8186-1ec4cdf1f98d\t TransferType: consumed\t Action: download_from_s3\t FileName: mafdb_f15d6d133941e8137799af5c1c04fc577dd74e96149a2ccd80e4f571114f20e3.json\t Bucket: denethor\t FilePath: mafdb/mafdb_f15d6d133941e8137799af5c1c04fc577dd74e96149a2ccd80e4f571114f20e3.json\t LocalFilePath: /tmp/mafdb/mafdb_f15d6d133941e8137799af5c1c04fc577dd74e96149a2ccd80e4f571114f20e3.json\t FileSize: 232 bytes\t TransferDuration: 46.65129599993634 ms\n",
        "ingestionTime": 1745273880571,
        "eventId": "38920907948933978625478440770022912885415688584545239046"
    },
    {
        "logStreamName": "2025/04/21/[$LATEST]3ad5e1f574c840b190671e55ac51467c",
        "timestamp": 1745273873300,
        "message": "FILE_TRANSFER RequestId: f405c3c6-3aee-4deb-8186-1ec4cdf1f98d\t TransferType: consumed\t Action: download_from_s3\t FileName: mafdb_a0bb27000c08353bd1576c76b737091f2d774cc5766e59661908d2047f1f9f55.json\t Bucket: denethor\t FilePath: mafdb/mafdb_a0bb27000c08353bd1576c76b737091f2d774cc5766e59661908d2047f1f9f55.json\t LocalFilePath: /tmp/mafdb/mafdb_a0bb27000c08353bd1576c76b737091f2d774cc5766e59661908d2047f1f9f55.json\t FileSize: 232 bytes\t TransferDuration: 53.160090000005766 ms\n",
        "ingestionTime": 1745273880571,
        "eventId": "38920907950115918121000563796524305953866051744362201095"
    },
    {
        "logStreamName": "2025/04/21/[$LATEST]3ad5e1f574c840b190671e55ac51467c",
        "timestamp": 1745273873345,
        "message": "FILE_TRANSFER RequestId: f405c3c6-3aee-4deb-8186-1ec4cdf1f98d\t TransferType: consumed\t Action: download_from_s3\t FileName: mafdb_fc2a84852f95eebd03a586abcf5a76c64db1efd965d2c472f2b8a03ed0c40edf.json\t Bucket: denethor\t FilePath: mafdb/mafdb_fc2a84852f95eebd03a586abcf5a76c64db1efd965d2c472f2b8a03ed0c40edf.json\t LocalFilePath: /tmp/mafdb/mafdb_fc2a84852f95eebd03a586abcf5a76c64db1efd965d2c472f2b8a03ed0c40edf.json\t FileSize: 232 bytes\t TransferDuration: 44.90732399995068 ms\n",
        "ingestionTime": 1745273880571,
        "eventId": "38920907951119451654934441837893413276135228012131319816"
    },
    {
        "logStreamName": "2025/04/21/[$LATEST]3ad5e1f574c840b190671e55ac51467c",
        "timestamp": 1745273873389,
        "message": "FILE_TRANSFER RequestId: f405c3c6-3aee-4deb-8186-1ec4cdf1f98d\t TransferType: consumed\t Action: download_from_s3\t FileName: mafdb_a1bfbcddbd0327f872ff3e6b2d5dcbed9e804641918b58e4b469cf077329c2cd.json\t Bucket: denethor\t FilePath: mafdb/mafdb_a1bfbcddbd0327f872ff3e6b2d5dcbed9e804641918b58e4b469cf077329c2cd.json\t LocalFilePath: /tmp/mafdb/mafdb_a1bfbcddbd0327f872ff3e6b2d5dcbed9e804641918b58e4b469cf077329c2cd.json\t FileSize: 232 bytes\t TransferDuration: 43.44777299991165 ms\n",
        "ingestionTime": 1745273880571,
        "eventId": "38920907952100684443669789256120984880131755918394458121"
    },
    {
        "logStreamName": "2025/04/21/[$LATEST]3ad5e1f574c840b190671e55ac51467c",
        "timestamp": 1745273873435,
        "message": "FILE_TRANSFER RequestId: f405c3c6-3aee-4deb-8186-1ec4cdf1f98d\t TransferType: consumed\t Action: download_from_s3\t FileName: mafdb_c1292c1187e6e070f5b2c48f9fe0cdb701c67ff3c8dbf84d145381186b1b77b3.json\t Bucket: denethor\t FilePath: mafdb/mafdb_c1292c1187e6e070f5b2c48f9fe0cdb701c67ff3c8dbf84d145381186b1b77b3.json\t LocalFilePath: /tmp/mafdb/mafdb_c1292c1187e6e070f5b2c48f9fe0cdb701c67ff3c8dbf84d145381186b1b77b3.json\t FileSize: 236 bytes\t TransferDuration: 46.12044500004231 ms\n",
        "ingestionTime": 1745273880571,
        "eventId": "38920907953126518722802197920631627920673580547669557258"
    },
    {
        "logStreamName": "2025/04/21/[$LATEST]3ad5e1f574c840b190671e55ac51467c",
        "timestamp": 1745273873478,
        "message": "FILE_TRANSFER RequestId: f405c3c6-3aee-4deb-8186-1ec4cdf1f98d\t TransferType: consumed\t Action: download_from_s3\t FileName: mafdb_c8628e7d7833590863c05945da0a15b09c0de52179e14bd524127f896a661506.json\t Bucket: denethor\t FilePath: mafdb/mafdb_c8628e7d7833590863c05945da0a15b09c0de52179e14bd524127f896a661506.json\t LocalFilePath: /tmp/mafdb/mafdb_c8628e7d7833590863c05945da0a15b09c0de52179e14bd524127f896a661506.json\t FileSize: 236 bytes\t TransferDuration: 43.525572000021384 ms\n",
        "ingestionTime": 1745273880571,
        "eventId": "38920907954085450766339014715717663806397460092426715147"
    },
    {
        "logStreamName": "2025/04/21/[$LATEST]3ad5e1f574c840b190671e55ac51467c",
        "timestamp": 1745273873521,
        "message": "FILE_TRANSFER RequestId: f405c3c6-3aee-4deb-8186-1ec4cdf1f98d\t TransferType: consumed\t Action: download_from_s3\t FileName: mafdb_3b4259b136e5e067f460a57ff21fd5c531cf82501ea56dcbb754d3f18d8bf7b8.json\t Bucket: denethor\t FilePath: mafdb/mafdb_3b4259b136e5e067f460a57ff21fd5c531cf82501ea56dcbb754d3f18d8bf7b8.json\t LocalFilePath: /tmp/mafdb/mafdb_3b4259b136e5e067f460a57ff21fd5c531cf82501ea56dcbb754d3f18d8bf7b8.json\t FileSize: 236 bytes\t TransferDuration: 42.6379130000214 ms\n",
        "ingestionTime": 1745273880571,
        "eventId": "38920907955044382809875831510803699692121339637183873036"
    },
    {
        "logStreamName": "2025/04/21/[$LATEST]3ad5e1f574c840b190671e55ac51467c",
        "timestamp": 1745273873560,
        "message": "FILE_TRANSFER RequestId: f405c3c6-3aee-4deb-8186-1ec4cdf1f98d\t TransferType: consumed\t Action: download_from_s3\t FileName: mafdb_0a8e580175a5a3df6e03961614b2b8cbb71dfdf569da590702b160aaf877127b.json\t Bucket: denethor\t FilePath: mafdb/mafdb_0a8e580175a5a3df6e03961614b2b8cbb71dfdf569da590702b160aaf877127b.json\t LocalFilePath: /tmp/mafdb/mafdb_0a8e580175a5a3df6e03961614b2b8cbb71dfdf569da590702b160aaf877127b.json\t FileSize: 236 bytes\t TransferDuration: 39.06305900000007 ms\n",
        "ingestionTime": 1745273880571,
        "eventId": "38920907955914111872618525813323592704754625735917109261"
    },
    {
        "logStreamName": "2025/04/21/[$LATEST]3ad5e1f574c840b190671e55ac51467c",
        "timestamp": 1745273873607,
        "message": "FILE_TRANSFER RequestId: f405c3c6-3aee-4deb-8186-1ec4cdf1f98d\t TransferType: consumed\t Action: download_from_s3\t FileName: mafdb_a16e0ac07d1950ab727769d0eb177e1d9dc671c752f386544f000cfecf73f200.json\t Bucket: denethor\t FilePath: mafdb/mafdb_a16e0ac07d1950ab727769d0eb177e1d9dc671c752f386544f000cfecf73f200.json\t LocalFilePath: /tmp/mafdb/mafdb_a16e0ac07d1950ab727769d0eb177e1d9dc671c752f386544f000cfecf73f200.json\t FileSize: 236 bytes\t TransferDuration: 46.473134000052596 ms\n",
        "ingestionTime": 1745273880571,
        "eventId": "38920907956962246896949465100975771463569098726698188814"
    },
    {
        "logStreamName": "2025/04/21/[$LATEST]3ad5e1f574c840b190671e55ac51467c",
        "timestamp": 1745273873654,
        "message": "FILE_TRANSFER RequestId: f405c3c6-3aee-4deb-8186-1ec4cdf1f98d\t TransferType: consumed\t Action: download_from_s3\t FileName: mafdb_eae45cbb3fe607c5231999a5e443162c9f1ac382fa127597405a3458015b63bc.json\t Bucket: denethor\t FilePath: mafdb/mafdb_eae45cbb3fe607c5231999a5e443162c9f1ac382fa127597405a3458015b63bc.json\t LocalFilePath: /tmp/mafdb/mafdb_eae45cbb3fe607c5231999a5e443162c9f1ac382fa127597405a3458015b63bc.json\t FileSize: 236 bytes\t TransferDuration: 47.161285000015596 ms\n",
        "ingestionTime": 1745273880571,
        "eventId": "38920907958010381921280404388627950222383571717479268367"
    },
    {
        "logStreamName": "2025/04/21/[$LATEST]3ad5e1f574c840b190671e55ac51467c",
        "timestamp": 1745273873706,
        "message": "FILE_TRANSFER RequestId: f405c3c6-3aee-4deb-8186-1ec4cdf1f98d\t TransferType: consumed\t Action: download_from_s3\t FileName: mafdb_5973609f30a5418d722dad186d12ca55876737215f0dc764dd048c27e245ccae.json\t Bucket: denethor\t FilePath: mafdb/mafdb_5973609f30a5418d722dad186d12ca55876737215f0dc764dd048c27e245ccae.json\t LocalFilePath: /tmp/mafdb/mafdb_5973609f30a5418d722dad186d12ca55876737215f0dc764dd048c27e245ccae.json\t FileSize: 236 bytes\t TransferDuration: 49.93778799996562 ms\n",
        "ingestionTime": 1745273880571,
        "eventId": "38920907959170020671603996791987807572561286515790250000"
    },
    {
        "logStreamName": "2025/04/21/[$LATEST]3ad5e1f574c840b190671e55ac51467c",
        "timestamp": 1745273873755,
        "message": "FILE_TRANSFER RequestId: f405c3c6-3aee-4deb-8186-1ec4cdf1f98d\t TransferType: consumed\t Action: download_from_s3\t FileName: mafdb_00a3f572cc1fc8e5d20ab4dfb79235b5a032989fc11491f76265acd17bc9137b.json\t Bucket: denethor\t FilePath: mafdb/mafdb_00a3f572cc1fc8e5d20ab4dfb79235b5a032989fc11491f76265acd17bc9137b.json\t LocalFilePath: /tmp/mafdb/mafdb_00a3f572cc1fc8e5d20ab4dfb79235b5a032989fc11491f76265acd17bc9137b.json\t FileSize: 236 bytes\t TransferDuration: 50.6589780000013 ms\n",
        "ingestionTime": 1745273880571,
        "eventId": "38920907960262757186331997325923057767921056229583290385"
    },
    {
        "logStreamName": "2025/04/21/[$LATEST]3ad5e1f574c840b190671e55ac51467c",
        "timestamp": 1745273873802,
        "message": "FILE_TRANSFER RequestId: f405c3c6-3aee-4deb-8186-1ec4cdf1f98d\t TransferType: consumed\t Action: download_from_s3\t FileName: mafdb_d9174a4cf95376c6512c54a52da7d2f8c6f98dce795f8abb1e0b4736582eb76f.json\t Bucket: denethor\t FilePath: mafdb/mafdb_d9174a4cf95376c6512c54a52da7d2f8c6f98dce795f8abb1e0b4736582eb76f.json\t LocalFilePath: /tmp/mafdb/mafdb_d9174a4cf95376c6512c54a52da7d2f8c6f98dce795f8abb1e0b4736582eb76f.json\t FileSize: 236 bytes\t TransferDuration: 47.22507600001791 ms\n",
        "ingestionTime": 1745273880571,
        "eventId": "38920907961310892210662936613575236526735529220364369938"
    },
    {
        "logStreamName": "2025/04/21/[$LATEST]3ad5e1f574c840b190671e55ac51467c",
        "timestamp": 1745273873848,
        "message": "FILE_TRANSFER RequestId: f405c3c6-3aee-4deb-8186-1ec4cdf1f98d\t TransferType: consumed\t Action: download_from_s3\t FileName: mafdb_43869745aab3d63dfa68e4f287f1921924af17cf1395c9b35aca9cdc036d2b6a.json\t Bucket: denethor\t FilePath: mafdb/mafdb_43869745aab3d63dfa68e4f287f1921924af17cf1395c9b35aca9cdc036d2b6a.json\t LocalFilePath: /tmp/mafdb/mafdb_43869745aab3d63dfa68e4f287f1921924af17cf1395c9b35aca9cdc036d2b6a.json\t FileSize: 236 bytes\t TransferDuration: 46.11766499999703 ms\n",
        "ingestionTime": 1745273880571,
        "eventId": "38920907962336726489795345278085879567277353849639469075"
    },
    {
        "logStreamName": "2025/04/21/[$LATEST]3ad5e1f574c840b190671e55ac51467c",
        "timestamp": 1745273873897,
        "message": "FILE_TRANSFER RequestId: f405c3c6-3aee-4deb-8186-1ec4cdf1f98d\t TransferType: consumed\t Action: download_from_s3\t FileName: mafdb_e1c1a3efbbe62c2a7b832722eea7a97c4c6a0584661d34d7903dfb1cb8550001.json\t Bucket: denethor\t FilePath: mafdb/mafdb_e1c1a3efbbe62c2a7b832722eea7a97c4c6a0584661d34d7903dfb1cb8550001.json\t LocalFilePath: /tmp/mafdb/mafdb_e1c1a3efbbe62c2a7b832722eea7a97c4c6a0584661d34d7903dfb1cb8550001.json\t FileSize: 194 bytes\t TransferDuration: 48.345816000050945 ms\n",
        "ingestionTime": 1745273880571,
        "eventId": "38920907963429463004523345812021129762637123563432509460"
    },
    {
        "logStreamName": "2025/04/21/[$LATEST]3ad5e1f574c840b190671e55ac51467c",
        "timestamp": 1745273873941,
        "message": "FILE_TRANSFER RequestId: f405c3c6-3aee-4deb-8186-1ec4cdf1f98d\t TransferType: consumed\t Action: download_from_s3\t FileName: mafdb_79343a1806e58013cbd06b4244510fd5300e52eeabfbadcc09a2ce93bb3c0569.json\t Bucket: denethor\t FilePath: mafdb/mafdb_79343a1806e58013cbd06b4244510fd5300e52eeabfbadcc09a2ce93bb3c0569.json\t LocalFilePath: /tmp/mafdb/mafdb_79343a1806e58013cbd06b4244510fd5300e52eeabfbadcc09a2ce93bb3c0569.json\t FileSize: 194 bytes\t TransferDuration: 44.15432400003283 ms\n",
        "ingestionTime": 1745273880571,
        "eventId": "38920907964410695793258693230248701366633651469695647765"
    },
    {
        "logStreamName": "2025/04/21/[$LATEST]3ad5e1f574c840b190671e55ac51467c",
        "timestamp": 1745273873990,
        "message": "FILE_TRANSFER RequestId: f405c3c6-3aee-4deb-8186-1ec4cdf1f98d\t TransferType: consumed\t Action: download_from_s3\t FileName: mafdb_94a13595282fa653bef6fcac4e2814c61baca180bc8211c141298b84f6808ed2.json\t Bucket: denethor\t FilePath: mafdb/mafdb_94a13595282fa653bef6fcac4e2814c61baca180bc8211c141298b84f6808ed2.json\t LocalFilePath: /tmp/mafdb/mafdb_94a13595282fa653bef6fcac4e2814c61baca180bc8211c141298b84f6808ed2.json\t FileSize: 194 bytes\t TransferDuration: 49.48535699998047 ms\n",
        "ingestionTime": 1745273880571,
        "eventId": "38920907965503432307986693764183951561993421183488688150"
    },
    {
        "logStreamName": "2025/04/21/[$LATEST]3ad5e1f574c840b190671e55ac51467c",
        "timestamp": 1745273874034,
        "message": "FILE_TRANSFER RequestId: f405c3c6-3aee-4deb-8186-1ec4cdf1f98d\t TransferType: consumed\t Action: download_from_s3\t FileName: mafdb_6ee93fa3e17d8465d80c68957453793c4017d5d2d02f3c35b598aa6b61c743eb.json\t Bucket: denethor\t FilePath: mafdb/mafdb_6ee93fa3e17d8465d80c68957453793c4017d5d2d02f3c35b598aa6b61c743eb.json\t LocalFilePath: /tmp/mafdb/mafdb_6ee93fa3e17d8465d80c68957453793c4017d5d2d02f3c35b598aa6b61c743eb.json\t FileSize: 194 bytes\t TransferDuration: 43.546002999960365 ms\n",
        "ingestionTime": 1745273880571,
        "eventId": "38920907966484665096722041182411523165989949089751826455"
    },
    {
        "logStreamName": "2025/04/21/[$LATEST]3ad5e1f574c840b190671e55ac51467c",
        "timestamp": 1745273874100,
        "message": "FILE_TRANSFER RequestId: f405c3c6-3aee-4deb-8186-1ec4cdf1f98d\t TransferType: consumed\t Action: download_from_s3\t FileName: mafdb_7bec951e7922328214e0e0f2f21f4f4ee7ed0b32879ef6cd534bc178af535948.json\t Bucket: denethor\t FilePath: mafdb/mafdb_7bec951e7922328214e0e0f2f21f4f4ee7ed0b32879ef6cd534bc178af535948.json\t LocalFilePath: /tmp/mafdb/mafdb_7bec951e7922328214e0e0f2f21f4f4ee7ed0b32879ef6cd534bc178af535948.json\t FileSize: 194 bytes\t TransferDuration: 66.12847999997484 ms\n",
        "ingestionTime": 1745273880571,
        "eventId": "38920907967956514279825062309752880571984740949146533912"
    },
    {
        "logStreamName": "2025/04/21/[$LATEST]3ad5e1f574c840b190671e55ac51467c",
        "timestamp": 1745273874148,
        "message": "FILE_TRANSFER RequestId: f405c3c6-3aee-4deb-8186-1ec4cdf1f98d\t TransferType: consumed\t Action: download_from_s3\t FileName: mafdb_e5fe75557ba97201f45a575034b1cc166584507d1d2de38aeb4d649a324b5b67.json\t Bucket: denethor\t FilePath: mafdb/mafdb_e5fe75557ba97201f45a575034b1cc166584507d1d2de38aeb4d649a324b5b67.json\t LocalFilePath: /tmp/mafdb/mafdb_e5fe75557ba97201f45a575034b1cc166584507d1d2de38aeb4d649a324b5b67.json\t FileSize: 194 bytes\t TransferDuration: 47.5409559999207 ms\n",
        "ingestionTime": 1745273880571,
        "eventId": "38920907969026950049354532220546595049071862301433593881"
    },
    {
        "logStreamName": "2025/04/21/[$LATEST]3ad5e1f574c840b190671e55ac51467c",
        "timestamp": 1745273874189,
        "message": "FILE_TRANSFER RequestId: f405c3c6-3aee-4deb-8186-1ec4cdf1f98d\t TransferType: consumed\t Action: download_from_s3\t FileName: mafdb_550dfe67998206b655617164ffa1cc1c594d940f80674dd873f4270a33b049fc.json\t Bucket: denethor\t FilePath: mafdb/mafdb_550dfe67998206b655617164ffa1cc1c594d940f80674dd873f4270a33b049fc.json\t LocalFilePath: /tmp/mafdb/mafdb_550dfe67998206b655617164ffa1cc1c594d940f80674dd873f4270a33b049fc.json\t FileSize: 194 bytes\t TransferDuration: 41.47331100000429 ms\n",
        "ingestionTime": 1745273880571,
        "eventId": "38920907969941280602494287769349559498250445123178790938"
    },
    {
        "logStreamName": "2025/04/21/[$LATEST]3ad5e1f574c840b190671e55ac51467c",
        "timestamp": 1745273874234,
        "message": "FILE_TRANSFER RequestId: f405c3c6-3aee-4deb-8186-1ec4cdf1f98d\t TransferType: consumed\t Action: download_from_s3\t FileName: mafdb_f918c820d318d5721f6a01c5e5f1bcf93d25c754add42dfe159109e02e35ab0a.json\t Bucket: denethor\t FilePath: mafdb/mafdb_f918c820d318d5721f6a01c5e5f1bcf93d25c754add42dfe159109e02e35ab0a.json\t LocalFilePath: /tmp/mafdb/mafdb_f918c820d318d5721f6a01c5e5f1bcf93d25c754add42dfe159109e02e35ab0a.json\t FileSize: 194 bytes\t TransferDuration: 44.54028400004972 ms\n",
        "ingestionTime": 1745273880571,
        "eventId": "38920907970944814136428165810718666820519621390947909659"
    },
    {
        "logStreamName": "2025/04/21/[$LATEST]3ad5e1f574c840b190671e55ac51467c",
        "timestamp": 1745273874234,
        "message": "CONSUMED_FILES_INFO RequestId: f405c3c6-3aee-4deb-8186-1ec4cdf1f98d\t FilesCount: 25 files\t FilesSize: 5659 bytes\t TransferDuration: 1232.492958999842 ms\t ConsumedFiles: ['mafdb_e7fcb374868f23c5b66908ff13d437f525bdef064d3f7604b08f9b68087e91c4.json', 'mafdb_c2a1e960932a069de5927d1067dde414f501136aba941befca2a4654e72bb08a.json', 'mafdb_e883ff130a9d34d26c58c15a735e96baab78aacec64abad0788f83f54423b943.json', 'mafdb_f15d6d133941e8137799af5c1c04fc577dd74e96149a2ccd80e4f571114f20e3.json', 'mafdb_a0bb27000c08353bd1576c76b737091f2d774cc5766e59661908d2047f1f9f55.json', 'mafdb_fc2a84852f95eebd03a586abcf5a76c64db1efd965d2c472f2b8a03ed0c40edf.json', 'mafdb_a1bfbcddbd0327f872ff3e6b2d5dcbed9e804641918b58e4b469cf077329c2cd.json', 'mafdb_c1292c1187e6e070f5b2c48f9fe0cdb701c67ff3c8dbf84d145381186b1b77b3.json', 'mafdb_c8628e7d7833590863c05945da0a15b09c0de52179e14bd524127f896a661506.json', 'mafdb_3b4259b136e5e067f460a57ff21fd5c531cf82501ea56dcbb754d3f18d8bf7b8.json', 'mafdb_0a8e580175a5a3df6e03961614b2b8cbb71dfdf569da590702b160aaf877127b.json', 'mafdb_a16e0ac07d1950ab727769d0eb177e1d9dc671c752f386544f000cfecf73f200.json', 'mafdb_eae45cbb3fe607c5231999a5e443162c9f1ac382fa127597405a3458015b63bc.json', 'mafdb_5973609f30a5418d722dad186d12ca55876737215f0dc764dd048c27e245ccae.json', 'mafdb_00a3f572cc1fc8e5d20ab4dfb79235b5a032989fc11491f76265acd17bc9137b.json', 'mafdb_d9174a4cf95376c6512c54a52da7d2f8c6f98dce795f8abb1e0b4736582eb76f.json', 'mafdb_43869745aab3d63dfa68e4f287f1921924af17cf1395c9b35aca9cdc036d2b6a.json', 'mafdb_e1c1a3efbbe62c2a7b832722eea7a97c4c6a0584661d34d7903dfb1cb8550001.json', 'mafdb_79343a1806e58013cbd06b4244510fd5300e52eeabfbadcc09a2ce93bb3c0569.json', 'mafdb_94a13595282fa653bef6fcac4e2814c61baca180bc8211c141298b84f6808ed2.json', 'mafdb_6ee93fa3e17d8465d80c68957453793c4017d5d2d02f3c35b598aa6b61c743eb.json', 'mafdb_7bec951e7922328214e0e0f2f21f4f4ee7ed0b32879ef6cd534bc178af535948.json', 'mafdb_e5fe75557ba97201f45a575034b1cc166584507d1d2de38aeb4d649a324b5b67.json', 'mafdb_550dfe67998206b655617164ffa1cc1c594d940f80674dd873f4270a33b049fc.json', 'mafdb_f918c820d318d5721f6a01c5e5f1bcf93d25c754add42dfe159109e02e35ab0a.json']\n",
        "ingestionTime": 1745273880571,
        "eventId": "38920907970944814136428165810718666820519621390947909660"
    },
    {
        "logStreamName": "2025/04/21/[$LATEST]3ad5e1f574c840b190671e55ac51467c",
        "timestamp": 1745273874236,
        "message": "[INFO] 2025-04-21T22:17:54GMT MAF_DATABASE_AGGREGATOR RequestId: f405c3c6-3aee-4deb-8186-1ec4cdf1f98d\t Duration: 1.187211000001298 ms\t InputLength: 25\t MaxMaf: 0\t MafDatabase: {}\n",
        "ingestionTime": 1745273880571,
        "eventId": "38920907970989415626825227057001738257064918113959870493"
    },
    {
        "logStreamName": "2025/04/21/[$LATEST]3ad5e1f574c840b190671e55ac51467c",
        "timestamp": 1745273874236,
        "message": "[INFO]\t2025-04-21T22:17:54.235Z\tf405c3c6-3aee-4deb-8186-1ec4cdf1f98d\tMAF_DATABASE_AGGREGATOR RequestId: f405c3c6-3aee-4deb-8186-1ec4cdf1f98d\t Duration: 1.187211000001298 ms\t InputLength: 25\t MaxMaf: 0\t MafDatabase: {}\n",
        "ingestionTime": 1745273880571,
        "eventId": "38920907970989415626825227057001738257064918113959870494"
    },
    {
        "logStreamName": "2025/04/21/[$LATEST]3ad5e1f574c840b190671e55ac51467c",
        "timestamp": 1745273874286,
        "message": "FILE_TRANSFER RequestId: f405c3c6-3aee-4deb-8186-1ec4cdf1f98d\t TransferType: produced\t Action: upload_to_s3\t FileName: mafdb_d169027b8d34fbdcf0b8262f6ba189d73030187bdc460ba8e0d3a97855d86a96.json\t Bucket: denethor\t FilePath: mafdb/mafdb_d169027b8d34fbdcf0b8262f6ba189d73030187bdc460ba8e0d3a97855d86a96.json\t LocalFilePath: /tmp/mafdb/mafdb_d169027b8d34fbdcf0b8262f6ba189d73030187bdc460ba8e0d3a97855d86a96.json\t FileSize: 4907 bytes\t TransferDuration: 50.59455800005708 ms\n",
        "ingestionTime": 1745273880571,
        "eventId": "38920907972104452886751758214078524170697336189258891295"
    },
    {
        "logStreamName": "2025/04/21/[$LATEST]3ad5e1f574c840b190671e55ac51467c",
        "timestamp": 1745273874287,
        "message": "PRODUCED_FILES_INFO RequestId: f405c3c6-3aee-4deb-8186-1ec4cdf1f98d\t FilesCount: 1 files\t FilesSize: 4907 bytes\t TransferDuration: 50.59455800005708 ms\t Provider: aws_lambda\t  ProducedFiles: ['mafdb_d169027b8d34fbdcf0b8262f6ba189d73030187bdc460ba8e0d3a97855d86a96.json']\n",
        "ingestionTime": 1745273880571,
        "eventId": "38920907972126753631950288837220059888969984550764871712"
    },
    {
        "logStreamName": "2025/04/21/[$LATEST]3ad5e1f574c840b190671e55ac51467c",
        "timestamp": 1745273874289,
        "message": "END RequestId: f405c3c6-3aee-4deb-8186-1ec4cdf1f98d\n",
        "ingestionTime": 1745273880571,
        "eventId": "38920907972171355122347350083503131325515281273776832545"
    },
    {
        "logStreamName": "2025/04/21/[$LATEST]3ad5e1f574c840b190671e55ac51467c",
        "timestamp": 1745273874289,
        "message": "REPORT RequestId: f405c3c6-3aee-4deb-8186-1ec4cdf1f98d\tDuration: 1290.01 ms\tBilled Duration: 1291 ms\tMemory Size: 1024 MB\tMax Memory Used: 107 MB\tInit Duration: 769.99 ms\t\n",
        "ingestionTime": 1745273880571,
        "eventId": "38920907972171355122347350083503131325515281273776832546"
    }
]