[
    {
        "logStreamName": "2025/04/21/[$LATEST]a60e87e9404740e48540f997dab26af3",
        "timestamp": 1745267269985,
        "message": "START RequestId: e2d200ed-afde-46b7-81bb-c7bbc735088d Version: $LATEST\n",
        "ingestionTime": 1745267279005,
        "eventId": "38920760691270637485758805965789044340215575433012510720"
    },
    {
        "logStreamName": "2025/04/21/[$LATEST]a60e87e9404740e48540f997dab26af3",
        "timestamp": 1745267270064,
        "message": "FILE_TRANSFER RequestId: e2d200ed-afde-46b7-81bb-c7bbc735088d\t TransferType: consumed\t Action: download_from_s3\t FileName: ORTHOMCL441\t Bucket: denethor\t FilePath: data/full_dataset/ORTHOMCL441\t LocalFilePath: /tmp/input/ORTHOMCL441\t FileSize: 1865 bytes\t TransferDuration: 77.73008299955109 ms\n",
        "ingestionTime": 1745267279005,
        "eventId": "38920760693032396356442725193970366083754795991984963585"
    },
    {
        "logStreamName": "2025/04/21/[$LATEST]a60e87e9404740e48540f997dab26af3",
        "timestamp": 1745267270064,
        "message": "CONSUMED_FILES_INFO RequestId: e2d200ed-afde-46b7-81bb-c7bbc735088d\t FilesCount: 1 files\t FilesSize: 1865 bytes\t TransferDuration: 77.73008299955109 ms\t ConsumedFiles: ['ORTHOMCL441']\n",
        "ingestionTime": 1745267279005,
        "eventId": "38920760693032396356442725193970366083754795991984963586"
    },
    {
        "logStreamName": "2025/04/21/[$LATEST]a60e87e9404740e48540f997dab26af3",
        "timestamp": 1745267270085,
        "message": "[INFO]\t2025-04-21T20:27:50.085Z\te2d200ed-afde-46b7-81bb-c7bbc735088d\tTREE_CONSTRUCTOR RequestId: e2d200ed-afde-46b7-81bb-c7bbc735088d\t Duration: 20.924776999891037 ms\t InputFile:ORTHOMCL441\t OutputFile:['tree_ORTHOMCL441.nexus']\n",
        "ingestionTime": 1745267279005,
        "eventId": "38920760693500712005611868279942616167480411583610552323"
    },
    {
        "logStreamName": "2025/04/21/[$LATEST]a60e87e9404740e48540f997dab26af3",
        "timestamp": 1745267270085,
        "message": "[INFO] 2025-04-21T20:27:50GMT TREE_CONSTRUCTOR RequestId: e2d200ed-afde-46b7-81bb-c7bbc735088d\t Duration: 20.924776999891037 ms\t InputFile:ORTHOMCL441\t OutputFile:['tree_ORTHOMCL441.nexus']\n",
        "ingestionTime": 1745267279005,
        "eventId": "38920760693500712005611868279942616167480411583610552324"
    },
    {
        "logStreamName": "2025/04/21/[$LATEST]a60e87e9404740e48540f997dab26af3",
        "timestamp": 1745267270228,
        "message": "FILE_TRANSFER RequestId: e2d200ed-afde-46b7-81bb-c7bbc735088d\t TransferType: produced\t Action: upload_to_s3\t FileName: tree_ORTHOMCL441.nexus\t Bucket: denethor\t FilePath: tree/tree_ORTHOMCL441.nexus\t LocalFilePath: /tmp/tree/tree_ORTHOMCL441.nexus\t FileSize: 514 bytes\t TransferDuration: 43.218279000029725 ms\n",
        "ingestionTime": 1745267279005,
        "eventId": "38920760696689718569001747389182223880469127278965751813"
    },
    {
        "logStreamName": "2025/04/21/[$LATEST]a60e87e9404740e48540f997dab26af3",
        "timestamp": 1745267270228,
        "message": "PRODUCED_FILES_INFO RequestId: e2d200ed-afde-46b7-81bb-c7bbc735088d\t FilesCount: 1 files\t FilesSize: 514 bytes\t TransferDuration: 43.218279000029725 ms\t Provider: aws_lambda\t  ProducedFiles: ['tree_ORTHOMCL441.nexus']\n",
        "ingestionTime": 1745267279005,
        "eventId": "38920760696689718569001747389182223880469127278965751814"
    },
    {
        "logStreamName": "2025/04/21/[$LATEST]a60e87e9404740e48540f997dab26af3",
        "timestamp": 1745267270230,
        "message": "END RequestId: e2d200ed-afde-46b7-81bb-c7bbc735088d\n",
        "ingestionTime": 1745267279005,
        "eventId": "38920760696734320059398808635465295317014424001977712647"
    },
    {
        "logStreamName": "2025/04/21/[$LATEST]a60e87e9404740e48540f997dab26af3",
        "timestamp": 1745267270230,
        "message": "REPORT RequestId: e2d200ed-afde-46b7-81bb-c7bbc735088d\tDuration: 244.42 ms\tBilled Duration: 245 ms\tMemory Size: 2048 MB\tMax Memory Used: 113 MB\t\n",
        "ingestionTime": 1745267279005,
        "eventId": "38920760696734320059398808635465295317014424001977712648"
    },
    {
        "logStreamName": "2025/04/21/[$LATEST]a60e87e9404740e48540f997dab26af3",
        "timestamp": 1745267270395,
        "message": "START RequestId: 9f2f006b-5566-46e7-9d07-d63c3e734e82 Version: $LATEST\n",
        "ingestionTime": 1745267279005,
        "eventId": "38920760700413943017156361453818688832001403650464481289"
    },
    {
        "logStreamName": "2025/04/21/[$LATEST]a60e87e9404740e48540f997dab26af3",
        "timestamp": 1745267270436,
        "message": "FILE_TRANSFER RequestId: 9f2f006b-5566-46e7-9d07-d63c3e734e82\t TransferType: consumed\t Action: download_from_s3\t FileName: ORTHOMCL625\t Bucket: denethor\t FilePath: data/full_dataset/ORTHOMCL625\t LocalFilePath: /tmp/input/ORTHOMCL625\t FileSize: 4424 bytes\t TransferDuration: 40.712859999985085 ms\n",
        "ingestionTime": 1745267279005,
        "eventId": "38920760701328273570296117002621653281179986472209678346"
    },
    {
        "logStreamName": "2025/04/21/[$LATEST]a60e87e9404740e48540f997dab26af3",
        "timestamp": 1745267270436,
        "message": "CONSUMED_FILES_INFO RequestId: 9f2f006b-5566-46e7-9d07-d63c3e734e82\t FilesCount: 1 files\t FilesSize: 4424 bytes\t TransferDuration: 40.712859999985085 ms\t ConsumedFiles: ['ORTHOMCL625']\n",
        "ingestionTime": 1745267279005,
        "eventId": "38920760701328273570296117002621653281179986472209678347"
    },
    {
        "logStreamName": "2025/04/21/[$LATEST]a60e87e9404740e48540f997dab26af3",
        "timestamp": 1745267270507,
        "message": "[INFO]\t2025-04-21T20:27:50.507Z\t9f2f006b-5566-46e7-9d07-d63c3e734e82\tTREE_CONSTRUCTOR RequestId: 9f2f006b-5566-46e7-9d07-d63c3e734e82\t Duration: 71.10238299992488 ms\t InputFile:ORTHOMCL625\t OutputFile:['tree_ORTHOMCL625.nexus']\n",
        "ingestionTime": 1745267279005,
        "eventId": "38920760702911626479391791245670689278538020139134287884"
    },
    {
        "logStreamName": "2025/04/21/[$LATEST]a60e87e9404740e48540f997dab26af3",
        "timestamp": 1745267270507,
        "message": "[INFO] 2025-04-21T20:27:50GMT TREE_CONSTRUCTOR RequestId: 9f2f006b-5566-46e7-9d07-d63c3e734e82\t Duration: 71.10238299992488 ms\t InputFile:ORTHOMCL625\t OutputFile:['tree_ORTHOMCL625.nexus']\n",
        "ingestionTime": 1745267279005,
        "eventId": "38920760702911626479391791245670689278538020139134287885"
    },
    {
        "logStreamName": "2025/04/21/[$LATEST]a60e87e9404740e48540f997dab26af3",
        "timestamp": 1745267270654,
        "message": "FILE_TRANSFER RequestId: 9f2f006b-5566-46e7-9d07-d63c3e734e82\t TransferType: produced\t Action: upload_to_s3\t FileName: tree_ORTHOMCL625.nexus\t Bucket: denethor\t FilePath: tree/tree_ORTHOMCL625.nexus\t LocalFilePath: /tmp/tree/tree_ORTHOMCL625.nexus\t FileSize: 469 bytes\t TransferDuration: 46.80880099977003 ms\n",
        "ingestionTime": 1745267279005,
        "eventId": "38920760706189836023575792847476439864617329280513409038"
    },
    {
        "logStreamName": "2025/04/21/[$LATEST]a60e87e9404740e48540f997dab26af3",
        "timestamp": 1745267270655,
        "message": "PRODUCED_FILES_INFO RequestId: 9f2f006b-5566-46e7-9d07-d63c3e734e82\t FilesCount: 1 files\t FilesSize: 469 bytes\t TransferDuration: 46.80880099977003 ms\t Provider: aws_lambda\t  ProducedFiles: ['tree_ORTHOMCL625.nexus']\n",
        "ingestionTime": 1745267279005,
        "eventId": "38920760706212136768774323470617975582889977642019389455"
    },
    {
        "logStreamName": "2025/04/21/[$LATEST]a60e87e9404740e48540f997dab26af3",
        "timestamp": 1745267270656,
        "message": "END RequestId: 9f2f006b-5566-46e7-9d07-d63c3e734e82\n",
        "ingestionTime": 1745267279005,
        "eventId": "38920760706234437513972854093759511301162626003525369872"
    },
    {
        "logStreamName": "2025/04/21/[$LATEST]a60e87e9404740e48540f997dab26af3",
        "timestamp": 1745267270656,
        "message": "REPORT RequestId: 9f2f006b-5566-46e7-9d07-d63c3e734e82\tDuration: 260.90 ms\tBilled Duration: 261 ms\tMemory Size: 2048 MB\tMax Memory Used: 113 MB\t\n",
        "ingestionTime": 1745267279005,
        "eventId": "38920760706234437513972854093759511301162626003525369873"
    },
    {
        "logStreamName": "2025/04/21/[$LATEST]a60e87e9404740e48540f997dab26af3",
        "timestamp": 1745267270899,
        "message": "START RequestId: 36efe436-f1ac-45c8-96c3-084f39ae4f65 Version: $LATEST\n",
        "ingestionTime": 1745267279005,
        "eventId": "38920760711653518597215795517152690841416177849478610962"
    },
    {
        "logStreamName": "2025/04/21/[$LATEST]a60e87e9404740e48540f997dab26af3",
        "timestamp": 1745267270944,
        "message": "FILE_TRANSFER RequestId: 36efe436-f1ac-45c8-96c3-084f39ae4f65\t TransferType: consumed\t Action: download_from_s3\t FileName: ORTHOMCL888\t Bucket: denethor\t FilePath: data/full_dataset/ORTHOMCL888\t LocalFilePath: /tmp/input/ORTHOMCL888\t FileSize: 4973 bytes\t TransferDuration: 44.30513599982078 ms\n",
        "ingestionTime": 1745267279005,
        "eventId": "38920760712657052131149673558521798163685354117247729683"
    },
    {
        "logStreamName": "2025/04/21/[$LATEST]a60e87e9404740e48540f997dab26af3",
        "timestamp": 1745267270944,
        "message": "CONSUMED_FILES_INFO RequestId: 36efe436-f1ac-45c8-96c3-084f39ae4f65\t FilesCount: 1 files\t FilesSize: 4973 bytes\t TransferDuration: 44.30513599982078 ms\t ConsumedFiles: ['ORTHOMCL888']\n",
        "ingestionTime": 1745267279005,
        "eventId": "38920760712657052131149673558521798163685354117247729684"
    },
    {
        "logStreamName": "2025/04/21/[$LATEST]a60e87e9404740e48540f997dab26af3",
        "timestamp": 1745267271022,
        "message": "[INFO]\t2025-04-21T20:27:51.022Z\t36efe436-f1ac-45c8-96c3-084f39ae4f65\tTREE_CONSTRUCTOR RequestId: 36efe436-f1ac-45c8-96c3-084f39ae4f65\t Duration: 77.54879100002654 ms\t InputFile:ORTHOMCL888\t OutputFile:['tree_ORTHOMCL888.nexus']\n",
        "ingestionTime": 1745267279005,
        "eventId": "38920760714396510256635062163561584188951926314714202133"
    },
    {
        "logStreamName": "2025/04/21/[$LATEST]a60e87e9404740e48540f997dab26af3",
        "timestamp": 1745267271022,
        "message": "[INFO] 2025-04-21T20:27:51GMT TREE_CONSTRUCTOR RequestId: 36efe436-f1ac-45c8-96c3-084f39ae4f65\t Duration: 77.54879100002654 ms\t InputFile:ORTHOMCL888\t OutputFile:['tree_ORTHOMCL888.nexus']\n",
        "ingestionTime": 1745267279005,
        "eventId": "38920760714396510256635062163561584188951926314714202134"
    },
    {
        "logStreamName": "2025/04/21/[$LATEST]a60e87e9404740e48540f997dab26af3",
        "timestamp": 1745267271170,
        "message": "FILE_TRANSFER RequestId: 36efe436-f1ac-45c8-96c3-084f39ae4f65\t TransferType: produced\t Action: upload_to_s3\t FileName: tree_ORTHOMCL888.nexus\t Bucket: denethor\t FilePath: tree/tree_ORTHOMCL888.nexus\t LocalFilePath: /tmp/tree/tree_ORTHOMCL888.nexus\t FileSize: 411 bytes\t TransferDuration: 47.776424000403495 ms\n",
        "ingestionTime": 1745267279005,
        "eventId": "38920760717697020546017594388508870493303883817599303703"
    },
    {
        "logStreamName": "2025/04/21/[$LATEST]a60e87e9404740e48540f997dab26af3",
        "timestamp": 1745267271170,
        "message": "PRODUCED_FILES_INFO RequestId: 36efe436-f1ac-45c8-96c3-084f39ae4f65\t FilesCount: 1 files\t FilesSize: 411 bytes\t TransferDuration: 47.776424000403495 ms\t Provider: aws_lambda\t  ProducedFiles: ['tree_ORTHOMCL888.nexus']\n",
        "ingestionTime": 1745267279005,
        "eventId": "38920760717697020546017594388508870493303883817599303704"
    },
    {
        "logStreamName": "2025/04/21/[$LATEST]a60e87e9404740e48540f997dab26af3",
        "timestamp": 1745267271171,
        "message": "END RequestId: 36efe436-f1ac-45c8-96c3-084f39ae4f65\n",
        "ingestionTime": 1745267279005,
        "eventId": "38920760717719321291216125011650406211576532179105284121"
    },
    {
        "logStreamName": "2025/04/21/[$LATEST]a60e87e9404740e48540f997dab26af3",
        "timestamp": 1745267271171,
        "message": "REPORT RequestId: 36efe436-f1ac-45c8-96c3-084f39ae4f65\tDuration: 271.92 ms\tBilled Duration: 272 ms\tMemory Size: 2048 MB\tMax Memory Used: 114 MB\t\n",
        "ingestionTime": 1745267279005,
        "eventId": "38920760717719321291216125011650406211576532179105284122"
    },
    {
        "logStreamName": "2025/04/21/[$LATEST]a60e87e9404740e48540f997dab26af3",
        "timestamp": 1745267271303,
        "message": "START RequestId: 19291b4c-c8c8-4430-b1fb-21e7a5c07486 Version: $LATEST\n",
        "ingestionTime": 1745267279005,
        "eventId": "38920760720663019657422167266333121023566115897894699035"
    },
    {
        "logStreamName": "2025/04/21/[$LATEST]a60e87e9404740e48540f997dab26af3",
        "timestamp": 1745267271350,
        "message": "FILE_TRANSFER RequestId: 19291b4c-c8c8-4430-b1fb-21e7a5c07486\t TransferType: consumed\t Action: download_from_s3\t FileName: ORTHOMCL916\t Bucket: denethor\t FilePath: data/full_dataset/ORTHOMCL916\t LocalFilePath: /tmp/input/ORTHOMCL916\t FileSize: 3475 bytes\t TransferDuration: 46.80172300004415 ms\n",
        "ingestionTime": 1745267279005,
        "eventId": "38920760721711154681753106553985299782380588888675778588"
    },
    {
        "logStreamName": "2025/04/21/[$LATEST]a60e87e9404740e48540f997dab26af3",
        "timestamp": 1745267271350,
        "message": "CONSUMED_FILES_INFO RequestId: 19291b4c-c8c8-4430-b1fb-21e7a5c07486\t FilesCount: 1 files\t FilesSize: 3475 bytes\t TransferDuration: 46.80172300004415 ms\t ConsumedFiles: ['ORTHOMCL916']\n",
        "ingestionTime": 1745267279005,
        "eventId": "38920760721711154681753106553985299782380588888675778589"
    },
    {
        "logStreamName": "2025/04/21/[$LATEST]a60e87e9404740e48540f997dab26af3",
        "timestamp": 1745267271379,
        "message": "[INFO]\t2025-04-21T20:27:51.379Z\t19291b4c-c8c8-4430-b1fb-21e7a5c07486\tTREE_CONSTRUCTOR RequestId: 19291b4c-c8c8-4430-b1fb-21e7a5c07486\t Duration: 29.23593700006677 ms\t InputFile:ORTHOMCL916\t OutputFile:['tree_ORTHOMCL916.nexus']\n",
        "ingestionTime": 1745267279005,
        "eventId": "38920760722357876292510494625089835612287391372349210654"
    },
    {
        "logStreamName": "2025/04/21/[$LATEST]a60e87e9404740e48540f997dab26af3",
        "timestamp": 1745267271379,
        "message": "[INFO] 2025-04-21T20:27:51GMT TREE_CONSTRUCTOR RequestId: 19291b4c-c8c8-4430-b1fb-21e7a5c07486\t Duration: 29.23593700006677 ms\t InputFile:ORTHOMCL916\t OutputFile:['tree_ORTHOMCL916.nexus']\n",
        "ingestionTime": 1745267279005,
        "eventId": "38920760722357876292510494625089835612287391372349210655"
    },
    {
        "logStreamName": "2025/04/21/[$LATEST]a60e87e9404740e48540f997dab26af3",
        "timestamp": 1745267271524,
        "message": "FILE_TRANSFER RequestId: 19291b4c-c8c8-4430-b1fb-21e7a5c07486\t TransferType: produced\t Action: upload_to_s3\t FileName: tree_ORTHOMCL916.nexus\t Bucket: denethor\t FilePath: tree/tree_ORTHOMCL916.nexus\t LocalFilePath: /tmp/tree/tree_ORTHOMCL916.nexus\t FileSize: 407 bytes\t TransferDuration: 44.66477999994822 ms\n",
        "ingestionTime": 1745267279005,
        "eventId": "38920760725591484346297434980612514761821403790716370976"
    },
    {
        "logStreamName": "2025/04/21/[$LATEST]a60e87e9404740e48540f997dab26af3",
        "timestamp": 1745267271524,
        "message": "PRODUCED_FILES_INFO RequestId: 19291b4c-c8c8-4430-b1fb-21e7a5c07486\t FilesCount: 1 files\t FilesSize: 407 bytes\t TransferDuration: 44.66477999994822 ms\t Provider: aws_lambda\t  ProducedFiles: ['tree_ORTHOMCL916.nexus']\n",
        "ingestionTime": 1745267279005,
        "eventId": "38920760725591484346297434980612514761821403790716370977"
    },
    {
        "logStreamName": "2025/04/21/[$LATEST]a60e87e9404740e48540f997dab26af3",
        "timestamp": 1745267271526,
        "message": "END RequestId: 19291b4c-c8c8-4430-b1fb-21e7a5c07486\n",
        "ingestionTime": 1745267279005,
        "eventId": "38920760725636085836694496226895586198366700513728331810"
    },
    {
        "logStreamName": "2025/04/21/[$LATEST]a60e87e9404740e48540f997dab26af3",
        "timestamp": 1745267271526,
        "message": "REPORT RequestId: 19291b4c-c8c8-4430-b1fb-21e7a5c07486\tDuration: 223.09 ms\tBilled Duration: 224 ms\tMemory Size: 2048 MB\tMax Memory Used: 114 MB\t\n",
        "ingestionTime": 1745267279005,
        "eventId": "38920760725636085836694496226895586198366700513728331811"
    },
    {
        "logStreamName": "2025/04/21/[$LATEST]a60e87e9404740e48540f997dab26af3",
        "timestamp": 1745267271728,
        "message": "START RequestId: 1276ee0e-c692-4103-8422-29160c01a456 Version: $LATEST\n",
        "ingestionTime": 1745267279005,
        "eventId": "38920760730140836366797682101485801289441669537936375844"
    },
    {
        "logStreamName": "2025/04/21/[$LATEST]a60e87e9404740e48540f997dab26af3",
        "timestamp": 1745267271772,
        "message": "FILE_TRANSFER RequestId: 1276ee0e-c692-4103-8422-29160c01a456\t TransferType: consumed\t Action: download_from_s3\t FileName: ORTHOMCL1305\t Bucket: denethor\t FilePath: data/full_dataset/ORTHOMCL1305\t LocalFilePath: /tmp/input/ORTHOMCL1305\t FileSize: 3650 bytes\t TransferDuration: 44.08753000006982 ms\n",
        "ingestionTime": 1745267279005,
        "eventId": "38920760731122069155533029519713372893438197444199514149"
    },
    {
        "logStreamName": "2025/04/21/[$LATEST]a60e87e9404740e48540f997dab26af3",
        "timestamp": 1745267271773,
        "message": "CONSUMED_FILES_INFO RequestId: 1276ee0e-c692-4103-8422-29160c01a456\t FilesCount: 1 files\t FilesSize: 3650 bytes\t TransferDuration: 44.08753000006982 ms\t ConsumedFiles: ['ORTHOMCL1305']\n",
        "ingestionTime": 1745267279005,
        "eventId": "38920760731144369900731560142854908611710845805705494566"
    },
    {
        "logStreamName": "2025/04/21/[$LATEST]a60e87e9404740e48540f997dab26af3",
        "timestamp": 1745267271795,
        "message": "[INFO]\t2025-04-21T20:27:51.794Z\t1276ee0e-c692-4103-8422-29160c01a456\tTREE_CONSTRUCTOR RequestId: 1276ee0e-c692-4103-8422-29160c01a456\t Duration: 21.748232999925676 ms\t InputFile:ORTHOMCL1305\t OutputFile:['tree_ORTHOMCL1305.nexus']\n",
        "ingestionTime": 1745267279005,
        "eventId": "38920760731634986295099233851968694413709109758837063719"
    },
    {
        "logStreamName": "2025/04/21/[$LATEST]a60e87e9404740e48540f997dab26af3",
        "timestamp": 1745267271795,
        "message": "[INFO] 2025-04-21T20:27:51GMT TREE_CONSTRUCTOR RequestId: 1276ee0e-c692-4103-8422-29160c01a456\t Duration: 21.748232999925676 ms\t InputFile:ORTHOMCL1305\t OutputFile:['tree_ORTHOMCL1305.nexus']\n",
        "ingestionTime": 1745267279005,
        "eventId": "38920760731634986295099233851968694413709109758837063720"
    },
    {
        "logStreamName": "2025/04/21/[$LATEST]a60e87e9404740e48540f997dab26af3",
        "timestamp": 1745267271942,
        "message": "FILE_TRANSFER RequestId: 1276ee0e-c692-4103-8422-29160c01a456\t TransferType: produced\t Action: upload_to_s3\t FileName: tree_ORTHOMCL1305.nexus\t Bucket: denethor\t FilePath: tree/tree_ORTHOMCL1305.nexus\t LocalFilePath: /tmp/tree/tree_ORTHOMCL1305.nexus\t FileSize: 357 bytes\t TransferDuration: 47.1203020001667 ms\n",
        "ingestionTime": 1745267279005,
        "eventId": "38920760734913195839283235453774444999788418900216184873"
    },
    {
        "logStreamName": "2025/04/21/[$LATEST]a60e87e9404740e48540f997dab26af3",
        "timestamp": 1745267271942,
        "message": "PRODUCED_FILES_INFO RequestId: 1276ee0e-c692-4103-8422-29160c01a456\t FilesCount: 1 files\t FilesSize: 357 bytes\t TransferDuration: 47.1203020001667 ms\t Provider: aws_lambda\t  ProducedFiles: ['tree_ORTHOMCL1305.nexus']\n",
        "ingestionTime": 1745267279005,
        "eventId": "38920760734913195839283235453774444999788418900216184874"
    },
    {
        "logStreamName": "2025/04/21/[$LATEST]a60e87e9404740e48540f997dab26af3",
        "timestamp": 1745267271943,
        "message": "END RequestId: 1276ee0e-c692-4103-8422-29160c01a456\n",
        "ingestionTime": 1745267279005,
        "eventId": "38920760734935496584481766076915980718061067261722165291"
    },
    {
        "logStreamName": "2025/04/21/[$LATEST]a60e87e9404740e48540f997dab26af3",
        "timestamp": 1745267271943,
        "message": "REPORT RequestId: 1276ee0e-c692-4103-8422-29160c01a456\tDuration: 215.41 ms\tBilled Duration: 216 ms\tMemory Size: 2048 MB\tMax Memory Used: 114 MB\t\n",
        "ingestionTime": 1745267279005,
        "eventId": "38920760734935496584481766076915980718061067261722165292"
    }
]