[
    {
        "logStreamName": "2025/04/22/[$LATEST]5fdbe566e87b4056a357f0d123bdc77c",
        "timestamp": 1745299093805,
        "message": "INIT_START Runtime Version: python:3.10.v64\tRuntime Version ARN: arn:aws:lambda:sa-east-1::runtime:d56bdc8857b2109a058de2ab50bfb80ac2aa600be6f7855a436859944e5fe54b\n",
        "ingestionTime": 1745299095374,
        "eventId": "38921470386171701388574188496640686610540613706005807104"
    },
    {
        "logStreamName": "2025/04/22/[$LATEST]5fdbe566e87b4056a357f0d123bdc77c",
        "timestamp": 1745299094616,
        "message": "START RequestId: 7a36f64a-12b8-4131-943f-53f37cbdd4d3 Version: $LATEST\n",
        "ingestionTime": 1745299095374,
        "eventId": "38921470404257605744582523864426154129658434887355924481"
    },
    {
        "logStreamName": "2025/04/22/[$LATEST]5fdbe566e87b4056a357f0d123bdc77c",
        "timestamp": 1745299094617,
        "message": "Directory /tmp/mafdb was created!\n",
        "ingestionTime": 1745299095374,
        "eventId": "38921470404279906489781054487567689847931083248861904898"
    },
    {
        "logStreamName": "2025/04/22/[$LATEST]5fdbe566e87b4056a357f0d123bdc77c",
        "timestamp": 1745299094749,
        "message": "FILE_TRANSFER RequestId: 7a36f64a-12b8-4131-943f-53f37cbdd4d3\t TransferType: consumed\t Action: download_from_s3\t FileName: mafdb_7d398773bfc3e4435be56d8711457fd7fc190e97e32d7ec51a8a702e16118c4d.json\t Bucket: denethor\t FilePath: mafdb/mafdb_7d398773bfc3e4435be56d8711457fd7fc190e97e32d7ec51a8a702e16118c4d.json\t LocalFilePath: /tmp/mafdb/mafdb_7d398773bfc3e4435be56d8711457fd7fc190e97e32d7ec51a8a702e16118c4d.json\t FileSize: 355 bytes\t TransferDuration: 131.63964500006387 ms\n",
        "ingestionTime": 1745299095374,
        "eventId": "38921470407223604855987096742250404659920666967651319811"
    },
    {
        "logStreamName": "2025/04/22/[$LATEST]5fdbe566e87b4056a357f0d123bdc77c",
        "timestamp": 1745299094813,
        "message": "FILE_TRANSFER RequestId: 7a36f64a-12b8-4131-943f-53f37cbdd4d3\t TransferType: consumed\t Action: download_from_s3\t FileName: mafdb_c5b5a3a4bd54a110140df77527325958d257fc9b669bca89b332593540c1dc20.json\t Bucket: denethor\t FilePath: mafdb/mafdb_c5b5a3a4bd54a110140df77527325958d257fc9b669bca89b332593540c1dc20.json\t LocalFilePath: /tmp/mafdb/mafdb_c5b5a3a4bd54a110140df77527325958d257fc9b669bca89b332593540c1dc20.json\t FileSize: 273 bytes\t TransferDuration: 63.93917100001545 ms\n",
        "ingestionTime": 1745299095374,
        "eventId": "38921470408650852548693056623308690629370162104034066436"
    },
    {
        "logStreamName": "2025/04/22/[$LATEST]5fdbe566e87b4056a357f0d123bdc77c",
        "timestamp": 1745299094875,
        "message": "FILE_TRANSFER RequestId: 7a36f64a-12b8-4131-943f-53f37cbdd4d3\t TransferType: consumed\t Action: download_from_s3\t FileName: mafdb_1d419943bc17a86fe648d8caad874862360b7c73c08c99b7c26040bc9939b002.json\t Bucket: denethor\t FilePath: mafdb/mafdb_1d419943bc17a86fe648d8caad874862360b7c73c08c99b7c26040bc9939b002.json\t LocalFilePath: /tmp/mafdb/mafdb_1d419943bc17a86fe648d8caad874862360b7c73c08c99b7c26040bc9939b002.json\t FileSize: 273 bytes\t TransferDuration: 61.91596999997273 ms\n",
        "ingestionTime": 1745299095374,
        "eventId": "38921470410033498751001955258083905162274360517404852229"
    },
    {
        "logStreamName": "2025/04/22/[$LATEST]5fdbe566e87b4056a357f0d123bdc77c",
        "timestamp": 1745299094919,
        "message": "FILE_TRANSFER RequestId: 7a36f64a-12b8-4131-943f-53f37cbdd4d3\t TransferType: consumed\t Action: download_from_s3\t FileName: mafdb_31199a0a134043b94c15114abad10433bfa58c2f87e3106720f88bf29e76f1ae.json\t Bucket: denethor\t FilePath: mafdb/mafdb_31199a0a134043b94c15114abad10433bfa58c2f87e3106720f88bf29e76f1ae.json\t LocalFilePath: /tmp/mafdb/mafdb_31199a0a134043b94c15114abad10433bfa58c2f87e3106720f88bf29e76f1ae.json\t FileSize: 273 bytes\t TransferDuration: 44.40964499997335 ms\n",
        "ingestionTime": 1745299095374,
        "eventId": "38921470411014731539737302676311476766270888423667990534"
    },
    {
        "logStreamName": "2025/04/22/[$LATEST]5fdbe566e87b4056a357f0d123bdc77c",
        "timestamp": 1745299094967,
        "message": "FILE_TRANSFER RequestId: 7a36f64a-12b8-4131-943f-53f37cbdd4d3\t TransferType: consumed\t Action: download_from_s3\t FileName: mafdb_f871e6272680ce0853ce488fc481f480aa4e243fa14dd104803b05fb209cf094.json\t Bucket: denethor\t FilePath: mafdb/mafdb_f871e6272680ce0853ce488fc481f480aa4e243fa14dd104803b05fb209cf094.json\t LocalFilePath: /tmp/mafdb/mafdb_f871e6272680ce0853ce488fc481f480aa4e243fa14dd104803b05fb209cf094.json\t FileSize: 273 bytes\t TransferDuration: 47.32014399996842 ms\n",
        "ingestionTime": 1745299095374,
        "eventId": "38921470412085167309266772587105191243358009775955050503"
    },
    {
        "logStreamName": "2025/04/22/[$LATEST]5fdbe566e87b4056a357f0d123bdc77c",
        "timestamp": 1745299095016,
        "message": "FILE_TRANSFER RequestId: 7a36f64a-12b8-4131-943f-53f37cbdd4d3\t TransferType: consumed\t Action: download_from_s3\t FileName: mafdb_87129d44586b87142d9940a8b1bdbebcfa7b0454f32076964711670e9940a5bc.json\t Bucket: denethor\t FilePath: mafdb/mafdb_87129d44586b87142d9940a8b1bdbebcfa7b0454f32076964711670e9940a5bc.json\t LocalFilePath: /tmp/mafdb/mafdb_87129d44586b87142d9940a8b1bdbebcfa7b0454f32076964711670e9940a5bc.json\t FileSize: 273 bytes\t TransferDuration: 49.056099000040376 ms\n",
        "ingestionTime": 1745299095374,
        "eventId": "38921470413177903823994773121040441438717779489748090888"
    },
    {
        "logStreamName": "2025/04/22/[$LATEST]5fdbe566e87b4056a357f0d123bdc77c",
        "timestamp": 1745299095068,
        "message": "FILE_TRANSFER RequestId: 7a36f64a-12b8-4131-943f-53f37cbdd4d3\t TransferType: consumed\t Action: download_from_s3\t FileName: mafdb_ffac685782ba2ceabfc02088f70f3473d570818cc3d9c58c8979a425bc171247.json\t Bucket: denethor\t FilePath: mafdb/mafdb_ffac685782ba2ceabfc02088f70f3473d570818cc3d9c58c8979a425bc171247.json\t LocalFilePath: /tmp/mafdb/mafdb_ffac685782ba2ceabfc02088f70f3473d570818cc3d9c58c8979a425bc171247.json\t FileSize: 273 bytes\t TransferDuration: 51.78221500000291 ms\n",
        "ingestionTime": 1745299095374,
        "eventId": "38921470414337542574318365524400298788895494288059072521"
    },
    {
        "logStreamName": "2025/04/22/[$LATEST]5fdbe566e87b4056a357f0d123bdc77c",
        "timestamp": 1745299095120,
        "message": "FILE_TRANSFER RequestId: 7a36f64a-12b8-4131-943f-53f37cbdd4d3\t TransferType: consumed\t Action: download_from_s3\t FileName: mafdb_42b7a1940d80c9e5d1a1eb427219fad89ed0198775d719cc0f6171541419e487.json\t Bucket: denethor\t FilePath: mafdb/mafdb_42b7a1940d80c9e5d1a1eb427219fad89ed0198775d719cc0f6171541419e487.json\t LocalFilePath: /tmp/mafdb/mafdb_42b7a1940d80c9e5d1a1eb427219fad89ed0198775d719cc0f6171541419e487.json\t FileSize: 273 bytes\t TransferDuration: 52.4026100000583 ms\n",
        "ingestionTime": 1745299095374,
        "eventId": "38921470415497181324641957927760156139073209086370054154"
    },
    {
        "logStreamName": "2025/04/22/[$LATEST]5fdbe566e87b4056a357f0d123bdc77c",
        "timestamp": 1745299095166,
        "message": "FILE_TRANSFER RequestId: 7a36f64a-12b8-4131-943f-53f37cbdd4d3\t TransferType: consumed\t Action: download_from_s3\t FileName: mafdb_7aa0e0772e1c689c49550813d4d69f69cf00ce1c31ded8e93e9d062016b4ea81.json\t Bucket: denethor\t FilePath: mafdb/mafdb_7aa0e0772e1c689c49550813d4d69f69cf00ce1c31ded8e93e9d062016b4ea81.json\t LocalFilePath: /tmp/mafdb/mafdb_7aa0e0772e1c689c49550813d4d69f69cf00ce1c31ded8e93e9d062016b4ea81.json\t FileSize: 273 bytes\t TransferDuration: 46.18696 ms\n",
        "ingestionTime": 1745299095374,
        "eventId": "38921470416523015603774366592270799179615033715645153291"
    },
    {
        "logStreamName": "2025/04/22/[$LATEST]5fdbe566e87b4056a357f0d123bdc77c",
        "timestamp": 1745299095229,
        "message": "FILE_TRANSFER RequestId: 7a36f64a-12b8-4131-943f-53f37cbdd4d3\t TransferType: consumed\t Action: download_from_s3\t FileName: mafdb_45d317fa4103ebc6a5ca76d68fd00bce02d7a5f088e6155430a660f0514147a3.json\t Bucket: denethor\t FilePath: mafdb/mafdb_45d317fa4103ebc6a5ca76d68fd00bce02d7a5f088e6155430a660f0514147a3.json\t LocalFilePath: /tmp/mafdb/mafdb_45d317fa4103ebc6a5ca76d68fd00bce02d7a5f088e6155430a660f0514147a3.json\t FileSize: 232 bytes\t TransferDuration: 63.022366000041075 ms\n",
        "ingestionTime": 1745299095374,
        "eventId": "38921470417927962551281795850187549430791880490521919500"
    },
    {
        "logStreamName": "2025/04/22/[$LATEST]5fdbe566e87b4056a357f0d123bdc77c",
        "timestamp": 1745299095280,
        "message": "FILE_TRANSFER RequestId: 7a36f64a-12b8-4131-943f-53f37cbdd4d3\t TransferType: consumed\t Action: download_from_s3\t FileName: mafdb_e55488255b1fbcc9aaabaac963dff236ce30a48f048179f2652bf6431063cf4b.json\t Bucket: denethor\t FilePath: mafdb/mafdb_e55488255b1fbcc9aaabaac963dff236ce30a48f048179f2652bf6431063cf4b.json\t LocalFilePath: /tmp/mafdb/mafdb_e55488255b1fbcc9aaabaac963dff236ce30a48f048179f2652bf6431063cf4b.json\t FileSize: 232 bytes\t TransferDuration: 50.906078000025445 ms\n",
        "ingestionTime": 1745299095374,
        "eventId": "38921470419065300556406857630405871062696946927326920717"
    },
    {
        "logStreamName": "2025/04/22/[$LATEST]5fdbe566e87b4056a357f0d123bdc77c",
        "timestamp": 1745299095347,
        "message": "FILE_TRANSFER RequestId: 7a36f64a-12b8-4131-943f-53f37cbdd4d3\t TransferType: consumed\t Action: download_from_s3\t FileName: mafdb_4294147453f0881ff5d40ffeafab616f4bd8a7ba876322d7a55e79a2b54c515e.json\t Bucket: denethor\t FilePath: mafdb/mafdb_4294147453f0881ff5d40ffeafab616f4bd8a7ba876322d7a55e79a2b54c515e.json\t LocalFilePath: /tmp/mafdb/mafdb_4294147453f0881ff5d40ffeafab616f4bd8a7ba876322d7a55e79a2b54c515e.json\t FileSize: 232 bytes\t TransferDuration: 66.42439400002331 ms\n",
        "ingestionTime": 1745299104379,
        "eventId": "38921470420559450484708409391775182376896043616427507712"
    },
    {
        "logStreamName": "2025/04/22/[$LATEST]5fdbe566e87b4056a357f0d123bdc77c",
        "timestamp": 1745299095407,
        "message": "FILE_TRANSFER RequestId: 7a36f64a-12b8-4131-943f-53f37cbdd4d3\t TransferType: consumed\t Action: download_from_s3\t FileName: mafdb_a0bb27000c08353bd1576c76b737091f2d774cc5766e59661908d2047f1f9f55.json\t Bucket: denethor\t FilePath: mafdb/mafdb_a0bb27000c08353bd1576c76b737091f2d774cc5766e59661908d2047f1f9f55.json\t LocalFilePath: /tmp/mafdb/mafdb_a0bb27000c08353bd1576c76b737091f2d774cc5766e59661908d2047f1f9f55.json\t FileSize: 232 bytes\t TransferDuration: 59.753018999913365 ms\n",
        "ingestionTime": 1745299104379,
        "eventId": "38921470421897495196620246780267325473254945306786332673"
    },
    {
        "logStreamName": "2025/04/22/[$LATEST]5fdbe566e87b4056a357f0d123bdc77c",
        "timestamp": 1745299095466,
        "message": "FILE_TRANSFER RequestId: 7a36f64a-12b8-4131-943f-53f37cbdd4d3\t TransferType: consumed\t Action: download_from_s3\t FileName: mafdb_fc2a84852f95eebd03a586abcf5a76c64db1efd965d2c472f2b8a03ed0c40edf.json\t Bucket: denethor\t FilePath: mafdb/mafdb_fc2a84852f95eebd03a586abcf5a76c64db1efd965d2c472f2b8a03ed0c40edf.json\t LocalFilePath: /tmp/mafdb/mafdb_fc2a84852f95eebd03a586abcf5a76c64db1efd965d2c472f2b8a03ed0c40edf.json\t FileSize: 232 bytes\t TransferDuration: 58.975009000050704 ms\n",
        "ingestionTime": 1745299104379,
        "eventId": "38921470423213239163333553545617932851341198635639177218"
    },
    {
        "logStreamName": "2025/04/22/[$LATEST]5fdbe566e87b4056a357f0d123bdc77c",
        "timestamp": 1745299095515,
        "message": "FILE_TRANSFER RequestId: 7a36f64a-12b8-4131-943f-53f37cbdd4d3\t TransferType: consumed\t Action: download_from_s3\t FileName: mafdb_076c9c757bf558a92d6744f8a09864a7bc11e5da777c7ae15a8572da59fdf706.json\t Bucket: denethor\t FilePath: mafdb/mafdb_076c9c757bf558a92d6744f8a09864a7bc11e5da777c7ae15a8572da59fdf706.json\t LocalFilePath: /tmp/mafdb/mafdb_076c9c757bf558a92d6744f8a09864a7bc11e5da777c7ae15a8572da59fdf706.json\t FileSize: 232 bytes\t TransferDuration: 49.28560399991966 ms\n",
        "ingestionTime": 1745299104379,
        "eventId": "38921470424305975678061554079553183046700968349432217603"
    },
    {
        "logStreamName": "2025/04/22/[$LATEST]5fdbe566e87b4056a357f0d123bdc77c",
        "timestamp": 1745299095576,
        "message": "FILE_TRANSFER RequestId: 7a36f64a-12b8-4131-943f-53f37cbdd4d3\t TransferType: consumed\t Action: download_from_s3\t FileName: mafdb_ab45c1cad0178810135c04d1f2e046750c9f309258c675f469c4e780098de65e.json\t Bucket: denethor\t FilePath: mafdb/mafdb_ab45c1cad0178810135c04d1f2e046750c9f309258c675f469c4e780098de65e.json\t LocalFilePath: /tmp/mafdb/mafdb_ab45c1cad0178810135c04d1f2e046750c9f309258c675f469c4e780098de65e.json\t FileSize: 232 bytes\t TransferDuration: 60.78575100002581 ms\n",
        "ingestionTime": 1745299104379,
        "eventId": "38921470425666321135171922091186861861332518401297022980"
    },
    {
        "logStreamName": "2025/04/22/[$LATEST]5fdbe566e87b4056a357f0d123bdc77c",
        "timestamp": 1745299095639,
        "message": "FILE_TRANSFER RequestId: 7a36f64a-12b8-4131-943f-53f37cbdd4d3\t TransferType: consumed\t Action: download_from_s3\t FileName: mafdb_61d06c5f6cb647c45e49e6fed379994aa1917c44d4f989fceae6c09f558582c8.json\t Bucket: denethor\t FilePath: mafdb/mafdb_61d06c5f6cb647c45e49e6fed379994aa1917c44d4f989fceae6c09f558582c8.json\t LocalFilePath: /tmp/mafdb/mafdb_61d06c5f6cb647c45e49e6fed379994aa1917c44d4f989fceae6c09f558582c8.json\t FileSize: 232 bytes\t TransferDuration: 62.874549999946794 ms\n",
        "ingestionTime": 1745299104379,
        "eventId": "38921470427071268082679351349103612112509365176173789189"
    },
    {
        "logStreamName": "2025/04/22/[$LATEST]5fdbe566e87b4056a357f0d123bdc77c",
        "timestamp": 1745299095709,
        "message": "FILE_TRANSFER RequestId: 7a36f64a-12b8-4131-943f-53f37cbdd4d3\t TransferType: consumed\t Action: download_from_s3\t FileName: mafdb_c8628e7d7833590863c05945da0a15b09c0de52179e14bd524127f896a661506.json\t Bucket: denethor\t FilePath: mafdb/mafdb_c8628e7d7833590863c05945da0a15b09c0de52179e14bd524127f896a661506.json\t LocalFilePath: /tmp/mafdb/mafdb_c8628e7d7833590863c05945da0a15b09c0de52179e14bd524127f896a661506.json\t FileSize: 236 bytes\t TransferDuration: 70.42691100002685 ms\n",
        "ingestionTime": 1745299104379,
        "eventId": "38921470428632320246576494969011112391594750481592418310"
    },
    {
        "logStreamName": "2025/04/22/[$LATEST]5fdbe566e87b4056a357f0d123bdc77c",
        "timestamp": 1745299095771,
        "message": "FILE_TRANSFER RequestId: 7a36f64a-12b8-4131-943f-53f37cbdd4d3\t TransferType: consumed\t Action: download_from_s3\t FileName: mafdb_189694465e52809f6509269ecbf4093c7dba28229b686a1943d55421c969f8e4.json\t Bucket: denethor\t FilePath: mafdb/mafdb_189694465e52809f6509269ecbf4093c7dba28229b686a1943d55421c969f8e4.json\t LocalFilePath: /tmp/mafdb/mafdb_189694465e52809f6509269ecbf4093c7dba28229b686a1943d55421c969f8e4.json\t FileSize: 236 bytes\t TransferDuration: 62.115678999930424 ms\n",
        "ingestionTime": 1745299104379,
        "eventId": "38921470430014966448885393603786326924498948894963204103"
    },
    {
        "logStreamName": "2025/04/22/[$LATEST]5fdbe566e87b4056a357f0d123bdc77c",
        "timestamp": 1745299095836,
        "message": "FILE_TRANSFER RequestId: 7a36f64a-12b8-4131-943f-53f37cbdd4d3\t TransferType: consumed\t Action: download_from_s3\t FileName: mafdb_3b4259b136e5e067f460a57ff21fd5c531cf82501ea56dcbb754d3f18d8bf7b8.json\t Bucket: denethor\t FilePath: mafdb/mafdb_3b4259b136e5e067f460a57ff21fd5c531cf82501ea56dcbb754d3f18d8bf7b8.json\t LocalFilePath: /tmp/mafdb/mafdb_3b4259b136e5e067f460a57ff21fd5c531cf82501ea56dcbb754d3f18d8bf7b8.json\t FileSize: 236 bytes\t TransferDuration: 64.82695199997579 ms\n",
        "ingestionTime": 1745299104379,
        "eventId": "38921470431464514886789884107986148612221092392851931144"
    },
    {
        "logStreamName": "2025/04/22/[$LATEST]5fdbe566e87b4056a357f0d123bdc77c",
        "timestamp": 1745299095877,
        "message": "FILE_TRANSFER RequestId: 7a36f64a-12b8-4131-943f-53f37cbdd4d3\t TransferType: consumed\t Action: download_from_s3\t FileName: mafdb_af818f20f62fe0eeda8042dfb7efb70bbde191b72d033f6a645874911e2ac0ea.json\t Bucket: denethor\t FilePath: mafdb/mafdb_af818f20f62fe0eeda8042dfb7efb70bbde191b72d033f6a645874911e2ac0ea.json\t LocalFilePath: /tmp/mafdb/mafdb_af818f20f62fe0eeda8042dfb7efb70bbde191b72d033f6a645874911e2ac0ea.json\t FileSize: 236 bytes\t TransferDuration: 40.7311110000137 ms\n",
        "ingestionTime": 1745299104379,
        "eventId": "38921470432378845439929639656789113061399675214597128201"
    },
    {
        "logStreamName": "2025/04/22/[$LATEST]5fdbe566e87b4056a357f0d123bdc77c",
        "timestamp": 1745299095955,
        "message": "FILE_TRANSFER RequestId: 7a36f64a-12b8-4131-943f-53f37cbdd4d3\t TransferType: consumed\t Action: download_from_s3\t FileName: mafdb_4e1eee323294b31497381cadce8756e0c91a4a8f4488ecc02e34152dbd13d2c8.json\t Bucket: denethor\t FilePath: mafdb/mafdb_4e1eee323294b31497381cadce8756e0c91a4a8f4488ecc02e34152dbd13d2c8.json\t LocalFilePath: /tmp/mafdb/mafdb_4e1eee323294b31497381cadce8756e0c91a4a8f4488ecc02e34152dbd13d2c8.json\t FileSize: 236 bytes\t TransferDuration: 78.23487299992848 ms\n",
        "ingestionTime": 1745299104379,
        "eventId": "38921470434118303565415028261828899086666247412063600650"
    },
    {
        "logStreamName": "2025/04/22/[$LATEST]5fdbe566e87b4056a357f0d123bdc77c",
        "timestamp": 1745299095998,
        "message": "FILE_TRANSFER RequestId: 7a36f64a-12b8-4131-943f-53f37cbdd4d3\t TransferType: consumed\t Action: download_from_s3\t FileName: mafdb_e788a4f75970a6e5150aa560c2ad5e402a7be72297265322d36b26bd44850036.json\t Bucket: denethor\t FilePath: mafdb/mafdb_e788a4f75970a6e5150aa560c2ad5e402a7be72297265322d36b26bd44850036.json\t LocalFilePath: /tmp/mafdb/mafdb_e788a4f75970a6e5150aa560c2ad5e402a7be72297265322d36b26bd44850036.json\t FileSize: 236 bytes\t TransferDuration: 42.97936499995103 ms\n",
        "ingestionTime": 1745299104379,
        "eventId": "38921470435077235608951845056914934972390126956820758539"
    },
    {
        "logStreamName": "2025/04/22/[$LATEST]5fdbe566e87b4056a357f0d123bdc77c",
        "timestamp": 1745299096049,
        "message": "FILE_TRANSFER RequestId: 7a36f64a-12b8-4131-943f-53f37cbdd4d3\t TransferType: consumed\t Action: download_from_s3\t FileName: mafdb_a685dcc84ba5d5e38925c5631342c458cecda2bbfda8ec6d292863c380027b30.json\t Bucket: denethor\t FilePath: mafdb/mafdb_a685dcc84ba5d5e38925c5631342c458cecda2bbfda8ec6d292863c380027b30.json\t LocalFilePath: /tmp/mafdb/mafdb_a685dcc84ba5d5e38925c5631342c458cecda2bbfda8ec6d292863c380027b30.json\t FileSize: 236 bytes\t TransferDuration: 50.46914600006858 ms\n",
        "ingestionTime": 1745299104379,
        "eventId": "38921470436214573614076906837133256604295193393625759756"
    },
    {
        "logStreamName": "2025/04/22/[$LATEST]5fdbe566e87b4056a357f0d123bdc77c",
        "timestamp": 1745299096096,
        "message": "FILE_TRANSFER RequestId: 7a36f64a-12b8-4131-943f-53f37cbdd4d3\t TransferType: consumed\t Action: download_from_s3\t FileName: mafdb_6febe45619a64f41534b7849821df9e5f2a16cc6502a1d862c57cbd0c8b5d2df.json\t Bucket: denethor\t FilePath: mafdb/mafdb_6febe45619a64f41534b7849821df9e5f2a16cc6502a1d862c57cbd0c8b5d2df.json\t LocalFilePath: /tmp/mafdb/mafdb_6febe45619a64f41534b7849821df9e5f2a16cc6502a1d862c57cbd0c8b5d2df.json\t FileSize: 236 bytes\t TransferDuration: 46.840374999987944 ms\n",
        "ingestionTime": 1745299104379,
        "eventId": "38921470437262708638407846124785435363109666384406839309"
    },
    {
        "logStreamName": "2025/04/22/[$LATEST]5fdbe566e87b4056a357f0d123bdc77c",
        "timestamp": 1745299096148,
        "message": "FILE_TRANSFER RequestId: 7a36f64a-12b8-4131-943f-53f37cbdd4d3\t TransferType: consumed\t Action: download_from_s3\t FileName: mafdb_1fde71c89b03056f957ad662091bcb5e1357a8c45e853f80f45ba56982d70500.json\t Bucket: denethor\t FilePath: mafdb/mafdb_1fde71c89b03056f957ad662091bcb5e1357a8c45e853f80f45ba56982d70500.json\t LocalFilePath: /tmp/mafdb/mafdb_1fde71c89b03056f957ad662091bcb5e1357a8c45e853f80f45ba56982d70500.json\t FileSize: 236 bytes\t TransferDuration: 52.19038799998543 ms\n",
        "ingestionTime": 1745299104379,
        "eventId": "38921470438422347388731438528145292713287381182717820942"
    },
    {
        "logStreamName": "2025/04/22/[$LATEST]5fdbe566e87b4056a357f0d123bdc77c",
        "timestamp": 1745299096203,
        "message": "FILE_TRANSFER RequestId: 7a36f64a-12b8-4131-943f-53f37cbdd4d3\t TransferType: consumed\t Action: download_from_s3\t FileName: mafdb_00a3f572cc1fc8e5d20ab4dfb79235b5a032989fc11491f76265acd17bc9137b.json\t Bucket: denethor\t FilePath: mafdb/mafdb_00a3f572cc1fc8e5d20ab4dfb79235b5a032989fc11491f76265acd17bc9137b.json\t LocalFilePath: /tmp/mafdb/mafdb_00a3f572cc1fc8e5d20ab4dfb79235b5a032989fc11491f76265acd17bc9137b.json\t FileSize: 236 bytes\t TransferDuration: 54.67836099990109 ms\n",
        "ingestionTime": 1745299104379,
        "eventId": "38921470439648888374650622800929757218283041065546743823"
    },
    {
        "logStreamName": "2025/04/22/[$LATEST]5fdbe566e87b4056a357f0d123bdc77c",
        "timestamp": 1745299096262,
        "message": "FILE_TRANSFER RequestId: 7a36f64a-12b8-4131-943f-53f37cbdd4d3\t TransferType: consumed\t Action: download_from_s3\t FileName: mafdb_69cda016f2a4bfc1e9aceffb57b233d895c1a8b8d643e1641d776f0a1e3b0d52.json\t Bucket: denethor\t FilePath: mafdb/mafdb_69cda016f2a4bfc1e9aceffb57b233d895c1a8b8d643e1641d776f0a1e3b0d52.json\t LocalFilePath: /tmp/mafdb/mafdb_69cda016f2a4bfc1e9aceffb57b233d895c1a8b8d643e1641d776f0a1e3b0d52.json\t FileSize: 236 bytes\t TransferDuration: 59.28537800002687 ms\n",
        "ingestionTime": 1745299104379,
        "eventId": "38921470440964632341363929566280364596369294394399588368"
    },
    {
        "logStreamName": "2025/04/22/[$LATEST]5fdbe566e87b4056a357f0d123bdc77c",
        "timestamp": 1745299096307,
        "message": "FILE_TRANSFER RequestId: 7a36f64a-12b8-4131-943f-53f37cbdd4d3\t TransferType: consumed\t Action: download_from_s3\t FileName: mafdb_43869745aab3d63dfa68e4f287f1921924af17cf1395c9b35aca9cdc036d2b6a.json\t Bucket: denethor\t FilePath: mafdb/mafdb_43869745aab3d63dfa68e4f287f1921924af17cf1395c9b35aca9cdc036d2b6a.json\t LocalFilePath: /tmp/mafdb/mafdb_43869745aab3d63dfa68e4f287f1921924af17cf1395c9b35aca9cdc036d2b6a.json\t FileSize: 236 bytes\t TransferDuration: 45.17988499992498 ms\n",
        "ingestionTime": 1745299104379,
        "eventId": "38921470441968165875297807607649471918638470662168707089"
    },
    {
        "logStreamName": "2025/04/22/[$LATEST]5fdbe566e87b4056a357f0d123bdc77c",
        "timestamp": 1745299096355,
        "message": "FILE_TRANSFER RequestId: 7a36f64a-12b8-4131-943f-53f37cbdd4d3\t TransferType: consumed\t Action: download_from_s3\t FileName: mafdb_1bc211752a94b2c578560693e27c96c128aefdf6439e0fc20a27028f333f2ca9.json\t Bucket: denethor\t FilePath: mafdb/mafdb_1bc211752a94b2c578560693e27c96c128aefdf6439e0fc20a27028f333f2ca9.json\t LocalFilePath: /tmp/mafdb/mafdb_1bc211752a94b2c578560693e27c96c128aefdf6439e0fc20a27028f333f2ca9.json\t FileSize: 194 bytes\t TransferDuration: 47.51789399995232 ms\n",
        "ingestionTime": 1745299104379,
        "eventId": "38921470443038601644827277518443186395725592014455767058"
    },
    {
        "logStreamName": "2025/04/22/[$LATEST]5fdbe566e87b4056a357f0d123bdc77c",
        "timestamp": 1745299096414,
        "message": "FILE_TRANSFER RequestId: 7a36f64a-12b8-4131-943f-53f37cbdd4d3\t TransferType: consumed\t Action: download_from_s3\t FileName: mafdb_4555f69ce2c58254e8c25f01438d2c0763c3570e1c0d44ad7c518af8cc48fab3.json\t Bucket: denethor\t FilePath: mafdb/mafdb_4555f69ce2c58254e8c25f01438d2c0763c3570e1c0d44ad7c518af8cc48fab3.json\t LocalFilePath: /tmp/mafdb/mafdb_4555f69ce2c58254e8c25f01438d2c0763c3570e1c0d44ad7c518af8cc48fab3.json\t FileSize: 194 bytes\t TransferDuration: 58.95348800004285 ms\n",
        "ingestionTime": 1745299104379,
        "eventId": "38921470444354345611540584283793793773811845343308611603"
    },
    {
        "logStreamName": "2025/04/22/[$LATEST]5fdbe566e87b4056a357f0d123bdc77c",
        "timestamp": 1745299096466,
        "message": "FILE_TRANSFER RequestId: 7a36f64a-12b8-4131-943f-53f37cbdd4d3\t TransferType: consumed\t Action: download_from_s3\t FileName: mafdb_b01c70625d40044b20af14722564250f95f908a1e2ad6f32ed1c6589cfe47fc4.json\t Bucket: denethor\t FilePath: mafdb/mafdb_b01c70625d40044b20af14722564250f95f908a1e2ad6f32ed1c6589cfe47fc4.json\t LocalFilePath: /tmp/mafdb/mafdb_b01c70625d40044b20af14722564250f95f908a1e2ad6f32ed1c6589cfe47fc4.json\t FileSize: 194 bytes\t TransferDuration: 52.16496000002735 ms\n",
        "ingestionTime": 1745299104379,
        "eventId": "38921470445513984361864176687153651123989560141619593236"
    },
    {
        "logStreamName": "2025/04/22/[$LATEST]5fdbe566e87b4056a357f0d123bdc77c",
        "timestamp": 1745299096526,
        "message": "FILE_TRANSFER RequestId: 7a36f64a-12b8-4131-943f-53f37cbdd4d3\t TransferType: consumed\t Action: download_from_s3\t FileName: mafdb_e5fe75557ba97201f45a575034b1cc166584507d1d2de38aeb4d649a324b5b67.json\t Bucket: denethor\t FilePath: mafdb/mafdb_e5fe75557ba97201f45a575034b1cc166584507d1d2de38aeb4d649a324b5b67.json\t LocalFilePath: /tmp/mafdb/mafdb_e5fe75557ba97201f45a575034b1cc166584507d1d2de38aeb4d649a324b5b67.json\t FileSize: 194 bytes\t TransferDuration: 59.32798999992883 ms\n",
        "ingestionTime": 1745299104379,
        "eventId": "38921470446852029073776014075645794220348461831978418197"
    },
    {
        "logStreamName": "2025/04/22/[$LATEST]5fdbe566e87b4056a357f0d123bdc77c",
        "timestamp": 1745299096574,
        "message": "FILE_TRANSFER RequestId: 7a36f64a-12b8-4131-943f-53f37cbdd4d3\t TransferType: consumed\t Action: download_from_s3\t FileName: mafdb_8549b58233c57cc518f27f3d21b4551282ded33f8e0e846bc3ef39561d71f517.json\t Bucket: denethor\t FilePath: mafdb/mafdb_8549b58233c57cc518f27f3d21b4551282ded33f8e0e846bc3ef39561d71f517.json\t LocalFilePath: /tmp/mafdb/mafdb_8549b58233c57cc518f27f3d21b4551282ded33f8e0e846bc3ef39561d71f517.json\t FileSize: 194 bytes\t TransferDuration: 48.70033599991075 ms\n",
        "ingestionTime": 1745299104379,
        "eventId": "38921470447922464843305483986439508697435583184265478166"
    },
    {
        "logStreamName": "2025/04/22/[$LATEST]5fdbe566e87b4056a357f0d123bdc77c",
        "timestamp": 1745299096618,
        "message": "FILE_TRANSFER RequestId: 7a36f64a-12b8-4131-943f-53f37cbdd4d3\t TransferType: consumed\t Action: download_from_s3\t FileName: mafdb_9e89a2d9626232c9cf6bb22415e28ee791fac0d91f5cb8de0762d9421c522216.json\t Bucket: denethor\t FilePath: mafdb/mafdb_9e89a2d9626232c9cf6bb22415e28ee791fac0d91f5cb8de0762d9421c522216.json\t LocalFilePath: /tmp/mafdb/mafdb_9e89a2d9626232c9cf6bb22415e28ee791fac0d91f5cb8de0762d9421c522216.json\t FileSize: 194 bytes\t TransferDuration: 43.34293399995204 ms\n",
        "ingestionTime": 1745299104379,
        "eventId": "38921470448903697632040831404667080301432111090528616471"
    },
    {
        "logStreamName": "2025/04/22/[$LATEST]5fdbe566e87b4056a357f0d123bdc77c",
        "timestamp": 1745299096665,
        "message": "FILE_TRANSFER RequestId: 7a36f64a-12b8-4131-943f-53f37cbdd4d3\t TransferType: consumed\t Action: download_from_s3\t FileName: mafdb_617f38c032965f822e4bfe80c4e2684669e23988975f7360111f1b2064da8be6.json\t Bucket: denethor\t FilePath: mafdb/mafdb_617f38c032965f822e4bfe80c4e2684669e23988975f7360111f1b2064da8be6.json\t LocalFilePath: /tmp/mafdb/mafdb_617f38c032965f822e4bfe80c4e2684669e23988975f7360111f1b2064da8be6.json\t FileSize: 194 bytes\t TransferDuration: 47.350748000098974 ms\n",
        "ingestionTime": 1745299104379,
        "eventId": "38921470449951832656371770692319259060246584081309696024"
    },
    {
        "logStreamName": "2025/04/22/[$LATEST]5fdbe566e87b4056a357f0d123bdc77c",
        "timestamp": 1745299096732,
        "message": "FILE_TRANSFER RequestId: 7a36f64a-12b8-4131-943f-53f37cbdd4d3\t TransferType: consumed\t Action: download_from_s3\t FileName: mafdb_8668d6455b6b1a75d51d25c40b186476c55bcfe7efa0068ca17cf66a6cee84e2.json\t Bucket: denethor\t FilePath: mafdb/mafdb_8668d6455b6b1a75d51d25c40b186476c55bcfe7efa0068ca17cf66a6cee84e2.json\t LocalFilePath: /tmp/mafdb/mafdb_8668d6455b6b1a75d51d25c40b186476c55bcfe7efa0068ca17cf66a6cee84e2.json\t FileSize: 194 bytes\t TransferDuration: 66.97187400004623 ms\n",
        "ingestionTime": 1745299104379,
        "eventId": "38921470451445982584673322442802152184514024302210383897"
    },
    {
        "logStreamName": "2025/04/22/[$LATEST]5fdbe566e87b4056a357f0d123bdc77c",
        "timestamp": 1745299096784,
        "message": "FILE_TRANSFER RequestId: 7a36f64a-12b8-4131-943f-53f37cbdd4d3\t TransferType: consumed\t Action: download_from_s3\t FileName: mafdb_b37ce2a791ecfe787b7d2e61814968329db2169d06e3e6d0a2ffb4bdcf2dc2d6.json\t Bucket: denethor\t FilePath: mafdb/mafdb_b37ce2a791ecfe787b7d2e61814968329db2169d06e3e6d0a2ffb4bdcf2dc2d6.json\t LocalFilePath: /tmp/mafdb/mafdb_b37ce2a791ecfe787b7d2e61814968329db2169d06e3e6d0a2ffb4bdcf2dc2d6.json\t FileSize: 194 bytes\t TransferDuration: 52.04355500006841 ms\n",
        "ingestionTime": 1745299104379,
        "eventId": "38921470452605621334996914846162009534691739100521365530"
    },
    {
        "logStreamName": "2025/04/22/[$LATEST]5fdbe566e87b4056a357f0d123bdc77c",
        "timestamp": 1745299096829,
        "message": "FILE_TRANSFER RequestId: 7a36f64a-12b8-4131-943f-53f37cbdd4d3\t TransferType: consumed\t Action: download_from_s3\t FileName: mafdb_35ede6722fe824035d75d0534b754dd4b23ee9330ec089bb54db2128fededd5c.json\t Bucket: denethor\t FilePath: mafdb/mafdb_35ede6722fe824035d75d0534b754dd4b23ee9330ec089bb54db2128fededd5c.json\t LocalFilePath: /tmp/mafdb/mafdb_35ede6722fe824035d75d0534b754dd4b23ee9330ec089bb54db2128fededd5c.json\t FileSize: 194 bytes\t TransferDuration: 45.020735999969475 ms\n",
        "ingestionTime": 1745299104379,
        "eventId": "38921470453609154868930792887531116856960915368290484251"
    },
    {
        "logStreamName": "2025/04/22/[$LATEST]5fdbe566e87b4056a357f0d123bdc77c",
        "timestamp": 1745299096898,
        "message": "FILE_TRANSFER RequestId: 7a36f64a-12b8-4131-943f-53f37cbdd4d3\t TransferType: consumed\t Action: download_from_s3\t FileName: mafdb_f559e9d6c1e059a8d3273e2ffdc14ec68a91f538d9a6a33166c7720962ca1cd4.json\t Bucket: denethor\t FilePath: mafdb/mafdb_f559e9d6c1e059a8d3273e2ffdc14ec68a91f538d9a6a33166c7720962ca1cd4.json\t LocalFilePath: /tmp/mafdb/mafdb_f559e9d6c1e059a8d3273e2ffdc14ec68a91f538d9a6a33166c7720962ca1cd4.json\t FileSize: 194 bytes\t TransferDuration: 68.58503999990262 ms\n",
        "ingestionTime": 1745299104379,
        "eventId": "38921470455147906287629405884297081417773652312203132956"
    },
    {
        "logStreamName": "2025/04/22/[$LATEST]5fdbe566e87b4056a357f0d123bdc77c",
        "timestamp": 1745299096977,
        "message": "FILE_TRANSFER RequestId: 7a36f64a-12b8-4131-943f-53f37cbdd4d3\t TransferType: consumed\t Action: download_from_s3\t FileName: mafdb_fdfd9f2efea889252a132e0d03e501efa853be19ae07f257f05331fec285e8d0.json\t Bucket: denethor\t FilePath: mafdb/mafdb_fdfd9f2efea889252a132e0d03e501efa853be19ae07f257f05331fec285e8d0.json\t LocalFilePath: /tmp/mafdb/mafdb_fdfd9f2efea889252a132e0d03e501efa853be19ae07f257f05331fec285e8d0.json\t FileSize: 194 bytes\t TransferDuration: 78.6518720000231 ms\n",
        "ingestionTime": 1745299104379,
        "eventId": "38921470456909665158313325112478403161312872871175585821"
    },
    {
        "logStreamName": "2025/04/22/[$LATEST]5fdbe566e87b4056a357f0d123bdc77c",
        "timestamp": 1745299097023,
        "message": "FILE_TRANSFER RequestId: 7a36f64a-12b8-4131-943f-53f37cbdd4d3\t TransferType: consumed\t Action: download_from_s3\t FileName: mafdb_cf857241ac1b3bb9eca59ca531ffcbd4ed658debba3ac4f83d7dfa6ee73afcd2.json\t Bucket: denethor\t FilePath: mafdb/mafdb_cf857241ac1b3bb9eca59ca531ffcbd4ed658debba3ac4f83d7dfa6ee73afcd2.json\t LocalFilePath: /tmp/mafdb/mafdb_cf857241ac1b3bb9eca59ca531ffcbd4ed658debba3ac4f83d7dfa6ee73afcd2.json\t FileSize: 194 bytes\t TransferDuration: 46.37919000003876 ms\n",
        "ingestionTime": 1745299104379,
        "eventId": "38921470457935499437445733776989046201854697500450684958"
    },
    {
        "logStreamName": "2025/04/22/[$LATEST]5fdbe566e87b4056a357f0d123bdc77c",
        "timestamp": 1745299097088,
        "message": "FILE_TRANSFER RequestId: 7a36f64a-12b8-4131-943f-53f37cbdd4d3\t TransferType: consumed\t Action: download_from_s3\t FileName: mafdb_0a6b0fb79bf654fc1bc219f24efd3cacaa8c9a4f25c62769a1e190548fef8c96.json\t Bucket: denethor\t FilePath: mafdb/mafdb_0a6b0fb79bf654fc1bc219f24efd3cacaa8c9a4f25c62769a1e190548fef8c96.json\t LocalFilePath: /tmp/mafdb/mafdb_0a6b0fb79bf654fc1bc219f24efd3cacaa8c9a4f25c62769a1e190548fef8c96.json\t FileSize: 194 bytes\t TransferDuration: 64.60740500006068 ms\n",
        "ingestionTime": 1745299104379,
        "eventId": "38921470459385047875350224281188867889576840998339411999"
    },
    {
        "logStreamName": "2025/04/22/[$LATEST]5fdbe566e87b4056a357f0d123bdc77c",
        "timestamp": 1745299097136,
        "message": "FILE_TRANSFER RequestId: 7a36f64a-12b8-4131-943f-53f37cbdd4d3\t TransferType: consumed\t Action: download_from_s3\t FileName: mafdb_f918c820d318d5721f6a01c5e5f1bcf93d25c754add42dfe159109e02e35ab0a.json\t Bucket: denethor\t FilePath: mafdb/mafdb_f918c820d318d5721f6a01c5e5f1bcf93d25c754add42dfe159109e02e35ab0a.json\t LocalFilePath: /tmp/mafdb/mafdb_f918c820d318d5721f6a01c5e5f1bcf93d25c754add42dfe159109e02e35ab0a.json\t FileSize: 194 bytes\t TransferDuration: 48.213238000016645 ms\n",
        "ingestionTime": 1745299104379,
        "eventId": "38921470460455483644879694191982582366663962350626471968"
    },
    {
        "logStreamName": "2025/04/22/[$LATEST]5fdbe566e87b4056a357f0d123bdc77c",
        "timestamp": 1745299097186,
        "message": "FILE_TRANSFER RequestId: 7a36f64a-12b8-4131-943f-53f37cbdd4d3\t TransferType: consumed\t Action: download_from_s3\t FileName: mafdb_d30220db9123df6306e811743fc244aeeb8124f32266c56ac03a740cfe14cfdd.json\t Bucket: denethor\t FilePath: mafdb/mafdb_d30220db9123df6306e811743fc244aeeb8124f32266c56ac03a740cfe14cfdd.json\t LocalFilePath: /tmp/mafdb/mafdb_d30220db9123df6306e811743fc244aeeb8124f32266c56ac03a740cfe14cfdd.json\t FileSize: 194 bytes\t TransferDuration: 50.139242000000195 ms\n",
        "ingestionTime": 1745299104379,
        "eventId": "38921470461570520904806225349059368280296380425925492769"
    },
    {
        "logStreamName": "2025/04/22/[$LATEST]5fdbe566e87b4056a357f0d123bdc77c",
        "timestamp": 1745299097187,
        "message": "CONSUMED_FILES_INFO RequestId: 7a36f64a-12b8-4131-943f-53f37cbdd4d3\t FilesCount: 45 files\t FilesSize: 10331 bytes\t TransferDuration: 2566.608155999802 ms\t ConsumedFiles: ['mafdb_7d398773bfc3e4435be56d8711457fd7fc190e97e32d7ec51a8a702e16118c4d.json', 'mafdb_c5b5a3a4bd54a110140df77527325958d257fc9b669bca89b332593540c1dc20.json', 'mafdb_1d419943bc17a86fe648d8caad874862360b7c73c08c99b7c26040bc9939b002.json', 'mafdb_31199a0a134043b94c15114abad10433bfa58c2f87e3106720f88bf29e76f1ae.json', 'mafdb_f871e6272680ce0853ce488fc481f480aa4e243fa14dd104803b05fb209cf094.json', 'mafdb_87129d44586b87142d9940a8b1bdbebcfa7b0454f32076964711670e9940a5bc.json', 'mafdb_ffac685782ba2ceabfc02088f70f3473d570818cc3d9c58c8979a425bc171247.json', 'mafdb_42b7a1940d80c9e5d1a1eb427219fad89ed0198775d719cc0f6171541419e487.json', 'mafdb_7aa0e0772e1c689c49550813d4d69f69cf00ce1c31ded8e93e9d062016b4ea81.json', 'mafdb_45d317fa4103ebc6a5ca76d68fd00bce02d7a5f088e6155430a660f0514147a3.json', 'mafdb_e55488255b1fbcc9aaabaac963dff236ce30a48f048179f2652bf6431063cf4b.json', 'mafdb_4294147453f0881ff5d40ffeafab616f4bd8a7ba876322d7a55e79a2b54c515e.json', 'mafdb_a0bb27000c08353bd1576c76b737091f2d774cc5766e59661908d2047f1f9f55.json', 'mafdb_fc2a84852f95eebd03a586abcf5a76c64db1efd965d2c472f2b8a03ed0c40edf.json', 'mafdb_076c9c757bf558a92d6744f8a09864a7bc11e5da777c7ae15a8572da59fdf706.json', 'mafdb_ab45c1cad0178810135c04d1f2e046750c9f309258c675f469c4e780098de65e.json', 'mafdb_61d06c5f6cb647c45e49e6fed379994aa1917c44d4f989fceae6c09f558582c8.json', 'mafdb_c8628e7d7833590863c05945da0a15b09c0de52179e14bd524127f896a661506.json', 'mafdb_189694465e52809f6509269ecbf4093c7dba28229b686a1943d55421c969f8e4.json', 'mafdb_3b4259b136e5e067f460a57ff21fd5c531cf82501ea56dcbb754d3f18d8bf7b8.json', 'mafdb_af818f20f62fe0eeda8042dfb7efb70bbde191b72d033f6a645874911e2ac0ea.json', 'mafdb_4e1eee323294b31497381cadce8756e0c91a4a8f4488ecc02e34152dbd13d2c8.json', 'mafdb_e788a4f75970a6e5150aa560c2ad5e402a7be72297265322d36b26bd44850036.json', 'mafdb_a685dcc84ba5d5e38925c5631342c458cecda2bbfda8ec6d292863c380027b30.json', 'mafdb_6febe45619a64f41534b7849821df9e5f2a16cc6502a1d862c57cbd0c8b5d2df.json', 'mafdb_1fde71c89b03056f957ad662091bcb5e1357a8c45e853f80f45ba56982d70500.json', 'mafdb_00a3f572cc1fc8e5d20ab4dfb79235b5a032989fc11491f76265acd17bc9137b.json', 'mafdb_69cda016f2a4bfc1e9aceffb57b233d895c1a8b8d643e1641d776f0a1e3b0d52.json', 'mafdb_43869745aab3d63dfa68e4f287f1921924af17cf1395c9b35aca9cdc036d2b6a.json', 'mafdb_1bc211752a94b2c578560693e27c96c128aefdf6439e0fc20a27028f333f2ca9.json', 'mafdb_4555f69ce2c58254e8c25f01438d2c0763c3570e1c0d44ad7c518af8cc48fab3.json', 'mafdb_b01c70625d40044b20af14722564250f95f908a1e2ad6f32ed1c6589cfe47fc4.json', 'mafdb_e5fe75557ba97201f45a575034b1cc166584507d1d2de38aeb4d649a324b5b67.json', 'mafdb_8549b58233c57cc518f27f3d21b4551282ded33f8e0e846bc3ef39561d71f517.json', 'mafdb_9e89a2d9626232c9cf6bb22415e28ee791fac0d91f5cb8de0762d9421c522216.json', 'mafdb_617f38c032965f822e4bfe80c4e2684669e23988975f7360111f1b2064da8be6.json', 'mafdb_8668d6455b6b1a75d51d25c40b186476c55bcfe7efa0068ca17cf66a6cee84e2.json', 'mafdb_b37ce2a791ecfe787b7d2e61814968329db2169d06e3e6d0a2ffb4bdcf2dc2d6.json', 'mafdb_35ede6722fe824035d75d0534b754dd4b23ee9330ec089bb54db2128fededd5c.json', 'mafdb_f559e9d6c1e059a8d3273e2ffdc14ec68a91f538d9a6a33166c7720962ca1cd4.json', 'mafdb_fdfd9f2efea889252a132e0d03e501efa853be19ae07f257f05331fec285e8d0.json', 'mafdb_cf857241ac1b3bb9eca59ca531ffcbd4ed658debba3ac4f83d7dfa6ee73afcd2.json', 'mafdb_0a6b0fb79bf654fc1bc219f24efd3cacaa8c9a4f25c62769a1e190548fef8c96.json', 'mafdb_f918c820d318d5721f6a01c5e5f1bcf93d25c754add42dfe159109e02e35ab0a.json', 'mafdb_d30220db9123df6306e811743fc244aeeb8124f32266c56ac03a740cfe14cfdd.json']\n",
        "ingestionTime": 1745299104379,
        "eventId": "38921470461592821650004755972200903998569028787431473186"
    },
    {
        "logStreamName": "2025/04/22/[$LATEST]5fdbe566e87b4056a357f0d123bdc77c",
        "timestamp": 1745299097189,
        "message": "[INFO]\t2025-04-22T05:18:17.189Z\t7a36f64a-12b8-4131-943f-53f37cbdd4d3\tMAF_DATABASE_AGGREGATOR RequestId: 7a36f64a-12b8-4131-943f-53f37cbdd4d3\t Duration: 1.845916999968722 ms\t InputLength: 45\t MaxMaf: 0\t MafDatabase: {}\n",
        "ingestionTime": 1745299104379,
        "eventId": "38921470461637423140401817218483975435114325510443434019"
    },
    {
        "logStreamName": "2025/04/22/[$LATEST]5fdbe566e87b4056a357f0d123bdc77c",
        "timestamp": 1745299097189,
        "message": "[INFO] 2025-04-22T05:18:17GMT MAF_DATABASE_AGGREGATOR RequestId: 7a36f64a-12b8-4131-943f-53f37cbdd4d3\t Duration: 1.845916999968722 ms\t InputLength: 45\t MaxMaf: 0\t MafDatabase: {}\n",
        "ingestionTime": 1745299104379,
        "eventId": "38921470461637423140401817218483975435114325510443434020"
    },
    {
        "logStreamName": "2025/04/22/[$LATEST]5fdbe566e87b4056a357f0d123bdc77c",
        "timestamp": 1745299097240,
        "message": "FILE_TRANSFER RequestId: 7a36f64a-12b8-4131-943f-53f37cbdd4d3\t TransferType: produced\t Action: upload_to_s3\t FileName: mafdb_92aca2598b2cffcf6455cadae8226d70747b4e3fa80cb413a0150f7c267281a7.json\t Bucket: denethor\t FilePath: mafdb/mafdb_92aca2598b2cffcf6455cadae8226d70747b4e3fa80cb413a0150f7c267281a7.json\t LocalFilePath: /tmp/mafdb/mafdb_92aca2598b2cffcf6455cadae8226d70747b4e3fa80cb413a0150f7c267281a7.json\t FileSize: 8939 bytes\t TransferDuration: 51.25493900004585 ms\n",
        "ingestionTime": 1745299104379,
        "eventId": "38921470462774761145526878998702297067019391947248435237"
    },
    {
        "logStreamName": "2025/04/22/[$LATEST]5fdbe566e87b4056a357f0d123bdc77c",
        "timestamp": 1745299097241,
        "message": "PRODUCED_FILES_INFO RequestId: 7a36f64a-12b8-4131-943f-53f37cbdd4d3\t FilesCount: 1 files\t FilesSize: 8939 bytes\t TransferDuration: 51.25493900004585 ms\t Provider: aws_lambda\t  ProducedFiles: ['mafdb_92aca2598b2cffcf6455cadae8226d70747b4e3fa80cb413a0150f7c267281a7.json']\n",
        "ingestionTime": 1745299104379,
        "eventId": "38921470462797061890725409621843832785292040308754415654"
    },
    {
        "logStreamName": "2025/04/22/[$LATEST]5fdbe566e87b4056a357f0d123bdc77c",
        "timestamp": 1745299097243,
        "message": "END RequestId: 7a36f64a-12b8-4131-943f-53f37cbdd4d3\n",
        "ingestionTime": 1745299104379,
        "eventId": "38921470462841663381122470868126904221837337031766376487"
    },
    {
        "logStreamName": "2025/04/22/[$LATEST]5fdbe566e87b4056a357f0d123bdc77c",
        "timestamp": 1745299097243,
        "message": "REPORT RequestId: 7a36f64a-12b8-4131-943f-53f37cbdd4d3\tDuration: 2626.85 ms\tBilled Duration: 2627 ms\tMemory Size: 512 MB\tMax Memory Used: 107 MB\tInit Duration: 810.11 ms\t\n",
        "ingestionTime": 1745299104379,
        "eventId": "38921470462841663381122470868126904221837337031766376488"
    }
]