[
    {
        "logStreamName": "2025/04/21/[$LATEST]6bdb28606f5b4e4da8388fedb0d090f4",
        "timestamp": 1745268043662,
        "message": "INIT_START Runtime Version: python:3.10.v64\tRuntime Version ARN: arn:aws:lambda:sa-east-1::runtime:d56bdc8857b2109a058de2ab50bfb80ac2aa600be6f7855a436859944e5fe54b\n",
        "ingestionTime": 1745268045790,
        "eventId": "38920777944844280449335727166705308157745108348258156544"
    },
    {
        "logStreamName": "2025/04/21/[$LATEST]6bdb28606f5b4e4da8388fedb0d090f4",
        "timestamp": 1745268044573,
        "message": "START RequestId: fb6dfc7a-1eac-4c40-9418-76b7ee4317d6 Version: $LATEST\n",
        "ingestionTime": 1745268045790,
        "eventId": "38920777965160259325197124848644347504127765680206315521"
    },
    {
        "logStreamName": "2025/04/21/[$LATEST]6bdb28606f5b4e4da8388fedb0d090f4",
        "timestamp": 1745268044574,
        "message": "Directory /tmp/input was created!\n",
        "ingestionTime": 1745268045790,
        "eventId": "38920777965182560070395655471785883222400414041712295938"
    },
    {
        "logStreamName": "2025/04/21/[$LATEST]6bdb28606f5b4e4da8388fedb0d090f4",
        "timestamp": 1745268044574,
        "message": "Directory /tmp/tree was created!\n",
        "ingestionTime": 1745268045790,
        "eventId": "38920777965182560070395655471785883222400414041712295939"
    },
    {
        "logStreamName": "2025/04/21/[$LATEST]6bdb28606f5b4e4da8388fedb0d090f4",
        "timestamp": 1745268045006,
        "message": "FILE_TRANSFER RequestId: fb6dfc7a-1eac-4c40-9418-76b7ee4317d6\t TransferType: consumed\t Action: download_from_s3\t FileName: ORTHOMCL364\t Bucket: denethor\t FilePath: data/full_dataset/ORTHOMCL364\t LocalFilePath: /tmp/input/ORTHOMCL364\t FileSize: 3224 bytes\t TransferDuration: 431.7919270000061 ms\n",
        "ingestionTime": 1745268045790,
        "eventId": "38920777974816481996160884668929313516184506212295835652"
    },
    {
        "logStreamName": "2025/04/21/[$LATEST]6bdb28606f5b4e4da8388fedb0d090f4",
        "timestamp": 1745268045006,
        "message": "CONSUMED_FILES_INFO RequestId: fb6dfc7a-1eac-4c40-9418-76b7ee4317d6\t FilesCount: 1 files\t FilesSize: 3224 bytes\t TransferDuration: 431.7919270000061 ms\t ConsumedFiles: ['ORTHOMCL364']\n",
        "ingestionTime": 1745268045790,
        "eventId": "38920777974816481996160884668929313516184506212295835653"
    },
    {
        "logStreamName": "2025/04/21/[$LATEST]6bdb28606f5b4e4da8388fedb0d090f4",
        "timestamp": 1745268045927,
        "message": "[INFO]\t2025-04-21T20:40:45.927Z\tfb6dfc7a-1eac-4c40-9418-76b7ee4317d6\tTREE_CONSTRUCTOR RequestId: fb6dfc7a-1eac-4c40-9418-76b7ee4317d6\t Duration: 920.8642319999853 ms\t InputFile:ORTHOMCL364\t OutputFile:['tree_ORTHOMCL364.nexus']\n",
        "ingestionTime": 1745268054947,
        "eventId": "38920777995355468324007588593353661094242588535108141056"
    },
    {
        "logStreamName": "2025/04/21/[$LATEST]6bdb28606f5b4e4da8388fedb0d090f4",
        "timestamp": 1745268045927,
        "message": "[INFO] 2025-04-21T20:40:45GMT TREE_CONSTRUCTOR RequestId: fb6dfc7a-1eac-4c40-9418-76b7ee4317d6\t Duration: 920.8642319999853 ms\t InputFile:ORTHOMCL364\t OutputFile:['tree_ORTHOMCL364.nexus']\n",
        "ingestionTime": 1745268054947,
        "eventId": "38920777995355468324007588593353661094242588535108141057"
    },
    {
        "logStreamName": "2025/04/21/[$LATEST]6bdb28606f5b4e4da8388fedb0d090f4",
        "timestamp": 1745268046126,
        "message": "FILE_TRANSFER RequestId: fb6dfc7a-1eac-4c40-9418-76b7ee4317d6\t TransferType: produced\t Action: upload_to_s3\t FileName: tree_ORTHOMCL364.nexus\t Bucket: denethor\t FilePath: tree/tree_ORTHOMCL364.nexus\t LocalFilePath: /tmp/tree/tree_ORTHOMCL364.nexus\t FileSize: 575 bytes\t TransferDuration: 98.24834500000179 ms\n",
        "ingestionTime": 1745268054947,
        "eventId": "38920777999793316618515182598519269030499612474798243842"
    },
    {
        "logStreamName": "2025/04/21/[$LATEST]6bdb28606f5b4e4da8388fedb0d090f4",
        "timestamp": 1745268046126,
        "message": "PRODUCED_FILES_INFO RequestId: fb6dfc7a-1eac-4c40-9418-76b7ee4317d6\t FilesCount: 1 files\t FilesSize: 575 bytes\t TransferDuration: 98.24834500000179 ms\t Provider: aws_lambda\t  ProducedFiles: ['tree_ORTHOMCL364.nexus']\n",
        "ingestionTime": 1745268054947,
        "eventId": "38920777999793316618515182598519269030499612474798243843"
    },
    {
        "logStreamName": "2025/04/21/[$LATEST]6bdb28606f5b4e4da8388fedb0d090f4",
        "timestamp": 1745268046128,
        "message": "END RequestId: fb6dfc7a-1eac-4c40-9418-76b7ee4317d6\n",
        "ingestionTime": 1745268054947,
        "eventId": "38920777999837918108912243844802340467044909197810204676"
    },
    {
        "logStreamName": "2025/04/21/[$LATEST]6bdb28606f5b4e4da8388fedb0d090f4",
        "timestamp": 1745268046128,
        "message": "REPORT RequestId: fb6dfc7a-1eac-4c40-9418-76b7ee4317d6\tDuration: 1555.08 ms\tBilled Duration: 1556 ms\tMemory Size: 128 MB\tMax Memory Used: 111 MB\tInit Duration: 909.53 ms\t\n",
        "ingestionTime": 1745268054947,
        "eventId": "38920777999837918108912243844802340467044909197810204677"
    },
    {
        "logStreamName": "2025/04/21/[$LATEST]6bdb28606f5b4e4da8388fedb0d090f4",
        "timestamp": 1745268046274,
        "message": "START RequestId: b2bbc61d-21fe-488b-9a8c-074eb80ea589 Version: $LATEST\n",
        "ingestionTime": 1745268054947,
        "eventId": "38920778003093826907897714823466555334851569977683345414"
    },
    {
        "logStreamName": "2025/04/21/[$LATEST]6bdb28606f5b4e4da8388fedb0d090f4",
        "timestamp": 1745268046386,
        "message": "FILE_TRANSFER RequestId: b2bbc61d-21fe-488b-9a8c-074eb80ea589\t TransferType: consumed\t Action: download_from_s3\t FileName: ORTHOMCL374\t Bucket: denethor\t FilePath: data/full_dataset/ORTHOMCL374\t LocalFilePath: /tmp/input/ORTHOMCL374\t FileSize: 2627 bytes\t TransferDuration: 110.78601299999491 ms\n",
        "ingestionTime": 1745268054947,
        "eventId": "38920778005591510370133144615318555781388186466353152007"
    },
    {
        "logStreamName": "2025/04/21/[$LATEST]6bdb28606f5b4e4da8388fedb0d090f4",
        "timestamp": 1745268046386,
        "message": "CONSUMED_FILES_INFO RequestId: b2bbc61d-21fe-488b-9a8c-074eb80ea589\t FilesCount: 1 files\t FilesSize: 2627 bytes\t TransferDuration: 110.78601299999491 ms\t ConsumedFiles: ['ORTHOMCL374']\n",
        "ingestionTime": 1745268054947,
        "eventId": "38920778005591510370133144615318555781388186466353152008"
    },
    {
        "logStreamName": "2025/04/21/[$LATEST]6bdb28606f5b4e4da8388fedb0d090f4",
        "timestamp": 1745268047209,
        "message": "[INFO]\t2025-04-21T20:40:47.209Z\tb2bbc61d-21fe-488b-9a8c-074eb80ea589\tTREE_CONSTRUCTOR RequestId: b2bbc61d-21fe-488b-9a8c-074eb80ea589\t Duration: 823.0156019999981 ms\t InputFile:ORTHOMCL374\t OutputFile:['tree_ORTHOMCL374.nexus']\n",
        "ingestionTime": 1745268054947,
        "eventId": "38920778023945023668523847460802451919777787985775034377"
    },
    {
        "logStreamName": "2025/04/21/[$LATEST]6bdb28606f5b4e4da8388fedb0d090f4",
        "timestamp": 1745268047209,
        "message": "[INFO] 2025-04-21T20:40:47GMT TREE_CONSTRUCTOR RequestId: b2bbc61d-21fe-488b-9a8c-074eb80ea589\t Duration: 823.0156019999981 ms\t InputFile:ORTHOMCL374\t OutputFile:['tree_ORTHOMCL374.nexus']\n",
        "ingestionTime": 1745268054947,
        "eventId": "38920778023945023668523847460802451919777787985775034378"
    },
    {
        "logStreamName": "2025/04/21/[$LATEST]6bdb28606f5b4e4da8388fedb0d090f4",
        "timestamp": 1745268047397,
        "message": "FILE_TRANSFER RequestId: b2bbc61d-21fe-488b-9a8c-074eb80ea589\t TransferType: produced\t Action: upload_to_s3\t FileName: tree_ORTHOMCL374.nexus\t Bucket: denethor\t FilePath: tree/tree_ORTHOMCL374.nexus\t LocalFilePath: /tmp/tree/tree_ORTHOMCL374.nexus\t FileSize: 563 bytes\t TransferDuration: 87.7864639999757 ms\n",
        "ingestionTime": 1745268054947,
        "eventId": "38920778028137563765847604611411166955035679948899352587"
    },
    {
        "logStreamName": "2025/04/21/[$LATEST]6bdb28606f5b4e4da8388fedb0d090f4",
        "timestamp": 1745268047397,
        "message": "PRODUCED_FILES_INFO RequestId: b2bbc61d-21fe-488b-9a8c-074eb80ea589\t FilesCount: 1 files\t FilesSize: 563 bytes\t TransferDuration: 87.7864639999757 ms\t Provider: aws_lambda\t  ProducedFiles: ['tree_ORTHOMCL374.nexus']\n",
        "ingestionTime": 1745268054947,
        "eventId": "38920778028137563765847604611411166955035679948899352588"
    },
    {
        "logStreamName": "2025/04/21/[$LATEST]6bdb28606f5b4e4da8388fedb0d090f4",
        "timestamp": 1745268047399,
        "message": "END RequestId: b2bbc61d-21fe-488b-9a8c-074eb80ea589\n",
        "ingestionTime": 1745268054947,
        "eventId": "38920778028182165256244665857694238391580976671911313421"
    },
    {
        "logStreamName": "2025/04/21/[$LATEST]6bdb28606f5b4e4da8388fedb0d090f4",
        "timestamp": 1745268047399,
        "message": "REPORT RequestId: b2bbc61d-21fe-488b-9a8c-074eb80ea589\tDuration: 1124.34 ms\tBilled Duration: 1125 ms\tMemory Size: 128 MB\tMax Memory Used: 111 MB\t\n",
        "ingestionTime": 1745268054947,
        "eventId": "38920778028182165256244665857694238391580976671911313422"
    },
    {
        "logStreamName": "2025/04/21/[$LATEST]6bdb28606f5b4e4da8388fedb0d090f4",
        "timestamp": 1745268047608,
        "message": "START RequestId: 0793e588-3813-4a9b-9065-c6596b2a44d3 Version: $LATEST\n",
        "ingestionTime": 1745268054947,
        "eventId": "38920778032843021002737566094275203510564484226661220367"
    },
    {
        "logStreamName": "2025/04/21/[$LATEST]6bdb28606f5b4e4da8388fedb0d090f4",
        "timestamp": 1745268047726,
        "message": "FILE_TRANSFER RequestId: 0793e588-3813-4a9b-9065-c6596b2a44d3\t TransferType: consumed\t Action: download_from_s3\t FileName: ORTHOMCL441\t Bucket: denethor\t FilePath: data/full_dataset/ORTHOMCL441\t LocalFilePath: /tmp/input/ORTHOMCL441\t FileSize: 1865 bytes\t TransferDuration: 116.83252000000266 ms\n",
        "ingestionTime": 1745268054947,
        "eventId": "38920778035474508936164179624976418266736990884366909456"
    },
    {
        "logStreamName": "2025/04/21/[$LATEST]6bdb28606f5b4e4da8388fedb0d090f4",
        "timestamp": 1745268047726,
        "message": "CONSUMED_FILES_INFO RequestId: 0793e588-3813-4a9b-9065-c6596b2a44d3\t FilesCount: 1 files\t FilesSize: 1865 bytes\t TransferDuration: 116.83252000000266 ms\t ConsumedFiles: ['ORTHOMCL441']\n",
        "ingestionTime": 1745268054947,
        "eventId": "38920778035474508936164179624976418266736990884366909457"
    },
    {
        "logStreamName": "2025/04/21/[$LATEST]6bdb28606f5b4e4da8388fedb0d090f4",
        "timestamp": 1745268048007,
        "message": "[INFO]\t2025-04-21T20:40:48.007Z\t0793e588-3813-4a9b-9065-c6596b2a44d3\tTREE_CONSTRUCTOR RequestId: 0793e588-3813-4a9b-9065-c6596b2a44d3\t Duration: 281.3353000000234 ms\t InputFile:ORTHOMCL441\t OutputFile:['tree_ORTHOMCL441.nexus']\n",
        "ingestionTime": 1745268054947,
        "eventId": "38920778041741018336951284727747955101351180467547406354"
    },
    {
        "logStreamName": "2025/04/21/[$LATEST]6bdb28606f5b4e4da8388fedb0d090f4",
        "timestamp": 1745268048007,
        "message": "[INFO] 2025-04-21T20:40:48GMT TREE_CONSTRUCTOR RequestId: 0793e588-3813-4a9b-9065-c6596b2a44d3\t Duration: 281.3353000000234 ms\t InputFile:ORTHOMCL441\t OutputFile:['tree_ORTHOMCL441.nexus']\n",
        "ingestionTime": 1745268054947,
        "eventId": "38920778041741018336951284727747955101351180467547406355"
    },
    {
        "logStreamName": "2025/04/21/[$LATEST]6bdb28606f5b4e4da8388fedb0d090f4",
        "timestamp": 1745268048196,
        "message": "FILE_TRANSFER RequestId: 0793e588-3813-4a9b-9065-c6596b2a44d3\t TransferType: produced\t Action: upload_to_s3\t FileName: tree_ORTHOMCL441.nexus\t Bucket: denethor\t FilePath: tree/tree_ORTHOMCL441.nexus\t LocalFilePath: /tmp/tree/tree_ORTHOMCL441.nexus\t FileSize: 514 bytes\t TransferDuration: 87.84137899999678 ms\n",
        "ingestionTime": 1745268054947,
        "eventId": "38920778045955859179473572501498205854881720792177704980"
    },
    {
        "logStreamName": "2025/04/21/[$LATEST]6bdb28606f5b4e4da8388fedb0d090f4",
        "timestamp": 1745268048196,
        "message": "PRODUCED_FILES_INFO RequestId: 0793e588-3813-4a9b-9065-c6596b2a44d3\t FilesCount: 1 files\t FilesSize: 514 bytes\t TransferDuration: 87.84137899999678 ms\t Provider: aws_lambda\t  ProducedFiles: ['tree_ORTHOMCL441.nexus']\n",
        "ingestionTime": 1745268054947,
        "eventId": "38920778045955859179473572501498205854881720792177704981"
    },
    {
        "logStreamName": "2025/04/21/[$LATEST]6bdb28606f5b4e4da8388fedb0d090f4",
        "timestamp": 1745268048206,
        "message": "END RequestId: 0793e588-3813-4a9b-9065-c6596b2a44d3\n",
        "ingestionTime": 1745268054947,
        "eventId": "38920778046178866631458878732913563037608204407237509142"
    },
    {
        "logStreamName": "2025/04/21/[$LATEST]6bdb28606f5b4e4da8388fedb0d090f4",
        "timestamp": 1745268048206,
        "message": "REPORT RequestId: 0793e588-3813-4a9b-9065-c6596b2a44d3\tDuration: 597.63 ms\tBilled Duration: 598 ms\tMemory Size: 128 MB\tMax Memory Used: 111 MB\t\n",
        "ingestionTime": 1745268054947,
        "eventId": "38920778046178866631458878732913563037608204407237509143"
    },
    {
        "logStreamName": "2025/04/21/[$LATEST]6bdb28606f5b4e4da8388fedb0d090f4",
        "timestamp": 1745268048435,
        "message": "START RequestId: 4dea29d5-1755-42a3-a533-2dd7a5fe6684 Version: $LATEST\n",
        "ingestionTime": 1745268054947,
        "eventId": "38920778051285737281922391432325242522044679192107024408"
    },
    {
        "logStreamName": "2025/04/21/[$LATEST]6bdb28606f5b4e4da8388fedb0d090f4",
        "timestamp": 1745268048546,
        "message": "FILE_TRANSFER RequestId: 4dea29d5-1755-42a3-a533-2dd7a5fe6684\t TransferType: consumed\t Action: download_from_s3\t FileName: ORTHOMCL510\t Bucket: denethor\t FilePath: data/full_dataset/ORTHOMCL510\t LocalFilePath: /tmp/input/ORTHOMCL510\t FileSize: 4851 bytes\t TransferDuration: 110.3176670000039 ms\n",
        "ingestionTime": 1745268054947,
        "eventId": "38920778053761119998959290601035707250308647319270850585"
    },
    {
        "logStreamName": "2025/04/21/[$LATEST]6bdb28606f5b4e4da8388fedb0d090f4",
        "timestamp": 1745268048546,
        "message": "CONSUMED_FILES_INFO RequestId: 4dea29d5-1755-42a3-a533-2dd7a5fe6684\t FilesCount: 1 files\t FilesSize: 4851 bytes\t TransferDuration: 110.3176670000039 ms\t ConsumedFiles: ['ORTHOMCL510']\n",
        "ingestionTime": 1745268054947,
        "eventId": "38920778053761119998959290601035707250308647319270850586"
    },
    {
        "logStreamName": "2025/04/21/[$LATEST]6bdb28606f5b4e4da8388fedb0d090f4",
        "timestamp": 1745268049267,
        "message": "[INFO]\t2025-04-21T20:40:49.267Z\t4dea29d5-1755-42a3-a533-2dd7a5fe6684\tTREE_CONSTRUCTOR RequestId: 4dea29d5-1755-42a3-a533-2dd7a5fe6684\t Duration: 721.2247009999828 ms\t InputFile:ORTHOMCL510\t OutputFile:['tree_ORTHOMCL510.nexus']\n",
        "ingestionTime": 1745268054947,
        "eventId": "38920778069839957287099869886082960124888115965082730523"
    },
    {
        "logStreamName": "2025/04/21/[$LATEST]6bdb28606f5b4e4da8388fedb0d090f4",
        "timestamp": 1745268049267,
        "message": "[INFO] 2025-04-21T20:40:49GMT TREE_CONSTRUCTOR RequestId: 4dea29d5-1755-42a3-a533-2dd7a5fe6684\t Duration: 721.2247009999828 ms\t InputFile:ORTHOMCL510\t OutputFile:['tree_ORTHOMCL510.nexus']\n",
        "ingestionTime": 1745268054947,
        "eventId": "38920778069839957287099869886082960124888115965082730524"
    },
    {
        "logStreamName": "2025/04/21/[$LATEST]6bdb28606f5b4e4da8388fedb0d090f4",
        "timestamp": 1745268049459,
        "message": "FILE_TRANSFER RequestId: 4dea29d5-1755-42a3-a533-2dd7a5fe6684\t TransferType: produced\t Action: upload_to_s3\t FileName: tree_ORTHOMCL510.nexus\t Bucket: denethor\t FilePath: tree/tree_ORTHOMCL510.nexus\t LocalFilePath: /tmp/tree/tree_ORTHOMCL510.nexus\t FileSize: 465 bytes\t TransferDuration: 91.23608400000194 ms\n",
        "ingestionTime": 1745268054947,
        "eventId": "38920778074121700365217749529257818033236601374230970397"
    },
    {
        "logStreamName": "2025/04/21/[$LATEST]6bdb28606f5b4e4da8388fedb0d090f4",
        "timestamp": 1745268049459,
        "message": "PRODUCED_FILES_INFO RequestId: 4dea29d5-1755-42a3-a533-2dd7a5fe6684\t FilesCount: 1 files\t FilesSize: 465 bytes\t TransferDuration: 91.23608400000194 ms\t Provider: aws_lambda\t  ProducedFiles: ['tree_ORTHOMCL510.nexus']\n",
        "ingestionTime": 1745268054947,
        "eventId": "38920778074121700365217749529257818033236601374230970398"
    },
    {
        "logStreamName": "2025/04/21/[$LATEST]6bdb28606f5b4e4da8388fedb0d090f4",
        "timestamp": 1745268049460,
        "message": "END RequestId: 4dea29d5-1755-42a3-a533-2dd7a5fe6684\n",
        "ingestionTime": 1745268054947,
        "eventId": "38920778074144001110416280152399353751509249735736950815"
    },
    {
        "logStreamName": "2025/04/21/[$LATEST]6bdb28606f5b4e4da8388fedb0d090f4",
        "timestamp": 1745268049460,
        "message": "REPORT RequestId: 4dea29d5-1755-42a3-a533-2dd7a5fe6684\tDuration: 1025.04 ms\tBilled Duration: 1026 ms\tMemory Size: 128 MB\tMax Memory Used: 111 MB\t\n",
        "ingestionTime": 1745268054947,
        "eventId": "38920778074144001110416280152399353751509249735736950816"
    },
    {
        "logStreamName": "2025/04/21/[$LATEST]6bdb28606f5b4e4da8388fedb0d090f4",
        "timestamp": 1745268049663,
        "message": "START RequestId: 1a3ad91b-812b-4803-b6af-912377d16d33 Version: $LATEST\n",
        "ingestionTime": 1745268054947,
        "eventId": "38920778078671052385717996650131104560856867121450975265"
    },
    {
        "logStreamName": "2025/04/21/[$LATEST]6bdb28606f5b4e4da8388fedb0d090f4",
        "timestamp": 1745268049766,
        "message": "FILE_TRANSFER RequestId: 1a3ad91b-812b-4803-b6af-912377d16d33\t TransferType: consumed\t Action: download_from_s3\t FileName: ORTHOMCL726\t Bucket: denethor\t FilePath: data/full_dataset/ORTHOMCL726\t LocalFilePath: /tmp/input/ORTHOMCL726\t FileSize: 3332 bytes\t TransferDuration: 102.47796900000594 ms\n",
        "ingestionTime": 1745268054947,
        "eventId": "38920778080968029141166650833709283542939648356566958114"
    },
    {
        "logStreamName": "2025/04/21/[$LATEST]6bdb28606f5b4e4da8388fedb0d090f4",
        "timestamp": 1745268049766,
        "message": "CONSUMED_FILES_INFO RequestId: 1a3ad91b-812b-4803-b6af-912377d16d33\t FilesCount: 1 files\t FilesSize: 3332 bytes\t TransferDuration: 102.47796900000594 ms\t ConsumedFiles: ['ORTHOMCL726']\n",
        "ingestionTime": 1745268054947,
        "eventId": "38920778080968029141166650833709283542939648356566958115"
    },
    {
        "logStreamName": "2025/04/21/[$LATEST]6bdb28606f5b4e4da8388fedb0d090f4",
        "timestamp": 1745268050266,
        "message": "[INFO]\t2025-04-21T20:40:50.266Z\t1a3ad91b-812b-4803-b6af-912377d16d33\tTREE_CONSTRUCTOR RequestId: 1a3ad91b-812b-4803-b6af-912377d16d33\t Duration: 500.0234539999724 ms\t InputFile:ORTHOMCL726\t OutputFile:['tree_ORTHOMCL726.nexus']\n",
        "ingestionTime": 1745268054947,
        "eventId": "38920778092118401740431962404477142679263829109557166116"
    },
    {
        "logStreamName": "2025/04/21/[$LATEST]6bdb28606f5b4e4da8388fedb0d090f4",
        "timestamp": 1745268050266,
        "message": "[INFO] 2025-04-21T20:40:50GMT TREE_CONSTRUCTOR RequestId: 1a3ad91b-812b-4803-b6af-912377d16d33\t Duration: 500.0234539999724 ms\t InputFile:ORTHOMCL726\t OutputFile:['tree_ORTHOMCL726.nexus']\n",
        "ingestionTime": 1745268054947,
        "eventId": "38920778092118401740431962404477142679263829109557166117"
    },
    {
        "logStreamName": "2025/04/21/[$LATEST]6bdb28606f5b4e4da8388fedb0d090f4",
        "timestamp": 1745268050451,
        "message": "FILE_TRANSFER RequestId: 1a3ad91b-812b-4803-b6af-912377d16d33\t TransferType: produced\t Action: upload_to_s3\t FileName: tree_ORTHOMCL726.nexus\t Bucket: denethor\t FilePath: tree/tree_ORTHOMCL726.nexus\t LocalFilePath: /tmp/tree/tree_ORTHOMCL726.nexus\t FileSize: 415 bytes\t TransferDuration: 84.16610199998331 ms\n",
        "ingestionTime": 1745268054947,
        "eventId": "38920778096244039602160127685661250559703775988163543078"
    },
    {
        "logStreamName": "2025/04/21/[$LATEST]6bdb28606f5b4e4da8388fedb0d090f4",
        "timestamp": 1745268050451,
        "message": "PRODUCED_FILES_INFO RequestId: 1a3ad91b-812b-4803-b6af-912377d16d33\t FilesCount: 1 files\t FilesSize: 415 bytes\t TransferDuration: 84.16610199998331 ms\t Provider: aws_lambda\t  ProducedFiles: ['tree_ORTHOMCL726.nexus']\n",
        "ingestionTime": 1745268054947,
        "eventId": "38920778096244039602160127685661250559703775988163543079"
    },
    {
        "logStreamName": "2025/04/21/[$LATEST]6bdb28606f5b4e4da8388fedb0d090f4",
        "timestamp": 1745268050466,
        "message": "END RequestId: 1a3ad91b-812b-4803-b6af-912377d16d33\n",
        "ingestionTime": 1745268054947,
        "eventId": "38920778096578550780138087032784286333793501410753249320"
    },
    {
        "logStreamName": "2025/04/21/[$LATEST]6bdb28606f5b4e4da8388fedb0d090f4",
        "timestamp": 1745268050466,
        "message": "REPORT RequestId: 1a3ad91b-812b-4803-b6af-912377d16d33\tDuration: 803.19 ms\tBilled Duration: 804 ms\tMemory Size: 128 MB\tMax Memory Used: 111 MB\t\n",
        "ingestionTime": 1745268054947,
        "eventId": "38920778096578550780138087032784286333793501410753249321"
    },
    {
        "logStreamName": "2025/04/21/[$LATEST]6bdb28606f5b4e4da8388fedb0d090f4",
        "timestamp": 1745268050672,
        "message": "START RequestId: d3517621-3131-4d4b-987e-0935204664ea Version: $LATEST\n",
        "ingestionTime": 1745268054947,
        "eventId": "38920778101172504291035395399940644297959063880985215018"
    },
    {
        "logStreamName": "2025/04/21/[$LATEST]6bdb28606f5b4e4da8388fedb0d090f4",
        "timestamp": 1745268050786,
        "message": "FILE_TRANSFER RequestId: d3517621-3131-4d4b-987e-0935204664ea\t TransferType: consumed\t Action: download_from_s3\t FileName: ORTHOMCL989\t Bucket: denethor\t FilePath: data/full_dataset/ORTHOMCL989\t LocalFilePath: /tmp/input/ORTHOMCL989\t FileSize: 3930 bytes\t TransferDuration: 112.9719360000081 ms\n",
        "ingestionTime": 1745268054947,
        "eventId": "38920778103714789243667886438075716181040977092666982443"
    },
    {
        "logStreamName": "2025/04/21/[$LATEST]6bdb28606f5b4e4da8388fedb0d090f4",
        "timestamp": 1745268050786,
        "message": "CONSUMED_FILES_INFO RequestId: d3517621-3131-4d4b-987e-0935204664ea\t FilesCount: 1 files\t FilesSize: 3930 bytes\t TransferDuration: 112.9719360000081 ms\t ConsumedFiles: ['ORTHOMCL989']\n",
        "ingestionTime": 1745268054947,
        "eventId": "38920778103714789243667886438075716181040977092666982444"
    },
    {
        "logStreamName": "2025/04/21/[$LATEST]6bdb28606f5b4e4da8388fedb0d090f4",
        "timestamp": 1745268051447,
        "message": "[INFO]\t2025-04-21T20:40:51.446Z\td3517621-3131-4d4b-987e-0935204664ea\tTREE_CONSTRUCTOR RequestId: d3517621-3131-4d4b-987e-0935204664ea\t Duration: 660.581776000015 ms\t InputFile:ORTHOMCL989\t OutputFile:['tree_ORTHOMCL989.nexus']\n",
        "ingestionTime": 1745268054947,
        "eventId": "38920778118455581819896628334630825959261544048120037421"
    },
    {
        "logStreamName": "2025/04/21/[$LATEST]6bdb28606f5b4e4da8388fedb0d090f4",
        "timestamp": 1745268051447,
        "message": "[INFO] 2025-04-21T20:40:51GMT TREE_CONSTRUCTOR RequestId: d3517621-3131-4d4b-987e-0935204664ea\t Duration: 660.581776000015 ms\t InputFile:ORTHOMCL989\t OutputFile:['tree_ORTHOMCL989.nexus']\n",
        "ingestionTime": 1745268054947,
        "eventId": "38920778118455581819896628334630825959261544048120037422"
    },
    {
        "logStreamName": "2025/04/21/[$LATEST]6bdb28606f5b4e4da8388fedb0d090f4",
        "timestamp": 1745268051637,
        "message": "FILE_TRANSFER RequestId: d3517621-3131-4d4b-987e-0935204664ea\t TransferType: produced\t Action: upload_to_s3\t FileName: tree_ORTHOMCL989.nexus\t Bucket: denethor\t FilePath: tree/tree_ORTHOMCL989.nexus\t LocalFilePath: /tmp/tree/tree_ORTHOMCL989.nexus\t FileSize: 407 bytes\t TransferDuration: 89.88241899999139 ms\n",
        "ingestionTime": 1745268054947,
        "eventId": "38920778122692723407617446731522612431064732734256316463"
    },
    {
        "logStreamName": "2025/04/21/[$LATEST]6bdb28606f5b4e4da8388fedb0d090f4",
        "timestamp": 1745268051637,
        "message": "PRODUCED_FILES_INFO RequestId: d3517621-3131-4d4b-987e-0935204664ea\t FilesCount: 1 files\t FilesSize: 407 bytes\t TransferDuration: 89.88241899999139 ms\t Provider: aws_lambda\t  ProducedFiles: ['tree_ORTHOMCL989.nexus']\n",
        "ingestionTime": 1745268054947,
        "eventId": "38920778122692723407617446731522612431064732734256316464"
    },
    {
        "logStreamName": "2025/04/21/[$LATEST]6bdb28606f5b4e4da8388fedb0d090f4",
        "timestamp": 1745268051646,
        "message": "END RequestId: d3517621-3131-4d4b-987e-0935204664ea\n",
        "ingestionTime": 1745268054947,
        "eventId": "38920778122893430114404222339796433895518567987810140209"
    },
    {
        "logStreamName": "2025/04/21/[$LATEST]6bdb28606f5b4e4da8388fedb0d090f4",
        "timestamp": 1745268051646,
        "message": "REPORT RequestId: d3517621-3131-4d4b-987e-0935204664ea\tDuration: 973.71 ms\tBilled Duration: 974 ms\tMemory Size: 128 MB\tMax Memory Used: 111 MB\t\n",
        "ingestionTime": 1745268054947,
        "eventId": "38920778122893430114404222339796433895518567987810140210"
    },
    {
        "logStreamName": "2025/04/21/[$LATEST]6bdb28606f5b4e4da8388fedb0d090f4",
        "timestamp": 1745268051827,
        "message": "START RequestId: aca6c088-04a2-44a8-95ea-39f9da2188ee Version: $LATEST\n",
        "ingestionTime": 1745268054947,
        "eventId": "38920778126929864995338265128414398902867921420392595507"
    },
    {
        "logStreamName": "2025/04/21/[$LATEST]6bdb28606f5b4e4da8388fedb0d090f4",
        "timestamp": 1745268051946,
        "message": "FILE_TRANSFER RequestId: aca6c088-04a2-44a8-95ea-39f9da2188ee\t TransferType: consumed\t Action: download_from_s3\t FileName: ORTHOMCL1008\t Bucket: denethor\t FilePath: data/full_dataset/ORTHOMCL1008\t LocalFilePath: /tmp/input/ORTHOMCL1008\t FileSize: 3431 bytes\t TransferDuration: 118.13105900000664 ms\n",
        "ingestionTime": 1745268054947,
        "eventId": "38920778129583653673963409282257149377313076439604265012"
    },
    {
        "logStreamName": "2025/04/21/[$LATEST]6bdb28606f5b4e4da8388fedb0d090f4",
        "timestamp": 1745268051946,
        "message": "CONSUMED_FILES_INFO RequestId: aca6c088-04a2-44a8-95ea-39f9da2188ee\t FilesCount: 1 files\t FilesSize: 3431 bytes\t TransferDuration: 118.13105900000664 ms\t ConsumedFiles: ['ORTHOMCL1008']\n",
        "ingestionTime": 1745268054947,
        "eventId": "38920778129583653673963409282257149377313076439604265013"
    },
    {
        "logStreamName": "2025/04/21/[$LATEST]6bdb28606f5b4e4da8388fedb0d090f4",
        "timestamp": 1745268052608,
        "message": "[INFO]\t2025-04-21T20:40:52.608Z\taca6c088-04a2-44a8-95ea-39f9da2188ee\tTREE_CONSTRUCTOR RequestId: aca6c088-04a2-44a8-95ea-39f9da2188ee\t Duration: 662.4016629999687 ms\t InputFile:ORTHOMCL1008\t OutputFile:['tree_ORTHOMCL1008.nexus']\n",
        "ingestionTime": 1745268054947,
        "eventId": "38920778144346746995390681801953794873806291756563300406"
    },
    {
        "logStreamName": "2025/04/21/[$LATEST]6bdb28606f5b4e4da8388fedb0d090f4",
        "timestamp": 1745268052608,
        "message": "[INFO] 2025-04-21T20:40:52GMT TREE_CONSTRUCTOR RequestId: aca6c088-04a2-44a8-95ea-39f9da2188ee\t Duration: 662.4016629999687 ms\t InputFile:ORTHOMCL1008\t OutputFile:['tree_ORTHOMCL1008.nexus']\n",
        "ingestionTime": 1745268054947,
        "eventId": "38920778144346746995390681801953794873806291756563300407"
    },
    {
        "logStreamName": "2025/04/21/[$LATEST]6bdb28606f5b4e4da8388fedb0d090f4",
        "timestamp": 1745268052795,
        "message": "FILE_TRANSFER RequestId: aca6c088-04a2-44a8-95ea-39f9da2188ee\t TransferType: produced\t Action: upload_to_s3\t FileName: tree_ORTHOMCL1008.nexus\t Bucket: denethor\t FilePath: tree/tree_ORTHOMCL1008.nexus\t LocalFilePath: /tmp/tree/tree_ORTHOMCL1008.nexus\t FileSize: 399 bytes\t TransferDuration: 86.58350000001747 ms\n",
        "ingestionTime": 1745268054947,
        "eventId": "38920778148516986347515908329420974190791535358181638200"
    },
    {
        "logStreamName": "2025/04/21/[$LATEST]6bdb28606f5b4e4da8388fedb0d090f4",
        "timestamp": 1745268052795,
        "message": "PRODUCED_FILES_INFO RequestId: aca6c088-04a2-44a8-95ea-39f9da2188ee\t FilesCount: 1 files\t FilesSize: 399 bytes\t TransferDuration: 86.58350000001747 ms\t Provider: aws_lambda\t  ProducedFiles: ['tree_ORTHOMCL1008.nexus']\n",
        "ingestionTime": 1745268054947,
        "eventId": "38920778148516986347515908329420974190791535358181638201"
    },
    {
        "logStreamName": "2025/04/21/[$LATEST]6bdb28606f5b4e4da8388fedb0d090f4",
        "timestamp": 1745268052806,
        "message": "END RequestId: aca6c088-04a2-44a8-95ea-39f9da2188ee\n",
        "ingestionTime": 1745268054947,
        "eventId": "38920778148762294544699745183977867091790667334747422778"
    },
    {
        "logStreamName": "2025/04/21/[$LATEST]6bdb28606f5b4e4da8388fedb0d090f4",
        "timestamp": 1745268052806,
        "message": "REPORT RequestId: aca6c088-04a2-44a8-95ea-39f9da2188ee\tDuration: 978.66 ms\tBilled Duration: 979 ms\tMemory Size: 128 MB\tMax Memory Used: 111 MB\t\n",
        "ingestionTime": 1745268054947,
        "eventId": "38920778148762294544699745183977867091790667334747422779"
    },
    {
        "logStreamName": "2025/04/21/[$LATEST]6bdb28606f5b4e4da8388fedb0d090f4",
        "timestamp": 1745268053032,
        "message": "START RequestId: fe0a6a25-daff-4770-ba9d-cc2356b9cb70 Version: $LATEST\n",
        "ingestionTime": 1745268054947,
        "eventId": "38920778153802262959567666013964939421409197035098996796"
    },
    {
        "logStreamName": "2025/04/21/[$LATEST]6bdb28606f5b4e4da8388fedb0d090f4",
        "timestamp": 1745268053146,
        "message": "FILE_TRANSFER RequestId: fe0a6a25-daff-4770-ba9d-cc2356b9cb70\t TransferType: consumed\t Action: download_from_s3\t FileName: ORTHOMCL1038\t Bucket: denethor\t FilePath: data/full_dataset/ORTHOMCL1038\t LocalFilePath: /tmp/input/ORTHOMCL1038\t FileSize: 4602 bytes\t TransferDuration: 113.16149500004258 ms\n",
        "ingestionTime": 1745268054947,
        "eventId": "38920778156344547912200157052100011304491110246780764221"
    },
    {
        "logStreamName": "2025/04/21/[$LATEST]6bdb28606f5b4e4da8388fedb0d090f4",
        "timestamp": 1745268053146,
        "message": "CONSUMED_FILES_INFO RequestId: fe0a6a25-daff-4770-ba9d-cc2356b9cb70\t FilesCount: 1 files\t FilesSize: 4602 bytes\t TransferDuration: 113.16149500004258 ms\t ConsumedFiles: ['ORTHOMCL1038']\n",
        "ingestionTime": 1745268054947,
        "eventId": "38920778156344547912200157052100011304491110246780764222"
    },
    {
        "logStreamName": "2025/04/21/[$LATEST]6bdb28606f5b4e4da8388fedb0d090f4",
        "timestamp": 1745268054009,
        "message": "[INFO]\t2025-04-21T20:40:54.009Z\tfe0a6a25-daff-4770-ba9d-cc2356b9cb70\tTREE_CONSTRUCTOR RequestId: fe0a6a25-daff-4770-ba9d-cc2356b9cb70\t Duration: 863.3688439999787 ms\t InputFile:ORTHOMCL1038\t OutputFile:['tree_ORTHOMCL1038.nexus']\n",
        "ingestionTime": 1745268054947,
        "eventId": "38920778175590091018532084823245336173786646226441863231"
    },
    {
        "logStreamName": "2025/04/21/[$LATEST]6bdb28606f5b4e4da8388fedb0d090f4",
        "timestamp": 1745268054009,
        "message": "[INFO] 2025-04-21T20:40:54GMT TREE_CONSTRUCTOR RequestId: fe0a6a25-daff-4770-ba9d-cc2356b9cb70\t Duration: 863.3688439999787 ms\t InputFile:ORTHOMCL1038\t OutputFile:['tree_ORTHOMCL1038.nexus']\n",
        "ingestionTime": 1745268054947,
        "eventId": "38920778175590091018532084823245336173786646226441863232"
    },
    {
        "logStreamName": "2025/04/21/[$LATEST]6bdb28606f5b4e4da8388fedb0d090f4",
        "timestamp": 1745268054235,
        "message": "FILE_TRANSFER RequestId: fe0a6a25-daff-4770-ba9d-cc2356b9cb70\t TransferType: produced\t Action: upload_to_s3\t FileName: tree_ORTHOMCL1038.nexus\t Bucket: denethor\t FilePath: tree/tree_ORTHOMCL1038.nexus\t LocalFilePath: /tmp/tree/tree_ORTHOMCL1038.nexus\t FileSize: 405 bytes\t TransferDuration: 69.43339399998649 ms\n",
        "ingestionTime": 1745268054947,
        "eventId": "38920778180630059433400005653232408503405175926793437249"
    },
    {
        "logStreamName": "2025/04/21/[$LATEST]6bdb28606f5b4e4da8388fedb0d090f4",
        "timestamp": 1745268054246,
        "message": "PRODUCED_FILES_INFO RequestId: fe0a6a25-daff-4770-ba9d-cc2356b9cb70\t FilesCount: 1 files\t FilesSize: 405 bytes\t TransferDuration: 69.43339399998649 ms\t Provider: aws_lambda\t  ProducedFiles: ['tree_ORTHOMCL1038.nexus']\n",
        "ingestionTime": 1745268054947,
        "eventId": "38920778180875367630583842507789301404404307903359221826"
    },
    {
        "logStreamName": "2025/04/21/[$LATEST]6bdb28606f5b4e4da8388fedb0d090f4",
        "timestamp": 1745268054247,
        "message": "END RequestId: fe0a6a25-daff-4770-ba9d-cc2356b9cb70\n",
        "ingestionTime": 1745268054947,
        "eventId": "38920778180897668375782373130930837122676956264865202243"
    },
    {
        "logStreamName": "2025/04/21/[$LATEST]6bdb28606f5b4e4da8388fedb0d090f4",
        "timestamp": 1745268054247,
        "message": "REPORT RequestId: fe0a6a25-daff-4770-ba9d-cc2356b9cb70\tDuration: 1214.94 ms\tBilled Duration: 1215 ms\tMemory Size: 128 MB\tMax Memory Used: 111 MB\t\n",
        "ingestionTime": 1745268054947,
        "eventId": "38920778180897668375782373130930837122676956264865202244"
    },
    {
        "logStreamName": "2025/04/21/[$LATEST]6bdb28606f5b4e4da8388fedb0d090f4",
        "timestamp": 1745268054447,
        "message": "START RequestId: b2e008da-323f-47d0-8338-1bf7dbaadd12 Version: $LATEST\n",
        "ingestionTime": 1745268054947,
        "eventId": "38920778185357817415488497759237980777206628566061285445"
    },
    {
        "logStreamName": "2025/04/21/[$LATEST]6bdb28606f5b4e4da8388fedb0d090f4",
        "timestamp": 1745268054566,
        "message": "FILE_TRANSFER RequestId: b2e008da-323f-47d0-8338-1bf7dbaadd12\t TransferType: consumed\t Action: download_from_s3\t FileName: ORTHOMCL1136\t Bucket: denethor\t FilePath: data/full_dataset/ORTHOMCL1136\t LocalFilePath: /tmp/input/ORTHOMCL1136\t FileSize: 4825 bytes\t TransferDuration: 118.10360200001924 ms\n",
        "ingestionTime": 1745268054947,
        "eventId": "38920778188011606094113641913080731251651783585272954950"
    },
    {
        "logStreamName": "2025/04/21/[$LATEST]6bdb28606f5b4e4da8388fedb0d090f4",
        "timestamp": 1745268054586,
        "message": "CONSUMED_FILES_INFO RequestId: b2e008da-323f-47d0-8338-1bf7dbaadd12\t FilesCount: 1 files\t FilesSize: 4825 bytes\t TransferDuration: 118.10360200001924 ms\t ConsumedFiles: ['ORTHOMCL1136']\n",
        "ingestionTime": 1745268054947,
        "eventId": "38920778188457620998084254375911445617104750815392563271"
    },
    {
        "logStreamName": "2025/04/21/[$LATEST]6bdb28606f5b4e4da8388fedb0d090f4",
        "timestamp": 1745268055469,
        "message": "[INFO]\t2025-04-21T20:40:55.469Z\tb2e008da-323f-47d0-8338-1bf7dbaadd12\tTREE_CONSTRUCTOR RequestId: b2e008da-323f-47d0-8338-1bf7dbaadd12\t Duration: 883.1698430000188 ms\t InputFile:ORTHOMCL1136\t OutputFile:['tree_ORTHOMCL1136.nexus']\n",
        "ingestionTime": 1745268064497,
        "eventId": "38920778208149179008386794621433055824375869523960659968"
    },
    {
        "logStreamName": "2025/04/21/[$LATEST]6bdb28606f5b4e4da8388fedb0d090f4",
        "timestamp": 1745268055469,
        "message": "[INFO] 2025-04-21T20:40:55GMT TREE_CONSTRUCTOR RequestId: b2e008da-323f-47d0-8338-1bf7dbaadd12\t Duration: 883.1698430000188 ms\t InputFile:ORTHOMCL1136\t OutputFile:['tree_ORTHOMCL1136.nexus']\n",
        "ingestionTime": 1745268064497,
        "eventId": "38920778208149179008386794621433055824375869523960659969"
    },
    {
        "logStreamName": "2025/04/21/[$LATEST]6bdb28606f5b4e4da8388fedb0d090f4",
        "timestamp": 1745268055653,
        "message": "FILE_TRANSFER RequestId: b2e008da-323f-47d0-8338-1bf7dbaadd12\t TransferType: produced\t Action: upload_to_s3\t FileName: tree_ORTHOMCL1136.nexus\t Bucket: denethor\t FilePath: tree/tree_ORTHOMCL1136.nexus\t LocalFilePath: /tmp/tree/tree_ORTHOMCL1136.nexus\t FileSize: 403 bytes\t TransferDuration: 83.61925299999484 ms\n",
        "ingestionTime": 1745268064497,
        "eventId": "38920778212252516124916429279475627986543168041061056514"
    },
    {
        "logStreamName": "2025/04/21/[$LATEST]6bdb28606f5b4e4da8388fedb0d090f4",
        "timestamp": 1745268055653,
        "message": "PRODUCED_FILES_INFO RequestId: b2e008da-323f-47d0-8338-1bf7dbaadd12\t FilesCount: 1 files\t FilesSize: 403 bytes\t TransferDuration: 83.61925299999484 ms\t Provider: aws_lambda\t  ProducedFiles: ['tree_ORTHOMCL1136.nexus']\n",
        "ingestionTime": 1745268064497,
        "eventId": "38920778212252516124916429279475627986543168041061056515"
    },
    {
        "logStreamName": "2025/04/21/[$LATEST]6bdb28606f5b4e4da8388fedb0d090f4",
        "timestamp": 1745268055654,
        "message": "END RequestId: b2e008da-323f-47d0-8338-1bf7dbaadd12\n",
        "ingestionTime": 1745268064497,
        "eventId": "38920778212274816870114959902617163704815816402567036932"
    },
    {
        "logStreamName": "2025/04/21/[$LATEST]6bdb28606f5b4e4da8388fedb0d090f4",
        "timestamp": 1745268055654,
        "message": "REPORT RequestId: b2e008da-323f-47d0-8338-1bf7dbaadd12\tDuration: 1206.98 ms\tBilled Duration: 1207 ms\tMemory Size: 128 MB\tMax Memory Used: 111 MB\t\n",
        "ingestionTime": 1745268064497,
        "eventId": "38920778212274816870114959902617163704815816402567036933"
    },
    {
        "logStreamName": "2025/04/21/[$LATEST]6bdb28606f5b4e4da8388fedb0d090f4",
        "timestamp": 1745268055798,
        "message": "START RequestId: 2acfe656-8dbe-400d-af21-649068941ac6 Version: $LATEST\n",
        "ingestionTime": 1745268064497,
        "eventId": "38920778215486124178703369634998307136077180459428216838"
    },
    {
        "logStreamName": "2025/04/21/[$LATEST]6bdb28606f5b4e4da8388fedb0d090f4",
        "timestamp": 1745268055926,
        "message": "FILE_TRANSFER RequestId: 2acfe656-8dbe-400d-af21-649068941ac6\t TransferType: consumed\t Action: download_from_s3\t FileName: ORTHOMCL1378\t Bucket: denethor\t FilePath: data/full_dataset/ORTHOMCL1378\t LocalFilePath: /tmp/input/ORTHOMCL1378\t FileSize: 5640 bytes\t TransferDuration: 127.41079599999239 ms\n",
        "ingestionTime": 1745268064497,
        "eventId": "38920778218340619564115289397114879074976170732193710087"
    },
    {
        "logStreamName": "2025/04/21/[$LATEST]6bdb28606f5b4e4da8388fedb0d090f4",
        "timestamp": 1745268055926,
        "message": "CONSUMED_FILES_INFO RequestId: 2acfe656-8dbe-400d-af21-649068941ac6\t FilesCount: 1 files\t FilesSize: 5640 bytes\t TransferDuration: 127.41079599999239 ms\t ConsumedFiles: ['ORTHOMCL1378']\n",
        "ingestionTime": 1745268064497,
        "eventId": "38920778218340619564115289397114879074976170732193710088"
    },
    {
        "logStreamName": "2025/04/21/[$LATEST]6bdb28606f5b4e4da8388fedb0d090f4",
        "timestamp": 1745268057412,
        "message": "[INFO]\t2025-04-21T20:40:57.411Z\t2acfe656-8dbe-400d-af21-649068941ac6\tTREE_CONSTRUCTOR RequestId: 2acfe656-8dbe-400d-af21-649068941ac6\t Duration: 1485.6115200000204 ms\t InputFile:ORTHOMCL1378\t OutputFile:['tree_ORTHOMCL1378.nexus']\n",
        "ingestionTime": 1745268064497,
        "eventId": "38920778251479526929131795385436956428131635930080608265"
    },
    {
        "logStreamName": "2025/04/21/[$LATEST]6bdb28606f5b4e4da8388fedb0d090f4",
        "timestamp": 1745268057425,
        "message": "[INFO] 2025-04-21T20:40:57GMT TREE_CONSTRUCTOR RequestId: 2acfe656-8dbe-400d-af21-649068941ac6\t Duration: 1485.6115200000204 ms\t InputFile:ORTHOMCL1378\t OutputFile:['tree_ORTHOMCL1378.nexus']\n",
        "ingestionTime": 1745268064497,
        "eventId": "38920778251769436616712693486276920765676064629658353674"
    },
    {
        "logStreamName": "2025/04/21/[$LATEST]6bdb28606f5b4e4da8388fedb0d090f4",
        "timestamp": 1745268057597,
        "message": "FILE_TRANSFER RequestId: 2acfe656-8dbe-400d-af21-649068941ac6\t TransferType: produced\t Action: upload_to_s3\t FileName: tree_ORTHOMCL1378.nexus\t Bucket: denethor\t FilePath: tree/tree_ORTHOMCL1378.nexus\t LocalFilePath: /tmp/tree/tree_ORTHOMCL1378.nexus\t FileSize: 349 bytes\t TransferDuration: 84.7033930000407 ms\n",
        "ingestionTime": 1745268064497,
        "eventId": "38920778255605164790859960666621064308571582808686985227"
    },
    {
        "logStreamName": "2025/04/21/[$LATEST]6bdb28606f5b4e4da8388fedb0d090f4",
        "timestamp": 1745268057597,
        "message": "PRODUCED_FILES_INFO RequestId: 2acfe656-8dbe-400d-af21-649068941ac6\t FilesCount: 1 files\t FilesSize: 349 bytes\t TransferDuration: 84.7033930000407 ms\t Provider: aws_lambda\t  ProducedFiles: ['tree_ORTHOMCL1378.nexus']\n",
        "ingestionTime": 1745268064497,
        "eventId": "38920778255605164790859960666621064308571582808686985228"
    },
    {
        "logStreamName": "2025/04/21/[$LATEST]6bdb28606f5b4e4da8388fedb0d090f4",
        "timestamp": 1745268057598,
        "message": "END RequestId: 2acfe656-8dbe-400d-af21-649068941ac6\n",
        "ingestionTime": 1745268064497,
        "eventId": "38920778255627465536058491289762600026844231170192965645"
    },
    {
        "logStreamName": "2025/04/21/[$LATEST]6bdb28606f5b4e4da8388fedb0d090f4",
        "timestamp": 1745268057598,
        "message": "REPORT RequestId: 2acfe656-8dbe-400d-af21-649068941ac6\tDuration: 1800.11 ms\tBilled Duration: 1801 ms\tMemory Size: 128 MB\tMax Memory Used: 111 MB\t\n",
        "ingestionTime": 1745268064497,
        "eventId": "38920778255627465536058491289762600026844231170192965646"
    },
    {
        "logStreamName": "2025/04/21/[$LATEST]6bdb28606f5b4e4da8388fedb0d090f4",
        "timestamp": 1745268057738,
        "message": "START RequestId: cfecc855-07a3-467e-ac2e-5fe3ef5294e4 Version: $LATEST\n",
        "ingestionTime": 1745268064497,
        "eventId": "38920778258749569863852778529577600585015001781030223887"
    },
    {
        "logStreamName": "2025/04/21/[$LATEST]6bdb28606f5b4e4da8388fedb0d090f4",
        "timestamp": 1745268057846,
        "message": "FILE_TRANSFER RequestId: cfecc855-07a3-467e-ac2e-5fe3ef5294e4\t TransferType: consumed\t Action: download_from_s3\t FileName: ORTHOMCL1813\t Bucket: denethor\t FilePath: data/full_dataset/ORTHOMCL1813\t LocalFilePath: /tmp/input/ORTHOMCL1813\t FileSize: 2802 bytes\t TransferDuration: 106.62229799999068 ms\n",
        "ingestionTime": 1745268064497,
        "eventId": "38920778261158050345294085828863458158461024823676108816"
    },
    {
        "logStreamName": "2025/04/21/[$LATEST]6bdb28606f5b4e4da8388fedb0d090f4",
        "timestamp": 1745268057846,
        "message": "CONSUMED_FILES_INFO RequestId: cfecc855-07a3-467e-ac2e-5fe3ef5294e4\t FilesCount: 1 files\t FilesSize: 2802 bytes\t TransferDuration: 106.62229799999068 ms\t ConsumedFiles: ['ORTHOMCL1813']\n",
        "ingestionTime": 1745268064497,
        "eventId": "38920778261158050345294085828863458158461024823676108817"
    },
    {
        "logStreamName": "2025/04/21/[$LATEST]6bdb28606f5b4e4da8388fedb0d090f4",
        "timestamp": 1745268058067,
        "message": "[INFO]\t2025-04-21T20:40:58.067Z\tcfecc855-07a3-467e-ac2e-5fe3ef5294e4\tTREE_CONSTRUCTOR RequestId: cfecc855-07a3-467e-ac2e-5fe3ef5294e4\t Duration: 220.79818299999943 ms\t InputFile:ORTHOMCL1813\t OutputFile:['tree_ORTHOMCL1813.nexus']\n",
        "ingestionTime": 1745268064497,
        "eventId": "38920778266086515034169353543142851896716312716497780754"
    },
    {
        "logStreamName": "2025/04/21/[$LATEST]6bdb28606f5b4e4da8388fedb0d090f4",
        "timestamp": 1745268058067,
        "message": "[INFO] 2025-04-21T20:40:58GMT TREE_CONSTRUCTOR RequestId: cfecc855-07a3-467e-ac2e-5fe3ef5294e4\t Duration: 220.79818299999943 ms\t InputFile:ORTHOMCL1813\t OutputFile:['tree_ORTHOMCL1813.nexus']\n",
        "ingestionTime": 1745268064497,
        "eventId": "38920778266086515034169353543142851896716312716497780755"
    },
    {
        "logStreamName": "2025/04/21/[$LATEST]6bdb28606f5b4e4da8388fedb0d090f4",
        "timestamp": 1745268058251,
        "message": "FILE_TRANSFER RequestId: cfecc855-07a3-467e-ac2e-5fe3ef5294e4\t TransferType: produced\t Action: upload_to_s3\t FileName: tree_ORTHOMCL1813.nexus\t Bucket: denethor\t FilePath: tree/tree_ORTHOMCL1813.nexus\t LocalFilePath: /tmp/tree/tree_ORTHOMCL1813.nexus\t FileSize: 339 bytes\t TransferDuration: 83.75173799998947 ms\n",
        "ingestionTime": 1745268064497,
        "eventId": "38920778270189852150698988201185424058883611233598177300"
    },
    {
        "logStreamName": "2025/04/21/[$LATEST]6bdb28606f5b4e4da8388fedb0d090f4",
        "timestamp": 1745268058251,
        "message": "PRODUCED_FILES_INFO RequestId: cfecc855-07a3-467e-ac2e-5fe3ef5294e4\t FilesCount: 1 files\t FilesSize: 339 bytes\t TransferDuration: 83.75173799998947 ms\t Provider: aws_lambda\t  ProducedFiles: ['tree_ORTHOMCL1813.nexus']\n",
        "ingestionTime": 1745268064497,
        "eventId": "38920778270189852150698988201185424058883611233598177301"
    },
    {
        "logStreamName": "2025/04/21/[$LATEST]6bdb28606f5b4e4da8388fedb0d090f4",
        "timestamp": 1745268058252,
        "message": "END RequestId: cfecc855-07a3-467e-ac2e-5fe3ef5294e4\n",
        "ingestionTime": 1745268064497,
        "eventId": "38920778270212152895897518824326959777156259595104157718"
    },
    {
        "logStreamName": "2025/04/21/[$LATEST]6bdb28606f5b4e4da8388fedb0d090f4",
        "timestamp": 1745268058252,
        "message": "REPORT RequestId: cfecc855-07a3-467e-ac2e-5fe3ef5294e4\tDuration: 513.60 ms\tBilled Duration: 514 ms\tMemory Size: 128 MB\tMax Memory Used: 111 MB\t\n",
        "ingestionTime": 1745268064497,
        "eventId": "38920778270212152895897518824326959777156259595104157719"
    },
    {
        "logStreamName": "2025/04/21/[$LATEST]6bdb28606f5b4e4da8388fedb0d090f4",
        "timestamp": 1745268058458,
        "message": "START RequestId: e6160bda-483d-4379-98f9-f638a6945ae9 Version: $LATEST\n",
        "ingestionTime": 1745268064497,
        "eventId": "38920778274806106406794827191483317741321822065336123416"
    },
    {
        "logStreamName": "2025/04/21/[$LATEST]6bdb28606f5b4e4da8388fedb0d090f4",
        "timestamp": 1745268058566,
        "message": "FILE_TRANSFER RequestId: e6160bda-483d-4379-98f9-f638a6945ae9\t TransferType: consumed\t Action: download_from_s3\t FileName: ORTHOMCL1890\t Bucket: denethor\t FilePath: data/full_dataset/ORTHOMCL1890\t LocalFilePath: /tmp/input/ORTHOMCL1890\t FileSize: 6258 bytes\t TransferDuration: 107.98551700003145 ms\n",
        "ingestionTime": 1745268064497,
        "eventId": "38920778277214586888236134490769175314767845107982008345"
    },
    {
        "logStreamName": "2025/04/21/[$LATEST]6bdb28606f5b4e4da8388fedb0d090f4",
        "timestamp": 1745268058566,
        "message": "CONSUMED_FILES_INFO RequestId: e6160bda-483d-4379-98f9-f638a6945ae9\t FilesCount: 1 files\t FilesSize: 6258 bytes\t TransferDuration: 107.98551700003145 ms\t ConsumedFiles: ['ORTHOMCL1890']\n",
        "ingestionTime": 1745268064497,
        "eventId": "38920778277214586888236134490769175314767845107982008346"
    },
    {
        "logStreamName": "2025/04/21/[$LATEST]6bdb28606f5b4e4da8388fedb0d090f4",
        "timestamp": 1745268060167,
        "message": "[INFO]\t2025-04-21T20:41:00.167Z\te6160bda-483d-4379-98f9-f638a6945ae9\tTREE_CONSTRUCTOR RequestId: e6160bda-483d-4379-98f9-f638a6945ae9\t Duration: 1600.9380329999772 ms\t InputFile:ORTHOMCL1890\t OutputFile:['tree_ORTHOMCL1890.nexus']\n",
        "ingestionTime": 1745268064497,
        "eventId": "38920778312918079951083662140367860269277871879056654363"
    },
    {
        "logStreamName": "2025/04/21/[$LATEST]6bdb28606f5b4e4da8388fedb0d090f4",
        "timestamp": 1745268060167,
        "message": "[INFO] 2025-04-21T20:41:00GMT TREE_CONSTRUCTOR RequestId: e6160bda-483d-4379-98f9-f638a6945ae9\t Duration: 1600.9380329999772 ms\t InputFile:ORTHOMCL1890\t OutputFile:['tree_ORTHOMCL1890.nexus']\n",
        "ingestionTime": 1745268064497,
        "eventId": "38920778312918079951083662140367860269277871879056654364"
    },
    {
        "logStreamName": "2025/04/21/[$LATEST]6bdb28606f5b4e4da8388fedb0d090f4",
        "timestamp": 1745268060357,
        "message": "FILE_TRANSFER RequestId: e6160bda-483d-4379-98f9-f638a6945ae9\t TransferType: produced\t Action: upload_to_s3\t FileName: tree_ORTHOMCL1890.nexus\t Bucket: denethor\t FilePath: tree/tree_ORTHOMCL1890.nexus\t LocalFilePath: /tmp/tree/tree_ORTHOMCL1890.nexus\t FileSize: 347 bytes\t TransferDuration: 88.93162099997198 ms\n",
        "ingestionTime": 1745268064497,
        "eventId": "38920778317155221538804480537259646741081060565192933405"
    },
    {
        "logStreamName": "2025/04/21/[$LATEST]6bdb28606f5b4e4da8388fedb0d090f4",
        "timestamp": 1745268060357,
        "message": "PRODUCED_FILES_INFO RequestId: e6160bda-483d-4379-98f9-f638a6945ae9\t FilesCount: 1 files\t FilesSize: 347 bytes\t TransferDuration: 88.93162099997198 ms\t Provider: aws_lambda\t  ProducedFiles: ['tree_ORTHOMCL1890.nexus']\n",
        "ingestionTime": 1745268064497,
        "eventId": "38920778317155221538804480537259646741081060565192933406"
    },
    {
        "logStreamName": "2025/04/21/[$LATEST]6bdb28606f5b4e4da8388fedb0d090f4",
        "timestamp": 1745268060366,
        "message": "END RequestId: e6160bda-483d-4379-98f9-f638a6945ae9\n",
        "ingestionTime": 1745268064497,
        "eventId": "38920778317355928245591256145533468205534895818746757151"
    },
    {
        "logStreamName": "2025/04/21/[$LATEST]6bdb28606f5b4e4da8388fedb0d090f4",
        "timestamp": 1745268060366,
        "message": "REPORT RequestId: e6160bda-483d-4379-98f9-f638a6945ae9\tDuration: 1908.35 ms\tBilled Duration: 1909 ms\tMemory Size: 128 MB\tMax Memory Used: 111 MB\t\n",
        "ingestionTime": 1745268064497,
        "eventId": "38920778317355928245591256145533468205534895818746757152"
    },
    {
        "logStreamName": "2025/04/21/[$LATEST]6bdb28606f5b4e4da8388fedb0d090f4",
        "timestamp": 1745268060507,
        "message": "START RequestId: b59b1010-6aaa-4da6-b102-4b3da040200a Version: $LATEST\n",
        "ingestionTime": 1745268064497,
        "eventId": "38920778320500333318584074008490004481978314791089995809"
    },
    {
        "logStreamName": "2025/04/21/[$LATEST]6bdb28606f5b4e4da8388fedb0d090f4",
        "timestamp": 1745268060626,
        "message": "FILE_TRANSFER RequestId: b59b1010-6aaa-4da6-b102-4b3da040200a\t TransferType: consumed\t Action: download_from_s3\t FileName: ORTHOMCL1915\t Bucket: denethor\t FilePath: data/full_dataset/ORTHOMCL1915\t LocalFilePath: /tmp/input/ORTHOMCL1915\t FileSize: 2278 bytes\t TransferDuration: 118.56155100002752 ms\n",
        "ingestionTime": 1745268064497,
        "eventId": "38920778323154121997209218162332754956423469810301665314"
    },
    {
        "logStreamName": "2025/04/21/[$LATEST]6bdb28606f5b4e4da8388fedb0d090f4",
        "timestamp": 1745268060626,
        "message": "CONSUMED_FILES_INFO RequestId: b59b1010-6aaa-4da6-b102-4b3da040200a\t FilesCount: 1 files\t FilesSize: 2278 bytes\t TransferDuration: 118.56155100002752 ms\t ConsumedFiles: ['ORTHOMCL1915']\n",
        "ingestionTime": 1745268064497,
        "eventId": "38920778323154121997209218162332754956423469810301665315"
    },
    {
        "logStreamName": "2025/04/21/[$LATEST]6bdb28606f5b4e4da8388fedb0d090f4",
        "timestamp": 1745268060786,
        "message": "[INFO]\t2025-04-21T20:41:00.786Z\tb59b1010-6aaa-4da6-b102-4b3da040200a\tTREE_CONSTRUCTOR RequestId: b59b1010-6aaa-4da6-b102-4b3da040200a\t Duration: 159.82201299999588 ms\t InputFile:ORTHOMCL1915\t OutputFile:['tree_ORTHOMCL1915.nexus']\n",
        "ingestionTime": 1745268064497,
        "eventId": "38920778326722241228974117864978469880047207651258531876"
    },
    {
        "logStreamName": "2025/04/21/[$LATEST]6bdb28606f5b4e4da8388fedb0d090f4",
        "timestamp": 1745268060786,
        "message": "[INFO] 2025-04-21T20:41:00GMT TREE_CONSTRUCTOR RequestId: b59b1010-6aaa-4da6-b102-4b3da040200a\t Duration: 159.82201299999588 ms\t InputFile:ORTHOMCL1915\t OutputFile:['tree_ORTHOMCL1915.nexus']\n",
        "ingestionTime": 1745268064497,
        "eventId": "38920778326722241228974117864978469880047207651258531877"
    },
    {
        "logStreamName": "2025/04/21/[$LATEST]6bdb28606f5b4e4da8388fedb0d090f4",
        "timestamp": 1745268060972,
        "message": "FILE_TRANSFER RequestId: b59b1010-6aaa-4da6-b102-4b3da040200a\t TransferType: produced\t Action: upload_to_s3\t FileName: tree_ORTHOMCL1915.nexus\t Bucket: denethor\t FilePath: tree/tree_ORTHOMCL1915.nexus\t LocalFilePath: /tmp/tree/tree_ORTHOMCL1915.nexus\t FileSize: 291 bytes\t TransferDuration: 85.82563499999196 ms\n",
        "ingestionTime": 1745268064497,
        "eventId": "38920778330870179835900813769304113478759802891370889254"
    },
    {
        "logStreamName": "2025/04/21/[$LATEST]6bdb28606f5b4e4da8388fedb0d090f4",
        "timestamp": 1745268060972,
        "message": "PRODUCED_FILES_INFO RequestId: b59b1010-6aaa-4da6-b102-4b3da040200a\t FilesCount: 1 files\t FilesSize: 291 bytes\t TransferDuration: 85.82563499999196 ms\t Provider: aws_lambda\t  ProducedFiles: ['tree_ORTHOMCL1915.nexus']\n",
        "ingestionTime": 1745268064497,
        "eventId": "38920778330870179835900813769304113478759802891370889255"
    },
    {
        "logStreamName": "2025/04/21/[$LATEST]6bdb28606f5b4e4da8388fedb0d090f4",
        "timestamp": 1745268060986,
        "message": "END RequestId: b59b1010-6aaa-4da6-b102-4b3da040200a\n",
        "ingestionTime": 1745268064497,
        "eventId": "38920778331182390268680242493285613534576879952454615080"
    },
    {
        "logStreamName": "2025/04/21/[$LATEST]6bdb28606f5b4e4da8388fedb0d090f4",
        "timestamp": 1745268060986,
        "message": "REPORT RequestId: b59b1010-6aaa-4da6-b102-4b3da040200a\tDuration: 479.37 ms\tBilled Duration: 480 ms\tMemory Size: 128 MB\tMax Memory Used: 111 MB\t\n",
        "ingestionTime": 1745268064497,
        "eventId": "38920778331182390268680242493285613534576879952454615081"
    },
    {
        "logStreamName": "2025/04/21/[$LATEST]6bdb28606f5b4e4da8388fedb0d090f4",
        "timestamp": 1745268061125,
        "message": "START RequestId: 7963e4eb-f04e-4dac-aadf-e18c29586847 Version: $LATEST\n",
        "ingestionTime": 1745268064497,
        "eventId": "38920778334282193851275999109959078374475002201785892906"
    },
    {
        "logStreamName": "2025/04/21/[$LATEST]6bdb28606f5b4e4da8388fedb0d090f4",
        "timestamp": 1745268061246,
        "message": "FILE_TRANSFER RequestId: 7963e4eb-f04e-4dac-aadf-e18c29586847\t TransferType: consumed\t Action: download_from_s3\t FileName: ORTHOMCL1965\t Bucket: denethor\t FilePath: data/full_dataset/ORTHOMCL1965\t LocalFilePath: /tmp/input/ORTHOMCL1965\t FileSize: 3836 bytes\t TransferDuration: 120.05031799998278 ms\n",
        "ingestionTime": 1745268064497,
        "eventId": "38920778336980584020298204510084900285465453944009523243"
    },
    {
        "logStreamName": "2025/04/21/[$LATEST]6bdb28606f5b4e4da8388fedb0d090f4",
        "timestamp": 1745268061246,
        "message": "CONSUMED_FILES_INFO RequestId: 7963e4eb-f04e-4dac-aadf-e18c29586847\t FilesCount: 1 files\t FilesSize: 3836 bytes\t TransferDuration: 120.05031799998278 ms\t ConsumedFiles: ['ORTHOMCL1965']\n",
        "ingestionTime": 1745268064497,
        "eventId": "38920778336980584020298204510084900285465453944009523244"
    },
    {
        "logStreamName": "2025/04/21/[$LATEST]6bdb28606f5b4e4da8388fedb0d090f4",
        "timestamp": 1745268061628,
        "message": "[INFO]\t2025-04-21T20:41:01.627Z\t7963e4eb-f04e-4dac-aadf-e18c29586847\tTREE_CONSTRUCTOR RequestId: 7963e4eb-f04e-4dac-aadf-e18c29586847\t Duration: 381.53223899996647 ms\t InputFile:ORTHOMCL1965\t OutputFile:['tree_ORTHOMCL1965.nexus']\n",
        "ingestionTime": 1745268064497,
        "eventId": "38920778345499468686136902550151544665617128039294042157"
    },
    {
        "logStreamName": "2025/04/21/[$LATEST]6bdb28606f5b4e4da8388fedb0d090f4",
        "timestamp": 1745268061628,
        "message": "[INFO] 2025-04-21T20:41:01GMT TREE_CONSTRUCTOR RequestId: 7963e4eb-f04e-4dac-aadf-e18c29586847\t Duration: 381.53223899996647 ms\t InputFile:ORTHOMCL1965\t OutputFile:['tree_ORTHOMCL1965.nexus']\n",
        "ingestionTime": 1745268064497,
        "eventId": "38920778345499468686136902550151544665617128039294042158"
    },
    {
        "logStreamName": "2025/04/21/[$LATEST]6bdb28606f5b4e4da8388fedb0d090f4",
        "timestamp": 1745268061816,
        "message": "FILE_TRANSFER RequestId: 7963e4eb-f04e-4dac-aadf-e18c29586847\t TransferType: produced\t Action: upload_to_s3\t FileName: tree_ORTHOMCL1965.nexus\t Bucket: denethor\t FilePath: tree/tree_ORTHOMCL1965.nexus\t LocalFilePath: /tmp/tree/tree_ORTHOMCL1965.nexus\t FileSize: 339 bytes\t TransferDuration: 87.55813899995246 ms\n",
        "ingestionTime": 1745268064497,
        "eventId": "38920778349692008783460659700760259700875020002418360367"
    },
    {
        "logStreamName": "2025/04/21/[$LATEST]6bdb28606f5b4e4da8388fedb0d090f4",
        "timestamp": 1745268061816,
        "message": "PRODUCED_FILES_INFO RequestId: 7963e4eb-f04e-4dac-aadf-e18c29586847\t FilesCount: 1 files\t FilesSize: 339 bytes\t TransferDuration: 87.55813899995246 ms\t Provider: aws_lambda\t  ProducedFiles: ['tree_ORTHOMCL1965.nexus']\n",
        "ingestionTime": 1745268064497,
        "eventId": "38920778349692008783460659700760259700875020002418360368"
    },
    {
        "logStreamName": "2025/04/21/[$LATEST]6bdb28606f5b4e4da8388fedb0d090f4",
        "timestamp": 1745268061826,
        "message": "END RequestId: 7963e4eb-f04e-4dac-aadf-e18c29586847\n",
        "ingestionTime": 1745268064497,
        "eventId": "38920778349915016235445965932175616883601503617478164529"
    },
    {
        "logStreamName": "2025/04/21/[$LATEST]6bdb28606f5b4e4da8388fedb0d090f4",
        "timestamp": 1745268061826,
        "message": "REPORT RequestId: 7963e4eb-f04e-4dac-aadf-e18c29586847\tDuration: 700.71 ms\tBilled Duration: 701 ms\tMemory Size: 128 MB\tMax Memory Used: 111 MB\t\n",
        "ingestionTime": 1745268064497,
        "eventId": "38920778349915016235445965932175616883601503617478164530"
    },
    {
        "logStreamName": "2025/04/21/[$LATEST]6bdb28606f5b4e4da8388fedb0d090f4",
        "timestamp": 1745268061943,
        "message": "START RequestId: dcb25d93-6629-4a58-b08a-90c02cbacfc7 Version: $LATEST\n",
        "ingestionTime": 1745268064497,
        "eventId": "38920778352524203423674048839735295921501361913677873203"
    },
    {
        "logStreamName": "2025/04/21/[$LATEST]6bdb28606f5b4e4da8388fedb0d090f4",
        "timestamp": 1745268062046,
        "message": "FILE_TRANSFER RequestId: dcb25d93-6629-4a58-b08a-90c02cbacfc7\t TransferType: consumed\t Action: download_from_s3\t FileName: ORTHOMCL1996\t Bucket: denethor\t FilePath: data/full_dataset/ORTHOMCL1996\t LocalFilePath: /tmp/input/ORTHOMCL1996\t FileSize: 3506 bytes\t TransferDuration: 102.11501800000633 ms\n",
        "ingestionTime": 1745268064497,
        "eventId": "38920778354821180179122703023313474903584143148793856052"
    },
    {
        "logStreamName": "2025/04/21/[$LATEST]6bdb28606f5b4e4da8388fedb0d090f4",
        "timestamp": 1745268062046,
        "message": "CONSUMED_FILES_INFO RequestId: dcb25d93-6629-4a58-b08a-90c02cbacfc7\t FilesCount: 1 files\t FilesSize: 3506 bytes\t TransferDuration: 102.11501800000633 ms\t ConsumedFiles: ['ORTHOMCL1996']\n",
        "ingestionTime": 1745268064497,
        "eventId": "38920778354821180179122703023313474903584143148793856053"
    },
    {
        "logStreamName": "2025/04/21/[$LATEST]6bdb28606f5b4e4da8388fedb0d090f4",
        "timestamp": 1745268062488,
        "message": "[INFO]\t2025-04-21T20:41:02.488Z\tdcb25d93-6629-4a58-b08a-90c02cbacfc7\tTREE_CONSTRUCTOR RequestId: dcb25d93-6629-4a58-b08a-90c02cbacfc7\t Duration: 442.03653499999973 ms\t InputFile:ORTHOMCL1996\t OutputFile:['tree_ORTHOMCL1996.nexus']\n",
        "ingestionTime": 1745268064497,
        "eventId": "38920778364678109556873238451872262380094718934437199926"
    },
    {
        "logStreamName": "2025/04/21/[$LATEST]6bdb28606f5b4e4da8388fedb0d090f4",
        "timestamp": 1745268062488,
        "message": "[INFO] 2025-04-21T20:41:02GMT TREE_CONSTRUCTOR RequestId: dcb25d93-6629-4a58-b08a-90c02cbacfc7\t Duration: 442.03653499999973 ms\t InputFile:ORTHOMCL1996\t OutputFile:['tree_ORTHOMCL1996.nexus']\n",
        "ingestionTime": 1745268064497,
        "eventId": "38920778364678109556873238451872262380094718934437199927"
    },
    {
        "logStreamName": "2025/04/21/[$LATEST]6bdb28606f5b4e4da8388fedb0d090f4",
        "timestamp": 1745268062673,
        "message": "FILE_TRANSFER RequestId: dcb25d93-6629-4a58-b08a-90c02cbacfc7\t TransferType: produced\t Action: upload_to_s3\t FileName: tree_ORTHOMCL1996.nexus\t Bucket: denethor\t FilePath: tree/tree_ORTHOMCL1996.nexus\t LocalFilePath: /tmp/tree/tree_ORTHOMCL1996.nexus\t FileSize: 339 bytes\t TransferDuration: 84.31846000001997 ms\n",
        "ingestionTime": 1745268064497,
        "eventId": "38920778368803747418601403733056370260534665813043576888"
    },
    {
        "logStreamName": "2025/04/21/[$LATEST]6bdb28606f5b4e4da8388fedb0d090f4",
        "timestamp": 1745268062673,
        "message": "PRODUCED_FILES_INFO RequestId: dcb25d93-6629-4a58-b08a-90c02cbacfc7\t FilesCount: 1 files\t FilesSize: 339 bytes\t TransferDuration: 84.31846000001997 ms\t Provider: aws_lambda\t  ProducedFiles: ['tree_ORTHOMCL1996.nexus']\n",
        "ingestionTime": 1745268064497,
        "eventId": "38920778368803747418601403733056370260534665813043576889"
    },
    {
        "logStreamName": "2025/04/21/[$LATEST]6bdb28606f5b4e4da8388fedb0d090f4",
        "timestamp": 1745268062674,
        "message": "END RequestId: dcb25d93-6629-4a58-b08a-90c02cbacfc7\n",
        "ingestionTime": 1745268064497,
        "eventId": "38920778368826048163799934356197905978807314174549557306"
    },
    {
        "logStreamName": "2025/04/21/[$LATEST]6bdb28606f5b4e4da8388fedb0d090f4",
        "timestamp": 1745268062674,
        "message": "REPORT RequestId: dcb25d93-6629-4a58-b08a-90c02cbacfc7\tDuration: 730.87 ms\tBilled Duration: 731 ms\tMemory Size: 128 MB\tMax Memory Used: 111 MB\t\n",
        "ingestionTime": 1745268064497,
        "eventId": "38920778368826048163799934356197905978807314174549557307"
    }
]