[
    {
        "logStreamName": "2025/04/21/[$LATEST]50cdd343cf324961a0d216d257aa44c5",
        "timestamp": 1745269273362,
        "message": "INIT_START Runtime Version: python:3.10.v64\tRuntime Version ARN: arn:aws:lambda:sa-east-1::runtime:d56bdc8857b2109a058de2ab50bfb80ac2aa600be6f7855a436859944e5fe54b\n",
        "ingestionTime": 1745269280064,
        "eventId": "38920805368070651082443005805323540865426123595361419264"
    },
    {
        "logStreamName": "2025/04/21/[$LATEST]50cdd343cf324961a0d216d257aa44c5",
        "timestamp": 1745269274153,
        "message": "START RequestId: 1664f3a5-9b76-49c3-80da-a28741eeca55 Version: $LATEST\n",
        "ingestionTime": 1745269280064,
        "eventId": "38920805385710540534480728710278294019090977546591928321"
    },
    {
        "logStreamName": "2025/04/21/[$LATEST]50cdd343cf324961a0d216d257aa44c5",
        "timestamp": 1745269274154,
        "message": "Directory /tmp/mafdb was created!\n",
        "ingestionTime": 1745269280064,
        "eventId": "38920805385732841279679259333419829737363625908097908738"
    },
    {
        "logStreamName": "2025/04/21/[$LATEST]50cdd343cf324961a0d216d257aa44c5",
        "timestamp": 1745269274246,
        "message": "FILE_TRANSFER RequestId: 1664f3a5-9b76-49c3-80da-a28741eeca55\t TransferType: consumed\t Action: download_from_s3\t FileName: mafdb_c451a256436a5fc45a562eaf2fead8dd42917b32894e636d2b705f5405224a88.json\t Bucket: denethor\t FilePath: mafdb/mafdb_c451a256436a5fc45a562eaf2fead8dd42917b32894e636d2b705f5405224a88.json\t LocalFilePath: /tmp/mafdb/mafdb_c451a256436a5fc45a562eaf2fead8dd42917b32894e636d2b705f5405224a88.json\t FileSize: 355 bytes\t TransferDuration: 92.1177400000488 ms\n",
        "ingestionTime": 1745269280064,
        "eventId": "38920805387784509837944076662441115818447275166648107011"
    },
    {
        "logStreamName": "2025/04/21/[$LATEST]50cdd343cf324961a0d216d257aa44c5",
        "timestamp": 1745269274293,
        "message": "FILE_TRANSFER RequestId: 1664f3a5-9b76-49c3-80da-a28741eeca55\t TransferType: consumed\t Action: download_from_s3\t FileName: mafdb_3891ae3bc299950ca7a78c4d495828659f2cb320e0641ad8c6bfc4ced2d8e2b0.json\t Bucket: denethor\t FilePath: mafdb/mafdb_3891ae3bc299950ca7a78c4d495828659f2cb320e0641ad8c6bfc4ced2d8e2b0.json\t LocalFilePath: /tmp/mafdb/mafdb_3891ae3bc299950ca7a78c4d495828659f2cb320e0641ad8c6bfc4ced2d8e2b0.json\t FileSize: 355 bytes\t TransferDuration: 47.06395999983215 ms\n",
        "ingestionTime": 1745269280064,
        "eventId": "38920805388832644862275015950093294577261748157429186564"
    },
    {
        "logStreamName": "2025/04/21/[$LATEST]50cdd343cf324961a0d216d257aa44c5",
        "timestamp": 1745269274340,
        "message": "FILE_TRANSFER RequestId: 1664f3a5-9b76-49c3-80da-a28741eeca55\t TransferType: consumed\t Action: download_from_s3\t FileName: mafdb_c3c2025f352d34b4b79a48619176577388b06f30619772ddea31df49ee988aff.json\t Bucket: denethor\t FilePath: mafdb/mafdb_c3c2025f352d34b4b79a48619176577388b06f30619772ddea31df49ee988aff.json\t LocalFilePath: /tmp/mafdb/mafdb_c3c2025f352d34b4b79a48619176577388b06f30619772ddea31df49ee988aff.json\t FileSize: 314 bytes\t TransferDuration: 46.76804000018819 ms\n",
        "ingestionTime": 1745269280064,
        "eventId": "38920805389880779886605955237745473336076221148210266117"
    },
    {
        "logStreamName": "2025/04/21/[$LATEST]50cdd343cf324961a0d216d257aa44c5",
        "timestamp": 1745269274384,
        "message": "FILE_TRANSFER RequestId: 1664f3a5-9b76-49c3-80da-a28741eeca55\t TransferType: consumed\t Action: download_from_s3\t FileName: mafdb_783d326a98c97c227099cd46e1eb2739e8954c844e628390759f21e7b4e19db0.json\t Bucket: denethor\t FilePath: mafdb/mafdb_783d326a98c97c227099cd46e1eb2739e8954c844e628390759f21e7b4e19db0.json\t LocalFilePath: /tmp/mafdb/mafdb_783d326a98c97c227099cd46e1eb2739e8954c844e628390759f21e7b4e19db0.json\t FileSize: 273 bytes\t TransferDuration: 43.7148989999514 ms\n",
        "ingestionTime": 1745269280064,
        "eventId": "38920805390862012675341302655973044940072749054473404422"
    },
    {
        "logStreamName": "2025/04/21/[$LATEST]50cdd343cf324961a0d216d257aa44c5",
        "timestamp": 1745269274452,
        "message": "FILE_TRANSFER RequestId: 1664f3a5-9b76-49c3-80da-a28741eeca55\t TransferType: consumed\t Action: download_from_s3\t FileName: mafdb_45d317fa4103ebc6a5ca76d68fd00bce02d7a5f088e6155430a660f0514147a3.json\t Bucket: denethor\t FilePath: mafdb/mafdb_45d317fa4103ebc6a5ca76d68fd00bce02d7a5f088e6155430a660f0514147a3.json\t LocalFilePath: /tmp/mafdb/mafdb_45d317fa4103ebc6a5ca76d68fd00bce02d7a5f088e6155430a660f0514147a3.json\t FileSize: 232 bytes\t TransferDuration: 67.91761999988921 ms\n",
        "ingestionTime": 1745269280064,
        "eventId": "38920805392378463348841385029597473782612837636880072711"
    },
    {
        "logStreamName": "2025/04/21/[$LATEST]50cdd343cf324961a0d216d257aa44c5",
        "timestamp": 1745269274492,
        "message": "FILE_TRANSFER RequestId: 1664f3a5-9b76-49c3-80da-a28741eeca55\t TransferType: consumed\t Action: download_from_s3\t FileName: mafdb_61d06c5f6cb647c45e49e6fed379994aa1917c44d4f989fceae6c09f558582c8.json\t Bucket: denethor\t FilePath: mafdb/mafdb_61d06c5f6cb647c45e49e6fed379994aa1917c44d4f989fceae6c09f558582c8.json\t LocalFilePath: /tmp/mafdb/mafdb_61d06c5f6cb647c45e49e6fed379994aa1917c44d4f989fceae6c09f558582c8.json\t FileSize: 232 bytes\t TransferDuration: 39.99980000003234 ms\n",
        "ingestionTime": 1745269280064,
        "eventId": "38920805393270493156782609955258902513518772097119289352"
    },
    {
        "logStreamName": "2025/04/21/[$LATEST]50cdd343cf324961a0d216d257aa44c5",
        "timestamp": 1745269274535,
        "message": "FILE_TRANSFER RequestId: 1664f3a5-9b76-49c3-80da-a28741eeca55\t TransferType: consumed\t Action: download_from_s3\t FileName: mafdb_3b4259b136e5e067f460a57ff21fd5c531cf82501ea56dcbb754d3f18d8bf7b8.json\t Bucket: denethor\t FilePath: mafdb/mafdb_3b4259b136e5e067f460a57ff21fd5c531cf82501ea56dcbb754d3f18d8bf7b8.json\t LocalFilePath: /tmp/mafdb/mafdb_3b4259b136e5e067f460a57ff21fd5c531cf82501ea56dcbb754d3f18d8bf7b8.json\t FileSize: 236 bytes\t TransferDuration: 42.6527500001157 ms\n",
        "ingestionTime": 1745269280064,
        "eventId": "38920805394229425200319426750344938399242651641876447241"
    },
    {
        "logStreamName": "2025/04/21/[$LATEST]50cdd343cf324961a0d216d257aa44c5",
        "timestamp": 1745269274579,
        "message": "FILE_TRANSFER RequestId: 1664f3a5-9b76-49c3-80da-a28741eeca55\t TransferType: consumed\t Action: download_from_s3\t FileName: mafdb_e788a4f75970a6e5150aa560c2ad5e402a7be72297265322d36b26bd44850036.json\t Bucket: denethor\t FilePath: mafdb/mafdb_e788a4f75970a6e5150aa560c2ad5e402a7be72297265322d36b26bd44850036.json\t LocalFilePath: /tmp/mafdb/mafdb_e788a4f75970a6e5150aa560c2ad5e402a7be72297265322d36b26bd44850036.json\t FileSize: 236 bytes\t TransferDuration: 43.929079999998066 ms\n",
        "ingestionTime": 1745269280064,
        "eventId": "38920805395210657989054774168572510003239179548139585546"
    },
    {
        "logStreamName": "2025/04/21/[$LATEST]50cdd343cf324961a0d216d257aa44c5",
        "timestamp": 1745269274622,
        "message": "FILE_TRANSFER RequestId: 1664f3a5-9b76-49c3-80da-a28741eeca55\t TransferType: consumed\t Action: download_from_s3\t FileName: mafdb_d9174a4cf95376c6512c54a52da7d2f8c6f98dce795f8abb1e0b4736582eb76f.json\t Bucket: denethor\t FilePath: mafdb/mafdb_d9174a4cf95376c6512c54a52da7d2f8c6f98dce795f8abb1e0b4736582eb76f.json\t LocalFilePath: /tmp/mafdb/mafdb_d9174a4cf95376c6512c54a52da7d2f8c6f98dce795f8abb1e0b4736582eb76f.json\t FileSize: 236 bytes\t TransferDuration: 42.680160000145406 ms\n",
        "ingestionTime": 1745269280064,
        "eventId": "38920805396169590032591590963658545888963059092896743435"
    },
    {
        "logStreamName": "2025/04/21/[$LATEST]50cdd343cf324961a0d216d257aa44c5",
        "timestamp": 1745269274672,
        "message": "FILE_TRANSFER RequestId: 1664f3a5-9b76-49c3-80da-a28741eeca55\t TransferType: consumed\t Action: download_from_s3\t FileName: mafdb_dcc3944c503fdb1b76c43cbefebd97838f49d2f302bbc248d92b2fb3b5bb6d45.json\t Bucket: denethor\t FilePath: mafdb/mafdb_dcc3944c503fdb1b76c43cbefebd97838f49d2f302bbc248d92b2fb3b5bb6d45.json\t LocalFilePath: /tmp/mafdb/mafdb_dcc3944c503fdb1b76c43cbefebd97838f49d2f302bbc248d92b2fb3b5bb6d45.json\t FileSize: 194 bytes\t TransferDuration: 49.71447000002627 ms\n",
        "ingestionTime": 1745269280064,
        "eventId": "38920805397284627292518122120735331802595477168195764236"
    },
    {
        "logStreamName": "2025/04/21/[$LATEST]50cdd343cf324961a0d216d257aa44c5",
        "timestamp": 1745269274727,
        "message": "FILE_TRANSFER RequestId: 1664f3a5-9b76-49c3-80da-a28741eeca55\t TransferType: consumed\t Action: download_from_s3\t FileName: mafdb_939c401d5385681aad270b30627184a827131724fd534f6a4a9d3ea243183d25.json\t Bucket: denethor\t FilePath: mafdb/mafdb_939c401d5385681aad270b30627184a827131724fd534f6a4a9d3ea243183d25.json\t LocalFilePath: /tmp/mafdb/mafdb_939c401d5385681aad270b30627184a827131724fd534f6a4a9d3ea243183d25.json\t FileSize: 194 bytes\t TransferDuration: 55.24194999998144 ms\n",
        "ingestionTime": 1745269280064,
        "eventId": "38920805398511168278437306393519796307591137051024687117"
    },
    {
        "logStreamName": "2025/04/21/[$LATEST]50cdd343cf324961a0d216d257aa44c5",
        "timestamp": 1745269274770,
        "message": "FILE_TRANSFER RequestId: 1664f3a5-9b76-49c3-80da-a28741eeca55\t TransferType: consumed\t Action: download_from_s3\t FileName: mafdb_9fea3d3367f7d31b187bb16dfbc03548461beefa3c49e595c6f3f6009461d8c2.json\t Bucket: denethor\t FilePath: mafdb/mafdb_9fea3d3367f7d31b187bb16dfbc03548461beefa3c49e595c6f3f6009461d8c2.json\t LocalFilePath: /tmp/mafdb/mafdb_9fea3d3367f7d31b187bb16dfbc03548461beefa3c49e595c6f3f6009461d8c2.json\t FileSize: 194 bytes\t TransferDuration: 43.74937000011414 ms\n",
        "ingestionTime": 1745269280064,
        "eventId": "38920805399470100321974123188605832193315016595781845006"
    },
    {
        "logStreamName": "2025/04/21/[$LATEST]50cdd343cf324961a0d216d257aa44c5",
        "timestamp": 1745269274810,
        "message": "FILE_TRANSFER RequestId: 1664f3a5-9b76-49c3-80da-a28741eeca55\t TransferType: consumed\t Action: download_from_s3\t FileName: mafdb_7d1845f8f12c76c9366de78059724636bda4584243a3cc27647a66a4d824500a.json\t Bucket: denethor\t FilePath: mafdb/mafdb_7d1845f8f12c76c9366de78059724636bda4584243a3cc27647a66a4d824500a.json\t LocalFilePath: /tmp/mafdb/mafdb_7d1845f8f12c76c9366de78059724636bda4584243a3cc27647a66a4d824500a.json\t FileSize: 152 bytes\t TransferDuration: 39.83087999995405 ms\n",
        "ingestionTime": 1745269280064,
        "eventId": "38920805400362130129915348114267260924220951056021061647"
    },
    {
        "logStreamName": "2025/04/21/[$LATEST]50cdd343cf324961a0d216d257aa44c5",
        "timestamp": 1745269274854,
        "message": "FILE_TRANSFER RequestId: 1664f3a5-9b76-49c3-80da-a28741eeca55\t TransferType: consumed\t Action: download_from_s3\t FileName: mafdb_6e628caceb94a4a6379ae400f4bda6ac9c746b5c41af33642cce665c8b0018a5.json\t Bucket: denethor\t FilePath: mafdb/mafdb_6e628caceb94a4a6379ae400f4bda6ac9c746b5c41af33642cce665c8b0018a5.json\t LocalFilePath: /tmp/mafdb/mafdb_6e628caceb94a4a6379ae400f4bda6ac9c746b5c41af33642cce665c8b0018a5.json\t FileSize: 194 bytes\t TransferDuration: 43.756000000030326 ms\n",
        "ingestionTime": 1745269280064,
        "eventId": "38920805401343362918650695532494832528217478962284199952"
    },
    {
        "logStreamName": "2025/04/21/[$LATEST]50cdd343cf324961a0d216d257aa44c5",
        "timestamp": 1745269274897,
        "message": "FILE_TRANSFER RequestId: 1664f3a5-9b76-49c3-80da-a28741eeca55\t TransferType: consumed\t Action: download_from_s3\t FileName: mafdb_cf857241ac1b3bb9eca59ca531ffcbd4ed658debba3ac4f83d7dfa6ee73afcd2.json\t Bucket: denethor\t FilePath: mafdb/mafdb_cf857241ac1b3bb9eca59ca531ffcbd4ed658debba3ac4f83d7dfa6ee73afcd2.json\t LocalFilePath: /tmp/mafdb/mafdb_cf857241ac1b3bb9eca59ca531ffcbd4ed658debba3ac4f83d7dfa6ee73afcd2.json\t FileSize: 194 bytes\t TransferDuration: 43.291658999805804 ms\n",
        "ingestionTime": 1745269280064,
        "eventId": "38920805402302294962187512327580868413941358507041357841"
    },
    {
        "logStreamName": "2025/04/21/[$LATEST]50cdd343cf324961a0d216d257aa44c5",
        "timestamp": 1745269274898,
        "message": "CONSUMED_FILES_INFO RequestId: 1664f3a5-9b76-49c3-80da-a28741eeca55\t FilesCount: 15 files\t FilesSize: 3591 bytes\t TransferDuration: 742.4283780001133 ms\t ConsumedFiles: ['mafdb_c451a256436a5fc45a562eaf2fead8dd42917b32894e636d2b705f5405224a88.json', 'mafdb_3891ae3bc299950ca7a78c4d495828659f2cb320e0641ad8c6bfc4ced2d8e2b0.json', 'mafdb_c3c2025f352d34b4b79a48619176577388b06f30619772ddea31df49ee988aff.json', 'mafdb_783d326a98c97c227099cd46e1eb2739e8954c844e628390759f21e7b4e19db0.json', 'mafdb_45d317fa4103ebc6a5ca76d68fd00bce02d7a5f088e6155430a660f0514147a3.json', 'mafdb_61d06c5f6cb647c45e49e6fed379994aa1917c44d4f989fceae6c09f558582c8.json', 'mafdb_3b4259b136e5e067f460a57ff21fd5c531cf82501ea56dcbb754d3f18d8bf7b8.json', 'mafdb_e788a4f75970a6e5150aa560c2ad5e402a7be72297265322d36b26bd44850036.json', 'mafdb_d9174a4cf95376c6512c54a52da7d2f8c6f98dce795f8abb1e0b4736582eb76f.json', 'mafdb_dcc3944c503fdb1b76c43cbefebd97838f49d2f302bbc248d92b2fb3b5bb6d45.json', 'mafdb_939c401d5385681aad270b30627184a827131724fd534f6a4a9d3ea243183d25.json', 'mafdb_9fea3d3367f7d31b187bb16dfbc03548461beefa3c49e595c6f3f6009461d8c2.json', 'mafdb_7d1845f8f12c76c9366de78059724636bda4584243a3cc27647a66a4d824500a.json', 'mafdb_6e628caceb94a4a6379ae400f4bda6ac9c746b5c41af33642cce665c8b0018a5.json', 'mafdb_cf857241ac1b3bb9eca59ca531ffcbd4ed658debba3ac4f83d7dfa6ee73afcd2.json']\n",
        "ingestionTime": 1745269280064,
        "eventId": "38920805402324595707386042950722404132214006868547338258"
    },
    {
        "logStreamName": "2025/04/21/[$LATEST]50cdd343cf324961a0d216d257aa44c5",
        "timestamp": 1745269274899,
        "message": "[INFO] 2025-04-21T21:01:14GMT MAF_DATABASE_AGGREGATOR RequestId: 1664f3a5-9b76-49c3-80da-a28741eeca55\t Duration: 0.8159010001236311 ms\t InputLength: 15\t MaxMaf: 0\t MafDatabase: {}\n",
        "ingestionTime": 1745269280064,
        "eventId": "38920805402346896452584573573863939850486655230053318675"
    },
    {
        "logStreamName": "2025/04/21/[$LATEST]50cdd343cf324961a0d216d257aa44c5",
        "timestamp": 1745269274899,
        "message": "[INFO]\t2025-04-21T21:01:14.899Z\t1664f3a5-9b76-49c3-80da-a28741eeca55\tMAF_DATABASE_AGGREGATOR RequestId: 1664f3a5-9b76-49c3-80da-a28741eeca55\t Duration: 0.8159010001236311 ms\t InputLength: 15\t MaxMaf: 0\t MafDatabase: {}\n",
        "ingestionTime": 1745269280064,
        "eventId": "38920805402346896452584573573863939850486655230053318676"
    },
    {
        "logStreamName": "2025/04/21/[$LATEST]50cdd343cf324961a0d216d257aa44c5",
        "timestamp": 1745269274945,
        "message": "FILE_TRANSFER RequestId: 1664f3a5-9b76-49c3-80da-a28741eeca55\t TransferType: produced\t Action: upload_to_s3\t FileName: mafdb_1d2290c11a4d1c426cfd1f7078b0981d3e18228aed522a1ba8c04b3119761217.json\t Bucket: denethor\t FilePath: mafdb/mafdb_1d2290c11a4d1c426cfd1f7078b0981d3e18228aed522a1ba8c04b3119761217.json\t LocalFilePath: /tmp/mafdb/mafdb_1d2290c11a4d1c426cfd1f7078b0981d3e18228aed522a1ba8c04b3119761217.json\t FileSize: 3187 bytes\t TransferDuration: 46.18931100003465 ms\n",
        "ingestionTime": 1745269280064,
        "eventId": "38920805403372730731716982238374582891028479859328417813"
    },
    {
        "logStreamName": "2025/04/21/[$LATEST]50cdd343cf324961a0d216d257aa44c5",
        "timestamp": 1745269274945,
        "message": "PRODUCED_FILES_INFO RequestId: 1664f3a5-9b76-49c3-80da-a28741eeca55\t FilesCount: 1 files\t FilesSize: 3187 bytes\t TransferDuration: 46.18931100003465 ms\t Provider: aws_lambda\t  ProducedFiles: ['mafdb_1d2290c11a4d1c426cfd1f7078b0981d3e18228aed522a1ba8c04b3119761217.json']\n",
        "ingestionTime": 1745269280064,
        "eventId": "38920805403372730731716982238374582891028479859328417814"
    },
    {
        "logStreamName": "2025/04/21/[$LATEST]50cdd343cf324961a0d216d257aa44c5",
        "timestamp": 1745269274947,
        "message": "END RequestId: 1664f3a5-9b76-49c3-80da-a28741eeca55\n",
        "ingestionTime": 1745269280064,
        "eventId": "38920805403417332222114043484657654327573776582340378647"
    },
    {
        "logStreamName": "2025/04/21/[$LATEST]50cdd343cf324961a0d216d257aa44c5",
        "timestamp": 1745269274947,
        "message": "REPORT RequestId: 1664f3a5-9b76-49c3-80da-a28741eeca55\tDuration: 793.75 ms\tBilled Duration: 794 ms\tMemory Size: 2048 MB\tMax Memory Used: 106 MB\tInit Duration: 790.54 ms\t\n",
        "ingestionTime": 1745269280064,
        "eventId": "38920805403417332222114043484657654327573776582340378648"
    }
]