[
    {
        "logStreamName": "2025/04/22/[$LATEST]501d17a9ba664e9ca9a88fdb1c3adc71",
        "timestamp": 1745289522858,
        "message": "INIT_START Runtime Version: python:3.10.v64\tRuntime Version ARN: arn:aws:lambda:sa-east-1::runtime:d56bdc8857b2109a058de2ab50bfb80ac2aa600be6f7855a436859944e5fe54b\n",
        "ingestionTime": 1745289523737,
        "eventId": "38921256946921345747502212313383443285447270851436675072"
    },
    {
        "logStreamName": "2025/04/22/[$LATEST]501d17a9ba664e9ca9a88fdb1c3adc71",
        "timestamp": 1745289523659,
        "message": "START RequestId: fb1b49bb-026d-4491-9c05-a13528b10168 Version: $LATEST\n",
        "ingestionTime": 1745289532677,
        "eventId": "38921256964784242651525241460561310598340432007607156736"
    },
    {
        "logStreamName": "2025/04/22/[$LATEST]501d17a9ba664e9ca9a88fdb1c3adc71",
        "timestamp": 1745289523660,
        "message": "Directory /tmp/mafdb was created!\n",
        "ingestionTime": 1745289532677,
        "eventId": "38921256964806543396723772083702846316613080369113137153"
    },
    {
        "logStreamName": "2025/04/22/[$LATEST]501d17a9ba664e9ca9a88fdb1c3adc71",
        "timestamp": 1745289523807,
        "message": "FILE_TRANSFER RequestId: fb1b49bb-026d-4491-9c05-a13528b10168\t TransferType: consumed\t Action: download_from_s3\t FileName: mafdb_c3c2025f352d34b4b79a48619176577388b06f30619772ddea31df49ee988aff.json\t Bucket: denethor\t FilePath: mafdb/mafdb_c3c2025f352d34b4b79a48619176577388b06f30619772ddea31df49ee988aff.json\t LocalFilePath: /tmp/mafdb/mafdb_c3c2025f352d34b4b79a48619176577388b06f30619772ddea31df49ee988aff.json\t FileSize: 314 bytes\t TransferDuration: 147.18285199995762 ms\n",
        "ingestionTime": 1745289532677,
        "eventId": "38921256968084752940907773685508596902692389510492258306"
    },
    {
        "logStreamName": "2025/04/22/[$LATEST]501d17a9ba664e9ca9a88fdb1c3adc71",
        "timestamp": 1745289523846,
        "message": "FILE_TRANSFER RequestId: fb1b49bb-026d-4491-9c05-a13528b10168\t TransferType: consumed\t Action: download_from_s3\t FileName: mafdb_1d419943bc17a86fe648d8caad874862360b7c73c08c99b7c26040bc9939b002.json\t Bucket: denethor\t FilePath: mafdb/mafdb_1d419943bc17a86fe648d8caad874862360b7c73c08c99b7c26040bc9939b002.json\t LocalFilePath: /tmp/mafdb/mafdb_1d419943bc17a86fe648d8caad874862360b7c73c08c99b7c26040bc9939b002.json\t FileSize: 273 bytes\t TransferDuration: 38.9371950000168 ms\n",
        "ingestionTime": 1745289532677,
        "eventId": "38921256968954482003650467988028489915325675609225494531"
    },
    {
        "logStreamName": "2025/04/22/[$LATEST]501d17a9ba664e9ca9a88fdb1c3adc71",
        "timestamp": 1745289523891,
        "message": "FILE_TRANSFER RequestId: fb1b49bb-026d-4491-9c05-a13528b10168\t TransferType: consumed\t Action: download_from_s3\t FileName: mafdb_406ececbafe0a937f2a967e4dae5f862923efb2e1397870f6cc1ba8e050e1da7.json\t Bucket: denethor\t FilePath: mafdb/mafdb_406ececbafe0a937f2a967e4dae5f862923efb2e1397870f6cc1ba8e050e1da7.json\t LocalFilePath: /tmp/mafdb/mafdb_406ececbafe0a937f2a967e4dae5f862923efb2e1397870f6cc1ba8e050e1da7.json\t FileSize: 273 bytes\t TransferDuration: 45.10591000001796 ms\n",
        "ingestionTime": 1745289532677,
        "eventId": "38921256969958015537584346029397597237594851876994613252"
    },
    {
        "logStreamName": "2025/04/22/[$LATEST]501d17a9ba664e9ca9a88fdb1c3adc71",
        "timestamp": 1745289523935,
        "message": "FILE_TRANSFER RequestId: fb1b49bb-026d-4491-9c05-a13528b10168\t TransferType: consumed\t Action: download_from_s3\t FileName: mafdb_47fb2615fc585137c90363d35106c9022fdcc722571f7ed6d93a0e213c75c760.json\t Bucket: denethor\t FilePath: mafdb/mafdb_47fb2615fc585137c90363d35106c9022fdcc722571f7ed6d93a0e213c75c760.json\t LocalFilePath: /tmp/mafdb/mafdb_47fb2615fc585137c90363d35106c9022fdcc722571f7ed6d93a0e213c75c760.json\t FileSize: 273 bytes\t TransferDuration: 43.518059999996694 ms\n",
        "ingestionTime": 1745289532677,
        "eventId": "38921256970939248326319693447625168841591379783257751557"
    },
    {
        "logStreamName": "2025/04/22/[$LATEST]501d17a9ba664e9ca9a88fdb1c3adc71",
        "timestamp": 1745289523980,
        "message": "FILE_TRANSFER RequestId: fb1b49bb-026d-4491-9c05-a13528b10168\t TransferType: consumed\t Action: download_from_s3\t FileName: mafdb_68e664a9a27eba1488202e5ea16bb79aee50d9c2456068b25a29d7ca46c1450f.json\t Bucket: denethor\t FilePath: mafdb/mafdb_68e664a9a27eba1488202e5ea16bb79aee50d9c2456068b25a29d7ca46c1450f.json\t LocalFilePath: /tmp/mafdb/mafdb_68e664a9a27eba1488202e5ea16bb79aee50d9c2456068b25a29d7ca46c1450f.json\t FileSize: 273 bytes\t TransferDuration: 44.7867749999773 ms\n",
        "ingestionTime": 1745289532677,
        "eventId": "38921256971942781860253571488994276163860556051026870278"
    },
    {
        "logStreamName": "2025/04/22/[$LATEST]501d17a9ba664e9ca9a88fdb1c3adc71",
        "timestamp": 1745289524034,
        "message": "FILE_TRANSFER RequestId: fb1b49bb-026d-4491-9c05-a13528b10168\t TransferType: consumed\t Action: download_from_s3\t FileName: mafdb_ffac685782ba2ceabfc02088f70f3473d570818cc3d9c58c8979a425bc171247.json\t Bucket: denethor\t FilePath: mafdb/mafdb_ffac685782ba2ceabfc02088f70f3473d570818cc3d9c58c8979a425bc171247.json\t LocalFilePath: /tmp/mafdb/mafdb_ffac685782ba2ceabfc02088f70f3473d570818cc3d9c58c8979a425bc171247.json\t FileSize: 273 bytes\t TransferDuration: 53.947833999984596 ms\n",
        "ingestionTime": 1745289532677,
        "eventId": "38921256973147022100974225138637204950583567572349812743"
    },
    {
        "logStreamName": "2025/04/22/[$LATEST]501d17a9ba664e9ca9a88fdb1c3adc71",
        "timestamp": 1745289524090,
        "message": "FILE_TRANSFER RequestId: fb1b49bb-026d-4491-9c05-a13528b10168\t TransferType: consumed\t Action: download_from_s3\t FileName: mafdb_d7e79060050e13568977fc2c739b9eddf447a0cefe974cf809a00c1179f02def.json\t Bucket: denethor\t FilePath: mafdb/mafdb_d7e79060050e13568977fc2c739b9eddf447a0cefe974cf809a00c1179f02def.json\t LocalFilePath: /tmp/mafdb/mafdb_d7e79060050e13568977fc2c739b9eddf447a0cefe974cf809a00c1179f02def.json\t FileSize: 273 bytes\t TransferDuration: 55.69288599997435 ms\n",
        "ingestionTime": 1745289532677,
        "eventId": "38921256974395863832091940034563205173851875816684716040"
    },
    {
        "logStreamName": "2025/04/22/[$LATEST]501d17a9ba664e9ca9a88fdb1c3adc71",
        "timestamp": 1745289524149,
        "message": "FILE_TRANSFER RequestId: fb1b49bb-026d-4491-9c05-a13528b10168\t TransferType: consumed\t Action: download_from_s3\t FileName: mafdb_b61e3844996fd21e45a7d054f79694e53c5aede5327c90900ed7183119a56bfb.json\t Bucket: denethor\t FilePath: mafdb/mafdb_b61e3844996fd21e45a7d054f79694e53c5aede5327c90900ed7183119a56bfb.json\t LocalFilePath: /tmp/mafdb/mafdb_b61e3844996fd21e45a7d054f79694e53c5aede5327c90900ed7183119a56bfb.json\t FileSize: 273 bytes\t TransferDuration: 59.36515100000861 ms\n",
        "ingestionTime": 1745289532677,
        "eventId": "38921256975711607798805246799913812551938129145537560585"
    },
    {
        "logStreamName": "2025/04/22/[$LATEST]501d17a9ba664e9ca9a88fdb1c3adc71",
        "timestamp": 1745289524196,
        "message": "FILE_TRANSFER RequestId: fb1b49bb-026d-4491-9c05-a13528b10168\t TransferType: consumed\t Action: download_from_s3\t FileName: mafdb_f15d6d133941e8137799af5c1c04fc577dd74e96149a2ccd80e4f571114f20e3.json\t Bucket: denethor\t FilePath: mafdb/mafdb_f15d6d133941e8137799af5c1c04fc577dd74e96149a2ccd80e4f571114f20e3.json\t LocalFilePath: /tmp/mafdb/mafdb_f15d6d133941e8137799af5c1c04fc577dd74e96149a2ccd80e4f571114f20e3.json\t FileSize: 232 bytes\t TransferDuration: 47.015704000045844 ms\n",
        "ingestionTime": 1745289532677,
        "eventId": "38921256976759742823136186087565991310752602136318640138"
    },
    {
        "logStreamName": "2025/04/22/[$LATEST]501d17a9ba664e9ca9a88fdb1c3adc71",
        "timestamp": 1745289524238,
        "message": "FILE_TRANSFER RequestId: fb1b49bb-026d-4491-9c05-a13528b10168\t TransferType: consumed\t Action: download_from_s3\t FileName: mafdb_a2b1b534b2611b710744fb6756c33616a3588ee03d8aa6972d23e492b2c485de.json\t Bucket: denethor\t FilePath: mafdb/mafdb_a2b1b534b2611b710744fb6756c33616a3588ee03d8aa6972d23e492b2c485de.json\t LocalFilePath: /tmp/mafdb/mafdb_a2b1b534b2611b710744fb6756c33616a3588ee03d8aa6972d23e492b2c485de.json\t FileSize: 232 bytes\t TransferDuration: 41.96761200000765 ms\n",
        "ingestionTime": 1745289532677,
        "eventId": "38921256977696374121474472259510491478203833319569817611"
    },
    {
        "logStreamName": "2025/04/22/[$LATEST]501d17a9ba664e9ca9a88fdb1c3adc71",
        "timestamp": 1745289524294,
        "message": "FILE_TRANSFER RequestId: fb1b49bb-026d-4491-9c05-a13528b10168\t TransferType: consumed\t Action: download_from_s3\t FileName: mafdb_5bec77bc9d7c4d8fa3517dfa40512bc1eb17b502f07bd7ca8c55258b719bc02b.json\t Bucket: denethor\t FilePath: mafdb/mafdb_5bec77bc9d7c4d8fa3517dfa40512bc1eb17b502f07bd7ca8c55258b719bc02b.json\t LocalFilePath: /tmp/mafdb/mafdb_5bec77bc9d7c4d8fa3517dfa40512bc1eb17b502f07bd7ca8c55258b719bc02b.json\t FileSize: 232 bytes\t TransferDuration: 55.772366999974565 ms\n",
        "ingestionTime": 1745289532677,
        "eventId": "38921256978945215852592187155436491701472141563904720908"
    },
    {
        "logStreamName": "2025/04/22/[$LATEST]501d17a9ba664e9ca9a88fdb1c3adc71",
        "timestamp": 1745289524347,
        "message": "FILE_TRANSFER RequestId: fb1b49bb-026d-4491-9c05-a13528b10168\t TransferType: consumed\t Action: download_from_s3\t FileName: mafdb_2b5302c20981e36a3d85c97e2d12117774582905d95507fa3601d5c3760671f6.json\t Bucket: denethor\t FilePath: mafdb/mafdb_2b5302c20981e36a3d85c97e2d12117774582905d95507fa3601d5c3760671f6.json\t LocalFilePath: /tmp/mafdb/mafdb_2b5302c20981e36a3d85c97e2d12117774582905d95507fa3601d5c3760671f6.json\t FileSize: 232 bytes\t TransferDuration: 53.31150199998547 ms\n",
        "ingestionTime": 1745289532677,
        "eventId": "38921256980127155348114310181937884769922504723721682957"
    },
    {
        "logStreamName": "2025/04/22/[$LATEST]501d17a9ba664e9ca9a88fdb1c3adc71",
        "timestamp": 1745289524399,
        "message": "FILE_TRANSFER RequestId: fb1b49bb-026d-4491-9c05-a13528b10168\t TransferType: consumed\t Action: download_from_s3\t FileName: mafdb_bf6614cd56f098c5b75f97757054caf7ad0887c879d871d45b52d85ed0fd52d3.json\t Bucket: denethor\t FilePath: mafdb/mafdb_bf6614cd56f098c5b75f97757054caf7ad0887c879d871d45b52d85ed0fd52d3.json\t LocalFilePath: /tmp/mafdb/mafdb_bf6614cd56f098c5b75f97757054caf7ad0887c879d871d45b52d85ed0fd52d3.json\t FileSize: 232 bytes\t TransferDuration: 51.160013000014715 ms\n",
        "ingestionTime": 1745289532677,
        "eventId": "38921256981286794098437902585297742120100219522032664590"
    },
    {
        "logStreamName": "2025/04/22/[$LATEST]501d17a9ba664e9ca9a88fdb1c3adc71",
        "timestamp": 1745289524445,
        "message": "FILE_TRANSFER RequestId: fb1b49bb-026d-4491-9c05-a13528b10168\t TransferType: consumed\t Action: download_from_s3\t FileName: mafdb_fc2a84852f95eebd03a586abcf5a76c64db1efd965d2c472f2b8a03ed0c40edf.json\t Bucket: denethor\t FilePath: mafdb/mafdb_fc2a84852f95eebd03a586abcf5a76c64db1efd965d2c472f2b8a03ed0c40edf.json\t LocalFilePath: /tmp/mafdb/mafdb_fc2a84852f95eebd03a586abcf5a76c64db1efd965d2c472f2b8a03ed0c40edf.json\t FileSize: 232 bytes\t TransferDuration: 46.36377300005279 ms\n",
        "ingestionTime": 1745289532677,
        "eventId": "38921256982312628377570311249808385160642044151307763727"
    },
    {
        "logStreamName": "2025/04/22/[$LATEST]501d17a9ba664e9ca9a88fdb1c3adc71",
        "timestamp": 1745289524497,
        "message": "FILE_TRANSFER RequestId: fb1b49bb-026d-4491-9c05-a13528b10168\t TransferType: consumed\t Action: download_from_s3\t FileName: mafdb_0e058d65c1045889dfe83e83e2b201ec345ba3363065e06d8a12c525f818d8a7.json\t Bucket: denethor\t FilePath: mafdb/mafdb_0e058d65c1045889dfe83e83e2b201ec345ba3363065e06d8a12c525f818d8a7.json\t LocalFilePath: /tmp/mafdb/mafdb_0e058d65c1045889dfe83e83e2b201ec345ba3363065e06d8a12c525f818d8a7.json\t FileSize: 232 bytes\t TransferDuration: 52.039707999995244 ms\n",
        "ingestionTime": 1745289532677,
        "eventId": "38921256983472267127893903653168242510819758949618745360"
    },
    {
        "logStreamName": "2025/04/22/[$LATEST]501d17a9ba664e9ca9a88fdb1c3adc71",
        "timestamp": 1745289524537,
        "message": "FILE_TRANSFER RequestId: fb1b49bb-026d-4491-9c05-a13528b10168\t TransferType: consumed\t Action: download_from_s3\t FileName: mafdb_1dcf7383088dee8dd24da63dbe38a4ac08d22f21edec71bdb517c6ea9022f224.json\t Bucket: denethor\t FilePath: mafdb/mafdb_1dcf7383088dee8dd24da63dbe38a4ac08d22f21edec71bdb517c6ea9022f224.json\t LocalFilePath: /tmp/mafdb/mafdb_1dcf7383088dee8dd24da63dbe38a4ac08d22f21edec71bdb517c6ea9022f224.json\t FileSize: 232 bytes\t TransferDuration: 40.098388999979306 ms\n",
        "ingestionTime": 1745289532677,
        "eventId": "38921256984364296935835128578829671241725693409857962001"
    },
    {
        "logStreamName": "2025/04/22/[$LATEST]501d17a9ba664e9ca9a88fdb1c3adc71",
        "timestamp": 1745289524582,
        "message": "FILE_TRANSFER RequestId: fb1b49bb-026d-4491-9c05-a13528b10168\t TransferType: consumed\t Action: download_from_s3\t FileName: mafdb_028a779bdcb28d0db67ae99e8c383a2e5e0fd59fada6888e043db6f251521c76.json\t Bucket: denethor\t FilePath: mafdb/mafdb_028a779bdcb28d0db67ae99e8c383a2e5e0fd59fada6888e043db6f251521c76.json\t LocalFilePath: /tmp/mafdb/mafdb_028a779bdcb28d0db67ae99e8c383a2e5e0fd59fada6888e043db6f251521c76.json\t FileSize: 232 bytes\t TransferDuration: 44.83222199996817 ms\n",
        "ingestionTime": 1745289532677,
        "eventId": "38921256985367830469769006620198778563994869677627080722"
    },
    {
        "logStreamName": "2025/04/22/[$LATEST]501d17a9ba664e9ca9a88fdb1c3adc71",
        "timestamp": 1745289524631,
        "message": "FILE_TRANSFER RequestId: fb1b49bb-026d-4491-9c05-a13528b10168\t TransferType: consumed\t Action: download_from_s3\t FileName: mafdb_d8f88c2fd2b3dd961297ef4c35cbb2dc12d1e955b3804d1df6784eef89b553c5.json\t Bucket: denethor\t FilePath: mafdb/mafdb_d8f88c2fd2b3dd961297ef4c35cbb2dc12d1e955b3804d1df6784eef89b553c5.json\t LocalFilePath: /tmp/mafdb/mafdb_d8f88c2fd2b3dd961297ef4c35cbb2dc12d1e955b3804d1df6784eef89b553c5.json\t FileSize: 232 bytes\t TransferDuration: 48.650021000014476 ms\n",
        "ingestionTime": 1745289532677,
        "eventId": "38921256986460566984497007154134028759354639391420121107"
    },
    {
        "logStreamName": "2025/04/22/[$LATEST]501d17a9ba664e9ca9a88fdb1c3adc71",
        "timestamp": 1745289524673,
        "message": "FILE_TRANSFER RequestId: fb1b49bb-026d-4491-9c05-a13528b10168\t TransferType: consumed\t Action: download_from_s3\t FileName: mafdb_d9763115b2f7bbb170380eb0cf73c01c379877e17db9d20a5263916ed4781cf2.json\t Bucket: denethor\t FilePath: mafdb/mafdb_d9763115b2f7bbb170380eb0cf73c01c379877e17db9d20a5263916ed4781cf2.json\t LocalFilePath: /tmp/mafdb/mafdb_d9763115b2f7bbb170380eb0cf73c01c379877e17db9d20a5263916ed4781cf2.json\t FileSize: 232 bytes\t TransferDuration: 41.691468000010445 ms\n",
        "ingestionTime": 1745289532677,
        "eventId": "38921256987397198282835293326078528926805870574671298580"
    },
    {
        "logStreamName": "2025/04/22/[$LATEST]501d17a9ba664e9ca9a88fdb1c3adc71",
        "timestamp": 1745289524738,
        "message": "FILE_TRANSFER RequestId: fb1b49bb-026d-4491-9c05-a13528b10168\t TransferType: consumed\t Action: download_from_s3\t FileName: mafdb_61d06c5f6cb647c45e49e6fed379994aa1917c44d4f989fceae6c09f558582c8.json\t Bucket: denethor\t FilePath: mafdb/mafdb_61d06c5f6cb647c45e49e6fed379994aa1917c44d4f989fceae6c09f558582c8.json\t LocalFilePath: /tmp/mafdb/mafdb_61d06c5f6cb647c45e49e6fed379994aa1917c44d4f989fceae6c09f558582c8.json\t FileSize: 232 bytes\t TransferDuration: 65.82288600003494 ms\n",
        "ingestionTime": 1745289532677,
        "eventId": "38921256988846746720739783830278350614528014072560025621"
    },
    {
        "logStreamName": "2025/04/22/[$LATEST]501d17a9ba664e9ca9a88fdb1c3adc71",
        "timestamp": 1745289524786,
        "message": "FILE_TRANSFER RequestId: fb1b49bb-026d-4491-9c05-a13528b10168\t TransferType: consumed\t Action: download_from_s3\t FileName: mafdb_63c53df1d45cc497049844efbf882ebf787bdb18c69bc0d625bbf2f71424430b.json\t Bucket: denethor\t FilePath: mafdb/mafdb_63c53df1d45cc497049844efbf882ebf787bdb18c69bc0d625bbf2f71424430b.json\t LocalFilePath: /tmp/mafdb/mafdb_63c53df1d45cc497049844efbf882ebf787bdb18c69bc0d625bbf2f71424430b.json\t FileSize: 232 bytes\t TransferDuration: 47.305910000034146 ms\n",
        "ingestionTime": 1745289532677,
        "eventId": "38921256989917182490269253741072065091615135424847085590"
    },
    {
        "logStreamName": "2025/04/22/[$LATEST]501d17a9ba664e9ca9a88fdb1c3adc71",
        "timestamp": 1745289524848,
        "message": "FILE_TRANSFER RequestId: fb1b49bb-026d-4491-9c05-a13528b10168\t TransferType: consumed\t Action: download_from_s3\t FileName: mafdb_189694465e52809f6509269ecbf4093c7dba28229b686a1943d55421c969f8e4.json\t Bucket: denethor\t FilePath: mafdb/mafdb_189694465e52809f6509269ecbf4093c7dba28229b686a1943d55421c969f8e4.json\t LocalFilePath: /tmp/mafdb/mafdb_189694465e52809f6509269ecbf4093c7dba28229b686a1943d55421c969f8e4.json\t FileSize: 236 bytes\t TransferDuration: 61.70049199999994 ms\n",
        "ingestionTime": 1745289532677,
        "eventId": "38921256991299828692578152375847279624519333838217871383"
    },
    {
        "logStreamName": "2025/04/22/[$LATEST]501d17a9ba664e9ca9a88fdb1c3adc71",
        "timestamp": 1745289524888,
        "message": "FILE_TRANSFER RequestId: fb1b49bb-026d-4491-9c05-a13528b10168\t TransferType: consumed\t Action: download_from_s3\t FileName: mafdb_d8f27b52bb176ffe9ae04a4199d3cd7bad0db0e653726abeb7d7e0563bf138c8.json\t Bucket: denethor\t FilePath: mafdb/mafdb_d8f27b52bb176ffe9ae04a4199d3cd7bad0db0e653726abeb7d7e0563bf138c8.json\t LocalFilePath: /tmp/mafdb/mafdb_d8f27b52bb176ffe9ae04a4199d3cd7bad0db0e653726abeb7d7e0563bf138c8.json\t FileSize: 236 bytes\t TransferDuration: 40.13931700001194 ms\n",
        "ingestionTime": 1745289532677,
        "eventId": "38921256992191858500519377301508708355425268298457088024"
    },
    {
        "logStreamName": "2025/04/22/[$LATEST]501d17a9ba664e9ca9a88fdb1c3adc71",
        "timestamp": 1745289524928,
        "message": "FILE_TRANSFER RequestId: fb1b49bb-026d-4491-9c05-a13528b10168\t TransferType: consumed\t Action: download_from_s3\t FileName: mafdb_dec54fe08730fe655724b069720ea11971158bc178b484e71b3a129d8fb89851.json\t Bucket: denethor\t FilePath: mafdb/mafdb_dec54fe08730fe655724b069720ea11971158bc178b484e71b3a129d8fb89851.json\t LocalFilePath: /tmp/mafdb/mafdb_dec54fe08730fe655724b069720ea11971158bc178b484e71b3a129d8fb89851.json\t FileSize: 236 bytes\t TransferDuration: 40.13938599996436 ms\n",
        "ingestionTime": 1745289532677,
        "eventId": "38921256993083888308460602227170137086331202758696304665"
    },
    {
        "logStreamName": "2025/04/22/[$LATEST]501d17a9ba664e9ca9a88fdb1c3adc71",
        "timestamp": 1745289524990,
        "message": "FILE_TRANSFER RequestId: fb1b49bb-026d-4491-9c05-a13528b10168\t TransferType: consumed\t Action: download_from_s3\t FileName: mafdb_43869745aab3d63dfa68e4f287f1921924af17cf1395c9b35aca9cdc036d2b6a.json\t Bucket: denethor\t FilePath: mafdb/mafdb_43869745aab3d63dfa68e4f287f1921924af17cf1395c9b35aca9cdc036d2b6a.json\t LocalFilePath: /tmp/mafdb/mafdb_43869745aab3d63dfa68e4f287f1921924af17cf1395c9b35aca9cdc036d2b6a.json\t FileSize: 236 bytes\t TransferDuration: 61.896610000019336 ms\n",
        "ingestionTime": 1745289532677,
        "eventId": "38921256994466534510769500861945351619235401172067090458"
    },
    {
        "logStreamName": "2025/04/22/[$LATEST]501d17a9ba664e9ca9a88fdb1c3adc71",
        "timestamp": 1745289525033,
        "message": "FILE_TRANSFER RequestId: fb1b49bb-026d-4491-9c05-a13528b10168\t TransferType: consumed\t Action: download_from_s3\t FileName: mafdb_1bc211752a94b2c578560693e27c96c128aefdf6439e0fc20a27028f333f2ca9.json\t Bucket: denethor\t FilePath: mafdb/mafdb_1bc211752a94b2c578560693e27c96c128aefdf6439e0fc20a27028f333f2ca9.json\t LocalFilePath: /tmp/mafdb/mafdb_1bc211752a94b2c578560693e27c96c128aefdf6439e0fc20a27028f333f2ca9.json\t FileSize: 194 bytes\t TransferDuration: 43.21945500004176 ms\n",
        "ingestionTime": 1745289532677,
        "eventId": "38921256995425466554306317657031387504959280716824248347"
    },
    {
        "logStreamName": "2025/04/22/[$LATEST]501d17a9ba664e9ca9a88fdb1c3adc71",
        "timestamp": 1745289525103,
        "message": "FILE_TRANSFER RequestId: fb1b49bb-026d-4491-9c05-a13528b10168\t TransferType: consumed\t Action: download_from_s3\t FileName: mafdb_b57db58f6c445c0b4ca68af0b3818e52265d344a33b285d18aa8f71cb260f462.json\t Bucket: denethor\t FilePath: mafdb/mafdb_b57db58f6c445c0b4ca68af0b3818e52265d344a33b285d18aa8f71cb260f462.json\t LocalFilePath: /tmp/mafdb/mafdb_b57db58f6c445c0b4ca68af0b3818e52265d344a33b285d18aa8f71cb260f462.json\t FileSize: 194 bytes\t TransferDuration: 70.15040499999259 ms\n",
        "ingestionTime": 1745289532677,
        "eventId": "38921256996986518718203461276938887784044666022242877468"
    },
    {
        "logStreamName": "2025/04/22/[$LATEST]501d17a9ba664e9ca9a88fdb1c3adc71",
        "timestamp": 1745289525160,
        "message": "FILE_TRANSFER RequestId: fb1b49bb-026d-4491-9c05-a13528b10168\t TransferType: consumed\t Action: download_from_s3\t FileName: mafdb_4df624c06a94e147c4fa7506ee53c4f357552f4314c464fe76c7986b757849ff.json\t Bucket: denethor\t FilePath: mafdb/mafdb_4df624c06a94e147c4fa7506ee53c4f357552f4314c464fe76c7986b757849ff.json\t LocalFilePath: /tmp/mafdb/mafdb_4df624c06a94e147c4fa7506ee53c4f357552f4314c464fe76c7986b757849ff.json\t FileSize: 194 bytes\t TransferDuration: 56.07656600000155 ms\n",
        "ingestionTime": 1745289532677,
        "eventId": "38921256998257661194519706796006423725585622628083761181"
    },
    {
        "logStreamName": "2025/04/22/[$LATEST]501d17a9ba664e9ca9a88fdb1c3adc71",
        "timestamp": 1745289525204,
        "message": "FILE_TRANSFER RequestId: fb1b49bb-026d-4491-9c05-a13528b10168\t TransferType: consumed\t Action: download_from_s3\t FileName: mafdb_4d047d3111f7b0380efbd1a15e3b239694cdbec797511edb3c263b3a9488f2b6.json\t Bucket: denethor\t FilePath: mafdb/mafdb_4d047d3111f7b0380efbd1a15e3b239694cdbec797511edb3c263b3a9488f2b6.json\t LocalFilePath: /tmp/mafdb/mafdb_4d047d3111f7b0380efbd1a15e3b239694cdbec797511edb3c263b3a9488f2b6.json\t FileSize: 194 bytes\t TransferDuration: 44.062735000011344 ms\n",
        "ingestionTime": 1745289532677,
        "eventId": "38921256999238893983255054214233995329582150534346899486"
    },
    {
        "logStreamName": "2025/04/22/[$LATEST]501d17a9ba664e9ca9a88fdb1c3adc71",
        "timestamp": 1745289525244,
        "message": "FILE_TRANSFER RequestId: fb1b49bb-026d-4491-9c05-a13528b10168\t TransferType: consumed\t Action: download_from_s3\t FileName: mafdb_37dea20d1bd82fc6960cf8f7fbe3e00fb9a3d760314cead430ba59e0fcb172d7.json\t Bucket: denethor\t FilePath: mafdb/mafdb_37dea20d1bd82fc6960cf8f7fbe3e00fb9a3d760314cead430ba59e0fcb172d7.json\t LocalFilePath: /tmp/mafdb/mafdb_37dea20d1bd82fc6960cf8f7fbe3e00fb9a3d760314cead430ba59e0fcb172d7.json\t FileSize: 194 bytes\t TransferDuration: 39.801876000012726 ms\n",
        "ingestionTime": 1745289532677,
        "eventId": "38921257000130923791196279139895424060488084994586116127"
    },
    {
        "logStreamName": "2025/04/22/[$LATEST]501d17a9ba664e9ca9a88fdb1c3adc71",
        "timestamp": 1745289525285,
        "message": "FILE_TRANSFER RequestId: fb1b49bb-026d-4491-9c05-a13528b10168\t TransferType: consumed\t Action: download_from_s3\t FileName: mafdb_43903bd26b53b7749aa4d4e2dca35cc7b18a934b80aa8d1378a6ee59222171f8.json\t Bucket: denethor\t FilePath: mafdb/mafdb_43903bd26b53b7749aa4d4e2dca35cc7b18a934b80aa8d1378a6ee59222171f8.json\t LocalFilePath: /tmp/mafdb/mafdb_43903bd26b53b7749aa4d4e2dca35cc7b18a934b80aa8d1378a6ee59222171f8.json\t FileSize: 194 bytes\t TransferDuration: 41.30565400004116 ms\n",
        "ingestionTime": 1745289532677,
        "eventId": "38921257001045254344336034688698388509666667816331313184"
    },
    {
        "logStreamName": "2025/04/22/[$LATEST]501d17a9ba664e9ca9a88fdb1c3adc71",
        "timestamp": 1745289525327,
        "message": "FILE_TRANSFER RequestId: fb1b49bb-026d-4491-9c05-a13528b10168\t TransferType: consumed\t Action: download_from_s3\t FileName: mafdb_79343a1806e58013cbd06b4244510fd5300e52eeabfbadcc09a2ce93bb3c0569.json\t Bucket: denethor\t FilePath: mafdb/mafdb_79343a1806e58013cbd06b4244510fd5300e52eeabfbadcc09a2ce93bb3c0569.json\t LocalFilePath: /tmp/mafdb/mafdb_79343a1806e58013cbd06b4244510fd5300e52eeabfbadcc09a2ce93bb3c0569.json\t FileSize: 194 bytes\t TransferDuration: 41.85520400000087 ms\n",
        "ingestionTime": 1745289532677,
        "eventId": "38921257001981885642674320860642888677117898999582490657"
    },
    {
        "logStreamName": "2025/04/22/[$LATEST]501d17a9ba664e9ca9a88fdb1c3adc71",
        "timestamp": 1745289525372,
        "message": "FILE_TRANSFER RequestId: fb1b49bb-026d-4491-9c05-a13528b10168\t TransferType: consumed\t Action: download_from_s3\t FileName: mafdb_60830794f6f53770664103f1567db6e61129f4a168960ac78aa0f0b425eb5c40.json\t Bucket: denethor\t FilePath: mafdb/mafdb_60830794f6f53770664103f1567db6e61129f4a168960ac78aa0f0b425eb5c40.json\t LocalFilePath: /tmp/mafdb/mafdb_60830794f6f53770664103f1567db6e61129f4a168960ac78aa0f0b425eb5c40.json\t FileSize: 194 bytes\t TransferDuration: 45.03121599998394 ms\n",
        "ingestionTime": 1745289532677,
        "eventId": "38921257002985419176608198902011995999387075267351609378"
    },
    {
        "logStreamName": "2025/04/22/[$LATEST]501d17a9ba664e9ca9a88fdb1c3adc71",
        "timestamp": 1745289525414,
        "message": "FILE_TRANSFER RequestId: fb1b49bb-026d-4491-9c05-a13528b10168\t TransferType: consumed\t Action: download_from_s3\t FileName: mafdb_e5fe75557ba97201f45a575034b1cc166584507d1d2de38aeb4d649a324b5b67.json\t Bucket: denethor\t FilePath: mafdb/mafdb_e5fe75557ba97201f45a575034b1cc166584507d1d2de38aeb4d649a324b5b67.json\t LocalFilePath: /tmp/mafdb/mafdb_e5fe75557ba97201f45a575034b1cc166584507d1d2de38aeb4d649a324b5b67.json\t FileSize: 194 bytes\t TransferDuration: 42.46218800000179 ms\n",
        "ingestionTime": 1745289532677,
        "eventId": "38921257003922050474946485073956496166838306450602786851"
    },
    {
        "logStreamName": "2025/04/22/[$LATEST]501d17a9ba664e9ca9a88fdb1c3adc71",
        "timestamp": 1745289525455,
        "message": "FILE_TRANSFER RequestId: fb1b49bb-026d-4491-9c05-a13528b10168\t TransferType: consumed\t Action: download_from_s3\t FileName: mafdb_684954c3c4c1ce1b20012a3c92d8999a9ebafb3b23276c0d4c20aa772f01f4d3.json\t Bucket: denethor\t FilePath: mafdb/mafdb_684954c3c4c1ce1b20012a3c92d8999a9ebafb3b23276c0d4c20aa772f01f4d3.json\t LocalFilePath: /tmp/mafdb/mafdb_684954c3c4c1ce1b20012a3c92d8999a9ebafb3b23276c0d4c20aa772f01f4d3.json\t FileSize: 194 bytes\t TransferDuration: 40.59094899997717 ms\n",
        "ingestionTime": 1745289532677,
        "eventId": "38921257004836381028086240622759460616016889272347983908"
    },
    {
        "logStreamName": "2025/04/22/[$LATEST]501d17a9ba664e9ca9a88fdb1c3adc71",
        "timestamp": 1745289525498,
        "message": "FILE_TRANSFER RequestId: fb1b49bb-026d-4491-9c05-a13528b10168\t TransferType: consumed\t Action: download_from_s3\t FileName: mafdb_305aed4207bfb203de05969878a8e31d34cc6693adbcfb75bbdedf0e956b6491.json\t Bucket: denethor\t FilePath: mafdb/mafdb_305aed4207bfb203de05969878a8e31d34cc6693adbcfb75bbdedf0e956b6491.json\t LocalFilePath: /tmp/mafdb/mafdb_305aed4207bfb203de05969878a8e31d34cc6693adbcfb75bbdedf0e956b6491.json\t FileSize: 194 bytes\t TransferDuration: 42.62321900000643 ms\n",
        "ingestionTime": 1745289532677,
        "eventId": "38921257005795313071623057417845496501740768817105141797"
    },
    {
        "logStreamName": "2025/04/22/[$LATEST]501d17a9ba664e9ca9a88fdb1c3adc71",
        "timestamp": 1745289525549,
        "message": "FILE_TRANSFER RequestId: fb1b49bb-026d-4491-9c05-a13528b10168\t TransferType: consumed\t Action: download_from_s3\t FileName: mafdb_ef4846779bd2a38fad411bfd1dde1cf87f3cd8dc2a3a380cbaa750d43d785bd5.json\t Bucket: denethor\t FilePath: mafdb/mafdb_ef4846779bd2a38fad411bfd1dde1cf87f3cd8dc2a3a380cbaa750d43d785bd5.json\t LocalFilePath: /tmp/mafdb/mafdb_ef4846779bd2a38fad411bfd1dde1cf87f3cd8dc2a3a380cbaa750d43d785bd5.json\t FileSize: 194 bytes\t TransferDuration: 51.391208999973514 ms\n",
        "ingestionTime": 1745289532677,
        "eventId": "38921257006932651076748119198063818133645835253910143014"
    },
    {
        "logStreamName": "2025/04/22/[$LATEST]501d17a9ba664e9ca9a88fdb1c3adc71",
        "timestamp": 1745289525641,
        "message": "FILE_TRANSFER RequestId: fb1b49bb-026d-4491-9c05-a13528b10168\t TransferType: consumed\t Action: download_from_s3\t FileName: mafdb_d13d8392c181d2f5dc098cade47742329253676294944cbdff641de7c8a2942a.json\t Bucket: denethor\t FilePath: mafdb/mafdb_d13d8392c181d2f5dc098cade47742329253676294944cbdff641de7c8a2942a.json\t LocalFilePath: /tmp/mafdb/mafdb_d13d8392c181d2f5dc098cade47742329253676294944cbdff641de7c8a2942a.json\t FileSize: 194 bytes\t TransferDuration: 91.41737900000635 ms\n",
        "ingestionTime": 1745289532677,
        "eventId": "38921257008984319635012936527085104214729484512460341287"
    },
    {
        "logStreamName": "2025/04/22/[$LATEST]501d17a9ba664e9ca9a88fdb1c3adc71",
        "timestamp": 1745289525693,
        "message": "FILE_TRANSFER RequestId: fb1b49bb-026d-4491-9c05-a13528b10168\t TransferType: consumed\t Action: download_from_s3\t FileName: mafdb_35ede6722fe824035d75d0534b754dd4b23ee9330ec089bb54db2128fededd5c.json\t Bucket: denethor\t FilePath: mafdb/mafdb_35ede6722fe824035d75d0534b754dd4b23ee9330ec089bb54db2128fededd5c.json\t LocalFilePath: /tmp/mafdb/mafdb_35ede6722fe824035d75d0534b754dd4b23ee9330ec089bb54db2128fededd5c.json\t FileSize: 194 bytes\t TransferDuration: 52.1155369999633 ms\n",
        "ingestionTime": 1745289532677,
        "eventId": "38921257010143958385336528930444961564907199310771322920"
    },
    {
        "logStreamName": "2025/04/22/[$LATEST]501d17a9ba664e9ca9a88fdb1c3adc71",
        "timestamp": 1745289525737,
        "message": "FILE_TRANSFER RequestId: fb1b49bb-026d-4491-9c05-a13528b10168\t TransferType: consumed\t Action: download_from_s3\t FileName: mafdb_ef77b5bbcb74907369670331730acab50985397195e028e2dc8b1e06b4c3f3d5.json\t Bucket: denethor\t FilePath: mafdb/mafdb_ef77b5bbcb74907369670331730acab50985397195e028e2dc8b1e06b4c3f3d5.json\t LocalFilePath: /tmp/mafdb/mafdb_ef77b5bbcb74907369670331730acab50985397195e028e2dc8b1e06b4c3f3d5.json\t FileSize: 194 bytes\t TransferDuration: 44.05271399997446 ms\n",
        "ingestionTime": 1745289532677,
        "eventId": "38921257011125191174071876348672533168903727217034461225"
    },
    {
        "logStreamName": "2025/04/22/[$LATEST]501d17a9ba664e9ca9a88fdb1c3adc71",
        "timestamp": 1745289525738,
        "message": "CONSUMED_FILES_INFO RequestId: fb1b49bb-026d-4491-9c05-a13528b10168\t FilesCount: 40 files\t FilesSize: 9095 bytes\t TransferDuration: 2074.600349000036 ms\t ConsumedFiles: ['mafdb_c3c2025f352d34b4b79a48619176577388b06f30619772ddea31df49ee988aff.json', 'mafdb_1d419943bc17a86fe648d8caad874862360b7c73c08c99b7c26040bc9939b002.json', 'mafdb_406ececbafe0a937f2a967e4dae5f862923efb2e1397870f6cc1ba8e050e1da7.json', 'mafdb_47fb2615fc585137c90363d35106c9022fdcc722571f7ed6d93a0e213c75c760.json', 'mafdb_68e664a9a27eba1488202e5ea16bb79aee50d9c2456068b25a29d7ca46c1450f.json', 'mafdb_ffac685782ba2ceabfc02088f70f3473d570818cc3d9c58c8979a425bc171247.json', 'mafdb_d7e79060050e13568977fc2c739b9eddf447a0cefe974cf809a00c1179f02def.json', 'mafdb_b61e3844996fd21e45a7d054f79694e53c5aede5327c90900ed7183119a56bfb.json', 'mafdb_f15d6d133941e8137799af5c1c04fc577dd74e96149a2ccd80e4f571114f20e3.json', 'mafdb_a2b1b534b2611b710744fb6756c33616a3588ee03d8aa6972d23e492b2c485de.json', 'mafdb_5bec77bc9d7c4d8fa3517dfa40512bc1eb17b502f07bd7ca8c55258b719bc02b.json', 'mafdb_2b5302c20981e36a3d85c97e2d12117774582905d95507fa3601d5c3760671f6.json', 'mafdb_bf6614cd56f098c5b75f97757054caf7ad0887c879d871d45b52d85ed0fd52d3.json', 'mafdb_fc2a84852f95eebd03a586abcf5a76c64db1efd965d2c472f2b8a03ed0c40edf.json', 'mafdb_0e058d65c1045889dfe83e83e2b201ec345ba3363065e06d8a12c525f818d8a7.json', 'mafdb_1dcf7383088dee8dd24da63dbe38a4ac08d22f21edec71bdb517c6ea9022f224.json', 'mafdb_028a779bdcb28d0db67ae99e8c383a2e5e0fd59fada6888e043db6f251521c76.json', 'mafdb_d8f88c2fd2b3dd961297ef4c35cbb2dc12d1e955b3804d1df6784eef89b553c5.json', 'mafdb_d9763115b2f7bbb170380eb0cf73c01c379877e17db9d20a5263916ed4781cf2.json', 'mafdb_61d06c5f6cb647c45e49e6fed379994aa1917c44d4f989fceae6c09f558582c8.json', 'mafdb_63c53df1d45cc497049844efbf882ebf787bdb18c69bc0d625bbf2f71424430b.json', 'mafdb_189694465e52809f6509269ecbf4093c7dba28229b686a1943d55421c969f8e4.json', 'mafdb_d8f27b52bb176ffe9ae04a4199d3cd7bad0db0e653726abeb7d7e0563bf138c8.json', 'mafdb_dec54fe08730fe655724b069720ea11971158bc178b484e71b3a129d8fb89851.json', 'mafdb_43869745aab3d63dfa68e4f287f1921924af17cf1395c9b35aca9cdc036d2b6a.json', 'mafdb_1bc211752a94b2c578560693e27c96c128aefdf6439e0fc20a27028f333f2ca9.json', 'mafdb_b57db58f6c445c0b4ca68af0b3818e52265d344a33b285d18aa8f71cb260f462.json', 'mafdb_4df624c06a94e147c4fa7506ee53c4f357552f4314c464fe76c7986b757849ff.json', 'mafdb_4d047d3111f7b0380efbd1a15e3b239694cdbec797511edb3c263b3a9488f2b6.json', 'mafdb_37dea20d1bd82fc6960cf8f7fbe3e00fb9a3d760314cead430ba59e0fcb172d7.json', 'mafdb_43903bd26b53b7749aa4d4e2dca35cc7b18a934b80aa8d1378a6ee59222171f8.json', 'mafdb_79343a1806e58013cbd06b4244510fd5300e52eeabfbadcc09a2ce93bb3c0569.json', 'mafdb_60830794f6f53770664103f1567db6e61129f4a168960ac78aa0f0b425eb5c40.json', 'mafdb_e5fe75557ba97201f45a575034b1cc166584507d1d2de38aeb4d649a324b5b67.json', 'mafdb_684954c3c4c1ce1b20012a3c92d8999a9ebafb3b23276c0d4c20aa772f01f4d3.json', 'mafdb_305aed4207bfb203de05969878a8e31d34cc6693adbcfb75bbdedf0e956b6491.json', 'mafdb_ef4846779bd2a38fad411bfd1dde1cf87f3cd8dc2a3a380cbaa750d43d785bd5.json', 'mafdb_d13d8392c181d2f5dc098cade47742329253676294944cbdff641de7c8a2942a.json', 'mafdb_35ede6722fe824035d75d0534b754dd4b23ee9330ec089bb54db2128fededd5c.json', 'mafdb_ef77b5bbcb74907369670331730acab50985397195e028e2dc8b1e06b4c3f3d5.json']\n",
        "ingestionTime": 1745289532677,
        "eventId": "38921257011147491919270406971814068887176375578540441642"
    },
    {
        "logStreamName": "2025/04/22/[$LATEST]501d17a9ba664e9ca9a88fdb1c3adc71",
        "timestamp": 1745289525739,
        "message": "[INFO] 2025-04-22T02:38:45GMT MAF_DATABASE_AGGREGATOR RequestId: fb1b49bb-026d-4491-9c05-a13528b10168\t Duration: 1.728907000028812 ms\t InputLength: 40\t MaxMaf: 0\t MafDatabase: {}\n",
        "ingestionTime": 1745289532677,
        "eventId": "38921257011169792664468937594955604605449023940046422059"
    },
    {
        "logStreamName": "2025/04/22/[$LATEST]501d17a9ba664e9ca9a88fdb1c3adc71",
        "timestamp": 1745289525739,
        "message": "[INFO]\t2025-04-22T02:38:45.739Z\tfb1b49bb-026d-4491-9c05-a13528b10168\tMAF_DATABASE_AGGREGATOR RequestId: fb1b49bb-026d-4491-9c05-a13528b10168\t Duration: 1.728907000028812 ms\t InputLength: 40\t MaxMaf: 0\t MafDatabase: {}\n",
        "ingestionTime": 1745289532677,
        "eventId": "38921257011169792664468937594955604605449023940046422060"
    },
    {
        "logStreamName": "2025/04/22/[$LATEST]501d17a9ba664e9ca9a88fdb1c3adc71",
        "timestamp": 1745289525779,
        "message": "FILE_TRANSFER RequestId: fb1b49bb-026d-4491-9c05-a13528b10168\t TransferType: produced\t Action: upload_to_s3\t FileName: mafdb_1d358735e68b0f145ffb919bd2b792e1127c5e764a77e90cce6b99d8990f9954.json\t Bucket: denethor\t FilePath: mafdb/mafdb_1d358735e68b0f145ffb919bd2b792e1127c5e764a77e90cce6b99d8990f9954.json\t LocalFilePath: /tmp/mafdb/mafdb_1d358735e68b0f145ffb919bd2b792e1127c5e764a77e90cce6b99d8990f9954.json\t FileSize: 7859 bytes\t TransferDuration: 39.917087999981504 ms\n",
        "ingestionTime": 1745289532677,
        "eventId": "38921257012061822472410162520617033336354958400285638701"
    },
    {
        "logStreamName": "2025/04/22/[$LATEST]501d17a9ba664e9ca9a88fdb1c3adc71",
        "timestamp": 1745289525780,
        "message": "PRODUCED_FILES_INFO RequestId: fb1b49bb-026d-4491-9c05-a13528b10168\t FilesCount: 1 files\t FilesSize: 7859 bytes\t TransferDuration: 39.917087999981504 ms\t Provider: aws_lambda\t  ProducedFiles: ['mafdb_1d358735e68b0f145ffb919bd2b792e1127c5e764a77e90cce6b99d8990f9954.json']\n",
        "ingestionTime": 1745289532677,
        "eventId": "38921257012084123217608693143758569054627606761791619118"
    },
    {
        "logStreamName": "2025/04/22/[$LATEST]501d17a9ba664e9ca9a88fdb1c3adc71",
        "timestamp": 1745289525781,
        "message": "END RequestId: fb1b49bb-026d-4491-9c05-a13528b10168\n",
        "ingestionTime": 1745289532677,
        "eventId": "38921257012106423962807223766900104772900255123297599535"
    },
    {
        "logStreamName": "2025/04/22/[$LATEST]501d17a9ba664e9ca9a88fdb1c3adc71",
        "timestamp": 1745289525781,
        "message": "REPORT RequestId: fb1b49bb-026d-4491-9c05-a13528b10168\tDuration: 2122.37 ms\tBilled Duration: 2123 ms\tMemory Size: 512 MB\tMax Memory Used: 107 MB\tInit Duration: 799.82 ms\t\n",
        "ingestionTime": 1745289532677,
        "eventId": "38921257012106423962807223766900104772900255123297599536"
    }
]