[
    {
        "logStreamName": "2025/04/21/[$LATEST]ff9a23faa72e407db0c347772ddd0e75",
        "timestamp": 1745274418578,
        "message": "INIT_START Runtime Version: python:3.10.v64\tRuntime Version ARN: arn:aws:lambda:sa-east-1::runtime:d56bdc8857b2109a058de2ab50bfb80ac2aa600be6f7855a436859944e5fe54b\n",
        "ingestionTime": 1745274425680,
        "eventId": "38920920110221658485381689825833863204612335679152062464"
    },
    {
        "logStreamName": "2025/04/21/[$LATEST]ff9a23faa72e407db0c347772ddd0e75",
        "timestamp": 1745274419371,
        "message": "START RequestId: cc4c27df-7f07-43af-b7be-a50ae4a2bc23 Version: $LATEST\n",
        "ingestionTime": 1745274425680,
        "eventId": "38920920127906149427816473977071687794822486353394532353"
    },
    {
        "logStreamName": "2025/04/21/[$LATEST]ff9a23faa72e407db0c347772ddd0e75",
        "timestamp": 1745274419371,
        "message": "Directory /tmp/mafdb was created!\n",
        "ingestionTime": 1745274425680,
        "eventId": "38920920127906149427816473977071687794822486353394532354"
    },
    {
        "logStreamName": "2025/04/21/[$LATEST]ff9a23faa72e407db0c347772ddd0e75",
        "timestamp": 1745274419473,
        "message": "FILE_TRANSFER RequestId: cc4c27df-7f07-43af-b7be-a50ae4a2bc23\t TransferType: consumed\t Action: download_from_s3\t FileName: mafdb_e7fcb374868f23c5b66908ff13d437f525bdef064d3f7604b08f9b68087e91c4.json\t Bucket: denethor\t FilePath: mafdb/mafdb_e7fcb374868f23c5b66908ff13d437f525bdef064d3f7604b08f9b68087e91c4.json\t LocalFilePath: /tmp/mafdb/mafdb_e7fcb374868f23c5b66908ff13d437f525bdef064d3f7604b08f9b68087e91c4.json\t FileSize: 273 bytes\t TransferDuration: 101.0294329998942 ms\n",
        "ingestionTime": 1745274425680,
        "eventId": "38920920130180825438066597537508331058632619227004534787"
    },
    {
        "logStreamName": "2025/04/21/[$LATEST]ff9a23faa72e407db0c347772ddd0e75",
        "timestamp": 1745274419515,
        "message": "FILE_TRANSFER RequestId: cc4c27df-7f07-43af-b7be-a50ae4a2bc23\t TransferType: consumed\t Action: download_from_s3\t FileName: mafdb_c2a1e960932a069de5927d1067dde414f501136aba941befca2a4654e72bb08a.json\t Bucket: denethor\t FilePath: mafdb/mafdb_c2a1e960932a069de5927d1067dde414f501136aba941befca2a4654e72bb08a.json\t LocalFilePath: /tmp/mafdb/mafdb_c2a1e960932a069de5927d1067dde414f501136aba941befca2a4654e72bb08a.json\t FileSize: 273 bytes\t TransferDuration: 42.31759599997531 ms\n",
        "ingestionTime": 1745274425680,
        "eventId": "38920920131117456736404883709452831226083850410255712260"
    },
    {
        "logStreamName": "2025/04/21/[$LATEST]ff9a23faa72e407db0c347772ddd0e75",
        "timestamp": 1745274419563,
        "message": "FILE_TRANSFER RequestId: cc4c27df-7f07-43af-b7be-a50ae4a2bc23\t TransferType: consumed\t Action: download_from_s3\t FileName: mafdb_e883ff130a9d34d26c58c15a735e96baab78aacec64abad0788f83f54423b943.json\t Bucket: denethor\t FilePath: mafdb/mafdb_e883ff130a9d34d26c58c15a735e96baab78aacec64abad0788f83f54423b943.json\t LocalFilePath: /tmp/mafdb/mafdb_e883ff130a9d34d26c58c15a735e96baab78aacec64abad0788f83f54423b943.json\t FileSize: 273 bytes\t TransferDuration: 47.78102999989642 ms\n",
        "ingestionTime": 1745274425680,
        "eventId": "38920920132187892505934353620246545703170971762542772229"
    },
    {
        "logStreamName": "2025/04/21/[$LATEST]ff9a23faa72e407db0c347772ddd0e75",
        "timestamp": 1745274419611,
        "message": "FILE_TRANSFER RequestId: cc4c27df-7f07-43af-b7be-a50ae4a2bc23\t TransferType: consumed\t Action: download_from_s3\t FileName: mafdb_f15d6d133941e8137799af5c1c04fc577dd74e96149a2ccd80e4f571114f20e3.json\t Bucket: denethor\t FilePath: mafdb/mafdb_f15d6d133941e8137799af5c1c04fc577dd74e96149a2ccd80e4f571114f20e3.json\t LocalFilePath: /tmp/mafdb/mafdb_f15d6d133941e8137799af5c1c04fc577dd74e96149a2ccd80e4f571114f20e3.json\t FileSize: 232 bytes\t TransferDuration: 48.106404000009206 ms\n",
        "ingestionTime": 1745274425680,
        "eventId": "38920920133258328275463823531040260180258093114829832198"
    },
    {
        "logStreamName": "2025/04/21/[$LATEST]ff9a23faa72e407db0c347772ddd0e75",
        "timestamp": 1745274419656,
        "message": "FILE_TRANSFER RequestId: cc4c27df-7f07-43af-b7be-a50ae4a2bc23\t TransferType: consumed\t Action: download_from_s3\t FileName: mafdb_a0bb27000c08353bd1576c76b737091f2d774cc5766e59661908d2047f1f9f55.json\t Bucket: denethor\t FilePath: mafdb/mafdb_a0bb27000c08353bd1576c76b737091f2d774cc5766e59661908d2047f1f9f55.json\t LocalFilePath: /tmp/mafdb/mafdb_a0bb27000c08353bd1576c76b737091f2d774cc5766e59661908d2047f1f9f55.json\t FileSize: 232 bytes\t TransferDuration: 44.52255500018509 ms\n",
        "ingestionTime": 1745274425680,
        "eventId": "38920920134261861809397701572409367502527269382598950919"
    },
    {
        "logStreamName": "2025/04/21/[$LATEST]ff9a23faa72e407db0c347772ddd0e75",
        "timestamp": 1745274419699,
        "message": "FILE_TRANSFER RequestId: cc4c27df-7f07-43af-b7be-a50ae4a2bc23\t TransferType: consumed\t Action: download_from_s3\t FileName: mafdb_fc2a84852f95eebd03a586abcf5a76c64db1efd965d2c472f2b8a03ed0c40edf.json\t Bucket: denethor\t FilePath: mafdb/mafdb_fc2a84852f95eebd03a586abcf5a76c64db1efd965d2c472f2b8a03ed0c40edf.json\t LocalFilePath: /tmp/mafdb/mafdb_fc2a84852f95eebd03a586abcf5a76c64db1efd965d2c472f2b8a03ed0c40edf.json\t FileSize: 232 bytes\t TransferDuration: 43.39722000031543 ms\n",
        "ingestionTime": 1745274425680,
        "eventId": "38920920135220793852934518367495403388251148927356108808"
    },
    {
        "logStreamName": "2025/04/21/[$LATEST]ff9a23faa72e407db0c347772ddd0e75",
        "timestamp": 1745274419759,
        "message": "FILE_TRANSFER RequestId: cc4c27df-7f07-43af-b7be-a50ae4a2bc23\t TransferType: consumed\t Action: download_from_s3\t FileName: mafdb_a1bfbcddbd0327f872ff3e6b2d5dcbed9e804641918b58e4b469cf077329c2cd.json\t Bucket: denethor\t FilePath: mafdb/mafdb_a1bfbcddbd0327f872ff3e6b2d5dcbed9e804641918b58e4b469cf077329c2cd.json\t LocalFilePath: /tmp/mafdb/mafdb_a1bfbcddbd0327f872ff3e6b2d5dcbed9e804641918b58e4b469cf077329c2cd.json\t FileSize: 232 bytes\t TransferDuration: 59.47008800012554 ms\n",
        "ingestionTime": 1745274425680,
        "eventId": "38920920136558838564846355755987546484610050617714933769"
    },
    {
        "logStreamName": "2025/04/21/[$LATEST]ff9a23faa72e407db0c347772ddd0e75",
        "timestamp": 1745274419807,
        "message": "FILE_TRANSFER RequestId: cc4c27df-7f07-43af-b7be-a50ae4a2bc23\t TransferType: consumed\t Action: download_from_s3\t FileName: mafdb_c1292c1187e6e070f5b2c48f9fe0cdb701c67ff3c8dbf84d145381186b1b77b3.json\t Bucket: denethor\t FilePath: mafdb/mafdb_c1292c1187e6e070f5b2c48f9fe0cdb701c67ff3c8dbf84d145381186b1b77b3.json\t LocalFilePath: /tmp/mafdb/mafdb_c1292c1187e6e070f5b2c48f9fe0cdb701c67ff3c8dbf84d145381186b1b77b3.json\t FileSize: 236 bytes\t TransferDuration: 48.57244400000127 ms\n",
        "ingestionTime": 1745274425680,
        "eventId": "38920920137629274334375825666781260961697171970001993738"
    },
    {
        "logStreamName": "2025/04/21/[$LATEST]ff9a23faa72e407db0c347772ddd0e75",
        "timestamp": 1745274419855,
        "message": "FILE_TRANSFER RequestId: cc4c27df-7f07-43af-b7be-a50ae4a2bc23\t TransferType: consumed\t Action: download_from_s3\t FileName: mafdb_c8628e7d7833590863c05945da0a15b09c0de52179e14bd524127f896a661506.json\t Bucket: denethor\t FilePath: mafdb/mafdb_c8628e7d7833590863c05945da0a15b09c0de52179e14bd524127f896a661506.json\t LocalFilePath: /tmp/mafdb/mafdb_c8628e7d7833590863c05945da0a15b09c0de52179e14bd524127f896a661506.json\t FileSize: 236 bytes\t TransferDuration: 47.80527999992046 ms\n",
        "ingestionTime": 1745274425680,
        "eventId": "38920920138699710103905295577574975438784293322289053707"
    },
    {
        "logStreamName": "2025/04/21/[$LATEST]ff9a23faa72e407db0c347772ddd0e75",
        "timestamp": 1745274419906,
        "message": "FILE_TRANSFER RequestId: cc4c27df-7f07-43af-b7be-a50ae4a2bc23\t TransferType: consumed\t Action: download_from_s3\t FileName: mafdb_3b4259b136e5e067f460a57ff21fd5c531cf82501ea56dcbb754d3f18d8bf7b8.json\t Bucket: denethor\t FilePath: mafdb/mafdb_3b4259b136e5e067f460a57ff21fd5c531cf82501ea56dcbb754d3f18d8bf7b8.json\t LocalFilePath: /tmp/mafdb/mafdb_3b4259b136e5e067f460a57ff21fd5c531cf82501ea56dcbb754d3f18d8bf7b8.json\t FileSize: 236 bytes\t TransferDuration: 50.50731000028463 ms\n",
        "ingestionTime": 1745274425680,
        "eventId": "38920920139837048109030357357793297070689359759094054924"
    },
    {
        "logStreamName": "2025/04/21/[$LATEST]ff9a23faa72e407db0c347772ddd0e75",
        "timestamp": 1745274419954,
        "message": "FILE_TRANSFER RequestId: cc4c27df-7f07-43af-b7be-a50ae4a2bc23\t TransferType: consumed\t Action: download_from_s3\t FileName: mafdb_0a8e580175a5a3df6e03961614b2b8cbb71dfdf569da590702b160aaf877127b.json\t Bucket: denethor\t FilePath: mafdb/mafdb_0a8e580175a5a3df6e03961614b2b8cbb71dfdf569da590702b160aaf877127b.json\t LocalFilePath: /tmp/mafdb/mafdb_0a8e580175a5a3df6e03961614b2b8cbb71dfdf569da590702b160aaf877127b.json\t FileSize: 236 bytes\t TransferDuration: 48.41176499985522 ms\n",
        "ingestionTime": 1745274425680,
        "eventId": "38920920140907483878559827268587011547776481111381114893"
    },
    {
        "logStreamName": "2025/04/21/[$LATEST]ff9a23faa72e407db0c347772ddd0e75",
        "timestamp": 1745274420008,
        "message": "FILE_TRANSFER RequestId: cc4c27df-7f07-43af-b7be-a50ae4a2bc23\t TransferType: consumed\t Action: download_from_s3\t FileName: mafdb_a16e0ac07d1950ab727769d0eb177e1d9dc671c752f386544f000cfecf73f200.json\t Bucket: denethor\t FilePath: mafdb/mafdb_a16e0ac07d1950ab727769d0eb177e1d9dc671c752f386544f000cfecf73f200.json\t LocalFilePath: /tmp/mafdb/mafdb_a16e0ac07d1950ab727769d0eb177e1d9dc671c752f386544f000cfecf73f200.json\t FileSize: 236 bytes\t TransferDuration: 53.6346539997794 ms\n",
        "ingestionTime": 1745274425680,
        "eventId": "38920920142111724119280480918229940334499492632704057358"
    },
    {
        "logStreamName": "2025/04/21/[$LATEST]ff9a23faa72e407db0c347772ddd0e75",
        "timestamp": 1745274420054,
        "message": "FILE_TRANSFER RequestId: cc4c27df-7f07-43af-b7be-a50ae4a2bc23\t TransferType: consumed\t Action: download_from_s3\t FileName: mafdb_eae45cbb3fe607c5231999a5e443162c9f1ac382fa127597405a3458015b63bc.json\t Bucket: denethor\t FilePath: mafdb/mafdb_eae45cbb3fe607c5231999a5e443162c9f1ac382fa127597405a3458015b63bc.json\t LocalFilePath: /tmp/mafdb/mafdb_eae45cbb3fe607c5231999a5e443162c9f1ac382fa127597405a3458015b63bc.json\t FileSize: 236 bytes\t TransferDuration: 46.15823799986174 ms\n",
        "ingestionTime": 1745274425680,
        "eventId": "38920920143137558398412889582740583375041317261979156495"
    },
    {
        "logStreamName": "2025/04/21/[$LATEST]ff9a23faa72e407db0c347772ddd0e75",
        "timestamp": 1745274420096,
        "message": "FILE_TRANSFER RequestId: cc4c27df-7f07-43af-b7be-a50ae4a2bc23\t TransferType: consumed\t Action: download_from_s3\t FileName: mafdb_5973609f30a5418d722dad186d12ca55876737215f0dc764dd048c27e245ccae.json\t Bucket: denethor\t FilePath: mafdb/mafdb_5973609f30a5418d722dad186d12ca55876737215f0dc764dd048c27e245ccae.json\t LocalFilePath: /tmp/mafdb/mafdb_5973609f30a5418d722dad186d12ca55876737215f0dc764dd048c27e245ccae.json\t FileSize: 236 bytes\t TransferDuration: 42.259038999873155 ms\n",
        "ingestionTime": 1745274425680,
        "eventId": "38920920144074189696751175754685083542492548445230333968"
    },
    {
        "logStreamName": "2025/04/21/[$LATEST]ff9a23faa72e407db0c347772ddd0e75",
        "timestamp": 1745274420142,
        "message": "FILE_TRANSFER RequestId: cc4c27df-7f07-43af-b7be-a50ae4a2bc23\t TransferType: consumed\t Action: download_from_s3\t FileName: mafdb_00a3f572cc1fc8e5d20ab4dfb79235b5a032989fc11491f76265acd17bc9137b.json\t Bucket: denethor\t FilePath: mafdb/mafdb_00a3f572cc1fc8e5d20ab4dfb79235b5a032989fc11491f76265acd17bc9137b.json\t LocalFilePath: /tmp/mafdb/mafdb_00a3f572cc1fc8e5d20ab4dfb79235b5a032989fc11491f76265acd17bc9137b.json\t FileSize: 236 bytes\t TransferDuration: 45.95703099994353 ms\n",
        "ingestionTime": 1745274425680,
        "eventId": "38920920145100023975883584419195726583034373074505433105"
    },
    {
        "logStreamName": "2025/04/21/[$LATEST]ff9a23faa72e407db0c347772ddd0e75",
        "timestamp": 1745274420200,
        "message": "FILE_TRANSFER RequestId: cc4c27df-7f07-43af-b7be-a50ae4a2bc23\t TransferType: consumed\t Action: download_from_s3\t FileName: mafdb_d9174a4cf95376c6512c54a52da7d2f8c6f98dce795f8abb1e0b4736582eb76f.json\t Bucket: denethor\t FilePath: mafdb/mafdb_d9174a4cf95376c6512c54a52da7d2f8c6f98dce795f8abb1e0b4736582eb76f.json\t LocalFilePath: /tmp/mafdb/mafdb_d9174a4cf95376c6512c54a52da7d2f8c6f98dce795f8abb1e0b4736582eb76f.json\t FileSize: 236 bytes\t TransferDuration: 57.58937300015532 ms\n",
        "ingestionTime": 1745274425680,
        "eventId": "38920920146393467197398360561404798242847978041852297234"
    },
    {
        "logStreamName": "2025/04/21/[$LATEST]ff9a23faa72e407db0c347772ddd0e75",
        "timestamp": 1745274420249,
        "message": "FILE_TRANSFER RequestId: cc4c27df-7f07-43af-b7be-a50ae4a2bc23\t TransferType: consumed\t Action: download_from_s3\t FileName: mafdb_43869745aab3d63dfa68e4f287f1921924af17cf1395c9b35aca9cdc036d2b6a.json\t Bucket: denethor\t FilePath: mafdb/mafdb_43869745aab3d63dfa68e4f287f1921924af17cf1395c9b35aca9cdc036d2b6a.json\t LocalFilePath: /tmp/mafdb/mafdb_43869745aab3d63dfa68e4f287f1921924af17cf1395c9b35aca9cdc036d2b6a.json\t FileSize: 236 bytes\t TransferDuration: 49.28914399988571 ms\n",
        "ingestionTime": 1745274425680,
        "eventId": "38920920147486203712126361095340048438207747755645337619"
    },
    {
        "logStreamName": "2025/04/21/[$LATEST]ff9a23faa72e407db0c347772ddd0e75",
        "timestamp": 1745274420301,
        "message": "FILE_TRANSFER RequestId: cc4c27df-7f07-43af-b7be-a50ae4a2bc23\t TransferType: consumed\t Action: download_from_s3\t FileName: mafdb_e1c1a3efbbe62c2a7b832722eea7a97c4c6a0584661d34d7903dfb1cb8550001.json\t Bucket: denethor\t FilePath: mafdb/mafdb_e1c1a3efbbe62c2a7b832722eea7a97c4c6a0584661d34d7903dfb1cb8550001.json\t LocalFilePath: /tmp/mafdb/mafdb_e1c1a3efbbe62c2a7b832722eea7a97c4c6a0584661d34d7903dfb1cb8550001.json\t FileSize: 194 bytes\t TransferDuration: 51.19359199989049 ms\n",
        "ingestionTime": 1745274425680,
        "eventId": "38920920148645842462449953498699905788385462553956319252"
    },
    {
        "logStreamName": "2025/04/21/[$LATEST]ff9a23faa72e407db0c347772ddd0e75",
        "timestamp": 1745274420348,
        "message": "FILE_TRANSFER RequestId: cc4c27df-7f07-43af-b7be-a50ae4a2bc23\t TransferType: consumed\t Action: download_from_s3\t FileName: mafdb_79343a1806e58013cbd06b4244510fd5300e52eeabfbadcc09a2ce93bb3c0569.json\t Bucket: denethor\t FilePath: mafdb/mafdb_79343a1806e58013cbd06b4244510fd5300e52eeabfbadcc09a2ce93bb3c0569.json\t LocalFilePath: /tmp/mafdb/mafdb_79343a1806e58013cbd06b4244510fd5300e52eeabfbadcc09a2ce93bb3c0569.json\t FileSize: 194 bytes\t TransferDuration: 47.69629199972769 ms\n",
        "ingestionTime": 1745274425680,
        "eventId": "38920920149693977486780892786352084547199935544737398805"
    },
    {
        "logStreamName": "2025/04/21/[$LATEST]ff9a23faa72e407db0c347772ddd0e75",
        "timestamp": 1745274420394,
        "message": "FILE_TRANSFER RequestId: cc4c27df-7f07-43af-b7be-a50ae4a2bc23\t TransferType: consumed\t Action: download_from_s3\t FileName: mafdb_94a13595282fa653bef6fcac4e2814c61baca180bc8211c141298b84f6808ed2.json\t Bucket: denethor\t FilePath: mafdb/mafdb_94a13595282fa653bef6fcac4e2814c61baca180bc8211c141298b84f6808ed2.json\t LocalFilePath: /tmp/mafdb/mafdb_94a13595282fa653bef6fcac4e2814c61baca180bc8211c141298b84f6808ed2.json\t FileSize: 194 bytes\t TransferDuration: 46.02039900009913 ms\n",
        "ingestionTime": 1745274425680,
        "eventId": "38920920150719811765913301450862727587741760174012497942"
    },
    {
        "logStreamName": "2025/04/21/[$LATEST]ff9a23faa72e407db0c347772ddd0e75",
        "timestamp": 1745274420439,
        "message": "FILE_TRANSFER RequestId: cc4c27df-7f07-43af-b7be-a50ae4a2bc23\t TransferType: consumed\t Action: download_from_s3\t FileName: mafdb_6ee93fa3e17d8465d80c68957453793c4017d5d2d02f3c35b598aa6b61c743eb.json\t Bucket: denethor\t FilePath: mafdb/mafdb_6ee93fa3e17d8465d80c68957453793c4017d5d2d02f3c35b598aa6b61c743eb.json\t LocalFilePath: /tmp/mafdb/mafdb_6ee93fa3e17d8465d80c68957453793c4017d5d2d02f3c35b598aa6b61c743eb.json\t FileSize: 194 bytes\t TransferDuration: 44.3023190000531 ms\n",
        "ingestionTime": 1745274425680,
        "eventId": "38920920151723345299847179492231834910010936441781616663"
    },
    {
        "logStreamName": "2025/04/21/[$LATEST]ff9a23faa72e407db0c347772ddd0e75",
        "timestamp": 1745274420487,
        "message": "FILE_TRANSFER RequestId: cc4c27df-7f07-43af-b7be-a50ae4a2bc23\t TransferType: consumed\t Action: download_from_s3\t FileName: mafdb_7bec951e7922328214e0e0f2f21f4f4ee7ed0b32879ef6cd534bc178af535948.json\t Bucket: denethor\t FilePath: mafdb/mafdb_7bec951e7922328214e0e0f2f21f4f4ee7ed0b32879ef6cd534bc178af535948.json\t LocalFilePath: /tmp/mafdb/mafdb_7bec951e7922328214e0e0f2f21f4f4ee7ed0b32879ef6cd534bc178af535948.json\t FileSize: 194 bytes\t TransferDuration: 47.76993500036042 ms\n",
        "ingestionTime": 1745274425680,
        "eventId": "38920920152793781069376649403025549387098057794068676632"
    },
    {
        "logStreamName": "2025/04/21/[$LATEST]ff9a23faa72e407db0c347772ddd0e75",
        "timestamp": 1745274420530,
        "message": "FILE_TRANSFER RequestId: cc4c27df-7f07-43af-b7be-a50ae4a2bc23\t TransferType: consumed\t Action: download_from_s3\t FileName: mafdb_e5fe75557ba97201f45a575034b1cc166584507d1d2de38aeb4d649a324b5b67.json\t Bucket: denethor\t FilePath: mafdb/mafdb_e5fe75557ba97201f45a575034b1cc166584507d1d2de38aeb4d649a324b5b67.json\t LocalFilePath: /tmp/mafdb/mafdb_e5fe75557ba97201f45a575034b1cc166584507d1d2de38aeb4d649a324b5b67.json\t FileSize: 194 bytes\t TransferDuration: 43.40838999996777 ms\n",
        "ingestionTime": 1745274425680,
        "eventId": "38920920153752713112913466198111585272821937338825834521"
    },
    {
        "logStreamName": "2025/04/21/[$LATEST]ff9a23faa72e407db0c347772ddd0e75",
        "timestamp": 1745274420578,
        "message": "FILE_TRANSFER RequestId: cc4c27df-7f07-43af-b7be-a50ae4a2bc23\t TransferType: consumed\t Action: download_from_s3\t FileName: mafdb_550dfe67998206b655617164ffa1cc1c594d940f80674dd873f4270a33b049fc.json\t Bucket: denethor\t FilePath: mafdb/mafdb_550dfe67998206b655617164ffa1cc1c594d940f80674dd873f4270a33b049fc.json\t LocalFilePath: /tmp/mafdb/mafdb_550dfe67998206b655617164ffa1cc1c594d940f80674dd873f4270a33b049fc.json\t FileSize: 194 bytes\t TransferDuration: 47.34278699970673 ms\n",
        "ingestionTime": 1745274425680,
        "eventId": "38920920154823148882442936108905299749909058691112894490"
    },
    {
        "logStreamName": "2025/04/21/[$LATEST]ff9a23faa72e407db0c347772ddd0e75",
        "timestamp": 1745274420620,
        "message": "FILE_TRANSFER RequestId: cc4c27df-7f07-43af-b7be-a50ae4a2bc23\t TransferType: consumed\t Action: download_from_s3\t FileName: mafdb_f918c820d318d5721f6a01c5e5f1bcf93d25c754add42dfe159109e02e35ab0a.json\t Bucket: denethor\t FilePath: mafdb/mafdb_f918c820d318d5721f6a01c5e5f1bcf93d25c754add42dfe159109e02e35ab0a.json\t LocalFilePath: /tmp/mafdb/mafdb_f918c820d318d5721f6a01c5e5f1bcf93d25c754add42dfe159109e02e35ab0a.json\t FileSize: 194 bytes\t TransferDuration: 42.336937000072794 ms\n",
        "ingestionTime": 1745274425680,
        "eventId": "38920920155759780180781222280849799917360289874364071963"
    },
    {
        "logStreamName": "2025/04/21/[$LATEST]ff9a23faa72e407db0c347772ddd0e75",
        "timestamp": 1745274420620,
        "message": "CONSUMED_FILES_INFO RequestId: cc4c27df-7f07-43af-b7be-a50ae4a2bc23\t FilesCount: 25 files\t FilesSize: 5659 bytes\t TransferDuration: 1246.8792549998398 ms\t ConsumedFiles: ['mafdb_e7fcb374868f23c5b66908ff13d437f525bdef064d3f7604b08f9b68087e91c4.json', 'mafdb_c2a1e960932a069de5927d1067dde414f501136aba941befca2a4654e72bb08a.json', 'mafdb_e883ff130a9d34d26c58c15a735e96baab78aacec64abad0788f83f54423b943.json', 'mafdb_f15d6d133941e8137799af5c1c04fc577dd74e96149a2ccd80e4f571114f20e3.json', 'mafdb_a0bb27000c08353bd1576c76b737091f2d774cc5766e59661908d2047f1f9f55.json', 'mafdb_fc2a84852f95eebd03a586abcf5a76c64db1efd965d2c472f2b8a03ed0c40edf.json', 'mafdb_a1bfbcddbd0327f872ff3e6b2d5dcbed9e804641918b58e4b469cf077329c2cd.json', 'mafdb_c1292c1187e6e070f5b2c48f9fe0cdb701c67ff3c8dbf84d145381186b1b77b3.json', 'mafdb_c8628e7d7833590863c05945da0a15b09c0de52179e14bd524127f896a661506.json', 'mafdb_3b4259b136e5e067f460a57ff21fd5c531cf82501ea56dcbb754d3f18d8bf7b8.json', 'mafdb_0a8e580175a5a3df6e03961614b2b8cbb71dfdf569da590702b160aaf877127b.json', 'mafdb_a16e0ac07d1950ab727769d0eb177e1d9dc671c752f386544f000cfecf73f200.json', 'mafdb_eae45cbb3fe607c5231999a5e443162c9f1ac382fa127597405a3458015b63bc.json', 'mafdb_5973609f30a5418d722dad186d12ca55876737215f0dc764dd048c27e245ccae.json', 'mafdb_00a3f572cc1fc8e5d20ab4dfb79235b5a032989fc11491f76265acd17bc9137b.json', 'mafdb_d9174a4cf95376c6512c54a52da7d2f8c6f98dce795f8abb1e0b4736582eb76f.json', 'mafdb_43869745aab3d63dfa68e4f287f1921924af17cf1395c9b35aca9cdc036d2b6a.json', 'mafdb_e1c1a3efbbe62c2a7b832722eea7a97c4c6a0584661d34d7903dfb1cb8550001.json', 'mafdb_79343a1806e58013cbd06b4244510fd5300e52eeabfbadcc09a2ce93bb3c0569.json', 'mafdb_94a13595282fa653bef6fcac4e2814c61baca180bc8211c141298b84f6808ed2.json', 'mafdb_6ee93fa3e17d8465d80c68957453793c4017d5d2d02f3c35b598aa6b61c743eb.json', 'mafdb_7bec951e7922328214e0e0f2f21f4f4ee7ed0b32879ef6cd534bc178af535948.json', 'mafdb_e5fe75557ba97201f45a575034b1cc166584507d1d2de38aeb4d649a324b5b67.json', 'mafdb_550dfe67998206b655617164ffa1cc1c594d940f80674dd873f4270a33b049fc.json', 'mafdb_f918c820d318d5721f6a01c5e5f1bcf93d25c754add42dfe159109e02e35ab0a.json']\n",
        "ingestionTime": 1745274425680,
        "eventId": "38920920155759780180781222280849799917360289874364071964"
    },
    {
        "logStreamName": "2025/04/21/[$LATEST]ff9a23faa72e407db0c347772ddd0e75",
        "timestamp": 1745274420622,
        "message": "[INFO] 2025-04-21T22:27:00GMT MAF_DATABASE_AGGREGATOR RequestId: cc4c27df-7f07-43af-b7be-a50ae4a2bc23\t Duration: 1.2098349998268532 ms\t InputLength: 25\t MaxMaf: 0\t MafDatabase: {}\n",
        "ingestionTime": 1745274425680,
        "eventId": "38920920155804381671178283527132871353905586597376032797"
    },
    {
        "logStreamName": "2025/04/21/[$LATEST]ff9a23faa72e407db0c347772ddd0e75",
        "timestamp": 1745274420622,
        "message": "[INFO]\t2025-04-21T22:27:00.622Z\tcc4c27df-7f07-43af-b7be-a50ae4a2bc23\tMAF_DATABASE_AGGREGATOR RequestId: cc4c27df-7f07-43af-b7be-a50ae4a2bc23\t Duration: 1.2098349998268532 ms\t InputLength: 25\t MaxMaf: 0\t MafDatabase: {}\n",
        "ingestionTime": 1745274425680,
        "eventId": "38920920155804381671178283527132871353905586597376032798"
    },
    {
        "logStreamName": "2025/04/21/[$LATEST]ff9a23faa72e407db0c347772ddd0e75",
        "timestamp": 1745274420669,
        "message": "FILE_TRANSFER RequestId: cc4c27df-7f07-43af-b7be-a50ae4a2bc23\t TransferType: produced\t Action: upload_to_s3\t FileName: mafdb_d169027b8d34fbdcf0b8262f6ba189d73030187bdc460ba8e0d3a97855d86a96.json\t Bucket: denethor\t FilePath: mafdb/mafdb_d169027b8d34fbdcf0b8262f6ba189d73030187bdc460ba8e0d3a97855d86a96.json\t LocalFilePath: /tmp/mafdb/mafdb_d169027b8d34fbdcf0b8262f6ba189d73030187bdc460ba8e0d3a97855d86a96.json\t FileSize: 4907 bytes\t TransferDuration: 47.24878800016086 ms\n",
        "ingestionTime": 1745274425680,
        "eventId": "38920920156852516695509222814785050112720059588157112351"
    },
    {
        "logStreamName": "2025/04/21/[$LATEST]ff9a23faa72e407db0c347772ddd0e75",
        "timestamp": 1745274420669,
        "message": "PRODUCED_FILES_INFO RequestId: cc4c27df-7f07-43af-b7be-a50ae4a2bc23\t FilesCount: 1 files\t FilesSize: 4907 bytes\t TransferDuration: 47.24878800016086 ms\t Provider: aws_lambda\t  ProducedFiles: ['mafdb_d169027b8d34fbdcf0b8262f6ba189d73030187bdc460ba8e0d3a97855d86a96.json']\n",
        "ingestionTime": 1745274425680,
        "eventId": "38920920156852516695509222814785050112720059588157112352"
    },
    {
        "logStreamName": "2025/04/21/[$LATEST]ff9a23faa72e407db0c347772ddd0e75",
        "timestamp": 1745274420672,
        "message": "END RequestId: cc4c27df-7f07-43af-b7be-a50ae4a2bc23\n",
        "ingestionTime": 1745274425680,
        "eventId": "38920920156919418931104814684209657267538004672675053601"
    },
    {
        "logStreamName": "2025/04/21/[$LATEST]ff9a23faa72e407db0c347772ddd0e75",
        "timestamp": 1745274420672,
        "message": "REPORT RequestId: cc4c27df-7f07-43af-b7be-a50ae4a2bc23\tDuration: 1301.29 ms\tBilled Duration: 1302 ms\tMemory Size: 2048 MB\tMax Memory Used: 107 MB\tInit Duration: 790.98 ms\t\n",
        "ingestionTime": 1745274425680,
        "eventId": "38920920156919418931104814684209657267538004672675053602"
    }
]