[
    {
        "logStreamName": "2025/04/22/[$LATEST]930aa34de7f54248a08058747e1a070f",
        "timestamp": 1745280144149,
        "message": "INIT_START Runtime Version: python:3.10.v64\tRuntime Version ARN: arn:aws:lambda:sa-east-1::runtime:d56bdc8857b2109a058de2ab50bfb80ac2aa600be6f7855a436859944e5fe54b\n",
        "ingestionTime": 1745280149012,
        "eventId": "38921047794721645581560167850721474858295391463430815744"
    },
    {
        "logStreamName": "2025/04/22/[$LATEST]930aa34de7f54248a08058747e1a070f",
        "timestamp": 1745280144949,
        "message": "START RequestId: b4795733-0827-4b73-8952-522537371ab0 Version: $LATEST\n",
        "ingestionTime": 1745280149012,
        "eventId": "38921047812562241740384666363950049476414080668215148545"
    },
    {
        "logStreamName": "2025/04/22/[$LATEST]930aa34de7f54248a08058747e1a070f",
        "timestamp": 1745280144950,
        "message": "Directory /tmp/mafdb was created!\n",
        "ingestionTime": 1745280149012,
        "eventId": "38921047812584542485583196987091585194686729029721128962"
    },
    {
        "logStreamName": "2025/04/22/[$LATEST]930aa34de7f54248a08058747e1a070f",
        "timestamp": 1745280145381,
        "message": "FILE_TRANSFER RequestId: b4795733-0827-4b73-8952-522537371ab0\t TransferType: consumed\t Action: download_from_s3\t FileName: mafdb_58aa863a1439bf886daca0713239dba1882676aea5266e0af5bebad97529db92.json\t Bucket: denethor\t FilePath: mafdb/mafdb_58aa863a1439bf886daca0713239dba1882676aea5266e0af5bebad97529db92.json\t LocalFilePath: /tmp/mafdb/mafdb_58aa863a1439bf886daca0713239dba1882676aea5266e0af5bebad97529db92.json\t FileSize: 314 bytes\t TransferDuration: 430.902623999998 ms\n",
        "ingestionTime": 1745280149012,
        "eventId": "38921047822196163666149895561093479770198172838798688259"
    },
    {
        "logStreamName": "2025/04/22/[$LATEST]930aa34de7f54248a08058747e1a070f",
        "timestamp": 1745280145521,
        "message": "FILE_TRANSFER RequestId: b4795733-0827-4b73-8952-522537371ab0\t TransferType: consumed\t Action: download_from_s3\t FileName: mafdb_51e18dc31f0c330513b45085a52c5ecd1e4a0a9130d2805a71368f1cbe17f65e.json\t Bucket: denethor\t FilePath: mafdb/mafdb_51e18dc31f0c330513b45085a52c5ecd1e4a0a9130d2805a71368f1cbe17f65e.json\t LocalFilePath: /tmp/mafdb/mafdb_51e18dc31f0c330513b45085a52c5ecd1e4a0a9130d2805a71368f1cbe17f65e.json\t FileSize: 314 bytes\t TransferDuration: 139.79999800000087 ms\n",
        "ingestionTime": 1745280149012,
        "eventId": "38921047825318267993944182800908480328368943449635946500"
    },
    {
        "logStreamName": "2025/04/22/[$LATEST]930aa34de7f54248a08058747e1a070f",
        "timestamp": 1745280145661,
        "message": "FILE_TRANSFER RequestId: b4795733-0827-4b73-8952-522537371ab0\t TransferType: consumed\t Action: download_from_s3\t FileName: mafdb_bdf7b87e05be228017da27afd5fd158ebe4fcf138008526635b8bcdbe380f328.json\t Bucket: denethor\t FilePath: mafdb/mafdb_bdf7b87e05be228017da27afd5fd158ebe4fcf138008526635b8bcdbe380f328.json\t LocalFilePath: /tmp/mafdb/mafdb_bdf7b87e05be228017da27afd5fd158ebe4fcf138008526635b8bcdbe380f328.json\t FileSize: 273 bytes\t TransferDuration: 139.85869900000125 ms\n",
        "ingestionTime": 1745280149012,
        "eventId": "38921047828440372321738470040723480886539714060473204741"
    },
    {
        "logStreamName": "2025/04/22/[$LATEST]930aa34de7f54248a08058747e1a070f",
        "timestamp": 1745280145781,
        "message": "FILE_TRANSFER RequestId: b4795733-0827-4b73-8952-522537371ab0\t TransferType: consumed\t Action: download_from_s3\t FileName: mafdb_1d419943bc17a86fe648d8caad874862360b7c73c08c99b7c26040bc9939b002.json\t Bucket: denethor\t FilePath: mafdb/mafdb_1d419943bc17a86fe648d8caad874862360b7c73c08c99b7c26040bc9939b002.json\t LocalFilePath: /tmp/mafdb/mafdb_1d419943bc17a86fe648d8caad874862360b7c73c08c99b7c26040bc9939b002.json\t FileSize: 273 bytes\t TransferDuration: 120.05570300001978 ms\n",
        "ingestionTime": 1745280149012,
        "eventId": "38921047831116461745562144817707767079257517441190854662"
    },
    {
        "logStreamName": "2025/04/22/[$LATEST]930aa34de7f54248a08058747e1a070f",
        "timestamp": 1745280145921,
        "message": "FILE_TRANSFER RequestId: b4795733-0827-4b73-8952-522537371ab0\t TransferType: consumed\t Action: download_from_s3\t FileName: mafdb_49ad0997fa75ff9233f44bffe4f6033aaaf8676ed8f4cbac92057d25395497e6.json\t Bucket: denethor\t FilePath: mafdb/mafdb_49ad0997fa75ff9233f44bffe4f6033aaaf8676ed8f4cbac92057d25395497e6.json\t LocalFilePath: /tmp/mafdb/mafdb_49ad0997fa75ff9233f44bffe4f6033aaaf8676ed8f4cbac92057d25395497e6.json\t FileSize: 273 bytes\t TransferDuration: 139.92195199998037 ms\n",
        "ingestionTime": 1745280149012,
        "eventId": "38921047834238566073356432057522767637428288052028112903"
    },
    {
        "logStreamName": "2025/04/22/[$LATEST]930aa34de7f54248a08058747e1a070f",
        "timestamp": 1745280146061,
        "message": "FILE_TRANSFER RequestId: b4795733-0827-4b73-8952-522537371ab0\t TransferType: consumed\t Action: download_from_s3\t FileName: mafdb_f871e6272680ce0853ce488fc481f480aa4e243fa14dd104803b05fb209cf094.json\t Bucket: denethor\t FilePath: mafdb/mafdb_f871e6272680ce0853ce488fc481f480aa4e243fa14dd104803b05fb209cf094.json\t LocalFilePath: /tmp/mafdb/mafdb_f871e6272680ce0853ce488fc481f480aa4e243fa14dd104803b05fb209cf094.json\t FileSize: 273 bytes\t TransferDuration: 139.89153299999657 ms\n",
        "ingestionTime": 1745280149012,
        "eventId": "38921047837360670401150719297337768195599058662865371144"
    },
    {
        "logStreamName": "2025/04/22/[$LATEST]930aa34de7f54248a08058747e1a070f",
        "timestamp": 1745280146201,
        "message": "FILE_TRANSFER RequestId: b4795733-0827-4b73-8952-522537371ab0\t TransferType: consumed\t Action: download_from_s3\t FileName: mafdb_29c4ddd140d117364cadffd440f0642c27bbc2412f4567e0cb32891cc3ef36a1.json\t Bucket: denethor\t FilePath: mafdb/mafdb_29c4ddd140d117364cadffd440f0642c27bbc2412f4567e0cb32891cc3ef36a1.json\t LocalFilePath: /tmp/mafdb/mafdb_29c4ddd140d117364cadffd440f0642c27bbc2412f4567e0cb32891cc3ef36a1.json\t FileSize: 273 bytes\t TransferDuration: 139.92822200000887 ms\n",
        "ingestionTime": 1745280149012,
        "eventId": "38921047840482774728945006537152768753769829273702629385"
    },
    {
        "logStreamName": "2025/04/22/[$LATEST]930aa34de7f54248a08058747e1a070f",
        "timestamp": 1745280146341,
        "message": "FILE_TRANSFER RequestId: b4795733-0827-4b73-8952-522537371ab0\t TransferType: consumed\t Action: download_from_s3\t FileName: mafdb_953e1a111e13fbeb681f915778ac824e009ef79d64fc7cfa76e6c118a64274b0.json\t Bucket: denethor\t FilePath: mafdb/mafdb_953e1a111e13fbeb681f915778ac824e009ef79d64fc7cfa76e6c118a64274b0.json\t LocalFilePath: /tmp/mafdb/mafdb_953e1a111e13fbeb681f915778ac824e009ef79d64fc7cfa76e6c118a64274b0.json\t FileSize: 232 bytes\t TransferDuration: 139.92589299999736 ms\n",
        "ingestionTime": 1745280149012,
        "eventId": "38921047843604879056739293776967769311940599884539887626"
    },
    {
        "logStreamName": "2025/04/22/[$LATEST]930aa34de7f54248a08058747e1a070f",
        "timestamp": 1745280146481,
        "message": "FILE_TRANSFER RequestId: b4795733-0827-4b73-8952-522537371ab0\t TransferType: consumed\t Action: download_from_s3\t FileName: mafdb_5622c4af29c03a55db15361b96ebd57532e3d5deb3791cbd1444627fe1ca62ba.json\t Bucket: denethor\t FilePath: mafdb/mafdb_5622c4af29c03a55db15361b96ebd57532e3d5deb3791cbd1444627fe1ca62ba.json\t LocalFilePath: /tmp/mafdb/mafdb_5622c4af29c03a55db15361b96ebd57532e3d5deb3791cbd1444627fe1ca62ba.json\t FileSize: 232 bytes\t TransferDuration: 139.8741480000183 ms\n",
        "ingestionTime": 1745280149012,
        "eventId": "38921047846726983384533581016782769870111370495377145867"
    },
    {
        "logStreamName": "2025/04/22/[$LATEST]930aa34de7f54248a08058747e1a070f",
        "timestamp": 1745280146601,
        "message": "FILE_TRANSFER RequestId: b4795733-0827-4b73-8952-522537371ab0\t TransferType: consumed\t Action: download_from_s3\t FileName: mafdb_44786d15636736367c1c71748c6f6ad88c51a0acf9651aa1d2aab053f2b49895.json\t Bucket: denethor\t FilePath: mafdb/mafdb_44786d15636736367c1c71748c6f6ad88c51a0acf9651aa1d2aab053f2b49895.json\t LocalFilePath: /tmp/mafdb/mafdb_44786d15636736367c1c71748c6f6ad88c51a0acf9651aa1d2aab053f2b49895.json\t FileSize: 232 bytes\t TransferDuration: 119.9632910000048 ms\n",
        "ingestionTime": 1745280149012,
        "eventId": "38921047849403072808357255793767056062829173876094795788"
    },
    {
        "logStreamName": "2025/04/22/[$LATEST]930aa34de7f54248a08058747e1a070f",
        "timestamp": 1745280146741,
        "message": "FILE_TRANSFER RequestId: b4795733-0827-4b73-8952-522537371ab0\t TransferType: consumed\t Action: download_from_s3\t FileName: mafdb_07f2663350ea1ac790cef8d65d693e9f9a8a7ff3d9613fcbba8694ef3a437497.json\t Bucket: denethor\t FilePath: mafdb/mafdb_07f2663350ea1ac790cef8d65d693e9f9a8a7ff3d9613fcbba8694ef3a437497.json\t LocalFilePath: /tmp/mafdb/mafdb_07f2663350ea1ac790cef8d65d693e9f9a8a7ff3d9613fcbba8694ef3a437497.json\t FileSize: 232 bytes\t TransferDuration: 139.90956399999277 ms\n",
        "ingestionTime": 1745280149012,
        "eventId": "38921047852525177136151543033582056620999944486932054029"
    },
    {
        "logStreamName": "2025/04/22/[$LATEST]930aa34de7f54248a08058747e1a070f",
        "timestamp": 1745280146881,
        "message": "FILE_TRANSFER RequestId: b4795733-0827-4b73-8952-522537371ab0\t TransferType: consumed\t Action: download_from_s3\t FileName: mafdb_8bc6b1285675133cf71abced5feadde67801ce1183d48ccdfce4ad5c847e0d16.json\t Bucket: denethor\t FilePath: mafdb/mafdb_8bc6b1285675133cf71abced5feadde67801ce1183d48ccdfce4ad5c847e0d16.json\t LocalFilePath: /tmp/mafdb/mafdb_8bc6b1285675133cf71abced5feadde67801ce1183d48ccdfce4ad5c847e0d16.json\t FileSize: 232 bytes\t TransferDuration: 139.88892899999428 ms\n",
        "ingestionTime": 1745280149012,
        "eventId": "38921047855647281463945830273397057179170715097769312270"
    },
    {
        "logStreamName": "2025/04/22/[$LATEST]930aa34de7f54248a08058747e1a070f",
        "timestamp": 1745280147001,
        "message": "FILE_TRANSFER RequestId: b4795733-0827-4b73-8952-522537371ab0\t TransferType: consumed\t Action: download_from_s3\t FileName: mafdb_58254360ee9cb4b928a0b69f4adfd78688391955b6d2b02adf2e814125a07479.json\t Bucket: denethor\t FilePath: mafdb/mafdb_58254360ee9cb4b928a0b69f4adfd78688391955b6d2b02adf2e814125a07479.json\t LocalFilePath: /tmp/mafdb/mafdb_58254360ee9cb4b928a0b69f4adfd78688391955b6d2b02adf2e814125a07479.json\t FileSize: 232 bytes\t TransferDuration: 119.96315499999355 ms\n",
        "ingestionTime": 1745280149012,
        "eventId": "38921047858323370887769505050381343371888518478486962191"
    },
    {
        "logStreamName": "2025/04/22/[$LATEST]930aa34de7f54248a08058747e1a070f",
        "timestamp": 1745280147141,
        "message": "FILE_TRANSFER RequestId: b4795733-0827-4b73-8952-522537371ab0\t TransferType: consumed\t Action: download_from_s3\t FileName: mafdb_5f9438b2176a3f1de183e4e4beed7bba44407448bf813b980737577bbda05693.json\t Bucket: denethor\t FilePath: mafdb/mafdb_5f9438b2176a3f1de183e4e4beed7bba44407448bf813b980737577bbda05693.json\t LocalFilePath: /tmp/mafdb/mafdb_5f9438b2176a3f1de183e4e4beed7bba44407448bf813b980737577bbda05693.json\t FileSize: 232 bytes\t TransferDuration: 139.8516470000004 ms\n",
        "ingestionTime": 1745280149012,
        "eventId": "38921047861445475215563792290196343930059289089324220432"
    },
    {
        "logStreamName": "2025/04/22/[$LATEST]930aa34de7f54248a08058747e1a070f",
        "timestamp": 1745280147281,
        "message": "FILE_TRANSFER RequestId: b4795733-0827-4b73-8952-522537371ab0\t TransferType: consumed\t Action: download_from_s3\t FileName: mafdb_96f411db25a5507e2f8c83f07de2e32793bb5c2b863cd4f9c33afc286860da9b.json\t Bucket: denethor\t FilePath: mafdb/mafdb_96f411db25a5507e2f8c83f07de2e32793bb5c2b863cd4f9c33afc286860da9b.json\t LocalFilePath: /tmp/mafdb/mafdb_96f411db25a5507e2f8c83f07de2e32793bb5c2b863cd4f9c33afc286860da9b.json\t FileSize: 232 bytes\t TransferDuration: 140.0048669999876 ms\n",
        "ingestionTime": 1745280149012,
        "eventId": "38921047864567579543358079530011344488230059700161478673"
    },
    {
        "logStreamName": "2025/04/22/[$LATEST]930aa34de7f54248a08058747e1a070f",
        "timestamp": 1745280147421,
        "message": "FILE_TRANSFER RequestId: b4795733-0827-4b73-8952-522537371ab0\t TransferType: consumed\t Action: download_from_s3\t FileName: mafdb_ffd4e0fa152c4c546b28b02119dad4bd0c70236353d268445ea1f258d441aea7.json\t Bucket: denethor\t FilePath: mafdb/mafdb_ffd4e0fa152c4c546b28b02119dad4bd0c70236353d268445ea1f258d441aea7.json\t LocalFilePath: /tmp/mafdb/mafdb_ffd4e0fa152c4c546b28b02119dad4bd0c70236353d268445ea1f258d441aea7.json\t FileSize: 236 bytes\t TransferDuration: 139.94082299998922 ms\n",
        "ingestionTime": 1745280149012,
        "eventId": "38921047867689683871152366769826345046400830310998736914"
    },
    {
        "logStreamName": "2025/04/22/[$LATEST]930aa34de7f54248a08058747e1a070f",
        "timestamp": 1745280147541,
        "message": "FILE_TRANSFER RequestId: b4795733-0827-4b73-8952-522537371ab0\t TransferType: consumed\t Action: download_from_s3\t FileName: mafdb_c8628e7d7833590863c05945da0a15b09c0de52179e14bd524127f896a661506.json\t Bucket: denethor\t FilePath: mafdb/mafdb_c8628e7d7833590863c05945da0a15b09c0de52179e14bd524127f896a661506.json\t LocalFilePath: /tmp/mafdb/mafdb_c8628e7d7833590863c05945da0a15b09c0de52179e14bd524127f896a661506.json\t FileSize: 236 bytes\t TransferDuration: 119.89037399999347 ms\n",
        "ingestionTime": 1745280149012,
        "eventId": "38921047870365773294976041546810631239118633691716386835"
    },
    {
        "logStreamName": "2025/04/22/[$LATEST]930aa34de7f54248a08058747e1a070f",
        "timestamp": 1745280147699,
        "message": "FILE_TRANSFER RequestId: b4795733-0827-4b73-8952-522537371ab0\t TransferType: consumed\t Action: download_from_s3\t FileName: mafdb_80fb21b57fa7d4a4e0c02d4b698ba833f7ac811c933c49e65adfdf08249f04c5.json\t Bucket: denethor\t FilePath: mafdb/mafdb_80fb21b57fa7d4a4e0c02d4b698ba833f7ac811c933c49e65adfdf08249f04c5.json\t LocalFilePath: /tmp/mafdb/mafdb_80fb21b57fa7d4a4e0c02d4b698ba833f7ac811c933c49e65adfdf08249f04c5.json\t FileSize: 236 bytes\t TransferDuration: 158.10313399998677 ms\n",
        "ingestionTime": 1745280149012,
        "eventId": "38921047873889291036343880003173274726197074809661292564"
    },
    {
        "logStreamName": "2025/04/22/[$LATEST]930aa34de7f54248a08058747e1a070f",
        "timestamp": 1745280147821,
        "message": "FILE_TRANSFER RequestId: b4795733-0827-4b73-8952-522537371ab0\t TransferType: consumed\t Action: download_from_s3\t FileName: mafdb_a685dcc84ba5d5e38925c5631342c458cecda2bbfda8ec6d292863c380027b30.json\t Bucket: denethor\t FilePath: mafdb/mafdb_a685dcc84ba5d5e38925c5631342c458cecda2bbfda8ec6d292863c380027b30.json\t LocalFilePath: /tmp/mafdb/mafdb_a685dcc84ba5d5e38925c5631342c458cecda2bbfda8ec6d292863c380027b30.json\t FileSize: 236 bytes\t TransferDuration: 121.7273880000107 ms\n",
        "ingestionTime": 1745280149012,
        "eventId": "38921047876609981950564616026440632355460174913390903317"
    },
    {
        "logStreamName": "2025/04/22/[$LATEST]930aa34de7f54248a08058747e1a070f",
        "timestamp": 1745280147961,
        "message": "FILE_TRANSFER RequestId: b4795733-0827-4b73-8952-522537371ab0\t TransferType: consumed\t Action: download_from_s3\t FileName: mafdb_6febe45619a64f41534b7849821df9e5f2a16cc6502a1d862c57cbd0c8b5d2df.json\t Bucket: denethor\t FilePath: mafdb/mafdb_6febe45619a64f41534b7849821df9e5f2a16cc6502a1d862c57cbd0c8b5d2df.json\t LocalFilePath: /tmp/mafdb/mafdb_6febe45619a64f41534b7849821df9e5f2a16cc6502a1d862c57cbd0c8b5d2df.json\t FileSize: 236 bytes\t TransferDuration: 139.923825000011 ms\n",
        "ingestionTime": 1745280149012,
        "eventId": "38921047879732086278358903266255632913630945524228161558"
    },
    {
        "logStreamName": "2025/04/22/[$LATEST]930aa34de7f54248a08058747e1a070f",
        "timestamp": 1745280148121,
        "message": "FILE_TRANSFER RequestId: b4795733-0827-4b73-8952-522537371ab0\t TransferType: consumed\t Action: download_from_s3\t FileName: mafdb_d9174a4cf95376c6512c54a52da7d2f8c6f98dce795f8abb1e0b4736582eb76f.json\t Bucket: denethor\t FilePath: mafdb/mafdb_d9174a4cf95376c6512c54a52da7d2f8c6f98dce795f8abb1e0b4736582eb76f.json\t LocalFilePath: /tmp/mafdb/mafdb_d9174a4cf95376c6512c54a52da7d2f8c6f98dce795f8abb1e0b4736582eb76f.json\t FileSize: 236 bytes\t TransferDuration: 159.96250699998882 ms\n",
        "ingestionTime": 1745280149012,
        "eventId": "38921047883300205510123802968901347837254683365185028119"
    },
    {
        "logStreamName": "2025/04/22/[$LATEST]930aa34de7f54248a08058747e1a070f",
        "timestamp": 1745280148241,
        "message": "FILE_TRANSFER RequestId: b4795733-0827-4b73-8952-522537371ab0\t TransferType: consumed\t Action: download_from_s3\t FileName: mafdb_b57db58f6c445c0b4ca68af0b3818e52265d344a33b285d18aa8f71cb260f462.json\t Bucket: denethor\t FilePath: mafdb/mafdb_b57db58f6c445c0b4ca68af0b3818e52265d344a33b285d18aa8f71cb260f462.json\t LocalFilePath: /tmp/mafdb/mafdb_b57db58f6c445c0b4ca68af0b3818e52265d344a33b285d18aa8f71cb260f462.json\t FileSize: 194 bytes\t TransferDuration: 119.92292400000792 ms\n",
        "ingestionTime": 1745280149012,
        "eventId": "38921047885976294933947477745885634029972486745902678040"
    },
    {
        "logStreamName": "2025/04/22/[$LATEST]930aa34de7f54248a08058747e1a070f",
        "timestamp": 1745280148402,
        "message": "FILE_TRANSFER RequestId: b4795733-0827-4b73-8952-522537371ab0\t TransferType: consumed\t Action: download_from_s3\t FileName: mafdb_da79ea01a99c20a5b2d8058a96c1d49f4f9bb4bbbec5d695e5baf9ffd83b64e0.json\t Bucket: denethor\t FilePath: mafdb/mafdb_da79ea01a99c20a5b2d8058a96c1d49f4f9bb4bbbec5d695e5baf9ffd83b64e0.json\t LocalFilePath: /tmp/mafdb/mafdb_da79ea01a99c20a5b2d8058a96c1d49f4f9bb4bbbec5d695e5baf9ffd83b64e0.json\t FileSize: 194 bytes\t TransferDuration: 161.6650559999755 ms\n",
        "ingestionTime": 1745280149012,
        "eventId": "38921047889566714910910908071672884671868872948365525017"
    },
    {
        "logStreamName": "2025/04/22/[$LATEST]930aa34de7f54248a08058747e1a070f",
        "timestamp": 1745280148541,
        "message": "FILE_TRANSFER RequestId: b4795733-0827-4b73-8952-522537371ab0\t TransferType: consumed\t Action: download_from_s3\t FileName: mafdb_8c09c2c75aa3430d702a5f6a7188b4a4f1d060ce985897c6b50bcff7279e6547.json\t Bucket: denethor\t FilePath: mafdb/mafdb_8c09c2c75aa3430d702a5f6a7188b4a4f1d060ce985897c6b50bcff7279e6547.json\t LocalFilePath: /tmp/mafdb/mafdb_8c09c2c75aa3430d702a5f6a7188b4a4f1d060ce985897c6b50bcff7279e6547.json\t FileSize: 194 bytes\t TransferDuration: 138.21898000000488 ms\n",
        "ingestionTime": 1745280149012,
        "eventId": "38921047892666518493506664688346349511766995197696802842"
    },
    {
        "logStreamName": "2025/04/22/[$LATEST]930aa34de7f54248a08058747e1a070f",
        "timestamp": 1745280148681,
        "message": "FILE_TRANSFER RequestId: b4795733-0827-4b73-8952-522537371ab0\t TransferType: consumed\t Action: download_from_s3\t FileName: mafdb_3354b6f44ea673c65d7f9920a6f70d1a0387c5a7d1dc001ef280c56e00ed5b8c.json\t Bucket: denethor\t FilePath: mafdb/mafdb_3354b6f44ea673c65d7f9920a6f70d1a0387c5a7d1dc001ef280c56e00ed5b8c.json\t LocalFilePath: /tmp/mafdb/mafdb_3354b6f44ea673c65d7f9920a6f70d1a0387c5a7d1dc001ef280c56e00ed5b8c.json\t FileSize: 194 bytes\t TransferDuration: 139.90488999999684 ms\n",
        "ingestionTime": 1745280149012,
        "eventId": "38921047895788622821300951928161350069937765808534061083"
    },
    {
        "logStreamName": "2025/04/22/[$LATEST]930aa34de7f54248a08058747e1a070f",
        "timestamp": 1745280148825,
        "message": "FILE_TRANSFER RequestId: b4795733-0827-4b73-8952-522537371ab0\t TransferType: consumed\t Action: download_from_s3\t FileName: mafdb_b01c70625d40044b20af14722564250f95f908a1e2ad6f32ed1c6589cfe47fc4.json\t Bucket: denethor\t FilePath: mafdb/mafdb_b01c70625d40044b20af14722564250f95f908a1e2ad6f32ed1c6589cfe47fc4.json\t LocalFilePath: /tmp/mafdb/mafdb_b01c70625d40044b20af14722564250f95f908a1e2ad6f32ed1c6589cfe47fc4.json\t FileSize: 194 bytes\t TransferDuration: 143.89172899998925 ms\n",
        "ingestionTime": 1745280149012,
        "eventId": "38921047898999930129889361660542493501199129865395240988"
    },
    {
        "logStreamName": "2025/04/22/[$LATEST]930aa34de7f54248a08058747e1a070f",
        "timestamp": 1745280148961,
        "message": "FILE_TRANSFER RequestId: b4795733-0827-4b73-8952-522537371ab0\t TransferType: consumed\t Action: download_from_s3\t FileName: mafdb_6ee93fa3e17d8465d80c68957453793c4017d5d2d02f3c35b598aa6b61c743eb.json\t Bucket: denethor\t FilePath: mafdb/mafdb_6ee93fa3e17d8465d80c68957453793c4017d5d2d02f3c35b598aa6b61c743eb.json\t LocalFilePath: /tmp/mafdb/mafdb_6ee93fa3e17d8465d80c68957453793c4017d5d2d02f3c35b598aa6b61c743eb.json\t FileSize: 194 bytes\t TransferDuration: 136.1328330000049 ms\n",
        "ingestionTime": 1745280157984,
        "eventId": "38921047902032831476889526418638203882880035554678800384"
    },
    {
        "logStreamName": "2025/04/22/[$LATEST]930aa34de7f54248a08058747e1a070f",
        "timestamp": 1745280149101,
        "message": "FILE_TRANSFER RequestId: b4795733-0827-4b73-8952-522537371ab0\t TransferType: consumed\t Action: download_from_s3\t FileName: mafdb_7bec951e7922328214e0e0f2f21f4f4ee7ed0b32879ef6cd534bc178af535948.json\t Bucket: denethor\t FilePath: mafdb/mafdb_7bec951e7922328214e0e0f2f21f4f4ee7ed0b32879ef6cd534bc178af535948.json\t LocalFilePath: /tmp/mafdb/mafdb_7bec951e7922328214e0e0f2f21f4f4ee7ed0b32879ef6cd534bc178af535948.json\t FileSize: 194 bytes\t TransferDuration: 139.7429400000192 ms\n",
        "ingestionTime": 1745280157984,
        "eventId": "38921047905154935804683813658453204441050806165516058625"
    },
    {
        "logStreamName": "2025/04/22/[$LATEST]930aa34de7f54248a08058747e1a070f",
        "timestamp": 1745280149241,
        "message": "FILE_TRANSFER RequestId: b4795733-0827-4b73-8952-522537371ab0\t TransferType: consumed\t Action: download_from_s3\t FileName: mafdb_60830794f6f53770664103f1567db6e61129f4a168960ac78aa0f0b425eb5c40.json\t Bucket: denethor\t FilePath: mafdb/mafdb_60830794f6f53770664103f1567db6e61129f4a168960ac78aa0f0b425eb5c40.json\t LocalFilePath: /tmp/mafdb/mafdb_60830794f6f53770664103f1567db6e61129f4a168960ac78aa0f0b425eb5c40.json\t FileSize: 194 bytes\t TransferDuration: 139.85947599999804 ms\n",
        "ingestionTime": 1745280157984,
        "eventId": "38921047908277040132478100898268204999221576776353316866"
    },
    {
        "logStreamName": "2025/04/22/[$LATEST]930aa34de7f54248a08058747e1a070f",
        "timestamp": 1745280149361,
        "message": "FILE_TRANSFER RequestId: b4795733-0827-4b73-8952-522537371ab0\t TransferType: consumed\t Action: download_from_s3\t FileName: mafdb_7db1f999886208bb3cede16a737e5a40dcc1642a049e5edc6e4ba1cf75151200.json\t Bucket: denethor\t FilePath: mafdb/mafdb_7db1f999886208bb3cede16a737e5a40dcc1642a049e5edc6e4ba1cf75151200.json\t LocalFilePath: /tmp/mafdb/mafdb_7db1f999886208bb3cede16a737e5a40dcc1642a049e5edc6e4ba1cf75151200.json\t FileSize: 194 bytes\t TransferDuration: 119.95383900000434 ms\n",
        "ingestionTime": 1745280157984,
        "eventId": "38921047910953129556301775675252491191939380157070966787"
    },
    {
        "logStreamName": "2025/04/22/[$LATEST]930aa34de7f54248a08058747e1a070f",
        "timestamp": 1745280149501,
        "message": "FILE_TRANSFER RequestId: b4795733-0827-4b73-8952-522537371ab0\t TransferType: consumed\t Action: download_from_s3\t FileName: mafdb_305aed4207bfb203de05969878a8e31d34cc6693adbcfb75bbdedf0e956b6491.json\t Bucket: denethor\t FilePath: mafdb/mafdb_305aed4207bfb203de05969878a8e31d34cc6693adbcfb75bbdedf0e956b6491.json\t LocalFilePath: /tmp/mafdb/mafdb_305aed4207bfb203de05969878a8e31d34cc6693adbcfb75bbdedf0e956b6491.json\t FileSize: 194 bytes\t TransferDuration: 139.95426700000735 ms\n",
        "ingestionTime": 1745280157984,
        "eventId": "38921047914075233884096062915067491750110150767908225028"
    },
    {
        "logStreamName": "2025/04/22/[$LATEST]930aa34de7f54248a08058747e1a070f",
        "timestamp": 1745280149621,
        "message": "FILE_TRANSFER RequestId: b4795733-0827-4b73-8952-522537371ab0\t TransferType: consumed\t Action: download_from_s3\t FileName: mafdb_7d1845f8f12c76c9366de78059724636bda4584243a3cc27647a66a4d824500a.json\t Bucket: denethor\t FilePath: mafdb/mafdb_7d1845f8f12c76c9366de78059724636bda4584243a3cc27647a66a4d824500a.json\t LocalFilePath: /tmp/mafdb/mafdb_7d1845f8f12c76c9366de78059724636bda4584243a3cc27647a66a4d824500a.json\t FileSize: 152 bytes\t TransferDuration: 119.945572000006 ms\n",
        "ingestionTime": 1745280157984,
        "eventId": "38921047916751323307919737692051777942827954148625874949"
    },
    {
        "logStreamName": "2025/04/22/[$LATEST]930aa34de7f54248a08058747e1a070f",
        "timestamp": 1745280149761,
        "message": "FILE_TRANSFER RequestId: b4795733-0827-4b73-8952-522537371ab0\t TransferType: consumed\t Action: download_from_s3\t FileName: mafdb_35ede6722fe824035d75d0534b754dd4b23ee9330ec089bb54db2128fededd5c.json\t Bucket: denethor\t FilePath: mafdb/mafdb_35ede6722fe824035d75d0534b754dd4b23ee9330ec089bb54db2128fededd5c.json\t LocalFilePath: /tmp/mafdb/mafdb_35ede6722fe824035d75d0534b754dd4b23ee9330ec089bb54db2128fededd5c.json\t FileSize: 194 bytes\t TransferDuration: 139.88082800000257 ms\n",
        "ingestionTime": 1745280157984,
        "eventId": "38921047919873427635714024931866778500998724759463133190"
    },
    {
        "logStreamName": "2025/04/22/[$LATEST]930aa34de7f54248a08058747e1a070f",
        "timestamp": 1745280149921,
        "message": "FILE_TRANSFER RequestId: b4795733-0827-4b73-8952-522537371ab0\t TransferType: consumed\t Action: download_from_s3\t FileName: mafdb_6e628caceb94a4a6379ae400f4bda6ac9c746b5c41af33642cce665c8b0018a5.json\t Bucket: denethor\t FilePath: mafdb/mafdb_6e628caceb94a4a6379ae400f4bda6ac9c746b5c41af33642cce665c8b0018a5.json\t LocalFilePath: /tmp/mafdb/mafdb_6e628caceb94a4a6379ae400f4bda6ac9c746b5c41af33642cce665c8b0018a5.json\t FileSize: 194 bytes\t TransferDuration: 160.23208699999714 ms\n",
        "ingestionTime": 1745280157984,
        "eventId": "38921047923441546867478924634512493424622462600419999751"
    },
    {
        "logStreamName": "2025/04/22/[$LATEST]930aa34de7f54248a08058747e1a070f",
        "timestamp": 1745280150061,
        "message": "FILE_TRANSFER RequestId: b4795733-0827-4b73-8952-522537371ab0\t TransferType: consumed\t Action: download_from_s3\t FileName: mafdb_b68185c70cd2b2f6851e125ebe967c03331e2c7bb142d1bd978e8e475fd3780a.json\t Bucket: denethor\t FilePath: mafdb/mafdb_b68185c70cd2b2f6851e125ebe967c03331e2c7bb142d1bd978e8e475fd3780a.json\t LocalFilePath: /tmp/mafdb/mafdb_b68185c70cd2b2f6851e125ebe967c03331e2c7bb142d1bd978e8e475fd3780a.json\t FileSize: 194 bytes\t TransferDuration: 139.52629099998148 ms\n",
        "ingestionTime": 1745280157984,
        "eventId": "38921047926563651195273211874327493982793233211257257992"
    },
    {
        "logStreamName": "2025/04/22/[$LATEST]930aa34de7f54248a08058747e1a070f",
        "timestamp": 1745280150061,
        "message": "CONSUMED_FILES_INFO RequestId: b4795733-0827-4b73-8952-522537371ab0\t FilesCount: 35 files\t FilesSize: 7939 bytes\t TransferDuration: 5108.119987999969 ms\t ConsumedFiles: ['mafdb_58aa863a1439bf886daca0713239dba1882676aea5266e0af5bebad97529db92.json', 'mafdb_51e18dc31f0c330513b45085a52c5ecd1e4a0a9130d2805a71368f1cbe17f65e.json', 'mafdb_bdf7b87e05be228017da27afd5fd158ebe4fcf138008526635b8bcdbe380f328.json', 'mafdb_1d419943bc17a86fe648d8caad874862360b7c73c08c99b7c26040bc9939b002.json', 'mafdb_49ad0997fa75ff9233f44bffe4f6033aaaf8676ed8f4cbac92057d25395497e6.json', 'mafdb_f871e6272680ce0853ce488fc481f480aa4e243fa14dd104803b05fb209cf094.json', 'mafdb_29c4ddd140d117364cadffd440f0642c27bbc2412f4567e0cb32891cc3ef36a1.json', 'mafdb_953e1a111e13fbeb681f915778ac824e009ef79d64fc7cfa76e6c118a64274b0.json', 'mafdb_5622c4af29c03a55db15361b96ebd57532e3d5deb3791cbd1444627fe1ca62ba.json', 'mafdb_44786d15636736367c1c71748c6f6ad88c51a0acf9651aa1d2aab053f2b49895.json', 'mafdb_07f2663350ea1ac790cef8d65d693e9f9a8a7ff3d9613fcbba8694ef3a437497.json', 'mafdb_8bc6b1285675133cf71abced5feadde67801ce1183d48ccdfce4ad5c847e0d16.json', 'mafdb_58254360ee9cb4b928a0b69f4adfd78688391955b6d2b02adf2e814125a07479.json', 'mafdb_5f9438b2176a3f1de183e4e4beed7bba44407448bf813b980737577bbda05693.json', 'mafdb_96f411db25a5507e2f8c83f07de2e32793bb5c2b863cd4f9c33afc286860da9b.json', 'mafdb_ffd4e0fa152c4c546b28b02119dad4bd0c70236353d268445ea1f258d441aea7.json', 'mafdb_c8628e7d7833590863c05945da0a15b09c0de52179e14bd524127f896a661506.json', 'mafdb_80fb21b57fa7d4a4e0c02d4b698ba833f7ac811c933c49e65adfdf08249f04c5.json', 'mafdb_a685dcc84ba5d5e38925c5631342c458cecda2bbfda8ec6d292863c380027b30.json', 'mafdb_6febe45619a64f41534b7849821df9e5f2a16cc6502a1d862c57cbd0c8b5d2df.json', 'mafdb_d9174a4cf95376c6512c54a52da7d2f8c6f98dce795f8abb1e0b4736582eb76f.json', 'mafdb_b57db58f6c445c0b4ca68af0b3818e52265d344a33b285d18aa8f71cb260f462.json', 'mafdb_da79ea01a99c20a5b2d8058a96c1d49f4f9bb4bbbec5d695e5baf9ffd83b64e0.json', 'mafdb_8c09c2c75aa3430d702a5f6a7188b4a4f1d060ce985897c6b50bcff7279e6547.json', 'mafdb_3354b6f44ea673c65d7f9920a6f70d1a0387c5a7d1dc001ef280c56e00ed5b8c.json', 'mafdb_b01c70625d40044b20af14722564250f95f908a1e2ad6f32ed1c6589cfe47fc4.json', 'mafdb_6ee93fa3e17d8465d80c68957453793c4017d5d2d02f3c35b598aa6b61c743eb.json', 'mafdb_7bec951e7922328214e0e0f2f21f4f4ee7ed0b32879ef6cd534bc178af535948.json', 'mafdb_60830794f6f53770664103f1567db6e61129f4a168960ac78aa0f0b425eb5c40.json', 'mafdb_7db1f999886208bb3cede16a737e5a40dcc1642a049e5edc6e4ba1cf75151200.json', 'mafdb_305aed4207bfb203de05969878a8e31d34cc6693adbcfb75bbdedf0e956b6491.json', 'mafdb_7d1845f8f12c76c9366de78059724636bda4584243a3cc27647a66a4d824500a.json', 'mafdb_35ede6722fe824035d75d0534b754dd4b23ee9330ec089bb54db2128fededd5c.json', 'mafdb_6e628caceb94a4a6379ae400f4bda6ac9c746b5c41af33642cce665c8b0018a5.json', 'mafdb_b68185c70cd2b2f6851e125ebe967c03331e2c7bb142d1bd978e8e475fd3780a.json']\n",
        "ingestionTime": 1745280157984,
        "eventId": "38921047926563651195273211874327493982793233211257257993"
    },
    {
        "logStreamName": "2025/04/22/[$LATEST]930aa34de7f54248a08058747e1a070f",
        "timestamp": 1745280150063,
        "message": "[INFO]\t2025-04-22T00:02:30.062Z\tb4795733-0827-4b73-8952-522537371ab0\tMAF_DATABASE_AGGREGATOR RequestId: b4795733-0827-4b73-8952-522537371ab0\t Duration: 1.4472990000058417 ms\t InputLength: 35\t MaxMaf: 0\t MafDatabase: {}\n",
        "ingestionTime": 1745280157984,
        "eventId": "38921047926608252685670273120610565419338529934269218826"
    },
    {
        "logStreamName": "2025/04/22/[$LATEST]930aa34de7f54248a08058747e1a070f",
        "timestamp": 1745280150063,
        "message": "[INFO] 2025-04-22T00:02:30GMT MAF_DATABASE_AGGREGATOR RequestId: b4795733-0827-4b73-8952-522537371ab0\t Duration: 1.4472990000058417 ms\t InputLength: 35\t MaxMaf: 0\t MafDatabase: {}\n",
        "ingestionTime": 1745280157984,
        "eventId": "38921047926608252685670273120610565419338529934269218827"
    },
    {
        "logStreamName": "2025/04/22/[$LATEST]930aa34de7f54248a08058747e1a070f",
        "timestamp": 1745280150204,
        "message": "FILE_TRANSFER RequestId: b4795733-0827-4b73-8952-522537371ab0\t TransferType: produced\t Action: upload_to_s3\t FileName: mafdb_c9202c8e93a4c2c798f65ec213367c78ef57e6a745e442666cdf8a365f309aa7.json\t Bucket: denethor\t FilePath: mafdb/mafdb_c9202c8e93a4c2c798f65ec213367c78ef57e6a745e442666cdf8a365f309aa7.json\t LocalFilePath: /tmp/mafdb/mafdb_c9202c8e93a4c2c798f65ec213367c78ef57e6a745e442666cdf8a365f309aa7.json\t FileSize: 6863 bytes\t TransferDuration: 141.52178400001958 ms\n",
        "ingestionTime": 1745280157984,
        "eventId": "38921047929752657758663090983567101695781948906612457484"
    },
    {
        "logStreamName": "2025/04/22/[$LATEST]930aa34de7f54248a08058747e1a070f",
        "timestamp": 1745280150205,
        "message": "PRODUCED_FILES_INFO RequestId: b4795733-0827-4b73-8952-522537371ab0\t FilesCount: 1 files\t FilesSize: 6863 bytes\t TransferDuration: 141.52178400001958 ms\t Provider: aws_lambda\t  ProducedFiles: ['mafdb_c9202c8e93a4c2c798f65ec213367c78ef57e6a745e442666cdf8a365f309aa7.json']\n",
        "ingestionTime": 1745280157984,
        "eventId": "38921047929774958503861621606708637414054597268118437901"
    },
    {
        "logStreamName": "2025/04/22/[$LATEST]930aa34de7f54248a08058747e1a070f",
        "timestamp": 1745280150221,
        "message": "END RequestId: b4795733-0827-4b73-8952-522537371ab0\n",
        "ingestionTime": 1745280157984,
        "eventId": "38921047930131770427038111576973208906416971052214124558"
    },
    {
        "logStreamName": "2025/04/22/[$LATEST]930aa34de7f54248a08058747e1a070f",
        "timestamp": 1745280150221,
        "message": "REPORT RequestId: b4795733-0827-4b73-8952-522537371ab0\tDuration: 5272.49 ms\tBilled Duration: 5273 ms\tMemory Size: 128 MB\tMax Memory Used: 107 MB\tInit Duration: 798.67 ms\t\n",
        "ingestionTime": 1745280157984,
        "eventId": "38921047930131770427038111576973208906416971052214124559"
    }
]