[
    {
        "logStreamName": "2025/04/21/[$LATEST]048e412f0b94439cb656f1e26728f8b4",
        "timestamp": 1745278840580,
        "message": "INIT_START Runtime Version: python:3.10.v64\tRuntime Version ARN: arn:aws:lambda:sa-east-1::runtime:d56bdc8857b2109a058de2ab50bfb80ac2aa600be6f7855a436859944e5fe54b\n",
        "ingestionTime": 1745278846542,
        "eventId": "38921018724161527878194288287557154938431925010863095808"
    },
    {
        "logStreamName": "2025/04/21/[$LATEST]048e412f0b94439cb656f1e26728f8b4",
        "timestamp": 1745278841365,
        "message": "START RequestId: a262deed-7ba6-419c-8b63-f2e96e61e52b Version: $LATEST\n",
        "ingestionTime": 1745278846542,
        "eventId": "38921018741667612859040827453662693782460888793057722369"
    },
    {
        "logStreamName": "2025/04/21/[$LATEST]048e412f0b94439cb656f1e26728f8b4",
        "timestamp": 1745278841366,
        "message": "Directory /tmp/mafdb was created!\n",
        "ingestionTime": 1745278846542,
        "eventId": "38921018741689913604239358076804229500733537154563702786"
    },
    {
        "logStreamName": "2025/04/21/[$LATEST]048e412f0b94439cb656f1e26728f8b4",
        "timestamp": 1745278841457,
        "message": "FILE_TRANSFER RequestId: a262deed-7ba6-419c-8b63-f2e96e61e52b\t TransferType: consumed\t Action: download_from_s3\t FileName: mafdb_6f7a2b1116e6a791f68a03367473294792b679a6357b6789f3f993b1f83e2e80.json\t Bucket: denethor\t FilePath: mafdb/mafdb_6f7a2b1116e6a791f68a03367473294792b679a6357b6789f3f993b1f83e2e80.json\t LocalFilePath: /tmp/mafdb/mafdb_6f7a2b1116e6a791f68a03367473294792b679a6357b6789f3f993b1f83e2e80.json\t FileSize: 185 bytes\t TransferDuration: 91.44433899996329 ms\n",
        "ingestionTime": 1745278846542,
        "eventId": "38921018743719281417305644782683979863544538051607920643"
    },
    {
        "logStreamName": "2025/04/21/[$LATEST]048e412f0b94439cb656f1e26728f8b4",
        "timestamp": 1745278841499,
        "message": "FILE_TRANSFER RequestId: a262deed-7ba6-419c-8b63-f2e96e61e52b\t TransferType: consumed\t Action: download_from_s3\t FileName: mafdb_c451a256436a5fc45a562eaf2fead8dd42917b32894e636d2b705f5405224a88.json\t Bucket: denethor\t FilePath: mafdb/mafdb_c451a256436a5fc45a562eaf2fead8dd42917b32894e636d2b705f5405224a88.json\t LocalFilePath: /tmp/mafdb/mafdb_c451a256436a5fc45a562eaf2fead8dd42917b32894e636d2b705f5405224a88.json\t FileSize: 355 bytes\t TransferDuration: 41.95037099998444 ms\n",
        "ingestionTime": 1745278846542,
        "eventId": "38921018744655912715643930954628480030995769234859098116"
    },
    {
        "logStreamName": "2025/04/21/[$LATEST]048e412f0b94439cb656f1e26728f8b4",
        "timestamp": 1745278841545,
        "message": "FILE_TRANSFER RequestId: a262deed-7ba6-419c-8b63-f2e96e61e52b\t TransferType: consumed\t Action: download_from_s3\t FileName: mafdb_51e18dc31f0c330513b45085a52c5ecd1e4a0a9130d2805a71368f1cbe17f65e.json\t Bucket: denethor\t FilePath: mafdb/mafdb_51e18dc31f0c330513b45085a52c5ecd1e4a0a9130d2805a71368f1cbe17f65e.json\t LocalFilePath: /tmp/mafdb/mafdb_51e18dc31f0c330513b45085a52c5ecd1e4a0a9130d2805a71368f1cbe17f65e.json\t FileSize: 314 bytes\t TransferDuration: 45.89776400007395 ms\n",
        "ingestionTime": 1745278846542,
        "eventId": "38921018745681746994776339619139123071537593864134197253"
    },
    {
        "logStreamName": "2025/04/21/[$LATEST]048e412f0b94439cb656f1e26728f8b4",
        "timestamp": 1745278841590,
        "message": "FILE_TRANSFER RequestId: a262deed-7ba6-419c-8b63-f2e96e61e52b\t TransferType: consumed\t Action: download_from_s3\t FileName: mafdb_783d326a98c97c227099cd46e1eb2739e8954c844e628390759f21e7b4e19db0.json\t Bucket: denethor\t FilePath: mafdb/mafdb_783d326a98c97c227099cd46e1eb2739e8954c844e628390759f21e7b4e19db0.json\t LocalFilePath: /tmp/mafdb/mafdb_783d326a98c97c227099cd46e1eb2739e8954c844e628390759f21e7b4e19db0.json\t FileSize: 273 bytes\t TransferDuration: 44.834063999815044 ms\n",
        "ingestionTime": 1745278846542,
        "eventId": "38921018746685280528710217660508230393806770131903315974"
    },
    {
        "logStreamName": "2025/04/21/[$LATEST]048e412f0b94439cb656f1e26728f8b4",
        "timestamp": 1745278841638,
        "message": "FILE_TRANSFER RequestId: a262deed-7ba6-419c-8b63-f2e96e61e52b\t TransferType: consumed\t Action: download_from_s3\t FileName: mafdb_f6c9786df6a492206e55eb3d3911d34dbd753bfef23be22d8635d72135a7fbc7.json\t Bucket: denethor\t FilePath: mafdb/mafdb_f6c9786df6a492206e55eb3d3911d34dbd753bfef23be22d8635d72135a7fbc7.json\t LocalFilePath: /tmp/mafdb/mafdb_f6c9786df6a492206e55eb3d3911d34dbd753bfef23be22d8635d72135a7fbc7.json\t FileSize: 273 bytes\t TransferDuration: 47.81131599997934 ms\n",
        "ingestionTime": 1745278846542,
        "eventId": "38921018747755716298239687571301944870893891484190375943"
    },
    {
        "logStreamName": "2025/04/21/[$LATEST]048e412f0b94439cb656f1e26728f8b4",
        "timestamp": 1745278841681,
        "message": "FILE_TRANSFER RequestId: a262deed-7ba6-419c-8b63-f2e96e61e52b\t TransferType: consumed\t Action: download_from_s3\t FileName: mafdb_42b7a1940d80c9e5d1a1eb427219fad89ed0198775d719cc0f6171541419e487.json\t Bucket: denethor\t FilePath: mafdb/mafdb_42b7a1940d80c9e5d1a1eb427219fad89ed0198775d719cc0f6171541419e487.json\t LocalFilePath: /tmp/mafdb/mafdb_42b7a1940d80c9e5d1a1eb427219fad89ed0198775d719cc0f6171541419e487.json\t FileSize: 273 bytes\t TransferDuration: 43.38070199992217 ms\n",
        "ingestionTime": 1745278846542,
        "eventId": "38921018748714648341776504366387980756617771028947533832"
    },
    {
        "logStreamName": "2025/04/21/[$LATEST]048e412f0b94439cb656f1e26728f8b4",
        "timestamp": 1745278841744,
        "message": "FILE_TRANSFER RequestId: a262deed-7ba6-419c-8b63-f2e96e61e52b\t TransferType: consumed\t Action: download_from_s3\t FileName: mafdb_4626fea2abf7ed35f5f28026640ab18610584687978217b1f40af22fe37f6572.json\t Bucket: denethor\t FilePath: mafdb/mafdb_4626fea2abf7ed35f5f28026640ab18610584687978217b1f40af22fe37f6572.json\t LocalFilePath: /tmp/mafdb/mafdb_4626fea2abf7ed35f5f28026640ab18610584687978217b1f40af22fe37f6572.json\t FileSize: 273 bytes\t TransferDuration: 62.00307700009944 ms\n",
        "ingestionTime": 1745278846542,
        "eventId": "38921018750119595289283933624304731007794617803824300041"
    },
    {
        "logStreamName": "2025/04/21/[$LATEST]048e412f0b94439cb656f1e26728f8b4",
        "timestamp": 1745278841795,
        "message": "FILE_TRANSFER RequestId: a262deed-7ba6-419c-8b63-f2e96e61e52b\t TransferType: consumed\t Action: download_from_s3\t FileName: mafdb_e55488255b1fbcc9aaabaac963dff236ce30a48f048179f2652bf6431063cf4b.json\t Bucket: denethor\t FilePath: mafdb/mafdb_e55488255b1fbcc9aaabaac963dff236ce30a48f048179f2652bf6431063cf4b.json\t LocalFilePath: /tmp/mafdb/mafdb_e55488255b1fbcc9aaabaac963dff236ce30a48f048179f2652bf6431063cf4b.json\t FileSize: 232 bytes\t TransferDuration: 51.85335899977872 ms\n",
        "ingestionTime": 1745278846542,
        "eventId": "38921018751256933294408995404523052639699684240629301258"
    },
    {
        "logStreamName": "2025/04/21/[$LATEST]048e412f0b94439cb656f1e26728f8b4",
        "timestamp": 1745278841840,
        "message": "FILE_TRANSFER RequestId: a262deed-7ba6-419c-8b63-f2e96e61e52b\t TransferType: consumed\t Action: download_from_s3\t FileName: mafdb_5622c4af29c03a55db15361b96ebd57532e3d5deb3791cbd1444627fe1ca62ba.json\t Bucket: denethor\t FilePath: mafdb/mafdb_5622c4af29c03a55db15361b96ebd57532e3d5deb3791cbd1444627fe1ca62ba.json\t LocalFilePath: /tmp/mafdb/mafdb_5622c4af29c03a55db15361b96ebd57532e3d5deb3791cbd1444627fe1ca62ba.json\t FileSize: 232 bytes\t TransferDuration: 44.457754000177374 ms\n",
        "ingestionTime": 1745278846542,
        "eventId": "38921018752260466828342873445892159961968860508398419979"
    },
    {
        "logStreamName": "2025/04/21/[$LATEST]048e412f0b94439cb656f1e26728f8b4",
        "timestamp": 1745278841879,
        "message": "FILE_TRANSFER RequestId: a262deed-7ba6-419c-8b63-f2e96e61e52b\t TransferType: consumed\t Action: download_from_s3\t FileName: mafdb_c47f40aaed70b274856370b8e6e48399beb4c8971c66ddd8be8d566d440a78a7.json\t Bucket: denethor\t FilePath: mafdb/mafdb_c47f40aaed70b274856370b8e6e48399beb4c8971c66ddd8be8d566d440a78a7.json\t LocalFilePath: /tmp/mafdb/mafdb_c47f40aaed70b274856370b8e6e48399beb4c8971c66ddd8be8d566d440a78a7.json\t FileSize: 232 bytes\t TransferDuration: 38.594449000129316 ms\n",
        "ingestionTime": 1745278846542,
        "eventId": "38921018753130195891085567748412052974602146607131656204"
    },
    {
        "logStreamName": "2025/04/21/[$LATEST]048e412f0b94439cb656f1e26728f8b4",
        "timestamp": 1745278841924,
        "message": "FILE_TRANSFER RequestId: a262deed-7ba6-419c-8b63-f2e96e61e52b\t TransferType: consumed\t Action: download_from_s3\t FileName: mafdb_fc2a84852f95eebd03a586abcf5a76c64db1efd965d2c472f2b8a03ed0c40edf.json\t Bucket: denethor\t FilePath: mafdb/mafdb_fc2a84852f95eebd03a586abcf5a76c64db1efd965d2c472f2b8a03ed0c40edf.json\t LocalFilePath: /tmp/mafdb/mafdb_fc2a84852f95eebd03a586abcf5a76c64db1efd965d2c472f2b8a03ed0c40edf.json\t FileSize: 232 bytes\t TransferDuration: 45.53686499980358 ms\n",
        "ingestionTime": 1745278846542,
        "eventId": "38921018754133729425019445789781160296871322874900774925"
    },
    {
        "logStreamName": "2025/04/21/[$LATEST]048e412f0b94439cb656f1e26728f8b4",
        "timestamp": 1745278841971,
        "message": "FILE_TRANSFER RequestId: a262deed-7ba6-419c-8b63-f2e96e61e52b\t TransferType: consumed\t Action: download_from_s3\t FileName: mafdb_b1978d4f3ece7886cd648bfa82f0db51363ff9b748ee97102aa3139423d1be64.json\t Bucket: denethor\t FilePath: mafdb/mafdb_b1978d4f3ece7886cd648bfa82f0db51363ff9b748ee97102aa3139423d1be64.json\t LocalFilePath: /tmp/mafdb/mafdb_b1978d4f3ece7886cd648bfa82f0db51363ff9b748ee97102aa3139423d1be64.json\t FileSize: 232 bytes\t TransferDuration: 45.94458500014298 ms\n",
        "ingestionTime": 1745278846542,
        "eventId": "38921018755181864449350385077433339055685795865681854478"
    },
    {
        "logStreamName": "2025/04/21/[$LATEST]048e412f0b94439cb656f1e26728f8b4",
        "timestamp": 1745278842009,
        "message": "FILE_TRANSFER RequestId: a262deed-7ba6-419c-8b63-f2e96e61e52b\t TransferType: consumed\t Action: download_from_s3\t FileName: mafdb_52a4f806fca7da8198522b8967c3d358527c3187304e57988708d831f58faa8d.json\t Bucket: denethor\t FilePath: mafdb/mafdb_52a4f806fca7da8198522b8967c3d358527c3187304e57988708d831f58faa8d.json\t LocalFilePath: /tmp/mafdb/mafdb_52a4f806fca7da8198522b8967c3d358527c3187304e57988708d831f58faa8d.json\t FileSize: 232 bytes\t TransferDuration: 38.37370900009773 ms\n",
        "ingestionTime": 1745278846542,
        "eventId": "38921018756029292766894548756811696350046433602909110287"
    },
    {
        "logStreamName": "2025/04/21/[$LATEST]048e412f0b94439cb656f1e26728f8b4",
        "timestamp": 1745278842075,
        "message": "FILE_TRANSFER RequestId: a262deed-7ba6-419c-8b63-f2e96e61e52b\t TransferType: consumed\t Action: download_from_s3\t FileName: mafdb_a1bfbcddbd0327f872ff3e6b2d5dcbed9e804641918b58e4b469cf077329c2cd.json\t Bucket: denethor\t FilePath: mafdb/mafdb_a1bfbcddbd0327f872ff3e6b2d5dcbed9e804641918b58e4b469cf077329c2cd.json\t LocalFilePath: /tmp/mafdb/mafdb_a1bfbcddbd0327f872ff3e6b2d5dcbed9e804641918b58e4b469cf077329c2cd.json\t FileSize: 232 bytes\t TransferDuration: 66.00710000020626 ms\n",
        "ingestionTime": 1745278846542,
        "eventId": "38921018757501141949997569884153053756041225462303817744"
    },
    {
        "logStreamName": "2025/04/21/[$LATEST]048e412f0b94439cb656f1e26728f8b4",
        "timestamp": 1745278842120,
        "message": "FILE_TRANSFER RequestId: a262deed-7ba6-419c-8b63-f2e96e61e52b\t TransferType: consumed\t Action: download_from_s3\t FileName: mafdb_3f39c4961a0fcb5dacda7fdb89b2d0ebbaf953f20134fdb2d43aa99c3b398820.json\t Bucket: denethor\t FilePath: mafdb/mafdb_3f39c4961a0fcb5dacda7fdb89b2d0ebbaf953f20134fdb2d43aa99c3b398820.json\t LocalFilePath: /tmp/mafdb/mafdb_3f39c4961a0fcb5dacda7fdb89b2d0ebbaf953f20134fdb2d43aa99c3b398820.json\t FileSize: 236 bytes\t TransferDuration: 44.78036399996199 ms\n",
        "ingestionTime": 1745278846542,
        "eventId": "38921018758504675483931447925522161078310401730072936465"
    },
    {
        "logStreamName": "2025/04/21/[$LATEST]048e412f0b94439cb656f1e26728f8b4",
        "timestamp": 1745278842162,
        "message": "FILE_TRANSFER RequestId: a262deed-7ba6-419c-8b63-f2e96e61e52b\t TransferType: consumed\t Action: download_from_s3\t FileName: mafdb_c8628e7d7833590863c05945da0a15b09c0de52179e14bd524127f896a661506.json\t Bucket: denethor\t FilePath: mafdb/mafdb_c8628e7d7833590863c05945da0a15b09c0de52179e14bd524127f896a661506.json\t LocalFilePath: /tmp/mafdb/mafdb_c8628e7d7833590863c05945da0a15b09c0de52179e14bd524127f896a661506.json\t FileSize: 236 bytes\t TransferDuration: 42.59126199985985 ms\n",
        "ingestionTime": 1745278846542,
        "eventId": "38921018759441306782269734097466661245761632913324113938"
    },
    {
        "logStreamName": "2025/04/21/[$LATEST]048e412f0b94439cb656f1e26728f8b4",
        "timestamp": 1745278842206,
        "message": "FILE_TRANSFER RequestId: a262deed-7ba6-419c-8b63-f2e96e61e52b\t TransferType: consumed\t Action: download_from_s3\t FileName: mafdb_3b4259b136e5e067f460a57ff21fd5c531cf82501ea56dcbb754d3f18d8bf7b8.json\t Bucket: denethor\t FilePath: mafdb/mafdb_3b4259b136e5e067f460a57ff21fd5c531cf82501ea56dcbb754d3f18d8bf7b8.json\t LocalFilePath: /tmp/mafdb/mafdb_3b4259b136e5e067f460a57ff21fd5c531cf82501ea56dcbb754d3f18d8bf7b8.json\t FileSize: 236 bytes\t TransferDuration: 43.86917299984816 ms\n",
        "ingestionTime": 1745278846542,
        "eventId": "38921018760422539571005081515694232849758160819587252243"
    },
    {
        "logStreamName": "2025/04/21/[$LATEST]048e412f0b94439cb656f1e26728f8b4",
        "timestamp": 1745278842248,
        "message": "FILE_TRANSFER RequestId: a262deed-7ba6-419c-8b63-f2e96e61e52b\t TransferType: consumed\t Action: download_from_s3\t FileName: mafdb_d66a6c0e6284ab938bb396e2a94b21536e089891dd8678d3e232409e85974bf4.json\t Bucket: denethor\t FilePath: mafdb/mafdb_d66a6c0e6284ab938bb396e2a94b21536e089891dd8678d3e232409e85974bf4.json\t LocalFilePath: /tmp/mafdb/mafdb_d66a6c0e6284ab938bb396e2a94b21536e089891dd8678d3e232409e85974bf4.json\t FileSize: 236 bytes\t TransferDuration: 41.16865199989661 ms\n",
        "ingestionTime": 1745278846542,
        "eventId": "38921018761359170869343367687638733017209392002838429716"
    },
    {
        "logStreamName": "2025/04/21/[$LATEST]048e412f0b94439cb656f1e26728f8b4",
        "timestamp": 1745278842287,
        "message": "FILE_TRANSFER RequestId: a262deed-7ba6-419c-8b63-f2e96e61e52b\t TransferType: consumed\t Action: download_from_s3\t FileName: mafdb_42c39b281fccc83198017a319f363d9a14901ad1e7f2e87df206a5e5a893b775.json\t Bucket: denethor\t FilePath: mafdb/mafdb_42c39b281fccc83198017a319f363d9a14901ad1e7f2e87df206a5e5a893b775.json\t LocalFilePath: /tmp/mafdb/mafdb_42c39b281fccc83198017a319f363d9a14901ad1e7f2e87df206a5e5a893b775.json\t FileSize: 236 bytes\t TransferDuration: 39.46494999991046 ms\n",
        "ingestionTime": 1745278846542,
        "eventId": "38921018762228899932086061990158626029842678101571665941"
    },
    {
        "logStreamName": "2025/04/21/[$LATEST]048e412f0b94439cb656f1e26728f8b4",
        "timestamp": 1745278842323,
        "message": "FILE_TRANSFER RequestId: a262deed-7ba6-419c-8b63-f2e96e61e52b\t TransferType: consumed\t Action: download_from_s3\t FileName: mafdb_00a3f572cc1fc8e5d20ab4dfb79235b5a032989fc11491f76265acd17bc9137b.json\t Bucket: denethor\t FilePath: mafdb/mafdb_00a3f572cc1fc8e5d20ab4dfb79235b5a032989fc11491f76265acd17bc9137b.json\t LocalFilePath: /tmp/mafdb/mafdb_00a3f572cc1fc8e5d20ab4dfb79235b5a032989fc11491f76265acd17bc9137b.json\t FileSize: 236 bytes\t TransferDuration: 35.878436999837504 ms\n",
        "ingestionTime": 1745278846542,
        "eventId": "38921018763031726759233164423253911887658019115786960918"
    },
    {
        "logStreamName": "2025/04/21/[$LATEST]048e412f0b94439cb656f1e26728f8b4",
        "timestamp": 1745278842380,
        "message": "FILE_TRANSFER RequestId: a262deed-7ba6-419c-8b63-f2e96e61e52b\t TransferType: consumed\t Action: download_from_s3\t FileName: mafdb_1bc211752a94b2c578560693e27c96c128aefdf6439e0fc20a27028f333f2ca9.json\t Bucket: denethor\t FilePath: mafdb/mafdb_1bc211752a94b2c578560693e27c96c128aefdf6439e0fc20a27028f333f2ca9.json\t LocalFilePath: /tmp/mafdb/mafdb_1bc211752a94b2c578560693e27c96c128aefdf6439e0fc20a27028f333f2ca9.json\t FileSize: 194 bytes\t TransferDuration: 57.07595199987736 ms\n",
        "ingestionTime": 1745278846542,
        "eventId": "38921018764302869235549409942321447829198975721627844631"
    },
    {
        "logStreamName": "2025/04/21/[$LATEST]048e412f0b94439cb656f1e26728f8b4",
        "timestamp": 1745278842418,
        "message": "FILE_TRANSFER RequestId: a262deed-7ba6-419c-8b63-f2e96e61e52b\t TransferType: consumed\t Action: download_from_s3\t FileName: mafdb_b57db58f6c445c0b4ca68af0b3818e52265d344a33b285d18aa8f71cb260f462.json\t Bucket: denethor\t FilePath: mafdb/mafdb_b57db58f6c445c0b4ca68af0b3818e52265d344a33b285d18aa8f71cb260f462.json\t LocalFilePath: /tmp/mafdb/mafdb_b57db58f6c445c0b4ca68af0b3818e52265d344a33b285d18aa8f71cb260f462.json\t FileSize: 194 bytes\t TransferDuration: 37.21074800000679 ms\n",
        "ingestionTime": 1745278846542,
        "eventId": "38921018765150297553093573621699805123559613458855100440"
    },
    {
        "logStreamName": "2025/04/21/[$LATEST]048e412f0b94439cb656f1e26728f8b4",
        "timestamp": 1745278842456,
        "message": "FILE_TRANSFER RequestId: a262deed-7ba6-419c-8b63-f2e96e61e52b\t TransferType: consumed\t Action: download_from_s3\t FileName: mafdb_7352970b74f3730627c76b09ab7aeb8b229af519dfd5753f3cca28876d58fb9a.json\t Bucket: denethor\t FilePath: mafdb/mafdb_7352970b74f3730627c76b09ab7aeb8b229af519dfd5753f3cca28876d58fb9a.json\t LocalFilePath: /tmp/mafdb/mafdb_7352970b74f3730627c76b09ab7aeb8b229af519dfd5753f3cca28876d58fb9a.json\t FileSize: 194 bytes\t TransferDuration: 38.31815899980029 ms\n",
        "ingestionTime": 1745278846542,
        "eventId": "38921018765997725870637737301078162417920251196082356249"
    },
    {
        "logStreamName": "2025/04/21/[$LATEST]048e412f0b94439cb656f1e26728f8b4",
        "timestamp": 1745278842496,
        "message": "FILE_TRANSFER RequestId: a262deed-7ba6-419c-8b63-f2e96e61e52b\t TransferType: consumed\t Action: download_from_s3\t FileName: mafdb_f822e6723dbfe40354a7cfb62420f30ba12904fcf4d8811e831e3e873e259704.json\t Bucket: denethor\t FilePath: mafdb/mafdb_f822e6723dbfe40354a7cfb62420f30ba12904fcf4d8811e831e3e873e259704.json\t LocalFilePath: /tmp/mafdb/mafdb_f822e6723dbfe40354a7cfb62420f30ba12904fcf4d8811e831e3e873e259704.json\t FileSize: 194 bytes\t TransferDuration: 39.972730000044976 ms\n",
        "ingestionTime": 1745278846542,
        "eventId": "38921018766889755678578962226739591148826185656321572890"
    },
    {
        "logStreamName": "2025/04/21/[$LATEST]048e412f0b94439cb656f1e26728f8b4",
        "timestamp": 1745278842559,
        "message": "FILE_TRANSFER RequestId: a262deed-7ba6-419c-8b63-f2e96e61e52b\t TransferType: consumed\t Action: download_from_s3\t FileName: mafdb_4d047d3111f7b0380efbd1a15e3b239694cdbec797511edb3c263b3a9488f2b6.json\t Bucket: denethor\t FilePath: mafdb/mafdb_4d047d3111f7b0380efbd1a15e3b239694cdbec797511edb3c263b3a9488f2b6.json\t LocalFilePath: /tmp/mafdb/mafdb_4d047d3111f7b0380efbd1a15e3b239694cdbec797511edb3c263b3a9488f2b6.json\t FileSize: 194 bytes\t TransferDuration: 63.2853580000301 ms\n",
        "ingestionTime": 1745278846542,
        "eventId": "38921018768294702626086391484656341400003032431198339099"
    },
    {
        "logStreamName": "2025/04/21/[$LATEST]048e412f0b94439cb656f1e26728f8b4",
        "timestamp": 1745278842594,
        "message": "FILE_TRANSFER RequestId: a262deed-7ba6-419c-8b63-f2e96e61e52b\t TransferType: consumed\t Action: download_from_s3\t FileName: mafdb_6ee93fa3e17d8465d80c68957453793c4017d5d2d02f3c35b598aa6b61c743eb.json\t Bucket: denethor\t FilePath: mafdb/mafdb_6ee93fa3e17d8465d80c68957453793c4017d5d2d02f3c35b598aa6b61c743eb.json\t LocalFilePath: /tmp/mafdb/mafdb_6ee93fa3e17d8465d80c68957453793c4017d5d2d02f3c35b598aa6b61c743eb.json\t FileSize: 194 bytes\t TransferDuration: 34.52312499985055 ms\n",
        "ingestionTime": 1745278846542,
        "eventId": "38921018769075228708034963294610091539545725083907653660"
    },
    {
        "logStreamName": "2025/04/21/[$LATEST]048e412f0b94439cb656f1e26728f8b4",
        "timestamp": 1745278842678,
        "message": "FILE_TRANSFER RequestId: a262deed-7ba6-419c-8b63-f2e96e61e52b\t TransferType: consumed\t Action: download_from_s3\t FileName: mafdb_60830794f6f53770664103f1567db6e61129f4a168960ac78aa0f0b425eb5c40.json\t Bucket: denethor\t FilePath: mafdb/mafdb_60830794f6f53770664103f1567db6e61129f4a168960ac78aa0f0b425eb5c40.json\t LocalFilePath: /tmp/mafdb/mafdb_60830794f6f53770664103f1567db6e61129f4a168960ac78aa0f0b425eb5c40.json\t FileSize: 194 bytes\t TransferDuration: 83.77669300011803 ms\n",
        "ingestionTime": 1745278846542,
        "eventId": "38921018770948491304711535638499091874448187450410008605"
    },
    {
        "logStreamName": "2025/04/21/[$LATEST]048e412f0b94439cb656f1e26728f8b4",
        "timestamp": 1745278842722,
        "message": "FILE_TRANSFER RequestId: a262deed-7ba6-419c-8b63-f2e96e61e52b\t TransferType: consumed\t Action: download_from_s3\t FileName: mafdb_35ede6722fe824035d75d0534b754dd4b23ee9330ec089bb54db2128fededd5c.json\t Bucket: denethor\t FilePath: mafdb/mafdb_35ede6722fe824035d75d0534b754dd4b23ee9330ec089bb54db2128fededd5c.json\t LocalFilePath: /tmp/mafdb/mafdb_35ede6722fe824035d75d0534b754dd4b23ee9330ec089bb54db2128fededd5c.json\t FileSize: 194 bytes\t TransferDuration: 44.166313000005175 ms\n",
        "ingestionTime": 1745278846542,
        "eventId": "38921018771929724093446883056726663478444715356673146910"
    },
    {
        "logStreamName": "2025/04/21/[$LATEST]048e412f0b94439cb656f1e26728f8b4",
        "timestamp": 1745278842760,
        "message": "FILE_TRANSFER RequestId: a262deed-7ba6-419c-8b63-f2e96e61e52b\t TransferType: consumed\t Action: download_from_s3\t FileName: mafdb_b68185c70cd2b2f6851e125ebe967c03331e2c7bb142d1bd978e8e475fd3780a.json\t Bucket: denethor\t FilePath: mafdb/mafdb_b68185c70cd2b2f6851e125ebe967c03331e2c7bb142d1bd978e8e475fd3780a.json\t LocalFilePath: /tmp/mafdb/mafdb_b68185c70cd2b2f6851e125ebe967c03331e2c7bb142d1bd978e8e475fd3780a.json\t FileSize: 194 bytes\t TransferDuration: 38.52626900015821 ms\n",
        "ingestionTime": 1745278846542,
        "eventId": "38921018772777152410991046736105020772805353093900402719"
    },
    {
        "logStreamName": "2025/04/21/[$LATEST]048e412f0b94439cb656f1e26728f8b4",
        "timestamp": 1745278842803,
        "message": "FILE_TRANSFER RequestId: a262deed-7ba6-419c-8b63-f2e96e61e52b\t TransferType: consumed\t Action: download_from_s3\t FileName: mafdb_f918c820d318d5721f6a01c5e5f1bcf93d25c754add42dfe159109e02e35ab0a.json\t Bucket: denethor\t FilePath: mafdb/mafdb_f918c820d318d5721f6a01c5e5f1bcf93d25c754add42dfe159109e02e35ab0a.json\t LocalFilePath: /tmp/mafdb/mafdb_f918c820d318d5721f6a01c5e5f1bcf93d25c754add42dfe159109e02e35ab0a.json\t FileSize: 194 bytes\t TransferDuration: 42.93301200004862 ms\n",
        "ingestionTime": 1745278846542,
        "eventId": "38921018773736084454527863531191056658529232638657560608"
    },
    {
        "logStreamName": "2025/04/21/[$LATEST]048e412f0b94439cb656f1e26728f8b4",
        "timestamp": 1745278842804,
        "message": "CONSUMED_FILES_INFO RequestId: a262deed-7ba6-419c-8b63-f2e96e61e52b\t FilesCount: 30 files\t FilesSize: 6926 bytes\t TransferDuration: 1435.6306509994283 ms\t ConsumedFiles: ['mafdb_6f7a2b1116e6a791f68a03367473294792b679a6357b6789f3f993b1f83e2e80.json', 'mafdb_c451a256436a5fc45a562eaf2fead8dd42917b32894e636d2b705f5405224a88.json', 'mafdb_51e18dc31f0c330513b45085a52c5ecd1e4a0a9130d2805a71368f1cbe17f65e.json', 'mafdb_783d326a98c97c227099cd46e1eb2739e8954c844e628390759f21e7b4e19db0.json', 'mafdb_f6c9786df6a492206e55eb3d3911d34dbd753bfef23be22d8635d72135a7fbc7.json', 'mafdb_42b7a1940d80c9e5d1a1eb427219fad89ed0198775d719cc0f6171541419e487.json', 'mafdb_4626fea2abf7ed35f5f28026640ab18610584687978217b1f40af22fe37f6572.json', 'mafdb_e55488255b1fbcc9aaabaac963dff236ce30a48f048179f2652bf6431063cf4b.json', 'mafdb_5622c4af29c03a55db15361b96ebd57532e3d5deb3791cbd1444627fe1ca62ba.json', 'mafdb_c47f40aaed70b274856370b8e6e48399beb4c8971c66ddd8be8d566d440a78a7.json', 'mafdb_fc2a84852f95eebd03a586abcf5a76c64db1efd965d2c472f2b8a03ed0c40edf.json', 'mafdb_b1978d4f3ece7886cd648bfa82f0db51363ff9b748ee97102aa3139423d1be64.json', 'mafdb_52a4f806fca7da8198522b8967c3d358527c3187304e57988708d831f58faa8d.json', 'mafdb_a1bfbcddbd0327f872ff3e6b2d5dcbed9e804641918b58e4b469cf077329c2cd.json', 'mafdb_3f39c4961a0fcb5dacda7fdb89b2d0ebbaf953f20134fdb2d43aa99c3b398820.json', 'mafdb_c8628e7d7833590863c05945da0a15b09c0de52179e14bd524127f896a661506.json', 'mafdb_3b4259b136e5e067f460a57ff21fd5c531cf82501ea56dcbb754d3f18d8bf7b8.json', 'mafdb_d66a6c0e6284ab938bb396e2a94b21536e089891dd8678d3e232409e85974bf4.json', 'mafdb_42c39b281fccc83198017a319f363d9a14901ad1e7f2e87df206a5e5a893b775.json', 'mafdb_00a3f572cc1fc8e5d20ab4dfb79235b5a032989fc11491f76265acd17bc9137b.json', 'mafdb_1bc211752a94b2c578560693e27c96c128aefdf6439e0fc20a27028f333f2ca9.json', 'mafdb_b57db58f6c445c0b4ca68af0b3818e52265d344a33b285d18aa8f71cb260f462.json', 'mafdb_7352970b74f3730627c76b09ab7aeb8b229af519dfd5753f3cca28876d58fb9a.json', 'mafdb_f822e6723dbfe40354a7cfb62420f30ba12904fcf4d8811e831e3e873e259704.json', 'mafdb_4d047d3111f7b0380efbd1a15e3b239694cdbec797511edb3c263b3a9488f2b6.json', 'mafdb_6ee93fa3e17d8465d80c68957453793c4017d5d2d02f3c35b598aa6b61c743eb.json', 'mafdb_60830794f6f53770664103f1567db6e61129f4a168960ac78aa0f0b425eb5c40.json', 'mafdb_35ede6722fe824035d75d0534b754dd4b23ee9330ec089bb54db2128fededd5c.json', 'mafdb_b68185c70cd2b2f6851e125ebe967c03331e2c7bb142d1bd978e8e475fd3780a.json', 'mafdb_f918c820d318d5721f6a01c5e5f1bcf93d25c754add42dfe159109e02e35ab0a.json']\n",
        "ingestionTime": 1745278846542,
        "eventId": "38921018773758385199726394154332592376801881000163541025"
    },
    {
        "logStreamName": "2025/04/21/[$LATEST]048e412f0b94439cb656f1e26728f8b4",
        "timestamp": 1745278842806,
        "message": "[INFO] 2025-04-21T23:40:42GMT MAF_DATABASE_AGGREGATOR RequestId: a262deed-7ba6-419c-8b63-f2e96e61e52b\t Duration: 1.5223119999063783 ms\t InputLength: 30\t MaxMaf: 0\t MafDatabase: {}\n",
        "ingestionTime": 1745278846542,
        "eventId": "38921018773802986690123455400615663813347177723175501858"
    },
    {
        "logStreamName": "2025/04/21/[$LATEST]048e412f0b94439cb656f1e26728f8b4",
        "timestamp": 1745278842806,
        "message": "[INFO]\t2025-04-21T23:40:42.805Z\ta262deed-7ba6-419c-8b63-f2e96e61e52b\tMAF_DATABASE_AGGREGATOR RequestId: a262deed-7ba6-419c-8b63-f2e96e61e52b\t Duration: 1.5223119999063783 ms\t InputLength: 30\t MaxMaf: 0\t MafDatabase: {}\n",
        "ingestionTime": 1745278846542,
        "eventId": "38921018773802986690123455400615663813347177723175501859"
    },
    {
        "logStreamName": "2025/04/21/[$LATEST]048e412f0b94439cb656f1e26728f8b4",
        "timestamp": 1745278842853,
        "message": "FILE_TRANSFER RequestId: a262deed-7ba6-419c-8b63-f2e96e61e52b\t TransferType: produced\t Action: upload_to_s3\t FileName: mafdb_730169ed2146ff68804ffc276fb117aab9e7e82a2454dabe3172d13d46124b13.json\t Bucket: denethor\t FilePath: mafdb/mafdb_730169ed2146ff68804ffc276fb117aab9e7e82a2454dabe3172d13d46124b13.json\t LocalFilePath: /tmp/mafdb/mafdb_730169ed2146ff68804ffc276fb117aab9e7e82a2454dabe3172d13d46124b13.json\t FileSize: 6026 bytes\t TransferDuration: 47.24764699994921 ms\n",
        "ingestionTime": 1745278846542,
        "eventId": "38921018774851121714454394688267842572161650713956581412"
    },
    {
        "logStreamName": "2025/04/21/[$LATEST]048e412f0b94439cb656f1e26728f8b4",
        "timestamp": 1745278842853,
        "message": "PRODUCED_FILES_INFO RequestId: a262deed-7ba6-419c-8b63-f2e96e61e52b\t FilesCount: 1 files\t FilesSize: 6026 bytes\t TransferDuration: 47.24764699994921 ms\t Provider: aws_lambda\t  ProducedFiles: ['mafdb_730169ed2146ff68804ffc276fb117aab9e7e82a2454dabe3172d13d46124b13.json']\n",
        "ingestionTime": 1745278846542,
        "eventId": "38921018774851121714454394688267842572161650713956581413"
    },
    {
        "logStreamName": "2025/04/21/[$LATEST]048e412f0b94439cb656f1e26728f8b4",
        "timestamp": 1745278842856,
        "message": "END RequestId: a262deed-7ba6-419c-8b63-f2e96e61e52b\n",
        "ingestionTime": 1745278846542,
        "eventId": "38921018774918023950049986557692449726979595798474522662"
    },
    {
        "logStreamName": "2025/04/21/[$LATEST]048e412f0b94439cb656f1e26728f8b4",
        "timestamp": 1745278842856,
        "message": "REPORT RequestId: a262deed-7ba6-419c-8b63-f2e96e61e52b\tDuration: 1491.27 ms\tBilled Duration: 1492 ms\tMemory Size: 2048 MB\tMax Memory Used: 107 MB\tInit Duration: 783.41 ms\t\n",
        "ingestionTime": 1745278846542,
        "eventId": "38921018774918023950049986557692449726979595798474522663"
    }
]