[
    {
        "logStreamName": "2025/04/22/[$LATEST]f1754d13be3e456c90d00237af2c5f18",
        "timestamp": 1745302488137,
        "message": "INIT_START Runtime Version: python:3.10.v64\tRuntime Version ARN: arn:aws:lambda:sa-east-1::runtime:d56bdc8857b2109a058de2ab50bfb80ac2aa600be6f7855a436859944e5fe54b\n",
        "ingestionTime": 1745302492780,
        "eventId": "38921546082304752607421301859070444661704002993551048704"
    },
    {
        "logStreamName": "2025/04/22/[$LATEST]f1754d13be3e456c90d00237af2c5f18",
        "timestamp": 1745302488875,
        "message": "START RequestId: f3084ffa-cbaf-4575-92a4-371fb7c173db Version: $LATEST\n",
        "ingestionTime": 1745302492780,
        "eventId": "38921546098762702563936901737523804746918493784964595713"
    },
    {
        "logStreamName": "2025/04/22/[$LATEST]f1754d13be3e456c90d00237af2c5f18",
        "timestamp": 1745302488875,
        "message": "Directory /tmp/mafdb was created!\n",
        "ingestionTime": 1745302492780,
        "eventId": "38921546098762702563936901737523804746918493784964595714"
    },
    {
        "logStreamName": "2025/04/22/[$LATEST]f1754d13be3e456c90d00237af2c5f18",
        "timestamp": 1745302488979,
        "message": "FILE_TRANSFER RequestId: f3084ffa-cbaf-4575-92a4-371fb7c173db\t TransferType: consumed\t Action: download_from_s3\t FileName: mafdb_7d398773bfc3e4435be56d8711457fd7fc190e97e32d7ec51a8a702e16118c4d.json\t Bucket: denethor\t FilePath: mafdb/mafdb_7d398773bfc3e4435be56d8711457fd7fc190e97e32d7ec51a8a702e16118c4d.json\t LocalFilePath: /tmp/mafdb/mafdb_7d398773bfc3e4435be56d8711457fd7fc190e97e32d7ec51a8a702e16118c4d.json\t FileSize: 355 bytes\t TransferDuration: 103.92426999987947 ms\n",
        "ingestionTime": 1745302492780,
        "eventId": "38921546101081980064584086544243519447273923381586558979"
    },
    {
        "logStreamName": "2025/04/22/[$LATEST]f1754d13be3e456c90d00237af2c5f18",
        "timestamp": 1745302489022,
        "message": "FILE_TRANSFER RequestId: f3084ffa-cbaf-4575-92a4-371fb7c173db\t TransferType: consumed\t Action: download_from_s3\t FileName: mafdb_c5b5a3a4bd54a110140df77527325958d257fc9b669bca89b332593540c1dc20.json\t Bucket: denethor\t FilePath: mafdb/mafdb_c5b5a3a4bd54a110140df77527325958d257fc9b669bca89b332593540c1dc20.json\t LocalFilePath: /tmp/mafdb/mafdb_c5b5a3a4bd54a110140df77527325958d257fc9b669bca89b332593540c1dc20.json\t FileSize: 273 bytes\t TransferDuration: 42.88752000002205 ms\n",
        "ingestionTime": 1745302492780,
        "eventId": "38921546102040912108120903339329555332997802926343716868"
    },
    {
        "logStreamName": "2025/04/22/[$LATEST]f1754d13be3e456c90d00237af2c5f18",
        "timestamp": 1745302489065,
        "message": "FILE_TRANSFER RequestId: f3084ffa-cbaf-4575-92a4-371fb7c173db\t TransferType: consumed\t Action: download_from_s3\t FileName: mafdb_1d419943bc17a86fe648d8caad874862360b7c73c08c99b7c26040bc9939b002.json\t Bucket: denethor\t FilePath: mafdb/mafdb_1d419943bc17a86fe648d8caad874862360b7c73c08c99b7c26040bc9939b002.json\t LocalFilePath: /tmp/mafdb/mafdb_1d419943bc17a86fe648d8caad874862360b7c73c08c99b7c26040bc9939b002.json\t FileSize: 273 bytes\t TransferDuration: 42.41881999996622 ms\n",
        "ingestionTime": 1745302492780,
        "eventId": "38921546102999844151657720134415591218721682471100874757"
    },
    {
        "logStreamName": "2025/04/22/[$LATEST]f1754d13be3e456c90d00237af2c5f18",
        "timestamp": 1745302489124,
        "message": "FILE_TRANSFER RequestId: f3084ffa-cbaf-4575-92a4-371fb7c173db\t TransferType: consumed\t Action: download_from_s3\t FileName: mafdb_31199a0a134043b94c15114abad10433bfa58c2f87e3106720f88bf29e76f1ae.json\t Bucket: denethor\t FilePath: mafdb/mafdb_31199a0a134043b94c15114abad10433bfa58c2f87e3106720f88bf29e76f1ae.json\t LocalFilePath: /tmp/mafdb/mafdb_31199a0a134043b94c15114abad10433bfa58c2f87e3106720f88bf29e76f1ae.json\t FileSize: 273 bytes\t TransferDuration: 59.14556000016091 ms\n",
        "ingestionTime": 1745302492780,
        "eventId": "38921546104315588118371026899766198596807935799953719302"
    },
    {
        "logStreamName": "2025/04/22/[$LATEST]f1754d13be3e456c90d00237af2c5f18",
        "timestamp": 1745302489167,
        "message": "FILE_TRANSFER RequestId: f3084ffa-cbaf-4575-92a4-371fb7c173db\t TransferType: consumed\t Action: download_from_s3\t FileName: mafdb_f871e6272680ce0853ce488fc481f480aa4e243fa14dd104803b05fb209cf094.json\t Bucket: denethor\t FilePath: mafdb/mafdb_f871e6272680ce0853ce488fc481f480aa4e243fa14dd104803b05fb209cf094.json\t LocalFilePath: /tmp/mafdb/mafdb_f871e6272680ce0853ce488fc481f480aa4e243fa14dd104803b05fb209cf094.json\t FileSize: 273 bytes\t TransferDuration: 43.18700000021636 ms\n",
        "ingestionTime": 1745302492780,
        "eventId": "38921546105274520161907843694852234482531815344710877191"
    },
    {
        "logStreamName": "2025/04/22/[$LATEST]f1754d13be3e456c90d00237af2c5f18",
        "timestamp": 1745302489214,
        "message": "FILE_TRANSFER RequestId: f3084ffa-cbaf-4575-92a4-371fb7c173db\t TransferType: consumed\t Action: download_from_s3\t FileName: mafdb_87129d44586b87142d9940a8b1bdbebcfa7b0454f32076964711670e9940a5bc.json\t Bucket: denethor\t FilePath: mafdb/mafdb_87129d44586b87142d9940a8b1bdbebcfa7b0454f32076964711670e9940a5bc.json\t LocalFilePath: /tmp/mafdb/mafdb_87129d44586b87142d9940a8b1bdbebcfa7b0454f32076964711670e9940a5bc.json\t FileSize: 273 bytes\t TransferDuration: 46.27282999990712 ms\n",
        "ingestionTime": 1745302492780,
        "eventId": "38921546106322655186238782982504413241346288335491956744"
    },
    {
        "logStreamName": "2025/04/22/[$LATEST]f1754d13be3e456c90d00237af2c5f18",
        "timestamp": 1745302489257,
        "message": "FILE_TRANSFER RequestId: f3084ffa-cbaf-4575-92a4-371fb7c173db\t TransferType: consumed\t Action: download_from_s3\t FileName: mafdb_ffac685782ba2ceabfc02088f70f3473d570818cc3d9c58c8979a425bc171247.json\t Bucket: denethor\t FilePath: mafdb/mafdb_ffac685782ba2ceabfc02088f70f3473d570818cc3d9c58c8979a425bc171247.json\t LocalFilePath: /tmp/mafdb/mafdb_ffac685782ba2ceabfc02088f70f3473d570818cc3d9c58c8979a425bc171247.json\t FileSize: 273 bytes\t TransferDuration: 43.04687000012564 ms\n",
        "ingestionTime": 1745302492780,
        "eventId": "38921546107281587229775599777590449127070167880249114633"
    },
    {
        "logStreamName": "2025/04/22/[$LATEST]f1754d13be3e456c90d00237af2c5f18",
        "timestamp": 1745302489324,
        "message": "FILE_TRANSFER RequestId: f3084ffa-cbaf-4575-92a4-371fb7c173db\t TransferType: consumed\t Action: download_from_s3\t FileName: mafdb_42b7a1940d80c9e5d1a1eb427219fad89ed0198775d719cc0f6171541419e487.json\t Bucket: denethor\t FilePath: mafdb/mafdb_42b7a1940d80c9e5d1a1eb427219fad89ed0198775d719cc0f6171541419e487.json\t LocalFilePath: /tmp/mafdb/mafdb_42b7a1940d80c9e5d1a1eb427219fad89ed0198775d719cc0f6171541419e487.json\t FileSize: 273 bytes\t TransferDuration: 67.3284910003531 ms\n",
        "ingestionTime": 1745302492780,
        "eventId": "38921546108775737158077151528073342251337608101149802506"
    },
    {
        "logStreamName": "2025/04/22/[$LATEST]f1754d13be3e456c90d00237af2c5f18",
        "timestamp": 1745302489361,
        "message": "FILE_TRANSFER RequestId: f3084ffa-cbaf-4575-92a4-371fb7c173db\t TransferType: consumed\t Action: download_from_s3\t FileName: mafdb_7aa0e0772e1c689c49550813d4d69f69cf00ce1c31ded8e93e9d062016b4ea81.json\t Bucket: denethor\t FilePath: mafdb/mafdb_7aa0e0772e1c689c49550813d4d69f69cf00ce1c31ded8e93e9d062016b4ea81.json\t LocalFilePath: /tmp/mafdb/mafdb_7aa0e0772e1c689c49550813d4d69f69cf00ce1c31ded8e93e9d062016b4ea81.json\t FileSize: 273 bytes\t TransferDuration: 36.37196899990158 ms\n",
        "ingestionTime": 1745302492780,
        "eventId": "38921546109600864730422784584310163827425597476871077899"
    },
    {
        "logStreamName": "2025/04/22/[$LATEST]f1754d13be3e456c90d00237af2c5f18",
        "timestamp": 1745302489399,
        "message": "FILE_TRANSFER RequestId: f3084ffa-cbaf-4575-92a4-371fb7c173db\t TransferType: consumed\t Action: download_from_s3\t FileName: mafdb_45d317fa4103ebc6a5ca76d68fd00bce02d7a5f088e6155430a660f0514147a3.json\t Bucket: denethor\t FilePath: mafdb/mafdb_45d317fa4103ebc6a5ca76d68fd00bce02d7a5f088e6155430a660f0514147a3.json\t LocalFilePath: /tmp/mafdb/mafdb_45d317fa4103ebc6a5ca76d68fd00bce02d7a5f088e6155430a660f0514147a3.json\t FileSize: 232 bytes\t TransferDuration: 38.86153900020872 ms\n",
        "ingestionTime": 1745302492780,
        "eventId": "38921546110448293047966948263688521121786235214098333708"
    },
    {
        "logStreamName": "2025/04/22/[$LATEST]f1754d13be3e456c90d00237af2c5f18",
        "timestamp": 1745302489441,
        "message": "FILE_TRANSFER RequestId: f3084ffa-cbaf-4575-92a4-371fb7c173db\t TransferType: consumed\t Action: download_from_s3\t FileName: mafdb_e55488255b1fbcc9aaabaac963dff236ce30a48f048179f2652bf6431063cf4b.json\t Bucket: denethor\t FilePath: mafdb/mafdb_e55488255b1fbcc9aaabaac963dff236ce30a48f048179f2652bf6431063cf4b.json\t LocalFilePath: /tmp/mafdb/mafdb_e55488255b1fbcc9aaabaac963dff236ce30a48f048179f2652bf6431063cf4b.json\t FileSize: 232 bytes\t TransferDuration: 41.23490100027993 ms\n",
        "ingestionTime": 1745302492780,
        "eventId": "38921546111384924346305234435633021289237466397349511181"
    },
    {
        "logStreamName": "2025/04/22/[$LATEST]f1754d13be3e456c90d00237af2c5f18",
        "timestamp": 1745302489485,
        "message": "FILE_TRANSFER RequestId: f3084ffa-cbaf-4575-92a4-371fb7c173db\t TransferType: consumed\t Action: download_from_s3\t FileName: mafdb_4294147453f0881ff5d40ffeafab616f4bd8a7ba876322d7a55e79a2b54c515e.json\t Bucket: denethor\t FilePath: mafdb/mafdb_4294147453f0881ff5d40ffeafab616f4bd8a7ba876322d7a55e79a2b54c515e.json\t LocalFilePath: /tmp/mafdb/mafdb_4294147453f0881ff5d40ffeafab616f4bd8a7ba876322d7a55e79a2b54c515e.json\t FileSize: 232 bytes\t TransferDuration: 43.910419000440015 ms\n",
        "ingestionTime": 1745302492780,
        "eventId": "38921546112366157135040581853860592893233994303612649486"
    },
    {
        "logStreamName": "2025/04/22/[$LATEST]f1754d13be3e456c90d00237af2c5f18",
        "timestamp": 1745302489521,
        "message": "FILE_TRANSFER RequestId: f3084ffa-cbaf-4575-92a4-371fb7c173db\t TransferType: consumed\t Action: download_from_s3\t FileName: mafdb_a0bb27000c08353bd1576c76b737091f2d774cc5766e59661908d2047f1f9f55.json\t Bucket: denethor\t FilePath: mafdb/mafdb_a0bb27000c08353bd1576c76b737091f2d774cc5766e59661908d2047f1f9f55.json\t LocalFilePath: /tmp/mafdb/mafdb_a0bb27000c08353bd1576c76b737091f2d774cc5766e59661908d2047f1f9f55.json\t FileSize: 232 bytes\t TransferDuration: 36.70371099997283 ms\n",
        "ingestionTime": 1745302492780,
        "eventId": "38921546113168983962187684286955878751049335317827944463"
    },
    {
        "logStreamName": "2025/04/22/[$LATEST]f1754d13be3e456c90d00237af2c5f18",
        "timestamp": 1745302489562,
        "message": "FILE_TRANSFER RequestId: f3084ffa-cbaf-4575-92a4-371fb7c173db\t TransferType: consumed\t Action: download_from_s3\t FileName: mafdb_fc2a84852f95eebd03a586abcf5a76c64db1efd965d2c472f2b8a03ed0c40edf.json\t Bucket: denethor\t FilePath: mafdb/mafdb_fc2a84852f95eebd03a586abcf5a76c64db1efd965d2c472f2b8a03ed0c40edf.json\t LocalFilePath: /tmp/mafdb/mafdb_fc2a84852f95eebd03a586abcf5a76c64db1efd965d2c472f2b8a03ed0c40edf.json\t FileSize: 232 bytes\t TransferDuration: 40.77426899993952 ms\n",
        "ingestionTime": 1745302492780,
        "eventId": "38921546114083314515327439835758843200227918139573141520"
    },
    {
        "logStreamName": "2025/04/22/[$LATEST]f1754d13be3e456c90d00237af2c5f18",
        "timestamp": 1745302489602,
        "message": "FILE_TRANSFER RequestId: f3084ffa-cbaf-4575-92a4-371fb7c173db\t TransferType: consumed\t Action: download_from_s3\t FileName: mafdb_076c9c757bf558a92d6744f8a09864a7bc11e5da777c7ae15a8572da59fdf706.json\t Bucket: denethor\t FilePath: mafdb/mafdb_076c9c757bf558a92d6744f8a09864a7bc11e5da777c7ae15a8572da59fdf706.json\t LocalFilePath: /tmp/mafdb/mafdb_076c9c757bf558a92d6744f8a09864a7bc11e5da777c7ae15a8572da59fdf706.json\t FileSize: 232 bytes\t TransferDuration: 39.7288799999842 ms\n",
        "ingestionTime": 1745302492780,
        "eventId": "38921546114975344323268664761420271931133852599812358161"
    },
    {
        "logStreamName": "2025/04/22/[$LATEST]f1754d13be3e456c90d00237af2c5f18",
        "timestamp": 1745302489641,
        "message": "FILE_TRANSFER RequestId: f3084ffa-cbaf-4575-92a4-371fb7c173db\t TransferType: consumed\t Action: download_from_s3\t FileName: mafdb_ab45c1cad0178810135c04d1f2e046750c9f309258c675f469c4e780098de65e.json\t Bucket: denethor\t FilePath: mafdb/mafdb_ab45c1cad0178810135c04d1f2e046750c9f309258c675f469c4e780098de65e.json\t LocalFilePath: /tmp/mafdb/mafdb_ab45c1cad0178810135c04d1f2e046750c9f309258c675f469c4e780098de65e.json\t FileSize: 232 bytes\t TransferDuration: 38.86838099970191 ms\n",
        "ingestionTime": 1745302492780,
        "eventId": "38921546115845073386011359063940164943767138698545594386"
    },
    {
        "logStreamName": "2025/04/22/[$LATEST]f1754d13be3e456c90d00237af2c5f18",
        "timestamp": 1745302489682,
        "message": "FILE_TRANSFER RequestId: f3084ffa-cbaf-4575-92a4-371fb7c173db\t TransferType: consumed\t Action: download_from_s3\t FileName: mafdb_61d06c5f6cb647c45e49e6fed379994aa1917c44d4f989fceae6c09f558582c8.json\t Bucket: denethor\t FilePath: mafdb/mafdb_61d06c5f6cb647c45e49e6fed379994aa1917c44d4f989fceae6c09f558582c8.json\t LocalFilePath: /tmp/mafdb/mafdb_61d06c5f6cb647c45e49e6fed379994aa1917c44d4f989fceae6c09f558582c8.json\t FileSize: 232 bytes\t TransferDuration: 41.08063999956357 ms\n",
        "ingestionTime": 1745302492780,
        "eventId": "38921546116759403939151114612743129392945721520290791443"
    },
    {
        "logStreamName": "2025/04/22/[$LATEST]f1754d13be3e456c90d00237af2c5f18",
        "timestamp": 1745302489722,
        "message": "FILE_TRANSFER RequestId: f3084ffa-cbaf-4575-92a4-371fb7c173db\t TransferType: consumed\t Action: download_from_s3\t FileName: mafdb_c8628e7d7833590863c05945da0a15b09c0de52179e14bd524127f896a661506.json\t Bucket: denethor\t FilePath: mafdb/mafdb_c8628e7d7833590863c05945da0a15b09c0de52179e14bd524127f896a661506.json\t LocalFilePath: /tmp/mafdb/mafdb_c8628e7d7833590863c05945da0a15b09c0de52179e14bd524127f896a661506.json\t FileSize: 236 bytes\t TransferDuration: 39.92634999985967 ms\n",
        "ingestionTime": 1745302492780,
        "eventId": "38921546117651433747092339538404558123851655980530008084"
    },
    {
        "logStreamName": "2025/04/22/[$LATEST]f1754d13be3e456c90d00237af2c5f18",
        "timestamp": 1745302489769,
        "message": "FILE_TRANSFER RequestId: f3084ffa-cbaf-4575-92a4-371fb7c173db\t TransferType: consumed\t Action: download_from_s3\t FileName: mafdb_189694465e52809f6509269ecbf4093c7dba28229b686a1943d55421c969f8e4.json\t Bucket: denethor\t FilePath: mafdb/mafdb_189694465e52809f6509269ecbf4093c7dba28229b686a1943d55421c969f8e4.json\t LocalFilePath: /tmp/mafdb/mafdb_189694465e52809f6509269ecbf4093c7dba28229b686a1943d55421c969f8e4.json\t FileSize: 236 bytes\t TransferDuration: 47.29816999997638 ms\n",
        "ingestionTime": 1745302492780,
        "eventId": "38921546118699568771423278826056736882666128971311087637"
    },
    {
        "logStreamName": "2025/04/22/[$LATEST]f1754d13be3e456c90d00237af2c5f18",
        "timestamp": 1745302489809,
        "message": "FILE_TRANSFER RequestId: f3084ffa-cbaf-4575-92a4-371fb7c173db\t TransferType: consumed\t Action: download_from_s3\t FileName: mafdb_3b4259b136e5e067f460a57ff21fd5c531cf82501ea56dcbb754d3f18d8bf7b8.json\t Bucket: denethor\t FilePath: mafdb/mafdb_3b4259b136e5e067f460a57ff21fd5c531cf82501ea56dcbb754d3f18d8bf7b8.json\t LocalFilePath: /tmp/mafdb/mafdb_3b4259b136e5e067f460a57ff21fd5c531cf82501ea56dcbb754d3f18d8bf7b8.json\t FileSize: 236 bytes\t TransferDuration: 39.97906899985537 ms\n",
        "ingestionTime": 1745302492780,
        "eventId": "38921546119591598579364503751718165613572063431550304278"
    },
    {
        "logStreamName": "2025/04/22/[$LATEST]f1754d13be3e456c90d00237af2c5f18",
        "timestamp": 1745302489862,
        "message": "FILE_TRANSFER RequestId: f3084ffa-cbaf-4575-92a4-371fb7c173db\t TransferType: consumed\t Action: download_from_s3\t FileName: mafdb_af818f20f62fe0eeda8042dfb7efb70bbde191b72d033f6a645874911e2ac0ea.json\t Bucket: denethor\t FilePath: mafdb/mafdb_af818f20f62fe0eeda8042dfb7efb70bbde191b72d033f6a645874911e2ac0ea.json\t LocalFilePath: /tmp/mafdb/mafdb_af818f20f62fe0eeda8042dfb7efb70bbde191b72d033f6a645874911e2ac0ea.json\t FileSize: 236 bytes\t TransferDuration: 52.93901899995035 ms\n",
        "ingestionTime": 1745302492780,
        "eventId": "38921546120773538074886626778219558682022426591367266327"
    },
    {
        "logStreamName": "2025/04/22/[$LATEST]f1754d13be3e456c90d00237af2c5f18",
        "timestamp": 1745302489901,
        "message": "FILE_TRANSFER RequestId: f3084ffa-cbaf-4575-92a4-371fb7c173db\t TransferType: consumed\t Action: download_from_s3\t FileName: mafdb_4e1eee323294b31497381cadce8756e0c91a4a8f4488ecc02e34152dbd13d2c8.json\t Bucket: denethor\t FilePath: mafdb/mafdb_4e1eee323294b31497381cadce8756e0c91a4a8f4488ecc02e34152dbd13d2c8.json\t LocalFilePath: /tmp/mafdb/mafdb_4e1eee323294b31497381cadce8756e0c91a4a8f4488ecc02e34152dbd13d2c8.json\t FileSize: 236 bytes\t TransferDuration: 38.183630000276025 ms\n",
        "ingestionTime": 1745302492780,
        "eventId": "38921546121643267137629321080739451694655712690100502552"
    },
    {
        "logStreamName": "2025/04/22/[$LATEST]f1754d13be3e456c90d00237af2c5f18",
        "timestamp": 1745302489943,
        "message": "FILE_TRANSFER RequestId: f3084ffa-cbaf-4575-92a4-371fb7c173db\t TransferType: consumed\t Action: download_from_s3\t FileName: mafdb_e788a4f75970a6e5150aa560c2ad5e402a7be72297265322d36b26bd44850036.json\t Bucket: denethor\t FilePath: mafdb/mafdb_e788a4f75970a6e5150aa560c2ad5e402a7be72297265322d36b26bd44850036.json\t LocalFilePath: /tmp/mafdb/mafdb_e788a4f75970a6e5150aa560c2ad5e402a7be72297265322d36b26bd44850036.json\t FileSize: 236 bytes\t TransferDuration: 42.32732899981784 ms\n",
        "ingestionTime": 1745302492780,
        "eventId": "38921546122579898435967607252683951862106943873351680025"
    },
    {
        "logStreamName": "2025/04/22/[$LATEST]f1754d13be3e456c90d00237af2c5f18",
        "timestamp": 1745302489993,
        "message": "FILE_TRANSFER RequestId: f3084ffa-cbaf-4575-92a4-371fb7c173db\t TransferType: consumed\t Action: download_from_s3\t FileName: mafdb_a685dcc84ba5d5e38925c5631342c458cecda2bbfda8ec6d292863c380027b30.json\t Bucket: denethor\t FilePath: mafdb/mafdb_a685dcc84ba5d5e38925c5631342c458cecda2bbfda8ec6d292863c380027b30.json\t LocalFilePath: /tmp/mafdb/mafdb_a685dcc84ba5d5e38925c5631342c458cecda2bbfda8ec6d292863c380027b30.json\t FileSize: 236 bytes\t TransferDuration: 50.28156900016256 ms\n",
        "ingestionTime": 1745302492780,
        "eventId": "38921546123694935695894138409760737775739361948650700826"
    },
    {
        "logStreamName": "2025/04/22/[$LATEST]f1754d13be3e456c90d00237af2c5f18",
        "timestamp": 1745302490037,
        "message": "FILE_TRANSFER RequestId: f3084ffa-cbaf-4575-92a4-371fb7c173db\t TransferType: consumed\t Action: download_from_s3\t FileName: mafdb_6febe45619a64f41534b7849821df9e5f2a16cc6502a1d862c57cbd0c8b5d2df.json\t Bucket: denethor\t FilePath: mafdb/mafdb_6febe45619a64f41534b7849821df9e5f2a16cc6502a1d862c57cbd0c8b5d2df.json\t LocalFilePath: /tmp/mafdb/mafdb_6febe45619a64f41534b7849821df9e5f2a16cc6502a1d862c57cbd0c8b5d2df.json\t FileSize: 236 bytes\t TransferDuration: 43.21182099965881 ms\n",
        "ingestionTime": 1745302492780,
        "eventId": "38921546124676168484629485827988309379735889854913839131"
    },
    {
        "logStreamName": "2025/04/22/[$LATEST]f1754d13be3e456c90d00237af2c5f18",
        "timestamp": 1745302490085,
        "message": "FILE_TRANSFER RequestId: f3084ffa-cbaf-4575-92a4-371fb7c173db\t TransferType: consumed\t Action: download_from_s3\t FileName: mafdb_1fde71c89b03056f957ad662091bcb5e1357a8c45e853f80f45ba56982d70500.json\t Bucket: denethor\t FilePath: mafdb/mafdb_1fde71c89b03056f957ad662091bcb5e1357a8c45e853f80f45ba56982d70500.json\t LocalFilePath: /tmp/mafdb/mafdb_1fde71c89b03056f957ad662091bcb5e1357a8c45e853f80f45ba56982d70500.json\t FileSize: 236 bytes\t TransferDuration: 47.98613899993143 ms\n",
        "ingestionTime": 1745302492780,
        "eventId": "38921546125746604254158955738782023856823011207200899100"
    },
    {
        "logStreamName": "2025/04/22/[$LATEST]f1754d13be3e456c90d00237af2c5f18",
        "timestamp": 1745302490139,
        "message": "FILE_TRANSFER RequestId: f3084ffa-cbaf-4575-92a4-371fb7c173db\t TransferType: consumed\t Action: download_from_s3\t FileName: mafdb_00a3f572cc1fc8e5d20ab4dfb79235b5a032989fc11491f76265acd17bc9137b.json\t Bucket: denethor\t FilePath: mafdb/mafdb_00a3f572cc1fc8e5d20ab4dfb79235b5a032989fc11491f76265acd17bc9137b.json\t LocalFilePath: /tmp/mafdb/mafdb_00a3f572cc1fc8e5d20ab4dfb79235b5a032989fc11491f76265acd17bc9137b.json\t FileSize: 236 bytes\t TransferDuration: 54.76064000004044 ms\n",
        "ingestionTime": 1745302492780,
        "eventId": "38921546126950844494879609388424952643546022728523841565"
    },
    {
        "logStreamName": "2025/04/22/[$LATEST]f1754d13be3e456c90d00237af2c5f18",
        "timestamp": 1745302490188,
        "message": "FILE_TRANSFER RequestId: f3084ffa-cbaf-4575-92a4-371fb7c173db\t TransferType: consumed\t Action: download_from_s3\t FileName: mafdb_69cda016f2a4bfc1e9aceffb57b233d895c1a8b8d643e1641d776f0a1e3b0d52.json\t Bucket: denethor\t FilePath: mafdb/mafdb_69cda016f2a4bfc1e9aceffb57b233d895c1a8b8d643e1641d776f0a1e3b0d52.json\t LocalFilePath: /tmp/mafdb/mafdb_69cda016f2a4bfc1e9aceffb57b233d895c1a8b8d643e1641d776f0a1e3b0d52.json\t FileSize: 236 bytes\t TransferDuration: 48.45431000012468 ms\n",
        "ingestionTime": 1745302492780,
        "eventId": "38921546128043581009607609922360202838905792442316881950"
    },
    {
        "logStreamName": "2025/04/22/[$LATEST]f1754d13be3e456c90d00237af2c5f18",
        "timestamp": 1745302490229,
        "message": "FILE_TRANSFER RequestId: f3084ffa-cbaf-4575-92a4-371fb7c173db\t TransferType: consumed\t Action: download_from_s3\t FileName: mafdb_43869745aab3d63dfa68e4f287f1921924af17cf1395c9b35aca9cdc036d2b6a.json\t Bucket: denethor\t FilePath: mafdb/mafdb_43869745aab3d63dfa68e4f287f1921924af17cf1395c9b35aca9cdc036d2b6a.json\t LocalFilePath: /tmp/mafdb/mafdb_43869745aab3d63dfa68e4f287f1921924af17cf1395c9b35aca9cdc036d2b6a.json\t FileSize: 236 bytes\t TransferDuration: 40.92056900026364 ms\n",
        "ingestionTime": 1745302492780,
        "eventId": "38921546128957911562747365471163167288084375264062079007"
    },
    {
        "logStreamName": "2025/04/22/[$LATEST]f1754d13be3e456c90d00237af2c5f18",
        "timestamp": 1745302490270,
        "message": "FILE_TRANSFER RequestId: f3084ffa-cbaf-4575-92a4-371fb7c173db\t TransferType: consumed\t Action: download_from_s3\t FileName: mafdb_1bc211752a94b2c578560693e27c96c128aefdf6439e0fc20a27028f333f2ca9.json\t Bucket: denethor\t FilePath: mafdb/mafdb_1bc211752a94b2c578560693e27c96c128aefdf6439e0fc20a27028f333f2ca9.json\t LocalFilePath: /tmp/mafdb/mafdb_1bc211752a94b2c578560693e27c96c128aefdf6439e0fc20a27028f333f2ca9.json\t FileSize: 194 bytes\t TransferDuration: 40.6356099997538 ms\n",
        "ingestionTime": 1745302492780,
        "eventId": "38921546129872242115887121019966131737262958085807276064"
    },
    {
        "logStreamName": "2025/04/22/[$LATEST]f1754d13be3e456c90d00237af2c5f18",
        "timestamp": 1745302490311,
        "message": "FILE_TRANSFER RequestId: f3084ffa-cbaf-4575-92a4-371fb7c173db\t TransferType: consumed\t Action: download_from_s3\t FileName: mafdb_4555f69ce2c58254e8c25f01438d2c0763c3570e1c0d44ad7c518af8cc48fab3.json\t Bucket: denethor\t FilePath: mafdb/mafdb_4555f69ce2c58254e8c25f01438d2c0763c3570e1c0d44ad7c518af8cc48fab3.json\t LocalFilePath: /tmp/mafdb/mafdb_4555f69ce2c58254e8c25f01438d2c0763c3570e1c0d44ad7c518af8cc48fab3.json\t FileSize: 194 bytes\t TransferDuration: 40.927560000000085 ms\n",
        "ingestionTime": 1745302492780,
        "eventId": "38921546130786572669026876568769096186441540907552473121"
    },
    {
        "logStreamName": "2025/04/22/[$LATEST]f1754d13be3e456c90d00237af2c5f18",
        "timestamp": 1745302490350,
        "message": "FILE_TRANSFER RequestId: f3084ffa-cbaf-4575-92a4-371fb7c173db\t TransferType: consumed\t Action: download_from_s3\t FileName: mafdb_b01c70625d40044b20af14722564250f95f908a1e2ad6f32ed1c6589cfe47fc4.json\t Bucket: denethor\t FilePath: mafdb/mafdb_b01c70625d40044b20af14722564250f95f908a1e2ad6f32ed1c6589cfe47fc4.json\t LocalFilePath: /tmp/mafdb/mafdb_b01c70625d40044b20af14722564250f95f908a1e2ad6f32ed1c6589cfe47fc4.json\t FileSize: 194 bytes\t TransferDuration: 38.826590000098804 ms\n",
        "ingestionTime": 1745302492780,
        "eventId": "38921546131656301731769570871288989199074827006285709346"
    },
    {
        "logStreamName": "2025/04/22/[$LATEST]f1754d13be3e456c90d00237af2c5f18",
        "timestamp": 1745302490396,
        "message": "FILE_TRANSFER RequestId: f3084ffa-cbaf-4575-92a4-371fb7c173db\t TransferType: consumed\t Action: download_from_s3\t FileName: mafdb_e5fe75557ba97201f45a575034b1cc166584507d1d2de38aeb4d649a324b5b67.json\t Bucket: denethor\t FilePath: mafdb/mafdb_e5fe75557ba97201f45a575034b1cc166584507d1d2de38aeb4d649a324b5b67.json\t LocalFilePath: /tmp/mafdb/mafdb_e5fe75557ba97201f45a575034b1cc166584507d1d2de38aeb4d649a324b5b67.json\t FileSize: 194 bytes\t TransferDuration: 46.083159999852796 ms\n",
        "ingestionTime": 1745302492780,
        "eventId": "38921546132682136010901979535799632239616651635560808483"
    },
    {
        "logStreamName": "2025/04/22/[$LATEST]f1754d13be3e456c90d00237af2c5f18",
        "timestamp": 1745302490435,
        "message": "FILE_TRANSFER RequestId: f3084ffa-cbaf-4575-92a4-371fb7c173db\t TransferType: consumed\t Action: download_from_s3\t FileName: mafdb_8549b58233c57cc518f27f3d21b4551282ded33f8e0e846bc3ef39561d71f517.json\t Bucket: denethor\t FilePath: mafdb/mafdb_8549b58233c57cc518f27f3d21b4551282ded33f8e0e846bc3ef39561d71f517.json\t LocalFilePath: /tmp/mafdb/mafdb_8549b58233c57cc518f27f3d21b4551282ded33f8e0e846bc3ef39561d71f517.json\t FileSize: 194 bytes\t TransferDuration: 39.31708000027356 ms\n",
        "ingestionTime": 1745302492780,
        "eventId": "38921546133551865073644673838319525252249937734294044708"
    },
    {
        "logStreamName": "2025/04/22/[$LATEST]f1754d13be3e456c90d00237af2c5f18",
        "timestamp": 1745302490474,
        "message": "FILE_TRANSFER RequestId: f3084ffa-cbaf-4575-92a4-371fb7c173db\t TransferType: consumed\t Action: download_from_s3\t FileName: mafdb_9e89a2d9626232c9cf6bb22415e28ee791fac0d91f5cb8de0762d9421c522216.json\t Bucket: denethor\t FilePath: mafdb/mafdb_9e89a2d9626232c9cf6bb22415e28ee791fac0d91f5cb8de0762d9421c522216.json\t LocalFilePath: /tmp/mafdb/mafdb_9e89a2d9626232c9cf6bb22415e28ee791fac0d91f5cb8de0762d9421c522216.json\t FileSize: 194 bytes\t TransferDuration: 38.81763100025637 ms\n",
        "ingestionTime": 1745302492780,
        "eventId": "38921546134421594136387368140839418264883223833027280933"
    },
    {
        "logStreamName": "2025/04/22/[$LATEST]f1754d13be3e456c90d00237af2c5f18",
        "timestamp": 1745302490509,
        "message": "FILE_TRANSFER RequestId: f3084ffa-cbaf-4575-92a4-371fb7c173db\t TransferType: consumed\t Action: download_from_s3\t FileName: mafdb_617f38c032965f822e4bfe80c4e2684669e23988975f7360111f1b2064da8be6.json\t Bucket: denethor\t FilePath: mafdb/mafdb_617f38c032965f822e4bfe80c4e2684669e23988975f7360111f1b2064da8be6.json\t LocalFilePath: /tmp/mafdb/mafdb_617f38c032965f822e4bfe80c4e2684669e23988975f7360111f1b2064da8be6.json\t FileSize: 194 bytes\t TransferDuration: 34.67240000009042 ms\n",
        "ingestionTime": 1745302492780,
        "eventId": "38921546135202120218335939950793168404425916485736595494"
    },
    {
        "logStreamName": "2025/04/22/[$LATEST]f1754d13be3e456c90d00237af2c5f18",
        "timestamp": 1745302490550,
        "message": "FILE_TRANSFER RequestId: f3084ffa-cbaf-4575-92a4-371fb7c173db\t TransferType: consumed\t Action: download_from_s3\t FileName: mafdb_8668d6455b6b1a75d51d25c40b186476c55bcfe7efa0068ca17cf66a6cee84e2.json\t Bucket: denethor\t FilePath: mafdb/mafdb_8668d6455b6b1a75d51d25c40b186476c55bcfe7efa0068ca17cf66a6cee84e2.json\t LocalFilePath: /tmp/mafdb/mafdb_8668d6455b6b1a75d51d25c40b186476c55bcfe7efa0068ca17cf66a6cee84e2.json\t FileSize: 194 bytes\t TransferDuration: 41.33938099994339 ms\n",
        "ingestionTime": 1745302492780,
        "eventId": "38921546136116450771475695499596132853604499307481792551"
    },
    {
        "logStreamName": "2025/04/22/[$LATEST]f1754d13be3e456c90d00237af2c5f18",
        "timestamp": 1745302490590,
        "message": "FILE_TRANSFER RequestId: f3084ffa-cbaf-4575-92a4-371fb7c173db\t TransferType: consumed\t Action: download_from_s3\t FileName: mafdb_b37ce2a791ecfe787b7d2e61814968329db2169d06e3e6d0a2ffb4bdcf2dc2d6.json\t Bucket: denethor\t FilePath: mafdb/mafdb_b37ce2a791ecfe787b7d2e61814968329db2169d06e3e6d0a2ffb4bdcf2dc2d6.json\t LocalFilePath: /tmp/mafdb/mafdb_b37ce2a791ecfe787b7d2e61814968329db2169d06e3e6d0a2ffb4bdcf2dc2d6.json\t FileSize: 194 bytes\t TransferDuration: 40.046130000064295 ms\n",
        "ingestionTime": 1745302492780,
        "eventId": "38921546137008480579416920425257561584510433767721009192"
    },
    {
        "logStreamName": "2025/04/22/[$LATEST]f1754d13be3e456c90d00237af2c5f18",
        "timestamp": 1745302490632,
        "message": "FILE_TRANSFER RequestId: f3084ffa-cbaf-4575-92a4-371fb7c173db\t TransferType: consumed\t Action: download_from_s3\t FileName: mafdb_35ede6722fe824035d75d0534b754dd4b23ee9330ec089bb54db2128fededd5c.json\t Bucket: denethor\t FilePath: mafdb/mafdb_35ede6722fe824035d75d0534b754dd4b23ee9330ec089bb54db2128fededd5c.json\t LocalFilePath: /tmp/mafdb/mafdb_35ede6722fe824035d75d0534b754dd4b23ee9330ec089bb54db2128fededd5c.json\t FileSize: 194 bytes\t TransferDuration: 41.646489999948244 ms\n",
        "ingestionTime": 1745302492780,
        "eventId": "38921546137945111877755206597202061751961664950972186665"
    },
    {
        "logStreamName": "2025/04/22/[$LATEST]f1754d13be3e456c90d00237af2c5f18",
        "timestamp": 1745302490670,
        "message": "FILE_TRANSFER RequestId: f3084ffa-cbaf-4575-92a4-371fb7c173db\t TransferType: consumed\t Action: download_from_s3\t FileName: mafdb_f559e9d6c1e059a8d3273e2ffdc14ec68a91f538d9a6a33166c7720962ca1cd4.json\t Bucket: denethor\t FilePath: mafdb/mafdb_f559e9d6c1e059a8d3273e2ffdc14ec68a91f538d9a6a33166c7720962ca1cd4.json\t LocalFilePath: /tmp/mafdb/mafdb_f559e9d6c1e059a8d3273e2ffdc14ec68a91f538d9a6a33166c7720962ca1cd4.json\t FileSize: 194 bytes\t TransferDuration: 37.76126000002478 ms\n",
        "ingestionTime": 1745302492780,
        "eventId": "38921546138792540195299370276580419046322302688199442474"
    },
    {
        "logStreamName": "2025/04/22/[$LATEST]f1754d13be3e456c90d00237af2c5f18",
        "timestamp": 1745302490710,
        "message": "FILE_TRANSFER RequestId: f3084ffa-cbaf-4575-92a4-371fb7c173db\t TransferType: consumed\t Action: download_from_s3\t FileName: mafdb_fdfd9f2efea889252a132e0d03e501efa853be19ae07f257f05331fec285e8d0.json\t Bucket: denethor\t FilePath: mafdb/mafdb_fdfd9f2efea889252a132e0d03e501efa853be19ae07f257f05331fec285e8d0.json\t LocalFilePath: /tmp/mafdb/mafdb_fdfd9f2efea889252a132e0d03e501efa853be19ae07f257f05331fec285e8d0.json\t FileSize: 194 bytes\t TransferDuration: 40.291608999723394 ms\n",
        "ingestionTime": 1745302492780,
        "eventId": "38921546139684570003240595202241847777228237148438659115"
    },
    {
        "logStreamName": "2025/04/22/[$LATEST]f1754d13be3e456c90d00237af2c5f18",
        "timestamp": 1745302490752,
        "message": "FILE_TRANSFER RequestId: f3084ffa-cbaf-4575-92a4-371fb7c173db\t TransferType: consumed\t Action: download_from_s3\t FileName: mafdb_cf857241ac1b3bb9eca59ca531ffcbd4ed658debba3ac4f83d7dfa6ee73afcd2.json\t Bucket: denethor\t FilePath: mafdb/mafdb_cf857241ac1b3bb9eca59ca531ffcbd4ed658debba3ac4f83d7dfa6ee73afcd2.json\t LocalFilePath: /tmp/mafdb/mafdb_cf857241ac1b3bb9eca59ca531ffcbd4ed658debba3ac4f83d7dfa6ee73afcd2.json\t FileSize: 194 bytes\t TransferDuration: 41.766170999835595 ms\n",
        "ingestionTime": 1745302492780,
        "eventId": "38921546140621201301578881374186347944679468331689836588"
    },
    {
        "logStreamName": "2025/04/22/[$LATEST]f1754d13be3e456c90d00237af2c5f18",
        "timestamp": 1745302490792,
        "message": "FILE_TRANSFER RequestId: f3084ffa-cbaf-4575-92a4-371fb7c173db\t TransferType: consumed\t Action: download_from_s3\t FileName: mafdb_0a6b0fb79bf654fc1bc219f24efd3cacaa8c9a4f25c62769a1e190548fef8c96.json\t Bucket: denethor\t FilePath: mafdb/mafdb_0a6b0fb79bf654fc1bc219f24efd3cacaa8c9a4f25c62769a1e190548fef8c96.json\t LocalFilePath: /tmp/mafdb/mafdb_0a6b0fb79bf654fc1bc219f24efd3cacaa8c9a4f25c62769a1e190548fef8c96.json\t FileSize: 194 bytes\t TransferDuration: 40.636380999785615 ms\n",
        "ingestionTime": 1745302492780,
        "eventId": "38921546141513231109520106299847776675585402791929053229"
    },
    {
        "logStreamName": "2025/04/22/[$LATEST]f1754d13be3e456c90d00237af2c5f18",
        "timestamp": 1745302490832,
        "message": "FILE_TRANSFER RequestId: f3084ffa-cbaf-4575-92a4-371fb7c173db\t TransferType: consumed\t Action: download_from_s3\t FileName: mafdb_f918c820d318d5721f6a01c5e5f1bcf93d25c754add42dfe159109e02e35ab0a.json\t Bucket: denethor\t FilePath: mafdb/mafdb_f918c820d318d5721f6a01c5e5f1bcf93d25c754add42dfe159109e02e35ab0a.json\t LocalFilePath: /tmp/mafdb/mafdb_f918c820d318d5721f6a01c5e5f1bcf93d25c754add42dfe159109e02e35ab0a.json\t FileSize: 194 bytes\t TransferDuration: 39.10773999996309 ms\n",
        "ingestionTime": 1745302492780,
        "eventId": "38921546142405260917461331225509205406491337252168269870"
    },
    {
        "logStreamName": "2025/04/22/[$LATEST]f1754d13be3e456c90d00237af2c5f18",
        "timestamp": 1745302490869,
        "message": "FILE_TRANSFER RequestId: f3084ffa-cbaf-4575-92a4-371fb7c173db\t TransferType: consumed\t Action: download_from_s3\t FileName: mafdb_d30220db9123df6306e811743fc244aeeb8124f32266c56ac03a740cfe14cfdd.json\t Bucket: denethor\t FilePath: mafdb/mafdb_d30220db9123df6306e811743fc244aeeb8124f32266c56ac03a740cfe14cfdd.json\t LocalFilePath: /tmp/mafdb/mafdb_d30220db9123df6306e811743fc244aeeb8124f32266c56ac03a740cfe14cfdd.json\t FileSize: 194 bytes\t TransferDuration: 37.600371000280575 ms\n",
        "ingestionTime": 1745302492780,
        "eventId": "38921546143230388489806964281746026982579326627889545263"
    },
    {
        "logStreamName": "2025/04/22/[$LATEST]f1754d13be3e456c90d00237af2c5f18",
        "timestamp": 1745302490870,
        "message": "CONSUMED_FILES_INFO RequestId: f3084ffa-cbaf-4575-92a4-371fb7c173db\t FilesCount: 45 files\t FilesSize: 10331 bytes\t TransferDuration: 1991.4902490004351 ms\t ConsumedFiles: ['mafdb_7d398773bfc3e4435be56d8711457fd7fc190e97e32d7ec51a8a702e16118c4d.json', 'mafdb_c5b5a3a4bd54a110140df77527325958d257fc9b669bca89b332593540c1dc20.json', 'mafdb_1d419943bc17a86fe648d8caad874862360b7c73c08c99b7c26040bc9939b002.json', 'mafdb_31199a0a134043b94c15114abad10433bfa58c2f87e3106720f88bf29e76f1ae.json', 'mafdb_f871e6272680ce0853ce488fc481f480aa4e243fa14dd104803b05fb209cf094.json', 'mafdb_87129d44586b87142d9940a8b1bdbebcfa7b0454f32076964711670e9940a5bc.json', 'mafdb_ffac685782ba2ceabfc02088f70f3473d570818cc3d9c58c8979a425bc171247.json', 'mafdb_42b7a1940d80c9e5d1a1eb427219fad89ed0198775d719cc0f6171541419e487.json', 'mafdb_7aa0e0772e1c689c49550813d4d69f69cf00ce1c31ded8e93e9d062016b4ea81.json', 'mafdb_45d317fa4103ebc6a5ca76d68fd00bce02d7a5f088e6155430a660f0514147a3.json', 'mafdb_e55488255b1fbcc9aaabaac963dff236ce30a48f048179f2652bf6431063cf4b.json', 'mafdb_4294147453f0881ff5d40ffeafab616f4bd8a7ba876322d7a55e79a2b54c515e.json', 'mafdb_a0bb27000c08353bd1576c76b737091f2d774cc5766e59661908d2047f1f9f55.json', 'mafdb_fc2a84852f95eebd03a586abcf5a76c64db1efd965d2c472f2b8a03ed0c40edf.json', 'mafdb_076c9c757bf558a92d6744f8a09864a7bc11e5da777c7ae15a8572da59fdf706.json', 'mafdb_ab45c1cad0178810135c04d1f2e046750c9f309258c675f469c4e780098de65e.json', 'mafdb_61d06c5f6cb647c45e49e6fed379994aa1917c44d4f989fceae6c09f558582c8.json', 'mafdb_c8628e7d7833590863c05945da0a15b09c0de52179e14bd524127f896a661506.json', 'mafdb_189694465e52809f6509269ecbf4093c7dba28229b686a1943d55421c969f8e4.json', 'mafdb_3b4259b136e5e067f460a57ff21fd5c531cf82501ea56dcbb754d3f18d8bf7b8.json', 'mafdb_af818f20f62fe0eeda8042dfb7efb70bbde191b72d033f6a645874911e2ac0ea.json', 'mafdb_4e1eee323294b31497381cadce8756e0c91a4a8f4488ecc02e34152dbd13d2c8.json', 'mafdb_e788a4f75970a6e5150aa560c2ad5e402a7be72297265322d36b26bd44850036.json', 'mafdb_a685dcc84ba5d5e38925c5631342c458cecda2bbfda8ec6d292863c380027b30.json', 'mafdb_6febe45619a64f41534b7849821df9e5f2a16cc6502a1d862c57cbd0c8b5d2df.json', 'mafdb_1fde71c89b03056f957ad662091bcb5e1357a8c45e853f80f45ba56982d70500.json', 'mafdb_00a3f572cc1fc8e5d20ab4dfb79235b5a032989fc11491f76265acd17bc9137b.json', 'mafdb_69cda016f2a4bfc1e9aceffb57b233d895c1a8b8d643e1641d776f0a1e3b0d52.json', 'mafdb_43869745aab3d63dfa68e4f287f1921924af17cf1395c9b35aca9cdc036d2b6a.json', 'mafdb_1bc211752a94b2c578560693e27c96c128aefdf6439e0fc20a27028f333f2ca9.json', 'mafdb_4555f69ce2c58254e8c25f01438d2c0763c3570e1c0d44ad7c518af8cc48fab3.json', 'mafdb_b01c70625d40044b20af14722564250f95f908a1e2ad6f32ed1c6589cfe47fc4.json', 'mafdb_e5fe75557ba97201f45a575034b1cc166584507d1d2de38aeb4d649a324b5b67.json', 'mafdb_8549b58233c57cc518f27f3d21b4551282ded33f8e0e846bc3ef39561d71f517.json', 'mafdb_9e89a2d9626232c9cf6bb22415e28ee791fac0d91f5cb8de0762d9421c522216.json', 'mafdb_617f38c032965f822e4bfe80c4e2684669e23988975f7360111f1b2064da8be6.json', 'mafdb_8668d6455b6b1a75d51d25c40b186476c55bcfe7efa0068ca17cf66a6cee84e2.json', 'mafdb_b37ce2a791ecfe787b7d2e61814968329db2169d06e3e6d0a2ffb4bdcf2dc2d6.json', 'mafdb_35ede6722fe824035d75d0534b754dd4b23ee9330ec089bb54db2128fededd5c.json', 'mafdb_f559e9d6c1e059a8d3273e2ffdc14ec68a91f538d9a6a33166c7720962ca1cd4.json', 'mafdb_fdfd9f2efea889252a132e0d03e501efa853be19ae07f257f05331fec285e8d0.json', 'mafdb_cf857241ac1b3bb9eca59ca531ffcbd4ed658debba3ac4f83d7dfa6ee73afcd2.json', 'mafdb_0a6b0fb79bf654fc1bc219f24efd3cacaa8c9a4f25c62769a1e190548fef8c96.json', 'mafdb_f918c820d318d5721f6a01c5e5f1bcf93d25c754add42dfe159109e02e35ab0a.json', 'mafdb_d30220db9123df6306e811743fc244aeeb8124f32266c56ac03a740cfe14cfdd.json']\n",
        "ingestionTime": 1745302492780,
        "eventId": "38921546143252689235005494904887562700851974989395525680"
    },
    {
        "logStreamName": "2025/04/22/[$LATEST]f1754d13be3e456c90d00237af2c5f18",
        "timestamp": 1745302490872,
        "message": "[INFO] 2025-04-22T06:14:50GMT MAF_DATABASE_AGGREGATOR RequestId: f3084ffa-cbaf-4575-92a4-371fb7c173db\t Duration: 1.9022989999939455 ms\t InputLength: 45\t MaxMaf: 0\t MafDatabase: {}\n",
        "ingestionTime": 1745302492780,
        "eventId": "38921546143297290725402556151170634137397271712407486513"
    },
    {
        "logStreamName": "2025/04/22/[$LATEST]f1754d13be3e456c90d00237af2c5f18",
        "timestamp": 1745302490872,
        "message": "[INFO]\t2025-04-22T06:14:50.872Z\tf3084ffa-cbaf-4575-92a4-371fb7c173db\tMAF_DATABASE_AGGREGATOR RequestId: f3084ffa-cbaf-4575-92a4-371fb7c173db\t Duration: 1.9022989999939455 ms\t InputLength: 45\t MaxMaf: 0\t MafDatabase: {}\n",
        "ingestionTime": 1745302492780,
        "eventId": "38921546143297290725402556151170634137397271712407486514"
    },
    {
        "logStreamName": "2025/04/22/[$LATEST]f1754d13be3e456c90d00237af2c5f18",
        "timestamp": 1745302490920,
        "message": "FILE_TRANSFER RequestId: f3084ffa-cbaf-4575-92a4-371fb7c173db\t TransferType: produced\t Action: upload_to_s3\t FileName: mafdb_92aca2598b2cffcf6455cadae8226d70747b4e3fa80cb413a0150f7c267281a7.json\t Bucket: denethor\t FilePath: mafdb/mafdb_92aca2598b2cffcf6455cadae8226d70747b4e3fa80cb413a0150f7c267281a7.json\t LocalFilePath: /tmp/mafdb/mafdb_92aca2598b2cffcf6455cadae8226d70747b4e3fa80cb413a0150f7c267281a7.json\t FileSize: 8939 bytes\t TransferDuration: 48.13536000028762 ms\n",
        "ingestionTime": 1745302492780,
        "eventId": "38921546144367726494932026061964348614484393064694546483"
    },
    {
        "logStreamName": "2025/04/22/[$LATEST]f1754d13be3e456c90d00237af2c5f18",
        "timestamp": 1745302490920,
        "message": "PRODUCED_FILES_INFO RequestId: f3084ffa-cbaf-4575-92a4-371fb7c173db\t FilesCount: 1 files\t FilesSize: 8939 bytes\t TransferDuration: 48.13536000028762 ms\t Provider: aws_lambda\t  ProducedFiles: ['mafdb_92aca2598b2cffcf6455cadae8226d70747b4e3fa80cb413a0150f7c267281a7.json']\n",
        "ingestionTime": 1745302492780,
        "eventId": "38921546144367726494932026061964348614484393064694546484"
    },
    {
        "logStreamName": "2025/04/22/[$LATEST]f1754d13be3e456c90d00237af2c5f18",
        "timestamp": 1745302490922,
        "message": "END RequestId: f3084ffa-cbaf-4575-92a4-371fb7c173db\n",
        "ingestionTime": 1745302492780,
        "eventId": "38921546144412327985329087308247420051029689787706507317"
    },
    {
        "logStreamName": "2025/04/22/[$LATEST]f1754d13be3e456c90d00237af2c5f18",
        "timestamp": 1745302490922,
        "message": "REPORT RequestId: f3084ffa-cbaf-4575-92a4-371fb7c173db\tDuration: 2047.27 ms\tBilled Duration: 2048 ms\tMemory Size: 2048 MB\tMax Memory Used: 107 MB\tInit Duration: 737.53 ms\t\n",
        "ingestionTime": 1745302492780,
        "eventId": "38921546144412327985329087308247420051029689787706507318"
    }
]