[
    {
        "logStreamName": "2025/04/21/[$LATEST]c76e365beb744e8296c3e1ba4b12b256",
        "timestamp": 1745273312107,
        "message": "INIT_START Runtime Version: python:3.10.v64\tRuntime Version ARN: arn:aws:lambda:sa-east-1::runtime:d56bdc8857b2109a058de2ab50bfb80ac2aa600be6f7855a436859944e5fe54b\n",
        "ingestionTime": 1745273320377,
        "eventId": "38920895435093817922004570451436879567332389232149594112"
    },
    {
        "logStreamName": "2025/04/21/[$LATEST]c76e365beb744e8296c3e1ba4b12b256",
        "timestamp": 1745273312925,
        "message": "START RequestId: 7a6110b6-6f58-4d4c-a6b5-3ad9996372da Version: $LATEST\n",
        "ingestionTime": 1745273320377,
        "eventId": "38920895453335827494402620181213097114358748944041574401"
    },
    {
        "logStreamName": "2025/04/21/[$LATEST]c76e365beb744e8296c3e1ba4b12b256",
        "timestamp": 1745273312926,
        "message": "Directory /tmp/mafdb was created!\n",
        "ingestionTime": 1745273320377,
        "eventId": "38920895453358128239601150804354632832631397305547554818"
    },
    {
        "logStreamName": "2025/04/21/[$LATEST]c76e365beb744e8296c3e1ba4b12b256",
        "timestamp": 1745273313050,
        "message": "FILE_TRANSFER RequestId: 7a6110b6-6f58-4d4c-a6b5-3ad9996372da\t TransferType: consumed\t Action: download_from_s3\t FileName: mafdb_e7fcb374868f23c5b66908ff13d437f525bdef064d3f7604b08f9b68087e91c4.json\t Bucket: denethor\t FilePath: mafdb/mafdb_e7fcb374868f23c5b66908ff13d437f525bdef064d3f7604b08f9b68087e91c4.json\t LocalFilePath: /tmp/mafdb/mafdb_e7fcb374868f23c5b66908ff13d437f525bdef064d3f7604b08f9b68087e91c4.json\t FileSize: 273 bytes\t TransferDuration: 124.63434800002915 ms\n",
        "ingestionTime": 1745273320377,
        "eventId": "38920895456123420644218948073905061898439794132289126403"
    },
    {
        "logStreamName": "2025/04/21/[$LATEST]c76e365beb744e8296c3e1ba4b12b256",
        "timestamp": 1745273313092,
        "message": "FILE_TRANSFER RequestId: 7a6110b6-6f58-4d4c-a6b5-3ad9996372da\t TransferType: consumed\t Action: download_from_s3\t FileName: mafdb_c2a1e960932a069de5927d1067dde414f501136aba941befca2a4654e72bb08a.json\t Bucket: denethor\t FilePath: mafdb/mafdb_c2a1e960932a069de5927d1067dde414f501136aba941befca2a4654e72bb08a.json\t LocalFilePath: /tmp/mafdb/mafdb_c2a1e960932a069de5927d1067dde414f501136aba941befca2a4654e72bb08a.json\t FileSize: 273 bytes\t TransferDuration: 41.22679599998946 ms\n",
        "ingestionTime": 1745273320377,
        "eventId": "38920895457060051942557234245849562065891025315540303876"
    },
    {
        "logStreamName": "2025/04/21/[$LATEST]c76e365beb744e8296c3e1ba4b12b256",
        "timestamp": 1745273313130,
        "message": "FILE_TRANSFER RequestId: 7a6110b6-6f58-4d4c-a6b5-3ad9996372da\t TransferType: consumed\t Action: download_from_s3\t FileName: mafdb_e883ff130a9d34d26c58c15a735e96baab78aacec64abad0788f83f54423b943.json\t Bucket: denethor\t FilePath: mafdb/mafdb_e883ff130a9d34d26c58c15a735e96baab78aacec64abad0788f83f54423b943.json\t LocalFilePath: /tmp/mafdb/mafdb_e883ff130a9d34d26c58c15a735e96baab78aacec64abad0788f83f54423b943.json\t FileSize: 273 bytes\t TransferDuration: 37.97381399999722 ms\n",
        "ingestionTime": 1745273320377,
        "eventId": "38920895457907480260101397925227919360251663052767559685"
    },
    {
        "logStreamName": "2025/04/21/[$LATEST]c76e365beb744e8296c3e1ba4b12b256",
        "timestamp": 1745273313180,
        "message": "FILE_TRANSFER RequestId: 7a6110b6-6f58-4d4c-a6b5-3ad9996372da\t TransferType: consumed\t Action: download_from_s3\t FileName: mafdb_f15d6d133941e8137799af5c1c04fc577dd74e96149a2ccd80e4f571114f20e3.json\t Bucket: denethor\t FilePath: mafdb/mafdb_f15d6d133941e8137799af5c1c04fc577dd74e96149a2ccd80e4f571114f20e3.json\t LocalFilePath: /tmp/mafdb/mafdb_f15d6d133941e8137799af5c1c04fc577dd74e96149a2ccd80e4f571114f20e3.json\t FileSize: 232 bytes\t TransferDuration: 50.15398899996626 ms\n",
        "ingestionTime": 1745273320377,
        "eventId": "38920895459022517520027929082304705273884081128066580486"
    },
    {
        "logStreamName": "2025/04/21/[$LATEST]c76e365beb744e8296c3e1ba4b12b256",
        "timestamp": 1745273313218,
        "message": "FILE_TRANSFER RequestId: 7a6110b6-6f58-4d4c-a6b5-3ad9996372da\t TransferType: consumed\t Action: download_from_s3\t FileName: mafdb_a0bb27000c08353bd1576c76b737091f2d774cc5766e59661908d2047f1f9f55.json\t Bucket: denethor\t FilePath: mafdb/mafdb_a0bb27000c08353bd1576c76b737091f2d774cc5766e59661908d2047f1f9f55.json\t LocalFilePath: /tmp/mafdb/mafdb_a0bb27000c08353bd1576c76b737091f2d774cc5766e59661908d2047f1f9f55.json\t FileSize: 232 bytes\t TransferDuration: 38.40748400000393 ms\n",
        "ingestionTime": 1745273320377,
        "eventId": "38920895459869945837572092761683062568244718865293836295"
    },
    {
        "logStreamName": "2025/04/21/[$LATEST]c76e365beb744e8296c3e1ba4b12b256",
        "timestamp": 1745273313267,
        "message": "FILE_TRANSFER RequestId: 7a6110b6-6f58-4d4c-a6b5-3ad9996372da\t TransferType: consumed\t Action: download_from_s3\t FileName: mafdb_fc2a84852f95eebd03a586abcf5a76c64db1efd965d2c472f2b8a03ed0c40edf.json\t Bucket: denethor\t FilePath: mafdb/mafdb_fc2a84852f95eebd03a586abcf5a76c64db1efd965d2c472f2b8a03ed0c40edf.json\t LocalFilePath: /tmp/mafdb/mafdb_fc2a84852f95eebd03a586abcf5a76c64db1efd965d2c472f2b8a03ed0c40edf.json\t FileSize: 232 bytes\t TransferDuration: 48.09614800001327 ms\n",
        "ingestionTime": 1745273320377,
        "eventId": "38920895460962682352300093295618312763604488579086876680"
    },
    {
        "logStreamName": "2025/04/21/[$LATEST]c76e365beb744e8296c3e1ba4b12b256",
        "timestamp": 1745273313307,
        "message": "FILE_TRANSFER RequestId: 7a6110b6-6f58-4d4c-a6b5-3ad9996372da\t TransferType: consumed\t Action: download_from_s3\t FileName: mafdb_a1bfbcddbd0327f872ff3e6b2d5dcbed9e804641918b58e4b469cf077329c2cd.json\t Bucket: denethor\t FilePath: mafdb/mafdb_a1bfbcddbd0327f872ff3e6b2d5dcbed9e804641918b58e4b469cf077329c2cd.json\t LocalFilePath: /tmp/mafdb/mafdb_a1bfbcddbd0327f872ff3e6b2d5dcbed9e804641918b58e4b469cf077329c2cd.json\t FileSize: 232 bytes\t TransferDuration: 40.559496000014406 ms\n",
        "ingestionTime": 1745273320377,
        "eventId": "38920895461854712160241318221279741494510423039326093321"
    },
    {
        "logStreamName": "2025/04/21/[$LATEST]c76e365beb744e8296c3e1ba4b12b256",
        "timestamp": 1745273313349,
        "message": "FILE_TRANSFER RequestId: 7a6110b6-6f58-4d4c-a6b5-3ad9996372da\t TransferType: consumed\t Action: download_from_s3\t FileName: mafdb_c1292c1187e6e070f5b2c48f9fe0cdb701c67ff3c8dbf84d145381186b1b77b3.json\t Bucket: denethor\t FilePath: mafdb/mafdb_c1292c1187e6e070f5b2c48f9fe0cdb701c67ff3c8dbf84d145381186b1b77b3.json\t LocalFilePath: /tmp/mafdb/mafdb_c1292c1187e6e070f5b2c48f9fe0cdb701c67ff3c8dbf84d145381186b1b77b3.json\t FileSize: 236 bytes\t TransferDuration: 42.049175999977706 ms\n",
        "ingestionTime": 1745273320377,
        "eventId": "38920895462791343458579604393224241661961654222577270794"
    },
    {
        "logStreamName": "2025/04/21/[$LATEST]c76e365beb744e8296c3e1ba4b12b256",
        "timestamp": 1745273313404,
        "message": "FILE_TRANSFER RequestId: 7a6110b6-6f58-4d4c-a6b5-3ad9996372da\t TransferType: consumed\t Action: download_from_s3\t FileName: mafdb_c8628e7d7833590863c05945da0a15b09c0de52179e14bd524127f896a661506.json\t Bucket: denethor\t FilePath: mafdb/mafdb_c8628e7d7833590863c05945da0a15b09c0de52179e14bd524127f896a661506.json\t LocalFilePath: /tmp/mafdb/mafdb_c8628e7d7833590863c05945da0a15b09c0de52179e14bd524127f896a661506.json\t FileSize: 236 bytes\t TransferDuration: 54.84059100001559 ms\n",
        "ingestionTime": 1745273320377,
        "eventId": "38920895464017884444498788666008706166957314105406193675"
    },
    {
        "logStreamName": "2025/04/21/[$LATEST]c76e365beb744e8296c3e1ba4b12b256",
        "timestamp": 1745273313447,
        "message": "FILE_TRANSFER RequestId: 7a6110b6-6f58-4d4c-a6b5-3ad9996372da\t TransferType: consumed\t Action: download_from_s3\t FileName: mafdb_3b4259b136e5e067f460a57ff21fd5c531cf82501ea56dcbb754d3f18d8bf7b8.json\t Bucket: denethor\t FilePath: mafdb/mafdb_3b4259b136e5e067f460a57ff21fd5c531cf82501ea56dcbb754d3f18d8bf7b8.json\t LocalFilePath: /tmp/mafdb/mafdb_3b4259b136e5e067f460a57ff21fd5c531cf82501ea56dcbb754d3f18d8bf7b8.json\t FileSize: 236 bytes\t TransferDuration: 42.71132599996008 ms\n",
        "ingestionTime": 1745273320377,
        "eventId": "38920895464976816488035605461094742052681193650163351564"
    },
    {
        "logStreamName": "2025/04/21/[$LATEST]c76e365beb744e8296c3e1ba4b12b256",
        "timestamp": 1745273313487,
        "message": "FILE_TRANSFER RequestId: 7a6110b6-6f58-4d4c-a6b5-3ad9996372da\t TransferType: consumed\t Action: download_from_s3\t FileName: mafdb_0a8e580175a5a3df6e03961614b2b8cbb71dfdf569da590702b160aaf877127b.json\t Bucket: denethor\t FilePath: mafdb/mafdb_0a8e580175a5a3df6e03961614b2b8cbb71dfdf569da590702b160aaf877127b.json\t LocalFilePath: /tmp/mafdb/mafdb_0a8e580175a5a3df6e03961614b2b8cbb71dfdf569da590702b160aaf877127b.json\t FileSize: 236 bytes\t TransferDuration: 39.75177500001337 ms\n",
        "ingestionTime": 1745273320377,
        "eventId": "38920895465868846295976830386756170783587128110402568205"
    },
    {
        "logStreamName": "2025/04/21/[$LATEST]c76e365beb744e8296c3e1ba4b12b256",
        "timestamp": 1745273313531,
        "message": "FILE_TRANSFER RequestId: 7a6110b6-6f58-4d4c-a6b5-3ad9996372da\t TransferType: consumed\t Action: download_from_s3\t FileName: mafdb_a16e0ac07d1950ab727769d0eb177e1d9dc671c752f386544f000cfecf73f200.json\t Bucket: denethor\t FilePath: mafdb/mafdb_a16e0ac07d1950ab727769d0eb177e1d9dc671c752f386544f000cfecf73f200.json\t LocalFilePath: /tmp/mafdb/mafdb_a16e0ac07d1950ab727769d0eb177e1d9dc671c752f386544f000cfecf73f200.json\t FileSize: 236 bytes\t TransferDuration: 44.30584699997553 ms\n",
        "ingestionTime": 1745273320377,
        "eventId": "38920895466850079084712177804983742387583656016665706510"
    },
    {
        "logStreamName": "2025/04/21/[$LATEST]c76e365beb744e8296c3e1ba4b12b256",
        "timestamp": 1745273313573,
        "message": "FILE_TRANSFER RequestId: 7a6110b6-6f58-4d4c-a6b5-3ad9996372da\t TransferType: consumed\t Action: download_from_s3\t FileName: mafdb_eae45cbb3fe607c5231999a5e443162c9f1ac382fa127597405a3458015b63bc.json\t Bucket: denethor\t FilePath: mafdb/mafdb_eae45cbb3fe607c5231999a5e443162c9f1ac382fa127597405a3458015b63bc.json\t LocalFilePath: /tmp/mafdb/mafdb_eae45cbb3fe607c5231999a5e443162c9f1ac382fa127597405a3458015b63bc.json\t FileSize: 236 bytes\t TransferDuration: 41.49433600002794 ms\n",
        "ingestionTime": 1745273320377,
        "eventId": "38920895467786710383050463976928242555034887199916883983"
    },
    {
        "logStreamName": "2025/04/21/[$LATEST]c76e365beb744e8296c3e1ba4b12b256",
        "timestamp": 1745273313615,
        "message": "FILE_TRANSFER RequestId: 7a6110b6-6f58-4d4c-a6b5-3ad9996372da\t TransferType: consumed\t Action: download_from_s3\t FileName: mafdb_5973609f30a5418d722dad186d12ca55876737215f0dc764dd048c27e245ccae.json\t Bucket: denethor\t FilePath: mafdb/mafdb_5973609f30a5418d722dad186d12ca55876737215f0dc764dd048c27e245ccae.json\t LocalFilePath: /tmp/mafdb/mafdb_5973609f30a5418d722dad186d12ca55876737215f0dc764dd048c27e245ccae.json\t FileSize: 236 bytes\t TransferDuration: 41.84247500000993 ms\n",
        "ingestionTime": 1745273320377,
        "eventId": "38920895468723341681388750148872742722486118383168061456"
    },
    {
        "logStreamName": "2025/04/21/[$LATEST]c76e365beb744e8296c3e1ba4b12b256",
        "timestamp": 1745273313663,
        "message": "FILE_TRANSFER RequestId: 7a6110b6-6f58-4d4c-a6b5-3ad9996372da\t TransferType: consumed\t Action: download_from_s3\t FileName: mafdb_00a3f572cc1fc8e5d20ab4dfb79235b5a032989fc11491f76265acd17bc9137b.json\t Bucket: denethor\t FilePath: mafdb/mafdb_00a3f572cc1fc8e5d20ab4dfb79235b5a032989fc11491f76265acd17bc9137b.json\t LocalFilePath: /tmp/mafdb/mafdb_00a3f572cc1fc8e5d20ab4dfb79235b5a032989fc11491f76265acd17bc9137b.json\t FileSize: 236 bytes\t TransferDuration: 46.09079700003349 ms\n",
        "ingestionTime": 1745273320377,
        "eventId": "38920895469793777450918220059666457199573239735455121425"
    },
    {
        "logStreamName": "2025/04/21/[$LATEST]c76e365beb744e8296c3e1ba4b12b256",
        "timestamp": 1745273313705,
        "message": "FILE_TRANSFER RequestId: 7a6110b6-6f58-4d4c-a6b5-3ad9996372da\t TransferType: consumed\t Action: download_from_s3\t FileName: mafdb_d9174a4cf95376c6512c54a52da7d2f8c6f98dce795f8abb1e0b4736582eb76f.json\t Bucket: denethor\t FilePath: mafdb/mafdb_d9174a4cf95376c6512c54a52da7d2f8c6f98dce795f8abb1e0b4736582eb76f.json\t LocalFilePath: /tmp/mafdb/mafdb_d9174a4cf95376c6512c54a52da7d2f8c6f98dce795f8abb1e0b4736582eb76f.json\t FileSize: 236 bytes\t TransferDuration: 44.004095999980564 ms\n",
        "ingestionTime": 1745273320377,
        "eventId": "38920895470730408749256506231610957367024470918706298898"
    },
    {
        "logStreamName": "2025/04/21/[$LATEST]c76e365beb744e8296c3e1ba4b12b256",
        "timestamp": 1745273313792,
        "message": "FILE_TRANSFER RequestId: 7a6110b6-6f58-4d4c-a6b5-3ad9996372da\t TransferType: consumed\t Action: download_from_s3\t FileName: mafdb_43869745aab3d63dfa68e4f287f1921924af17cf1395c9b35aca9cdc036d2b6a.json\t Bucket: denethor\t FilePath: mafdb/mafdb_43869745aab3d63dfa68e4f287f1921924af17cf1395c9b35aca9cdc036d2b6a.json\t LocalFilePath: /tmp/mafdb/mafdb_43869745aab3d63dfa68e4f287f1921924af17cf1395c9b35aca9cdc036d2b6a.json\t FileSize: 236 bytes\t TransferDuration: 84.90925099999913 ms\n",
        "ingestionTime": 1745273320377,
        "eventId": "38920895472670573581528670444924564856744878369726595091"
    },
    {
        "logStreamName": "2025/04/21/[$LATEST]c76e365beb744e8296c3e1ba4b12b256",
        "timestamp": 1745273313860,
        "message": "FILE_TRANSFER RequestId: 7a6110b6-6f58-4d4c-a6b5-3ad9996372da\t TransferType: consumed\t Action: download_from_s3\t FileName: mafdb_e1c1a3efbbe62c2a7b832722eea7a97c4c6a0584661d34d7903dfb1cb8550001.json\t Bucket: denethor\t FilePath: mafdb/mafdb_e1c1a3efbbe62c2a7b832722eea7a97c4c6a0584661d34d7903dfb1cb8550001.json\t LocalFilePath: /tmp/mafdb/mafdb_e1c1a3efbbe62c2a7b832722eea7a97c4c6a0584661d34d7903dfb1cb8550001.json\t FileSize: 194 bytes\t TransferDuration: 69.62304699999322 ms\n",
        "ingestionTime": 1745273320377,
        "eventId": "38920895474187024255028752818548993699284966952133263380"
    },
    {
        "logStreamName": "2025/04/21/[$LATEST]c76e365beb744e8296c3e1ba4b12b256",
        "timestamp": 1745273313903,
        "message": "FILE_TRANSFER RequestId: 7a6110b6-6f58-4d4c-a6b5-3ad9996372da\t TransferType: consumed\t Action: download_from_s3\t FileName: mafdb_79343a1806e58013cbd06b4244510fd5300e52eeabfbadcc09a2ce93bb3c0569.json\t Bucket: denethor\t FilePath: mafdb/mafdb_79343a1806e58013cbd06b4244510fd5300e52eeabfbadcc09a2ce93bb3c0569.json\t LocalFilePath: /tmp/mafdb/mafdb_79343a1806e58013cbd06b4244510fd5300e52eeabfbadcc09a2ce93bb3c0569.json\t FileSize: 194 bytes\t TransferDuration: 43.512856999996075 ms\n",
        "ingestionTime": 1745273320377,
        "eventId": "38920895475145956298565569613635029585008846496890421269"
    },
    {
        "logStreamName": "2025/04/21/[$LATEST]c76e365beb744e8296c3e1ba4b12b256",
        "timestamp": 1745273313949,
        "message": "FILE_TRANSFER RequestId: 7a6110b6-6f58-4d4c-a6b5-3ad9996372da\t TransferType: consumed\t Action: download_from_s3\t FileName: mafdb_94a13595282fa653bef6fcac4e2814c61baca180bc8211c141298b84f6808ed2.json\t Bucket: denethor\t FilePath: mafdb/mafdb_94a13595282fa653bef6fcac4e2814c61baca180bc8211c141298b84f6808ed2.json\t LocalFilePath: /tmp/mafdb/mafdb_94a13595282fa653bef6fcac4e2814c61baca180bc8211c141298b84f6808ed2.json\t FileSize: 194 bytes\t TransferDuration: 46.17360700001427 ms\n",
        "ingestionTime": 1745273320377,
        "eventId": "38920895476171790577697978278145672625550671126165520406"
    },
    {
        "logStreamName": "2025/04/21/[$LATEST]c76e365beb744e8296c3e1ba4b12b256",
        "timestamp": 1745273313991,
        "message": "FILE_TRANSFER RequestId: 7a6110b6-6f58-4d4c-a6b5-3ad9996372da\t TransferType: consumed\t Action: download_from_s3\t FileName: mafdb_6ee93fa3e17d8465d80c68957453793c4017d5d2d02f3c35b598aa6b61c743eb.json\t Bucket: denethor\t FilePath: mafdb/mafdb_6ee93fa3e17d8465d80c68957453793c4017d5d2d02f3c35b598aa6b61c743eb.json\t LocalFilePath: /tmp/mafdb/mafdb_6ee93fa3e17d8465d80c68957453793c4017d5d2d02f3c35b598aa6b61c743eb.json\t FileSize: 194 bytes\t TransferDuration: 41.23126500002172 ms\n",
        "ingestionTime": 1745273320377,
        "eventId": "38920895477108421876036264450090172793001902309416697879"
    },
    {
        "logStreamName": "2025/04/21/[$LATEST]c76e365beb744e8296c3e1ba4b12b256",
        "timestamp": 1745273314032,
        "message": "FILE_TRANSFER RequestId: 7a6110b6-6f58-4d4c-a6b5-3ad9996372da\t TransferType: consumed\t Action: download_from_s3\t FileName: mafdb_7bec951e7922328214e0e0f2f21f4f4ee7ed0b32879ef6cd534bc178af535948.json\t Bucket: denethor\t FilePath: mafdb/mafdb_7bec951e7922328214e0e0f2f21f4f4ee7ed0b32879ef6cd534bc178af535948.json\t LocalFilePath: /tmp/mafdb/mafdb_7bec951e7922328214e0e0f2f21f4f4ee7ed0b32879ef6cd534bc178af535948.json\t FileSize: 194 bytes\t TransferDuration: 39.38704500001222 ms\n",
        "ingestionTime": 1745273320377,
        "eventId": "38920895478022752429176019998893137242180485131161894936"
    },
    {
        "logStreamName": "2025/04/21/[$LATEST]c76e365beb744e8296c3e1ba4b12b256",
        "timestamp": 1745273314070,
        "message": "FILE_TRANSFER RequestId: 7a6110b6-6f58-4d4c-a6b5-3ad9996372da\t TransferType: consumed\t Action: download_from_s3\t FileName: mafdb_e5fe75557ba97201f45a575034b1cc166584507d1d2de38aeb4d649a324b5b67.json\t Bucket: denethor\t FilePath: mafdb/mafdb_e5fe75557ba97201f45a575034b1cc166584507d1d2de38aeb4d649a324b5b67.json\t LocalFilePath: /tmp/mafdb/mafdb_e5fe75557ba97201f45a575034b1cc166584507d1d2de38aeb4d649a324b5b67.json\t FileSize: 194 bytes\t TransferDuration: 39.94618500001934 ms\n",
        "ingestionTime": 1745273320377,
        "eventId": "38920895478870180746720183678271494536541122868389150745"
    },
    {
        "logStreamName": "2025/04/21/[$LATEST]c76e365beb744e8296c3e1ba4b12b256",
        "timestamp": 1745273314107,
        "message": "FILE_TRANSFER RequestId: 7a6110b6-6f58-4d4c-a6b5-3ad9996372da\t TransferType: consumed\t Action: download_from_s3\t FileName: mafdb_550dfe67998206b655617164ffa1cc1c594d940f80674dd873f4270a33b049fc.json\t Bucket: denethor\t FilePath: mafdb/mafdb_550dfe67998206b655617164ffa1cc1c594d940f80674dd873f4270a33b049fc.json\t LocalFilePath: /tmp/mafdb/mafdb_550dfe67998206b655617164ffa1cc1c594d940f80674dd873f4270a33b049fc.json\t FileSize: 194 bytes\t TransferDuration: 36.823384000001624 ms\n",
        "ingestionTime": 1745273320377,
        "eventId": "38920895479695308319065816734508316112629112244110426138"
    },
    {
        "logStreamName": "2025/04/21/[$LATEST]c76e365beb744e8296c3e1ba4b12b256",
        "timestamp": 1745273314148,
        "message": "FILE_TRANSFER RequestId: 7a6110b6-6f58-4d4c-a6b5-3ad9996372da\t TransferType: consumed\t Action: download_from_s3\t FileName: mafdb_f918c820d318d5721f6a01c5e5f1bcf93d25c754add42dfe159109e02e35ab0a.json\t Bucket: denethor\t FilePath: mafdb/mafdb_f918c820d318d5721f6a01c5e5f1bcf93d25c754add42dfe159109e02e35ab0a.json\t LocalFilePath: /tmp/mafdb/mafdb_f918c820d318d5721f6a01c5e5f1bcf93d25c754add42dfe159109e02e35ab0a.json\t FileSize: 194 bytes\t TransferDuration: 40.6512050000174 ms\n",
        "ingestionTime": 1745273320377,
        "eventId": "38920895480609638872205572283311280561807695065855623195"
    },
    {
        "logStreamName": "2025/04/21/[$LATEST]c76e365beb744e8296c3e1ba4b12b256",
        "timestamp": 1745273314148,
        "message": "CONSUMED_FILES_INFO RequestId: 7a6110b6-6f58-4d4c-a6b5-3ad9996372da\t FilesCount: 25 files\t FilesSize: 5659 bytes\t TransferDuration: 1220.400340000083 ms\t ConsumedFiles: ['mafdb_e7fcb374868f23c5b66908ff13d437f525bdef064d3f7604b08f9b68087e91c4.json', 'mafdb_c2a1e960932a069de5927d1067dde414f501136aba941befca2a4654e72bb08a.json', 'mafdb_e883ff130a9d34d26c58c15a735e96baab78aacec64abad0788f83f54423b943.json', 'mafdb_f15d6d133941e8137799af5c1c04fc577dd74e96149a2ccd80e4f571114f20e3.json', 'mafdb_a0bb27000c08353bd1576c76b737091f2d774cc5766e59661908d2047f1f9f55.json', 'mafdb_fc2a84852f95eebd03a586abcf5a76c64db1efd965d2c472f2b8a03ed0c40edf.json', 'mafdb_a1bfbcddbd0327f872ff3e6b2d5dcbed9e804641918b58e4b469cf077329c2cd.json', 'mafdb_c1292c1187e6e070f5b2c48f9fe0cdb701c67ff3c8dbf84d145381186b1b77b3.json', 'mafdb_c8628e7d7833590863c05945da0a15b09c0de52179e14bd524127f896a661506.json', 'mafdb_3b4259b136e5e067f460a57ff21fd5c531cf82501ea56dcbb754d3f18d8bf7b8.json', 'mafdb_0a8e580175a5a3df6e03961614b2b8cbb71dfdf569da590702b160aaf877127b.json', 'mafdb_a16e0ac07d1950ab727769d0eb177e1d9dc671c752f386544f000cfecf73f200.json', 'mafdb_eae45cbb3fe607c5231999a5e443162c9f1ac382fa127597405a3458015b63bc.json', 'mafdb_5973609f30a5418d722dad186d12ca55876737215f0dc764dd048c27e245ccae.json', 'mafdb_00a3f572cc1fc8e5d20ab4dfb79235b5a032989fc11491f76265acd17bc9137b.json', 'mafdb_d9174a4cf95376c6512c54a52da7d2f8c6f98dce795f8abb1e0b4736582eb76f.json', 'mafdb_43869745aab3d63dfa68e4f287f1921924af17cf1395c9b35aca9cdc036d2b6a.json', 'mafdb_e1c1a3efbbe62c2a7b832722eea7a97c4c6a0584661d34d7903dfb1cb8550001.json', 'mafdb_79343a1806e58013cbd06b4244510fd5300e52eeabfbadcc09a2ce93bb3c0569.json', 'mafdb_94a13595282fa653bef6fcac4e2814c61baca180bc8211c141298b84f6808ed2.json', 'mafdb_6ee93fa3e17d8465d80c68957453793c4017d5d2d02f3c35b598aa6b61c743eb.json', 'mafdb_7bec951e7922328214e0e0f2f21f4f4ee7ed0b32879ef6cd534bc178af535948.json', 'mafdb_e5fe75557ba97201f45a575034b1cc166584507d1d2de38aeb4d649a324b5b67.json', 'mafdb_550dfe67998206b655617164ffa1cc1c594d940f80674dd873f4270a33b049fc.json', 'mafdb_f918c820d318d5721f6a01c5e5f1bcf93d25c754add42dfe159109e02e35ab0a.json']\n",
        "ingestionTime": 1745273320377,
        "eventId": "38920895480609638872205572283311280561807695065855623196"
    },
    {
        "logStreamName": "2025/04/21/[$LATEST]c76e365beb744e8296c3e1ba4b12b256",
        "timestamp": 1745273314149,
        "message": "[INFO] 2025-04-21T22:08:34GMT MAF_DATABASE_AGGREGATOR RequestId: 7a6110b6-6f58-4d4c-a6b5-3ad9996372da\t Duration: 1.1950400000273476 ms\t InputLength: 25\t MaxMaf: 0\t MafDatabase: {}\n",
        "ingestionTime": 1745273320377,
        "eventId": "38920895480631939617404102906452816280080343427361603613"
    },
    {
        "logStreamName": "2025/04/21/[$LATEST]c76e365beb744e8296c3e1ba4b12b256",
        "timestamp": 1745273314149,
        "message": "[INFO]\t2025-04-21T22:08:34.149Z\t7a6110b6-6f58-4d4c-a6b5-3ad9996372da\tMAF_DATABASE_AGGREGATOR RequestId: 7a6110b6-6f58-4d4c-a6b5-3ad9996372da\t Duration: 1.1950400000273476 ms\t InputLength: 25\t MaxMaf: 0\t MafDatabase: {}\n",
        "ingestionTime": 1745273320377,
        "eventId": "38920895480631939617404102906452816280080343427361603614"
    },
    {
        "logStreamName": "2025/04/21/[$LATEST]c76e365beb744e8296c3e1ba4b12b256",
        "timestamp": 1745273314203,
        "message": "FILE_TRANSFER RequestId: 7a6110b6-6f58-4d4c-a6b5-3ad9996372da\t TransferType: produced\t Action: upload_to_s3\t FileName: mafdb_d169027b8d34fbdcf0b8262f6ba189d73030187bdc460ba8e0d3a97855d86a96.json\t Bucket: denethor\t FilePath: mafdb/mafdb_d169027b8d34fbdcf0b8262f6ba189d73030187bdc460ba8e0d3a97855d86a96.json\t LocalFilePath: /tmp/mafdb/mafdb_d169027b8d34fbdcf0b8262f6ba189d73030187bdc460ba8e0d3a97855d86a96.json\t FileSize: 4907 bytes\t TransferDuration: 53.62467999998444 ms\n",
        "ingestionTime": 1745273320377,
        "eventId": "38920895481836179858124756556095745066803354948684546079"
    },
    {
        "logStreamName": "2025/04/21/[$LATEST]c76e365beb744e8296c3e1ba4b12b256",
        "timestamp": 1745273314203,
        "message": "PRODUCED_FILES_INFO RequestId: 7a6110b6-6f58-4d4c-a6b5-3ad9996372da\t FilesCount: 1 files\t FilesSize: 4907 bytes\t TransferDuration: 53.62467999998444 ms\t Provider: aws_lambda\t  ProducedFiles: ['mafdb_d169027b8d34fbdcf0b8262f6ba189d73030187bdc460ba8e0d3a97855d86a96.json']\n",
        "ingestionTime": 1745273320377,
        "eventId": "38920895481836179858124756556095745066803354948684546080"
    },
    {
        "logStreamName": "2025/04/21/[$LATEST]c76e365beb744e8296c3e1ba4b12b256",
        "timestamp": 1745273314206,
        "message": "END RequestId: 7a6110b6-6f58-4d4c-a6b5-3ad9996372da\n",
        "ingestionTime": 1745273320377,
        "eventId": "38920895481903082093720348425520352221621300033202487329"
    },
    {
        "logStreamName": "2025/04/21/[$LATEST]c76e365beb744e8296c3e1ba4b12b256",
        "timestamp": 1745273314206,
        "message": "REPORT RequestId: 7a6110b6-6f58-4d4c-a6b5-3ad9996372da\tDuration: 1281.47 ms\tBilled Duration: 1282 ms\tMemory Size: 512 MB\tMax Memory Used: 107 MB\tInit Duration: 817.08 ms\t\n",
        "ingestionTime": 1745273320377,
        "eventId": "38920895481903082093720348425520352221621300033202487330"
    }
]