[
    {
        "logStreamName": "2025/04/21/[$LATEST]08feda5b76904688b68aa3df44cc7895",
        "timestamp": 1745267011129,
        "message": "INIT_START Runtime Version: python:3.10.v64\tRuntime Version ARN: arn:aws:lambda:sa-east-1::runtime:d56bdc8857b2109a058de2ab50bfb80ac2aa600be6f7855a436859944e5fe54b\n",
        "ingestionTime": 1745267019649,
        "eventId": "38920754918588938374915821726877008894220936374014509056"
    },
    {
        "logStreamName": "2025/04/21/[$LATEST]08feda5b76904688b68aa3df44cc7895",
        "timestamp": 1745267011933,
        "message": "START RequestId: 95ca721f-c13d-4d15-a299-7d3f61070a45 Version: $LATEST\n",
        "ingestionTime": 1745267019649,
        "eventId": "38920754936518737514534442732671726385430219024822763521"
    },
    {
        "logStreamName": "2025/04/21/[$LATEST]08feda5b76904688b68aa3df44cc7895",
        "timestamp": 1745267011934,
        "message": "Directory /tmp/subtree was created!\n",
        "ingestionTime": 1745267019649,
        "eventId": "38920754936541038259732973355813262103702867386328743938"
    },
    {
        "logStreamName": "2025/04/21/[$LATEST]08feda5b76904688b68aa3df44cc7895",
        "timestamp": 1745267011935,
        "message": "Directory /tmp/mafdb was created!\n",
        "ingestionTime": 1745267019649,
        "eventId": "38920754936563339004931503978954797821975515747834724355"
    },
    {
        "logStreamName": "2025/04/21/[$LATEST]08feda5b76904688b68aa3df44cc7895",
        "timestamp": 1745267011942,
        "message": "[INFO] 2025-04-21T20:23:31GMT File tree_ORTHOMCL787_Inner1.nexus already exists in local path. Skipping download.\n",
        "ingestionTime": 1745267019649,
        "eventId": "38920754936719444221321218340945547849884054278376587268"
    },
    {
        "logStreamName": "2025/04/21/[$LATEST]08feda5b76904688b68aa3df44cc7895",
        "timestamp": 1745267011942,
        "message": "[INFO]\t2025-04-21T20:23:31.941Z\t95ca721f-c13d-4d15-a299-7d3f61070a45\tFile tree_ORTHOMCL787_Inner1.nexus already exists in local path. Skipping download.\n",
        "ingestionTime": 1745267019649,
        "eventId": "38920754936719444221321218340945547849884054278376587269"
    },
    {
        "logStreamName": "2025/04/21/[$LATEST]08feda5b76904688b68aa3df44cc7895",
        "timestamp": 1745267011942,
        "message": "[INFO]\t2025-04-21T20:23:31.942Z\t95ca721f-c13d-4d15-a299-7d3f61070a45\tFILE_TRANSFER RequestId: 95ca721f-c13d-4d15-a299-7d3f61070a45\t TransferType: consumed\t Action: download_from_s3\t FileName: tree_ORTHOMCL787_Inner1.nexus\t Bucket: denethor\t FilePath: subtree/tree_ORTHOMCL787_Inner1.nexus\t FilePathLocal: /tmp/subtree\t FileSize: 187 bytes\t TransferDuration: 0 ms\n",
        "ingestionTime": 1745267019649,
        "eventId": "38920754936719444221321218340945547849884054278376587270"
    },
    {
        "logStreamName": "2025/04/21/[$LATEST]08feda5b76904688b68aa3df44cc7895",
        "timestamp": 1745267011942,
        "message": "[INFO] 2025-04-21T20:23:31GMT FILE_TRANSFER RequestId: 95ca721f-c13d-4d15-a299-7d3f61070a45\t TransferType: consumed\t Action: download_from_s3\t FileName: tree_ORTHOMCL787_Inner1.nexus\t Bucket: denethor\t FilePath: subtree/tree_ORTHOMCL787_Inner1.nexus\t FilePathLocal: /tmp/subtree\t FileSize: 187 bytes\t TransferDuration: 0 ms\n",
        "ingestionTime": 1745267019649,
        "eventId": "38920754936719444221321218340945547849884054278376587271"
    },
    {
        "logStreamName": "2025/04/21/[$LATEST]08feda5b76904688b68aa3df44cc7895",
        "timestamp": 1745267011946,
        "message": "[INFO] 2025-04-21T20:23:31GMT File tree_ORTHOMCL787_Inner2.nexus already exists in local path. Skipping download.\n",
        "ingestionTime": 1745267019649,
        "eventId": "38920754936808647202115340833511690722974647724400508936"
    },
    {
        "logStreamName": "2025/04/21/[$LATEST]08feda5b76904688b68aa3df44cc7895",
        "timestamp": 1745267011946,
        "message": "[INFO]\t2025-04-21T20:23:31.946Z\t95ca721f-c13d-4d15-a299-7d3f61070a45\tFile tree_ORTHOMCL787_Inner2.nexus already exists in local path. Skipping download.\n",
        "ingestionTime": 1745267019649,
        "eventId": "38920754936808647202115340833511690722974647724400508937"
    },
    {
        "logStreamName": "2025/04/21/[$LATEST]08feda5b76904688b68aa3df44cc7895",
        "timestamp": 1745267011947,
        "message": "[INFO] 2025-04-21T20:23:31GMT FILE_TRANSFER RequestId: 95ca721f-c13d-4d15-a299-7d3f61070a45\t TransferType: consumed\t Action: download_from_s3\t FileName: tree_ORTHOMCL787_Inner2.nexus\t Bucket: denethor\t FilePath: subtree/tree_ORTHOMCL787_Inner2.nexus\t FilePathLocal: /tmp/subtree\t FileSize: 193 bytes\t TransferDuration: 0 ms\n",
        "ingestionTime": 1745267019649,
        "eventId": "38920754936830947947313871456653226441247296085906489354"
    },
    {
        "logStreamName": "2025/04/21/[$LATEST]08feda5b76904688b68aa3df44cc7895",
        "timestamp": 1745267011947,
        "message": "[INFO]\t2025-04-21T20:23:31.947Z\t95ca721f-c13d-4d15-a299-7d3f61070a45\tFILE_TRANSFER RequestId: 95ca721f-c13d-4d15-a299-7d3f61070a45\t TransferType: consumed\t Action: download_from_s3\t FileName: tree_ORTHOMCL787_Inner2.nexus\t Bucket: denethor\t FilePath: subtree/tree_ORTHOMCL787_Inner2.nexus\t FilePathLocal: /tmp/subtree\t FileSize: 193 bytes\t TransferDuration: 0 ms\n",
        "ingestionTime": 1745267019649,
        "eventId": "38920754936830947947313871456653226441247296085906489355"
    },
    {
        "logStreamName": "2025/04/21/[$LATEST]08feda5b76904688b68aa3df44cc7895",
        "timestamp": 1745267011951,
        "message": "[INFO] 2025-04-21T20:23:31GMT File tree_ORTHOMCL787_Inner3.nexus already exists in local path. Skipping download.\n",
        "ingestionTime": 1745267019649,
        "eventId": "38920754936920150928107993949219369314337889531930411020"
    },
    {
        "logStreamName": "2025/04/21/[$LATEST]08feda5b76904688b68aa3df44cc7895",
        "timestamp": 1745267011951,
        "message": "[INFO]\t2025-04-21T20:23:31.951Z\t95ca721f-c13d-4d15-a299-7d3f61070a45\tFile tree_ORTHOMCL787_Inner3.nexus already exists in local path. Skipping download.\n",
        "ingestionTime": 1745267019649,
        "eventId": "38920754936920150928107993949219369314337889531930411021"
    },
    {
        "logStreamName": "2025/04/21/[$LATEST]08feda5b76904688b68aa3df44cc7895",
        "timestamp": 1745267011951,
        "message": "[INFO] 2025-04-21T20:23:31GMT FILE_TRANSFER RequestId: 95ca721f-c13d-4d15-a299-7d3f61070a45\t TransferType: consumed\t Action: download_from_s3\t FileName: tree_ORTHOMCL787_Inner3.nexus\t Bucket: denethor\t FilePath: subtree/tree_ORTHOMCL787_Inner3.nexus\t FilePathLocal: /tmp/subtree\t FileSize: 243 bytes\t TransferDuration: 0 ms\n",
        "ingestionTime": 1745267019649,
        "eventId": "38920754936920150928107993949219369314337889531930411022"
    },
    {
        "logStreamName": "2025/04/21/[$LATEST]08feda5b76904688b68aa3df44cc7895",
        "timestamp": 1745267011951,
        "message": "[INFO]\t2025-04-21T20:23:31.951Z\t95ca721f-c13d-4d15-a299-7d3f61070a45\tFILE_TRANSFER RequestId: 95ca721f-c13d-4d15-a299-7d3f61070a45\t TransferType: consumed\t Action: download_from_s3\t FileName: tree_ORTHOMCL787_Inner3.nexus\t Bucket: denethor\t FilePath: subtree/tree_ORTHOMCL787_Inner3.nexus\t FilePathLocal: /tmp/subtree\t FileSize: 243 bytes\t TransferDuration: 0 ms\n",
        "ingestionTime": 1745267019649,
        "eventId": "38920754936920150928107993949219369314337889531930411023"
    },
    {
        "logStreamName": "2025/04/21/[$LATEST]08feda5b76904688b68aa3df44cc7895",
        "timestamp": 1745267011956,
        "message": "[INFO] 2025-04-21T20:23:31GMT File tree_ORTHOMCL787_Inner4.nexus already exists in local path. Skipping download.\n",
        "ingestionTime": 1745267019649,
        "eventId": "38920754937031654654100647064927047905701131339460313104"
    },
    {
        "logStreamName": "2025/04/21/[$LATEST]08feda5b76904688b68aa3df44cc7895",
        "timestamp": 1745267011956,
        "message": "[INFO]\t2025-04-21T20:23:31.956Z\t95ca721f-c13d-4d15-a299-7d3f61070a45\tFile tree_ORTHOMCL787_Inner4.nexus already exists in local path. Skipping download.\n",
        "ingestionTime": 1745267019649,
        "eventId": "38920754937031654654100647064927047905701131339460313105"
    },
    {
        "logStreamName": "2025/04/21/[$LATEST]08feda5b76904688b68aa3df44cc7895",
        "timestamp": 1745267011956,
        "message": "[INFO] 2025-04-21T20:23:31GMT FILE_TRANSFER RequestId: 95ca721f-c13d-4d15-a299-7d3f61070a45\t TransferType: consumed\t Action: download_from_s3\t FileName: tree_ORTHOMCL787_Inner4.nexus\t Bucket: denethor\t FilePath: subtree/tree_ORTHOMCL787_Inner4.nexus\t FilePathLocal: /tmp/subtree\t FileSize: 413 bytes\t TransferDuration: 0 ms\n",
        "ingestionTime": 1745267019649,
        "eventId": "38920754937031654654100647064927047905701131339460313106"
    },
    {
        "logStreamName": "2025/04/21/[$LATEST]08feda5b76904688b68aa3df44cc7895",
        "timestamp": 1745267011956,
        "message": "[INFO]\t2025-04-21T20:23:31.956Z\t95ca721f-c13d-4d15-a299-7d3f61070a45\tFILE_TRANSFER RequestId: 95ca721f-c13d-4d15-a299-7d3f61070a45\t TransferType: consumed\t Action: download_from_s3\t FileName: tree_ORTHOMCL787_Inner4.nexus\t Bucket: denethor\t FilePath: subtree/tree_ORTHOMCL787_Inner4.nexus\t FilePathLocal: /tmp/subtree\t FileSize: 413 bytes\t TransferDuration: 0 ms\n",
        "ingestionTime": 1745267019649,
        "eventId": "38920754937031654654100647064927047905701131339460313107"
    },
    {
        "logStreamName": "2025/04/21/[$LATEST]08feda5b76904688b68aa3df44cc7895",
        "timestamp": 1745267011961,
        "message": "[INFO] 2025-04-21T20:23:31GMT File tree_ORTHOMCL1861_Inner1.nexus already exists in local path. Skipping download.\n",
        "ingestionTime": 1745267019649,
        "eventId": "38920754937143158380093300180634726497064373146990215188"
    },
    {
        "logStreamName": "2025/04/21/[$LATEST]08feda5b76904688b68aa3df44cc7895",
        "timestamp": 1745267011961,
        "message": "[INFO]\t2025-04-21T20:23:31.961Z\t95ca721f-c13d-4d15-a299-7d3f61070a45\tFile tree_ORTHOMCL1861_Inner1.nexus already exists in local path. Skipping download.\n",
        "ingestionTime": 1745267019649,
        "eventId": "38920754937143158380093300180634726497064373146990215189"
    },
    {
        "logStreamName": "2025/04/21/[$LATEST]08feda5b76904688b68aa3df44cc7895",
        "timestamp": 1745267011961,
        "message": "[INFO] 2025-04-21T20:23:31GMT FILE_TRANSFER RequestId: 95ca721f-c13d-4d15-a299-7d3f61070a45\t TransferType: consumed\t Action: download_from_s3\t FileName: tree_ORTHOMCL1861_Inner1.nexus\t Bucket: denethor\t FilePath: subtree/tree_ORTHOMCL1861_Inner1.nexus\t FilePathLocal: /tmp/subtree\t FileSize: 185 bytes\t TransferDuration: 0 ms\n",
        "ingestionTime": 1745267019649,
        "eventId": "38920754937143158380093300180634726497064373146990215190"
    },
    {
        "logStreamName": "2025/04/21/[$LATEST]08feda5b76904688b68aa3df44cc7895",
        "timestamp": 1745267011962,
        "message": "[INFO]\t2025-04-21T20:23:31.961Z\t95ca721f-c13d-4d15-a299-7d3f61070a45\tFILE_TRANSFER RequestId: 95ca721f-c13d-4d15-a299-7d3f61070a45\t TransferType: consumed\t Action: download_from_s3\t FileName: tree_ORTHOMCL1861_Inner1.nexus\t Bucket: denethor\t FilePath: subtree/tree_ORTHOMCL1861_Inner1.nexus\t FilePathLocal: /tmp/subtree\t FileSize: 185 bytes\t TransferDuration: 0 ms\n",
        "ingestionTime": 1745267019649,
        "eventId": "38920754937165459125291830803776262215337021508496195607"
    },
    {
        "logStreamName": "2025/04/21/[$LATEST]08feda5b76904688b68aa3df44cc7895",
        "timestamp": 1745267011965,
        "message": "[INFO] 2025-04-21T20:23:31GMT File tree_ORTHOMCL1861_Inner2.nexus already exists in local path. Skipping download.\n",
        "ingestionTime": 1745267019649,
        "eventId": "38920754937232361360887422673200869370154966593014136856"
    },
    {
        "logStreamName": "2025/04/21/[$LATEST]08feda5b76904688b68aa3df44cc7895",
        "timestamp": 1745267011965,
        "message": "[INFO]\t2025-04-21T20:23:31.965Z\t95ca721f-c13d-4d15-a299-7d3f61070a45\tFile tree_ORTHOMCL1861_Inner2.nexus already exists in local path. Skipping download.\n",
        "ingestionTime": 1745267019649,
        "eventId": "38920754937232361360887422673200869370154966593014136857"
    },
    {
        "logStreamName": "2025/04/21/[$LATEST]08feda5b76904688b68aa3df44cc7895",
        "timestamp": 1745267011966,
        "message": "[INFO]\t2025-04-21T20:23:31.966Z\t95ca721f-c13d-4d15-a299-7d3f61070a45\tFILE_TRANSFER RequestId: 95ca721f-c13d-4d15-a299-7d3f61070a45\t TransferType: consumed\t Action: download_from_s3\t FileName: tree_ORTHOMCL1861_Inner2.nexus\t Bucket: denethor\t FilePath: subtree/tree_ORTHOMCL1861_Inner2.nexus\t FilePathLocal: /tmp/subtree\t FileSize: 187 bytes\t TransferDuration: 0 ms\n",
        "ingestionTime": 1745267019649,
        "eventId": "38920754937254662106085953296342405088427614954520117274"
    },
    {
        "logStreamName": "2025/04/21/[$LATEST]08feda5b76904688b68aa3df44cc7895",
        "timestamp": 1745267011966,
        "message": "[INFO] 2025-04-21T20:23:31GMT FILE_TRANSFER RequestId: 95ca721f-c13d-4d15-a299-7d3f61070a45\t TransferType: consumed\t Action: download_from_s3\t FileName: tree_ORTHOMCL1861_Inner2.nexus\t Bucket: denethor\t FilePath: subtree/tree_ORTHOMCL1861_Inner2.nexus\t FilePathLocal: /tmp/subtree\t FileSize: 187 bytes\t TransferDuration: 0 ms\n",
        "ingestionTime": 1745267019649,
        "eventId": "38920754937254662106085953296342405088427614954520117275"
    },
    {
        "logStreamName": "2025/04/21/[$LATEST]08feda5b76904688b68aa3df44cc7895",
        "timestamp": 1745267011970,
        "message": "[INFO] 2025-04-21T20:23:31GMT File tree_ORTHOMCL1861_Inner3.nexus already exists in local path. Skipping download.\n",
        "ingestionTime": 1745267019649,
        "eventId": "38920754937343865086880075788908547961518208400544038940"
    },
    {
        "logStreamName": "2025/04/21/[$LATEST]08feda5b76904688b68aa3df44cc7895",
        "timestamp": 1745267011970,
        "message": "[INFO]\t2025-04-21T20:23:31.969Z\t95ca721f-c13d-4d15-a299-7d3f61070a45\tFile tree_ORTHOMCL1861_Inner3.nexus already exists in local path. Skipping download.\n",
        "ingestionTime": 1745267019649,
        "eventId": "38920754937343865086880075788908547961518208400544038941"
    },
    {
        "logStreamName": "2025/04/21/[$LATEST]08feda5b76904688b68aa3df44cc7895",
        "timestamp": 1745267011970,
        "message": "[INFO] 2025-04-21T20:23:31GMT FILE_TRANSFER RequestId: 95ca721f-c13d-4d15-a299-7d3f61070a45\t TransferType: consumed\t Action: download_from_s3\t FileName: tree_ORTHOMCL1861_Inner3.nexus\t Bucket: denethor\t FilePath: subtree/tree_ORTHOMCL1861_Inner3.nexus\t FilePathLocal: /tmp/subtree\t FileSize: 349 bytes\t TransferDuration: 0 ms\n",
        "ingestionTime": 1745267019649,
        "eventId": "38920754937343865086880075788908547961518208400544038942"
    },
    {
        "logStreamName": "2025/04/21/[$LATEST]08feda5b76904688b68aa3df44cc7895",
        "timestamp": 1745267011970,
        "message": "[INFO]\t2025-04-21T20:23:31.970Z\t95ca721f-c13d-4d15-a299-7d3f61070a45\tFILE_TRANSFER RequestId: 95ca721f-c13d-4d15-a299-7d3f61070a45\t TransferType: consumed\t Action: download_from_s3\t FileName: tree_ORTHOMCL1861_Inner3.nexus\t Bucket: denethor\t FilePath: subtree/tree_ORTHOMCL1861_Inner3.nexus\t FilePathLocal: /tmp/subtree\t FileSize: 349 bytes\t TransferDuration: 0 ms\n",
        "ingestionTime": 1745267019649,
        "eventId": "38920754937343865086880075788908547961518208400544038943"
    },
    {
        "logStreamName": "2025/04/21/[$LATEST]08feda5b76904688b68aa3df44cc7895",
        "timestamp": 1745267011970,
        "message": "[INFO] 2025-04-21T20:23:31GMT CONSUMED_FILES_INFO RequestId: 95ca721f-c13d-4d15-a299-7d3f61070a45\t FilesCount: 7 files\t FilesSize: 1757 bytes\t TransferDuration: 0 ms\t ConsumedFiles: ['tree_ORTHOMCL787_Inner1.nexus', 'tree_ORTHOMCL787_Inner2.nexus', 'tree_ORTHOMCL787_Inner3.nexus', 'tree_ORTHOMCL787_Inner4.nexus', 'tree_ORTHOMCL1861_Inner1.nexus', 'tree_ORTHOMCL1861_Inner2.nexus', 'tree_ORTHOMCL1861_Inner3.nexus']\n",
        "ingestionTime": 1745267019649,
        "eventId": "38920754937343865086880075788908547961518208400544038944"
    },
    {
        "logStreamName": "2025/04/21/[$LATEST]08feda5b76904688b68aa3df44cc7895",
        "timestamp": 1745267011970,
        "message": "[INFO]\t2025-04-21T20:23:31.970Z\t95ca721f-c13d-4d15-a299-7d3f61070a45\tCONSUMED_FILES_INFO RequestId: 95ca721f-c13d-4d15-a299-7d3f61070a45\t FilesCount: 7 files\t FilesSize: 1757 bytes\t TransferDuration: 0 ms\t ConsumedFiles: ['tree_ORTHOMCL787_Inner1.nexus', 'tree_ORTHOMCL787_Inner2.nexus', 'tree_ORTHOMCL787_Inner3.nexus', 'tree_ORTHOMCL787_Inner4.nexus', 'tree_ORTHOMCL1861_Inner1.nexus', 'tree_ORTHOMCL1861_Inner2.nexus', 'tree_ORTHOMCL1861_Inner3.nexus']\n",
        "ingestionTime": 1745267019649,
        "eventId": "38920754937343865086880075788908547961518208400544038945"
    },
    {
        "logStreamName": "2025/04/21/[$LATEST]08feda5b76904688b68aa3df44cc7895",
        "timestamp": 1745267011970,
        "message": "subtree_matrix: processing file tree_ORTHOMCL787_Inner1.nexus of ['tree_ORTHOMCL787_Inner1.nexus', 'tree_ORTHOMCL787_Inner2.nexus', 'tree_ORTHOMCL787_Inner3.nexus', 'tree_ORTHOMCL787_Inner4.nexus']\n",
        "ingestionTime": 1745267019649,
        "eventId": "38920754937343865086880075788908547961518208400544038946"
    },
    {
        "logStreamName": "2025/04/21/[$LATEST]08feda5b76904688b68aa3df44cc7895",
        "timestamp": 1745267011973,
        "message": "subtree_matrix: processing file tree_ORTHOMCL787_Inner2.nexus of ['tree_ORTHOMCL787_Inner1.nexus', 'tree_ORTHOMCL787_Inner2.nexus', 'tree_ORTHOMCL787_Inner3.nexus', 'tree_ORTHOMCL787_Inner4.nexus']\n",
        "ingestionTime": 1745267019649,
        "eventId": "38920754937410767322475667658333155116336153485061980195"
    },
    {
        "logStreamName": "2025/04/21/[$LATEST]08feda5b76904688b68aa3df44cc7895",
        "timestamp": 1745267011975,
        "message": "subtree_matrix: processing file tree_ORTHOMCL787_Inner3.nexus of ['tree_ORTHOMCL787_Inner1.nexus', 'tree_ORTHOMCL787_Inner2.nexus', 'tree_ORTHOMCL787_Inner3.nexus', 'tree_ORTHOMCL787_Inner4.nexus']\n",
        "ingestionTime": 1745267019649,
        "eventId": "38920754937455368812872728904616226552881450208073941028"
    },
    {
        "logStreamName": "2025/04/21/[$LATEST]08feda5b76904688b68aa3df44cc7895",
        "timestamp": 1745267011978,
        "message": "subtree_matrix: processing file tree_ORTHOMCL787_Inner4.nexus of ['tree_ORTHOMCL787_Inner1.nexus', 'tree_ORTHOMCL787_Inner2.nexus', 'tree_ORTHOMCL787_Inner3.nexus', 'tree_ORTHOMCL787_Inner4.nexus']\n",
        "ingestionTime": 1745267019649,
        "eventId": "38920754937522271048468320774040833707699395292591882277"
    },
    {
        "logStreamName": "2025/04/21/[$LATEST]08feda5b76904688b68aa3df44cc7895",
        "timestamp": 1745267011981,
        "message": "Tempo de construção do maf_database: 10.93346599986944 milissegundos\n",
        "ingestionTime": 1745267019649,
        "eventId": "38920754937589173284063912643465440862517340377109823526"
    },
    {
        "logStreamName": "2025/04/21/[$LATEST]08feda5b76904688b68aa3df44cc7895",
        "timestamp": 1745267011981,
        "message": "[INFO] 2025-04-21T20:23:31GMT MAF_DATABASE_CREATOR RequestId: 95ca721f-c13d-4d15-a299-7d3f61070a45\t Duration: 10.93346599986944 ms\t InputSubtrees: ['tree_ORTHOMCL787_Inner1.nexus', 'tree_ORTHOMCL787_Inner2.nexus', 'tree_ORTHOMCL787_Inner3.nexus', 'tree_ORTHOMCL787_Inner4.nexus']\t MafDatabaseFile: mafdb_050eb4506b88aa955760b80fe61fa5f2dc7867810f3fd968c62f0f2b1721b84a.json\n",
        "ingestionTime": 1745267019649,
        "eventId": "38920754937589173284063912643465440862517340377109823527"
    },
    {
        "logStreamName": "2025/04/21/[$LATEST]08feda5b76904688b68aa3df44cc7895",
        "timestamp": 1745267011981,
        "message": "[INFO]\t2025-04-21T20:23:31.981Z\t95ca721f-c13d-4d15-a299-7d3f61070a45\tMAF_DATABASE_CREATOR RequestId: 95ca721f-c13d-4d15-a299-7d3f61070a45\t Duration: 10.93346599986944 ms\t InputSubtrees: ['tree_ORTHOMCL787_Inner1.nexus', 'tree_ORTHOMCL787_Inner2.nexus', 'tree_ORTHOMCL787_Inner3.nexus', 'tree_ORTHOMCL787_Inner4.nexus']\t MafDatabaseFile: mafdb_050eb4506b88aa955760b80fe61fa5f2dc7867810f3fd968c62f0f2b1721b84a.json\n",
        "ingestionTime": 1745267019649,
        "eventId": "38920754937589173284063912643465440862517340377109823528"
    },
    {
        "logStreamName": "2025/04/21/[$LATEST]08feda5b76904688b68aa3df44cc7895",
        "timestamp": 1745267012168,
        "message": "FILE_TRANSFER RequestId: 95ca721f-c13d-4d15-a299-7d3f61070a45\t TransferType: produced\t Action: upload_to_s3\t FileName: mafdb_050eb4506b88aa955760b80fe61fa5f2dc7867810f3fd968c62f0f2b1721b84a.json\t Bucket: denethor\t FilePath: mafdb/mafdb_050eb4506b88aa955760b80fe61fa5f2dc7867810f3fd968c62f0f2b1721b84a.json\t LocalFilePath: /tmp/mafdb/mafdb_050eb4506b88aa955760b80fe61fa5f2dc7867810f3fd968c62f0f2b1721b84a.json\t FileSize: 232 bytes\t TransferDuration: 86.57785400009743 ms\n",
        "ingestionTime": 1745267019649,
        "eventId": "38920754941759412636189139170932620179502583978728161321"
    },
    {
        "logStreamName": "2025/04/21/[$LATEST]08feda5b76904688b68aa3df44cc7895",
        "timestamp": 1745267012168,
        "message": "PRODUCED_FILES_INFO RequestId: 95ca721f-c13d-4d15-a299-7d3f61070a45\t FilesCount: 1 files\t FilesSize: 232 bytes\t TransferDuration: 86.57785400009743 ms\t Provider: aws_lambda\t  ProducedFiles: ['mafdb_050eb4506b88aa955760b80fe61fa5f2dc7867810f3fd968c62f0f2b1721b84a.json']\n",
        "ingestionTime": 1745267019649,
        "eventId": "38920754941759412636189139170932620179502583978728161322"
    },
    {
        "logStreamName": "2025/04/21/[$LATEST]08feda5b76904688b68aa3df44cc7895",
        "timestamp": 1745267012170,
        "message": "END RequestId: 95ca721f-c13d-4d15-a299-7d3f61070a45\n",
        "ingestionTime": 1745267019649,
        "eventId": "38920754941804014126586200417215691616047880701740122155"
    },
    {
        "logStreamName": "2025/04/21/[$LATEST]08feda5b76904688b68aa3df44cc7895",
        "timestamp": 1745267012170,
        "message": "REPORT RequestId: 95ca721f-c13d-4d15-a299-7d3f61070a45\tDuration: 236.87 ms\tBilled Duration: 237 ms\tMemory Size: 2048 MB\tMax Memory Used: 107 MB\tInit Duration: 803.28 ms\t\n",
        "ingestionTime": 1745267019649,
        "eventId": "38920754941804014126586200417215691616047880701740122156"
    },
    {
        "logStreamName": "2025/04/21/[$LATEST]08feda5b76904688b68aa3df44cc7895",
        "timestamp": 1745267012348,
        "message": "START RequestId: 6ecd5c13-c5c6-43f1-a7c2-83c8c2053f28 Version: $LATEST\n",
        "ingestionTime": 1745267019649,
        "eventId": "38920754945773546771924651336409049468579289049804636205"
    },
    {
        "logStreamName": "2025/04/21/[$LATEST]08feda5b76904688b68aa3df44cc7895",
        "timestamp": 1745267012353,
        "message": "[INFO] 2025-04-21T20:23:32GMT File tree_ORTHOMCL787_Inner1.nexus already exists in local path. Skipping download.\n",
        "ingestionTime": 1745267019649,
        "eventId": "38920754945885050497917304452116728059942530857334538286"
    },
    {
        "logStreamName": "2025/04/21/[$LATEST]08feda5b76904688b68aa3df44cc7895",
        "timestamp": 1745267012353,
        "message": "[INFO]\t2025-04-21T20:23:32.353Z\t6ecd5c13-c5c6-43f1-a7c2-83c8c2053f28\tFile tree_ORTHOMCL787_Inner1.nexus already exists in local path. Skipping download.\n",
        "ingestionTime": 1745267019649,
        "eventId": "38920754945885050497917304452116728059942530857334538287"
    },
    {
        "logStreamName": "2025/04/21/[$LATEST]08feda5b76904688b68aa3df44cc7895",
        "timestamp": 1745267012353,
        "message": "[INFO] 2025-04-21T20:23:32GMT FILE_TRANSFER RequestId: 6ecd5c13-c5c6-43f1-a7c2-83c8c2053f28\t TransferType: consumed\t Action: download_from_s3\t FileName: tree_ORTHOMCL787_Inner1.nexus\t Bucket: denethor\t FilePath: subtree/tree_ORTHOMCL787_Inner1.nexus\t FilePathLocal: /tmp/subtree\t FileSize: 187 bytes\t TransferDuration: 0 ms\n",
        "ingestionTime": 1745267019649,
        "eventId": "38920754945885050497917304452116728059942530857334538288"
    },
    {
        "logStreamName": "2025/04/21/[$LATEST]08feda5b76904688b68aa3df44cc7895",
        "timestamp": 1745267012353,
        "message": "[INFO]\t2025-04-21T20:23:32.353Z\t6ecd5c13-c5c6-43f1-a7c2-83c8c2053f28\tFILE_TRANSFER RequestId: 6ecd5c13-c5c6-43f1-a7c2-83c8c2053f28\t TransferType: consumed\t Action: download_from_s3\t FileName: tree_ORTHOMCL787_Inner1.nexus\t Bucket: denethor\t FilePath: subtree/tree_ORTHOMCL787_Inner1.nexus\t FilePathLocal: /tmp/subtree\t FileSize: 187 bytes\t TransferDuration: 0 ms\n",
        "ingestionTime": 1745267019649,
        "eventId": "38920754945885050497917304452116728059942530857334538289"
    },
    {
        "logStreamName": "2025/04/21/[$LATEST]08feda5b76904688b68aa3df44cc7895",
        "timestamp": 1745267012357,
        "message": "[INFO] 2025-04-21T20:23:32GMT File tree_ORTHOMCL787_Inner2.nexus already exists in local path. Skipping download.\n",
        "ingestionTime": 1745267019649,
        "eventId": "38920754945974253478711426944682870933033124303358459954"
    },
    {
        "logStreamName": "2025/04/21/[$LATEST]08feda5b76904688b68aa3df44cc7895",
        "timestamp": 1745267012357,
        "message": "[INFO]\t2025-04-21T20:23:32.357Z\t6ecd5c13-c5c6-43f1-a7c2-83c8c2053f28\tFile tree_ORTHOMCL787_Inner2.nexus already exists in local path. Skipping download.\n",
        "ingestionTime": 1745267019649,
        "eventId": "38920754945974253478711426944682870933033124303358459955"
    },
    {
        "logStreamName": "2025/04/21/[$LATEST]08feda5b76904688b68aa3df44cc7895",
        "timestamp": 1745267012358,
        "message": "[INFO] 2025-04-21T20:23:32GMT FILE_TRANSFER RequestId: 6ecd5c13-c5c6-43f1-a7c2-83c8c2053f28\t TransferType: consumed\t Action: download_from_s3\t FileName: tree_ORTHOMCL787_Inner2.nexus\t Bucket: denethor\t FilePath: subtree/tree_ORTHOMCL787_Inner2.nexus\t FilePathLocal: /tmp/subtree\t FileSize: 193 bytes\t TransferDuration: 0 ms\n",
        "ingestionTime": 1745267019649,
        "eventId": "38920754945996554223909957567824406651305772664864440372"
    },
    {
        "logStreamName": "2025/04/21/[$LATEST]08feda5b76904688b68aa3df44cc7895",
        "timestamp": 1745267012358,
        "message": "[INFO]\t2025-04-21T20:23:32.358Z\t6ecd5c13-c5c6-43f1-a7c2-83c8c2053f28\tFILE_TRANSFER RequestId: 6ecd5c13-c5c6-43f1-a7c2-83c8c2053f28\t TransferType: consumed\t Action: download_from_s3\t FileName: tree_ORTHOMCL787_Inner2.nexus\t Bucket: denethor\t FilePath: subtree/tree_ORTHOMCL787_Inner2.nexus\t FilePathLocal: /tmp/subtree\t FileSize: 193 bytes\t TransferDuration: 0 ms\n",
        "ingestionTime": 1745267019649,
        "eventId": "38920754945996554223909957567824406651305772664864440373"
    },
    {
        "logStreamName": "2025/04/21/[$LATEST]08feda5b76904688b68aa3df44cc7895",
        "timestamp": 1745267012362,
        "message": "[INFO] 2025-04-21T20:23:32GMT File tree_ORTHOMCL787_Inner3.nexus already exists in local path. Skipping download.\n",
        "ingestionTime": 1745267019649,
        "eventId": "38920754946085757204704080060390549524396366110888362038"
    },
    {
        "logStreamName": "2025/04/21/[$LATEST]08feda5b76904688b68aa3df44cc7895",
        "timestamp": 1745267012362,
        "message": "[INFO]\t2025-04-21T20:23:32.361Z\t6ecd5c13-c5c6-43f1-a7c2-83c8c2053f28\tFile tree_ORTHOMCL787_Inner3.nexus already exists in local path. Skipping download.\n",
        "ingestionTime": 1745267019649,
        "eventId": "38920754946085757204704080060390549524396366110888362039"
    },
    {
        "logStreamName": "2025/04/21/[$LATEST]08feda5b76904688b68aa3df44cc7895",
        "timestamp": 1745267012362,
        "message": "[INFO] 2025-04-21T20:23:32GMT FILE_TRANSFER RequestId: 6ecd5c13-c5c6-43f1-a7c2-83c8c2053f28\t TransferType: consumed\t Action: download_from_s3\t FileName: tree_ORTHOMCL787_Inner3.nexus\t Bucket: denethor\t FilePath: subtree/tree_ORTHOMCL787_Inner3.nexus\t FilePathLocal: /tmp/subtree\t FileSize: 243 bytes\t TransferDuration: 0 ms\n",
        "ingestionTime": 1745267019649,
        "eventId": "38920754946085757204704080060390549524396366110888362040"
    },
    {
        "logStreamName": "2025/04/21/[$LATEST]08feda5b76904688b68aa3df44cc7895",
        "timestamp": 1745267012362,
        "message": "[INFO]\t2025-04-21T20:23:32.362Z\t6ecd5c13-c5c6-43f1-a7c2-83c8c2053f28\tFILE_TRANSFER RequestId: 6ecd5c13-c5c6-43f1-a7c2-83c8c2053f28\t TransferType: consumed\t Action: download_from_s3\t FileName: tree_ORTHOMCL787_Inner3.nexus\t Bucket: denethor\t FilePath: subtree/tree_ORTHOMCL787_Inner3.nexus\t FilePathLocal: /tmp/subtree\t FileSize: 243 bytes\t TransferDuration: 0 ms\n",
        "ingestionTime": 1745267019649,
        "eventId": "38920754946085757204704080060390549524396366110888362041"
    },
    {
        "logStreamName": "2025/04/21/[$LATEST]08feda5b76904688b68aa3df44cc7895",
        "timestamp": 1745267012366,
        "message": "[INFO] 2025-04-21T20:23:32GMT File tree_ORTHOMCL787_Inner4.nexus already exists in local path. Skipping download.\n",
        "ingestionTime": 1745267019649,
        "eventId": "38920754946174960185498202552956692397486959556912283706"
    },
    {
        "logStreamName": "2025/04/21/[$LATEST]08feda5b76904688b68aa3df44cc7895",
        "timestamp": 1745267012366,
        "message": "[INFO]\t2025-04-21T20:23:32.366Z\t6ecd5c13-c5c6-43f1-a7c2-83c8c2053f28\tFile tree_ORTHOMCL787_Inner4.nexus already exists in local path. Skipping download.\n",
        "ingestionTime": 1745267019649,
        "eventId": "38920754946174960185498202552956692397486959556912283707"
    },
    {
        "logStreamName": "2025/04/21/[$LATEST]08feda5b76904688b68aa3df44cc7895",
        "timestamp": 1745267012366,
        "message": "[INFO] 2025-04-21T20:23:32GMT FILE_TRANSFER RequestId: 6ecd5c13-c5c6-43f1-a7c2-83c8c2053f28\t TransferType: consumed\t Action: download_from_s3\t FileName: tree_ORTHOMCL787_Inner4.nexus\t Bucket: denethor\t FilePath: subtree/tree_ORTHOMCL787_Inner4.nexus\t FilePathLocal: /tmp/subtree\t FileSize: 413 bytes\t TransferDuration: 0 ms\n",
        "ingestionTime": 1745267019649,
        "eventId": "38920754946174960185498202552956692397486959556912283708"
    },
    {
        "logStreamName": "2025/04/21/[$LATEST]08feda5b76904688b68aa3df44cc7895",
        "timestamp": 1745267012366,
        "message": "[INFO]\t2025-04-21T20:23:32.366Z\t6ecd5c13-c5c6-43f1-a7c2-83c8c2053f28\tFILE_TRANSFER RequestId: 6ecd5c13-c5c6-43f1-a7c2-83c8c2053f28\t TransferType: consumed\t Action: download_from_s3\t FileName: tree_ORTHOMCL787_Inner4.nexus\t Bucket: denethor\t FilePath: subtree/tree_ORTHOMCL787_Inner4.nexus\t FilePathLocal: /tmp/subtree\t FileSize: 413 bytes\t TransferDuration: 0 ms\n",
        "ingestionTime": 1745267019649,
        "eventId": "38920754946174960185498202552956692397486959556912283709"
    },
    {
        "logStreamName": "2025/04/21/[$LATEST]08feda5b76904688b68aa3df44cc7895",
        "timestamp": 1745267012371,
        "message": "[INFO] 2025-04-21T20:23:32GMT File tree_ORTHOMCL1861_Inner1.nexus already exists in local path. Skipping download.\n",
        "ingestionTime": 1745267019649,
        "eventId": "38920754946286463911490855668664370988850201364442185790"
    },
    {
        "logStreamName": "2025/04/21/[$LATEST]08feda5b76904688b68aa3df44cc7895",
        "timestamp": 1745267012371,
        "message": "[INFO]\t2025-04-21T20:23:32.371Z\t6ecd5c13-c5c6-43f1-a7c2-83c8c2053f28\tFile tree_ORTHOMCL1861_Inner1.nexus already exists in local path. Skipping download.\n",
        "ingestionTime": 1745267019649,
        "eventId": "38920754946286463911490855668664370988850201364442185791"
    },
    {
        "logStreamName": "2025/04/21/[$LATEST]08feda5b76904688b68aa3df44cc7895",
        "timestamp": 1745267012371,
        "message": "[INFO] 2025-04-21T20:23:32GMT FILE_TRANSFER RequestId: 6ecd5c13-c5c6-43f1-a7c2-83c8c2053f28\t TransferType: consumed\t Action: download_from_s3\t FileName: tree_ORTHOMCL1861_Inner1.nexus\t Bucket: denethor\t FilePath: subtree/tree_ORTHOMCL1861_Inner1.nexus\t FilePathLocal: /tmp/subtree\t FileSize: 185 bytes\t TransferDuration: 0 ms\n",
        "ingestionTime": 1745267019649,
        "eventId": "38920754946286463911490855668664370988850201364442185792"
    },
    {
        "logStreamName": "2025/04/21/[$LATEST]08feda5b76904688b68aa3df44cc7895",
        "timestamp": 1745267012371,
        "message": "[INFO]\t2025-04-21T20:23:32.371Z\t6ecd5c13-c5c6-43f1-a7c2-83c8c2053f28\tFILE_TRANSFER RequestId: 6ecd5c13-c5c6-43f1-a7c2-83c8c2053f28\t TransferType: consumed\t Action: download_from_s3\t FileName: tree_ORTHOMCL1861_Inner1.nexus\t Bucket: denethor\t FilePath: subtree/tree_ORTHOMCL1861_Inner1.nexus\t FilePathLocal: /tmp/subtree\t FileSize: 185 bytes\t TransferDuration: 0 ms\n",
        "ingestionTime": 1745267019649,
        "eventId": "38920754946286463911490855668664370988850201364442185793"
    },
    {
        "logStreamName": "2025/04/21/[$LATEST]08feda5b76904688b68aa3df44cc7895",
        "timestamp": 1745267012376,
        "message": "[INFO] 2025-04-21T20:23:32GMT File tree_ORTHOMCL1861_Inner2.nexus already exists in local path. Skipping download.\n",
        "ingestionTime": 1745267019649,
        "eventId": "38920754946397967637483508784372049580213443171972087874"
    },
    {
        "logStreamName": "2025/04/21/[$LATEST]08feda5b76904688b68aa3df44cc7895",
        "timestamp": 1745267012376,
        "message": "[INFO]\t2025-04-21T20:23:32.375Z\t6ecd5c13-c5c6-43f1-a7c2-83c8c2053f28\tFile tree_ORTHOMCL1861_Inner2.nexus already exists in local path. Skipping download.\n",
        "ingestionTime": 1745267019649,
        "eventId": "38920754946397967637483508784372049580213443171972087875"
    },
    {
        "logStreamName": "2025/04/21/[$LATEST]08feda5b76904688b68aa3df44cc7895",
        "timestamp": 1745267012376,
        "message": "[INFO] 2025-04-21T20:23:32GMT FILE_TRANSFER RequestId: 6ecd5c13-c5c6-43f1-a7c2-83c8c2053f28\t TransferType: consumed\t Action: download_from_s3\t FileName: tree_ORTHOMCL1861_Inner2.nexus\t Bucket: denethor\t FilePath: subtree/tree_ORTHOMCL1861_Inner2.nexus\t FilePathLocal: /tmp/subtree\t FileSize: 187 bytes\t TransferDuration: 0 ms\n",
        "ingestionTime": 1745267019649,
        "eventId": "38920754946397967637483508784372049580213443171972087876"
    },
    {
        "logStreamName": "2025/04/21/[$LATEST]08feda5b76904688b68aa3df44cc7895",
        "timestamp": 1745267012376,
        "message": "[INFO]\t2025-04-21T20:23:32.376Z\t6ecd5c13-c5c6-43f1-a7c2-83c8c2053f28\tFILE_TRANSFER RequestId: 6ecd5c13-c5c6-43f1-a7c2-83c8c2053f28\t TransferType: consumed\t Action: download_from_s3\t FileName: tree_ORTHOMCL1861_Inner2.nexus\t Bucket: denethor\t FilePath: subtree/tree_ORTHOMCL1861_Inner2.nexus\t FilePathLocal: /tmp/subtree\t FileSize: 187 bytes\t TransferDuration: 0 ms\n",
        "ingestionTime": 1745267019649,
        "eventId": "38920754946397967637483508784372049580213443171972087877"
    },
    {
        "logStreamName": "2025/04/21/[$LATEST]08feda5b76904688b68aa3df44cc7895",
        "timestamp": 1745267012381,
        "message": "[INFO] 2025-04-21T20:23:32GMT File tree_ORTHOMCL1861_Inner3.nexus already exists in local path. Skipping download.\n",
        "ingestionTime": 1745267019649,
        "eventId": "38920754946509471363476161900079728171576684979501989958"
    },
    {
        "logStreamName": "2025/04/21/[$LATEST]08feda5b76904688b68aa3df44cc7895",
        "timestamp": 1745267012381,
        "message": "[INFO]\t2025-04-21T20:23:32.380Z\t6ecd5c13-c5c6-43f1-a7c2-83c8c2053f28\tFile tree_ORTHOMCL1861_Inner3.nexus already exists in local path. Skipping download.\n",
        "ingestionTime": 1745267019649,
        "eventId": "38920754946509471363476161900079728171576684979501989959"
    },
    {
        "logStreamName": "2025/04/21/[$LATEST]08feda5b76904688b68aa3df44cc7895",
        "timestamp": 1745267012381,
        "message": "[INFO] 2025-04-21T20:23:32GMT FILE_TRANSFER RequestId: 6ecd5c13-c5c6-43f1-a7c2-83c8c2053f28\t TransferType: consumed\t Action: download_from_s3\t FileName: tree_ORTHOMCL1861_Inner3.nexus\t Bucket: denethor\t FilePath: subtree/tree_ORTHOMCL1861_Inner3.nexus\t FilePathLocal: /tmp/subtree\t FileSize: 349 bytes\t TransferDuration: 0 ms\n",
        "ingestionTime": 1745267019649,
        "eventId": "38920754946509471363476161900079728171576684979501989960"
    },
    {
        "logStreamName": "2025/04/21/[$LATEST]08feda5b76904688b68aa3df44cc7895",
        "timestamp": 1745267012381,
        "message": "[INFO]\t2025-04-21T20:23:32.381Z\t6ecd5c13-c5c6-43f1-a7c2-83c8c2053f28\tFILE_TRANSFER RequestId: 6ecd5c13-c5c6-43f1-a7c2-83c8c2053f28\t TransferType: consumed\t Action: download_from_s3\t FileName: tree_ORTHOMCL1861_Inner3.nexus\t Bucket: denethor\t FilePath: subtree/tree_ORTHOMCL1861_Inner3.nexus\t FilePathLocal: /tmp/subtree\t FileSize: 349 bytes\t TransferDuration: 0 ms\n",
        "ingestionTime": 1745267019649,
        "eventId": "38920754946509471363476161900079728171576684979501989961"
    },
    {
        "logStreamName": "2025/04/21/[$LATEST]08feda5b76904688b68aa3df44cc7895",
        "timestamp": 1745267012381,
        "message": "[INFO] 2025-04-21T20:23:32GMT CONSUMED_FILES_INFO RequestId: 6ecd5c13-c5c6-43f1-a7c2-83c8c2053f28\t FilesCount: 7 files\t FilesSize: 1757 bytes\t TransferDuration: 0 ms\t ConsumedFiles: ['tree_ORTHOMCL787_Inner1.nexus', 'tree_ORTHOMCL787_Inner2.nexus', 'tree_ORTHOMCL787_Inner3.nexus', 'tree_ORTHOMCL787_Inner4.nexus', 'tree_ORTHOMCL1861_Inner1.nexus', 'tree_ORTHOMCL1861_Inner2.nexus', 'tree_ORTHOMCL1861_Inner3.nexus']\n",
        "ingestionTime": 1745267019649,
        "eventId": "38920754946509471363476161900079728171576684979501989962"
    },
    {
        "logStreamName": "2025/04/21/[$LATEST]08feda5b76904688b68aa3df44cc7895",
        "timestamp": 1745267012381,
        "message": "[INFO]\t2025-04-21T20:23:32.381Z\t6ecd5c13-c5c6-43f1-a7c2-83c8c2053f28\tCONSUMED_FILES_INFO RequestId: 6ecd5c13-c5c6-43f1-a7c2-83c8c2053f28\t FilesCount: 7 files\t FilesSize: 1757 bytes\t TransferDuration: 0 ms\t ConsumedFiles: ['tree_ORTHOMCL787_Inner1.nexus', 'tree_ORTHOMCL787_Inner2.nexus', 'tree_ORTHOMCL787_Inner3.nexus', 'tree_ORTHOMCL787_Inner4.nexus', 'tree_ORTHOMCL1861_Inner1.nexus', 'tree_ORTHOMCL1861_Inner2.nexus', 'tree_ORTHOMCL1861_Inner3.nexus']\n",
        "ingestionTime": 1745267019649,
        "eventId": "38920754946509471363476161900079728171576684979501989963"
    },
    {
        "logStreamName": "2025/04/21/[$LATEST]08feda5b76904688b68aa3df44cc7895",
        "timestamp": 1745267012381,
        "message": "subtree_matrix: processing file tree_ORTHOMCL1861_Inner1.nexus of ['tree_ORTHOMCL1861_Inner1.nexus', 'tree_ORTHOMCL1861_Inner2.nexus', 'tree_ORTHOMCL1861_Inner3.nexus']\n",
        "ingestionTime": 1745267019649,
        "eventId": "38920754946509471363476161900079728171576684979501989964"
    },
    {
        "logStreamName": "2025/04/21/[$LATEST]08feda5b76904688b68aa3df44cc7895",
        "timestamp": 1745267012385,
        "message": "subtree_matrix: processing file tree_ORTHOMCL1861_Inner2.nexus of ['tree_ORTHOMCL1861_Inner1.nexus', 'tree_ORTHOMCL1861_Inner2.nexus', 'tree_ORTHOMCL1861_Inner3.nexus']\n",
        "ingestionTime": 1745267019649,
        "eventId": "38920754946598674344270284392645871044667278425525911629"
    },
    {
        "logStreamName": "2025/04/21/[$LATEST]08feda5b76904688b68aa3df44cc7895",
        "timestamp": 1745267012388,
        "message": "subtree_matrix: processing file tree_ORTHOMCL1861_Inner3.nexus of ['tree_ORTHOMCL1861_Inner1.nexus', 'tree_ORTHOMCL1861_Inner2.nexus', 'tree_ORTHOMCL1861_Inner3.nexus']\n",
        "ingestionTime": 1745267019649,
        "eventId": "38920754946665576579865876262070478199485223510043852878"
    },
    {
        "logStreamName": "2025/04/21/[$LATEST]08feda5b76904688b68aa3df44cc7895",
        "timestamp": 1745267012392,
        "message": "Tempo de construção do maf_database: 10.888560000012149 milissegundos\n",
        "ingestionTime": 1745267019649,
        "eventId": "38920754946754779560659998754636621072575816956067774543"
    },
    {
        "logStreamName": "2025/04/21/[$LATEST]08feda5b76904688b68aa3df44cc7895",
        "timestamp": 1745267012392,
        "message": "[INFO] 2025-04-21T20:23:32GMT MAF_DATABASE_CREATOR RequestId: 6ecd5c13-c5c6-43f1-a7c2-83c8c2053f28\t Duration: 10.888560000012149 ms\t InputSubtrees: ['tree_ORTHOMCL1861_Inner1.nexus', 'tree_ORTHOMCL1861_Inner2.nexus', 'tree_ORTHOMCL1861_Inner3.nexus']\t MafDatabaseFile: mafdb_71e9833f3ea4a65edd4eec8abc96b355dbbc4341d38f183a3772958d855c9a2a.json\n",
        "ingestionTime": 1745267019649,
        "eventId": "38920754946754779560659998754636621072575816956067774544"
    },
    {
        "logStreamName": "2025/04/21/[$LATEST]08feda5b76904688b68aa3df44cc7895",
        "timestamp": 1745267012392,
        "message": "[INFO]\t2025-04-21T20:23:32.392Z\t6ecd5c13-c5c6-43f1-a7c2-83c8c2053f28\tMAF_DATABASE_CREATOR RequestId: 6ecd5c13-c5c6-43f1-a7c2-83c8c2053f28\t Duration: 10.888560000012149 ms\t InputSubtrees: ['tree_ORTHOMCL1861_Inner1.nexus', 'tree_ORTHOMCL1861_Inner2.nexus', 'tree_ORTHOMCL1861_Inner3.nexus']\t MafDatabaseFile: mafdb_71e9833f3ea4a65edd4eec8abc96b355dbbc4341d38f183a3772958d855c9a2a.json\n",
        "ingestionTime": 1745267019649,
        "eventId": "38920754946754779560659998754636621072575816956067774545"
    },
    {
        "logStreamName": "2025/04/21/[$LATEST]08feda5b76904688b68aa3df44cc7895",
        "timestamp": 1745267012533,
        "message": "FILE_TRANSFER RequestId: 6ecd5c13-c5c6-43f1-a7c2-83c8c2053f28\t TransferType: produced\t Action: upload_to_s3\t FileName: mafdb_71e9833f3ea4a65edd4eec8abc96b355dbbc4341d38f183a3772958d855c9a2a.json\t Bucket: denethor\t FilePath: mafdb/mafdb_71e9833f3ea4a65edd4eec8abc96b355dbbc4341d38f183a3772958d855c9a2a.json\t LocalFilePath: /tmp/mafdb/mafdb_71e9833f3ea4a65edd4eec8abc96b355dbbc4341d38f183a3772958d855c9a2a.json\t FileSize: 194 bytes\t TransferDuration: 39.92737399994439 ms\n",
        "ingestionTime": 1745267019649,
        "eventId": "38920754949899184633652816617593157349019235928411013202"
    },
    {
        "logStreamName": "2025/04/21/[$LATEST]08feda5b76904688b68aa3df44cc7895",
        "timestamp": 1745267012533,
        "message": "PRODUCED_FILES_INFO RequestId: 6ecd5c13-c5c6-43f1-a7c2-83c8c2053f28\t FilesCount: 1 files\t FilesSize: 194 bytes\t TransferDuration: 39.92737399994439 ms\t Provider: aws_lambda\t  ProducedFiles: ['mafdb_71e9833f3ea4a65edd4eec8abc96b355dbbc4341d38f183a3772958d855c9a2a.json']\n",
        "ingestionTime": 1745267019649,
        "eventId": "38920754949899184633652816617593157349019235928411013203"
    },
    {
        "logStreamName": "2025/04/21/[$LATEST]08feda5b76904688b68aa3df44cc7895",
        "timestamp": 1745267012534,
        "message": "END RequestId: 6ecd5c13-c5c6-43f1-a7c2-83c8c2053f28\n",
        "ingestionTime": 1745267019649,
        "eventId": "38920754949921485378851347240734693067291884289916993620"
    },
    {
        "logStreamName": "2025/04/21/[$LATEST]08feda5b76904688b68aa3df44cc7895",
        "timestamp": 1745267012534,
        "message": "REPORT RequestId: 6ecd5c13-c5c6-43f1-a7c2-83c8c2053f28\tDuration: 186.12 ms\tBilled Duration: 187 ms\tMemory Size: 2048 MB\tMax Memory Used: 111 MB\t\n",
        "ingestionTime": 1745267019649,
        "eventId": "38920754949921485378851347240734693067291884289916993621"
    }
]