[
    {
        "logStreamName": "2025/04/22/[$LATEST]13c7359a4ffc4d7bbd2afe572f5fc2ad",
        "timestamp": 1745291041719,
        "message": "INIT_START Runtime Version: python:3.10.v64\tRuntime Version ARN: arn:aws:lambda:sa-east-1::runtime:d56bdc8857b2109a058de2ab50bfb80ac2aa600be6f7855a436859944e5fe54b\n",
        "ingestionTime": 1745291044846,
        "eventId": "38921290818653498732923009528373982868725955779577315328"
    },
    {
        "logStreamName": "2025/04/22/[$LATEST]13c7359a4ffc4d7bbd2afe572f5fc2ad",
        "timestamp": 1745291042458,
        "message": "START RequestId: 007e1e1a-8971-4edf-ac01-78b564665188 Version: $LATEST\n",
        "ingestionTime": 1745291044846,
        "eventId": "38921290835133749434637140029968878672213094932496842753"
    },
    {
        "logStreamName": "2025/04/22/[$LATEST]13c7359a4ffc4d7bbd2afe572f5fc2ad",
        "timestamp": 1745291042458,
        "message": "Directory /tmp/mafdb was created!\n",
        "ingestionTime": 1745291044846,
        "eventId": "38921290835133749434637140029968878672213094932496842754"
    },
    {
        "logStreamName": "2025/04/22/[$LATEST]13c7359a4ffc4d7bbd2afe572f5fc2ad",
        "timestamp": 1745291042554,
        "message": "FILE_TRANSFER RequestId: 007e1e1a-8971-4edf-ac01-78b564665188\t TransferType: consumed\t Action: download_from_s3\t FileName: mafdb_c3c2025f352d34b4b79a48619176577388b06f30619772ddea31df49ee988aff.json\t Bucket: denethor\t FilePath: mafdb/mafdb_c3c2025f352d34b4b79a48619176577388b06f30619772ddea31df49ee988aff.json\t LocalFilePath: /tmp/mafdb/mafdb_c3c2025f352d34b4b79a48619176577388b06f30619772ddea31df49ee988aff.json\t FileSize: 314 bytes\t TransferDuration: 95.6338930000129 ms\n",
        "ingestionTime": 1745291044846,
        "eventId": "38921290837274620973696079851556307626387337637070962691"
    },
    {
        "logStreamName": "2025/04/22/[$LATEST]13c7359a4ffc4d7bbd2afe572f5fc2ad",
        "timestamp": 1745291042607,
        "message": "FILE_TRANSFER RequestId: 007e1e1a-8971-4edf-ac01-78b564665188\t TransferType: consumed\t Action: download_from_s3\t FileName: mafdb_1d419943bc17a86fe648d8caad874862360b7c73c08c99b7c26040bc9939b002.json\t Bucket: denethor\t FilePath: mafdb/mafdb_1d419943bc17a86fe648d8caad874862360b7c73c08c99b7c26040bc9939b002.json\t LocalFilePath: /tmp/mafdb/mafdb_1d419943bc17a86fe648d8caad874862360b7c73c08c99b7c26040bc9939b002.json\t FileSize: 273 bytes\t TransferDuration: 52.52352999991672 ms\n",
        "ingestionTime": 1745291044846,
        "eventId": "38921290838456560469218202878057700694837700796887924740"
    },
    {
        "logStreamName": "2025/04/22/[$LATEST]13c7359a4ffc4d7bbd2afe572f5fc2ad",
        "timestamp": 1745291042689,
        "message": "FILE_TRANSFER RequestId: 007e1e1a-8971-4edf-ac01-78b564665188\t TransferType: consumed\t Action: download_from_s3\t FileName: mafdb_406ececbafe0a937f2a967e4dae5f862923efb2e1397870f6cc1ba8e050e1da7.json\t Bucket: denethor\t FilePath: mafdb/mafdb_406ececbafe0a937f2a967e4dae5f862923efb2e1397870f6cc1ba8e050e1da7.json\t LocalFilePath: /tmp/mafdb/mafdb_406ececbafe0a937f2a967e4dae5f862923efb2e1397870f6cc1ba8e050e1da7.json\t FileSize: 273 bytes\t TransferDuration: 81.92462900001374 ms\n",
        "ingestionTime": 1745291044846,
        "eventId": "38921290840285221575497713975663629593194866440378318853"
    },
    {
        "logStreamName": "2025/04/22/[$LATEST]13c7359a4ffc4d7bbd2afe572f5fc2ad",
        "timestamp": 1745291042755,
        "message": "FILE_TRANSFER RequestId: 007e1e1a-8971-4edf-ac01-78b564665188\t TransferType: consumed\t Action: download_from_s3\t FileName: mafdb_47fb2615fc585137c90363d35106c9022fdcc722571f7ed6d93a0e213c75c760.json\t Bucket: denethor\t FilePath: mafdb/mafdb_47fb2615fc585137c90363d35106c9022fdcc722571f7ed6d93a0e213c75c760.json\t LocalFilePath: /tmp/mafdb/mafdb_47fb2615fc585137c90363d35106c9022fdcc722571f7ed6d93a0e213c75c760.json\t FileSize: 273 bytes\t TransferDuration: 66.70992500005468 ms\n",
        "ingestionTime": 1745291044846,
        "eventId": "38921290841757070758600735103004986999189658299773026310"
    },
    {
        "logStreamName": "2025/04/22/[$LATEST]13c7359a4ffc4d7bbd2afe572f5fc2ad",
        "timestamp": 1745291042810,
        "message": "FILE_TRANSFER RequestId: 007e1e1a-8971-4edf-ac01-78b564665188\t TransferType: consumed\t Action: download_from_s3\t FileName: mafdb_68e664a9a27eba1488202e5ea16bb79aee50d9c2456068b25a29d7ca46c1450f.json\t Bucket: denethor\t FilePath: mafdb/mafdb_68e664a9a27eba1488202e5ea16bb79aee50d9c2456068b25a29d7ca46c1450f.json\t LocalFilePath: /tmp/mafdb/mafdb_68e664a9a27eba1488202e5ea16bb79aee50d9c2456068b25a29d7ca46c1450f.json\t FileSize: 273 bytes\t TransferDuration: 54.748698999901535 ms\n",
        "ingestionTime": 1745291044846,
        "eventId": "38921290842983611744519919375789451504185318182601949191"
    },
    {
        "logStreamName": "2025/04/22/[$LATEST]13c7359a4ffc4d7bbd2afe572f5fc2ad",
        "timestamp": 1745291042865,
        "message": "FILE_TRANSFER RequestId: 007e1e1a-8971-4edf-ac01-78b564665188\t TransferType: consumed\t Action: download_from_s3\t FileName: mafdb_ffac685782ba2ceabfc02088f70f3473d570818cc3d9c58c8979a425bc171247.json\t Bucket: denethor\t FilePath: mafdb/mafdb_ffac685782ba2ceabfc02088f70f3473d570818cc3d9c58c8979a425bc171247.json\t LocalFilePath: /tmp/mafdb/mafdb_ffac685782ba2ceabfc02088f70f3473d570818cc3d9c58c8979a425bc171247.json\t FileSize: 273 bytes\t TransferDuration: 54.86459999997351 ms\n",
        "ingestionTime": 1745291044846,
        "eventId": "38921290844210152730439103648573916009180978065430872072"
    },
    {
        "logStreamName": "2025/04/22/[$LATEST]13c7359a4ffc4d7bbd2afe572f5fc2ad",
        "timestamp": 1745291042929,
        "message": "FILE_TRANSFER RequestId: 007e1e1a-8971-4edf-ac01-78b564665188\t TransferType: consumed\t Action: download_from_s3\t FileName: mafdb_d7e79060050e13568977fc2c739b9eddf447a0cefe974cf809a00c1179f02def.json\t Bucket: denethor\t FilePath: mafdb/mafdb_d7e79060050e13568977fc2c739b9eddf447a0cefe974cf809a00c1179f02def.json\t LocalFilePath: /tmp/mafdb/mafdb_d7e79060050e13568977fc2c739b9eddf447a0cefe974cf809a00c1179f02def.json\t FileSize: 273 bytes\t TransferDuration: 63.82897599996795 ms\n",
        "ingestionTime": 1745291044846,
        "eventId": "38921290845637400423145063529632201978630473201813618697"
    },
    {
        "logStreamName": "2025/04/22/[$LATEST]13c7359a4ffc4d7bbd2afe572f5fc2ad",
        "timestamp": 1745291043000,
        "message": "FILE_TRANSFER RequestId: 007e1e1a-8971-4edf-ac01-78b564665188\t TransferType: consumed\t Action: download_from_s3\t FileName: mafdb_b61e3844996fd21e45a7d054f79694e53c5aede5327c90900ed7183119a56bfb.json\t Bucket: denethor\t FilePath: mafdb/mafdb_b61e3844996fd21e45a7d054f79694e53c5aede5327c90900ed7183119a56bfb.json\t LocalFilePath: /tmp/mafdb/mafdb_b61e3844996fd21e45a7d054f79694e53c5aede5327c90900ed7183119a56bfb.json\t FileSize: 273 bytes\t TransferDuration: 71.2543930000038 ms\n",
        "ingestionTime": 1745291044846,
        "eventId": "38921290847220753332240737772681237975988506868738228234"
    },
    {
        "logStreamName": "2025/04/22/[$LATEST]13c7359a4ffc4d7bbd2afe572f5fc2ad",
        "timestamp": 1745291043045,
        "message": "FILE_TRANSFER RequestId: 007e1e1a-8971-4edf-ac01-78b564665188\t TransferType: consumed\t Action: download_from_s3\t FileName: mafdb_f15d6d133941e8137799af5c1c04fc577dd74e96149a2ccd80e4f571114f20e3.json\t Bucket: denethor\t FilePath: mafdb/mafdb_f15d6d133941e8137799af5c1c04fc577dd74e96149a2ccd80e4f571114f20e3.json\t LocalFilePath: /tmp/mafdb/mafdb_f15d6d133941e8137799af5c1c04fc577dd74e96149a2ccd80e4f571114f20e3.json\t FileSize: 232 bytes\t TransferDuration: 44.610113999965506 ms\n",
        "ingestionTime": 1745291044846,
        "eventId": "38921290848224286866174615814050345298257683136507346955"
    },
    {
        "logStreamName": "2025/04/22/[$LATEST]13c7359a4ffc4d7bbd2afe572f5fc2ad",
        "timestamp": 1745291043088,
        "message": "FILE_TRANSFER RequestId: 007e1e1a-8971-4edf-ac01-78b564665188\t TransferType: consumed\t Action: download_from_s3\t FileName: mafdb_a2b1b534b2611b710744fb6756c33616a3588ee03d8aa6972d23e492b2c485de.json\t Bucket: denethor\t FilePath: mafdb/mafdb_a2b1b534b2611b710744fb6756c33616a3588ee03d8aa6972d23e492b2c485de.json\t LocalFilePath: /tmp/mafdb/mafdb_a2b1b534b2611b710744fb6756c33616a3588ee03d8aa6972d23e492b2c485de.json\t FileSize: 232 bytes\t TransferDuration: 42.78471300006004 ms\n",
        "ingestionTime": 1745291044846,
        "eventId": "38921290849183218909711432609136381183981562681264504844"
    },
    {
        "logStreamName": "2025/04/22/[$LATEST]13c7359a4ffc4d7bbd2afe572f5fc2ad",
        "timestamp": 1745291043157,
        "message": "FILE_TRANSFER RequestId: 007e1e1a-8971-4edf-ac01-78b564665188\t TransferType: consumed\t Action: download_from_s3\t FileName: mafdb_5bec77bc9d7c4d8fa3517dfa40512bc1eb17b502f07bd7ca8c55258b719bc02b.json\t Bucket: denethor\t FilePath: mafdb/mafdb_5bec77bc9d7c4d8fa3517dfa40512bc1eb17b502f07bd7ca8c55258b719bc02b.json\t LocalFilePath: /tmp/mafdb/mafdb_5bec77bc9d7c4d8fa3517dfa40512bc1eb17b502f07bd7ca8c55258b719bc02b.json\t FileSize: 232 bytes\t TransferDuration: 69.05734400004349 ms\n",
        "ingestionTime": 1745291044846,
        "eventId": "38921290850721970328410045605902345744794299625177153549"
    },
    {
        "logStreamName": "2025/04/22/[$LATEST]13c7359a4ffc4d7bbd2afe572f5fc2ad",
        "timestamp": 1745291043205,
        "message": "FILE_TRANSFER RequestId: 007e1e1a-8971-4edf-ac01-78b564665188\t TransferType: consumed\t Action: download_from_s3\t FileName: mafdb_2b5302c20981e36a3d85c97e2d12117774582905d95507fa3601d5c3760671f6.json\t Bucket: denethor\t FilePath: mafdb/mafdb_2b5302c20981e36a3d85c97e2d12117774582905d95507fa3601d5c3760671f6.json\t LocalFilePath: /tmp/mafdb/mafdb_2b5302c20981e36a3d85c97e2d12117774582905d95507fa3601d5c3760671f6.json\t FileSize: 232 bytes\t TransferDuration: 48.560952000002544 ms\n",
        "ingestionTime": 1745291044846,
        "eventId": "38921290851792406097939515516696060221881420977464213518"
    },
    {
        "logStreamName": "2025/04/22/[$LATEST]13c7359a4ffc4d7bbd2afe572f5fc2ad",
        "timestamp": 1745291043246,
        "message": "FILE_TRANSFER RequestId: 007e1e1a-8971-4edf-ac01-78b564665188\t TransferType: consumed\t Action: download_from_s3\t FileName: mafdb_bf6614cd56f098c5b75f97757054caf7ad0887c879d871d45b52d85ed0fd52d3.json\t Bucket: denethor\t FilePath: mafdb/mafdb_bf6614cd56f098c5b75f97757054caf7ad0887c879d871d45b52d85ed0fd52d3.json\t LocalFilePath: /tmp/mafdb/mafdb_bf6614cd56f098c5b75f97757054caf7ad0887c879d871d45b52d85ed0fd52d3.json\t FileSize: 232 bytes\t TransferDuration: 40.97996400003012 ms\n",
        "ingestionTime": 1745291044846,
        "eventId": "38921290852706736651079271065499024671060003799209410575"
    },
    {
        "logStreamName": "2025/04/22/[$LATEST]13c7359a4ffc4d7bbd2afe572f5fc2ad",
        "timestamp": 1745291043290,
        "message": "FILE_TRANSFER RequestId: 007e1e1a-8971-4edf-ac01-78b564665188\t TransferType: consumed\t Action: download_from_s3\t FileName: mafdb_fc2a84852f95eebd03a586abcf5a76c64db1efd965d2c472f2b8a03ed0c40edf.json\t Bucket: denethor\t FilePath: mafdb/mafdb_fc2a84852f95eebd03a586abcf5a76c64db1efd965d2c472f2b8a03ed0c40edf.json\t LocalFilePath: /tmp/mafdb/mafdb_fc2a84852f95eebd03a586abcf5a76c64db1efd965d2c472f2b8a03ed0c40edf.json\t FileSize: 232 bytes\t TransferDuration: 43.0398350000587 ms\n",
        "ingestionTime": 1745291044846,
        "eventId": "38921290853687969439814618483726596275056531705472548880"
    },
    {
        "logStreamName": "2025/04/22/[$LATEST]13c7359a4ffc4d7bbd2afe572f5fc2ad",
        "timestamp": 1745291043337,
        "message": "FILE_TRANSFER RequestId: 007e1e1a-8971-4edf-ac01-78b564665188\t TransferType: consumed\t Action: download_from_s3\t FileName: mafdb_0e058d65c1045889dfe83e83e2b201ec345ba3363065e06d8a12c525f818d8a7.json\t Bucket: denethor\t FilePath: mafdb/mafdb_0e058d65c1045889dfe83e83e2b201ec345ba3363065e06d8a12c525f818d8a7.json\t LocalFilePath: /tmp/mafdb/mafdb_0e058d65c1045889dfe83e83e2b201ec345ba3363065e06d8a12c525f818d8a7.json\t FileSize: 232 bytes\t TransferDuration: 47.722152000005735 ms\n",
        "ingestionTime": 1745291044846,
        "eventId": "38921290854736104464145557771378775033871004696253628433"
    },
    {
        "logStreamName": "2025/04/22/[$LATEST]13c7359a4ffc4d7bbd2afe572f5fc2ad",
        "timestamp": 1745291043433,
        "message": "FILE_TRANSFER RequestId: 007e1e1a-8971-4edf-ac01-78b564665188\t TransferType: consumed\t Action: download_from_s3\t FileName: mafdb_1dcf7383088dee8dd24da63dbe38a4ac08d22f21edec71bdb517c6ea9022f224.json\t Bucket: denethor\t FilePath: mafdb/mafdb_1dcf7383088dee8dd24da63dbe38a4ac08d22f21edec71bdb517c6ea9022f224.json\t LocalFilePath: /tmp/mafdb/mafdb_1dcf7383088dee8dd24da63dbe38a4ac08d22f21edec71bdb517c6ea9022f224.json\t FileSize: 232 bytes\t TransferDuration: 95.33759500004635 ms\n",
        "ingestionTime": 1745291044846,
        "eventId": "38921290856876976003204497592966203988045247400827748370"
    },
    {
        "logStreamName": "2025/04/22/[$LATEST]13c7359a4ffc4d7bbd2afe572f5fc2ad",
        "timestamp": 1745291043477,
        "message": "FILE_TRANSFER RequestId: 007e1e1a-8971-4edf-ac01-78b564665188\t TransferType: consumed\t Action: download_from_s3\t FileName: mafdb_028a779bdcb28d0db67ae99e8c383a2e5e0fd59fada6888e043db6f251521c76.json\t Bucket: denethor\t FilePath: mafdb/mafdb_028a779bdcb28d0db67ae99e8c383a2e5e0fd59fada6888e043db6f251521c76.json\t LocalFilePath: /tmp/mafdb/mafdb_028a779bdcb28d0db67ae99e8c383a2e5e0fd59fada6888e043db6f251521c76.json\t FileSize: 232 bytes\t TransferDuration: 44.67146399997546 ms\n",
        "ingestionTime": 1745291044846,
        "eventId": "38921290857858208791939845011193775592041775307090886675"
    },
    {
        "logStreamName": "2025/04/22/[$LATEST]13c7359a4ffc4d7bbd2afe572f5fc2ad",
        "timestamp": 1745291043519,
        "message": "FILE_TRANSFER RequestId: 007e1e1a-8971-4edf-ac01-78b564665188\t TransferType: consumed\t Action: download_from_s3\t FileName: mafdb_d8f88c2fd2b3dd961297ef4c35cbb2dc12d1e955b3804d1df6784eef89b553c5.json\t Bucket: denethor\t FilePath: mafdb/mafdb_d8f88c2fd2b3dd961297ef4c35cbb2dc12d1e955b3804d1df6784eef89b553c5.json\t LocalFilePath: /tmp/mafdb/mafdb_d8f88c2fd2b3dd961297ef4c35cbb2dc12d1e955b3804d1df6784eef89b553c5.json\t FileSize: 232 bytes\t TransferDuration: 41.37841400006437 ms\n",
        "ingestionTime": 1745291044846,
        "eventId": "38921290858794840090278131183138275759493006490342064148"
    },
    {
        "logStreamName": "2025/04/22/[$LATEST]13c7359a4ffc4d7bbd2afe572f5fc2ad",
        "timestamp": 1745291043561,
        "message": "FILE_TRANSFER RequestId: 007e1e1a-8971-4edf-ac01-78b564665188\t TransferType: consumed\t Action: download_from_s3\t FileName: mafdb_d9763115b2f7bbb170380eb0cf73c01c379877e17db9d20a5263916ed4781cf2.json\t Bucket: denethor\t FilePath: mafdb/mafdb_d9763115b2f7bbb170380eb0cf73c01c379877e17db9d20a5263916ed4781cf2.json\t LocalFilePath: /tmp/mafdb/mafdb_d9763115b2f7bbb170380eb0cf73c01c379877e17db9d20a5263916ed4781cf2.json\t FileSize: 232 bytes\t TransferDuration: 42.13949400002548 ms\n",
        "ingestionTime": 1745291044846,
        "eventId": "38921290859731471388616417355082775926944237673593241621"
    },
    {
        "logStreamName": "2025/04/22/[$LATEST]13c7359a4ffc4d7bbd2afe572f5fc2ad",
        "timestamp": 1745291043604,
        "message": "FILE_TRANSFER RequestId: 007e1e1a-8971-4edf-ac01-78b564665188\t TransferType: consumed\t Action: download_from_s3\t FileName: mafdb_61d06c5f6cb647c45e49e6fed379994aa1917c44d4f989fceae6c09f558582c8.json\t Bucket: denethor\t FilePath: mafdb/mafdb_61d06c5f6cb647c45e49e6fed379994aa1917c44d4f989fceae6c09f558582c8.json\t LocalFilePath: /tmp/mafdb/mafdb_61d06c5f6cb647c45e49e6fed379994aa1917c44d4f989fceae6c09f558582c8.json\t FileSize: 232 bytes\t TransferDuration: 43.36997400002929 ms\n",
        "ingestionTime": 1745291044846,
        "eventId": "38921290860690403432153234150168811812668117218350399510"
    },
    {
        "logStreamName": "2025/04/22/[$LATEST]13c7359a4ffc4d7bbd2afe572f5fc2ad",
        "timestamp": 1745291043644,
        "message": "FILE_TRANSFER RequestId: 007e1e1a-8971-4edf-ac01-78b564665188\t TransferType: consumed\t Action: download_from_s3\t FileName: mafdb_63c53df1d45cc497049844efbf882ebf787bdb18c69bc0d625bbf2f71424430b.json\t Bucket: denethor\t FilePath: mafdb/mafdb_63c53df1d45cc497049844efbf882ebf787bdb18c69bc0d625bbf2f71424430b.json\t LocalFilePath: /tmp/mafdb/mafdb_63c53df1d45cc497049844efbf882ebf787bdb18c69bc0d625bbf2f71424430b.json\t FileSize: 232 bytes\t TransferDuration: 39.18994499997552 ms\n",
        "ingestionTime": 1745291044846,
        "eventId": "38921290861582433240094459075830240543574051678589616151"
    },
    {
        "logStreamName": "2025/04/22/[$LATEST]13c7359a4ffc4d7bbd2afe572f5fc2ad",
        "timestamp": 1745291043694,
        "message": "FILE_TRANSFER RequestId: 007e1e1a-8971-4edf-ac01-78b564665188\t TransferType: consumed\t Action: download_from_s3\t FileName: mafdb_189694465e52809f6509269ecbf4093c7dba28229b686a1943d55421c969f8e4.json\t Bucket: denethor\t FilePath: mafdb/mafdb_189694465e52809f6509269ecbf4093c7dba28229b686a1943d55421c969f8e4.json\t LocalFilePath: /tmp/mafdb/mafdb_189694465e52809f6509269ecbf4093c7dba28229b686a1943d55421c969f8e4.json\t FileSize: 236 bytes\t TransferDuration: 50.27480100000048 ms\n",
        "ingestionTime": 1745291044846,
        "eventId": "38921290862697470500020990232907026457206469753888636952"
    },
    {
        "logStreamName": "2025/04/22/[$LATEST]13c7359a4ffc4d7bbd2afe572f5fc2ad",
        "timestamp": 1745291043736,
        "message": "FILE_TRANSFER RequestId: 007e1e1a-8971-4edf-ac01-78b564665188\t TransferType: consumed\t Action: download_from_s3\t FileName: mafdb_d8f27b52bb176ffe9ae04a4199d3cd7bad0db0e653726abeb7d7e0563bf138c8.json\t Bucket: denethor\t FilePath: mafdb/mafdb_d8f27b52bb176ffe9ae04a4199d3cd7bad0db0e653726abeb7d7e0563bf138c8.json\t LocalFilePath: /tmp/mafdb/mafdb_d8f27b52bb176ffe9ae04a4199d3cd7bad0db0e653726abeb7d7e0563bf138c8.json\t FileSize: 236 bytes\t TransferDuration: 41.566134000049715 ms\n",
        "ingestionTime": 1745291044846,
        "eventId": "38921290863634101798359276404851526624657700937139814425"
    },
    {
        "logStreamName": "2025/04/22/[$LATEST]13c7359a4ffc4d7bbd2afe572f5fc2ad",
        "timestamp": 1745291043781,
        "message": "FILE_TRANSFER RequestId: 007e1e1a-8971-4edf-ac01-78b564665188\t TransferType: consumed\t Action: download_from_s3\t FileName: mafdb_dec54fe08730fe655724b069720ea11971158bc178b484e71b3a129d8fb89851.json\t Bucket: denethor\t FilePath: mafdb/mafdb_dec54fe08730fe655724b069720ea11971158bc178b484e71b3a129d8fb89851.json\t LocalFilePath: /tmp/mafdb/mafdb_dec54fe08730fe655724b069720ea11971158bc178b484e71b3a129d8fb89851.json\t FileSize: 236 bytes\t TransferDuration: 45.574503000011646 ms\n",
        "ingestionTime": 1745291044846,
        "eventId": "38921290864637635332293154446220633946926877204908933146"
    },
    {
        "logStreamName": "2025/04/22/[$LATEST]13c7359a4ffc4d7bbd2afe572f5fc2ad",
        "timestamp": 1745291043854,
        "message": "FILE_TRANSFER RequestId: 007e1e1a-8971-4edf-ac01-78b564665188\t TransferType: consumed\t Action: download_from_s3\t FileName: mafdb_43869745aab3d63dfa68e4f287f1921924af17cf1395c9b35aca9cdc036d2b6a.json\t Bucket: denethor\t FilePath: mafdb/mafdb_43869745aab3d63dfa68e4f287f1921924af17cf1395c9b35aca9cdc036d2b6a.json\t LocalFilePath: /tmp/mafdb/mafdb_43869745aab3d63dfa68e4f287f1921924af17cf1395c9b35aca9cdc036d2b6a.json\t FileSize: 236 bytes\t TransferDuration: 72.2462919999316 ms\n",
        "ingestionTime": 1745291044846,
        "eventId": "38921290866265589731785889935552741380830207594845503515"
    },
    {
        "logStreamName": "2025/04/22/[$LATEST]13c7359a4ffc4d7bbd2afe572f5fc2ad",
        "timestamp": 1745291043899,
        "message": "FILE_TRANSFER RequestId: 007e1e1a-8971-4edf-ac01-78b564665188\t TransferType: consumed\t Action: download_from_s3\t FileName: mafdb_1bc211752a94b2c578560693e27c96c128aefdf6439e0fc20a27028f333f2ca9.json\t Bucket: denethor\t FilePath: mafdb/mafdb_1bc211752a94b2c578560693e27c96c128aefdf6439e0fc20a27028f333f2ca9.json\t LocalFilePath: /tmp/mafdb/mafdb_1bc211752a94b2c578560693e27c96c128aefdf6439e0fc20a27028f333f2ca9.json\t FileSize: 194 bytes\t TransferDuration: 45.638102999987495 ms\n",
        "ingestionTime": 1745291044846,
        "eventId": "38921290867269123265719767976921848703099383862614622236"
    },
    {
        "logStreamName": "2025/04/22/[$LATEST]13c7359a4ffc4d7bbd2afe572f5fc2ad",
        "timestamp": 1745291043946,
        "message": "FILE_TRANSFER RequestId: 007e1e1a-8971-4edf-ac01-78b564665188\t TransferType: consumed\t Action: download_from_s3\t FileName: mafdb_b57db58f6c445c0b4ca68af0b3818e52265d344a33b285d18aa8f71cb260f462.json\t Bucket: denethor\t FilePath: mafdb/mafdb_b57db58f6c445c0b4ca68af0b3818e52265d344a33b285d18aa8f71cb260f462.json\t LocalFilePath: /tmp/mafdb/mafdb_b57db58f6c445c0b4ca68af0b3818e52265d344a33b285d18aa8f71cb260f462.json\t FileSize: 194 bytes\t TransferDuration: 46.40305099997022 ms\n",
        "ingestionTime": 1745291044846,
        "eventId": "38921290868317258290050707264574027461913856853395701789"
    },
    {
        "logStreamName": "2025/04/22/[$LATEST]13c7359a4ffc4d7bbd2afe572f5fc2ad",
        "timestamp": 1745291044012,
        "message": "FILE_TRANSFER RequestId: 007e1e1a-8971-4edf-ac01-78b564665188\t TransferType: consumed\t Action: download_from_s3\t FileName: mafdb_4df624c06a94e147c4fa7506ee53c4f357552f4314c464fe76c7986b757849ff.json\t Bucket: denethor\t FilePath: mafdb/mafdb_4df624c06a94e147c4fa7506ee53c4f357552f4314c464fe76c7986b757849ff.json\t LocalFilePath: /tmp/mafdb/mafdb_4df624c06a94e147c4fa7506ee53c4f357552f4314c464fe76c7986b757849ff.json\t FileSize: 194 bytes\t TransferDuration: 66.3652450000427 ms\n",
        "ingestionTime": 1745291044846,
        "eventId": "38921290869789107473153728391915384867908648712790409246"
    },
    {
        "logStreamName": "2025/04/22/[$LATEST]13c7359a4ffc4d7bbd2afe572f5fc2ad",
        "timestamp": 1745291044073,
        "message": "FILE_TRANSFER RequestId: 007e1e1a-8971-4edf-ac01-78b564665188\t TransferType: consumed\t Action: download_from_s3\t FileName: mafdb_4d047d3111f7b0380efbd1a15e3b239694cdbec797511edb3c263b3a9488f2b6.json\t Bucket: denethor\t FilePath: mafdb/mafdb_4d047d3111f7b0380efbd1a15e3b239694cdbec797511edb3c263b3a9488f2b6.json\t LocalFilePath: /tmp/mafdb/mafdb_4d047d3111f7b0380efbd1a15e3b239694cdbec797511edb3c263b3a9488f2b6.json\t FileSize: 194 bytes\t TransferDuration: 61.24477700006992 ms\n",
        "ingestionTime": 1745291044846,
        "eventId": "38921290871149452930264096403549063682540198764655214623"
    },
    {
        "logStreamName": "2025/04/22/[$LATEST]13c7359a4ffc4d7bbd2afe572f5fc2ad",
        "timestamp": 1745291044139,
        "message": "FILE_TRANSFER RequestId: 007e1e1a-8971-4edf-ac01-78b564665188\t TransferType: consumed\t Action: download_from_s3\t FileName: mafdb_37dea20d1bd82fc6960cf8f7fbe3e00fb9a3d760314cead430ba59e0fcb172d7.json\t Bucket: denethor\t FilePath: mafdb/mafdb_37dea20d1bd82fc6960cf8f7fbe3e00fb9a3d760314cead430ba59e0fcb172d7.json\t LocalFilePath: /tmp/mafdb/mafdb_37dea20d1bd82fc6960cf8f7fbe3e00fb9a3d760314cead430ba59e0fcb172d7.json\t FileSize: 194 bytes\t TransferDuration: 65.48505499995372 ms\n",
        "ingestionTime": 1745291044846,
        "eventId": "38921290872621302113367117530890421088534990624049922080"
    },
    {
        "logStreamName": "2025/04/22/[$LATEST]13c7359a4ffc4d7bbd2afe572f5fc2ad",
        "timestamp": 1745291044189,
        "message": "FILE_TRANSFER RequestId: 007e1e1a-8971-4edf-ac01-78b564665188\t TransferType: consumed\t Action: download_from_s3\t FileName: mafdb_43903bd26b53b7749aa4d4e2dca35cc7b18a934b80aa8d1378a6ee59222171f8.json\t Bucket: denethor\t FilePath: mafdb/mafdb_43903bd26b53b7749aa4d4e2dca35cc7b18a934b80aa8d1378a6ee59222171f8.json\t LocalFilePath: /tmp/mafdb/mafdb_43903bd26b53b7749aa4d4e2dca35cc7b18a934b80aa8d1378a6ee59222171f8.json\t FileSize: 194 bytes\t TransferDuration: 49.43720099993243 ms\n",
        "ingestionTime": 1745291044846,
        "eventId": "38921290873736339373293648687967207002167408699348942881"
    },
    {
        "logStreamName": "2025/04/22/[$LATEST]13c7359a4ffc4d7bbd2afe572f5fc2ad",
        "timestamp": 1745291044239,
        "message": "FILE_TRANSFER RequestId: 007e1e1a-8971-4edf-ac01-78b564665188\t TransferType: consumed\t Action: download_from_s3\t FileName: mafdb_79343a1806e58013cbd06b4244510fd5300e52eeabfbadcc09a2ce93bb3c0569.json\t Bucket: denethor\t FilePath: mafdb/mafdb_79343a1806e58013cbd06b4244510fd5300e52eeabfbadcc09a2ce93bb3c0569.json\t LocalFilePath: /tmp/mafdb/mafdb_79343a1806e58013cbd06b4244510fd5300e52eeabfbadcc09a2ce93bb3c0569.json\t FileSize: 194 bytes\t TransferDuration: 50.875931000064156 ms\n",
        "ingestionTime": 1745291044846,
        "eventId": "38921290874851376633220179845043992915799826774647963682"
    },
    {
        "logStreamName": "2025/04/22/[$LATEST]13c7359a4ffc4d7bbd2afe572f5fc2ad",
        "timestamp": 1745291044285,
        "message": "FILE_TRANSFER RequestId: 007e1e1a-8971-4edf-ac01-78b564665188\t TransferType: consumed\t Action: download_from_s3\t FileName: mafdb_60830794f6f53770664103f1567db6e61129f4a168960ac78aa0f0b425eb5c40.json\t Bucket: denethor\t FilePath: mafdb/mafdb_60830794f6f53770664103f1567db6e61129f4a168960ac78aa0f0b425eb5c40.json\t LocalFilePath: /tmp/mafdb/mafdb_60830794f6f53770664103f1567db6e61129f4a168960ac78aa0f0b425eb5c40.json\t FileSize: 194 bytes\t TransferDuration: 45.56510299994443 ms\n",
        "ingestionTime": 1745291044846,
        "eventId": "38921290875877210912352588509554635956341651403923062819"
    },
    {
        "logStreamName": "2025/04/22/[$LATEST]13c7359a4ffc4d7bbd2afe572f5fc2ad",
        "timestamp": 1745291044330,
        "message": "FILE_TRANSFER RequestId: 007e1e1a-8971-4edf-ac01-78b564665188\t TransferType: consumed\t Action: download_from_s3\t FileName: mafdb_e5fe75557ba97201f45a575034b1cc166584507d1d2de38aeb4d649a324b5b67.json\t Bucket: denethor\t FilePath: mafdb/mafdb_e5fe75557ba97201f45a575034b1cc166584507d1d2de38aeb4d649a324b5b67.json\t LocalFilePath: /tmp/mafdb/mafdb_e5fe75557ba97201f45a575034b1cc166584507d1d2de38aeb4d649a324b5b67.json\t FileSize: 194 bytes\t TransferDuration: 44.85572199996568 ms\n",
        "ingestionTime": 1745291044846,
        "eventId": "38921290876880744446286466550923743278610827671692181540"
    },
    {
        "logStreamName": "2025/04/22/[$LATEST]13c7359a4ffc4d7bbd2afe572f5fc2ad",
        "timestamp": 1745291044384,
        "message": "FILE_TRANSFER RequestId: 007e1e1a-8971-4edf-ac01-78b564665188\t TransferType: consumed\t Action: download_from_s3\t FileName: mafdb_684954c3c4c1ce1b20012a3c92d8999a9ebafb3b23276c0d4c20aa772f01f4d3.json\t Bucket: denethor\t FilePath: mafdb/mafdb_684954c3c4c1ce1b20012a3c92d8999a9ebafb3b23276c0d4c20aa772f01f4d3.json\t LocalFilePath: /tmp/mafdb/mafdb_684954c3c4c1ce1b20012a3c92d8999a9ebafb3b23276c0d4c20aa772f01f4d3.json\t FileSize: 194 bytes\t TransferDuration: 54.179970000063804 ms\n",
        "ingestionTime": 1745291044846,
        "eventId": "38921290878084984687007120200566672065333839193015124005"
    },
    {
        "logStreamName": "2025/04/22/[$LATEST]13c7359a4ffc4d7bbd2afe572f5fc2ad",
        "timestamp": 1745291044433,
        "message": "FILE_TRANSFER RequestId: 007e1e1a-8971-4edf-ac01-78b564665188\t TransferType: consumed\t Action: download_from_s3\t FileName: mafdb_305aed4207bfb203de05969878a8e31d34cc6693adbcfb75bbdedf0e956b6491.json\t Bucket: denethor\t FilePath: mafdb/mafdb_305aed4207bfb203de05969878a8e31d34cc6693adbcfb75bbdedf0e956b6491.json\t LocalFilePath: /tmp/mafdb/mafdb_305aed4207bfb203de05969878a8e31d34cc6693adbcfb75bbdedf0e956b6491.json\t FileSize: 194 bytes\t TransferDuration: 48.51582200001303 ms\n",
        "ingestionTime": 1745291044846,
        "eventId": "38921290879177721201735120734501922260693608906808164390"
    },
    {
        "logStreamName": "2025/04/22/[$LATEST]13c7359a4ffc4d7bbd2afe572f5fc2ad",
        "timestamp": 1745291044474,
        "message": "FILE_TRANSFER RequestId: 007e1e1a-8971-4edf-ac01-78b564665188\t TransferType: consumed\t Action: download_from_s3\t FileName: mafdb_ef4846779bd2a38fad411bfd1dde1cf87f3cd8dc2a3a380cbaa750d43d785bd5.json\t Bucket: denethor\t FilePath: mafdb/mafdb_ef4846779bd2a38fad411bfd1dde1cf87f3cd8dc2a3a380cbaa750d43d785bd5.json\t LocalFilePath: /tmp/mafdb/mafdb_ef4846779bd2a38fad411bfd1dde1cf87f3cd8dc2a3a380cbaa750d43d785bd5.json\t FileSize: 194 bytes\t TransferDuration: 41.103105000047435 ms\n",
        "ingestionTime": 1745291044846,
        "eventId": "38921290880092051754874876283304886709872191728553361447"
    },
    {
        "logStreamName": "2025/04/22/[$LATEST]13c7359a4ffc4d7bbd2afe572f5fc2ad",
        "timestamp": 1745291044524,
        "message": "FILE_TRANSFER RequestId: 007e1e1a-8971-4edf-ac01-78b564665188\t TransferType: consumed\t Action: download_from_s3\t FileName: mafdb_d13d8392c181d2f5dc098cade47742329253676294944cbdff641de7c8a2942a.json\t Bucket: denethor\t FilePath: mafdb/mafdb_d13d8392c181d2f5dc098cade47742329253676294944cbdff641de7c8a2942a.json\t LocalFilePath: /tmp/mafdb/mafdb_d13d8392c181d2f5dc098cade47742329253676294944cbdff641de7c8a2942a.json\t FileSize: 194 bytes\t TransferDuration: 50.047452000058 ms\n",
        "ingestionTime": 1745291044846,
        "eventId": "38921290881207089014801407440381672623504609803852382248"
    },
    {
        "logStreamName": "2025/04/22/[$LATEST]13c7359a4ffc4d7bbd2afe572f5fc2ad",
        "timestamp": 1745291044564,
        "message": "FILE_TRANSFER RequestId: 007e1e1a-8971-4edf-ac01-78b564665188\t TransferType: consumed\t Action: download_from_s3\t FileName: mafdb_35ede6722fe824035d75d0534b754dd4b23ee9330ec089bb54db2128fededd5c.json\t Bucket: denethor\t FilePath: mafdb/mafdb_35ede6722fe824035d75d0534b754dd4b23ee9330ec089bb54db2128fededd5c.json\t LocalFilePath: /tmp/mafdb/mafdb_35ede6722fe824035d75d0534b754dd4b23ee9330ec089bb54db2128fededd5c.json\t FileSize: 194 bytes\t TransferDuration: 40.340845000059744 ms\n",
        "ingestionTime": 1745291044846,
        "eventId": "38921290882099118822742632366043101354410544264091598889"
    },
    {
        "logStreamName": "2025/04/22/[$LATEST]13c7359a4ffc4d7bbd2afe572f5fc2ad",
        "timestamp": 1745291044607,
        "message": "FILE_TRANSFER RequestId: 007e1e1a-8971-4edf-ac01-78b564665188\t TransferType: consumed\t Action: download_from_s3\t FileName: mafdb_ef77b5bbcb74907369670331730acab50985397195e028e2dc8b1e06b4c3f3d5.json\t Bucket: denethor\t FilePath: mafdb/mafdb_ef77b5bbcb74907369670331730acab50985397195e028e2dc8b1e06b4c3f3d5.json\t LocalFilePath: /tmp/mafdb/mafdb_ef77b5bbcb74907369670331730acab50985397195e028e2dc8b1e06b4c3f3d5.json\t FileSize: 194 bytes\t TransferDuration: 42.26896399995894 ms\n",
        "ingestionTime": 1745291044846,
        "eventId": "38921290883058050866279449161129137240134423808848756778"
    },
    {
        "logStreamName": "2025/04/22/[$LATEST]13c7359a4ffc4d7bbd2afe572f5fc2ad",
        "timestamp": 1745291044607,
        "message": "CONSUMED_FILES_INFO RequestId: 007e1e1a-8971-4edf-ac01-78b564665188\t FilesCount: 40 files\t FilesSize: 9095 bytes\t TransferDuration: 2146.3186810002526 ms\t ConsumedFiles: ['mafdb_c3c2025f352d34b4b79a48619176577388b06f30619772ddea31df49ee988aff.json', 'mafdb_1d419943bc17a86fe648d8caad874862360b7c73c08c99b7c26040bc9939b002.json', 'mafdb_406ececbafe0a937f2a967e4dae5f862923efb2e1397870f6cc1ba8e050e1da7.json', 'mafdb_47fb2615fc585137c90363d35106c9022fdcc722571f7ed6d93a0e213c75c760.json', 'mafdb_68e664a9a27eba1488202e5ea16bb79aee50d9c2456068b25a29d7ca46c1450f.json', 'mafdb_ffac685782ba2ceabfc02088f70f3473d570818cc3d9c58c8979a425bc171247.json', 'mafdb_d7e79060050e13568977fc2c739b9eddf447a0cefe974cf809a00c1179f02def.json', 'mafdb_b61e3844996fd21e45a7d054f79694e53c5aede5327c90900ed7183119a56bfb.json', 'mafdb_f15d6d133941e8137799af5c1c04fc577dd74e96149a2ccd80e4f571114f20e3.json', 'mafdb_a2b1b534b2611b710744fb6756c33616a3588ee03d8aa6972d23e492b2c485de.json', 'mafdb_5bec77bc9d7c4d8fa3517dfa40512bc1eb17b502f07bd7ca8c55258b719bc02b.json', 'mafdb_2b5302c20981e36a3d85c97e2d12117774582905d95507fa3601d5c3760671f6.json', 'mafdb_bf6614cd56f098c5b75f97757054caf7ad0887c879d871d45b52d85ed0fd52d3.json', 'mafdb_fc2a84852f95eebd03a586abcf5a76c64db1efd965d2c472f2b8a03ed0c40edf.json', 'mafdb_0e058d65c1045889dfe83e83e2b201ec345ba3363065e06d8a12c525f818d8a7.json', 'mafdb_1dcf7383088dee8dd24da63dbe38a4ac08d22f21edec71bdb517c6ea9022f224.json', 'mafdb_028a779bdcb28d0db67ae99e8c383a2e5e0fd59fada6888e043db6f251521c76.json', 'mafdb_d8f88c2fd2b3dd961297ef4c35cbb2dc12d1e955b3804d1df6784eef89b553c5.json', 'mafdb_d9763115b2f7bbb170380eb0cf73c01c379877e17db9d20a5263916ed4781cf2.json', 'mafdb_61d06c5f6cb647c45e49e6fed379994aa1917c44d4f989fceae6c09f558582c8.json', 'mafdb_63c53df1d45cc497049844efbf882ebf787bdb18c69bc0d625bbf2f71424430b.json', 'mafdb_189694465e52809f6509269ecbf4093c7dba28229b686a1943d55421c969f8e4.json', 'mafdb_d8f27b52bb176ffe9ae04a4199d3cd7bad0db0e653726abeb7d7e0563bf138c8.json', 'mafdb_dec54fe08730fe655724b069720ea11971158bc178b484e71b3a129d8fb89851.json', 'mafdb_43869745aab3d63dfa68e4f287f1921924af17cf1395c9b35aca9cdc036d2b6a.json', 'mafdb_1bc211752a94b2c578560693e27c96c128aefdf6439e0fc20a27028f333f2ca9.json', 'mafdb_b57db58f6c445c0b4ca68af0b3818e52265d344a33b285d18aa8f71cb260f462.json', 'mafdb_4df624c06a94e147c4fa7506ee53c4f357552f4314c464fe76c7986b757849ff.json', 'mafdb_4d047d3111f7b0380efbd1a15e3b239694cdbec797511edb3c263b3a9488f2b6.json', 'mafdb_37dea20d1bd82fc6960cf8f7fbe3e00fb9a3d760314cead430ba59e0fcb172d7.json', 'mafdb_43903bd26b53b7749aa4d4e2dca35cc7b18a934b80aa8d1378a6ee59222171f8.json', 'mafdb_79343a1806e58013cbd06b4244510fd5300e52eeabfbadcc09a2ce93bb3c0569.json', 'mafdb_60830794f6f53770664103f1567db6e61129f4a168960ac78aa0f0b425eb5c40.json', 'mafdb_e5fe75557ba97201f45a575034b1cc166584507d1d2de38aeb4d649a324b5b67.json', 'mafdb_684954c3c4c1ce1b20012a3c92d8999a9ebafb3b23276c0d4c20aa772f01f4d3.json', 'mafdb_305aed4207bfb203de05969878a8e31d34cc6693adbcfb75bbdedf0e956b6491.json', 'mafdb_ef4846779bd2a38fad411bfd1dde1cf87f3cd8dc2a3a380cbaa750d43d785bd5.json', 'mafdb_d13d8392c181d2f5dc098cade47742329253676294944cbdff641de7c8a2942a.json', 'mafdb_35ede6722fe824035d75d0534b754dd4b23ee9330ec089bb54db2128fededd5c.json', 'mafdb_ef77b5bbcb74907369670331730acab50985397195e028e2dc8b1e06b4c3f3d5.json']\n",
        "ingestionTime": 1745291044846,
        "eventId": "38921290883058050866279449161129137240134423808848756779"
    },
    {
        "logStreamName": "2025/04/22/[$LATEST]13c7359a4ffc4d7bbd2afe572f5fc2ad",
        "timestamp": 1745291044609,
        "message": "[INFO]\t2025-04-22T03:04:04.609Z\t007e1e1a-8971-4edf-ac01-78b564665188\tMAF_DATABASE_AGGREGATOR RequestId: 007e1e1a-8971-4edf-ac01-78b564665188\t Duration: 1.7235690000916293 ms\t InputLength: 40\t MaxMaf: 0\t MafDatabase: {}\n",
        "ingestionTime": 1745291044846,
        "eventId": "38921290883102652356676510407412208676679720531860717612"
    },
    {
        "logStreamName": "2025/04/22/[$LATEST]13c7359a4ffc4d7bbd2afe572f5fc2ad",
        "timestamp": 1745291044609,
        "message": "[INFO] 2025-04-22T03:04:04GMT MAF_DATABASE_AGGREGATOR RequestId: 007e1e1a-8971-4edf-ac01-78b564665188\t Duration: 1.7235690000916293 ms\t InputLength: 40\t MaxMaf: 0\t MafDatabase: {}\n",
        "ingestionTime": 1745291044846,
        "eventId": "38921290883102652356676510407412208676679720531860717613"
    },
    {
        "logStreamName": "2025/04/22/[$LATEST]13c7359a4ffc4d7bbd2afe572f5fc2ad",
        "timestamp": 1745291044651,
        "message": "FILE_TRANSFER RequestId: 007e1e1a-8971-4edf-ac01-78b564665188\t TransferType: produced\t Action: upload_to_s3\t FileName: mafdb_1d358735e68b0f145ffb919bd2b792e1127c5e764a77e90cce6b99d8990f9954.json\t Bucket: denethor\t FilePath: mafdb/mafdb_1d358735e68b0f145ffb919bd2b792e1127c5e764a77e90cce6b99d8990f9954.json\t LocalFilePath: /tmp/mafdb/mafdb_1d358735e68b0f145ffb919bd2b792e1127c5e764a77e90cce6b99d8990f9954.json\t FileSize: 7859 bytes\t TransferDuration: 41.60622400002012 ms\n",
        "ingestionTime": 1745291044846,
        "eventId": "38921290884039283655014796579356708844130951715111895086"
    },
    {
        "logStreamName": "2025/04/22/[$LATEST]13c7359a4ffc4d7bbd2afe572f5fc2ad",
        "timestamp": 1745291044651,
        "message": "PRODUCED_FILES_INFO RequestId: 007e1e1a-8971-4edf-ac01-78b564665188\t FilesCount: 1 files\t FilesSize: 7859 bytes\t TransferDuration: 41.60622400002012 ms\t Provider: aws_lambda\t  ProducedFiles: ['mafdb_1d358735e68b0f145ffb919bd2b792e1127c5e764a77e90cce6b99d8990f9954.json']\n",
        "ingestionTime": 1745291044846,
        "eventId": "38921290884039283655014796579356708844130951715111895087"
    },
    {
        "logStreamName": "2025/04/22/[$LATEST]13c7359a4ffc4d7bbd2afe572f5fc2ad",
        "timestamp": 1745291044654,
        "message": "END RequestId: 007e1e1a-8971-4edf-ac01-78b564665188\n",
        "ingestionTime": 1745291044846,
        "eventId": "38921290884106185890610388448781315998948896799629836336"
    },
    {
        "logStreamName": "2025/04/22/[$LATEST]13c7359a4ffc4d7bbd2afe572f5fc2ad",
        "timestamp": 1745291044654,
        "message": "REPORT RequestId: 007e1e1a-8971-4edf-ac01-78b564665188\tDuration: 2196.21 ms\tBilled Duration: 2197 ms\tMemory Size: 1024 MB\tMax Memory Used: 107 MB\tInit Duration: 737.93 ms\t\n",
        "ingestionTime": 1745291044846,
        "eventId": "38921290884106185890610388448781315998948896799629836337"
    }
]