[
    {
        "logStreamName": "2025/04/22/[$LATEST]e26f31a545144426ba636db50f04520f",
        "timestamp": 1745315207104,
        "message": "INIT_START Runtime Version: python:3.10.v64\tRuntime Version ARN: arn:aws:lambda:sa-east-1::runtime:d56bdc8857b2109a058de2ab50bfb80ac2aa600be6f7855a436859944e5fe54b\n",
        "ingestionTime": 1745315207467,
        "eventId": "38921829724747008126865543859313884432257029159381893120"
    },
    {
        "logStreamName": "2025/04/22/[$LATEST]e26f31a545144426ba636db50f04520f",
        "timestamp": 1745315207842,
        "message": "START RequestId: 267584ed-6782-49be-85fd-4a736c938c14 Version: $LATEST\n",
        "ingestionTime": 1745315216857,
        "eventId": "38921829741204958083381143749118854290231666938402308096"
    },
    {
        "logStreamName": "2025/04/22/[$LATEST]e26f31a545144426ba636db50f04520f",
        "timestamp": 1745315207843,
        "message": "Directory /tmp/mafdb was created!\n",
        "ingestionTime": 1745315216857,
        "eventId": "38921829741227258828579674372260390008504315299908288513"
    },
    {
        "logStreamName": "2025/04/22/[$LATEST]e26f31a545144426ba636db50f04520f",
        "timestamp": 1745315207923,
        "message": "FILE_TRANSFER RequestId: 267584ed-6782-49be-85fd-4a736c938c14\t TransferType: consumed\t Action: download_from_s3\t FileName: mafdb_6f7a2b1116e6a791f68a03367473294792b679a6357b6789f3f993b1f83e2e80.json\t Bucket: denethor\t FilePath: mafdb/mafdb_6f7a2b1116e6a791f68a03367473294792b679a6357b6789f3f993b1f83e2e80.json\t LocalFilePath: /tmp/mafdb/mafdb_6f7a2b1116e6a791f68a03367473294792b679a6357b6789f3f993b1f83e2e80.json\t FileSize: 185 bytes\t TransferDuration: 79.78439099997559 ms\n",
        "ingestionTime": 1745315216857,
        "eventId": "38921829743011318444462124223583247470316184220386721794"
    },
    {
        "logStreamName": "2025/04/22/[$LATEST]e26f31a545144426ba636db50f04520f",
        "timestamp": 1745315207968,
        "message": "FILE_TRANSFER RequestId: 267584ed-6782-49be-85fd-4a736c938c14\t TransferType: consumed\t Action: download_from_s3\t FileName: mafdb_98e1a0698cbb3ad22654b18daf794e4cacd094e1e043d17e253b37083af465ed.json\t Bucket: denethor\t FilePath: mafdb/mafdb_98e1a0698cbb3ad22654b18daf794e4cacd094e1e043d17e253b37083af465ed.json\t LocalFilePath: /tmp/mafdb/mafdb_98e1a0698cbb3ad22654b18daf794e4cacd094e1e043d17e253b37083af465ed.json\t FileSize: 396 bytes\t TransferDuration: 44.90090100011912 ms\n",
        "ingestionTime": 1745315216857,
        "eventId": "38921829744014851978396002264952354792585360488155840515"
    },
    {
        "logStreamName": "2025/04/22/[$LATEST]e26f31a545144426ba636db50f04520f",
        "timestamp": 1745315208017,
        "message": "FILE_TRANSFER RequestId: 267584ed-6782-49be-85fd-4a736c938c14\t TransferType: consumed\t Action: download_from_s3\t FileName: mafdb_bd5d862db8f1d6b261aaeb3b8ecb83d67004ffb7524cb75c5f1f8454224f7c91.json\t Bucket: denethor\t FilePath: mafdb/mafdb_bd5d862db8f1d6b261aaeb3b8ecb83d67004ffb7524cb75c5f1f8454224f7c91.json\t LocalFilePath: /tmp/mafdb/mafdb_bd5d862db8f1d6b261aaeb3b8ecb83d67004ffb7524cb75c5f1f8454224f7c91.json\t FileSize: 355 bytes\t TransferDuration: 49.54720599994289 ms\n",
        "ingestionTime": 1745315216857,
        "eventId": "38921829745107588493124002798887604987945130201948880900"
    },
    {
        "logStreamName": "2025/04/22/[$LATEST]e26f31a545144426ba636db50f04520f",
        "timestamp": 1745315208063,
        "message": "FILE_TRANSFER RequestId: 267584ed-6782-49be-85fd-4a736c938c14\t TransferType: consumed\t Action: download_from_s3\t FileName: mafdb_7d398773bfc3e4435be56d8711457fd7fc190e97e32d7ec51a8a702e16118c4d.json\t Bucket: denethor\t FilePath: mafdb/mafdb_7d398773bfc3e4435be56d8711457fd7fc190e97e32d7ec51a8a702e16118c4d.json\t LocalFilePath: /tmp/mafdb/mafdb_7d398773bfc3e4435be56d8711457fd7fc190e97e32d7ec51a8a702e16118c4d.json\t FileSize: 355 bytes\t TransferDuration: 45.16865100003997 ms\n",
        "ingestionTime": 1745315216857,
        "eventId": "38921829746133422772256411463398248028486954831223980037"
    },
    {
        "logStreamName": "2025/04/22/[$LATEST]e26f31a545144426ba636db50f04520f",
        "timestamp": 1745315208105,
        "message": "FILE_TRANSFER RequestId: 267584ed-6782-49be-85fd-4a736c938c14\t TransferType: consumed\t Action: download_from_s3\t FileName: mafdb_c5b5a3a4bd54a110140df77527325958d257fc9b669bca89b332593540c1dc20.json\t Bucket: denethor\t FilePath: mafdb/mafdb_c5b5a3a4bd54a110140df77527325958d257fc9b669bca89b332593540c1dc20.json\t LocalFilePath: /tmp/mafdb/mafdb_c5b5a3a4bd54a110140df77527325958d257fc9b669bca89b332593540c1dc20.json\t FileSize: 273 bytes\t TransferDuration: 42.13686699995378 ms\n",
        "ingestionTime": 1745315216857,
        "eventId": "38921829747070054070594697635342748195938186014475157510"
    },
    {
        "logStreamName": "2025/04/22/[$LATEST]e26f31a545144426ba636db50f04520f",
        "timestamp": 1745315208148,
        "message": "FILE_TRANSFER RequestId: 267584ed-6782-49be-85fd-4a736c938c14\t TransferType: consumed\t Action: download_from_s3\t FileName: mafdb_c2a1e960932a069de5927d1067dde414f501136aba941befca2a4654e72bb08a.json\t Bucket: denethor\t FilePath: mafdb/mafdb_c2a1e960932a069de5927d1067dde414f501136aba941befca2a4654e72bb08a.json\t LocalFilePath: /tmp/mafdb/mafdb_c2a1e960932a069de5927d1067dde414f501136aba941befca2a4654e72bb08a.json\t FileSize: 273 bytes\t TransferDuration: 43.14620900004229 ms\n",
        "ingestionTime": 1745315216857,
        "eventId": "38921829748028986114131514430428784081662065559232315399"
    },
    {
        "logStreamName": "2025/04/22/[$LATEST]e26f31a545144426ba636db50f04520f",
        "timestamp": 1745315208197,
        "message": "FILE_TRANSFER RequestId: 267584ed-6782-49be-85fd-4a736c938c14\t TransferType: consumed\t Action: download_from_s3\t FileName: mafdb_49ad0997fa75ff9233f44bffe4f6033aaaf8676ed8f4cbac92057d25395497e6.json\t Bucket: denethor\t FilePath: mafdb/mafdb_49ad0997fa75ff9233f44bffe4f6033aaaf8676ed8f4cbac92057d25395497e6.json\t LocalFilePath: /tmp/mafdb/mafdb_49ad0997fa75ff9233f44bffe4f6033aaaf8676ed8f4cbac92057d25395497e6.json\t FileSize: 273 bytes\t TransferDuration: 48.658104999958596 ms\n",
        "ingestionTime": 1745315216857,
        "eventId": "38921829749121722628859514964364034277021835273025355784"
    },
    {
        "logStreamName": "2025/04/22/[$LATEST]e26f31a545144426ba636db50f04520f",
        "timestamp": 1745315208240,
        "message": "FILE_TRANSFER RequestId: 267584ed-6782-49be-85fd-4a736c938c14\t TransferType: consumed\t Action: download_from_s3\t FileName: mafdb_f871e6272680ce0853ce488fc481f480aa4e243fa14dd104803b05fb209cf094.json\t Bucket: denethor\t FilePath: mafdb/mafdb_f871e6272680ce0853ce488fc481f480aa4e243fa14dd104803b05fb209cf094.json\t LocalFilePath: /tmp/mafdb/mafdb_f871e6272680ce0853ce488fc481f480aa4e243fa14dd104803b05fb209cf094.json\t FileSize: 273 bytes\t TransferDuration: 43.1567289999748 ms\n",
        "ingestionTime": 1745315216857,
        "eventId": "38921829750080654672396331759450070162745714817782513673"
    },
    {
        "logStreamName": "2025/04/22/[$LATEST]e26f31a545144426ba636db50f04520f",
        "timestamp": 1745315208294,
        "message": "FILE_TRANSFER RequestId: 267584ed-6782-49be-85fd-4a736c938c14\t TransferType: consumed\t Action: download_from_s3\t FileName: mafdb_42b7a1940d80c9e5d1a1eb427219fad89ed0198775d719cc0f6171541419e487.json\t Bucket: denethor\t FilePath: mafdb/mafdb_42b7a1940d80c9e5d1a1eb427219fad89ed0198775d719cc0f6171541419e487.json\t LocalFilePath: /tmp/mafdb/mafdb_42b7a1940d80c9e5d1a1eb427219fad89ed0198775d719cc0f6171541419e487.json\t FileSize: 273 bytes\t TransferDuration: 53.8180910000392 ms\n",
        "ingestionTime": 1745315216857,
        "eventId": "38921829751284894913116985409092998949468726339105456138"
    },
    {
        "logStreamName": "2025/04/22/[$LATEST]e26f31a545144426ba636db50f04520f",
        "timestamp": 1745315208339,
        "message": "FILE_TRANSFER RequestId: 267584ed-6782-49be-85fd-4a736c938c14\t TransferType: consumed\t Action: download_from_s3\t FileName: mafdb_b61e3844996fd21e45a7d054f79694e53c5aede5327c90900ed7183119a56bfb.json\t Bucket: denethor\t FilePath: mafdb/mafdb_b61e3844996fd21e45a7d054f79694e53c5aede5327c90900ed7183119a56bfb.json\t LocalFilePath: /tmp/mafdb/mafdb_b61e3844996fd21e45a7d054f79694e53c5aede5327c90900ed7183119a56bfb.json\t FileSize: 273 bytes\t TransferDuration: 45.35790099998849 ms\n",
        "ingestionTime": 1745315216857,
        "eventId": "38921829752288428447050863450462106271737902606874574859"
    },
    {
        "logStreamName": "2025/04/22/[$LATEST]e26f31a545144426ba636db50f04520f",
        "timestamp": 1745315208378,
        "message": "FILE_TRANSFER RequestId: 267584ed-6782-49be-85fd-4a736c938c14\t TransferType: consumed\t Action: download_from_s3\t FileName: mafdb_7aa0e0772e1c689c49550813d4d69f69cf00ce1c31ded8e93e9d062016b4ea81.json\t Bucket: denethor\t FilePath: mafdb/mafdb_7aa0e0772e1c689c49550813d4d69f69cf00ce1c31ded8e93e9d062016b4ea81.json\t LocalFilePath: /tmp/mafdb/mafdb_7aa0e0772e1c689c49550813d4d69f69cf00ce1c31ded8e93e9d062016b4ea81.json\t FileSize: 273 bytes\t TransferDuration: 38.39387399989391 ms\n",
        "ingestionTime": 1745315216857,
        "eventId": "38921829753158157509793557752981999284371188705607811084"
    },
    {
        "logStreamName": "2025/04/22/[$LATEST]e26f31a545144426ba636db50f04520f",
        "timestamp": 1745315208420,
        "message": "FILE_TRANSFER RequestId: 267584ed-6782-49be-85fd-4a736c938c14\t TransferType: consumed\t Action: download_from_s3\t FileName: mafdb_a10de1e435f46b875ce088b70edd639bb15f15e47181e4a02fd1d3279f474a75.json\t Bucket: denethor\t FilePath: mafdb/mafdb_a10de1e435f46b875ce088b70edd639bb15f15e47181e4a02fd1d3279f474a75.json\t LocalFilePath: /tmp/mafdb/mafdb_a10de1e435f46b875ce088b70edd639bb15f15e47181e4a02fd1d3279f474a75.json\t FileSize: 273 bytes\t TransferDuration: 42.29010800008837 ms\n",
        "ingestionTime": 1745315216857,
        "eventId": "38921829754094788808131843924926499451822419888858988557"
    },
    {
        "logStreamName": "2025/04/22/[$LATEST]e26f31a545144426ba636db50f04520f",
        "timestamp": 1745315208459,
        "message": "FILE_TRANSFER RequestId: 267584ed-6782-49be-85fd-4a736c938c14\t TransferType: consumed\t Action: download_from_s3\t FileName: mafdb_baef90e470015ad8cbd57d9f360bf7d85807b59e2cd60cbcd58c003293486741.json\t Bucket: denethor\t FilePath: mafdb/mafdb_baef90e470015ad8cbd57d9f360bf7d85807b59e2cd60cbcd58c003293486741.json\t LocalFilePath: /tmp/mafdb/mafdb_baef90e470015ad8cbd57d9f360bf7d85807b59e2cd60cbcd58c003293486741.json\t FileSize: 232 bytes\t TransferDuration: 38.721963999932996 ms\n",
        "ingestionTime": 1745315216857,
        "eventId": "38921829754964517870874538227446392464455705987592224782"
    },
    {
        "logStreamName": "2025/04/22/[$LATEST]e26f31a545144426ba636db50f04520f",
        "timestamp": 1745315208498,
        "message": "FILE_TRANSFER RequestId: 267584ed-6782-49be-85fd-4a736c938c14\t TransferType: consumed\t Action: download_from_s3\t FileName: mafdb_07f2663350ea1ac790cef8d65d693e9f9a8a7ff3d9613fcbba8694ef3a437497.json\t Bucket: denethor\t FilePath: mafdb/mafdb_07f2663350ea1ac790cef8d65d693e9f9a8a7ff3d9613fcbba8694ef3a437497.json\t LocalFilePath: /tmp/mafdb/mafdb_07f2663350ea1ac790cef8d65d693e9f9a8a7ff3d9613fcbba8694ef3a437497.json\t FileSize: 232 bytes\t TransferDuration: 39.105053999946904 ms\n",
        "ingestionTime": 1745315216857,
        "eventId": "38921829755834246933617232529966285477088992086325461007"
    },
    {
        "logStreamName": "2025/04/22/[$LATEST]e26f31a545144426ba636db50f04520f",
        "timestamp": 1745315208546,
        "message": "FILE_TRANSFER RequestId: 267584ed-6782-49be-85fd-4a736c938c14\t TransferType: consumed\t Action: download_from_s3\t FileName: mafdb_5bec77bc9d7c4d8fa3517dfa40512bc1eb17b502f07bd7ca8c55258b719bc02b.json\t Bucket: denethor\t FilePath: mafdb/mafdb_5bec77bc9d7c4d8fa3517dfa40512bc1eb17b502f07bd7ca8c55258b719bc02b.json\t LocalFilePath: /tmp/mafdb/mafdb_5bec77bc9d7c4d8fa3517dfa40512bc1eb17b502f07bd7ca8c55258b719bc02b.json\t FileSize: 232 bytes\t TransferDuration: 48.28005500007748 ms\n",
        "ingestionTime": 1745315216857,
        "eventId": "38921829756904682703146702440759999954176113438612520976"
    },
    {
        "logStreamName": "2025/04/22/[$LATEST]e26f31a545144426ba636db50f04520f",
        "timestamp": 1745315208595,
        "message": "FILE_TRANSFER RequestId: 267584ed-6782-49be-85fd-4a736c938c14\t TransferType: consumed\t Action: download_from_s3\t FileName: mafdb_8bc6b1285675133cf71abced5feadde67801ce1183d48ccdfce4ad5c847e0d16.json\t Bucket: denethor\t FilePath: mafdb/mafdb_8bc6b1285675133cf71abced5feadde67801ce1183d48ccdfce4ad5c847e0d16.json\t LocalFilePath: /tmp/mafdb/mafdb_8bc6b1285675133cf71abced5feadde67801ce1183d48ccdfce4ad5c847e0d16.json\t FileSize: 232 bytes\t TransferDuration: 48.95718499983559 ms\n",
        "ingestionTime": 1745315216857,
        "eventId": "38921829757997419217874702974695250149535883152405561361"
    },
    {
        "logStreamName": "2025/04/22/[$LATEST]e26f31a545144426ba636db50f04520f",
        "timestamp": 1745315208640,
        "message": "FILE_TRANSFER RequestId: 267584ed-6782-49be-85fd-4a736c938c14\t TransferType: consumed\t Action: download_from_s3\t FileName: mafdb_1719bb211bc811b78f2b2552b36c500d404a9ba670915a8c816c3078a55e8987.json\t Bucket: denethor\t FilePath: mafdb/mafdb_1719bb211bc811b78f2b2552b36c500d404a9ba670915a8c816c3078a55e8987.json\t LocalFilePath: /tmp/mafdb/mafdb_1719bb211bc811b78f2b2552b36c500d404a9ba670915a8c816c3078a55e8987.json\t FileSize: 232 bytes\t TransferDuration: 44.3164999999226 ms\n",
        "ingestionTime": 1745315216857,
        "eventId": "38921829759000952751808581016064357471805059420174680082"
    },
    {
        "logStreamName": "2025/04/22/[$LATEST]e26f31a545144426ba636db50f04520f",
        "timestamp": 1745315208710,
        "message": "FILE_TRANSFER RequestId: 267584ed-6782-49be-85fd-4a736c938c14\t TransferType: consumed\t Action: download_from_s3\t FileName: mafdb_a0bb27000c08353bd1576c76b737091f2d774cc5766e59661908d2047f1f9f55.json\t Bucket: denethor\t FilePath: mafdb/mafdb_a0bb27000c08353bd1576c76b737091f2d774cc5766e59661908d2047f1f9f55.json\t LocalFilePath: /tmp/mafdb/mafdb_a0bb27000c08353bd1576c76b737091f2d774cc5766e59661908d2047f1f9f55.json\t FileSize: 232 bytes\t TransferDuration: 69.95325999992019 ms\n",
        "ingestionTime": 1745315216857,
        "eventId": "38921829760562004915705724635971857750890444725593309203"
    },
    {
        "logStreamName": "2025/04/22/[$LATEST]e26f31a545144426ba636db50f04520f",
        "timestamp": 1745315208748,
        "message": "FILE_TRANSFER RequestId: 267584ed-6782-49be-85fd-4a736c938c14\t TransferType: consumed\t Action: download_from_s3\t FileName: mafdb_5f9438b2176a3f1de183e4e4beed7bba44407448bf813b980737577bbda05693.json\t Bucket: denethor\t FilePath: mafdb/mafdb_5f9438b2176a3f1de183e4e4beed7bba44407448bf813b980737577bbda05693.json\t LocalFilePath: /tmp/mafdb/mafdb_5f9438b2176a3f1de183e4e4beed7bba44407448bf813b980737577bbda05693.json\t FileSize: 232 bytes\t TransferDuration: 38.19158299984338 ms\n",
        "ingestionTime": 1745315216857,
        "eventId": "38921829761409433233249888315350215045251082462820565012"
    },
    {
        "logStreamName": "2025/04/22/[$LATEST]e26f31a545144426ba636db50f04520f",
        "timestamp": 1745315208797,
        "message": "FILE_TRANSFER RequestId: 267584ed-6782-49be-85fd-4a736c938c14\t TransferType: consumed\t Action: download_from_s3\t FileName: mafdb_96f411db25a5507e2f8c83f07de2e32793bb5c2b863cd4f9c33afc286860da9b.json\t Bucket: denethor\t FilePath: mafdb/mafdb_96f411db25a5507e2f8c83f07de2e32793bb5c2b863cd4f9c33afc286860da9b.json\t LocalFilePath: /tmp/mafdb/mafdb_96f411db25a5507e2f8c83f07de2e32793bb5c2b863cd4f9c33afc286860da9b.json\t FileSize: 232 bytes\t TransferDuration: 48.78488500003186 ms\n",
        "ingestionTime": 1745315216857,
        "eventId": "38921829762502169747977888849285465240610852176613605397"
    },
    {
        "logStreamName": "2025/04/22/[$LATEST]e26f31a545144426ba636db50f04520f",
        "timestamp": 1745315208844,
        "message": "FILE_TRANSFER RequestId: 267584ed-6782-49be-85fd-4a736c938c14\t TransferType: consumed\t Action: download_from_s3\t FileName: mafdb_b1978d4f3ece7886cd648bfa82f0db51363ff9b748ee97102aa3139423d1be64.json\t Bucket: denethor\t FilePath: mafdb/mafdb_b1978d4f3ece7886cd648bfa82f0db51363ff9b748ee97102aa3139423d1be64.json\t LocalFilePath: /tmp/mafdb/mafdb_b1978d4f3ece7886cd648bfa82f0db51363ff9b748ee97102aa3139423d1be64.json\t FileSize: 232 bytes\t TransferDuration: 47.26078399994549 ms\n",
        "ingestionTime": 1745315216857,
        "eventId": "38921829763550304772308828136937643999425325167394684950"
    },
    {
        "logStreamName": "2025/04/22/[$LATEST]e26f31a545144426ba636db50f04520f",
        "timestamp": 1745315208897,
        "message": "FILE_TRANSFER RequestId: 267584ed-6782-49be-85fd-4a736c938c14\t TransferType: consumed\t Action: download_from_s3\t FileName: mafdb_028a779bdcb28d0db67ae99e8c383a2e5e0fd59fada6888e043db6f251521c76.json\t Bucket: denethor\t FilePath: mafdb/mafdb_028a779bdcb28d0db67ae99e8c383a2e5e0fd59fada6888e043db6f251521c76.json\t LocalFilePath: /tmp/mafdb/mafdb_028a779bdcb28d0db67ae99e8c383a2e5e0fd59fada6888e043db6f251521c76.json\t FileSize: 232 bytes\t TransferDuration: 52.384268999958294 ms\n",
        "ingestionTime": 1745315216857,
        "eventId": "38921829764732244267830951163439037067875688327211646999"
    },
    {
        "logStreamName": "2025/04/22/[$LATEST]e26f31a545144426ba636db50f04520f",
        "timestamp": 1745315208941,
        "message": "FILE_TRANSFER RequestId: 267584ed-6782-49be-85fd-4a736c938c14\t TransferType: consumed\t Action: download_from_s3\t FileName: mafdb_076c9c757bf558a92d6744f8a09864a7bc11e5da777c7ae15a8572da59fdf706.json\t Bucket: denethor\t FilePath: mafdb/mafdb_076c9c757bf558a92d6744f8a09864a7bc11e5da777c7ae15a8572da59fdf706.json\t LocalFilePath: /tmp/mafdb/mafdb_076c9c757bf558a92d6744f8a09864a7bc11e5da777c7ae15a8572da59fdf706.json\t FileSize: 232 bytes\t TransferDuration: 44.66505100003815 ms\n",
        "ingestionTime": 1745315216857,
        "eventId": "38921829765713477056566298581666608671872216233474785304"
    },
    {
        "logStreamName": "2025/04/22/[$LATEST]e26f31a545144426ba636db50f04520f",
        "timestamp": 1745315208980,
        "message": "FILE_TRANSFER RequestId: 267584ed-6782-49be-85fd-4a736c938c14\t TransferType: consumed\t Action: download_from_s3\t FileName: mafdb_61d06c5f6cb647c45e49e6fed379994aa1917c44d4f989fceae6c09f558582c8.json\t Bucket: denethor\t FilePath: mafdb/mafdb_61d06c5f6cb647c45e49e6fed379994aa1917c44d4f989fceae6c09f558582c8.json\t LocalFilePath: /tmp/mafdb/mafdb_61d06c5f6cb647c45e49e6fed379994aa1917c44d4f989fceae6c09f558582c8.json\t FileSize: 232 bytes\t TransferDuration: 38.74626399988301 ms\n",
        "ingestionTime": 1745315216857,
        "eventId": "38921829766583206119308992884186501684505502332208021529"
    },
    {
        "logStreamName": "2025/04/22/[$LATEST]e26f31a545144426ba636db50f04520f",
        "timestamp": 1745315209026,
        "message": "FILE_TRANSFER RequestId: 267584ed-6782-49be-85fd-4a736c938c14\t TransferType: consumed\t Action: download_from_s3\t FileName: mafdb_3f39c4961a0fcb5dacda7fdb89b2d0ebbaf953f20134fdb2d43aa99c3b398820.json\t Bucket: denethor\t FilePath: mafdb/mafdb_3f39c4961a0fcb5dacda7fdb89b2d0ebbaf953f20134fdb2d43aa99c3b398820.json\t LocalFilePath: /tmp/mafdb/mafdb_3f39c4961a0fcb5dacda7fdb89b2d0ebbaf953f20134fdb2d43aa99c3b398820.json\t FileSize: 236 bytes\t TransferDuration: 45.98794200001066 ms\n",
        "ingestionTime": 1745315216857,
        "eventId": "38921829767609040398441401548697144725047326961483120666"
    },
    {
        "logStreamName": "2025/04/22/[$LATEST]e26f31a545144426ba636db50f04520f",
        "timestamp": 1745315209068,
        "message": "FILE_TRANSFER RequestId: 267584ed-6782-49be-85fd-4a736c938c14\t TransferType: consumed\t Action: download_from_s3\t FileName: mafdb_c8628e7d7833590863c05945da0a15b09c0de52179e14bd524127f896a661506.json\t Bucket: denethor\t FilePath: mafdb/mafdb_c8628e7d7833590863c05945da0a15b09c0de52179e14bd524127f896a661506.json\t LocalFilePath: /tmp/mafdb/mafdb_c8628e7d7833590863c05945da0a15b09c0de52179e14bd524127f896a661506.json\t FileSize: 236 bytes\t TransferDuration: 40.801236000106655 ms\n",
        "ingestionTime": 1745315216857,
        "eventId": "38921829768545671696779687720641644892498558144734298139"
    },
    {
        "logStreamName": "2025/04/22/[$LATEST]e26f31a545144426ba636db50f04520f",
        "timestamp": 1745315209108,
        "message": "FILE_TRANSFER RequestId: 267584ed-6782-49be-85fd-4a736c938c14\t TransferType: consumed\t Action: download_from_s3\t FileName: mafdb_3b4259b136e5e067f460a57ff21fd5c531cf82501ea56dcbb754d3f18d8bf7b8.json\t Bucket: denethor\t FilePath: mafdb/mafdb_3b4259b136e5e067f460a57ff21fd5c531cf82501ea56dcbb754d3f18d8bf7b8.json\t LocalFilePath: /tmp/mafdb/mafdb_3b4259b136e5e067f460a57ff21fd5c531cf82501ea56dcbb754d3f18d8bf7b8.json\t FileSize: 236 bytes\t TransferDuration: 40.51779600013106 ms\n",
        "ingestionTime": 1745315216857,
        "eventId": "38921829769437701504720912646303073623404492604973514780"
    },
    {
        "logStreamName": "2025/04/22/[$LATEST]e26f31a545144426ba636db50f04520f",
        "timestamp": 1745315209162,
        "message": "FILE_TRANSFER RequestId: 267584ed-6782-49be-85fd-4a736c938c14\t TransferType: consumed\t Action: download_from_s3\t FileName: mafdb_0a8e580175a5a3df6e03961614b2b8cbb71dfdf569da590702b160aaf877127b.json\t Bucket: denethor\t FilePath: mafdb/mafdb_0a8e580175a5a3df6e03961614b2b8cbb71dfdf569da590702b160aaf877127b.json\t LocalFilePath: /tmp/mafdb/mafdb_0a8e580175a5a3df6e03961614b2b8cbb71dfdf569da590702b160aaf877127b.json\t FileSize: 236 bytes\t TransferDuration: 53.942461000133335 ms\n",
        "ingestionTime": 1745315216857,
        "eventId": "38921829770641941745441566295946002410127504126296457245"
    },
    {
        "logStreamName": "2025/04/22/[$LATEST]e26f31a545144426ba636db50f04520f",
        "timestamp": 1745315209198,
        "message": "FILE_TRANSFER RequestId: 267584ed-6782-49be-85fd-4a736c938c14\t TransferType: consumed\t Action: download_from_s3\t FileName: mafdb_4e1eee323294b31497381cadce8756e0c91a4a8f4488ecc02e34152dbd13d2c8.json\t Bucket: denethor\t FilePath: mafdb/mafdb_4e1eee323294b31497381cadce8756e0c91a4a8f4488ecc02e34152dbd13d2c8.json\t LocalFilePath: /tmp/mafdb/mafdb_4e1eee323294b31497381cadce8756e0c91a4a8f4488ecc02e34152dbd13d2c8.json\t FileSize: 236 bytes\t TransferDuration: 36.52463200000966 ms\n",
        "ingestionTime": 1745315216857,
        "eventId": "38921829771444768572588668729041288267942845140511752222"
    },
    {
        "logStreamName": "2025/04/22/[$LATEST]e26f31a545144426ba636db50f04520f",
        "timestamp": 1745315209243,
        "message": "FILE_TRANSFER RequestId: 267584ed-6782-49be-85fd-4a736c938c14\t TransferType: consumed\t Action: download_from_s3\t FileName: mafdb_2cd07b4754913f8c45ff5e321c894937faa1dcee4409f0a9352ab164f3ab8dc2.json\t Bucket: denethor\t FilePath: mafdb/mafdb_2cd07b4754913f8c45ff5e321c894937faa1dcee4409f0a9352ab164f3ab8dc2.json\t LocalFilePath: /tmp/mafdb/mafdb_2cd07b4754913f8c45ff5e321c894937faa1dcee4409f0a9352ab164f3ab8dc2.json\t FileSize: 236 bytes\t TransferDuration: 44.99042099996586 ms\n",
        "ingestionTime": 1745315216857,
        "eventId": "38921829772448302106522546770410395590212021408280870943"
    },
    {
        "logStreamName": "2025/04/22/[$LATEST]e26f31a545144426ba636db50f04520f",
        "timestamp": 1745315209287,
        "message": "FILE_TRANSFER RequestId: 267584ed-6782-49be-85fd-4a736c938c14\t TransferType: consumed\t Action: download_from_s3\t FileName: mafdb_42c39b281fccc83198017a319f363d9a14901ad1e7f2e87df206a5e5a893b775.json\t Bucket: denethor\t FilePath: mafdb/mafdb_42c39b281fccc83198017a319f363d9a14901ad1e7f2e87df206a5e5a893b775.json\t LocalFilePath: /tmp/mafdb/mafdb_42c39b281fccc83198017a319f363d9a14901ad1e7f2e87df206a5e5a893b775.json\t FileSize: 236 bytes\t TransferDuration: 43.44505900007789 ms\n",
        "ingestionTime": 1745315216857,
        "eventId": "38921829773429534895257894188637967194208549314544009248"
    },
    {
        "logStreamName": "2025/04/22/[$LATEST]e26f31a545144426ba636db50f04520f",
        "timestamp": 1745315209330,
        "message": "FILE_TRANSFER RequestId: 267584ed-6782-49be-85fd-4a736c938c14\t TransferType: consumed\t Action: download_from_s3\t FileName: mafdb_d8f27b52bb176ffe9ae04a4199d3cd7bad0db0e653726abeb7d7e0563bf138c8.json\t Bucket: denethor\t FilePath: mafdb/mafdb_d8f27b52bb176ffe9ae04a4199d3cd7bad0db0e653726abeb7d7e0563bf138c8.json\t LocalFilePath: /tmp/mafdb/mafdb_d8f27b52bb176ffe9ae04a4199d3cd7bad0db0e653726abeb7d7e0563bf138c8.json\t FileSize: 236 bytes\t TransferDuration: 43.415519000063796 ms\n",
        "ingestionTime": 1745315216857,
        "eventId": "38921829774388466938794710983724003079932428859301167137"
    },
    {
        "logStreamName": "2025/04/22/[$LATEST]e26f31a545144426ba636db50f04520f",
        "timestamp": 1745315209365,
        "message": "FILE_TRANSFER RequestId: 267584ed-6782-49be-85fd-4a736c938c14\t TransferType: consumed\t Action: download_from_s3\t FileName: mafdb_6febe45619a64f41534b7849821df9e5f2a16cc6502a1d862c57cbd0c8b5d2df.json\t Bucket: denethor\t FilePath: mafdb/mafdb_6febe45619a64f41534b7849821df9e5f2a16cc6502a1d862c57cbd0c8b5d2df.json\t LocalFilePath: /tmp/mafdb/mafdb_6febe45619a64f41534b7849821df9e5f2a16cc6502a1d862c57cbd0c8b5d2df.json\t FileSize: 236 bytes\t TransferDuration: 34.423738999976194 ms\n",
        "ingestionTime": 1745315216857,
        "eventId": "38921829775168993020743282793677753219475121512010481698"
    },
    {
        "logStreamName": "2025/04/22/[$LATEST]e26f31a545144426ba636db50f04520f",
        "timestamp": 1745315209406,
        "message": "FILE_TRANSFER RequestId: 267584ed-6782-49be-85fd-4a736c938c14\t TransferType: consumed\t Action: download_from_s3\t FileName: mafdb_17282c44045cd04cec7b5d7a3e0512dd7a9b9a13307c311498bb91e52e2fe836.json\t Bucket: denethor\t FilePath: mafdb/mafdb_17282c44045cd04cec7b5d7a3e0512dd7a9b9a13307c311498bb91e52e2fe836.json\t LocalFilePath: /tmp/mafdb/mafdb_17282c44045cd04cec7b5d7a3e0512dd7a9b9a13307c311498bb91e52e2fe836.json\t FileSize: 236 bytes\t TransferDuration: 41.61657700001342 ms\n",
        "ingestionTime": 1745315216857,
        "eventId": "38921829776083323573883038342480717668653704333755678755"
    },
    {
        "logStreamName": "2025/04/22/[$LATEST]e26f31a545144426ba636db50f04520f",
        "timestamp": 1745315209455,
        "message": "FILE_TRANSFER RequestId: 267584ed-6782-49be-85fd-4a736c938c14\t TransferType: consumed\t Action: download_from_s3\t FileName: mafdb_5973609f30a5418d722dad186d12ca55876737215f0dc764dd048c27e245ccae.json\t Bucket: denethor\t FilePath: mafdb/mafdb_5973609f30a5418d722dad186d12ca55876737215f0dc764dd048c27e245ccae.json\t LocalFilePath: /tmp/mafdb/mafdb_5973609f30a5418d722dad186d12ca55876737215f0dc764dd048c27e245ccae.json\t FileSize: 236 bytes\t TransferDuration: 45.99590300017553 ms\n",
        "ingestionTime": 1745315216857,
        "eventId": "38921829777176060088611038876415967864013474047548719140"
    },
    {
        "logStreamName": "2025/04/22/[$LATEST]e26f31a545144426ba636db50f04520f",
        "timestamp": 1745315209496,
        "message": "FILE_TRANSFER RequestId: 267584ed-6782-49be-85fd-4a736c938c14\t TransferType: consumed\t Action: download_from_s3\t FileName: mafdb_00a3f572cc1fc8e5d20ab4dfb79235b5a032989fc11491f76265acd17bc9137b.json\t Bucket: denethor\t FilePath: mafdb/mafdb_00a3f572cc1fc8e5d20ab4dfb79235b5a032989fc11491f76265acd17bc9137b.json\t LocalFilePath: /tmp/mafdb/mafdb_00a3f572cc1fc8e5d20ab4dfb79235b5a032989fc11491f76265acd17bc9137b.json\t FileSize: 236 bytes\t TransferDuration: 43.37371900010112 ms\n",
        "ingestionTime": 1745315216857,
        "eventId": "38921829778090390641750794425218932313192056869293916197"
    },
    {
        "logStreamName": "2025/04/22/[$LATEST]e26f31a545144426ba636db50f04520f",
        "timestamp": 1745315209542,
        "message": "FILE_TRANSFER RequestId: 267584ed-6782-49be-85fd-4a736c938c14\t TransferType: consumed\t Action: download_from_s3\t FileName: mafdb_3c4715263643d510615654aef8ed8da557fffe96cf62eb913d276dfba2a90a55.json\t Bucket: denethor\t FilePath: mafdb/mafdb_3c4715263643d510615654aef8ed8da557fffe96cf62eb913d276dfba2a90a55.json\t LocalFilePath: /tmp/mafdb/mafdb_3c4715263643d510615654aef8ed8da557fffe96cf62eb913d276dfba2a90a55.json\t FileSize: 236 bytes\t TransferDuration: 45.86788300002809 ms\n",
        "ingestionTime": 1745315216857,
        "eventId": "38921829779116224920883203089729575353733881498569015334"
    },
    {
        "logStreamName": "2025/04/22/[$LATEST]e26f31a545144426ba636db50f04520f",
        "timestamp": 1745315209587,
        "message": "FILE_TRANSFER RequestId: 267584ed-6782-49be-85fd-4a736c938c14\t TransferType: consumed\t Action: download_from_s3\t FileName: mafdb_d654fe2f1d71c9b9393af17a389125cfb4f05a2ee4da5e63313ba90ce4460342.json\t Bucket: denethor\t FilePath: mafdb/mafdb_d654fe2f1d71c9b9393af17a389125cfb4f05a2ee4da5e63313ba90ce4460342.json\t LocalFilePath: /tmp/mafdb/mafdb_d654fe2f1d71c9b9393af17a389125cfb4f05a2ee4da5e63313ba90ce4460342.json\t FileSize: 194 bytes\t TransferDuration: 45.084411000061664 ms\n",
        "ingestionTime": 1745315216857,
        "eventId": "38921829780119758454817081131098682676003057766338134055"
    },
    {
        "logStreamName": "2025/04/22/[$LATEST]e26f31a545144426ba636db50f04520f",
        "timestamp": 1745315209629,
        "message": "FILE_TRANSFER RequestId: 267584ed-6782-49be-85fd-4a736c938c14\t TransferType: consumed\t Action: download_from_s3\t FileName: mafdb_3354b6f44ea673c65d7f9920a6f70d1a0387c5a7d1dc001ef280c56e00ed5b8c.json\t Bucket: denethor\t FilePath: mafdb/mafdb_3354b6f44ea673c65d7f9920a6f70d1a0387c5a7d1dc001ef280c56e00ed5b8c.json\t LocalFilePath: /tmp/mafdb/mafdb_3354b6f44ea673c65d7f9920a6f70d1a0387c5a7d1dc001ef280c56e00ed5b8c.json\t FileSize: 194 bytes\t TransferDuration: 41.66104700016149 ms\n",
        "ingestionTime": 1745315216857,
        "eventId": "38921829781056389753155367303043182843454288949589311528"
    },
    {
        "logStreamName": "2025/04/22/[$LATEST]e26f31a545144426ba636db50f04520f",
        "timestamp": 1745315209705,
        "message": "FILE_TRANSFER RequestId: 267584ed-6782-49be-85fd-4a736c938c14\t TransferType: consumed\t Action: download_from_s3\t FileName: mafdb_b01c70625d40044b20af14722564250f95f908a1e2ad6f32ed1c6589cfe47fc4.json\t Bucket: denethor\t FilePath: mafdb/mafdb_b01c70625d40044b20af14722564250f95f908a1e2ad6f32ed1c6589cfe47fc4.json\t LocalFilePath: /tmp/mafdb/mafdb_b01c70625d40044b20af14722564250f95f908a1e2ad6f32ed1c6589cfe47fc4.json\t FileSize: 194 bytes\t TransferDuration: 76.87804699980916 ms\n",
        "ingestionTime": 1745315216857,
        "eventId": "38921829782751246388243694661799897432175564424043823145"
    },
    {
        "logStreamName": "2025/04/22/[$LATEST]e26f31a545144426ba636db50f04520f",
        "timestamp": 1745315209743,
        "message": "FILE_TRANSFER RequestId: 267584ed-6782-49be-85fd-4a736c938c14\t TransferType: consumed\t Action: download_from_s3\t FileName: mafdb_8549b58233c57cc518f27f3d21b4551282ded33f8e0e846bc3ef39561d71f517.json\t Bucket: denethor\t FilePath: mafdb/mafdb_8549b58233c57cc518f27f3d21b4551282ded33f8e0e846bc3ef39561d71f517.json\t LocalFilePath: /tmp/mafdb/mafdb_8549b58233c57cc518f27f3d21b4551282ded33f8e0e846bc3ef39561d71f517.json\t FileSize: 194 bytes\t TransferDuration: 37.09768199996688 ms\n",
        "ingestionTime": 1745315216857,
        "eventId": "38921829783598674705787858341178254726536202161271078954"
    },
    {
        "logStreamName": "2025/04/22/[$LATEST]e26f31a545144426ba636db50f04520f",
        "timestamp": 1745315209789,
        "message": "FILE_TRANSFER RequestId: 267584ed-6782-49be-85fd-4a736c938c14\t TransferType: consumed\t Action: download_from_s3\t FileName: mafdb_0a39507586559708493bbf49d68595605a88ad4447c7dda2bb7808b0d368d0a6.json\t Bucket: denethor\t FilePath: mafdb/mafdb_0a39507586559708493bbf49d68595605a88ad4447c7dda2bb7808b0d368d0a6.json\t LocalFilePath: /tmp/mafdb/mafdb_0a39507586559708493bbf49d68595605a88ad4447c7dda2bb7808b0d368d0a6.json\t FileSize: 194 bytes\t TransferDuration: 45.935952000036195 ms\n",
        "ingestionTime": 1745315216857,
        "eventId": "38921829784624508984920267005688897767078026790546178091"
    },
    {
        "logStreamName": "2025/04/22/[$LATEST]e26f31a545144426ba636db50f04520f",
        "timestamp": 1745315209834,
        "message": "FILE_TRANSFER RequestId: 267584ed-6782-49be-85fd-4a736c938c14\t TransferType: consumed\t Action: download_from_s3\t FileName: mafdb_9e89a2d9626232c9cf6bb22415e28ee791fac0d91f5cb8de0762d9421c522216.json\t Bucket: denethor\t FilePath: mafdb/mafdb_9e89a2d9626232c9cf6bb22415e28ee791fac0d91f5cb8de0762d9421c522216.json\t LocalFilePath: /tmp/mafdb/mafdb_9e89a2d9626232c9cf6bb22415e28ee791fac0d91f5cb8de0762d9421c522216.json\t FileSize: 194 bytes\t TransferDuration: 45.29964100015604 ms\n",
        "ingestionTime": 1745315216857,
        "eventId": "38921829785628042518854145047058005089347203058315296812"
    },
    {
        "logStreamName": "2025/04/22/[$LATEST]e26f31a545144426ba636db50f04520f",
        "timestamp": 1745315209881,
        "message": "FILE_TRANSFER RequestId: 267584ed-6782-49be-85fd-4a736c938c14\t TransferType: consumed\t Action: download_from_s3\t FileName: mafdb_71e9833f3ea4a65edd4eec8abc96b355dbbc4341d38f183a3772958d855c9a2a.json\t Bucket: denethor\t FilePath: mafdb/mafdb_71e9833f3ea4a65edd4eec8abc96b355dbbc4341d38f183a3772958d855c9a2a.json\t LocalFilePath: /tmp/mafdb/mafdb_71e9833f3ea4a65edd4eec8abc96b355dbbc4341d38f183a3772958d855c9a2a.json\t FileSize: 194 bytes\t TransferDuration: 47.22291400003087 ms\n",
        "ingestionTime": 1745315216857,
        "eventId": "38921829786676177543185084334710183848161676049096376365"
    },
    {
        "logStreamName": "2025/04/22/[$LATEST]e26f31a545144426ba636db50f04520f",
        "timestamp": 1745315209923,
        "message": "FILE_TRANSFER RequestId: 267584ed-6782-49be-85fd-4a736c938c14\t TransferType: consumed\t Action: download_from_s3\t FileName: mafdb_9fea3d3367f7d31b187bb16dfbc03548461beefa3c49e595c6f3f6009461d8c2.json\t Bucket: denethor\t FilePath: mafdb/mafdb_9fea3d3367f7d31b187bb16dfbc03548461beefa3c49e595c6f3f6009461d8c2.json\t LocalFilePath: /tmp/mafdb/mafdb_9fea3d3367f7d31b187bb16dfbc03548461beefa3c49e595c6f3f6009461d8c2.json\t FileSize: 194 bytes\t TransferDuration: 41.7637170000944 ms\n",
        "ingestionTime": 1745315216857,
        "eventId": "38921829787612808841523370506654684015612907232347553838"
    },
    {
        "logStreamName": "2025/04/22/[$LATEST]e26f31a545144426ba636db50f04520f",
        "timestamp": 1745315209966,
        "message": "FILE_TRANSFER RequestId: 267584ed-6782-49be-85fd-4a736c938c14\t TransferType: consumed\t Action: download_from_s3\t FileName: mafdb_87f495a654f8fffa1d25955a84941edcdd31d3037b6c7f07d7c3e5849adb4c68.json\t Bucket: denethor\t FilePath: mafdb/mafdb_87f495a654f8fffa1d25955a84941edcdd31d3037b6c7f07d7c3e5849adb4c68.json\t LocalFilePath: /tmp/mafdb/mafdb_87f495a654f8fffa1d25955a84941edcdd31d3037b6c7f07d7c3e5849adb4c68.json\t FileSize: 194 bytes\t TransferDuration: 43.06166900005337 ms\n",
        "ingestionTime": 1745315216857,
        "eventId": "38921829788571740885060187301740719901336786777104711727"
    },
    {
        "logStreamName": "2025/04/22/[$LATEST]e26f31a545144426ba636db50f04520f",
        "timestamp": 1745315210009,
        "message": "FILE_TRANSFER RequestId: 267584ed-6782-49be-85fd-4a736c938c14\t TransferType: consumed\t Action: download_from_s3\t FileName: mafdb_ef4846779bd2a38fad411bfd1dde1cf87f3cd8dc2a3a380cbaa750d43d785bd5.json\t Bucket: denethor\t FilePath: mafdb/mafdb_ef4846779bd2a38fad411bfd1dde1cf87f3cd8dc2a3a380cbaa750d43d785bd5.json\t LocalFilePath: /tmp/mafdb/mafdb_ef4846779bd2a38fad411bfd1dde1cf87f3cd8dc2a3a380cbaa750d43d785bd5.json\t FileSize: 194 bytes\t TransferDuration: 43.281269000090106 ms\n",
        "ingestionTime": 1745315216857,
        "eventId": "38921829789530672928597004096826755787060666321861869616"
    },
    {
        "logStreamName": "2025/04/22/[$LATEST]e26f31a545144426ba636db50f04520f",
        "timestamp": 1745315210057,
        "message": "FILE_TRANSFER RequestId: 267584ed-6782-49be-85fd-4a736c938c14\t TransferType: consumed\t Action: download_from_s3\t FileName: mafdb_a1eedc391380a5657a304c22e8abeffea9d6dd787d36b21281414b4dc8af963a.json\t Bucket: denethor\t FilePath: mafdb/mafdb_a1eedc391380a5657a304c22e8abeffea9d6dd787d36b21281414b4dc8af963a.json\t LocalFilePath: /tmp/mafdb/mafdb_a1eedc391380a5657a304c22e8abeffea9d6dd787d36b21281414b4dc8af963a.json\t FileSize: 194 bytes\t TransferDuration: 47.01230399996348 ms\n",
        "ingestionTime": 1745315216857,
        "eventId": "38921829790601108698126474007620470264147787674148929585"
    },
    {
        "logStreamName": "2025/04/22/[$LATEST]e26f31a545144426ba636db50f04520f",
        "timestamp": 1745315210099,
        "message": "FILE_TRANSFER RequestId: 267584ed-6782-49be-85fd-4a736c938c14\t TransferType: consumed\t Action: download_from_s3\t FileName: mafdb_b68185c70cd2b2f6851e125ebe967c03331e2c7bb142d1bd978e8e475fd3780a.json\t Bucket: denethor\t FilePath: mafdb/mafdb_b68185c70cd2b2f6851e125ebe967c03331e2c7bb142d1bd978e8e475fd3780a.json\t LocalFilePath: /tmp/mafdb/mafdb_b68185c70cd2b2f6851e125ebe967c03331e2c7bb142d1bd978e8e475fd3780a.json\t FileSize: 194 bytes\t TransferDuration: 42.8219689999878 ms\n",
        "ingestionTime": 1745315216857,
        "eventId": "38921829791537739996464760179564970431599018857400107058"
    },
    {
        "logStreamName": "2025/04/22/[$LATEST]e26f31a545144426ba636db50f04520f",
        "timestamp": 1745315210138,
        "message": "FILE_TRANSFER RequestId: 267584ed-6782-49be-85fd-4a736c938c14\t TransferType: consumed\t Action: download_from_s3\t FileName: mafdb_fdfd9f2efea889252a132e0d03e501efa853be19ae07f257f05331fec285e8d0.json\t Bucket: denethor\t FilePath: mafdb/mafdb_fdfd9f2efea889252a132e0d03e501efa853be19ae07f257f05331fec285e8d0.json\t LocalFilePath: /tmp/mafdb/mafdb_fdfd9f2efea889252a132e0d03e501efa853be19ae07f257f05331fec285e8d0.json\t FileSize: 194 bytes\t TransferDuration: 38.407843999948454 ms\n",
        "ingestionTime": 1745315216857,
        "eventId": "38921829792407469059207454482084863444232304956133343283"
    },
    {
        "logStreamName": "2025/04/22/[$LATEST]e26f31a545144426ba636db50f04520f",
        "timestamp": 1745315210138,
        "message": "CONSUMED_FILES_INFO RequestId: 267584ed-6782-49be-85fd-4a736c938c14\t FilesCount: 50 files\t FilesSize: 11849 bytes\t TransferDuration: 2292.157240000506 ms\t ConsumedFiles: ['mafdb_6f7a2b1116e6a791f68a03367473294792b679a6357b6789f3f993b1f83e2e80.json', 'mafdb_98e1a0698cbb3ad22654b18daf794e4cacd094e1e043d17e253b37083af465ed.json', 'mafdb_bd5d862db8f1d6b261aaeb3b8ecb83d67004ffb7524cb75c5f1f8454224f7c91.json', 'mafdb_7d398773bfc3e4435be56d8711457fd7fc190e97e32d7ec51a8a702e16118c4d.json', 'mafdb_c5b5a3a4bd54a110140df77527325958d257fc9b669bca89b332593540c1dc20.json', 'mafdb_c2a1e960932a069de5927d1067dde414f501136aba941befca2a4654e72bb08a.json', 'mafdb_49ad0997fa75ff9233f44bffe4f6033aaaf8676ed8f4cbac92057d25395497e6.json', 'mafdb_f871e6272680ce0853ce488fc481f480aa4e243fa14dd104803b05fb209cf094.json', 'mafdb_42b7a1940d80c9e5d1a1eb427219fad89ed0198775d719cc0f6171541419e487.json', 'mafdb_b61e3844996fd21e45a7d054f79694e53c5aede5327c90900ed7183119a56bfb.json', 'mafdb_7aa0e0772e1c689c49550813d4d69f69cf00ce1c31ded8e93e9d062016b4ea81.json', 'mafdb_a10de1e435f46b875ce088b70edd639bb15f15e47181e4a02fd1d3279f474a75.json', 'mafdb_baef90e470015ad8cbd57d9f360bf7d85807b59e2cd60cbcd58c003293486741.json', 'mafdb_07f2663350ea1ac790cef8d65d693e9f9a8a7ff3d9613fcbba8694ef3a437497.json', 'mafdb_5bec77bc9d7c4d8fa3517dfa40512bc1eb17b502f07bd7ca8c55258b719bc02b.json', 'mafdb_8bc6b1285675133cf71abced5feadde67801ce1183d48ccdfce4ad5c847e0d16.json', 'mafdb_1719bb211bc811b78f2b2552b36c500d404a9ba670915a8c816c3078a55e8987.json', 'mafdb_a0bb27000c08353bd1576c76b737091f2d774cc5766e59661908d2047f1f9f55.json', 'mafdb_5f9438b2176a3f1de183e4e4beed7bba44407448bf813b980737577bbda05693.json', 'mafdb_96f411db25a5507e2f8c83f07de2e32793bb5c2b863cd4f9c33afc286860da9b.json', 'mafdb_b1978d4f3ece7886cd648bfa82f0db51363ff9b748ee97102aa3139423d1be64.json', 'mafdb_028a779bdcb28d0db67ae99e8c383a2e5e0fd59fada6888e043db6f251521c76.json', 'mafdb_076c9c757bf558a92d6744f8a09864a7bc11e5da777c7ae15a8572da59fdf706.json', 'mafdb_61d06c5f6cb647c45e49e6fed379994aa1917c44d4f989fceae6c09f558582c8.json', 'mafdb_3f39c4961a0fcb5dacda7fdb89b2d0ebbaf953f20134fdb2d43aa99c3b398820.json', 'mafdb_c8628e7d7833590863c05945da0a15b09c0de52179e14bd524127f896a661506.json', 'mafdb_3b4259b136e5e067f460a57ff21fd5c531cf82501ea56dcbb754d3f18d8bf7b8.json', 'mafdb_0a8e580175a5a3df6e03961614b2b8cbb71dfdf569da590702b160aaf877127b.json', 'mafdb_4e1eee323294b31497381cadce8756e0c91a4a8f4488ecc02e34152dbd13d2c8.json', 'mafdb_2cd07b4754913f8c45ff5e321c894937faa1dcee4409f0a9352ab164f3ab8dc2.json', 'mafdb_42c39b281fccc83198017a319f363d9a14901ad1e7f2e87df206a5e5a893b775.json', 'mafdb_d8f27b52bb176ffe9ae04a4199d3cd7bad0db0e653726abeb7d7e0563bf138c8.json', 'mafdb_6febe45619a64f41534b7849821df9e5f2a16cc6502a1d862c57cbd0c8b5d2df.json', 'mafdb_17282c44045cd04cec7b5d7a3e0512dd7a9b9a13307c311498bb91e52e2fe836.json', 'mafdb_5973609f30a5418d722dad186d12ca55876737215f0dc764dd048c27e245ccae.json', 'mafdb_00a3f572cc1fc8e5d20ab4dfb79235b5a032989fc11491f76265acd17bc9137b.json', 'mafdb_3c4715263643d510615654aef8ed8da557fffe96cf62eb913d276dfba2a90a55.json', 'mafdb_d654fe2f1d71c9b9393af17a389125cfb4f05a2ee4da5e63313ba90ce4460342.json', 'mafdb_3354b6f44ea673c65d7f9920a6f70d1a0387c5a7d1dc001ef280c56e00ed5b8c.json', 'mafdb_b01c70625d40044b20af14722564250f95f908a1e2ad6f32ed1c6589cfe47fc4.json', 'mafdb_8549b58233c57cc518f27f3d21b4551282ded33f8e0e846bc3ef39561d71f517.json', 'mafdb_0a39507586559708493bbf49d68595605a88ad4447c7dda2bb7808b0d368d0a6.json', 'mafdb_9e89a2d9626232c9cf6bb22415e28ee791fac0d91f5cb8de0762d9421c522216.json', 'mafdb_71e9833f3ea4a65edd4eec8abc96b355dbbc4341d38f183a3772958d855c9a2a.json', 'mafdb_9fea3d3367f7d31b187bb16dfbc03548461beefa3c49e595c6f3f6009461d8c2.json', 'mafdb_87f495a654f8fffa1d25955a84941edcdd31d3037b6c7f07d7c3e5849adb4c68.json', 'mafdb_ef4846779bd2a38fad411bfd1dde1cf87f3cd8dc2a3a380cbaa750d43d785bd5.json', 'mafdb_a1eedc391380a5657a304c22e8abeffea9d6dd787d36b21281414b4dc8af963a.json', 'mafdb_b68185c70cd2b2f6851e125ebe967c03331e2c7bb142d1bd978e8e475fd3780a.json', 'mafdb_fdfd9f2efea889252a132e0d03e501efa853be19ae07f257f05331fec285e8d0.json']\n",
        "ingestionTime": 1745315216857,
        "eventId": "38921829792407469059207454482084863444232304956133343284"
    },
    {
        "logStreamName": "2025/04/22/[$LATEST]e26f31a545144426ba636db50f04520f",
        "timestamp": 1745315210141,
        "message": "[INFO] 2025-04-22T09:46:50GMT MAF_DATABASE_AGGREGATOR RequestId: 267584ed-6782-49be-85fd-4a736c938c14\t Duration: 2.095951999990575 ms\t InputLength: 50\t MaxMaf: 0\t MafDatabase: {}\n",
        "ingestionTime": 1745315216857,
        "eventId": "38921829792474371294803046351509470599050250040651284533"
    },
    {
        "logStreamName": "2025/04/22/[$LATEST]e26f31a545144426ba636db50f04520f",
        "timestamp": 1745315210141,
        "message": "[INFO]\t2025-04-22T09:46:50.141Z\t267584ed-6782-49be-85fd-4a736c938c14\tMAF_DATABASE_AGGREGATOR RequestId: 267584ed-6782-49be-85fd-4a736c938c14\t Duration: 2.095951999990575 ms\t InputLength: 50\t MaxMaf: 0\t MafDatabase: {}\n",
        "ingestionTime": 1745315216857,
        "eventId": "38921829792474371294803046351509470599050250040651284534"
    },
    {
        "logStreamName": "2025/04/22/[$LATEST]e26f31a545144426ba636db50f04520f",
        "timestamp": 1745315210211,
        "message": "FILE_TRANSFER RequestId: 267584ed-6782-49be-85fd-4a736c938c14\t TransferType: produced\t Action: upload_to_s3\t FileName: mafdb_7b2b8d33f3a9d55b6b5e6998419748f2f05c7c387a4e5bbcdb9d3e95f43dea7f.json\t Bucket: denethor\t FilePath: mafdb/mafdb_7b2b8d33f3a9d55b6b5e6998419748f2f05c7c387a4e5bbcdb9d3e95f43dea7f.json\t LocalFilePath: /tmp/mafdb/mafdb_7b2b8d33f3a9d55b6b5e6998419748f2f05c7c387a4e5bbcdb9d3e95f43dea7f.json\t FileSize: 10333 bytes\t TransferDuration: 70.24367900021389 ms\n",
        "ingestionTime": 1745315216857,
        "eventId": "38921829794035423458700189971416970878135635346069913655"
    },
    {
        "logStreamName": "2025/04/22/[$LATEST]e26f31a545144426ba636db50f04520f",
        "timestamp": 1745315210211,
        "message": "PRODUCED_FILES_INFO RequestId: 267584ed-6782-49be-85fd-4a736c938c14\t FilesCount: 1 files\t FilesSize: 10333 bytes\t TransferDuration: 70.24367900021389 ms\t Provider: aws_lambda\t  ProducedFiles: ['mafdb_7b2b8d33f3a9d55b6b5e6998419748f2f05c7c387a4e5bbcdb9d3e95f43dea7f.json']\n",
        "ingestionTime": 1745315216857,
        "eventId": "38921829794035423458700189971416970878135635346069913656"
    },
    {
        "logStreamName": "2025/04/22/[$LATEST]e26f31a545144426ba636db50f04520f",
        "timestamp": 1745315210214,
        "message": "END RequestId: 267584ed-6782-49be-85fd-4a736c938c14\n",
        "ingestionTime": 1745315216857,
        "eventId": "38921829794102325694295781840841578032953580430587854905"
    },
    {
        "logStreamName": "2025/04/22/[$LATEST]e26f31a545144426ba636db50f04520f",
        "timestamp": 1745315210214,
        "message": "REPORT RequestId: 267584ed-6782-49be-85fd-4a736c938c14\tDuration: 2371.78 ms\tBilled Duration: 2372 ms\tMemory Size: 2048 MB\tMax Memory Used: 108 MB\tInit Duration: 737.58 ms\t\n",
        "ingestionTime": 1745315216857,
        "eventId": "38921829794102325694295781840841578032953580430587854906"
    }
]