[INFO] 2025-04-24T19:15:27.206Z START RequestId: uuid_b8ec19d4_8b92_4f5c_be67_e237a85b385c	 Activity: subtree_constructor	 Provider: aws_ec2
[INFO] 2025-04-24T19:15:27.206Z FILE_TRANSFER RequestId: uuid_b8ec19d4_8b92_4f5c_be67_e237a85b385c	 TransferType: consumed	 Action: download_from_s3	 FileName: tree_ORTHOMCL1.nexus	 Bucket: denethor	 FilePath: tree/tree_ORTHOMCL1.nexus	 FilePathLocal: .tmp/tree	 FileSize: 339 bytes	 TransferDuration: 0 ms
[INFO] 2025-04-24T19:15:27.206Z CONSUMED_FILES_INFO RequestId: uuid_b8ec19d4_8b92_4f5c_be67_e237a85b385c	 FilesCount: 1 files	 FilesSize: 339 bytes	 TransferDuration: 0 ms	 ConsumedFiles: ['tree_ORTHOMCL1.nexus']
[INFO] 2025-04-24T19:15:27.208Z SUBTREE_CONSTRUCTOR RequestId: uuid_b8ec19d4_8b92_4f5c_be67_e237a85b385c	 Duration: 1.2908268254250288 ms	 InputTree: ['tree_ORTHOMCL1.nexus']	 OutputSubtrees: ['tree_ORTHOMCL1_Inner1.nexus', 'tree_ORTHOMCL1_Inner2.nexus', 'tree_ORTHOMCL1_Inner3.nexus']
[INFO] 2025-04-24T19:15:27.308Z FILE_TRANSFER RequestId: uuid_b8ec19d4_8b92_4f5c_be67_e237a85b385c	 TransferType: produced	 Action: upload_to_s3	 FileName: tree_ORTHOMCL1_Inner1.nexus	 Bucket: denethor	 FilePath: subtree/tree_ORTHOMCL1_Inner1.nexus	 FilePathLocal: .tmp/subtree/tree_ORTHOMCL1_Inner1.nexus	 FileSize: 185 bytes	 TransferDuration: 0 ms
[INFO] 2025-04-24T19:15:27.308Z FILE_TRANSFER RequestId: uuid_b8ec19d4_8b92_4f5c_be67_e237a85b385c	 TransferType: produced	 Action: upload_to_s3	 FileName: tree_ORTHOMCL1_Inner2.nexus	 Bucket: denethor	 FilePath: subtree/tree_ORTHOMCL1_Inner2.nexus	 FilePathLocal: .tmp/subtree/tree_ORTHOMCL1_Inner2.nexus	 FileSize: 185 bytes	 TransferDuration: 0 ms
[INFO] 2025-04-24T19:15:27.308Z FILE_TRANSFER RequestId: uuid_b8ec19d4_8b92_4f5c_be67_e237a85b385c	 TransferType: produced	 Action: upload_to_s3	 FileName: tree_ORTHOMCL1_Inner3.nexus	 Bucket: denethor	 FilePath: subtree/tree_ORTHOMCL1_Inner3.nexus	 FilePathLocal: .tmp/subtree/tree_ORTHOMCL1_Inner3.nexus	 FileSize: 339 bytes	 TransferDuration: 0 ms
[INFO] 2025-04-24T19:15:27.308Z PRODUCED_FILES_INFO RequestId: uuid_b8ec19d4_8b92_4f5c_be67_e237a85b385c	 FilesCount: 3 files	 FilesSize: 709 bytes	 TransferDuration: 0 ms	 Provider: aws_ec2	 ProducedFiles: ['tree_ORTHOMCL1_Inner1.nexus', 'tree_ORTHOMCL1_Inner2.nexus', 'tree_ORTHOMCL1_Inner3.nexus']
[INFO] 2025-04-24T19:15:27.308Z END RequestId: uuid_b8ec19d4_8b92_4f5c_be67_e237a85b385c	 Activity: subtree_constructor	 Provider: aws_ec2
[INFO] 2025-04-24T19:15:27.308Z REPORT RequestId: uuid_b8ec19d4_8b92_4f5c_be67_e237a85b385c	 Duration: 102.11562504991889 ms	 Billed Duration: 103 ms	 Memory Size: MB	 Max Memory Used: MB	 Init Duration: ms	

[INFO] 2025-04-24T19:15:27.308Z START RequestId: uuid_f64123ea_b3f4_4dde_8283_10dfdcc39dbe	 Activity: subtree_constructor	 Provider: aws_ec2
[INFO] 2025-04-24T19:15:27.308Z FILE_TRANSFER RequestId: uuid_f64123ea_b3f4_4dde_8283_10dfdcc39dbe	 TransferType: consumed	 Action: download_from_s3	 FileName: tree_ORTHOMCL358.nexus	 Bucket: denethor	 FilePath: tree/tree_ORTHOMCL358.nexus	 FilePathLocal: .tmp/tree	 FileSize: 567 bytes	 TransferDuration: 0 ms
[INFO] 2025-04-24T19:15:27.308Z CONSUMED_FILES_INFO RequestId: uuid_f64123ea_b3f4_4dde_8283_10dfdcc39dbe	 FilesCount: 1 files	 FilesSize: 567 bytes	 TransferDuration: 0 ms	 ConsumedFiles: ['tree_ORTHOMCL358.nexus']
[INFO] 2025-04-24T19:15:27.311Z SUBTREE_CONSTRUCTOR RequestId: uuid_f64123ea_b3f4_4dde_8283_10dfdcc39dbe	 Duration: 2.7456730604171753 ms	 InputTree: ['tree_ORTHOMCL358.nexus']	 OutputSubtrees: ['tree_ORTHOMCL358_Inner1.nexus', 'tree_ORTHOMCL358_Inner2.nexus', 'tree_ORTHOMCL358_Inner3.nexus', 'tree_ORTHOMCL358_Inner4.nexus', 'tree_ORTHOMCL358_Inner5.nexus', 'tree_ORTHOMCL358_Inner6.nexus', 'tree_ORTHOMCL358_Inner7.nexus']
[INFO] 2025-04-24T19:15:27.412Z FILE_TRANSFER RequestId: uuid_f64123ea_b3f4_4dde_8283_10dfdcc39dbe	 TransferType: produced	 Action: upload_to_s3	 FileName: tree_ORTHOMCL358_Inner1.nexus	 Bucket: denethor	 FilePath: subtree/tree_ORTHOMCL358_Inner1.nexus	 FilePathLocal: .tmp/subtree/tree_ORTHOMCL358_Inner1.nexus	 FileSize: 187 bytes	 TransferDuration: 0 ms
[INFO] 2025-04-24T19:15:27.412Z FILE_TRANSFER RequestId: uuid_f64123ea_b3f4_4dde_8283_10dfdcc39dbe	 TransferType: produced	 Action: upload_to_s3	 FileName: tree_ORTHOMCL358_Inner2.nexus	 Bucket: denethor	 FilePath: subtree/tree_ORTHOMCL358_Inner2.nexus	 FilePathLocal: .tmp/subtree/tree_ORTHOMCL358_Inner2.nexus	 FileSize: 187 bytes	 TransferDuration: 0 ms
[INFO] 2025-04-24T19:15:27.412Z FILE_TRANSFER RequestId: uuid_f64123ea_b3f4_4dde_8283_10dfdcc39dbe	 TransferType: produced	 Action: upload_to_s3	 FileName: tree_ORTHOMCL358_Inner3.nexus	 Bucket: denethor	 FilePath: subtree/tree_ORTHOMCL358_Inner3.nexus	 FilePathLocal: .tmp/subtree/tree_ORTHOMCL358_Inner3.nexus	 FileSize: 183 bytes	 TransferDuration: 0 ms
[INFO] 2025-04-24T19:15:27.412Z FILE_TRANSFER RequestId: uuid_f64123ea_b3f4_4dde_8283_10dfdcc39dbe	 TransferType: produced	 Action: upload_to_s3	 FileName: tree_ORTHOMCL358_Inner4.nexus	 Bucket: denethor	 FilePath: subtree/tree_ORTHOMCL358_Inner4.nexus	 FilePathLocal: .tmp/subtree/tree_ORTHOMCL358_Inner4.nexus	 FileSize: 239 bytes	 TransferDuration: 0 ms
[INFO] 2025-04-24T19:15:27.412Z FILE_TRANSFER RequestId: uuid_f64123ea_b3f4_4dde_8283_10dfdcc39dbe	 TransferType: produced	 Action: upload_to_s3	 FileName: tree_ORTHOMCL358_Inner5.nexus	 Bucket: denethor	 FilePath: subtree/tree_ORTHOMCL358_Inner5.nexus	 FilePathLocal: .tmp/subtree/tree_ORTHOMCL358_Inner5.nexus	 FileSize: 355 bytes	 TransferDuration: 0 ms
[INFO] 2025-04-24T19:15:27.412Z FILE_TRANSFER RequestId: uuid_f64123ea_b3f4_4dde_8283_10dfdcc39dbe	 TransferType: produced	 Action: upload_to_s3	 FileName: tree_ORTHOMCL358_Inner6.nexus	 Bucket: denethor	 FilePath: subtree/tree_ORTHOMCL358_Inner6.nexus	 FilePathLocal: .tmp/subtree/tree_ORTHOMCL358_Inner6.nexus	 FileSize: 243 bytes	 TransferDuration: 0 ms
[INFO] 2025-04-24T19:15:27.412Z FILE_TRANSFER RequestId: uuid_f64123ea_b3f4_4dde_8283_10dfdcc39dbe	 TransferType: produced	 Action: upload_to_s3	 FileName: tree_ORTHOMCL358_Inner7.nexus	 Bucket: denethor	 FilePath: subtree/tree_ORTHOMCL358_Inner7.nexus	 FilePathLocal: .tmp/subtree/tree_ORTHOMCL358_Inner7.nexus	 FileSize: 567 bytes	 TransferDuration: 0 ms
[INFO] 2025-04-24T19:15:27.412Z PRODUCED_FILES_INFO RequestId: uuid_f64123ea_b3f4_4dde_8283_10dfdcc39dbe	 FilesCount: 7 files	 FilesSize: 1961 bytes	 TransferDuration: 0 ms	 Provider: aws_ec2	 ProducedFiles: ['tree_ORTHOMCL358_Inner1.nexus', 'tree_ORTHOMCL358_Inner2.nexus', 'tree_ORTHOMCL358_Inner3.nexus', 'tree_ORTHOMCL358_Inner4.nexus', 'tree_ORTHOMCL358_Inner5.nexus', 'tree_ORTHOMCL358_Inner6.nexus', 'tree_ORTHOMCL358_Inner7.nexus']
[INFO] 2025-04-24T19:15:27.412Z END RequestId: uuid_f64123ea_b3f4_4dde_8283_10dfdcc39dbe	 Activity: subtree_constructor	 Provider: aws_ec2
[INFO] 2025-04-24T19:15:27.412Z REPORT RequestId: uuid_f64123ea_b3f4_4dde_8283_10dfdcc39dbe	 Duration: 103.79978711716831 ms	 Billed Duration: 104 ms	 Memory Size: MB	 Max Memory Used: MB	 Init Duration: ms	

[INFO] 2025-04-24T19:15:27.412Z START RequestId: uuid_4cab536b_2f24_4e8d_acab_028900d015cc	 Activity: subtree_constructor	 Provider: aws_ec2
[INFO] 2025-04-24T19:15:27.412Z FILE_TRANSFER RequestId: uuid_4cab536b_2f24_4e8d_acab_028900d015cc	 TransferType: consumed	 Action: download_from_s3	 FileName: tree_ORTHOMCL458.nexus	 Bucket: denethor	 FilePath: tree/tree_ORTHOMCL458.nexus	 FilePathLocal: .tmp/tree	 FileSize: 453 bytes	 TransferDuration: 0 ms
[INFO] 2025-04-24T19:15:27.412Z CONSUMED_FILES_INFO RequestId: uuid_4cab536b_2f24_4e8d_acab_028900d015cc	 FilesCount: 1 files	 FilesSize: 453 bytes	 TransferDuration: 0 ms	 ConsumedFiles: ['tree_ORTHOMCL458.nexus']
[INFO] 2025-04-24T19:15:27.415Z SUBTREE_CONSTRUCTOR RequestId: uuid_4cab536b_2f24_4e8d_acab_028900d015cc	 Duration: 2.52945302054286 ms	 InputTree: ['tree_ORTHOMCL458.nexus']	 OutputSubtrees: ['tree_ORTHOMCL458_Inner1.nexus', 'tree_ORTHOMCL458_Inner2.nexus', 'tree_ORTHOMCL458_Inner3.nexus', 'tree_ORTHOMCL458_Inner4.nexus', 'tree_ORTHOMCL458_Inner5.nexus']
[INFO] 2025-04-24T19:15:27.515Z FILE_TRANSFER RequestId: uuid_4cab536b_2f24_4e8d_acab_028900d015cc	 TransferType: produced	 Action: upload_to_s3	 FileName: tree_ORTHOMCL458_Inner1.nexus	 Bucket: denethor	 FilePath: subtree/tree_ORTHOMCL458_Inner1.nexus	 FilePathLocal: .tmp/subtree/tree_ORTHOMCL458_Inner1.nexus	 FileSize: 185 bytes	 TransferDuration: 0 ms
[INFO] 2025-04-24T19:15:27.515Z FILE_TRANSFER RequestId: uuid_4cab536b_2f24_4e8d_acab_028900d015cc	 TransferType: produced	 Action: upload_to_s3	 FileName: tree_ORTHOMCL458_Inner2.nexus	 Bucket: denethor	 FilePath: subtree/tree_ORTHOMCL458_Inner2.nexus	 FilePathLocal: .tmp/subtree/tree_ORTHOMCL458_Inner2.nexus	 FileSize: 243 bytes	 TransferDuration: 0 ms
[INFO] 2025-04-24T19:15:27.515Z FILE_TRANSFER RequestId: uuid_4cab536b_2f24_4e8d_acab_028900d015cc	 TransferType: produced	 Action: upload_to_s3	 FileName: tree_ORTHOMCL458_Inner3.nexus	 Bucket: denethor	 FilePath: subtree/tree_ORTHOMCL458_Inner3.nexus	 FilePathLocal: .tmp/subtree/tree_ORTHOMCL458_Inner3.nexus	 FileSize: 299 bytes	 TransferDuration: 0 ms
[INFO] 2025-04-24T19:15:27.515Z FILE_TRANSFER RequestId: uuid_4cab536b_2f24_4e8d_acab_028900d015cc	 TransferType: produced	 Action: upload_to_s3	 FileName: tree_ORTHOMCL458_Inner4.nexus	 Bucket: denethor	 FilePath: subtree/tree_ORTHOMCL458_Inner4.nexus	 FilePathLocal: .tmp/subtree/tree_ORTHOMCL458_Inner4.nexus	 FileSize: 185 bytes	 TransferDuration: 0 ms
[INFO] 2025-04-24T19:15:27.515Z FILE_TRANSFER RequestId: uuid_4cab536b_2f24_4e8d_acab_028900d015cc	 TransferType: produced	 Action: upload_to_s3	 FileName: tree_ORTHOMCL458_Inner5.nexus	 Bucket: denethor	 FilePath: subtree/tree_ORTHOMCL458_Inner5.nexus	 FilePathLocal: .tmp/subtree/tree_ORTHOMCL458_Inner5.nexus	 FileSize: 453 bytes	 TransferDuration: 0 ms
[INFO] 2025-04-24T19:15:27.515Z PRODUCED_FILES_INFO RequestId: uuid_4cab536b_2f24_4e8d_acab_028900d015cc	 FilesCount: 5 files	 FilesSize: 1365 bytes	 TransferDuration: 0 ms	 Provider: aws_ec2	 ProducedFiles: ['tree_ORTHOMCL458_Inner1.nexus', 'tree_ORTHOMCL458_Inner2.nexus', 'tree_ORTHOMCL458_Inner3.nexus', 'tree_ORTHOMCL458_Inner4.nexus', 'tree_ORTHOMCL458_Inner5.nexus']
[INFO] 2025-04-24T19:15:27.515Z END RequestId: uuid_4cab536b_2f24_4e8d_acab_028900d015cc	 Activity: subtree_constructor	 Provider: aws_ec2
[INFO] 2025-04-24T19:15:27.515Z REPORT RequestId: uuid_4cab536b_2f24_4e8d_acab_028900d015cc	 Duration: 103.1575680244714 ms	 Billed Duration: 104 ms	 Memory Size: MB	 Max Memory Used: MB	 Init Duration: ms	

[INFO] 2025-04-24T19:15:27.515Z START RequestId: uuid_06fcd189_1e41_4586_b449_d716ff0a3021	 Activity: subtree_constructor	 Provider: aws_ec2
[INFO] 2025-04-24T19:15:27.515Z FILE_TRANSFER RequestId: uuid_06fcd189_1e41_4586_b449_d716ff0a3021	 TransferType: consumed	 Action: download_from_s3	 FileName: tree_ORTHOMCL613.nexus	 Bucket: denethor	 FilePath: tree/tree_ORTHOMCL613.nexus	 FilePathLocal: .tmp/tree	 FileSize: 455 bytes	 TransferDuration: 0 ms
[INFO] 2025-04-24T19:15:27.515Z CONSUMED_FILES_INFO RequestId: uuid_06fcd189_1e41_4586_b449_d716ff0a3021	 FilesCount: 1 files	 FilesSize: 455 bytes	 TransferDuration: 0 ms	 ConsumedFiles: ['tree_ORTHOMCL613.nexus']
[INFO] 2025-04-24T19:15:27.518Z SUBTREE_CONSTRUCTOR RequestId: uuid_06fcd189_1e41_4586_b449_d716ff0a3021	 Duration: 2.1218021865934134 ms	 InputTree: ['tree_ORTHOMCL613.nexus']	 OutputSubtrees: ['tree_ORTHOMCL613_Inner1.nexus', 'tree_ORTHOMCL613_Inner2.nexus', 'tree_ORTHOMCL613_Inner3.nexus', 'tree_ORTHOMCL613_Inner4.nexus', 'tree_ORTHOMCL613_Inner5.nexus']
[INFO] 2025-04-24T19:15:27.618Z FILE_TRANSFER RequestId: uuid_06fcd189_1e41_4586_b449_d716ff0a3021	 TransferType: produced	 Action: upload_to_s3	 FileName: tree_ORTHOMCL613_Inner1.nexus	 Bucket: denethor	 FilePath: subtree/tree_ORTHOMCL613_Inner1.nexus	 FilePathLocal: .tmp/subtree/tree_ORTHOMCL613_Inner1.nexus	 FileSize: 185 bytes	 TransferDuration: 0 ms
[INFO] 2025-04-24T19:15:27.618Z FILE_TRANSFER RequestId: uuid_06fcd189_1e41_4586_b449_d716ff0a3021	 TransferType: produced	 Action: upload_to_s3	 FileName: tree_ORTHOMCL613_Inner2.nexus	 Bucket: denethor	 FilePath: subtree/tree_ORTHOMCL613_Inner2.nexus	 FilePathLocal: .tmp/subtree/tree_ORTHOMCL613_Inner2.nexus	 FileSize: 243 bytes	 TransferDuration: 0 ms
[INFO] 2025-04-24T19:15:27.618Z FILE_TRANSFER RequestId: uuid_06fcd189_1e41_4586_b449_d716ff0a3021	 TransferType: produced	 Action: upload_to_s3	 FileName: tree_ORTHOMCL613_Inner3.nexus	 Bucket: denethor	 FilePath: subtree/tree_ORTHOMCL613_Inner3.nexus	 FilePathLocal: .tmp/subtree/tree_ORTHOMCL613_Inner3.nexus	 FileSize: 299 bytes	 TransferDuration: 0 ms
[INFO] 2025-04-24T19:15:27.618Z FILE_TRANSFER RequestId: uuid_06fcd189_1e41_4586_b449_d716ff0a3021	 TransferType: produced	 Action: upload_to_s3	 FileName: tree_ORTHOMCL613_Inner4.nexus	 Bucket: denethor	 FilePath: subtree/tree_ORTHOMCL613_Inner4.nexus	 FilePathLocal: .tmp/subtree/tree_ORTHOMCL613_Inner4.nexus	 FileSize: 185 bytes	 TransferDuration: 0 ms
[INFO] 2025-04-24T19:15:27.618Z FILE_TRANSFER RequestId: uuid_06fcd189_1e41_4586_b449_d716ff0a3021	 TransferType: produced	 Action: upload_to_s3	 FileName: tree_ORTHOMCL613_Inner5.nexus	 Bucket: denethor	 FilePath: subtree/tree_ORTHOMCL613_Inner5.nexus	 FilePathLocal: .tmp/subtree/tree_ORTHOMCL613_Inner5.nexus	 FileSize: 455 bytes	 TransferDuration: 0 ms
[INFO] 2025-04-24T19:15:27.618Z PRODUCED_FILES_INFO RequestId: uuid_06fcd189_1e41_4586_b449_d716ff0a3021	 FilesCount: 5 files	 FilesSize: 1367 bytes	 TransferDuration: 0 ms	 Provider: aws_ec2	 ProducedFiles: ['tree_ORTHOMCL613_Inner1.nexus', 'tree_ORTHOMCL613_Inner2.nexus', 'tree_ORTHOMCL613_Inner3.nexus', 'tree_ORTHOMCL613_Inner4.nexus', 'tree_ORTHOMCL613_Inner5.nexus']
[INFO] 2025-04-24T19:15:27.618Z END RequestId: uuid_06fcd189_1e41_4586_b449_d716ff0a3021	 Activity: subtree_constructor	 Provider: aws_ec2
[INFO] 2025-04-24T19:15:27.618Z REPORT RequestId: uuid_06fcd189_1e41_4586_b449_d716ff0a3021	 Duration: 102.76979696936905 ms	 Billed Duration: 103 ms	 Memory Size: MB	 Max Memory Used: MB	 Init Duration: ms	

[INFO] 2025-04-24T19:15:27.618Z START RequestId: uuid_8e73d08f_c7ae_466d_89f8_c1bd8c1b1ab4	 Activity: subtree_constructor	 Provider: aws_ec2
[INFO] 2025-04-24T19:15:27.618Z FILE_TRANSFER RequestId: uuid_8e73d08f_c7ae_466d_89f8_c1bd8c1b1ab4	 TransferType: consumed	 Action: download_from_s3	 FileName: tree_ORTHOMCL818.nexus	 Bucket: denethor	 FilePath: tree/tree_ORTHOMCL818.nexus	 FilePathLocal: .tmp/tree	 FileSize: 405 bytes	 TransferDuration: 0 ms
[INFO] 2025-04-24T19:15:27.618Z CONSUMED_FILES_INFO RequestId: uuid_8e73d08f_c7ae_466d_89f8_c1bd8c1b1ab4	 FilesCount: 1 files	 FilesSize: 405 bytes	 TransferDuration: 0 ms	 ConsumedFiles: ['tree_ORTHOMCL818.nexus']
[INFO] 2025-04-24T19:15:27.620Z SUBTREE_CONSTRUCTOR RequestId: uuid_8e73d08f_c7ae_466d_89f8_c1bd8c1b1ab4	 Duration: 1.585711957886815 ms	 InputTree: ['tree_ORTHOMCL818.nexus']	 OutputSubtrees: ['tree_ORTHOMCL818_Inner1.nexus', 'tree_ORTHOMCL818_Inner2.nexus', 'tree_ORTHOMCL818_Inner3.nexus', 'tree_ORTHOMCL818_Inner4.nexus']
[INFO] 2025-04-24T19:15:27.720Z FILE_TRANSFER RequestId: uuid_8e73d08f_c7ae_466d_89f8_c1bd8c1b1ab4	 TransferType: produced	 Action: upload_to_s3	 FileName: tree_ORTHOMCL818_Inner1.nexus	 Bucket: denethor	 FilePath: subtree/tree_ORTHOMCL818_Inner1.nexus	 FilePathLocal: .tmp/subtree/tree_ORTHOMCL818_Inner1.nexus	 FileSize: 187 bytes	 TransferDuration: 0 ms
[INFO] 2025-04-24T19:15:27.720Z FILE_TRANSFER RequestId: uuid_8e73d08f_c7ae_466d_89f8_c1bd8c1b1ab4	 TransferType: produced	 Action: upload_to_s3	 FileName: tree_ORTHOMCL818_Inner2.nexus	 Bucket: denethor	 FilePath: subtree/tree_ORTHOMCL818_Inner2.nexus	 FilePathLocal: .tmp/subtree/tree_ORTHOMCL818_Inner2.nexus	 FileSize: 185 bytes	 TransferDuration: 0 ms
[INFO] 2025-04-24T19:15:27.720Z FILE_TRANSFER RequestId: uuid_8e73d08f_c7ae_466d_89f8_c1bd8c1b1ab4	 TransferType: produced	 Action: upload_to_s3	 FileName: tree_ORTHOMCL818_Inner3.nexus	 Bucket: denethor	 FilePath: subtree/tree_ORTHOMCL818_Inner3.nexus	 FilePathLocal: .tmp/subtree/tree_ORTHOMCL818_Inner3.nexus	 FileSize: 243 bytes	 TransferDuration: 0 ms
[INFO] 2025-04-24T19:15:27.720Z FILE_TRANSFER RequestId: uuid_8e73d08f_c7ae_466d_89f8_c1bd8c1b1ab4	 TransferType: produced	 Action: upload_to_s3	 FileName: tree_ORTHOMCL818_Inner4.nexus	 Bucket: denethor	 FilePath: subtree/tree_ORTHOMCL818_Inner4.nexus	 FilePathLocal: .tmp/subtree/tree_ORTHOMCL818_Inner4.nexus	 FileSize: 405 bytes	 TransferDuration: 0 ms
[INFO] 2025-04-24T19:15:27.720Z PRODUCED_FILES_INFO RequestId: uuid_8e73d08f_c7ae_466d_89f8_c1bd8c1b1ab4	 FilesCount: 4 files	 FilesSize: 1020 bytes	 TransferDuration: 0 ms	 Provider: aws_ec2	 ProducedFiles: ['tree_ORTHOMCL818_Inner1.nexus', 'tree_ORTHOMCL818_Inner2.nexus', 'tree_ORTHOMCL818_Inner3.nexus', 'tree_ORTHOMCL818_Inner4.nexus']
[INFO] 2025-04-24T19:15:27.720Z END RequestId: uuid_8e73d08f_c7ae_466d_89f8_c1bd8c1b1ab4	 Activity: subtree_constructor	 Provider: aws_ec2
[INFO] 2025-04-24T19:15:27.720Z REPORT RequestId: uuid_8e73d08f_c7ae_466d_89f8_c1bd8c1b1ab4	 Duration: 102.39186999388039 ms	 Billed Duration: 103 ms	 Memory Size: MB	 Max Memory Used: MB	 Init Duration: ms	

[INFO] 2025-04-24T19:15:27.721Z START RequestId: uuid_593f90af_fdb4_4fce_89c8_247b185025f1	 Activity: subtree_constructor	 Provider: aws_ec2
[INFO] 2025-04-24T19:15:27.721Z FILE_TRANSFER RequestId: uuid_593f90af_fdb4_4fce_89c8_247b185025f1	 TransferType: consumed	 Action: download_from_s3	 FileName: tree_ORTHOMCL884.nexus	 Bucket: denethor	 FilePath: tree/tree_ORTHOMCL884.nexus	 FilePathLocal: .tmp/tree	 FileSize: 403 bytes	 TransferDuration: 0 ms
[INFO] 2025-04-24T19:15:27.721Z CONSUMED_FILES_INFO RequestId: uuid_593f90af_fdb4_4fce_89c8_247b185025f1	 FilesCount: 1 files	 FilesSize: 403 bytes	 TransferDuration: 0 ms	 ConsumedFiles: ['tree_ORTHOMCL884.nexus']
[INFO] 2025-04-24T19:15:27.722Z SUBTREE_CONSTRUCTOR RequestId: uuid_593f90af_fdb4_4fce_89c8_247b185025f1	 Duration: 1.5327099245041609 ms	 InputTree: ['tree_ORTHOMCL884.nexus']	 OutputSubtrees: ['tree_ORTHOMCL884_Inner1.nexus', 'tree_ORTHOMCL884_Inner2.nexus', 'tree_ORTHOMCL884_Inner3.nexus', 'tree_ORTHOMCL884_Inner4.nexus']
[INFO] 2025-04-24T19:15:27.823Z FILE_TRANSFER RequestId: uuid_593f90af_fdb4_4fce_89c8_247b185025f1	 TransferType: produced	 Action: upload_to_s3	 FileName: tree_ORTHOMCL884_Inner1.nexus	 Bucket: denethor	 FilePath: subtree/tree_ORTHOMCL884_Inner1.nexus	 FilePathLocal: .tmp/subtree/tree_ORTHOMCL884_Inner1.nexus	 FileSize: 185 bytes	 TransferDuration: 0 ms
[INFO] 2025-04-24T19:15:27.823Z FILE_TRANSFER RequestId: uuid_593f90af_fdb4_4fce_89c8_247b185025f1	 TransferType: produced	 Action: upload_to_s3	 FileName: tree_ORTHOMCL884_Inner2.nexus	 Bucket: denethor	 FilePath: subtree/tree_ORTHOMCL884_Inner2.nexus	 FilePathLocal: .tmp/subtree/tree_ORTHOMCL884_Inner2.nexus	 FileSize: 185 bytes	 TransferDuration: 0 ms
[INFO] 2025-04-24T19:15:27.823Z FILE_TRANSFER RequestId: uuid_593f90af_fdb4_4fce_89c8_247b185025f1	 TransferType: produced	 Action: upload_to_s3	 FileName: tree_ORTHOMCL884_Inner3.nexus	 Bucket: denethor	 FilePath: subtree/tree_ORTHOMCL884_Inner3.nexus	 FilePathLocal: .tmp/subtree/tree_ORTHOMCL884_Inner3.nexus	 FileSize: 241 bytes	 TransferDuration: 0 ms
[INFO] 2025-04-24T19:15:27.823Z FILE_TRANSFER RequestId: uuid_593f90af_fdb4_4fce_89c8_247b185025f1	 TransferType: produced	 Action: upload_to_s3	 FileName: tree_ORTHOMCL884_Inner4.nexus	 Bucket: denethor	 FilePath: subtree/tree_ORTHOMCL884_Inner4.nexus	 FilePathLocal: .tmp/subtree/tree_ORTHOMCL884_Inner4.nexus	 FileSize: 403 bytes	 TransferDuration: 0 ms
[INFO] 2025-04-24T19:15:27.823Z PRODUCED_FILES_INFO RequestId: uuid_593f90af_fdb4_4fce_89c8_247b185025f1	 FilesCount: 4 files	 FilesSize: 1014 bytes	 TransferDuration: 0 ms	 Provider: aws_ec2	 ProducedFiles: ['tree_ORTHOMCL884_Inner1.nexus', 'tree_ORTHOMCL884_Inner2.nexus', 'tree_ORTHOMCL884_Inner3.nexus', 'tree_ORTHOMCL884_Inner4.nexus']
[INFO] 2025-04-24T19:15:27.823Z END RequestId: uuid_593f90af_fdb4_4fce_89c8_247b185025f1	 Activity: subtree_constructor	 Provider: aws_ec2
[INFO] 2025-04-24T19:15:27.823Z REPORT RequestId: uuid_593f90af_fdb4_4fce_89c8_247b185025f1	 Duration: 102.39477013237774 ms	 Billed Duration: 103 ms	 Memory Size: MB	 Max Memory Used: MB	 Init Duration: ms	

[INFO] 2025-04-24T19:15:27.823Z START RequestId: uuid_2e53c2d5_2f52_4d9a_ad7f_45275391cef8	 Activity: subtree_constructor	 Provider: aws_ec2
[INFO] 2025-04-24T19:15:27.823Z FILE_TRANSFER RequestId: uuid_2e53c2d5_2f52_4d9a_ad7f_45275391cef8	 TransferType: consumed	 Action: download_from_s3	 FileName: tree_ORTHOMCL964.nexus	 Bucket: denethor	 FilePath: tree/tree_ORTHOMCL964.nexus	 FilePathLocal: .tmp/tree	 FileSize: 405 bytes	 TransferDuration: 0 ms
[INFO] 2025-04-24T19:15:27.823Z CONSUMED_FILES_INFO RequestId: uuid_2e53c2d5_2f52_4d9a_ad7f_45275391cef8	 FilesCount: 1 files	 FilesSize: 405 bytes	 TransferDuration: 0 ms	 ConsumedFiles: ['tree_ORTHOMCL964.nexus']
[INFO] 2025-04-24T19:15:27.825Z SUBTREE_CONSTRUCTOR RequestId: uuid_2e53c2d5_2f52_4d9a_ad7f_45275391cef8	 Duration: 1.7496820073574781 ms	 InputTree: ['tree_ORTHOMCL964.nexus']	 OutputSubtrees: ['tree_ORTHOMCL964_Inner1.nexus', 'tree_ORTHOMCL964_Inner2.nexus', 'tree_ORTHOMCL964_Inner3.nexus', 'tree_ORTHOMCL964_Inner4.nexus']
[INFO] 2025-04-24T19:15:27.925Z FILE_TRANSFER RequestId: uuid_2e53c2d5_2f52_4d9a_ad7f_45275391cef8	 TransferType: produced	 Action: upload_to_s3	 FileName: tree_ORTHOMCL964_Inner1.nexus	 Bucket: denethor	 FilePath: subtree/tree_ORTHOMCL964_Inner1.nexus	 FilePathLocal: .tmp/subtree/tree_ORTHOMCL964_Inner1.nexus	 FileSize: 185 bytes	 TransferDuration: 0 ms
[INFO] 2025-04-24T19:15:27.926Z FILE_TRANSFER RequestId: uuid_2e53c2d5_2f52_4d9a_ad7f_45275391cef8	 TransferType: produced	 Action: upload_to_s3	 FileName: tree_ORTHOMCL964_Inner2.nexus	 Bucket: denethor	 FilePath: subtree/tree_ORTHOMCL964_Inner2.nexus	 FilePathLocal: .tmp/subtree/tree_ORTHOMCL964_Inner2.nexus	 FileSize: 249 bytes	 TransferDuration: 0 ms
[INFO] 2025-04-24T19:15:27.926Z FILE_TRANSFER RequestId: uuid_2e53c2d5_2f52_4d9a_ad7f_45275391cef8	 TransferType: produced	 Action: upload_to_s3	 FileName: tree_ORTHOMCL964_Inner3.nexus	 Bucket: denethor	 FilePath: subtree/tree_ORTHOMCL964_Inner3.nexus	 FilePathLocal: .tmp/subtree/tree_ORTHOMCL964_Inner3.nexus	 FileSize: 187 bytes	 TransferDuration: 0 ms
[INFO] 2025-04-24T19:15:27.926Z FILE_TRANSFER RequestId: uuid_2e53c2d5_2f52_4d9a_ad7f_45275391cef8	 TransferType: produced	 Action: upload_to_s3	 FileName: tree_ORTHOMCL964_Inner4.nexus	 Bucket: denethor	 FilePath: subtree/tree_ORTHOMCL964_Inner4.nexus	 FilePathLocal: .tmp/subtree/tree_ORTHOMCL964_Inner4.nexus	 FileSize: 405 bytes	 TransferDuration: 0 ms
[INFO] 2025-04-24T19:15:27.926Z PRODUCED_FILES_INFO RequestId: uuid_2e53c2d5_2f52_4d9a_ad7f_45275391cef8	 FilesCount: 4 files	 FilesSize: 1026 bytes	 TransferDuration: 0 ms	 Provider: aws_ec2	 ProducedFiles: ['tree_ORTHOMCL964_Inner1.nexus', 'tree_ORTHOMCL964_Inner2.nexus', 'tree_ORTHOMCL964_Inner3.nexus', 'tree_ORTHOMCL964_Inner4.nexus']
[INFO] 2025-04-24T19:15:27.926Z END RequestId: uuid_2e53c2d5_2f52_4d9a_ad7f_45275391cef8	 Activity: subtree_constructor	 Provider: aws_ec2
[INFO] 2025-04-24T19:15:27.926Z REPORT RequestId: uuid_2e53c2d5_2f52_4d9a_ad7f_45275391cef8	 Duration: 102.59095416404307 ms	 Billed Duration: 103 ms	 Memory Size: MB	 Max Memory Used: MB	 Init Duration: ms	

[INFO] 2025-04-24T19:15:27.926Z START RequestId: uuid_3ec085ea_0f6e_4ee2_9526_3cf8436323cf	 Activity: subtree_constructor	 Provider: aws_ec2
[INFO] 2025-04-24T19:15:27.926Z FILE_TRANSFER RequestId: uuid_3ec085ea_0f6e_4ee2_9526_3cf8436323cf	 TransferType: consumed	 Action: download_from_s3	 FileName: tree_ORTHOMCL968.nexus	 Bucket: denethor	 FilePath: tree/tree_ORTHOMCL968.nexus	 FilePathLocal: .tmp/tree	 FileSize: 405 bytes	 TransferDuration: 0 ms
[INFO] 2025-04-24T19:15:27.926Z CONSUMED_FILES_INFO RequestId: uuid_3ec085ea_0f6e_4ee2_9526_3cf8436323cf	 FilesCount: 1 files	 FilesSize: 405 bytes	 TransferDuration: 0 ms	 ConsumedFiles: ['tree_ORTHOMCL968.nexus']
[INFO] 2025-04-24T19:15:27.928Z SUBTREE_CONSTRUCTOR RequestId: uuid_3ec085ea_0f6e_4ee2_9526_3cf8436323cf	 Duration: 1.6109549906104803 ms	 InputTree: ['tree_ORTHOMCL968.nexus']	 OutputSubtrees: ['tree_ORTHOMCL968_Inner1.nexus', 'tree_ORTHOMCL968_Inner2.nexus', 'tree_ORTHOMCL968_Inner3.nexus', 'tree_ORTHOMCL968_Inner4.nexus']
[INFO] 2025-04-24T19:15:28.028Z FILE_TRANSFER RequestId: uuid_3ec085ea_0f6e_4ee2_9526_3cf8436323cf	 TransferType: produced	 Action: upload_to_s3	 FileName: tree_ORTHOMCL968_Inner1.nexus	 Bucket: denethor	 FilePath: subtree/tree_ORTHOMCL968_Inner1.nexus	 FilePathLocal: .tmp/subtree/tree_ORTHOMCL968_Inner1.nexus	 FileSize: 187 bytes	 TransferDuration: 0 ms
[INFO] 2025-04-24T19:15:28.028Z FILE_TRANSFER RequestId: uuid_3ec085ea_0f6e_4ee2_9526_3cf8436323cf	 TransferType: produced	 Action: upload_to_s3	 FileName: tree_ORTHOMCL968_Inner2.nexus	 Bucket: denethor	 FilePath: subtree/tree_ORTHOMCL968_Inner2.nexus	 FilePathLocal: .tmp/subtree/tree_ORTHOMCL968_Inner2.nexus	 FileSize: 185 bytes	 TransferDuration: 0 ms
[INFO] 2025-04-24T19:15:28.028Z FILE_TRANSFER RequestId: uuid_3ec085ea_0f6e_4ee2_9526_3cf8436323cf	 TransferType: produced	 Action: upload_to_s3	 FileName: tree_ORTHOMCL968_Inner3.nexus	 Bucket: denethor	 FilePath: subtree/tree_ORTHOMCL968_Inner3.nexus	 FilePathLocal: .tmp/subtree/tree_ORTHOMCL968_Inner3.nexus	 FileSize: 243 bytes	 TransferDuration: 0 ms
[INFO] 2025-04-24T19:15:28.028Z FILE_TRANSFER RequestId: uuid_3ec085ea_0f6e_4ee2_9526_3cf8436323cf	 TransferType: produced	 Action: upload_to_s3	 FileName: tree_ORTHOMCL968_Inner4.nexus	 Bucket: denethor	 FilePath: subtree/tree_ORTHOMCL968_Inner4.nexus	 FilePathLocal: .tmp/subtree/tree_ORTHOMCL968_Inner4.nexus	 FileSize: 405 bytes	 TransferDuration: 0 ms
[INFO] 2025-04-24T19:15:28.028Z PRODUCED_FILES_INFO RequestId: uuid_3ec085ea_0f6e_4ee2_9526_3cf8436323cf	 FilesCount: 4 files	 FilesSize: 1020 bytes	 TransferDuration: 0 ms	 Provider: aws_ec2	 ProducedFiles: ['tree_ORTHOMCL968_Inner1.nexus', 'tree_ORTHOMCL968_Inner2.nexus', 'tree_ORTHOMCL968_Inner3.nexus', 'tree_ORTHOMCL968_Inner4.nexus']
[INFO] 2025-04-24T19:15:28.028Z END RequestId: uuid_3ec085ea_0f6e_4ee2_9526_3cf8436323cf	 Activity: subtree_constructor	 Provider: aws_ec2
[INFO] 2025-04-24T19:15:28.028Z REPORT RequestId: uuid_3ec085ea_0f6e_4ee2_9526_3cf8436323cf	 Duration: 102.2178758867085 ms	 Billed Duration: 103 ms	 Memory Size: MB	 Max Memory Used: MB	 Init Duration: ms	

[INFO] 2025-04-24T19:15:28.028Z START RequestId: uuid_8b8917bf_37dc_4cef_a6d0_1a956dd4c927	 Activity: subtree_constructor	 Provider: aws_ec2
[INFO] 2025-04-24T19:15:28.028Z FILE_TRANSFER RequestId: uuid_8b8917bf_37dc_4cef_a6d0_1a956dd4c927	 TransferType: consumed	 Action: download_from_s3	 FileName: tree_ORTHOMCL974.nexus	 Bucket: denethor	 FilePath: tree/tree_ORTHOMCL974.nexus	 FilePathLocal: .tmp/tree	 FileSize: 407 bytes	 TransferDuration: 0 ms
[INFO] 2025-04-24T19:15:28.028Z CONSUMED_FILES_INFO RequestId: uuid_8b8917bf_37dc_4cef_a6d0_1a956dd4c927	 FilesCount: 1 files	 FilesSize: 407 bytes	 TransferDuration: 0 ms	 ConsumedFiles: ['tree_ORTHOMCL974.nexus']
[INFO] 2025-04-24T19:15:28.030Z SUBTREE_CONSTRUCTOR RequestId: uuid_8b8917bf_37dc_4cef_a6d0_1a956dd4c927	 Duration: 1.6530840657651424 ms	 InputTree: ['tree_ORTHOMCL974.nexus']	 OutputSubtrees: ['tree_ORTHOMCL974_Inner1.nexus', 'tree_ORTHOMCL974_Inner2.nexus', 'tree_ORTHOMCL974_Inner3.nexus', 'tree_ORTHOMCL974_Inner4.nexus']
[INFO] 2025-04-24T19:15:28.130Z FILE_TRANSFER RequestId: uuid_8b8917bf_37dc_4cef_a6d0_1a956dd4c927	 TransferType: produced	 Action: upload_to_s3	 FileName: tree_ORTHOMCL974_Inner1.nexus	 Bucket: denethor	 FilePath: subtree/tree_ORTHOMCL974_Inner1.nexus	 FilePathLocal: .tmp/subtree/tree_ORTHOMCL974_Inner1.nexus	 FileSize: 187 bytes	 TransferDuration: 0 ms
[INFO] 2025-04-24T19:15:28.130Z FILE_TRANSFER RequestId: uuid_8b8917bf_37dc_4cef_a6d0_1a956dd4c927	 TransferType: produced	 Action: upload_to_s3	 FileName: tree_ORTHOMCL974_Inner2.nexus	 Bucket: denethor	 FilePath: subtree/tree_ORTHOMCL974_Inner2.nexus	 FilePathLocal: .tmp/subtree/tree_ORTHOMCL974_Inner2.nexus	 FileSize: 185 bytes	 TransferDuration: 0 ms
[INFO] 2025-04-24T19:15:28.130Z FILE_TRANSFER RequestId: uuid_8b8917bf_37dc_4cef_a6d0_1a956dd4c927	 TransferType: produced	 Action: upload_to_s3	 FileName: tree_ORTHOMCL974_Inner3.nexus	 Bucket: denethor	 FilePath: subtree/tree_ORTHOMCL974_Inner3.nexus	 FilePathLocal: .tmp/subtree/tree_ORTHOMCL974_Inner3.nexus	 FileSize: 245 bytes	 TransferDuration: 0 ms
[INFO] 2025-04-24T19:15:28.130Z FILE_TRANSFER RequestId: uuid_8b8917bf_37dc_4cef_a6d0_1a956dd4c927	 TransferType: produced	 Action: upload_to_s3	 FileName: tree_ORTHOMCL974_Inner4.nexus	 Bucket: denethor	 FilePath: subtree/tree_ORTHOMCL974_Inner4.nexus	 FilePathLocal: .tmp/subtree/tree_ORTHOMCL974_Inner4.nexus	 FileSize: 407 bytes	 TransferDuration: 0 ms
[INFO] 2025-04-24T19:15:28.130Z PRODUCED_FILES_INFO RequestId: uuid_8b8917bf_37dc_4cef_a6d0_1a956dd4c927	 FilesCount: 4 files	 FilesSize: 1024 bytes	 TransferDuration: 0 ms	 Provider: aws_ec2	 ProducedFiles: ['tree_ORTHOMCL974_Inner1.nexus', 'tree_ORTHOMCL974_Inner2.nexus', 'tree_ORTHOMCL974_Inner3.nexus', 'tree_ORTHOMCL974_Inner4.nexus']
[INFO] 2025-04-24T19:15:28.130Z END RequestId: uuid_8b8917bf_37dc_4cef_a6d0_1a956dd4c927	 Activity: subtree_constructor	 Provider: aws_ec2
[INFO] 2025-04-24T19:15:28.130Z REPORT RequestId: uuid_8b8917bf_37dc_4cef_a6d0_1a956dd4c927	 Duration: 102.2810279391706 ms	 Billed Duration: 103 ms	 Memory Size: MB	 Max Memory Used: MB	 Init Duration: ms	

[INFO] 2025-04-24T19:15:28.131Z START RequestId: uuid_86785975_9989_4035_9fd7_ee5973731d2c	 Activity: subtree_constructor	 Provider: aws_ec2
[INFO] 2025-04-24T19:15:28.131Z FILE_TRANSFER RequestId: uuid_86785975_9989_4035_9fd7_ee5973731d2c	 TransferType: consumed	 Action: download_from_s3	 FileName: tree_ORTHOMCL1083.nexus	 Bucket: denethor	 FilePath: tree/tree_ORTHOMCL1083.nexus	 FilePathLocal: .tmp/tree	 FileSize: 397 bytes	 TransferDuration: 0 ms
[INFO] 2025-04-24T19:15:28.131Z CONSUMED_FILES_INFO RequestId: uuid_86785975_9989_4035_9fd7_ee5973731d2c	 FilesCount: 1 files	 FilesSize: 397 bytes	 TransferDuration: 0 ms	 ConsumedFiles: ['tree_ORTHOMCL1083.nexus']
[INFO] 2025-04-24T19:15:28.132Z SUBTREE_CONSTRUCTOR RequestId: uuid_86785975_9989_4035_9fd7_ee5973731d2c	 Duration: 1.7156729009002447 ms	 InputTree: ['tree_ORTHOMCL1083.nexus']	 OutputSubtrees: ['tree_ORTHOMCL1083_Inner1.nexus', 'tree_ORTHOMCL1083_Inner2.nexus', 'tree_ORTHOMCL1083_Inner3.nexus', 'tree_ORTHOMCL1083_Inner4.nexus']
[INFO] 2025-04-24T19:15:28.233Z FILE_TRANSFER RequestId: uuid_86785975_9989_4035_9fd7_ee5973731d2c	 TransferType: produced	 Action: upload_to_s3	 FileName: tree_ORTHOMCL1083_Inner1.nexus	 Bucket: denethor	 FilePath: subtree/tree_ORTHOMCL1083_Inner1.nexus	 FilePathLocal: .tmp/subtree/tree_ORTHOMCL1083_Inner1.nexus	 FileSize: 185 bytes	 TransferDuration: 0 ms
[INFO] 2025-04-24T19:15:28.233Z FILE_TRANSFER RequestId: uuid_86785975_9989_4035_9fd7_ee5973731d2c	 TransferType: produced	 Action: upload_to_s3	 FileName: tree_ORTHOMCL1083_Inner2.nexus	 Bucket: denethor	 FilePath: subtree/tree_ORTHOMCL1083_Inner2.nexus	 FilePathLocal: .tmp/subtree/tree_ORTHOMCL1083_Inner2.nexus	 FileSize: 187 bytes	 TransferDuration: 0 ms
[INFO] 2025-04-24T19:15:28.233Z FILE_TRANSFER RequestId: uuid_86785975_9989_4035_9fd7_ee5973731d2c	 TransferType: produced	 Action: upload_to_s3	 FileName: tree_ORTHOMCL1083_Inner3.nexus	 Bucket: denethor	 FilePath: subtree/tree_ORTHOMCL1083_Inner3.nexus	 FilePathLocal: .tmp/subtree/tree_ORTHOMCL1083_Inner3.nexus	 FileSize: 241 bytes	 TransferDuration: 0 ms
[INFO] 2025-04-24T19:15:28.233Z FILE_TRANSFER RequestId: uuid_86785975_9989_4035_9fd7_ee5973731d2c	 TransferType: produced	 Action: upload_to_s3	 FileName: tree_ORTHOMCL1083_Inner4.nexus	 Bucket: denethor	 FilePath: subtree/tree_ORTHOMCL1083_Inner4.nexus	 FilePathLocal: .tmp/subtree/tree_ORTHOMCL1083_Inner4.nexus	 FileSize: 397 bytes	 TransferDuration: 0 ms
[INFO] 2025-04-24T19:15:28.233Z PRODUCED_FILES_INFO RequestId: uuid_86785975_9989_4035_9fd7_ee5973731d2c	 FilesCount: 4 files	 FilesSize: 1010 bytes	 TransferDuration: 0 ms	 Provider: aws_ec2	 ProducedFiles: ['tree_ORTHOMCL1083_Inner1.nexus', 'tree_ORTHOMCL1083_Inner2.nexus', 'tree_ORTHOMCL1083_Inner3.nexus', 'tree_ORTHOMCL1083_Inner4.nexus']
[INFO] 2025-04-24T19:15:28.233Z END RequestId: uuid_86785975_9989_4035_9fd7_ee5973731d2c	 Activity: subtree_constructor	 Provider: aws_ec2
[INFO] 2025-04-24T19:15:28.233Z REPORT RequestId: uuid_86785975_9989_4035_9fd7_ee5973731d2c	 Duration: 102.47219796292484 ms	 Billed Duration: 103 ms	 Memory Size: MB	 Max Memory Used: MB	 Init Duration: ms	

[INFO] 2025-04-24T19:15:28.233Z START RequestId: uuid_2306f041_1498_4f40_a64d_6fe41897b414	 Activity: subtree_constructor	 Provider: aws_ec2
[INFO] 2025-04-24T19:15:28.233Z FILE_TRANSFER RequestId: uuid_2306f041_1498_4f40_a64d_6fe41897b414	 TransferType: consumed	 Action: download_from_s3	 FileName: tree_ORTHOMCL1305.nexus	 Bucket: denethor	 FilePath: tree/tree_ORTHOMCL1305.nexus	 FilePathLocal: .tmp/tree	 FileSize: 357 bytes	 TransferDuration: 0 ms
[INFO] 2025-04-24T19:15:28.233Z CONSUMED_FILES_INFO RequestId: uuid_2306f041_1498_4f40_a64d_6fe41897b414	 FilesCount: 1 files	 FilesSize: 357 bytes	 TransferDuration: 0 ms	 ConsumedFiles: ['tree_ORTHOMCL1305.nexus']
[INFO] 2025-04-24T19:15:28.235Z SUBTREE_CONSTRUCTOR RequestId: uuid_2306f041_1498_4f40_a64d_6fe41897b414	 Duration: 1.2747249566018581 ms	 InputTree: ['tree_ORTHOMCL1305.nexus']	 OutputSubtrees: ['tree_ORTHOMCL1305_Inner1.nexus', 'tree_ORTHOMCL1305_Inner2.nexus', 'tree_ORTHOMCL1305_Inner3.nexus']
[INFO] 2025-04-24T19:15:28.335Z FILE_TRANSFER RequestId: uuid_2306f041_1498_4f40_a64d_6fe41897b414	 TransferType: produced	 Action: upload_to_s3	 FileName: tree_ORTHOMCL1305_Inner1.nexus	 Bucket: denethor	 FilePath: subtree/tree_ORTHOMCL1305_Inner1.nexus	 FilePathLocal: .tmp/subtree/tree_ORTHOMCL1305_Inner1.nexus	 FileSize: 193 bytes	 TransferDuration: 0 ms
[INFO] 2025-04-24T19:15:28.335Z FILE_TRANSFER RequestId: uuid_2306f041_1498_4f40_a64d_6fe41897b414	 TransferType: produced	 Action: upload_to_s3	 FileName: tree_ORTHOMCL1305_Inner2.nexus	 Bucket: denethor	 FilePath: subtree/tree_ORTHOMCL1305_Inner2.nexus	 FilePathLocal: .tmp/subtree/tree_ORTHOMCL1305_Inner2.nexus	 FileSize: 187 bytes	 TransferDuration: 0 ms
[INFO] 2025-04-24T19:15:28.335Z FILE_TRANSFER RequestId: uuid_2306f041_1498_4f40_a64d_6fe41897b414	 TransferType: produced	 Action: upload_to_s3	 FileName: tree_ORTHOMCL1305_Inner3.nexus	 Bucket: denethor	 FilePath: subtree/tree_ORTHOMCL1305_Inner3.nexus	 FilePathLocal: .tmp/subtree/tree_ORTHOMCL1305_Inner3.nexus	 FileSize: 357 bytes	 TransferDuration: 0 ms
[INFO] 2025-04-24T19:15:28.335Z PRODUCED_FILES_INFO RequestId: uuid_2306f041_1498_4f40_a64d_6fe41897b414	 FilesCount: 3 files	 FilesSize: 737 bytes	 TransferDuration: 0 ms	 Provider: aws_ec2	 ProducedFiles: ['tree_ORTHOMCL1305_Inner1.nexus', 'tree_ORTHOMCL1305_Inner2.nexus', 'tree_ORTHOMCL1305_Inner3.nexus']
[INFO] 2025-04-24T19:15:28.335Z END RequestId: uuid_2306f041_1498_4f40_a64d_6fe41897b414	 Activity: subtree_constructor	 Provider: aws_ec2
[INFO] 2025-04-24T19:15:28.335Z REPORT RequestId: uuid_2306f041_1498_4f40_a64d_6fe41897b414	 Duration: 101.83291416615248 ms	 Billed Duration: 102 ms	 Memory Size: MB	 Max Memory Used: MB	 Init Duration: ms	

[INFO] 2025-04-24T19:15:28.335Z START RequestId: uuid_694732c0_d166_4f9a_bad3_1486f3e505be	 Activity: subtree_constructor	 Provider: aws_ec2
[INFO] 2025-04-24T19:15:28.335Z FILE_TRANSFER RequestId: uuid_694732c0_d166_4f9a_bad3_1486f3e505be	 TransferType: consumed	 Action: download_from_s3	 FileName: tree_ORTHOMCL1316.nexus	 Bucket: denethor	 FilePath: tree/tree_ORTHOMCL1316.nexus	 FilePathLocal: .tmp/tree	 FileSize: 357 bytes	 TransferDuration: 0 ms
[INFO] 2025-04-24T19:15:28.335Z CONSUMED_FILES_INFO RequestId: uuid_694732c0_d166_4f9a_bad3_1486f3e505be	 FilesCount: 1 files	 FilesSize: 357 bytes	 TransferDuration: 0 ms	 ConsumedFiles: ['tree_ORTHOMCL1316.nexus']
[INFO] 2025-04-24T19:15:28.337Z SUBTREE_CONSTRUCTOR RequestId: uuid_694732c0_d166_4f9a_bad3_1486f3e505be	 Duration: 1.6629458405077457 ms	 InputTree: ['tree_ORTHOMCL1316.nexus']	 OutputSubtrees: ['tree_ORTHOMCL1316_Inner1.nexus', 'tree_ORTHOMCL1316_Inner2.nexus', 'tree_ORTHOMCL1316_Inner3.nexus']
[INFO] 2025-04-24T19:15:28.437Z FILE_TRANSFER RequestId: uuid_694732c0_d166_4f9a_bad3_1486f3e505be	 TransferType: produced	 Action: upload_to_s3	 FileName: tree_ORTHOMCL1316_Inner1.nexus	 Bucket: denethor	 FilePath: subtree/tree_ORTHOMCL1316_Inner1.nexus	 FilePathLocal: .tmp/subtree/tree_ORTHOMCL1316_Inner1.nexus	 FileSize: 193 bytes	 TransferDuration: 0 ms
[INFO] 2025-04-24T19:15:28.437Z FILE_TRANSFER RequestId: uuid_694732c0_d166_4f9a_bad3_1486f3e505be	 TransferType: produced	 Action: upload_to_s3	 FileName: tree_ORTHOMCL1316_Inner2.nexus	 Bucket: denethor	 FilePath: subtree/tree_ORTHOMCL1316_Inner2.nexus	 FilePathLocal: .tmp/subtree/tree_ORTHOMCL1316_Inner2.nexus	 FileSize: 187 bytes	 TransferDuration: 0 ms
[INFO] 2025-04-24T19:15:28.437Z FILE_TRANSFER RequestId: uuid_694732c0_d166_4f9a_bad3_1486f3e505be	 TransferType: produced	 Action: upload_to_s3	 FileName: tree_ORTHOMCL1316_Inner3.nexus	 Bucket: denethor	 FilePath: subtree/tree_ORTHOMCL1316_Inner3.nexus	 FilePathLocal: .tmp/subtree/tree_ORTHOMCL1316_Inner3.nexus	 FileSize: 357 bytes	 TransferDuration: 0 ms
[INFO] 2025-04-24T19:15:28.437Z PRODUCED_FILES_INFO RequestId: uuid_694732c0_d166_4f9a_bad3_1486f3e505be	 FilesCount: 3 files	 FilesSize: 737 bytes	 TransferDuration: 0 ms	 Provider: aws_ec2	 ProducedFiles: ['tree_ORTHOMCL1316_Inner1.nexus', 'tree_ORTHOMCL1316_Inner2.nexus', 'tree_ORTHOMCL1316_Inner3.nexus']
[INFO] 2025-04-24T19:15:28.437Z END RequestId: uuid_694732c0_d166_4f9a_bad3_1486f3e505be	 Activity: subtree_constructor	 Provider: aws_ec2
[INFO] 2025-04-24T19:15:28.437Z REPORT RequestId: uuid_694732c0_d166_4f9a_bad3_1486f3e505be	 Duration: 102.22861706279218 ms	 Billed Duration: 103 ms	 Memory Size: MB	 Max Memory Used: MB	 Init Duration: ms	

[INFO] 2025-04-24T19:15:28.437Z START RequestId: uuid_2cae777a_282b_43b4_b6a1_91c92de153b0	 Activity: subtree_constructor	 Provider: aws_ec2
[INFO] 2025-04-24T19:15:28.437Z FILE_TRANSFER RequestId: uuid_2cae777a_282b_43b4_b6a1_91c92de153b0	 TransferType: consumed	 Action: download_from_s3	 FileName: tree_ORTHOMCL1490.nexus	 Bucket: denethor	 FilePath: tree/tree_ORTHOMCL1490.nexus	 FilePathLocal: .tmp/tree	 FileSize: 347 bytes	 TransferDuration: 0 ms
[INFO] 2025-04-24T19:15:28.437Z CONSUMED_FILES_INFO RequestId: uuid_2cae777a_282b_43b4_b6a1_91c92de153b0	 FilesCount: 1 files	 FilesSize: 347 bytes	 TransferDuration: 0 ms	 ConsumedFiles: ['tree_ORTHOMCL1490.nexus']
[INFO] 2025-04-24T19:15:28.439Z SUBTREE_CONSTRUCTOR RequestId: uuid_2cae777a_282b_43b4_b6a1_91c92de153b0	 Duration: 1.3833758421242237 ms	 InputTree: ['tree_ORTHOMCL1490.nexus']	 OutputSubtrees: ['tree_ORTHOMCL1490_Inner1.nexus', 'tree_ORTHOMCL1490_Inner2.nexus', 'tree_ORTHOMCL1490_Inner3.nexus']
[INFO] 2025-04-24T19:15:28.539Z FILE_TRANSFER RequestId: uuid_2cae777a_282b_43b4_b6a1_91c92de153b0	 TransferType: produced	 Action: upload_to_s3	 FileName: tree_ORTHOMCL1490_Inner1.nexus	 Bucket: denethor	 FilePath: subtree/tree_ORTHOMCL1490_Inner1.nexus	 FilePathLocal: .tmp/subtree/tree_ORTHOMCL1490_Inner1.nexus	 FileSize: 185 bytes	 TransferDuration: 0 ms
[INFO] 2025-04-24T19:15:28.539Z FILE_TRANSFER RequestId: uuid_2cae777a_282b_43b4_b6a1_91c92de153b0	 TransferType: produced	 Action: upload_to_s3	 FileName: tree_ORTHOMCL1490_Inner2.nexus	 Bucket: denethor	 FilePath: subtree/tree_ORTHOMCL1490_Inner2.nexus	 FilePathLocal: .tmp/subtree/tree_ORTHOMCL1490_Inner2.nexus	 FileSize: 185 bytes	 TransferDuration: 0 ms
[INFO] 2025-04-24T19:15:28.539Z FILE_TRANSFER RequestId: uuid_2cae777a_282b_43b4_b6a1_91c92de153b0	 TransferType: produced	 Action: upload_to_s3	 FileName: tree_ORTHOMCL1490_Inner3.nexus	 Bucket: denethor	 FilePath: subtree/tree_ORTHOMCL1490_Inner3.nexus	 FilePathLocal: .tmp/subtree/tree_ORTHOMCL1490_Inner3.nexus	 FileSize: 347 bytes	 TransferDuration: 0 ms
[INFO] 2025-04-24T19:15:28.539Z PRODUCED_FILES_INFO RequestId: uuid_2cae777a_282b_43b4_b6a1_91c92de153b0	 FilesCount: 3 files	 FilesSize: 717 bytes	 TransferDuration: 0 ms	 Provider: aws_ec2	 ProducedFiles: ['tree_ORTHOMCL1490_Inner1.nexus', 'tree_ORTHOMCL1490_Inner2.nexus', 'tree_ORTHOMCL1490_Inner3.nexus']
[INFO] 2025-04-24T19:15:28.539Z END RequestId: uuid_2cae777a_282b_43b4_b6a1_91c92de153b0	 Activity: subtree_constructor	 Provider: aws_ec2
[INFO] 2025-04-24T19:15:28.539Z REPORT RequestId: uuid_2cae777a_282b_43b4_b6a1_91c92de153b0	 Duration: 101.99853219091892 ms	 Billed Duration: 102 ms	 Memory Size: MB	 Max Memory Used: MB	 Init Duration: ms	

[INFO] 2025-04-24T19:15:28.539Z START RequestId: uuid_c9750bdc_2a0d_4f15_be4e_108ef4c7759b	 Activity: subtree_constructor	 Provider: aws_ec2
[INFO] 2025-04-24T19:15:28.540Z FILE_TRANSFER RequestId: uuid_c9750bdc_2a0d_4f15_be4e_108ef4c7759b	 TransferType: consumed	 Action: download_from_s3	 FileName: tree_ORTHOMCL1965.nexus	 Bucket: denethor	 FilePath: tree/tree_ORTHOMCL1965.nexus	 FilePathLocal: .tmp/tree	 FileSize: 339 bytes	 TransferDuration: 0 ms
[INFO] 2025-04-24T19:15:28.540Z CONSUMED_FILES_INFO RequestId: uuid_c9750bdc_2a0d_4f15_be4e_108ef4c7759b	 FilesCount: 1 files	 FilesSize: 339 bytes	 TransferDuration: 0 ms	 ConsumedFiles: ['tree_ORTHOMCL1965.nexus']
[INFO] 2025-04-24T19:15:28.541Z SUBTREE_CONSTRUCTOR RequestId: uuid_c9750bdc_2a0d_4f15_be4e_108ef4c7759b	 Duration: 1.4783157967031002 ms	 InputTree: ['tree_ORTHOMCL1965.nexus']	 OutputSubtrees: ['tree_ORTHOMCL1965_Inner1.nexus', 'tree_ORTHOMCL1965_Inner2.nexus', 'tree_ORTHOMCL1965_Inner3.nexus']
[INFO] 2025-04-24T19:15:28.642Z FILE_TRANSFER RequestId: uuid_c9750bdc_2a0d_4f15_be4e_108ef4c7759b	 TransferType: produced	 Action: upload_to_s3	 FileName: tree_ORTHOMCL1965_Inner1.nexus	 Bucket: denethor	 FilePath: subtree/tree_ORTHOMCL1965_Inner1.nexus	 FilePathLocal: .tmp/subtree/tree_ORTHOMCL1965_Inner1.nexus	 FileSize: 185 bytes	 TransferDuration: 0 ms
[INFO] 2025-04-24T19:15:28.642Z FILE_TRANSFER RequestId: uuid_c9750bdc_2a0d_4f15_be4e_108ef4c7759b	 TransferType: produced	 Action: upload_to_s3	 FileName: tree_ORTHOMCL1965_Inner2.nexus	 Bucket: denethor	 FilePath: subtree/tree_ORTHOMCL1965_Inner2.nexus	 FilePathLocal: .tmp/subtree/tree_ORTHOMCL1965_Inner2.nexus	 FileSize: 185 bytes	 TransferDuration: 0 ms
[INFO] 2025-04-24T19:15:28.642Z FILE_TRANSFER RequestId: uuid_c9750bdc_2a0d_4f15_be4e_108ef4c7759b	 TransferType: produced	 Action: upload_to_s3	 FileName: tree_ORTHOMCL1965_Inner3.nexus	 Bucket: denethor	 FilePath: subtree/tree_ORTHOMCL1965_Inner3.nexus	 FilePathLocal: .tmp/subtree/tree_ORTHOMCL1965_Inner3.nexus	 FileSize: 339 bytes	 TransferDuration: 0 ms
[INFO] 2025-04-24T19:15:28.642Z PRODUCED_FILES_INFO RequestId: uuid_c9750bdc_2a0d_4f15_be4e_108ef4c7759b	 FilesCount: 3 files	 FilesSize: 709 bytes	 TransferDuration: 0 ms	 Provider: aws_ec2	 ProducedFiles: ['tree_ORTHOMCL1965_Inner1.nexus', 'tree_ORTHOMCL1965_Inner2.nexus', 'tree_ORTHOMCL1965_Inner3.nexus']
[INFO] 2025-04-24T19:15:28.642Z END RequestId: uuid_c9750bdc_2a0d_4f15_be4e_108ef4c7759b	 Activity: subtree_constructor	 Provider: aws_ec2
[INFO] 2025-04-24T19:15:28.642Z REPORT RequestId: uuid_c9750bdc_2a0d_4f15_be4e_108ef4c7759b	 Duration: 102.33076685108244 ms	 Billed Duration: 103 ms	 Memory Size: MB	 Max Memory Used: MB	 Init Duration: ms	

[INFO] 2025-04-24T19:15:28.642Z START RequestId: uuid_74fe6b6f_43a3_4415_bbc6_7f943d3e1d3d	 Activity: subtree_constructor	 Provider: aws_ec2
[INFO] 2025-04-24T19:15:28.642Z FILE_TRANSFER RequestId: uuid_74fe6b6f_43a3_4415_bbc6_7f943d3e1d3d	 TransferType: consumed	 Action: download_from_s3	 FileName: tree_ORTHOMCL2001.nexus	 Bucket: denethor	 FilePath: tree/tree_ORTHOMCL2001.nexus	 FilePathLocal: .tmp/tree	 FileSize: 347 bytes	 TransferDuration: 0 ms
[INFO] 2025-04-24T19:15:28.642Z CONSUMED_FILES_INFO RequestId: uuid_74fe6b6f_43a3_4415_bbc6_7f943d3e1d3d	 FilesCount: 1 files	 FilesSize: 347 bytes	 TransferDuration: 0 ms	 ConsumedFiles: ['tree_ORTHOMCL2001.nexus']
[INFO] 2025-04-24T19:15:28.643Z SUBTREE_CONSTRUCTOR RequestId: uuid_74fe6b6f_43a3_4415_bbc6_7f943d3e1d3d	 Duration: 1.3635738287121058 ms	 InputTree: ['tree_ORTHOMCL2001.nexus']	 OutputSubtrees: ['tree_ORTHOMCL2001_Inner1.nexus', 'tree_ORTHOMCL2001_Inner2.nexus', 'tree_ORTHOMCL2001_Inner3.nexus']
[INFO] 2025-04-24T19:15:28.744Z FILE_TRANSFER RequestId: uuid_74fe6b6f_43a3_4415_bbc6_7f943d3e1d3d	 TransferType: produced	 Action: upload_to_s3	 FileName: tree_ORTHOMCL2001_Inner1.nexus	 Bucket: denethor	 FilePath: subtree/tree_ORTHOMCL2001_Inner1.nexus	 FilePathLocal: .tmp/subtree/tree_ORTHOMCL2001_Inner1.nexus	 FileSize: 185 bytes	 TransferDuration: 0 ms
[INFO] 2025-04-24T19:15:28.744Z FILE_TRANSFER RequestId: uuid_74fe6b6f_43a3_4415_bbc6_7f943d3e1d3d	 TransferType: produced	 Action: upload_to_s3	 FileName: tree_ORTHOMCL2001_Inner2.nexus	 Bucket: denethor	 FilePath: subtree/tree_ORTHOMCL2001_Inner2.nexus	 FilePathLocal: .tmp/subtree/tree_ORTHOMCL2001_Inner2.nexus	 FileSize: 249 bytes	 TransferDuration: 0 ms
[INFO] 2025-04-24T19:15:28.744Z FILE_TRANSFER RequestId: uuid_74fe6b6f_43a3_4415_bbc6_7f943d3e1d3d	 TransferType: produced	 Action: upload_to_s3	 FileName: tree_ORTHOMCL2001_Inner3.nexus	 Bucket: denethor	 FilePath: subtree/tree_ORTHOMCL2001_Inner3.nexus	 FilePathLocal: .tmp/subtree/tree_ORTHOMCL2001_Inner3.nexus	 FileSize: 347 bytes	 TransferDuration: 0 ms
[INFO] 2025-04-24T19:15:28.744Z PRODUCED_FILES_INFO RequestId: uuid_74fe6b6f_43a3_4415_bbc6_7f943d3e1d3d	 FilesCount: 3 files	 FilesSize: 781 bytes	 TransferDuration: 0 ms	 Provider: aws_ec2	 ProducedFiles: ['tree_ORTHOMCL2001_Inner1.nexus', 'tree_ORTHOMCL2001_Inner2.nexus', 'tree_ORTHOMCL2001_Inner3.nexus']
[INFO] 2025-04-24T19:15:28.744Z END RequestId: uuid_74fe6b6f_43a3_4415_bbc6_7f943d3e1d3d	 Activity: subtree_constructor	 Provider: aws_ec2
[INFO] 2025-04-24T19:15:28.744Z REPORT RequestId: uuid_74fe6b6f_43a3_4415_bbc6_7f943d3e1d3d	 Duration: 102.3590499535203 ms	 Billed Duration: 103 ms	 Memory Size: MB	 Max Memory Used: MB	 Init Duration: ms	

