[INFO] 2025-04-24T19:17:38.795Z START RequestId: uuid_7b19f84a_32c5_4e2c_ad19_e70619368c27	 Activity: tree_constructor	 Provider: aws_ec2
[INFO] 2025-04-24T19:17:38.795Z FILE_TRANSFER RequestId: uuid_7b19f84a_32c5_4e2c_ad19_e70619368c27	 TransferType: consumed	 Action: download_from_s3	 FileName: ORTHOMCL364	 Bucket: denethor	 FilePath: data/full_dataset/ORTHOMCL364	 FilePathLocal: resources/data/full_dataset	 FileSize: 3184 bytes	 TransferDuration: 0 ms
[INFO] 2025-04-24T19:17:38.795Z CONSUMED_FILES_INFO RequestId: uuid_7b19f84a_32c5_4e2c_ad19_e70619368c27	 FilesCount: 1 files	 FilesSize: 3184 bytes	 TransferDuration: 0 ms	 ConsumedFiles: ['ORTHOMCL364']
[INFO] 2025-04-24T19:17:38.842Z TREE_CONSTRUCTOR RequestId: uuid_7b19f84a_32c5_4e2c_ad19_e70619368c27	 Duration: 47.048859065398574 ms	 InputFile:ORTHOMCL364	 OutputFile:['tree_ORTHOMCL364.nexus']
[INFO] 2025-04-24T19:17:38.942Z FILE_TRANSFER RequestId: uuid_7b19f84a_32c5_4e2c_ad19_e70619368c27	 TransferType: produced	 Action: upload_to_s3	 FileName: tree_ORTHOMCL364.nexus	 Bucket: denethor	 FilePath: tree/tree_ORTHOMCL364.nexus	 FilePathLocal: .tmp/tree/tree_ORTHOMCL364.nexus	 FileSize: 575 bytes	 TransferDuration: 0 ms
[INFO] 2025-04-24T19:17:38.942Z PRODUCED_FILES_INFO RequestId: uuid_7b19f84a_32c5_4e2c_ad19_e70619368c27	 FilesCount: 1 files	 FilesSize: 575 bytes	 TransferDuration: 0 ms	 Provider: aws_ec2	 ProducedFiles: ['tree_ORTHOMCL364.nexus']
[INFO] 2025-04-24T19:17:38.942Z END RequestId: uuid_7b19f84a_32c5_4e2c_ad19_e70619368c27	 Activity: tree_constructor	 Provider: aws_ec2
[INFO] 2025-04-24T19:17:38.942Z REPORT RequestId: uuid_7b19f84a_32c5_4e2c_ad19_e70619368c27	 Duration: 147.85443898290396 ms	 Billed Duration: 148 ms	 Memory Size: MB	 Max Memory Used: MB	 Init Duration: ms	

[INFO] 2025-04-24T19:17:38.943Z START RequestId: uuid_554929dc_23a4_4688_b93d_d4e5029de4f6	 Activity: tree_constructor	 Provider: aws_ec2
[INFO] 2025-04-24T19:17:38.943Z FILE_TRANSFER RequestId: uuid_554929dc_23a4_4688_b93d_d4e5029de4f6	 TransferType: consumed	 Action: download_from_s3	 FileName: ORTHOMCL371	 Bucket: denethor	 FilePath: data/full_dataset/ORTHOMCL371	 FilePathLocal: resources/data/full_dataset	 FileSize: 2740 bytes	 TransferDuration: 0 ms
[INFO] 2025-04-24T19:17:38.943Z CONSUMED_FILES_INFO RequestId: uuid_554929dc_23a4_4688_b93d_d4e5029de4f6	 FilesCount: 1 files	 FilesSize: 2740 bytes	 TransferDuration: 0 ms	 ConsumedFiles: ['ORTHOMCL371']
[INFO] 2025-04-24T19:17:38.976Z TREE_CONSTRUCTOR RequestId: uuid_554929dc_23a4_4688_b93d_d4e5029de4f6	 Duration: 32.922585029155016 ms	 InputFile:ORTHOMCL371	 OutputFile:['tree_ORTHOMCL371.nexus']
[INFO] 2025-04-24T19:17:39.076Z FILE_TRANSFER RequestId: uuid_554929dc_23a4_4688_b93d_d4e5029de4f6	 TransferType: produced	 Action: upload_to_s3	 FileName: tree_ORTHOMCL371.nexus	 Bucket: denethor	 FilePath: tree/tree_ORTHOMCL371.nexus	 FilePathLocal: .tmp/tree/tree_ORTHOMCL371.nexus	 FileSize: 511 bytes	 TransferDuration: 0 ms
[INFO] 2025-04-24T19:17:39.076Z PRODUCED_FILES_INFO RequestId: uuid_554929dc_23a4_4688_b93d_d4e5029de4f6	 FilesCount: 1 files	 FilesSize: 511 bytes	 TransferDuration: 0 ms	 Provider: aws_ec2	 ProducedFiles: ['tree_ORTHOMCL371.nexus']
[INFO] 2025-04-24T19:17:39.076Z END RequestId: uuid_554929dc_23a4_4688_b93d_d4e5029de4f6	 Activity: tree_constructor	 Provider: aws_ec2
[INFO] 2025-04-24T19:17:39.076Z REPORT RequestId: uuid_554929dc_23a4_4688_b93d_d4e5029de4f6	 Duration: 133.49570496939123 ms	 Billed Duration: 134 ms	 Memory Size: MB	 Max Memory Used: MB	 Init Duration: ms	

[INFO] 2025-04-24T19:17:39.076Z START RequestId: uuid_fe4ad5de_4be7_4f71_8977_4ba17018ceb9	 Activity: tree_constructor	 Provider: aws_ec2
[INFO] 2025-04-24T19:17:39.076Z FILE_TRANSFER RequestId: uuid_fe4ad5de_4be7_4f71_8977_4ba17018ceb9	 TransferType: consumed	 Action: download_from_s3	 FileName: ORTHOMCL374	 Bucket: denethor	 FilePath: data/full_dataset/ORTHOMCL374	 FilePathLocal: resources/data/full_dataset	 FileSize: 2587 bytes	 TransferDuration: 0 ms
[INFO] 2025-04-24T19:17:39.076Z CONSUMED_FILES_INFO RequestId: uuid_fe4ad5de_4be7_4f71_8977_4ba17018ceb9	 FilesCount: 1 files	 FilesSize: 2587 bytes	 TransferDuration: 0 ms	 ConsumedFiles: ['ORTHOMCL374']
[INFO] 2025-04-24T19:17:39.134Z TREE_CONSTRUCTOR RequestId: uuid_fe4ad5de_4be7_4f71_8977_4ba17018ceb9	 Duration: 58.018228970468044 ms	 InputFile:ORTHOMCL374	 OutputFile:['tree_ORTHOMCL374.nexus']
[INFO] 2025-04-24T19:17:39.235Z FILE_TRANSFER RequestId: uuid_fe4ad5de_4be7_4f71_8977_4ba17018ceb9	 TransferType: produced	 Action: upload_to_s3	 FileName: tree_ORTHOMCL374.nexus	 Bucket: denethor	 FilePath: tree/tree_ORTHOMCL374.nexus	 FilePathLocal: .tmp/tree/tree_ORTHOMCL374.nexus	 FileSize: 563 bytes	 TransferDuration: 0 ms
[INFO] 2025-04-24T19:17:39.235Z PRODUCED_FILES_INFO RequestId: uuid_fe4ad5de_4be7_4f71_8977_4ba17018ceb9	 FilesCount: 1 files	 FilesSize: 563 bytes	 TransferDuration: 0 ms	 Provider: aws_ec2	 ProducedFiles: ['tree_ORTHOMCL374.nexus']
[INFO] 2025-04-24T19:17:39.235Z END RequestId: uuid_fe4ad5de_4be7_4f71_8977_4ba17018ceb9	 Activity: tree_constructor	 Provider: aws_ec2
[INFO] 2025-04-24T19:17:39.235Z REPORT RequestId: uuid_fe4ad5de_4be7_4f71_8977_4ba17018ceb9	 Duration: 158.59243413433433 ms	 Billed Duration: 159 ms	 Memory Size: MB	 Max Memory Used: MB	 Init Duration: ms	

[INFO] 2025-04-24T19:17:39.235Z START RequestId: uuid_5d93af31_6ced_46fd_9a66_e9ecb6b7c898	 Activity: tree_constructor	 Provider: aws_ec2
[INFO] 2025-04-24T19:17:39.235Z FILE_TRANSFER RequestId: uuid_5d93af31_6ced_46fd_9a66_e9ecb6b7c898	 TransferType: consumed	 Action: download_from_s3	 FileName: ORTHOMCL524	 Bucket: denethor	 FilePath: data/full_dataset/ORTHOMCL524	 FilePathLocal: resources/data/full_dataset	 FileSize: 3997 bytes	 TransferDuration: 0 ms
[INFO] 2025-04-24T19:17:39.235Z CONSUMED_FILES_INFO RequestId: uuid_5d93af31_6ced_46fd_9a66_e9ecb6b7c898	 FilesCount: 1 files	 FilesSize: 3997 bytes	 TransferDuration: 0 ms	 ConsumedFiles: ['ORTHOMCL524']
[INFO] 2025-04-24T19:17:39.296Z TREE_CONSTRUCTOR RequestId: uuid_5d93af31_6ced_46fd_9a66_e9ecb6b7c898	 Duration: 61.3728160969913 ms	 InputFile:ORTHOMCL524	 OutputFile:['tree_ORTHOMCL524.nexus']
[INFO] 2025-04-24T19:17:39.397Z FILE_TRANSFER RequestId: uuid_5d93af31_6ced_46fd_9a66_e9ecb6b7c898	 TransferType: produced	 Action: upload_to_s3	 FileName: tree_ORTHOMCL524.nexus	 Bucket: denethor	 FilePath: tree/tree_ORTHOMCL524.nexus	 FilePathLocal: .tmp/tree/tree_ORTHOMCL524.nexus	 FileSize: 465 bytes	 TransferDuration: 0 ms
[INFO] 2025-04-24T19:17:39.397Z PRODUCED_FILES_INFO RequestId: uuid_5d93af31_6ced_46fd_9a66_e9ecb6b7c898	 FilesCount: 1 files	 FilesSize: 465 bytes	 TransferDuration: 0 ms	 Provider: aws_ec2	 ProducedFiles: ['tree_ORTHOMCL524.nexus']
[INFO] 2025-04-24T19:17:39.397Z END RequestId: uuid_5d93af31_6ced_46fd_9a66_e9ecb6b7c898	 Activity: tree_constructor	 Provider: aws_ec2
[INFO] 2025-04-24T19:17:39.397Z REPORT RequestId: uuid_5d93af31_6ced_46fd_9a66_e9ecb6b7c898	 Duration: 162.14608494192362 ms	 Billed Duration: 163 ms	 Memory Size: MB	 Max Memory Used: MB	 Init Duration: ms	

[INFO] 2025-04-24T19:17:39.397Z START RequestId: uuid_15520c58_640c_4e20_be21_a0200a851e4d	 Activity: tree_constructor	 Provider: aws_ec2
[INFO] 2025-04-24T19:17:39.397Z FILE_TRANSFER RequestId: uuid_15520c58_640c_4e20_be21_a0200a851e4d	 TransferType: consumed	 Action: download_from_s3	 FileName: ORTHOMCL537	 Bucket: denethor	 FilePath: data/full_dataset/ORTHOMCL537	 FilePathLocal: resources/data/full_dataset	 FileSize: 4297 bytes	 TransferDuration: 0 ms
[INFO] 2025-04-24T19:17:39.397Z CONSUMED_FILES_INFO RequestId: uuid_15520c58_640c_4e20_be21_a0200a851e4d	 FilesCount: 1 files	 FilesSize: 4297 bytes	 TransferDuration: 0 ms	 ConsumedFiles: ['ORTHOMCL537']
[INFO] 2025-04-24T19:17:39.426Z TREE_CONSTRUCTOR RequestId: uuid_15520c58_640c_4e20_be21_a0200a851e4d	 Duration: 29.037056025117636 ms	 InputFile:ORTHOMCL537	 OutputFile:['tree_ORTHOMCL537.nexus']
[INFO] 2025-04-24T19:17:39.527Z FILE_TRANSFER RequestId: uuid_15520c58_640c_4e20_be21_a0200a851e4d	 TransferType: produced	 Action: upload_to_s3	 FileName: tree_ORTHOMCL537.nexus	 Bucket: denethor	 FilePath: tree/tree_ORTHOMCL537.nexus	 FilePathLocal: .tmp/tree/tree_ORTHOMCL537.nexus	 FileSize: 461 bytes	 TransferDuration: 0 ms
[INFO] 2025-04-24T19:17:39.527Z PRODUCED_FILES_INFO RequestId: uuid_15520c58_640c_4e20_be21_a0200a851e4d	 FilesCount: 1 files	 FilesSize: 461 bytes	 TransferDuration: 0 ms	 Provider: aws_ec2	 ProducedFiles: ['tree_ORTHOMCL537.nexus']
[INFO] 2025-04-24T19:17:39.527Z END RequestId: uuid_15520c58_640c_4e20_be21_a0200a851e4d	 Activity: tree_constructor	 Provider: aws_ec2
[INFO] 2025-04-24T19:17:39.527Z REPORT RequestId: uuid_15520c58_640c_4e20_be21_a0200a851e4d	 Duration: 129.55772690474987 ms	 Billed Duration: 130 ms	 Memory Size: MB	 Max Memory Used: MB	 Init Duration: ms	

[INFO] 2025-04-24T19:17:39.527Z START RequestId: uuid_1a4269ed_c335_4692_91d0_e03ab151c191	 Activity: tree_constructor	 Provider: aws_ec2
[INFO] 2025-04-24T19:17:39.527Z FILE_TRANSFER RequestId: uuid_1a4269ed_c335_4692_91d0_e03ab151c191	 TransferType: consumed	 Action: download_from_s3	 FileName: ORTHOMCL557	 Bucket: denethor	 FilePath: data/full_dataset/ORTHOMCL557	 FilePathLocal: resources/data/full_dataset	 FileSize: 4463 bytes	 TransferDuration: 0 ms
[INFO] 2025-04-24T19:17:39.527Z CONSUMED_FILES_INFO RequestId: uuid_1a4269ed_c335_4692_91d0_e03ab151c191	 FilesCount: 1 files	 FilesSize: 4463 bytes	 TransferDuration: 0 ms	 ConsumedFiles: ['ORTHOMCL557']
[INFO] 2025-04-24T19:17:39.567Z TREE_CONSTRUCTOR RequestId: uuid_1a4269ed_c335_4692_91d0_e03ab151c191	 Duration: 40.18747410736978 ms	 InputFile:ORTHOMCL557	 OutputFile:['tree_ORTHOMCL557.nexus']
[INFO] 2025-04-24T19:17:39.667Z FILE_TRANSFER RequestId: uuid_1a4269ed_c335_4692_91d0_e03ab151c191	 TransferType: produced	 Action: upload_to_s3	 FileName: tree_ORTHOMCL557.nexus	 Bucket: denethor	 FilePath: tree/tree_ORTHOMCL557.nexus	 FilePathLocal: .tmp/tree/tree_ORTHOMCL557.nexus	 FileSize: 469 bytes	 TransferDuration: 0 ms
[INFO] 2025-04-24T19:17:39.668Z PRODUCED_FILES_INFO RequestId: uuid_1a4269ed_c335_4692_91d0_e03ab151c191	 FilesCount: 1 files	 FilesSize: 469 bytes	 TransferDuration: 0 ms	 Provider: aws_ec2	 ProducedFiles: ['tree_ORTHOMCL557.nexus']
[INFO] 2025-04-24T19:17:39.668Z END RequestId: uuid_1a4269ed_c335_4692_91d0_e03ab151c191	 Activity: tree_constructor	 Provider: aws_ec2
[INFO] 2025-04-24T19:17:39.668Z REPORT RequestId: uuid_1a4269ed_c335_4692_91d0_e03ab151c191	 Duration: 140.72009501978755 ms	 Billed Duration: 141 ms	 Memory Size: MB	 Max Memory Used: MB	 Init Duration: ms	

[INFO] 2025-04-24T19:17:39.668Z START RequestId: uuid_011f1f56_a6c3_4362_9eda_e0978880e2d0	 Activity: tree_constructor	 Provider: aws_ec2
[INFO] 2025-04-24T19:17:39.668Z FILE_TRANSFER RequestId: uuid_011f1f56_a6c3_4362_9eda_e0978880e2d0	 TransferType: consumed	 Action: download_from_s3	 FileName: ORTHOMCL617	 Bucket: denethor	 FilePath: data/full_dataset/ORTHOMCL617	 FilePathLocal: resources/data/full_dataset	 FileSize: 4299 bytes	 TransferDuration: 0 ms
[INFO] 2025-04-24T19:17:39.668Z CONSUMED_FILES_INFO RequestId: uuid_011f1f56_a6c3_4362_9eda_e0978880e2d0	 FilesCount: 1 files	 FilesSize: 4299 bytes	 TransferDuration: 0 ms	 ConsumedFiles: ['ORTHOMCL617']
[INFO] 2025-04-24T19:17:39.729Z TREE_CONSTRUCTOR RequestId: uuid_011f1f56_a6c3_4362_9eda_e0978880e2d0	 Duration: 61.556789092719555 ms	 InputFile:ORTHOMCL617	 OutputFile:['tree_ORTHOMCL617.nexus']
[INFO] 2025-04-24T19:17:39.830Z FILE_TRANSFER RequestId: uuid_011f1f56_a6c3_4362_9eda_e0978880e2d0	 TransferType: produced	 Action: upload_to_s3	 FileName: tree_ORTHOMCL617.nexus	 Bucket: denethor	 FilePath: tree/tree_ORTHOMCL617.nexus	 FilePathLocal: .tmp/tree/tree_ORTHOMCL617.nexus	 FileSize: 463 bytes	 TransferDuration: 0 ms
[INFO] 2025-04-24T19:17:39.830Z PRODUCED_FILES_INFO RequestId: uuid_011f1f56_a6c3_4362_9eda_e0978880e2d0	 FilesCount: 1 files	 FilesSize: 463 bytes	 TransferDuration: 0 ms	 Provider: aws_ec2	 ProducedFiles: ['tree_ORTHOMCL617.nexus']
[INFO] 2025-04-24T19:17:39.830Z END RequestId: uuid_011f1f56_a6c3_4362_9eda_e0978880e2d0	 Activity: tree_constructor	 Provider: aws_ec2
[INFO] 2025-04-24T19:17:39.830Z REPORT RequestId: uuid_011f1f56_a6c3_4362_9eda_e0978880e2d0	 Duration: 162.13554213754833 ms	 Billed Duration: 163 ms	 Memory Size: MB	 Max Memory Used: MB	 Init Duration: ms	

[INFO] 2025-04-24T19:17:39.830Z START RequestId: uuid_55b3d7ae_44b1_4f75_bbdf_e5044f3fec4a	 Activity: tree_constructor	 Provider: aws_ec2
[INFO] 2025-04-24T19:17:39.830Z FILE_TRANSFER RequestId: uuid_55b3d7ae_44b1_4f75_bbdf_e5044f3fec4a	 TransferType: consumed	 Action: download_from_s3	 FileName: ORTHOMCL650	 Bucket: denethor	 FilePath: data/full_dataset/ORTHOMCL650	 FilePathLocal: resources/data/full_dataset	 FileSize: 2309 bytes	 TransferDuration: 0 ms
[INFO] 2025-04-24T19:17:39.830Z CONSUMED_FILES_INFO RequestId: uuid_55b3d7ae_44b1_4f75_bbdf_e5044f3fec4a	 FilesCount: 1 files	 FilesSize: 2309 bytes	 TransferDuration: 0 ms	 ConsumedFiles: ['ORTHOMCL650']
[INFO] 2025-04-24T19:17:39.839Z TREE_CONSTRUCTOR RequestId: uuid_55b3d7ae_44b1_4f75_bbdf_e5044f3fec4a	 Duration: 9.31988493539393 ms	 InputFile:ORTHOMCL650	 OutputFile:['tree_ORTHOMCL650.nexus']
[INFO] 2025-04-24T19:17:39.940Z FILE_TRANSFER RequestId: uuid_55b3d7ae_44b1_4f75_bbdf_e5044f3fec4a	 TransferType: produced	 Action: upload_to_s3	 FileName: tree_ORTHOMCL650.nexus	 Bucket: denethor	 FilePath: tree/tree_ORTHOMCL650.nexus	 FilePathLocal: .tmp/tree/tree_ORTHOMCL650.nexus	 FileSize: 461 bytes	 TransferDuration: 0 ms
[INFO] 2025-04-24T19:17:39.940Z PRODUCED_FILES_INFO RequestId: uuid_55b3d7ae_44b1_4f75_bbdf_e5044f3fec4a	 FilesCount: 1 files	 FilesSize: 461 bytes	 TransferDuration: 0 ms	 Provider: aws_ec2	 ProducedFiles: ['tree_ORTHOMCL650.nexus']
[INFO] 2025-04-24T19:17:39.940Z END RequestId: uuid_55b3d7ae_44b1_4f75_bbdf_e5044f3fec4a	 Activity: tree_constructor	 Provider: aws_ec2
[INFO] 2025-04-24T19:17:39.940Z REPORT RequestId: uuid_55b3d7ae_44b1_4f75_bbdf_e5044f3fec4a	 Duration: 109.82463788241148 ms	 Billed Duration: 110 ms	 Memory Size: MB	 Max Memory Used: MB	 Init Duration: ms	

[INFO] 2025-04-24T19:17:39.940Z START RequestId: uuid_e0b9feab_cf93_4175_90f8_e4ecc99f10e3	 Activity: tree_constructor	 Provider: aws_ec2
[INFO] 2025-04-24T19:17:39.940Z FILE_TRANSFER RequestId: uuid_e0b9feab_cf93_4175_90f8_e4ecc99f10e3	 TransferType: consumed	 Action: download_from_s3	 FileName: ORTHOMCL667	 Bucket: denethor	 FilePath: data/full_dataset/ORTHOMCL667	 FilePathLocal: resources/data/full_dataset	 FileSize: 3431 bytes	 TransferDuration: 0 ms
[INFO] 2025-04-24T19:17:39.940Z CONSUMED_FILES_INFO RequestId: uuid_e0b9feab_cf93_4175_90f8_e4ecc99f10e3	 FilesCount: 1 files	 FilesSize: 3431 bytes	 TransferDuration: 0 ms	 ConsumedFiles: ['ORTHOMCL667']
[INFO] 2025-04-24T19:17:40.003Z TREE_CONSTRUCTOR RequestId: uuid_e0b9feab_cf93_4175_90f8_e4ecc99f10e3	 Duration: 62.530711060389876 ms	 InputFile:ORTHOMCL667	 OutputFile:['tree_ORTHOMCL667.nexus']
[INFO] 2025-04-24T19:17:40.103Z FILE_TRANSFER RequestId: uuid_e0b9feab_cf93_4175_90f8_e4ecc99f10e3	 TransferType: produced	 Action: upload_to_s3	 FileName: tree_ORTHOMCL667.nexus	 Bucket: denethor	 FilePath: tree/tree_ORTHOMCL667.nexus	 FilePathLocal: .tmp/tree/tree_ORTHOMCL667.nexus	 FileSize: 459 bytes	 TransferDuration: 0 ms
[INFO] 2025-04-24T19:17:40.103Z PRODUCED_FILES_INFO RequestId: uuid_e0b9feab_cf93_4175_90f8_e4ecc99f10e3	 FilesCount: 1 files	 FilesSize: 459 bytes	 TransferDuration: 0 ms	 Provider: aws_ec2	 ProducedFiles: ['tree_ORTHOMCL667.nexus']
[INFO] 2025-04-24T19:17:40.103Z END RequestId: uuid_e0b9feab_cf93_4175_90f8_e4ecc99f10e3	 Activity: tree_constructor	 Provider: aws_ec2
[INFO] 2025-04-24T19:17:40.103Z REPORT RequestId: uuid_e0b9feab_cf93_4175_90f8_e4ecc99f10e3	 Duration: 163.0804887972772 ms	 Billed Duration: 164 ms	 Memory Size: MB	 Max Memory Used: MB	 Init Duration: ms	

[INFO] 2025-04-24T19:17:40.103Z START RequestId: uuid_27a35a5e_362b_4ec7_95af_931661025567	 Activity: tree_constructor	 Provider: aws_ec2
[INFO] 2025-04-24T19:17:40.103Z FILE_TRANSFER RequestId: uuid_27a35a5e_362b_4ec7_95af_931661025567	 TransferType: consumed	 Action: download_from_s3	 FileName: ORTHOMCL680	 Bucket: denethor	 FilePath: data/full_dataset/ORTHOMCL680	 FilePathLocal: resources/data/full_dataset	 FileSize: 3908 bytes	 TransferDuration: 0 ms
[INFO] 2025-04-24T19:17:40.103Z CONSUMED_FILES_INFO RequestId: uuid_27a35a5e_362b_4ec7_95af_931661025567	 FilesCount: 1 files	 FilesSize: 3908 bytes	 TransferDuration: 0 ms	 ConsumedFiles: ['ORTHOMCL680']
[INFO] 2025-04-24T19:17:40.149Z TREE_CONSTRUCTOR RequestId: uuid_27a35a5e_362b_4ec7_95af_931661025567	 Duration: 46.00491910241544 ms	 InputFile:ORTHOMCL680	 OutputFile:['tree_ORTHOMCL680.nexus']
[INFO] 2025-04-24T19:17:40.249Z FILE_TRANSFER RequestId: uuid_27a35a5e_362b_4ec7_95af_931661025567	 TransferType: produced	 Action: upload_to_s3	 FileName: tree_ORTHOMCL680.nexus	 Bucket: denethor	 FilePath: tree/tree_ORTHOMCL680.nexus	 FilePathLocal: .tmp/tree/tree_ORTHOMCL680.nexus	 FileSize: 461 bytes	 TransferDuration: 0 ms
[INFO] 2025-04-24T19:17:40.250Z PRODUCED_FILES_INFO RequestId: uuid_27a35a5e_362b_4ec7_95af_931661025567	 FilesCount: 1 files	 FilesSize: 461 bytes	 TransferDuration: 0 ms	 Provider: aws_ec2	 ProducedFiles: ['tree_ORTHOMCL680.nexus']
[INFO] 2025-04-24T19:17:40.250Z END RequestId: uuid_27a35a5e_362b_4ec7_95af_931661025567	 Activity: tree_constructor	 Provider: aws_ec2
[INFO] 2025-04-24T19:17:40.250Z REPORT RequestId: uuid_27a35a5e_362b_4ec7_95af_931661025567	 Duration: 146.5176900383085 ms	 Billed Duration: 147 ms	 Memory Size: MB	 Max Memory Used: MB	 Init Duration: ms	

[INFO] 2025-04-24T19:17:40.250Z START RequestId: uuid_9e0b4667_d22d_47d4_bcf2_e22c17ed789a	 Activity: tree_constructor	 Provider: aws_ec2
[INFO] 2025-04-24T19:17:40.250Z FILE_TRANSFER RequestId: uuid_9e0b4667_d22d_47d4_bcf2_e22c17ed789a	 TransferType: consumed	 Action: download_from_s3	 FileName: ORTHOMCL721	 Bucket: denethor	 FilePath: data/full_dataset/ORTHOMCL721	 FilePathLocal: resources/data/full_dataset	 FileSize: 4252 bytes	 TransferDuration: 0 ms
[INFO] 2025-04-24T19:17:40.250Z CONSUMED_FILES_INFO RequestId: uuid_9e0b4667_d22d_47d4_bcf2_e22c17ed789a	 FilesCount: 1 files	 FilesSize: 4252 bytes	 TransferDuration: 0 ms	 ConsumedFiles: ['ORTHOMCL721']
[INFO] 2025-04-24T19:17:40.295Z TREE_CONSTRUCTOR RequestId: uuid_9e0b4667_d22d_47d4_bcf2_e22c17ed789a	 Duration: 45.19282910041511 ms	 InputFile:ORTHOMCL721	 OutputFile:['tree_ORTHOMCL721.nexus']
[INFO] 2025-04-24T19:17:40.395Z FILE_TRANSFER RequestId: uuid_9e0b4667_d22d_47d4_bcf2_e22c17ed789a	 TransferType: produced	 Action: upload_to_s3	 FileName: tree_ORTHOMCL721.nexus	 Bucket: denethor	 FilePath: tree/tree_ORTHOMCL721.nexus	 FilePathLocal: .tmp/tree/tree_ORTHOMCL721.nexus	 FileSize: 415 bytes	 TransferDuration: 0 ms
[INFO] 2025-04-24T19:17:40.396Z PRODUCED_FILES_INFO RequestId: uuid_9e0b4667_d22d_47d4_bcf2_e22c17ed789a	 FilesCount: 1 files	 FilesSize: 415 bytes	 TransferDuration: 0 ms	 Provider: aws_ec2	 ProducedFiles: ['tree_ORTHOMCL721.nexus']
[INFO] 2025-04-24T19:17:40.396Z END RequestId: uuid_9e0b4667_d22d_47d4_bcf2_e22c17ed789a	 Activity: tree_constructor	 Provider: aws_ec2
[INFO] 2025-04-24T19:17:40.396Z REPORT RequestId: uuid_9e0b4667_d22d_47d4_bcf2_e22c17ed789a	 Duration: 145.72605001740158 ms	 Billed Duration: 146 ms	 Memory Size: MB	 Max Memory Used: MB	 Init Duration: ms	

[INFO] 2025-04-24T19:17:40.396Z START RequestId: uuid_6dd38f8a_550c_4cb2_86b6_fed016e58a3b	 Activity: tree_constructor	 Provider: aws_ec2
[INFO] 2025-04-24T19:17:40.396Z FILE_TRANSFER RequestId: uuid_6dd38f8a_550c_4cb2_86b6_fed016e58a3b	 TransferType: consumed	 Action: download_from_s3	 FileName: ORTHOMCL733	 Bucket: denethor	 FilePath: data/full_dataset/ORTHOMCL733	 FilePathLocal: resources/data/full_dataset	 FileSize: 3513 bytes	 TransferDuration: 0 ms
[INFO] 2025-04-24T19:17:40.396Z CONSUMED_FILES_INFO RequestId: uuid_6dd38f8a_550c_4cb2_86b6_fed016e58a3b	 FilesCount: 1 files	 FilesSize: 3513 bytes	 TransferDuration: 0 ms	 ConsumedFiles: ['ORTHOMCL733']
[INFO] 2025-04-24T19:17:40.419Z TREE_CONSTRUCTOR RequestId: uuid_6dd38f8a_550c_4cb2_86b6_fed016e58a3b	 Duration: 23.463184013962746 ms	 InputFile:ORTHOMCL733	 OutputFile:['tree_ORTHOMCL733.nexus']
[INFO] 2025-04-24T19:17:40.520Z FILE_TRANSFER RequestId: uuid_6dd38f8a_550c_4cb2_86b6_fed016e58a3b	 TransferType: produced	 Action: upload_to_s3	 FileName: tree_ORTHOMCL733.nexus	 Bucket: denethor	 FilePath: tree/tree_ORTHOMCL733.nexus	 FilePathLocal: .tmp/tree/tree_ORTHOMCL733.nexus	 FileSize: 415 bytes	 TransferDuration: 0 ms
[INFO] 2025-04-24T19:17:40.520Z PRODUCED_FILES_INFO RequestId: uuid_6dd38f8a_550c_4cb2_86b6_fed016e58a3b	 FilesCount: 1 files	 FilesSize: 415 bytes	 TransferDuration: 0 ms	 Provider: aws_ec2	 ProducedFiles: ['tree_ORTHOMCL733.nexus']
[INFO] 2025-04-24T19:17:40.520Z END RequestId: uuid_6dd38f8a_550c_4cb2_86b6_fed016e58a3b	 Activity: tree_constructor	 Provider: aws_ec2
[INFO] 2025-04-24T19:17:40.520Z REPORT RequestId: uuid_6dd38f8a_550c_4cb2_86b6_fed016e58a3b	 Duration: 124.13351400755346 ms	 Billed Duration: 125 ms	 Memory Size: MB	 Max Memory Used: MB	 Init Duration: ms	

[INFO] 2025-04-24T19:17:40.520Z START RequestId: uuid_f5ede126_7dd2_4bb8_b218_59c9bb2df970	 Activity: tree_constructor	 Provider: aws_ec2
[INFO] 2025-04-24T19:17:40.520Z FILE_TRANSFER RequestId: uuid_f5ede126_7dd2_4bb8_b218_59c9bb2df970	 TransferType: consumed	 Action: download_from_s3	 FileName: ORTHOMCL741	 Bucket: denethor	 FilePath: data/full_dataset/ORTHOMCL741	 FilePathLocal: resources/data/full_dataset	 FileSize: 4440 bytes	 TransferDuration: 0 ms
[INFO] 2025-04-24T19:17:40.520Z CONSUMED_FILES_INFO RequestId: uuid_f5ede126_7dd2_4bb8_b218_59c9bb2df970	 FilesCount: 1 files	 FilesSize: 4440 bytes	 TransferDuration: 0 ms	 ConsumedFiles: ['ORTHOMCL741']
[INFO] 2025-04-24T19:17:40.573Z TREE_CONSTRUCTOR RequestId: uuid_f5ede126_7dd2_4bb8_b218_59c9bb2df970	 Duration: 53.32097806967795 ms	 InputFile:ORTHOMCL741	 OutputFile:['tree_ORTHOMCL741.nexus']
[INFO] 2025-04-24T19:17:40.674Z FILE_TRANSFER RequestId: uuid_f5ede126_7dd2_4bb8_b218_59c9bb2df970	 TransferType: produced	 Action: upload_to_s3	 FileName: tree_ORTHOMCL741.nexus	 Bucket: denethor	 FilePath: tree/tree_ORTHOMCL741.nexus	 FilePathLocal: .tmp/tree/tree_ORTHOMCL741.nexus	 FileSize: 407 bytes	 TransferDuration: 0 ms
[INFO] 2025-04-24T19:17:40.674Z PRODUCED_FILES_INFO RequestId: uuid_f5ede126_7dd2_4bb8_b218_59c9bb2df970	 FilesCount: 1 files	 FilesSize: 407 bytes	 TransferDuration: 0 ms	 Provider: aws_ec2	 ProducedFiles: ['tree_ORTHOMCL741.nexus']
[INFO] 2025-04-24T19:17:40.674Z END RequestId: uuid_f5ede126_7dd2_4bb8_b218_59c9bb2df970	 Activity: tree_constructor	 Provider: aws_ec2
[INFO] 2025-04-24T19:17:40.674Z REPORT RequestId: uuid_f5ede126_7dd2_4bb8_b218_59c9bb2df970	 Duration: 154.24544108100235 ms	 Billed Duration: 155 ms	 Memory Size: MB	 Max Memory Used: MB	 Init Duration: ms	

[INFO] 2025-04-24T19:17:40.674Z START RequestId: uuid_4ec2b31f_376f_4d61_9bd5_a754ce8c3b31	 Activity: tree_constructor	 Provider: aws_ec2
[INFO] 2025-04-24T19:17:40.674Z FILE_TRANSFER RequestId: uuid_4ec2b31f_376f_4d61_9bd5_a754ce8c3b31	 TransferType: consumed	 Action: download_from_s3	 FileName: ORTHOMCL750	 Bucket: denethor	 FilePath: data/full_dataset/ORTHOMCL750	 FilePathLocal: resources/data/full_dataset	 FileSize: 4817 bytes	 TransferDuration: 0 ms
[INFO] 2025-04-24T19:17:40.674Z CONSUMED_FILES_INFO RequestId: uuid_4ec2b31f_376f_4d61_9bd5_a754ce8c3b31	 FilesCount: 1 files	 FilesSize: 4817 bytes	 TransferDuration: 0 ms	 ConsumedFiles: ['ORTHOMCL750']
[INFO] 2025-04-24T19:17:40.764Z TREE_CONSTRUCTOR RequestId: uuid_4ec2b31f_376f_4d61_9bd5_a754ce8c3b31	 Duration: 89.09808099269867 ms	 InputFile:ORTHOMCL750	 OutputFile:['tree_ORTHOMCL750.nexus']
[INFO] 2025-04-24T19:17:40.864Z FILE_TRANSFER RequestId: uuid_4ec2b31f_376f_4d61_9bd5_a754ce8c3b31	 TransferType: produced	 Action: upload_to_s3	 FileName: tree_ORTHOMCL750.nexus	 Bucket: denethor	 FilePath: tree/tree_ORTHOMCL750.nexus	 FilePathLocal: .tmp/tree/tree_ORTHOMCL750.nexus	 FileSize: 405 bytes	 TransferDuration: 0 ms
[INFO] 2025-04-24T19:17:40.864Z PRODUCED_FILES_INFO RequestId: uuid_4ec2b31f_376f_4d61_9bd5_a754ce8c3b31	 FilesCount: 1 files	 FilesSize: 405 bytes	 TransferDuration: 0 ms	 Provider: aws_ec2	 ProducedFiles: ['tree_ORTHOMCL750.nexus']
[INFO] 2025-04-24T19:17:40.864Z END RequestId: uuid_4ec2b31f_376f_4d61_9bd5_a754ce8c3b31	 Activity: tree_constructor	 Provider: aws_ec2
[INFO] 2025-04-24T19:17:40.864Z REPORT RequestId: uuid_4ec2b31f_376f_4d61_9bd5_a754ce8c3b31	 Duration: 189.63044811971486 ms	 Billed Duration: 190 ms	 Memory Size: MB	 Max Memory Used: MB	 Init Duration: ms	

[INFO] 2025-04-24T19:17:40.864Z START RequestId: uuid_98149c42_b668_482f_9b9b_1db04d89828e	 Activity: tree_constructor	 Provider: aws_ec2
[INFO] 2025-04-24T19:17:40.864Z FILE_TRANSFER RequestId: uuid_98149c42_b668_482f_9b9b_1db04d89828e	 TransferType: consumed	 Action: download_from_s3	 FileName: ORTHOMCL787	 Bucket: denethor	 FilePath: data/full_dataset/ORTHOMCL787	 FilePathLocal: resources/data/full_dataset	 FileSize: 4226 bytes	 TransferDuration: 0 ms
[INFO] 2025-04-24T19:17:40.864Z CONSUMED_FILES_INFO RequestId: uuid_98149c42_b668_482f_9b9b_1db04d89828e	 FilesCount: 1 files	 FilesSize: 4226 bytes	 TransferDuration: 0 ms	 ConsumedFiles: ['ORTHOMCL787']
[INFO] 2025-04-24T19:17:40.917Z TREE_CONSTRUCTOR RequestId: uuid_98149c42_b668_482f_9b9b_1db04d89828e	 Duration: 52.96342703513801 ms	 InputFile:ORTHOMCL787	 OutputFile:['tree_ORTHOMCL787.nexus']
[INFO] 2025-04-24T19:17:41.017Z FILE_TRANSFER RequestId: uuid_98149c42_b668_482f_9b9b_1db04d89828e	 TransferType: produced	 Action: upload_to_s3	 FileName: tree_ORTHOMCL787.nexus	 Bucket: denethor	 FilePath: tree/tree_ORTHOMCL787.nexus	 FilePathLocal: .tmp/tree/tree_ORTHOMCL787.nexus	 FileSize: 413 bytes	 TransferDuration: 0 ms
[INFO] 2025-04-24T19:17:41.018Z PRODUCED_FILES_INFO RequestId: uuid_98149c42_b668_482f_9b9b_1db04d89828e	 FilesCount: 1 files	 FilesSize: 413 bytes	 TransferDuration: 0 ms	 Provider: aws_ec2	 ProducedFiles: ['tree_ORTHOMCL787.nexus']
[INFO] 2025-04-24T19:17:41.018Z END RequestId: uuid_98149c42_b668_482f_9b9b_1db04d89828e	 Activity: tree_constructor	 Provider: aws_ec2
[INFO] 2025-04-24T19:17:41.018Z REPORT RequestId: uuid_98149c42_b668_482f_9b9b_1db04d89828e	 Duration: 153.50265009328723 ms	 Billed Duration: 154 ms	 Memory Size: MB	 Max Memory Used: MB	 Init Duration: ms	

[INFO] 2025-04-24T19:17:41.018Z START RequestId: uuid_e4c3f19a_c336_4895_924d_67b1622e1ebc	 Activity: tree_constructor	 Provider: aws_ec2
[INFO] 2025-04-24T19:17:41.018Z FILE_TRANSFER RequestId: uuid_e4c3f19a_c336_4895_924d_67b1622e1ebc	 TransferType: consumed	 Action: download_from_s3	 FileName: ORTHOMCL818	 Bucket: denethor	 FilePath: data/full_dataset/ORTHOMCL818	 FilePathLocal: resources/data/full_dataset	 FileSize: 2732 bytes	 TransferDuration: 0 ms
[INFO] 2025-04-24T19:17:41.018Z CONSUMED_FILES_INFO RequestId: uuid_e4c3f19a_c336_4895_924d_67b1622e1ebc	 FilesCount: 1 files	 FilesSize: 2732 bytes	 TransferDuration: 0 ms	 ConsumedFiles: ['ORTHOMCL818']
[INFO] 2025-04-24T19:17:41.031Z TREE_CONSTRUCTOR RequestId: uuid_e4c3f19a_c336_4895_924d_67b1622e1ebc	 Duration: 13.247953960672021 ms	 InputFile:ORTHOMCL818	 OutputFile:['tree_ORTHOMCL818.nexus']
[INFO] 2025-04-24T19:17:41.131Z FILE_TRANSFER RequestId: uuid_e4c3f19a_c336_4895_924d_67b1622e1ebc	 TransferType: produced	 Action: upload_to_s3	 FileName: tree_ORTHOMCL818.nexus	 Bucket: denethor	 FilePath: tree/tree_ORTHOMCL818.nexus	 FilePathLocal: .tmp/tree/tree_ORTHOMCL818.nexus	 FileSize: 405 bytes	 TransferDuration: 0 ms
[INFO] 2025-04-24T19:17:41.131Z PRODUCED_FILES_INFO RequestId: uuid_e4c3f19a_c336_4895_924d_67b1622e1ebc	 FilesCount: 1 files	 FilesSize: 405 bytes	 TransferDuration: 0 ms	 Provider: aws_ec2	 ProducedFiles: ['tree_ORTHOMCL818.nexus']
[INFO] 2025-04-24T19:17:41.131Z END RequestId: uuid_e4c3f19a_c336_4895_924d_67b1622e1ebc	 Activity: tree_constructor	 Provider: aws_ec2
[INFO] 2025-04-24T19:17:41.132Z REPORT RequestId: uuid_e4c3f19a_c336_4895_924d_67b1622e1ebc	 Duration: 113.75897494144738 ms	 Billed Duration: 114 ms	 Memory Size: MB	 Max Memory Used: MB	 Init Duration: ms	

[INFO] 2025-04-24T19:17:41.132Z START RequestId: uuid_66692ec9_e84d_426e_9da5_6e118e90e44a	 Activity: tree_constructor	 Provider: aws_ec2
[INFO] 2025-04-24T19:17:41.132Z FILE_TRANSFER RequestId: uuid_66692ec9_e84d_426e_9da5_6e118e90e44a	 TransferType: consumed	 Action: download_from_s3	 FileName: ORTHOMCL833	 Bucket: denethor	 FilePath: data/full_dataset/ORTHOMCL833	 FilePathLocal: resources/data/full_dataset	 FileSize: 3220 bytes	 TransferDuration: 0 ms
[INFO] 2025-04-24T19:17:41.132Z CONSUMED_FILES_INFO RequestId: uuid_66692ec9_e84d_426e_9da5_6e118e90e44a	 FilesCount: 1 files	 FilesSize: 3220 bytes	 TransferDuration: 0 ms	 ConsumedFiles: ['ORTHOMCL833']
[INFO] 2025-04-24T19:17:41.173Z TREE_CONSTRUCTOR RequestId: uuid_66692ec9_e84d_426e_9da5_6e118e90e44a	 Duration: 41.09083488583565 ms	 InputFile:ORTHOMCL833	 OutputFile:['tree_ORTHOMCL833.nexus']
[INFO] 2025-04-24T19:17:41.273Z FILE_TRANSFER RequestId: uuid_66692ec9_e84d_426e_9da5_6e118e90e44a	 TransferType: produced	 Action: upload_to_s3	 FileName: tree_ORTHOMCL833.nexus	 Bucket: denethor	 FilePath: tree/tree_ORTHOMCL833.nexus	 FilePathLocal: .tmp/tree/tree_ORTHOMCL833.nexus	 FileSize: 397 bytes	 TransferDuration: 0 ms
[INFO] 2025-04-24T19:17:41.273Z PRODUCED_FILES_INFO RequestId: uuid_66692ec9_e84d_426e_9da5_6e118e90e44a	 FilesCount: 1 files	 FilesSize: 397 bytes	 TransferDuration: 0 ms	 Provider: aws_ec2	 ProducedFiles: ['tree_ORTHOMCL833.nexus']
[INFO] 2025-04-24T19:17:41.273Z END RequestId: uuid_66692ec9_e84d_426e_9da5_6e118e90e44a	 Activity: tree_constructor	 Provider: aws_ec2
[INFO] 2025-04-24T19:17:41.273Z REPORT RequestId: uuid_66692ec9_e84d_426e_9da5_6e118e90e44a	 Duration: 141.74826792441308 ms	 Billed Duration: 142 ms	 Memory Size: MB	 Max Memory Used: MB	 Init Duration: ms	

[INFO] 2025-04-24T19:17:41.273Z START RequestId: uuid_26483c29_b435_4a9e_ab9f_492aba36ae19	 Activity: tree_constructor	 Provider: aws_ec2
[INFO] 2025-04-24T19:17:41.274Z FILE_TRANSFER RequestId: uuid_26483c29_b435_4a9e_ab9f_492aba36ae19	 TransferType: consumed	 Action: download_from_s3	 FileName: ORTHOMCL835	 Bucket: denethor	 FilePath: data/full_dataset/ORTHOMCL835	 FilePathLocal: resources/data/full_dataset	 FileSize: 3838 bytes	 TransferDuration: 0 ms
[INFO] 2025-04-24T19:17:41.274Z CONSUMED_FILES_INFO RequestId: uuid_26483c29_b435_4a9e_ab9f_492aba36ae19	 FilesCount: 1 files	 FilesSize: 3838 bytes	 TransferDuration: 0 ms	 ConsumedFiles: ['ORTHOMCL835']
[INFO] 2025-04-24T19:17:41.303Z TREE_CONSTRUCTOR RequestId: uuid_26483c29_b435_4a9e_ab9f_492aba36ae19	 Duration: 29.482308076694608 ms	 InputFile:ORTHOMCL835	 OutputFile:['tree_ORTHOMCL835.nexus']
[INFO] 2025-04-24T19:17:41.403Z FILE_TRANSFER RequestId: uuid_26483c29_b435_4a9e_ab9f_492aba36ae19	 TransferType: produced	 Action: upload_to_s3	 FileName: tree_ORTHOMCL835.nexus	 Bucket: denethor	 FilePath: tree/tree_ORTHOMCL835.nexus	 FilePathLocal: .tmp/tree/tree_ORTHOMCL835.nexus	 FileSize: 397 bytes	 TransferDuration: 0 ms
[INFO] 2025-04-24T19:17:41.403Z PRODUCED_FILES_INFO RequestId: uuid_26483c29_b435_4a9e_ab9f_492aba36ae19	 FilesCount: 1 files	 FilesSize: 397 bytes	 TransferDuration: 0 ms	 Provider: aws_ec2	 ProducedFiles: ['tree_ORTHOMCL835.nexus']
[INFO] 2025-04-24T19:17:41.404Z END RequestId: uuid_26483c29_b435_4a9e_ab9f_492aba36ae19	 Activity: tree_constructor	 Provider: aws_ec2
[INFO] 2025-04-24T19:17:41.404Z REPORT RequestId: uuid_26483c29_b435_4a9e_ab9f_492aba36ae19	 Duration: 130.04702515900135 ms	 Billed Duration: 131 ms	 Memory Size: MB	 Max Memory Used: MB	 Init Duration: ms	

[INFO] 2025-04-24T19:17:41.404Z START RequestId: uuid_9f13574e_59d7_4e6a_8c50_0e2ccdeaaed2	 Activity: tree_constructor	 Provider: aws_ec2
[INFO] 2025-04-24T19:17:41.404Z FILE_TRANSFER RequestId: uuid_9f13574e_59d7_4e6a_8c50_0e2ccdeaaed2	 TransferType: consumed	 Action: download_from_s3	 FileName: ORTHOMCL836	 Bucket: denethor	 FilePath: data/full_dataset/ORTHOMCL836	 FilePathLocal: resources/data/full_dataset	 FileSize: 4754 bytes	 TransferDuration: 0 ms
[INFO] 2025-04-24T19:17:41.404Z CONSUMED_FILES_INFO RequestId: uuid_9f13574e_59d7_4e6a_8c50_0e2ccdeaaed2	 FilesCount: 1 files	 FilesSize: 4754 bytes	 TransferDuration: 0 ms	 ConsumedFiles: ['ORTHOMCL836']
[INFO] 2025-04-24T19:17:41.454Z TREE_CONSTRUCTOR RequestId: uuid_9f13574e_59d7_4e6a_8c50_0e2ccdeaaed2	 Duration: 50.039718160405755 ms	 InputFile:ORTHOMCL836	 OutputFile:['tree_ORTHOMCL836.nexus']
[INFO] 2025-04-24T19:17:41.554Z FILE_TRANSFER RequestId: uuid_9f13574e_59d7_4e6a_8c50_0e2ccdeaaed2	 TransferType: produced	 Action: upload_to_s3	 FileName: tree_ORTHOMCL836.nexus	 Bucket: denethor	 FilePath: tree/tree_ORTHOMCL836.nexus	 FilePathLocal: .tmp/tree/tree_ORTHOMCL836.nexus	 FileSize: 413 bytes	 TransferDuration: 0 ms
[INFO] 2025-04-24T19:17:41.554Z PRODUCED_FILES_INFO RequestId: uuid_9f13574e_59d7_4e6a_8c50_0e2ccdeaaed2	 FilesCount: 1 files	 FilesSize: 413 bytes	 TransferDuration: 0 ms	 Provider: aws_ec2	 ProducedFiles: ['tree_ORTHOMCL836.nexus']
[INFO] 2025-04-24T19:17:41.554Z END RequestId: uuid_9f13574e_59d7_4e6a_8c50_0e2ccdeaaed2	 Activity: tree_constructor	 Provider: aws_ec2
[INFO] 2025-04-24T19:17:41.554Z REPORT RequestId: uuid_9f13574e_59d7_4e6a_8c50_0e2ccdeaaed2	 Duration: 150.55684512481093 ms	 Billed Duration: 151 ms	 Memory Size: MB	 Max Memory Used: MB	 Init Duration: ms	

[INFO] 2025-04-24T19:17:41.554Z START RequestId: uuid_247413e9_4f51_4947_971b_f393da8eb389	 Activity: tree_constructor	 Provider: aws_ec2
[INFO] 2025-04-24T19:17:41.554Z FILE_TRANSFER RequestId: uuid_247413e9_4f51_4947_971b_f393da8eb389	 TransferType: consumed	 Action: download_from_s3	 FileName: ORTHOMCL838	 Bucket: denethor	 FilePath: data/full_dataset/ORTHOMCL838	 FilePathLocal: resources/data/full_dataset	 FileSize: 3024 bytes	 TransferDuration: 0 ms
[INFO] 2025-04-24T19:17:41.554Z CONSUMED_FILES_INFO RequestId: uuid_247413e9_4f51_4947_971b_f393da8eb389	 FilesCount: 1 files	 FilesSize: 3024 bytes	 TransferDuration: 0 ms	 ConsumedFiles: ['ORTHOMCL838']
[INFO] 2025-04-24T19:17:41.577Z TREE_CONSTRUCTOR RequestId: uuid_247413e9_4f51_4947_971b_f393da8eb389	 Duration: 22.458554012700915 ms	 InputFile:ORTHOMCL838	 OutputFile:['tree_ORTHOMCL838.nexus']
[INFO] 2025-04-24T19:17:41.677Z FILE_TRANSFER RequestId: uuid_247413e9_4f51_4947_971b_f393da8eb389	 TransferType: produced	 Action: upload_to_s3	 FileName: tree_ORTHOMCL838.nexus	 Bucket: denethor	 FilePath: tree/tree_ORTHOMCL838.nexus	 FilePathLocal: .tmp/tree/tree_ORTHOMCL838.nexus	 FileSize: 413 bytes	 TransferDuration: 0 ms
[INFO] 2025-04-24T19:17:41.677Z PRODUCED_FILES_INFO RequestId: uuid_247413e9_4f51_4947_971b_f393da8eb389	 FilesCount: 1 files	 FilesSize: 413 bytes	 TransferDuration: 0 ms	 Provider: aws_ec2	 ProducedFiles: ['tree_ORTHOMCL838.nexus']
[INFO] 2025-04-24T19:17:41.677Z END RequestId: uuid_247413e9_4f51_4947_971b_f393da8eb389	 Activity: tree_constructor	 Provider: aws_ec2
[INFO] 2025-04-24T19:17:41.677Z REPORT RequestId: uuid_247413e9_4f51_4947_971b_f393da8eb389	 Duration: 123.16550384275615 ms	 Billed Duration: 124 ms	 Memory Size: MB	 Max Memory Used: MB	 Init Duration: ms	

[INFO] 2025-04-24T19:17:41.678Z START RequestId: uuid_0df92489_5db2_4cff_97fd_83dc85d8c141	 Activity: tree_constructor	 Provider: aws_ec2
[INFO] 2025-04-24T19:17:41.678Z FILE_TRANSFER RequestId: uuid_0df92489_5db2_4cff_97fd_83dc85d8c141	 TransferType: consumed	 Action: download_from_s3	 FileName: ORTHOMCL841	 Bucket: denethor	 FilePath: data/full_dataset/ORTHOMCL841	 FilePathLocal: resources/data/full_dataset	 FileSize: 3855 bytes	 TransferDuration: 0 ms
[INFO] 2025-04-24T19:17:41.678Z CONSUMED_FILES_INFO RequestId: uuid_0df92489_5db2_4cff_97fd_83dc85d8c141	 FilesCount: 1 files	 FilesSize: 3855 bytes	 TransferDuration: 0 ms	 ConsumedFiles: ['ORTHOMCL841']
[INFO] 2025-04-24T19:17:41.707Z TREE_CONSTRUCTOR RequestId: uuid_0df92489_5db2_4cff_97fd_83dc85d8c141	 Duration: 28.802513843402267 ms	 InputFile:ORTHOMCL841	 OutputFile:['tree_ORTHOMCL841.nexus']
[INFO] 2025-04-24T19:17:41.809Z FILE_TRANSFER RequestId: uuid_0df92489_5db2_4cff_97fd_83dc85d8c141	 TransferType: produced	 Action: upload_to_s3	 FileName: tree_ORTHOMCL841.nexus	 Bucket: denethor	 FilePath: tree/tree_ORTHOMCL841.nexus	 FilePathLocal: .tmp/tree/tree_ORTHOMCL841.nexus	 FileSize: 413 bytes	 TransferDuration: 0 ms
[INFO] 2025-04-24T19:17:41.809Z PRODUCED_FILES_INFO RequestId: uuid_0df92489_5db2_4cff_97fd_83dc85d8c141	 FilesCount: 1 files	 FilesSize: 413 bytes	 TransferDuration: 0 ms	 Provider: aws_ec2	 ProducedFiles: ['tree_ORTHOMCL841.nexus']
[INFO] 2025-04-24T19:17:41.809Z END RequestId: uuid_0df92489_5db2_4cff_97fd_83dc85d8c141	 Activity: tree_constructor	 Provider: aws_ec2
[INFO] 2025-04-24T19:17:41.809Z REPORT RequestId: uuid_0df92489_5db2_4cff_97fd_83dc85d8c141	 Duration: 131.21873722411692 ms	 Billed Duration: 132 ms	 Memory Size: MB	 Max Memory Used: MB	 Init Duration: ms	

[INFO] 2025-04-24T19:17:41.809Z START RequestId: uuid_fd442c31_5b3f_41be_88d5_6e8225a01421	 Activity: tree_constructor	 Provider: aws_ec2
[INFO] 2025-04-24T19:17:41.809Z FILE_TRANSFER RequestId: uuid_fd442c31_5b3f_41be_88d5_6e8225a01421	 TransferType: consumed	 Action: download_from_s3	 FileName: ORTHOMCL878	 Bucket: denethor	 FilePath: data/full_dataset/ORTHOMCL878	 FilePathLocal: resources/data/full_dataset	 FileSize: 4866 bytes	 TransferDuration: 0 ms
[INFO] 2025-04-24T19:17:41.809Z CONSUMED_FILES_INFO RequestId: uuid_fd442c31_5b3f_41be_88d5_6e8225a01421	 FilesCount: 1 files	 FilesSize: 4866 bytes	 TransferDuration: 0 ms	 ConsumedFiles: ['ORTHOMCL878']
[INFO] 2025-04-24T19:17:41.856Z TREE_CONSTRUCTOR RequestId: uuid_fd442c31_5b3f_41be_88d5_6e8225a01421	 Duration: 46.57451808452606 ms	 InputFile:ORTHOMCL878	 OutputFile:['tree_ORTHOMCL878.nexus']
[INFO] 2025-04-24T19:17:41.956Z FILE_TRANSFER RequestId: uuid_fd442c31_5b3f_41be_88d5_6e8225a01421	 TransferType: produced	 Action: upload_to_s3	 FileName: tree_ORTHOMCL878.nexus	 Bucket: denethor	 FilePath: tree/tree_ORTHOMCL878.nexus	 FilePathLocal: .tmp/tree/tree_ORTHOMCL878.nexus	 FileSize: 397 bytes	 TransferDuration: 0 ms
[INFO] 2025-04-24T19:17:41.956Z PRODUCED_FILES_INFO RequestId: uuid_fd442c31_5b3f_41be_88d5_6e8225a01421	 FilesCount: 1 files	 FilesSize: 397 bytes	 TransferDuration: 0 ms	 Provider: aws_ec2	 ProducedFiles: ['tree_ORTHOMCL878.nexus']
[INFO] 2025-04-24T19:17:41.956Z END RequestId: uuid_fd442c31_5b3f_41be_88d5_6e8225a01421	 Activity: tree_constructor	 Provider: aws_ec2
[INFO] 2025-04-24T19:17:41.956Z REPORT RequestId: uuid_fd442c31_5b3f_41be_88d5_6e8225a01421	 Duration: 147.2909259609878 ms	 Billed Duration: 148 ms	 Memory Size: MB	 Max Memory Used: MB	 Init Duration: ms	

[INFO] 2025-04-24T19:17:41.956Z START RequestId: uuid_0cd3492d_6cff_45dc_a921_bf45529be2fe	 Activity: tree_constructor	 Provider: aws_ec2
[INFO] 2025-04-24T19:17:41.956Z FILE_TRANSFER RequestId: uuid_0cd3492d_6cff_45dc_a921_bf45529be2fe	 TransferType: consumed	 Action: download_from_s3	 FileName: ORTHOMCL888	 Bucket: denethor	 FilePath: data/full_dataset/ORTHOMCL888	 FilePathLocal: resources/data/full_dataset	 FileSize: 4917 bytes	 TransferDuration: 0 ms
[INFO] 2025-04-24T19:17:41.956Z CONSUMED_FILES_INFO RequestId: uuid_0cd3492d_6cff_45dc_a921_bf45529be2fe	 FilesCount: 1 files	 FilesSize: 4917 bytes	 TransferDuration: 0 ms	 ConsumedFiles: ['ORTHOMCL888']
[INFO] 2025-04-24T19:17:42.032Z TREE_CONSTRUCTOR RequestId: uuid_0cd3492d_6cff_45dc_a921_bf45529be2fe	 Duration: 75.52176504395902 ms	 InputFile:ORTHOMCL888	 OutputFile:['tree_ORTHOMCL888.nexus']
[INFO] 2025-04-24T19:17:42.132Z FILE_TRANSFER RequestId: uuid_0cd3492d_6cff_45dc_a921_bf45529be2fe	 TransferType: produced	 Action: upload_to_s3	 FileName: tree_ORTHOMCL888.nexus	 Bucket: denethor	 FilePath: tree/tree_ORTHOMCL888.nexus	 FilePathLocal: .tmp/tree/tree_ORTHOMCL888.nexus	 FileSize: 411 bytes	 TransferDuration: 0 ms
[INFO] 2025-04-24T19:17:42.132Z PRODUCED_FILES_INFO RequestId: uuid_0cd3492d_6cff_45dc_a921_bf45529be2fe	 FilesCount: 1 files	 FilesSize: 411 bytes	 TransferDuration: 0 ms	 Provider: aws_ec2	 ProducedFiles: ['tree_ORTHOMCL888.nexus']
[INFO] 2025-04-24T19:17:42.132Z END RequestId: uuid_0cd3492d_6cff_45dc_a921_bf45529be2fe	 Activity: tree_constructor	 Provider: aws_ec2
[INFO] 2025-04-24T19:17:42.132Z REPORT RequestId: uuid_0cd3492d_6cff_45dc_a921_bf45529be2fe	 Duration: 176.0602928698063 ms	 Billed Duration: 177 ms	 Memory Size: MB	 Max Memory Used: MB	 Init Duration: ms	

[INFO] 2025-04-24T19:17:42.133Z START RequestId: uuid_5fb83d1e_3b6f_4c71_9e4f_b805a0bf545f	 Activity: tree_constructor	 Provider: aws_ec2
[INFO] 2025-04-24T19:17:42.133Z FILE_TRANSFER RequestId: uuid_5fb83d1e_3b6f_4c71_9e4f_b805a0bf545f	 TransferType: consumed	 Action: download_from_s3	 FileName: ORTHOMCL943	 Bucket: denethor	 FilePath: data/full_dataset/ORTHOMCL943	 FilePathLocal: resources/data/full_dataset	 FileSize: 3629 bytes	 TransferDuration: 0 ms
[INFO] 2025-04-24T19:17:42.133Z CONSUMED_FILES_INFO RequestId: uuid_5fb83d1e_3b6f_4c71_9e4f_b805a0bf545f	 FilesCount: 1 files	 FilesSize: 3629 bytes	 TransferDuration: 0 ms	 ConsumedFiles: ['ORTHOMCL943']
[INFO] 2025-04-24T19:17:42.164Z TREE_CONSTRUCTOR RequestId: uuid_5fb83d1e_3b6f_4c71_9e4f_b805a0bf545f	 Duration: 30.930412001907825 ms	 InputFile:ORTHOMCL943	 OutputFile:['tree_ORTHOMCL943.nexus']
[INFO] 2025-04-24T19:17:42.264Z FILE_TRANSFER RequestId: uuid_5fb83d1e_3b6f_4c71_9e4f_b805a0bf545f	 TransferType: produced	 Action: upload_to_s3	 FileName: tree_ORTHOMCL943.nexus	 Bucket: denethor	 FilePath: tree/tree_ORTHOMCL943.nexus	 FilePathLocal: .tmp/tree/tree_ORTHOMCL943.nexus	 FileSize: 407 bytes	 TransferDuration: 0 ms
[INFO] 2025-04-24T19:17:42.264Z PRODUCED_FILES_INFO RequestId: uuid_5fb83d1e_3b6f_4c71_9e4f_b805a0bf545f	 FilesCount: 1 files	 FilesSize: 407 bytes	 TransferDuration: 0 ms	 Provider: aws_ec2	 ProducedFiles: ['tree_ORTHOMCL943.nexus']
[INFO] 2025-04-24T19:17:42.264Z END RequestId: uuid_5fb83d1e_3b6f_4c71_9e4f_b805a0bf545f	 Activity: tree_constructor	 Provider: aws_ec2
[INFO] 2025-04-24T19:17:42.264Z REPORT RequestId: uuid_5fb83d1e_3b6f_4c71_9e4f_b805a0bf545f	 Duration: 131.4480728469789 ms	 Billed Duration: 132 ms	 Memory Size: MB	 Max Memory Used: MB	 Init Duration: ms	

[INFO] 2025-04-24T19:17:42.264Z START RequestId: uuid_aefa84e7_c0be_47f0_85d7_27635b1ff160	 Activity: tree_constructor	 Provider: aws_ec2
[INFO] 2025-04-24T19:17:42.264Z FILE_TRANSFER RequestId: uuid_aefa84e7_c0be_47f0_85d7_27635b1ff160	 TransferType: consumed	 Action: download_from_s3	 FileName: ORTHOMCL964	 Bucket: denethor	 FilePath: data/full_dataset/ORTHOMCL964	 FilePathLocal: resources/data/full_dataset	 FileSize: 2902 bytes	 TransferDuration: 0 ms
[INFO] 2025-04-24T19:17:42.264Z CONSUMED_FILES_INFO RequestId: uuid_aefa84e7_c0be_47f0_85d7_27635b1ff160	 FilesCount: 1 files	 FilesSize: 2902 bytes	 TransferDuration: 0 ms	 ConsumedFiles: ['ORTHOMCL964']
[INFO] 2025-04-24T19:17:42.280Z TREE_CONSTRUCTOR RequestId: uuid_aefa84e7_c0be_47f0_85d7_27635b1ff160	 Duration: 15.71436389349401 ms	 InputFile:ORTHOMCL964	 OutputFile:['tree_ORTHOMCL964.nexus']
[INFO] 2025-04-24T19:17:42.380Z FILE_TRANSFER RequestId: uuid_aefa84e7_c0be_47f0_85d7_27635b1ff160	 TransferType: produced	 Action: upload_to_s3	 FileName: tree_ORTHOMCL964.nexus	 Bucket: denethor	 FilePath: tree/tree_ORTHOMCL964.nexus	 FilePathLocal: .tmp/tree/tree_ORTHOMCL964.nexus	 FileSize: 405 bytes	 TransferDuration: 0 ms
[INFO] 2025-04-24T19:17:42.380Z PRODUCED_FILES_INFO RequestId: uuid_aefa84e7_c0be_47f0_85d7_27635b1ff160	 FilesCount: 1 files	 FilesSize: 405 bytes	 TransferDuration: 0 ms	 Provider: aws_ec2	 ProducedFiles: ['tree_ORTHOMCL964.nexus']
[INFO] 2025-04-24T19:17:42.380Z END RequestId: uuid_aefa84e7_c0be_47f0_85d7_27635b1ff160	 Activity: tree_constructor	 Provider: aws_ec2
[INFO] 2025-04-24T19:17:42.380Z REPORT RequestId: uuid_aefa84e7_c0be_47f0_85d7_27635b1ff160	 Duration: 116.21943512000144 ms	 Billed Duration: 117 ms	 Memory Size: MB	 Max Memory Used: MB	 Init Duration: ms	

[INFO] 2025-04-24T19:17:42.380Z START RequestId: uuid_38db73be_03a9_40a8_b8c8_2c429f3b2ddf	 Activity: tree_constructor	 Provider: aws_ec2
[INFO] 2025-04-24T19:17:42.380Z FILE_TRANSFER RequestId: uuid_38db73be_03a9_40a8_b8c8_2c429f3b2ddf	 TransferType: consumed	 Action: download_from_s3	 FileName: ORTHOMCL988	 Bucket: denethor	 FilePath: data/full_dataset/ORTHOMCL988	 FilePathLocal: resources/data/full_dataset	 FileSize: 3982 bytes	 TransferDuration: 0 ms
[INFO] 2025-04-24T19:17:42.380Z CONSUMED_FILES_INFO RequestId: uuid_38db73be_03a9_40a8_b8c8_2c429f3b2ddf	 FilesCount: 1 files	 FilesSize: 3982 bytes	 TransferDuration: 0 ms	 ConsumedFiles: ['ORTHOMCL988']
[INFO] 2025-04-24T19:17:42.436Z TREE_CONSTRUCTOR RequestId: uuid_38db73be_03a9_40a8_b8c8_2c429f3b2ddf	 Duration: 55.80042791552842 ms	 InputFile:ORTHOMCL988	 OutputFile:['tree_ORTHOMCL988.nexus']
[INFO] 2025-04-24T19:17:42.537Z FILE_TRANSFER RequestId: uuid_38db73be_03a9_40a8_b8c8_2c429f3b2ddf	 TransferType: produced	 Action: upload_to_s3	 FileName: tree_ORTHOMCL988.nexus	 Bucket: denethor	 FilePath: tree/tree_ORTHOMCL988.nexus	 FilePathLocal: .tmp/tree/tree_ORTHOMCL988.nexus	 FileSize: 407 bytes	 TransferDuration: 0 ms
[INFO] 2025-04-24T19:17:42.537Z PRODUCED_FILES_INFO RequestId: uuid_38db73be_03a9_40a8_b8c8_2c429f3b2ddf	 FilesCount: 1 files	 FilesSize: 407 bytes	 TransferDuration: 0 ms	 Provider: aws_ec2	 ProducedFiles: ['tree_ORTHOMCL988.nexus']
[INFO] 2025-04-24T19:17:42.537Z END RequestId: uuid_38db73be_03a9_40a8_b8c8_2c429f3b2ddf	 Activity: tree_constructor	 Provider: aws_ec2
[INFO] 2025-04-24T19:17:42.537Z REPORT RequestId: uuid_38db73be_03a9_40a8_b8c8_2c429f3b2ddf	 Duration: 156.34442097507417 ms	 Billed Duration: 157 ms	 Memory Size: MB	 Max Memory Used: MB	 Init Duration: ms	

[INFO] 2025-04-24T19:17:42.537Z START RequestId: uuid_29cbd4e9_c361_4c5d_9ad9_5a3710b151da	 Activity: tree_constructor	 Provider: aws_ec2
[INFO] 2025-04-24T19:17:42.537Z FILE_TRANSFER RequestId: uuid_29cbd4e9_c361_4c5d_9ad9_5a3710b151da	 TransferType: consumed	 Action: download_from_s3	 FileName: ORTHOMCL1009	 Bucket: denethor	 FilePath: data/full_dataset/ORTHOMCL1009	 FilePathLocal: resources/data/full_dataset	 FileSize: 2706 bytes	 TransferDuration: 0 ms
[INFO] 2025-04-24T19:17:42.537Z CONSUMED_FILES_INFO RequestId: uuid_29cbd4e9_c361_4c5d_9ad9_5a3710b151da	 FilesCount: 1 files	 FilesSize: 2706 bytes	 TransferDuration: 0 ms	 ConsumedFiles: ['ORTHOMCL1009']
[INFO] 2025-04-24T19:17:42.561Z TREE_CONSTRUCTOR RequestId: uuid_29cbd4e9_c361_4c5d_9ad9_5a3710b151da	 Duration: 23.529321886599064 ms	 InputFile:ORTHOMCL1009	 OutputFile:['tree_ORTHOMCL1009.nexus']
[INFO] 2025-04-24T19:17:42.661Z FILE_TRANSFER RequestId: uuid_29cbd4e9_c361_4c5d_9ad9_5a3710b151da	 TransferType: produced	 Action: upload_to_s3	 FileName: tree_ORTHOMCL1009.nexus	 Bucket: denethor	 FilePath: tree/tree_ORTHOMCL1009.nexus	 FilePathLocal: .tmp/tree/tree_ORTHOMCL1009.nexus	 FileSize: 406 bytes	 TransferDuration: 0 ms
[INFO] 2025-04-24T19:17:42.661Z PRODUCED_FILES_INFO RequestId: uuid_29cbd4e9_c361_4c5d_9ad9_5a3710b151da	 FilesCount: 1 files	 FilesSize: 406 bytes	 TransferDuration: 0 ms	 Provider: aws_ec2	 ProducedFiles: ['tree_ORTHOMCL1009.nexus']
[INFO] 2025-04-24T19:17:42.661Z END RequestId: uuid_29cbd4e9_c361_4c5d_9ad9_5a3710b151da	 Activity: tree_constructor	 Provider: aws_ec2
[INFO] 2025-04-24T19:17:42.661Z REPORT RequestId: uuid_29cbd4e9_c361_4c5d_9ad9_5a3710b151da	 Duration: 124.47581090964377 ms	 Billed Duration: 125 ms	 Memory Size: MB	 Max Memory Used: MB	 Init Duration: ms	

[INFO] 2025-04-24T19:17:42.661Z START RequestId: uuid_28808516_ec76_44a6_8156_7c71169b6279	 Activity: tree_constructor	 Provider: aws_ec2
[INFO] 2025-04-24T19:17:42.662Z FILE_TRANSFER RequestId: uuid_28808516_ec76_44a6_8156_7c71169b6279	 TransferType: consumed	 Action: download_from_s3	 FileName: ORTHOMCL1029	 Bucket: denethor	 FilePath: data/full_dataset/ORTHOMCL1029	 FilePathLocal: resources/data/full_dataset	 FileSize: 3283 bytes	 TransferDuration: 0 ms
[INFO] 2025-04-24T19:17:42.662Z CONSUMED_FILES_INFO RequestId: uuid_28808516_ec76_44a6_8156_7c71169b6279	 FilesCount: 1 files	 FilesSize: 3283 bytes	 TransferDuration: 0 ms	 ConsumedFiles: ['ORTHOMCL1029']
[INFO] 2025-04-24T19:17:42.692Z TREE_CONSTRUCTOR RequestId: uuid_28808516_ec76_44a6_8156_7c71169b6279	 Duration: 30.01129603944719 ms	 InputFile:ORTHOMCL1029	 OutputFile:['tree_ORTHOMCL1029.nexus']
[INFO] 2025-04-24T19:17:42.792Z FILE_TRANSFER RequestId: uuid_28808516_ec76_44a6_8156_7c71169b6279	 TransferType: produced	 Action: upload_to_s3	 FileName: tree_ORTHOMCL1029.nexus	 Bucket: denethor	 FilePath: tree/tree_ORTHOMCL1029.nexus	 FilePathLocal: .tmp/tree/tree_ORTHOMCL1029.nexus	 FileSize: 407 bytes	 TransferDuration: 0 ms
[INFO] 2025-04-24T19:17:42.792Z PRODUCED_FILES_INFO RequestId: uuid_28808516_ec76_44a6_8156_7c71169b6279	 FilesCount: 1 files	 FilesSize: 407 bytes	 TransferDuration: 0 ms	 Provider: aws_ec2	 ProducedFiles: ['tree_ORTHOMCL1029.nexus']
[INFO] 2025-04-24T19:17:42.792Z END RequestId: uuid_28808516_ec76_44a6_8156_7c71169b6279	 Activity: tree_constructor	 Provider: aws_ec2
[INFO] 2025-04-24T19:17:42.792Z REPORT RequestId: uuid_28808516_ec76_44a6_8156_7c71169b6279	 Duration: 130.69739006459713 ms	 Billed Duration: 131 ms	 Memory Size: MB	 Max Memory Used: MB	 Init Duration: ms	

[INFO] 2025-04-24T19:17:42.792Z START RequestId: uuid_023a8c5f_be02_4e74_a83b_36bc6889234a	 Activity: tree_constructor	 Provider: aws_ec2
[INFO] 2025-04-24T19:17:42.792Z FILE_TRANSFER RequestId: uuid_023a8c5f_be02_4e74_a83b_36bc6889234a	 TransferType: consumed	 Action: download_from_s3	 FileName: ORTHOMCL1034	 Bucket: denethor	 FilePath: data/full_dataset/ORTHOMCL1034	 FilePathLocal: resources/data/full_dataset	 FileSize: 4886 bytes	 TransferDuration: 0 ms
[INFO] 2025-04-24T19:17:42.792Z CONSUMED_FILES_INFO RequestId: uuid_023a8c5f_be02_4e74_a83b_36bc6889234a	 FilesCount: 1 files	 FilesSize: 4886 bytes	 TransferDuration: 0 ms	 ConsumedFiles: ['ORTHOMCL1034']
[INFO] 2025-04-24T19:17:42.916Z TREE_CONSTRUCTOR RequestId: uuid_023a8c5f_be02_4e74_a83b_36bc6889234a	 Duration: 123.111377004534 ms	 InputFile:ORTHOMCL1034	 OutputFile:['tree_ORTHOMCL1034.nexus']
[INFO] 2025-04-24T19:17:43.016Z FILE_TRANSFER RequestId: uuid_023a8c5f_be02_4e74_a83b_36bc6889234a	 TransferType: produced	 Action: upload_to_s3	 FileName: tree_ORTHOMCL1034.nexus	 Bucket: denethor	 FilePath: tree/tree_ORTHOMCL1034.nexus	 FilePathLocal: .tmp/tree/tree_ORTHOMCL1034.nexus	 FileSize: 399 bytes	 TransferDuration: 0 ms
[INFO] 2025-04-24T19:17:43.016Z PRODUCED_FILES_INFO RequestId: uuid_023a8c5f_be02_4e74_a83b_36bc6889234a	 FilesCount: 1 files	 FilesSize: 399 bytes	 TransferDuration: 0 ms	 Provider: aws_ec2	 ProducedFiles: ['tree_ORTHOMCL1034.nexus']
[INFO] 2025-04-24T19:17:43.016Z END RequestId: uuid_023a8c5f_be02_4e74_a83b_36bc6889234a	 Activity: tree_constructor	 Provider: aws_ec2
[INFO] 2025-04-24T19:17:43.016Z REPORT RequestId: uuid_023a8c5f_be02_4e74_a83b_36bc6889234a	 Duration: 223.67407195270061 ms	 Billed Duration: 224 ms	 Memory Size: MB	 Max Memory Used: MB	 Init Duration: ms	

[INFO] 2025-04-24T19:17:43.016Z START RequestId: uuid_66997701_41bc_4dc8_99e5_03e183bc792f	 Activity: tree_constructor	 Provider: aws_ec2
[INFO] 2025-04-24T19:17:43.016Z FILE_TRANSFER RequestId: uuid_66997701_41bc_4dc8_99e5_03e183bc792f	 TransferType: consumed	 Action: download_from_s3	 FileName: ORTHOMCL1039	 Bucket: denethor	 FilePath: data/full_dataset/ORTHOMCL1039	 FilePathLocal: resources/data/full_dataset	 FileSize: 4570 bytes	 TransferDuration: 0 ms
[INFO] 2025-04-24T19:17:43.016Z CONSUMED_FILES_INFO RequestId: uuid_66997701_41bc_4dc8_99e5_03e183bc792f	 FilesCount: 1 files	 FilesSize: 4570 bytes	 TransferDuration: 0 ms	 ConsumedFiles: ['ORTHOMCL1039']
[INFO] 2025-04-24T19:17:43.077Z TREE_CONSTRUCTOR RequestId: uuid_66997701_41bc_4dc8_99e5_03e183bc792f	 Duration: 60.37836498580873 ms	 InputFile:ORTHOMCL1039	 OutputFile:['tree_ORTHOMCL1039.nexus']
[INFO] 2025-04-24T19:17:43.177Z FILE_TRANSFER RequestId: uuid_66997701_41bc_4dc8_99e5_03e183bc792f	 TransferType: produced	 Action: upload_to_s3	 FileName: tree_ORTHOMCL1039.nexus	 Bucket: denethor	 FilePath: tree/tree_ORTHOMCL1039.nexus	 FilePathLocal: .tmp/tree/tree_ORTHOMCL1039.nexus	 FileSize: 405 bytes	 TransferDuration: 0 ms
[INFO] 2025-04-24T19:17:43.177Z PRODUCED_FILES_INFO RequestId: uuid_66997701_41bc_4dc8_99e5_03e183bc792f	 FilesCount: 1 files	 FilesSize: 405 bytes	 TransferDuration: 0 ms	 Provider: aws_ec2	 ProducedFiles: ['tree_ORTHOMCL1039.nexus']
[INFO] 2025-04-24T19:17:43.177Z END RequestId: uuid_66997701_41bc_4dc8_99e5_03e183bc792f	 Activity: tree_constructor	 Provider: aws_ec2
[INFO] 2025-04-24T19:17:43.177Z REPORT RequestId: uuid_66997701_41bc_4dc8_99e5_03e183bc792f	 Duration: 160.93045403249562 ms	 Billed Duration: 161 ms	 Memory Size: MB	 Max Memory Used: MB	 Init Duration: ms	

[INFO] 2025-04-24T19:17:43.177Z START RequestId: uuid_4ba50a83_117f_4543_97bb_0680d5ac6a7b	 Activity: tree_constructor	 Provider: aws_ec2
[INFO] 2025-04-24T19:17:43.177Z FILE_TRANSFER RequestId: uuid_4ba50a83_117f_4543_97bb_0680d5ac6a7b	 TransferType: consumed	 Action: download_from_s3	 FileName: ORTHOMCL1127	 Bucket: denethor	 FilePath: data/full_dataset/ORTHOMCL1127	 FilePathLocal: resources/data/full_dataset	 FileSize: 4180 bytes	 TransferDuration: 0 ms
[INFO] 2025-04-24T19:17:43.177Z CONSUMED_FILES_INFO RequestId: uuid_4ba50a83_117f_4543_97bb_0680d5ac6a7b	 FilesCount: 1 files	 FilesSize: 4180 bytes	 TransferDuration: 0 ms	 ConsumedFiles: ['ORTHOMCL1127']
[INFO] 2025-04-24T19:17:43.239Z TREE_CONSTRUCTOR RequestId: uuid_4ba50a83_117f_4543_97bb_0680d5ac6a7b	 Duration: 61.484169913455844 ms	 InputFile:ORTHOMCL1127	 OutputFile:['tree_ORTHOMCL1127.nexus']
[INFO] 2025-04-24T19:17:43.339Z FILE_TRANSFER RequestId: uuid_4ba50a83_117f_4543_97bb_0680d5ac6a7b	 TransferType: produced	 Action: upload_to_s3	 FileName: tree_ORTHOMCL1127.nexus	 Bucket: denethor	 FilePath: tree/tree_ORTHOMCL1127.nexus	 FilePathLocal: .tmp/tree/tree_ORTHOMCL1127.nexus	 FileSize: 405 bytes	 TransferDuration: 0 ms
[INFO] 2025-04-24T19:17:43.339Z PRODUCED_FILES_INFO RequestId: uuid_4ba50a83_117f_4543_97bb_0680d5ac6a7b	 FilesCount: 1 files	 FilesSize: 405 bytes	 TransferDuration: 0 ms	 Provider: aws_ec2	 ProducedFiles: ['tree_ORTHOMCL1127.nexus']
[INFO] 2025-04-24T19:17:43.339Z END RequestId: uuid_4ba50a83_117f_4543_97bb_0680d5ac6a7b	 Activity: tree_constructor	 Provider: aws_ec2
[INFO] 2025-04-24T19:17:43.339Z REPORT RequestId: uuid_4ba50a83_117f_4543_97bb_0680d5ac6a7b	 Duration: 162.01914194971323 ms	 Billed Duration: 163 ms	 Memory Size: MB	 Max Memory Used: MB	 Init Duration: ms	

[INFO] 2025-04-24T19:17:43.339Z START RequestId: uuid_82f5e869_b560_4be5_b281_2efe76d049c5	 Activity: tree_constructor	 Provider: aws_ec2
[INFO] 2025-04-24T19:17:43.339Z FILE_TRANSFER RequestId: uuid_82f5e869_b560_4be5_b281_2efe76d049c5	 TransferType: consumed	 Action: download_from_s3	 FileName: ORTHOMCL1166	 Bucket: denethor	 FilePath: data/full_dataset/ORTHOMCL1166	 FilePathLocal: resources/data/full_dataset	 FileSize: 2856 bytes	 TransferDuration: 0 ms
[INFO] 2025-04-24T19:17:43.339Z CONSUMED_FILES_INFO RequestId: uuid_82f5e869_b560_4be5_b281_2efe76d049c5	 FilesCount: 1 files	 FilesSize: 2856 bytes	 TransferDuration: 0 ms	 ConsumedFiles: ['ORTHOMCL1166']
[INFO] 2025-04-24T19:17:43.373Z TREE_CONSTRUCTOR RequestId: uuid_82f5e869_b560_4be5_b281_2efe76d049c5	 Duration: 34.09892483614385 ms	 InputFile:ORTHOMCL1166	 OutputFile:['tree_ORTHOMCL1166.nexus']
[INFO] 2025-04-24T19:17:43.474Z FILE_TRANSFER RequestId: uuid_82f5e869_b560_4be5_b281_2efe76d049c5	 TransferType: produced	 Action: upload_to_s3	 FileName: tree_ORTHOMCL1166.nexus	 Bucket: denethor	 FilePath: tree/tree_ORTHOMCL1166.nexus	 FilePathLocal: .tmp/tree/tree_ORTHOMCL1166.nexus	 FileSize: 399 bytes	 TransferDuration: 0 ms
[INFO] 2025-04-24T19:17:43.474Z PRODUCED_FILES_INFO RequestId: uuid_82f5e869_b560_4be5_b281_2efe76d049c5	 FilesCount: 1 files	 FilesSize: 399 bytes	 TransferDuration: 0 ms	 Provider: aws_ec2	 ProducedFiles: ['tree_ORTHOMCL1166.nexus']
[INFO] 2025-04-24T19:17:43.474Z END RequestId: uuid_82f5e869_b560_4be5_b281_2efe76d049c5	 Activity: tree_constructor	 Provider: aws_ec2
[INFO] 2025-04-24T19:17:43.474Z REPORT RequestId: uuid_82f5e869_b560_4be5_b281_2efe76d049c5	 Duration: 134.86702810041606 ms	 Billed Duration: 135 ms	 Memory Size: MB	 Max Memory Used: MB	 Init Duration: ms	

[INFO] 2025-04-24T19:17:43.474Z START RequestId: uuid_8687f9c1_215f_4ada_9a8f_43c3a3bd4e5f	 Activity: tree_constructor	 Provider: aws_ec2
[INFO] 2025-04-24T19:17:43.474Z FILE_TRANSFER RequestId: uuid_8687f9c1_215f_4ada_9a8f_43c3a3bd4e5f	 TransferType: consumed	 Action: download_from_s3	 FileName: ORTHOMCL1311	 Bucket: denethor	 FilePath: data/full_dataset/ORTHOMCL1311	 FilePathLocal: resources/data/full_dataset	 FileSize: 5806 bytes	 TransferDuration: 0 ms
[INFO] 2025-04-24T19:17:43.474Z CONSUMED_FILES_INFO RequestId: uuid_8687f9c1_215f_4ada_9a8f_43c3a3bd4e5f	 FilesCount: 1 files	 FilesSize: 5806 bytes	 TransferDuration: 0 ms	 ConsumedFiles: ['ORTHOMCL1311']
[INFO] 2025-04-24T19:17:43.559Z TREE_CONSTRUCTOR RequestId: uuid_8687f9c1_215f_4ada_9a8f_43c3a3bd4e5f	 Duration: 85.05983417853713 ms	 InputFile:ORTHOMCL1311	 OutputFile:['tree_ORTHOMCL1311.nexus']
[INFO] 2025-04-24T19:17:43.660Z FILE_TRANSFER RequestId: uuid_8687f9c1_215f_4ada_9a8f_43c3a3bd4e5f	 TransferType: produced	 Action: upload_to_s3	 FileName: tree_ORTHOMCL1311.nexus	 Bucket: denethor	 FilePath: tree/tree_ORTHOMCL1311.nexus	 FilePathLocal: .tmp/tree/tree_ORTHOMCL1311.nexus	 FileSize: 357 bytes	 TransferDuration: 0 ms
[INFO] 2025-04-24T19:17:43.660Z PRODUCED_FILES_INFO RequestId: uuid_8687f9c1_215f_4ada_9a8f_43c3a3bd4e5f	 FilesCount: 1 files	 FilesSize: 357 bytes	 TransferDuration: 0 ms	 Provider: aws_ec2	 ProducedFiles: ['tree_ORTHOMCL1311.nexus']
[INFO] 2025-04-24T19:17:43.660Z END RequestId: uuid_8687f9c1_215f_4ada_9a8f_43c3a3bd4e5f	 Activity: tree_constructor	 Provider: aws_ec2
[INFO] 2025-04-24T19:17:43.660Z REPORT RequestId: uuid_8687f9c1_215f_4ada_9a8f_43c3a3bd4e5f	 Duration: 185.5796119198203 ms	 Billed Duration: 186 ms	 Memory Size: MB	 Max Memory Used: MB	 Init Duration: ms	

[INFO] 2025-04-24T19:17:43.660Z START RequestId: uuid_15d8654e_6685_4162_9d60_ed09a9a1b2df	 Activity: tree_constructor	 Provider: aws_ec2
[INFO] 2025-04-24T19:17:43.660Z FILE_TRANSFER RequestId: uuid_15d8654e_6685_4162_9d60_ed09a9a1b2df	 TransferType: consumed	 Action: download_from_s3	 FileName: ORTHOMCL1316	 Bucket: denethor	 FilePath: data/full_dataset/ORTHOMCL1316	 FilePathLocal: resources/data/full_dataset	 FileSize: 4612 bytes	 TransferDuration: 0 ms
[INFO] 2025-04-24T19:17:43.660Z CONSUMED_FILES_INFO RequestId: uuid_15d8654e_6685_4162_9d60_ed09a9a1b2df	 FilesCount: 1 files	 FilesSize: 4612 bytes	 TransferDuration: 0 ms	 ConsumedFiles: ['ORTHOMCL1316']
[INFO] 2025-04-24T19:17:43.725Z TREE_CONSTRUCTOR RequestId: uuid_15d8654e_6685_4162_9d60_ed09a9a1b2df	 Duration: 64.10458404570818 ms	 InputFile:ORTHOMCL1316	 OutputFile:['tree_ORTHOMCL1316.nexus']
[INFO] 2025-04-24T19:17:43.825Z FILE_TRANSFER RequestId: uuid_15d8654e_6685_4162_9d60_ed09a9a1b2df	 TransferType: produced	 Action: upload_to_s3	 FileName: tree_ORTHOMCL1316.nexus	 Bucket: denethor	 FilePath: tree/tree_ORTHOMCL1316.nexus	 FilePathLocal: .tmp/tree/tree_ORTHOMCL1316.nexus	 FileSize: 357 bytes	 TransferDuration: 0 ms
[INFO] 2025-04-24T19:17:43.825Z PRODUCED_FILES_INFO RequestId: uuid_15d8654e_6685_4162_9d60_ed09a9a1b2df	 FilesCount: 1 files	 FilesSize: 357 bytes	 TransferDuration: 0 ms	 Provider: aws_ec2	 ProducedFiles: ['tree_ORTHOMCL1316.nexus']
[INFO] 2025-04-24T19:17:43.825Z END RequestId: uuid_15d8654e_6685_4162_9d60_ed09a9a1b2df	 Activity: tree_constructor	 Provider: aws_ec2
[INFO] 2025-04-24T19:17:43.825Z REPORT RequestId: uuid_15d8654e_6685_4162_9d60_ed09a9a1b2df	 Duration: 164.63830089196563 ms	 Billed Duration: 165 ms	 Memory Size: MB	 Max Memory Used: MB	 Init Duration: ms	

[INFO] 2025-04-24T19:17:43.825Z START RequestId: uuid_627535b7_892a_4c16_8e32_43e924dc4963	 Activity: tree_constructor	 Provider: aws_ec2
[INFO] 2025-04-24T19:17:43.825Z FILE_TRANSFER RequestId: uuid_627535b7_892a_4c16_8e32_43e924dc4963	 TransferType: consumed	 Action: download_from_s3	 FileName: ORTHOMCL1352	 Bucket: denethor	 FilePath: data/full_dataset/ORTHOMCL1352	 FilePathLocal: resources/data/full_dataset	 FileSize: 4898 bytes	 TransferDuration: 0 ms
[INFO] 2025-04-24T19:17:43.825Z CONSUMED_FILES_INFO RequestId: uuid_627535b7_892a_4c16_8e32_43e924dc4963	 FilesCount: 1 files	 FilesSize: 4898 bytes	 TransferDuration: 0 ms	 ConsumedFiles: ['ORTHOMCL1352']
[INFO] 2025-04-24T19:17:43.869Z TREE_CONSTRUCTOR RequestId: uuid_627535b7_892a_4c16_8e32_43e924dc4963	 Duration: 43.950753984972835 ms	 InputFile:ORTHOMCL1352	 OutputFile:['tree_ORTHOMCL1352.nexus']
[INFO] 2025-04-24T19:17:43.969Z FILE_TRANSFER RequestId: uuid_627535b7_892a_4c16_8e32_43e924dc4963	 TransferType: produced	 Action: upload_to_s3	 FileName: tree_ORTHOMCL1352.nexus	 Bucket: denethor	 FilePath: tree/tree_ORTHOMCL1352.nexus	 FilePathLocal: .tmp/tree/tree_ORTHOMCL1352.nexus	 FileSize: 349 bytes	 TransferDuration: 0 ms
[INFO] 2025-04-24T19:17:43.969Z PRODUCED_FILES_INFO RequestId: uuid_627535b7_892a_4c16_8e32_43e924dc4963	 FilesCount: 1 files	 FilesSize: 349 bytes	 TransferDuration: 0 ms	 Provider: aws_ec2	 ProducedFiles: ['tree_ORTHOMCL1352.nexus']
[INFO] 2025-04-24T19:17:43.970Z END RequestId: uuid_627535b7_892a_4c16_8e32_43e924dc4963	 Activity: tree_constructor	 Provider: aws_ec2
[INFO] 2025-04-24T19:17:43.970Z REPORT RequestId: uuid_627535b7_892a_4c16_8e32_43e924dc4963	 Duration: 144.47954297065735 ms	 Billed Duration: 145 ms	 Memory Size: MB	 Max Memory Used: MB	 Init Duration: ms	

[INFO] 2025-04-24T19:17:43.970Z START RequestId: uuid_72a17ab4_59a9_4387_89a0_c0ec5ccbd7aa	 Activity: tree_constructor	 Provider: aws_ec2
[INFO] 2025-04-24T19:17:43.970Z FILE_TRANSFER RequestId: uuid_72a17ab4_59a9_4387_89a0_c0ec5ccbd7aa	 TransferType: consumed	 Action: download_from_s3	 FileName: ORTHOMCL1359	 Bucket: denethor	 FilePath: data/full_dataset/ORTHOMCL1359	 FilePathLocal: resources/data/full_dataset	 FileSize: 3980 bytes	 TransferDuration: 0 ms
[INFO] 2025-04-24T19:17:43.970Z CONSUMED_FILES_INFO RequestId: uuid_72a17ab4_59a9_4387_89a0_c0ec5ccbd7aa	 FilesCount: 1 files	 FilesSize: 3980 bytes	 TransferDuration: 0 ms	 ConsumedFiles: ['ORTHOMCL1359']
[INFO] 2025-04-24T19:17:43.994Z TREE_CONSTRUCTOR RequestId: uuid_72a17ab4_59a9_4387_89a0_c0ec5ccbd7aa	 Duration: 24.610962020233274 ms	 InputFile:ORTHOMCL1359	 OutputFile:['tree_ORTHOMCL1359.nexus']
[INFO] 2025-04-24T19:17:44.095Z FILE_TRANSFER RequestId: uuid_72a17ab4_59a9_4387_89a0_c0ec5ccbd7aa	 TransferType: produced	 Action: upload_to_s3	 FileName: tree_ORTHOMCL1359.nexus	 Bucket: denethor	 FilePath: tree/tree_ORTHOMCL1359.nexus	 FilePathLocal: .tmp/tree/tree_ORTHOMCL1359.nexus	 FileSize: 349 bytes	 TransferDuration: 0 ms
[INFO] 2025-04-24T19:17:44.095Z PRODUCED_FILES_INFO RequestId: uuid_72a17ab4_59a9_4387_89a0_c0ec5ccbd7aa	 FilesCount: 1 files	 FilesSize: 349 bytes	 TransferDuration: 0 ms	 Provider: aws_ec2	 ProducedFiles: ['tree_ORTHOMCL1359.nexus']
[INFO] 2025-04-24T19:17:44.095Z END RequestId: uuid_72a17ab4_59a9_4387_89a0_c0ec5ccbd7aa	 Activity: tree_constructor	 Provider: aws_ec2
[INFO] 2025-04-24T19:17:44.095Z REPORT RequestId: uuid_72a17ab4_59a9_4387_89a0_c0ec5ccbd7aa	 Duration: 125.1144870184362 ms	 Billed Duration: 126 ms	 Memory Size: MB	 Max Memory Used: MB	 Init Duration: ms	

[INFO] 2025-04-24T19:17:44.095Z START RequestId: uuid_b26bbb72_c415_496b_b157_7b28495a410e	 Activity: tree_constructor	 Provider: aws_ec2
[INFO] 2025-04-24T19:17:44.095Z FILE_TRANSFER RequestId: uuid_b26bbb72_c415_496b_b157_7b28495a410e	 TransferType: consumed	 Action: download_from_s3	 FileName: ORTHOMCL1378	 Bucket: denethor	 FilePath: data/full_dataset/ORTHOMCL1378	 FilePathLocal: resources/data/full_dataset	 FileSize: 5564 bytes	 TransferDuration: 0 ms
[INFO] 2025-04-24T19:17:44.095Z CONSUMED_FILES_INFO RequestId: uuid_b26bbb72_c415_496b_b157_7b28495a410e	 FilesCount: 1 files	 FilesSize: 5564 bytes	 TransferDuration: 0 ms	 ConsumedFiles: ['ORTHOMCL1378']
[INFO] 2025-04-24T19:17:44.204Z TREE_CONSTRUCTOR RequestId: uuid_b26bbb72_c415_496b_b157_7b28495a410e	 Duration: 108.99380594491959 ms	 InputFile:ORTHOMCL1378	 OutputFile:['tree_ORTHOMCL1378.nexus']
[INFO] 2025-04-24T19:17:44.304Z FILE_TRANSFER RequestId: uuid_b26bbb72_c415_496b_b157_7b28495a410e	 TransferType: produced	 Action: upload_to_s3	 FileName: tree_ORTHOMCL1378.nexus	 Bucket: denethor	 FilePath: tree/tree_ORTHOMCL1378.nexus	 FilePathLocal: .tmp/tree/tree_ORTHOMCL1378.nexus	 FileSize: 349 bytes	 TransferDuration: 0 ms
[INFO] 2025-04-24T19:17:44.305Z PRODUCED_FILES_INFO RequestId: uuid_b26bbb72_c415_496b_b157_7b28495a410e	 FilesCount: 1 files	 FilesSize: 349 bytes	 TransferDuration: 0 ms	 Provider: aws_ec2	 ProducedFiles: ['tree_ORTHOMCL1378.nexus']
[INFO] 2025-04-24T19:17:44.305Z END RequestId: uuid_b26bbb72_c415_496b_b157_7b28495a410e	 Activity: tree_constructor	 Provider: aws_ec2
[INFO] 2025-04-24T19:17:44.305Z REPORT RequestId: uuid_b26bbb72_c415_496b_b157_7b28495a410e	 Duration: 209.52803501859307 ms	 Billed Duration: 210 ms	 Memory Size: MB	 Max Memory Used: MB	 Init Duration: ms	

[INFO] 2025-04-24T19:17:44.305Z START RequestId: uuid_c03575d9_a229_47d9_a7f0_373cd9723d01	 Activity: tree_constructor	 Provider: aws_ec2
[INFO] 2025-04-24T19:17:44.305Z FILE_TRANSFER RequestId: uuid_c03575d9_a229_47d9_a7f0_373cd9723d01	 TransferType: consumed	 Action: download_from_s3	 FileName: ORTHOMCL1385	 Bucket: denethor	 FilePath: data/full_dataset/ORTHOMCL1385	 FilePathLocal: resources/data/full_dataset	 FileSize: 4874 bytes	 TransferDuration: 0 ms
[INFO] 2025-04-24T19:17:44.305Z CONSUMED_FILES_INFO RequestId: uuid_c03575d9_a229_47d9_a7f0_373cd9723d01	 FilesCount: 1 files	 FilesSize: 4874 bytes	 TransferDuration: 0 ms	 ConsumedFiles: ['ORTHOMCL1385']
[INFO] 2025-04-24T19:17:44.348Z TREE_CONSTRUCTOR RequestId: uuid_c03575d9_a229_47d9_a7f0_373cd9723d01	 Duration: 43.047447921708226 ms	 InputFile:ORTHOMCL1385	 OutputFile:['tree_ORTHOMCL1385.nexus']
[INFO] 2025-04-24T19:17:44.449Z FILE_TRANSFER RequestId: uuid_c03575d9_a229_47d9_a7f0_373cd9723d01	 TransferType: produced	 Action: upload_to_s3	 FileName: tree_ORTHOMCL1385.nexus	 Bucket: denethor	 FilePath: tree/tree_ORTHOMCL1385.nexus	 FilePathLocal: .tmp/tree/tree_ORTHOMCL1385.nexus	 FileSize: 349 bytes	 TransferDuration: 0 ms
[INFO] 2025-04-24T19:17:44.449Z PRODUCED_FILES_INFO RequestId: uuid_c03575d9_a229_47d9_a7f0_373cd9723d01	 FilesCount: 1 files	 FilesSize: 349 bytes	 TransferDuration: 0 ms	 Provider: aws_ec2	 ProducedFiles: ['tree_ORTHOMCL1385.nexus']
[INFO] 2025-04-24T19:17:44.449Z END RequestId: uuid_c03575d9_a229_47d9_a7f0_373cd9723d01	 Activity: tree_constructor	 Provider: aws_ec2
[INFO] 2025-04-24T19:17:44.449Z REPORT RequestId: uuid_c03575d9_a229_47d9_a7f0_373cd9723d01	 Duration: 144.64145991951227 ms	 Billed Duration: 145 ms	 Memory Size: MB	 Max Memory Used: MB	 Init Duration: ms	

[INFO] 2025-04-24T19:17:44.449Z START RequestId: uuid_12712419_d1fa_4ff8_87d3_cd633b9ce67e	 Activity: tree_constructor	 Provider: aws_ec2
[INFO] 2025-04-24T19:17:44.450Z FILE_TRANSFER RequestId: uuid_12712419_d1fa_4ff8_87d3_cd633b9ce67e	 TransferType: consumed	 Action: download_from_s3	 FileName: ORTHOMCL1410	 Bucket: denethor	 FilePath: data/full_dataset/ORTHOMCL1410	 FilePathLocal: resources/data/full_dataset	 FileSize: 6134 bytes	 TransferDuration: 0 ms
[INFO] 2025-04-24T19:17:44.450Z CONSUMED_FILES_INFO RequestId: uuid_12712419_d1fa_4ff8_87d3_cd633b9ce67e	 FilesCount: 1 files	 FilesSize: 6134 bytes	 TransferDuration: 0 ms	 ConsumedFiles: ['ORTHOMCL1410']
[INFO] 2025-04-24T19:17:44.519Z TREE_CONSTRUCTOR RequestId: uuid_12712419_d1fa_4ff8_87d3_cd633b9ce67e	 Duration: 69.23426105640829 ms	 InputFile:ORTHOMCL1410	 OutputFile:['tree_ORTHOMCL1410.nexus']
[INFO] 2025-04-24T19:17:44.619Z FILE_TRANSFER RequestId: uuid_12712419_d1fa_4ff8_87d3_cd633b9ce67e	 TransferType: produced	 Action: upload_to_s3	 FileName: tree_ORTHOMCL1410.nexus	 Bucket: denethor	 FilePath: tree/tree_ORTHOMCL1410.nexus	 FilePathLocal: .tmp/tree/tree_ORTHOMCL1410.nexus	 FileSize: 349 bytes	 TransferDuration: 0 ms
[INFO] 2025-04-24T19:17:44.619Z PRODUCED_FILES_INFO RequestId: uuid_12712419_d1fa_4ff8_87d3_cd633b9ce67e	 FilesCount: 1 files	 FilesSize: 349 bytes	 TransferDuration: 0 ms	 Provider: aws_ec2	 ProducedFiles: ['tree_ORTHOMCL1410.nexus']
[INFO] 2025-04-24T19:17:44.619Z END RequestId: uuid_12712419_d1fa_4ff8_87d3_cd633b9ce67e	 Activity: tree_constructor	 Provider: aws_ec2
[INFO] 2025-04-24T19:17:44.620Z REPORT RequestId: uuid_12712419_d1fa_4ff8_87d3_cd633b9ce67e	 Duration: 170.04992999136448 ms	 Billed Duration: 171 ms	 Memory Size: MB	 Max Memory Used: MB	 Init Duration: ms	

[INFO] 2025-04-24T19:17:44.620Z START RequestId: uuid_81ca9c85_b60d_450c_a920_7734bb0255de	 Activity: tree_constructor	 Provider: aws_ec2
[INFO] 2025-04-24T19:17:44.620Z FILE_TRANSFER RequestId: uuid_81ca9c85_b60d_450c_a920_7734bb0255de	 TransferType: consumed	 Action: download_from_s3	 FileName: ORTHOMCL1464	 Bucket: denethor	 FilePath: data/full_dataset/ORTHOMCL1464	 FilePathLocal: resources/data/full_dataset	 FileSize: 4236 bytes	 TransferDuration: 0 ms
[INFO] 2025-04-24T19:17:44.620Z CONSUMED_FILES_INFO RequestId: uuid_81ca9c85_b60d_450c_a920_7734bb0255de	 FilesCount: 1 files	 FilesSize: 4236 bytes	 TransferDuration: 0 ms	 ConsumedFiles: ['ORTHOMCL1464']
[INFO] 2025-04-24T19:17:44.650Z TREE_CONSTRUCTOR RequestId: uuid_81ca9c85_b60d_450c_a920_7734bb0255de	 Duration: 30.183220049366355 ms	 InputFile:ORTHOMCL1464	 OutputFile:['tree_ORTHOMCL1464.nexus']
[INFO] 2025-04-24T19:17:44.750Z FILE_TRANSFER RequestId: uuid_81ca9c85_b60d_450c_a920_7734bb0255de	 TransferType: produced	 Action: upload_to_s3	 FileName: tree_ORTHOMCL1464.nexus	 Bucket: denethor	 FilePath: tree/tree_ORTHOMCL1464.nexus	 FilePathLocal: .tmp/tree/tree_ORTHOMCL1464.nexus	 FileSize: 349 bytes	 TransferDuration: 0 ms
[INFO] 2025-04-24T19:17:44.750Z PRODUCED_FILES_INFO RequestId: uuid_81ca9c85_b60d_450c_a920_7734bb0255de	 FilesCount: 1 files	 FilesSize: 349 bytes	 TransferDuration: 0 ms	 Provider: aws_ec2	 ProducedFiles: ['tree_ORTHOMCL1464.nexus']
[INFO] 2025-04-24T19:17:44.750Z END RequestId: uuid_81ca9c85_b60d_450c_a920_7734bb0255de	 Activity: tree_constructor	 Provider: aws_ec2
[INFO] 2025-04-24T19:17:44.750Z REPORT RequestId: uuid_81ca9c85_b60d_450c_a920_7734bb0255de	 Duration: 130.70132699795067 ms	 Billed Duration: 131 ms	 Memory Size: MB	 Max Memory Used: MB	 Init Duration: ms	

[INFO] 2025-04-24T19:17:44.750Z START RequestId: uuid_c5b73ed3_2794_431d_8ec4_b7d70c3acade	 Activity: tree_constructor	 Provider: aws_ec2
[INFO] 2025-04-24T19:17:44.750Z FILE_TRANSFER RequestId: uuid_c5b73ed3_2794_431d_8ec4_b7d70c3acade	 TransferType: consumed	 Action: download_from_s3	 FileName: ORTHOMCL1518	 Bucket: denethor	 FilePath: data/full_dataset/ORTHOMCL1518	 FilePathLocal: resources/data/full_dataset	 FileSize: 6010 bytes	 TransferDuration: 0 ms
[INFO] 2025-04-24T19:17:44.751Z CONSUMED_FILES_INFO RequestId: uuid_c5b73ed3_2794_431d_8ec4_b7d70c3acade	 FilesCount: 1 files	 FilesSize: 6010 bytes	 TransferDuration: 0 ms	 ConsumedFiles: ['ORTHOMCL1518']
[INFO] 2025-04-24T19:17:44.854Z TREE_CONSTRUCTOR RequestId: uuid_c5b73ed3_2794_431d_8ec4_b7d70c3acade	 Duration: 103.80491684190929 ms	 InputFile:ORTHOMCL1518	 OutputFile:['tree_ORTHOMCL1518.nexus']
[INFO] 2025-04-24T19:17:44.955Z FILE_TRANSFER RequestId: uuid_c5b73ed3_2794_431d_8ec4_b7d70c3acade	 TransferType: produced	 Action: upload_to_s3	 FileName: tree_ORTHOMCL1518.nexus	 Bucket: denethor	 FilePath: tree/tree_ORTHOMCL1518.nexus	 FilePathLocal: .tmp/tree/tree_ORTHOMCL1518.nexus	 FileSize: 347 bytes	 TransferDuration: 0 ms
[INFO] 2025-04-24T19:17:44.955Z PRODUCED_FILES_INFO RequestId: uuid_c5b73ed3_2794_431d_8ec4_b7d70c3acade	 FilesCount: 1 files	 FilesSize: 347 bytes	 TransferDuration: 0 ms	 Provider: aws_ec2	 ProducedFiles: ['tree_ORTHOMCL1518.nexus']
[INFO] 2025-04-24T19:17:44.955Z END RequestId: uuid_c5b73ed3_2794_431d_8ec4_b7d70c3acade	 Activity: tree_constructor	 Provider: aws_ec2
[INFO] 2025-04-24T19:17:44.955Z REPORT RequestId: uuid_c5b73ed3_2794_431d_8ec4_b7d70c3acade	 Duration: 204.3160090688616 ms	 Billed Duration: 205 ms	 Memory Size: MB	 Max Memory Used: MB	 Init Duration: ms	

[INFO] 2025-04-24T19:17:44.955Z START RequestId: uuid_5a697950_6809_4c34_ba90_b37ab8d84a14	 Activity: tree_constructor	 Provider: aws_ec2
[INFO] 2025-04-24T19:17:44.955Z FILE_TRANSFER RequestId: uuid_5a697950_6809_4c34_ba90_b37ab8d84a14	 TransferType: consumed	 Action: download_from_s3	 FileName: ORTHOMCL1619	 Bucket: denethor	 FilePath: data/full_dataset/ORTHOMCL1619	 FilePathLocal: resources/data/full_dataset	 FileSize: 3936 bytes	 TransferDuration: 0 ms
[INFO] 2025-04-24T19:17:44.955Z CONSUMED_FILES_INFO RequestId: uuid_5a697950_6809_4c34_ba90_b37ab8d84a14	 FilesCount: 1 files	 FilesSize: 3936 bytes	 TransferDuration: 0 ms	 ConsumedFiles: ['ORTHOMCL1619']
[INFO] 2025-04-24T19:17:44.983Z TREE_CONSTRUCTOR RequestId: uuid_5a697950_6809_4c34_ba90_b37ab8d84a14	 Duration: 28.27688120305538 ms	 InputFile:ORTHOMCL1619	 OutputFile:['tree_ORTHOMCL1619.nexus']
[INFO] 2025-04-24T19:17:45.084Z FILE_TRANSFER RequestId: uuid_5a697950_6809_4c34_ba90_b37ab8d84a14	 TransferType: produced	 Action: upload_to_s3	 FileName: tree_ORTHOMCL1619.nexus	 Bucket: denethor	 FilePath: tree/tree_ORTHOMCL1619.nexus	 FilePathLocal: .tmp/tree/tree_ORTHOMCL1619.nexus	 FileSize: 355 bytes	 TransferDuration: 0 ms
[INFO] 2025-04-24T19:17:45.084Z PRODUCED_FILES_INFO RequestId: uuid_5a697950_6809_4c34_ba90_b37ab8d84a14	 FilesCount: 1 files	 FilesSize: 355 bytes	 TransferDuration: 0 ms	 Provider: aws_ec2	 ProducedFiles: ['tree_ORTHOMCL1619.nexus']
[INFO] 2025-04-24T19:17:45.084Z END RequestId: uuid_5a697950_6809_4c34_ba90_b37ab8d84a14	 Activity: tree_constructor	 Provider: aws_ec2
[INFO] 2025-04-24T19:17:45.084Z REPORT RequestId: uuid_5a697950_6809_4c34_ba90_b37ab8d84a14	 Duration: 128.8747729267925 ms	 Billed Duration: 129 ms	 Memory Size: MB	 Max Memory Used: MB	 Init Duration: ms	

[INFO] 2025-04-24T19:17:45.084Z START RequestId: uuid_909cd1b7_317e_4fe9_808e_c4236da3892a	 Activity: tree_constructor	 Provider: aws_ec2
[INFO] 2025-04-24T19:17:45.084Z FILE_TRANSFER RequestId: uuid_909cd1b7_317e_4fe9_808e_c4236da3892a	 TransferType: consumed	 Action: download_from_s3	 FileName: ORTHOMCL1706	 Bucket: denethor	 FilePath: data/full_dataset/ORTHOMCL1706	 FilePathLocal: resources/data/full_dataset	 FileSize: 3156 bytes	 TransferDuration: 0 ms
[INFO] 2025-04-24T19:17:45.084Z CONSUMED_FILES_INFO RequestId: uuid_909cd1b7_317e_4fe9_808e_c4236da3892a	 FilesCount: 1 files	 FilesSize: 3156 bytes	 TransferDuration: 0 ms	 ConsumedFiles: ['ORTHOMCL1706']
[INFO] 2025-04-24T19:17:45.108Z TREE_CONSTRUCTOR RequestId: uuid_909cd1b7_317e_4fe9_808e_c4236da3892a	 Duration: 24.33186606504023 ms	 InputFile:ORTHOMCL1706	 OutputFile:['tree_ORTHOMCL1706.nexus']
[INFO] 2025-04-24T19:17:45.209Z FILE_TRANSFER RequestId: uuid_909cd1b7_317e_4fe9_808e_c4236da3892a	 TransferType: produced	 Action: upload_to_s3	 FileName: tree_ORTHOMCL1706.nexus	 Bucket: denethor	 FilePath: tree/tree_ORTHOMCL1706.nexus	 FilePathLocal: .tmp/tree/tree_ORTHOMCL1706.nexus	 FileSize: 355 bytes	 TransferDuration: 0 ms
[INFO] 2025-04-24T19:17:45.209Z PRODUCED_FILES_INFO RequestId: uuid_909cd1b7_317e_4fe9_808e_c4236da3892a	 FilesCount: 1 files	 FilesSize: 355 bytes	 TransferDuration: 0 ms	 Provider: aws_ec2	 ProducedFiles: ['tree_ORTHOMCL1706.nexus']
[INFO] 2025-04-24T19:17:45.209Z END RequestId: uuid_909cd1b7_317e_4fe9_808e_c4236da3892a	 Activity: tree_constructor	 Provider: aws_ec2
[INFO] 2025-04-24T19:17:45.209Z REPORT RequestId: uuid_909cd1b7_317e_4fe9_808e_c4236da3892a	 Duration: 125.09581400081515 ms	 Billed Duration: 126 ms	 Memory Size: MB	 Max Memory Used: MB	 Init Duration: ms	

[INFO] 2025-04-24T19:17:45.209Z START RequestId: uuid_44566f1d_d179_409a_a8f9_e1bb8eec3d2a	 Activity: tree_constructor	 Provider: aws_ec2
[INFO] 2025-04-24T19:17:45.209Z FILE_TRANSFER RequestId: uuid_44566f1d_d179_409a_a8f9_e1bb8eec3d2a	 TransferType: consumed	 Action: download_from_s3	 FileName: ORTHOMCL1779	 Bucket: denethor	 FilePath: data/full_dataset/ORTHOMCL1779	 FilePathLocal: resources/data/full_dataset	 FileSize: 5910 bytes	 TransferDuration: 0 ms
[INFO] 2025-04-24T19:17:45.209Z CONSUMED_FILES_INFO RequestId: uuid_44566f1d_d179_409a_a8f9_e1bb8eec3d2a	 FilesCount: 1 files	 FilesSize: 5910 bytes	 TransferDuration: 0 ms	 ConsumedFiles: ['ORTHOMCL1779']
[INFO] 2025-04-24T19:17:45.306Z TREE_CONSTRUCTOR RequestId: uuid_44566f1d_d179_409a_a8f9_e1bb8eec3d2a	 Duration: 96.48933913558722 ms	 InputFile:ORTHOMCL1779	 OutputFile:['tree_ORTHOMCL1779.nexus']
[INFO] 2025-04-24T19:17:45.406Z FILE_TRANSFER RequestId: uuid_44566f1d_d179_409a_a8f9_e1bb8eec3d2a	 TransferType: produced	 Action: upload_to_s3	 FileName: tree_ORTHOMCL1779.nexus	 Bucket: denethor	 FilePath: tree/tree_ORTHOMCL1779.nexus	 FilePathLocal: .tmp/tree/tree_ORTHOMCL1779.nexus	 FileSize: 339 bytes	 TransferDuration: 0 ms
[INFO] 2025-04-24T19:17:45.406Z PRODUCED_FILES_INFO RequestId: uuid_44566f1d_d179_409a_a8f9_e1bb8eec3d2a	 FilesCount: 1 files	 FilesSize: 339 bytes	 TransferDuration: 0 ms	 Provider: aws_ec2	 ProducedFiles: ['tree_ORTHOMCL1779.nexus']
[INFO] 2025-04-24T19:17:45.406Z END RequestId: uuid_44566f1d_d179_409a_a8f9_e1bb8eec3d2a	 Activity: tree_constructor	 Provider: aws_ec2
[INFO] 2025-04-24T19:17:45.406Z REPORT RequestId: uuid_44566f1d_d179_409a_a8f9_e1bb8eec3d2a	 Duration: 197.20788882113993 ms	 Billed Duration: 198 ms	 Memory Size: MB	 Max Memory Used: MB	 Init Duration: ms	

[INFO] 2025-04-24T19:17:45.406Z START RequestId: uuid_6ed7983f_2418_4dee_a8a9_dad33889e32d	 Activity: tree_constructor	 Provider: aws_ec2
[INFO] 2025-04-24T19:17:45.406Z FILE_TRANSFER RequestId: uuid_6ed7983f_2418_4dee_a8a9_dad33889e32d	 TransferType: consumed	 Action: download_from_s3	 FileName: ORTHOMCL1788	 Bucket: denethor	 FilePath: data/full_dataset/ORTHOMCL1788	 FilePathLocal: resources/data/full_dataset	 FileSize: 3598 bytes	 TransferDuration: 0 ms
[INFO] 2025-04-24T19:17:45.406Z CONSUMED_FILES_INFO RequestId: uuid_6ed7983f_2418_4dee_a8a9_dad33889e32d	 FilesCount: 1 files	 FilesSize: 3598 bytes	 TransferDuration: 0 ms	 ConsumedFiles: ['ORTHOMCL1788']
[INFO] 2025-04-24T19:17:45.439Z TREE_CONSTRUCTOR RequestId: uuid_6ed7983f_2418_4dee_a8a9_dad33889e32d	 Duration: 32.666017999872565 ms	 InputFile:ORTHOMCL1788	 OutputFile:['tree_ORTHOMCL1788.nexus']
[INFO] 2025-04-24T19:17:45.540Z FILE_TRANSFER RequestId: uuid_6ed7983f_2418_4dee_a8a9_dad33889e32d	 TransferType: produced	 Action: upload_to_s3	 FileName: tree_ORTHOMCL1788.nexus	 Bucket: denethor	 FilePath: tree/tree_ORTHOMCL1788.nexus	 FilePathLocal: .tmp/tree/tree_ORTHOMCL1788.nexus	 FileSize: 347 bytes	 TransferDuration: 0 ms
[INFO] 2025-04-24T19:17:45.540Z PRODUCED_FILES_INFO RequestId: uuid_6ed7983f_2418_4dee_a8a9_dad33889e32d	 FilesCount: 1 files	 FilesSize: 347 bytes	 TransferDuration: 0 ms	 Provider: aws_ec2	 ProducedFiles: ['tree_ORTHOMCL1788.nexus']
[INFO] 2025-04-24T19:17:45.540Z END RequestId: uuid_6ed7983f_2418_4dee_a8a9_dad33889e32d	 Activity: tree_constructor	 Provider: aws_ec2
[INFO] 2025-04-24T19:17:45.540Z REPORT RequestId: uuid_6ed7983f_2418_4dee_a8a9_dad33889e32d	 Duration: 133.61318688839674 ms	 Billed Duration: 134 ms	 Memory Size: MB	 Max Memory Used: MB	 Init Duration: ms	

[INFO] 2025-04-24T19:17:45.540Z START RequestId: uuid_2c24d9d5_b5b3_4c58_be86_d09571a216c8	 Activity: tree_constructor	 Provider: aws_ec2
[INFO] 2025-04-24T19:17:45.540Z FILE_TRANSFER RequestId: uuid_2c24d9d5_b5b3_4c58_be86_d09571a216c8	 TransferType: consumed	 Action: download_from_s3	 FileName: ORTHOMCL1813	 Bucket: denethor	 FilePath: data/full_dataset/ORTHOMCL1813	 FilePathLocal: resources/data/full_dataset	 FileSize: 2768 bytes	 TransferDuration: 0 ms
[INFO] 2025-04-24T19:17:45.540Z CONSUMED_FILES_INFO RequestId: uuid_2c24d9d5_b5b3_4c58_be86_d09571a216c8	 FilesCount: 1 files	 FilesSize: 2768 bytes	 TransferDuration: 0 ms	 ConsumedFiles: ['ORTHOMCL1813']
[INFO] 2025-04-24T19:17:45.556Z TREE_CONSTRUCTOR RequestId: uuid_2c24d9d5_b5b3_4c58_be86_d09571a216c8	 Duration: 15.408303821459413 ms	 InputFile:ORTHOMCL1813	 OutputFile:['tree_ORTHOMCL1813.nexus']
[INFO] 2025-04-24T19:17:45.656Z FILE_TRANSFER RequestId: uuid_2c24d9d5_b5b3_4c58_be86_d09571a216c8	 TransferType: produced	 Action: upload_to_s3	 FileName: tree_ORTHOMCL1813.nexus	 Bucket: denethor	 FilePath: tree/tree_ORTHOMCL1813.nexus	 FilePathLocal: .tmp/tree/tree_ORTHOMCL1813.nexus	 FileSize: 339 bytes	 TransferDuration: 0 ms
[INFO] 2025-04-24T19:17:45.656Z PRODUCED_FILES_INFO RequestId: uuid_2c24d9d5_b5b3_4c58_be86_d09571a216c8	 FilesCount: 1 files	 FilesSize: 339 bytes	 TransferDuration: 0 ms	 Provider: aws_ec2	 ProducedFiles: ['tree_ORTHOMCL1813.nexus']
[INFO] 2025-04-24T19:17:45.656Z END RequestId: uuid_2c24d9d5_b5b3_4c58_be86_d09571a216c8	 Activity: tree_constructor	 Provider: aws_ec2
[INFO] 2025-04-24T19:17:45.656Z REPORT RequestId: uuid_2c24d9d5_b5b3_4c58_be86_d09571a216c8	 Duration: 116.14466505125165 ms	 Billed Duration: 117 ms	 Memory Size: MB	 Max Memory Used: MB	 Init Duration: ms	

[INFO] 2025-04-24T19:17:45.656Z START RequestId: uuid_315c9a80_5afa_4443_89bf_ad56c1cc8381	 Activity: tree_constructor	 Provider: aws_ec2
[INFO] 2025-04-24T19:17:45.656Z FILE_TRANSFER RequestId: uuid_315c9a80_5afa_4443_89bf_ad56c1cc8381	 TransferType: consumed	 Action: download_from_s3	 FileName: ORTHOMCL1875	 Bucket: denethor	 FilePath: data/full_dataset/ORTHOMCL1875	 FilePathLocal: resources/data/full_dataset	 FileSize: 3470 bytes	 TransferDuration: 0 ms
[INFO] 2025-04-24T19:17:45.656Z CONSUMED_FILES_INFO RequestId: uuid_315c9a80_5afa_4443_89bf_ad56c1cc8381	 FilesCount: 1 files	 FilesSize: 3470 bytes	 TransferDuration: 0 ms	 ConsumedFiles: ['ORTHOMCL1875']
[INFO] 2025-04-24T19:17:45.676Z TREE_CONSTRUCTOR RequestId: uuid_315c9a80_5afa_4443_89bf_ad56c1cc8381	 Duration: 19.164258148521185 ms	 InputFile:ORTHOMCL1875	 OutputFile:['tree_ORTHOMCL1875.nexus']
[INFO] 2025-04-24T19:17:45.776Z FILE_TRANSFER RequestId: uuid_315c9a80_5afa_4443_89bf_ad56c1cc8381	 TransferType: produced	 Action: upload_to_s3	 FileName: tree_ORTHOMCL1875.nexus	 Bucket: denethor	 FilePath: tree/tree_ORTHOMCL1875.nexus	 FilePathLocal: .tmp/tree/tree_ORTHOMCL1875.nexus	 FileSize: 347 bytes	 TransferDuration: 0 ms
[INFO] 2025-04-24T19:17:45.776Z PRODUCED_FILES_INFO RequestId: uuid_315c9a80_5afa_4443_89bf_ad56c1cc8381	 FilesCount: 1 files	 FilesSize: 347 bytes	 TransferDuration: 0 ms	 Provider: aws_ec2	 ProducedFiles: ['tree_ORTHOMCL1875.nexus']
[INFO] 2025-04-24T19:17:45.776Z END RequestId: uuid_315c9a80_5afa_4443_89bf_ad56c1cc8381	 Activity: tree_constructor	 Provider: aws_ec2
[INFO] 2025-04-24T19:17:45.776Z REPORT RequestId: uuid_315c9a80_5afa_4443_89bf_ad56c1cc8381	 Duration: 119.67180110514164 ms	 Billed Duration: 120 ms	 Memory Size: MB	 Max Memory Used: MB	 Init Duration: ms	

[INFO] 2025-04-24T19:17:45.776Z START RequestId: uuid_712e08b9_409b_464a_8510_60f948248ecc	 Activity: tree_constructor	 Provider: aws_ec2
[INFO] 2025-04-24T19:17:45.776Z FILE_TRANSFER RequestId: uuid_712e08b9_409b_464a_8510_60f948248ecc	 TransferType: consumed	 Action: download_from_s3	 FileName: ORTHOMCL1915	 Bucket: denethor	 FilePath: data/full_dataset/ORTHOMCL1915	 FilePathLocal: resources/data/full_dataset	 FileSize: 2248 bytes	 TransferDuration: 0 ms
[INFO] 2025-04-24T19:17:45.776Z CONSUMED_FILES_INFO RequestId: uuid_712e08b9_409b_464a_8510_60f948248ecc	 FilesCount: 1 files	 FilesSize: 2248 bytes	 TransferDuration: 0 ms	 ConsumedFiles: ['ORTHOMCL1915']
[INFO] 2025-04-24T19:17:45.785Z TREE_CONSTRUCTOR RequestId: uuid_712e08b9_409b_464a_8510_60f948248ecc	 Duration: 8.957483107224107 ms	 InputFile:ORTHOMCL1915	 OutputFile:['tree_ORTHOMCL1915.nexus']
[INFO] 2025-04-24T19:17:45.885Z FILE_TRANSFER RequestId: uuid_712e08b9_409b_464a_8510_60f948248ecc	 TransferType: produced	 Action: upload_to_s3	 FileName: tree_ORTHOMCL1915.nexus	 Bucket: denethor	 FilePath: tree/tree_ORTHOMCL1915.nexus	 FilePathLocal: .tmp/tree/tree_ORTHOMCL1915.nexus	 FileSize: 291 bytes	 TransferDuration: 0 ms
[INFO] 2025-04-24T19:17:45.886Z PRODUCED_FILES_INFO RequestId: uuid_712e08b9_409b_464a_8510_60f948248ecc	 FilesCount: 1 files	 FilesSize: 291 bytes	 TransferDuration: 0 ms	 Provider: aws_ec2	 ProducedFiles: ['tree_ORTHOMCL1915.nexus']
[INFO] 2025-04-24T19:17:45.886Z END RequestId: uuid_712e08b9_409b_464a_8510_60f948248ecc	 Activity: tree_constructor	 Provider: aws_ec2
[INFO] 2025-04-24T19:17:45.886Z REPORT RequestId: uuid_712e08b9_409b_464a_8510_60f948248ecc	 Duration: 109.44779496639967 ms	 Billed Duration: 110 ms	 Memory Size: MB	 Max Memory Used: MB	 Init Duration: ms	

[INFO] 2025-04-24T19:17:45.886Z START RequestId: uuid_f78a04b3_094c_4726_acdf_88d8a68e963e	 Activity: tree_constructor	 Provider: aws_ec2
[INFO] 2025-04-24T19:17:45.886Z FILE_TRANSFER RequestId: uuid_f78a04b3_094c_4726_acdf_88d8a68e963e	 TransferType: consumed	 Action: download_from_s3	 FileName: ORTHOMCL1985	 Bucket: denethor	 FilePath: data/full_dataset/ORTHOMCL1985	 FilePathLocal: resources/data/full_dataset	 FileSize: 4088 bytes	 TransferDuration: 0 ms
[INFO] 2025-04-24T19:17:45.886Z CONSUMED_FILES_INFO RequestId: uuid_f78a04b3_094c_4726_acdf_88d8a68e963e	 FilesCount: 1 files	 FilesSize: 4088 bytes	 TransferDuration: 0 ms	 ConsumedFiles: ['ORTHOMCL1985']
[INFO] 2025-04-24T19:17:45.920Z TREE_CONSTRUCTOR RequestId: uuid_f78a04b3_094c_4726_acdf_88d8a68e963e	 Duration: 34.02078500948846 ms	 InputFile:ORTHOMCL1985	 OutputFile:['tree_ORTHOMCL1985.nexus']
[INFO] 2025-04-24T19:17:46.020Z FILE_TRANSFER RequestId: uuid_f78a04b3_094c_4726_acdf_88d8a68e963e	 TransferType: produced	 Action: upload_to_s3	 FileName: tree_ORTHOMCL1985.nexus	 Bucket: denethor	 FilePath: tree/tree_ORTHOMCL1985.nexus	 FilePathLocal: .tmp/tree/tree_ORTHOMCL1985.nexus	 FileSize: 355 bytes	 TransferDuration: 0 ms
[INFO] 2025-04-24T19:17:46.020Z PRODUCED_FILES_INFO RequestId: uuid_f78a04b3_094c_4726_acdf_88d8a68e963e	 FilesCount: 1 files	 FilesSize: 355 bytes	 TransferDuration: 0 ms	 Provider: aws_ec2	 ProducedFiles: ['tree_ORTHOMCL1985.nexus']
[INFO] 2025-04-24T19:17:46.020Z END RequestId: uuid_f78a04b3_094c_4726_acdf_88d8a68e963e	 Activity: tree_constructor	 Provider: aws_ec2
[INFO] 2025-04-24T19:17:46.021Z REPORT RequestId: uuid_f78a04b3_094c_4726_acdf_88d8a68e963e	 Duration: 134.5683941617608 ms	 Billed Duration: 135 ms	 Memory Size: MB	 Max Memory Used: MB	 Init Duration: ms	

[INFO] 2025-04-24T19:17:46.021Z START RequestId: uuid_03fe4c23_0d4e_4e59_b171_f044502da04a	 Activity: tree_constructor	 Provider: aws_ec2
[INFO] 2025-04-24T19:17:46.021Z FILE_TRANSFER RequestId: uuid_03fe4c23_0d4e_4e59_b171_f044502da04a	 TransferType: consumed	 Action: download_from_s3	 FileName: ORTHOMCL2020	 Bucket: denethor	 FilePath: data/full_dataset/ORTHOMCL2020	 FilePathLocal: resources/data/full_dataset	 FileSize: 5254 bytes	 TransferDuration: 0 ms
[INFO] 2025-04-24T19:17:46.021Z CONSUMED_FILES_INFO RequestId: uuid_03fe4c23_0d4e_4e59_b171_f044502da04a	 FilesCount: 1 files	 FilesSize: 5254 bytes	 TransferDuration: 0 ms	 ConsumedFiles: ['ORTHOMCL2020']
[INFO] 2025-04-24T19:17:46.113Z TREE_CONSTRUCTOR RequestId: uuid_03fe4c23_0d4e_4e59_b171_f044502da04a	 Duration: 92.59573486633599 ms	 InputFile:ORTHOMCL2020	 OutputFile:['tree_ORTHOMCL2020.nexus']
[INFO] 2025-04-24T19:17:46.214Z FILE_TRANSFER RequestId: uuid_03fe4c23_0d4e_4e59_b171_f044502da04a	 TransferType: produced	 Action: upload_to_s3	 FileName: tree_ORTHOMCL2020.nexus	 Bucket: denethor	 FilePath: tree/tree_ORTHOMCL2020.nexus	 FilePathLocal: .tmp/tree/tree_ORTHOMCL2020.nexus	 FileSize: 349 bytes	 TransferDuration: 0 ms
[INFO] 2025-04-24T19:17:46.214Z PRODUCED_FILES_INFO RequestId: uuid_03fe4c23_0d4e_4e59_b171_f044502da04a	 FilesCount: 1 files	 FilesSize: 349 bytes	 TransferDuration: 0 ms	 Provider: aws_ec2	 ProducedFiles: ['tree_ORTHOMCL2020.nexus']
[INFO] 2025-04-24T19:17:46.214Z END RequestId: uuid_03fe4c23_0d4e_4e59_b171_f044502da04a	 Activity: tree_constructor	 Provider: aws_ec2
[INFO] 2025-04-24T19:17:46.214Z REPORT RequestId: uuid_03fe4c23_0d4e_4e59_b171_f044502da04a	 Duration: 193.40513297356665 ms	 Billed Duration: 194 ms	 Memory Size: MB	 Max Memory Used: MB	 Init Duration: ms	

