[INFO] 2025-04-24T19:16:15.381Z START RequestId: uuid_ffede828_5d0e_41f5_8893_7ee3c6cefb86	 Activity: tree_constructor	 Provider: aws_ec2
[INFO] 2025-04-24T19:16:15.381Z FILE_TRANSFER RequestId: uuid_ffede828_5d0e_41f5_8893_7ee3c6cefb86	 TransferType: consumed	 Action: download_from_s3	 FileName: ORTHOMCL337	 Bucket: denethor	 FilePath: data/full_dataset/ORTHOMCL337	 FilePathLocal: resources/data/full_dataset	 FileSize: 3173 bytes	 TransferDuration: 0 ms
[INFO] 2025-04-24T19:16:15.381Z CONSUMED_FILES_INFO RequestId: uuid_ffede828_5d0e_41f5_8893_7ee3c6cefb86	 FilesCount: 1 files	 FilesSize: 3173 bytes	 TransferDuration: 0 ms	 ConsumedFiles: ['ORTHOMCL337']
[INFO] 2025-04-24T19:16:15.433Z TREE_CONSTRUCTOR RequestId: uuid_ffede828_5d0e_41f5_8893_7ee3c6cefb86	 Duration: 52.203051978722215 ms	 InputFile:ORTHOMCL337	 OutputFile:['tree_ORTHOMCL337.nexus']
[INFO] 2025-04-24T19:16:15.534Z FILE_TRANSFER RequestId: uuid_ffede828_5d0e_41f5_8893_7ee3c6cefb86	 TransferType: produced	 Action: upload_to_s3	 FileName: tree_ORTHOMCL337.nexus	 Bucket: denethor	 FilePath: tree/tree_ORTHOMCL337.nexus	 FilePathLocal: .tmp/tree/tree_ORTHOMCL337.nexus	 FileSize: 581 bytes	 TransferDuration: 0 ms
[INFO] 2025-04-24T19:16:15.534Z PRODUCED_FILES_INFO RequestId: uuid_ffede828_5d0e_41f5_8893_7ee3c6cefb86	 FilesCount: 1 files	 FilesSize: 581 bytes	 TransferDuration: 0 ms	 Provider: aws_ec2	 ProducedFiles: ['tree_ORTHOMCL337.nexus']
[INFO] 2025-04-24T19:16:15.534Z END RequestId: uuid_ffede828_5d0e_41f5_8893_7ee3c6cefb86	 Activity: tree_constructor	 Provider: aws_ec2
[INFO] 2025-04-24T19:16:15.534Z REPORT RequestId: uuid_ffede828_5d0e_41f5_8893_7ee3c6cefb86	 Duration: 152.89630903862417 ms	 Billed Duration: 153 ms	 Memory Size: MB	 Max Memory Used: MB	 Init Duration: ms	

[INFO] 2025-04-24T19:16:15.534Z START RequestId: uuid_6f4959e2_4e27_4ffa_b899_132675a1fc9e	 Activity: tree_constructor	 Provider: aws_ec2
[INFO] 2025-04-24T19:16:15.534Z FILE_TRANSFER RequestId: uuid_6f4959e2_4e27_4ffa_b899_132675a1fc9e	 TransferType: consumed	 Action: download_from_s3	 FileName: ORTHOMCL358	 Bucket: denethor	 FilePath: data/full_dataset/ORTHOMCL358	 FilePathLocal: resources/data/full_dataset	 FileSize: 3223 bytes	 TransferDuration: 0 ms
[INFO] 2025-04-24T19:16:15.534Z CONSUMED_FILES_INFO RequestId: uuid_6f4959e2_4e27_4ffa_b899_132675a1fc9e	 FilesCount: 1 files	 FilesSize: 3223 bytes	 TransferDuration: 0 ms	 ConsumedFiles: ['ORTHOMCL358']
[INFO] 2025-04-24T19:16:15.600Z TREE_CONSTRUCTOR RequestId: uuid_6f4959e2_4e27_4ffa_b899_132675a1fc9e	 Duration: 65.70564699359238 ms	 InputFile:ORTHOMCL358	 OutputFile:['tree_ORTHOMCL358.nexus']
[INFO] 2025-04-24T19:16:15.700Z FILE_TRANSFER RequestId: uuid_6f4959e2_4e27_4ffa_b899_132675a1fc9e	 TransferType: produced	 Action: upload_to_s3	 FileName: tree_ORTHOMCL358.nexus	 Bucket: denethor	 FilePath: tree/tree_ORTHOMCL358.nexus	 FilePathLocal: .tmp/tree/tree_ORTHOMCL358.nexus	 FileSize: 567 bytes	 TransferDuration: 0 ms
[INFO] 2025-04-24T19:16:15.700Z PRODUCED_FILES_INFO RequestId: uuid_6f4959e2_4e27_4ffa_b899_132675a1fc9e	 FilesCount: 1 files	 FilesSize: 567 bytes	 TransferDuration: 0 ms	 Provider: aws_ec2	 ProducedFiles: ['tree_ORTHOMCL358.nexus']
[INFO] 2025-04-24T19:16:15.700Z END RequestId: uuid_6f4959e2_4e27_4ffa_b899_132675a1fc9e	 Activity: tree_constructor	 Provider: aws_ec2
[INFO] 2025-04-24T19:16:15.700Z REPORT RequestId: uuid_6f4959e2_4e27_4ffa_b899_132675a1fc9e	 Duration: 166.24747589230537 ms	 Billed Duration: 167 ms	 Memory Size: MB	 Max Memory Used: MB	 Init Duration: ms	

[INFO] 2025-04-24T19:16:15.700Z START RequestId: uuid_ea3e1b64_e1cf_4672_913f_4109c1f9b934	 Activity: tree_constructor	 Provider: aws_ec2
[INFO] 2025-04-24T19:16:15.700Z FILE_TRANSFER RequestId: uuid_ea3e1b64_e1cf_4672_913f_4109c1f9b934	 TransferType: consumed	 Action: download_from_s3	 FileName: ORTHOMCL364	 Bucket: denethor	 FilePath: data/full_dataset/ORTHOMCL364	 FilePathLocal: resources/data/full_dataset	 FileSize: 3184 bytes	 TransferDuration: 0 ms
[INFO] 2025-04-24T19:16:15.700Z CONSUMED_FILES_INFO RequestId: uuid_ea3e1b64_e1cf_4672_913f_4109c1f9b934	 FilesCount: 1 files	 FilesSize: 3184 bytes	 TransferDuration: 0 ms	 ConsumedFiles: ['ORTHOMCL364']
[INFO] 2025-04-24T19:16:15.749Z TREE_CONSTRUCTOR RequestId: uuid_ea3e1b64_e1cf_4672_913f_4109c1f9b934	 Duration: 48.79909800365567 ms	 InputFile:ORTHOMCL364	 OutputFile:['tree_ORTHOMCL364.nexus']
[INFO] 2025-04-24T19:16:15.849Z FILE_TRANSFER RequestId: uuid_ea3e1b64_e1cf_4672_913f_4109c1f9b934	 TransferType: produced	 Action: upload_to_s3	 FileName: tree_ORTHOMCL364.nexus	 Bucket: denethor	 FilePath: tree/tree_ORTHOMCL364.nexus	 FilePathLocal: .tmp/tree/tree_ORTHOMCL364.nexus	 FileSize: 575 bytes	 TransferDuration: 0 ms
[INFO] 2025-04-24T19:16:15.849Z PRODUCED_FILES_INFO RequestId: uuid_ea3e1b64_e1cf_4672_913f_4109c1f9b934	 FilesCount: 1 files	 FilesSize: 575 bytes	 TransferDuration: 0 ms	 Provider: aws_ec2	 ProducedFiles: ['tree_ORTHOMCL364.nexus']
[INFO] 2025-04-24T19:16:15.849Z END RequestId: uuid_ea3e1b64_e1cf_4672_913f_4109c1f9b934	 Activity: tree_constructor	 Provider: aws_ec2
[INFO] 2025-04-24T19:16:15.850Z REPORT RequestId: uuid_ea3e1b64_e1cf_4672_913f_4109c1f9b934	 Duration: 149.33488192036748 ms	 Billed Duration: 150 ms	 Memory Size: MB	 Max Memory Used: MB	 Init Duration: ms	

[INFO] 2025-04-24T19:16:15.850Z START RequestId: uuid_21c8bead_4fe4_488f_9be4_c6f789e7d4da	 Activity: tree_constructor	 Provider: aws_ec2
[INFO] 2025-04-24T19:16:15.850Z FILE_TRANSFER RequestId: uuid_21c8bead_4fe4_488f_9be4_c6f789e7d4da	 TransferType: consumed	 Action: download_from_s3	 FileName: ORTHOMCL465	 Bucket: denethor	 FilePath: data/full_dataset/ORTHOMCL465	 FilePathLocal: resources/data/full_dataset	 FileSize: 4075 bytes	 TransferDuration: 0 ms
[INFO] 2025-04-24T19:16:15.850Z CONSUMED_FILES_INFO RequestId: uuid_21c8bead_4fe4_488f_9be4_c6f789e7d4da	 FilesCount: 1 files	 FilesSize: 4075 bytes	 TransferDuration: 0 ms	 ConsumedFiles: ['ORTHOMCL465']
[INFO] 2025-04-24T19:16:15.876Z TREE_CONSTRUCTOR RequestId: uuid_21c8bead_4fe4_488f_9be4_c6f789e7d4da	 Duration: 26.21483081020415 ms	 InputFile:ORTHOMCL465	 OutputFile:['tree_ORTHOMCL465.nexus']
[INFO] 2025-04-24T19:16:15.976Z FILE_TRANSFER RequestId: uuid_21c8bead_4fe4_488f_9be4_c6f789e7d4da	 TransferType: produced	 Action: upload_to_s3	 FileName: tree_ORTHOMCL465.nexus	 Bucket: denethor	 FilePath: tree/tree_ORTHOMCL465.nexus	 FilePathLocal: .tmp/tree/tree_ORTHOMCL465.nexus	 FileSize: 515 bytes	 TransferDuration: 0 ms
[INFO] 2025-04-24T19:16:15.977Z PRODUCED_FILES_INFO RequestId: uuid_21c8bead_4fe4_488f_9be4_c6f789e7d4da	 FilesCount: 1 files	 FilesSize: 515 bytes	 TransferDuration: 0 ms	 Provider: aws_ec2	 ProducedFiles: ['tree_ORTHOMCL465.nexus']
[INFO] 2025-04-24T19:16:15.977Z END RequestId: uuid_21c8bead_4fe4_488f_9be4_c6f789e7d4da	 Activity: tree_constructor	 Provider: aws_ec2
[INFO] 2025-04-24T19:16:15.977Z REPORT RequestId: uuid_21c8bead_4fe4_488f_9be4_c6f789e7d4da	 Duration: 126.96242914535105 ms	 Billed Duration: 127 ms	 Memory Size: MB	 Max Memory Used: MB	 Init Duration: ms	

[INFO] 2025-04-24T19:16:15.977Z START RequestId: uuid_afe84646_3cf7_46b0_ba42_6f2b081c745c	 Activity: tree_constructor	 Provider: aws_ec2
[INFO] 2025-04-24T19:16:15.977Z FILE_TRANSFER RequestId: uuid_afe84646_3cf7_46b0_ba42_6f2b081c745c	 TransferType: consumed	 Action: download_from_s3	 FileName: ORTHOMCL515	 Bucket: denethor	 FilePath: data/full_dataset/ORTHOMCL515	 FilePathLocal: resources/data/full_dataset	 FileSize: 4459 bytes	 TransferDuration: 0 ms
[INFO] 2025-04-24T19:16:15.977Z CONSUMED_FILES_INFO RequestId: uuid_afe84646_3cf7_46b0_ba42_6f2b081c745c	 FilesCount: 1 files	 FilesSize: 4459 bytes	 TransferDuration: 0 ms	 ConsumedFiles: ['ORTHOMCL515']
[INFO] 2025-04-24T19:16:16.005Z TREE_CONSTRUCTOR RequestId: uuid_afe84646_3cf7_46b0_ba42_6f2b081c745c	 Duration: 27.90285716764629 ms	 InputFile:ORTHOMCL515	 OutputFile:['tree_ORTHOMCL515.nexus']
[INFO] 2025-04-24T19:16:16.105Z FILE_TRANSFER RequestId: uuid_afe84646_3cf7_46b0_ba42_6f2b081c745c	 TransferType: produced	 Action: upload_to_s3	 FileName: tree_ORTHOMCL515.nexus	 Bucket: denethor	 FilePath: tree/tree_ORTHOMCL515.nexus	 FilePathLocal: .tmp/tree/tree_ORTHOMCL515.nexus	 FileSize: 463 bytes	 TransferDuration: 0 ms
[INFO] 2025-04-24T19:16:16.105Z PRODUCED_FILES_INFO RequestId: uuid_afe84646_3cf7_46b0_ba42_6f2b081c745c	 FilesCount: 1 files	 FilesSize: 463 bytes	 TransferDuration: 0 ms	 Provider: aws_ec2	 ProducedFiles: ['tree_ORTHOMCL515.nexus']
[INFO] 2025-04-24T19:16:16.105Z END RequestId: uuid_afe84646_3cf7_46b0_ba42_6f2b081c745c	 Activity: tree_constructor	 Provider: aws_ec2
[INFO] 2025-04-24T19:16:16.105Z REPORT RequestId: uuid_afe84646_3cf7_46b0_ba42_6f2b081c745c	 Duration: 128.4889921080321 ms	 Billed Duration: 129 ms	 Memory Size: MB	 Max Memory Used: MB	 Init Duration: ms	

[INFO] 2025-04-24T19:16:16.105Z START RequestId: uuid_2daca8f0_1440_4c74_a672_725b38b3c584	 Activity: tree_constructor	 Provider: aws_ec2
[INFO] 2025-04-24T19:16:16.105Z FILE_TRANSFER RequestId: uuid_2daca8f0_1440_4c74_a672_725b38b3c584	 TransferType: consumed	 Action: download_from_s3	 FileName: ORTHOMCL524	 Bucket: denethor	 FilePath: data/full_dataset/ORTHOMCL524	 FilePathLocal: resources/data/full_dataset	 FileSize: 3997 bytes	 TransferDuration: 0 ms
[INFO] 2025-04-24T19:16:16.105Z CONSUMED_FILES_INFO RequestId: uuid_2daca8f0_1440_4c74_a672_725b38b3c584	 FilesCount: 1 files	 FilesSize: 3997 bytes	 TransferDuration: 0 ms	 ConsumedFiles: ['ORTHOMCL524']
[INFO] 2025-04-24T19:16:16.166Z TREE_CONSTRUCTOR RequestId: uuid_2daca8f0_1440_4c74_a672_725b38b3c584	 Duration: 60.55464316159487 ms	 InputFile:ORTHOMCL524	 OutputFile:['tree_ORTHOMCL524.nexus']
[INFO] 2025-04-24T19:16:16.267Z FILE_TRANSFER RequestId: uuid_2daca8f0_1440_4c74_a672_725b38b3c584	 TransferType: produced	 Action: upload_to_s3	 FileName: tree_ORTHOMCL524.nexus	 Bucket: denethor	 FilePath: tree/tree_ORTHOMCL524.nexus	 FilePathLocal: .tmp/tree/tree_ORTHOMCL524.nexus	 FileSize: 465 bytes	 TransferDuration: 0 ms
[INFO] 2025-04-24T19:16:16.267Z PRODUCED_FILES_INFO RequestId: uuid_2daca8f0_1440_4c74_a672_725b38b3c584	 FilesCount: 1 files	 FilesSize: 465 bytes	 TransferDuration: 0 ms	 Provider: aws_ec2	 ProducedFiles: ['tree_ORTHOMCL524.nexus']
[INFO] 2025-04-24T19:16:16.267Z END RequestId: uuid_2daca8f0_1440_4c74_a672_725b38b3c584	 Activity: tree_constructor	 Provider: aws_ec2
[INFO] 2025-04-24T19:16:16.267Z REPORT RequestId: uuid_2daca8f0_1440_4c74_a672_725b38b3c584	 Duration: 161.3503189291805 ms	 Billed Duration: 162 ms	 Memory Size: MB	 Max Memory Used: MB	 Init Duration: ms	

[INFO] 2025-04-24T19:16:16.267Z START RequestId: uuid_9ac91fe3_ef9c_46d9_a40d_a93b05e1903f	 Activity: tree_constructor	 Provider: aws_ec2
[INFO] 2025-04-24T19:16:16.267Z FILE_TRANSFER RequestId: uuid_9ac91fe3_ef9c_46d9_a40d_a93b05e1903f	 TransferType: consumed	 Action: download_from_s3	 FileName: ORTHOMCL609	 Bucket: denethor	 FilePath: data/full_dataset/ORTHOMCL609	 FilePathLocal: resources/data/full_dataset	 FileSize: 3360 bytes	 TransferDuration: 0 ms
[INFO] 2025-04-24T19:16:16.267Z CONSUMED_FILES_INFO RequestId: uuid_9ac91fe3_ef9c_46d9_a40d_a93b05e1903f	 FilesCount: 1 files	 FilesSize: 3360 bytes	 TransferDuration: 0 ms	 ConsumedFiles: ['ORTHOMCL609']
[INFO] 2025-04-24T19:16:16.323Z TREE_CONSTRUCTOR RequestId: uuid_9ac91fe3_ef9c_46d9_a40d_a93b05e1903f	 Duration: 55.771189043298364 ms	 InputFile:ORTHOMCL609	 OutputFile:['tree_ORTHOMCL609.nexus']
[INFO] 2025-04-24T19:16:16.423Z FILE_TRANSFER RequestId: uuid_9ac91fe3_ef9c_46d9_a40d_a93b05e1903f	 TransferType: produced	 Action: upload_to_s3	 FileName: tree_ORTHOMCL609.nexus	 Bucket: denethor	 FilePath: tree/tree_ORTHOMCL609.nexus	 FilePathLocal: .tmp/tree/tree_ORTHOMCL609.nexus	 FileSize: 463 bytes	 TransferDuration: 0 ms
[INFO] 2025-04-24T19:16:16.423Z PRODUCED_FILES_INFO RequestId: uuid_9ac91fe3_ef9c_46d9_a40d_a93b05e1903f	 FilesCount: 1 files	 FilesSize: 463 bytes	 TransferDuration: 0 ms	 Provider: aws_ec2	 ProducedFiles: ['tree_ORTHOMCL609.nexus']
[INFO] 2025-04-24T19:16:16.423Z END RequestId: uuid_9ac91fe3_ef9c_46d9_a40d_a93b05e1903f	 Activity: tree_constructor	 Provider: aws_ec2
[INFO] 2025-04-24T19:16:16.424Z REPORT RequestId: uuid_9ac91fe3_ef9c_46d9_a40d_a93b05e1903f	 Duration: 156.7107760347426 ms	 Billed Duration: 157 ms	 Memory Size: MB	 Max Memory Used: MB	 Init Duration: ms	

[INFO] 2025-04-24T19:16:16.424Z START RequestId: uuid_45414485_367d_4eaa_b318_0eb2c9dd3d56	 Activity: tree_constructor	 Provider: aws_ec2
[INFO] 2025-04-24T19:16:16.424Z FILE_TRANSFER RequestId: uuid_45414485_367d_4eaa_b318_0eb2c9dd3d56	 TransferType: consumed	 Action: download_from_s3	 FileName: ORTHOMCL625	 Bucket: denethor	 FilePath: data/full_dataset/ORTHOMCL625	 FilePathLocal: resources/data/full_dataset	 FileSize: 4374 bytes	 TransferDuration: 0 ms
[INFO] 2025-04-24T19:16:16.424Z CONSUMED_FILES_INFO RequestId: uuid_45414485_367d_4eaa_b318_0eb2c9dd3d56	 FilesCount: 1 files	 FilesSize: 4374 bytes	 TransferDuration: 0 ms	 ConsumedFiles: ['ORTHOMCL625']
[INFO] 2025-04-24T19:16:16.491Z TREE_CONSTRUCTOR RequestId: uuid_45414485_367d_4eaa_b318_0eb2c9dd3d56	 Duration: 67.46501405723393 ms	 InputFile:ORTHOMCL625	 OutputFile:['tree_ORTHOMCL625.nexus']
[INFO] 2025-04-24T19:16:16.592Z FILE_TRANSFER RequestId: uuid_45414485_367d_4eaa_b318_0eb2c9dd3d56	 TransferType: produced	 Action: upload_to_s3	 FileName: tree_ORTHOMCL625.nexus	 Bucket: denethor	 FilePath: tree/tree_ORTHOMCL625.nexus	 FilePathLocal: .tmp/tree/tree_ORTHOMCL625.nexus	 FileSize: 469 bytes	 TransferDuration: 0 ms
[INFO] 2025-04-24T19:16:16.592Z PRODUCED_FILES_INFO RequestId: uuid_45414485_367d_4eaa_b318_0eb2c9dd3d56	 FilesCount: 1 files	 FilesSize: 469 bytes	 TransferDuration: 0 ms	 Provider: aws_ec2	 ProducedFiles: ['tree_ORTHOMCL625.nexus']
[INFO] 2025-04-24T19:16:16.592Z END RequestId: uuid_45414485_367d_4eaa_b318_0eb2c9dd3d56	 Activity: tree_constructor	 Provider: aws_ec2
[INFO] 2025-04-24T19:16:16.592Z REPORT RequestId: uuid_45414485_367d_4eaa_b318_0eb2c9dd3d56	 Duration: 168.0364590138197 ms	 Billed Duration: 169 ms	 Memory Size: MB	 Max Memory Used: MB	 Init Duration: ms	

[INFO] 2025-04-24T19:16:16.592Z START RequestId: uuid_ad293231_cae7_4d8e_bc6a_f5947d68a539	 Activity: tree_constructor	 Provider: aws_ec2
[INFO] 2025-04-24T19:16:16.592Z FILE_TRANSFER RequestId: uuid_ad293231_cae7_4d8e_bc6a_f5947d68a539	 TransferType: consumed	 Action: download_from_s3	 FileName: ORTHOMCL626	 Bucket: denethor	 FilePath: data/full_dataset/ORTHOMCL626	 FilePathLocal: resources/data/full_dataset	 FileSize: 4022 bytes	 TransferDuration: 0 ms
[INFO] 2025-04-24T19:16:16.592Z CONSUMED_FILES_INFO RequestId: uuid_ad293231_cae7_4d8e_bc6a_f5947d68a539	 FilesCount: 1 files	 FilesSize: 4022 bytes	 TransferDuration: 0 ms	 ConsumedFiles: ['ORTHOMCL626']
[INFO] 2025-04-24T19:16:16.657Z TREE_CONSTRUCTOR RequestId: uuid_ad293231_cae7_4d8e_bc6a_f5947d68a539	 Duration: 65.48274611122906 ms	 InputFile:ORTHOMCL626	 OutputFile:['tree_ORTHOMCL626.nexus']
[INFO] 2025-04-24T19:16:16.758Z FILE_TRANSFER RequestId: uuid_ad293231_cae7_4d8e_bc6a_f5947d68a539	 TransferType: produced	 Action: upload_to_s3	 FileName: tree_ORTHOMCL626.nexus	 Bucket: denethor	 FilePath: tree/tree_ORTHOMCL626.nexus	 FilePathLocal: .tmp/tree/tree_ORTHOMCL626.nexus	 FileSize: 463 bytes	 TransferDuration: 0 ms
[INFO] 2025-04-24T19:16:16.758Z PRODUCED_FILES_INFO RequestId: uuid_ad293231_cae7_4d8e_bc6a_f5947d68a539	 FilesCount: 1 files	 FilesSize: 463 bytes	 TransferDuration: 0 ms	 Provider: aws_ec2	 ProducedFiles: ['tree_ORTHOMCL626.nexus']
[INFO] 2025-04-24T19:16:16.758Z END RequestId: uuid_ad293231_cae7_4d8e_bc6a_f5947d68a539	 Activity: tree_constructor	 Provider: aws_ec2
[INFO] 2025-04-24T19:16:16.758Z REPORT RequestId: uuid_ad293231_cae7_4d8e_bc6a_f5947d68a539	 Duration: 166.41265409998596 ms	 Billed Duration: 167 ms	 Memory Size: MB	 Max Memory Used: MB	 Init Duration: ms	

[INFO] 2025-04-24T19:16:16.758Z START RequestId: uuid_27c216f4_beb9_4bff_b0e4_b52b2daaa4f3	 Activity: tree_constructor	 Provider: aws_ec2
[INFO] 2025-04-24T19:16:16.758Z FILE_TRANSFER RequestId: uuid_27c216f4_beb9_4bff_b0e4_b52b2daaa4f3	 TransferType: consumed	 Action: download_from_s3	 FileName: ORTHOMCL721	 Bucket: denethor	 FilePath: data/full_dataset/ORTHOMCL721	 FilePathLocal: resources/data/full_dataset	 FileSize: 4252 bytes	 TransferDuration: 0 ms
[INFO] 2025-04-24T19:16:16.758Z CONSUMED_FILES_INFO RequestId: uuid_27c216f4_beb9_4bff_b0e4_b52b2daaa4f3	 FilesCount: 1 files	 FilesSize: 4252 bytes	 TransferDuration: 0 ms	 ConsumedFiles: ['ORTHOMCL721']
[INFO] 2025-04-24T19:16:16.804Z TREE_CONSTRUCTOR RequestId: uuid_27c216f4_beb9_4bff_b0e4_b52b2daaa4f3	 Duration: 45.77954881824553 ms	 InputFile:ORTHOMCL721	 OutputFile:['tree_ORTHOMCL721.nexus']
[INFO] 2025-04-24T19:16:16.904Z FILE_TRANSFER RequestId: uuid_27c216f4_beb9_4bff_b0e4_b52b2daaa4f3	 TransferType: produced	 Action: upload_to_s3	 FileName: tree_ORTHOMCL721.nexus	 Bucket: denethor	 FilePath: tree/tree_ORTHOMCL721.nexus	 FilePathLocal: .tmp/tree/tree_ORTHOMCL721.nexus	 FileSize: 415 bytes	 TransferDuration: 0 ms
[INFO] 2025-04-24T19:16:16.905Z PRODUCED_FILES_INFO RequestId: uuid_27c216f4_beb9_4bff_b0e4_b52b2daaa4f3	 FilesCount: 1 files	 FilesSize: 415 bytes	 TransferDuration: 0 ms	 Provider: aws_ec2	 ProducedFiles: ['tree_ORTHOMCL721.nexus']
[INFO] 2025-04-24T19:16:16.905Z END RequestId: uuid_27c216f4_beb9_4bff_b0e4_b52b2daaa4f3	 Activity: tree_constructor	 Provider: aws_ec2
[INFO] 2025-04-24T19:16:16.905Z REPORT RequestId: uuid_27c216f4_beb9_4bff_b0e4_b52b2daaa4f3	 Duration: 146.29015885293484 ms	 Billed Duration: 147 ms	 Memory Size: MB	 Max Memory Used: MB	 Init Duration: ms	

[INFO] 2025-04-24T19:16:16.905Z START RequestId: uuid_affa92f2_1399_4a3b_9ac5_0d82181c7968	 Activity: tree_constructor	 Provider: aws_ec2
[INFO] 2025-04-24T19:16:16.905Z FILE_TRANSFER RequestId: uuid_affa92f2_1399_4a3b_9ac5_0d82181c7968	 TransferType: consumed	 Action: download_from_s3	 FileName: ORTHOMCL733	 Bucket: denethor	 FilePath: data/full_dataset/ORTHOMCL733	 FilePathLocal: resources/data/full_dataset	 FileSize: 3513 bytes	 TransferDuration: 0 ms
[INFO] 2025-04-24T19:16:16.905Z CONSUMED_FILES_INFO RequestId: uuid_affa92f2_1399_4a3b_9ac5_0d82181c7968	 FilesCount: 1 files	 FilesSize: 3513 bytes	 TransferDuration: 0 ms	 ConsumedFiles: ['ORTHOMCL733']
[INFO] 2025-04-24T19:16:16.930Z TREE_CONSTRUCTOR RequestId: uuid_affa92f2_1399_4a3b_9ac5_0d82181c7968	 Duration: 25.02353396266699 ms	 InputFile:ORTHOMCL733	 OutputFile:['tree_ORTHOMCL733.nexus']
[INFO] 2025-04-24T19:16:17.030Z FILE_TRANSFER RequestId: uuid_affa92f2_1399_4a3b_9ac5_0d82181c7968	 TransferType: produced	 Action: upload_to_s3	 FileName: tree_ORTHOMCL733.nexus	 Bucket: denethor	 FilePath: tree/tree_ORTHOMCL733.nexus	 FilePathLocal: .tmp/tree/tree_ORTHOMCL733.nexus	 FileSize: 415 bytes	 TransferDuration: 0 ms
[INFO] 2025-04-24T19:16:17.030Z PRODUCED_FILES_INFO RequestId: uuid_affa92f2_1399_4a3b_9ac5_0d82181c7968	 FilesCount: 1 files	 FilesSize: 415 bytes	 TransferDuration: 0 ms	 Provider: aws_ec2	 ProducedFiles: ['tree_ORTHOMCL733.nexus']
[INFO] 2025-04-24T19:16:17.030Z END RequestId: uuid_affa92f2_1399_4a3b_9ac5_0d82181c7968	 Activity: tree_constructor	 Provider: aws_ec2
[INFO] 2025-04-24T19:16:17.030Z REPORT RequestId: uuid_affa92f2_1399_4a3b_9ac5_0d82181c7968	 Duration: 125.555767910555 ms	 Billed Duration: 126 ms	 Memory Size: MB	 Max Memory Used: MB	 Init Duration: ms	

[INFO] 2025-04-24T19:16:17.030Z START RequestId: uuid_e43567d2_fc6d_4d39_aa60_ed50d666939e	 Activity: tree_constructor	 Provider: aws_ec2
[INFO] 2025-04-24T19:16:17.030Z FILE_TRANSFER RequestId: uuid_e43567d2_fc6d_4d39_aa60_ed50d666939e	 TransferType: consumed	 Action: download_from_s3	 FileName: ORTHOMCL741	 Bucket: denethor	 FilePath: data/full_dataset/ORTHOMCL741	 FilePathLocal: resources/data/full_dataset	 FileSize: 4440 bytes	 TransferDuration: 0 ms
[INFO] 2025-04-24T19:16:17.030Z CONSUMED_FILES_INFO RequestId: uuid_e43567d2_fc6d_4d39_aa60_ed50d666939e	 FilesCount: 1 files	 FilesSize: 4440 bytes	 TransferDuration: 0 ms	 ConsumedFiles: ['ORTHOMCL741']
[INFO] 2025-04-24T19:16:17.083Z TREE_CONSTRUCTOR RequestId: uuid_e43567d2_fc6d_4d39_aa60_ed50d666939e	 Duration: 52.880443166941404 ms	 InputFile:ORTHOMCL741	 OutputFile:['tree_ORTHOMCL741.nexus']
[INFO] 2025-04-24T19:16:17.184Z FILE_TRANSFER RequestId: uuid_e43567d2_fc6d_4d39_aa60_ed50d666939e	 TransferType: produced	 Action: upload_to_s3	 FileName: tree_ORTHOMCL741.nexus	 Bucket: denethor	 FilePath: tree/tree_ORTHOMCL741.nexus	 FilePathLocal: .tmp/tree/tree_ORTHOMCL741.nexus	 FileSize: 407 bytes	 TransferDuration: 0 ms
[INFO] 2025-04-24T19:16:17.184Z PRODUCED_FILES_INFO RequestId: uuid_e43567d2_fc6d_4d39_aa60_ed50d666939e	 FilesCount: 1 files	 FilesSize: 407 bytes	 TransferDuration: 0 ms	 Provider: aws_ec2	 ProducedFiles: ['tree_ORTHOMCL741.nexus']
[INFO] 2025-04-24T19:16:17.184Z END RequestId: uuid_e43567d2_fc6d_4d39_aa60_ed50d666939e	 Activity: tree_constructor	 Provider: aws_ec2
[INFO] 2025-04-24T19:16:17.184Z REPORT RequestId: uuid_e43567d2_fc6d_4d39_aa60_ed50d666939e	 Duration: 153.46523094922304 ms	 Billed Duration: 154 ms	 Memory Size: MB	 Max Memory Used: MB	 Init Duration: ms	

[INFO] 2025-04-24T19:16:17.184Z START RequestId: uuid_179067cf_c8a2_420d_86de_1b99c7e22aa2	 Activity: tree_constructor	 Provider: aws_ec2
[INFO] 2025-04-24T19:16:17.184Z FILE_TRANSFER RequestId: uuid_179067cf_c8a2_420d_86de_1b99c7e22aa2	 TransferType: consumed	 Action: download_from_s3	 FileName: ORTHOMCL757	 Bucket: denethor	 FilePath: data/full_dataset/ORTHOMCL757	 FilePathLocal: resources/data/full_dataset	 FileSize: 3344 bytes	 TransferDuration: 0 ms
[INFO] 2025-04-24T19:16:17.184Z CONSUMED_FILES_INFO RequestId: uuid_179067cf_c8a2_420d_86de_1b99c7e22aa2	 FilesCount: 1 files	 FilesSize: 3344 bytes	 TransferDuration: 0 ms	 ConsumedFiles: ['ORTHOMCL757']
[INFO] 2025-04-24T19:16:17.212Z TREE_CONSTRUCTOR RequestId: uuid_179067cf_c8a2_420d_86de_1b99c7e22aa2	 Duration: 28.25388894416392 ms	 InputFile:ORTHOMCL757	 OutputFile:['tree_ORTHOMCL757.nexus']
[INFO] 2025-04-24T19:16:17.313Z FILE_TRANSFER RequestId: uuid_179067cf_c8a2_420d_86de_1b99c7e22aa2	 TransferType: produced	 Action: upload_to_s3	 FileName: tree_ORTHOMCL757.nexus	 Bucket: denethor	 FilePath: tree/tree_ORTHOMCL757.nexus	 FilePathLocal: .tmp/tree/tree_ORTHOMCL757.nexus	 FileSize: 407 bytes	 TransferDuration: 0 ms
[INFO] 2025-04-24T19:16:17.313Z PRODUCED_FILES_INFO RequestId: uuid_179067cf_c8a2_420d_86de_1b99c7e22aa2	 FilesCount: 1 files	 FilesSize: 407 bytes	 TransferDuration: 0 ms	 Provider: aws_ec2	 ProducedFiles: ['tree_ORTHOMCL757.nexus']
[INFO] 2025-04-24T19:16:17.313Z END RequestId: uuid_179067cf_c8a2_420d_86de_1b99c7e22aa2	 Activity: tree_constructor	 Provider: aws_ec2
[INFO] 2025-04-24T19:16:17.313Z REPORT RequestId: uuid_179067cf_c8a2_420d_86de_1b99c7e22aa2	 Duration: 128.8793459534645 ms	 Billed Duration: 129 ms	 Memory Size: MB	 Max Memory Used: MB	 Init Duration: ms	

[INFO] 2025-04-24T19:16:17.313Z START RequestId: uuid_a05fdb45_c507_4022_a9be_eaa7aff044e8	 Activity: tree_constructor	 Provider: aws_ec2
[INFO] 2025-04-24T19:16:17.313Z FILE_TRANSFER RequestId: uuid_a05fdb45_c507_4022_a9be_eaa7aff044e8	 TransferType: consumed	 Action: download_from_s3	 FileName: ORTHOMCL787	 Bucket: denethor	 FilePath: data/full_dataset/ORTHOMCL787	 FilePathLocal: resources/data/full_dataset	 FileSize: 4226 bytes	 TransferDuration: 0 ms
[INFO] 2025-04-24T19:16:17.313Z CONSUMED_FILES_INFO RequestId: uuid_a05fdb45_c507_4022_a9be_eaa7aff044e8	 FilesCount: 1 files	 FilesSize: 4226 bytes	 TransferDuration: 0 ms	 ConsumedFiles: ['ORTHOMCL787']
[INFO] 2025-04-24T19:16:17.367Z TREE_CONSTRUCTOR RequestId: uuid_a05fdb45_c507_4022_a9be_eaa7aff044e8	 Duration: 53.68915083818138 ms	 InputFile:ORTHOMCL787	 OutputFile:['tree_ORTHOMCL787.nexus']
[INFO] 2025-04-24T19:16:17.467Z FILE_TRANSFER RequestId: uuid_a05fdb45_c507_4022_a9be_eaa7aff044e8	 TransferType: produced	 Action: upload_to_s3	 FileName: tree_ORTHOMCL787.nexus	 Bucket: denethor	 FilePath: tree/tree_ORTHOMCL787.nexus	 FilePathLocal: .tmp/tree/tree_ORTHOMCL787.nexus	 FileSize: 413 bytes	 TransferDuration: 0 ms
[INFO] 2025-04-24T19:16:17.468Z PRODUCED_FILES_INFO RequestId: uuid_a05fdb45_c507_4022_a9be_eaa7aff044e8	 FilesCount: 1 files	 FilesSize: 413 bytes	 TransferDuration: 0 ms	 Provider: aws_ec2	 ProducedFiles: ['tree_ORTHOMCL787.nexus']
[INFO] 2025-04-24T19:16:17.468Z END RequestId: uuid_a05fdb45_c507_4022_a9be_eaa7aff044e8	 Activity: tree_constructor	 Provider: aws_ec2
[INFO] 2025-04-24T19:16:17.468Z REPORT RequestId: uuid_a05fdb45_c507_4022_a9be_eaa7aff044e8	 Duration: 154.5801020693034 ms	 Billed Duration: 155 ms	 Memory Size: MB	 Max Memory Used: MB	 Init Duration: ms	

[INFO] 2025-04-24T19:16:17.468Z START RequestId: uuid_629d387d_b03a_4f54_b0e7_11edbf15a1a0	 Activity: tree_constructor	 Provider: aws_ec2
[INFO] 2025-04-24T19:16:17.468Z FILE_TRANSFER RequestId: uuid_629d387d_b03a_4f54_b0e7_11edbf15a1a0	 TransferType: consumed	 Action: download_from_s3	 FileName: ORTHOMCL790	 Bucket: denethor	 FilePath: data/full_dataset/ORTHOMCL790	 FilePathLocal: resources/data/full_dataset	 FileSize: 4082 bytes	 TransferDuration: 0 ms
[INFO] 2025-04-24T19:16:17.468Z CONSUMED_FILES_INFO RequestId: uuid_629d387d_b03a_4f54_b0e7_11edbf15a1a0	 FilesCount: 1 files	 FilesSize: 4082 bytes	 TransferDuration: 0 ms	 ConsumedFiles: ['ORTHOMCL790']
[INFO] 2025-04-24T19:16:17.502Z TREE_CONSTRUCTOR RequestId: uuid_629d387d_b03a_4f54_b0e7_11edbf15a1a0	 Duration: 34.04360404238105 ms	 InputFile:ORTHOMCL790	 OutputFile:['tree_ORTHOMCL790.nexus']
[INFO] 2025-04-24T19:16:17.603Z FILE_TRANSFER RequestId: uuid_629d387d_b03a_4f54_b0e7_11edbf15a1a0	 TransferType: produced	 Action: upload_to_s3	 FileName: tree_ORTHOMCL790.nexus	 Bucket: denethor	 FilePath: tree/tree_ORTHOMCL790.nexus	 FilePathLocal: .tmp/tree/tree_ORTHOMCL790.nexus	 FileSize: 405 bytes	 TransferDuration: 0 ms
[INFO] 2025-04-24T19:16:17.603Z PRODUCED_FILES_INFO RequestId: uuid_629d387d_b03a_4f54_b0e7_11edbf15a1a0	 FilesCount: 1 files	 FilesSize: 405 bytes	 TransferDuration: 0 ms	 Provider: aws_ec2	 ProducedFiles: ['tree_ORTHOMCL790.nexus']
[INFO] 2025-04-24T19:16:17.603Z END RequestId: uuid_629d387d_b03a_4f54_b0e7_11edbf15a1a0	 Activity: tree_constructor	 Provider: aws_ec2
[INFO] 2025-04-24T19:16:17.603Z REPORT RequestId: uuid_629d387d_b03a_4f54_b0e7_11edbf15a1a0	 Duration: 135.00032597221434 ms	 Billed Duration: 136 ms	 Memory Size: MB	 Max Memory Used: MB	 Init Duration: ms	

[INFO] 2025-04-24T19:16:17.603Z START RequestId: uuid_63491959_4b2d_4648_8564_9c3c7265555c	 Activity: tree_constructor	 Provider: aws_ec2
[INFO] 2025-04-24T19:16:17.603Z FILE_TRANSFER RequestId: uuid_63491959_4b2d_4648_8564_9c3c7265555c	 TransferType: consumed	 Action: download_from_s3	 FileName: ORTHOMCL818	 Bucket: denethor	 FilePath: data/full_dataset/ORTHOMCL818	 FilePathLocal: resources/data/full_dataset	 FileSize: 2732 bytes	 TransferDuration: 0 ms
[INFO] 2025-04-24T19:16:17.603Z CONSUMED_FILES_INFO RequestId: uuid_63491959_4b2d_4648_8564_9c3c7265555c	 FilesCount: 1 files	 FilesSize: 2732 bytes	 TransferDuration: 0 ms	 ConsumedFiles: ['ORTHOMCL818']
[INFO] 2025-04-24T19:16:17.616Z TREE_CONSTRUCTOR RequestId: uuid_63491959_4b2d_4648_8564_9c3c7265555c	 Duration: 13.31348903477192 ms	 InputFile:ORTHOMCL818	 OutputFile:['tree_ORTHOMCL818.nexus']
[INFO] 2025-04-24T19:16:17.716Z FILE_TRANSFER RequestId: uuid_63491959_4b2d_4648_8564_9c3c7265555c	 TransferType: produced	 Action: upload_to_s3	 FileName: tree_ORTHOMCL818.nexus	 Bucket: denethor	 FilePath: tree/tree_ORTHOMCL818.nexus	 FilePathLocal: .tmp/tree/tree_ORTHOMCL818.nexus	 FileSize: 405 bytes	 TransferDuration: 0 ms
[INFO] 2025-04-24T19:16:17.717Z PRODUCED_FILES_INFO RequestId: uuid_63491959_4b2d_4648_8564_9c3c7265555c	 FilesCount: 1 files	 FilesSize: 405 bytes	 TransferDuration: 0 ms	 Provider: aws_ec2	 ProducedFiles: ['tree_ORTHOMCL818.nexus']
[INFO] 2025-04-24T19:16:17.717Z END RequestId: uuid_63491959_4b2d_4648_8564_9c3c7265555c	 Activity: tree_constructor	 Provider: aws_ec2
[INFO] 2025-04-24T19:16:17.717Z REPORT RequestId: uuid_63491959_4b2d_4648_8564_9c3c7265555c	 Duration: 113.819190999493 ms	 Billed Duration: 114 ms	 Memory Size: MB	 Max Memory Used: MB	 Init Duration: ms	

[INFO] 2025-04-24T19:16:17.717Z START RequestId: uuid_093764ad_9371_45dc_ad66_adb33bff035c	 Activity: tree_constructor	 Provider: aws_ec2
[INFO] 2025-04-24T19:16:17.717Z FILE_TRANSFER RequestId: uuid_093764ad_9371_45dc_ad66_adb33bff035c	 TransferType: consumed	 Action: download_from_s3	 FileName: ORTHOMCL830	 Bucket: denethor	 FilePath: data/full_dataset/ORTHOMCL830	 FilePathLocal: resources/data/full_dataset	 FileSize: 4499 bytes	 TransferDuration: 0 ms
[INFO] 2025-04-24T19:16:17.717Z CONSUMED_FILES_INFO RequestId: uuid_093764ad_9371_45dc_ad66_adb33bff035c	 FilesCount: 1 files	 FilesSize: 4499 bytes	 TransferDuration: 0 ms	 ConsumedFiles: ['ORTHOMCL830']
[INFO] 2025-04-24T19:16:17.737Z TREE_CONSTRUCTOR RequestId: uuid_093764ad_9371_45dc_ad66_adb33bff035c	 Duration: 20.2236941549927 ms	 InputFile:ORTHOMCL830	 OutputFile:['tree_ORTHOMCL830.nexus']
[INFO] 2025-04-24T19:16:17.837Z FILE_TRANSFER RequestId: uuid_093764ad_9371_45dc_ad66_adb33bff035c	 TransferType: produced	 Action: upload_to_s3	 FileName: tree_ORTHOMCL830.nexus	 Bucket: denethor	 FilePath: tree/tree_ORTHOMCL830.nexus	 FilePathLocal: .tmp/tree/tree_ORTHOMCL830.nexus	 FileSize: 405 bytes	 TransferDuration: 0 ms
[INFO] 2025-04-24T19:16:17.837Z PRODUCED_FILES_INFO RequestId: uuid_093764ad_9371_45dc_ad66_adb33bff035c	 FilesCount: 1 files	 FilesSize: 405 bytes	 TransferDuration: 0 ms	 Provider: aws_ec2	 ProducedFiles: ['tree_ORTHOMCL830.nexus']
[INFO] 2025-04-24T19:16:17.838Z END RequestId: uuid_093764ad_9371_45dc_ad66_adb33bff035c	 Activity: tree_constructor	 Provider: aws_ec2
[INFO] 2025-04-24T19:16:17.838Z REPORT RequestId: uuid_093764ad_9371_45dc_ad66_adb33bff035c	 Duration: 120.8040970377624 ms	 Billed Duration: 121 ms	 Memory Size: MB	 Max Memory Used: MB	 Init Duration: ms	

[INFO] 2025-04-24T19:16:17.838Z START RequestId: uuid_192da0bb_21b2_46be_b486_371ca9d70872	 Activity: tree_constructor	 Provider: aws_ec2
[INFO] 2025-04-24T19:16:17.838Z FILE_TRANSFER RequestId: uuid_192da0bb_21b2_46be_b486_371ca9d70872	 TransferType: consumed	 Action: download_from_s3	 FileName: ORTHOMCL841	 Bucket: denethor	 FilePath: data/full_dataset/ORTHOMCL841	 FilePathLocal: resources/data/full_dataset	 FileSize: 3855 bytes	 TransferDuration: 0 ms
[INFO] 2025-04-24T19:16:17.838Z CONSUMED_FILES_INFO RequestId: uuid_192da0bb_21b2_46be_b486_371ca9d70872	 FilesCount: 1 files	 FilesSize: 3855 bytes	 TransferDuration: 0 ms	 ConsumedFiles: ['ORTHOMCL841']
[INFO] 2025-04-24T19:16:17.867Z TREE_CONSTRUCTOR RequestId: uuid_192da0bb_21b2_46be_b486_371ca9d70872	 Duration: 29.458612902089953 ms	 InputFile:ORTHOMCL841	 OutputFile:['tree_ORTHOMCL841.nexus']
[INFO] 2025-04-24T19:16:17.968Z FILE_TRANSFER RequestId: uuid_192da0bb_21b2_46be_b486_371ca9d70872	 TransferType: produced	 Action: upload_to_s3	 FileName: tree_ORTHOMCL841.nexus	 Bucket: denethor	 FilePath: tree/tree_ORTHOMCL841.nexus	 FilePathLocal: .tmp/tree/tree_ORTHOMCL841.nexus	 FileSize: 413 bytes	 TransferDuration: 0 ms
[INFO] 2025-04-24T19:16:17.968Z PRODUCED_FILES_INFO RequestId: uuid_192da0bb_21b2_46be_b486_371ca9d70872	 FilesCount: 1 files	 FilesSize: 413 bytes	 TransferDuration: 0 ms	 Provider: aws_ec2	 ProducedFiles: ['tree_ORTHOMCL841.nexus']
[INFO] 2025-04-24T19:16:17.968Z END RequestId: uuid_192da0bb_21b2_46be_b486_371ca9d70872	 Activity: tree_constructor	 Provider: aws_ec2
[INFO] 2025-04-24T19:16:17.968Z REPORT RequestId: uuid_192da0bb_21b2_46be_b486_371ca9d70872	 Duration: 130.12436404824257 ms	 Billed Duration: 131 ms	 Memory Size: MB	 Max Memory Used: MB	 Init Duration: ms	

[INFO] 2025-04-24T19:16:17.968Z START RequestId: uuid_1aad4373_b0d8_4606_bf91_0ca9874a178e	 Activity: tree_constructor	 Provider: aws_ec2
[INFO] 2025-04-24T19:16:17.968Z FILE_TRANSFER RequestId: uuid_1aad4373_b0d8_4606_bf91_0ca9874a178e	 TransferType: consumed	 Action: download_from_s3	 FileName: ORTHOMCL877	 Bucket: denethor	 FilePath: data/full_dataset/ORTHOMCL877	 FilePathLocal: resources/data/full_dataset	 FileSize: 4044 bytes	 TransferDuration: 0 ms
[INFO] 2025-04-24T19:16:17.968Z CONSUMED_FILES_INFO RequestId: uuid_1aad4373_b0d8_4606_bf91_0ca9874a178e	 FilesCount: 1 files	 FilesSize: 4044 bytes	 TransferDuration: 0 ms	 ConsumedFiles: ['ORTHOMCL877']
[INFO] 2025-04-24T19:16:18.017Z TREE_CONSTRUCTOR RequestId: uuid_1aad4373_b0d8_4606_bf91_0ca9874a178e	 Duration: 48.03063697181642 ms	 InputFile:ORTHOMCL877	 OutputFile:['tree_ORTHOMCL877.nexus']
[INFO] 2025-04-24T19:16:18.117Z FILE_TRANSFER RequestId: uuid_1aad4373_b0d8_4606_bf91_0ca9874a178e	 TransferType: produced	 Action: upload_to_s3	 FileName: tree_ORTHOMCL877.nexus	 Bucket: denethor	 FilePath: tree/tree_ORTHOMCL877.nexus	 FilePathLocal: .tmp/tree/tree_ORTHOMCL877.nexus	 FileSize: 405 bytes	 TransferDuration: 0 ms
[INFO] 2025-04-24T19:16:18.117Z PRODUCED_FILES_INFO RequestId: uuid_1aad4373_b0d8_4606_bf91_0ca9874a178e	 FilesCount: 1 files	 FilesSize: 405 bytes	 TransferDuration: 0 ms	 Provider: aws_ec2	 ProducedFiles: ['tree_ORTHOMCL877.nexus']
[INFO] 2025-04-24T19:16:18.117Z END RequestId: uuid_1aad4373_b0d8_4606_bf91_0ca9874a178e	 Activity: tree_constructor	 Provider: aws_ec2
[INFO] 2025-04-24T19:16:18.117Z REPORT RequestId: uuid_1aad4373_b0d8_4606_bf91_0ca9874a178e	 Duration: 149.0388410165906 ms	 Billed Duration: 150 ms	 Memory Size: MB	 Max Memory Used: MB	 Init Duration: ms	

[INFO] 2025-04-24T19:16:18.117Z START RequestId: uuid_8bcf5b1d_ce9f_4058_8405_c764ccd177fe	 Activity: tree_constructor	 Provider: aws_ec2
[INFO] 2025-04-24T19:16:18.117Z FILE_TRANSFER RequestId: uuid_8bcf5b1d_ce9f_4058_8405_c764ccd177fe	 TransferType: consumed	 Action: download_from_s3	 FileName: ORTHOMCL884	 Bucket: denethor	 FilePath: data/full_dataset/ORTHOMCL884	 FilePathLocal: resources/data/full_dataset	 FileSize: 4064 bytes	 TransferDuration: 0 ms
[INFO] 2025-04-24T19:16:18.117Z CONSUMED_FILES_INFO RequestId: uuid_8bcf5b1d_ce9f_4058_8405_c764ccd177fe	 FilesCount: 1 files	 FilesSize: 4064 bytes	 TransferDuration: 0 ms	 ConsumedFiles: ['ORTHOMCL884']
[INFO] 2025-04-24T19:16:18.142Z TREE_CONSTRUCTOR RequestId: uuid_8bcf5b1d_ce9f_4058_8405_c764ccd177fe	 Duration: 24.517809972167015 ms	 InputFile:ORTHOMCL884	 OutputFile:['tree_ORTHOMCL884.nexus']
[INFO] 2025-04-24T19:16:18.242Z FILE_TRANSFER RequestId: uuid_8bcf5b1d_ce9f_4058_8405_c764ccd177fe	 TransferType: produced	 Action: upload_to_s3	 FileName: tree_ORTHOMCL884.nexus	 Bucket: denethor	 FilePath: tree/tree_ORTHOMCL884.nexus	 FilePathLocal: .tmp/tree/tree_ORTHOMCL884.nexus	 FileSize: 403 bytes	 TransferDuration: 0 ms
[INFO] 2025-04-24T19:16:18.242Z PRODUCED_FILES_INFO RequestId: uuid_8bcf5b1d_ce9f_4058_8405_c764ccd177fe	 FilesCount: 1 files	 FilesSize: 403 bytes	 TransferDuration: 0 ms	 Provider: aws_ec2	 ProducedFiles: ['tree_ORTHOMCL884.nexus']
[INFO] 2025-04-24T19:16:18.242Z END RequestId: uuid_8bcf5b1d_ce9f_4058_8405_c764ccd177fe	 Activity: tree_constructor	 Provider: aws_ec2
[INFO] 2025-04-24T19:16:18.242Z REPORT RequestId: uuid_8bcf5b1d_ce9f_4058_8405_c764ccd177fe	 Duration: 125.26709004305303 ms	 Billed Duration: 126 ms	 Memory Size: MB	 Max Memory Used: MB	 Init Duration: ms	

[INFO] 2025-04-24T19:16:18.242Z START RequestId: uuid_b0c53245_76cc_4343_a6a6_449d4db7c9f1	 Activity: tree_constructor	 Provider: aws_ec2
[INFO] 2025-04-24T19:16:18.243Z FILE_TRANSFER RequestId: uuid_b0c53245_76cc_4343_a6a6_449d4db7c9f1	 TransferType: consumed	 Action: download_from_s3	 FileName: ORTHOMCL1021	 Bucket: denethor	 FilePath: data/full_dataset/ORTHOMCL1021	 FilePathLocal: resources/data/full_dataset	 FileSize: 2542 bytes	 TransferDuration: 0 ms
[INFO] 2025-04-24T19:16:18.243Z CONSUMED_FILES_INFO RequestId: uuid_b0c53245_76cc_4343_a6a6_449d4db7c9f1	 FilesCount: 1 files	 FilesSize: 2542 bytes	 TransferDuration: 0 ms	 ConsumedFiles: ['ORTHOMCL1021']
[INFO] 2025-04-24T19:16:18.261Z TREE_CONSTRUCTOR RequestId: uuid_b0c53245_76cc_4343_a6a6_449d4db7c9f1	 Duration: 17.914660973474383 ms	 InputFile:ORTHOMCL1021	 OutputFile:['tree_ORTHOMCL1021.nexus']
[INFO] 2025-04-24T19:16:18.361Z FILE_TRANSFER RequestId: uuid_b0c53245_76cc_4343_a6a6_449d4db7c9f1	 TransferType: produced	 Action: upload_to_s3	 FileName: tree_ORTHOMCL1021.nexus	 Bucket: denethor	 FilePath: tree/tree_ORTHOMCL1021.nexus	 FilePathLocal: .tmp/tree/tree_ORTHOMCL1021.nexus	 FileSize: 403 bytes	 TransferDuration: 0 ms
[INFO] 2025-04-24T19:16:18.361Z PRODUCED_FILES_INFO RequestId: uuid_b0c53245_76cc_4343_a6a6_449d4db7c9f1	 FilesCount: 1 files	 FilesSize: 403 bytes	 TransferDuration: 0 ms	 Provider: aws_ec2	 ProducedFiles: ['tree_ORTHOMCL1021.nexus']
[INFO] 2025-04-24T19:16:18.361Z END RequestId: uuid_b0c53245_76cc_4343_a6a6_449d4db7c9f1	 Activity: tree_constructor	 Provider: aws_ec2
[INFO] 2025-04-24T19:16:18.361Z REPORT RequestId: uuid_b0c53245_76cc_4343_a6a6_449d4db7c9f1	 Duration: 118.63564793020487 ms	 Billed Duration: 119 ms	 Memory Size: MB	 Max Memory Used: MB	 Init Duration: ms	

[INFO] 2025-04-24T19:16:18.361Z START RequestId: uuid_7abff14f_29de_47cb_ab41_7e460532113d	 Activity: tree_constructor	 Provider: aws_ec2
[INFO] 2025-04-24T19:16:18.361Z FILE_TRANSFER RequestId: uuid_7abff14f_29de_47cb_ab41_7e460532113d	 TransferType: consumed	 Action: download_from_s3	 FileName: ORTHOMCL1023	 Bucket: denethor	 FilePath: data/full_dataset/ORTHOMCL1023	 FilePathLocal: resources/data/full_dataset	 FileSize: 5059 bytes	 TransferDuration: 0 ms
[INFO] 2025-04-24T19:16:18.361Z CONSUMED_FILES_INFO RequestId: uuid_7abff14f_29de_47cb_ab41_7e460532113d	 FilesCount: 1 files	 FilesSize: 5059 bytes	 TransferDuration: 0 ms	 ConsumedFiles: ['ORTHOMCL1023']
[INFO] 2025-04-24T19:16:18.423Z TREE_CONSTRUCTOR RequestId: uuid_7abff14f_29de_47cb_ab41_7e460532113d	 Duration: 61.71747017651796 ms	 InputFile:ORTHOMCL1023	 OutputFile:['tree_ORTHOMCL1023.nexus']
[INFO] 2025-04-24T19:16:18.523Z FILE_TRANSFER RequestId: uuid_7abff14f_29de_47cb_ab41_7e460532113d	 TransferType: produced	 Action: upload_to_s3	 FileName: tree_ORTHOMCL1023.nexus	 Bucket: denethor	 FilePath: tree/tree_ORTHOMCL1023.nexus	 FilePathLocal: .tmp/tree/tree_ORTHOMCL1023.nexus	 FileSize: 413 bytes	 TransferDuration: 0 ms
[INFO] 2025-04-24T19:16:18.523Z PRODUCED_FILES_INFO RequestId: uuid_7abff14f_29de_47cb_ab41_7e460532113d	 FilesCount: 1 files	 FilesSize: 413 bytes	 TransferDuration: 0 ms	 Provider: aws_ec2	 ProducedFiles: ['tree_ORTHOMCL1023.nexus']
[INFO] 2025-04-24T19:16:18.523Z END RequestId: uuid_7abff14f_29de_47cb_ab41_7e460532113d	 Activity: tree_constructor	 Provider: aws_ec2
[INFO] 2025-04-24T19:16:18.523Z REPORT RequestId: uuid_7abff14f_29de_47cb_ab41_7e460532113d	 Duration: 162.2528920415789 ms	 Billed Duration: 163 ms	 Memory Size: MB	 Max Memory Used: MB	 Init Duration: ms	

[INFO] 2025-04-24T19:16:18.524Z START RequestId: uuid_428c88f2_9f6b_495d_a4a0_aaa8242c9062	 Activity: tree_constructor	 Provider: aws_ec2
[INFO] 2025-04-24T19:16:18.524Z FILE_TRANSFER RequestId: uuid_428c88f2_9f6b_495d_a4a0_aaa8242c9062	 TransferType: consumed	 Action: download_from_s3	 FileName: ORTHOMCL1029	 Bucket: denethor	 FilePath: data/full_dataset/ORTHOMCL1029	 FilePathLocal: resources/data/full_dataset	 FileSize: 3283 bytes	 TransferDuration: 0 ms
[INFO] 2025-04-24T19:16:18.524Z CONSUMED_FILES_INFO RequestId: uuid_428c88f2_9f6b_495d_a4a0_aaa8242c9062	 FilesCount: 1 files	 FilesSize: 3283 bytes	 TransferDuration: 0 ms	 ConsumedFiles: ['ORTHOMCL1029']
[INFO] 2025-04-24T19:16:18.556Z TREE_CONSTRUCTOR RequestId: uuid_428c88f2_9f6b_495d_a4a0_aaa8242c9062	 Duration: 31.566062942147255 ms	 InputFile:ORTHOMCL1029	 OutputFile:['tree_ORTHOMCL1029.nexus']
[INFO] 2025-04-24T19:16:18.656Z FILE_TRANSFER RequestId: uuid_428c88f2_9f6b_495d_a4a0_aaa8242c9062	 TransferType: produced	 Action: upload_to_s3	 FileName: tree_ORTHOMCL1029.nexus	 Bucket: denethor	 FilePath: tree/tree_ORTHOMCL1029.nexus	 FilePathLocal: .tmp/tree/tree_ORTHOMCL1029.nexus	 FileSize: 407 bytes	 TransferDuration: 0 ms
[INFO] 2025-04-24T19:16:18.656Z PRODUCED_FILES_INFO RequestId: uuid_428c88f2_9f6b_495d_a4a0_aaa8242c9062	 FilesCount: 1 files	 FilesSize: 407 bytes	 TransferDuration: 0 ms	 Provider: aws_ec2	 ProducedFiles: ['tree_ORTHOMCL1029.nexus']
[INFO] 2025-04-24T19:16:18.656Z END RequestId: uuid_428c88f2_9f6b_495d_a4a0_aaa8242c9062	 Activity: tree_constructor	 Provider: aws_ec2
[INFO] 2025-04-24T19:16:18.656Z REPORT RequestId: uuid_428c88f2_9f6b_495d_a4a0_aaa8242c9062	 Duration: 132.44301290251315 ms	 Billed Duration: 133 ms	 Memory Size: MB	 Max Memory Used: MB	 Init Duration: ms	

[INFO] 2025-04-24T19:16:18.656Z START RequestId: uuid_f35de76d_35cd_4efc_a8d8_3b32191c2858	 Activity: tree_constructor	 Provider: aws_ec2
[INFO] 2025-04-24T19:16:18.656Z FILE_TRANSFER RequestId: uuid_f35de76d_35cd_4efc_a8d8_3b32191c2858	 TransferType: consumed	 Action: download_from_s3	 FileName: ORTHOMCL1039	 Bucket: denethor	 FilePath: data/full_dataset/ORTHOMCL1039	 FilePathLocal: resources/data/full_dataset	 FileSize: 4570 bytes	 TransferDuration: 0 ms
[INFO] 2025-04-24T19:16:18.656Z CONSUMED_FILES_INFO RequestId: uuid_f35de76d_35cd_4efc_a8d8_3b32191c2858	 FilesCount: 1 files	 FilesSize: 4570 bytes	 TransferDuration: 0 ms	 ConsumedFiles: ['ORTHOMCL1039']
[INFO] 2025-04-24T19:16:18.719Z TREE_CONSTRUCTOR RequestId: uuid_f35de76d_35cd_4efc_a8d8_3b32191c2858	 Duration: 62.25073104724288 ms	 InputFile:ORTHOMCL1039	 OutputFile:['tree_ORTHOMCL1039.nexus']
[INFO] 2025-04-24T19:16:18.819Z FILE_TRANSFER RequestId: uuid_f35de76d_35cd_4efc_a8d8_3b32191c2858	 TransferType: produced	 Action: upload_to_s3	 FileName: tree_ORTHOMCL1039.nexus	 Bucket: denethor	 FilePath: tree/tree_ORTHOMCL1039.nexus	 FilePathLocal: .tmp/tree/tree_ORTHOMCL1039.nexus	 FileSize: 405 bytes	 TransferDuration: 0 ms
[INFO] 2025-04-24T19:16:18.819Z PRODUCED_FILES_INFO RequestId: uuid_f35de76d_35cd_4efc_a8d8_3b32191c2858	 FilesCount: 1 files	 FilesSize: 405 bytes	 TransferDuration: 0 ms	 Provider: aws_ec2	 ProducedFiles: ['tree_ORTHOMCL1039.nexus']
[INFO] 2025-04-24T19:16:18.819Z END RequestId: uuid_f35de76d_35cd_4efc_a8d8_3b32191c2858	 Activity: tree_constructor	 Provider: aws_ec2
[INFO] 2025-04-24T19:16:18.819Z REPORT RequestId: uuid_f35de76d_35cd_4efc_a8d8_3b32191c2858	 Duration: 162.96097892336547 ms	 Billed Duration: 163 ms	 Memory Size: MB	 Max Memory Used: MB	 Init Duration: ms	

[INFO] 2025-04-24T19:16:18.819Z START RequestId: uuid_16ecb748_260d_4e95_b92a_a6db46f817be	 Activity: tree_constructor	 Provider: aws_ec2
[INFO] 2025-04-24T19:16:18.819Z FILE_TRANSFER RequestId: uuid_16ecb748_260d_4e95_b92a_a6db46f817be	 TransferType: consumed	 Action: download_from_s3	 FileName: ORTHOMCL1100	 Bucket: denethor	 FilePath: data/full_dataset/ORTHOMCL1100	 FilePathLocal: resources/data/full_dataset	 FileSize: 3437 bytes	 TransferDuration: 0 ms
[INFO] 2025-04-24T19:16:18.819Z CONSUMED_FILES_INFO RequestId: uuid_16ecb748_260d_4e95_b92a_a6db46f817be	 FilesCount: 1 files	 FilesSize: 3437 bytes	 TransferDuration: 0 ms	 ConsumedFiles: ['ORTHOMCL1100']
[INFO] 2025-04-24T19:16:18.831Z TREE_CONSTRUCTOR RequestId: uuid_16ecb748_260d_4e95_b92a_a6db46f817be	 Duration: 11.695619905367494 ms	 InputFile:ORTHOMCL1100	 OutputFile:['tree_ORTHOMCL1100.nexus']
[INFO] 2025-04-24T19:16:18.931Z FILE_TRANSFER RequestId: uuid_16ecb748_260d_4e95_b92a_a6db46f817be	 TransferType: produced	 Action: upload_to_s3	 FileName: tree_ORTHOMCL1100.nexus	 Bucket: denethor	 FilePath: tree/tree_ORTHOMCL1100.nexus	 FilePathLocal: .tmp/tree/tree_ORTHOMCL1100.nexus	 FileSize: 413 bytes	 TransferDuration: 0 ms
[INFO] 2025-04-24T19:16:18.931Z PRODUCED_FILES_INFO RequestId: uuid_16ecb748_260d_4e95_b92a_a6db46f817be	 FilesCount: 1 files	 FilesSize: 413 bytes	 TransferDuration: 0 ms	 Provider: aws_ec2	 ProducedFiles: ['tree_ORTHOMCL1100.nexus']
[INFO] 2025-04-24T19:16:18.931Z END RequestId: uuid_16ecb748_260d_4e95_b92a_a6db46f817be	 Activity: tree_constructor	 Provider: aws_ec2
[INFO] 2025-04-24T19:16:18.931Z REPORT RequestId: uuid_16ecb748_260d_4e95_b92a_a6db46f817be	 Duration: 112.22195788286626 ms	 Billed Duration: 113 ms	 Memory Size: MB	 Max Memory Used: MB	 Init Duration: ms	

[INFO] 2025-04-24T19:16:18.932Z START RequestId: uuid_718a7c8e_503c_4773_a6f5_ef259767828f	 Activity: tree_constructor	 Provider: aws_ec2
[INFO] 2025-04-24T19:16:18.932Z FILE_TRANSFER RequestId: uuid_718a7c8e_503c_4773_a6f5_ef259767828f	 TransferType: consumed	 Action: download_from_s3	 FileName: ORTHOMCL1104	 Bucket: denethor	 FilePath: data/full_dataset/ORTHOMCL1104	 FilePathLocal: resources/data/full_dataset	 FileSize: 4646 bytes	 TransferDuration: 0 ms
[INFO] 2025-04-24T19:16:18.932Z CONSUMED_FILES_INFO RequestId: uuid_718a7c8e_503c_4773_a6f5_ef259767828f	 FilesCount: 1 files	 FilesSize: 4646 bytes	 TransferDuration: 0 ms	 ConsumedFiles: ['ORTHOMCL1104']
[INFO] 2025-04-24T19:16:18.965Z TREE_CONSTRUCTOR RequestId: uuid_718a7c8e_503c_4773_a6f5_ef259767828f	 Duration: 33.561641816049814 ms	 InputFile:ORTHOMCL1104	 OutputFile:['tree_ORTHOMCL1104.nexus']
[INFO] 2025-04-24T19:16:19.065Z FILE_TRANSFER RequestId: uuid_718a7c8e_503c_4773_a6f5_ef259767828f	 TransferType: produced	 Action: upload_to_s3	 FileName: tree_ORTHOMCL1104.nexus	 Bucket: denethor	 FilePath: tree/tree_ORTHOMCL1104.nexus	 FilePathLocal: .tmp/tree/tree_ORTHOMCL1104.nexus	 FileSize: 405 bytes	 TransferDuration: 0 ms
[INFO] 2025-04-24T19:16:19.066Z PRODUCED_FILES_INFO RequestId: uuid_718a7c8e_503c_4773_a6f5_ef259767828f	 FilesCount: 1 files	 FilesSize: 405 bytes	 TransferDuration: 0 ms	 Provider: aws_ec2	 ProducedFiles: ['tree_ORTHOMCL1104.nexus']
[INFO] 2025-04-24T19:16:19.066Z END RequestId: uuid_718a7c8e_503c_4773_a6f5_ef259767828f	 Activity: tree_constructor	 Provider: aws_ec2
[INFO] 2025-04-24T19:16:19.066Z REPORT RequestId: uuid_718a7c8e_503c_4773_a6f5_ef259767828f	 Duration: 134.0774439740926 ms	 Billed Duration: 135 ms	 Memory Size: MB	 Max Memory Used: MB	 Init Duration: ms	

[INFO] 2025-04-24T19:16:19.066Z START RequestId: uuid_aaa737a9_3ea0_41a8_86bc_2cbd32882dd7	 Activity: tree_constructor	 Provider: aws_ec2
[INFO] 2025-04-24T19:16:19.066Z FILE_TRANSFER RequestId: uuid_aaa737a9_3ea0_41a8_86bc_2cbd32882dd7	 TransferType: consumed	 Action: download_from_s3	 FileName: ORTHOMCL1518	 Bucket: denethor	 FilePath: data/full_dataset/ORTHOMCL1518	 FilePathLocal: resources/data/full_dataset	 FileSize: 6010 bytes	 TransferDuration: 0 ms
[INFO] 2025-04-24T19:16:19.066Z CONSUMED_FILES_INFO RequestId: uuid_aaa737a9_3ea0_41a8_86bc_2cbd32882dd7	 FilesCount: 1 files	 FilesSize: 6010 bytes	 TransferDuration: 0 ms	 ConsumedFiles: ['ORTHOMCL1518']
[INFO] 2025-04-24T19:16:19.171Z TREE_CONSTRUCTOR RequestId: uuid_aaa737a9_3ea0_41a8_86bc_2cbd32882dd7	 Duration: 105.5814609862864 ms	 InputFile:ORTHOMCL1518	 OutputFile:['tree_ORTHOMCL1518.nexus']
[INFO] 2025-04-24T19:16:19.272Z FILE_TRANSFER RequestId: uuid_aaa737a9_3ea0_41a8_86bc_2cbd32882dd7	 TransferType: produced	 Action: upload_to_s3	 FileName: tree_ORTHOMCL1518.nexus	 Bucket: denethor	 FilePath: tree/tree_ORTHOMCL1518.nexus	 FilePathLocal: .tmp/tree/tree_ORTHOMCL1518.nexus	 FileSize: 347 bytes	 TransferDuration: 0 ms
[INFO] 2025-04-24T19:16:19.272Z PRODUCED_FILES_INFO RequestId: uuid_aaa737a9_3ea0_41a8_86bc_2cbd32882dd7	 FilesCount: 1 files	 FilesSize: 347 bytes	 TransferDuration: 0 ms	 Provider: aws_ec2	 ProducedFiles: ['tree_ORTHOMCL1518.nexus']
[INFO] 2025-04-24T19:16:19.272Z END RequestId: uuid_aaa737a9_3ea0_41a8_86bc_2cbd32882dd7	 Activity: tree_constructor	 Provider: aws_ec2
[INFO] 2025-04-24T19:16:19.272Z REPORT RequestId: uuid_aaa737a9_3ea0_41a8_86bc_2cbd32882dd7	 Duration: 206.1154569964856 ms	 Billed Duration: 207 ms	 Memory Size: MB	 Max Memory Used: MB	 Init Duration: ms	

[INFO] 2025-04-24T19:16:19.272Z START RequestId: uuid_ac61be15_dfae_450c_8d2e_dd4ae5d65411	 Activity: tree_constructor	 Provider: aws_ec2
[INFO] 2025-04-24T19:16:19.272Z FILE_TRANSFER RequestId: uuid_ac61be15_dfae_450c_8d2e_dd4ae5d65411	 TransferType: consumed	 Action: download_from_s3	 FileName: ORTHOMCL1780	 Bucket: denethor	 FilePath: data/full_dataset/ORTHOMCL1780	 FilePathLocal: resources/data/full_dataset	 FileSize: 4938 bytes	 TransferDuration: 0 ms
[INFO] 2025-04-24T19:16:19.272Z CONSUMED_FILES_INFO RequestId: uuid_ac61be15_dfae_450c_8d2e_dd4ae5d65411	 FilesCount: 1 files	 FilesSize: 4938 bytes	 TransferDuration: 0 ms	 ConsumedFiles: ['ORTHOMCL1780']
[INFO] 2025-04-24T19:16:19.338Z TREE_CONSTRUCTOR RequestId: uuid_ac61be15_dfae_450c_8d2e_dd4ae5d65411	 Duration: 66.12997991032898 ms	 InputFile:ORTHOMCL1780	 OutputFile:['tree_ORTHOMCL1780.nexus']
[INFO] 2025-04-24T19:16:19.439Z FILE_TRANSFER RequestId: uuid_ac61be15_dfae_450c_8d2e_dd4ae5d65411	 TransferType: produced	 Action: upload_to_s3	 FileName: tree_ORTHOMCL1780.nexus	 Bucket: denethor	 FilePath: tree/tree_ORTHOMCL1780.nexus	 FilePathLocal: .tmp/tree/tree_ORTHOMCL1780.nexus	 FileSize: 339 bytes	 TransferDuration: 0 ms
[INFO] 2025-04-24T19:16:19.439Z PRODUCED_FILES_INFO RequestId: uuid_ac61be15_dfae_450c_8d2e_dd4ae5d65411	 FilesCount: 1 files	 FilesSize: 339 bytes	 TransferDuration: 0 ms	 Provider: aws_ec2	 ProducedFiles: ['tree_ORTHOMCL1780.nexus']
[INFO] 2025-04-24T19:16:19.439Z END RequestId: uuid_ac61be15_dfae_450c_8d2e_dd4ae5d65411	 Activity: tree_constructor	 Provider: aws_ec2
[INFO] 2025-04-24T19:16:19.439Z REPORT RequestId: uuid_ac61be15_dfae_450c_8d2e_dd4ae5d65411	 Duration: 166.81762621738017 ms	 Billed Duration: 167 ms	 Memory Size: MB	 Max Memory Used: MB	 Init Duration: ms	

[INFO] 2025-04-24T19:16:19.439Z START RequestId: uuid_6d77c995_a9b7_4c4f_83f5_6cb49d651892	 Activity: tree_constructor	 Provider: aws_ec2
[INFO] 2025-04-24T19:16:19.439Z FILE_TRANSFER RequestId: uuid_6d77c995_a9b7_4c4f_83f5_6cb49d651892	 TransferType: consumed	 Action: download_from_s3	 FileName: ORTHOMCL1788	 Bucket: denethor	 FilePath: data/full_dataset/ORTHOMCL1788	 FilePathLocal: resources/data/full_dataset	 FileSize: 3598 bytes	 TransferDuration: 0 ms
[INFO] 2025-04-24T19:16:19.439Z CONSUMED_FILES_INFO RequestId: uuid_6d77c995_a9b7_4c4f_83f5_6cb49d651892	 FilesCount: 1 files	 FilesSize: 3598 bytes	 TransferDuration: 0 ms	 ConsumedFiles: ['ORTHOMCL1788']
[INFO] 2025-04-24T19:16:19.472Z TREE_CONSTRUCTOR RequestId: uuid_6d77c995_a9b7_4c4f_83f5_6cb49d651892	 Duration: 32.87837910465896 ms	 InputFile:ORTHOMCL1788	 OutputFile:['tree_ORTHOMCL1788.nexus']
[INFO] 2025-04-24T19:16:19.572Z FILE_TRANSFER RequestId: uuid_6d77c995_a9b7_4c4f_83f5_6cb49d651892	 TransferType: produced	 Action: upload_to_s3	 FileName: tree_ORTHOMCL1788.nexus	 Bucket: denethor	 FilePath: tree/tree_ORTHOMCL1788.nexus	 FilePathLocal: .tmp/tree/tree_ORTHOMCL1788.nexus	 FileSize: 347 bytes	 TransferDuration: 0 ms
[INFO] 2025-04-24T19:16:19.572Z PRODUCED_FILES_INFO RequestId: uuid_6d77c995_a9b7_4c4f_83f5_6cb49d651892	 FilesCount: 1 files	 FilesSize: 347 bytes	 TransferDuration: 0 ms	 Provider: aws_ec2	 ProducedFiles: ['tree_ORTHOMCL1788.nexus']
[INFO] 2025-04-24T19:16:19.572Z END RequestId: uuid_6d77c995_a9b7_4c4f_83f5_6cb49d651892	 Activity: tree_constructor	 Provider: aws_ec2
[INFO] 2025-04-24T19:16:19.572Z REPORT RequestId: uuid_6d77c995_a9b7_4c4f_83f5_6cb49d651892	 Duration: 133.49972595460713 ms	 Billed Duration: 134 ms	 Memory Size: MB	 Max Memory Used: MB	 Init Duration: ms	

[INFO] 2025-04-24T19:16:19.573Z START RequestId: uuid_53ff4481_9b88_44f8_b6f3_3e1a5c570131	 Activity: tree_constructor	 Provider: aws_ec2
[INFO] 2025-04-24T19:16:19.573Z FILE_TRANSFER RequestId: uuid_53ff4481_9b88_44f8_b6f3_3e1a5c570131	 TransferType: consumed	 Action: download_from_s3	 FileName: ORTHOMCL1795	 Bucket: denethor	 FilePath: data/full_dataset/ORTHOMCL1795	 FilePathLocal: resources/data/full_dataset	 FileSize: 5888 bytes	 TransferDuration: 0 ms
[INFO] 2025-04-24T19:16:19.573Z CONSUMED_FILES_INFO RequestId: uuid_53ff4481_9b88_44f8_b6f3_3e1a5c570131	 FilesCount: 1 files	 FilesSize: 5888 bytes	 TransferDuration: 0 ms	 ConsumedFiles: ['ORTHOMCL1795']
[INFO] 2025-04-24T19:16:19.664Z TREE_CONSTRUCTOR RequestId: uuid_53ff4481_9b88_44f8_b6f3_3e1a5c570131	 Duration: 91.15091315470636 ms	 InputFile:ORTHOMCL1795	 OutputFile:['tree_ORTHOMCL1795.nexus']
[INFO] 2025-04-24T19:16:19.764Z FILE_TRANSFER RequestId: uuid_53ff4481_9b88_44f8_b6f3_3e1a5c570131	 TransferType: produced	 Action: upload_to_s3	 FileName: tree_ORTHOMCL1795.nexus	 Bucket: denethor	 FilePath: tree/tree_ORTHOMCL1795.nexus	 FilePathLocal: .tmp/tree/tree_ORTHOMCL1795.nexus	 FileSize: 347 bytes	 TransferDuration: 0 ms
[INFO] 2025-04-24T19:16:19.765Z PRODUCED_FILES_INFO RequestId: uuid_53ff4481_9b88_44f8_b6f3_3e1a5c570131	 FilesCount: 1 files	 FilesSize: 347 bytes	 TransferDuration: 0 ms	 Provider: aws_ec2	 ProducedFiles: ['tree_ORTHOMCL1795.nexus']
[INFO] 2025-04-24T19:16:19.765Z END RequestId: uuid_53ff4481_9b88_44f8_b6f3_3e1a5c570131	 Activity: tree_constructor	 Provider: aws_ec2
[INFO] 2025-04-24T19:16:19.765Z REPORT RequestId: uuid_53ff4481_9b88_44f8_b6f3_3e1a5c570131	 Duration: 192.03926785849035 ms	 Billed Duration: 193 ms	 Memory Size: MB	 Max Memory Used: MB	 Init Duration: ms	

[INFO] 2025-04-24T19:16:19.765Z START RequestId: uuid_e20dcc2e_a364_447a_85dd_4ef08340711d	 Activity: tree_constructor	 Provider: aws_ec2
[INFO] 2025-04-24T19:16:19.765Z FILE_TRANSFER RequestId: uuid_e20dcc2e_a364_447a_85dd_4ef08340711d	 TransferType: consumed	 Action: download_from_s3	 FileName: ORTHOMCL1833	 Bucket: denethor	 FilePath: data/full_dataset/ORTHOMCL1833	 FilePathLocal: resources/data/full_dataset	 FileSize: 5816 bytes	 TransferDuration: 0 ms
[INFO] 2025-04-24T19:16:19.765Z CONSUMED_FILES_INFO RequestId: uuid_e20dcc2e_a364_447a_85dd_4ef08340711d	 FilesCount: 1 files	 FilesSize: 5816 bytes	 TransferDuration: 0 ms	 ConsumedFiles: ['ORTHOMCL1833']
[INFO] 2025-04-24T19:16:19.868Z TREE_CONSTRUCTOR RequestId: uuid_e20dcc2e_a364_447a_85dd_4ef08340711d	 Duration: 103.43083017505705 ms	 InputFile:ORTHOMCL1833	 OutputFile:['tree_ORTHOMCL1833.nexus']
[INFO] 2025-04-24T19:16:19.969Z FILE_TRANSFER RequestId: uuid_e20dcc2e_a364_447a_85dd_4ef08340711d	 TransferType: produced	 Action: upload_to_s3	 FileName: tree_ORTHOMCL1833.nexus	 Bucket: denethor	 FilePath: tree/tree_ORTHOMCL1833.nexus	 FilePathLocal: .tmp/tree/tree_ORTHOMCL1833.nexus	 FileSize: 347 bytes	 TransferDuration: 0 ms
[INFO] 2025-04-24T19:16:19.969Z PRODUCED_FILES_INFO RequestId: uuid_e20dcc2e_a364_447a_85dd_4ef08340711d	 FilesCount: 1 files	 FilesSize: 347 bytes	 TransferDuration: 0 ms	 Provider: aws_ec2	 ProducedFiles: ['tree_ORTHOMCL1833.nexus']
[INFO] 2025-04-24T19:16:19.969Z END RequestId: uuid_e20dcc2e_a364_447a_85dd_4ef08340711d	 Activity: tree_constructor	 Provider: aws_ec2
[INFO] 2025-04-24T19:16:19.969Z REPORT RequestId: uuid_e20dcc2e_a364_447a_85dd_4ef08340711d	 Duration: 203.9873779285699 ms	 Billed Duration: 204 ms	 Memory Size: MB	 Max Memory Used: MB	 Init Duration: ms	

[INFO] 2025-04-24T19:16:19.969Z START RequestId: uuid_e7b860f9_d825_4e57_9149_eca4d3190b0c	 Activity: tree_constructor	 Provider: aws_ec2
[INFO] 2025-04-24T19:16:19.969Z FILE_TRANSFER RequestId: uuid_e7b860f9_d825_4e57_9149_eca4d3190b0c	 TransferType: consumed	 Action: download_from_s3	 FileName: ORTHOMCL1861	 Bucket: denethor	 FilePath: data/full_dataset/ORTHOMCL1861	 FilePathLocal: resources/data/full_dataset	 FileSize: 2484 bytes	 TransferDuration: 0 ms
[INFO] 2025-04-24T19:16:19.969Z CONSUMED_FILES_INFO RequestId: uuid_e7b860f9_d825_4e57_9149_eca4d3190b0c	 FilesCount: 1 files	 FilesSize: 2484 bytes	 TransferDuration: 0 ms	 ConsumedFiles: ['ORTHOMCL1861']
[INFO] 2025-04-24T19:16:19.978Z TREE_CONSTRUCTOR RequestId: uuid_e7b860f9_d825_4e57_9149_eca4d3190b0c	 Duration: 8.596636122092605 ms	 InputFile:ORTHOMCL1861	 OutputFile:['tree_ORTHOMCL1861.nexus']
[INFO] 2025-04-24T19:16:20.078Z FILE_TRANSFER RequestId: uuid_e7b860f9_d825_4e57_9149_eca4d3190b0c	 TransferType: produced	 Action: upload_to_s3	 FileName: tree_ORTHOMCL1861.nexus	 Bucket: denethor	 FilePath: tree/tree_ORTHOMCL1861.nexus	 FilePathLocal: .tmp/tree/tree_ORTHOMCL1861.nexus	 FileSize: 349 bytes	 TransferDuration: 0 ms
[INFO] 2025-04-24T19:16:20.078Z PRODUCED_FILES_INFO RequestId: uuid_e7b860f9_d825_4e57_9149_eca4d3190b0c	 FilesCount: 1 files	 FilesSize: 349 bytes	 TransferDuration: 0 ms	 Provider: aws_ec2	 ProducedFiles: ['tree_ORTHOMCL1861.nexus']
[INFO] 2025-04-24T19:16:20.078Z END RequestId: uuid_e7b860f9_d825_4e57_9149_eca4d3190b0c	 Activity: tree_constructor	 Provider: aws_ec2
[INFO] 2025-04-24T19:16:20.078Z REPORT RequestId: uuid_e7b860f9_d825_4e57_9149_eca4d3190b0c	 Duration: 109.11865695379674 ms	 Billed Duration: 110 ms	 Memory Size: MB	 Max Memory Used: MB	 Init Duration: ms	

[INFO] 2025-04-24T19:16:20.078Z START RequestId: uuid_abc32f65_28c1_43dc_974f_35c3b9e139f7	 Activity: tree_constructor	 Provider: aws_ec2
[INFO] 2025-04-24T19:16:20.078Z FILE_TRANSFER RequestId: uuid_abc32f65_28c1_43dc_974f_35c3b9e139f7	 TransferType: consumed	 Action: download_from_s3	 FileName: ORTHOMCL1909	 Bucket: denethor	 FilePath: data/full_dataset/ORTHOMCL1909	 FilePathLocal: resources/data/full_dataset	 FileSize: 4975 bytes	 TransferDuration: 0 ms
[INFO] 2025-04-24T19:16:20.078Z CONSUMED_FILES_INFO RequestId: uuid_abc32f65_28c1_43dc_974f_35c3b9e139f7	 FilesCount: 1 files	 FilesSize: 4975 bytes	 TransferDuration: 0 ms	 ConsumedFiles: ['ORTHOMCL1909']
[INFO] 2025-04-24T19:16:20.175Z TREE_CONSTRUCTOR RequestId: uuid_abc32f65_28c1_43dc_974f_35c3b9e139f7	 Duration: 96.72731906175613 ms	 InputFile:ORTHOMCL1909	 OutputFile:['tree_ORTHOMCL1909.nexus']
[INFO] 2025-04-24T19:16:20.275Z FILE_TRANSFER RequestId: uuid_abc32f65_28c1_43dc_974f_35c3b9e139f7	 TransferType: produced	 Action: upload_to_s3	 FileName: tree_ORTHOMCL1909.nexus	 Bucket: denethor	 FilePath: tree/tree_ORTHOMCL1909.nexus	 FilePathLocal: .tmp/tree/tree_ORTHOMCL1909.nexus	 FileSize: 349 bytes	 TransferDuration: 0 ms
[INFO] 2025-04-24T19:16:20.275Z PRODUCED_FILES_INFO RequestId: uuid_abc32f65_28c1_43dc_974f_35c3b9e139f7	 FilesCount: 1 files	 FilesSize: 349 bytes	 TransferDuration: 0 ms	 Provider: aws_ec2	 ProducedFiles: ['tree_ORTHOMCL1909.nexus']
[INFO] 2025-04-24T19:16:20.275Z END RequestId: uuid_abc32f65_28c1_43dc_974f_35c3b9e139f7	 Activity: tree_constructor	 Provider: aws_ec2
[INFO] 2025-04-24T19:16:20.275Z REPORT RequestId: uuid_abc32f65_28c1_43dc_974f_35c3b9e139f7	 Duration: 197.30194006115198 ms	 Billed Duration: 198 ms	 Memory Size: MB	 Max Memory Used: MB	 Init Duration: ms	

[INFO] 2025-04-24T19:16:20.275Z START RequestId: uuid_c0c7da9a_4a8c_4ffe_8694_f7f55373e633	 Activity: tree_constructor	 Provider: aws_ec2
[INFO] 2025-04-24T19:16:20.275Z FILE_TRANSFER RequestId: uuid_c0c7da9a_4a8c_4ffe_8694_f7f55373e633	 TransferType: consumed	 Action: download_from_s3	 FileName: ORTHOMCL1916	 Bucket: denethor	 FilePath: data/full_dataset/ORTHOMCL1916	 FilePathLocal: resources/data/full_dataset	 FileSize: 3624 bytes	 TransferDuration: 0 ms
[INFO] 2025-04-24T19:16:20.276Z CONSUMED_FILES_INFO RequestId: uuid_c0c7da9a_4a8c_4ffe_8694_f7f55373e633	 FilesCount: 1 files	 FilesSize: 3624 bytes	 TransferDuration: 0 ms	 ConsumedFiles: ['ORTHOMCL1916']
[INFO] 2025-04-24T19:16:20.310Z TREE_CONSTRUCTOR RequestId: uuid_c0c7da9a_4a8c_4ffe_8694_f7f55373e633	 Duration: 34.60626397281885 ms	 InputFile:ORTHOMCL1916	 OutputFile:['tree_ORTHOMCL1916.nexus']
[INFO] 2025-04-24T19:16:20.410Z FILE_TRANSFER RequestId: uuid_c0c7da9a_4a8c_4ffe_8694_f7f55373e633	 TransferType: produced	 Action: upload_to_s3	 FileName: tree_ORTHOMCL1916.nexus	 Bucket: denethor	 FilePath: tree/tree_ORTHOMCL1916.nexus	 FilePathLocal: .tmp/tree/tree_ORTHOMCL1916.nexus	 FileSize: 349 bytes	 TransferDuration: 0 ms
[INFO] 2025-04-24T19:16:20.411Z PRODUCED_FILES_INFO RequestId: uuid_c0c7da9a_4a8c_4ffe_8694_f7f55373e633	 FilesCount: 1 files	 FilesSize: 349 bytes	 TransferDuration: 0 ms	 Provider: aws_ec2	 ProducedFiles: ['tree_ORTHOMCL1916.nexus']
[INFO] 2025-04-24T19:16:20.411Z END RequestId: uuid_c0c7da9a_4a8c_4ffe_8694_f7f55373e633	 Activity: tree_constructor	 Provider: aws_ec2
[INFO] 2025-04-24T19:16:20.411Z REPORT RequestId: uuid_c0c7da9a_4a8c_4ffe_8694_f7f55373e633	 Duration: 135.12174598872662 ms	 Billed Duration: 136 ms	 Memory Size: MB	 Max Memory Used: MB	 Init Duration: ms	

[INFO] 2025-04-24T19:16:20.411Z START RequestId: uuid_e9ff0fbc_4510_4fe7_9c3b_26be09e8536c	 Activity: tree_constructor	 Provider: aws_ec2
[INFO] 2025-04-24T19:16:20.411Z FILE_TRANSFER RequestId: uuid_e9ff0fbc_4510_4fe7_9c3b_26be09e8536c	 TransferType: consumed	 Action: download_from_s3	 FileName: ORTHOMCL1954	 Bucket: denethor	 FilePath: data/full_dataset/ORTHOMCL1954	 FilePathLocal: resources/data/full_dataset	 FileSize: 4754 bytes	 TransferDuration: 0 ms
[INFO] 2025-04-24T19:16:20.411Z CONSUMED_FILES_INFO RequestId: uuid_e9ff0fbc_4510_4fe7_9c3b_26be09e8536c	 FilesCount: 1 files	 FilesSize: 4754 bytes	 TransferDuration: 0 ms	 ConsumedFiles: ['ORTHOMCL1954']
[INFO] 2025-04-24T19:16:20.429Z TREE_CONSTRUCTOR RequestId: uuid_e9ff0fbc_4510_4fe7_9c3b_26be09e8536c	 Duration: 18.444959074258804 ms	 InputFile:ORTHOMCL1954	 OutputFile:['tree_ORTHOMCL1954.nexus']
[INFO] 2025-04-24T19:16:20.529Z FILE_TRANSFER RequestId: uuid_e9ff0fbc_4510_4fe7_9c3b_26be09e8536c	 TransferType: produced	 Action: upload_to_s3	 FileName: tree_ORTHOMCL1954.nexus	 Bucket: denethor	 FilePath: tree/tree_ORTHOMCL1954.nexus	 FilePathLocal: .tmp/tree/tree_ORTHOMCL1954.nexus	 FileSize: 349 bytes	 TransferDuration: 0 ms
[INFO] 2025-04-24T19:16:20.530Z PRODUCED_FILES_INFO RequestId: uuid_e9ff0fbc_4510_4fe7_9c3b_26be09e8536c	 FilesCount: 1 files	 FilesSize: 349 bytes	 TransferDuration: 0 ms	 Provider: aws_ec2	 ProducedFiles: ['tree_ORTHOMCL1954.nexus']
[INFO] 2025-04-24T19:16:20.530Z END RequestId: uuid_e9ff0fbc_4510_4fe7_9c3b_26be09e8536c	 Activity: tree_constructor	 Provider: aws_ec2
[INFO] 2025-04-24T19:16:20.530Z REPORT RequestId: uuid_e9ff0fbc_4510_4fe7_9c3b_26be09e8536c	 Duration: 118.96990705281496 ms	 Billed Duration: 119 ms	 Memory Size: MB	 Max Memory Used: MB	 Init Duration: ms	

