[INFO] 2025-04-24T19:15:56.919Z START RequestId: uuid_f926bc6c_cc7d_4e86_a0ce_4870fa326c42	 Activity: tree_constructor	 Provider: aws_ec2
[INFO] 2025-04-24T19:15:56.920Z FILE_TRANSFER RequestId: uuid_f926bc6c_cc7d_4e86_a0ce_4870fa326c42	 TransferType: consumed	 Action: download_from_s3	 FileName: ORTHOMCL256_2	 Bucket: denethor	 FilePath: data/full_dataset/ORTHOMCL256_2	 FilePathLocal: resources/data/full_dataset	 FileSize: 2635 bytes	 TransferDuration: 0 ms
[INFO] 2025-04-24T19:15:56.920Z CONSUMED_FILES_INFO RequestId: uuid_f926bc6c_cc7d_4e86_a0ce_4870fa326c42	 FilesCount: 1 files	 FilesSize: 2635 bytes	 TransferDuration: 0 ms	 ConsumedFiles: ['ORTHOMCL256_2']
[INFO] 2025-04-24T19:15:56.955Z TREE_CONSTRUCTOR RequestId: uuid_f926bc6c_cc7d_4e86_a0ce_4870fa326c42	 Duration: 35.7753150165081 ms	 InputFile:ORTHOMCL256_2	 OutputFile:['tree_ORTHOMCL256_2.nexus']
[INFO] 2025-04-24T19:15:57.056Z FILE_TRANSFER RequestId: uuid_f926bc6c_cc7d_4e86_a0ce_4870fa326c42	 TransferType: produced	 Action: upload_to_s3	 FileName: tree_ORTHOMCL256_2.nexus	 Bucket: denethor	 FilePath: tree/tree_ORTHOMCL256_2.nexus	 FilePathLocal: .tmp/tree/tree_ORTHOMCL256_2.nexus	 FileSize: 640 bytes	 TransferDuration: 0 ms
[INFO] 2025-04-24T19:15:57.056Z PRODUCED_FILES_INFO RequestId: uuid_f926bc6c_cc7d_4e86_a0ce_4870fa326c42	 FilesCount: 1 files	 FilesSize: 640 bytes	 TransferDuration: 0 ms	 Provider: aws_ec2	 ProducedFiles: ['tree_ORTHOMCL256_2.nexus']
[INFO] 2025-04-24T19:15:57.056Z END RequestId: uuid_f926bc6c_cc7d_4e86_a0ce_4870fa326c42	 Activity: tree_constructor	 Provider: aws_ec2
[INFO] 2025-04-24T19:15:57.056Z REPORT RequestId: uuid_f926bc6c_cc7d_4e86_a0ce_4870fa326c42	 Duration: 136.51869888417423 ms	 Billed Duration: 137 ms	 Memory Size: MB	 Max Memory Used: MB	 Init Duration: ms	

[INFO] 2025-04-24T19:15:57.056Z START RequestId: uuid_bd9a83a6_4c72_4ce2_a653_1bbad1d866d8	 Activity: tree_constructor	 Provider: aws_ec2
[INFO] 2025-04-24T19:15:57.056Z FILE_TRANSFER RequestId: uuid_bd9a83a6_4c72_4ce2_a653_1bbad1d866d8	 TransferType: consumed	 Action: download_from_s3	 FileName: ORTHOMCL371	 Bucket: denethor	 FilePath: data/full_dataset/ORTHOMCL371	 FilePathLocal: resources/data/full_dataset	 FileSize: 2740 bytes	 TransferDuration: 0 ms
[INFO] 2025-04-24T19:15:57.056Z CONSUMED_FILES_INFO RequestId: uuid_bd9a83a6_4c72_4ce2_a653_1bbad1d866d8	 FilesCount: 1 files	 FilesSize: 2740 bytes	 TransferDuration: 0 ms	 ConsumedFiles: ['ORTHOMCL371']
[INFO] 2025-04-24T19:15:57.090Z TREE_CONSTRUCTOR RequestId: uuid_bd9a83a6_4c72_4ce2_a653_1bbad1d866d8	 Duration: 34.03024701401591 ms	 InputFile:ORTHOMCL371	 OutputFile:['tree_ORTHOMCL371.nexus']
[INFO] 2025-04-24T19:15:57.191Z FILE_TRANSFER RequestId: uuid_bd9a83a6_4c72_4ce2_a653_1bbad1d866d8	 TransferType: produced	 Action: upload_to_s3	 FileName: tree_ORTHOMCL371.nexus	 Bucket: denethor	 FilePath: tree/tree_ORTHOMCL371.nexus	 FilePathLocal: .tmp/tree/tree_ORTHOMCL371.nexus	 FileSize: 511 bytes	 TransferDuration: 0 ms
[INFO] 2025-04-24T19:15:57.191Z PRODUCED_FILES_INFO RequestId: uuid_bd9a83a6_4c72_4ce2_a653_1bbad1d866d8	 FilesCount: 1 files	 FilesSize: 511 bytes	 TransferDuration: 0 ms	 Provider: aws_ec2	 ProducedFiles: ['tree_ORTHOMCL371.nexus']
[INFO] 2025-04-24T19:15:57.191Z END RequestId: uuid_bd9a83a6_4c72_4ce2_a653_1bbad1d866d8	 Activity: tree_constructor	 Provider: aws_ec2
[INFO] 2025-04-24T19:15:57.191Z REPORT RequestId: uuid_bd9a83a6_4c72_4ce2_a653_1bbad1d866d8	 Duration: 135.36308193579316 ms	 Billed Duration: 136 ms	 Memory Size: MB	 Max Memory Used: MB	 Init Duration: ms	

[INFO] 2025-04-24T19:15:57.191Z START RequestId: uuid_fe8cc4f1_cf92_4114_b74c_801d47b09699	 Activity: tree_constructor	 Provider: aws_ec2
[INFO] 2025-04-24T19:15:57.191Z FILE_TRANSFER RequestId: uuid_fe8cc4f1_cf92_4114_b74c_801d47b09699	 TransferType: consumed	 Action: download_from_s3	 FileName: ORTHOMCL524	 Bucket: denethor	 FilePath: data/full_dataset/ORTHOMCL524	 FilePathLocal: resources/data/full_dataset	 FileSize: 3997 bytes	 TransferDuration: 0 ms
[INFO] 2025-04-24T19:15:57.191Z CONSUMED_FILES_INFO RequestId: uuid_fe8cc4f1_cf92_4114_b74c_801d47b09699	 FilesCount: 1 files	 FilesSize: 3997 bytes	 TransferDuration: 0 ms	 ConsumedFiles: ['ORTHOMCL524']
[INFO] 2025-04-24T19:15:57.253Z TREE_CONSTRUCTOR RequestId: uuid_fe8cc4f1_cf92_4114_b74c_801d47b09699	 Duration: 61.7399278562516 ms	 InputFile:ORTHOMCL524	 OutputFile:['tree_ORTHOMCL524.nexus']
[INFO] 2025-04-24T19:15:57.354Z FILE_TRANSFER RequestId: uuid_fe8cc4f1_cf92_4114_b74c_801d47b09699	 TransferType: produced	 Action: upload_to_s3	 FileName: tree_ORTHOMCL524.nexus	 Bucket: denethor	 FilePath: tree/tree_ORTHOMCL524.nexus	 FilePathLocal: .tmp/tree/tree_ORTHOMCL524.nexus	 FileSize: 465 bytes	 TransferDuration: 0 ms
[INFO] 2025-04-24T19:15:57.354Z PRODUCED_FILES_INFO RequestId: uuid_fe8cc4f1_cf92_4114_b74c_801d47b09699	 FilesCount: 1 files	 FilesSize: 465 bytes	 TransferDuration: 0 ms	 Provider: aws_ec2	 ProducedFiles: ['tree_ORTHOMCL524.nexus']
[INFO] 2025-04-24T19:15:57.354Z END RequestId: uuid_fe8cc4f1_cf92_4114_b74c_801d47b09699	 Activity: tree_constructor	 Provider: aws_ec2
[INFO] 2025-04-24T19:15:57.354Z REPORT RequestId: uuid_fe8cc4f1_cf92_4114_b74c_801d47b09699	 Duration: 162.3309461865574 ms	 Billed Duration: 163 ms	 Memory Size: MB	 Max Memory Used: MB	 Init Duration: ms	

[INFO] 2025-04-24T19:15:57.354Z START RequestId: uuid_4a780996_f3f8_4136_9bab_93ca208c1416	 Activity: tree_constructor	 Provider: aws_ec2
[INFO] 2025-04-24T19:15:57.354Z FILE_TRANSFER RequestId: uuid_4a780996_f3f8_4136_9bab_93ca208c1416	 TransferType: consumed	 Action: download_from_s3	 FileName: ORTHOMCL626	 Bucket: denethor	 FilePath: data/full_dataset/ORTHOMCL626	 FilePathLocal: resources/data/full_dataset	 FileSize: 4022 bytes	 TransferDuration: 0 ms
[INFO] 2025-04-24T19:15:57.354Z CONSUMED_FILES_INFO RequestId: uuid_4a780996_f3f8_4136_9bab_93ca208c1416	 FilesCount: 1 files	 FilesSize: 4022 bytes	 TransferDuration: 0 ms	 ConsumedFiles: ['ORTHOMCL626']
[INFO] 2025-04-24T19:15:57.418Z TREE_CONSTRUCTOR RequestId: uuid_4a780996_f3f8_4136_9bab_93ca208c1416	 Duration: 64.4832281395793 ms	 InputFile:ORTHOMCL626	 OutputFile:['tree_ORTHOMCL626.nexus']
[INFO] 2025-04-24T19:15:57.519Z FILE_TRANSFER RequestId: uuid_4a780996_f3f8_4136_9bab_93ca208c1416	 TransferType: produced	 Action: upload_to_s3	 FileName: tree_ORTHOMCL626.nexus	 Bucket: denethor	 FilePath: tree/tree_ORTHOMCL626.nexus	 FilePathLocal: .tmp/tree/tree_ORTHOMCL626.nexus	 FileSize: 463 bytes	 TransferDuration: 0 ms
[INFO] 2025-04-24T19:15:57.519Z PRODUCED_FILES_INFO RequestId: uuid_4a780996_f3f8_4136_9bab_93ca208c1416	 FilesCount: 1 files	 FilesSize: 463 bytes	 TransferDuration: 0 ms	 Provider: aws_ec2	 ProducedFiles: ['tree_ORTHOMCL626.nexus']
[INFO] 2025-04-24T19:15:57.519Z END RequestId: uuid_4a780996_f3f8_4136_9bab_93ca208c1416	 Activity: tree_constructor	 Provider: aws_ec2
[INFO] 2025-04-24T19:15:57.519Z REPORT RequestId: uuid_4a780996_f3f8_4136_9bab_93ca208c1416	 Duration: 165.04016588442028 ms	 Billed Duration: 166 ms	 Memory Size: MB	 Max Memory Used: MB	 Init Duration: ms	

[INFO] 2025-04-24T19:15:57.519Z START RequestId: uuid_5247c600_e5ff_4417_9a93_2a5e124cf925	 Activity: tree_constructor	 Provider: aws_ec2
[INFO] 2025-04-24T19:15:57.519Z FILE_TRANSFER RequestId: uuid_5247c600_e5ff_4417_9a93_2a5e124cf925	 TransferType: consumed	 Action: download_from_s3	 FileName: ORTHOMCL650	 Bucket: denethor	 FilePath: data/full_dataset/ORTHOMCL650	 FilePathLocal: resources/data/full_dataset	 FileSize: 2309 bytes	 TransferDuration: 0 ms
[INFO] 2025-04-24T19:15:57.519Z CONSUMED_FILES_INFO RequestId: uuid_5247c600_e5ff_4417_9a93_2a5e124cf925	 FilesCount: 1 files	 FilesSize: 2309 bytes	 TransferDuration: 0 ms	 ConsumedFiles: ['ORTHOMCL650']
[INFO] 2025-04-24T19:15:57.528Z TREE_CONSTRUCTOR RequestId: uuid_5247c600_e5ff_4417_9a93_2a5e124cf925	 Duration: 8.51140497252345 ms	 InputFile:ORTHOMCL650	 OutputFile:['tree_ORTHOMCL650.nexus']
[INFO] 2025-04-24T19:15:57.628Z FILE_TRANSFER RequestId: uuid_5247c600_e5ff_4417_9a93_2a5e124cf925	 TransferType: produced	 Action: upload_to_s3	 FileName: tree_ORTHOMCL650.nexus	 Bucket: denethor	 FilePath: tree/tree_ORTHOMCL650.nexus	 FilePathLocal: .tmp/tree/tree_ORTHOMCL650.nexus	 FileSize: 461 bytes	 TransferDuration: 0 ms
[INFO] 2025-04-24T19:15:57.628Z PRODUCED_FILES_INFO RequestId: uuid_5247c600_e5ff_4417_9a93_2a5e124cf925	 FilesCount: 1 files	 FilesSize: 461 bytes	 TransferDuration: 0 ms	 Provider: aws_ec2	 ProducedFiles: ['tree_ORTHOMCL650.nexus']
[INFO] 2025-04-24T19:15:57.628Z END RequestId: uuid_5247c600_e5ff_4417_9a93_2a5e124cf925	 Activity: tree_constructor	 Provider: aws_ec2
[INFO] 2025-04-24T19:15:57.628Z REPORT RequestId: uuid_5247c600_e5ff_4417_9a93_2a5e124cf925	 Duration: 109.08191581256688 ms	 Billed Duration: 110 ms	 Memory Size: MB	 Max Memory Used: MB	 Init Duration: ms	

[INFO] 2025-04-24T19:15:57.629Z START RequestId: uuid_87738708_b0e5_46ba_848f_228cb6c62b6b	 Activity: tree_constructor	 Provider: aws_ec2
[INFO] 2025-04-24T19:15:57.629Z FILE_TRANSFER RequestId: uuid_87738708_b0e5_46ba_848f_228cb6c62b6b	 TransferType: consumed	 Action: download_from_s3	 FileName: ORTHOMCL659	 Bucket: denethor	 FilePath: data/full_dataset/ORTHOMCL659	 FilePathLocal: resources/data/full_dataset	 FileSize: 3513 bytes	 TransferDuration: 0 ms
[INFO] 2025-04-24T19:15:57.629Z CONSUMED_FILES_INFO RequestId: uuid_87738708_b0e5_46ba_848f_228cb6c62b6b	 FilesCount: 1 files	 FilesSize: 3513 bytes	 TransferDuration: 0 ms	 ConsumedFiles: ['ORTHOMCL659']
[INFO] 2025-04-24T19:15:57.662Z TREE_CONSTRUCTOR RequestId: uuid_87738708_b0e5_46ba_848f_228cb6c62b6b	 Duration: 33.125397050753236 ms	 InputFile:ORTHOMCL659	 OutputFile:['tree_ORTHOMCL659.nexus']
[INFO] 2025-04-24T19:15:57.762Z FILE_TRANSFER RequestId: uuid_87738708_b0e5_46ba_848f_228cb6c62b6b	 TransferType: produced	 Action: upload_to_s3	 FileName: tree_ORTHOMCL659.nexus	 Bucket: denethor	 FilePath: tree/tree_ORTHOMCL659.nexus	 FilePathLocal: .tmp/tree/tree_ORTHOMCL659.nexus	 FileSize: 469 bytes	 TransferDuration: 0 ms
[INFO] 2025-04-24T19:15:57.762Z PRODUCED_FILES_INFO RequestId: uuid_87738708_b0e5_46ba_848f_228cb6c62b6b	 FilesCount: 1 files	 FilesSize: 469 bytes	 TransferDuration: 0 ms	 Provider: aws_ec2	 ProducedFiles: ['tree_ORTHOMCL659.nexus']
[INFO] 2025-04-24T19:15:57.762Z END RequestId: uuid_87738708_b0e5_46ba_848f_228cb6c62b6b	 Activity: tree_constructor	 Provider: aws_ec2
[INFO] 2025-04-24T19:15:57.762Z REPORT RequestId: uuid_87738708_b0e5_46ba_848f_228cb6c62b6b	 Duration: 133.67344695143402 ms	 Billed Duration: 134 ms	 Memory Size: MB	 Max Memory Used: MB	 Init Duration: ms	

[INFO] 2025-04-24T19:15:57.762Z START RequestId: uuid_2c48d129_0830_4e42_beca_59eb6d145210	 Activity: tree_constructor	 Provider: aws_ec2
[INFO] 2025-04-24T19:15:57.762Z FILE_TRANSFER RequestId: uuid_2c48d129_0830_4e42_beca_59eb6d145210	 TransferType: consumed	 Action: download_from_s3	 FileName: ORTHOMCL665	 Bucket: denethor	 FilePath: data/full_dataset/ORTHOMCL665	 FilePathLocal: resources/data/full_dataset	 FileSize: 3316 bytes	 TransferDuration: 0 ms
[INFO] 2025-04-24T19:15:57.762Z CONSUMED_FILES_INFO RequestId: uuid_2c48d129_0830_4e42_beca_59eb6d145210	 FilesCount: 1 files	 FilesSize: 3316 bytes	 TransferDuration: 0 ms	 ConsumedFiles: ['ORTHOMCL665']
[INFO] 2025-04-24T19:15:57.806Z TREE_CONSTRUCTOR RequestId: uuid_2c48d129_0830_4e42_beca_59eb6d145210	 Duration: 43.185718124732375 ms	 InputFile:ORTHOMCL665	 OutputFile:['tree_ORTHOMCL665.nexus']
[INFO] 2025-04-24T19:15:57.906Z FILE_TRANSFER RequestId: uuid_2c48d129_0830_4e42_beca_59eb6d145210	 TransferType: produced	 Action: upload_to_s3	 FileName: tree_ORTHOMCL665.nexus	 Bucket: denethor	 FilePath: tree/tree_ORTHOMCL665.nexus	 FilePathLocal: .tmp/tree/tree_ORTHOMCL665.nexus	 FileSize: 461 bytes	 TransferDuration: 0 ms
[INFO] 2025-04-24T19:15:57.906Z PRODUCED_FILES_INFO RequestId: uuid_2c48d129_0830_4e42_beca_59eb6d145210	 FilesCount: 1 files	 FilesSize: 461 bytes	 TransferDuration: 0 ms	 Provider: aws_ec2	 ProducedFiles: ['tree_ORTHOMCL665.nexus']
[INFO] 2025-04-24T19:15:57.906Z END RequestId: uuid_2c48d129_0830_4e42_beca_59eb6d145210	 Activity: tree_constructor	 Provider: aws_ec2
[INFO] 2025-04-24T19:15:57.906Z REPORT RequestId: uuid_2c48d129_0830_4e42_beca_59eb6d145210	 Duration: 143.6774900648743 ms	 Billed Duration: 144 ms	 Memory Size: MB	 Max Memory Used: MB	 Init Duration: ms	

[INFO] 2025-04-24T19:15:57.906Z START RequestId: uuid_94761ce6_cce6_4984_a0ff_cc06de4eb876	 Activity: tree_constructor	 Provider: aws_ec2
[INFO] 2025-04-24T19:15:57.906Z FILE_TRANSFER RequestId: uuid_94761ce6_cce6_4984_a0ff_cc06de4eb876	 TransferType: consumed	 Action: download_from_s3	 FileName: ORTHOMCL744	 Bucket: denethor	 FilePath: data/full_dataset/ORTHOMCL744	 FilePathLocal: resources/data/full_dataset	 FileSize: 5070 bytes	 TransferDuration: 0 ms
[INFO] 2025-04-24T19:15:57.906Z CONSUMED_FILES_INFO RequestId: uuid_94761ce6_cce6_4984_a0ff_cc06de4eb876	 FilesCount: 1 files	 FilesSize: 5070 bytes	 TransferDuration: 0 ms	 ConsumedFiles: ['ORTHOMCL744']
[INFO] 2025-04-24T19:15:58.013Z TREE_CONSTRUCTOR RequestId: uuid_94761ce6_cce6_4984_a0ff_cc06de4eb876	 Duration: 107.13810613378882 ms	 InputFile:ORTHOMCL744	 OutputFile:['tree_ORTHOMCL744.nexus']
[INFO] 2025-04-24T19:15:58.114Z FILE_TRANSFER RequestId: uuid_94761ce6_cce6_4984_a0ff_cc06de4eb876	 TransferType: produced	 Action: upload_to_s3	 FileName: tree_ORTHOMCL744.nexus	 Bucket: denethor	 FilePath: tree/tree_ORTHOMCL744.nexus	 FilePathLocal: .tmp/tree/tree_ORTHOMCL744.nexus	 FileSize: 407 bytes	 TransferDuration: 0 ms
[INFO] 2025-04-24T19:15:58.114Z PRODUCED_FILES_INFO RequestId: uuid_94761ce6_cce6_4984_a0ff_cc06de4eb876	 FilesCount: 1 files	 FilesSize: 407 bytes	 TransferDuration: 0 ms	 Provider: aws_ec2	 ProducedFiles: ['tree_ORTHOMCL744.nexus']
[INFO] 2025-04-24T19:15:58.114Z END RequestId: uuid_94761ce6_cce6_4984_a0ff_cc06de4eb876	 Activity: tree_constructor	 Provider: aws_ec2
[INFO] 2025-04-24T19:15:58.114Z REPORT RequestId: uuid_94761ce6_cce6_4984_a0ff_cc06de4eb876	 Duration: 207.97844603657722 ms	 Billed Duration: 208 ms	 Memory Size: MB	 Max Memory Used: MB	 Init Duration: ms	

[INFO] 2025-04-24T19:15:58.114Z START RequestId: uuid_21b079d5_f0ca_49c7_b485_22c3e1aa6954	 Activity: tree_constructor	 Provider: aws_ec2
[INFO] 2025-04-24T19:15:58.114Z FILE_TRANSFER RequestId: uuid_21b079d5_f0ca_49c7_b485_22c3e1aa6954	 TransferType: consumed	 Action: download_from_s3	 FileName: ORTHOMCL780	 Bucket: denethor	 FilePath: data/full_dataset/ORTHOMCL780	 FilePathLocal: resources/data/full_dataset	 FileSize: 5279 bytes	 TransferDuration: 0 ms
[INFO] 2025-04-24T19:15:58.114Z CONSUMED_FILES_INFO RequestId: uuid_21b079d5_f0ca_49c7_b485_22c3e1aa6954	 FilesCount: 1 files	 FilesSize: 5279 bytes	 TransferDuration: 0 ms	 ConsumedFiles: ['ORTHOMCL780']
[INFO] 2025-04-24T19:15:58.196Z TREE_CONSTRUCTOR RequestId: uuid_21b079d5_f0ca_49c7_b485_22c3e1aa6954	 Duration: 82.0940569974482 ms	 InputFile:ORTHOMCL780	 OutputFile:['tree_ORTHOMCL780.nexus']
[INFO] 2025-04-24T19:15:58.297Z FILE_TRANSFER RequestId: uuid_21b079d5_f0ca_49c7_b485_22c3e1aa6954	 TransferType: produced	 Action: upload_to_s3	 FileName: tree_ORTHOMCL780.nexus	 Bucket: denethor	 FilePath: tree/tree_ORTHOMCL780.nexus	 FilePathLocal: .tmp/tree/tree_ORTHOMCL780.nexus	 FileSize: 399 bytes	 TransferDuration: 0 ms
[INFO] 2025-04-24T19:15:58.297Z PRODUCED_FILES_INFO RequestId: uuid_21b079d5_f0ca_49c7_b485_22c3e1aa6954	 FilesCount: 1 files	 FilesSize: 399 bytes	 TransferDuration: 0 ms	 Provider: aws_ec2	 ProducedFiles: ['tree_ORTHOMCL780.nexus']
[INFO] 2025-04-24T19:15:58.297Z END RequestId: uuid_21b079d5_f0ca_49c7_b485_22c3e1aa6954	 Activity: tree_constructor	 Provider: aws_ec2
[INFO] 2025-04-24T19:15:58.297Z REPORT RequestId: uuid_21b079d5_f0ca_49c7_b485_22c3e1aa6954	 Duration: 182.93640087358654 ms	 Billed Duration: 183 ms	 Memory Size: MB	 Max Memory Used: MB	 Init Duration: ms	

[INFO] 2025-04-24T19:15:58.297Z START RequestId: uuid_ebc0630f_1aaf_4998_974e_3aa0adee439e	 Activity: tree_constructor	 Provider: aws_ec2
[INFO] 2025-04-24T19:15:58.297Z FILE_TRANSFER RequestId: uuid_ebc0630f_1aaf_4998_974e_3aa0adee439e	 TransferType: consumed	 Action: download_from_s3	 FileName: ORTHOMCL836	 Bucket: denethor	 FilePath: data/full_dataset/ORTHOMCL836	 FilePathLocal: resources/data/full_dataset	 FileSize: 4754 bytes	 TransferDuration: 0 ms
[INFO] 2025-04-24T19:15:58.297Z CONSUMED_FILES_INFO RequestId: uuid_ebc0630f_1aaf_4998_974e_3aa0adee439e	 FilesCount: 1 files	 FilesSize: 4754 bytes	 TransferDuration: 0 ms	 ConsumedFiles: ['ORTHOMCL836']
[INFO] 2025-04-24T19:15:58.346Z TREE_CONSTRUCTOR RequestId: uuid_ebc0630f_1aaf_4998_974e_3aa0adee439e	 Duration: 48.93864621408284 ms	 InputFile:ORTHOMCL836	 OutputFile:['tree_ORTHOMCL836.nexus']
[INFO] 2025-04-24T19:15:58.447Z FILE_TRANSFER RequestId: uuid_ebc0630f_1aaf_4998_974e_3aa0adee439e	 TransferType: produced	 Action: upload_to_s3	 FileName: tree_ORTHOMCL836.nexus	 Bucket: denethor	 FilePath: tree/tree_ORTHOMCL836.nexus	 FilePathLocal: .tmp/tree/tree_ORTHOMCL836.nexus	 FileSize: 413 bytes	 TransferDuration: 0 ms
[INFO] 2025-04-24T19:15:58.447Z PRODUCED_FILES_INFO RequestId: uuid_ebc0630f_1aaf_4998_974e_3aa0adee439e	 FilesCount: 1 files	 FilesSize: 413 bytes	 TransferDuration: 0 ms	 Provider: aws_ec2	 ProducedFiles: ['tree_ORTHOMCL836.nexus']
[INFO] 2025-04-24T19:15:58.447Z END RequestId: uuid_ebc0630f_1aaf_4998_974e_3aa0adee439e	 Activity: tree_constructor	 Provider: aws_ec2
[INFO] 2025-04-24T19:15:58.447Z REPORT RequestId: uuid_ebc0630f_1aaf_4998_974e_3aa0adee439e	 Duration: 149.4605140760541 ms	 Billed Duration: 150 ms	 Memory Size: MB	 Max Memory Used: MB	 Init Duration: ms	

[INFO] 2025-04-24T19:15:58.447Z START RequestId: uuid_b440a975_7873_4546_b593_9cdf34b70293	 Activity: tree_constructor	 Provider: aws_ec2
[INFO] 2025-04-24T19:15:58.447Z FILE_TRANSFER RequestId: uuid_b440a975_7873_4546_b593_9cdf34b70293	 TransferType: consumed	 Action: download_from_s3	 FileName: ORTHOMCL866	 Bucket: denethor	 FilePath: data/full_dataset/ORTHOMCL866	 FilePathLocal: resources/data/full_dataset	 FileSize: 3614 bytes	 TransferDuration: 0 ms
[INFO] 2025-04-24T19:15:58.447Z CONSUMED_FILES_INFO RequestId: uuid_b440a975_7873_4546_b593_9cdf34b70293	 FilesCount: 1 files	 FilesSize: 3614 bytes	 TransferDuration: 0 ms	 ConsumedFiles: ['ORTHOMCL866']
[INFO] 2025-04-24T19:15:58.487Z TREE_CONSTRUCTOR RequestId: uuid_b440a975_7873_4546_b593_9cdf34b70293	 Duration: 40.369395865127444 ms	 InputFile:ORTHOMCL866	 OutputFile:['tree_ORTHOMCL866.nexus']
[INFO] 2025-04-24T19:15:58.588Z FILE_TRANSFER RequestId: uuid_b440a975_7873_4546_b593_9cdf34b70293	 TransferType: produced	 Action: upload_to_s3	 FileName: tree_ORTHOMCL866.nexus	 Bucket: denethor	 FilePath: tree/tree_ORTHOMCL866.nexus	 FilePathLocal: .tmp/tree/tree_ORTHOMCL866.nexus	 FileSize: 403 bytes	 TransferDuration: 0 ms
[INFO] 2025-04-24T19:15:58.588Z PRODUCED_FILES_INFO RequestId: uuid_b440a975_7873_4546_b593_9cdf34b70293	 FilesCount: 1 files	 FilesSize: 403 bytes	 TransferDuration: 0 ms	 Provider: aws_ec2	 ProducedFiles: ['tree_ORTHOMCL866.nexus']
[INFO] 2025-04-24T19:15:58.588Z END RequestId: uuid_b440a975_7873_4546_b593_9cdf34b70293	 Activity: tree_constructor	 Provider: aws_ec2
[INFO] 2025-04-24T19:15:58.588Z REPORT RequestId: uuid_b440a975_7873_4546_b593_9cdf34b70293	 Duration: 141.0223578568548 ms	 Billed Duration: 142 ms	 Memory Size: MB	 Max Memory Used: MB	 Init Duration: ms	

[INFO] 2025-04-24T19:15:58.588Z START RequestId: uuid_abbc073e_b16f_48f1_b1ce_53212db79a86	 Activity: tree_constructor	 Provider: aws_ec2
[INFO] 2025-04-24T19:15:58.588Z FILE_TRANSFER RequestId: uuid_abbc073e_b16f_48f1_b1ce_53212db79a86	 TransferType: consumed	 Action: download_from_s3	 FileName: ORTHOMCL877	 Bucket: denethor	 FilePath: data/full_dataset/ORTHOMCL877	 FilePathLocal: resources/data/full_dataset	 FileSize: 4044 bytes	 TransferDuration: 0 ms
[INFO] 2025-04-24T19:15:58.588Z CONSUMED_FILES_INFO RequestId: uuid_abbc073e_b16f_48f1_b1ce_53212db79a86	 FilesCount: 1 files	 FilesSize: 4044 bytes	 TransferDuration: 0 ms	 ConsumedFiles: ['ORTHOMCL877']
[INFO] 2025-04-24T19:15:58.636Z TREE_CONSTRUCTOR RequestId: uuid_abbc073e_b16f_48f1_b1ce_53212db79a86	 Duration: 47.68514004535973 ms	 InputFile:ORTHOMCL877	 OutputFile:['tree_ORTHOMCL877.nexus']
[INFO] 2025-04-24T19:15:58.736Z FILE_TRANSFER RequestId: uuid_abbc073e_b16f_48f1_b1ce_53212db79a86	 TransferType: produced	 Action: upload_to_s3	 FileName: tree_ORTHOMCL877.nexus	 Bucket: denethor	 FilePath: tree/tree_ORTHOMCL877.nexus	 FilePathLocal: .tmp/tree/tree_ORTHOMCL877.nexus	 FileSize: 405 bytes	 TransferDuration: 0 ms
[INFO] 2025-04-24T19:15:58.736Z PRODUCED_FILES_INFO RequestId: uuid_abbc073e_b16f_48f1_b1ce_53212db79a86	 FilesCount: 1 files	 FilesSize: 405 bytes	 TransferDuration: 0 ms	 Provider: aws_ec2	 ProducedFiles: ['tree_ORTHOMCL877.nexus']
[INFO] 2025-04-24T19:15:58.736Z END RequestId: uuid_abbc073e_b16f_48f1_b1ce_53212db79a86	 Activity: tree_constructor	 Provider: aws_ec2
[INFO] 2025-04-24T19:15:58.736Z REPORT RequestId: uuid_abbc073e_b16f_48f1_b1ce_53212db79a86	 Duration: 148.24415394105017 ms	 Billed Duration: 149 ms	 Memory Size: MB	 Max Memory Used: MB	 Init Duration: ms	

[INFO] 2025-04-24T19:15:58.736Z START RequestId: uuid_af615a8d_0809_4fda_880e_7a5175da4c67	 Activity: tree_constructor	 Provider: aws_ec2
[INFO] 2025-04-24T19:15:58.736Z FILE_TRANSFER RequestId: uuid_af615a8d_0809_4fda_880e_7a5175da4c67	 TransferType: consumed	 Action: download_from_s3	 FileName: ORTHOMCL878	 Bucket: denethor	 FilePath: data/full_dataset/ORTHOMCL878	 FilePathLocal: resources/data/full_dataset	 FileSize: 4866 bytes	 TransferDuration: 0 ms
[INFO] 2025-04-24T19:15:58.736Z CONSUMED_FILES_INFO RequestId: uuid_af615a8d_0809_4fda_880e_7a5175da4c67	 FilesCount: 1 files	 FilesSize: 4866 bytes	 TransferDuration: 0 ms	 ConsumedFiles: ['ORTHOMCL878']
[INFO] 2025-04-24T19:15:58.784Z TREE_CONSTRUCTOR RequestId: uuid_af615a8d_0809_4fda_880e_7a5175da4c67	 Duration: 47.762132016941905 ms	 InputFile:ORTHOMCL878	 OutputFile:['tree_ORTHOMCL878.nexus']
[INFO] 2025-04-24T19:15:58.884Z FILE_TRANSFER RequestId: uuid_af615a8d_0809_4fda_880e_7a5175da4c67	 TransferType: produced	 Action: upload_to_s3	 FileName: tree_ORTHOMCL878.nexus	 Bucket: denethor	 FilePath: tree/tree_ORTHOMCL878.nexus	 FilePathLocal: .tmp/tree/tree_ORTHOMCL878.nexus	 FileSize: 397 bytes	 TransferDuration: 0 ms
[INFO] 2025-04-24T19:15:58.885Z PRODUCED_FILES_INFO RequestId: uuid_af615a8d_0809_4fda_880e_7a5175da4c67	 FilesCount: 1 files	 FilesSize: 397 bytes	 TransferDuration: 0 ms	 Provider: aws_ec2	 ProducedFiles: ['tree_ORTHOMCL878.nexus']
[INFO] 2025-04-24T19:15:58.885Z END RequestId: uuid_af615a8d_0809_4fda_880e_7a5175da4c67	 Activity: tree_constructor	 Provider: aws_ec2
[INFO] 2025-04-24T19:15:58.885Z REPORT RequestId: uuid_af615a8d_0809_4fda_880e_7a5175da4c67	 Duration: 148.2933189254254 ms	 Billed Duration: 149 ms	 Memory Size: MB	 Max Memory Used: MB	 Init Duration: ms	

[INFO] 2025-04-24T19:15:58.885Z START RequestId: uuid_e9c2a2d6_4225_419e_a671_5a651873af9e	 Activity: tree_constructor	 Provider: aws_ec2
[INFO] 2025-04-24T19:15:58.885Z FILE_TRANSFER RequestId: uuid_e9c2a2d6_4225_419e_a671_5a651873af9e	 TransferType: consumed	 Action: download_from_s3	 FileName: ORTHOMCL942	 Bucket: denethor	 FilePath: data/full_dataset/ORTHOMCL942	 FilePathLocal: resources/data/full_dataset	 FileSize: 5057 bytes	 TransferDuration: 0 ms
[INFO] 2025-04-24T19:15:58.885Z CONSUMED_FILES_INFO RequestId: uuid_e9c2a2d6_4225_419e_a671_5a651873af9e	 FilesCount: 1 files	 FilesSize: 5057 bytes	 TransferDuration: 0 ms	 ConsumedFiles: ['ORTHOMCL942']
[INFO] 2025-04-24T19:15:58.991Z TREE_CONSTRUCTOR RequestId: uuid_e9c2a2d6_4225_419e_a671_5a651873af9e	 Duration: 106.396968010813 ms	 InputFile:ORTHOMCL942	 OutputFile:['tree_ORTHOMCL942.nexus']
[INFO] 2025-04-24T19:15:59.092Z FILE_TRANSFER RequestId: uuid_e9c2a2d6_4225_419e_a671_5a651873af9e	 TransferType: produced	 Action: upload_to_s3	 FileName: tree_ORTHOMCL942.nexus	 Bucket: denethor	 FilePath: tree/tree_ORTHOMCL942.nexus	 FilePathLocal: .tmp/tree/tree_ORTHOMCL942.nexus	 FileSize: 405 bytes	 TransferDuration: 0 ms
[INFO] 2025-04-24T19:15:59.092Z PRODUCED_FILES_INFO RequestId: uuid_e9c2a2d6_4225_419e_a671_5a651873af9e	 FilesCount: 1 files	 FilesSize: 405 bytes	 TransferDuration: 0 ms	 Provider: aws_ec2	 ProducedFiles: ['tree_ORTHOMCL942.nexus']
[INFO] 2025-04-24T19:15:59.092Z END RequestId: uuid_e9c2a2d6_4225_419e_a671_5a651873af9e	 Activity: tree_constructor	 Provider: aws_ec2
[INFO] 2025-04-24T19:15:59.092Z REPORT RequestId: uuid_e9c2a2d6_4225_419e_a671_5a651873af9e	 Duration: 206.96815312840044 ms	 Billed Duration: 207 ms	 Memory Size: MB	 Max Memory Used: MB	 Init Duration: ms	

[INFO] 2025-04-24T19:15:59.092Z START RequestId: uuid_d537edcf_7046_47db_912f_0bd62fd47945	 Activity: tree_constructor	 Provider: aws_ec2
[INFO] 2025-04-24T19:15:59.092Z FILE_TRANSFER RequestId: uuid_d537edcf_7046_47db_912f_0bd62fd47945	 TransferType: consumed	 Action: download_from_s3	 FileName: ORTHOMCL948	 Bucket: denethor	 FilePath: data/full_dataset/ORTHOMCL948	 FilePathLocal: resources/data/full_dataset	 FileSize: 2964 bytes	 TransferDuration: 0 ms
[INFO] 2025-04-24T19:15:59.092Z CONSUMED_FILES_INFO RequestId: uuid_d537edcf_7046_47db_912f_0bd62fd47945	 FilesCount: 1 files	 FilesSize: 2964 bytes	 TransferDuration: 0 ms	 ConsumedFiles: ['ORTHOMCL948']
[INFO] 2025-04-24T19:15:59.131Z TREE_CONSTRUCTOR RequestId: uuid_d537edcf_7046_47db_912f_0bd62fd47945	 Duration: 39.405099116265774 ms	 InputFile:ORTHOMCL948	 OutputFile:['tree_ORTHOMCL948.nexus']
[INFO] 2025-04-24T19:15:59.232Z FILE_TRANSFER RequestId: uuid_d537edcf_7046_47db_912f_0bd62fd47945	 TransferType: produced	 Action: upload_to_s3	 FileName: tree_ORTHOMCL948.nexus	 Bucket: denethor	 FilePath: tree/tree_ORTHOMCL948.nexus	 FilePathLocal: .tmp/tree/tree_ORTHOMCL948.nexus	 FileSize: 397 bytes	 TransferDuration: 0 ms
[INFO] 2025-04-24T19:15:59.232Z PRODUCED_FILES_INFO RequestId: uuid_d537edcf_7046_47db_912f_0bd62fd47945	 FilesCount: 1 files	 FilesSize: 397 bytes	 TransferDuration: 0 ms	 Provider: aws_ec2	 ProducedFiles: ['tree_ORTHOMCL948.nexus']
[INFO] 2025-04-24T19:15:59.232Z END RequestId: uuid_d537edcf_7046_47db_912f_0bd62fd47945	 Activity: tree_constructor	 Provider: aws_ec2
[INFO] 2025-04-24T19:15:59.232Z REPORT RequestId: uuid_d537edcf_7046_47db_912f_0bd62fd47945	 Duration: 139.92137601599097 ms	 Billed Duration: 140 ms	 Memory Size: MB	 Max Memory Used: MB	 Init Duration: ms	

[INFO] 2025-04-24T19:15:59.232Z START RequestId: uuid_32ddd6d5_49f6_4b89_8408_5ab329b7228d	 Activity: tree_constructor	 Provider: aws_ec2
[INFO] 2025-04-24T19:15:59.232Z FILE_TRANSFER RequestId: uuid_32ddd6d5_49f6_4b89_8408_5ab329b7228d	 TransferType: consumed	 Action: download_from_s3	 FileName: ORTHOMCL989	 Bucket: denethor	 FilePath: data/full_dataset/ORTHOMCL989	 FilePathLocal: resources/data/full_dataset	 FileSize: 3884 bytes	 TransferDuration: 0 ms
[INFO] 2025-04-24T19:15:59.232Z CONSUMED_FILES_INFO RequestId: uuid_32ddd6d5_49f6_4b89_8408_5ab329b7228d	 FilesCount: 1 files	 FilesSize: 3884 bytes	 TransferDuration: 0 ms	 ConsumedFiles: ['ORTHOMCL989']
[INFO] 2025-04-24T19:15:59.276Z TREE_CONSTRUCTOR RequestId: uuid_32ddd6d5_49f6_4b89_8408_5ab329b7228d	 Duration: 44.34991115704179 ms	 InputFile:ORTHOMCL989	 OutputFile:['tree_ORTHOMCL989.nexus']
[INFO] 2025-04-24T19:15:59.377Z FILE_TRANSFER RequestId: uuid_32ddd6d5_49f6_4b89_8408_5ab329b7228d	 TransferType: produced	 Action: upload_to_s3	 FileName: tree_ORTHOMCL989.nexus	 Bucket: denethor	 FilePath: tree/tree_ORTHOMCL989.nexus	 FilePathLocal: .tmp/tree/tree_ORTHOMCL989.nexus	 FileSize: 407 bytes	 TransferDuration: 0 ms
[INFO] 2025-04-24T19:15:59.377Z PRODUCED_FILES_INFO RequestId: uuid_32ddd6d5_49f6_4b89_8408_5ab329b7228d	 FilesCount: 1 files	 FilesSize: 407 bytes	 TransferDuration: 0 ms	 Provider: aws_ec2	 ProducedFiles: ['tree_ORTHOMCL989.nexus']
[INFO] 2025-04-24T19:15:59.377Z END RequestId: uuid_32ddd6d5_49f6_4b89_8408_5ab329b7228d	 Activity: tree_constructor	 Provider: aws_ec2
[INFO] 2025-04-24T19:15:59.377Z REPORT RequestId: uuid_32ddd6d5_49f6_4b89_8408_5ab329b7228d	 Duration: 145.0077728368342 ms	 Billed Duration: 146 ms	 Memory Size: MB	 Max Memory Used: MB	 Init Duration: ms	

[INFO] 2025-04-24T19:15:59.377Z START RequestId: uuid_87a87bff_893c_4720_ba0e_03e4b7e201fd	 Activity: tree_constructor	 Provider: aws_ec2
[INFO] 2025-04-24T19:15:59.377Z FILE_TRANSFER RequestId: uuid_87a87bff_893c_4720_ba0e_03e4b7e201fd	 TransferType: consumed	 Action: download_from_s3	 FileName: ORTHOMCL1002	 Bucket: denethor	 FilePath: data/full_dataset/ORTHOMCL1002	 FilePathLocal: resources/data/full_dataset	 FileSize: 5267 bytes	 TransferDuration: 0 ms
[INFO] 2025-04-24T19:15:59.377Z CONSUMED_FILES_INFO RequestId: uuid_87a87bff_893c_4720_ba0e_03e4b7e201fd	 FilesCount: 1 files	 FilesSize: 5267 bytes	 TransferDuration: 0 ms	 ConsumedFiles: ['ORTHOMCL1002']
[INFO] 2025-04-24T19:15:59.459Z TREE_CONSTRUCTOR RequestId: uuid_87a87bff_893c_4720_ba0e_03e4b7e201fd	 Duration: 82.15965400449932 ms	 InputFile:ORTHOMCL1002	 OutputFile:['tree_ORTHOMCL1002.nexus']
[INFO] 2025-04-24T19:15:59.560Z FILE_TRANSFER RequestId: uuid_87a87bff_893c_4720_ba0e_03e4b7e201fd	 TransferType: produced	 Action: upload_to_s3	 FileName: tree_ORTHOMCL1002.nexus	 Bucket: denethor	 FilePath: tree/tree_ORTHOMCL1002.nexus	 FilePathLocal: .tmp/tree/tree_ORTHOMCL1002.nexus	 FileSize: 405 bytes	 TransferDuration: 0 ms
[INFO] 2025-04-24T19:15:59.560Z PRODUCED_FILES_INFO RequestId: uuid_87a87bff_893c_4720_ba0e_03e4b7e201fd	 FilesCount: 1 files	 FilesSize: 405 bytes	 TransferDuration: 0 ms	 Provider: aws_ec2	 ProducedFiles: ['tree_ORTHOMCL1002.nexus']
[INFO] 2025-04-24T19:15:59.560Z END RequestId: uuid_87a87bff_893c_4720_ba0e_03e4b7e201fd	 Activity: tree_constructor	 Provider: aws_ec2
[INFO] 2025-04-24T19:15:59.560Z REPORT RequestId: uuid_87a87bff_893c_4720_ba0e_03e4b7e201fd	 Duration: 182.70948017016053 ms	 Billed Duration: 183 ms	 Memory Size: MB	 Max Memory Used: MB	 Init Duration: ms	

[INFO] 2025-04-24T19:15:59.560Z START RequestId: uuid_01d69d32_3dd9_4dbb_a779_afad16216504	 Activity: tree_constructor	 Provider: aws_ec2
[INFO] 2025-04-24T19:15:59.560Z FILE_TRANSFER RequestId: uuid_01d69d32_3dd9_4dbb_a779_afad16216504	 TransferType: consumed	 Action: download_from_s3	 FileName: ORTHOMCL1043	 Bucket: denethor	 FilePath: data/full_dataset/ORTHOMCL1043	 FilePathLocal: resources/data/full_dataset	 FileSize: 3988 bytes	 TransferDuration: 0 ms
[INFO] 2025-04-24T19:15:59.560Z CONSUMED_FILES_INFO RequestId: uuid_01d69d32_3dd9_4dbb_a779_afad16216504	 FilesCount: 1 files	 FilesSize: 3988 bytes	 TransferDuration: 0 ms	 ConsumedFiles: ['ORTHOMCL1043']
[INFO] 2025-04-24T19:15:59.625Z TREE_CONSTRUCTOR RequestId: uuid_01d69d32_3dd9_4dbb_a779_afad16216504	 Duration: 64.8873639293015 ms	 InputFile:ORTHOMCL1043	 OutputFile:['tree_ORTHOMCL1043.nexus']
[INFO] 2025-04-24T19:15:59.725Z FILE_TRANSFER RequestId: uuid_01d69d32_3dd9_4dbb_a779_afad16216504	 TransferType: produced	 Action: upload_to_s3	 FileName: tree_ORTHOMCL1043.nexus	 Bucket: denethor	 FilePath: tree/tree_ORTHOMCL1043.nexus	 FilePathLocal: .tmp/tree/tree_ORTHOMCL1043.nexus	 FileSize: 399 bytes	 TransferDuration: 0 ms
[INFO] 2025-04-24T19:15:59.725Z PRODUCED_FILES_INFO RequestId: uuid_01d69d32_3dd9_4dbb_a779_afad16216504	 FilesCount: 1 files	 FilesSize: 399 bytes	 TransferDuration: 0 ms	 Provider: aws_ec2	 ProducedFiles: ['tree_ORTHOMCL1043.nexus']
[INFO] 2025-04-24T19:15:59.725Z END RequestId: uuid_01d69d32_3dd9_4dbb_a779_afad16216504	 Activity: tree_constructor	 Provider: aws_ec2
[INFO] 2025-04-24T19:15:59.725Z REPORT RequestId: uuid_01d69d32_3dd9_4dbb_a779_afad16216504	 Duration: 165.4332159087062 ms	 Billed Duration: 166 ms	 Memory Size: MB	 Max Memory Used: MB	 Init Duration: ms	

[INFO] 2025-04-24T19:15:59.725Z START RequestId: uuid_6c5242ab_62cc_4669_a44d_f0ecbaf09a0a	 Activity: tree_constructor	 Provider: aws_ec2
[INFO] 2025-04-24T19:15:59.725Z FILE_TRANSFER RequestId: uuid_6c5242ab_62cc_4669_a44d_f0ecbaf09a0a	 TransferType: consumed	 Action: download_from_s3	 FileName: ORTHOMCL1127	 Bucket: denethor	 FilePath: data/full_dataset/ORTHOMCL1127	 FilePathLocal: resources/data/full_dataset	 FileSize: 4180 bytes	 TransferDuration: 0 ms
[INFO] 2025-04-24T19:15:59.725Z CONSUMED_FILES_INFO RequestId: uuid_6c5242ab_62cc_4669_a44d_f0ecbaf09a0a	 FilesCount: 1 files	 FilesSize: 4180 bytes	 TransferDuration: 0 ms	 ConsumedFiles: ['ORTHOMCL1127']
[INFO] 2025-04-24T19:15:59.790Z TREE_CONSTRUCTOR RequestId: uuid_6c5242ab_62cc_4669_a44d_f0ecbaf09a0a	 Duration: 64.51974716037512 ms	 InputFile:ORTHOMCL1127	 OutputFile:['tree_ORTHOMCL1127.nexus']
[INFO] 2025-04-24T19:15:59.891Z FILE_TRANSFER RequestId: uuid_6c5242ab_62cc_4669_a44d_f0ecbaf09a0a	 TransferType: produced	 Action: upload_to_s3	 FileName: tree_ORTHOMCL1127.nexus	 Bucket: denethor	 FilePath: tree/tree_ORTHOMCL1127.nexus	 FilePathLocal: .tmp/tree/tree_ORTHOMCL1127.nexus	 FileSize: 405 bytes	 TransferDuration: 0 ms
[INFO] 2025-04-24T19:15:59.891Z PRODUCED_FILES_INFO RequestId: uuid_6c5242ab_62cc_4669_a44d_f0ecbaf09a0a	 FilesCount: 1 files	 FilesSize: 405 bytes	 TransferDuration: 0 ms	 Provider: aws_ec2	 ProducedFiles: ['tree_ORTHOMCL1127.nexus']
[INFO] 2025-04-24T19:15:59.891Z END RequestId: uuid_6c5242ab_62cc_4669_a44d_f0ecbaf09a0a	 Activity: tree_constructor	 Provider: aws_ec2
[INFO] 2025-04-24T19:15:59.891Z REPORT RequestId: uuid_6c5242ab_62cc_4669_a44d_f0ecbaf09a0a	 Duration: 165.3307208325714 ms	 Billed Duration: 166 ms	 Memory Size: MB	 Max Memory Used: MB	 Init Duration: ms	

[INFO] 2025-04-24T19:15:59.891Z START RequestId: uuid_dda79e69_da8a_4b3c_8bc9_cec4af2ef740	 Activity: tree_constructor	 Provider: aws_ec2
[INFO] 2025-04-24T19:15:59.891Z FILE_TRANSFER RequestId: uuid_dda79e69_da8a_4b3c_8bc9_cec4af2ef740	 TransferType: consumed	 Action: download_from_s3	 FileName: ORTHOMCL1129	 Bucket: denethor	 FilePath: data/full_dataset/ORTHOMCL1129	 FilePathLocal: resources/data/full_dataset	 FileSize: 3261 bytes	 TransferDuration: 0 ms
[INFO] 2025-04-24T19:15:59.891Z CONSUMED_FILES_INFO RequestId: uuid_dda79e69_da8a_4b3c_8bc9_cec4af2ef740	 FilesCount: 1 files	 FilesSize: 3261 bytes	 TransferDuration: 0 ms	 ConsumedFiles: ['ORTHOMCL1129']
[INFO] 2025-04-24T19:15:59.909Z TREE_CONSTRUCTOR RequestId: uuid_dda79e69_da8a_4b3c_8bc9_cec4af2ef740	 Duration: 17.887648893520236 ms	 InputFile:ORTHOMCL1129	 OutputFile:['tree_ORTHOMCL1129.nexus']
[INFO] 2025-04-24T19:16:00.009Z FILE_TRANSFER RequestId: uuid_dda79e69_da8a_4b3c_8bc9_cec4af2ef740	 TransferType: produced	 Action: upload_to_s3	 FileName: tree_ORTHOMCL1129.nexus	 Bucket: denethor	 FilePath: tree/tree_ORTHOMCL1129.nexus	 FilePathLocal: .tmp/tree/tree_ORTHOMCL1129.nexus	 FileSize: 407 bytes	 TransferDuration: 0 ms
[INFO] 2025-04-24T19:16:00.009Z PRODUCED_FILES_INFO RequestId: uuid_dda79e69_da8a_4b3c_8bc9_cec4af2ef740	 FilesCount: 1 files	 FilesSize: 407 bytes	 TransferDuration: 0 ms	 Provider: aws_ec2	 ProducedFiles: ['tree_ORTHOMCL1129.nexus']
[INFO] 2025-04-24T19:16:00.009Z END RequestId: uuid_dda79e69_da8a_4b3c_8bc9_cec4af2ef740	 Activity: tree_constructor	 Provider: aws_ec2
[INFO] 2025-04-24T19:16:00.009Z REPORT RequestId: uuid_dda79e69_da8a_4b3c_8bc9_cec4af2ef740	 Duration: 118.43196698464453 ms	 Billed Duration: 119 ms	 Memory Size: MB	 Max Memory Used: MB	 Init Duration: ms	

[INFO] 2025-04-24T19:16:00.009Z START RequestId: uuid_9e37ebb2_a0d4_406b_acd8_b3b272662658	 Activity: tree_constructor	 Provider: aws_ec2
[INFO] 2025-04-24T19:16:00.009Z FILE_TRANSFER RequestId: uuid_9e37ebb2_a0d4_406b_acd8_b3b272662658	 TransferType: consumed	 Action: download_from_s3	 FileName: ORTHOMCL1166	 Bucket: denethor	 FilePath: data/full_dataset/ORTHOMCL1166	 FilePathLocal: resources/data/full_dataset	 FileSize: 2856 bytes	 TransferDuration: 0 ms
[INFO] 2025-04-24T19:16:00.009Z CONSUMED_FILES_INFO RequestId: uuid_9e37ebb2_a0d4_406b_acd8_b3b272662658	 FilesCount: 1 files	 FilesSize: 2856 bytes	 TransferDuration: 0 ms	 ConsumedFiles: ['ORTHOMCL1166']
[INFO] 2025-04-24T19:16:00.042Z TREE_CONSTRUCTOR RequestId: uuid_9e37ebb2_a0d4_406b_acd8_b3b272662658	 Duration: 32.620743149891496 ms	 InputFile:ORTHOMCL1166	 OutputFile:['tree_ORTHOMCL1166.nexus']
[INFO] 2025-04-24T19:16:00.142Z FILE_TRANSFER RequestId: uuid_9e37ebb2_a0d4_406b_acd8_b3b272662658	 TransferType: produced	 Action: upload_to_s3	 FileName: tree_ORTHOMCL1166.nexus	 Bucket: denethor	 FilePath: tree/tree_ORTHOMCL1166.nexus	 FilePathLocal: .tmp/tree/tree_ORTHOMCL1166.nexus	 FileSize: 399 bytes	 TransferDuration: 0 ms
[INFO] 2025-04-24T19:16:00.142Z PRODUCED_FILES_INFO RequestId: uuid_9e37ebb2_a0d4_406b_acd8_b3b272662658	 FilesCount: 1 files	 FilesSize: 399 bytes	 TransferDuration: 0 ms	 Provider: aws_ec2	 ProducedFiles: ['tree_ORTHOMCL1166.nexus']
[INFO] 2025-04-24T19:16:00.143Z END RequestId: uuid_9e37ebb2_a0d4_406b_acd8_b3b272662658	 Activity: tree_constructor	 Provider: aws_ec2
[INFO] 2025-04-24T19:16:00.143Z REPORT RequestId: uuid_9e37ebb2_a0d4_406b_acd8_b3b272662658	 Duration: 133.1879789941013 ms	 Billed Duration: 134 ms	 Memory Size: MB	 Max Memory Used: MB	 Init Duration: ms	

[INFO] 2025-04-24T19:16:00.143Z START RequestId: uuid_01e9b3b3_8ce0_4288_9747_042f10507fe0	 Activity: tree_constructor	 Provider: aws_ec2
[INFO] 2025-04-24T19:16:00.143Z FILE_TRANSFER RequestId: uuid_01e9b3b3_8ce0_4288_9747_042f10507fe0	 TransferType: consumed	 Action: download_from_s3	 FileName: ORTHOMCL1311	 Bucket: denethor	 FilePath: data/full_dataset/ORTHOMCL1311	 FilePathLocal: resources/data/full_dataset	 FileSize: 5806 bytes	 TransferDuration: 0 ms
[INFO] 2025-04-24T19:16:00.143Z CONSUMED_FILES_INFO RequestId: uuid_01e9b3b3_8ce0_4288_9747_042f10507fe0	 FilesCount: 1 files	 FilesSize: 5806 bytes	 TransferDuration: 0 ms	 ConsumedFiles: ['ORTHOMCL1311']
[INFO] 2025-04-24T19:16:00.228Z TREE_CONSTRUCTOR RequestId: uuid_01e9b3b3_8ce0_4288_9747_042f10507fe0	 Duration: 84.58622707985342 ms	 InputFile:ORTHOMCL1311	 OutputFile:['tree_ORTHOMCL1311.nexus']
[INFO] 2025-04-24T19:16:00.328Z FILE_TRANSFER RequestId: uuid_01e9b3b3_8ce0_4288_9747_042f10507fe0	 TransferType: produced	 Action: upload_to_s3	 FileName: tree_ORTHOMCL1311.nexus	 Bucket: denethor	 FilePath: tree/tree_ORTHOMCL1311.nexus	 FilePathLocal: .tmp/tree/tree_ORTHOMCL1311.nexus	 FileSize: 357 bytes	 TransferDuration: 0 ms
[INFO] 2025-04-24T19:16:00.328Z PRODUCED_FILES_INFO RequestId: uuid_01e9b3b3_8ce0_4288_9747_042f10507fe0	 FilesCount: 1 files	 FilesSize: 357 bytes	 TransferDuration: 0 ms	 Provider: aws_ec2	 ProducedFiles: ['tree_ORTHOMCL1311.nexus']
[INFO] 2025-04-24T19:16:00.328Z END RequestId: uuid_01e9b3b3_8ce0_4288_9747_042f10507fe0	 Activity: tree_constructor	 Provider: aws_ec2
[INFO] 2025-04-24T19:16:00.328Z REPORT RequestId: uuid_01e9b3b3_8ce0_4288_9747_042f10507fe0	 Duration: 185.60345494188368 ms	 Billed Duration: 186 ms	 Memory Size: MB	 Max Memory Used: MB	 Init Duration: ms	

[INFO] 2025-04-24T19:16:00.328Z START RequestId: uuid_748bd083_dcf6_4973_b593_6f4622439c6f	 Activity: tree_constructor	 Provider: aws_ec2
[INFO] 2025-04-24T19:16:00.328Z FILE_TRANSFER RequestId: uuid_748bd083_dcf6_4973_b593_6f4622439c6f	 TransferType: consumed	 Action: download_from_s3	 FileName: ORTHOMCL1352	 Bucket: denethor	 FilePath: data/full_dataset/ORTHOMCL1352	 FilePathLocal: resources/data/full_dataset	 FileSize: 4898 bytes	 TransferDuration: 0 ms
[INFO] 2025-04-24T19:16:00.328Z CONSUMED_FILES_INFO RequestId: uuid_748bd083_dcf6_4973_b593_6f4622439c6f	 FilesCount: 1 files	 FilesSize: 4898 bytes	 TransferDuration: 0 ms	 ConsumedFiles: ['ORTHOMCL1352']
[INFO] 2025-04-24T19:16:00.375Z TREE_CONSTRUCTOR RequestId: uuid_748bd083_dcf6_4973_b593_6f4622439c6f	 Duration: 46.147051034495234 ms	 InputFile:ORTHOMCL1352	 OutputFile:['tree_ORTHOMCL1352.nexus']
[INFO] 2025-04-24T19:16:00.475Z FILE_TRANSFER RequestId: uuid_748bd083_dcf6_4973_b593_6f4622439c6f	 TransferType: produced	 Action: upload_to_s3	 FileName: tree_ORTHOMCL1352.nexus	 Bucket: denethor	 FilePath: tree/tree_ORTHOMCL1352.nexus	 FilePathLocal: .tmp/tree/tree_ORTHOMCL1352.nexus	 FileSize: 349 bytes	 TransferDuration: 0 ms
[INFO] 2025-04-24T19:16:00.475Z PRODUCED_FILES_INFO RequestId: uuid_748bd083_dcf6_4973_b593_6f4622439c6f	 FilesCount: 1 files	 FilesSize: 349 bytes	 TransferDuration: 0 ms	 Provider: aws_ec2	 ProducedFiles: ['tree_ORTHOMCL1352.nexus']
[INFO] 2025-04-24T19:16:00.475Z END RequestId: uuid_748bd083_dcf6_4973_b593_6f4622439c6f	 Activity: tree_constructor	 Provider: aws_ec2
[INFO] 2025-04-24T19:16:00.475Z REPORT RequestId: uuid_748bd083_dcf6_4973_b593_6f4622439c6f	 Duration: 146.72640594653785 ms	 Billed Duration: 147 ms	 Memory Size: MB	 Max Memory Used: MB	 Init Duration: ms	

[INFO] 2025-04-24T19:16:00.475Z START RequestId: uuid_66180329_8949_4e94_9ef1_671d370e384b	 Activity: tree_constructor	 Provider: aws_ec2
[INFO] 2025-04-24T19:16:00.475Z FILE_TRANSFER RequestId: uuid_66180329_8949_4e94_9ef1_671d370e384b	 TransferType: consumed	 Action: download_from_s3	 FileName: ORTHOMCL1480	 Bucket: denethor	 FilePath: data/full_dataset/ORTHOMCL1480	 FilePathLocal: resources/data/full_dataset	 FileSize: 5780 bytes	 TransferDuration: 0 ms
[INFO] 2025-04-24T19:16:00.475Z CONSUMED_FILES_INFO RequestId: uuid_66180329_8949_4e94_9ef1_671d370e384b	 FilesCount: 1 files	 FilesSize: 5780 bytes	 TransferDuration: 0 ms	 ConsumedFiles: ['ORTHOMCL1480']
[INFO] 2025-04-24T19:16:00.572Z TREE_CONSTRUCTOR RequestId: uuid_66180329_8949_4e94_9ef1_671d370e384b	 Duration: 96.7890399042517 ms	 InputFile:ORTHOMCL1480	 OutputFile:['tree_ORTHOMCL1480.nexus']
[INFO] 2025-04-24T19:16:00.672Z FILE_TRANSFER RequestId: uuid_66180329_8949_4e94_9ef1_671d370e384b	 TransferType: produced	 Action: upload_to_s3	 FileName: tree_ORTHOMCL1480.nexus	 Bucket: denethor	 FilePath: tree/tree_ORTHOMCL1480.nexus	 FilePathLocal: .tmp/tree/tree_ORTHOMCL1480.nexus	 FileSize: 347 bytes	 TransferDuration: 0 ms
[INFO] 2025-04-24T19:16:00.673Z PRODUCED_FILES_INFO RequestId: uuid_66180329_8949_4e94_9ef1_671d370e384b	 FilesCount: 1 files	 FilesSize: 347 bytes	 TransferDuration: 0 ms	 Provider: aws_ec2	 ProducedFiles: ['tree_ORTHOMCL1480.nexus']
[INFO] 2025-04-24T19:16:00.673Z END RequestId: uuid_66180329_8949_4e94_9ef1_671d370e384b	 Activity: tree_constructor	 Provider: aws_ec2
[INFO] 2025-04-24T19:16:00.673Z REPORT RequestId: uuid_66180329_8949_4e94_9ef1_671d370e384b	 Duration: 197.33794988133013 ms	 Billed Duration: 198 ms	 Memory Size: MB	 Max Memory Used: MB	 Init Duration: ms	

[INFO] 2025-04-24T19:16:00.673Z START RequestId: uuid_25f9d882_6054_4453_8bef_93051ad8de99	 Activity: tree_constructor	 Provider: aws_ec2
[INFO] 2025-04-24T19:16:00.673Z FILE_TRANSFER RequestId: uuid_25f9d882_6054_4453_8bef_93051ad8de99	 TransferType: consumed	 Action: download_from_s3	 FileName: ORTHOMCL1677	 Bucket: denethor	 FilePath: data/full_dataset/ORTHOMCL1677	 FilePathLocal: resources/data/full_dataset	 FileSize: 2954 bytes	 TransferDuration: 0 ms
[INFO] 2025-04-24T19:16:00.673Z CONSUMED_FILES_INFO RequestId: uuid_25f9d882_6054_4453_8bef_93051ad8de99	 FilesCount: 1 files	 FilesSize: 2954 bytes	 TransferDuration: 0 ms	 ConsumedFiles: ['ORTHOMCL1677']
[INFO] 2025-04-24T19:16:00.690Z TREE_CONSTRUCTOR RequestId: uuid_25f9d882_6054_4453_8bef_93051ad8de99	 Duration: 17.60206907056272 ms	 InputFile:ORTHOMCL1677	 OutputFile:['tree_ORTHOMCL1677.nexus']
[INFO] 2025-04-24T19:16:00.791Z FILE_TRANSFER RequestId: uuid_25f9d882_6054_4453_8bef_93051ad8de99	 TransferType: produced	 Action: upload_to_s3	 FileName: tree_ORTHOMCL1677.nexus	 Bucket: denethor	 FilePath: tree/tree_ORTHOMCL1677.nexus	 FilePathLocal: .tmp/tree/tree_ORTHOMCL1677.nexus	 FileSize: 355 bytes	 TransferDuration: 0 ms
[INFO] 2025-04-24T19:16:00.791Z PRODUCED_FILES_INFO RequestId: uuid_25f9d882_6054_4453_8bef_93051ad8de99	 FilesCount: 1 files	 FilesSize: 355 bytes	 TransferDuration: 0 ms	 Provider: aws_ec2	 ProducedFiles: ['tree_ORTHOMCL1677.nexus']
[INFO] 2025-04-24T19:16:00.791Z END RequestId: uuid_25f9d882_6054_4453_8bef_93051ad8de99	 Activity: tree_constructor	 Provider: aws_ec2
[INFO] 2025-04-24T19:16:00.791Z REPORT RequestId: uuid_25f9d882_6054_4453_8bef_93051ad8de99	 Duration: 118.09830088168383 ms	 Billed Duration: 119 ms	 Memory Size: MB	 Max Memory Used: MB	 Init Duration: ms	

[INFO] 2025-04-24T19:16:00.791Z START RequestId: uuid_04a2e0b7_4089_409a_bca2_f82e550b8277	 Activity: tree_constructor	 Provider: aws_ec2
[INFO] 2025-04-24T19:16:00.791Z FILE_TRANSFER RequestId: uuid_04a2e0b7_4089_409a_bca2_f82e550b8277	 TransferType: consumed	 Action: download_from_s3	 FileName: ORTHOMCL1686	 Bucket: denethor	 FilePath: data/full_dataset/ORTHOMCL1686	 FilePathLocal: resources/data/full_dataset	 FileSize: 6046 bytes	 TransferDuration: 0 ms
[INFO] 2025-04-24T19:16:00.791Z CONSUMED_FILES_INFO RequestId: uuid_04a2e0b7_4089_409a_bca2_f82e550b8277	 FilesCount: 1 files	 FilesSize: 6046 bytes	 TransferDuration: 0 ms	 ConsumedFiles: ['ORTHOMCL1686']
[INFO] 2025-04-24T19:16:00.902Z TREE_CONSTRUCTOR RequestId: uuid_04a2e0b7_4089_409a_bca2_f82e550b8277	 Duration: 111.27297207713127 ms	 InputFile:ORTHOMCL1686	 OutputFile:['tree_ORTHOMCL1686.nexus']
[INFO] 2025-04-24T19:16:01.003Z FILE_TRANSFER RequestId: uuid_04a2e0b7_4089_409a_bca2_f82e550b8277	 TransferType: produced	 Action: upload_to_s3	 FileName: tree_ORTHOMCL1686.nexus	 Bucket: denethor	 FilePath: tree/tree_ORTHOMCL1686.nexus	 FilePathLocal: .tmp/tree/tree_ORTHOMCL1686.nexus	 FileSize: 347 bytes	 TransferDuration: 0 ms
[INFO] 2025-04-24T19:16:01.003Z PRODUCED_FILES_INFO RequestId: uuid_04a2e0b7_4089_409a_bca2_f82e550b8277	 FilesCount: 1 files	 FilesSize: 347 bytes	 TransferDuration: 0 ms	 Provider: aws_ec2	 ProducedFiles: ['tree_ORTHOMCL1686.nexus']
[INFO] 2025-04-24T19:16:01.003Z END RequestId: uuid_04a2e0b7_4089_409a_bca2_f82e550b8277	 Activity: tree_constructor	 Provider: aws_ec2
[INFO] 2025-04-24T19:16:01.003Z REPORT RequestId: uuid_04a2e0b7_4089_409a_bca2_f82e550b8277	 Duration: 211.79521596059203 ms	 Billed Duration: 212 ms	 Memory Size: MB	 Max Memory Used: MB	 Init Duration: ms	

[INFO] 2025-04-24T19:16:01.003Z START RequestId: uuid_41c3be79_0c80_4741_9eda_f9adc77d285c	 Activity: tree_constructor	 Provider: aws_ec2
[INFO] 2025-04-24T19:16:01.003Z FILE_TRANSFER RequestId: uuid_41c3be79_0c80_4741_9eda_f9adc77d285c	 TransferType: consumed	 Action: download_from_s3	 FileName: ORTHOMCL1882	 Bucket: denethor	 FilePath: data/full_dataset/ORTHOMCL1882	 FilePathLocal: resources/data/full_dataset	 FileSize: 6086 bytes	 TransferDuration: 0 ms
[INFO] 2025-04-24T19:16:01.003Z CONSUMED_FILES_INFO RequestId: uuid_41c3be79_0c80_4741_9eda_f9adc77d285c	 FilesCount: 1 files	 FilesSize: 6086 bytes	 TransferDuration: 0 ms	 ConsumedFiles: ['ORTHOMCL1882']
[INFO] 2025-04-24T19:16:01.112Z TREE_CONSTRUCTOR RequestId: uuid_41c3be79_0c80_4741_9eda_f9adc77d285c	 Duration: 109.38479308970273 ms	 InputFile:ORTHOMCL1882	 OutputFile:['tree_ORTHOMCL1882.nexus']
[INFO] 2025-04-24T19:16:01.213Z FILE_TRANSFER RequestId: uuid_41c3be79_0c80_4741_9eda_f9adc77d285c	 TransferType: produced	 Action: upload_to_s3	 FileName: tree_ORTHOMCL1882.nexus	 Bucket: denethor	 FilePath: tree/tree_ORTHOMCL1882.nexus	 FilePathLocal: .tmp/tree/tree_ORTHOMCL1882.nexus	 FileSize: 349 bytes	 TransferDuration: 0 ms
[INFO] 2025-04-24T19:16:01.213Z PRODUCED_FILES_INFO RequestId: uuid_41c3be79_0c80_4741_9eda_f9adc77d285c	 FilesCount: 1 files	 FilesSize: 349 bytes	 TransferDuration: 0 ms	 Provider: aws_ec2	 ProducedFiles: ['tree_ORTHOMCL1882.nexus']
[INFO] 2025-04-24T19:16:01.213Z END RequestId: uuid_41c3be79_0c80_4741_9eda_f9adc77d285c	 Activity: tree_constructor	 Provider: aws_ec2
[INFO] 2025-04-24T19:16:01.213Z REPORT RequestId: uuid_41c3be79_0c80_4741_9eda_f9adc77d285c	 Duration: 209.93057498708367 ms	 Billed Duration: 210 ms	 Memory Size: MB	 Max Memory Used: MB	 Init Duration: ms	

[INFO] 2025-04-24T19:16:01.213Z START RequestId: uuid_36444e8a_be12_4991_bbf5_23d22d8f770a	 Activity: tree_constructor	 Provider: aws_ec2
[INFO] 2025-04-24T19:16:01.213Z FILE_TRANSFER RequestId: uuid_36444e8a_be12_4991_bbf5_23d22d8f770a	 TransferType: consumed	 Action: download_from_s3	 FileName: ORTHOMCL1915	 Bucket: denethor	 FilePath: data/full_dataset/ORTHOMCL1915	 FilePathLocal: resources/data/full_dataset	 FileSize: 2248 bytes	 TransferDuration: 0 ms
[INFO] 2025-04-24T19:16:01.213Z CONSUMED_FILES_INFO RequestId: uuid_36444e8a_be12_4991_bbf5_23d22d8f770a	 FilesCount: 1 files	 FilesSize: 2248 bytes	 TransferDuration: 0 ms	 ConsumedFiles: ['ORTHOMCL1915']
[INFO] 2025-04-24T19:16:01.222Z TREE_CONSTRUCTOR RequestId: uuid_36444e8a_be12_4991_bbf5_23d22d8f770a	 Duration: 8.688427042216063 ms	 InputFile:ORTHOMCL1915	 OutputFile:['tree_ORTHOMCL1915.nexus']
[INFO] 2025-04-24T19:16:01.322Z FILE_TRANSFER RequestId: uuid_36444e8a_be12_4991_bbf5_23d22d8f770a	 TransferType: produced	 Action: upload_to_s3	 FileName: tree_ORTHOMCL1915.nexus	 Bucket: denethor	 FilePath: tree/tree_ORTHOMCL1915.nexus	 FilePathLocal: .tmp/tree/tree_ORTHOMCL1915.nexus	 FileSize: 291 bytes	 TransferDuration: 0 ms
[INFO] 2025-04-24T19:16:01.322Z PRODUCED_FILES_INFO RequestId: uuid_36444e8a_be12_4991_bbf5_23d22d8f770a	 FilesCount: 1 files	 FilesSize: 291 bytes	 TransferDuration: 0 ms	 Provider: aws_ec2	 ProducedFiles: ['tree_ORTHOMCL1915.nexus']
[INFO] 2025-04-24T19:16:01.322Z END RequestId: uuid_36444e8a_be12_4991_bbf5_23d22d8f770a	 Activity: tree_constructor	 Provider: aws_ec2
[INFO] 2025-04-24T19:16:01.322Z REPORT RequestId: uuid_36444e8a_be12_4991_bbf5_23d22d8f770a	 Duration: 109.2399989720434 ms	 Billed Duration: 110 ms	 Memory Size: MB	 Max Memory Used: MB	 Init Duration: ms	

[INFO] 2025-04-24T19:16:01.322Z START RequestId: uuid_f5eaa00b_f772_4ef1_bea9_ce49ba205b35	 Activity: tree_constructor	 Provider: aws_ec2
[INFO] 2025-04-24T19:16:01.322Z FILE_TRANSFER RequestId: uuid_f5eaa00b_f772_4ef1_bea9_ce49ba205b35	 TransferType: consumed	 Action: download_from_s3	 FileName: ORTHOMCL1952	 Bucket: denethor	 FilePath: data/full_dataset/ORTHOMCL1952	 FilePathLocal: resources/data/full_dataset	 FileSize: 5136 bytes	 TransferDuration: 0 ms
[INFO] 2025-04-24T19:16:01.322Z CONSUMED_FILES_INFO RequestId: uuid_f5eaa00b_f772_4ef1_bea9_ce49ba205b35	 FilesCount: 1 files	 FilesSize: 5136 bytes	 TransferDuration: 0 ms	 ConsumedFiles: ['ORTHOMCL1952']
[INFO] 2025-04-24T19:16:01.371Z TREE_CONSTRUCTOR RequestId: uuid_f5eaa00b_f772_4ef1_bea9_ce49ba205b35	 Duration: 48.78397402353585 ms	 InputFile:ORTHOMCL1952	 OutputFile:['tree_ORTHOMCL1952.nexus']
[INFO] 2025-04-24T19:16:01.472Z FILE_TRANSFER RequestId: uuid_f5eaa00b_f772_4ef1_bea9_ce49ba205b35	 TransferType: produced	 Action: upload_to_s3	 FileName: tree_ORTHOMCL1952.nexus	 Bucket: denethor	 FilePath: tree/tree_ORTHOMCL1952.nexus	 FilePathLocal: .tmp/tree/tree_ORTHOMCL1952.nexus	 FileSize: 349 bytes	 TransferDuration: 0 ms
[INFO] 2025-04-24T19:16:01.472Z PRODUCED_FILES_INFO RequestId: uuid_f5eaa00b_f772_4ef1_bea9_ce49ba205b35	 FilesCount: 1 files	 FilesSize: 349 bytes	 TransferDuration: 0 ms	 Provider: aws_ec2	 ProducedFiles: ['tree_ORTHOMCL1952.nexus']
[INFO] 2025-04-24T19:16:01.472Z END RequestId: uuid_f5eaa00b_f772_4ef1_bea9_ce49ba205b35	 Activity: tree_constructor	 Provider: aws_ec2
[INFO] 2025-04-24T19:16:01.472Z REPORT RequestId: uuid_f5eaa00b_f772_4ef1_bea9_ce49ba205b35	 Duration: 149.59447411820292 ms	 Billed Duration: 150 ms	 Memory Size: MB	 Max Memory Used: MB	 Init Duration: ms	

[INFO] 2025-04-24T19:16:01.472Z START RequestId: uuid_1b3b12ff_1b6e_42cc_aa03_55eb5037d6c3	 Activity: tree_constructor	 Provider: aws_ec2
[INFO] 2025-04-24T19:16:01.472Z FILE_TRANSFER RequestId: uuid_1b3b12ff_1b6e_42cc_aa03_55eb5037d6c3	 TransferType: consumed	 Action: download_from_s3	 FileName: ORTHOMCL1985	 Bucket: denethor	 FilePath: data/full_dataset/ORTHOMCL1985	 FilePathLocal: resources/data/full_dataset	 FileSize: 4088 bytes	 TransferDuration: 0 ms
[INFO] 2025-04-24T19:16:01.472Z CONSUMED_FILES_INFO RequestId: uuid_1b3b12ff_1b6e_42cc_aa03_55eb5037d6c3	 FilesCount: 1 files	 FilesSize: 4088 bytes	 TransferDuration: 0 ms	 ConsumedFiles: ['ORTHOMCL1985']
[INFO] 2025-04-24T19:16:01.507Z TREE_CONSTRUCTOR RequestId: uuid_1b3b12ff_1b6e_42cc_aa03_55eb5037d6c3	 Duration: 34.9591679405421 ms	 InputFile:ORTHOMCL1985	 OutputFile:['tree_ORTHOMCL1985.nexus']
[INFO] 2025-04-24T19:16:01.607Z FILE_TRANSFER RequestId: uuid_1b3b12ff_1b6e_42cc_aa03_55eb5037d6c3	 TransferType: produced	 Action: upload_to_s3	 FileName: tree_ORTHOMCL1985.nexus	 Bucket: denethor	 FilePath: tree/tree_ORTHOMCL1985.nexus	 FilePathLocal: .tmp/tree/tree_ORTHOMCL1985.nexus	 FileSize: 355 bytes	 TransferDuration: 0 ms
[INFO] 2025-04-24T19:16:01.607Z PRODUCED_FILES_INFO RequestId: uuid_1b3b12ff_1b6e_42cc_aa03_55eb5037d6c3	 FilesCount: 1 files	 FilesSize: 355 bytes	 TransferDuration: 0 ms	 Provider: aws_ec2	 ProducedFiles: ['tree_ORTHOMCL1985.nexus']
[INFO] 2025-04-24T19:16:01.607Z END RequestId: uuid_1b3b12ff_1b6e_42cc_aa03_55eb5037d6c3	 Activity: tree_constructor	 Provider: aws_ec2
[INFO] 2025-04-24T19:16:01.607Z REPORT RequestId: uuid_1b3b12ff_1b6e_42cc_aa03_55eb5037d6c3	 Duration: 135.5363631155342 ms	 Billed Duration: 136 ms	 Memory Size: MB	 Max Memory Used: MB	 Init Duration: ms	

