[INFO] 2025-04-24T19:15:18.926Z START RequestId: uuid_ed8ca754_2361_487a_84fc_196be10e6da8	 Activity: tree_constructor	 Provider: aws_ec2
[INFO] 2025-04-24T19:15:18.926Z FILE_TRANSFER RequestId: uuid_ed8ca754_2361_487a_84fc_196be10e6da8	 TransferType: consumed	 Action: download_from_s3	 FileName: ORTHOMCL458	 Bucket: denethor	 FilePath: data/full_dataset/ORTHOMCL458	 FilePathLocal: resources/data/full_dataset	 FileSize: 2228 bytes	 TransferDuration: 0 ms
[INFO] 2025-04-24T19:15:18.926Z CONSUMED_FILES_INFO RequestId: uuid_ed8ca754_2361_487a_84fc_196be10e6da8	 FilesCount: 1 files	 FilesSize: 2228 bytes	 TransferDuration: 0 ms	 ConsumedFiles: ['ORTHOMCL458']
[INFO] 2025-04-24T19:15:18.949Z TREE_CONSTRUCTOR RequestId: uuid_ed8ca754_2361_487a_84fc_196be10e6da8	 Duration: 22.970210993662477 ms	 InputFile:ORTHOMCL458	 OutputFile:['tree_ORTHOMCL458.nexus']
[INFO] 2025-04-24T19:15:19.049Z FILE_TRANSFER RequestId: uuid_ed8ca754_2361_487a_84fc_196be10e6da8	 TransferType: produced	 Action: upload_to_s3	 FileName: tree_ORTHOMCL458.nexus	 Bucket: denethor	 FilePath: tree/tree_ORTHOMCL458.nexus	 FilePathLocal: .tmp/tree/tree_ORTHOMCL458.nexus	 FileSize: 453 bytes	 TransferDuration: 0 ms
[INFO] 2025-04-24T19:15:19.049Z PRODUCED_FILES_INFO RequestId: uuid_ed8ca754_2361_487a_84fc_196be10e6da8	 FilesCount: 1 files	 FilesSize: 453 bytes	 TransferDuration: 0 ms	 Provider: aws_ec2	 ProducedFiles: ['tree_ORTHOMCL458.nexus']
[INFO] 2025-04-24T19:15:19.049Z END RequestId: uuid_ed8ca754_2361_487a_84fc_196be10e6da8	 Activity: tree_constructor	 Provider: aws_ec2
[INFO] 2025-04-24T19:15:19.049Z REPORT RequestId: uuid_ed8ca754_2361_487a_84fc_196be10e6da8	 Duration: 123.74208285473287 ms	 Billed Duration: 124 ms	 Memory Size: MB	 Max Memory Used: MB	 Init Duration: ms	

[INFO] 2025-04-24T19:15:19.049Z START RequestId: uuid_d7d17cc6_d387_4f56_8c68_2d9607f730b7	 Activity: tree_constructor	 Provider: aws_ec2
[INFO] 2025-04-24T19:15:19.049Z FILE_TRANSFER RequestId: uuid_d7d17cc6_d387_4f56_8c68_2d9607f730b7	 TransferType: consumed	 Action: download_from_s3	 FileName: ORTHOMCL938	 Bucket: denethor	 FilePath: data/full_dataset/ORTHOMCL938	 FilePathLocal: resources/data/full_dataset	 FileSize: 4303 bytes	 TransferDuration: 0 ms
[INFO] 2025-04-24T19:15:19.049Z CONSUMED_FILES_INFO RequestId: uuid_d7d17cc6_d387_4f56_8c68_2d9607f730b7	 FilesCount: 1 files	 FilesSize: 4303 bytes	 TransferDuration: 0 ms	 ConsumedFiles: ['ORTHOMCL938']
[INFO] 2025-04-24T19:15:19.078Z TREE_CONSTRUCTOR RequestId: uuid_d7d17cc6_d387_4f56_8c68_2d9607f730b7	 Duration: 28.6605900619179 ms	 InputFile:ORTHOMCL938	 OutputFile:['tree_ORTHOMCL938.nexus']
[INFO] 2025-04-24T19:15:19.179Z FILE_TRANSFER RequestId: uuid_d7d17cc6_d387_4f56_8c68_2d9607f730b7	 TransferType: produced	 Action: upload_to_s3	 FileName: tree_ORTHOMCL938.nexus	 Bucket: denethor	 FilePath: tree/tree_ORTHOMCL938.nexus	 FilePathLocal: .tmp/tree/tree_ORTHOMCL938.nexus	 FileSize: 407 bytes	 TransferDuration: 0 ms
[INFO] 2025-04-24T19:15:19.179Z PRODUCED_FILES_INFO RequestId: uuid_d7d17cc6_d387_4f56_8c68_2d9607f730b7	 FilesCount: 1 files	 FilesSize: 407 bytes	 TransferDuration: 0 ms	 Provider: aws_ec2	 ProducedFiles: ['tree_ORTHOMCL938.nexus']
[INFO] 2025-04-24T19:15:19.179Z END RequestId: uuid_d7d17cc6_d387_4f56_8c68_2d9607f730b7	 Activity: tree_constructor	 Provider: aws_ec2
[INFO] 2025-04-24T19:15:19.179Z REPORT RequestId: uuid_d7d17cc6_d387_4f56_8c68_2d9607f730b7	 Duration: 129.28596092388034 ms	 Billed Duration: 130 ms	 Memory Size: MB	 Max Memory Used: MB	 Init Duration: ms	

[INFO] 2025-04-24T19:15:19.179Z START RequestId: uuid_96c059a7_715e_4897_af68_8461f2439cdd	 Activity: tree_constructor	 Provider: aws_ec2
[INFO] 2025-04-24T19:15:19.179Z FILE_TRANSFER RequestId: uuid_96c059a7_715e_4897_af68_8461f2439cdd	 TransferType: consumed	 Action: download_from_s3	 FileName: ORTHOMCL1027	 Bucket: denethor	 FilePath: data/full_dataset/ORTHOMCL1027	 FilePathLocal: resources/data/full_dataset	 FileSize: 4364 bytes	 TransferDuration: 0 ms
[INFO] 2025-04-24T19:15:19.179Z CONSUMED_FILES_INFO RequestId: uuid_96c059a7_715e_4897_af68_8461f2439cdd	 FilesCount: 1 files	 FilesSize: 4364 bytes	 TransferDuration: 0 ms	 ConsumedFiles: ['ORTHOMCL1027']
[INFO] 2025-04-24T19:15:19.252Z TREE_CONSTRUCTOR RequestId: uuid_96c059a7_715e_4897_af68_8461f2439cdd	 Duration: 72.73176987655461 ms	 InputFile:ORTHOMCL1027	 OutputFile:['tree_ORTHOMCL1027.nexus']
[INFO] 2025-04-24T19:15:19.352Z FILE_TRANSFER RequestId: uuid_96c059a7_715e_4897_af68_8461f2439cdd	 TransferType: produced	 Action: upload_to_s3	 FileName: tree_ORTHOMCL1027.nexus	 Bucket: denethor	 FilePath: tree/tree_ORTHOMCL1027.nexus	 FilePathLocal: .tmp/tree/tree_ORTHOMCL1027.nexus	 FileSize: 399 bytes	 TransferDuration: 0 ms
[INFO] 2025-04-24T19:15:19.352Z PRODUCED_FILES_INFO RequestId: uuid_96c059a7_715e_4897_af68_8461f2439cdd	 FilesCount: 1 files	 FilesSize: 399 bytes	 TransferDuration: 0 ms	 Provider: aws_ec2	 ProducedFiles: ['tree_ORTHOMCL1027.nexus']
[INFO] 2025-04-24T19:15:19.352Z END RequestId: uuid_96c059a7_715e_4897_af68_8461f2439cdd	 Activity: tree_constructor	 Provider: aws_ec2
[INFO] 2025-04-24T19:15:19.352Z REPORT RequestId: uuid_96c059a7_715e_4897_af68_8461f2439cdd	 Duration: 173.54153119958937 ms	 Billed Duration: 174 ms	 Memory Size: MB	 Max Memory Used: MB	 Init Duration: ms	

[INFO] 2025-04-24T19:15:19.352Z START RequestId: uuid_a8471c76_49b3_41d8_ace8_1e68a59bfc8e	 Activity: tree_constructor	 Provider: aws_ec2
[INFO] 2025-04-24T19:15:19.353Z FILE_TRANSFER RequestId: uuid_a8471c76_49b3_41d8_ace8_1e68a59bfc8e	 TransferType: consumed	 Action: download_from_s3	 FileName: ORTHOMCL1370	 Bucket: denethor	 FilePath: data/full_dataset/ORTHOMCL1370	 FilePathLocal: resources/data/full_dataset	 FileSize: 3544 bytes	 TransferDuration: 0 ms
[INFO] 2025-04-24T19:15:19.353Z CONSUMED_FILES_INFO RequestId: uuid_a8471c76_49b3_41d8_ace8_1e68a59bfc8e	 FilesCount: 1 files	 FilesSize: 3544 bytes	 TransferDuration: 0 ms	 ConsumedFiles: ['ORTHOMCL1370']
[INFO] 2025-04-24T19:15:19.377Z TREE_CONSTRUCTOR RequestId: uuid_a8471c76_49b3_41d8_ace8_1e68a59bfc8e	 Duration: 24.21174617484212 ms	 InputFile:ORTHOMCL1370	 OutputFile:['tree_ORTHOMCL1370.nexus']
[INFO] 2025-04-24T19:15:19.477Z FILE_TRANSFER RequestId: uuid_a8471c76_49b3_41d8_ace8_1e68a59bfc8e	 TransferType: produced	 Action: upload_to_s3	 FileName: tree_ORTHOMCL1370.nexus	 Bucket: denethor	 FilePath: tree/tree_ORTHOMCL1370.nexus	 FilePathLocal: .tmp/tree/tree_ORTHOMCL1370.nexus	 FileSize: 349 bytes	 TransferDuration: 0 ms
[INFO] 2025-04-24T19:15:19.477Z PRODUCED_FILES_INFO RequestId: uuid_a8471c76_49b3_41d8_ace8_1e68a59bfc8e	 FilesCount: 1 files	 FilesSize: 349 bytes	 TransferDuration: 0 ms	 Provider: aws_ec2	 ProducedFiles: ['tree_ORTHOMCL1370.nexus']
[INFO] 2025-04-24T19:15:19.477Z END RequestId: uuid_a8471c76_49b3_41d8_ace8_1e68a59bfc8e	 Activity: tree_constructor	 Provider: aws_ec2
[INFO] 2025-04-24T19:15:19.477Z REPORT RequestId: uuid_a8471c76_49b3_41d8_ace8_1e68a59bfc8e	 Duration: 124.941699905321 ms	 Billed Duration: 125 ms	 Memory Size: MB	 Max Memory Used: MB	 Init Duration: ms	

[INFO] 2025-04-24T19:15:19.478Z START RequestId: uuid_3d4c31ca_323f_4e21_b7ce_82f7de009ab6	 Activity: tree_constructor	 Provider: aws_ec2
[INFO] 2025-04-24T19:15:19.478Z FILE_TRANSFER RequestId: uuid_3d4c31ca_323f_4e21_b7ce_82f7de009ab6	 TransferType: consumed	 Action: download_from_s3	 FileName: ORTHOMCL1678	 Bucket: denethor	 FilePath: data/full_dataset/ORTHOMCL1678	 FilePathLocal: resources/data/full_dataset	 FileSize: 3940 bytes	 TransferDuration: 0 ms
[INFO] 2025-04-24T19:15:19.478Z CONSUMED_FILES_INFO RequestId: uuid_3d4c31ca_323f_4e21_b7ce_82f7de009ab6	 FilesCount: 1 files	 FilesSize: 3940 bytes	 TransferDuration: 0 ms	 ConsumedFiles: ['ORTHOMCL1678']
[INFO] 2025-04-24T19:15:19.529Z TREE_CONSTRUCTOR RequestId: uuid_3d4c31ca_323f_4e21_b7ce_82f7de009ab6	 Duration: 50.97349104471505 ms	 InputFile:ORTHOMCL1678	 OutputFile:['tree_ORTHOMCL1678.nexus']
[INFO] 2025-04-24T19:15:19.629Z FILE_TRANSFER RequestId: uuid_3d4c31ca_323f_4e21_b7ce_82f7de009ab6	 TransferType: produced	 Action: upload_to_s3	 FileName: tree_ORTHOMCL1678.nexus	 Bucket: denethor	 FilePath: tree/tree_ORTHOMCL1678.nexus	 FilePathLocal: .tmp/tree/tree_ORTHOMCL1678.nexus	 FileSize: 355 bytes	 TransferDuration: 0 ms
[INFO] 2025-04-24T19:15:19.629Z PRODUCED_FILES_INFO RequestId: uuid_3d4c31ca_323f_4e21_b7ce_82f7de009ab6	 FilesCount: 1 files	 FilesSize: 355 bytes	 TransferDuration: 0 ms	 Provider: aws_ec2	 ProducedFiles: ['tree_ORTHOMCL1678.nexus']
[INFO] 2025-04-24T19:15:19.629Z END RequestId: uuid_3d4c31ca_323f_4e21_b7ce_82f7de009ab6	 Activity: tree_constructor	 Provider: aws_ec2
[INFO] 2025-04-24T19:15:19.629Z REPORT RequestId: uuid_3d4c31ca_323f_4e21_b7ce_82f7de009ab6	 Duration: 151.55555284582078 ms	 Billed Duration: 152 ms	 Memory Size: MB	 Max Memory Used: MB	 Init Duration: ms	

