[
    {
        "logStreamName": "2025/04/17/[$LATEST]b5af9df583d447e3930aa053421925c0",
        "timestamp": 1744916065160,
        "message": "INIT_START Runtime Version: python:3.10.v64\tRuntime Version ARN: arn:aws:lambda:sa-east-1::runtime:d56bdc8857b2109a058de2ab50bfb80ac2aa600be6f7855a436859944e5fe54b\n",
        "ingestionTime": 1744916072418,
        "eventId": "38912928561955817948000817380910575873607007799456301056"
    },
    {
        "logStreamName": "2025/04/17/[$LATEST]b5af9df583d447e3930aa053421925c0",
        "timestamp": 1744916065990,
        "message": "START RequestId: ad2ec059-0b89-427c-89f7-d2ff6ddc335c Version: $LATEST\n",
        "ingestionTime": 1744916072418,
        "eventId": "38912928580465436462781234588385222039905147849420046337"
    },
    {
        "logStreamName": "2025/04/17/[$LATEST]b5af9df583d447e3930aa053421925c0",
        "timestamp": 1744916065991,
        "message": "Directory /tmp/input was created!\n",
        "ingestionTime": 1744916072418,
        "eventId": "38912928580487737207979765211526757758177796210926026754"
    },
    {
        "logStreamName": "2025/04/17/[$LATEST]b5af9df583d447e3930aa053421925c0",
        "timestamp": 1744916065991,
        "message": "Directory /tmp/tree was created!\n",
        "ingestionTime": 1744916072418,
        "eventId": "38912928580487737207979765211526757758177796210926026755"
    },
    {
        "logStreamName": "2025/04/17/[$LATEST]b5af9df583d447e3930aa053421925c0",
        "timestamp": 1744916066160,
        "message": "FILE_TRANSFER RequestId: ad2ec059-0b89-427c-89f7-d2ff6ddc335c\t TransferType: consumed\t Action: download_from_s3\t FileName: ORTHOMCL1\t Bucket: denethor\t FilePath: data/full_dataset/ORTHOMCL1\t LocalFilePath: /tmp/input/ORTHOMCL1\t FileSize: 1662 bytes\t TransferDuration: 168.6549329999707 ms\n",
        "ingestionTime": 1744916072418,
        "eventId": "38912928584256563146531440522446294146255369305436717060"
    },
    {
        "logStreamName": "2025/04/17/[$LATEST]b5af9df583d447e3930aa053421925c0",
        "timestamp": 1744916066160,
        "message": "CONSUMED_FILES_INFO RequestId: ad2ec059-0b89-427c-89f7-d2ff6ddc335c\t FilesCount: 1 files\t FilesSize: 1662 bytes\t TransferDuration: 168.6549329999707 ms\t ConsumedFiles: ['ORTHOMCL1']\n",
        "ingestionTime": 1744916072418,
        "eventId": "38912928584256563146531440522446294146255369305436717061"
    },
    {
        "logStreamName": "2025/04/17/[$LATEST]b5af9df583d447e3930aa053421925c0",
        "timestamp": 1744916066264,
        "message": "[INFO]\t2025-04-17T18:54:26.263Z\tad2ec059-0b89-427c-89f7-d2ff6ddc335c\tTREE_CONSTRUCTOR RequestId: ad2ec059-0b89-427c-89f7-d2ff6ddc335c\t Duration: 103.0454589999863 ms\t InputFile:ORTHOMCL1\t OutputFile:['tree_ORTHOMCL1.nexus']\n",
        "ingestionTime": 1744916072418,
        "eventId": "38912928586575840647178625329166008846610798902058680326"
    },
    {
        "logStreamName": "2025/04/17/[$LATEST]b5af9df583d447e3930aa053421925c0",
        "timestamp": 1744916066264,
        "message": "[INFO] 2025-04-17T18:54:26GMT TREE_CONSTRUCTOR RequestId: ad2ec059-0b89-427c-89f7-d2ff6ddc335c\t Duration: 103.0454589999863 ms\t InputFile:ORTHOMCL1\t OutputFile:['tree_ORTHOMCL1.nexus']\n",
        "ingestionTime": 1744916072418,
        "eventId": "38912928586575840647178625329166008846610798902058680327"
    },
    {
        "logStreamName": "2025/04/17/[$LATEST]b5af9df583d447e3930aa053421925c0",
        "timestamp": 1744916066418,
        "message": "FILE_TRANSFER RequestId: ad2ec059-0b89-427c-89f7-d2ff6ddc335c\t TransferType: produced\t Action: upload_to_s3\t FileName: tree_ORTHOMCL1.nexus\t Bucket: denethor\t FilePath: tree/tree_ORTHOMCL1.nexus\t LocalFilePath: /tmp/tree/tree_ORTHOMCL1.nexus\t FileSize: 339 bytes\t TransferDuration: 54.569281000112824 ms\n",
        "ingestionTime": 1744916072418,
        "eventId": "38912928590010155407752341292962509460598646573979664392"
    },
    {
        "logStreamName": "2025/04/17/[$LATEST]b5af9df583d447e3930aa053421925c0",
        "timestamp": 1744916066419,
        "message": "PRODUCED_FILES_INFO RequestId: ad2ec059-0b89-427c-89f7-d2ff6ddc335c\t FilesCount: 1 files\t FilesSize: 339 bytes\t TransferDuration: 54.569281000112824 ms\t Provider: aws_lambda\t  ProducedFiles: ['tree_ORTHOMCL1.nexus']\n",
        "ingestionTime": 1744916072418,
        "eventId": "38912928590032456152950871916104045178871294935485644809"
    },
    {
        "logStreamName": "2025/04/17/[$LATEST]b5af9df583d447e3930aa053421925c0",
        "timestamp": 1744916066420,
        "message": "END RequestId: ad2ec059-0b89-427c-89f7-d2ff6ddc335c\n",
        "ingestionTime": 1744916072418,
        "eventId": "38912928590054756898149402539245580897143943296991625226"
    },
    {
        "logStreamName": "2025/04/17/[$LATEST]b5af9df583d447e3930aa053421925c0",
        "timestamp": 1744916066420,
        "message": "REPORT RequestId: ad2ec059-0b89-427c-89f7-d2ff6ddc335c\tDuration: 430.34 ms\tBilled Duration: 431 ms\tMemory Size: 256 MB\tMax Memory Used: 112 MB\tInit Duration: 828.71 ms\t\n",
        "ingestionTime": 1744916072418,
        "eventId": "38912928590054756898149402539245580897143943296991625227"
    },
    {
        "logStreamName": "2025/04/17/[$LATEST]b5af9df583d447e3930aa053421925c0",
        "timestamp": 1744916066622,
        "message": "START RequestId: 91a9acf5-553a-4153-8b4c-3c9d0da47289 Version: $LATEST\n",
        "ingestionTime": 1744916072418,
        "eventId": "38912928594559507428252588413835795988218912321199669260"
    },
    {
        "logStreamName": "2025/04/17/[$LATEST]b5af9df583d447e3930aa053421925c0",
        "timestamp": 1744916066685,
        "message": "FILE_TRANSFER RequestId: 91a9acf5-553a-4153-8b4c-3c9d0da47289\t TransferType: consumed\t Action: download_from_s3\t FileName: ORTHOMCL256\t Bucket: denethor\t FilePath: data/full_dataset/ORTHOMCL256\t LocalFilePath: /tmp/input/ORTHOMCL256\t FileSize: 2666 bytes\t TransferDuration: 62.21366299996589 ms\n",
        "ingestionTime": 1744916072418,
        "eventId": "38912928595964454375760017671752546239395759096076435469"
    },
    {
        "logStreamName": "2025/04/17/[$LATEST]b5af9df583d447e3930aa053421925c0",
        "timestamp": 1744916066685,
        "message": "CONSUMED_FILES_INFO RequestId: 91a9acf5-553a-4153-8b4c-3c9d0da47289\t FilesCount: 1 files\t FilesSize: 2666 bytes\t TransferDuration: 62.21366299996589 ms\t ConsumedFiles: ['ORTHOMCL256']\n",
        "ingestionTime": 1744916072418,
        "eventId": "38912928595964454375760017671752546239395759096076435470"
    },
    {
        "logStreamName": "2025/04/17/[$LATEST]b5af9df583d447e3930aa053421925c0",
        "timestamp": 1744916066900,
        "message": "[INFO] 2025-04-17T18:54:26GMT TREE_CONSTRUCTOR RequestId: 91a9acf5-553a-4153-8b4c-3c9d0da47289\t Duration: 198.50646500003677 ms\t InputFile:ORTHOMCL256\t OutputFile:['tree_ORTHOMCL256.nexus']\n",
        "ingestionTime": 1744916072418,
        "eventId": "38912928600759114593444101647182725668015156819862224911"
    },
    {
        "logStreamName": "2025/04/17/[$LATEST]b5af9df583d447e3930aa053421925c0",
        "timestamp": 1744916066900,
        "message": "[INFO]\t2025-04-17T18:54:26.884Z\t91a9acf5-553a-4153-8b4c-3c9d0da47289\tTREE_CONSTRUCTOR RequestId: 91a9acf5-553a-4153-8b4c-3c9d0da47289\t Duration: 198.50646500003677 ms\t InputFile:ORTHOMCL256\t OutputFile:['tree_ORTHOMCL256.nexus']\n",
        "ingestionTime": 1744916072418,
        "eventId": "38912928600759114593444101647182725668015156819862224912"
    },
    {
        "logStreamName": "2025/04/17/[$LATEST]b5af9df583d447e3930aa053421925c0",
        "timestamp": 1744916067078,
        "message": "FILE_TRANSFER RequestId: 91a9acf5-553a-4153-8b4c-3c9d0da47289\t TransferType: produced\t Action: upload_to_s3\t FileName: tree_ORTHOMCL256.nexus\t Bucket: denethor\t FilePath: tree/tree_ORTHOMCL256.nexus\t LocalFilePath: /tmp/tree/tree_ORTHOMCL256.nexus\t FileSize: 640 bytes\t TransferDuration: 77.25612000012916 ms\n",
        "ingestionTime": 1744916072418,
        "eventId": "38912928604728647238782552566376083520546565167926738961"
    },
    {
        "logStreamName": "2025/04/17/[$LATEST]b5af9df583d447e3930aa053421925c0",
        "timestamp": 1744916067078,
        "message": "PRODUCED_FILES_INFO RequestId: 91a9acf5-553a-4153-8b4c-3c9d0da47289\t FilesCount: 1 files\t FilesSize: 640 bytes\t TransferDuration: 77.25612000012916 ms\t Provider: aws_lambda\t  ProducedFiles: ['tree_ORTHOMCL256.nexus']\n",
        "ingestionTime": 1744916072418,
        "eventId": "38912928604728647238782552566376083520546565167926738962"
    },
    {
        "logStreamName": "2025/04/17/[$LATEST]b5af9df583d447e3930aa053421925c0",
        "timestamp": 1744916067079,
        "message": "END RequestId: 91a9acf5-553a-4153-8b4c-3c9d0da47289\n",
        "ingestionTime": 1744916072418,
        "eventId": "38912928604750947983981083189517619238819213529432719379"
    },
    {
        "logStreamName": "2025/04/17/[$LATEST]b5af9df583d447e3930aa053421925c0",
        "timestamp": 1744916067079,
        "message": "REPORT RequestId: 91a9acf5-553a-4153-8b4c-3c9d0da47289\tDuration: 456.46 ms\tBilled Duration: 457 ms\tMemory Size: 256 MB\tMax Memory Used: 112 MB\t\n",
        "ingestionTime": 1744916072418,
        "eventId": "38912928604750947983981083189517619238819213529432719380"
    },
    {
        "logStreamName": "2025/04/17/[$LATEST]b5af9df583d447e3930aa053421925c0",
        "timestamp": 1744916067252,
        "message": "START RequestId: 6807fb76-28b8-4659-ab76-00412c6b02b1 Version: $LATEST\n",
        "ingestionTime": 1744916072418,
        "eventId": "38912928608608976903326880993003298499987380069967331349"
    },
    {
        "logStreamName": "2025/04/17/[$LATEST]b5af9df583d447e3930aa053421925c0",
        "timestamp": 1744916067288,
        "message": "FILE_TRANSFER RequestId: 6807fb76-28b8-4659-ab76-00412c6b02b1\t TransferType: consumed\t Action: download_from_s3\t FileName: ORTHOMCL256_2\t Bucket: denethor\t FilePath: data/full_dataset/ORTHOMCL256_2\t LocalFilePath: /tmp/input/ORTHOMCL256_2\t FileSize: 2666 bytes\t TransferDuration: 35.38495399993735 ms\n",
        "ingestionTime": 1744916072418,
        "eventId": "38912928609411803730473983426098584357802721084182626326"
    },
    {
        "logStreamName": "2025/04/17/[$LATEST]b5af9df583d447e3930aa053421925c0",
        "timestamp": 1744916067288,
        "message": "CONSUMED_FILES_INFO RequestId: 6807fb76-28b8-4659-ab76-00412c6b02b1\t FilesCount: 1 files\t FilesSize: 2666 bytes\t TransferDuration: 35.38495399993735 ms\t ConsumedFiles: ['ORTHOMCL256_2']\n",
        "ingestionTime": 1744916072418,
        "eventId": "38912928609411803730473983426098584357802721084182626327"
    },
    {
        "logStreamName": "2025/04/17/[$LATEST]b5af9df583d447e3930aa053421925c0",
        "timestamp": 1744916067502,
        "message": "[INFO]\t2025-04-17T18:54:27.501Z\t6807fb76-28b8-4659-ab76-00412c6b02b1\tTREE_CONSTRUCTOR RequestId: 6807fb76-28b8-4659-ab76-00412c6b02b1\t Duration: 213.14918999996735 ms\t InputFile:ORTHOMCL256_2\t OutputFile:['tree_ORTHOMCL256_2.nexus']\n",
        "ingestionTime": 1744916072418,
        "eventId": "38912928614184163202959536778387228068149470446462435352"
    },
    {
        "logStreamName": "2025/04/17/[$LATEST]b5af9df583d447e3930aa053421925c0",
        "timestamp": 1744916067502,
        "message": "[INFO] 2025-04-17T18:54:27GMT TREE_CONSTRUCTOR RequestId: 6807fb76-28b8-4659-ab76-00412c6b02b1\t Duration: 213.14918999996735 ms\t InputFile:ORTHOMCL256_2\t OutputFile:['tree_ORTHOMCL256_2.nexus']\n",
        "ingestionTime": 1744916072418,
        "eventId": "38912928614184163202959536778387228068149470446462435353"
    },
    {
        "logStreamName": "2025/04/17/[$LATEST]b5af9df583d447e3930aa053421925c0",
        "timestamp": 1744916067644,
        "message": "FILE_TRANSFER RequestId: 6807fb76-28b8-4659-ab76-00412c6b02b1\t TransferType: produced\t Action: upload_to_s3\t FileName: tree_ORTHOMCL256_2.nexus\t Bucket: denethor\t FilePath: tree/tree_ORTHOMCL256_2.nexus\t LocalFilePath: /tmp/tree/tree_ORTHOMCL256_2.nexus\t FileSize: 640 bytes\t TransferDuration: 41.63742600007936 ms\n",
        "ingestionTime": 1744916072418,
        "eventId": "38912928617350869021150885264485300062865537780311654426"
    },
    {
        "logStreamName": "2025/04/17/[$LATEST]b5af9df583d447e3930aa053421925c0",
        "timestamp": 1744916067644,
        "message": "PRODUCED_FILES_INFO RequestId: 6807fb76-28b8-4659-ab76-00412c6b02b1\t FilesCount: 1 files\t FilesSize: 640 bytes\t TransferDuration: 41.63742600007936 ms\t Provider: aws_lambda\t  ProducedFiles: ['tree_ORTHOMCL256_2.nexus']\n",
        "ingestionTime": 1744916072418,
        "eventId": "38912928617350869021150885264485300062865537780311654427"
    },
    {
        "logStreamName": "2025/04/17/[$LATEST]b5af9df583d447e3930aa053421925c0",
        "timestamp": 1744916067645,
        "message": "END RequestId: 6807fb76-28b8-4659-ab76-00412c6b02b1\n",
        "ingestionTime": 1744916072418,
        "eventId": "38912928617373169766349415887626835781138186141817634844"
    },
    {
        "logStreamName": "2025/04/17/[$LATEST]b5af9df583d447e3930aa053421925c0",
        "timestamp": 1744916067645,
        "message": "REPORT RequestId: 6807fb76-28b8-4659-ab76-00412c6b02b1\tDuration: 392.38 ms\tBilled Duration: 393 ms\tMemory Size: 256 MB\tMax Memory Used: 112 MB\t\n",
        "ingestionTime": 1744916072418,
        "eventId": "38912928617373169766349415887626835781138186141817634845"
    },
    {
        "logStreamName": "2025/04/17/[$LATEST]b5af9df583d447e3930aa053421925c0",
        "timestamp": 1744916067851,
        "message": "START RequestId: f04edb92-e1c6-483d-b9cf-9e03ac395a25 Version: $LATEST\n",
        "ingestionTime": 1744916072418,
        "eventId": "38912928621967123277246724254783193745303748612049600542"
    },
    {
        "logStreamName": "2025/04/17/[$LATEST]b5af9df583d447e3930aa053421925c0",
        "timestamp": 1744916067885,
        "message": "FILE_TRANSFER RequestId: f04edb92-e1c6-483d-b9cf-9e03ac395a25\t TransferType: consumed\t Action: download_from_s3\t FileName: ORTHOMCL320\t Bucket: denethor\t FilePath: data/full_dataset/ORTHOMCL320\t LocalFilePath: /tmp/input/ORTHOMCL320\t FileSize: 3358 bytes\t TransferDuration: 32.84639200001038 ms\n",
        "ingestionTime": 1744916072418,
        "eventId": "38912928622725348613996765441595408166573792903252934687"
    },
    {
        "logStreamName": "2025/04/17/[$LATEST]b5af9df583d447e3930aa053421925c0",
        "timestamp": 1744916067885,
        "message": "CONSUMED_FILES_INFO RequestId: f04edb92-e1c6-483d-b9cf-9e03ac395a25\t FilesCount: 1 files\t FilesSize: 3358 bytes\t TransferDuration: 32.84639200001038 ms\t ConsumedFiles: ['ORTHOMCL320']\n",
        "ingestionTime": 1744916072418,
        "eventId": "38912928622725348613996765441595408166573792903252934688"
    },
    {
        "logStreamName": "2025/04/17/[$LATEST]b5af9df583d447e3930aa053421925c0",
        "timestamp": 1744916068143,
        "message": "[INFO]\t2025-04-17T18:54:28.143Z\tf04edb92-e1c6-483d-b9cf-9e03ac395a25\tTREE_CONSTRUCTOR RequestId: f04edb92-e1c6-483d-b9cf-9e03ac395a25\t Duration: 257.9919370000425 ms\t InputFile:ORTHOMCL320\t OutputFile:['tree_ORTHOMCL320.nexus']\n",
        "ingestionTime": 1744916072418,
        "eventId": "38912928628478940875217666212111623480917070171795882017"
    },
    {
        "logStreamName": "2025/04/17/[$LATEST]b5af9df583d447e3930aa053421925c0",
        "timestamp": 1744916068143,
        "message": "[INFO] 2025-04-17T18:54:28GMT TREE_CONSTRUCTOR RequestId: f04edb92-e1c6-483d-b9cf-9e03ac395a25\t Duration: 257.9919370000425 ms\t InputFile:ORTHOMCL320\t OutputFile:['tree_ORTHOMCL320.nexus']\n",
        "ingestionTime": 1744916072418,
        "eventId": "38912928628478940875217666212111623480917070171795882018"
    },
    {
        "logStreamName": "2025/04/17/[$LATEST]b5af9df583d447e3930aa053421925c0",
        "timestamp": 1744916068300,
        "message": "FILE_TRANSFER RequestId: f04edb92-e1c6-483d-b9cf-9e03ac395a25\t TransferType: produced\t Action: upload_to_s3\t FileName: tree_ORTHOMCL320.nexus\t Bucket: denethor\t FilePath: tree/tree_ORTHOMCL320.nexus\t LocalFilePath: /tmp/tree/tree_ORTHOMCL320.nexus\t FileSize: 595 bytes\t TransferDuration: 56.76575100005721 ms\n",
        "ingestionTime": 1744916072418,
        "eventId": "38912928631980157871386974045332731249722862928234807331"
    },
    {
        "logStreamName": "2025/04/17/[$LATEST]b5af9df583d447e3930aa053421925c0",
        "timestamp": 1744916068301,
        "message": "PRODUCED_FILES_INFO RequestId: f04edb92-e1c6-483d-b9cf-9e03ac395a25\t FilesCount: 1 files\t FilesSize: 595 bytes\t TransferDuration: 56.76575100005721 ms\t Provider: aws_lambda\t  ProducedFiles: ['tree_ORTHOMCL320.nexus']\n",
        "ingestionTime": 1744916072418,
        "eventId": "38912928632002458616585504668474266967995511289740787748"
    },
    {
        "logStreamName": "2025/04/17/[$LATEST]b5af9df583d447e3930aa053421925c0",
        "timestamp": 1744916068301,
        "message": "END RequestId: f04edb92-e1c6-483d-b9cf-9e03ac395a25\n",
        "ingestionTime": 1744916072418,
        "eventId": "38912928632002458616585504668474266967995511289740787749"
    },
    {
        "logStreamName": "2025/04/17/[$LATEST]b5af9df583d447e3930aa053421925c0",
        "timestamp": 1744916068301,
        "message": "REPORT RequestId: f04edb92-e1c6-483d-b9cf-9e03ac395a25\tDuration: 450.25 ms\tBilled Duration: 451 ms\tMemory Size: 256 MB\tMax Memory Used: 112 MB\t\n",
        "ingestionTime": 1744916072418,
        "eventId": "38912928632002458616585504668474266967995511289740787750"
    },
    {
        "logStreamName": "2025/04/17/[$LATEST]b5af9df583d447e3930aa053421925c0",
        "timestamp": 1744916068538,
        "message": "START RequestId: 6b890b4a-c734-4dbd-9aba-8b098263339f Version: $LATEST\n",
        "ingestionTime": 1744916072418,
        "eventId": "38912928637287735228637262353018232198613172966658146343"
    },
    {
        "logStreamName": "2025/04/17/[$LATEST]b5af9df583d447e3930aa053421925c0",
        "timestamp": 1744916068582,
        "message": "FILE_TRANSFER RequestId: 6b890b4a-c734-4dbd-9aba-8b098263339f\t TransferType: consumed\t Action: download_from_s3\t FileName: ORTHOMCL337\t Bucket: denethor\t FilePath: data/full_dataset/ORTHOMCL337\t LocalFilePath: /tmp/input/ORTHOMCL337\t FileSize: 3213 bytes\t TransferDuration: 42.77475699996103 ms\n",
        "ingestionTime": 1744916072418,
        "eventId": "38912928638268968017372609771245803802609700872921284648"
    },
    {
        "logStreamName": "2025/04/17/[$LATEST]b5af9df583d447e3930aa053421925c0",
        "timestamp": 1744916068582,
        "message": "CONSUMED_FILES_INFO RequestId: 6b890b4a-c734-4dbd-9aba-8b098263339f\t FilesCount: 1 files\t FilesSize: 3213 bytes\t TransferDuration: 42.77475699996103 ms\t ConsumedFiles: ['ORTHOMCL337']\n",
        "ingestionTime": 1744916072418,
        "eventId": "38912928638268968017372609771245803802609700872921284649"
    },
    {
        "logStreamName": "2025/04/17/[$LATEST]b5af9df583d447e3930aa053421925c0",
        "timestamp": 1744916068882,
        "message": "[INFO]\t2025-04-17T18:54:28.882Z\t6b890b4a-c734-4dbd-9aba-8b098263339f\tTREE_CONSTRUCTOR RequestId: 6b890b4a-c734-4dbd-9aba-8b098263339f\t Duration: 300.37079300018377 ms\t InputFile:ORTHOMCL337\t OutputFile:['tree_ORTHOMCL337.nexus']\n",
        "ingestionTime": 1744916072418,
        "eventId": "38912928644959191576931796713706519284404209324715409450"
    },
    {
        "logStreamName": "2025/04/17/[$LATEST]b5af9df583d447e3930aa053421925c0",
        "timestamp": 1744916068882,
        "message": "[INFO] 2025-04-17T18:54:28GMT TREE_CONSTRUCTOR RequestId: 6b890b4a-c734-4dbd-9aba-8b098263339f\t Duration: 300.37079300018377 ms\t InputFile:ORTHOMCL337\t OutputFile:['tree_ORTHOMCL337.nexus']\n",
        "ingestionTime": 1744916072418,
        "eventId": "38912928644959191576931796713706519284404209324715409451"
    },
    {
        "logStreamName": "2025/04/17/[$LATEST]b5af9df583d447e3930aa053421925c0",
        "timestamp": 1744916069029,
        "message": "FILE_TRANSFER RequestId: 6b890b4a-c734-4dbd-9aba-8b098263339f\t TransferType: produced\t Action: upload_to_s3\t FileName: tree_ORTHOMCL337.nexus\t Bucket: denethor\t FilePath: tree/tree_ORTHOMCL337.nexus\t LocalFilePath: /tmp/tree/tree_ORTHOMCL337.nexus\t FileSize: 581 bytes\t TransferDuration: 45.78055700017103 ms\n",
        "ingestionTime": 1744916072418,
        "eventId": "38912928648237401121115798315512269870483518466094530604"
    },
    {
        "logStreamName": "2025/04/17/[$LATEST]b5af9df583d447e3930aa053421925c0",
        "timestamp": 1744916069029,
        "message": "PRODUCED_FILES_INFO RequestId: 6b890b4a-c734-4dbd-9aba-8b098263339f\t FilesCount: 1 files\t FilesSize: 581 bytes\t TransferDuration: 45.78055700017103 ms\t Provider: aws_lambda\t  ProducedFiles: ['tree_ORTHOMCL337.nexus']\n",
        "ingestionTime": 1744916072418,
        "eventId": "38912928648237401121115798315512269870483518466094530605"
    },
    {
        "logStreamName": "2025/04/17/[$LATEST]b5af9df583d447e3930aa053421925c0",
        "timestamp": 1744916069030,
        "message": "END RequestId: 6b890b4a-c734-4dbd-9aba-8b098263339f\n",
        "ingestionTime": 1744916072418,
        "eventId": "38912928648259701866314328938653805588756166827600511022"
    },
    {
        "logStreamName": "2025/04/17/[$LATEST]b5af9df583d447e3930aa053421925c0",
        "timestamp": 1744916069030,
        "message": "REPORT RequestId: 6b890b4a-c734-4dbd-9aba-8b098263339f\tDuration: 491.14 ms\tBilled Duration: 492 ms\tMemory Size: 256 MB\tMax Memory Used: 113 MB\t\n",
        "ingestionTime": 1744916072418,
        "eventId": "38912928648259701866314328938653805588756166827600511023"
    },
    {
        "logStreamName": "2025/04/17/[$LATEST]b5af9df583d447e3930aa053421925c0",
        "timestamp": 1744916069381,
        "message": "START RequestId: 8f9743c0-5bee-48c3-b98f-f58229c9b389 Version: $LATEST\n",
        "ingestionTime": 1744916072418,
        "eventId": "38912928656087263430998577661332842702455741716199637040"
    },
    {
        "logStreamName": "2025/04/17/[$LATEST]b5af9df583d447e3930aa053421925c0",
        "timestamp": 1744916069440,
        "message": "FILE_TRANSFER RequestId: 8f9743c0-5bee-48c3-b98f-f58229c9b389\t TransferType: consumed\t Action: download_from_s3\t FileName: ORTHOMCL358\t Bucket: denethor\t FilePath: data/full_dataset/ORTHOMCL358\t LocalFilePath: /tmp/input/ORTHOMCL358\t FileSize: 3265 bytes\t TransferDuration: 58.77215200007413 ms\n",
        "ingestionTime": 1744916072418,
        "eventId": "38912928657403007397711884426683450080541995045052481585"
    },
    {
        "logStreamName": "2025/04/17/[$LATEST]b5af9df583d447e3930aa053421925c0",
        "timestamp": 1744916069440,
        "message": "CONSUMED_FILES_INFO RequestId: 8f9743c0-5bee-48c3-b98f-f58229c9b389\t FilesCount: 1 files\t FilesSize: 3265 bytes\t TransferDuration: 58.77215200007413 ms\t ConsumedFiles: ['ORTHOMCL358']\n",
        "ingestionTime": 1744916072418,
        "eventId": "38912928657403007397711884426683450080541995045052481586"
    },
    {
        "logStreamName": "2025/04/17/[$LATEST]b5af9df583d447e3930aa053421925c0",
        "timestamp": 1744916069821,
        "message": "[INFO]\t2025-04-17T18:54:29.821Z\t8f9743c0-5bee-48c3-b98f-f58229c9b389\tTREE_CONSTRUCTOR RequestId: 8f9743c0-5bee-48c3-b98f-f58229c9b389\t Duration: 381.23700400001326 ms\t InputFile:ORTHOMCL358\t OutputFile:['tree_ORTHOMCL358.nexus']\n",
        "ingestionTime": 1744916072418,
        "eventId": "38912928665899591318352051843608558742421020778831020083"
    },
    {
        "logStreamName": "2025/04/17/[$LATEST]b5af9df583d447e3930aa053421925c0",
        "timestamp": 1744916069821,
        "message": "[INFO] 2025-04-17T18:54:29GMT TREE_CONSTRUCTOR RequestId: 8f9743c0-5bee-48c3-b98f-f58229c9b389\t Duration: 381.23700400001326 ms\t InputFile:ORTHOMCL358\t OutputFile:['tree_ORTHOMCL358.nexus']\n",
        "ingestionTime": 1744916072418,
        "eventId": "38912928665899591318352051843608558742421020778831020084"
    },
    {
        "logStreamName": "2025/04/17/[$LATEST]b5af9df583d447e3930aa053421925c0",
        "timestamp": 1744916069986,
        "message": "FILE_TRANSFER RequestId: 8f9743c0-5bee-48c3-b98f-f58229c9b389\t TransferType: produced\t Action: upload_to_s3\t FileName: tree_ORTHOMCL358.nexus\t Bucket: denethor\t FilePath: tree/tree_ORTHOMCL358.nexus\t LocalFilePath: /tmp/tree/tree_ORTHOMCL358.nexus\t FileSize: 567 bytes\t TransferDuration: 46.30372799988436 ms\n",
        "ingestionTime": 1744916072418,
        "eventId": "38912928669579214276109604661961952257408000427317788725"
    },
    {
        "logStreamName": "2025/04/17/[$LATEST]b5af9df583d447e3930aa053421925c0",
        "timestamp": 1744916069987,
        "message": "PRODUCED_FILES_INFO RequestId: 8f9743c0-5bee-48c3-b98f-f58229c9b389\t FilesCount: 1 files\t FilesSize: 567 bytes\t TransferDuration: 46.30372799988436 ms\t Provider: aws_lambda\t  ProducedFiles: ['tree_ORTHOMCL358.nexus']\n",
        "ingestionTime": 1744916072418,
        "eventId": "38912928669601515021308135285103487975680648788823769142"
    },
    {
        "logStreamName": "2025/04/17/[$LATEST]b5af9df583d447e3930aa053421925c0",
        "timestamp": 1744916069987,
        "message": "END RequestId: 8f9743c0-5bee-48c3-b98f-f58229c9b389\n",
        "ingestionTime": 1744916072418,
        "eventId": "38912928669601515021308135285103487975680648788823769143"
    },
    {
        "logStreamName": "2025/04/17/[$LATEST]b5af9df583d447e3930aa053421925c0",
        "timestamp": 1744916069988,
        "message": "REPORT RequestId: 8f9743c0-5bee-48c3-b98f-f58229c9b389\tDuration: 606.97 ms\tBilled Duration: 607 ms\tMemory Size: 256 MB\tMax Memory Used: 113 MB\t\n",
        "ingestionTime": 1744916072418,
        "eventId": "38912928669623815766506665908245023693953297150329749560"
    },
    {
        "logStreamName": "2025/04/17/[$LATEST]b5af9df583d447e3930aa053421925c0",
        "timestamp": 1744916070289,
        "message": "START RequestId: bb771648-e113-43dd-aa69-327181c4f68c Version: $LATEST\n",
        "ingestionTime": 1744916072418,
        "eventId": "38912928676336340071264383473847274894020453963629854777"
    },
    {
        "logStreamName": "2025/04/17/[$LATEST]b5af9df583d447e3930aa053421925c0",
        "timestamp": 1744916070347,
        "message": "FILE_TRANSFER RequestId: bb771648-e113-43dd-aa69-327181c4f68c\t TransferType: consumed\t Action: download_from_s3\t FileName: ORTHOMCL364\t Bucket: denethor\t FilePath: data/full_dataset/ORTHOMCL364\t LocalFilePath: /tmp/input/ORTHOMCL364\t FileSize: 3224 bytes\t TransferDuration: 56.89146100007747 ms\n",
        "ingestionTime": 1744916072418,
        "eventId": "38912928677629783292779159616056346553834058930976718906"
    },
    {
        "logStreamName": "2025/04/17/[$LATEST]b5af9df583d447e3930aa053421925c0",
        "timestamp": 1744916070347,
        "message": "CONSUMED_FILES_INFO RequestId: bb771648-e113-43dd-aa69-327181c4f68c\t FilesCount: 1 files\t FilesSize: 3224 bytes\t TransferDuration: 56.89146100007747 ms\t ConsumedFiles: ['ORTHOMCL364']\n",
        "ingestionTime": 1744916072418,
        "eventId": "38912928677629783292779159616056346553834058930976718907"
    },
    {
        "logStreamName": "2025/04/17/[$LATEST]b5af9df583d447e3930aa053421925c0",
        "timestamp": 1744916070624,
        "message": "[INFO]\t2025-04-17T18:54:30.623Z\tbb771648-e113-43dd-aa69-327181c4f68c\tTREE_CONSTRUCTOR RequestId: bb771648-e113-43dd-aa69-327181c4f68c\t Duration: 276.54580300009 ms\t InputFile:ORTHOMCL364\t OutputFile:['tree_ORTHOMCL364.nexus']\n",
        "ingestionTime": 1744916072418,
        "eventId": "38912928683807089712772142226261740515357655068133294140"
    },
    {
        "logStreamName": "2025/04/17/[$LATEST]b5af9df583d447e3930aa053421925c0",
        "timestamp": 1744916070624,
        "message": "[INFO] 2025-04-17T18:54:30GMT TREE_CONSTRUCTOR RequestId: bb771648-e113-43dd-aa69-327181c4f68c\t Duration: 276.54580300009 ms\t InputFile:ORTHOMCL364\t OutputFile:['tree_ORTHOMCL364.nexus']\n",
        "ingestionTime": 1744916072418,
        "eventId": "38912928683807089712772142226261740515357655068133294141"
    },
    {
        "logStreamName": "2025/04/17/[$LATEST]b5af9df583d447e3930aa053421925c0",
        "timestamp": 1744916070768,
        "message": "FILE_TRANSFER RequestId: bb771648-e113-43dd-aa69-327181c4f68c\t TransferType: produced\t Action: upload_to_s3\t FileName: tree_ORTHOMCL364.nexus\t Bucket: denethor\t FilePath: tree/tree_ORTHOMCL364.nexus\t LocalFilePath: /tmp/tree/tree_ORTHOMCL364.nexus\t FileSize: 575 bytes\t TransferDuration: 43.8559469998836 ms\n",
        "ingestionTime": 1744916072418,
        "eventId": "38912928687018397021360551958642883946619019124994474046"
    },
    {
        "logStreamName": "2025/04/17/[$LATEST]b5af9df583d447e3930aa053421925c0",
        "timestamp": 1744916070768,
        "message": "PRODUCED_FILES_INFO RequestId: bb771648-e113-43dd-aa69-327181c4f68c\t FilesCount: 1 files\t FilesSize: 575 bytes\t TransferDuration: 43.8559469998836 ms\t Provider: aws_lambda\t  ProducedFiles: ['tree_ORTHOMCL364.nexus']\n",
        "ingestionTime": 1744916072418,
        "eventId": "38912928687018397021360551958642883946619019124994474047"
    },
    {
        "logStreamName": "2025/04/17/[$LATEST]b5af9df583d447e3930aa053421925c0",
        "timestamp": 1744916070770,
        "message": "END RequestId: bb771648-e113-43dd-aa69-327181c4f68c\n",
        "ingestionTime": 1744916072418,
        "eventId": "38912928687062998511757613204925955383164315848006434880"
    },
    {
        "logStreamName": "2025/04/17/[$LATEST]b5af9df583d447e3930aa053421925c0",
        "timestamp": 1744916070770,
        "message": "REPORT RequestId: bb771648-e113-43dd-aa69-327181c4f68c\tDuration: 480.56 ms\tBilled Duration: 481 ms\tMemory Size: 256 MB\tMax Memory Used: 113 MB\t\n",
        "ingestionTime": 1744916072418,
        "eventId": "38912928687062998511757613204925955383164315848006434881"
    },
    {
        "logStreamName": "2025/04/17/[$LATEST]b5af9df583d447e3930aa053421925c0",
        "timestamp": 1744916070991,
        "message": "START RequestId: 483cebdd-8bbf-418a-af62-00f0d10de1c1 Version: $LATEST\n",
        "ingestionTime": 1744916072418,
        "eventId": "38912928691991463200632880919205349121419603740828106818"
    },
    {
        "logStreamName": "2025/04/17/[$LATEST]b5af9df583d447e3930aa053421925c0",
        "timestamp": 1744916071062,
        "message": "FILE_TRANSFER RequestId: 483cebdd-8bbf-418a-af62-00f0d10de1c1\t TransferType: consumed\t Action: download_from_s3\t FileName: ORTHOMCL371\t Bucket: denethor\t FilePath: data/full_dataset/ORTHOMCL371\t LocalFilePath: /tmp/input/ORTHOMCL371\t FileSize: 2771 bytes\t TransferDuration: 70.22029600011592 ms\n",
        "ingestionTime": 1744916072418,
        "eventId": "38912928693574816109728555162254385118777637407752716355"
    },
    {
        "logStreamName": "2025/04/17/[$LATEST]b5af9df583d447e3930aa053421925c0",
        "timestamp": 1744916071062,
        "message": "CONSUMED_FILES_INFO RequestId: 483cebdd-8bbf-418a-af62-00f0d10de1c1\t FilesCount: 1 files\t FilesSize: 2771 bytes\t TransferDuration: 70.22029600011592 ms\t ConsumedFiles: ['ORTHOMCL371']\n",
        "ingestionTime": 1744916072418,
        "eventId": "38912928693574816109728555162254385118777637407752716356"
    },
    {
        "logStreamName": "2025/04/17/[$LATEST]b5af9df583d447e3930aa053421925c0",
        "timestamp": 1744916071262,
        "message": "[INFO]\t2025-04-17T18:54:31.262Z\t483cebdd-8bbf-418a-af62-00f0d10de1c1\tTREE_CONSTRUCTOR RequestId: 483cebdd-8bbf-418a-af62-00f0d10de1c1\t Duration: 199.27406500005418 ms\t InputFile:ORTHOMCL371\t OutputFile:['tree_ORTHOMCL371.nexus']\n",
        "ingestionTime": 1744916072418,
        "eventId": "38912928698034965149434679790561528773307309708948799557"
    },
    {
        "logStreamName": "2025/04/17/[$LATEST]b5af9df583d447e3930aa053421925c0",
        "timestamp": 1744916071262,
        "message": "[INFO] 2025-04-17T18:54:31GMT TREE_CONSTRUCTOR RequestId: 483cebdd-8bbf-418a-af62-00f0d10de1c1\t Duration: 199.27406500005418 ms\t InputFile:ORTHOMCL371\t OutputFile:['tree_ORTHOMCL371.nexus']\n",
        "ingestionTime": 1744916072418,
        "eventId": "38912928698034965149434679790561528773307309708948799558"
    },
    {
        "logStreamName": "2025/04/17/[$LATEST]b5af9df583d447e3930aa053421925c0",
        "timestamp": 1744916071405,
        "message": "END RequestId: 483cebdd-8bbf-418a-af62-00f0d10de1c1\n",
        "ingestionTime": 1744916072418,
        "eventId": "38912928701223971712824558899801136486296025404303999047"
    },
    {
        "logStreamName": "2025/04/17/[$LATEST]b5af9df583d447e3930aa053421925c0",
        "timestamp": 1744916071405,
        "message": "REPORT RequestId: 483cebdd-8bbf-418a-af62-00f0d10de1c1\tDuration: 413.93 ms\tBilled Duration: 414 ms\tMemory Size: 256 MB\tMax Memory Used: 113 MB\t\n",
        "ingestionTime": 1744916072418,
        "eventId": "38912928701223971712824558899801136486296025404303999048"
    },
    {
        "logStreamName": "2025/04/17/[$LATEST]b5af9df583d447e3930aa053421925c0",
        "timestamp": 1744916071405,
        "message": "FILE_TRANSFER RequestId: 483cebdd-8bbf-418a-af62-00f0d10de1c1\t TransferType: produced\t Action: upload_to_s3\t FileName: tree_ORTHOMCL371.nexus\t Bucket: denethor\t FilePath: tree/tree_ORTHOMCL371.nexus\t LocalFilePath: /tmp/tree/tree_ORTHOMCL371.nexus\t FileSize: 511 bytes\t TransferDuration: 42.031876000010016 ms\n",
        "ingestionTime": 1744916072418,
        "eventId": "38912928701223971712824558899801136486296025404303999049"
    },
    {
        "logStreamName": "2025/04/17/[$LATEST]b5af9df583d447e3930aa053421925c0",
        "timestamp": 1744916071405,
        "message": "PRODUCED_FILES_INFO RequestId: 483cebdd-8bbf-418a-af62-00f0d10de1c1\t FilesCount: 1 files\t FilesSize: 511 bytes\t TransferDuration: 42.031876000010016 ms\t Provider: aws_lambda\t  ProducedFiles: ['tree_ORTHOMCL371.nexus']\n",
        "ingestionTime": 1744916072418,
        "eventId": "38912928701223971712824558899801136486296025404303999050"
    },
    {
        "logStreamName": "2025/04/17/[$LATEST]b5af9df583d447e3930aa053421925c0",
        "timestamp": 1744916071623,
        "message": "START RequestId: a56594d7-fb13-409b-85ba-0811176e63e4 Version: $LATEST\n",
        "ingestionTime": 1744916072418,
        "eventId": "38912928706085534166104234744655923069733368212607729739"
    },
    {
        "logStreamName": "2025/04/17/[$LATEST]b5af9df583d447e3930aa053421925c0",
        "timestamp": 1744916071692,
        "message": "FILE_TRANSFER RequestId: a56594d7-fb13-409b-85ba-0811176e63e4\t TransferType: consumed\t Action: download_from_s3\t FileName: ORTHOMCL374\t Bucket: denethor\t FilePath: data/full_dataset/ORTHOMCL374\t LocalFilePath: /tmp/input/ORTHOMCL374\t FileSize: 2627 bytes\t TransferDuration: 68.44740700012153 ms\n",
        "ingestionTime": 1744916072418,
        "eventId": "38912928707624285584802847741421887630546105156520378444"
    },
    {
        "logStreamName": "2025/04/17/[$LATEST]b5af9df583d447e3930aa053421925c0",
        "timestamp": 1744916071692,
        "message": "CONSUMED_FILES_INFO RequestId: a56594d7-fb13-409b-85ba-0811176e63e4\t FilesCount: 1 files\t FilesSize: 2627 bytes\t TransferDuration: 68.44740700012153 ms\t ConsumedFiles: ['ORTHOMCL374']\n",
        "ingestionTime": 1744916072418,
        "eventId": "38912928707624285584802847741421887630546105156520378445"
    },
    {
        "logStreamName": "2025/04/17/[$LATEST]b5af9df583d447e3930aa053421925c0",
        "timestamp": 1744916072020,
        "message": "[INFO]\t2025-04-17T18:54:32.020Z\ta56594d7-fb13-409b-85ba-0811176e63e4\tTREE_CONSTRUCTOR RequestId: a56594d7-fb13-409b-85ba-0811176e63e4\t Duration: 328.4070250001605 ms\t InputFile:ORTHOMCL374\t OutputFile:['tree_ORTHOMCL374.nexus']\n",
        "ingestionTime": 1744916072418,
        "eventId": "38912928714938930009920892131845603223974767730481954894"
    },
    {
        "logStreamName": "2025/04/17/[$LATEST]b5af9df583d447e3930aa053421925c0",
        "timestamp": 1744916072020,
        "message": "[INFO] 2025-04-17T18:54:32GMT TREE_CONSTRUCTOR RequestId: a56594d7-fb13-409b-85ba-0811176e63e4\t Duration: 328.4070250001605 ms\t InputFile:ORTHOMCL374\t OutputFile:['tree_ORTHOMCL374.nexus']\n",
        "ingestionTime": 1744916072418,
        "eventId": "38912928714938930009920892131845603223974767730481954895"
    },
    {
        "logStreamName": "2025/04/17/[$LATEST]b5af9df583d447e3930aa053421925c0",
        "timestamp": 1744916072181,
        "message": "FILE_TRANSFER RequestId: a56594d7-fb13-409b-85ba-0811176e63e4\t TransferType: produced\t Action: upload_to_s3\t FileName: tree_ORTHOMCL374.nexus\t Bucket: denethor\t FilePath: tree/tree_ORTHOMCL374.nexus\t LocalFilePath: /tmp/tree/tree_ORTHOMCL374.nexus\t FileSize: 563 bytes\t TransferDuration: 40.819995999981984 ms\n",
        "ingestionTime": 1744916072418,
        "eventId": "38912928718529349986884322457632853865871153932944801872"
    },
    {
        "logStreamName": "2025/04/17/[$LATEST]b5af9df583d447e3930aa053421925c0",
        "timestamp": 1744916072181,
        "message": "PRODUCED_FILES_INFO RequestId: a56594d7-fb13-409b-85ba-0811176e63e4\t FilesCount: 1 files\t FilesSize: 563 bytes\t TransferDuration: 40.819995999981984 ms\t Provider: aws_lambda\t  ProducedFiles: ['tree_ORTHOMCL374.nexus']\n",
        "ingestionTime": 1744916072418,
        "eventId": "38912928718529349986884322457632853865871153932944801873"
    },
    {
        "logStreamName": "2025/04/17/[$LATEST]b5af9df583d447e3930aa053421925c0",
        "timestamp": 1744916072182,
        "message": "END RequestId: a56594d7-fb13-409b-85ba-0811176e63e4\n",
        "ingestionTime": 1744916072418,
        "eventId": "38912928718551650732082853080774389584143802294450782290"
    },
    {
        "logStreamName": "2025/04/17/[$LATEST]b5af9df583d447e3930aa053421925c0",
        "timestamp": 1744916072182,
        "message": "REPORT RequestId: a56594d7-fb13-409b-85ba-0811176e63e4\tDuration: 559.24 ms\tBilled Duration: 560 ms\tMemory Size: 256 MB\tMax Memory Used: 113 MB\t\n",
        "ingestionTime": 1744916072418,
        "eventId": "38912928718551650732082853080774389584143802294450782291"
    },
    {
        "logStreamName": "2025/04/17/[$LATEST]b5af9df583d447e3930aa053421925c0",
        "timestamp": 1744916072409,
        "message": "START RequestId: 96e06bd1-2297-449e-b391-df2c627e877d Version: $LATEST\n",
        "ingestionTime": 1744916081429,
        "eventId": "38912928723613919892149304544797212595472705430629515264"
    },
    {
        "logStreamName": "2025/04/17/[$LATEST]b5af9df583d447e3930aa053421925c0",
        "timestamp": 1744916072477,
        "message": "FILE_TRANSFER RequestId: 96e06bd1-2297-449e-b391-df2c627e877d\t TransferType: consumed\t Action: download_from_s3\t FileName: ORTHOMCL421\t Bucket: denethor\t FilePath: data/full_dataset/ORTHOMCL421\t LocalFilePath: /tmp/input/ORTHOMCL421\t FileSize: 2439 bytes\t TransferDuration: 67.17827600004966 ms\n",
        "ingestionTime": 1744916081429,
        "eventId": "38912928725130370565649386918421641438012794013036183553"
    },
    {
        "logStreamName": "2025/04/17/[$LATEST]b5af9df583d447e3930aa053421925c0",
        "timestamp": 1744916072477,
        "message": "CONSUMED_FILES_INFO RequestId: 96e06bd1-2297-449e-b391-df2c627e877d\t FilesCount: 1 files\t FilesSize: 2439 bytes\t TransferDuration: 67.17827600004966 ms\t ConsumedFiles: ['ORTHOMCL421']\n",
        "ingestionTime": 1744916081429,
        "eventId": "38912928725130370565649386918421641438012794013036183554"
    },
    {
        "logStreamName": "2025/04/17/[$LATEST]b5af9df583d447e3930aa053421925c0",
        "timestamp": 1744916072561,
        "message": "[INFO]\t2025-04-17T18:54:32.561Z\t96e06bd1-2297-449e-b391-df2c627e877d\tTREE_CONSTRUCTOR RequestId: 96e06bd1-2297-449e-b391-df2c627e877d\t Duration: 83.81323100002191 ms\t InputFile:ORTHOMCL421\t OutputFile:['tree_ORTHOMCL421.nexus']\n",
        "ingestionTime": 1744916081429,
        "eventId": "38912928727003633162325959262310641772915256379538538499"
    },
    {
        "logStreamName": "2025/04/17/[$LATEST]b5af9df583d447e3930aa053421925c0",
        "timestamp": 1744916072561,
        "message": "[INFO] 2025-04-17T18:54:32GMT TREE_CONSTRUCTOR RequestId: 96e06bd1-2297-449e-b391-df2c627e877d\t Duration: 83.81323100002191 ms\t InputFile:ORTHOMCL421\t OutputFile:['tree_ORTHOMCL421.nexus']\n",
        "ingestionTime": 1744916081429,
        "eventId": "38912928727003633162325959262310641772915256379538538500"
    },
    {
        "logStreamName": "2025/04/17/[$LATEST]b5af9df583d447e3930aa053421925c0",
        "timestamp": 1744916072703,
        "message": "FILE_TRANSFER RequestId: 96e06bd1-2297-449e-b391-df2c627e877d\t TransferType: produced\t Action: upload_to_s3\t FileName: tree_ORTHOMCL421.nexus\t Bucket: denethor\t FilePath: tree/tree_ORTHOMCL421.nexus\t LocalFilePath: /tmp/tree/tree_ORTHOMCL421.nexus\t FileSize: 521 bytes\t TransferDuration: 40.925134999952206 ms\n",
        "ingestionTime": 1744916081429,
        "eventId": "38912928730170338980517307748408713767631323713387757573"
    },
    {
        "logStreamName": "2025/04/17/[$LATEST]b5af9df583d447e3930aa053421925c0",
        "timestamp": 1744916072703,
        "message": "PRODUCED_FILES_INFO RequestId: 96e06bd1-2297-449e-b391-df2c627e877d\t FilesCount: 1 files\t FilesSize: 521 bytes\t TransferDuration: 40.925134999952206 ms\t Provider: aws_lambda\t  ProducedFiles: ['tree_ORTHOMCL421.nexus']\n",
        "ingestionTime": 1744916081429,
        "eventId": "38912928730170338980517307748408713767631323713387757574"
    },
    {
        "logStreamName": "2025/04/17/[$LATEST]b5af9df583d447e3930aa053421925c0",
        "timestamp": 1744916072704,
        "message": "END RequestId: 96e06bd1-2297-449e-b391-df2c627e877d\n",
        "ingestionTime": 1744916081429,
        "eventId": "38912928730192639725715838371550249485903972074893737991"
    },
    {
        "logStreamName": "2025/04/17/[$LATEST]b5af9df583d447e3930aa053421925c0",
        "timestamp": 1744916072704,
        "message": "REPORT RequestId: 96e06bd1-2297-449e-b391-df2c627e877d\tDuration: 294.25 ms\tBilled Duration: 295 ms\tMemory Size: 256 MB\tMax Memory Used: 113 MB\t\n",
        "ingestionTime": 1744916081429,
        "eventId": "38912928730192639725715838371550249485903972074893737992"
    }
]