[
    {
        "logStreamName": "2025/04/03/[$LATEST]3af37244992b4b0092433c6994272db5",
        "timestamp": 1743638809434,
        "message": "INIT_START Runtime Version: python:3.10.v64\tRuntime Version ARN: arn:aws:lambda:sa-east-1::runtime:d56bdc8857b2109a058de2ab50bfb80ac2aa600be6f7855a436859944e5fe54b\n",
        "ingestionTime": 1743638817321,
        "eventId": "38884444807456927702805398669648582027760280023672750080"
    },
    {
        "logStreamName": "2025/04/03/[$LATEST]3af37244992b4b0092433c6994272db5",
        "timestamp": 1743638810325,
        "message": "START RequestId: 98470958-c2ea-47eb-996a-523c952ee5c9 Version: $LATEST\n",
        "ingestionTime": 1743638817321,
        "eventId": "38884444827326891674696183888756907008689970125501300737"
    },
    {
        "logStreamName": "2025/04/03/[$LATEST]3af37244992b4b0092433c6994272db5",
        "timestamp": 1743638810326,
        "message": "Directory /tmp/tree was created!\n",
        "ingestionTime": 1743638817321,
        "eventId": "38884444827349192419894714511898442726962618487007281154"
    },
    {
        "logStreamName": "2025/04/03/[$LATEST]3af37244992b4b0092433c6994272db5",
        "timestamp": 1743638810326,
        "message": "Directory /tmp/subtree was created!\n",
        "ingestionTime": 1743638817321,
        "eventId": "38884444827349192419894714511898442726962618487007281155"
    },
    {
        "logStreamName": "2025/04/03/[$LATEST]3af37244992b4b0092433c6994272db5",
        "timestamp": 1743638810518,
        "message": "FILE_TRANSFER RequestId: 98470958-c2ea-47eb-996a-523c952ee5c9\t TransferType: consumed\t Action: download_from_s3\t FileName: tree_ORTHOMCL1.nexus\t Bucket: denethor\t FilePath: tree/tree_ORTHOMCL1.nexus\t LocalFilePath: /tmp/tree/tree_ORTHOMCL1.nexus\t FileSize: 339 bytes\t TransferDuration: 191.10892000003332 ms\n",
        "ingestionTime": 1743638817321,
        "eventId": "38884444831630935498012594155073300635311103896155521028"
    },
    {
        "logStreamName": "2025/04/03/[$LATEST]3af37244992b4b0092433c6994272db5",
        "timestamp": 1743638810518,
        "message": "CONSUMED_FILES_INFO RequestId: 98470958-c2ea-47eb-996a-523c952ee5c9\t FilesCount: 1 files\t FilesSize: 339 bytes\t TransferDuration: 191.10892000003332 ms\t ConsumedFiles: ['tree_ORTHOMCL1.nexus']\n",
        "ingestionTime": 1743638817321,
        "eventId": "38884444831630935498012594155073300635311103896155521029"
    },
    {
        "logStreamName": "2025/04/03/[$LATEST]3af37244992b4b0092433c6994272db5",
        "timestamp": 1743638810518,
        "message": "Reading tree file tree_ORTHOMCL1.nexus\n",
        "ingestionTime": 1743638817321,
        "eventId": "38884444831630935498012594155073300635311103896155521030"
    },
    {
        "logStreamName": "2025/04/03/[$LATEST]3af37244992b4b0092433c6994272db5",
        "timestamp": 1743638810519,
        "message": "Subtree file tree_ORTHOMCL1_Inner3.nexus was created!\n",
        "ingestionTime": 1743638817321,
        "eventId": "38884444831653236243211124778214836353583752257661501447"
    },
    {
        "logStreamName": "2025/04/03/[$LATEST]3af37244992b4b0092433c6994272db5",
        "timestamp": 1743638810519,
        "message": "Subtree file tree_ORTHOMCL1_Inner2.nexus was created!\n",
        "ingestionTime": 1743638817321,
        "eventId": "38884444831653236243211124778214836353583752257661501448"
    },
    {
        "logStreamName": "2025/04/03/[$LATEST]3af37244992b4b0092433c6994272db5",
        "timestamp": 1743638810519,
        "message": "Subtree file tree_ORTHOMCL1_Inner1.nexus was created!\n",
        "ingestionTime": 1743638817321,
        "eventId": "38884444831653236243211124778214836353583752257661501449"
    },
    {
        "logStreamName": "2025/04/03/[$LATEST]3af37244992b4b0092433c6994272db5",
        "timestamp": 1743638810519,
        "message": "Tempo de construção dos arquivos de subárvores de ['tree_ORTHOMCL1.nexus']: 1.5330860001085966 milissegundos\n",
        "ingestionTime": 1743638817321,
        "eventId": "38884444831653236243211124778214836353583752257661501450"
    },
    {
        "logStreamName": "2025/04/03/[$LATEST]3af37244992b4b0092433c6994272db5",
        "timestamp": 1743638810519,
        "message": "[INFO] 2025-04-03T00:06:50GMT SUBTREE_CONSTRUCTOR RequestId: 98470958-c2ea-47eb-996a-523c952ee5c9\t Duration: 1.5330860001085966 ms\t InputTree: ['tree_ORTHOMCL1.nexus']\t OutputSubtrees: ['tree_ORTHOMCL1_Inner1.nexus', 'tree_ORTHOMCL1_Inner2.nexus', 'tree_ORTHOMCL1_Inner3.nexus']\n",
        "ingestionTime": 1743638817321,
        "eventId": "38884444831653236243211124778214836353583752257661501451"
    },
    {
        "logStreamName": "2025/04/03/[$LATEST]3af37244992b4b0092433c6994272db5",
        "timestamp": 1743638810519,
        "message": "[INFO]\t2025-04-03T00:06:50.519Z\t98470958-c2ea-47eb-996a-523c952ee5c9\tSUBTREE_CONSTRUCTOR RequestId: 98470958-c2ea-47eb-996a-523c952ee5c9\t Duration: 1.5330860001085966 ms\t InputTree: ['tree_ORTHOMCL1.nexus']\t OutputSubtrees: ['tree_ORTHOMCL1_Inner1.nexus', 'tree_ORTHOMCL1_Inner2.nexus', 'tree_ORTHOMCL1_Inner3.nexus']\n",
        "ingestionTime": 1743638817321,
        "eventId": "38884444831653236243211124778214836353583752257661501452"
    },
    {
        "logStreamName": "2025/04/03/[$LATEST]3af37244992b4b0092433c6994272db5",
        "timestamp": 1743638810678,
        "message": "FILE_TRANSFER RequestId: 98470958-c2ea-47eb-996a-523c952ee5c9\t TransferType: produced\t Action: upload_to_s3\t FileName: tree_ORTHOMCL1_Inner1.nexus\t Bucket: denethor\t FilePath: subtree/tree_ORTHOMCL1_Inner1.nexus\t LocalFilePath: /tmp/subtree/tree_ORTHOMCL1_Inner1.nexus\t FileSize: 185 bytes\t TransferDuration: 58.09197299981861 ms\n",
        "ingestionTime": 1743638817321,
        "eventId": "38884444835199054729777493857719015558934841737112387597"
    },
    {
        "logStreamName": "2025/04/03/[$LATEST]3af37244992b4b0092433c6994272db5",
        "timestamp": 1743638810730,
        "message": "FILE_TRANSFER RequestId: 98470958-c2ea-47eb-996a-523c952ee5c9\t TransferType: produced\t Action: upload_to_s3\t FileName: tree_ORTHOMCL1_Inner2.nexus\t Bucket: denethor\t FilePath: subtree/tree_ORTHOMCL1_Inner2.nexus\t LocalFilePath: /tmp/subtree/tree_ORTHOMCL1_Inner2.nexus\t FileSize: 185 bytes\t TransferDuration: 52.47661199996401 ms\n",
        "ingestionTime": 1743638817321,
        "eventId": "38884444836358693480101086261078872909112556535423369230"
    },
    {
        "logStreamName": "2025/04/03/[$LATEST]3af37244992b4b0092433c6994272db5",
        "timestamp": 1743638810770,
        "message": "FILE_TRANSFER RequestId: 98470958-c2ea-47eb-996a-523c952ee5c9\t TransferType: produced\t Action: upload_to_s3\t FileName: tree_ORTHOMCL1_Inner3.nexus\t Bucket: denethor\t FilePath: subtree/tree_ORTHOMCL1_Inner3.nexus\t LocalFilePath: /tmp/subtree/tree_ORTHOMCL1_Inner3.nexus\t FileSize: 339 bytes\t TransferDuration: 40.06513900003483 ms\n",
        "ingestionTime": 1743638817321,
        "eventId": "38884444837250723288042311186740301640018490995662585871"
    },
    {
        "logStreamName": "2025/04/03/[$LATEST]3af37244992b4b0092433c6994272db5",
        "timestamp": 1743638810771,
        "message": "PRODUCED_FILES_INFO RequestId: 98470958-c2ea-47eb-996a-523c952ee5c9\t FilesCount: 3 files\t FilesSize: 709 bytes\t TransferDuration: 150.63372399981745 ms\t Provider: aws_lambda\t  ProducedFiles: ['tree_ORTHOMCL1_Inner1.nexus', 'tree_ORTHOMCL1_Inner2.nexus', 'tree_ORTHOMCL1_Inner3.nexus']\n",
        "ingestionTime": 1743638817321,
        "eventId": "38884444837273024033240841809881837358291139357168566288"
    },
    {
        "logStreamName": "2025/04/03/[$LATEST]3af37244992b4b0092433c6994272db5",
        "timestamp": 1743638810773,
        "message": "END RequestId: 98470958-c2ea-47eb-996a-523c952ee5c9\n",
        "ingestionTime": 1743638817321,
        "eventId": "38884444837317625523637903056164908794836436080180527121"
    },
    {
        "logStreamName": "2025/04/03/[$LATEST]3af37244992b4b0092433c6994272db5",
        "timestamp": 1743638810773,
        "message": "REPORT RequestId: 98470958-c2ea-47eb-996a-523c952ee5c9\tDuration: 447.39 ms\tBilled Duration: 448 ms\tMemory Size: 256 MB\tMax Memory Used: 112 MB\tInit Duration: 890.87 ms\t\n",
        "ingestionTime": 1743638817321,
        "eventId": "38884444837317625523637903056164908794836436080180527122"
    },
    {
        "logStreamName": "2025/04/03/[$LATEST]3af37244992b4b0092433c6994272db5",
        "timestamp": 1743638810940,
        "message": "START RequestId: 70e6126a-f396-4700-aca6-f6ce3a0fc6b0 Version: $LATEST\n",
        "ingestionTime": 1743638817321,
        "eventId": "38884444841041849971792517120801373746368712451679256595"
    },
    {
        "logStreamName": "2025/04/03/[$LATEST]3af37244992b4b0092433c6994272db5",
        "timestamp": 1743638810999,
        "message": "FILE_TRANSFER RequestId: 70e6126a-f396-4700-aca6-f6ce3a0fc6b0\t TransferType: consumed\t Action: download_from_s3\t FileName: tree_ORTHOMCL256.nexus\t Bucket: denethor\t FilePath: tree/tree_ORTHOMCL256.nexus\t LocalFilePath: /tmp/tree/tree_ORTHOMCL256.nexus\t FileSize: 640 bytes\t TransferDuration: 58.39614900014567 ms\n",
        "ingestionTime": 1743638817321,
        "eventId": "38884444842357593938505823886151981124454965780532101140"
    },
    {
        "logStreamName": "2025/04/03/[$LATEST]3af37244992b4b0092433c6994272db5",
        "timestamp": 1743638810999,
        "message": "CONSUMED_FILES_INFO RequestId: 70e6126a-f396-4700-aca6-f6ce3a0fc6b0\t FilesCount: 1 files\t FilesSize: 640 bytes\t TransferDuration: 58.39614900014567 ms\t ConsumedFiles: ['tree_ORTHOMCL256.nexus']\n",
        "ingestionTime": 1743638817321,
        "eventId": "38884444842357593938505823886151981124454965780532101141"
    },
    {
        "logStreamName": "2025/04/03/[$LATEST]3af37244992b4b0092433c6994272db5",
        "timestamp": 1743638810999,
        "message": "Reading tree file tree_ORTHOMCL256.nexus\n",
        "ingestionTime": 1743638817321,
        "eventId": "38884444842357593938505823886151981124454965780532101142"
    },
    {
        "logStreamName": "2025/04/03/[$LATEST]3af37244992b4b0092433c6994272db5",
        "timestamp": 1743638811017,
        "message": "Subtree file tree_ORTHOMCL256_Inner8.nexus was created!\n",
        "ingestionTime": 1743638817321,
        "eventId": "38884444842759007352079375102699624053362636287639748631"
    },
    {
        "logStreamName": "2025/04/03/[$LATEST]3af37244992b4b0092433c6994272db5",
        "timestamp": 1743638811018,
        "message": "Subtree file tree_ORTHOMCL256_Inner7.nexus was created!\n",
        "ingestionTime": 1743638817321,
        "eventId": "38884444842781308097277905725841159771635284649145729048"
    },
    {
        "logStreamName": "2025/04/03/[$LATEST]3af37244992b4b0092433c6994272db5",
        "timestamp": 1743638811018,
        "message": "Subtree file tree_ORTHOMCL256_Inner6.nexus was created!\n",
        "ingestionTime": 1743638817321,
        "eventId": "38884444842781308097277905725841159771635284649145729049"
    },
    {
        "logStreamName": "2025/04/03/[$LATEST]3af37244992b4b0092433c6994272db5",
        "timestamp": 1743638811018,
        "message": "Subtree file tree_ORTHOMCL256_Inner5.nexus was created!\n",
        "ingestionTime": 1743638817321,
        "eventId": "38884444842781308097277905725841159771635284649145729050"
    },
    {
        "logStreamName": "2025/04/03/[$LATEST]3af37244992b4b0092433c6994272db5",
        "timestamp": 1743638811019,
        "message": "Subtree file tree_ORTHOMCL256_Inner3.nexus was created!\n",
        "ingestionTime": 1743638817321,
        "eventId": "38884444842803608842476436348982695489907933010651709467"
    },
    {
        "logStreamName": "2025/04/03/[$LATEST]3af37244992b4b0092433c6994272db5",
        "timestamp": 1743638811019,
        "message": "Subtree file tree_ORTHOMCL256_Inner2.nexus was created!\n",
        "ingestionTime": 1743638817321,
        "eventId": "38884444842803608842476436348982695489907933010651709468"
    },
    {
        "logStreamName": "2025/04/03/[$LATEST]3af37244992b4b0092433c6994272db5",
        "timestamp": 1743638811019,
        "message": "Subtree file tree_ORTHOMCL256_Inner1.nexus was created!\n",
        "ingestionTime": 1743638817321,
        "eventId": "38884444842803608842476436348982695489907933010651709469"
    },
    {
        "logStreamName": "2025/04/03/[$LATEST]3af37244992b4b0092433c6994272db5",
        "timestamp": 1743638811019,
        "message": "Subtree file tree_ORTHOMCL256_Inner4.nexus was created!\n",
        "ingestionTime": 1743638817321,
        "eventId": "38884444842803608842476436348982695489907933010651709470"
    },
    {
        "logStreamName": "2025/04/03/[$LATEST]3af37244992b4b0092433c6994272db5",
        "timestamp": 1743638811019,
        "message": "Tempo de construção dos arquivos de subárvores de ['tree_ORTHOMCL256.nexus']: 19.844207000005554 milissegundos\n",
        "ingestionTime": 1743638817321,
        "eventId": "38884444842803608842476436348982695489907933010651709471"
    },
    {
        "logStreamName": "2025/04/03/[$LATEST]3af37244992b4b0092433c6994272db5",
        "timestamp": 1743638811019,
        "message": "[INFO] 2025-04-03T00:06:51GMT SUBTREE_CONSTRUCTOR RequestId: 70e6126a-f396-4700-aca6-f6ce3a0fc6b0\t Duration: 19.844207000005554 ms\t InputTree: ['tree_ORTHOMCL256.nexus']\t OutputSubtrees: ['tree_ORTHOMCL256_Inner1.nexus', 'tree_ORTHOMCL256_Inner2.nexus', 'tree_ORTHOMCL256_Inner3.nexus', 'tree_ORTHOMCL256_Inner4.nexus', 'tree_ORTHOMCL256_Inner5.nexus', 'tree_ORTHOMCL256_Inner6.nexus', 'tree_ORTHOMCL256_Inner7.nexus', 'tree_ORTHOMCL256_Inner8.nexus']\n",
        "ingestionTime": 1743638817321,
        "eventId": "38884444842803608842476436348982695489907933010651709472"
    },
    {
        "logStreamName": "2025/04/03/[$LATEST]3af37244992b4b0092433c6994272db5",
        "timestamp": 1743638811019,
        "message": "[INFO]\t2025-04-03T00:06:51.019Z\t70e6126a-f396-4700-aca6-f6ce3a0fc6b0\tSUBTREE_CONSTRUCTOR RequestId: 70e6126a-f396-4700-aca6-f6ce3a0fc6b0\t Duration: 19.844207000005554 ms\t InputTree: ['tree_ORTHOMCL256.nexus']\t OutputSubtrees: ['tree_ORTHOMCL256_Inner1.nexus', 'tree_ORTHOMCL256_Inner2.nexus', 'tree_ORTHOMCL256_Inner3.nexus', 'tree_ORTHOMCL256_Inner4.nexus', 'tree_ORTHOMCL256_Inner5.nexus', 'tree_ORTHOMCL256_Inner6.nexus', 'tree_ORTHOMCL256_Inner7.nexus', 'tree_ORTHOMCL256_Inner8.nexus']\n",
        "ingestionTime": 1743638817321,
        "eventId": "38884444842803608842476436348982695489907933010651709473"
    },
    {
        "logStreamName": "2025/04/03/[$LATEST]3af37244992b4b0092433c6994272db5",
        "timestamp": 1743638811166,
        "message": "FILE_TRANSFER RequestId: 70e6126a-f396-4700-aca6-f6ce3a0fc6b0\t TransferType: produced\t Action: upload_to_s3\t FileName: tree_ORTHOMCL256_Inner1.nexus\t Bucket: denethor\t FilePath: subtree/tree_ORTHOMCL256_Inner1.nexus\t LocalFilePath: /tmp/subtree/tree_ORTHOMCL256_Inner1.nexus\t FileSize: 187 bytes\t TransferDuration: 46.16205999991507 ms\n",
        "ingestionTime": 1743638817321,
        "eventId": "38884444846081818386660437950788446075987242152030830626"
    },
    {
        "logStreamName": "2025/04/03/[$LATEST]3af37244992b4b0092433c6994272db5",
        "timestamp": 1743638811215,
        "message": "FILE_TRANSFER RequestId: 70e6126a-f396-4700-aca6-f6ce3a0fc6b0\t TransferType: produced\t Action: upload_to_s3\t FileName: tree_ORTHOMCL256_Inner2.nexus\t Bucket: denethor\t FilePath: subtree/tree_ORTHOMCL256_Inner2.nexus\t LocalFilePath: /tmp/subtree/tree_ORTHOMCL256_Inner2.nexus\t FileSize: 245 bytes\t TransferDuration: 49.599618999991435 ms\n",
        "ingestionTime": 1743638817321,
        "eventId": "38884444847174554901388438484723696271347011865823871011"
    },
    {
        "logStreamName": "2025/04/03/[$LATEST]3af37244992b4b0092433c6994272db5",
        "timestamp": 1743638811251,
        "message": "FILE_TRANSFER RequestId: 70e6126a-f396-4700-aca6-f6ce3a0fc6b0\t TransferType: produced\t Action: upload_to_s3\t FileName: tree_ORTHOMCL256_Inner3.nexus\t Bucket: denethor\t FilePath: subtree/tree_ORTHOMCL256_Inner3.nexus\t LocalFilePath: /tmp/subtree/tree_ORTHOMCL256_Inner3.nexus\t FileSize: 301 bytes\t TransferDuration: 35.9786559999975 ms\n",
        "ingestionTime": 1743638817321,
        "eventId": "38884444847977381728535540917818982129162352880039165988"
    },
    {
        "logStreamName": "2025/04/03/[$LATEST]3af37244992b4b0092433c6994272db5",
        "timestamp": 1743638811296,
        "message": "FILE_TRANSFER RequestId: 70e6126a-f396-4700-aca6-f6ce3a0fc6b0\t TransferType: produced\t Action: upload_to_s3\t FileName: tree_ORTHOMCL256_Inner4.nexus\t Bucket: denethor\t FilePath: subtree/tree_ORTHOMCL256_Inner4.nexus\t LocalFilePath: /tmp/subtree/tree_ORTHOMCL256_Inner4.nexus\t FileSize: 191 bytes\t TransferDuration: 44.04680500010727 ms\n",
        "ingestionTime": 1743638817321,
        "eventId": "38884444848980915262469418959188089451431529147808284709"
    },
    {
        "logStreamName": "2025/04/03/[$LATEST]3af37244992b4b0092433c6994272db5",
        "timestamp": 1743638811329,
        "message": "FILE_TRANSFER RequestId: 70e6126a-f396-4700-aca6-f6ce3a0fc6b0\t TransferType: produced\t Action: upload_to_s3\t FileName: tree_ORTHOMCL256_Inner5.nexus\t Bucket: denethor\t FilePath: subtree/tree_ORTHOMCL256_Inner5.nexus\t LocalFilePath: /tmp/subtree/tree_ORTHOMCL256_Inner5.nexus\t FileSize: 421 bytes\t TransferDuration: 33.43127700009063 ms\n",
        "ingestionTime": 1743638817321,
        "eventId": "38884444849716839854020929522858768154428925077505638438"
    },
    {
        "logStreamName": "2025/04/03/[$LATEST]3af37244992b4b0092433c6994272db5",
        "timestamp": 1743638811376,
        "message": "FILE_TRANSFER RequestId: 70e6126a-f396-4700-aca6-f6ce3a0fc6b0\t TransferType: produced\t Action: upload_to_s3\t FileName: tree_ORTHOMCL256_Inner6.nexus\t Bucket: denethor\t FilePath: subtree/tree_ORTHOMCL256_Inner6.nexus\t LocalFilePath: /tmp/subtree/tree_ORTHOMCL256_Inner6.nexus\t FileSize: 481 bytes\t TransferDuration: 47.327439000127924 ms\n",
        "ingestionTime": 1743638817321,
        "eventId": "38884444850764974878351868810510946913243398068286717991"
    },
    {
        "logStreamName": "2025/04/03/[$LATEST]3af37244992b4b0092433c6994272db5",
        "timestamp": 1743638811420,
        "message": "FILE_TRANSFER RequestId: 70e6126a-f396-4700-aca6-f6ce3a0fc6b0\t TransferType: produced\t Action: upload_to_s3\t FileName: tree_ORTHOMCL256_Inner7.nexus\t Bucket: denethor\t FilePath: subtree/tree_ORTHOMCL256_Inner7.nexus\t LocalFilePath: /tmp/subtree/tree_ORTHOMCL256_Inner7.nexus\t FileSize: 539 bytes\t TransferDuration: 42.982421000033355 ms\n",
        "ingestionTime": 1743638817321,
        "eventId": "38884444851746207667087216228738518517239925974549856296"
    },
    {
        "logStreamName": "2025/04/03/[$LATEST]3af37244992b4b0092433c6994272db5",
        "timestamp": 1743638811473,
        "message": "FILE_TRANSFER RequestId: 70e6126a-f396-4700-aca6-f6ce3a0fc6b0\t TransferType: produced\t Action: upload_to_s3\t FileName: tree_ORTHOMCL256_Inner8.nexus\t Bucket: denethor\t FilePath: subtree/tree_ORTHOMCL256_Inner8.nexus\t LocalFilePath: /tmp/subtree/tree_ORTHOMCL256_Inner8.nexus\t FileSize: 640 bytes\t TransferDuration: 52.9989960000421 ms\n",
        "ingestionTime": 1743638817321,
        "eventId": "38884444852928147162609339255239911585690289134366818345"
    },
    {
        "logStreamName": "2025/04/03/[$LATEST]3af37244992b4b0092433c6994272db5",
        "timestamp": 1743638811473,
        "message": "PRODUCED_FILES_INFO RequestId: 70e6126a-f396-4700-aca6-f6ce3a0fc6b0\t FilesCount: 8 files\t FilesSize: 3005 bytes\t TransferDuration: 352.5272730003053 ms\t Provider: aws_lambda\t  ProducedFiles: ['tree_ORTHOMCL256_Inner1.nexus', 'tree_ORTHOMCL256_Inner2.nexus', 'tree_ORTHOMCL256_Inner3.nexus', 'tree_ORTHOMCL256_Inner4.nexus', 'tree_ORTHOMCL256_Inner5.nexus', 'tree_ORTHOMCL256_Inner6.nexus', 'tree_ORTHOMCL256_Inner7.nexus', 'tree_ORTHOMCL256_Inner8.nexus']\n",
        "ingestionTime": 1743638817321,
        "eventId": "38884444852928147162609339255239911585690289134366818346"
    },
    {
        "logStreamName": "2025/04/03/[$LATEST]3af37244992b4b0092433c6994272db5",
        "timestamp": 1743638811474,
        "message": "END RequestId: 70e6126a-f396-4700-aca6-f6ce3a0fc6b0\n",
        "ingestionTime": 1743638817321,
        "eventId": "38884444852950447907807869878381447303962937495872798763"
    },
    {
        "logStreamName": "2025/04/03/[$LATEST]3af37244992b4b0092433c6994272db5",
        "timestamp": 1743638811474,
        "message": "REPORT RequestId: 70e6126a-f396-4700-aca6-f6ce3a0fc6b0\tDuration: 533.46 ms\tBilled Duration: 534 ms\tMemory Size: 256 MB\tMax Memory Used: 112 MB\t\n",
        "ingestionTime": 1743638817321,
        "eventId": "38884444852950447907807869878381447303962937495872798764"
    }
]