[
    {
        "logStreamName": "2025/04/17/[$LATEST]80b61f9b7f1b4941b96739210bca4582",
        "timestamp": 1744931922279,
        "message": "INIT_START Runtime Version: python:3.10.v64\tRuntime Version ARN: arn:aws:lambda:sa-east-1::runtime:d56bdc8857b2109a058de2ab50bfb80ac2aa600be6f7855a436859944e5fe54b\n",
        "ingestionTime": 1744931927115,
        "eventId": "38913282187526219726717136033790813316470555260139929600"
    },
    {
        "logStreamName": "2025/04/17/[$LATEST]80b61f9b7f1b4941b96739210bca4582",
        "timestamp": 1744931922944,
        "message": "START RequestId: 783c764e-4a67-4943-a9ee-923ebde4e6eb Version: $LATEST\n",
        "ingestionTime": 1744931927115,
        "eventId": "38913282202356215283740000422912065967781715661616906241"
    },
    {
        "logStreamName": "2025/04/17/[$LATEST]80b61f9b7f1b4941b96739210bca4582",
        "timestamp": 1744931922945,
        "message": "Directory /tmp/mafdb was created!\n",
        "ingestionTime": 1744931927115,
        "eventId": "38913282202378516028938531046053601686054364023122886658"
    },
    {
        "logStreamName": "2025/04/17/[$LATEST]80b61f9b7f1b4941b96739210bca4582",
        "timestamp": 1744931923374,
        "message": "FILE_TRANSFER RequestId: 783c764e-4a67-4943-a9ee-923ebde4e6eb\t TransferType: consumed\t Action: download_from_s3\t FileName: mafdb_6f7a2b1116e6a791f68a03367473294792b679a6357b6789f3f993b1f83e2e80.json\t Bucket: denethor\t FilePath: mafdb/mafdb_6f7a2b1116e6a791f68a03367473294792b679a6357b6789f3f993b1f83e2e80.json\t LocalFilePath: /tmp/mafdb/mafdb_6f7a2b1116e6a791f68a03367473294792b679a6357b6789f3f993b1f83e2e80.json\t FileSize: 185 bytes\t TransferDuration: 428.73372500002915 ms\n",
        "ingestionTime": 1744931927115,
        "eventId": "38913282211945535719108168373772424825020511109188485123"
    },
    {
        "logStreamName": "2025/04/17/[$LATEST]80b61f9b7f1b4941b96739210bca4582",
        "timestamp": 1744931923534,
        "message": "FILE_TRANSFER RequestId: 783c764e-4a67-4943-a9ee-923ebde4e6eb\t TransferType: consumed\t Action: download_from_s3\t FileName: mafdb_54d8ddd695de385cbe16742ebc6fdcb479cd2b8e3c0cd457826222c83fe6bb7c.json\t Bucket: denethor\t FilePath: mafdb/mafdb_54d8ddd695de385cbe16742ebc6fdcb479cd2b8e3c0cd457826222c83fe6bb7c.json\t LocalFilePath: /tmp/mafdb/mafdb_54d8ddd695de385cbe16742ebc6fdcb479cd2b8e3c0cd457826222c83fe6bb7c.json\t FileSize: 5180 bytes\t TransferDuration: 159.8960009999928 ms\n",
        "ingestionTime": 1744931927115,
        "eventId": "38913282215513654950873068076418139748644248950145351684"
    },
    {
        "logStreamName": "2025/04/17/[$LATEST]80b61f9b7f1b4941b96739210bca4582",
        "timestamp": 1744931923674,
        "message": "FILE_TRANSFER RequestId: 783c764e-4a67-4943-a9ee-923ebde4e6eb\t TransferType: consumed\t Action: download_from_s3\t FileName: mafdb_1f6ccfc97b000b314f6a6c7e2582a4263b17ffc061fef38bd3c9a63fa631759f.json\t Bucket: denethor\t FilePath: mafdb/mafdb_1f6ccfc97b000b314f6a6c7e2582a4263b17ffc061fef38bd3c9a63fa631759f.json\t LocalFilePath: /tmp/mafdb/mafdb_1f6ccfc97b000b314f6a6c7e2582a4263b17ffc061fef38bd3c9a63fa631759f.json\t FileSize: 5134 bytes\t TransferDuration: 139.9816769999802 ms\n",
        "ingestionTime": 1744931927115,
        "eventId": "38913282218635759278667355316233140306815019560982609925"
    },
    {
        "logStreamName": "2025/04/17/[$LATEST]80b61f9b7f1b4941b96739210bca4582",
        "timestamp": 1744931923814,
        "message": "FILE_TRANSFER RequestId: 783c764e-4a67-4943-a9ee-923ebde4e6eb\t TransferType: consumed\t Action: download_from_s3\t FileName: mafdb_bd5d862db8f1d6b261aaeb3b8ecb83d67004ffb7524cb75c5f1f8454224f7c91.json\t Bucket: denethor\t FilePath: mafdb/mafdb_bd5d862db8f1d6b261aaeb3b8ecb83d67004ffb7524cb75c5f1f8454224f7c91.json\t LocalFilePath: /tmp/mafdb/mafdb_bd5d862db8f1d6b261aaeb3b8ecb83d67004ffb7524cb75c5f1f8454224f7c91.json\t FileSize: 355 bytes\t TransferDuration: 139.87922400002617 ms\n",
        "ingestionTime": 1744931927115,
        "eventId": "38913282221757863606461642556048140864985790171819868166"
    },
    {
        "logStreamName": "2025/04/17/[$LATEST]80b61f9b7f1b4941b96739210bca4582",
        "timestamp": 1744931923974,
        "message": "FILE_TRANSFER RequestId: 783c764e-4a67-4943-a9ee-923ebde4e6eb\t TransferType: consumed\t Action: download_from_s3\t FileName: mafdb_861b6fcf310a5a4a01036477cd0e28e972c4aa89be1fcccfc0eab6cd45e9fd74.json\t Bucket: denethor\t FilePath: mafdb/mafdb_861b6fcf310a5a4a01036477cd0e28e972c4aa89be1fcccfc0eab6cd45e9fd74.json\t LocalFilePath: /tmp/mafdb/mafdb_861b6fcf310a5a4a01036477cd0e28e972c4aa89be1fcccfc0eab6cd45e9fd74.json\t FileSize: 355 bytes\t TransferDuration: 159.9120630000357 ms\n",
        "ingestionTime": 1744931927115,
        "eventId": "38913282225325982838226542258693855788609528012776734727"
    },
    {
        "logStreamName": "2025/04/17/[$LATEST]80b61f9b7f1b4941b96739210bca4582",
        "timestamp": 1744931924152,
        "message": "FILE_TRANSFER RequestId: 783c764e-4a67-4943-a9ee-923ebde4e6eb\t TransferType: consumed\t Action: download_from_s3\t FileName: mafdb_7d398773bfc3e4435be56d8711457fd7fc190e97e32d7ec51a8a702e16118c4d.json\t Bucket: denethor\t FilePath: mafdb/mafdb_7d398773bfc3e4435be56d8711457fd7fc190e97e32d7ec51a8a702e16118c4d.json\t LocalFilePath: /tmp/mafdb/mafdb_7d398773bfc3e4435be56d8711457fd7fc190e97e32d7ec51a8a702e16118c4d.json\t FileSize: 355 bytes\t TransferDuration: 178.4800450000148 ms\n",
        "ingestionTime": 1744931927115,
        "eventId": "38913282229295515483564993177887213641140936360841248776"
    },
    {
        "logStreamName": "2025/04/17/[$LATEST]80b61f9b7f1b4941b96739210bca4582",
        "timestamp": 1744931924294,
        "message": "FILE_TRANSFER RequestId: 783c764e-4a67-4943-a9ee-923ebde4e6eb\t TransferType: consumed\t Action: download_from_s3\t FileName: mafdb_c451a256436a5fc45a562eaf2fead8dd42917b32894e636d2b705f5405224a88.json\t Bucket: denethor\t FilePath: mafdb/mafdb_c451a256436a5fc45a562eaf2fead8dd42917b32894e636d2b705f5405224a88.json\t LocalFilePath: /tmp/mafdb/mafdb_c451a256436a5fc45a562eaf2fead8dd42917b32894e636d2b705f5405224a88.json\t FileSize: 355 bytes\t TransferDuration: 141.28433600001244 ms\n",
        "ingestionTime": 1744931927115,
        "eventId": "38913282232462221301756341663985285635857003694690467849"
    },
    {
        "logStreamName": "2025/04/17/[$LATEST]80b61f9b7f1b4941b96739210bca4582",
        "timestamp": 1744931924434,
        "message": "FILE_TRANSFER RequestId: 783c764e-4a67-4943-a9ee-923ebde4e6eb\t TransferType: consumed\t Action: download_from_s3\t FileName: mafdb_7511017a4e93687a5be47b55aa4c08eff48c283a8153f5e070747057ad693f80.json\t Bucket: denethor\t FilePath: mafdb/mafdb_7511017a4e93687a5be47b55aa4c08eff48c283a8153f5e070747057ad693f80.json\t LocalFilePath: /tmp/mafdb/mafdb_7511017a4e93687a5be47b55aa4c08eff48c283a8153f5e070747057ad693f80.json\t FileSize: 314 bytes\t TransferDuration: 140.01085199998897 ms\n",
        "ingestionTime": 1744931927115,
        "eventId": "38913282235584325629550628903800286194027774305527726090"
    },
    {
        "logStreamName": "2025/04/17/[$LATEST]80b61f9b7f1b4941b96739210bca4582",
        "timestamp": 1744931924594,
        "message": "FILE_TRANSFER RequestId: 783c764e-4a67-4943-a9ee-923ebde4e6eb\t TransferType: consumed\t Action: download_from_s3\t FileName: mafdb_3891ae3bc299950ca7a78c4d495828659f2cb320e0641ad8c6bfc4ced2d8e2b0.json\t Bucket: denethor\t FilePath: mafdb/mafdb_3891ae3bc299950ca7a78c4d495828659f2cb320e0641ad8c6bfc4ced2d8e2b0.json\t LocalFilePath: /tmp/mafdb/mafdb_3891ae3bc299950ca7a78c4d495828659f2cb320e0641ad8c6bfc4ced2d8e2b0.json\t FileSize: 355 bytes\t TransferDuration: 159.804916999974 ms\n",
        "ingestionTime": 1744931927115,
        "eventId": "38913282239152444861315528606446001117651512146484592651"
    },
    {
        "logStreamName": "2025/04/17/[$LATEST]80b61f9b7f1b4941b96739210bca4582",
        "timestamp": 1744931924734,
        "message": "FILE_TRANSFER RequestId: 783c764e-4a67-4943-a9ee-923ebde4e6eb\t TransferType: consumed\t Action: download_from_s3\t FileName: mafdb_58aa863a1439bf886daca0713239dba1882676aea5266e0af5bebad97529db92.json\t Bucket: denethor\t FilePath: mafdb/mafdb_58aa863a1439bf886daca0713239dba1882676aea5266e0af5bebad97529db92.json\t LocalFilePath: /tmp/mafdb/mafdb_58aa863a1439bf886daca0713239dba1882676aea5266e0af5bebad97529db92.json\t FileSize: 314 bytes\t TransferDuration: 140.053077999994 ms\n",
        "ingestionTime": 1744931927115,
        "eventId": "38913282242274549189109815846261001675822282757321850892"
    },
    {
        "logStreamName": "2025/04/17/[$LATEST]80b61f9b7f1b4941b96739210bca4582",
        "timestamp": 1744931924874,
        "message": "FILE_TRANSFER RequestId: 783c764e-4a67-4943-a9ee-923ebde4e6eb\t TransferType: consumed\t Action: download_from_s3\t FileName: mafdb_c1f206b6efa75e1df509578ad4d9fb9ea330d34e7283ccf9d6ad80fdedf66b9a.json\t Bucket: denethor\t FilePath: mafdb/mafdb_c1f206b6efa75e1df509578ad4d9fb9ea330d34e7283ccf9d6ad80fdedf66b9a.json\t LocalFilePath: /tmp/mafdb/mafdb_c1f206b6efa75e1df509578ad4d9fb9ea330d34e7283ccf9d6ad80fdedf66b9a.json\t FileSize: 314 bytes\t TransferDuration: 139.91953099997545 ms\n",
        "ingestionTime": 1744931927115,
        "eventId": "38913282245396653516904103086076002233993053368159109133"
    },
    {
        "logStreamName": "2025/04/17/[$LATEST]80b61f9b7f1b4941b96739210bca4582",
        "timestamp": 1744931925014,
        "message": "FILE_TRANSFER RequestId: 783c764e-4a67-4943-a9ee-923ebde4e6eb\t TransferType: consumed\t Action: download_from_s3\t FileName: mafdb_c3c2025f352d34b4b79a48619176577388b06f30619772ddea31df49ee988aff.json\t Bucket: denethor\t FilePath: mafdb/mafdb_c3c2025f352d34b4b79a48619176577388b06f30619772ddea31df49ee988aff.json\t LocalFilePath: /tmp/mafdb/mafdb_c3c2025f352d34b4b79a48619176577388b06f30619772ddea31df49ee988aff.json\t FileSize: 314 bytes\t TransferDuration: 139.87702299999683 ms\n",
        "ingestionTime": 1744931927115,
        "eventId": "38913282248518757844698390325891002792163823978996367374"
    },
    {
        "logStreamName": "2025/04/17/[$LATEST]80b61f9b7f1b4941b96739210bca4582",
        "timestamp": 1744931925154,
        "message": "FILE_TRANSFER RequestId: 783c764e-4a67-4943-a9ee-923ebde4e6eb\t TransferType: consumed\t Action: download_from_s3\t FileName: mafdb_c5b5a3a4bd54a110140df77527325958d257fc9b669bca89b332593540c1dc20.json\t Bucket: denethor\t FilePath: mafdb/mafdb_c5b5a3a4bd54a110140df77527325958d257fc9b669bca89b332593540c1dc20.json\t LocalFilePath: /tmp/mafdb/mafdb_c5b5a3a4bd54a110140df77527325958d257fc9b669bca89b332593540c1dc20.json\t FileSize: 273 bytes\t TransferDuration: 139.96045800001866 ms\n",
        "ingestionTime": 1744931927115,
        "eventId": "38913282251640862172492677565706003350334594589833625615"
    },
    {
        "logStreamName": "2025/04/17/[$LATEST]80b61f9b7f1b4941b96739210bca4582",
        "timestamp": 1744931925314,
        "message": "FILE_TRANSFER RequestId: 783c764e-4a67-4943-a9ee-923ebde4e6eb\t TransferType: consumed\t Action: download_from_s3\t FileName: mafdb_51e18dc31f0c330513b45085a52c5ecd1e4a0a9130d2805a71368f1cbe17f65e.json\t Bucket: denethor\t FilePath: mafdb/mafdb_51e18dc31f0c330513b45085a52c5ecd1e4a0a9130d2805a71368f1cbe17f65e.json\t LocalFilePath: /tmp/mafdb/mafdb_51e18dc31f0c330513b45085a52c5ecd1e4a0a9130d2805a71368f1cbe17f65e.json\t FileSize: 314 bytes\t TransferDuration: 159.92466400001604 ms\n",
        "ingestionTime": 1744931927115,
        "eventId": "38913282255208981404257577268351718273958332430790492176"
    },
    {
        "logStreamName": "2025/04/17/[$LATEST]80b61f9b7f1b4941b96739210bca4582",
        "timestamp": 1744931925454,
        "message": "FILE_TRANSFER RequestId: 783c764e-4a67-4943-a9ee-923ebde4e6eb\t TransferType: consumed\t Action: download_from_s3\t FileName: mafdb_95cfb922ebd546f21edcc627a60ea2a6235550bbba3696739fcaca409f1a0232.json\t Bucket: denethor\t FilePath: mafdb/mafdb_95cfb922ebd546f21edcc627a60ea2a6235550bbba3696739fcaca409f1a0232.json\t LocalFilePath: /tmp/mafdb/mafdb_95cfb922ebd546f21edcc627a60ea2a6235550bbba3696739fcaca409f1a0232.json\t FileSize: 273 bytes\t TransferDuration: 139.9404210000057 ms\n",
        "ingestionTime": 1744931927115,
        "eventId": "38913282258331085732051864508166718832129103041627750417"
    },
    {
        "logStreamName": "2025/04/17/[$LATEST]80b61f9b7f1b4941b96739210bca4582",
        "timestamp": 1744931925614,
        "message": "FILE_TRANSFER RequestId: 783c764e-4a67-4943-a9ee-923ebde4e6eb\t TransferType: consumed\t Action: download_from_s3\t FileName: mafdb_783d326a98c97c227099cd46e1eb2739e8954c844e628390759f21e7b4e19db0.json\t Bucket: denethor\t FilePath: mafdb/mafdb_783d326a98c97c227099cd46e1eb2739e8954c844e628390759f21e7b4e19db0.json\t LocalFilePath: /tmp/mafdb/mafdb_783d326a98c97c227099cd46e1eb2739e8954c844e628390759f21e7b4e19db0.json\t FileSize: 273 bytes\t TransferDuration: 159.9687519999975 ms\n",
        "ingestionTime": 1744931927115,
        "eventId": "38913282261899204963816764210812433755752840882584616978"
    },
    {
        "logStreamName": "2025/04/17/[$LATEST]80b61f9b7f1b4941b96739210bca4582",
        "timestamp": 1744931925774,
        "message": "FILE_TRANSFER RequestId: 783c764e-4a67-4943-a9ee-923ebde4e6eb\t TransferType: consumed\t Action: download_from_s3\t FileName: mafdb_e7fcb374868f23c5b66908ff13d437f525bdef064d3f7604b08f9b68087e91c4.json\t Bucket: denethor\t FilePath: mafdb/mafdb_e7fcb374868f23c5b66908ff13d437f525bdef064d3f7604b08f9b68087e91c4.json\t LocalFilePath: /tmp/mafdb/mafdb_e7fcb374868f23c5b66908ff13d437f525bdef064d3f7604b08f9b68087e91c4.json\t FileSize: 273 bytes\t TransferDuration: 159.72711000000572 ms\n",
        "ingestionTime": 1744931927115,
        "eventId": "38913282265467324195581663913458148679376578723541483539"
    },
    {
        "logStreamName": "2025/04/17/[$LATEST]80b61f9b7f1b4941b96739210bca4582",
        "timestamp": 1744931925914,
        "message": "FILE_TRANSFER RequestId: 783c764e-4a67-4943-a9ee-923ebde4e6eb\t TransferType: consumed\t Action: download_from_s3\t FileName: mafdb_bdf7b87e05be228017da27afd5fd158ebe4fcf138008526635b8bcdbe380f328.json\t Bucket: denethor\t FilePath: mafdb/mafdb_bdf7b87e05be228017da27afd5fd158ebe4fcf138008526635b8bcdbe380f328.json\t LocalFilePath: /tmp/mafdb/mafdb_bdf7b87e05be228017da27afd5fd158ebe4fcf138008526635b8bcdbe380f328.json\t FileSize: 273 bytes\t TransferDuration: 140.06828100002622 ms\n",
        "ingestionTime": 1744931927115,
        "eventId": "38913282268589428523375951153273149237547349334378741780"
    },
    {
        "logStreamName": "2025/04/17/[$LATEST]80b61f9b7f1b4941b96739210bca4582",
        "timestamp": 1744931926074,
        "message": "FILE_TRANSFER RequestId: 783c764e-4a67-4943-a9ee-923ebde4e6eb\t TransferType: consumed\t Action: download_from_s3\t FileName: mafdb_1d419943bc17a86fe648d8caad874862360b7c73c08c99b7c26040bc9939b002.json\t Bucket: denethor\t FilePath: mafdb/mafdb_1d419943bc17a86fe648d8caad874862360b7c73c08c99b7c26040bc9939b002.json\t LocalFilePath: /tmp/mafdb/mafdb_1d419943bc17a86fe648d8caad874862360b7c73c08c99b7c26040bc9939b002.json\t FileSize: 273 bytes\t TransferDuration: 159.91262000000006 ms\n",
        "ingestionTime": 1744931927115,
        "eventId": "38913282272157547755140850855918864161171087175335608341"
    },
    {
        "logStreamName": "2025/04/17/[$LATEST]80b61f9b7f1b4941b96739210bca4582",
        "timestamp": 1744931926214,
        "message": "FILE_TRANSFER RequestId: 783c764e-4a67-4943-a9ee-923ebde4e6eb\t TransferType: consumed\t Action: download_from_s3\t FileName: mafdb_31199a0a134043b94c15114abad10433bfa58c2f87e3106720f88bf29e76f1ae.json\t Bucket: denethor\t FilePath: mafdb/mafdb_31199a0a134043b94c15114abad10433bfa58c2f87e3106720f88bf29e76f1ae.json\t LocalFilePath: /tmp/mafdb/mafdb_31199a0a134043b94c15114abad10433bfa58c2f87e3106720f88bf29e76f1ae.json\t FileSize: 273 bytes\t TransferDuration: 139.8957170000017 ms\n",
        "ingestionTime": 1744931927115,
        "eventId": "38913282275279652082935138095733864719341857786172866582"
    },
    {
        "logStreamName": "2025/04/17/[$LATEST]80b61f9b7f1b4941b96739210bca4582",
        "timestamp": 1744931926374,
        "message": "FILE_TRANSFER RequestId: 783c764e-4a67-4943-a9ee-923ebde4e6eb\t TransferType: consumed\t Action: download_from_s3\t FileName: mafdb_c2a1e960932a069de5927d1067dde414f501136aba941befca2a4654e72bb08a.json\t Bucket: denethor\t FilePath: mafdb/mafdb_c2a1e960932a069de5927d1067dde414f501136aba941befca2a4654e72bb08a.json\t LocalFilePath: /tmp/mafdb/mafdb_c2a1e960932a069de5927d1067dde414f501136aba941befca2a4654e72bb08a.json\t FileSize: 273 bytes\t TransferDuration: 159.96625899998662 ms\n",
        "ingestionTime": 1744931927115,
        "eventId": "38913282278847771314700037798379579642965595627129733143"
    },
    {
        "logStreamName": "2025/04/17/[$LATEST]80b61f9b7f1b4941b96739210bca4582",
        "timestamp": 1744931926514,
        "message": "FILE_TRANSFER RequestId: 783c764e-4a67-4943-a9ee-923ebde4e6eb\t TransferType: consumed\t Action: download_from_s3\t FileName: mafdb_49ad0997fa75ff9233f44bffe4f6033aaaf8676ed8f4cbac92057d25395497e6.json\t Bucket: denethor\t FilePath: mafdb/mafdb_49ad0997fa75ff9233f44bffe4f6033aaaf8676ed8f4cbac92057d25395497e6.json\t LocalFilePath: /tmp/mafdb/mafdb_49ad0997fa75ff9233f44bffe4f6033aaaf8676ed8f4cbac92057d25395497e6.json\t FileSize: 273 bytes\t TransferDuration: 139.92736099999092 ms\n",
        "ingestionTime": 1744931927115,
        "eventId": "38913282281969875642494325038194580201136366237966991384"
    },
    {
        "logStreamName": "2025/04/17/[$LATEST]80b61f9b7f1b4941b96739210bca4582",
        "timestamp": 1744931926674,
        "message": "FILE_TRANSFER RequestId: 783c764e-4a67-4943-a9ee-923ebde4e6eb\t TransferType: consumed\t Action: download_from_s3\t FileName: mafdb_406ececbafe0a937f2a967e4dae5f862923efb2e1397870f6cc1ba8e050e1da7.json\t Bucket: denethor\t FilePath: mafdb/mafdb_406ececbafe0a937f2a967e4dae5f862923efb2e1397870f6cc1ba8e050e1da7.json\t LocalFilePath: /tmp/mafdb/mafdb_406ececbafe0a937f2a967e4dae5f862923efb2e1397870f6cc1ba8e050e1da7.json\t FileSize: 273 bytes\t TransferDuration: 159.92141700002094 ms\n",
        "ingestionTime": 1744931927115,
        "eventId": "38913282285537994874259224740840295124760104078923857945"
    },
    {
        "logStreamName": "2025/04/17/[$LATEST]80b61f9b7f1b4941b96739210bca4582",
        "timestamp": 1744931926834,
        "message": "FILE_TRANSFER RequestId: 783c764e-4a67-4943-a9ee-923ebde4e6eb\t TransferType: consumed\t Action: download_from_s3\t FileName: mafdb_e7f2f9266538f691bae81aa42aeb881fcfc1833e62d05d9141e808a0cb0095fa.json\t Bucket: denethor\t FilePath: mafdb/mafdb_e7f2f9266538f691bae81aa42aeb881fcfc1833e62d05d9141e808a0cb0095fa.json\t LocalFilePath: /tmp/mafdb/mafdb_e7f2f9266538f691bae81aa42aeb881fcfc1833e62d05d9141e808a0cb0095fa.json\t FileSize: 273 bytes\t TransferDuration: 159.91970900000751 ms\n",
        "ingestionTime": 1744931927115,
        "eventId": "38913282289106114106024124443486010048383841919880724506"
    },
    {
        "logStreamName": "2025/04/17/[$LATEST]80b61f9b7f1b4941b96739210bca4582",
        "timestamp": 1744931926994,
        "message": "FILE_TRANSFER RequestId: 783c764e-4a67-4943-a9ee-923ebde4e6eb\t TransferType: consumed\t Action: download_from_s3\t FileName: mafdb_e883ff130a9d34d26c58c15a735e96baab78aacec64abad0788f83f54423b943.json\t Bucket: denethor\t FilePath: mafdb/mafdb_e883ff130a9d34d26c58c15a735e96baab78aacec64abad0788f83f54423b943.json\t LocalFilePath: /tmp/mafdb/mafdb_e883ff130a9d34d26c58c15a735e96baab78aacec64abad0788f83f54423b943.json\t FileSize: 273 bytes\t TransferDuration: 159.89364000000705 ms\n",
        "ingestionTime": 1744931927115,
        "eventId": "38913282292674233337789024146131724972007579760837591067"
    },
    {
        "logStreamName": "2025/04/17/[$LATEST]80b61f9b7f1b4941b96739210bca4582",
        "timestamp": 1744931926994,
        "message": "CONSUMED_FILES_INFO RequestId: 783c764e-4a67-4943-a9ee-923ebde4e6eb\t FilesCount: 25 files\t FilesSize: 17120 bytes\t TransferDuration: 4046.858881000105 ms\t ConsumedFiles: ['mafdb_6f7a2b1116e6a791f68a03367473294792b679a6357b6789f3f993b1f83e2e80.json', 'mafdb_54d8ddd695de385cbe16742ebc6fdcb479cd2b8e3c0cd457826222c83fe6bb7c.json', 'mafdb_1f6ccfc97b000b314f6a6c7e2582a4263b17ffc061fef38bd3c9a63fa631759f.json', 'mafdb_bd5d862db8f1d6b261aaeb3b8ecb83d67004ffb7524cb75c5f1f8454224f7c91.json', 'mafdb_861b6fcf310a5a4a01036477cd0e28e972c4aa89be1fcccfc0eab6cd45e9fd74.json', 'mafdb_7d398773bfc3e4435be56d8711457fd7fc190e97e32d7ec51a8a702e16118c4d.json', 'mafdb_c451a256436a5fc45a562eaf2fead8dd42917b32894e636d2b705f5405224a88.json', 'mafdb_7511017a4e93687a5be47b55aa4c08eff48c283a8153f5e070747057ad693f80.json', 'mafdb_3891ae3bc299950ca7a78c4d495828659f2cb320e0641ad8c6bfc4ced2d8e2b0.json', 'mafdb_58aa863a1439bf886daca0713239dba1882676aea5266e0af5bebad97529db92.json', 'mafdb_c1f206b6efa75e1df509578ad4d9fb9ea330d34e7283ccf9d6ad80fdedf66b9a.json', 'mafdb_c3c2025f352d34b4b79a48619176577388b06f30619772ddea31df49ee988aff.json', 'mafdb_c5b5a3a4bd54a110140df77527325958d257fc9b669bca89b332593540c1dc20.json', 'mafdb_51e18dc31f0c330513b45085a52c5ecd1e4a0a9130d2805a71368f1cbe17f65e.json', 'mafdb_95cfb922ebd546f21edcc627a60ea2a6235550bbba3696739fcaca409f1a0232.json', 'mafdb_783d326a98c97c227099cd46e1eb2739e8954c844e628390759f21e7b4e19db0.json', 'mafdb_e7fcb374868f23c5b66908ff13d437f525bdef064d3f7604b08f9b68087e91c4.json', 'mafdb_bdf7b87e05be228017da27afd5fd158ebe4fcf138008526635b8bcdbe380f328.json', 'mafdb_1d419943bc17a86fe648d8caad874862360b7c73c08c99b7c26040bc9939b002.json', 'mafdb_31199a0a134043b94c15114abad10433bfa58c2f87e3106720f88bf29e76f1ae.json', 'mafdb_c2a1e960932a069de5927d1067dde414f501136aba941befca2a4654e72bb08a.json', 'mafdb_49ad0997fa75ff9233f44bffe4f6033aaaf8676ed8f4cbac92057d25395497e6.json', 'mafdb_406ececbafe0a937f2a967e4dae5f862923efb2e1397870f6cc1ba8e050e1da7.json', 'mafdb_e7f2f9266538f691bae81aa42aeb881fcfc1833e62d05d9141e808a0cb0095fa.json', 'mafdb_e883ff130a9d34d26c58c15a735e96baab78aacec64abad0788f83f54423b943.json']\n",
        "ingestionTime": 1744931927115,
        "eventId": "38913282292674233337789024146131724972007579760837591068"
    },
    {
        "logStreamName": "2025/04/17/[$LATEST]80b61f9b7f1b4941b96739210bca4582",
        "timestamp": 1744931926996,
        "message": "[INFO]\t2025-04-17T23:18:46.996Z\t783c764e-4a67-4943-a9ee-923ebde4e6eb\tMAF_DATABASE_AGGREGATOR RequestId: 783c764e-4a67-4943-a9ee-923ebde4e6eb\t Duration: 1.66335500000514 ms\t InputLength: 25\t MaxMaf: 8\t MafDatabase: {'1': {'tree_ORTHOMCL256_Inner4.nexus': ['tree_ORTHOMCL256_2_Inner4.nexus', 'tree_ORTHOMCL256_2_Inner5.nexus', 'tree_ORTHOMCL256_2_Inner6.nexus', 'tree_ORTHOMCL256_2_Inner7.nexus', 'tree_ORTHOMCL256_2_Inner8.nexus'], 'tree_ORTHOMCL256_Inner5.nexus': ['tree_ORTHOMCL256_2_Inner4.nexus'], 'tree_ORTHOMCL256_Inner6.nexus': ['tree_ORTHOMCL256_2_Inner4.nexus'], 'tree_ORTHOMCL256_Inner7.nexus': ['tree_ORTHOMCL256_2_Inner4.nexus'], 'tree_ORTHOMCL256_Inner8.nexus': ['tree_ORTHOMCL256_2_Inner4.nexus'], 'tree_ORTHOMCL256_2_Inner4.nexus': ['tree_ORTHOMCL256_Inner4.nexus', 'tree_ORTHOMCL256_Inner5.nexus', 'tree_ORTHOMCL256_Inner6.nexus', 'tree_ORTHOMCL256_Inner7.nexus', 'tree_ORTHOMCL256_Inner8.nexus'], 'tree_ORTHOMCL256_2_Inner5.nexus': ['tree_ORTHOMCL256_Inner4.nexus'], 'tree_ORTHOMCL256_2_Inner6.nexus': ['tree_ORTHOMCL256_Inner4.nexus'], 'tree_ORTHOMCL256_2_Inner7.nexus': ['tree_ORTHOMCL256_Inner4.nexus'], 'tree_ORTHOMCL256_2_Inner8.nexus': ['tree_ORTHOMCL256_Inner4.nexus']}, '2': {'tree_ORTHOMCL256_Inner1.nexus': ['tree_ORTHOMCL256_2_Inner1.nexus', 'tree_ORTHOMCL256_2_Inner2.nexus', 'tree_ORTHOMCL256_2_Inner3.nexus', 'tree_ORTHOMCL256_2_Inner5.nexus', 'tree_ORTHOMCL256_2_Inner6.nexus', 'tree_ORTHOMCL256_2_Inner7.nexus', 'tree_ORTHOMCL256_2_Inner8.nexus'], 'tree_ORTHOMCL256_Inner2.nexus': ['tree_ORTHOMCL256_2_Inner1.nexus', 'tree_ORTHOMCL256_2_Inner2.nexus', 'tree_ORTHOMCL256_2_Inner3.nexus', 'tree_ORTHOMCL256_2_Inner5.nexus', 'tree_ORTHOMCL256_2_Inner6.nexus', 'tree_ORTHOMCL256_2_Inner7.nexus', 'tree_ORTHOMCL256_2_Inner8.nexus'], 'tree_ORTHOMCL256_Inner3.nexus': ['tree_ORTHOMCL256_2_Inner1.nexus', 'tree_ORTHOMCL256_2_Inner2.nexus'], 'tree_ORTHOMCL256_Inner5.nexus': ['tree_ORTHOMCL256_2_Inner1.nexus', 'tree_ORTHOMCL256_2_Inner2.nexus'], 'tree_ORTHOMCL256_Inner6.nexus': ['tree_ORTHOMCL256_2_Inner1.nexus', 'tree_ORTHOMCL256_2_Inner2.nexus'], 'tree_ORTHOMCL256_Inner7.nexus': ['tree_ORTHOMCL256_2_Inner1.nexus', 'tree_ORTHOMCL256_2_Inner2.nexus'], 'tree_ORTHOMCL256_Inner8.nexus': ['tree_ORTHOMCL256_2_Inner1.nexus', 'tree_ORTHOMCL256_2_Inner2.nexus'], 'tree_ORTHOMCL256_2_Inner1.nexus': ['tree_ORTHOMCL256_Inner1.nexus', 'tree_ORTHOMCL256_Inner2.nexus', 'tree_ORTHOMCL256_Inner3.nexus', 'tree_ORTHOMCL256_Inner5.nexus', 'tree_ORTHOMCL256_Inner6.nexus', 'tree_ORTHOMCL256_Inner7.nexus', 'tree_ORTHOMCL256_Inner8.nexus'], 'tree_ORTHOMCL256_2_Inner2.nexus': ['tree_ORTHOMCL256_Inner1.nexus', 'tree_ORTHOMCL256_Inner2.nexus', 'tree_ORTHOMCL256_Inner3.nexus', 'tree_ORTHOMCL256_Inner5.nexus', 'tree_ORTHOMCL256_Inner6.nexus', 'tree_ORTHOMCL256_Inner7.nexus', 'tree_ORTHOMCL256_Inner8.nexus'], 'tree_ORTHOMCL256_2_Inner3.nexus': ['tree_ORTHOMCL256_Inner1.nexus', 'tree_ORTHOMCL256_Inner2.nexus'], 'tree_ORTHOMCL256_2_Inner5.nexus': ['tree_ORTHOMCL256_Inner1.nexus', 'tree_ORTHOMCL256_Inner2.nexus'], 'tree_ORTHOMCL256_2_Inner6.nexus': ['tree_ORTHOMCL256_Inner1.nexus', 'tree_ORTHOMCL256_Inner2.nexus'], 'tree_ORTHOMCL256_2_Inner7.nexus': ['tree_ORTHOMCL256_Inner1.nexus', 'tree_ORTHOMCL256_Inner2.nexus'], 'tree_ORTHOMCL256_2_Inner8.nexus': ['tree_ORTHOMCL256_Inner1.nexus', 'tree_ORTHOMCL256_Inner2.nexus']}, '3': {'tree_ORTHOMCL256_Inner3.nexus': ['tree_ORTHOMCL256_2_Inner3.nexus', 'tree_ORTHOMCL256_2_Inner5.nexus', 'tree_ORTHOMCL256_2_Inner6.nexus', 'tree_ORTHOMCL256_2_Inner7.nexus', 'tree_ORTHOMCL256_2_Inner8.nexus'], 'tree_ORTHOMCL256_Inner5.nexus': ['tree_ORTHOMCL256_2_Inner3.nexus'], 'tree_ORTHOMCL256_Inner6.nexus': ['tree_ORTHOMCL256_2_Inner3.nexus'], 'tree_ORTHOMCL256_Inner7.nexus': ['tree_ORTHOMCL256_2_Inner3.nexus'], 'tree_ORTHOMCL256_Inner8.nexus': ['tree_ORTHOMCL256_2_Inner3.nexus'], 'tree_ORTHOMCL256_2_Inner3.nexus': ['tree_ORTHOMCL256_Inner3.nexus', 'tree_ORTHOMCL256_Inner5.nexus', 'tree_ORTHOMCL256_Inner6.nexus', 'tree_ORTHOMCL256_Inner7.nexus', 'tree_ORTHOMCL256_Inner8.nexus'], 'tree_ORTHOMCL256_2_Inner5.nexus': ['tree_ORTHOMCL256_Inner3.nexus'], 'tree_ORTHOMCL256_2_Inner6.nexus': ['tree_ORTHOMCL256_Inner3.nexus'], 'tree_ORTHOMCL256_2_Inner7.nexus': ['tree_ORTHOMCL256_Inner3.nexus'], 'tree_ORTHOMCL256_2_Inner8.nexus': ['tree_ORTHOMCL256_Inner3.nexus']}, '4': {'tree_ORTHOMCL256_Inner5.nexus': ['tree_ORTHOMCL256_2_Inner5.nexus', 'tree_ORTHOMCL256_2_Inner6.nexus', 'tree_ORTHOMCL256_2_Inner7.nexus', 'tree_ORTHOMCL256_2_Inner8.nexus'], 'tree_ORTHOMCL256_Inner6.nexus': ['tree_ORTHOMCL256_2_Inner5.nexus'], 'tree_ORTHOMCL256_Inner7.nexus': ['tree_ORTHOMCL256_2_Inner5.nexus'], 'tree_ORTHOMCL256_Inner8.nexus': ['tree_ORTHOMCL256_2_Inner5.nexus'], 'tree_ORTHOMCL256_2_Inner5.nexus': ['tree_ORTHOMCL256_Inner5.nexus', 'tree_ORTHOMCL256_Inner6.nexus', 'tree_ORTHOMCL256_Inner7.nexus', 'tree_ORTHOMCL256_Inner8.nexus'], 'tree_ORTHOMCL256_2_Inner6.nexus': ['tree_ORTHOMCL256_Inner5.nexus'], 'tree_ORTHOMCL256_2_Inner7.nexus': ['tree_ORTHOMCL256_Inner5.nexus'], 'tree_ORTHOMCL256_2_Inner8.nexus': ['tree_ORTHOMCL256_Inner5.nexus']}, '5': {'tree_ORTHOMCL256_Inner6.nexus': ['tree_ORTHOMCL256_2_Inner6.nexus', 'tree_ORTHOMCL256_2_Inner7.nexus', 'tree_ORTHOMCL256_2_Inner8.nexus'], 'tree_ORTHOMCL256_Inner7.nexus': ['tree_ORTHOMCL256_2_Inner6.nexus'], 'tree_ORTHOMCL256_Inner8.nexus': ['tree_ORTHOMCL256_2_Inner6.nexus'], 'tree_ORTHOMCL256_2_Inner6.nexus': ['tree_ORTHOMCL256_Inner6.nexus', 'tree_ORTHOMCL256_Inner7.nexus', 'tree_ORTHOMCL256_Inner8.nexus'], 'tree_ORTHOMCL256_2_Inner7.nexus': ['tree_ORTHOMCL256_Inner6.nexus'], 'tree_ORTHOMCL256_2_Inner8.nexus': ['tree_ORTHOMCL256_Inner6.nexus']}, '6': {'tree_ORTHOMCL256_Inner7.nexus': ['tree_ORTHOMCL256_2_Inner7.nexus', 'tree_ORTHOMCL256_2_Inner8.nexus'], 'tree_ORTHOMCL256_Inner8.nexus': ['tree_ORTHOMCL256_2_Inner7.nexus'], 'tree_ORTHOMCL256_2_Inner7.nexus': ['tree_ORTHOMCL256_Inner7.nexus', 'tree_ORTHOMCL256_Inner8.nexus'], 'tree_ORTHOMCL256_2_Inner8.nexus': ['tree_ORTHOMCL256_Inner7.nexus']}, '8': {'tree_ORTHOMCL256_Inner8.nexus': ['tree_ORTHOMCL256_2_Inner8.nexus'], 'tree_ORTHOMCL256_2_Inner8.nexus': ['tree_ORTHOMCL256_Inner8.nexus']}}\n",
        "ingestionTime": 1744931927115,
        "eventId": "38913282292718834828186085392414796408552876483849551901"
    },
    {
        "logStreamName": "2025/04/17/[$LATEST]80b61f9b7f1b4941b96739210bca4582",
        "timestamp": 1744931926996,
        "message": "[INFO] 2025-04-17T23:18:46GMT MAF_DATABASE_AGGREGATOR RequestId: 783c764e-4a67-4943-a9ee-923ebde4e6eb\t Duration: 1.66335500000514 ms\t InputLength: 25\t MaxMaf: 8\t MafDatabase: {'1': {'tree_ORTHOMCL256_Inner4.nexus': ['tree_ORTHOMCL256_2_Inner4.nexus', 'tree_ORTHOMCL256_2_Inner5.nexus', 'tree_ORTHOMCL256_2_Inner6.nexus', 'tree_ORTHOMCL256_2_Inner7.nexus', 'tree_ORTHOMCL256_2_Inner8.nexus'], 'tree_ORTHOMCL256_Inner5.nexus': ['tree_ORTHOMCL256_2_Inner4.nexus'], 'tree_ORTHOMCL256_Inner6.nexus': ['tree_ORTHOMCL256_2_Inner4.nexus'], 'tree_ORTHOMCL256_Inner7.nexus': ['tree_ORTHOMCL256_2_Inner4.nexus'], 'tree_ORTHOMCL256_Inner8.nexus': ['tree_ORTHOMCL256_2_Inner4.nexus'], 'tree_ORTHOMCL256_2_Inner4.nexus': ['tree_ORTHOMCL256_Inner4.nexus', 'tree_ORTHOMCL256_Inner5.nexus', 'tree_ORTHOMCL256_Inner6.nexus', 'tree_ORTHOMCL256_Inner7.nexus', 'tree_ORTHOMCL256_Inner8.nexus'], 'tree_ORTHOMCL256_2_Inner5.nexus': ['tree_ORTHOMCL256_Inner4.nexus'], 'tree_ORTHOMCL256_2_Inner6.nexus': ['tree_ORTHOMCL256_Inner4.nexus'], 'tree_ORTHOMCL256_2_Inner7.nexus': ['tree_ORTHOMCL256_Inner4.nexus'], 'tree_ORTHOMCL256_2_Inner8.nexus': ['tree_ORTHOMCL256_Inner4.nexus']}, '2': {'tree_ORTHOMCL256_Inner1.nexus': ['tree_ORTHOMCL256_2_Inner1.nexus', 'tree_ORTHOMCL256_2_Inner2.nexus', 'tree_ORTHOMCL256_2_Inner3.nexus', 'tree_ORTHOMCL256_2_Inner5.nexus', 'tree_ORTHOMCL256_2_Inner6.nexus', 'tree_ORTHOMCL256_2_Inner7.nexus', 'tree_ORTHOMCL256_2_Inner8.nexus'], 'tree_ORTHOMCL256_Inner2.nexus': ['tree_ORTHOMCL256_2_Inner1.nexus', 'tree_ORTHOMCL256_2_Inner2.nexus', 'tree_ORTHOMCL256_2_Inner3.nexus', 'tree_ORTHOMCL256_2_Inner5.nexus', 'tree_ORTHOMCL256_2_Inner6.nexus', 'tree_ORTHOMCL256_2_Inner7.nexus', 'tree_ORTHOMCL256_2_Inner8.nexus'], 'tree_ORTHOMCL256_Inner3.nexus': ['tree_ORTHOMCL256_2_Inner1.nexus', 'tree_ORTHOMCL256_2_Inner2.nexus'], 'tree_ORTHOMCL256_Inner5.nexus': ['tree_ORTHOMCL256_2_Inner1.nexus', 'tree_ORTHOMCL256_2_Inner2.nexus'], 'tree_ORTHOMCL256_Inner6.nexus': ['tree_ORTHOMCL256_2_Inner1.nexus', 'tree_ORTHOMCL256_2_Inner2.nexus'], 'tree_ORTHOMCL256_Inner7.nexus': ['tree_ORTHOMCL256_2_Inner1.nexus', 'tree_ORTHOMCL256_2_Inner2.nexus'], 'tree_ORTHOMCL256_Inner8.nexus': ['tree_ORTHOMCL256_2_Inner1.nexus', 'tree_ORTHOMCL256_2_Inner2.nexus'], 'tree_ORTHOMCL256_2_Inner1.nexus': ['tree_ORTHOMCL256_Inner1.nexus', 'tree_ORTHOMCL256_Inner2.nexus', 'tree_ORTHOMCL256_Inner3.nexus', 'tree_ORTHOMCL256_Inner5.nexus', 'tree_ORTHOMCL256_Inner6.nexus', 'tree_ORTHOMCL256_Inner7.nexus', 'tree_ORTHOMCL256_Inner8.nexus'], 'tree_ORTHOMCL256_2_Inner2.nexus': ['tree_ORTHOMCL256_Inner1.nexus', 'tree_ORTHOMCL256_Inner2.nexus', 'tree_ORTHOMCL256_Inner3.nexus', 'tree_ORTHOMCL256_Inner5.nexus', 'tree_ORTHOMCL256_Inner6.nexus', 'tree_ORTHOMCL256_Inner7.nexus', 'tree_ORTHOMCL256_Inner8.nexus'], 'tree_ORTHOMCL256_2_Inner3.nexus': ['tree_ORTHOMCL256_Inner1.nexus', 'tree_ORTHOMCL256_Inner2.nexus'], 'tree_ORTHOMCL256_2_Inner5.nexus': ['tree_ORTHOMCL256_Inner1.nexus', 'tree_ORTHOMCL256_Inner2.nexus'], 'tree_ORTHOMCL256_2_Inner6.nexus': ['tree_ORTHOMCL256_Inner1.nexus', 'tree_ORTHOMCL256_Inner2.nexus'], 'tree_ORTHOMCL256_2_Inner7.nexus': ['tree_ORTHOMCL256_Inner1.nexus', 'tree_ORTHOMCL256_Inner2.nexus'], 'tree_ORTHOMCL256_2_Inner8.nexus': ['tree_ORTHOMCL256_Inner1.nexus', 'tree_ORTHOMCL256_Inner2.nexus']}, '3': {'tree_ORTHOMCL256_Inner3.nexus': ['tree_ORTHOMCL256_2_Inner3.nexus', 'tree_ORTHOMCL256_2_Inner5.nexus', 'tree_ORTHOMCL256_2_Inner6.nexus', 'tree_ORTHOMCL256_2_Inner7.nexus', 'tree_ORTHOMCL256_2_Inner8.nexus'], 'tree_ORTHOMCL256_Inner5.nexus': ['tree_ORTHOMCL256_2_Inner3.nexus'], 'tree_ORTHOMCL256_Inner6.nexus': ['tree_ORTHOMCL256_2_Inner3.nexus'], 'tree_ORTHOMCL256_Inner7.nexus': ['tree_ORTHOMCL256_2_Inner3.nexus'], 'tree_ORTHOMCL256_Inner8.nexus': ['tree_ORTHOMCL256_2_Inner3.nexus'], 'tree_ORTHOMCL256_2_Inner3.nexus': ['tree_ORTHOMCL256_Inner3.nexus', 'tree_ORTHOMCL256_Inner5.nexus', 'tree_ORTHOMCL256_Inner6.nexus', 'tree_ORTHOMCL256_Inner7.nexus', 'tree_ORTHOMCL256_Inner8.nexus'], 'tree_ORTHOMCL256_2_Inner5.nexus': ['tree_ORTHOMCL256_Inner3.nexus'], 'tree_ORTHOMCL256_2_Inner6.nexus': ['tree_ORTHOMCL256_Inner3.nexus'], 'tree_ORTHOMCL256_2_Inner7.nexus': ['tree_ORTHOMCL256_Inner3.nexus'], 'tree_ORTHOMCL256_2_Inner8.nexus': ['tree_ORTHOMCL256_Inner3.nexus']}, '4': {'tree_ORTHOMCL256_Inner5.nexus': ['tree_ORTHOMCL256_2_Inner5.nexus', 'tree_ORTHOMCL256_2_Inner6.nexus', 'tree_ORTHOMCL256_2_Inner7.nexus', 'tree_ORTHOMCL256_2_Inner8.nexus'], 'tree_ORTHOMCL256_Inner6.nexus': ['tree_ORTHOMCL256_2_Inner5.nexus'], 'tree_ORTHOMCL256_Inner7.nexus': ['tree_ORTHOMCL256_2_Inner5.nexus'], 'tree_ORTHOMCL256_Inner8.nexus': ['tree_ORTHOMCL256_2_Inner5.nexus'], 'tree_ORTHOMCL256_2_Inner5.nexus': ['tree_ORTHOMCL256_Inner5.nexus', 'tree_ORTHOMCL256_Inner6.nexus', 'tree_ORTHOMCL256_Inner7.nexus', 'tree_ORTHOMCL256_Inner8.nexus'], 'tree_ORTHOMCL256_2_Inner6.nexus': ['tree_ORTHOMCL256_Inner5.nexus'], 'tree_ORTHOMCL256_2_Inner7.nexus': ['tree_ORTHOMCL256_Inner5.nexus'], 'tree_ORTHOMCL256_2_Inner8.nexus': ['tree_ORTHOMCL256_Inner5.nexus']}, '5': {'tree_ORTHOMCL256_Inner6.nexus': ['tree_ORTHOMCL256_2_Inner6.nexus', 'tree_ORTHOMCL256_2_Inner7.nexus', 'tree_ORTHOMCL256_2_Inner8.nexus'], 'tree_ORTHOMCL256_Inner7.nexus': ['tree_ORTHOMCL256_2_Inner6.nexus'], 'tree_ORTHOMCL256_Inner8.nexus': ['tree_ORTHOMCL256_2_Inner6.nexus'], 'tree_ORTHOMCL256_2_Inner6.nexus': ['tree_ORTHOMCL256_Inner6.nexus', 'tree_ORTHOMCL256_Inner7.nexus', 'tree_ORTHOMCL256_Inner8.nexus'], 'tree_ORTHOMCL256_2_Inner7.nexus': ['tree_ORTHOMCL256_Inner6.nexus'], 'tree_ORTHOMCL256_2_Inner8.nexus': ['tree_ORTHOMCL256_Inner6.nexus']}, '6': {'tree_ORTHOMCL256_Inner7.nexus': ['tree_ORTHOMCL256_2_Inner7.nexus', 'tree_ORTHOMCL256_2_Inner8.nexus'], 'tree_ORTHOMCL256_Inner8.nexus': ['tree_ORTHOMCL256_2_Inner7.nexus'], 'tree_ORTHOMCL256_2_Inner7.nexus': ['tree_ORTHOMCL256_Inner7.nexus', 'tree_ORTHOMCL256_Inner8.nexus'], 'tree_ORTHOMCL256_2_Inner8.nexus': ['tree_ORTHOMCL256_Inner7.nexus']}, '8': {'tree_ORTHOMCL256_Inner8.nexus': ['tree_ORTHOMCL256_2_Inner8.nexus'], 'tree_ORTHOMCL256_2_Inner8.nexus': ['tree_ORTHOMCL256_Inner8.nexus']}}\n",
        "ingestionTime": 1744931927115,
        "eventId": "38913282292718834828186085392414796408552876483849551902"
    },
    {
        "logStreamName": "2025/04/17/[$LATEST]80b61f9b7f1b4941b96739210bca4582",
        "timestamp": 1744931927174,
        "message": "FILE_TRANSFER RequestId: 783c764e-4a67-4943-a9ee-923ebde4e6eb\t TransferType: produced\t Action: upload_to_s3\t FileName: mafdb_e05d042487db27110aa46a50ee69789843ea1fbfb0ee88f701e69971c6b74731.json\t Bucket: denethor\t FilePath: mafdb/mafdb_e05d042487db27110aa46a50ee69789843ea1fbfb0ee88f701e69971c6b74731.json\t LocalFilePath: /tmp/mafdb/mafdb_e05d042487db27110aa46a50ee69789843ea1fbfb0ee88f701e69971c6b74731.json\t FileSize: 16385 bytes\t TransferDuration: 177.55986899999243 ms\n",
        "ingestionTime": 1744931936195,
        "eventId": "38913282296688367473524536322585107929167022936547000320"
    },
    {
        "logStreamName": "2025/04/17/[$LATEST]80b61f9b7f1b4941b96739210bca4582",
        "timestamp": 1744931927174,
        "message": "PRODUCED_FILES_INFO RequestId: 783c764e-4a67-4943-a9ee-923ebde4e6eb\t FilesCount: 1 files\t FilesSize: 16385 bytes\t TransferDuration: 177.55986899999243 ms\t Provider: aws_lambda\t  ProducedFiles: ['mafdb_e05d042487db27110aa46a50ee69789843ea1fbfb0ee88f701e69971c6b74731.json']\n",
        "ingestionTime": 1744931936195,
        "eventId": "38913282296688367473524536322585107929167022936547000321"
    },
    {
        "logStreamName": "2025/04/17/[$LATEST]80b61f9b7f1b4941b96739210bca4582",
        "timestamp": 1744931927176,
        "message": "END RequestId: 783c764e-4a67-4943-a9ee-923ebde4e6eb\n",
        "ingestionTime": 1744931936195,
        "eventId": "38913282296732968963921597568868179365712319659558961154"
    },
    {
        "logStreamName": "2025/04/17/[$LATEST]80b61f9b7f1b4941b96739210bca4582",
        "timestamp": 1744931927176,
        "message": "REPORT RequestId: 783c764e-4a67-4943-a9ee-923ebde4e6eb\tDuration: 4232.11 ms\tBilled Duration: 4233 ms\tMemory Size: 128 MB\tMax Memory Used: 107 MB\tInit Duration: 664.83 ms\t\n",
        "ingestionTime": 1744931936195,
        "eventId": "38913282296732968963921597568868179365712319659558961155"
    }
]