[
    {
        "logStreamName": "2025/04/03/[$LATEST]d0b60baf34144af29123a4abe0e5a4be",
        "timestamp": 1743638816071,
        "message": "INIT_START Runtime Version: python:3.10.v64\tRuntime Version ARN: arn:aws:lambda:sa-east-1::runtime:d56bdc8857b2109a058de2ab50bfb80ac2aa600be6f7855a436859944e5fe54b\n",
        "ingestionTime": 1743638816434,
        "eventId": "38884444955466973585453144458948937490477644687501557760"
    },
    {
        "logStreamName": "2025/04/03/[$LATEST]d0b60baf34144af29123a4abe0e5a4be",
        "timestamp": 1743638816923,
        "message": "START RequestId: 3a6d5ed0-ab70-4790-a510-d54197b53f06 Version: $LATEST\n",
        "ingestionTime": 1743638825942,
        "eventId": "38884444974467208494601235387031816135291910249425666048"
    },
    {
        "logStreamName": "2025/04/03/[$LATEST]d0b60baf34144af29123a4abe0e5a4be",
        "timestamp": 1743638816925,
        "message": "Directory /tmp/mafdb was created!\n",
        "ingestionTime": 1743638825942,
        "eventId": "38884444974511809984998296633314887571837206972437626881"
    },
    {
        "logStreamName": "2025/04/03/[$LATEST]d0b60baf34144af29123a4abe0e5a4be",
        "timestamp": 1743638817137,
        "message": "FILE_TRANSFER RequestId: 3a6d5ed0-ab70-4790-a510-d54197b53f06\t TransferType: consumed\t Action: download_from_s3\t FileName: mafdb_6f7a2b1116e6a791f68a03367473294792b679a6357b6789f3f993b1f83e2e80.json\t Bucket: denethor\t FilePath: mafdb/mafdb_6f7a2b1116e6a791f68a03367473294792b679a6357b6789f3f993b1f83e2e80.json\t LocalFilePath: /tmp/mafdb/mafdb_6f7a2b1116e6a791f68a03367473294792b679a6357b6789f3f993b1f83e2e80.json\t FileSize: 185 bytes\t TransferDuration: 212.6662320001742 ms\n",
        "ingestionTime": 1743638825942,
        "eventId": "38884444979239567967086788739320459845638659611705475074"
    },
    {
        "logStreamName": "2025/04/03/[$LATEST]d0b60baf34144af29123a4abe0e5a4be",
        "timestamp": 1743638817202,
        "message": "FILE_TRANSFER RequestId: 3a6d5ed0-ab70-4790-a510-d54197b53f06\t TransferType: consumed\t Action: download_from_s3\t FileName: mafdb_98e1a0698cbb3ad22654b18daf794e4cacd094e1e043d17e253b37083af465ed.json\t Bucket: denethor\t FilePath: mafdb/mafdb_98e1a0698cbb3ad22654b18daf794e4cacd094e1e043d17e253b37083af465ed.json\t LocalFilePath: /tmp/mafdb/mafdb_98e1a0698cbb3ad22654b18daf794e4cacd094e1e043d17e253b37083af465ed.json\t FileSize: 396 bytes\t TransferDuration: 64.53736599996773 ms\n",
        "ingestionTime": 1743638825942,
        "eventId": "38884444980689116404991279243520281533360803109594202115"
    },
    {
        "logStreamName": "2025/04/03/[$LATEST]d0b60baf34144af29123a4abe0e5a4be",
        "timestamp": 1743638817202,
        "message": "CONSUMED_FILES_INFO RequestId: 3a6d5ed0-ab70-4790-a510-d54197b53f06\t FilesCount: 2 files\t FilesSize: 581 bytes\t TransferDuration: 277.20359800014194 ms\t ConsumedFiles: ['mafdb_6f7a2b1116e6a791f68a03367473294792b679a6357b6789f3f993b1f83e2e80.json', 'mafdb_98e1a0698cbb3ad22654b18daf794e4cacd094e1e043d17e253b37083af465ed.json']\n",
        "ingestionTime": 1743638825942,
        "eventId": "38884444980689116404991279243520281533360803109594202116"
    },
    {
        "logStreamName": "2025/04/03/[$LATEST]d0b60baf34144af29123a4abe0e5a4be",
        "timestamp": 1743638817203,
        "message": "[INFO] 2025-04-03T00:06:57GMT MAF_DATABASE_AGGREGATOR RequestId: 3a6d5ed0-ab70-4790-a510-d54197b53f06\t Duration: 0.3261509996264067 ms\t InputLength: 2\t MaxMaf: 0\t MafDatabase: {}\n",
        "ingestionTime": 1743638825942,
        "eventId": "38884444980711417150189809866661817251633451471100182533"
    },
    {
        "logStreamName": "2025/04/03/[$LATEST]d0b60baf34144af29123a4abe0e5a4be",
        "timestamp": 1743638817203,
        "message": "[INFO]\t2025-04-03T00:06:57.202Z\t3a6d5ed0-ab70-4790-a510-d54197b53f06\tMAF_DATABASE_AGGREGATOR RequestId: 3a6d5ed0-ab70-4790-a510-d54197b53f06\t Duration: 0.3261509996264067 ms\t InputLength: 2\t MaxMaf: 0\t MafDatabase: {}\n",
        "ingestionTime": 1743638825942,
        "eventId": "38884444980711417150189809866661817251633451471100182534"
    },
    {
        "logStreamName": "2025/04/03/[$LATEST]d0b60baf34144af29123a4abe0e5a4be",
        "timestamp": 1743638817298,
        "message": "FILE_TRANSFER RequestId: 3a6d5ed0-ab70-4790-a510-d54197b53f06\t TransferType: produced\t Action: upload_to_s3\t FileName: mafdb_45cbc9bc03b36072876f03fb879a229fd9bd3bfaea1682dcf885c349b07fdac6.json\t Bucket: denethor\t FilePath: mafdb/mafdb_45cbc9bc03b36072876f03fb879a229fd9bd3bfaea1682dcf885c349b07fdac6.json\t LocalFilePath: /tmp/mafdb/mafdb_45cbc9bc03b36072876f03fb879a229fd9bd3bfaea1682dcf885c349b07fdac6.json\t FileSize: 597 bytes\t TransferDuration: 95.4898290001438 ms\n",
        "ingestionTime": 1743638825942,
        "eventId": "38884444982829987944050219065107710487535045814168322055"
    },
    {
        "logStreamName": "2025/04/03/[$LATEST]d0b60baf34144af29123a4abe0e5a4be",
        "timestamp": 1743638817298,
        "message": "PRODUCED_FILES_INFO RequestId: 3a6d5ed0-ab70-4790-a510-d54197b53f06\t FilesCount: 1 files\t FilesSize: 597 bytes\t TransferDuration: 95.4898290001438 ms\t Provider: aws_lambda\t  ProducedFiles: ['mafdb_45cbc9bc03b36072876f03fb879a229fd9bd3bfaea1682dcf885c349b07fdac6.json']\n",
        "ingestionTime": 1743638825942,
        "eventId": "38884444982829987944050219065107710487535045814168322056"
    },
    {
        "logStreamName": "2025/04/03/[$LATEST]d0b60baf34144af29123a4abe0e5a4be",
        "timestamp": 1743638817300,
        "message": "END RequestId: 3a6d5ed0-ab70-4790-a510-d54197b53f06\n",
        "ingestionTime": 1743638825942,
        "eventId": "38884444982874589434447280311390781924080342537180282889"
    },
    {
        "logStreamName": "2025/04/03/[$LATEST]d0b60baf34144af29123a4abe0e5a4be",
        "timestamp": 1743638817300,
        "message": "REPORT RequestId: 3a6d5ed0-ab70-4790-a510-d54197b53f06\tDuration: 376.55 ms\tBilled Duration: 377 ms\tMemory Size: 256 MB\tMax Memory Used: 106 MB\tInit Duration: 850.68 ms\t\n",
        "ingestionTime": 1743638825942,
        "eventId": "38884444982874589434447280311390781924080342537180282890"
    }
]