[
    {
        "logStreamName": "2025/04/18/[$LATEST]4087266b45d64b389b6d350ef101861d",
        "timestamp": 1744943392913,
        "message": "INIT_START Runtime Version: python:3.10.v64\tRuntime Version ARN: arn:aws:lambda:sa-east-1::runtime:d56bdc8857b2109a058de2ab50bfb80ac2aa600be6f7855a436859944e5fe54b\n",
        "ingestionTime": 1744943396348,
        "eventId": "38913537991212319328832998385665022506979695793370300416"
    },
    {
        "logStreamName": "2025/04/18/[$LATEST]4087266b45d64b389b6d350ef101861d",
        "timestamp": 1744943393669,
        "message": "START RequestId: 61570503-8809-4728-bcef-775b76cf4b68 Version: $LATEST\n",
        "ingestionTime": 1744943396348,
        "eventId": "38913538008071682698922149480666025521101857091891494913"
    },
    {
        "logStreamName": "2025/04/18/[$LATEST]4087266b45d64b389b6d350ef101861d",
        "timestamp": 1744943393671,
        "message": "Directory /tmp/mafdb was created!\n",
        "ingestionTime": 1744943396348,
        "eventId": "38913538008116284189319210726949096957647153814903455746"
    },
    {
        "logStreamName": "2025/04/18/[$LATEST]4087266b45d64b389b6d350ef101861d",
        "timestamp": 1744943393756,
        "message": "FILE_TRANSFER RequestId: 61570503-8809-4728-bcef-775b76cf4b68\t TransferType: consumed\t Action: download_from_s3\t FileName: mafdb_6f7a2b1116e6a791f68a03367473294792b679a6357b6789f3f993b1f83e2e80.json\t Bucket: denethor\t FilePath: mafdb/mafdb_6f7a2b1116e6a791f68a03367473294792b679a6357b6789f3f993b1f83e2e80.json\t LocalFilePath: /tmp/mafdb/mafdb_6f7a2b1116e6a791f68a03367473294792b679a6357b6789f3f993b1f83e2e80.json\t FileSize: 185 bytes\t TransferDuration: 85.49893300005351 ms\n",
        "ingestionTime": 1744943396348,
        "eventId": "38913538010011847531194313693979633010822264542911791107"
    },
    {
        "logStreamName": "2025/04/18/[$LATEST]4087266b45d64b389b6d350ef101861d",
        "timestamp": 1744943393816,
        "message": "FILE_TRANSFER RequestId: 61570503-8809-4728-bcef-775b76cf4b68\t TransferType: consumed\t Action: download_from_s3\t FileName: mafdb_54d8ddd695de385cbe16742ebc6fdcb479cd2b8e3c0cd457826222c83fe6bb7c.json\t Bucket: denethor\t FilePath: mafdb/mafdb_54d8ddd695de385cbe16742ebc6fdcb479cd2b8e3c0cd457826222c83fe6bb7c.json\t LocalFilePath: /tmp/mafdb/mafdb_54d8ddd695de385cbe16742ebc6fdcb479cd2b8e3c0cd457826222c83fe6bb7c.json\t FileSize: 5180 bytes\t TransferDuration: 59.2796629998702 ms\n",
        "ingestionTime": 1744943396348,
        "eventId": "38913538011349892243106151082471776107181166233270616068"
    },
    {
        "logStreamName": "2025/04/18/[$LATEST]4087266b45d64b389b6d350ef101861d",
        "timestamp": 1744943393875,
        "message": "FILE_TRANSFER RequestId: 61570503-8809-4728-bcef-775b76cf4b68\t TransferType: consumed\t Action: download_from_s3\t FileName: mafdb_1f6ccfc97b000b314f6a6c7e2582a4263b17ffc061fef38bd3c9a63fa631759f.json\t Bucket: denethor\t FilePath: mafdb/mafdb_1f6ccfc97b000b314f6a6c7e2582a4263b17ffc061fef38bd3c9a63fa631759f.json\t LocalFilePath: /tmp/mafdb/mafdb_1f6ccfc97b000b314f6a6c7e2582a4263b17ffc061fef38bd3c9a63fa631759f.json\t FileSize: 5134 bytes\t TransferDuration: 59.57478200002697 ms\n",
        "ingestionTime": 1744943396348,
        "eventId": "38913538012665636209819457847822383485267419562123460613"
    },
    {
        "logStreamName": "2025/04/18/[$LATEST]4087266b45d64b389b6d350ef101861d",
        "timestamp": 1744943393917,
        "message": "FILE_TRANSFER RequestId: 61570503-8809-4728-bcef-775b76cf4b68\t TransferType: consumed\t Action: download_from_s3\t FileName: mafdb_bd5d862db8f1d6b261aaeb3b8ecb83d67004ffb7524cb75c5f1f8454224f7c91.json\t Bucket: denethor\t FilePath: mafdb/mafdb_bd5d862db8f1d6b261aaeb3b8ecb83d67004ffb7524cb75c5f1f8454224f7c91.json\t LocalFilePath: /tmp/mafdb/mafdb_bd5d862db8f1d6b261aaeb3b8ecb83d67004ffb7524cb75c5f1f8454224f7c91.json\t FileSize: 355 bytes\t TransferDuration: 41.96538500013958 ms\n",
        "ingestionTime": 1744943396348,
        "eventId": "38913538013602267508157744019766883652718650745374638086"
    },
    {
        "logStreamName": "2025/04/18/[$LATEST]4087266b45d64b389b6d350ef101861d",
        "timestamp": 1744943394006,
        "message": "FILE_TRANSFER RequestId: 61570503-8809-4728-bcef-775b76cf4b68\t TransferType: consumed\t Action: download_from_s3\t FileName: mafdb_861b6fcf310a5a4a01036477cd0e28e972c4aa89be1fcccfc0eab6cd45e9fd74.json\t Bucket: denethor\t FilePath: mafdb/mafdb_861b6fcf310a5a4a01036477cd0e28e972c4aa89be1fcccfc0eab6cd45e9fd74.json\t LocalFilePath: /tmp/mafdb/mafdb_861b6fcf310a5a4a01036477cd0e28e972c4aa89be1fcccfc0eab6cd45e9fd74.json\t FileSize: 355 bytes\t TransferDuration: 88.34928400005992 ms\n",
        "ingestionTime": 1744943396348,
        "eventId": "38913538015587033830826969479363562578984354919406895111"
    },
    {
        "logStreamName": "2025/04/18/[$LATEST]4087266b45d64b389b6d350ef101861d",
        "timestamp": 1744943394054,
        "message": "FILE_TRANSFER RequestId: 61570503-8809-4728-bcef-775b76cf4b68\t TransferType: consumed\t Action: download_from_s3\t FileName: mafdb_7d398773bfc3e4435be56d8711457fd7fc190e97e32d7ec51a8a702e16118c4d.json\t Bucket: denethor\t FilePath: mafdb/mafdb_7d398773bfc3e4435be56d8711457fd7fc190e97e32d7ec51a8a702e16118c4d.json\t LocalFilePath: /tmp/mafdb/mafdb_7d398773bfc3e4435be56d8711457fd7fc190e97e32d7ec51a8a702e16118c4d.json\t FileSize: 355 bytes\t TransferDuration: 47.80560700010028 ms\n",
        "ingestionTime": 1744943396348,
        "eventId": "38913538016657469600356439390157277056071476271693955080"
    },
    {
        "logStreamName": "2025/04/18/[$LATEST]4087266b45d64b389b6d350ef101861d",
        "timestamp": 1744943394092,
        "message": "FILE_TRANSFER RequestId: 61570503-8809-4728-bcef-775b76cf4b68\t TransferType: consumed\t Action: download_from_s3\t FileName: mafdb_c451a256436a5fc45a562eaf2fead8dd42917b32894e636d2b705f5405224a88.json\t Bucket: denethor\t FilePath: mafdb/mafdb_c451a256436a5fc45a562eaf2fead8dd42917b32894e636d2b705f5405224a88.json\t LocalFilePath: /tmp/mafdb/mafdb_c451a256436a5fc45a562eaf2fead8dd42917b32894e636d2b705f5405224a88.json\t FileSize: 355 bytes\t TransferDuration: 37.92139399979533 ms\n",
        "ingestionTime": 1744943396348,
        "eventId": "38913538017504897917900603069535634350432114008921210889"
    },
    {
        "logStreamName": "2025/04/18/[$LATEST]4087266b45d64b389b6d350ef101861d",
        "timestamp": 1744943394148,
        "message": "FILE_TRANSFER RequestId: 61570503-8809-4728-bcef-775b76cf4b68\t TransferType: consumed\t Action: download_from_s3\t FileName: mafdb_7511017a4e93687a5be47b55aa4c08eff48c283a8153f5e070747057ad693f80.json\t Bucket: denethor\t FilePath: mafdb/mafdb_7511017a4e93687a5be47b55aa4c08eff48c283a8153f5e070747057ad693f80.json\t LocalFilePath: /tmp/mafdb/mafdb_7511017a4e93687a5be47b55aa4c08eff48c283a8153f5e070747057ad693f80.json\t FileSize: 314 bytes\t TransferDuration: 55.89465100001689 ms\n",
        "ingestionTime": 1744943396348,
        "eventId": "38913538018753739649018317965461634573700422253256114186"
    },
    {
        "logStreamName": "2025/04/18/[$LATEST]4087266b45d64b389b6d350ef101861d",
        "timestamp": 1744943394189,
        "message": "FILE_TRANSFER RequestId: 61570503-8809-4728-bcef-775b76cf4b68\t TransferType: consumed\t Action: download_from_s3\t FileName: mafdb_3891ae3bc299950ca7a78c4d495828659f2cb320e0641ad8c6bfc4ced2d8e2b0.json\t Bucket: denethor\t FilePath: mafdb/mafdb_3891ae3bc299950ca7a78c4d495828659f2cb320e0641ad8c6bfc4ced2d8e2b0.json\t LocalFilePath: /tmp/mafdb/mafdb_3891ae3bc299950ca7a78c4d495828659f2cb320e0641ad8c6bfc4ced2d8e2b0.json\t FileSize: 355 bytes\t TransferDuration: 41.82203599998502 ms\n",
        "ingestionTime": 1744943396348,
        "eventId": "38913538019668070202158073514264599022879005075001311243"
    },
    {
        "logStreamName": "2025/04/18/[$LATEST]4087266b45d64b389b6d350ef101861d",
        "timestamp": 1744943394228,
        "message": "FILE_TRANSFER RequestId: 61570503-8809-4728-bcef-775b76cf4b68\t TransferType: consumed\t Action: download_from_s3\t FileName: mafdb_58aa863a1439bf886daca0713239dba1882676aea5266e0af5bebad97529db92.json\t Bucket: denethor\t FilePath: mafdb/mafdb_58aa863a1439bf886daca0713239dba1882676aea5266e0af5bebad97529db92.json\t LocalFilePath: /tmp/mafdb/mafdb_58aa863a1439bf886daca0713239dba1882676aea5266e0af5bebad97529db92.json\t FileSize: 314 bytes\t TransferDuration: 38.72421400001258 ms\n",
        "ingestionTime": 1744943396348,
        "eventId": "38913538020537799264900767816784492035512291173734547468"
    },
    {
        "logStreamName": "2025/04/18/[$LATEST]4087266b45d64b389b6d350ef101861d",
        "timestamp": 1744943394288,
        "message": "FILE_TRANSFER RequestId: 61570503-8809-4728-bcef-775b76cf4b68\t TransferType: consumed\t Action: download_from_s3\t FileName: mafdb_c1f206b6efa75e1df509578ad4d9fb9ea330d34e7283ccf9d6ad80fdedf66b9a.json\t Bucket: denethor\t FilePath: mafdb/mafdb_c1f206b6efa75e1df509578ad4d9fb9ea330d34e7283ccf9d6ad80fdedf66b9a.json\t LocalFilePath: /tmp/mafdb/mafdb_c1f206b6efa75e1df509578ad4d9fb9ea330d34e7283ccf9d6ad80fdedf66b9a.json\t FileSize: 314 bytes\t TransferDuration: 60.16277200001241 ms\n",
        "ingestionTime": 1744943396348,
        "eventId": "38913538021875843976812605205276635131871192864093372429"
    },
    {
        "logStreamName": "2025/04/18/[$LATEST]4087266b45d64b389b6d350ef101861d",
        "timestamp": 1744943394343,
        "message": "FILE_TRANSFER RequestId: 61570503-8809-4728-bcef-775b76cf4b68\t TransferType: consumed\t Action: download_from_s3\t FileName: mafdb_c3c2025f352d34b4b79a48619176577388b06f30619772ddea31df49ee988aff.json\t Bucket: denethor\t FilePath: mafdb/mafdb_c3c2025f352d34b4b79a48619176577388b06f30619772ddea31df49ee988aff.json\t LocalFilePath: /tmp/mafdb/mafdb_c3c2025f352d34b4b79a48619176577388b06f30619772ddea31df49ee988aff.json\t FileSize: 314 bytes\t TransferDuration: 54.02665099995829 ms\n",
        "ingestionTime": 1744943396348,
        "eventId": "38913538023102384962731789478061099636866852746922295310"
    },
    {
        "logStreamName": "2025/04/18/[$LATEST]4087266b45d64b389b6d350ef101861d",
        "timestamp": 1744943394384,
        "message": "FILE_TRANSFER RequestId: 61570503-8809-4728-bcef-775b76cf4b68\t TransferType: consumed\t Action: download_from_s3\t FileName: mafdb_c5b5a3a4bd54a110140df77527325958d257fc9b669bca89b332593540c1dc20.json\t Bucket: denethor\t FilePath: mafdb/mafdb_c5b5a3a4bd54a110140df77527325958d257fc9b669bca89b332593540c1dc20.json\t LocalFilePath: /tmp/mafdb/mafdb_c5b5a3a4bd54a110140df77527325958d257fc9b669bca89b332593540c1dc20.json\t FileSize: 273 bytes\t TransferDuration: 41.11998600001243 ms\n",
        "ingestionTime": 1744943396348,
        "eventId": "38913538024016715515871545026864064086045435568667492367"
    },
    {
        "logStreamName": "2025/04/18/[$LATEST]4087266b45d64b389b6d350ef101861d",
        "timestamp": 1744943394435,
        "message": "FILE_TRANSFER RequestId: 61570503-8809-4728-bcef-775b76cf4b68\t TransferType: consumed\t Action: download_from_s3\t FileName: mafdb_51e18dc31f0c330513b45085a52c5ecd1e4a0a9130d2805a71368f1cbe17f65e.json\t Bucket: denethor\t FilePath: mafdb/mafdb_51e18dc31f0c330513b45085a52c5ecd1e4a0a9130d2805a71368f1cbe17f65e.json\t LocalFilePath: /tmp/mafdb/mafdb_51e18dc31f0c330513b45085a52c5ecd1e4a0a9130d2805a71368f1cbe17f65e.json\t FileSize: 314 bytes\t TransferDuration: 51.03996799994093 ms\n",
        "ingestionTime": 1744943396348,
        "eventId": "38913538025154053520996606807082385717950502005472493584"
    },
    {
        "logStreamName": "2025/04/18/[$LATEST]4087266b45d64b389b6d350ef101861d",
        "timestamp": 1744943394481,
        "message": "FILE_TRANSFER RequestId: 61570503-8809-4728-bcef-775b76cf4b68\t TransferType: consumed\t Action: download_from_s3\t FileName: mafdb_95cfb922ebd546f21edcc627a60ea2a6235550bbba3696739fcaca409f1a0232.json\t Bucket: denethor\t FilePath: mafdb/mafdb_95cfb922ebd546f21edcc627a60ea2a6235550bbba3696739fcaca409f1a0232.json\t LocalFilePath: /tmp/mafdb/mafdb_95cfb922ebd546f21edcc627a60ea2a6235550bbba3696739fcaca409f1a0232.json\t FileSize: 273 bytes\t TransferDuration: 45.89519699993616 ms\n",
        "ingestionTime": 1744943396348,
        "eventId": "38913538026179887800129015471593028758492326634747592721"
    },
    {
        "logStreamName": "2025/04/18/[$LATEST]4087266b45d64b389b6d350ef101861d",
        "timestamp": 1744943394531,
        "message": "FILE_TRANSFER RequestId: 61570503-8809-4728-bcef-775b76cf4b68\t TransferType: consumed\t Action: download_from_s3\t FileName: mafdb_783d326a98c97c227099cd46e1eb2739e8954c844e628390759f21e7b4e19db0.json\t Bucket: denethor\t FilePath: mafdb/mafdb_783d326a98c97c227099cd46e1eb2739e8954c844e628390759f21e7b4e19db0.json\t LocalFilePath: /tmp/mafdb/mafdb_783d326a98c97c227099cd46e1eb2739e8954c844e628390759f21e7b4e19db0.json\t FileSize: 273 bytes\t TransferDuration: 50.50256899994565 ms\n",
        "ingestionTime": 1744943396348,
        "eventId": "38913538027294925060055546628669814672124744710046613522"
    },
    {
        "logStreamName": "2025/04/18/[$LATEST]4087266b45d64b389b6d350ef101861d",
        "timestamp": 1744943394573,
        "message": "FILE_TRANSFER RequestId: 61570503-8809-4728-bcef-775b76cf4b68\t TransferType: consumed\t Action: download_from_s3\t FileName: mafdb_e7fcb374868f23c5b66908ff13d437f525bdef064d3f7604b08f9b68087e91c4.json\t Bucket: denethor\t FilePath: mafdb/mafdb_e7fcb374868f23c5b66908ff13d437f525bdef064d3f7604b08f9b68087e91c4.json\t LocalFilePath: /tmp/mafdb/mafdb_e7fcb374868f23c5b66908ff13d437f525bdef064d3f7604b08f9b68087e91c4.json\t FileSize: 273 bytes\t TransferDuration: 41.204495999863866 ms\n",
        "ingestionTime": 1744943396348,
        "eventId": "38913538028231556358393832800614314839575975893297790995"
    },
    {
        "logStreamName": "2025/04/18/[$LATEST]4087266b45d64b389b6d350ef101861d",
        "timestamp": 1744943394649,
        "message": "FILE_TRANSFER RequestId: 61570503-8809-4728-bcef-775b76cf4b68\t TransferType: consumed\t Action: download_from_s3\t FileName: mafdb_bdf7b87e05be228017da27afd5fd158ebe4fcf138008526635b8bcdbe380f328.json\t Bucket: denethor\t FilePath: mafdb/mafdb_bdf7b87e05be228017da27afd5fd158ebe4fcf138008526635b8bcdbe380f328.json\t LocalFilePath: /tmp/mafdb/mafdb_bdf7b87e05be228017da27afd5fd158ebe4fcf138008526635b8bcdbe380f328.json\t FileSize: 273 bytes\t TransferDuration: 76.04459899994254 ms\n",
        "ingestionTime": 1744943396348,
        "eventId": "38913538029926412993482160159371029428297251367752302612"
    },
    {
        "logStreamName": "2025/04/18/[$LATEST]4087266b45d64b389b6d350ef101861d",
        "timestamp": 1744943394693,
        "message": "FILE_TRANSFER RequestId: 61570503-8809-4728-bcef-775b76cf4b68\t TransferType: consumed\t Action: download_from_s3\t FileName: mafdb_1d419943bc17a86fe648d8caad874862360b7c73c08c99b7c26040bc9939b002.json\t Bucket: denethor\t FilePath: mafdb/mafdb_1d419943bc17a86fe648d8caad874862360b7c73c08c99b7c26040bc9939b002.json\t LocalFilePath: /tmp/mafdb/mafdb_1d419943bc17a86fe648d8caad874862360b7c73c08c99b7c26040bc9939b002.json\t FileSize: 273 bytes\t TransferDuration: 44.473347000121066 ms\n",
        "ingestionTime": 1744943396348,
        "eventId": "38913538030907645782217507577598601032293779274015440917"
    },
    {
        "logStreamName": "2025/04/18/[$LATEST]4087266b45d64b389b6d350ef101861d",
        "timestamp": 1744943394728,
        "message": "FILE_TRANSFER RequestId: 61570503-8809-4728-bcef-775b76cf4b68\t TransferType: consumed\t Action: download_from_s3\t FileName: mafdb_31199a0a134043b94c15114abad10433bfa58c2f87e3106720f88bf29e76f1ae.json\t Bucket: denethor\t FilePath: mafdb/mafdb_31199a0a134043b94c15114abad10433bfa58c2f87e3106720f88bf29e76f1ae.json\t LocalFilePath: /tmp/mafdb/mafdb_31199a0a134043b94c15114abad10433bfa58c2f87e3106720f88bf29e76f1ae.json\t FileSize: 273 bytes\t TransferDuration: 34.42112300012923 ms\n",
        "ingestionTime": 1744943396348,
        "eventId": "38913538031688171864166079387552351171836471926724755478"
    },
    {
        "logStreamName": "2025/04/18/[$LATEST]4087266b45d64b389b6d350ef101861d",
        "timestamp": 1744943394778,
        "message": "FILE_TRANSFER RequestId: 61570503-8809-4728-bcef-775b76cf4b68\t TransferType: consumed\t Action: download_from_s3\t FileName: mafdb_c2a1e960932a069de5927d1067dde414f501136aba941befca2a4654e72bb08a.json\t Bucket: denethor\t FilePath: mafdb/mafdb_c2a1e960932a069de5927d1067dde414f501136aba941befca2a4654e72bb08a.json\t LocalFilePath: /tmp/mafdb/mafdb_c2a1e960932a069de5927d1067dde414f501136aba941befca2a4654e72bb08a.json\t FileSize: 273 bytes\t TransferDuration: 50.6787690001147 ms\n",
        "ingestionTime": 1744943396348,
        "eventId": "38913538032803209124092610544629137085468890002023776279"
    },
    {
        "logStreamName": "2025/04/18/[$LATEST]4087266b45d64b389b6d350ef101861d",
        "timestamp": 1744943394817,
        "message": "FILE_TRANSFER RequestId: 61570503-8809-4728-bcef-775b76cf4b68\t TransferType: consumed\t Action: download_from_s3\t FileName: mafdb_49ad0997fa75ff9233f44bffe4f6033aaaf8676ed8f4cbac92057d25395497e6.json\t Bucket: denethor\t FilePath: mafdb/mafdb_49ad0997fa75ff9233f44bffe4f6033aaaf8676ed8f4cbac92057d25395497e6.json\t LocalFilePath: /tmp/mafdb/mafdb_49ad0997fa75ff9233f44bffe4f6033aaaf8676ed8f4cbac92057d25395497e6.json\t FileSize: 273 bytes\t TransferDuration: 38.43635500015807 ms\n",
        "ingestionTime": 1744943396348,
        "eventId": "38913538033672938186835304847149030098102176100757012504"
    },
    {
        "logStreamName": "2025/04/18/[$LATEST]4087266b45d64b389b6d350ef101861d",
        "timestamp": 1744943394858,
        "message": "FILE_TRANSFER RequestId: 61570503-8809-4728-bcef-775b76cf4b68\t TransferType: consumed\t Action: download_from_s3\t FileName: mafdb_406ececbafe0a937f2a967e4dae5f862923efb2e1397870f6cc1ba8e050e1da7.json\t Bucket: denethor\t FilePath: mafdb/mafdb_406ececbafe0a937f2a967e4dae5f862923efb2e1397870f6cc1ba8e050e1da7.json\t LocalFilePath: /tmp/mafdb/mafdb_406ececbafe0a937f2a967e4dae5f862923efb2e1397870f6cc1ba8e050e1da7.json\t FileSize: 273 bytes\t TransferDuration: 40.617436000047746 ms\n",
        "ingestionTime": 1744943396348,
        "eventId": "38913538034587268739975060395951994547280758922502209561"
    },
    {
        "logStreamName": "2025/04/18/[$LATEST]4087266b45d64b389b6d350ef101861d",
        "timestamp": 1744943394903,
        "message": "FILE_TRANSFER RequestId: 61570503-8809-4728-bcef-775b76cf4b68\t TransferType: consumed\t Action: download_from_s3\t FileName: mafdb_e7f2f9266538f691bae81aa42aeb881fcfc1833e62d05d9141e808a0cb0095fa.json\t Bucket: denethor\t FilePath: mafdb/mafdb_e7f2f9266538f691bae81aa42aeb881fcfc1833e62d05d9141e808a0cb0095fa.json\t LocalFilePath: /tmp/mafdb/mafdb_e7f2f9266538f691bae81aa42aeb881fcfc1833e62d05d9141e808a0cb0095fa.json\t FileSize: 273 bytes\t TransferDuration: 45.040827000093486 ms\n",
        "ingestionTime": 1744943396348,
        "eventId": "38913538035590802273908938437321101869549935190271328282"
    },
    {
        "logStreamName": "2025/04/18/[$LATEST]4087266b45d64b389b6d350ef101861d",
        "timestamp": 1744943394954,
        "message": "FILE_TRANSFER RequestId: 61570503-8809-4728-bcef-775b76cf4b68\t TransferType: consumed\t Action: download_from_s3\t FileName: mafdb_e883ff130a9d34d26c58c15a735e96baab78aacec64abad0788f83f54423b943.json\t Bucket: denethor\t FilePath: mafdb/mafdb_e883ff130a9d34d26c58c15a735e96baab78aacec64abad0788f83f54423b943.json\t LocalFilePath: /tmp/mafdb/mafdb_e883ff130a9d34d26c58c15a735e96baab78aacec64abad0788f83f54423b943.json\t FileSize: 273 bytes\t TransferDuration: 51.23407899986887 ms\n",
        "ingestionTime": 1744943396348,
        "eventId": "38913538036728140279034000217539423501455001627076329499"
    },
    {
        "logStreamName": "2025/04/18/[$LATEST]4087266b45d64b389b6d350ef101861d",
        "timestamp": 1744943395007,
        "message": "FILE_TRANSFER RequestId: 61570503-8809-4728-bcef-775b76cf4b68\t TransferType: consumed\t Action: download_from_s3\t FileName: mafdb_d215ba5497d3d3be2e105b2328e50bdccf602b7e0745016c80fa6f9913e5432f.json\t Bucket: denethor\t FilePath: mafdb/mafdb_d215ba5497d3d3be2e105b2328e50bdccf602b7e0745016c80fa6f9913e5432f.json\t LocalFilePath: /tmp/mafdb/mafdb_d215ba5497d3d3be2e105b2328e50bdccf602b7e0745016c80fa6f9913e5432f.json\t FileSize: 273 bytes\t TransferDuration: 52.48387899996487 ms\n",
        "ingestionTime": 1744943396348,
        "eventId": "38913538037910079774556123244040816569905364786893291548"
    },
    {
        "logStreamName": "2025/04/18/[$LATEST]4087266b45d64b389b6d350ef101861d",
        "timestamp": 1744943395054,
        "message": "FILE_TRANSFER RequestId: 61570503-8809-4728-bcef-775b76cf4b68\t TransferType: consumed\t Action: download_from_s3\t FileName: mafdb_f871e6272680ce0853ce488fc481f480aa4e243fa14dd104803b05fb209cf094.json\t Bucket: denethor\t FilePath: mafdb/mafdb_f871e6272680ce0853ce488fc481f480aa4e243fa14dd104803b05fb209cf094.json\t LocalFilePath: /tmp/mafdb/mafdb_f871e6272680ce0853ce488fc481f480aa4e243fa14dd104803b05fb209cf094.json\t FileSize: 273 bytes\t TransferDuration: 47.589818000005835 ms\n",
        "ingestionTime": 1744943396348,
        "eventId": "38913538038958214798887062531692995328719837777674371101"
    },
    {
        "logStreamName": "2025/04/18/[$LATEST]4087266b45d64b389b6d350ef101861d",
        "timestamp": 1744943395101,
        "message": "FILE_TRANSFER RequestId: 61570503-8809-4728-bcef-775b76cf4b68\t TransferType: consumed\t Action: download_from_s3\t FileName: mafdb_2ff7bb92e85df3f56dc7f35d3ca7b2bd150b675386145658d2fca63a9e2a3805.json\t Bucket: denethor\t FilePath: mafdb/mafdb_2ff7bb92e85df3f56dc7f35d3ca7b2bd150b675386145658d2fca63a9e2a3805.json\t LocalFilePath: /tmp/mafdb/mafdb_2ff7bb92e85df3f56dc7f35d3ca7b2bd150b675386145658d2fca63a9e2a3805.json\t FileSize: 273 bytes\t TransferDuration: 46.31286700009696 ms\n",
        "ingestionTime": 1744943396348,
        "eventId": "38913538040006349823218001819345174087534310768455450654"
    },
    {
        "logStreamName": "2025/04/18/[$LATEST]4087266b45d64b389b6d350ef101861d",
        "timestamp": 1744943395145,
        "message": "FILE_TRANSFER RequestId: 61570503-8809-4728-bcef-775b76cf4b68\t TransferType: consumed\t Action: download_from_s3\t FileName: mafdb_47fb2615fc585137c90363d35106c9022fdcc722571f7ed6d93a0e213c75c760.json\t Bucket: denethor\t FilePath: mafdb/mafdb_47fb2615fc585137c90363d35106c9022fdcc722571f7ed6d93a0e213c75c760.json\t LocalFilePath: /tmp/mafdb/mafdb_47fb2615fc585137c90363d35106c9022fdcc722571f7ed6d93a0e213c75c760.json\t FileSize: 273 bytes\t TransferDuration: 44.249337000110245 ms\n",
        "ingestionTime": 1744943396348,
        "eventId": "38913538040987582611953349237572745691530838674718588959"
    },
    {
        "logStreamName": "2025/04/18/[$LATEST]4087266b45d64b389b6d350ef101861d",
        "timestamp": 1744943395186,
        "message": "[INFO]\t2025-04-18T02:29:55.186Z\t61570503-8809-4728-bcef-775b76cf4b68\tMAF_DATABASE_AGGREGATOR RequestId: 61570503-8809-4728-bcef-775b76cf4b68\t Duration: 2.1296699999311386 ms\t InputLength: 30\t MaxMaf: 8\t MafDatabase: {'1': {'tree_ORTHOMCL256_Inner4.nexus': ['tree_ORTHOMCL256_2_Inner4.nexus', 'tree_ORTHOMCL256_2_Inner5.nexus', 'tree_ORTHOMCL256_2_Inner6.nexus', 'tree_ORTHOMCL256_2_Inner7.nexus', 'tree_ORTHOMCL256_2_Inner8.nexus'], 'tree_ORTHOMCL256_Inner5.nexus': ['tree_ORTHOMCL256_2_Inner4.nexus'], 'tree_ORTHOMCL256_Inner6.nexus': ['tree_ORTHOMCL256_2_Inner4.nexus'], 'tree_ORTHOMCL256_Inner7.nexus': ['tree_ORTHOMCL256_2_Inner4.nexus'], 'tree_ORTHOMCL256_Inner8.nexus': ['tree_ORTHOMCL256_2_Inner4.nexus'], 'tree_ORTHOMCL256_2_Inner4.nexus': ['tree_ORTHOMCL256_Inner4.nexus', 'tree_ORTHOMCL256_Inner5.nexus', 'tree_ORTHOMCL256_Inner6.nexus', 'tree_ORTHOMCL256_Inner7.nexus', 'tree_ORTHOMCL256_Inner8.nexus'], 'tree_ORTHOMCL256_2_Inner5.nexus': ['tree_ORTHOMCL256_Inner4.nexus'], 'tree_ORTHOMCL256_2_Inner6.nexus': ['tree_ORTHOMCL256_Inner4.nexus'], 'tree_ORTHOMCL256_2_Inner7.nexus': ['tree_ORTHOMCL256_Inner4.nexus'], 'tree_ORTHOMCL256_2_Inner8.nexus': ['tree_ORTHOMCL256_Inner4.nexus']}, '2': {'tree_ORTHOMCL256_Inner1.nexus': ['tree_ORTHOMCL256_2_Inner1.nexus', 'tree_ORTHOMCL256_2_Inner2.nexus', 'tree_ORTHOMCL256_2_Inner3.nexus', 'tree_ORTHOMCL256_2_Inner5.nexus', 'tree_ORTHOMCL256_2_Inner6.nexus', 'tree_ORTHOMCL256_2_Inner7.nexus', 'tree_ORTHOMCL256_2_Inner8.nexus'], 'tree_ORTHOMCL256_Inner2.nexus': ['tree_ORTHOMCL256_2_Inner1.nexus', 'tree_ORTHOMCL256_2_Inner2.nexus', 'tree_ORTHOMCL256_2_Inner3.nexus', 'tree_ORTHOMCL256_2_Inner5.nexus', 'tree_ORTHOMCL256_2_Inner6.nexus', 'tree_ORTHOMCL256_2_Inner7.nexus', 'tree_ORTHOMCL256_2_Inner8.nexus'], 'tree_ORTHOMCL256_Inner3.nexus': ['tree_ORTHOMCL256_2_Inner1.nexus', 'tree_ORTHOMCL256_2_Inner2.nexus'], 'tree_ORTHOMCL256_Inner5.nexus': ['tree_ORTHOMCL256_2_Inner1.nexus', 'tree_ORTHOMCL256_2_Inner2.nexus'], 'tree_ORTHOMCL256_Inner6.nexus': ['tree_ORTHOMCL256_2_Inner1.nexus', 'tree_ORTHOMCL256_2_Inner2.nexus'], 'tree_ORTHOMCL256_Inner7.nexus': ['tree_ORTHOMCL256_2_Inner1.nexus', 'tree_ORTHOMCL256_2_Inner2.nexus'], 'tree_ORTHOMCL256_Inner8.nexus': ['tree_ORTHOMCL256_2_Inner1.nexus', 'tree_ORTHOMCL256_2_Inner2.nexus'], 'tree_ORTHOMCL256_2_Inner1.nexus': ['tree_ORTHOMCL256_Inner1.nexus', 'tree_ORTHOMCL256_Inner2.nexus', 'tree_ORTHOMCL256_Inner3.nexus', 'tree_ORTHOMCL256_Inner5.nexus', 'tree_ORTHOMCL256_Inner6.nexus', 'tree_ORTHOMCL256_Inner7.nexus', 'tree_ORTHOMCL256_Inner8.nexus'], 'tree_ORTHOMCL256_2_Inner2.nexus': ['tree_ORTHOMCL256_Inner1.nexus', 'tree_ORTHOMCL256_Inner2.nexus', 'tree_ORTHOMCL256_Inner3.nexus', 'tree_ORTHOMCL256_Inner5.nexus', 'tree_ORTHOMCL256_Inner6.nexus', 'tree_ORTHOMCL256_Inner7.nexus', 'tree_ORTHOMCL256_Inner8.nexus'], 'tree_ORTHOMCL256_2_Inner3.nexus': ['tree_ORTHOMCL256_Inner1.nexus', 'tree_ORTHOMCL256_Inner2.nexus'], 'tree_ORTHOMCL256_2_Inner5.nexus': ['tree_ORTHOMCL256_Inner1.nexus', 'tree_ORTHOMCL256_Inner2.nexus'], 'tree_ORTHOMCL256_2_Inner6.nexus': ['tree_ORTHOMCL256_Inner1.nexus', 'tree_ORTHOMCL256_Inner2.nexus'], 'tree_ORTHOMCL256_2_Inner7.nexus': ['tree_ORTHOMCL256_Inner1.nexus', 'tree_ORTHOMCL256_Inner2.nexus'], 'tree_ORTHOMCL256_2_Inner8.nexus': ['tree_ORTHOMCL256_Inner1.nexus', 'tree_ORTHOMCL256_Inner2.nexus']}, '3': {'tree_ORTHOMCL256_Inner3.nexus': ['tree_ORTHOMCL256_2_Inner3.nexus', 'tree_ORTHOMCL256_2_Inner5.nexus', 'tree_ORTHOMCL256_2_Inner6.nexus', 'tree_ORTHOMCL256_2_Inner7.nexus', 'tree_ORTHOMCL256_2_Inner8.nexus'], 'tree_ORTHOMCL256_Inner5.nexus': ['tree_ORTHOMCL256_2_Inner3.nexus'], 'tree_ORTHOMCL256_Inner6.nexus': ['tree_ORTHOMCL256_2_Inner3.nexus'], 'tree_ORTHOMCL256_Inner7.nexus': ['tree_ORTHOMCL256_2_Inner3.nexus'], 'tree_ORTHOMCL256_Inner8.nexus': ['tree_ORTHOMCL256_2_Inner3.nexus'], 'tree_ORTHOMCL256_2_Inner3.nexus': ['tree_ORTHOMCL256_Inner3.nexus', 'tree_ORTHOMCL256_Inner5.nexus', 'tree_ORTHOMCL256_Inner6.nexus', 'tree_ORTHOMCL256_Inner7.nexus', 'tree_ORTHOMCL256_Inner8.nexus'], 'tree_ORTHOMCL256_2_Inner5.nexus': ['tree_ORTHOMCL256_Inner3.nexus'], 'tree_ORTHOMCL256_2_Inner6.nexus': ['tree_ORTHOMCL256_Inner3.nexus'], 'tree_ORTHOMCL256_2_Inner7.nexus': ['tree_ORTHOMCL256_Inner3.nexus'], 'tree_ORTHOMCL256_2_Inner8.nexus': ['tree_ORTHOMCL256_Inner3.nexus']}, '4': {'tree_ORTHOMCL256_Inner5.nexus': ['tree_ORTHOMCL256_2_Inner5.nexus', 'tree_ORTHOMCL256_2_Inner6.nexus', 'tree_ORTHOMCL256_2_Inner7.nexus', 'tree_ORTHOMCL256_2_Inner8.nexus'], 'tree_ORTHOMCL256_Inner6.nexus': ['tree_ORTHOMCL256_2_Inner5.nexus'], 'tree_ORTHOMCL256_Inner7.nexus': ['tree_ORTHOMCL256_2_Inner5.nexus'], 'tree_ORTHOMCL256_Inner8.nexus': ['tree_ORTHOMCL256_2_Inner5.nexus'], 'tree_ORTHOMCL256_2_Inner5.nexus': ['tree_ORTHOMCL256_Inner5.nexus', 'tree_ORTHOMCL256_Inner6.nexus', 'tree_ORTHOMCL256_Inner7.nexus', 'tree_ORTHOMCL256_Inner8.nexus'], 'tree_ORTHOMCL256_2_Inner6.nexus': ['tree_ORTHOMCL256_Inner5.nexus'], 'tree_ORTHOMCL256_2_Inner7.nexus': ['tree_ORTHOMCL256_Inner5.nexus'], 'tree_ORTHOMCL256_2_Inner8.nexus': ['tree_ORTHOMCL256_Inner5.nexus']}, '5': {'tree_ORTHOMCL256_Inner6.nexus': ['tree_ORTHOMCL256_2_Inner6.nexus', 'tree_ORTHOMCL256_2_Inner7.nexus', 'tree_ORTHOMCL256_2_Inner8.nexus'], 'tree_ORTHOMCL256_Inner7.nexus': ['tree_ORTHOMCL256_2_Inner6.nexus'], 'tree_ORTHOMCL256_Inner8.nexus': ['tree_ORTHOMCL256_2_Inner6.nexus'], 'tree_ORTHOMCL256_2_Inner6.nexus': ['tree_ORTHOMCL256_Inner6.nexus', 'tree_ORTHOMCL256_Inner7.nexus', 'tree_ORTHOMCL256_Inner8.nexus'], 'tree_ORTHOMCL256_2_Inner7.nexus': ['tree_ORTHOMCL256_Inner6.nexus'], 'tree_ORTHOMCL256_2_Inner8.nexus': ['tree_ORTHOMCL256_Inner6.nexus']}, '6': {'tree_ORTHOMCL256_Inner7.nexus': ['tree_ORTHOMCL256_2_Inner7.nexus', 'tree_ORTHOMCL256_2_Inner8.nexus'], 'tree_ORTHOMCL256_Inner8.nexus': ['tree_ORTHOMCL256_2_Inner7.nexus'], 'tree_ORTHOMCL256_2_Inner7.nexus': ['tree_ORTHOMCL256_Inner7.nexus', 'tree_ORTHOMCL256_Inner8.nexus'], 'tree_ORTHOMCL256_2_Inner8.nexus': ['tree_ORTHOMCL256_Inner7.nexus']}, '8': {'tree_ORTHOMCL256_Inner8.nexus': ['tree_ORTHOMCL256_2_Inner8.nexus'], 'tree_ORTHOMCL256_2_Inner8.nexus': ['tree_ORTHOMCL256_Inner8.nexus']}}\n",
        "ingestionTime": 1744943396348,
        "eventId": "38913538041901913165093104786375710140709421496463786016"
    },
    {
        "logStreamName": "2025/04/18/[$LATEST]4087266b45d64b389b6d350ef101861d",
        "timestamp": 1744943395187,
        "message": "FILE_TRANSFER RequestId: 61570503-8809-4728-bcef-775b76cf4b68\t TransferType: consumed\t Action: download_from_s3\t FileName: mafdb_68e664a9a27eba1488202e5ea16bb79aee50d9c2456068b25a29d7ca46c1450f.json\t Bucket: denethor\t FilePath: mafdb/mafdb_68e664a9a27eba1488202e5ea16bb79aee50d9c2456068b25a29d7ca46c1450f.json\t LocalFilePath: /tmp/mafdb/mafdb_68e664a9a27eba1488202e5ea16bb79aee50d9c2456068b25a29d7ca46c1450f.json\t FileSize: 273 bytes\t TransferDuration: 38.32230500006517 ms\n",
        "ingestionTime": 1744943396348,
        "eventId": "38913538041924213910291635409517245858982069857969766433"
    },
    {
        "logStreamName": "2025/04/18/[$LATEST]4087266b45d64b389b6d350ef101861d",
        "timestamp": 1744943395187,
        "message": "CONSUMED_FILES_INFO RequestId: 61570503-8809-4728-bcef-775b76cf4b68\t FilesCount: 30 files\t FilesSize: 18485 bytes\t TransferDuration: 1510.6923290004488 ms\t ConsumedFiles: ['mafdb_6f7a2b1116e6a791f68a03367473294792b679a6357b6789f3f993b1f83e2e80.json', 'mafdb_54d8ddd695de385cbe16742ebc6fdcb479cd2b8e3c0cd457826222c83fe6bb7c.json', 'mafdb_1f6ccfc97b000b314f6a6c7e2582a4263b17ffc061fef38bd3c9a63fa631759f.json', 'mafdb_bd5d862db8f1d6b261aaeb3b8ecb83d67004ffb7524cb75c5f1f8454224f7c91.json', 'mafdb_861b6fcf310a5a4a01036477cd0e28e972c4aa89be1fcccfc0eab6cd45e9fd74.json', 'mafdb_7d398773bfc3e4435be56d8711457fd7fc190e97e32d7ec51a8a702e16118c4d.json', 'mafdb_c451a256436a5fc45a562eaf2fead8dd42917b32894e636d2b705f5405224a88.json', 'mafdb_7511017a4e93687a5be47b55aa4c08eff48c283a8153f5e070747057ad693f80.json', 'mafdb_3891ae3bc299950ca7a78c4d495828659f2cb320e0641ad8c6bfc4ced2d8e2b0.json', 'mafdb_58aa863a1439bf886daca0713239dba1882676aea5266e0af5bebad97529db92.json', 'mafdb_c1f206b6efa75e1df509578ad4d9fb9ea330d34e7283ccf9d6ad80fdedf66b9a.json', 'mafdb_c3c2025f352d34b4b79a48619176577388b06f30619772ddea31df49ee988aff.json', 'mafdb_c5b5a3a4bd54a110140df77527325958d257fc9b669bca89b332593540c1dc20.json', 'mafdb_51e18dc31f0c330513b45085a52c5ecd1e4a0a9130d2805a71368f1cbe17f65e.json', 'mafdb_95cfb922ebd546f21edcc627a60ea2a6235550bbba3696739fcaca409f1a0232.json', 'mafdb_783d326a98c97c227099cd46e1eb2739e8954c844e628390759f21e7b4e19db0.json', 'mafdb_e7fcb374868f23c5b66908ff13d437f525bdef064d3f7604b08f9b68087e91c4.json', 'mafdb_bdf7b87e05be228017da27afd5fd158ebe4fcf138008526635b8bcdbe380f328.json', 'mafdb_1d419943bc17a86fe648d8caad874862360b7c73c08c99b7c26040bc9939b002.json', 'mafdb_31199a0a134043b94c15114abad10433bfa58c2f87e3106720f88bf29e76f1ae.json', 'mafdb_c2a1e960932a069de5927d1067dde414f501136aba941befca2a4654e72bb08a.json', 'mafdb_49ad0997fa75ff9233f44bffe4f6033aaaf8676ed8f4cbac92057d25395497e6.json', 'mafdb_406ececbafe0a937f2a967e4dae5f862923efb2e1397870f6cc1ba8e050e1da7.json', 'mafdb_e7f2f9266538f691bae81aa42aeb881fcfc1833e62d05d9141e808a0cb0095fa.json', 'mafdb_e883ff130a9d34d26c58c15a735e96baab78aacec64abad0788f83f54423b943.json', 'mafdb_d215ba5497d3d3be2e105b2328e50bdccf602b7e0745016c80fa6f9913e5432f.json', 'mafdb_f871e6272680ce0853ce488fc481f480aa4e243fa14dd104803b05fb209cf094.json', 'mafdb_2ff7bb92e85df3f56dc7f35d3ca7b2bd150b675386145658d2fca63a9e2a3805.json', 'mafdb_47fb2615fc585137c90363d35106c9022fdcc722571f7ed6d93a0e213c75c760.json', 'mafdb_68e664a9a27eba1488202e5ea16bb79aee50d9c2456068b25a29d7ca46c1450f.json']\n",
        "ingestionTime": 1744943396348,
        "eventId": "38913538041924213910291635409517245858982069857969766434"
    },
    {
        "logStreamName": "2025/04/18/[$LATEST]4087266b45d64b389b6d350ef101861d",
        "timestamp": 1744943395187,
        "message": "[INFO] 2025-04-18T02:29:55GMT MAF_DATABASE_AGGREGATOR RequestId: 61570503-8809-4728-bcef-775b76cf4b68\t Duration: 2.1296699999311386 ms\t InputLength: 30\t MaxMaf: 8\t MafDatabase: {'1': {'tree_ORTHOMCL256_Inner4.nexus': ['tree_ORTHOMCL256_2_Inner4.nexus', 'tree_ORTHOMCL256_2_Inner5.nexus', 'tree_ORTHOMCL256_2_Inner6.nexus', 'tree_ORTHOMCL256_2_Inner7.nexus', 'tree_ORTHOMCL256_2_Inner8.nexus'], 'tree_ORTHOMCL256_Inner5.nexus': ['tree_ORTHOMCL256_2_Inner4.nexus'], 'tree_ORTHOMCL256_Inner6.nexus': ['tree_ORTHOMCL256_2_Inner4.nexus'], 'tree_ORTHOMCL256_Inner7.nexus': ['tree_ORTHOMCL256_2_Inner4.nexus'], 'tree_ORTHOMCL256_Inner8.nexus': ['tree_ORTHOMCL256_2_Inner4.nexus'], 'tree_ORTHOMCL256_2_Inner4.nexus': ['tree_ORTHOMCL256_Inner4.nexus', 'tree_ORTHOMCL256_Inner5.nexus', 'tree_ORTHOMCL256_Inner6.nexus', 'tree_ORTHOMCL256_Inner7.nexus', 'tree_ORTHOMCL256_Inner8.nexus'], 'tree_ORTHOMCL256_2_Inner5.nexus': ['tree_ORTHOMCL256_Inner4.nexus'], 'tree_ORTHOMCL256_2_Inner6.nexus': ['tree_ORTHOMCL256_Inner4.nexus'], 'tree_ORTHOMCL256_2_Inner7.nexus': ['tree_ORTHOMCL256_Inner4.nexus'], 'tree_ORTHOMCL256_2_Inner8.nexus': ['tree_ORTHOMCL256_Inner4.nexus']}, '2': {'tree_ORTHOMCL256_Inner1.nexus': ['tree_ORTHOMCL256_2_Inner1.nexus', 'tree_ORTHOMCL256_2_Inner2.nexus', 'tree_ORTHOMCL256_2_Inner3.nexus', 'tree_ORTHOMCL256_2_Inner5.nexus', 'tree_ORTHOMCL256_2_Inner6.nexus', 'tree_ORTHOMCL256_2_Inner7.nexus', 'tree_ORTHOMCL256_2_Inner8.nexus'], 'tree_ORTHOMCL256_Inner2.nexus': ['tree_ORTHOMCL256_2_Inner1.nexus', 'tree_ORTHOMCL256_2_Inner2.nexus', 'tree_ORTHOMCL256_2_Inner3.nexus', 'tree_ORTHOMCL256_2_Inner5.nexus', 'tree_ORTHOMCL256_2_Inner6.nexus', 'tree_ORTHOMCL256_2_Inner7.nexus', 'tree_ORTHOMCL256_2_Inner8.nexus'], 'tree_ORTHOMCL256_Inner3.nexus': ['tree_ORTHOMCL256_2_Inner1.nexus', 'tree_ORTHOMCL256_2_Inner2.nexus'], 'tree_ORTHOMCL256_Inner5.nexus': ['tree_ORTHOMCL256_2_Inner1.nexus', 'tree_ORTHOMCL256_2_Inner2.nexus'], 'tree_ORTHOMCL256_Inner6.nexus': ['tree_ORTHOMCL256_2_Inner1.nexus', 'tree_ORTHOMCL256_2_Inner2.nexus'], 'tree_ORTHOMCL256_Inner7.nexus': ['tree_ORTHOMCL256_2_Inner1.nexus', 'tree_ORTHOMCL256_2_Inner2.nexus'], 'tree_ORTHOMCL256_Inner8.nexus': ['tree_ORTHOMCL256_2_Inner1.nexus', 'tree_ORTHOMCL256_2_Inner2.nexus'], 'tree_ORTHOMCL256_2_Inner1.nexus': ['tree_ORTHOMCL256_Inner1.nexus', 'tree_ORTHOMCL256_Inner2.nexus', 'tree_ORTHOMCL256_Inner3.nexus', 'tree_ORTHOMCL256_Inner5.nexus', 'tree_ORTHOMCL256_Inner6.nexus', 'tree_ORTHOMCL256_Inner7.nexus', 'tree_ORTHOMCL256_Inner8.nexus'], 'tree_ORTHOMCL256_2_Inner2.nexus': ['tree_ORTHOMCL256_Inner1.nexus', 'tree_ORTHOMCL256_Inner2.nexus', 'tree_ORTHOMCL256_Inner3.nexus', 'tree_ORTHOMCL256_Inner5.nexus', 'tree_ORTHOMCL256_Inner6.nexus', 'tree_ORTHOMCL256_Inner7.nexus', 'tree_ORTHOMCL256_Inner8.nexus'], 'tree_ORTHOMCL256_2_Inner3.nexus': ['tree_ORTHOMCL256_Inner1.nexus', 'tree_ORTHOMCL256_Inner2.nexus'], 'tree_ORTHOMCL256_2_Inner5.nexus': ['tree_ORTHOMCL256_Inner1.nexus', 'tree_ORTHOMCL256_Inner2.nexus'], 'tree_ORTHOMCL256_2_Inner6.nexus': ['tree_ORTHOMCL256_Inner1.nexus', 'tree_ORTHOMCL256_Inner2.nexus'], 'tree_ORTHOMCL256_2_Inner7.nexus': ['tree_ORTHOMCL256_Inner1.nexus', 'tree_ORTHOMCL256_Inner2.nexus'], 'tree_ORTHOMCL256_2_Inner8.nexus': ['tree_ORTHOMCL256_Inner1.nexus', 'tree_ORTHOMCL256_Inner2.nexus']}, '3': {'tree_ORTHOMCL256_Inner3.nexus': ['tree_ORTHOMCL256_2_Inner3.nexus', 'tree_ORTHOMCL256_2_Inner5.nexus', 'tree_ORTHOMCL256_2_Inner6.nexus', 'tree_ORTHOMCL256_2_Inner7.nexus', 'tree_ORTHOMCL256_2_Inner8.nexus'], 'tree_ORTHOMCL256_Inner5.nexus': ['tree_ORTHOMCL256_2_Inner3.nexus'], 'tree_ORTHOMCL256_Inner6.nexus': ['tree_ORTHOMCL256_2_Inner3.nexus'], 'tree_ORTHOMCL256_Inner7.nexus': ['tree_ORTHOMCL256_2_Inner3.nexus'], 'tree_ORTHOMCL256_Inner8.nexus': ['tree_ORTHOMCL256_2_Inner3.nexus'], 'tree_ORTHOMCL256_2_Inner3.nexus': ['tree_ORTHOMCL256_Inner3.nexus', 'tree_ORTHOMCL256_Inner5.nexus', 'tree_ORTHOMCL256_Inner6.nexus', 'tree_ORTHOMCL256_Inner7.nexus', 'tree_ORTHOMCL256_Inner8.nexus'], 'tree_ORTHOMCL256_2_Inner5.nexus': ['tree_ORTHOMCL256_Inner3.nexus'], 'tree_ORTHOMCL256_2_Inner6.nexus': ['tree_ORTHOMCL256_Inner3.nexus'], 'tree_ORTHOMCL256_2_Inner7.nexus': ['tree_ORTHOMCL256_Inner3.nexus'], 'tree_ORTHOMCL256_2_Inner8.nexus': ['tree_ORTHOMCL256_Inner3.nexus']}, '4': {'tree_ORTHOMCL256_Inner5.nexus': ['tree_ORTHOMCL256_2_Inner5.nexus', 'tree_ORTHOMCL256_2_Inner6.nexus', 'tree_ORTHOMCL256_2_Inner7.nexus', 'tree_ORTHOMCL256_2_Inner8.nexus'], 'tree_ORTHOMCL256_Inner6.nexus': ['tree_ORTHOMCL256_2_Inner5.nexus'], 'tree_ORTHOMCL256_Inner7.nexus': ['tree_ORTHOMCL256_2_Inner5.nexus'], 'tree_ORTHOMCL256_Inner8.nexus': ['tree_ORTHOMCL256_2_Inner5.nexus'], 'tree_ORTHOMCL256_2_Inner5.nexus': ['tree_ORTHOMCL256_Inner5.nexus', 'tree_ORTHOMCL256_Inner6.nexus', 'tree_ORTHOMCL256_Inner7.nexus', 'tree_ORTHOMCL256_Inner8.nexus'], 'tree_ORTHOMCL256_2_Inner6.nexus': ['tree_ORTHOMCL256_Inner5.nexus'], 'tree_ORTHOMCL256_2_Inner7.nexus': ['tree_ORTHOMCL256_Inner5.nexus'], 'tree_ORTHOMCL256_2_Inner8.nexus': ['tree_ORTHOMCL256_Inner5.nexus']}, '5': {'tree_ORTHOMCL256_Inner6.nexus': ['tree_ORTHOMCL256_2_Inner6.nexus', 'tree_ORTHOMCL256_2_Inner7.nexus', 'tree_ORTHOMCL256_2_Inner8.nexus'], 'tree_ORTHOMCL256_Inner7.nexus': ['tree_ORTHOMCL256_2_Inner6.nexus'], 'tree_ORTHOMCL256_Inner8.nexus': ['tree_ORTHOMCL256_2_Inner6.nexus'], 'tree_ORTHOMCL256_2_Inner6.nexus': ['tree_ORTHOMCL256_Inner6.nexus', 'tree_ORTHOMCL256_Inner7.nexus', 'tree_ORTHOMCL256_Inner8.nexus'], 'tree_ORTHOMCL256_2_Inner7.nexus': ['tree_ORTHOMCL256_Inner6.nexus'], 'tree_ORTHOMCL256_2_Inner8.nexus': ['tree_ORTHOMCL256_Inner6.nexus']}, '6': {'tree_ORTHOMCL256_Inner7.nexus': ['tree_ORTHOMCL256_2_Inner7.nexus', 'tree_ORTHOMCL256_2_Inner8.nexus'], 'tree_ORTHOMCL256_Inner8.nexus': ['tree_ORTHOMCL256_2_Inner7.nexus'], 'tree_ORTHOMCL256_2_Inner7.nexus': ['tree_ORTHOMCL256_Inner7.nexus', 'tree_ORTHOMCL256_Inner8.nexus'], 'tree_ORTHOMCL256_2_Inner8.nexus': ['tree_ORTHOMCL256_Inner7.nexus']}, '8': {'tree_ORTHOMCL256_Inner8.nexus': ['tree_ORTHOMCL256_2_Inner8.nexus'], 'tree_ORTHOMCL256_2_Inner8.nexus': ['tree_ORTHOMCL256_Inner8.nexus']}}\n",
        "ingestionTime": 1744943396348,
        "eventId": "38913538041924213910291635409517245858982069857969766435"
    },
    {
        "logStreamName": "2025/04/18/[$LATEST]4087266b45d64b389b6d350ef101861d",
        "timestamp": 1744943395235,
        "message": "FILE_TRANSFER RequestId: 61570503-8809-4728-bcef-775b76cf4b68\t TransferType: produced\t Action: upload_to_s3\t FileName: mafdb_6c5455f50edc773876d8ab6c508304e2172915dcd3b957ae65836ed85b586116.json\t Bucket: denethor\t FilePath: mafdb/mafdb_6c5455f50edc773876d8ab6c508304e2172915dcd3b957ae65836ed85b586116.json\t LocalFilePath: /tmp/mafdb/mafdb_6c5455f50edc773876d8ab6c508304e2172915dcd3b957ae65836ed85b586116.json\t FileSize: 17610 bytes\t TransferDuration: 49.29331900007128 ms\n",
        "ingestionTime": 1744943396348,
        "eventId": "38913538042994649679821105320310960336069191210256826404"
    },
    {
        "logStreamName": "2025/04/18/[$LATEST]4087266b45d64b389b6d350ef101861d",
        "timestamp": 1744943395236,
        "message": "PRODUCED_FILES_INFO RequestId: 61570503-8809-4728-bcef-775b76cf4b68\t FilesCount: 1 files\t FilesSize: 17610 bytes\t TransferDuration: 49.29331900007128 ms\t Provider: aws_lambda\t  ProducedFiles: ['mafdb_6c5455f50edc773876d8ab6c508304e2172915dcd3b957ae65836ed85b586116.json']\n",
        "ingestionTime": 1744943396348,
        "eventId": "38913538043016950425019635943452496054341839571762806821"
    },
    {
        "logStreamName": "2025/04/18/[$LATEST]4087266b45d64b389b6d350ef101861d",
        "timestamp": 1744943395237,
        "message": "END RequestId: 61570503-8809-4728-bcef-775b76cf4b68\n",
        "ingestionTime": 1744943396348,
        "eventId": "38913538043039251170218166566594031772614487933268787238"
    },
    {
        "logStreamName": "2025/04/18/[$LATEST]4087266b45d64b389b6d350ef101861d",
        "timestamp": 1744943395237,
        "message": "REPORT RequestId: 61570503-8809-4728-bcef-775b76cf4b68\tDuration: 1567.72 ms\tBilled Duration: 1568 ms\tMemory Size: 2048 MB\tMax Memory Used: 107 MB\tInit Duration: 754.38 ms\t\n",
        "ingestionTime": 1744943396348,
        "eventId": "38913538043039251170218166566594031772614487933268787239"
    }
]