[
    {
        "logStreamName": "2025/04/17/[$LATEST]f097ebe838844ab3b10b595671445fca",
        "timestamp": 1744914914049,
        "message": "INIT_START Runtime Version: python:3.10.v64\tRuntime Version ARN: arn:aws:lambda:sa-east-1::runtime:d56bdc8857b2109a058de2ab50bfb80ac2aa600be6f7855a436859944e5fe54b\n",
        "ingestionTime": 1744914922439,
        "eventId": "38912902891322711722216680914349472061806783654158729216"
    },
    {
        "logStreamName": "2025/04/17/[$LATEST]f097ebe838844ab3b10b595671445fca",
        "timestamp": 1744914914894,
        "message": "START RequestId: 1568cd99-ad71-4244-a3c2-2908e6bb03ea Version: $LATEST\n",
        "ingestionTime": 1744914922439,
        "eventId": "38912902910166841414975057468947154002194649126712180737"
    },
    {
        "logStreamName": "2025/04/17/[$LATEST]f097ebe838844ab3b10b595671445fca",
        "timestamp": 1744914914895,
        "message": "Directory /tmp/tree was created!\n",
        "ingestionTime": 1744914922439,
        "eventId": "38912902910189142160173588092088689720467297488218161154"
    },
    {
        "logStreamName": "2025/04/17/[$LATEST]f097ebe838844ab3b10b595671445fca",
        "timestamp": 1744914914895,
        "message": "Directory /tmp/subtree was created!\n",
        "ingestionTime": 1744914922439,
        "eventId": "38912902910189142160173588092088689720467297488218161155"
    },
    {
        "logStreamName": "2025/04/17/[$LATEST]f097ebe838844ab3b10b595671445fca",
        "timestamp": 1744914914984,
        "message": "FILE_TRANSFER RequestId: 1568cd99-ad71-4244-a3c2-2908e6bb03ea\t TransferType: consumed\t Action: download_from_s3\t FileName: tree_ORTHOMCL1.nexus\t Bucket: denethor\t FilePath: tree/tree_ORTHOMCL1.nexus\t LocalFilePath: /tmp/tree/tree_ORTHOMCL1.nexus\t FileSize: 339 bytes\t TransferDuration: 88.74161000005643 ms\n",
        "ingestionTime": 1744914922439,
        "eventId": "38912902912173908482842813551685368646733001662250418180"
    },
    {
        "logStreamName": "2025/04/17/[$LATEST]f097ebe838844ab3b10b595671445fca",
        "timestamp": 1744914914984,
        "message": "CONSUMED_FILES_INFO RequestId: 1568cd99-ad71-4244-a3c2-2908e6bb03ea\t FilesCount: 1 files\t FilesSize: 339 bytes\t TransferDuration: 88.74161000005643 ms\t ConsumedFiles: ['tree_ORTHOMCL1.nexus']\n",
        "ingestionTime": 1744914922439,
        "eventId": "38912902912173908482842813551685368646733001662250418181"
    },
    {
        "logStreamName": "2025/04/17/[$LATEST]f097ebe838844ab3b10b595671445fca",
        "timestamp": 1744914914984,
        "message": "Reading tree file tree_ORTHOMCL1.nexus\n",
        "ingestionTime": 1744914922439,
        "eventId": "38912902912173908482842813551685368646733001662250418182"
    },
    {
        "logStreamName": "2025/04/17/[$LATEST]f097ebe838844ab3b10b595671445fca",
        "timestamp": 1744914914985,
        "message": "Subtree file tree_ORTHOMCL1_Inner3.nexus was created!\n",
        "ingestionTime": 1744914922439,
        "eventId": "38912902912196209228041344174826904365005650023756398599"
    },
    {
        "logStreamName": "2025/04/17/[$LATEST]f097ebe838844ab3b10b595671445fca",
        "timestamp": 1744914914985,
        "message": "Subtree file tree_ORTHOMCL1_Inner2.nexus was created!\n",
        "ingestionTime": 1744914922439,
        "eventId": "38912902912196209228041344174826904365005650023756398600"
    },
    {
        "logStreamName": "2025/04/17/[$LATEST]f097ebe838844ab3b10b595671445fca",
        "timestamp": 1744914914986,
        "message": "Subtree file tree_ORTHOMCL1_Inner1.nexus was created!\n",
        "ingestionTime": 1744914922439,
        "eventId": "38912902912218509973239874797968440083278298385262379017"
    },
    {
        "logStreamName": "2025/04/17/[$LATEST]f097ebe838844ab3b10b595671445fca",
        "timestamp": 1744914914986,
        "message": "Tempo de construção dos arquivos de subárvores de ['tree_ORTHOMCL1.nexus']: 1.5000899999222383 milissegundos\n",
        "ingestionTime": 1744914922439,
        "eventId": "38912902912218509973239874797968440083278298385262379018"
    },
    {
        "logStreamName": "2025/04/17/[$LATEST]f097ebe838844ab3b10b595671445fca",
        "timestamp": 1744914914986,
        "message": "[INFO] 2025-04-17T18:35:14GMT SUBTREE_CONSTRUCTOR RequestId: 1568cd99-ad71-4244-a3c2-2908e6bb03ea\t Duration: 1.5000899999222383 ms\t InputTree: ['tree_ORTHOMCL1.nexus']\t OutputSubtrees: ['tree_ORTHOMCL1_Inner1.nexus', 'tree_ORTHOMCL1_Inner2.nexus', 'tree_ORTHOMCL1_Inner3.nexus']\n",
        "ingestionTime": 1744914922439,
        "eventId": "38912902912218509973239874797968440083278298385262379019"
    },
    {
        "logStreamName": "2025/04/17/[$LATEST]f097ebe838844ab3b10b595671445fca",
        "timestamp": 1744914914986,
        "message": "[INFO]\t2025-04-17T18:35:14.986Z\t1568cd99-ad71-4244-a3c2-2908e6bb03ea\tSUBTREE_CONSTRUCTOR RequestId: 1568cd99-ad71-4244-a3c2-2908e6bb03ea\t Duration: 1.5000899999222383 ms\t InputTree: ['tree_ORTHOMCL1.nexus']\t OutputSubtrees: ['tree_ORTHOMCL1_Inner1.nexus', 'tree_ORTHOMCL1_Inner2.nexus', 'tree_ORTHOMCL1_Inner3.nexus']\n",
        "ingestionTime": 1744914922439,
        "eventId": "38912902912218509973239874797968440083278298385262379020"
    },
    {
        "logStreamName": "2025/04/17/[$LATEST]f097ebe838844ab3b10b595671445fca",
        "timestamp": 1744914915136,
        "message": "FILE_TRANSFER RequestId: 1568cd99-ad71-4244-a3c2-2908e6bb03ea\t TransferType: produced\t Action: upload_to_s3\t FileName: tree_ORTHOMCL1_Inner1.nexus\t Bucket: denethor\t FilePath: subtree/tree_ORTHOMCL1_Inner1.nexus\t LocalFilePath: /tmp/subtree/tree_ORTHOMCL1_Inner1.nexus\t FileSize: 185 bytes\t TransferDuration: 49.77213100005429 ms\n",
        "ingestionTime": 1744914922439,
        "eventId": "38912902915563621753019468269198797824175552611159441421"
    },
    {
        "logStreamName": "2025/04/17/[$LATEST]f097ebe838844ab3b10b595671445fca",
        "timestamp": 1744914915179,
        "message": "FILE_TRANSFER RequestId: 1568cd99-ad71-4244-a3c2-2908e6bb03ea\t TransferType: produced\t Action: upload_to_s3\t FileName: tree_ORTHOMCL1_Inner2.nexus\t Bucket: denethor\t FilePath: subtree/tree_ORTHOMCL1_Inner2.nexus\t LocalFilePath: /tmp/subtree/tree_ORTHOMCL1_Inner2.nexus\t FileSize: 185 bytes\t TransferDuration: 42.5525400000879 ms\n",
        "ingestionTime": 1744914922439,
        "eventId": "38912902916522553796556285064284833709899432155916599310"
    },
    {
        "logStreamName": "2025/04/17/[$LATEST]f097ebe838844ab3b10b595671445fca",
        "timestamp": 1744914915220,
        "message": "FILE_TRANSFER RequestId: 1568cd99-ad71-4244-a3c2-2908e6bb03ea\t TransferType: produced\t Action: upload_to_s3\t FileName: tree_ORTHOMCL1_Inner3.nexus\t Bucket: denethor\t FilePath: subtree/tree_ORTHOMCL1_Inner3.nexus\t LocalFilePath: /tmp/subtree/tree_ORTHOMCL1_Inner3.nexus\t FileSize: 339 bytes\t TransferDuration: 41.39638999993167 ms\n",
        "ingestionTime": 1744914922439,
        "eventId": "38912902917436884349696040613087798159078014977661796367"
    },
    {
        "logStreamName": "2025/04/17/[$LATEST]f097ebe838844ab3b10b595671445fca",
        "timestamp": 1744914915220,
        "message": "PRODUCED_FILES_INFO RequestId: 1568cd99-ad71-4244-a3c2-2908e6bb03ea\t FilesCount: 3 files\t FilesSize: 709 bytes\t TransferDuration: 133.72106100007386 ms\t Provider: aws_lambda\t  ProducedFiles: ['tree_ORTHOMCL1_Inner1.nexus', 'tree_ORTHOMCL1_Inner2.nexus', 'tree_ORTHOMCL1_Inner3.nexus']\n",
        "ingestionTime": 1744914922439,
        "eventId": "38912902917436884349696040613087798159078014977661796368"
    },
    {
        "logStreamName": "2025/04/17/[$LATEST]f097ebe838844ab3b10b595671445fca",
        "timestamp": 1744914915223,
        "message": "END RequestId: 1568cd99-ad71-4244-a3c2-2908e6bb03ea\n",
        "ingestionTime": 1744914922439,
        "eventId": "38912902917503786585291632482512405313895960062179737617"
    },
    {
        "logStreamName": "2025/04/17/[$LATEST]f097ebe838844ab3b10b595671445fca",
        "timestamp": 1744914915223,
        "message": "REPORT RequestId: 1568cd99-ad71-4244-a3c2-2908e6bb03ea\tDuration: 328.50 ms\tBilled Duration: 329 ms\tMemory Size: 1024 MB\tMax Memory Used: 112 MB\tInit Duration: 843.33 ms\t\n",
        "ingestionTime": 1744914922439,
        "eventId": "38912902917503786585291632482512405313895960062179737618"
    },
    {
        "logStreamName": "2025/04/17/[$LATEST]f097ebe838844ab3b10b595671445fca",
        "timestamp": 1744914915443,
        "message": "START RequestId: 487489c4-c628-45f2-bd29-cf2b4d2fe921 Version: $LATEST\n",
        "ingestionTime": 1744914922439,
        "eventId": "38912902922409950528968369573650263333878599593495429139"
    },
    {
        "logStreamName": "2025/04/17/[$LATEST]f097ebe838844ab3b10b595671445fca",
        "timestamp": 1744914915490,
        "message": "FILE_TRANSFER RequestId: 487489c4-c628-45f2-bd29-cf2b4d2fe921\t TransferType: consumed\t Action: download_from_s3\t FileName: tree_ORTHOMCL256.nexus\t Bucket: denethor\t FilePath: tree/tree_ORTHOMCL256.nexus\t LocalFilePath: /tmp/tree/tree_ORTHOMCL256.nexus\t FileSize: 640 bytes\t TransferDuration: 46.44437000001744 ms\n",
        "ingestionTime": 1744914922439,
        "eventId": "38912902923458085553299308861302442092693072584276508692"
    },
    {
        "logStreamName": "2025/04/17/[$LATEST]f097ebe838844ab3b10b595671445fca",
        "timestamp": 1744914915490,
        "message": "CONSUMED_FILES_INFO RequestId: 487489c4-c628-45f2-bd29-cf2b4d2fe921\t FilesCount: 1 files\t FilesSize: 640 bytes\t TransferDuration: 46.44437000001744 ms\t ConsumedFiles: ['tree_ORTHOMCL256.nexus']\n",
        "ingestionTime": 1744914922439,
        "eventId": "38912902923458085553299308861302442092693072584276508693"
    },
    {
        "logStreamName": "2025/04/17/[$LATEST]f097ebe838844ab3b10b595671445fca",
        "timestamp": 1744914915490,
        "message": "Reading tree file tree_ORTHOMCL256.nexus\n",
        "ingestionTime": 1744914922439,
        "eventId": "38912902923458085553299308861302442092693072584276508694"
    },
    {
        "logStreamName": "2025/04/17/[$LATEST]f097ebe838844ab3b10b595671445fca",
        "timestamp": 1744914915492,
        "message": "Subtree file tree_ORTHOMCL256_Inner8.nexus was created!\n",
        "ingestionTime": 1744914922439,
        "eventId": "38912902923502687043696370107585513529238369307288469527"
    },
    {
        "logStreamName": "2025/04/17/[$LATEST]f097ebe838844ab3b10b595671445fca",
        "timestamp": 1744914915492,
        "message": "Subtree file tree_ORTHOMCL256_Inner7.nexus was created!\n",
        "ingestionTime": 1744914922439,
        "eventId": "38912902923502687043696370107585513529238369307288469528"
    },
    {
        "logStreamName": "2025/04/17/[$LATEST]f097ebe838844ab3b10b595671445fca",
        "timestamp": 1744914915492,
        "message": "Subtree file tree_ORTHOMCL256_Inner6.nexus was created!\n",
        "ingestionTime": 1744914922439,
        "eventId": "38912902923502687043696370107585513529238369307288469529"
    },
    {
        "logStreamName": "2025/04/17/[$LATEST]f097ebe838844ab3b10b595671445fca",
        "timestamp": 1744914915493,
        "message": "Subtree file tree_ORTHOMCL256_Inner5.nexus was created!\n",
        "ingestionTime": 1744914922439,
        "eventId": "38912902923524987788894900730727049247511017668794449946"
    },
    {
        "logStreamName": "2025/04/17/[$LATEST]f097ebe838844ab3b10b595671445fca",
        "timestamp": 1744914915493,
        "message": "Subtree file tree_ORTHOMCL256_Inner3.nexus was created!\n",
        "ingestionTime": 1744914922439,
        "eventId": "38912902923524987788894900730727049247511017668794449947"
    },
    {
        "logStreamName": "2025/04/17/[$LATEST]f097ebe838844ab3b10b595671445fca",
        "timestamp": 1744914915493,
        "message": "Subtree file tree_ORTHOMCL256_Inner2.nexus was created!\n",
        "ingestionTime": 1744914922439,
        "eventId": "38912902923524987788894900730727049247511017668794449948"
    },
    {
        "logStreamName": "2025/04/17/[$LATEST]f097ebe838844ab3b10b595671445fca",
        "timestamp": 1744914915493,
        "message": "Subtree file tree_ORTHOMCL256_Inner1.nexus was created!\n",
        "ingestionTime": 1744914922439,
        "eventId": "38912902923524987788894900730727049247511017668794449949"
    },
    {
        "logStreamName": "2025/04/17/[$LATEST]f097ebe838844ab3b10b595671445fca",
        "timestamp": 1744914915493,
        "message": "Subtree file tree_ORTHOMCL256_Inner4.nexus was created!\n",
        "ingestionTime": 1744914922439,
        "eventId": "38912902923524987788894900730727049247511017668794449950"
    },
    {
        "logStreamName": "2025/04/17/[$LATEST]f097ebe838844ab3b10b595671445fca",
        "timestamp": 1744914915493,
        "message": "Tempo de construção dos arquivos de subárvores de ['tree_ORTHOMCL256.nexus']: 3.3940199999733522 milissegundos\n",
        "ingestionTime": 1744914922439,
        "eventId": "38912902923524987788894900730727049247511017668794449951"
    },
    {
        "logStreamName": "2025/04/17/[$LATEST]f097ebe838844ab3b10b595671445fca",
        "timestamp": 1744914915493,
        "message": "[INFO] 2025-04-17T18:35:15GMT SUBTREE_CONSTRUCTOR RequestId: 487489c4-c628-45f2-bd29-cf2b4d2fe921\t Duration: 3.3940199999733522 ms\t InputTree: ['tree_ORTHOMCL256.nexus']\t OutputSubtrees: ['tree_ORTHOMCL256_Inner1.nexus', 'tree_ORTHOMCL256_Inner2.nexus', 'tree_ORTHOMCL256_Inner3.nexus', 'tree_ORTHOMCL256_Inner4.nexus', 'tree_ORTHOMCL256_Inner5.nexus', 'tree_ORTHOMCL256_Inner6.nexus', 'tree_ORTHOMCL256_Inner7.nexus', 'tree_ORTHOMCL256_Inner8.nexus']\n",
        "ingestionTime": 1744914922439,
        "eventId": "38912902923524987788894900730727049247511017668794449952"
    },
    {
        "logStreamName": "2025/04/17/[$LATEST]f097ebe838844ab3b10b595671445fca",
        "timestamp": 1744914915493,
        "message": "[INFO]\t2025-04-17T18:35:15.493Z\t487489c4-c628-45f2-bd29-cf2b4d2fe921\tSUBTREE_CONSTRUCTOR RequestId: 487489c4-c628-45f2-bd29-cf2b4d2fe921\t Duration: 3.3940199999733522 ms\t InputTree: ['tree_ORTHOMCL256.nexus']\t OutputSubtrees: ['tree_ORTHOMCL256_Inner1.nexus', 'tree_ORTHOMCL256_Inner2.nexus', 'tree_ORTHOMCL256_Inner3.nexus', 'tree_ORTHOMCL256_Inner4.nexus', 'tree_ORTHOMCL256_Inner5.nexus', 'tree_ORTHOMCL256_Inner6.nexus', 'tree_ORTHOMCL256_Inner7.nexus', 'tree_ORTHOMCL256_Inner8.nexus']\n",
        "ingestionTime": 1744914922439,
        "eventId": "38912902923524987788894900730727049247511017668794449953"
    },
    {
        "logStreamName": "2025/04/17/[$LATEST]f097ebe838844ab3b10b595671445fca",
        "timestamp": 1744914915633,
        "message": "FILE_TRANSFER RequestId: 487489c4-c628-45f2-bd29-cf2b4d2fe921\t TransferType: produced\t Action: upload_to_s3\t FileName: tree_ORTHOMCL256_Inner1.nexus\t Bucket: denethor\t FilePath: subtree/tree_ORTHOMCL256_Inner1.nexus\t LocalFilePath: /tmp/subtree/tree_ORTHOMCL256_Inner1.nexus\t FileSize: 187 bytes\t TransferDuration: 39.163450000046396 ms\n",
        "ingestionTime": 1744914922439,
        "eventId": "38912902926647092116689187970542049805681788279631708194"
    },
    {
        "logStreamName": "2025/04/17/[$LATEST]f097ebe838844ab3b10b595671445fca",
        "timestamp": 1744914915673,
        "message": "FILE_TRANSFER RequestId: 487489c4-c628-45f2-bd29-cf2b4d2fe921\t TransferType: produced\t Action: upload_to_s3\t FileName: tree_ORTHOMCL256_Inner2.nexus\t Bucket: denethor\t FilePath: subtree/tree_ORTHOMCL256_Inner2.nexus\t LocalFilePath: /tmp/subtree/tree_ORTHOMCL256_Inner2.nexus\t FileSize: 245 bytes\t TransferDuration: 39.7232799999756 ms\n",
        "ingestionTime": 1744914922439,
        "eventId": "38912902927539121924630412896203478536587722739870924835"
    },
    {
        "logStreamName": "2025/04/17/[$LATEST]f097ebe838844ab3b10b595671445fca",
        "timestamp": 1744914915718,
        "message": "FILE_TRANSFER RequestId: 487489c4-c628-45f2-bd29-cf2b4d2fe921\t TransferType: produced\t Action: upload_to_s3\t FileName: tree_ORTHOMCL256_Inner3.nexus\t Bucket: denethor\t FilePath: subtree/tree_ORTHOMCL256_Inner3.nexus\t LocalFilePath: /tmp/subtree/tree_ORTHOMCL256_Inner3.nexus\t FileSize: 301 bytes\t TransferDuration: 45.659849000003305 ms\n",
        "ingestionTime": 1744914922439,
        "eventId": "38912902928542655458564290937572585858856899007640043556"
    },
    {
        "logStreamName": "2025/04/17/[$LATEST]f097ebe838844ab3b10b595671445fca",
        "timestamp": 1744914915768,
        "message": "FILE_TRANSFER RequestId: 487489c4-c628-45f2-bd29-cf2b4d2fe921\t TransferType: produced\t Action: upload_to_s3\t FileName: tree_ORTHOMCL256_Inner4.nexus\t Bucket: denethor\t FilePath: subtree/tree_ORTHOMCL256_Inner4.nexus\t LocalFilePath: /tmp/subtree/tree_ORTHOMCL256_Inner4.nexus\t FileSize: 191 bytes\t TransferDuration: 49.11923099996329 ms\n",
        "ingestionTime": 1744914922439,
        "eventId": "38912902929657692718490822094649371772489317082939064357"
    },
    {
        "logStreamName": "2025/04/17/[$LATEST]f097ebe838844ab3b10b595671445fca",
        "timestamp": 1744914915811,
        "message": "FILE_TRANSFER RequestId: 487489c4-c628-45f2-bd29-cf2b4d2fe921\t TransferType: produced\t Action: upload_to_s3\t FileName: tree_ORTHOMCL256_Inner5.nexus\t Bucket: denethor\t FilePath: subtree/tree_ORTHOMCL256_Inner5.nexus\t LocalFilePath: /tmp/subtree/tree_ORTHOMCL256_Inner5.nexus\t FileSize: 421 bytes\t TransferDuration: 42.87735000002613 ms\n",
        "ingestionTime": 1744914922439,
        "eventId": "38912902930616624762027638889735407658213196627696222246"
    },
    {
        "logStreamName": "2025/04/17/[$LATEST]f097ebe838844ab3b10b595671445fca",
        "timestamp": 1744914915851,
        "message": "FILE_TRANSFER RequestId: 487489c4-c628-45f2-bd29-cf2b4d2fe921\t TransferType: produced\t Action: upload_to_s3\t FileName: tree_ORTHOMCL256_Inner6.nexus\t Bucket: denethor\t FilePath: subtree/tree_ORTHOMCL256_Inner6.nexus\t LocalFilePath: /tmp/subtree/tree_ORTHOMCL256_Inner6.nexus\t FileSize: 481 bytes\t TransferDuration: 40.068959999985054 ms\n",
        "ingestionTime": 1744914922439,
        "eventId": "38912902931508654569968863815396836389119131087935438887"
    },
    {
        "logStreamName": "2025/04/17/[$LATEST]f097ebe838844ab3b10b595671445fca",
        "timestamp": 1744914915890,
        "message": "FILE_TRANSFER RequestId: 487489c4-c628-45f2-bd29-cf2b4d2fe921\t TransferType: produced\t Action: upload_to_s3\t FileName: tree_ORTHOMCL256_Inner7.nexus\t Bucket: denethor\t FilePath: subtree/tree_ORTHOMCL256_Inner7.nexus\t LocalFilePath: /tmp/subtree/tree_ORTHOMCL256_Inner7.nexus\t FileSize: 539 bytes\t TransferDuration: 38.81083100009164 ms\n",
        "ingestionTime": 1744914922439,
        "eventId": "38912902932378383632711558117916729401752417186668675112"
    },
    {
        "logStreamName": "2025/04/17/[$LATEST]f097ebe838844ab3b10b595671445fca",
        "timestamp": 1744914915931,
        "message": "FILE_TRANSFER RequestId: 487489c4-c628-45f2-bd29-cf2b4d2fe921\t TransferType: produced\t Action: upload_to_s3\t FileName: tree_ORTHOMCL256_Inner8.nexus\t Bucket: denethor\t FilePath: subtree/tree_ORTHOMCL256_Inner8.nexus\t LocalFilePath: /tmp/subtree/tree_ORTHOMCL256_Inner8.nexus\t FileSize: 640 bytes\t TransferDuration: 41.44038999993427 ms\n",
        "ingestionTime": 1744914922439,
        "eventId": "38912902933292714185851313666719693850931000008413872169"
    },
    {
        "logStreamName": "2025/04/17/[$LATEST]f097ebe838844ab3b10b595671445fca",
        "timestamp": 1744914915931,
        "message": "PRODUCED_FILES_INFO RequestId: 487489c4-c628-45f2-bd29-cf2b4d2fe921\t FilesCount: 8 files\t FilesSize: 3005 bytes\t TransferDuration: 336.8633410000257 ms\t Provider: aws_lambda\t  ProducedFiles: ['tree_ORTHOMCL256_Inner1.nexus', 'tree_ORTHOMCL256_Inner2.nexus', 'tree_ORTHOMCL256_Inner3.nexus', 'tree_ORTHOMCL256_Inner4.nexus', 'tree_ORTHOMCL256_Inner5.nexus', 'tree_ORTHOMCL256_Inner6.nexus', 'tree_ORTHOMCL256_Inner7.nexus', 'tree_ORTHOMCL256_Inner8.nexus']\n",
        "ingestionTime": 1744914922439,
        "eventId": "38912902933292714185851313666719693850931000008413872170"
    },
    {
        "logStreamName": "2025/04/17/[$LATEST]f097ebe838844ab3b10b595671445fca",
        "timestamp": 1744914915932,
        "message": "END RequestId: 487489c4-c628-45f2-bd29-cf2b4d2fe921\n",
        "ingestionTime": 1744914922439,
        "eventId": "38912902933315014931049844289861229569203648369919852587"
    },
    {
        "logStreamName": "2025/04/17/[$LATEST]f097ebe838844ab3b10b595671445fca",
        "timestamp": 1744914915932,
        "message": "REPORT RequestId: 487489c4-c628-45f2-bd29-cf2b4d2fe921\tDuration: 489.39 ms\tBilled Duration: 490 ms\tMemory Size: 1024 MB\tMax Memory Used: 112 MB\t\n",
        "ingestionTime": 1744914922439,
        "eventId": "38912902933315014931049844289861229569203648369919852588"
    }
]