[
    {
        "logStreamName": "2025/03/06/[$LATEST]70c8772a551c47ff99ed111c2d02acb4",
        "timestamp": 1741230703568,
        "message": "START RequestId: 18d757cb-6dde-499d-ba37-dc60b9a1c8ea Version: $LATEST\n",
        "ingestionTime": 1741230712590,
        "eventId": "38830742252128174774634719938242094913374745725663444992"
    },
    {
        "logStreamName": "2025/03/06/[$LATEST]70c8772a551c47ff99ed111c2d02acb4",
        "timestamp": 1741230703850,
        "message": "FILE_TRANSFER RequestId: 18d757cb-6dde-499d-ba37-dc60b9a1c8ea\t TransferType: consumed\t Action: download_from_s3\t FileName: mafdb_6f7a2b1116e6a791f68a03367473294792b679a6357b6789f3f993b1f83e2e80.json\t Bucket: denethor\t FilePath: mafdb/mafdb_6f7a2b1116e6a791f68a03367473294792b679a6357b6789f3f993b1f83e2e80.json\t LocalFilePath: /tmp/mafdb/mafdb_6f7a2b1116e6a791f68a03367473294792b679a6357b6789f3f993b1f83e2e80.json\t FileSize: 185 bytes\t TransferDuration: 281.2009270000999 ms\n",
        "ingestionTime": 1741230712590,
        "eventId": "38830742258416984920620355664155167466261583670349922305"
    },
    {
        "logStreamName": "2025/03/06/[$LATEST]70c8772a551c47ff99ed111c2d02acb4",
        "timestamp": 1741230703969,
        "message": "FILE_TRANSFER RequestId: 18d757cb-6dde-499d-ba37-dc60b9a1c8ea\t TransferType: consumed\t Action: download_from_s3\t FileName: mafdb_98e1a0698cbb3ad22654b18daf794e4cacd094e1e043d17e253b37083af465ed.json\t Bucket: denethor\t FilePath: mafdb/mafdb_98e1a0698cbb3ad22654b18daf794e4cacd094e1e043d17e253b37083af465ed.json\t LocalFilePath: /tmp/mafdb/mafdb_98e1a0698cbb3ad22654b18daf794e4cacd094e1e043d17e253b37083af465ed.json\t FileSize: 396 bytes\t TransferDuration: 119.8348469999928 ms\n",
        "ingestionTime": 1741230712590,
        "eventId": "38830742261070773599245499817997917940706738689561591810"
    },
    {
        "logStreamName": "2025/03/06/[$LATEST]70c8772a551c47ff99ed111c2d02acb4",
        "timestamp": 1741230703970,
        "message": "CONSUMED_FILES_INFO RequestId: 18d757cb-6dde-499d-ba37-dc60b9a1c8ea\t FilesCount: 2 files\t FilesSize: 581 bytes\t TransferDuration: 401.0357740000927 ms\t ConsumedFiles: ['mafdb_6f7a2b1116e6a791f68a03367473294792b679a6357b6789f3f993b1f83e2e80.json', 'mafdb_98e1a0698cbb3ad22654b18daf794e4cacd094e1e043d17e253b37083af465ed.json']\n",
        "ingestionTime": 1741230712590,
        "eventId": "38830742261093074344444030441139453658979387051067572227"
    },
    {
        "logStreamName": "2025/03/06/[$LATEST]70c8772a551c47ff99ed111c2d02acb4",
        "timestamp": 1741230703970,
        "message": "[INFO]\t2025-03-06T03:11:43.970Z\t18d757cb-6dde-499d-ba37-dc60b9a1c8ea\tMAF_DATABASE_AGGREGATOR RequestId: 18d757cb-6dde-499d-ba37-dc60b9a1c8ea\t Duration: 0.3872379999165787 ms\t InputLength: 2\t MaxMaf: 0\t MafDatabase: {}\n",
        "ingestionTime": 1741230712590,
        "eventId": "38830742261093074344444030441139453658979387051067572228"
    },
    {
        "logStreamName": "2025/03/06/[$LATEST]70c8772a551c47ff99ed111c2d02acb4",
        "timestamp": 1741230703970,
        "message": "[INFO] 2025-03-06T03:11:43GMT MAF_DATABASE_AGGREGATOR RequestId: 18d757cb-6dde-499d-ba37-dc60b9a1c8ea\t Duration: 0.3872379999165787 ms\t InputLength: 2\t MaxMaf: 0\t MafDatabase: {}\n",
        "ingestionTime": 1741230712590,
        "eventId": "38830742261093074344444030441139453658979387051067572229"
    },
    {
        "logStreamName": "2025/03/06/[$LATEST]70c8772a551c47ff99ed111c2d02acb4",
        "timestamp": 1741230704059,
        "message": "FILE_TRANSFER RequestId: 18d757cb-6dde-499d-ba37-dc60b9a1c8ea\t TransferType: produced\t Action: upload_to_s3\t FileName: mafdb_45cbc9bc03b36072876f03fb879a229fd9bd3bfaea1682dcf885c349b07fdac6.json\t Bucket: denethor\t FilePath: mafdb/mafdb_45cbc9bc03b36072876f03fb879a229fd9bd3bfaea1682dcf885c349b07fdac6.json\t LocalFilePath: /tmp/mafdb/mafdb_45cbc9bc03b36072876f03fb879a229fd9bd3bfaea1682dcf885c349b07fdac6.json\t FileSize: 597 bytes\t TransferDuration: 88.88187599995945 ms\n",
        "ingestionTime": 1741230712590,
        "eventId": "38830742263077840667113255900736132585245091225099829254"
    },
    {
        "logStreamName": "2025/03/06/[$LATEST]70c8772a551c47ff99ed111c2d02acb4",
        "timestamp": 1741230704059,
        "message": "PRODUCED_FILES_INFO RequestId: 18d757cb-6dde-499d-ba37-dc60b9a1c8ea\t FilesCount: 1 files\t FilesSize: 597 bytes\t TransferDuration: 88.88187599995945 ms\t Provider: aws_lambda\t  ProducedFiles: ['mafdb_45cbc9bc03b36072876f03fb879a229fd9bd3bfaea1682dcf885c349b07fdac6.json']\n",
        "ingestionTime": 1741230712590,
        "eventId": "38830742263077840667113255900736132585245091225099829255"
    },
    {
        "logStreamName": "2025/03/06/[$LATEST]70c8772a551c47ff99ed111c2d02acb4",
        "timestamp": 1741230704060,
        "message": "END RequestId: 18d757cb-6dde-499d-ba37-dc60b9a1c8ea\n",
        "ingestionTime": 1741230712590,
        "eventId": "38830742263100141412311786523877668303517739586605809672"
    },
    {
        "logStreamName": "2025/03/06/[$LATEST]70c8772a551c47ff99ed111c2d02acb4",
        "timestamp": 1741230704060,
        "message": "REPORT RequestId: 18d757cb-6dde-499d-ba37-dc60b9a1c8ea\tDuration: 492.58 ms\tBilled Duration: 493 ms\tMemory Size: 128 MB\tMax Memory Used: 106 MB\t\n",
        "ingestionTime": 1741230712590,
        "eventId": "38830742263100141412311786523877668303517739586605809673"
    }
]