[
    {
        "logStreamName": "2025/03/06/[$LATEST]70c8772a551c47ff99ed111c2d02acb4",
        "timestamp": 1741230620251,
        "message": "INIT_START Runtime Version: python:3.10.v46\tRuntime Version ARN: arn:aws:lambda:sa-east-1::runtime:732ad977322a3d3b48316f22772d490c5a1f1898f80a758b6a1de53725c9e97d\n",
        "ingestionTime": 1741230621376,
        "eventId": "38830740394096987068658791544639523984207734711873175552"
    },
    {
        "logStreamName": "2025/03/06/[$LATEST]70c8772a551c47ff99ed111c2d02acb4",
        "timestamp": 1741230621077,
        "message": "START RequestId: f429f337-05ab-47bd-8eb1-51dff7e03684 Version: $LATEST\n",
        "ingestionTime": 1741230621376,
        "eventId": "38830740412517402602645086259548027277415281315812999169"
    },
    {
        "logStreamName": "2025/03/06/[$LATEST]70c8772a551c47ff99ed111c2d02acb4",
        "timestamp": 1741230621078,
        "message": "Directory /tmp/mafdb was created!\n",
        "ingestionTime": 1741230621376,
        "eventId": "38830740412539703347843616882689562995687929677318979586"
    },
    {
        "logStreamName": "2025/03/06/[$LATEST]70c8772a551c47ff99ed111c2d02acb4",
        "timestamp": 1741230621509,
        "message": "FILE_TRANSFER RequestId: f429f337-05ab-47bd-8eb1-51dff7e03684\t TransferType: consumed\t Action: download_from_s3\t FileName: mafdb_6f7a2b1116e6a791f68a03367473294792b679a6357b6789f3f993b1f83e2e80.json\t Bucket: denethor\t FilePath: mafdb/mafdb_6f7a2b1116e6a791f68a03367473294792b679a6357b6789f3f993b1f83e2e80.json\t LocalFilePath: /tmp/mafdb/mafdb_6f7a2b1116e6a791f68a03367473294792b679a6357b6789f3f993b1f83e2e80.json\t FileSize: 185 bytes\t TransferDuration: 431.454561999999 ms\n",
        "ingestionTime": 1741230630524,
        "eventId": "38830740422151324528410315467750569475303811212899254272"
    },
    {
        "logStreamName": "2025/03/06/[$LATEST]70c8772a551c47ff99ed111c2d02acb4",
        "timestamp": 1741230621629,
        "message": "FILE_TRANSFER RequestId: f429f337-05ab-47bd-8eb1-51dff7e03684\t TransferType: consumed\t Action: download_from_s3\t FileName: mafdb_98e1a0698cbb3ad22654b18daf794e4cacd094e1e043d17e253b37083af465ed.json\t Bucket: denethor\t FilePath: mafdb/mafdb_98e1a0698cbb3ad22654b18daf794e4cacd094e1e043d17e253b37083af465ed.json\t LocalFilePath: /tmp/mafdb/mafdb_98e1a0698cbb3ad22654b18daf794e4cacd094e1e043d17e253b37083af465ed.json\t FileSize: 396 bytes\t TransferDuration: 119.87825300002442 ms\n",
        "ingestionTime": 1741230630524,
        "eventId": "38830740424827413952233990244734855668021614593616904193"
    },
    {
        "logStreamName": "2025/03/06/[$LATEST]70c8772a551c47ff99ed111c2d02acb4",
        "timestamp": 1741230621629,
        "message": "CONSUMED_FILES_INFO RequestId: f429f337-05ab-47bd-8eb1-51dff7e03684\t FilesCount: 2 files\t FilesSize: 581 bytes\t TransferDuration: 551.3328150000234 ms\t ConsumedFiles: ['mafdb_6f7a2b1116e6a791f68a03367473294792b679a6357b6789f3f993b1f83e2e80.json', 'mafdb_98e1a0698cbb3ad22654b18daf794e4cacd094e1e043d17e253b37083af465ed.json']\n",
        "ingestionTime": 1741230630524,
        "eventId": "38830740424827413952233990244734855668021614593616904194"
    },
    {
        "logStreamName": "2025/03/06/[$LATEST]70c8772a551c47ff99ed111c2d02acb4",
        "timestamp": 1741230621630,
        "message": "[INFO] 2025-03-06T03:10:21GMT MAF_DATABASE_AGGREGATOR RequestId: f429f337-05ab-47bd-8eb1-51dff7e03684\t Duration: 0.3688449999117438 ms\t InputLength: 2\t MaxMaf: 0\t MafDatabase: {}\n",
        "ingestionTime": 1741230630524,
        "eventId": "38830740424849714697432520867876391386294262955122884611"
    },
    {
        "logStreamName": "2025/03/06/[$LATEST]70c8772a551c47ff99ed111c2d02acb4",
        "timestamp": 1741230621630,
        "message": "[INFO]\t2025-03-06T03:10:21.630Z\tf429f337-05ab-47bd-8eb1-51dff7e03684\tMAF_DATABASE_AGGREGATOR RequestId: f429f337-05ab-47bd-8eb1-51dff7e03684\t Duration: 0.3688449999117438 ms\t InputLength: 2\t MaxMaf: 0\t MafDatabase: {}\n",
        "ingestionTime": 1741230630524,
        "eventId": "38830740424849714697432520867876391386294262955122884612"
    },
    {
        "logStreamName": "2025/03/06/[$LATEST]70c8772a551c47ff99ed111c2d02acb4",
        "timestamp": 1741230621758,
        "message": "FILE_TRANSFER RequestId: f429f337-05ab-47bd-8eb1-51dff7e03684\t TransferType: produced\t Action: upload_to_s3\t FileName: mafdb_45cbc9bc03b36072876f03fb879a229fd9bd3bfaea1682dcf885c349b07fdac6.json\t Bucket: denethor\t FilePath: mafdb/mafdb_45cbc9bc03b36072876f03fb879a229fd9bd3bfaea1682dcf885c349b07fdac6.json\t LocalFilePath: /tmp/mafdb/mafdb_45cbc9bc03b36072876f03fb879a229fd9bd3bfaea1682dcf885c349b07fdac6.json\t FileSize: 597 bytes\t TransferDuration: 127.55810800001655 ms\n",
        "ingestionTime": 1741230630524,
        "eventId": "38830740427704210082844440629992963325193253227888377861"
    },
    {
        "logStreamName": "2025/03/06/[$LATEST]70c8772a551c47ff99ed111c2d02acb4",
        "timestamp": 1741230621769,
        "message": "PRODUCED_FILES_INFO RequestId: f429f337-05ab-47bd-8eb1-51dff7e03684\t FilesCount: 1 files\t FilesSize: 597 bytes\t TransferDuration: 127.55810800001655 ms\t Provider: aws_lambda\t  ProducedFiles: ['mafdb_45cbc9bc03b36072876f03fb879a229fd9bd3bfaea1682dcf885c349b07fdac6.json']\n",
        "ingestionTime": 1741230630524,
        "eventId": "38830740427949518280028277484549856226192385204454162438"
    },
    {
        "logStreamName": "2025/03/06/[$LATEST]70c8772a551c47ff99ed111c2d02acb4",
        "timestamp": 1741230621772,
        "message": "END RequestId: f429f337-05ab-47bd-8eb1-51dff7e03684\n",
        "ingestionTime": 1741230630524,
        "eventId": "38830740428016420515623869353974463381010330288972103687"
    },
    {
        "logStreamName": "2025/03/06/[$LATEST]70c8772a551c47ff99ed111c2d02acb4",
        "timestamp": 1741230621772,
        "message": "REPORT RequestId: f429f337-05ab-47bd-8eb1-51dff7e03684\tDuration: 694.70 ms\tBilled Duration: 695 ms\tMemory Size: 128 MB\tMax Memory Used: 105 MB\tInit Duration: 824.91 ms\t\n",
        "ingestionTime": 1741230630524,
        "eventId": "38830740428016420515623869353974463381010330288972103688"
    }
]