[
    {
        "logStreamName": "2025/04/17/[$LATEST]bf21a7807b7b40dbaf51166410c0a14f",
        "timestamp": 1744915141219,
        "message": "START RequestId: e39c7a99-df89-4c80-9820-7911daaaefa9 Version: $LATEST\n",
        "ingestionTime": 1744915150243,
        "eventId": "38912907957382998472418340252416486381866298160027533312"
    },
    {
        "logStreamName": "2025/04/17/[$LATEST]bf21a7807b7b40dbaf51166410c0a14f",
        "timestamp": 1744915141346,
        "message": "FILE_TRANSFER RequestId: e39c7a99-df89-4c80-9820-7911daaaefa9\t TransferType: consumed\t Action: download_from_s3\t FileName: tree_ORTHOMCL1.nexus\t Bucket: denethor\t FilePath: tree/tree_ORTHOMCL1.nexus\t LocalFilePath: /tmp/tree/tree_ORTHOMCL1.nexus\t FileSize: 339 bytes\t TransferDuration: 125.6753600000593 ms\n",
        "ingestionTime": 1744915150243,
        "eventId": "38912907960215193112631729391391522602492640071287046145"
    },
    {
        "logStreamName": "2025/04/17/[$LATEST]bf21a7807b7b40dbaf51166410c0a14f",
        "timestamp": 1744915141346,
        "message": "CONSUMED_FILES_INFO RequestId: e39c7a99-df89-4c80-9820-7911daaaefa9\t FilesCount: 1 files\t FilesSize: 339 bytes\t TransferDuration: 125.6753600000593 ms\t ConsumedFiles: ['tree_ORTHOMCL1.nexus']\n",
        "ingestionTime": 1744915150243,
        "eventId": "38912907960215193112631729391391522602492640071287046146"
    },
    {
        "logStreamName": "2025/04/17/[$LATEST]bf21a7807b7b40dbaf51166410c0a14f",
        "timestamp": 1744915141346,
        "message": "Reading tree file tree_ORTHOMCL1.nexus\n",
        "ingestionTime": 1744915150243,
        "eventId": "38912907960215193112631729391391522602492640071287046147"
    },
    {
        "logStreamName": "2025/04/17/[$LATEST]bf21a7807b7b40dbaf51166410c0a14f",
        "timestamp": 1744915141347,
        "message": "Subtree file tree_ORTHOMCL1_Inner3.nexus was created!\n",
        "ingestionTime": 1744915150243,
        "eventId": "38912907960237493857830260014533058320765288432793026564"
    },
    {
        "logStreamName": "2025/04/17/[$LATEST]bf21a7807b7b40dbaf51166410c0a14f",
        "timestamp": 1744915141347,
        "message": "Subtree file tree_ORTHOMCL1_Inner2.nexus was created!\n",
        "ingestionTime": 1744915150243,
        "eventId": "38912907960237493857830260014533058320765288432793026565"
    },
    {
        "logStreamName": "2025/04/17/[$LATEST]bf21a7807b7b40dbaf51166410c0a14f",
        "timestamp": 1744915141347,
        "message": "Subtree file tree_ORTHOMCL1_Inner1.nexus was created!\n",
        "ingestionTime": 1744915150243,
        "eventId": "38912907960237493857830260014533058320765288432793026566"
    },
    {
        "logStreamName": "2025/04/17/[$LATEST]bf21a7807b7b40dbaf51166410c0a14f",
        "timestamp": 1744915141347,
        "message": "Tempo de construção dos arquivos de subárvores de ['tree_ORTHOMCL1.nexus']: 1.4849020001292956 milissegundos\n",
        "ingestionTime": 1744915150243,
        "eventId": "38912907960237493857830260014533058320765288432793026567"
    },
    {
        "logStreamName": "2025/04/17/[$LATEST]bf21a7807b7b40dbaf51166410c0a14f",
        "timestamp": 1744915141347,
        "message": "[INFO] 2025-04-17T18:39:01GMT SUBTREE_CONSTRUCTOR RequestId: e39c7a99-df89-4c80-9820-7911daaaefa9\t Duration: 1.4849020001292956 ms\t InputTree: ['tree_ORTHOMCL1.nexus']\t OutputSubtrees: ['tree_ORTHOMCL1_Inner1.nexus', 'tree_ORTHOMCL1_Inner2.nexus', 'tree_ORTHOMCL1_Inner3.nexus']\n",
        "ingestionTime": 1744915150243,
        "eventId": "38912907960237493857830260014533058320765288432793026568"
    },
    {
        "logStreamName": "2025/04/17/[$LATEST]bf21a7807b7b40dbaf51166410c0a14f",
        "timestamp": 1744915141347,
        "message": "[INFO]\t2025-04-17T18:39:01.347Z\te39c7a99-df89-4c80-9820-7911daaaefa9\tSUBTREE_CONSTRUCTOR RequestId: e39c7a99-df89-4c80-9820-7911daaaefa9\t Duration: 1.4849020001292956 ms\t InputTree: ['tree_ORTHOMCL1.nexus']\t OutputSubtrees: ['tree_ORTHOMCL1_Inner1.nexus', 'tree_ORTHOMCL1_Inner2.nexus', 'tree_ORTHOMCL1_Inner3.nexus']\n",
        "ingestionTime": 1744915150243,
        "eventId": "38912907960237493857830260014533058320765288432793026569"
    },
    {
        "logStreamName": "2025/04/17/[$LATEST]bf21a7807b7b40dbaf51166410c0a14f",
        "timestamp": 1744915141491,
        "message": "FILE_TRANSFER RequestId: e39c7a99-df89-4c80-9820-7911daaaefa9\t TransferType: produced\t Action: upload_to_s3\t FileName: tree_ORTHOMCL1_Inner1.nexus\t Bucket: denethor\t FilePath: subtree/tree_ORTHOMCL1_Inner1.nexus\t LocalFilePath: /tmp/subtree/tree_ORTHOMCL1_Inner1.nexus\t FileSize: 185 bytes\t TransferDuration: 43.50408700020125 ms\n",
        "ingestionTime": 1744915150243,
        "eventId": "38912907963448801166418669746914201752026652489654206474"
    },
    {
        "logStreamName": "2025/04/17/[$LATEST]bf21a7807b7b40dbaf51166410c0a14f",
        "timestamp": 1744915141542,
        "message": "FILE_TRANSFER RequestId: e39c7a99-df89-4c80-9820-7911daaaefa9\t TransferType: produced\t Action: upload_to_s3\t FileName: tree_ORTHOMCL1_Inner2.nexus\t Bucket: denethor\t FilePath: subtree/tree_ORTHOMCL1_Inner2.nexus\t LocalFilePath: /tmp/subtree/tree_ORTHOMCL1_Inner2.nexus\t FileSize: 185 bytes\t TransferDuration: 51.00001900018469 ms\n",
        "ingestionTime": 1744915150243,
        "eventId": "38912907964586139171543731527132523383931718926459207691"
    },
    {
        "logStreamName": "2025/04/17/[$LATEST]bf21a7807b7b40dbaf51166410c0a14f",
        "timestamp": 1744915141604,
        "message": "FILE_TRANSFER RequestId: e39c7a99-df89-4c80-9820-7911daaaefa9\t TransferType: produced\t Action: upload_to_s3\t FileName: tree_ORTHOMCL1_Inner3.nexus\t Bucket: denethor\t FilePath: subtree/tree_ORTHOMCL1_Inner3.nexus\t LocalFilePath: /tmp/subtree/tree_ORTHOMCL1_Inner3.nexus\t FileSize: 339 bytes\t TransferDuration: 61.658761999979106 ms\n",
        "ingestionTime": 1744915150243,
        "eventId": "38912907965968785373852630161907737916835917339829993484"
    },
    {
        "logStreamName": "2025/04/17/[$LATEST]bf21a7807b7b40dbaf51166410c0a14f",
        "timestamp": 1744915141604,
        "message": "PRODUCED_FILES_INFO RequestId: e39c7a99-df89-4c80-9820-7911daaaefa9\t FilesCount: 3 files\t FilesSize: 709 bytes\t TransferDuration: 156.16286800036505 ms\t Provider: aws_lambda\t  ProducedFiles: ['tree_ORTHOMCL1_Inner1.nexus', 'tree_ORTHOMCL1_Inner2.nexus', 'tree_ORTHOMCL1_Inner3.nexus']\n",
        "ingestionTime": 1744915150243,
        "eventId": "38912907965968785373852630161907737916835917339829993485"
    },
    {
        "logStreamName": "2025/04/17/[$LATEST]bf21a7807b7b40dbaf51166410c0a14f",
        "timestamp": 1744915141605,
        "message": "END RequestId: e39c7a99-df89-4c80-9820-7911daaaefa9\n",
        "ingestionTime": 1744915150243,
        "eventId": "38912907965991086119051160785049273635108565701335973902"
    },
    {
        "logStreamName": "2025/04/17/[$LATEST]bf21a7807b7b40dbaf51166410c0a14f",
        "timestamp": 1744915141605,
        "message": "REPORT RequestId: e39c7a99-df89-4c80-9820-7911daaaefa9\tDuration: 385.86 ms\tBilled Duration: 386 ms\tMemory Size: 256 MB\tMax Memory Used: 113 MB\t\n",
        "ingestionTime": 1744915150243,
        "eventId": "38912907965991086119051160785049273635108565701335973903"
    },
    {
        "logStreamName": "2025/04/17/[$LATEST]bf21a7807b7b40dbaf51166410c0a14f",
        "timestamp": 1744915141856,
        "message": "START RequestId: 79dd8765-74ed-42a1-ac71-de4e8d01bf2c Version: $LATEST\n",
        "ingestionTime": 1744915150243,
        "eventId": "38912907971588573163882347193574738921543304439337058320"
    },
    {
        "logStreamName": "2025/04/17/[$LATEST]bf21a7807b7b40dbaf51166410c0a14f",
        "timestamp": 1744915141904,
        "message": "FILE_TRANSFER RequestId: 79dd8765-74ed-42a1-ac71-de4e8d01bf2c\t TransferType: consumed\t Action: download_from_s3\t FileName: tree_ORTHOMCL256.nexus\t Bucket: denethor\t FilePath: tree/tree_ORTHOMCL256.nexus\t LocalFilePath: /tmp/tree/tree_ORTHOMCL256.nexus\t FileSize: 640 bytes\t TransferDuration: 47.999997000033545 ms\n",
        "ingestionTime": 1744915150243,
        "eventId": "38912907972659008933411817104368453398630425791624118289"
    },
    {
        "logStreamName": "2025/04/17/[$LATEST]bf21a7807b7b40dbaf51166410c0a14f",
        "timestamp": 1744915141904,
        "message": "CONSUMED_FILES_INFO RequestId: 79dd8765-74ed-42a1-ac71-de4e8d01bf2c\t FilesCount: 1 files\t FilesSize: 640 bytes\t TransferDuration: 47.999997000033545 ms\t ConsumedFiles: ['tree_ORTHOMCL256.nexus']\n",
        "ingestionTime": 1744915150243,
        "eventId": "38912907972659008933411817104368453398630425791624118290"
    },
    {
        "logStreamName": "2025/04/17/[$LATEST]bf21a7807b7b40dbaf51166410c0a14f",
        "timestamp": 1744915141904,
        "message": "Reading tree file tree_ORTHOMCL256.nexus\n",
        "ingestionTime": 1744915150243,
        "eventId": "38912907972659008933411817104368453398630425791624118291"
    },
    {
        "logStreamName": "2025/04/17/[$LATEST]bf21a7807b7b40dbaf51166410c0a14f",
        "timestamp": 1744915141923,
        "message": "Subtree file tree_ORTHOMCL256_Inner8.nexus was created!\n",
        "ingestionTime": 1744915150243,
        "eventId": "38912907973082723092183898944057632045810744660237746196"
    },
    {
        "logStreamName": "2025/04/17/[$LATEST]bf21a7807b7b40dbaf51166410c0a14f",
        "timestamp": 1744915141923,
        "message": "Subtree file tree_ORTHOMCL256_Inner7.nexus was created!\n",
        "ingestionTime": 1744915150243,
        "eventId": "38912907973082723092183898944057632045810744660237746197"
    },
    {
        "logStreamName": "2025/04/17/[$LATEST]bf21a7807b7b40dbaf51166410c0a14f",
        "timestamp": 1744915141923,
        "message": "Subtree file tree_ORTHOMCL256_Inner6.nexus was created!\n",
        "ingestionTime": 1744915150243,
        "eventId": "38912907973082723092183898944057632045810744660237746198"
    },
    {
        "logStreamName": "2025/04/17/[$LATEST]bf21a7807b7b40dbaf51166410c0a14f",
        "timestamp": 1744915141924,
        "message": "Subtree file tree_ORTHOMCL256_Inner5.nexus was created!\n",
        "ingestionTime": 1744915150243,
        "eventId": "38912907973105023837382429567199167764083393021743726615"
    },
    {
        "logStreamName": "2025/04/17/[$LATEST]bf21a7807b7b40dbaf51166410c0a14f",
        "timestamp": 1744915141924,
        "message": "Subtree file tree_ORTHOMCL256_Inner3.nexus was created!\n",
        "ingestionTime": 1744915150243,
        "eventId": "38912907973105023837382429567199167764083393021743726616"
    },
    {
        "logStreamName": "2025/04/17/[$LATEST]bf21a7807b7b40dbaf51166410c0a14f",
        "timestamp": 1744915141924,
        "message": "Subtree file tree_ORTHOMCL256_Inner2.nexus was created!\n",
        "ingestionTime": 1744915150243,
        "eventId": "38912907973105023837382429567199167764083393021743726617"
    },
    {
        "logStreamName": "2025/04/17/[$LATEST]bf21a7807b7b40dbaf51166410c0a14f",
        "timestamp": 1744915141924,
        "message": "Subtree file tree_ORTHOMCL256_Inner1.nexus was created!\n",
        "ingestionTime": 1744915150243,
        "eventId": "38912907973105023837382429567199167764083393021743726618"
    },
    {
        "logStreamName": "2025/04/17/[$LATEST]bf21a7807b7b40dbaf51166410c0a14f",
        "timestamp": 1744915141924,
        "message": "Subtree file tree_ORTHOMCL256_Inner4.nexus was created!\n",
        "ingestionTime": 1744915150243,
        "eventId": "38912907973105023837382429567199167764083393021743726619"
    },
    {
        "logStreamName": "2025/04/17/[$LATEST]bf21a7807b7b40dbaf51166410c0a14f",
        "timestamp": 1744915141925,
        "message": "Tempo de construção dos arquivos de subárvores de ['tree_ORTHOMCL256.nexus']: 20.052332999966893 milissegundos\n",
        "ingestionTime": 1744915150243,
        "eventId": "38912907973127324582580960190340703482356041383249707036"
    },
    {
        "logStreamName": "2025/04/17/[$LATEST]bf21a7807b7b40dbaf51166410c0a14f",
        "timestamp": 1744915141925,
        "message": "[INFO] 2025-04-17T18:39:01GMT SUBTREE_CONSTRUCTOR RequestId: 79dd8765-74ed-42a1-ac71-de4e8d01bf2c\t Duration: 20.052332999966893 ms\t InputTree: ['tree_ORTHOMCL256.nexus']\t OutputSubtrees: ['tree_ORTHOMCL256_Inner1.nexus', 'tree_ORTHOMCL256_Inner2.nexus', 'tree_ORTHOMCL256_Inner3.nexus', 'tree_ORTHOMCL256_Inner4.nexus', 'tree_ORTHOMCL256_Inner5.nexus', 'tree_ORTHOMCL256_Inner6.nexus', 'tree_ORTHOMCL256_Inner7.nexus', 'tree_ORTHOMCL256_Inner8.nexus']\n",
        "ingestionTime": 1744915150243,
        "eventId": "38912907973127324582580960190340703482356041383249707037"
    },
    {
        "logStreamName": "2025/04/17/[$LATEST]bf21a7807b7b40dbaf51166410c0a14f",
        "timestamp": 1744915141925,
        "message": "[INFO]\t2025-04-17T18:39:01.925Z\t79dd8765-74ed-42a1-ac71-de4e8d01bf2c\tSUBTREE_CONSTRUCTOR RequestId: 79dd8765-74ed-42a1-ac71-de4e8d01bf2c\t Duration: 20.052332999966893 ms\t InputTree: ['tree_ORTHOMCL256.nexus']\t OutputSubtrees: ['tree_ORTHOMCL256_Inner1.nexus', 'tree_ORTHOMCL256_Inner2.nexus', 'tree_ORTHOMCL256_Inner3.nexus', 'tree_ORTHOMCL256_Inner4.nexus', 'tree_ORTHOMCL256_Inner5.nexus', 'tree_ORTHOMCL256_Inner6.nexus', 'tree_ORTHOMCL256_Inner7.nexus', 'tree_ORTHOMCL256_Inner8.nexus']\n",
        "ingestionTime": 1744915150243,
        "eventId": "38912907973127324582580960190340703482356041383249707038"
    },
    {
        "logStreamName": "2025/04/17/[$LATEST]bf21a7807b7b40dbaf51166410c0a14f",
        "timestamp": 1744915142066,
        "message": "FILE_TRANSFER RequestId: 79dd8765-74ed-42a1-ac71-de4e8d01bf2c\t TransferType: produced\t Action: upload_to_s3\t FileName: tree_ORTHOMCL256_Inner1.nexus\t Bucket: denethor\t FilePath: subtree/tree_ORTHOMCL256_Inner1.nexus\t LocalFilePath: /tmp/subtree/tree_ORTHOMCL256_Inner1.nexus\t FileSize: 187 bytes\t TransferDuration: 41.382325999848035 ms\n",
        "ingestionTime": 1744915150243,
        "eventId": "38912907976271729655573778053297239758799460355592945695"
    },
    {
        "logStreamName": "2025/04/17/[$LATEST]bf21a7807b7b40dbaf51166410c0a14f",
        "timestamp": 1744915142109,
        "message": "FILE_TRANSFER RequestId: 79dd8765-74ed-42a1-ac71-de4e8d01bf2c\t TransferType: produced\t Action: upload_to_s3\t FileName: tree_ORTHOMCL256_Inner2.nexus\t Bucket: denethor\t FilePath: subtree/tree_ORTHOMCL256_Inner2.nexus\t LocalFilePath: /tmp/subtree/tree_ORTHOMCL256_Inner2.nexus\t FileSize: 245 bytes\t TransferDuration: 42.61555000016415 ms\n",
        "ingestionTime": 1744915150243,
        "eventId": "38912907977230661699110594848383275644523339900350103584"
    },
    {
        "logStreamName": "2025/04/17/[$LATEST]bf21a7807b7b40dbaf51166410c0a14f",
        "timestamp": 1744915142188,
        "message": "FILE_TRANSFER RequestId: 79dd8765-74ed-42a1-ac71-de4e8d01bf2c\t TransferType: produced\t Action: upload_to_s3\t FileName: tree_ORTHOMCL256_Inner3.nexus\t Bucket: denethor\t FilePath: subtree/tree_ORTHOMCL256_Inner3.nexus\t LocalFilePath: /tmp/subtree/tree_ORTHOMCL256_Inner3.nexus\t FileSize: 301 bytes\t TransferDuration: 78.48583999998482 ms\n",
        "ingestionTime": 1744915150243,
        "eventId": "38912907978992420569794514076564597388062560459322556449"
    },
    {
        "logStreamName": "2025/04/17/[$LATEST]bf21a7807b7b40dbaf51166410c0a14f",
        "timestamp": 1744915142278,
        "message": "FILE_TRANSFER RequestId: 79dd8765-74ed-42a1-ac71-de4e8d01bf2c\t TransferType: produced\t Action: upload_to_s3\t FileName: tree_ORTHOMCL256_Inner4.nexus\t Bucket: denethor\t FilePath: subtree/tree_ORTHOMCL256_Inner4.nexus\t LocalFilePath: /tmp/subtree/tree_ORTHOMCL256_Inner4.nexus\t FileSize: 191 bytes\t TransferDuration: 90.61938399986502 ms\n",
        "ingestionTime": 1744915150243,
        "eventId": "38912907980999487637662270159302812032600912994860793890"
    },
    {
        "logStreamName": "2025/04/17/[$LATEST]bf21a7807b7b40dbaf51166410c0a14f",
        "timestamp": 1744915142323,
        "message": "FILE_TRANSFER RequestId: 79dd8765-74ed-42a1-ac71-de4e8d01bf2c\t TransferType: produced\t Action: upload_to_s3\t FileName: tree_ORTHOMCL256_Inner5.nexus\t Bucket: denethor\t FilePath: subtree/tree_ORTHOMCL256_Inner5.nexus\t LocalFilePath: /tmp/subtree/tree_ORTHOMCL256_Inner5.nexus\t FileSize: 421 bytes\t TransferDuration: 44.08759700004339 ms\n",
        "ingestionTime": 1744915150243,
        "eventId": "38912907982003021171596148200671919354870089262629912611"
    },
    {
        "logStreamName": "2025/04/17/[$LATEST]bf21a7807b7b40dbaf51166410c0a14f",
        "timestamp": 1744915142374,
        "message": "FILE_TRANSFER RequestId: 79dd8765-74ed-42a1-ac71-de4e8d01bf2c\t TransferType: produced\t Action: upload_to_s3\t FileName: tree_ORTHOMCL256_Inner6.nexus\t Bucket: denethor\t FilePath: subtree/tree_ORTHOMCL256_Inner6.nexus\t LocalFilePath: /tmp/subtree/tree_ORTHOMCL256_Inner6.nexus\t FileSize: 481 bytes\t TransferDuration: 51.14021000008506 ms\n",
        "ingestionTime": 1744915150243,
        "eventId": "38912907983140359176721209980890240986775155699434913828"
    },
    {
        "logStreamName": "2025/04/17/[$LATEST]bf21a7807b7b40dbaf51166410c0a14f",
        "timestamp": 1744915142424,
        "message": "FILE_TRANSFER RequestId: 79dd8765-74ed-42a1-ac71-de4e8d01bf2c\t TransferType: produced\t Action: upload_to_s3\t FileName: tree_ORTHOMCL256_Inner7.nexus\t Bucket: denethor\t FilePath: subtree/tree_ORTHOMCL256_Inner7.nexus\t LocalFilePath: /tmp/subtree/tree_ORTHOMCL256_Inner7.nexus\t FileSize: 539 bytes\t TransferDuration: 49.95496100013952 ms\n",
        "ingestionTime": 1744915150243,
        "eventId": "38912907984255396436647741137967026900407573774733934629"
    },
    {
        "logStreamName": "2025/04/17/[$LATEST]bf21a7807b7b40dbaf51166410c0a14f",
        "timestamp": 1744915142481,
        "message": "FILE_TRANSFER RequestId: 79dd8765-74ed-42a1-ac71-de4e8d01bf2c\t TransferType: produced\t Action: upload_to_s3\t FileName: tree_ORTHOMCL256_Inner8.nexus\t Bucket: denethor\t FilePath: subtree/tree_ORTHOMCL256_Inner8.nexus\t LocalFilePath: /tmp/subtree/tree_ORTHOMCL256_Inner8.nexus\t FileSize: 640 bytes\t TransferDuration: 56.904907999978604 ms\n",
        "ingestionTime": 1744915150243,
        "eventId": "38912907985526538912963986657034562841948530380574818342"
    },
    {
        "logStreamName": "2025/04/17/[$LATEST]bf21a7807b7b40dbaf51166410c0a14f",
        "timestamp": 1744915142481,
        "message": "PRODUCED_FILES_INFO RequestId: 79dd8765-74ed-42a1-ac71-de4e8d01bf2c\t FilesCount: 8 files\t FilesSize: 3005 bytes\t TransferDuration: 455.1907760001086 ms\t Provider: aws_lambda\t  ProducedFiles: ['tree_ORTHOMCL256_Inner1.nexus', 'tree_ORTHOMCL256_Inner2.nexus', 'tree_ORTHOMCL256_Inner3.nexus', 'tree_ORTHOMCL256_Inner4.nexus', 'tree_ORTHOMCL256_Inner5.nexus', 'tree_ORTHOMCL256_Inner6.nexus', 'tree_ORTHOMCL256_Inner7.nexus', 'tree_ORTHOMCL256_Inner8.nexus']\n",
        "ingestionTime": 1744915150243,
        "eventId": "38912907985526538912963986657034562841948530380574818343"
    },
    {
        "logStreamName": "2025/04/17/[$LATEST]bf21a7807b7b40dbaf51166410c0a14f",
        "timestamp": 1744915142482,
        "message": "END RequestId: 79dd8765-74ed-42a1-ac71-de4e8d01bf2c\n",
        "ingestionTime": 1744915150243,
        "eventId": "38912907985548839658162517280176098560221178742080798760"
    },
    {
        "logStreamName": "2025/04/17/[$LATEST]bf21a7807b7b40dbaf51166410c0a14f",
        "timestamp": 1744915142482,
        "message": "REPORT RequestId: 79dd8765-74ed-42a1-ac71-de4e8d01bf2c\tDuration: 626.07 ms\tBilled Duration: 627 ms\tMemory Size: 256 MB\tMax Memory Used: 113 MB\t\n",
        "ingestionTime": 1744915150243,
        "eventId": "38912907985548839658162517280176098560221178742080798761"
    },
    {
        "logStreamName": "2025/04/17/[$LATEST]bf21a7807b7b40dbaf51166410c0a14f",
        "timestamp": 1744915142757,
        "message": "START RequestId: b0d15a7f-9d39-448e-b5a1-21b642d03095 Version: $LATEST\n",
        "ingestionTime": 1744915150243,
        "eventId": "38912907991681544587758438644098421085199478156225413162"
    },
    {
        "logStreamName": "2025/04/17/[$LATEST]bf21a7807b7b40dbaf51166410c0a14f",
        "timestamp": 1744915142806,
        "message": "FILE_TRANSFER RequestId: b0d15a7f-9d39-448e-b5a1-21b642d03095\t TransferType: consumed\t Action: download_from_s3\t FileName: tree_ORTHOMCL256_2.nexus\t Bucket: denethor\t FilePath: tree/tree_ORTHOMCL256_2.nexus\t LocalFilePath: /tmp/tree/tree_ORTHOMCL256_2.nexus\t FileSize: 640 bytes\t TransferDuration: 48.34667999989506 ms\n",
        "ingestionTime": 1744915150243,
        "eventId": "38912907992774281102486439178033671280559247870018453547"
    },
    {
        "logStreamName": "2025/04/17/[$LATEST]bf21a7807b7b40dbaf51166410c0a14f",
        "timestamp": 1744915142806,
        "message": "CONSUMED_FILES_INFO RequestId: b0d15a7f-9d39-448e-b5a1-21b642d03095\t FilesCount: 1 files\t FilesSize: 640 bytes\t TransferDuration: 48.34667999989506 ms\t ConsumedFiles: ['tree_ORTHOMCL256_2.nexus']\n",
        "ingestionTime": 1744915150243,
        "eventId": "38912907992774281102486439178033671280559247870018453548"
    },
    {
        "logStreamName": "2025/04/17/[$LATEST]bf21a7807b7b40dbaf51166410c0a14f",
        "timestamp": 1744915142806,
        "message": "Reading tree file tree_ORTHOMCL256_2.nexus\n",
        "ingestionTime": 1744915150243,
        "eventId": "38912907992774281102486439178033671280559247870018453549"
    },
    {
        "logStreamName": "2025/04/17/[$LATEST]bf21a7807b7b40dbaf51166410c0a14f",
        "timestamp": 1744915142808,
        "message": "Subtree file tree_ORTHOMCL256_2_Inner8.nexus was created!\n",
        "ingestionTime": 1744915150243,
        "eventId": "38912907992818882592883500424316742717104544593030414382"
    },
    {
        "logStreamName": "2025/04/17/[$LATEST]bf21a7807b7b40dbaf51166410c0a14f",
        "timestamp": 1744915142808,
        "message": "Subtree file tree_ORTHOMCL256_2_Inner7.nexus was created!\n",
        "ingestionTime": 1744915150243,
        "eventId": "38912907992818882592883500424316742717104544593030414383"
    },
    {
        "logStreamName": "2025/04/17/[$LATEST]bf21a7807b7b40dbaf51166410c0a14f",
        "timestamp": 1744915142808,
        "message": "Subtree file tree_ORTHOMCL256_2_Inner6.nexus was created!\n",
        "ingestionTime": 1744915150243,
        "eventId": "38912907992818882592883500424316742717104544593030414384"
    },
    {
        "logStreamName": "2025/04/17/[$LATEST]bf21a7807b7b40dbaf51166410c0a14f",
        "timestamp": 1744915142808,
        "message": "Subtree file tree_ORTHOMCL256_2_Inner5.nexus was created!\n",
        "ingestionTime": 1744915150243,
        "eventId": "38912907992818882592883500424316742717104544593030414385"
    },
    {
        "logStreamName": "2025/04/17/[$LATEST]bf21a7807b7b40dbaf51166410c0a14f",
        "timestamp": 1744915142809,
        "message": "Subtree file tree_ORTHOMCL256_2_Inner3.nexus was created!\n",
        "ingestionTime": 1744915150243,
        "eventId": "38912907992841183338082031047458278435377192954536394802"
    },
    {
        "logStreamName": "2025/04/17/[$LATEST]bf21a7807b7b40dbaf51166410c0a14f",
        "timestamp": 1744915142809,
        "message": "Subtree file tree_ORTHOMCL256_2_Inner2.nexus was created!\n",
        "ingestionTime": 1744915150243,
        "eventId": "38912907992841183338082031047458278435377192954536394803"
    },
    {
        "logStreamName": "2025/04/17/[$LATEST]bf21a7807b7b40dbaf51166410c0a14f",
        "timestamp": 1744915142809,
        "message": "Subtree file tree_ORTHOMCL256_2_Inner1.nexus was created!\n",
        "ingestionTime": 1744915150243,
        "eventId": "38912907992841183338082031047458278435377192954536394804"
    },
    {
        "logStreamName": "2025/04/17/[$LATEST]bf21a7807b7b40dbaf51166410c0a14f",
        "timestamp": 1744915142809,
        "message": "Subtree file tree_ORTHOMCL256_2_Inner4.nexus was created!\n",
        "ingestionTime": 1744915150243,
        "eventId": "38912907992841183338082031047458278435377192954536394805"
    },
    {
        "logStreamName": "2025/04/17/[$LATEST]bf21a7807b7b40dbaf51166410c0a14f",
        "timestamp": 1744915142809,
        "message": "Tempo de construção dos arquivos de subárvores de ['tree_ORTHOMCL256_2.nexus']: 3.528694000124233 milissegundos\n",
        "ingestionTime": 1744915150243,
        "eventId": "38912907992841183338082031047458278435377192954536394806"
    },
    {
        "logStreamName": "2025/04/17/[$LATEST]bf21a7807b7b40dbaf51166410c0a14f",
        "timestamp": 1744915142809,
        "message": "[INFO] 2025-04-17T18:39:02GMT SUBTREE_CONSTRUCTOR RequestId: b0d15a7f-9d39-448e-b5a1-21b642d03095\t Duration: 3.528694000124233 ms\t InputTree: ['tree_ORTHOMCL256_2.nexus']\t OutputSubtrees: ['tree_ORTHOMCL256_2_Inner1.nexus', 'tree_ORTHOMCL256_2_Inner2.nexus', 'tree_ORTHOMCL256_2_Inner3.nexus', 'tree_ORTHOMCL256_2_Inner4.nexus', 'tree_ORTHOMCL256_2_Inner5.nexus', 'tree_ORTHOMCL256_2_Inner6.nexus', 'tree_ORTHOMCL256_2_Inner7.nexus', 'tree_ORTHOMCL256_2_Inner8.nexus']\n",
        "ingestionTime": 1744915150243,
        "eventId": "38912907992841183338082031047458278435377192954536394807"
    },
    {
        "logStreamName": "2025/04/17/[$LATEST]bf21a7807b7b40dbaf51166410c0a14f",
        "timestamp": 1744915142809,
        "message": "[INFO]\t2025-04-17T18:39:02.809Z\tb0d15a7f-9d39-448e-b5a1-21b642d03095\tSUBTREE_CONSTRUCTOR RequestId: b0d15a7f-9d39-448e-b5a1-21b642d03095\t Duration: 3.528694000124233 ms\t InputTree: ['tree_ORTHOMCL256_2.nexus']\t OutputSubtrees: ['tree_ORTHOMCL256_2_Inner1.nexus', 'tree_ORTHOMCL256_2_Inner2.nexus', 'tree_ORTHOMCL256_2_Inner3.nexus', 'tree_ORTHOMCL256_2_Inner4.nexus', 'tree_ORTHOMCL256_2_Inner5.nexus', 'tree_ORTHOMCL256_2_Inner6.nexus', 'tree_ORTHOMCL256_2_Inner7.nexus', 'tree_ORTHOMCL256_2_Inner8.nexus']\n",
        "ingestionTime": 1744915150243,
        "eventId": "38912907992841183338082031047458278435377192954536394808"
    },
    {
        "logStreamName": "2025/04/17/[$LATEST]bf21a7807b7b40dbaf51166410c0a14f",
        "timestamp": 1744915142956,
        "message": "FILE_TRANSFER RequestId: b0d15a7f-9d39-448e-b5a1-21b642d03095\t TransferType: produced\t Action: upload_to_s3\t FileName: tree_ORTHOMCL256_2_Inner1.nexus\t Bucket: denethor\t FilePath: subtree/tree_ORTHOMCL256_2_Inner1.nexus\t LocalFilePath: /tmp/subtree/tree_ORTHOMCL256_2_Inner1.nexus\t FileSize: 187 bytes\t TransferDuration: 46.7114139999012 ms\n",
        "ingestionTime": 1744915150243,
        "eventId": "38912907996119392882266032649264029021456502095915515961"
    },
    {
        "logStreamName": "2025/04/17/[$LATEST]bf21a7807b7b40dbaf51166410c0a14f",
        "timestamp": 1744915142999,
        "message": "FILE_TRANSFER RequestId: b0d15a7f-9d39-448e-b5a1-21b642d03095\t TransferType: produced\t Action: upload_to_s3\t FileName: tree_ORTHOMCL256_2_Inner2.nexus\t Bucket: denethor\t FilePath: subtree/tree_ORTHOMCL256_2_Inner2.nexus\t LocalFilePath: /tmp/subtree/tree_ORTHOMCL256_2_Inner2.nexus\t FileSize: 245 bytes\t TransferDuration: 42.91408800008867 ms\n",
        "ingestionTime": 1744915150243,
        "eventId": "38912907997078324925802849444350064907180381640672673850"
    },
    {
        "logStreamName": "2025/04/17/[$LATEST]bf21a7807b7b40dbaf51166410c0a14f",
        "timestamp": 1744915143045,
        "message": "FILE_TRANSFER RequestId: b0d15a7f-9d39-448e-b5a1-21b642d03095\t TransferType: produced\t Action: upload_to_s3\t FileName: tree_ORTHOMCL256_2_Inner3.nexus\t Bucket: denethor\t FilePath: subtree/tree_ORTHOMCL256_2_Inner3.nexus\t LocalFilePath: /tmp/subtree/tree_ORTHOMCL256_2_Inner3.nexus\t FileSize: 301 bytes\t TransferDuration: 45.1288439999189 ms\n",
        "ingestionTime": 1744915150243,
        "eventId": "38912907998104159204935258108860707947722206269947772987"
    },
    {
        "logStreamName": "2025/04/17/[$LATEST]bf21a7807b7b40dbaf51166410c0a14f",
        "timestamp": 1744915143101,
        "message": "FILE_TRANSFER RequestId: b0d15a7f-9d39-448e-b5a1-21b642d03095\t TransferType: produced\t Action: upload_to_s3\t FileName: tree_ORTHOMCL256_2_Inner4.nexus\t Bucket: denethor\t FilePath: subtree/tree_ORTHOMCL256_2_Inner4.nexus\t LocalFilePath: /tmp/subtree/tree_ORTHOMCL256_2_Inner4.nexus\t FileSize: 191 bytes\t TransferDuration: 56.28301999990981 ms\n",
        "ingestionTime": 1744915150243,
        "eventId": "38912907999353000936052973004786708170990514514282676284"
    },
    {
        "logStreamName": "2025/04/17/[$LATEST]bf21a7807b7b40dbaf51166410c0a14f",
        "timestamp": 1744915143149,
        "message": "FILE_TRANSFER RequestId: b0d15a7f-9d39-448e-b5a1-21b642d03095\t TransferType: produced\t Action: upload_to_s3\t FileName: tree_ORTHOMCL256_2_Inner5.nexus\t Bucket: denethor\t FilePath: subtree/tree_ORTHOMCL256_2_Inner5.nexus\t LocalFilePath: /tmp/subtree/tree_ORTHOMCL256_2_Inner5.nexus\t FileSize: 421 bytes\t TransferDuration: 47.96002199987015 ms\n",
        "ingestionTime": 1744915150243,
        "eventId": "38912908000423436705582442915580422648077635866569736253"
    },
    {
        "logStreamName": "2025/04/17/[$LATEST]bf21a7807b7b40dbaf51166410c0a14f",
        "timestamp": 1744915143202,
        "message": "FILE_TRANSFER RequestId: b0d15a7f-9d39-448e-b5a1-21b642d03095\t TransferType: produced\t Action: upload_to_s3\t FileName: tree_ORTHOMCL256_2_Inner6.nexus\t Bucket: denethor\t FilePath: subtree/tree_ORTHOMCL256_2_Inner6.nexus\t LocalFilePath: /tmp/subtree/tree_ORTHOMCL256_2_Inner6.nexus\t FileSize: 481 bytes\t TransferDuration: 52.626061999944795 ms\n",
        "ingestionTime": 1744915150243,
        "eventId": "38912908001605376201104565942081815716527999026386698302"
    },
    {
        "logStreamName": "2025/04/17/[$LATEST]bf21a7807b7b40dbaf51166410c0a14f",
        "timestamp": 1744915143276,
        "message": "FILE_TRANSFER RequestId: b0d15a7f-9d39-448e-b5a1-21b642d03095\t TransferType: produced\t Action: upload_to_s3\t FileName: tree_ORTHOMCL256_2_Inner7.nexus\t Bucket: denethor\t FilePath: subtree/tree_ORTHOMCL256_2_Inner7.nexus\t LocalFilePath: /tmp/subtree/tree_ORTHOMCL256_2_Inner7.nexus\t FileSize: 539 bytes\t TransferDuration: 74.4619419999708 ms\n",
        "ingestionTime": 1744915150243,
        "eventId": "38912908003255631345795832054555458868703977777829249087"
    },
    {
        "logStreamName": "2025/04/17/[$LATEST]bf21a7807b7b40dbaf51166410c0a14f",
        "timestamp": 1744915143326,
        "message": "FILE_TRANSFER RequestId: b0d15a7f-9d39-448e-b5a1-21b642d03095\t TransferType: produced\t Action: upload_to_s3\t FileName: tree_ORTHOMCL256_2_Inner8.nexus\t Bucket: denethor\t FilePath: subtree/tree_ORTHOMCL256_2_Inner8.nexus\t LocalFilePath: /tmp/subtree/tree_ORTHOMCL256_2_Inner8.nexus\t FileSize: 640 bytes\t TransferDuration: 49.4634159999805 ms\n",
        "ingestionTime": 1744915150243,
        "eventId": "38912908004370668605722363211632244782336395853128269888"
    },
    {
        "logStreamName": "2025/04/17/[$LATEST]bf21a7807b7b40dbaf51166410c0a14f",
        "timestamp": 1744915143326,
        "message": "PRODUCED_FILES_INFO RequestId: b0d15a7f-9d39-448e-b5a1-21b642d03095\t FilesCount: 8 files\t FilesSize: 3005 bytes\t TransferDuration: 415.5488079995848 ms\t Provider: aws_lambda\t  ProducedFiles: ['tree_ORTHOMCL256_2_Inner1.nexus', 'tree_ORTHOMCL256_2_Inner2.nexus', 'tree_ORTHOMCL256_2_Inner3.nexus', 'tree_ORTHOMCL256_2_Inner4.nexus', 'tree_ORTHOMCL256_2_Inner5.nexus', 'tree_ORTHOMCL256_2_Inner6.nexus', 'tree_ORTHOMCL256_2_Inner7.nexus', 'tree_ORTHOMCL256_2_Inner8.nexus']\n",
        "ingestionTime": 1744915150243,
        "eventId": "38912908004370668605722363211632244782336395853128269889"
    },
    {
        "logStreamName": "2025/04/17/[$LATEST]bf21a7807b7b40dbaf51166410c0a14f",
        "timestamp": 1744915143327,
        "message": "END RequestId: b0d15a7f-9d39-448e-b5a1-21b642d03095\n",
        "ingestionTime": 1744915150243,
        "eventId": "38912908004392969350920893834773780500609044214634250306"
    },
    {
        "logStreamName": "2025/04/17/[$LATEST]bf21a7807b7b40dbaf51166410c0a14f",
        "timestamp": 1744915143327,
        "message": "REPORT RequestId: b0d15a7f-9d39-448e-b5a1-21b642d03095\tDuration: 570.32 ms\tBilled Duration: 571 ms\tMemory Size: 256 MB\tMax Memory Used: 113 MB\t\n",
        "ingestionTime": 1744915150243,
        "eventId": "38912908004392969350920893834773780500609044214634250307"
    },
    {
        "logStreamName": "2025/04/17/[$LATEST]bf21a7807b7b40dbaf51166410c0a14f",
        "timestamp": 1744915143539,
        "message": "START RequestId: 9ad502ff-8a6a-41a7-9bb1-79027320fc9c Version: $LATEST\n",
        "ingestionTime": 1744915150243,
        "eventId": "38912908009120727333009385940779352774410496853902098500"
    },
    {
        "logStreamName": "2025/04/17/[$LATEST]bf21a7807b7b40dbaf51166410c0a14f",
        "timestamp": 1744915143584,
        "message": "FILE_TRANSFER RequestId: 9ad502ff-8a6a-41a7-9bb1-79027320fc9c\t TransferType: consumed\t Action: download_from_s3\t FileName: tree_ORTHOMCL320.nexus\t Bucket: denethor\t FilePath: tree/tree_ORTHOMCL320.nexus\t LocalFilePath: /tmp/tree/tree_ORTHOMCL320.nexus\t FileSize: 595 bytes\t TransferDuration: 44.24563899988243 ms\n",
        "ingestionTime": 1744915150243,
        "eventId": "38912908010124260866943263982148460096679673121671217221"
    },
    {
        "logStreamName": "2025/04/17/[$LATEST]bf21a7807b7b40dbaf51166410c0a14f",
        "timestamp": 1744915143584,
        "message": "CONSUMED_FILES_INFO RequestId: 9ad502ff-8a6a-41a7-9bb1-79027320fc9c\t FilesCount: 1 files\t FilesSize: 595 bytes\t TransferDuration: 44.24563899988243 ms\t ConsumedFiles: ['tree_ORTHOMCL320.nexus']\n",
        "ingestionTime": 1744915150243,
        "eventId": "38912908010124260866943263982148460096679673121671217222"
    },
    {
        "logStreamName": "2025/04/17/[$LATEST]bf21a7807b7b40dbaf51166410c0a14f",
        "timestamp": 1744915143584,
        "message": "Reading tree file tree_ORTHOMCL320.nexus\n",
        "ingestionTime": 1744915150243,
        "eventId": "38912908010124260866943263982148460096679673121671217223"
    },
    {
        "logStreamName": "2025/04/17/[$LATEST]bf21a7807b7b40dbaf51166410c0a14f",
        "timestamp": 1744915143586,
        "message": "Subtree file tree_ORTHOMCL320_Inner7.nexus was created!\n",
        "ingestionTime": 1744915150243,
        "eventId": "38912908010168862357340325228431531533224969844683178056"
    },
    {
        "logStreamName": "2025/04/17/[$LATEST]bf21a7807b7b40dbaf51166410c0a14f",
        "timestamp": 1744915143586,
        "message": "Subtree file tree_ORTHOMCL320_Inner6.nexus was created!\n",
        "ingestionTime": 1744915150243,
        "eventId": "38912908010168862357340325228431531533224969844683178057"
    },
    {
        "logStreamName": "2025/04/17/[$LATEST]bf21a7807b7b40dbaf51166410c0a14f",
        "timestamp": 1744915143602,
        "message": "Subtree file tree_ORTHOMCL320_Inner4.nexus was created!\n",
        "ingestionTime": 1744915150243,
        "eventId": "38912908010525674280516815198696103025587343628778864714"
    },
    {
        "logStreamName": "2025/04/17/[$LATEST]bf21a7807b7b40dbaf51166410c0a14f",
        "timestamp": 1744915143602,
        "message": "Subtree file tree_ORTHOMCL320_Inner5.nexus was created!\n",
        "ingestionTime": 1744915150243,
        "eventId": "38912908010525674280516815198696103025587343628778864715"
    },
    {
        "logStreamName": "2025/04/17/[$LATEST]bf21a7807b7b40dbaf51166410c0a14f",
        "timestamp": 1744915143603,
        "message": "Subtree file tree_ORTHOMCL320_Inner3.nexus was created!\n",
        "ingestionTime": 1744915150243,
        "eventId": "38912908010547975025715345821837638743859991990284845132"
    },
    {
        "logStreamName": "2025/04/17/[$LATEST]bf21a7807b7b40dbaf51166410c0a14f",
        "timestamp": 1744915143603,
        "message": "Subtree file tree_ORTHOMCL320_Inner2.nexus was created!\n",
        "ingestionTime": 1744915150243,
        "eventId": "38912908010547975025715345821837638743859991990284845133"
    },
    {
        "logStreamName": "2025/04/17/[$LATEST]bf21a7807b7b40dbaf51166410c0a14f",
        "timestamp": 1744915143603,
        "message": "Subtree file tree_ORTHOMCL320_Inner1.nexus was created!\n",
        "ingestionTime": 1744915150243,
        "eventId": "38912908010547975025715345821837638743859991990284845134"
    },
    {
        "logStreamName": "2025/04/17/[$LATEST]bf21a7807b7b40dbaf51166410c0a14f",
        "timestamp": 1744915143603,
        "message": "Tempo de construção dos arquivos de subárvores de ['tree_ORTHOMCL320.nexus']: 19.072998999945412 milissegundos\n",
        "ingestionTime": 1744915150243,
        "eventId": "38912908010547975025715345821837638743859991990284845135"
    },
    {
        "logStreamName": "2025/04/17/[$LATEST]bf21a7807b7b40dbaf51166410c0a14f",
        "timestamp": 1744915143603,
        "message": "[INFO] 2025-04-17T18:39:03GMT SUBTREE_CONSTRUCTOR RequestId: 9ad502ff-8a6a-41a7-9bb1-79027320fc9c\t Duration: 19.072998999945412 ms\t InputTree: ['tree_ORTHOMCL320.nexus']\t OutputSubtrees: ['tree_ORTHOMCL320_Inner1.nexus', 'tree_ORTHOMCL320_Inner2.nexus', 'tree_ORTHOMCL320_Inner3.nexus', 'tree_ORTHOMCL320_Inner4.nexus', 'tree_ORTHOMCL320_Inner5.nexus', 'tree_ORTHOMCL320_Inner6.nexus', 'tree_ORTHOMCL320_Inner7.nexus']\n",
        "ingestionTime": 1744915150243,
        "eventId": "38912908010547975025715345821837638743859991990284845136"
    },
    {
        "logStreamName": "2025/04/17/[$LATEST]bf21a7807b7b40dbaf51166410c0a14f",
        "timestamp": 1744915143603,
        "message": "[INFO]\t2025-04-17T18:39:03.603Z\t9ad502ff-8a6a-41a7-9bb1-79027320fc9c\tSUBTREE_CONSTRUCTOR RequestId: 9ad502ff-8a6a-41a7-9bb1-79027320fc9c\t Duration: 19.072998999945412 ms\t InputTree: ['tree_ORTHOMCL320.nexus']\t OutputSubtrees: ['tree_ORTHOMCL320_Inner1.nexus', 'tree_ORTHOMCL320_Inner2.nexus', 'tree_ORTHOMCL320_Inner3.nexus', 'tree_ORTHOMCL320_Inner4.nexus', 'tree_ORTHOMCL320_Inner5.nexus', 'tree_ORTHOMCL320_Inner6.nexus', 'tree_ORTHOMCL320_Inner7.nexus']\n",
        "ingestionTime": 1744915150243,
        "eventId": "38912908010547975025715345821837638743859991990284845137"
    },
    {
        "logStreamName": "2025/04/17/[$LATEST]bf21a7807b7b40dbaf51166410c0a14f",
        "timestamp": 1744915143747,
        "message": "FILE_TRANSFER RequestId: 9ad502ff-8a6a-41a7-9bb1-79027320fc9c\t TransferType: produced\t Action: upload_to_s3\t FileName: tree_ORTHOMCL320_Inner1.nexus\t Bucket: denethor\t FilePath: subtree/tree_ORTHOMCL320_Inner1.nexus\t LocalFilePath: /tmp/subtree/tree_ORTHOMCL320_Inner1.nexus\t FileSize: 187 bytes\t TransferDuration: 43.59869500012792 ms\n",
        "ingestionTime": 1744915150243,
        "eventId": "38912908013759282334303755554218782175121356047146025042"
    },
    {
        "logStreamName": "2025/04/17/[$LATEST]bf21a7807b7b40dbaf51166410c0a14f",
        "timestamp": 1744915143797,
        "message": "FILE_TRANSFER RequestId: 9ad502ff-8a6a-41a7-9bb1-79027320fc9c\t TransferType: produced\t Action: upload_to_s3\t FileName: tree_ORTHOMCL320_Inner2.nexus\t Bucket: denethor\t FilePath: subtree/tree_ORTHOMCL320_Inner2.nexus\t LocalFilePath: /tmp/subtree/tree_ORTHOMCL320_Inner2.nexus\t FileSize: 245 bytes\t TransferDuration: 49.48273400009384 ms\n",
        "ingestionTime": 1744915150243,
        "eventId": "38912908014874319594230286711295568088753774122445045843"
    },
    {
        "logStreamName": "2025/04/17/[$LATEST]bf21a7807b7b40dbaf51166410c0a14f",
        "timestamp": 1744915143841,
        "message": "FILE_TRANSFER RequestId: 9ad502ff-8a6a-41a7-9bb1-79027320fc9c\t TransferType: produced\t Action: upload_to_s3\t FileName: tree_ORTHOMCL320_Inner3.nexus\t Bucket: denethor\t FilePath: subtree/tree_ORTHOMCL320_Inner3.nexus\t LocalFilePath: /tmp/subtree/tree_ORTHOMCL320_Inner3.nexus\t FileSize: 309 bytes\t TransferDuration: 43.962622999970336 ms\n",
        "ingestionTime": 1744915150243,
        "eventId": "38912908015855552382965634129523139692750302028708184148"
    },
    {
        "logStreamName": "2025/04/17/[$LATEST]bf21a7807b7b40dbaf51166410c0a14f",
        "timestamp": 1744915143880,
        "message": "FILE_TRANSFER RequestId: 9ad502ff-8a6a-41a7-9bb1-79027320fc9c\t TransferType: produced\t Action: upload_to_s3\t FileName: tree_ORTHOMCL320_Inner4.nexus\t Bucket: denethor\t FilePath: subtree/tree_ORTHOMCL320_Inner4.nexus\t LocalFilePath: /tmp/subtree/tree_ORTHOMCL320_Inner4.nexus\t FileSize: 199 bytes\t TransferDuration: 38.89422800011744 ms\n",
        "ingestionTime": 1744915150243,
        "eventId": "38912908016725281445708328432043032705383588127441420373"
    },
    {
        "logStreamName": "2025/04/17/[$LATEST]bf21a7807b7b40dbaf51166410c0a14f",
        "timestamp": 1744915143920,
        "message": "FILE_TRANSFER RequestId: 9ad502ff-8a6a-41a7-9bb1-79027320fc9c\t TransferType: produced\t Action: upload_to_s3\t FileName: tree_ORTHOMCL320_Inner5.nexus\t Bucket: denethor\t FilePath: subtree/tree_ORTHOMCL320_Inner5.nexus\t LocalFilePath: /tmp/subtree/tree_ORTHOMCL320_Inner5.nexus\t FileSize: 367 bytes\t TransferDuration: 40.17855899996903 ms\n",
        "ingestionTime": 1744915150243,
        "eventId": "38912908017617311253649553357704461436289522587680637014"
    },
    {
        "logStreamName": "2025/04/17/[$LATEST]bf21a7807b7b40dbaf51166410c0a14f",
        "timestamp": 1744915143955,
        "message": "FILE_TRANSFER RequestId: 9ad502ff-8a6a-41a7-9bb1-79027320fc9c\t TransferType: produced\t Action: upload_to_s3\t FileName: tree_ORTHOMCL320_Inner6.nexus\t Bucket: denethor\t FilePath: subtree/tree_ORTHOMCL320_Inner6.nexus\t LocalFilePath: /tmp/subtree/tree_ORTHOMCL320_Inner6.nexus\t FileSize: 187 bytes\t TransferDuration: 35.15192700001535 ms\n",
        "ingestionTime": 1744915150243,
        "eventId": "38912908018397837335598125167658211575832215240389951575"
    },
    {
        "logStreamName": "2025/04/17/[$LATEST]bf21a7807b7b40dbaf51166410c0a14f",
        "timestamp": 1744915144000,
        "message": "FILE_TRANSFER RequestId: 9ad502ff-8a6a-41a7-9bb1-79027320fc9c\t TransferType: produced\t Action: upload_to_s3\t FileName: tree_ORTHOMCL320_Inner7.nexus\t Bucket: denethor\t FilePath: subtree/tree_ORTHOMCL320_Inner7.nexus\t LocalFilePath: /tmp/subtree/tree_ORTHOMCL320_Inner7.nexus\t FileSize: 595 bytes\t TransferDuration: 44.45351900017158 ms\n",
        "ingestionTime": 1744915150243,
        "eventId": "38912908019401370869532003209027318898101391508159070296"
    },
    {
        "logStreamName": "2025/04/17/[$LATEST]bf21a7807b7b40dbaf51166410c0a14f",
        "timestamp": 1744915144000,
        "message": "PRODUCED_FILES_INFO RequestId: 9ad502ff-8a6a-41a7-9bb1-79027320fc9c\t FilesCount: 7 files\t FilesSize: 2089 bytes\t TransferDuration: 295.7222850004655 ms\t Provider: aws_lambda\t  ProducedFiles: ['tree_ORTHOMCL320_Inner1.nexus', 'tree_ORTHOMCL320_Inner2.nexus', 'tree_ORTHOMCL320_Inner3.nexus', 'tree_ORTHOMCL320_Inner4.nexus', 'tree_ORTHOMCL320_Inner5.nexus', 'tree_ORTHOMCL320_Inner6.nexus', 'tree_ORTHOMCL320_Inner7.nexus']\n",
        "ingestionTime": 1744915150243,
        "eventId": "38912908019401370869532003209027318898101391508159070297"
    },
    {
        "logStreamName": "2025/04/17/[$LATEST]bf21a7807b7b40dbaf51166410c0a14f",
        "timestamp": 1744915144001,
        "message": "END RequestId: 9ad502ff-8a6a-41a7-9bb1-79027320fc9c\n",
        "ingestionTime": 1744915150243,
        "eventId": "38912908019423671614730533832168854616374039869665050714"
    },
    {
        "logStreamName": "2025/04/17/[$LATEST]bf21a7807b7b40dbaf51166410c0a14f",
        "timestamp": 1744915144001,
        "message": "REPORT RequestId: 9ad502ff-8a6a-41a7-9bb1-79027320fc9c\tDuration: 462.01 ms\tBilled Duration: 463 ms\tMemory Size: 256 MB\tMax Memory Used: 113 MB\t\n",
        "ingestionTime": 1744915150243,
        "eventId": "38912908019423671614730533832168854616374039869665050715"
    },
    {
        "logStreamName": "2025/04/17/[$LATEST]bf21a7807b7b40dbaf51166410c0a14f",
        "timestamp": 1744915144274,
        "message": "START RequestId: b05bc0b0-5777-44cc-9ebe-dce351af7c9c Version: $LATEST\n",
        "ingestionTime": 1744915150243,
        "eventId": "38912908025511775053929393949808105704807042560797704284"
    },
    {
        "logStreamName": "2025/04/17/[$LATEST]bf21a7807b7b40dbaf51166410c0a14f",
        "timestamp": 1744915144325,
        "message": "FILE_TRANSFER RequestId: b05bc0b0-5777-44cc-9ebe-dce351af7c9c\t TransferType: consumed\t Action: download_from_s3\t FileName: tree_ORTHOMCL337.nexus\t Bucket: denethor\t FilePath: tree/tree_ORTHOMCL337.nexus\t LocalFilePath: /tmp/tree/tree_ORTHOMCL337.nexus\t FileSize: 581 bytes\t TransferDuration: 49.77746700001262 ms\n",
        "ingestionTime": 1744915150243,
        "eventId": "38912908026649113059054455730026427336712108997602705501"
    },
    {
        "logStreamName": "2025/04/17/[$LATEST]bf21a7807b7b40dbaf51166410c0a14f",
        "timestamp": 1744915144325,
        "message": "CONSUMED_FILES_INFO RequestId: b05bc0b0-5777-44cc-9ebe-dce351af7c9c\t FilesCount: 1 files\t FilesSize: 581 bytes\t TransferDuration: 49.77746700001262 ms\t ConsumedFiles: ['tree_ORTHOMCL337.nexus']\n",
        "ingestionTime": 1744915150243,
        "eventId": "38912908026649113059054455730026427336712108997602705502"
    },
    {
        "logStreamName": "2025/04/17/[$LATEST]bf21a7807b7b40dbaf51166410c0a14f",
        "timestamp": 1744915144325,
        "message": "Reading tree file tree_ORTHOMCL337.nexus\n",
        "ingestionTime": 1744915150243,
        "eventId": "38912908026649113059054455730026427336712108997602705503"
    },
    {
        "logStreamName": "2025/04/17/[$LATEST]bf21a7807b7b40dbaf51166410c0a14f",
        "timestamp": 1744915144343,
        "message": "Subtree file tree_ORTHOMCL337_Inner7.nexus was created!\n",
        "ingestionTime": 1744915150243,
        "eventId": "38912908027050526472628006946574070265619779504710352992"
    },
    {
        "logStreamName": "2025/04/17/[$LATEST]bf21a7807b7b40dbaf51166410c0a14f",
        "timestamp": 1744915144343,
        "message": "Subtree file tree_ORTHOMCL337_Inner5.nexus was created!\n",
        "ingestionTime": 1744915150243,
        "eventId": "38912908027050526472628006946574070265619779504710352993"
    },
    {
        "logStreamName": "2025/04/17/[$LATEST]bf21a7807b7b40dbaf51166410c0a14f",
        "timestamp": 1744915144343,
        "message": "Subtree file tree_ORTHOMCL337_Inner4.nexus was created!\n",
        "ingestionTime": 1744915150243,
        "eventId": "38912908027050526472628006946574070265619779504710352994"
    },
    {
        "logStreamName": "2025/04/17/[$LATEST]bf21a7807b7b40dbaf51166410c0a14f",
        "timestamp": 1744915144344,
        "message": "Subtree file tree_ORTHOMCL337_Inner3.nexus was created!\n",
        "ingestionTime": 1744915150243,
        "eventId": "38912908027072827217826537569715605983892427866216333411"
    },
    {
        "logStreamName": "2025/04/17/[$LATEST]bf21a7807b7b40dbaf51166410c0a14f",
        "timestamp": 1744915144344,
        "message": "Subtree file tree_ORTHOMCL337_Inner1.nexus was created!\n",
        "ingestionTime": 1744915150243,
        "eventId": "38912908027072827217826537569715605983892427866216333412"
    },
    {
        "logStreamName": "2025/04/17/[$LATEST]bf21a7807b7b40dbaf51166410c0a14f",
        "timestamp": 1744915144344,
        "message": "Subtree file tree_ORTHOMCL337_Inner2.nexus was created!\n",
        "ingestionTime": 1744915150243,
        "eventId": "38912908027072827217826537569715605983892427866216333413"
    },
    {
        "logStreamName": "2025/04/17/[$LATEST]bf21a7807b7b40dbaf51166410c0a14f",
        "timestamp": 1744915144344,
        "message": "Subtree file tree_ORTHOMCL337_Inner6.nexus was created!\n",
        "ingestionTime": 1744915150243,
        "eventId": "38912908027072827217826537569715605983892427866216333414"
    },
    {
        "logStreamName": "2025/04/17/[$LATEST]bf21a7807b7b40dbaf51166410c0a14f",
        "timestamp": 1744915144344,
        "message": "Tempo de construção dos arquivos de subárvores de ['tree_ORTHOMCL337.nexus']: 19.278678999853582 milissegundos\n",
        "ingestionTime": 1744915150243,
        "eventId": "38912908027072827217826537569715605983892427866216333415"
    },
    {
        "logStreamName": "2025/04/17/[$LATEST]bf21a7807b7b40dbaf51166410c0a14f",
        "timestamp": 1744915144344,
        "message": "[INFO] 2025-04-17T18:39:04GMT SUBTREE_CONSTRUCTOR RequestId: b05bc0b0-5777-44cc-9ebe-dce351af7c9c\t Duration: 19.278678999853582 ms\t InputTree: ['tree_ORTHOMCL337.nexus']\t OutputSubtrees: ['tree_ORTHOMCL337_Inner1.nexus', 'tree_ORTHOMCL337_Inner2.nexus', 'tree_ORTHOMCL337_Inner3.nexus', 'tree_ORTHOMCL337_Inner4.nexus', 'tree_ORTHOMCL337_Inner5.nexus', 'tree_ORTHOMCL337_Inner6.nexus', 'tree_ORTHOMCL337_Inner7.nexus']\n",
        "ingestionTime": 1744915150243,
        "eventId": "38912908027072827217826537569715605983892427866216333416"
    },
    {
        "logStreamName": "2025/04/17/[$LATEST]bf21a7807b7b40dbaf51166410c0a14f",
        "timestamp": 1744915144344,
        "message": "[INFO]\t2025-04-17T18:39:04.344Z\tb05bc0b0-5777-44cc-9ebe-dce351af7c9c\tSUBTREE_CONSTRUCTOR RequestId: b05bc0b0-5777-44cc-9ebe-dce351af7c9c\t Duration: 19.278678999853582 ms\t InputTree: ['tree_ORTHOMCL337.nexus']\t OutputSubtrees: ['tree_ORTHOMCL337_Inner1.nexus', 'tree_ORTHOMCL337_Inner2.nexus', 'tree_ORTHOMCL337_Inner3.nexus', 'tree_ORTHOMCL337_Inner4.nexus', 'tree_ORTHOMCL337_Inner5.nexus', 'tree_ORTHOMCL337_Inner6.nexus', 'tree_ORTHOMCL337_Inner7.nexus']\n",
        "ingestionTime": 1744915150243,
        "eventId": "38912908027072827217826537569715605983892427866216333417"
    },
    {
        "logStreamName": "2025/04/17/[$LATEST]bf21a7807b7b40dbaf51166410c0a14f",
        "timestamp": 1744915144491,
        "message": "FILE_TRANSFER RequestId: b05bc0b0-5777-44cc-9ebe-dce351af7c9c\t TransferType: produced\t Action: upload_to_s3\t FileName: tree_ORTHOMCL337_Inner1.nexus\t Bucket: denethor\t FilePath: subtree/tree_ORTHOMCL337_Inner1.nexus\t LocalFilePath: /tmp/subtree/tree_ORTHOMCL337_Inner1.nexus\t FileSize: 187 bytes\t TransferDuration: 46.094585999981064 ms\n",
        "ingestionTime": 1744915150243,
        "eventId": "38912908030351036762010539171521356569971737007595454570"
    },
    {
        "logStreamName": "2025/04/17/[$LATEST]bf21a7807b7b40dbaf51166410c0a14f",
        "timestamp": 1744915144537,
        "message": "FILE_TRANSFER RequestId: b05bc0b0-5777-44cc-9ebe-dce351af7c9c\t TransferType: produced\t Action: upload_to_s3\t FileName: tree_ORTHOMCL337_Inner2.nexus\t Bucket: denethor\t FilePath: subtree/tree_ORTHOMCL337_Inner2.nexus\t LocalFilePath: /tmp/subtree/tree_ORTHOMCL337_Inner2.nexus\t FileSize: 191 bytes\t TransferDuration: 46.13485999993827 ms\n",
        "ingestionTime": 1744915150243,
        "eventId": "38912908031376871041142947836031999610513561636870553707"
    },
    {
        "logStreamName": "2025/04/17/[$LATEST]bf21a7807b7b40dbaf51166410c0a14f",
        "timestamp": 1744915144577,
        "message": "FILE_TRANSFER RequestId: b05bc0b0-5777-44cc-9ebe-dce351af7c9c\t TransferType: produced\t Action: upload_to_s3\t FileName: tree_ORTHOMCL337_Inner3.nexus\t Bucket: denethor\t FilePath: subtree/tree_ORTHOMCL337_Inner3.nexus\t LocalFilePath: /tmp/subtree/tree_ORTHOMCL337_Inner3.nexus\t FileSize: 243 bytes\t TransferDuration: 40.39809200003219 ms\n",
        "ingestionTime": 1744915150243,
        "eventId": "38912908032268900849084172761693428341419496097109770348"
    },
    {
        "logStreamName": "2025/04/17/[$LATEST]bf21a7807b7b40dbaf51166410c0a14f",
        "timestamp": 1744915144618,
        "message": "FILE_TRANSFER RequestId: b05bc0b0-5777-44cc-9ebe-dce351af7c9c\t TransferType: produced\t Action: upload_to_s3\t FileName: tree_ORTHOMCL337_Inner4.nexus\t Bucket: denethor\t FilePath: subtree/tree_ORTHOMCL337_Inner4.nexus\t LocalFilePath: /tmp/subtree/tree_ORTHOMCL337_Inner4.nexus\t FileSize: 363 bytes\t TransferDuration: 40.887606000069354 ms\n",
        "ingestionTime": 1744915150243,
        "eventId": "38912908033183231402223928310496392790598078918854967405"
    },
    {
        "logStreamName": "2025/04/17/[$LATEST]bf21a7807b7b40dbaf51166410c0a14f",
        "timestamp": 1744915144655,
        "message": "FILE_TRANSFER RequestId: b05bc0b0-5777-44cc-9ebe-dce351af7c9c\t TransferType: produced\t Action: upload_to_s3\t FileName: tree_ORTHOMCL337_Inner5.nexus\t Bucket: denethor\t FilePath: subtree/tree_ORTHOMCL337_Inner5.nexus\t LocalFilePath: /tmp/subtree/tree_ORTHOMCL337_Inner5.nexus\t FileSize: 421 bytes\t TransferDuration: 36.92040300006738 ms\n",
        "ingestionTime": 1744915150243,
        "eventId": "38912908034008358974569561366733214366686068294576242798"
    },
    {
        "logStreamName": "2025/04/17/[$LATEST]bf21a7807b7b40dbaf51166410c0a14f",
        "timestamp": 1744915144699,
        "message": "FILE_TRANSFER RequestId: b05bc0b0-5777-44cc-9ebe-dce351af7c9c\t TransferType: produced\t Action: upload_to_s3\t FileName: tree_ORTHOMCL337_Inner6.nexus\t Bucket: denethor\t FilePath: subtree/tree_ORTHOMCL337_Inner6.nexus\t LocalFilePath: /tmp/subtree/tree_ORTHOMCL337_Inner6.nexus\t FileSize: 191 bytes\t TransferDuration: 43.54522700009511 ms\n",
        "ingestionTime": 1744915150243,
        "eventId": "38912908034989591763304908784960785970682596200839381103"
    },
    {
        "logStreamName": "2025/04/17/[$LATEST]bf21a7807b7b40dbaf51166410c0a14f",
        "timestamp": 1744915144737,
        "message": "FILE_TRANSFER RequestId: b05bc0b0-5777-44cc-9ebe-dce351af7c9c\t TransferType: produced\t Action: upload_to_s3\t FileName: tree_ORTHOMCL337_Inner7.nexus\t Bucket: denethor\t FilePath: subtree/tree_ORTHOMCL337_Inner7.nexus\t LocalFilePath: /tmp/subtree/tree_ORTHOMCL337_Inner7.nexus\t FileSize: 581 bytes\t TransferDuration: 38.039186000105474 ms\n",
        "ingestionTime": 1744915150243,
        "eventId": "38912908035837020080849072464339143265043233938066636912"
    },
    {
        "logStreamName": "2025/04/17/[$LATEST]bf21a7807b7b40dbaf51166410c0a14f",
        "timestamp": 1744915144737,
        "message": "PRODUCED_FILES_INFO RequestId: b05bc0b0-5777-44cc-9ebe-dce351af7c9c\t FilesCount: 7 files\t FilesSize: 2177 bytes\t TransferDuration: 292.01996000028885 ms\t Provider: aws_lambda\t  ProducedFiles: ['tree_ORTHOMCL337_Inner1.nexus', 'tree_ORTHOMCL337_Inner2.nexus', 'tree_ORTHOMCL337_Inner3.nexus', 'tree_ORTHOMCL337_Inner4.nexus', 'tree_ORTHOMCL337_Inner5.nexus', 'tree_ORTHOMCL337_Inner6.nexus', 'tree_ORTHOMCL337_Inner7.nexus']\n",
        "ingestionTime": 1744915150243,
        "eventId": "38912908035837020080849072464339143265043233938066636913"
    },
    {
        "logStreamName": "2025/04/17/[$LATEST]bf21a7807b7b40dbaf51166410c0a14f",
        "timestamp": 1744915144738,
        "message": "END RequestId: b05bc0b0-5777-44cc-9ebe-dce351af7c9c\n",
        "ingestionTime": 1744915150243,
        "eventId": "38912908035859320826047603087480678983315882299572617330"
    },
    {
        "logStreamName": "2025/04/17/[$LATEST]bf21a7807b7b40dbaf51166410c0a14f",
        "timestamp": 1744915144738,
        "message": "REPORT RequestId: b05bc0b0-5777-44cc-9ebe-dce351af7c9c\tDuration: 464.00 ms\tBilled Duration: 464 ms\tMemory Size: 256 MB\tMax Memory Used: 114 MB\t\n",
        "ingestionTime": 1744915150243,
        "eventId": "38912908035859320826047603087480678983315882299572617331"
    }
]