[
    {
        "logStreamName": "2025/04/18/[$LATEST]cf67e2d8097440ecb7884acd2db865d4",
        "timestamp": 1744955684139,
        "message": "INIT_START Runtime Version: python:3.10.v64\tRuntime Version ARN: arn:aws:lambda:sa-east-1::runtime:d56bdc8857b2109a058de2ab50bfb80ac2aa600be6f7855a436859944e5fe54b\n",
        "ingestionTime": 1744955693231,
        "eventId": "38913812094711522883589966697184725521274140084929495040"
    },
    {
        "logStreamName": "2025/04/18/[$LATEST]cf67e2d8097440ecb7884acd2db865d4",
        "timestamp": 1744955684955,
        "message": "START RequestId: 5af02ff7-b9f5-4113-83fe-83ecd320ed78 Version: $LATEST\n",
        "ingestionTime": 1744955693231,
        "eventId": "38913812112908930965590955180677871631755203073809514497"
    },
    {
        "logStreamName": "2025/04/18/[$LATEST]cf67e2d8097440ecb7884acd2db865d4",
        "timestamp": 1744955684956,
        "message": "Directory /tmp/mafdb was created!\n",
        "ingestionTime": 1744955693231,
        "eventId": "38913812112931231710789485803819407350027851435315494914"
    },
    {
        "logStreamName": "2025/04/18/[$LATEST]cf67e2d8097440ecb7884acd2db865d4",
        "timestamp": 1744955685366,
        "message": "FILE_TRANSFER RequestId: 5af02ff7-b9f5-4113-83fe-83ecd320ed78\t TransferType: consumed\t Action: download_from_s3\t FileName: mafdb_6f7a2b1116e6a791f68a03367473294792b679a6357b6789f3f993b1f83e2e80.json\t Bucket: denethor\t FilePath: mafdb/mafdb_6f7a2b1116e6a791f68a03367473294792b679a6357b6789f3f993b1f83e2e80.json\t LocalFilePath: /tmp/mafdb/mafdb_6f7a2b1116e6a791f68a03367473294792b679a6357b6789f3f993b1f83e2e80.json\t FileSize: 185 bytes\t TransferDuration: 400.0319919999811 ms\n",
        "ingestionTime": 1744955693231,
        "eventId": "38913812122074537242187041291849051841813679652767465475"
    },
    {
        "logStreamName": "2025/04/18/[$LATEST]cf67e2d8097440ecb7884acd2db865d4",
        "timestamp": 1744955685506,
        "message": "FILE_TRANSFER RequestId: 5af02ff7-b9f5-4113-83fe-83ecd320ed78\t TransferType: consumed\t Action: download_from_s3\t FileName: mafdb_54d8ddd695de385cbe16742ebc6fdcb479cd2b8e3c0cd457826222c83fe6bb7c.json\t Bucket: denethor\t FilePath: mafdb/mafdb_54d8ddd695de385cbe16742ebc6fdcb479cd2b8e3c0cd457826222c83fe6bb7c.json\t LocalFilePath: /tmp/mafdb/mafdb_54d8ddd695de385cbe16742ebc6fdcb479cd2b8e3c0cd457826222c83fe6bb7c.json\t FileSize: 5180 bytes\t TransferDuration: 139.83919499992226 ms\n",
        "ingestionTime": 1744955693231,
        "eventId": "38913812125196641569981328531664052399984450263604723716"
    },
    {
        "logStreamName": "2025/04/18/[$LATEST]cf67e2d8097440ecb7884acd2db865d4",
        "timestamp": 1744955685626,
        "message": "FILE_TRANSFER RequestId: 5af02ff7-b9f5-4113-83fe-83ecd320ed78\t TransferType: consumed\t Action: download_from_s3\t FileName: mafdb_1f6ccfc97b000b314f6a6c7e2582a4263b17ffc061fef38bd3c9a63fa631759f.json\t Bucket: denethor\t FilePath: mafdb/mafdb_1f6ccfc97b000b314f6a6c7e2582a4263b17ffc061fef38bd3c9a63fa631759f.json\t LocalFilePath: /tmp/mafdb/mafdb_1f6ccfc97b000b314f6a6c7e2582a4263b17ffc061fef38bd3c9a63fa631759f.json\t FileSize: 5134 bytes\t TransferDuration: 119.98895600004289 ms\n",
        "ingestionTime": 1744955693231,
        "eventId": "38913812127872730993805003308648338592702253644322373637"
    },
    {
        "logStreamName": "2025/04/18/[$LATEST]cf67e2d8097440ecb7884acd2db865d4",
        "timestamp": 1744955685766,
        "message": "FILE_TRANSFER RequestId: 5af02ff7-b9f5-4113-83fe-83ecd320ed78\t TransferType: consumed\t Action: download_from_s3\t FileName: mafdb_bd5d862db8f1d6b261aaeb3b8ecb83d67004ffb7524cb75c5f1f8454224f7c91.json\t Bucket: denethor\t FilePath: mafdb/mafdb_bd5d862db8f1d6b261aaeb3b8ecb83d67004ffb7524cb75c5f1f8454224f7c91.json\t LocalFilePath: /tmp/mafdb/mafdb_bd5d862db8f1d6b261aaeb3b8ecb83d67004ffb7524cb75c5f1f8454224f7c91.json\t FileSize: 355 bytes\t TransferDuration: 139.8712489999525 ms\n",
        "ingestionTime": 1744955693231,
        "eventId": "38913812130994835321599290548463339150873024255159631878"
    },
    {
        "logStreamName": "2025/04/18/[$LATEST]cf67e2d8097440ecb7884acd2db865d4",
        "timestamp": 1744955685906,
        "message": "FILE_TRANSFER RequestId: 5af02ff7-b9f5-4113-83fe-83ecd320ed78\t TransferType: consumed\t Action: download_from_s3\t FileName: mafdb_861b6fcf310a5a4a01036477cd0e28e972c4aa89be1fcccfc0eab6cd45e9fd74.json\t Bucket: denethor\t FilePath: mafdb/mafdb_861b6fcf310a5a4a01036477cd0e28e972c4aa89be1fcccfc0eab6cd45e9fd74.json\t LocalFilePath: /tmp/mafdb/mafdb_861b6fcf310a5a4a01036477cd0e28e972c4aa89be1fcccfc0eab6cd45e9fd74.json\t FileSize: 355 bytes\t TransferDuration: 139.93249200007085 ms\n",
        "ingestionTime": 1744955693231,
        "eventId": "38913812134116939649393577788278339709043794865996890119"
    },
    {
        "logStreamName": "2025/04/18/[$LATEST]cf67e2d8097440ecb7884acd2db865d4",
        "timestamp": 1744955686026,
        "message": "FILE_TRANSFER RequestId: 5af02ff7-b9f5-4113-83fe-83ecd320ed78\t TransferType: consumed\t Action: download_from_s3\t FileName: mafdb_7d398773bfc3e4435be56d8711457fd7fc190e97e32d7ec51a8a702e16118c4d.json\t Bucket: denethor\t FilePath: mafdb/mafdb_7d398773bfc3e4435be56d8711457fd7fc190e97e32d7ec51a8a702e16118c4d.json\t LocalFilePath: /tmp/mafdb/mafdb_7d398773bfc3e4435be56d8711457fd7fc190e97e32d7ec51a8a702e16118c4d.json\t FileSize: 355 bytes\t TransferDuration: 119.95243299998037 ms\n",
        "ingestionTime": 1744955693231,
        "eventId": "38913812136793029073217252565262625901761598246714540040"
    },
    {
        "logStreamName": "2025/04/18/[$LATEST]cf67e2d8097440ecb7884acd2db865d4",
        "timestamp": 1744955686166,
        "message": "FILE_TRANSFER RequestId: 5af02ff7-b9f5-4113-83fe-83ecd320ed78\t TransferType: consumed\t Action: download_from_s3\t FileName: mafdb_c451a256436a5fc45a562eaf2fead8dd42917b32894e636d2b705f5405224a88.json\t Bucket: denethor\t FilePath: mafdb/mafdb_c451a256436a5fc45a562eaf2fead8dd42917b32894e636d2b705f5405224a88.json\t LocalFilePath: /tmp/mafdb/mafdb_c451a256436a5fc45a562eaf2fead8dd42917b32894e636d2b705f5405224a88.json\t FileSize: 355 bytes\t TransferDuration: 139.86886800000775 ms\n",
        "ingestionTime": 1744955693231,
        "eventId": "38913812139915133401011539805077626459932368857551798281"
    },
    {
        "logStreamName": "2025/04/18/[$LATEST]cf67e2d8097440ecb7884acd2db865d4",
        "timestamp": 1744955686306,
        "message": "FILE_TRANSFER RequestId: 5af02ff7-b9f5-4113-83fe-83ecd320ed78\t TransferType: consumed\t Action: download_from_s3\t FileName: mafdb_7511017a4e93687a5be47b55aa4c08eff48c283a8153f5e070747057ad693f80.json\t Bucket: denethor\t FilePath: mafdb/mafdb_7511017a4e93687a5be47b55aa4c08eff48c283a8153f5e070747057ad693f80.json\t LocalFilePath: /tmp/mafdb/mafdb_7511017a4e93687a5be47b55aa4c08eff48c283a8153f5e070747057ad693f80.json\t FileSize: 314 bytes\t TransferDuration: 139.92171100005635 ms\n",
        "ingestionTime": 1744955693231,
        "eventId": "38913812143037237728805827044892627018103139468389056522"
    },
    {
        "logStreamName": "2025/04/18/[$LATEST]cf67e2d8097440ecb7884acd2db865d4",
        "timestamp": 1744955686434,
        "message": "FILE_TRANSFER RequestId: 5af02ff7-b9f5-4113-83fe-83ecd320ed78\t TransferType: consumed\t Action: download_from_s3\t FileName: mafdb_3891ae3bc299950ca7a78c4d495828659f2cb320e0641ad8c6bfc4ced2d8e2b0.json\t Bucket: denethor\t FilePath: mafdb/mafdb_3891ae3bc299950ca7a78c4d495828659f2cb320e0641ad8c6bfc4ced2d8e2b0.json\t LocalFilePath: /tmp/mafdb/mafdb_3891ae3bc299950ca7a78c4d495828659f2cb320e0641ad8c6bfc4ced2d8e2b0.json\t FileSize: 355 bytes\t TransferDuration: 128.08547600002385 ms\n",
        "ingestionTime": 1744955693231,
        "eventId": "38913812145891733114217746807009198957002129741154549771"
    },
    {
        "logStreamName": "2025/04/18/[$LATEST]cf67e2d8097440ecb7884acd2db865d4",
        "timestamp": 1744955686566,
        "message": "FILE_TRANSFER RequestId: 5af02ff7-b9f5-4113-83fe-83ecd320ed78\t TransferType: consumed\t Action: download_from_s3\t FileName: mafdb_58aa863a1439bf886daca0713239dba1882676aea5266e0af5bebad97529db92.json\t Bucket: denethor\t FilePath: mafdb/mafdb_58aa863a1439bf886daca0713239dba1882676aea5266e0af5bebad97529db92.json\t LocalFilePath: /tmp/mafdb/mafdb_58aa863a1439bf886daca0713239dba1882676aea5266e0af5bebad97529db92.json\t FileSize: 314 bytes\t TransferDuration: 131.8034760000728 ms\n",
        "ingestionTime": 1744955693231,
        "eventId": "38913812148835431480423789061691913768991713459943964684"
    },
    {
        "logStreamName": "2025/04/18/[$LATEST]cf67e2d8097440ecb7884acd2db865d4",
        "timestamp": 1744955686706,
        "message": "FILE_TRANSFER RequestId: 5af02ff7-b9f5-4113-83fe-83ecd320ed78\t TransferType: consumed\t Action: download_from_s3\t FileName: mafdb_c1f206b6efa75e1df509578ad4d9fb9ea330d34e7283ccf9d6ad80fdedf66b9a.json\t Bucket: denethor\t FilePath: mafdb/mafdb_c1f206b6efa75e1df509578ad4d9fb9ea330d34e7283ccf9d6ad80fdedf66b9a.json\t LocalFilePath: /tmp/mafdb/mafdb_c1f206b6efa75e1df509578ad4d9fb9ea330d34e7283ccf9d6ad80fdedf66b9a.json\t FileSize: 314 bytes\t TransferDuration: 139.93131799998082 ms\n",
        "ingestionTime": 1744955693231,
        "eventId": "38913812151957535808218076301506914327162484070781222925"
    },
    {
        "logStreamName": "2025/04/18/[$LATEST]cf67e2d8097440ecb7884acd2db865d4",
        "timestamp": 1744955686826,
        "message": "FILE_TRANSFER RequestId: 5af02ff7-b9f5-4113-83fe-83ecd320ed78\t TransferType: consumed\t Action: download_from_s3\t FileName: mafdb_c3c2025f352d34b4b79a48619176577388b06f30619772ddea31df49ee988aff.json\t Bucket: denethor\t FilePath: mafdb/mafdb_c3c2025f352d34b4b79a48619176577388b06f30619772ddea31df49ee988aff.json\t LocalFilePath: /tmp/mafdb/mafdb_c3c2025f352d34b4b79a48619176577388b06f30619772ddea31df49ee988aff.json\t FileSize: 314 bytes\t TransferDuration: 119.93131099995935 ms\n",
        "ingestionTime": 1744955693231,
        "eventId": "38913812154633625232041751078491200519880287451498872846"
    },
    {
        "logStreamName": "2025/04/18/[$LATEST]cf67e2d8097440ecb7884acd2db865d4",
        "timestamp": 1744955686966,
        "message": "FILE_TRANSFER RequestId: 5af02ff7-b9f5-4113-83fe-83ecd320ed78\t TransferType: consumed\t Action: download_from_s3\t FileName: mafdb_c5b5a3a4bd54a110140df77527325958d257fc9b669bca89b332593540c1dc20.json\t Bucket: denethor\t FilePath: mafdb/mafdb_c5b5a3a4bd54a110140df77527325958d257fc9b669bca89b332593540c1dc20.json\t LocalFilePath: /tmp/mafdb/mafdb_c5b5a3a4bd54a110140df77527325958d257fc9b669bca89b332593540c1dc20.json\t FileSize: 273 bytes\t TransferDuration: 139.97020700003304 ms\n",
        "ingestionTime": 1744955693231,
        "eventId": "38913812157755729559836038318306201078051058062336131087"
    },
    {
        "logStreamName": "2025/04/18/[$LATEST]cf67e2d8097440ecb7884acd2db865d4",
        "timestamp": 1744955687106,
        "message": "FILE_TRANSFER RequestId: 5af02ff7-b9f5-4113-83fe-83ecd320ed78\t TransferType: consumed\t Action: download_from_s3\t FileName: mafdb_51e18dc31f0c330513b45085a52c5ecd1e4a0a9130d2805a71368f1cbe17f65e.json\t Bucket: denethor\t FilePath: mafdb/mafdb_51e18dc31f0c330513b45085a52c5ecd1e4a0a9130d2805a71368f1cbe17f65e.json\t LocalFilePath: /tmp/mafdb/mafdb_51e18dc31f0c330513b45085a52c5ecd1e4a0a9130d2805a71368f1cbe17f65e.json\t FileSize: 314 bytes\t TransferDuration: 140.05081499999505 ms\n",
        "ingestionTime": 1744955693231,
        "eventId": "38913812160877833887630325558121201636221828673173389328"
    },
    {
        "logStreamName": "2025/04/18/[$LATEST]cf67e2d8097440ecb7884acd2db865d4",
        "timestamp": 1744955687246,
        "message": "FILE_TRANSFER RequestId: 5af02ff7-b9f5-4113-83fe-83ecd320ed78\t TransferType: consumed\t Action: download_from_s3\t FileName: mafdb_95cfb922ebd546f21edcc627a60ea2a6235550bbba3696739fcaca409f1a0232.json\t Bucket: denethor\t FilePath: mafdb/mafdb_95cfb922ebd546f21edcc627a60ea2a6235550bbba3696739fcaca409f1a0232.json\t LocalFilePath: /tmp/mafdb/mafdb_95cfb922ebd546f21edcc627a60ea2a6235550bbba3696739fcaca409f1a0232.json\t FileSize: 273 bytes\t TransferDuration: 139.86286199997267 ms\n",
        "ingestionTime": 1744955693231,
        "eventId": "38913812163999938215424612797936202194392599284010647569"
    },
    {
        "logStreamName": "2025/04/18/[$LATEST]cf67e2d8097440ecb7884acd2db865d4",
        "timestamp": 1744955687387,
        "message": "FILE_TRANSFER RequestId: 5af02ff7-b9f5-4113-83fe-83ecd320ed78\t TransferType: consumed\t Action: download_from_s3\t FileName: mafdb_783d326a98c97c227099cd46e1eb2739e8954c844e628390759f21e7b4e19db0.json\t Bucket: denethor\t FilePath: mafdb/mafdb_783d326a98c97c227099cd46e1eb2739e8954c844e628390759f21e7b4e19db0.json\t LocalFilePath: /tmp/mafdb/mafdb_783d326a98c97c227099cd46e1eb2739e8954c844e628390759f21e7b4e19db0.json\t FileSize: 273 bytes\t TransferDuration: 140.42772799996328 ms\n",
        "ingestionTime": 1744955693231,
        "eventId": "38913812167144343288417430660892738470836018256353886226"
    },
    {
        "logStreamName": "2025/04/18/[$LATEST]cf67e2d8097440ecb7884acd2db865d4",
        "timestamp": 1744955687506,
        "message": "FILE_TRANSFER RequestId: 5af02ff7-b9f5-4113-83fe-83ecd320ed78\t TransferType: consumed\t Action: download_from_s3\t FileName: mafdb_e7fcb374868f23c5b66908ff13d437f525bdef064d3f7604b08f9b68087e91c4.json\t Bucket: denethor\t FilePath: mafdb/mafdb_e7fcb374868f23c5b66908ff13d437f525bdef064d3f7604b08f9b68087e91c4.json\t LocalFilePath: /tmp/mafdb/mafdb_e7fcb374868f23c5b66908ff13d437f525bdef064d3f7604b08f9b68087e91c4.json\t FileSize: 273 bytes\t TransferDuration: 119.29892900002415 ms\n",
        "ingestionTime": 1744955693231,
        "eventId": "38913812169798131967042574814735488945281173275565555731"
    },
    {
        "logStreamName": "2025/04/18/[$LATEST]cf67e2d8097440ecb7884acd2db865d4",
        "timestamp": 1744955687646,
        "message": "FILE_TRANSFER RequestId: 5af02ff7-b9f5-4113-83fe-83ecd320ed78\t TransferType: consumed\t Action: download_from_s3\t FileName: mafdb_bdf7b87e05be228017da27afd5fd158ebe4fcf138008526635b8bcdbe380f328.json\t Bucket: denethor\t FilePath: mafdb/mafdb_bdf7b87e05be228017da27afd5fd158ebe4fcf138008526635b8bcdbe380f328.json\t LocalFilePath: /tmp/mafdb/mafdb_bdf7b87e05be228017da27afd5fd158ebe4fcf138008526635b8bcdbe380f328.json\t FileSize: 273 bytes\t TransferDuration: 139.93516200002887 ms\n",
        "ingestionTime": 1744955693231,
        "eventId": "38913812172920236294836862054550489503451943886402813972"
    },
    {
        "logStreamName": "2025/04/18/[$LATEST]cf67e2d8097440ecb7884acd2db865d4",
        "timestamp": 1744955687786,
        "message": "FILE_TRANSFER RequestId: 5af02ff7-b9f5-4113-83fe-83ecd320ed78\t TransferType: consumed\t Action: download_from_s3\t FileName: mafdb_1d419943bc17a86fe648d8caad874862360b7c73c08c99b7c26040bc9939b002.json\t Bucket: denethor\t FilePath: mafdb/mafdb_1d419943bc17a86fe648d8caad874862360b7c73c08c99b7c26040bc9939b002.json\t LocalFilePath: /tmp/mafdb/mafdb_1d419943bc17a86fe648d8caad874862360b7c73c08c99b7c26040bc9939b002.json\t FileSize: 273 bytes\t TransferDuration: 139.8710949999895 ms\n",
        "ingestionTime": 1744955693231,
        "eventId": "38913812176042340622631149294365490061622714497240072213"
    },
    {
        "logStreamName": "2025/04/18/[$LATEST]cf67e2d8097440ecb7884acd2db865d4",
        "timestamp": 1744955687906,
        "message": "FILE_TRANSFER RequestId: 5af02ff7-b9f5-4113-83fe-83ecd320ed78\t TransferType: consumed\t Action: download_from_s3\t FileName: mafdb_31199a0a134043b94c15114abad10433bfa58c2f87e3106720f88bf29e76f1ae.json\t Bucket: denethor\t FilePath: mafdb/mafdb_31199a0a134043b94c15114abad10433bfa58c2f87e3106720f88bf29e76f1ae.json\t LocalFilePath: /tmp/mafdb/mafdb_31199a0a134043b94c15114abad10433bfa58c2f87e3106720f88bf29e76f1ae.json\t FileSize: 273 bytes\t TransferDuration: 119.94180199997118 ms\n",
        "ingestionTime": 1744955693231,
        "eventId": "38913812178718430046454824071349776254340517877957722134"
    },
    {
        "logStreamName": "2025/04/18/[$LATEST]cf67e2d8097440ecb7884acd2db865d4",
        "timestamp": 1744955688046,
        "message": "FILE_TRANSFER RequestId: 5af02ff7-b9f5-4113-83fe-83ecd320ed78\t TransferType: consumed\t Action: download_from_s3\t FileName: mafdb_c2a1e960932a069de5927d1067dde414f501136aba941befca2a4654e72bb08a.json\t Bucket: denethor\t FilePath: mafdb/mafdb_c2a1e960932a069de5927d1067dde414f501136aba941befca2a4654e72bb08a.json\t LocalFilePath: /tmp/mafdb/mafdb_c2a1e960932a069de5927d1067dde414f501136aba941befca2a4654e72bb08a.json\t FileSize: 273 bytes\t TransferDuration: 139.91061800004445 ms\n",
        "ingestionTime": 1744955693231,
        "eventId": "38913812181840534374249111311164776812511288488794980375"
    },
    {
        "logStreamName": "2025/04/18/[$LATEST]cf67e2d8097440ecb7884acd2db865d4",
        "timestamp": 1744955688186,
        "message": "FILE_TRANSFER RequestId: 5af02ff7-b9f5-4113-83fe-83ecd320ed78\t TransferType: consumed\t Action: download_from_s3\t FileName: mafdb_49ad0997fa75ff9233f44bffe4f6033aaaf8676ed8f4cbac92057d25395497e6.json\t Bucket: denethor\t FilePath: mafdb/mafdb_49ad0997fa75ff9233f44bffe4f6033aaaf8676ed8f4cbac92057d25395497e6.json\t LocalFilePath: /tmp/mafdb/mafdb_49ad0997fa75ff9233f44bffe4f6033aaaf8676ed8f4cbac92057d25395497e6.json\t FileSize: 273 bytes\t TransferDuration: 139.95278300001246 ms\n",
        "ingestionTime": 1744955693231,
        "eventId": "38913812184962638702043398550979777370682059099632238616"
    },
    {
        "logStreamName": "2025/04/18/[$LATEST]cf67e2d8097440ecb7884acd2db865d4",
        "timestamp": 1744955688306,
        "message": "FILE_TRANSFER RequestId: 5af02ff7-b9f5-4113-83fe-83ecd320ed78\t TransferType: consumed\t Action: download_from_s3\t FileName: mafdb_406ececbafe0a937f2a967e4dae5f862923efb2e1397870f6cc1ba8e050e1da7.json\t Bucket: denethor\t FilePath: mafdb/mafdb_406ececbafe0a937f2a967e4dae5f862923efb2e1397870f6cc1ba8e050e1da7.json\t LocalFilePath: /tmp/mafdb/mafdb_406ececbafe0a937f2a967e4dae5f862923efb2e1397870f6cc1ba8e050e1da7.json\t FileSize: 273 bytes\t TransferDuration: 119.83802800000376 ms\n",
        "ingestionTime": 1744955693231,
        "eventId": "38913812187638728125867073327964063563399862480349888537"
    },
    {
        "logStreamName": "2025/04/18/[$LATEST]cf67e2d8097440ecb7884acd2db865d4",
        "timestamp": 1744955688446,
        "message": "FILE_TRANSFER RequestId: 5af02ff7-b9f5-4113-83fe-83ecd320ed78\t TransferType: consumed\t Action: download_from_s3\t FileName: mafdb_e7f2f9266538f691bae81aa42aeb881fcfc1833e62d05d9141e808a0cb0095fa.json\t Bucket: denethor\t FilePath: mafdb/mafdb_e7f2f9266538f691bae81aa42aeb881fcfc1833e62d05d9141e808a0cb0095fa.json\t LocalFilePath: /tmp/mafdb/mafdb_e7f2f9266538f691bae81aa42aeb881fcfc1833e62d05d9141e808a0cb0095fa.json\t FileSize: 273 bytes\t TransferDuration: 140.01682899993284 ms\n",
        "ingestionTime": 1744955693231,
        "eventId": "38913812190760832453661360567779064121570633091187146778"
    },
    {
        "logStreamName": "2025/04/18/[$LATEST]cf67e2d8097440ecb7884acd2db865d4",
        "timestamp": 1744955688566,
        "message": "FILE_TRANSFER RequestId: 5af02ff7-b9f5-4113-83fe-83ecd320ed78\t TransferType: consumed\t Action: download_from_s3\t FileName: mafdb_e883ff130a9d34d26c58c15a735e96baab78aacec64abad0788f83f54423b943.json\t Bucket: denethor\t FilePath: mafdb/mafdb_e883ff130a9d34d26c58c15a735e96baab78aacec64abad0788f83f54423b943.json\t LocalFilePath: /tmp/mafdb/mafdb_e883ff130a9d34d26c58c15a735e96baab78aacec64abad0788f83f54423b943.json\t FileSize: 273 bytes\t TransferDuration: 119.96666099992126 ms\n",
        "ingestionTime": 1744955693231,
        "eventId": "38913812193436921877485035344763350314288436471904796699"
    },
    {
        "logStreamName": "2025/04/18/[$LATEST]cf67e2d8097440ecb7884acd2db865d4",
        "timestamp": 1744955688726,
        "message": "FILE_TRANSFER RequestId: 5af02ff7-b9f5-4113-83fe-83ecd320ed78\t TransferType: consumed\t Action: download_from_s3\t FileName: mafdb_d215ba5497d3d3be2e105b2328e50bdccf602b7e0745016c80fa6f9913e5432f.json\t Bucket: denethor\t FilePath: mafdb/mafdb_d215ba5497d3d3be2e105b2328e50bdccf602b7e0745016c80fa6f9913e5432f.json\t LocalFilePath: /tmp/mafdb/mafdb_d215ba5497d3d3be2e105b2328e50bdccf602b7e0745016c80fa6f9913e5432f.json\t FileSize: 273 bytes\t TransferDuration: 159.82158999997864 ms\n",
        "ingestionTime": 1744955693231,
        "eventId": "38913812197005041109249935047409065237912174312861663260"
    },
    {
        "logStreamName": "2025/04/18/[$LATEST]cf67e2d8097440ecb7884acd2db865d4",
        "timestamp": 1744955688846,
        "message": "FILE_TRANSFER RequestId: 5af02ff7-b9f5-4113-83fe-83ecd320ed78\t TransferType: consumed\t Action: download_from_s3\t FileName: mafdb_f871e6272680ce0853ce488fc481f480aa4e243fa14dd104803b05fb209cf094.json\t Bucket: denethor\t FilePath: mafdb/mafdb_f871e6272680ce0853ce488fc481f480aa4e243fa14dd104803b05fb209cf094.json\t LocalFilePath: /tmp/mafdb/mafdb_f871e6272680ce0853ce488fc481f480aa4e243fa14dd104803b05fb209cf094.json\t FileSize: 273 bytes\t TransferDuration: 119.97371600000406 ms\n",
        "ingestionTime": 1744955693231,
        "eventId": "38913812199681130533073609824393351430629977693579313181"
    },
    {
        "logStreamName": "2025/04/18/[$LATEST]cf67e2d8097440ecb7884acd2db865d4",
        "timestamp": 1744955688986,
        "message": "FILE_TRANSFER RequestId: 5af02ff7-b9f5-4113-83fe-83ecd320ed78\t TransferType: consumed\t Action: download_from_s3\t FileName: mafdb_2ff7bb92e85df3f56dc7f35d3ca7b2bd150b675386145658d2fca63a9e2a3805.json\t Bucket: denethor\t FilePath: mafdb/mafdb_2ff7bb92e85df3f56dc7f35d3ca7b2bd150b675386145658d2fca63a9e2a3805.json\t LocalFilePath: /tmp/mafdb/mafdb_2ff7bb92e85df3f56dc7f35d3ca7b2bd150b675386145658d2fca63a9e2a3805.json\t FileSize: 273 bytes\t TransferDuration: 140.12033400001656 ms\n",
        "ingestionTime": 1744955693231,
        "eventId": "38913812202803234860867897064208351988800748304416571422"
    },
    {
        "logStreamName": "2025/04/18/[$LATEST]cf67e2d8097440ecb7884acd2db865d4",
        "timestamp": 1744955689106,
        "message": "FILE_TRANSFER RequestId: 5af02ff7-b9f5-4113-83fe-83ecd320ed78\t TransferType: consumed\t Action: download_from_s3\t FileName: mafdb_47fb2615fc585137c90363d35106c9022fdcc722571f7ed6d93a0e213c75c760.json\t Bucket: denethor\t FilePath: mafdb/mafdb_47fb2615fc585137c90363d35106c9022fdcc722571f7ed6d93a0e213c75c760.json\t LocalFilePath: /tmp/mafdb/mafdb_47fb2615fc585137c90363d35106c9022fdcc722571f7ed6d93a0e213c75c760.json\t FileSize: 273 bytes\t TransferDuration: 119.65995399998519 ms\n",
        "ingestionTime": 1744955693231,
        "eventId": "38913812205479324284691571841192638181518551685134221343"
    },
    {
        "logStreamName": "2025/04/18/[$LATEST]cf67e2d8097440ecb7884acd2db865d4",
        "timestamp": 1744955689246,
        "message": "FILE_TRANSFER RequestId: 5af02ff7-b9f5-4113-83fe-83ecd320ed78\t TransferType: consumed\t Action: download_from_s3\t FileName: mafdb_68e664a9a27eba1488202e5ea16bb79aee50d9c2456068b25a29d7ca46c1450f.json\t Bucket: denethor\t FilePath: mafdb/mafdb_68e664a9a27eba1488202e5ea16bb79aee50d9c2456068b25a29d7ca46c1450f.json\t LocalFilePath: /tmp/mafdb/mafdb_68e664a9a27eba1488202e5ea16bb79aee50d9c2456068b25a29d7ca46c1450f.json\t FileSize: 273 bytes\t TransferDuration: 140.0462310000421 ms\n",
        "ingestionTime": 1744955693231,
        "eventId": "38913812208601428612485859081007638739689322295971479584"
    },
    {
        "logStreamName": "2025/04/18/[$LATEST]cf67e2d8097440ecb7884acd2db865d4",
        "timestamp": 1744955689386,
        "message": "FILE_TRANSFER RequestId: 5af02ff7-b9f5-4113-83fe-83ecd320ed78\t TransferType: consumed\t Action: download_from_s3\t FileName: mafdb_f6c9786df6a492206e55eb3d3911d34dbd753bfef23be22d8635d72135a7fbc7.json\t Bucket: denethor\t FilePath: mafdb/mafdb_f6c9786df6a492206e55eb3d3911d34dbd753bfef23be22d8635d72135a7fbc7.json\t LocalFilePath: /tmp/mafdb/mafdb_f6c9786df6a492206e55eb3d3911d34dbd753bfef23be22d8635d72135a7fbc7.json\t FileSize: 273 bytes\t TransferDuration: 139.97122000000672 ms\n",
        "ingestionTime": 1744955693231,
        "eventId": "38913812211723532940280146320822639297860092906808737825"
    },
    {
        "logStreamName": "2025/04/18/[$LATEST]cf67e2d8097440ecb7884acd2db865d4",
        "timestamp": 1744955689506,
        "message": "FILE_TRANSFER RequestId: 5af02ff7-b9f5-4113-83fe-83ecd320ed78\t TransferType: consumed\t Action: download_from_s3\t FileName: mafdb_87129d44586b87142d9940a8b1bdbebcfa7b0454f32076964711670e9940a5bc.json\t Bucket: denethor\t FilePath: mafdb/mafdb_87129d44586b87142d9940a8b1bdbebcfa7b0454f32076964711670e9940a5bc.json\t LocalFilePath: /tmp/mafdb/mafdb_87129d44586b87142d9940a8b1bdbebcfa7b0454f32076964711670e9940a5bc.json\t FileSize: 273 bytes\t TransferDuration: 119.84375999998065 ms\n",
        "ingestionTime": 1744955693231,
        "eventId": "38913812214399622364103821097806925490577896287526387746"
    },
    {
        "logStreamName": "2025/04/18/[$LATEST]cf67e2d8097440ecb7884acd2db865d4",
        "timestamp": 1744955689646,
        "message": "FILE_TRANSFER RequestId: 5af02ff7-b9f5-4113-83fe-83ecd320ed78\t TransferType: consumed\t Action: download_from_s3\t FileName: mafdb_ffac685782ba2ceabfc02088f70f3473d570818cc3d9c58c8979a425bc171247.json\t Bucket: denethor\t FilePath: mafdb/mafdb_ffac685782ba2ceabfc02088f70f3473d570818cc3d9c58c8979a425bc171247.json\t LocalFilePath: /tmp/mafdb/mafdb_ffac685782ba2ceabfc02088f70f3473d570818cc3d9c58c8979a425bc171247.json\t FileSize: 273 bytes\t TransferDuration: 139.88610399997015 ms\n",
        "ingestionTime": 1744955693231,
        "eventId": "38913812217521726691898108337621926048748666898363645987"
    },
    {
        "logStreamName": "2025/04/18/[$LATEST]cf67e2d8097440ecb7884acd2db865d4",
        "timestamp": 1744955689786,
        "message": "FILE_TRANSFER RequestId: 5af02ff7-b9f5-4113-83fe-83ecd320ed78\t TransferType: consumed\t Action: download_from_s3\t FileName: mafdb_42b7a1940d80c9e5d1a1eb427219fad89ed0198775d719cc0f6171541419e487.json\t Bucket: denethor\t FilePath: mafdb/mafdb_42b7a1940d80c9e5d1a1eb427219fad89ed0198775d719cc0f6171541419e487.json\t LocalFilePath: /tmp/mafdb/mafdb_42b7a1940d80c9e5d1a1eb427219fad89ed0198775d719cc0f6171541419e487.json\t FileSize: 273 bytes\t TransferDuration: 139.93441699994946 ms\n",
        "ingestionTime": 1744955693231,
        "eventId": "38913812220643831019692395577436926606919437509200904228"
    },
    {
        "logStreamName": "2025/04/18/[$LATEST]cf67e2d8097440ecb7884acd2db865d4",
        "timestamp": 1744955689926,
        "message": "FILE_TRANSFER RequestId: 5af02ff7-b9f5-4113-83fe-83ecd320ed78\t TransferType: consumed\t Action: download_from_s3\t FileName: mafdb_d7e79060050e13568977fc2c739b9eddf447a0cefe974cf809a00c1179f02def.json\t Bucket: denethor\t FilePath: mafdb/mafdb_d7e79060050e13568977fc2c739b9eddf447a0cefe974cf809a00c1179f02def.json\t LocalFilePath: /tmp/mafdb/mafdb_d7e79060050e13568977fc2c739b9eddf447a0cefe974cf809a00c1179f02def.json\t FileSize: 273 bytes\t TransferDuration: 139.8623329999964 ms\n",
        "ingestionTime": 1744955693231,
        "eventId": "38913812223765935347486682817251927165090208120038162469"
    },
    {
        "logStreamName": "2025/04/18/[$LATEST]cf67e2d8097440ecb7884acd2db865d4",
        "timestamp": 1744955690046,
        "message": "FILE_TRANSFER RequestId: 5af02ff7-b9f5-4113-83fe-83ecd320ed78\t TransferType: consumed\t Action: download_from_s3\t FileName: mafdb_b61e3844996fd21e45a7d054f79694e53c5aede5327c90900ed7183119a56bfb.json\t Bucket: denethor\t FilePath: mafdb/mafdb_b61e3844996fd21e45a7d054f79694e53c5aede5327c90900ed7183119a56bfb.json\t LocalFilePath: /tmp/mafdb/mafdb_b61e3844996fd21e45a7d054f79694e53c5aede5327c90900ed7183119a56bfb.json\t FileSize: 273 bytes\t TransferDuration: 120.07601900006648 ms\n",
        "ingestionTime": 1744955693231,
        "eventId": "38913812226442024771310357594236213357808011500755812390"
    },
    {
        "logStreamName": "2025/04/18/[$LATEST]cf67e2d8097440ecb7884acd2db865d4",
        "timestamp": 1744955690186,
        "message": "FILE_TRANSFER RequestId: 5af02ff7-b9f5-4113-83fe-83ecd320ed78\t TransferType: consumed\t Action: download_from_s3\t FileName: mafdb_29c4ddd140d117364cadffd440f0642c27bbc2412f4567e0cb32891cc3ef36a1.json\t Bucket: denethor\t FilePath: mafdb/mafdb_29c4ddd140d117364cadffd440f0642c27bbc2412f4567e0cb32891cc3ef36a1.json\t LocalFilePath: /tmp/mafdb/mafdb_29c4ddd140d117364cadffd440f0642c27bbc2412f4567e0cb32891cc3ef36a1.json\t FileSize: 273 bytes\t TransferDuration: 139.82084499991743 ms\n",
        "ingestionTime": 1744955693231,
        "eventId": "38913812229564129099104644834051213915978782111593070631"
    },
    {
        "logStreamName": "2025/04/18/[$LATEST]cf67e2d8097440ecb7884acd2db865d4",
        "timestamp": 1744955690326,
        "message": "FILE_TRANSFER RequestId: 5af02ff7-b9f5-4113-83fe-83ecd320ed78\t TransferType: consumed\t Action: download_from_s3\t FileName: mafdb_4626fea2abf7ed35f5f28026640ab18610584687978217b1f40af22fe37f6572.json\t Bucket: denethor\t FilePath: mafdb/mafdb_4626fea2abf7ed35f5f28026640ab18610584687978217b1f40af22fe37f6572.json\t LocalFilePath: /tmp/mafdb/mafdb_4626fea2abf7ed35f5f28026640ab18610584687978217b1f40af22fe37f6572.json\t FileSize: 273 bytes\t TransferDuration: 139.9583290000237 ms\n",
        "ingestionTime": 1744955693231,
        "eventId": "38913812232686233426898932073866214474149552722430328872"
    },
    {
        "logStreamName": "2025/04/18/[$LATEST]cf67e2d8097440ecb7884acd2db865d4",
        "timestamp": 1744955690446,
        "message": "FILE_TRANSFER RequestId: 5af02ff7-b9f5-4113-83fe-83ecd320ed78\t TransferType: consumed\t Action: download_from_s3\t FileName: mafdb_445b1fba33e16cd436442a3a77bf395f50fd97b749d80a4ea1cdfce773bb0774.json\t Bucket: denethor\t FilePath: mafdb/mafdb_445b1fba33e16cd436442a3a77bf395f50fd97b749d80a4ea1cdfce773bb0774.json\t LocalFilePath: /tmp/mafdb/mafdb_445b1fba33e16cd436442a3a77bf395f50fd97b749d80a4ea1cdfce773bb0774.json\t FileSize: 273 bytes\t TransferDuration: 119.9552829999675 ms\n",
        "ingestionTime": 1744955693231,
        "eventId": "38913812235362322850722606850850500666867356103147978793"
    },
    {
        "logStreamName": "2025/04/18/[$LATEST]cf67e2d8097440ecb7884acd2db865d4",
        "timestamp": 1744955690586,
        "message": "FILE_TRANSFER RequestId: 5af02ff7-b9f5-4113-83fe-83ecd320ed78\t TransferType: consumed\t Action: download_from_s3\t FileName: mafdb_7aa0e0772e1c689c49550813d4d69f69cf00ce1c31ded8e93e9d062016b4ea81.json\t Bucket: denethor\t FilePath: mafdb/mafdb_7aa0e0772e1c689c49550813d4d69f69cf00ce1c31ded8e93e9d062016b4ea81.json\t LocalFilePath: /tmp/mafdb/mafdb_7aa0e0772e1c689c49550813d4d69f69cf00ce1c31ded8e93e9d062016b4ea81.json\t FileSize: 273 bytes\t TransferDuration: 139.94017200002418 ms\n",
        "ingestionTime": 1744955693231,
        "eventId": "38913812238484427178516894090665501225038126713985237034"
    },
    {
        "logStreamName": "2025/04/18/[$LATEST]cf67e2d8097440ecb7884acd2db865d4",
        "timestamp": 1744955690587,
        "message": "CONSUMED_FILES_INFO RequestId: 5af02ff7-b9f5-4113-83fe-83ecd320ed78\t FilesCount: 40 files\t FilesSize: 21215 bytes\t TransferDuration: 5617.072302999873 ms\t ConsumedFiles: ['mafdb_6f7a2b1116e6a791f68a03367473294792b679a6357b6789f3f993b1f83e2e80.json', 'mafdb_54d8ddd695de385cbe16742ebc6fdcb479cd2b8e3c0cd457826222c83fe6bb7c.json', 'mafdb_1f6ccfc97b000b314f6a6c7e2582a4263b17ffc061fef38bd3c9a63fa631759f.json', 'mafdb_bd5d862db8f1d6b261aaeb3b8ecb83d67004ffb7524cb75c5f1f8454224f7c91.json', 'mafdb_861b6fcf310a5a4a01036477cd0e28e972c4aa89be1fcccfc0eab6cd45e9fd74.json', 'mafdb_7d398773bfc3e4435be56d8711457fd7fc190e97e32d7ec51a8a702e16118c4d.json', 'mafdb_c451a256436a5fc45a562eaf2fead8dd42917b32894e636d2b705f5405224a88.json', 'mafdb_7511017a4e93687a5be47b55aa4c08eff48c283a8153f5e070747057ad693f80.json', 'mafdb_3891ae3bc299950ca7a78c4d495828659f2cb320e0641ad8c6bfc4ced2d8e2b0.json', 'mafdb_58aa863a1439bf886daca0713239dba1882676aea5266e0af5bebad97529db92.json', 'mafdb_c1f206b6efa75e1df509578ad4d9fb9ea330d34e7283ccf9d6ad80fdedf66b9a.json', 'mafdb_c3c2025f352d34b4b79a48619176577388b06f30619772ddea31df49ee988aff.json', 'mafdb_c5b5a3a4bd54a110140df77527325958d257fc9b669bca89b332593540c1dc20.json', 'mafdb_51e18dc31f0c330513b45085a52c5ecd1e4a0a9130d2805a71368f1cbe17f65e.json', 'mafdb_95cfb922ebd546f21edcc627a60ea2a6235550bbba3696739fcaca409f1a0232.json', 'mafdb_783d326a98c97c227099cd46e1eb2739e8954c844e628390759f21e7b4e19db0.json', 'mafdb_e7fcb374868f23c5b66908ff13d437f525bdef064d3f7604b08f9b68087e91c4.json', 'mafdb_bdf7b87e05be228017da27afd5fd158ebe4fcf138008526635b8bcdbe380f328.json', 'mafdb_1d419943bc17a86fe648d8caad874862360b7c73c08c99b7c26040bc9939b002.json', 'mafdb_31199a0a134043b94c15114abad10433bfa58c2f87e3106720f88bf29e76f1ae.json', 'mafdb_c2a1e960932a069de5927d1067dde414f501136aba941befca2a4654e72bb08a.json', 'mafdb_49ad0997fa75ff9233f44bffe4f6033aaaf8676ed8f4cbac92057d25395497e6.json', 'mafdb_406ececbafe0a937f2a967e4dae5f862923efb2e1397870f6cc1ba8e050e1da7.json', 'mafdb_e7f2f9266538f691bae81aa42aeb881fcfc1833e62d05d9141e808a0cb0095fa.json', 'mafdb_e883ff130a9d34d26c58c15a735e96baab78aacec64abad0788f83f54423b943.json', 'mafdb_d215ba5497d3d3be2e105b2328e50bdccf602b7e0745016c80fa6f9913e5432f.json', 'mafdb_f871e6272680ce0853ce488fc481f480aa4e243fa14dd104803b05fb209cf094.json', 'mafdb_2ff7bb92e85df3f56dc7f35d3ca7b2bd150b675386145658d2fca63a9e2a3805.json', 'mafdb_47fb2615fc585137c90363d35106c9022fdcc722571f7ed6d93a0e213c75c760.json', 'mafdb_68e664a9a27eba1488202e5ea16bb79aee50d9c2456068b25a29d7ca46c1450f.json', 'mafdb_f6c9786df6a492206e55eb3d3911d34dbd753bfef23be22d8635d72135a7fbc7.json', 'mafdb_87129d44586b87142d9940a8b1bdbebcfa7b0454f32076964711670e9940a5bc.json', 'mafdb_ffac685782ba2ceabfc02088f70f3473d570818cc3d9c58c8979a425bc171247.json', 'mafdb_42b7a1940d80c9e5d1a1eb427219fad89ed0198775d719cc0f6171541419e487.json', 'mafdb_d7e79060050e13568977fc2c739b9eddf447a0cefe974cf809a00c1179f02def.json', 'mafdb_b61e3844996fd21e45a7d054f79694e53c5aede5327c90900ed7183119a56bfb.json', 'mafdb_29c4ddd140d117364cadffd440f0642c27bbc2412f4567e0cb32891cc3ef36a1.json', 'mafdb_4626fea2abf7ed35f5f28026640ab18610584687978217b1f40af22fe37f6572.json', 'mafdb_445b1fba33e16cd436442a3a77bf395f50fd97b749d80a4ea1cdfce773bb0774.json', 'mafdb_7aa0e0772e1c689c49550813d4d69f69cf00ce1c31ded8e93e9d062016b4ea81.json']\n",
        "ingestionTime": 1744955693231,
        "eventId": "38913812238506727923715424713807036943310775075491217451"
    },
    {
        "logStreamName": "2025/04/18/[$LATEST]cf67e2d8097440ecb7884acd2db865d4",
        "timestamp": 1744955690590,
        "message": "[INFO]\t2025-04-18T05:54:50.589Z\t5af02ff7-b9f5-4113-83fe-83ecd320ed78\tMAF_DATABASE_AGGREGATOR RequestId: 5af02ff7-b9f5-4113-83fe-83ecd320ed78\t Duration: 2.545757000007143 ms\t InputLength: 40\t MaxMaf: 8\t MafDatabase: {'1': {'tree_ORTHOMCL256_Inner4.nexus': ['tree_ORTHOMCL256_2_Inner4.nexus', 'tree_ORTHOMCL256_2_Inner5.nexus', 'tree_ORTHOMCL256_2_Inner6.nexus', 'tree_ORTHOMCL256_2_Inner7.nexus', 'tree_ORTHOMCL256_2_Inner8.nexus'], 'tree_ORTHOMCL256_Inner5.nexus': ['tree_ORTHOMCL256_2_Inner4.nexus'], 'tree_ORTHOMCL256_Inner6.nexus': ['tree_ORTHOMCL256_2_Inner4.nexus'], 'tree_ORTHOMCL256_Inner7.nexus': ['tree_ORTHOMCL256_2_Inner4.nexus'], 'tree_ORTHOMCL256_Inner8.nexus': ['tree_ORTHOMCL256_2_Inner4.nexus'], 'tree_ORTHOMCL256_2_Inner4.nexus': ['tree_ORTHOMCL256_Inner4.nexus', 'tree_ORTHOMCL256_Inner5.nexus', 'tree_ORTHOMCL256_Inner6.nexus', 'tree_ORTHOMCL256_Inner7.nexus', 'tree_ORTHOMCL256_Inner8.nexus'], 'tree_ORTHOMCL256_2_Inner5.nexus': ['tree_ORTHOMCL256_Inner4.nexus'], 'tree_ORTHOMCL256_2_Inner6.nexus': ['tree_ORTHOMCL256_Inner4.nexus'], 'tree_ORTHOMCL256_2_Inner7.nexus': ['tree_ORTHOMCL256_Inner4.nexus'], 'tree_ORTHOMCL256_2_Inner8.nexus': ['tree_ORTHOMCL256_Inner4.nexus']}, '2': {'tree_ORTHOMCL256_Inner1.nexus': ['tree_ORTHOMCL256_2_Inner1.nexus', 'tree_ORTHOMCL256_2_Inner2.nexus', 'tree_ORTHOMCL256_2_Inner3.nexus', 'tree_ORTHOMCL256_2_Inner5.nexus', 'tree_ORTHOMCL256_2_Inner6.nexus', 'tree_ORTHOMCL256_2_Inner7.nexus', 'tree_ORTHOMCL256_2_Inner8.nexus'], 'tree_ORTHOMCL256_Inner2.nexus': ['tree_ORTHOMCL256_2_Inner1.nexus', 'tree_ORTHOMCL256_2_Inner2.nexus', 'tree_ORTHOMCL256_2_Inner3.nexus', 'tree_ORTHOMCL256_2_Inner5.nexus', 'tree_ORTHOMCL256_2_Inner6.nexus', 'tree_ORTHOMCL256_2_Inner7.nexus', 'tree_ORTHOMCL256_2_Inner8.nexus'], 'tree_ORTHOMCL256_Inner3.nexus': ['tree_ORTHOMCL256_2_Inner1.nexus', 'tree_ORTHOMCL256_2_Inner2.nexus'], 'tree_ORTHOMCL256_Inner5.nexus': ['tree_ORTHOMCL256_2_Inner1.nexus', 'tree_ORTHOMCL256_2_Inner2.nexus'], 'tree_ORTHOMCL256_Inner6.nexus': ['tree_ORTHOMCL256_2_Inner1.nexus', 'tree_ORTHOMCL256_2_Inner2.nexus'], 'tree_ORTHOMCL256_Inner7.nexus': ['tree_ORTHOMCL256_2_Inner1.nexus', 'tree_ORTHOMCL256_2_Inner2.nexus'], 'tree_ORTHOMCL256_Inner8.nexus': ['tree_ORTHOMCL256_2_Inner1.nexus', 'tree_ORTHOMCL256_2_Inner2.nexus'], 'tree_ORTHOMCL256_2_Inner1.nexus': ['tree_ORTHOMCL256_Inner1.nexus', 'tree_ORTHOMCL256_Inner2.nexus', 'tree_ORTHOMCL256_Inner3.nexus', 'tree_ORTHOMCL256_Inner5.nexus', 'tree_ORTHOMCL256_Inner6.nexus', 'tree_ORTHOMCL256_Inner7.nexus', 'tree_ORTHOMCL256_Inner8.nexus'], 'tree_ORTHOMCL256_2_Inner2.nexus': ['tree_ORTHOMCL256_Inner1.nexus', 'tree_ORTHOMCL256_Inner2.nexus', 'tree_ORTHOMCL256_Inner3.nexus', 'tree_ORTHOMCL256_Inner5.nexus', 'tree_ORTHOMCL256_Inner6.nexus', 'tree_ORTHOMCL256_Inner7.nexus', 'tree_ORTHOMCL256_Inner8.nexus'], 'tree_ORTHOMCL256_2_Inner3.nexus': ['tree_ORTHOMCL256_Inner1.nexus', 'tree_ORTHOMCL256_Inner2.nexus'], 'tree_ORTHOMCL256_2_Inner5.nexus': ['tree_ORTHOMCL256_Inner1.nexus', 'tree_ORTHOMCL256_Inner2.nexus'], 'tree_ORTHOMCL256_2_Inner6.nexus': ['tree_ORTHOMCL256_Inner1.nexus', 'tree_ORTHOMCL256_Inner2.nexus'], 'tree_ORTHOMCL256_2_Inner7.nexus': ['tree_ORTHOMCL256_Inner1.nexus', 'tree_ORTHOMCL256_Inner2.nexus'], 'tree_ORTHOMCL256_2_Inner8.nexus': ['tree_ORTHOMCL256_Inner1.nexus', 'tree_ORTHOMCL256_Inner2.nexus']}, '3': {'tree_ORTHOMCL256_Inner3.nexus': ['tree_ORTHOMCL256_2_Inner3.nexus', 'tree_ORTHOMCL256_2_Inner5.nexus', 'tree_ORTHOMCL256_2_Inner6.nexus', 'tree_ORTHOMCL256_2_Inner7.nexus', 'tree_ORTHOMCL256_2_Inner8.nexus'], 'tree_ORTHOMCL256_Inner5.nexus': ['tree_ORTHOMCL256_2_Inner3.nexus'], 'tree_ORTHOMCL256_Inner6.nexus': ['tree_ORTHOMCL256_2_Inner3.nexus'], 'tree_ORTHOMCL256_Inner7.nexus': ['tree_ORTHOMCL256_2_Inner3.nexus'], 'tree_ORTHOMCL256_Inner8.nexus': ['tree_ORTHOMCL256_2_Inner3.nexus'], 'tree_ORTHOMCL256_2_Inner3.nexus': ['tree_ORTHOMCL256_Inner3.nexus', 'tree_ORTHOMCL256_Inner5.nexus', 'tree_ORTHOMCL256_Inner6.nexus', 'tree_ORTHOMCL256_Inner7.nexus', 'tree_ORTHOMCL256_Inner8.nexus'], 'tree_ORTHOMCL256_2_Inner5.nexus': ['tree_ORTHOMCL256_Inner3.nexus'], 'tree_ORTHOMCL256_2_Inner6.nexus': ['tree_ORTHOMCL256_Inner3.nexus'], 'tree_ORTHOMCL256_2_Inner7.nexus': ['tree_ORTHOMCL256_Inner3.nexus'], 'tree_ORTHOMCL256_2_Inner8.nexus': ['tree_ORTHOMCL256_Inner3.nexus']}, '4': {'tree_ORTHOMCL256_Inner5.nexus': ['tree_ORTHOMCL256_2_Inner5.nexus', 'tree_ORTHOMCL256_2_Inner6.nexus', 'tree_ORTHOMCL256_2_Inner7.nexus', 'tree_ORTHOMCL256_2_Inner8.nexus'], 'tree_ORTHOMCL256_Inner6.nexus': ['tree_ORTHOMCL256_2_Inner5.nexus'], 'tree_ORTHOMCL256_Inner7.nexus': ['tree_ORTHOMCL256_2_Inner5.nexus'], 'tree_ORTHOMCL256_Inner8.nexus': ['tree_ORTHOMCL256_2_Inner5.nexus'], 'tree_ORTHOMCL256_2_Inner5.nexus': ['tree_ORTHOMCL256_Inner5.nexus', 'tree_ORTHOMCL256_Inner6.nexus', 'tree_ORTHOMCL256_Inner7.nexus', 'tree_ORTHOMCL256_Inner8.nexus'], 'tree_ORTHOMCL256_2_Inner6.nexus': ['tree_ORTHOMCL256_Inner5.nexus'], 'tree_ORTHOMCL256_2_Inner7.nexus': ['tree_ORTHOMCL256_Inner5.nexus'], 'tree_ORTHOMCL256_2_Inner8.nexus': ['tree_ORTHOMCL256_Inner5.nexus']}, '5': {'tree_ORTHOMCL256_Inner6.nexus': ['tree_ORTHOMCL256_2_Inner6.nexus', 'tree_ORTHOMCL256_2_Inner7.nexus', 'tree_ORTHOMCL256_2_Inner8.nexus'], 'tree_ORTHOMCL256_Inner7.nexus': ['tree_ORTHOMCL256_2_Inner6.nexus'], 'tree_ORTHOMCL256_Inner8.nexus': ['tree_ORTHOMCL256_2_Inner6.nexus'], 'tree_ORTHOMCL256_2_Inner6.nexus': ['tree_ORTHOMCL256_Inner6.nexus', 'tree_ORTHOMCL256_Inner7.nexus', 'tree_ORTHOMCL256_Inner8.nexus'], 'tree_ORTHOMCL256_2_Inner7.nexus': ['tree_ORTHOMCL256_Inner6.nexus'], 'tree_ORTHOMCL256_2_Inner8.nexus': ['tree_ORTHOMCL256_Inner6.nexus']}, '6': {'tree_ORTHOMCL256_Inner7.nexus': ['tree_ORTHOMCL256_2_Inner7.nexus', 'tree_ORTHOMCL256_2_Inner8.nexus'], 'tree_ORTHOMCL256_Inner8.nexus': ['tree_ORTHOMCL256_2_Inner7.nexus'], 'tree_ORTHOMCL256_2_Inner7.nexus': ['tree_ORTHOMCL256_Inner7.nexus', 'tree_ORTHOMCL256_Inner8.nexus'], 'tree_ORTHOMCL256_2_Inner8.nexus': ['tree_ORTHOMCL256_Inner7.nexus']}, '8': {'tree_ORTHOMCL256_Inner8.nexus': ['tree_ORTHOMCL256_2_Inner8.nexus'], 'tree_ORTHOMCL256_2_Inner8.nexus': ['tree_ORTHOMCL256_Inner8.nexus']}}\n",
        "ingestionTime": 1744955693231,
        "eventId": "38913812238573630159311016583231644098128720160009158700"
    },
    {
        "logStreamName": "2025/04/18/[$LATEST]cf67e2d8097440ecb7884acd2db865d4",
        "timestamp": 1744955690590,
        "message": "[INFO] 2025-04-18T05:54:50GMT MAF_DATABASE_AGGREGATOR RequestId: 5af02ff7-b9f5-4113-83fe-83ecd320ed78\t Duration: 2.545757000007143 ms\t InputLength: 40\t MaxMaf: 8\t MafDatabase: {'1': {'tree_ORTHOMCL256_Inner4.nexus': ['tree_ORTHOMCL256_2_Inner4.nexus', 'tree_ORTHOMCL256_2_Inner5.nexus', 'tree_ORTHOMCL256_2_Inner6.nexus', 'tree_ORTHOMCL256_2_Inner7.nexus', 'tree_ORTHOMCL256_2_Inner8.nexus'], 'tree_ORTHOMCL256_Inner5.nexus': ['tree_ORTHOMCL256_2_Inner4.nexus'], 'tree_ORTHOMCL256_Inner6.nexus': ['tree_ORTHOMCL256_2_Inner4.nexus'], 'tree_ORTHOMCL256_Inner7.nexus': ['tree_ORTHOMCL256_2_Inner4.nexus'], 'tree_ORTHOMCL256_Inner8.nexus': ['tree_ORTHOMCL256_2_Inner4.nexus'], 'tree_ORTHOMCL256_2_Inner4.nexus': ['tree_ORTHOMCL256_Inner4.nexus', 'tree_ORTHOMCL256_Inner5.nexus', 'tree_ORTHOMCL256_Inner6.nexus', 'tree_ORTHOMCL256_Inner7.nexus', 'tree_ORTHOMCL256_Inner8.nexus'], 'tree_ORTHOMCL256_2_Inner5.nexus': ['tree_ORTHOMCL256_Inner4.nexus'], 'tree_ORTHOMCL256_2_Inner6.nexus': ['tree_ORTHOMCL256_Inner4.nexus'], 'tree_ORTHOMCL256_2_Inner7.nexus': ['tree_ORTHOMCL256_Inner4.nexus'], 'tree_ORTHOMCL256_2_Inner8.nexus': ['tree_ORTHOMCL256_Inner4.nexus']}, '2': {'tree_ORTHOMCL256_Inner1.nexus': ['tree_ORTHOMCL256_2_Inner1.nexus', 'tree_ORTHOMCL256_2_Inner2.nexus', 'tree_ORTHOMCL256_2_Inner3.nexus', 'tree_ORTHOMCL256_2_Inner5.nexus', 'tree_ORTHOMCL256_2_Inner6.nexus', 'tree_ORTHOMCL256_2_Inner7.nexus', 'tree_ORTHOMCL256_2_Inner8.nexus'], 'tree_ORTHOMCL256_Inner2.nexus': ['tree_ORTHOMCL256_2_Inner1.nexus', 'tree_ORTHOMCL256_2_Inner2.nexus', 'tree_ORTHOMCL256_2_Inner3.nexus', 'tree_ORTHOMCL256_2_Inner5.nexus', 'tree_ORTHOMCL256_2_Inner6.nexus', 'tree_ORTHOMCL256_2_Inner7.nexus', 'tree_ORTHOMCL256_2_Inner8.nexus'], 'tree_ORTHOMCL256_Inner3.nexus': ['tree_ORTHOMCL256_2_Inner1.nexus', 'tree_ORTHOMCL256_2_Inner2.nexus'], 'tree_ORTHOMCL256_Inner5.nexus': ['tree_ORTHOMCL256_2_Inner1.nexus', 'tree_ORTHOMCL256_2_Inner2.nexus'], 'tree_ORTHOMCL256_Inner6.nexus': ['tree_ORTHOMCL256_2_Inner1.nexus', 'tree_ORTHOMCL256_2_Inner2.nexus'], 'tree_ORTHOMCL256_Inner7.nexus': ['tree_ORTHOMCL256_2_Inner1.nexus', 'tree_ORTHOMCL256_2_Inner2.nexus'], 'tree_ORTHOMCL256_Inner8.nexus': ['tree_ORTHOMCL256_2_Inner1.nexus', 'tree_ORTHOMCL256_2_Inner2.nexus'], 'tree_ORTHOMCL256_2_Inner1.nexus': ['tree_ORTHOMCL256_Inner1.nexus', 'tree_ORTHOMCL256_Inner2.nexus', 'tree_ORTHOMCL256_Inner3.nexus', 'tree_ORTHOMCL256_Inner5.nexus', 'tree_ORTHOMCL256_Inner6.nexus', 'tree_ORTHOMCL256_Inner7.nexus', 'tree_ORTHOMCL256_Inner8.nexus'], 'tree_ORTHOMCL256_2_Inner2.nexus': ['tree_ORTHOMCL256_Inner1.nexus', 'tree_ORTHOMCL256_Inner2.nexus', 'tree_ORTHOMCL256_Inner3.nexus', 'tree_ORTHOMCL256_Inner5.nexus', 'tree_ORTHOMCL256_Inner6.nexus', 'tree_ORTHOMCL256_Inner7.nexus', 'tree_ORTHOMCL256_Inner8.nexus'], 'tree_ORTHOMCL256_2_Inner3.nexus': ['tree_ORTHOMCL256_Inner1.nexus', 'tree_ORTHOMCL256_Inner2.nexus'], 'tree_ORTHOMCL256_2_Inner5.nexus': ['tree_ORTHOMCL256_Inner1.nexus', 'tree_ORTHOMCL256_Inner2.nexus'], 'tree_ORTHOMCL256_2_Inner6.nexus': ['tree_ORTHOMCL256_Inner1.nexus', 'tree_ORTHOMCL256_Inner2.nexus'], 'tree_ORTHOMCL256_2_Inner7.nexus': ['tree_ORTHOMCL256_Inner1.nexus', 'tree_ORTHOMCL256_Inner2.nexus'], 'tree_ORTHOMCL256_2_Inner8.nexus': ['tree_ORTHOMCL256_Inner1.nexus', 'tree_ORTHOMCL256_Inner2.nexus']}, '3': {'tree_ORTHOMCL256_Inner3.nexus': ['tree_ORTHOMCL256_2_Inner3.nexus', 'tree_ORTHOMCL256_2_Inner5.nexus', 'tree_ORTHOMCL256_2_Inner6.nexus', 'tree_ORTHOMCL256_2_Inner7.nexus', 'tree_ORTHOMCL256_2_Inner8.nexus'], 'tree_ORTHOMCL256_Inner5.nexus': ['tree_ORTHOMCL256_2_Inner3.nexus'], 'tree_ORTHOMCL256_Inner6.nexus': ['tree_ORTHOMCL256_2_Inner3.nexus'], 'tree_ORTHOMCL256_Inner7.nexus': ['tree_ORTHOMCL256_2_Inner3.nexus'], 'tree_ORTHOMCL256_Inner8.nexus': ['tree_ORTHOMCL256_2_Inner3.nexus'], 'tree_ORTHOMCL256_2_Inner3.nexus': ['tree_ORTHOMCL256_Inner3.nexus', 'tree_ORTHOMCL256_Inner5.nexus', 'tree_ORTHOMCL256_Inner6.nexus', 'tree_ORTHOMCL256_Inner7.nexus', 'tree_ORTHOMCL256_Inner8.nexus'], 'tree_ORTHOMCL256_2_Inner5.nexus': ['tree_ORTHOMCL256_Inner3.nexus'], 'tree_ORTHOMCL256_2_Inner6.nexus': ['tree_ORTHOMCL256_Inner3.nexus'], 'tree_ORTHOMCL256_2_Inner7.nexus': ['tree_ORTHOMCL256_Inner3.nexus'], 'tree_ORTHOMCL256_2_Inner8.nexus': ['tree_ORTHOMCL256_Inner3.nexus']}, '4': {'tree_ORTHOMCL256_Inner5.nexus': ['tree_ORTHOMCL256_2_Inner5.nexus', 'tree_ORTHOMCL256_2_Inner6.nexus', 'tree_ORTHOMCL256_2_Inner7.nexus', 'tree_ORTHOMCL256_2_Inner8.nexus'], 'tree_ORTHOMCL256_Inner6.nexus': ['tree_ORTHOMCL256_2_Inner5.nexus'], 'tree_ORTHOMCL256_Inner7.nexus': ['tree_ORTHOMCL256_2_Inner5.nexus'], 'tree_ORTHOMCL256_Inner8.nexus': ['tree_ORTHOMCL256_2_Inner5.nexus'], 'tree_ORTHOMCL256_2_Inner5.nexus': ['tree_ORTHOMCL256_Inner5.nexus', 'tree_ORTHOMCL256_Inner6.nexus', 'tree_ORTHOMCL256_Inner7.nexus', 'tree_ORTHOMCL256_Inner8.nexus'], 'tree_ORTHOMCL256_2_Inner6.nexus': ['tree_ORTHOMCL256_Inner5.nexus'], 'tree_ORTHOMCL256_2_Inner7.nexus': ['tree_ORTHOMCL256_Inner5.nexus'], 'tree_ORTHOMCL256_2_Inner8.nexus': ['tree_ORTHOMCL256_Inner5.nexus']}, '5': {'tree_ORTHOMCL256_Inner6.nexus': ['tree_ORTHOMCL256_2_Inner6.nexus', 'tree_ORTHOMCL256_2_Inner7.nexus', 'tree_ORTHOMCL256_2_Inner8.nexus'], 'tree_ORTHOMCL256_Inner7.nexus': ['tree_ORTHOMCL256_2_Inner6.nexus'], 'tree_ORTHOMCL256_Inner8.nexus': ['tree_ORTHOMCL256_2_Inner6.nexus'], 'tree_ORTHOMCL256_2_Inner6.nexus': ['tree_ORTHOMCL256_Inner6.nexus', 'tree_ORTHOMCL256_Inner7.nexus', 'tree_ORTHOMCL256_Inner8.nexus'], 'tree_ORTHOMCL256_2_Inner7.nexus': ['tree_ORTHOMCL256_Inner6.nexus'], 'tree_ORTHOMCL256_2_Inner8.nexus': ['tree_ORTHOMCL256_Inner6.nexus']}, '6': {'tree_ORTHOMCL256_Inner7.nexus': ['tree_ORTHOMCL256_2_Inner7.nexus', 'tree_ORTHOMCL256_2_Inner8.nexus'], 'tree_ORTHOMCL256_Inner8.nexus': ['tree_ORTHOMCL256_2_Inner7.nexus'], 'tree_ORTHOMCL256_2_Inner7.nexus': ['tree_ORTHOMCL256_Inner7.nexus', 'tree_ORTHOMCL256_Inner8.nexus'], 'tree_ORTHOMCL256_2_Inner8.nexus': ['tree_ORTHOMCL256_Inner7.nexus']}, '8': {'tree_ORTHOMCL256_Inner8.nexus': ['tree_ORTHOMCL256_2_Inner8.nexus'], 'tree_ORTHOMCL256_2_Inner8.nexus': ['tree_ORTHOMCL256_Inner8.nexus']}}\n",
        "ingestionTime": 1744955693231,
        "eventId": "38913812238573630159311016583231644098128720160009158701"
    },
    {
        "logStreamName": "2025/04/18/[$LATEST]cf67e2d8097440ecb7884acd2db865d4",
        "timestamp": 1744955690752,
        "message": "FILE_TRANSFER RequestId: 5af02ff7-b9f5-4113-83fe-83ecd320ed78\t TransferType: produced\t Action: upload_to_s3\t FileName: mafdb_e55c4b253d2eb963108a107e404dc9763e2262ecbed696670cdd3950fe76e8d8.json\t Bucket: denethor\t FilePath: mafdb/mafdb_e55c4b253d2eb963108a107e404dc9763e2262ecbed696670cdd3950fe76e8d8.json\t LocalFilePath: /tmp/mafdb/mafdb_e55c4b253d2eb963108a107e404dc9763e2262ecbed696670cdd3950fe76e8d8.json\t FileSize: 20060 bytes\t TransferDuration: 162.64103699995758 ms\n",
        "ingestionTime": 1744955693231,
        "eventId": "38913812242186350881472977532160430458297754723977986094"
    },
    {
        "logStreamName": "2025/04/18/[$LATEST]cf67e2d8097440ecb7884acd2db865d4",
        "timestamp": 1744955690753,
        "message": "PRODUCED_FILES_INFO RequestId: 5af02ff7-b9f5-4113-83fe-83ecd320ed78\t FilesCount: 1 files\t FilesSize: 20060 bytes\t TransferDuration: 162.64103699995758 ms\t Provider: aws_lambda\t  ProducedFiles: ['mafdb_e55c4b253d2eb963108a107e404dc9763e2262ecbed696670cdd3950fe76e8d8.json']\n",
        "ingestionTime": 1744955693231,
        "eventId": "38913812242208651626671508155301966176570403085483966511"
    },
    {
        "logStreamName": "2025/04/18/[$LATEST]cf67e2d8097440ecb7884acd2db865d4",
        "timestamp": 1744955690767,
        "message": "END RequestId: 5af02ff7-b9f5-4113-83fe-83ecd320ed78\n",
        "ingestionTime": 1744955693231,
        "eventId": "38913812242520862059450936879283466232387480146567692336"
    },
    {
        "logStreamName": "2025/04/18/[$LATEST]cf67e2d8097440ecb7884acd2db865d4",
        "timestamp": 1744955690767,
        "message": "REPORT RequestId: 5af02ff7-b9f5-4113-83fe-83ecd320ed78\tDuration: 5811.68 ms\tBilled Duration: 5812 ms\tMemory Size: 128 MB\tMax Memory Used: 107 MB\tInit Duration: 815.40 ms\t\n",
        "ingestionTime": 1744955693231,
        "eventId": "38913812242520862059450936879283466232387480146567692337"
    }
]