[
    {
        "logStreamName": "2025/04/17/[$LATEST]74fcdb5404184d749ca150314a333b73",
        "timestamp": 1744914794294,
        "message": "START RequestId: 5964b52a-9650-4a98-8b76-6bed50f0a58d Version: $LATEST\n",
        "ingestionTime": 1744914803321,
        "eventId": "38912900220696970472181906455734738032689947403593777152"
    },
    {
        "logStreamName": "2025/04/17/[$LATEST]74fcdb5404184d749ca150314a333b73",
        "timestamp": 1744914794308,
        "message": "[INFO]\t2025-04-17T18:33:14.308Z\t5964b52a-9650-4a98-8b76-6bed50f0a58d\tFile tree_ORTHOMCL1_Inner1.nexus already exists in local path. Skipping download.\n",
        "ingestionTime": 1744914803321,
        "eventId": "38912900221009180904961335179716238088507024464677502977"
    },
    {
        "logStreamName": "2025/04/17/[$LATEST]74fcdb5404184d749ca150314a333b73",
        "timestamp": 1744914794308,
        "message": "[INFO]\t2025-04-17T18:33:14.308Z\t5964b52a-9650-4a98-8b76-6bed50f0a58d\tFILE_TRANSFER RequestId: 5964b52a-9650-4a98-8b76-6bed50f0a58d\t TransferType: consumed\t Action: download_from_s3\t FileName: tree_ORTHOMCL1_Inner1.nexus\t Bucket: denethor\t FilePath: subtree/tree_ORTHOMCL1_Inner1.nexus\t FilePathLocal: /tmp/subtree\t FileSize: 185 bytes\t TransferDuration: 0 ms\n",
        "ingestionTime": 1744914803321,
        "eventId": "38912900221009180904961335179716238088507024464677502978"
    },
    {
        "logStreamName": "2025/04/17/[$LATEST]74fcdb5404184d749ca150314a333b73",
        "timestamp": 1744914794309,
        "message": "[INFO] 2025-04-17T18:33:14GMT File tree_ORTHOMCL1_Inner1.nexus already exists in local path. Skipping download.\n",
        "ingestionTime": 1744914803321,
        "eventId": "38912900221031481650159865802857773806779672826183483395"
    },
    {
        "logStreamName": "2025/04/17/[$LATEST]74fcdb5404184d749ca150314a333b73",
        "timestamp": 1744914794309,
        "message": "[INFO] 2025-04-17T18:33:14GMT FILE_TRANSFER RequestId: 5964b52a-9650-4a98-8b76-6bed50f0a58d\t TransferType: consumed\t Action: download_from_s3\t FileName: tree_ORTHOMCL1_Inner1.nexus\t Bucket: denethor\t FilePath: subtree/tree_ORTHOMCL1_Inner1.nexus\t FilePathLocal: /tmp/subtree\t FileSize: 185 bytes\t TransferDuration: 0 ms\n",
        "ingestionTime": 1744914803321,
        "eventId": "38912900221031481650159865802857773806779672826183483396"
    },
    {
        "logStreamName": "2025/04/17/[$LATEST]74fcdb5404184d749ca150314a333b73",
        "timestamp": 1744914794386,
        "message": "[INFO] 2025-04-17T18:33:14GMT File tree_ORTHOMCL1_Inner2.nexus already exists in local path. Skipping download.\n",
        "ingestionTime": 1744914803321,
        "eventId": "38912900222748639030446723784756024113773596662143975429"
    },
    {
        "logStreamName": "2025/04/17/[$LATEST]74fcdb5404184d749ca150314a333b73",
        "timestamp": 1744914794386,
        "message": "[INFO]\t2025-04-17T18:33:14.385Z\t5964b52a-9650-4a98-8b76-6bed50f0a58d\tFile tree_ORTHOMCL1_Inner2.nexus already exists in local path. Skipping download.\n",
        "ingestionTime": 1744914803321,
        "eventId": "38912900222748639030446723784756024113773596662143975430"
    },
    {
        "logStreamName": "2025/04/17/[$LATEST]74fcdb5404184d749ca150314a333b73",
        "timestamp": 1744914794405,
        "message": "[INFO]\t2025-04-17T18:33:14.405Z\t5964b52a-9650-4a98-8b76-6bed50f0a58d\tFILE_TRANSFER RequestId: 5964b52a-9650-4a98-8b76-6bed50f0a58d\t TransferType: consumed\t Action: download_from_s3\t FileName: tree_ORTHOMCL1_Inner2.nexus\t Bucket: denethor\t FilePath: subtree/tree_ORTHOMCL1_Inner2.nexus\t FilePathLocal: /tmp/subtree\t FileSize: 185 bytes\t TransferDuration: 0 ms\n",
        "ingestionTime": 1744914803321,
        "eventId": "38912900223172353189218805624445202760953915530757603335"
    },
    {
        "logStreamName": "2025/04/17/[$LATEST]74fcdb5404184d749ca150314a333b73",
        "timestamp": 1744914794405,
        "message": "[INFO] 2025-04-17T18:33:14GMT FILE_TRANSFER RequestId: 5964b52a-9650-4a98-8b76-6bed50f0a58d\t TransferType: consumed\t Action: download_from_s3\t FileName: tree_ORTHOMCL1_Inner2.nexus\t Bucket: denethor\t FilePath: subtree/tree_ORTHOMCL1_Inner2.nexus\t FilePathLocal: /tmp/subtree\t FileSize: 185 bytes\t TransferDuration: 0 ms\n",
        "ingestionTime": 1744914803321,
        "eventId": "38912900223172353189218805624445202760953915530757603336"
    },
    {
        "logStreamName": "2025/04/17/[$LATEST]74fcdb5404184d749ca150314a333b73",
        "timestamp": 1744914794446,
        "message": "[INFO] 2025-04-17T18:33:14GMT File tree_ORTHOMCL1_Inner3.nexus already exists in local path. Skipping download.\n",
        "ingestionTime": 1744914803321,
        "eventId": "38912900224086683742358561173248167210132498352502800393"
    },
    {
        "logStreamName": "2025/04/17/[$LATEST]74fcdb5404184d749ca150314a333b73",
        "timestamp": 1744914794446,
        "message": "[INFO]\t2025-04-17T18:33:14.446Z\t5964b52a-9650-4a98-8b76-6bed50f0a58d\tFile tree_ORTHOMCL1_Inner3.nexus already exists in local path. Skipping download.\n",
        "ingestionTime": 1744914803321,
        "eventId": "38912900224086683742358561173248167210132498352502800394"
    },
    {
        "logStreamName": "2025/04/17/[$LATEST]74fcdb5404184d749ca150314a333b73",
        "timestamp": 1744914794447,
        "message": "[INFO] 2025-04-17T18:33:14GMT FILE_TRANSFER RequestId: 5964b52a-9650-4a98-8b76-6bed50f0a58d\t TransferType: consumed\t Action: download_from_s3\t FileName: tree_ORTHOMCL1_Inner3.nexus\t Bucket: denethor\t FilePath: subtree/tree_ORTHOMCL1_Inner3.nexus\t FilePathLocal: /tmp/subtree\t FileSize: 339 bytes\t TransferDuration: 0 ms\n",
        "ingestionTime": 1744914803321,
        "eventId": "38912900224108984487557091796389702928405146714008780811"
    },
    {
        "logStreamName": "2025/04/17/[$LATEST]74fcdb5404184d749ca150314a333b73",
        "timestamp": 1744914794447,
        "message": "[INFO]\t2025-04-17T18:33:14.447Z\t5964b52a-9650-4a98-8b76-6bed50f0a58d\tFILE_TRANSFER RequestId: 5964b52a-9650-4a98-8b76-6bed50f0a58d\t TransferType: consumed\t Action: download_from_s3\t FileName: tree_ORTHOMCL1_Inner3.nexus\t Bucket: denethor\t FilePath: subtree/tree_ORTHOMCL1_Inner3.nexus\t FilePathLocal: /tmp/subtree\t FileSize: 339 bytes\t TransferDuration: 0 ms\n",
        "ingestionTime": 1744914803321,
        "eventId": "38912900224108984487557091796389702928405146714008780812"
    },
    {
        "logStreamName": "2025/04/17/[$LATEST]74fcdb5404184d749ca150314a333b73",
        "timestamp": 1744914794526,
        "message": "[INFO]\t2025-04-17T18:33:14.525Z\t5964b52a-9650-4a98-8b76-6bed50f0a58d\tFile tree_ORTHOMCL256_Inner1.nexus already exists in local path. Skipping download.\n",
        "ingestionTime": 1744914803321,
        "eventId": "38912900225870743358241011024571024671944367272981233677"
    },
    {
        "logStreamName": "2025/04/17/[$LATEST]74fcdb5404184d749ca150314a333b73",
        "timestamp": 1744914794526,
        "message": "[INFO] 2025-04-17T18:33:14GMT File tree_ORTHOMCL256_Inner1.nexus already exists in local path. Skipping download.\n",
        "ingestionTime": 1744914803321,
        "eventId": "38912900225870743358241011024571024671944367272981233678"
    },
    {
        "logStreamName": "2025/04/17/[$LATEST]74fcdb5404184d749ca150314a333b73",
        "timestamp": 1744914794526,
        "message": "[INFO] 2025-04-17T18:33:14GMT FILE_TRANSFER RequestId: 5964b52a-9650-4a98-8b76-6bed50f0a58d\t TransferType: consumed\t Action: download_from_s3\t FileName: tree_ORTHOMCL256_Inner1.nexus\t Bucket: denethor\t FilePath: subtree/tree_ORTHOMCL256_Inner1.nexus\t FilePathLocal: /tmp/subtree\t FileSize: 187 bytes\t TransferDuration: 0 ms\n",
        "ingestionTime": 1744914803321,
        "eventId": "38912900225870743358241011024571024671944367272981233679"
    },
    {
        "logStreamName": "2025/04/17/[$LATEST]74fcdb5404184d749ca150314a333b73",
        "timestamp": 1744914794526,
        "message": "[INFO]\t2025-04-17T18:33:14.526Z\t5964b52a-9650-4a98-8b76-6bed50f0a58d\tFILE_TRANSFER RequestId: 5964b52a-9650-4a98-8b76-6bed50f0a58d\t TransferType: consumed\t Action: download_from_s3\t FileName: tree_ORTHOMCL256_Inner1.nexus\t Bucket: denethor\t FilePath: subtree/tree_ORTHOMCL256_Inner1.nexus\t FilePathLocal: /tmp/subtree\t FileSize: 187 bytes\t TransferDuration: 0 ms\n",
        "ingestionTime": 1744914803321,
        "eventId": "38912900225870743358241011024571024671944367272981233680"
    },
    {
        "logStreamName": "2025/04/17/[$LATEST]74fcdb5404184d749ca150314a333b73",
        "timestamp": 1744914794586,
        "message": "[INFO] 2025-04-17T18:33:14GMT File tree_ORTHOMCL256_Inner2.nexus already exists in local path. Skipping download.\n",
        "ingestionTime": 1744914803321,
        "eventId": "38912900227208788070152848413063167768303268963340058641"
    },
    {
        "logStreamName": "2025/04/17/[$LATEST]74fcdb5404184d749ca150314a333b73",
        "timestamp": 1744914794586,
        "message": "[INFO]\t2025-04-17T18:33:14.585Z\t5964b52a-9650-4a98-8b76-6bed50f0a58d\tFile tree_ORTHOMCL256_Inner2.nexus already exists in local path. Skipping download.\n",
        "ingestionTime": 1744914803321,
        "eventId": "38912900227208788070152848413063167768303268963340058642"
    },
    {
        "logStreamName": "2025/04/17/[$LATEST]74fcdb5404184d749ca150314a333b73",
        "timestamp": 1744914794586,
        "message": "[INFO] 2025-04-17T18:33:14GMT FILE_TRANSFER RequestId: 5964b52a-9650-4a98-8b76-6bed50f0a58d\t TransferType: consumed\t Action: download_from_s3\t FileName: tree_ORTHOMCL256_Inner2.nexus\t Bucket: denethor\t FilePath: subtree/tree_ORTHOMCL256_Inner2.nexus\t FilePathLocal: /tmp/subtree\t FileSize: 245 bytes\t TransferDuration: 0 ms\n",
        "ingestionTime": 1744914803321,
        "eventId": "38912900227208788070152848413063167768303268963340058643"
    },
    {
        "logStreamName": "2025/04/17/[$LATEST]74fcdb5404184d749ca150314a333b73",
        "timestamp": 1744914794586,
        "message": "[INFO]\t2025-04-17T18:33:14.586Z\t5964b52a-9650-4a98-8b76-6bed50f0a58d\tFILE_TRANSFER RequestId: 5964b52a-9650-4a98-8b76-6bed50f0a58d\t TransferType: consumed\t Action: download_from_s3\t FileName: tree_ORTHOMCL256_Inner2.nexus\t Bucket: denethor\t FilePath: subtree/tree_ORTHOMCL256_Inner2.nexus\t FilePathLocal: /tmp/subtree\t FileSize: 245 bytes\t TransferDuration: 0 ms\n",
        "ingestionTime": 1744914803321,
        "eventId": "38912900227208788070152848413063167768303268963340058644"
    },
    {
        "logStreamName": "2025/04/17/[$LATEST]74fcdb5404184d749ca150314a333b73",
        "timestamp": 1744914794666,
        "message": "[INFO]\t2025-04-17T18:33:14.665Z\t5964b52a-9650-4a98-8b76-6bed50f0a58d\tFile tree_ORTHOMCL256_Inner3.nexus already exists in local path. Skipping download.\n",
        "ingestionTime": 1744914803321,
        "eventId": "38912900228992847686035298264386025230115137883818491925"
    },
    {
        "logStreamName": "2025/04/17/[$LATEST]74fcdb5404184d749ca150314a333b73",
        "timestamp": 1744914794666,
        "message": "[INFO] 2025-04-17T18:33:14GMT File tree_ORTHOMCL256_Inner3.nexus already exists in local path. Skipping download.\n",
        "ingestionTime": 1744914803321,
        "eventId": "38912900228992847686035298264386025230115137883818491926"
    },
    {
        "logStreamName": "2025/04/17/[$LATEST]74fcdb5404184d749ca150314a333b73",
        "timestamp": 1744914794666,
        "message": "[INFO] 2025-04-17T18:33:14GMT FILE_TRANSFER RequestId: 5964b52a-9650-4a98-8b76-6bed50f0a58d\t TransferType: consumed\t Action: download_from_s3\t FileName: tree_ORTHOMCL256_Inner3.nexus\t Bucket: denethor\t FilePath: subtree/tree_ORTHOMCL256_Inner3.nexus\t FilePathLocal: /tmp/subtree\t FileSize: 301 bytes\t TransferDuration: 0 ms\n",
        "ingestionTime": 1744914803321,
        "eventId": "38912900228992847686035298264386025230115137883818491927"
    },
    {
        "logStreamName": "2025/04/17/[$LATEST]74fcdb5404184d749ca150314a333b73",
        "timestamp": 1744914794666,
        "message": "[INFO]\t2025-04-17T18:33:14.666Z\t5964b52a-9650-4a98-8b76-6bed50f0a58d\tFILE_TRANSFER RequestId: 5964b52a-9650-4a98-8b76-6bed50f0a58d\t TransferType: consumed\t Action: download_from_s3\t FileName: tree_ORTHOMCL256_Inner3.nexus\t Bucket: denethor\t FilePath: subtree/tree_ORTHOMCL256_Inner3.nexus\t FilePathLocal: /tmp/subtree\t FileSize: 301 bytes\t TransferDuration: 0 ms\n",
        "ingestionTime": 1744914803321,
        "eventId": "38912900228992847686035298264386025230115137883818491928"
    },
    {
        "logStreamName": "2025/04/17/[$LATEST]74fcdb5404184d749ca150314a333b73",
        "timestamp": 1744914794726,
        "message": "[INFO] 2025-04-17T18:33:14GMT File tree_ORTHOMCL256_Inner4.nexus already exists in local path. Skipping download.\n",
        "ingestionTime": 1744914803321,
        "eventId": "38912900230330892397947135652878168326474039574177316889"
    },
    {
        "logStreamName": "2025/04/17/[$LATEST]74fcdb5404184d749ca150314a333b73",
        "timestamp": 1744914794726,
        "message": "[INFO]\t2025-04-17T18:33:14.725Z\t5964b52a-9650-4a98-8b76-6bed50f0a58d\tFile tree_ORTHOMCL256_Inner4.nexus already exists in local path. Skipping download.\n",
        "ingestionTime": 1744914803321,
        "eventId": "38912900230330892397947135652878168326474039574177316890"
    },
    {
        "logStreamName": "2025/04/17/[$LATEST]74fcdb5404184d749ca150314a333b73",
        "timestamp": 1744914794726,
        "message": "[INFO] 2025-04-17T18:33:14GMT FILE_TRANSFER RequestId: 5964b52a-9650-4a98-8b76-6bed50f0a58d\t TransferType: consumed\t Action: download_from_s3\t FileName: tree_ORTHOMCL256_Inner4.nexus\t Bucket: denethor\t FilePath: subtree/tree_ORTHOMCL256_Inner4.nexus\t FilePathLocal: /tmp/subtree\t FileSize: 191 bytes\t TransferDuration: 0 ms\n",
        "ingestionTime": 1744914803321,
        "eventId": "38912900230330892397947135652878168326474039574177316891"
    },
    {
        "logStreamName": "2025/04/17/[$LATEST]74fcdb5404184d749ca150314a333b73",
        "timestamp": 1744914794726,
        "message": "[INFO]\t2025-04-17T18:33:14.726Z\t5964b52a-9650-4a98-8b76-6bed50f0a58d\tFILE_TRANSFER RequestId: 5964b52a-9650-4a98-8b76-6bed50f0a58d\t TransferType: consumed\t Action: download_from_s3\t FileName: tree_ORTHOMCL256_Inner4.nexus\t Bucket: denethor\t FilePath: subtree/tree_ORTHOMCL256_Inner4.nexus\t FilePathLocal: /tmp/subtree\t FileSize: 191 bytes\t TransferDuration: 0 ms\n",
        "ingestionTime": 1744914803321,
        "eventId": "38912900230330892397947135652878168326474039574177316892"
    },
    {
        "logStreamName": "2025/04/17/[$LATEST]74fcdb5404184d749ca150314a333b73",
        "timestamp": 1744914794786,
        "message": "[INFO] 2025-04-17T18:33:14GMT File tree_ORTHOMCL256_Inner5.nexus already exists in local path. Skipping download.\n",
        "ingestionTime": 1744914803321,
        "eventId": "38912900231668937109858973041370311422832941264536141853"
    },
    {
        "logStreamName": "2025/04/17/[$LATEST]74fcdb5404184d749ca150314a333b73",
        "timestamp": 1744914794786,
        "message": "[INFO]\t2025-04-17T18:33:14.785Z\t5964b52a-9650-4a98-8b76-6bed50f0a58d\tFile tree_ORTHOMCL256_Inner5.nexus already exists in local path. Skipping download.\n",
        "ingestionTime": 1744914803321,
        "eventId": "38912900231668937109858973041370311422832941264536141854"
    },
    {
        "logStreamName": "2025/04/17/[$LATEST]74fcdb5404184d749ca150314a333b73",
        "timestamp": 1744914794786,
        "message": "[INFO] 2025-04-17T18:33:14GMT FILE_TRANSFER RequestId: 5964b52a-9650-4a98-8b76-6bed50f0a58d\t TransferType: consumed\t Action: download_from_s3\t FileName: tree_ORTHOMCL256_Inner5.nexus\t Bucket: denethor\t FilePath: subtree/tree_ORTHOMCL256_Inner5.nexus\t FilePathLocal: /tmp/subtree\t FileSize: 421 bytes\t TransferDuration: 0 ms\n",
        "ingestionTime": 1744914803321,
        "eventId": "38912900231668937109858973041370311422832941264536141855"
    },
    {
        "logStreamName": "2025/04/17/[$LATEST]74fcdb5404184d749ca150314a333b73",
        "timestamp": 1744914794786,
        "message": "[INFO]\t2025-04-17T18:33:14.786Z\t5964b52a-9650-4a98-8b76-6bed50f0a58d\tFILE_TRANSFER RequestId: 5964b52a-9650-4a98-8b76-6bed50f0a58d\t TransferType: consumed\t Action: download_from_s3\t FileName: tree_ORTHOMCL256_Inner5.nexus\t Bucket: denethor\t FilePath: subtree/tree_ORTHOMCL256_Inner5.nexus\t FilePathLocal: /tmp/subtree\t FileSize: 421 bytes\t TransferDuration: 0 ms\n",
        "ingestionTime": 1744914803321,
        "eventId": "38912900231668937109858973041370311422832941264536141856"
    },
    {
        "logStreamName": "2025/04/17/[$LATEST]74fcdb5404184d749ca150314a333b73",
        "timestamp": 1744914794846,
        "message": "[INFO] 2025-04-17T18:33:14GMT File tree_ORTHOMCL256_Inner6.nexus already exists in local path. Skipping download.\n",
        "ingestionTime": 1744914803321,
        "eventId": "38912900233006981821770810429862454519191842954894966817"
    },
    {
        "logStreamName": "2025/04/17/[$LATEST]74fcdb5404184d749ca150314a333b73",
        "timestamp": 1744914794846,
        "message": "[INFO]\t2025-04-17T18:33:14.845Z\t5964b52a-9650-4a98-8b76-6bed50f0a58d\tFile tree_ORTHOMCL256_Inner6.nexus already exists in local path. Skipping download.\n",
        "ingestionTime": 1744914803321,
        "eventId": "38912900233006981821770810429862454519191842954894966818"
    },
    {
        "logStreamName": "2025/04/17/[$LATEST]74fcdb5404184d749ca150314a333b73",
        "timestamp": 1744914794846,
        "message": "[INFO] 2025-04-17T18:33:14GMT FILE_TRANSFER RequestId: 5964b52a-9650-4a98-8b76-6bed50f0a58d\t TransferType: consumed\t Action: download_from_s3\t FileName: tree_ORTHOMCL256_Inner6.nexus\t Bucket: denethor\t FilePath: subtree/tree_ORTHOMCL256_Inner6.nexus\t FilePathLocal: /tmp/subtree\t FileSize: 481 bytes\t TransferDuration: 0 ms\n",
        "ingestionTime": 1744914803321,
        "eventId": "38912900233006981821770810429862454519191842954894966819"
    },
    {
        "logStreamName": "2025/04/17/[$LATEST]74fcdb5404184d749ca150314a333b73",
        "timestamp": 1744914794846,
        "message": "[INFO]\t2025-04-17T18:33:14.846Z\t5964b52a-9650-4a98-8b76-6bed50f0a58d\tFILE_TRANSFER RequestId: 5964b52a-9650-4a98-8b76-6bed50f0a58d\t TransferType: consumed\t Action: download_from_s3\t FileName: tree_ORTHOMCL256_Inner6.nexus\t Bucket: denethor\t FilePath: subtree/tree_ORTHOMCL256_Inner6.nexus\t FilePathLocal: /tmp/subtree\t FileSize: 481 bytes\t TransferDuration: 0 ms\n",
        "ingestionTime": 1744914803321,
        "eventId": "38912900233006981821770810429862454519191842954894966820"
    },
    {
        "logStreamName": "2025/04/17/[$LATEST]74fcdb5404184d749ca150314a333b73",
        "timestamp": 1744914794906,
        "message": "[INFO] 2025-04-17T18:33:14GMT File tree_ORTHOMCL256_Inner7.nexus already exists in local path. Skipping download.\n",
        "ingestionTime": 1744914803321,
        "eventId": "38912900234345026533682647818354597615550744645253791781"
    },
    {
        "logStreamName": "2025/04/17/[$LATEST]74fcdb5404184d749ca150314a333b73",
        "timestamp": 1744914794906,
        "message": "[INFO]\t2025-04-17T18:33:14.905Z\t5964b52a-9650-4a98-8b76-6bed50f0a58d\tFile tree_ORTHOMCL256_Inner7.nexus already exists in local path. Skipping download.\n",
        "ingestionTime": 1744914803321,
        "eventId": "38912900234345026533682647818354597615550744645253791782"
    },
    {
        "logStreamName": "2025/04/17/[$LATEST]74fcdb5404184d749ca150314a333b73",
        "timestamp": 1744914794906,
        "message": "[INFO] 2025-04-17T18:33:14GMT FILE_TRANSFER RequestId: 5964b52a-9650-4a98-8b76-6bed50f0a58d\t TransferType: consumed\t Action: download_from_s3\t FileName: tree_ORTHOMCL256_Inner7.nexus\t Bucket: denethor\t FilePath: subtree/tree_ORTHOMCL256_Inner7.nexus\t FilePathLocal: /tmp/subtree\t FileSize: 539 bytes\t TransferDuration: 0 ms\n",
        "ingestionTime": 1744914803321,
        "eventId": "38912900234345026533682647818354597615550744645253791783"
    },
    {
        "logStreamName": "2025/04/17/[$LATEST]74fcdb5404184d749ca150314a333b73",
        "timestamp": 1744914794906,
        "message": "[INFO]\t2025-04-17T18:33:14.906Z\t5964b52a-9650-4a98-8b76-6bed50f0a58d\tFILE_TRANSFER RequestId: 5964b52a-9650-4a98-8b76-6bed50f0a58d\t TransferType: consumed\t Action: download_from_s3\t FileName: tree_ORTHOMCL256_Inner7.nexus\t Bucket: denethor\t FilePath: subtree/tree_ORTHOMCL256_Inner7.nexus\t FilePathLocal: /tmp/subtree\t FileSize: 539 bytes\t TransferDuration: 0 ms\n",
        "ingestionTime": 1744914803321,
        "eventId": "38912900234345026533682647818354597615550744645253791784"
    },
    {
        "logStreamName": "2025/04/17/[$LATEST]74fcdb5404184d749ca150314a333b73",
        "timestamp": 1744914794967,
        "message": "[INFO] 2025-04-17T18:33:14GMT File tree_ORTHOMCL256_Inner8.nexus already exists in local path. Skipping download.\n",
        "ingestionTime": 1744914803321,
        "eventId": "38912900235705371990793015829988276430182294697118597161"
    },
    {
        "logStreamName": "2025/04/17/[$LATEST]74fcdb5404184d749ca150314a333b73",
        "timestamp": 1744914794967,
        "message": "[INFO]\t2025-04-17T18:33:14.966Z\t5964b52a-9650-4a98-8b76-6bed50f0a58d\tFile tree_ORTHOMCL256_Inner8.nexus already exists in local path. Skipping download.\n",
        "ingestionTime": 1744914803321,
        "eventId": "38912900235705371990793015829988276430182294697118597162"
    },
    {
        "logStreamName": "2025/04/17/[$LATEST]74fcdb5404184d749ca150314a333b73",
        "timestamp": 1744914794967,
        "message": "[INFO]\t2025-04-17T18:33:14.967Z\t5964b52a-9650-4a98-8b76-6bed50f0a58d\tFILE_TRANSFER RequestId: 5964b52a-9650-4a98-8b76-6bed50f0a58d\t TransferType: consumed\t Action: download_from_s3\t FileName: tree_ORTHOMCL256_Inner8.nexus\t Bucket: denethor\t FilePath: subtree/tree_ORTHOMCL256_Inner8.nexus\t FilePathLocal: /tmp/subtree\t FileSize: 640 bytes\t TransferDuration: 0 ms\n",
        "ingestionTime": 1744914803321,
        "eventId": "38912900235705371990793015829988276430182294697118597163"
    },
    {
        "logStreamName": "2025/04/17/[$LATEST]74fcdb5404184d749ca150314a333b73",
        "timestamp": 1744914794967,
        "message": "[INFO] 2025-04-17T18:33:14GMT FILE_TRANSFER RequestId: 5964b52a-9650-4a98-8b76-6bed50f0a58d\t TransferType: consumed\t Action: download_from_s3\t FileName: tree_ORTHOMCL256_Inner8.nexus\t Bucket: denethor\t FilePath: subtree/tree_ORTHOMCL256_Inner8.nexus\t FilePathLocal: /tmp/subtree\t FileSize: 640 bytes\t TransferDuration: 0 ms\n",
        "ingestionTime": 1744914803321,
        "eventId": "38912900235705371990793015829988276430182294697118597164"
    },
    {
        "logStreamName": "2025/04/17/[$LATEST]74fcdb5404184d749ca150314a333b73",
        "timestamp": 1744914794967,
        "message": "[INFO] 2025-04-17T18:33:14GMT CONSUMED_FILES_INFO RequestId: 5964b52a-9650-4a98-8b76-6bed50f0a58d\t FilesCount: 11 files\t FilesSize: 3714 bytes\t TransferDuration: 0 ms\t ConsumedFiles: ['tree_ORTHOMCL1_Inner1.nexus', 'tree_ORTHOMCL1_Inner2.nexus', 'tree_ORTHOMCL1_Inner3.nexus', 'tree_ORTHOMCL256_Inner1.nexus', 'tree_ORTHOMCL256_Inner2.nexus', 'tree_ORTHOMCL256_Inner3.nexus', 'tree_ORTHOMCL256_Inner4.nexus', 'tree_ORTHOMCL256_Inner5.nexus', 'tree_ORTHOMCL256_Inner6.nexus', 'tree_ORTHOMCL256_Inner7.nexus', 'tree_ORTHOMCL256_Inner8.nexus']\n",
        "ingestionTime": 1744914803321,
        "eventId": "38912900235705371990793015829988276430182294697118597165"
    },
    {
        "logStreamName": "2025/04/17/[$LATEST]74fcdb5404184d749ca150314a333b73",
        "timestamp": 1744914794967,
        "message": "[INFO]\t2025-04-17T18:33:14.967Z\t5964b52a-9650-4a98-8b76-6bed50f0a58d\tCONSUMED_FILES_INFO RequestId: 5964b52a-9650-4a98-8b76-6bed50f0a58d\t FilesCount: 11 files\t FilesSize: 3714 bytes\t TransferDuration: 0 ms\t ConsumedFiles: ['tree_ORTHOMCL1_Inner1.nexus', 'tree_ORTHOMCL1_Inner2.nexus', 'tree_ORTHOMCL1_Inner3.nexus', 'tree_ORTHOMCL256_Inner1.nexus', 'tree_ORTHOMCL256_Inner2.nexus', 'tree_ORTHOMCL256_Inner3.nexus', 'tree_ORTHOMCL256_Inner4.nexus', 'tree_ORTHOMCL256_Inner5.nexus', 'tree_ORTHOMCL256_Inner6.nexus', 'tree_ORTHOMCL256_Inner7.nexus', 'tree_ORTHOMCL256_Inner8.nexus']\n",
        "ingestionTime": 1744914803321,
        "eventId": "38912900235705371990793015829988276430182294697118597166"
    },
    {
        "logStreamName": "2025/04/17/[$LATEST]74fcdb5404184d749ca150314a333b73",
        "timestamp": 1744914794967,
        "message": "subtree_matrix: processing file tree_ORTHOMCL1_Inner1.nexus of ['tree_ORTHOMCL1_Inner1.nexus', 'tree_ORTHOMCL1_Inner2.nexus', 'tree_ORTHOMCL1_Inner3.nexus']\n",
        "ingestionTime": 1744914803321,
        "eventId": "38912900235705371990793015829988276430182294697118597167"
    },
    {
        "logStreamName": "2025/04/17/[$LATEST]74fcdb5404184d749ca150314a333b73",
        "timestamp": 1744914795069,
        "message": "subtree_matrix: processing file tree_ORTHOMCL1_Inner2.nexus of ['tree_ORTHOMCL1_Inner1.nexus', 'tree_ORTHOMCL1_Inner2.nexus', 'tree_ORTHOMCL1_Inner3.nexus']\n",
        "ingestionTime": 1744914803321,
        "eventId": "38912900237980048001043139390424919693992427570728599600"
    },
    {
        "logStreamName": "2025/04/17/[$LATEST]74fcdb5404184d749ca150314a333b73",
        "timestamp": 1744914795207,
        "message": "subtree_matrix: processing file tree_ORTHOMCL1_Inner3.nexus of ['tree_ORTHOMCL1_Inner1.nexus', 'tree_ORTHOMCL1_Inner2.nexus', 'tree_ORTHOMCL1_Inner3.nexus']\n",
        "ingestionTime": 1744914803321,
        "eventId": "38912900241057550838440365383956848815617901458553897009"
    },
    {
        "logStreamName": "2025/04/17/[$LATEST]74fcdb5404184d749ca150314a333b73",
        "timestamp": 1744914795366,
        "message": "Tempo de construção do maf_database: 398.8010909999957 milissegundos\n",
        "ingestionTime": 1744914803321,
        "eventId": "38912900244603369325006734463461028020968990938004783154"
    },
    {
        "logStreamName": "2025/04/17/[$LATEST]74fcdb5404184d749ca150314a333b73",
        "timestamp": 1744914795367,
        "message": "[INFO] 2025-04-17T18:33:15GMT MAF_DATABASE_CREATOR RequestId: 5964b52a-9650-4a98-8b76-6bed50f0a58d\t Duration: 398.8010909999957 ms\t InputSubtrees: ['tree_ORTHOMCL1_Inner1.nexus', 'tree_ORTHOMCL1_Inner2.nexus', 'tree_ORTHOMCL1_Inner3.nexus']\t MafDatabaseFile: mafdb_6f7a2b1116e6a791f68a03367473294792b679a6357b6789f3f993b1f83e2e80.json\n",
        "ingestionTime": 1744914803321,
        "eventId": "38912900244625670070205265086602563739241639299510763571"
    },
    {
        "logStreamName": "2025/04/17/[$LATEST]74fcdb5404184d749ca150314a333b73",
        "timestamp": 1744914795367,
        "message": "[INFO]\t2025-04-17T18:33:15.367Z\t5964b52a-9650-4a98-8b76-6bed50f0a58d\tMAF_DATABASE_CREATOR RequestId: 5964b52a-9650-4a98-8b76-6bed50f0a58d\t Duration: 398.8010909999957 ms\t InputSubtrees: ['tree_ORTHOMCL1_Inner1.nexus', 'tree_ORTHOMCL1_Inner2.nexus', 'tree_ORTHOMCL1_Inner3.nexus']\t MafDatabaseFile: mafdb_6f7a2b1116e6a791f68a03367473294792b679a6357b6789f3f993b1f83e2e80.json\n",
        "ingestionTime": 1744914803321,
        "eventId": "38912900244625670070205265086602563739241639299510763572"
    },
    {
        "logStreamName": "2025/04/17/[$LATEST]74fcdb5404184d749ca150314a333b73",
        "timestamp": 1744914795677,
        "message": "FILE_TRANSFER RequestId: 5964b52a-9650-4a98-8b76-6bed50f0a58d\t TransferType: produced\t Action: upload_to_s3\t FileName: mafdb_6f7a2b1116e6a791f68a03367473294792b679a6357b6789f3f993b1f83e2e80.json\t Bucket: denethor\t FilePath: mafdb/mafdb_6f7a2b1116e6a791f68a03367473294792b679a6357b6789f3f993b1f83e2e80.json\t LocalFilePath: /tmp/mafdb/mafdb_6f7a2b1116e6a791f68a03367473294792b679a6357b6789f3f993b1f83e2e80.json\t FileSize: 185 bytes\t TransferDuration: 209.7840090000318 ms\n",
        "ingestionTime": 1744914803321,
        "eventId": "38912900251538901081749758260478636403762631366364692533"
    },
    {
        "logStreamName": "2025/04/17/[$LATEST]74fcdb5404184d749ca150314a333b73",
        "timestamp": 1744914795677,
        "message": "PRODUCED_FILES_INFO RequestId: 5964b52a-9650-4a98-8b76-6bed50f0a58d\t FilesCount: 1 files\t FilesSize: 185 bytes\t TransferDuration: 209.7840090000318 ms\t Provider: aws_lambda\t  ProducedFiles: ['mafdb_6f7a2b1116e6a791f68a03367473294792b679a6357b6789f3f993b1f83e2e80.json']\n",
        "ingestionTime": 1744914803321,
        "eventId": "38912900251538901081749758260478636403762631366364692534"
    },
    {
        "logStreamName": "2025/04/17/[$LATEST]74fcdb5404184d749ca150314a333b73",
        "timestamp": 1744914795678,
        "message": "END RequestId: 5964b52a-9650-4a98-8b76-6bed50f0a58d\n",
        "ingestionTime": 1744914803321,
        "eventId": "38912900251561201826948288883620172122035279727870672951"
    },
    {
        "logStreamName": "2025/04/17/[$LATEST]74fcdb5404184d749ca150314a333b73",
        "timestamp": 1744914795679,
        "message": "REPORT RequestId: 5964b52a-9650-4a98-8b76-6bed50f0a58d\tDuration: 1384.29 ms\tBilled Duration: 1385 ms\tMemory Size: 128 MB\tMax Memory Used: 109 MB\t\n",
        "ingestionTime": 1744914803321,
        "eventId": "38912900251583502572146819506761707840307928089376653368"
    },
    {
        "logStreamName": "2025/04/17/[$LATEST]74fcdb5404184d749ca150314a333b73",
        "timestamp": 1744914795858,
        "message": "START RequestId: 8dad874b-823b-4b03-8d0b-480524d5efe7 Version: $LATEST\n",
        "ingestionTime": 1744914803321,
        "eventId": "38912900255575335962683801049096601411111984798947147833"
    },
    {
        "logStreamName": "2025/04/17/[$LATEST]74fcdb5404184d749ca150314a333b73",
        "timestamp": 1744914795906,
        "message": "[INFO] 2025-04-17T18:33:15GMT File tree_ORTHOMCL1_Inner1.nexus already exists in local path. Skipping download.\n",
        "ingestionTime": 1744914803321,
        "eventId": "38912900256645771732213270959890315888199106151234207802"
    },
    {
        "logStreamName": "2025/04/17/[$LATEST]74fcdb5404184d749ca150314a333b73",
        "timestamp": 1744914795906,
        "message": "[INFO]\t2025-04-17T18:33:15.905Z\t8dad874b-823b-4b03-8d0b-480524d5efe7\tFile tree_ORTHOMCL1_Inner1.nexus already exists in local path. Skipping download.\n",
        "ingestionTime": 1744914803321,
        "eventId": "38912900256645771732213270959890315888199106151234207803"
    },
    {
        "logStreamName": "2025/04/17/[$LATEST]74fcdb5404184d749ca150314a333b73",
        "timestamp": 1744914795906,
        "message": "[INFO] 2025-04-17T18:33:15GMT FILE_TRANSFER RequestId: 8dad874b-823b-4b03-8d0b-480524d5efe7\t TransferType: consumed\t Action: download_from_s3\t FileName: tree_ORTHOMCL1_Inner1.nexus\t Bucket: denethor\t FilePath: subtree/tree_ORTHOMCL1_Inner1.nexus\t FilePathLocal: /tmp/subtree\t FileSize: 185 bytes\t TransferDuration: 0 ms\n",
        "ingestionTime": 1744914803321,
        "eventId": "38912900256645771732213270959890315888199106151234207804"
    },
    {
        "logStreamName": "2025/04/17/[$LATEST]74fcdb5404184d749ca150314a333b73",
        "timestamp": 1744914795906,
        "message": "[INFO]\t2025-04-17T18:33:15.906Z\t8dad874b-823b-4b03-8d0b-480524d5efe7\tFILE_TRANSFER RequestId: 8dad874b-823b-4b03-8d0b-480524d5efe7\t TransferType: consumed\t Action: download_from_s3\t FileName: tree_ORTHOMCL1_Inner1.nexus\t Bucket: denethor\t FilePath: subtree/tree_ORTHOMCL1_Inner1.nexus\t FilePathLocal: /tmp/subtree\t FileSize: 185 bytes\t TransferDuration: 0 ms\n",
        "ingestionTime": 1744914803321,
        "eventId": "38912900256645771732213270959890315888199106151234207805"
    },
    {
        "logStreamName": "2025/04/17/[$LATEST]74fcdb5404184d749ca150314a333b73",
        "timestamp": 1744914795966,
        "message": "[INFO] 2025-04-17T18:33:15GMT File tree_ORTHOMCL1_Inner2.nexus already exists in local path. Skipping download.\n",
        "ingestionTime": 1744914803321,
        "eventId": "38912900257983816444125108348382458984558007841593032766"
    },
    {
        "logStreamName": "2025/04/17/[$LATEST]74fcdb5404184d749ca150314a333b73",
        "timestamp": 1744914795966,
        "message": "[INFO]\t2025-04-17T18:33:15.965Z\t8dad874b-823b-4b03-8d0b-480524d5efe7\tFile tree_ORTHOMCL1_Inner2.nexus already exists in local path. Skipping download.\n",
        "ingestionTime": 1744914803321,
        "eventId": "38912900257983816444125108348382458984558007841593032767"
    },
    {
        "logStreamName": "2025/04/17/[$LATEST]74fcdb5404184d749ca150314a333b73",
        "timestamp": 1744914795966,
        "message": "[INFO] 2025-04-17T18:33:15GMT FILE_TRANSFER RequestId: 8dad874b-823b-4b03-8d0b-480524d5efe7\t TransferType: consumed\t Action: download_from_s3\t FileName: tree_ORTHOMCL1_Inner2.nexus\t Bucket: denethor\t FilePath: subtree/tree_ORTHOMCL1_Inner2.nexus\t FilePathLocal: /tmp/subtree\t FileSize: 185 bytes\t TransferDuration: 0 ms\n",
        "ingestionTime": 1744914803321,
        "eventId": "38912900257983816444125108348382458984558007841593032768"
    },
    {
        "logStreamName": "2025/04/17/[$LATEST]74fcdb5404184d749ca150314a333b73",
        "timestamp": 1744914795966,
        "message": "[INFO]\t2025-04-17T18:33:15.966Z\t8dad874b-823b-4b03-8d0b-480524d5efe7\tFILE_TRANSFER RequestId: 8dad874b-823b-4b03-8d0b-480524d5efe7\t TransferType: consumed\t Action: download_from_s3\t FileName: tree_ORTHOMCL1_Inner2.nexus\t Bucket: denethor\t FilePath: subtree/tree_ORTHOMCL1_Inner2.nexus\t FilePathLocal: /tmp/subtree\t FileSize: 185 bytes\t TransferDuration: 0 ms\n",
        "ingestionTime": 1744914803321,
        "eventId": "38912900257983816444125108348382458984558007841593032769"
    },
    {
        "logStreamName": "2025/04/17/[$LATEST]74fcdb5404184d749ca150314a333b73",
        "timestamp": 1744914796026,
        "message": "[INFO] 2025-04-17T18:33:16GMT File tree_ORTHOMCL1_Inner3.nexus already exists in local path. Skipping download.\n",
        "ingestionTime": 1744914803321,
        "eventId": "38912900259321861156036945736874602080916909531951857730"
    },
    {
        "logStreamName": "2025/04/17/[$LATEST]74fcdb5404184d749ca150314a333b73",
        "timestamp": 1744914796026,
        "message": "[INFO]\t2025-04-17T18:33:16.025Z\t8dad874b-823b-4b03-8d0b-480524d5efe7\tFile tree_ORTHOMCL1_Inner3.nexus already exists in local path. Skipping download.\n",
        "ingestionTime": 1744914803321,
        "eventId": "38912900259321861156036945736874602080916909531951857731"
    },
    {
        "logStreamName": "2025/04/17/[$LATEST]74fcdb5404184d749ca150314a333b73",
        "timestamp": 1744914796026,
        "message": "[INFO] 2025-04-17T18:33:16GMT FILE_TRANSFER RequestId: 8dad874b-823b-4b03-8d0b-480524d5efe7\t TransferType: consumed\t Action: download_from_s3\t FileName: tree_ORTHOMCL1_Inner3.nexus\t Bucket: denethor\t FilePath: subtree/tree_ORTHOMCL1_Inner3.nexus\t FilePathLocal: /tmp/subtree\t FileSize: 339 bytes\t TransferDuration: 0 ms\n",
        "ingestionTime": 1744914803321,
        "eventId": "38912900259321861156036945736874602080916909531951857732"
    },
    {
        "logStreamName": "2025/04/17/[$LATEST]74fcdb5404184d749ca150314a333b73",
        "timestamp": 1744914796026,
        "message": "[INFO]\t2025-04-17T18:33:16.026Z\t8dad874b-823b-4b03-8d0b-480524d5efe7\tFILE_TRANSFER RequestId: 8dad874b-823b-4b03-8d0b-480524d5efe7\t TransferType: consumed\t Action: download_from_s3\t FileName: tree_ORTHOMCL1_Inner3.nexus\t Bucket: denethor\t FilePath: subtree/tree_ORTHOMCL1_Inner3.nexus\t FilePathLocal: /tmp/subtree\t FileSize: 339 bytes\t TransferDuration: 0 ms\n",
        "ingestionTime": 1744914803321,
        "eventId": "38912900259321861156036945736874602080916909531951857733"
    },
    {
        "logStreamName": "2025/04/17/[$LATEST]74fcdb5404184d749ca150314a333b73",
        "timestamp": 1744914796067,
        "message": "[INFO]\t2025-04-17T18:33:16.067Z\t8dad874b-823b-4b03-8d0b-480524d5efe7\tFile tree_ORTHOMCL256_Inner1.nexus already exists in local path. Skipping download.\n",
        "ingestionTime": 1744914803321,
        "eventId": "38912900260236191709176701285677566530095492353697054790"
    },
    {
        "logStreamName": "2025/04/17/[$LATEST]74fcdb5404184d749ca150314a333b73",
        "timestamp": 1744914796068,
        "message": "[INFO] 2025-04-17T18:33:16GMT File tree_ORTHOMCL256_Inner1.nexus already exists in local path. Skipping download.\n",
        "ingestionTime": 1744914803321,
        "eventId": "38912900260258492454375231908819102248368140715203035207"
    },
    {
        "logStreamName": "2025/04/17/[$LATEST]74fcdb5404184d749ca150314a333b73",
        "timestamp": 1744914796068,
        "message": "[INFO]\t2025-04-17T18:33:16.068Z\t8dad874b-823b-4b03-8d0b-480524d5efe7\tFILE_TRANSFER RequestId: 8dad874b-823b-4b03-8d0b-480524d5efe7\t TransferType: consumed\t Action: download_from_s3\t FileName: tree_ORTHOMCL256_Inner1.nexus\t Bucket: denethor\t FilePath: subtree/tree_ORTHOMCL256_Inner1.nexus\t FilePathLocal: /tmp/subtree\t FileSize: 187 bytes\t TransferDuration: 0 ms\n",
        "ingestionTime": 1744914803321,
        "eventId": "38912900260258492454375231908819102248368140715203035208"
    },
    {
        "logStreamName": "2025/04/17/[$LATEST]74fcdb5404184d749ca150314a333b73",
        "timestamp": 1744914796068,
        "message": "[INFO] 2025-04-17T18:33:16GMT FILE_TRANSFER RequestId: 8dad874b-823b-4b03-8d0b-480524d5efe7\t TransferType: consumed\t Action: download_from_s3\t FileName: tree_ORTHOMCL256_Inner1.nexus\t Bucket: denethor\t FilePath: subtree/tree_ORTHOMCL256_Inner1.nexus\t FilePathLocal: /tmp/subtree\t FileSize: 187 bytes\t TransferDuration: 0 ms\n",
        "ingestionTime": 1744914803321,
        "eventId": "38912900260258492454375231908819102248368140715203035209"
    },
    {
        "logStreamName": "2025/04/17/[$LATEST]74fcdb5404184d749ca150314a333b73",
        "timestamp": 1744914796146,
        "message": "[INFO] 2025-04-17T18:33:16GMT File tree_ORTHOMCL256_Inner2.nexus already exists in local path. Skipping download.\n",
        "ingestionTime": 1744914803321,
        "eventId": "38912900261997950579860620513858888273634712912669507658"
    },
    {
        "logStreamName": "2025/04/17/[$LATEST]74fcdb5404184d749ca150314a333b73",
        "timestamp": 1744914796146,
        "message": "[INFO]\t2025-04-17T18:33:16.145Z\t8dad874b-823b-4b03-8d0b-480524d5efe7\tFile tree_ORTHOMCL256_Inner2.nexus already exists in local path. Skipping download.\n",
        "ingestionTime": 1744914803321,
        "eventId": "38912900261997950579860620513858888273634712912669507659"
    },
    {
        "logStreamName": "2025/04/17/[$LATEST]74fcdb5404184d749ca150314a333b73",
        "timestamp": 1744914796146,
        "message": "[INFO] 2025-04-17T18:33:16GMT FILE_TRANSFER RequestId: 8dad874b-823b-4b03-8d0b-480524d5efe7\t TransferType: consumed\t Action: download_from_s3\t FileName: tree_ORTHOMCL256_Inner2.nexus\t Bucket: denethor\t FilePath: subtree/tree_ORTHOMCL256_Inner2.nexus\t FilePathLocal: /tmp/subtree\t FileSize: 245 bytes\t TransferDuration: 0 ms\n",
        "ingestionTime": 1744914803321,
        "eventId": "38912900261997950579860620513858888273634712912669507660"
    },
    {
        "logStreamName": "2025/04/17/[$LATEST]74fcdb5404184d749ca150314a333b73",
        "timestamp": 1744914796146,
        "message": "[INFO]\t2025-04-17T18:33:16.146Z\t8dad874b-823b-4b03-8d0b-480524d5efe7\tFILE_TRANSFER RequestId: 8dad874b-823b-4b03-8d0b-480524d5efe7\t TransferType: consumed\t Action: download_from_s3\t FileName: tree_ORTHOMCL256_Inner2.nexus\t Bucket: denethor\t FilePath: subtree/tree_ORTHOMCL256_Inner2.nexus\t FilePathLocal: /tmp/subtree\t FileSize: 245 bytes\t TransferDuration: 0 ms\n",
        "ingestionTime": 1744914803321,
        "eventId": "38912900261997950579860620513858888273634712912669507661"
    },
    {
        "logStreamName": "2025/04/17/[$LATEST]74fcdb5404184d749ca150314a333b73",
        "timestamp": 1744914796207,
        "message": "[INFO] 2025-04-17T18:33:16GMT File tree_ORTHOMCL256_Inner3.nexus already exists in local path. Skipping download.\n",
        "ingestionTime": 1744914803321,
        "eventId": "38912900263358296036970988525492567088266262964534313038"
    },
    {
        "logStreamName": "2025/04/17/[$LATEST]74fcdb5404184d749ca150314a333b73",
        "timestamp": 1744914796207,
        "message": "[INFO]\t2025-04-17T18:33:16.207Z\t8dad874b-823b-4b03-8d0b-480524d5efe7\tFile tree_ORTHOMCL256_Inner3.nexus already exists in local path. Skipping download.\n",
        "ingestionTime": 1744914803321,
        "eventId": "38912900263358296036970988525492567088266262964534313039"
    },
    {
        "logStreamName": "2025/04/17/[$LATEST]74fcdb5404184d749ca150314a333b73",
        "timestamp": 1744914796207,
        "message": "[INFO] 2025-04-17T18:33:16GMT FILE_TRANSFER RequestId: 8dad874b-823b-4b03-8d0b-480524d5efe7\t TransferType: consumed\t Action: download_from_s3\t FileName: tree_ORTHOMCL256_Inner3.nexus\t Bucket: denethor\t FilePath: subtree/tree_ORTHOMCL256_Inner3.nexus\t FilePathLocal: /tmp/subtree\t FileSize: 301 bytes\t TransferDuration: 0 ms\n",
        "ingestionTime": 1744914803321,
        "eventId": "38912900263358296036970988525492567088266262964534313040"
    },
    {
        "logStreamName": "2025/04/17/[$LATEST]74fcdb5404184d749ca150314a333b73",
        "timestamp": 1744914796207,
        "message": "[INFO]\t2025-04-17T18:33:16.207Z\t8dad874b-823b-4b03-8d0b-480524d5efe7\tFILE_TRANSFER RequestId: 8dad874b-823b-4b03-8d0b-480524d5efe7\t TransferType: consumed\t Action: download_from_s3\t FileName: tree_ORTHOMCL256_Inner3.nexus\t Bucket: denethor\t FilePath: subtree/tree_ORTHOMCL256_Inner3.nexus\t FilePathLocal: /tmp/subtree\t FileSize: 301 bytes\t TransferDuration: 0 ms\n",
        "ingestionTime": 1744914803321,
        "eventId": "38912900263358296036970988525492567088266262964534313041"
    },
    {
        "logStreamName": "2025/04/17/[$LATEST]74fcdb5404184d749ca150314a333b73",
        "timestamp": 1744914796248,
        "message": "[INFO]\t2025-04-17T18:33:16.248Z\t8dad874b-823b-4b03-8d0b-480524d5efe7\tFile tree_ORTHOMCL256_Inner4.nexus already exists in local path. Skipping download.\n",
        "ingestionTime": 1744914803321,
        "eventId": "38912900264272626590110744074295531537444845786279510098"
    },
    {
        "logStreamName": "2025/04/17/[$LATEST]74fcdb5404184d749ca150314a333b73",
        "timestamp": 1744914796248,
        "message": "[INFO] 2025-04-17T18:33:16GMT File tree_ORTHOMCL256_Inner4.nexus already exists in local path. Skipping download.\n",
        "ingestionTime": 1744914803321,
        "eventId": "38912900264272626590110744074295531537444845786279510099"
    },
    {
        "logStreamName": "2025/04/17/[$LATEST]74fcdb5404184d749ca150314a333b73",
        "timestamp": 1744914796248,
        "message": "[INFO] 2025-04-17T18:33:16GMT FILE_TRANSFER RequestId: 8dad874b-823b-4b03-8d0b-480524d5efe7\t TransferType: consumed\t Action: download_from_s3\t FileName: tree_ORTHOMCL256_Inner4.nexus\t Bucket: denethor\t FilePath: subtree/tree_ORTHOMCL256_Inner4.nexus\t FilePathLocal: /tmp/subtree\t FileSize: 191 bytes\t TransferDuration: 0 ms\n",
        "ingestionTime": 1744914803321,
        "eventId": "38912900264272626590110744074295531537444845786279510100"
    },
    {
        "logStreamName": "2025/04/17/[$LATEST]74fcdb5404184d749ca150314a333b73",
        "timestamp": 1744914796248,
        "message": "[INFO]\t2025-04-17T18:33:16.248Z\t8dad874b-823b-4b03-8d0b-480524d5efe7\tFILE_TRANSFER RequestId: 8dad874b-823b-4b03-8d0b-480524d5efe7\t TransferType: consumed\t Action: download_from_s3\t FileName: tree_ORTHOMCL256_Inner4.nexus\t Bucket: denethor\t FilePath: subtree/tree_ORTHOMCL256_Inner4.nexus\t FilePathLocal: /tmp/subtree\t FileSize: 191 bytes\t TransferDuration: 0 ms\n",
        "ingestionTime": 1744914803321,
        "eventId": "38912900264272626590110744074295531537444845786279510101"
    },
    {
        "logStreamName": "2025/04/17/[$LATEST]74fcdb5404184d749ca150314a333b73",
        "timestamp": 1744914796309,
        "message": "[INFO]\t2025-04-17T18:33:16.309Z\t8dad874b-823b-4b03-8d0b-480524d5efe7\tFile tree_ORTHOMCL256_Inner5.nexus already exists in local path. Skipping download.\n",
        "ingestionTime": 1744914803321,
        "eventId": "38912900265632972047221112085929210352076395838144315478"
    },
    {
        "logStreamName": "2025/04/17/[$LATEST]74fcdb5404184d749ca150314a333b73",
        "timestamp": 1744914796309,
        "message": "[INFO]\t2025-04-17T18:33:16.309Z\t8dad874b-823b-4b03-8d0b-480524d5efe7\tFILE_TRANSFER RequestId: 8dad874b-823b-4b03-8d0b-480524d5efe7\t TransferType: consumed\t Action: download_from_s3\t FileName: tree_ORTHOMCL256_Inner5.nexus\t Bucket: denethor\t FilePath: subtree/tree_ORTHOMCL256_Inner5.nexus\t FilePathLocal: /tmp/subtree\t FileSize: 421 bytes\t TransferDuration: 0 ms\n",
        "ingestionTime": 1744914803321,
        "eventId": "38912900265632972047221112085929210352076395838144315479"
    },
    {
        "logStreamName": "2025/04/17/[$LATEST]74fcdb5404184d749ca150314a333b73",
        "timestamp": 1744914796325,
        "message": "[INFO] 2025-04-17T18:33:16GMT File tree_ORTHOMCL256_Inner5.nexus already exists in local path. Skipping download.\n",
        "ingestionTime": 1744914803321,
        "eventId": "38912900265989783970397602056193781844438769622240002136"
    },
    {
        "logStreamName": "2025/04/17/[$LATEST]74fcdb5404184d749ca150314a333b73",
        "timestamp": 1744914796325,
        "message": "[INFO] 2025-04-17T18:33:16GMT FILE_TRANSFER RequestId: 8dad874b-823b-4b03-8d0b-480524d5efe7\t TransferType: consumed\t Action: download_from_s3\t FileName: tree_ORTHOMCL256_Inner5.nexus\t Bucket: denethor\t FilePath: subtree/tree_ORTHOMCL256_Inner5.nexus\t FilePathLocal: /tmp/subtree\t FileSize: 421 bytes\t TransferDuration: 0 ms\n",
        "ingestionTime": 1744914803321,
        "eventId": "38912900265989783970397602056193781844438769622240002137"
    },
    {
        "logStreamName": "2025/04/17/[$LATEST]74fcdb5404184d749ca150314a333b73",
        "timestamp": 1744914796406,
        "message": "[INFO]\t2025-04-17T18:33:16.405Z\t8dad874b-823b-4b03-8d0b-480524d5efe7\tFile tree_ORTHOMCL256_Inner6.nexus already exists in local path. Skipping download.\n",
        "ingestionTime": 1744914803321,
        "eventId": "38912900267796144331478582530658175024523286904224415834"
    },
    {
        "logStreamName": "2025/04/17/[$LATEST]74fcdb5404184d749ca150314a333b73",
        "timestamp": 1744914796406,
        "message": "[INFO] 2025-04-17T18:33:16GMT File tree_ORTHOMCL256_Inner6.nexus already exists in local path. Skipping download.\n",
        "ingestionTime": 1744914803321,
        "eventId": "38912900267796144331478582530658175024523286904224415835"
    },
    {
        "logStreamName": "2025/04/17/[$LATEST]74fcdb5404184d749ca150314a333b73",
        "timestamp": 1744914796406,
        "message": "[INFO] 2025-04-17T18:33:16GMT FILE_TRANSFER RequestId: 8dad874b-823b-4b03-8d0b-480524d5efe7\t TransferType: consumed\t Action: download_from_s3\t FileName: tree_ORTHOMCL256_Inner6.nexus\t Bucket: denethor\t FilePath: subtree/tree_ORTHOMCL256_Inner6.nexus\t FilePathLocal: /tmp/subtree\t FileSize: 481 bytes\t TransferDuration: 0 ms\n",
        "ingestionTime": 1744914803321,
        "eventId": "38912900267796144331478582530658175024523286904224415836"
    },
    {
        "logStreamName": "2025/04/17/[$LATEST]74fcdb5404184d749ca150314a333b73",
        "timestamp": 1744914796406,
        "message": "[INFO]\t2025-04-17T18:33:16.406Z\t8dad874b-823b-4b03-8d0b-480524d5efe7\tFILE_TRANSFER RequestId: 8dad874b-823b-4b03-8d0b-480524d5efe7\t TransferType: consumed\t Action: download_from_s3\t FileName: tree_ORTHOMCL256_Inner6.nexus\t Bucket: denethor\t FilePath: subtree/tree_ORTHOMCL256_Inner6.nexus\t FilePathLocal: /tmp/subtree\t FileSize: 481 bytes\t TransferDuration: 0 ms\n",
        "ingestionTime": 1744914803321,
        "eventId": "38912900267796144331478582530658175024523286904224415837"
    },
    {
        "logStreamName": "2025/04/17/[$LATEST]74fcdb5404184d749ca150314a333b73",
        "timestamp": 1744914796467,
        "message": "[INFO] 2025-04-17T18:33:16GMT File tree_ORTHOMCL256_Inner7.nexus already exists in local path. Skipping download.\n",
        "ingestionTime": 1744914803321,
        "eventId": "38912900269156489788588950542291853839154836956089221214"
    },
    {
        "logStreamName": "2025/04/17/[$LATEST]74fcdb5404184d749ca150314a333b73",
        "timestamp": 1744914796467,
        "message": "[INFO]\t2025-04-17T18:33:16.467Z\t8dad874b-823b-4b03-8d0b-480524d5efe7\tFile tree_ORTHOMCL256_Inner7.nexus already exists in local path. Skipping download.\n",
        "ingestionTime": 1744914803321,
        "eventId": "38912900269156489788588950542291853839154836956089221215"
    },
    {
        "logStreamName": "2025/04/17/[$LATEST]74fcdb5404184d749ca150314a333b73",
        "timestamp": 1744914796467,
        "message": "[INFO] 2025-04-17T18:33:16GMT FILE_TRANSFER RequestId: 8dad874b-823b-4b03-8d0b-480524d5efe7\t TransferType: consumed\t Action: download_from_s3\t FileName: tree_ORTHOMCL256_Inner7.nexus\t Bucket: denethor\t FilePath: subtree/tree_ORTHOMCL256_Inner7.nexus\t FilePathLocal: /tmp/subtree\t FileSize: 539 bytes\t TransferDuration: 0 ms\n",
        "ingestionTime": 1744914803321,
        "eventId": "38912900269156489788588950542291853839154836956089221216"
    },
    {
        "logStreamName": "2025/04/17/[$LATEST]74fcdb5404184d749ca150314a333b73",
        "timestamp": 1744914796467,
        "message": "[INFO]\t2025-04-17T18:33:16.467Z\t8dad874b-823b-4b03-8d0b-480524d5efe7\tFILE_TRANSFER RequestId: 8dad874b-823b-4b03-8d0b-480524d5efe7\t TransferType: consumed\t Action: download_from_s3\t FileName: tree_ORTHOMCL256_Inner7.nexus\t Bucket: denethor\t FilePath: subtree/tree_ORTHOMCL256_Inner7.nexus\t FilePathLocal: /tmp/subtree\t FileSize: 539 bytes\t TransferDuration: 0 ms\n",
        "ingestionTime": 1744914803321,
        "eventId": "38912900269156489788588950542291853839154836956089221217"
    },
    {
        "logStreamName": "2025/04/17/[$LATEST]74fcdb5404184d749ca150314a333b73",
        "timestamp": 1744914796509,
        "message": "[INFO] 2025-04-17T18:33:16GMT File tree_ORTHOMCL256_Inner8.nexus already exists in local path. Skipping download.\n",
        "ingestionTime": 1744914803321,
        "eventId": "38912900270093121086927236714236354006606068139340398690"
    },
    {
        "logStreamName": "2025/04/17/[$LATEST]74fcdb5404184d749ca150314a333b73",
        "timestamp": 1744914796509,
        "message": "[INFO]\t2025-04-17T18:33:16.508Z\t8dad874b-823b-4b03-8d0b-480524d5efe7\tFile tree_ORTHOMCL256_Inner8.nexus already exists in local path. Skipping download.\n",
        "ingestionTime": 1744914803321,
        "eventId": "38912900270093121086927236714236354006606068139340398691"
    },
    {
        "logStreamName": "2025/04/17/[$LATEST]74fcdb5404184d749ca150314a333b73",
        "timestamp": 1744914796509,
        "message": "[INFO] 2025-04-17T18:33:16GMT FILE_TRANSFER RequestId: 8dad874b-823b-4b03-8d0b-480524d5efe7\t TransferType: consumed\t Action: download_from_s3\t FileName: tree_ORTHOMCL256_Inner8.nexus\t Bucket: denethor\t FilePath: subtree/tree_ORTHOMCL256_Inner8.nexus\t FilePathLocal: /tmp/subtree\t FileSize: 640 bytes\t TransferDuration: 0 ms\n",
        "ingestionTime": 1744914803321,
        "eventId": "38912900270093121086927236714236354006606068139340398692"
    },
    {
        "logStreamName": "2025/04/17/[$LATEST]74fcdb5404184d749ca150314a333b73",
        "timestamp": 1744914796509,
        "message": "[INFO]\t2025-04-17T18:33:16.509Z\t8dad874b-823b-4b03-8d0b-480524d5efe7\tFILE_TRANSFER RequestId: 8dad874b-823b-4b03-8d0b-480524d5efe7\t TransferType: consumed\t Action: download_from_s3\t FileName: tree_ORTHOMCL256_Inner8.nexus\t Bucket: denethor\t FilePath: subtree/tree_ORTHOMCL256_Inner8.nexus\t FilePathLocal: /tmp/subtree\t FileSize: 640 bytes\t TransferDuration: 0 ms\n",
        "ingestionTime": 1744914803321,
        "eventId": "38912900270093121086927236714236354006606068139340398693"
    },
    {
        "logStreamName": "2025/04/17/[$LATEST]74fcdb5404184d749ca150314a333b73",
        "timestamp": 1744914796566,
        "message": "[INFO]\t2025-04-17T18:33:16.565Z\t8dad874b-823b-4b03-8d0b-480524d5efe7\tCONSUMED_FILES_INFO RequestId: 8dad874b-823b-4b03-8d0b-480524d5efe7\t FilesCount: 11 files\t FilesSize: 3714 bytes\t TransferDuration: 0 ms\t ConsumedFiles: ['tree_ORTHOMCL1_Inner1.nexus', 'tree_ORTHOMCL1_Inner2.nexus', 'tree_ORTHOMCL1_Inner3.nexus', 'tree_ORTHOMCL256_Inner1.nexus', 'tree_ORTHOMCL256_Inner2.nexus', 'tree_ORTHOMCL256_Inner3.nexus', 'tree_ORTHOMCL256_Inner4.nexus', 'tree_ORTHOMCL256_Inner5.nexus', 'tree_ORTHOMCL256_Inner6.nexus', 'tree_ORTHOMCL256_Inner7.nexus', 'tree_ORTHOMCL256_Inner8.nexus']\n",
        "ingestionTime": 1744914803321,
        "eventId": "38912900271364263563243482233303889948147024745181282406"
    },
    {
        "logStreamName": "2025/04/17/[$LATEST]74fcdb5404184d749ca150314a333b73",
        "timestamp": 1744914796566,
        "message": "[INFO] 2025-04-17T18:33:16GMT CONSUMED_FILES_INFO RequestId: 8dad874b-823b-4b03-8d0b-480524d5efe7\t FilesCount: 11 files\t FilesSize: 3714 bytes\t TransferDuration: 0 ms\t ConsumedFiles: ['tree_ORTHOMCL1_Inner1.nexus', 'tree_ORTHOMCL1_Inner2.nexus', 'tree_ORTHOMCL1_Inner3.nexus', 'tree_ORTHOMCL256_Inner1.nexus', 'tree_ORTHOMCL256_Inner2.nexus', 'tree_ORTHOMCL256_Inner3.nexus', 'tree_ORTHOMCL256_Inner4.nexus', 'tree_ORTHOMCL256_Inner5.nexus', 'tree_ORTHOMCL256_Inner6.nexus', 'tree_ORTHOMCL256_Inner7.nexus', 'tree_ORTHOMCL256_Inner8.nexus']\n",
        "ingestionTime": 1744914803321,
        "eventId": "38912900271364263563243482233303889948147024745181282407"
    },
    {
        "logStreamName": "2025/04/17/[$LATEST]74fcdb5404184d749ca150314a333b73",
        "timestamp": 1744914796566,
        "message": "subtree_matrix: processing file tree_ORTHOMCL256_Inner1.nexus of ['tree_ORTHOMCL256_Inner1.nexus', 'tree_ORTHOMCL256_Inner2.nexus', 'tree_ORTHOMCL256_Inner3.nexus', 'tree_ORTHOMCL256_Inner4.nexus', 'tree_ORTHOMCL256_Inner5.nexus', 'tree_ORTHOMCL256_Inner6.nexus', 'tree_ORTHOMCL256_Inner7.nexus', 'tree_ORTHOMCL256_Inner8.nexus']\n",
        "ingestionTime": 1744914803321,
        "eventId": "38912900271364263563243482233303889948147024745181282408"
    },
    {
        "logStreamName": "2025/04/17/[$LATEST]74fcdb5404184d749ca150314a333b73",
        "timestamp": 1744914796568,
        "message": "subtree_matrix: processing file tree_ORTHOMCL256_Inner2.nexus of ['tree_ORTHOMCL256_Inner1.nexus', 'tree_ORTHOMCL256_Inner2.nexus', 'tree_ORTHOMCL256_Inner3.nexus', 'tree_ORTHOMCL256_Inner4.nexus', 'tree_ORTHOMCL256_Inner5.nexus', 'tree_ORTHOMCL256_Inner6.nexus', 'tree_ORTHOMCL256_Inner7.nexus', 'tree_ORTHOMCL256_Inner8.nexus']\n",
        "ingestionTime": 1744914803321,
        "eventId": "38912900271408865053640543479586961384692321468193243241"
    },
    {
        "logStreamName": "2025/04/17/[$LATEST]74fcdb5404184d749ca150314a333b73",
        "timestamp": 1744914796607,
        "message": "subtree_matrix: processing file tree_ORTHOMCL256_Inner3.nexus of ['tree_ORTHOMCL256_Inner1.nexus', 'tree_ORTHOMCL256_Inner2.nexus', 'tree_ORTHOMCL256_Inner3.nexus', 'tree_ORTHOMCL256_Inner4.nexus', 'tree_ORTHOMCL256_Inner5.nexus', 'tree_ORTHOMCL256_Inner6.nexus', 'tree_ORTHOMCL256_Inner7.nexus', 'tree_ORTHOMCL256_Inner8.nexus']\n",
        "ingestionTime": 1744914803321,
        "eventId": "38912900272278594116383237782106854397325607566926479466"
    },
    {
        "logStreamName": "2025/04/17/[$LATEST]74fcdb5404184d749ca150314a333b73",
        "timestamp": 1744914796667,
        "message": "subtree_matrix: processing file tree_ORTHOMCL256_Inner4.nexus of ['tree_ORTHOMCL256_Inner1.nexus', 'tree_ORTHOMCL256_Inner2.nexus', 'tree_ORTHOMCL256_Inner3.nexus', 'tree_ORTHOMCL256_Inner4.nexus', 'tree_ORTHOMCL256_Inner5.nexus', 'tree_ORTHOMCL256_Inner6.nexus', 'tree_ORTHOMCL256_Inner7.nexus', 'tree_ORTHOMCL256_Inner8.nexus']\n",
        "ingestionTime": 1744914803321,
        "eventId": "38912900273616638828295075170598997493684509257285304427"
    },
    {
        "logStreamName": "2025/04/17/[$LATEST]74fcdb5404184d749ca150314a333b73",
        "timestamp": 1744914796669,
        "message": "subtree_matrix: processing file tree_ORTHOMCL256_Inner5.nexus of ['tree_ORTHOMCL256_Inner1.nexus', 'tree_ORTHOMCL256_Inner2.nexus', 'tree_ORTHOMCL256_Inner3.nexus', 'tree_ORTHOMCL256_Inner4.nexus', 'tree_ORTHOMCL256_Inner5.nexus', 'tree_ORTHOMCL256_Inner6.nexus', 'tree_ORTHOMCL256_Inner7.nexus', 'tree_ORTHOMCL256_Inner8.nexus']\n",
        "ingestionTime": 1744914803321,
        "eventId": "38912900273661240318692136416882068930229805980297265260"
    },
    {
        "logStreamName": "2025/04/17/[$LATEST]74fcdb5404184d749ca150314a333b73",
        "timestamp": 1744914796708,
        "message": "subtree_matrix: processing file tree_ORTHOMCL256_Inner6.nexus of ['tree_ORTHOMCL256_Inner1.nexus', 'tree_ORTHOMCL256_Inner2.nexus', 'tree_ORTHOMCL256_Inner3.nexus', 'tree_ORTHOMCL256_Inner4.nexus', 'tree_ORTHOMCL256_Inner5.nexus', 'tree_ORTHOMCL256_Inner6.nexus', 'tree_ORTHOMCL256_Inner7.nexus', 'tree_ORTHOMCL256_Inner8.nexus']\n",
        "ingestionTime": 1744914803321,
        "eventId": "38912900274530969381434830719401961942863092079030501485"
    },
    {
        "logStreamName": "2025/04/17/[$LATEST]74fcdb5404184d749ca150314a333b73",
        "timestamp": 1744914796769,
        "message": "subtree_matrix: processing file tree_ORTHOMCL256_Inner7.nexus of ['tree_ORTHOMCL256_Inner1.nexus', 'tree_ORTHOMCL256_Inner2.nexus', 'tree_ORTHOMCL256_Inner3.nexus', 'tree_ORTHOMCL256_Inner4.nexus', 'tree_ORTHOMCL256_Inner5.nexus', 'tree_ORTHOMCL256_Inner6.nexus', 'tree_ORTHOMCL256_Inner7.nexus', 'tree_ORTHOMCL256_Inner8.nexus']\n",
        "ingestionTime": 1744914803321,
        "eventId": "38912900275891314838545198731035640757494642130895306862"
    },
    {
        "logStreamName": "2025/04/17/[$LATEST]74fcdb5404184d749ca150314a333b73",
        "timestamp": 1744914796865,
        "message": "subtree_matrix: processing file tree_ORTHOMCL256_Inner8.nexus of ['tree_ORTHOMCL256_Inner1.nexus', 'tree_ORTHOMCL256_Inner2.nexus', 'tree_ORTHOMCL256_Inner3.nexus', 'tree_ORTHOMCL256_Inner4.nexus', 'tree_ORTHOMCL256_Inner5.nexus', 'tree_ORTHOMCL256_Inner6.nexus', 'tree_ORTHOMCL256_Inner7.nexus', 'tree_ORTHOMCL256_Inner8.nexus']\n",
        "ingestionTime": 1744914803321,
        "eventId": "38912900278032186377604138552623069711668884835469426799"
    },
    {
        "logStreamName": "2025/04/17/[$LATEST]74fcdb5404184d749ca150314a333b73",
        "timestamp": 1744914796907,
        "message": "Tempo de construção do maf_database: 341.42630899998494 milissegundos\n",
        "ingestionTime": 1744914803321,
        "eventId": "38912900278968817675942424724567569879120116018720604272"
    },
    {
        "logStreamName": "2025/04/17/[$LATEST]74fcdb5404184d749ca150314a333b73",
        "timestamp": 1744914796908,
        "message": "[INFO]\t2025-04-17T18:33:16.907Z\t8dad874b-823b-4b03-8d0b-480524d5efe7\tMAF_DATABASE_CREATOR RequestId: 8dad874b-823b-4b03-8d0b-480524d5efe7\t Duration: 341.42630899998494 ms\t InputSubtrees: ['tree_ORTHOMCL256_Inner1.nexus', 'tree_ORTHOMCL256_Inner2.nexus', 'tree_ORTHOMCL256_Inner3.nexus', 'tree_ORTHOMCL256_Inner4.nexus', 'tree_ORTHOMCL256_Inner5.nexus', 'tree_ORTHOMCL256_Inner6.nexus', 'tree_ORTHOMCL256_Inner7.nexus', 'tree_ORTHOMCL256_Inner8.nexus']\t MafDatabaseFile: mafdb_98e1a0698cbb3ad22654b18daf794e4cacd094e1e043d17e253b37083af465ed.json\n",
        "ingestionTime": 1744914803321,
        "eventId": "38912900278991118421140955347709105597392764380226584689"
    },
    {
        "logStreamName": "2025/04/17/[$LATEST]74fcdb5404184d749ca150314a333b73",
        "timestamp": 1744914796908,
        "message": "[INFO] 2025-04-17T18:33:16GMT MAF_DATABASE_CREATOR RequestId: 8dad874b-823b-4b03-8d0b-480524d5efe7\t Duration: 341.42630899998494 ms\t InputSubtrees: ['tree_ORTHOMCL256_Inner1.nexus', 'tree_ORTHOMCL256_Inner2.nexus', 'tree_ORTHOMCL256_Inner3.nexus', 'tree_ORTHOMCL256_Inner4.nexus', 'tree_ORTHOMCL256_Inner5.nexus', 'tree_ORTHOMCL256_Inner6.nexus', 'tree_ORTHOMCL256_Inner7.nexus', 'tree_ORTHOMCL256_Inner8.nexus']\t MafDatabaseFile: mafdb_98e1a0698cbb3ad22654b18daf794e4cacd094e1e043d17e253b37083af465ed.json\n",
        "ingestionTime": 1744914803321,
        "eventId": "38912900278991118421140955347709105597392764380226584690"
    },
    {
        "logStreamName": "2025/04/17/[$LATEST]74fcdb5404184d749ca150314a333b73",
        "timestamp": 1744914797093,
        "message": "FILE_TRANSFER RequestId: 8dad874b-823b-4b03-8d0b-480524d5efe7\t TransferType: produced\t Action: upload_to_s3\t FileName: mafdb_98e1a0698cbb3ad22654b18daf794e4cacd094e1e043d17e253b37083af465ed.json\t Bucket: denethor\t FilePath: mafdb/mafdb_98e1a0698cbb3ad22654b18daf794e4cacd094e1e043d17e253b37083af465ed.json\t LocalFilePath: /tmp/mafdb/mafdb_98e1a0698cbb3ad22654b18daf794e4cacd094e1e043d17e253b37083af465ed.json\t FileSize: 396 bytes\t TransferDuration: 85.32783199996175 ms\n",
        "ingestionTime": 1744914803321,
        "eventId": "38912900283116756282869120628893213477832711258832961651"
    },
    {
        "logStreamName": "2025/04/17/[$LATEST]74fcdb5404184d749ca150314a333b73",
        "timestamp": 1744914797093,
        "message": "PRODUCED_FILES_INFO RequestId: 8dad874b-823b-4b03-8d0b-480524d5efe7\t FilesCount: 1 files\t FilesSize: 396 bytes\t TransferDuration: 85.32783199996175 ms\t Provider: aws_lambda\t  ProducedFiles: ['mafdb_98e1a0698cbb3ad22654b18daf794e4cacd094e1e043d17e253b37083af465ed.json']\n",
        "ingestionTime": 1744914803321,
        "eventId": "38912900283116756282869120628893213477832711258832961652"
    },
    {
        "logStreamName": "2025/04/17/[$LATEST]74fcdb5404184d749ca150314a333b73",
        "timestamp": 1744914797095,
        "message": "END RequestId: 8dad874b-823b-4b03-8d0b-480524d5efe7\n",
        "ingestionTime": 1744914803321,
        "eventId": "38912900283161357773266181875176284914378007981844922485"
    },
    {
        "logStreamName": "2025/04/17/[$LATEST]74fcdb5404184d749ca150314a333b73",
        "timestamp": 1744914797095,
        "message": "REPORT RequestId: 8dad874b-823b-4b03-8d0b-480524d5efe7\tDuration: 1236.62 ms\tBilled Duration: 1237 ms\tMemory Size: 128 MB\tMax Memory Used: 109 MB\t\n",
        "ingestionTime": 1744914803321,
        "eventId": "38912900283161357773266181875176284914378007981844922486"
    }
]