[
    {
        "logStreamName": "2025/04/23/[$LATEST]799610458d84457d8d018c34236f9b07",
        "timestamp": 1745368017857,
        "message": "INIT_START Runtime Version: python:3.10.v64\tRuntime Version ARN: arn:aws:lambda:sa-east-1::runtime:d56bdc8857b2109a058de2ab50bfb80ac2aa600be6f7855a436859944e5fe54b\n",
        "ingestionTime": 1745368025817,
        "eventId": "38923007443893403663567271439639117710704462396481994752"
    },
    {
        "logStreamName": "2025/04/23/[$LATEST]799610458d84457d8d018c34236f9b07",
        "timestamp": 1745368018761,
        "message": "START RequestId: 930dc545-32a0-4d4f-8e37-819b0caae501 Version: $LATEST\n",
        "ingestionTime": 1745368025817,
        "eventId": "38923007464053277323038954759587407029178581197888290817"
    },
    {
        "logStreamName": "2025/04/23/[$LATEST]799610458d84457d8d018c34236f9b07",
        "timestamp": 1745368018762,
        "message": "Directory /tmp/tree was created!\n",
        "ingestionTime": 1745368025817,
        "eventId": "38923007464075578068237485382728942747451229559394271234"
    },
    {
        "logStreamName": "2025/04/23/[$LATEST]799610458d84457d8d018c34236f9b07",
        "timestamp": 1745368018762,
        "message": "Directory /tmp/subtree was created!\n",
        "ingestionTime": 1745368025817,
        "eventId": "38923007464075578068237485382728942747451229559394271235"
    },
    {
        "logStreamName": "2025/04/23/[$LATEST]799610458d84457d8d018c34236f9b07",
        "timestamp": 1745368018846,
        "message": "FILE_TRANSFER RequestId: 930dc545-32a0-4d4f-8e37-819b0caae501\t TransferType: consumed\t Action: download_from_s3\t FileName: tree_ORTHOMCL371.nexus\t Bucket: denethor\t FilePath: tree/tree_ORTHOMCL371.nexus\t LocalFilePath: /tmp/tree/tree_ORTHOMCL371.nexus\t FileSize: 511 bytes\t TransferDuration: 83.91441200001282 ms\n",
        "ingestionTime": 1745368025817,
        "eventId": "38923007465948840664914057726617943082353691925896626180"
    },
    {
        "logStreamName": "2025/04/23/[$LATEST]799610458d84457d8d018c34236f9b07",
        "timestamp": 1745368018846,
        "message": "CONSUMED_FILES_INFO RequestId: 930dc545-32a0-4d4f-8e37-819b0caae501\t FilesCount: 1 files\t FilesSize: 511 bytes\t TransferDuration: 83.91441200001282 ms\t ConsumedFiles: ['tree_ORTHOMCL371.nexus']\n",
        "ingestionTime": 1745368025817,
        "eventId": "38923007465948840664914057726617943082353691925896626181"
    },
    {
        "logStreamName": "2025/04/23/[$LATEST]799610458d84457d8d018c34236f9b07",
        "timestamp": 1745368018846,
        "message": "Reading tree file tree_ORTHOMCL371.nexus\n",
        "ingestionTime": 1745368025817,
        "eventId": "38923007465948840664914057726617943082353691925896626182"
    },
    {
        "logStreamName": "2025/04/23/[$LATEST]799610458d84457d8d018c34236f9b07",
        "timestamp": 1745368018847,
        "message": "Subtree file tree_ORTHOMCL371_Inner6.nexus was created!\n",
        "ingestionTime": 1745368025817,
        "eventId": "38923007465971141410112588349759478800626340287402606599"
    },
    {
        "logStreamName": "2025/04/23/[$LATEST]799610458d84457d8d018c34236f9b07",
        "timestamp": 1745368018848,
        "message": "Subtree file tree_ORTHOMCL371_Inner4.nexus was created!\n",
        "ingestionTime": 1745368025817,
        "eventId": "38923007465993442155311118972901014518898988648908587016"
    },
    {
        "logStreamName": "2025/04/23/[$LATEST]799610458d84457d8d018c34236f9b07",
        "timestamp": 1745368018848,
        "message": "Subtree file tree_ORTHOMCL371_Inner3.nexus was created!\n",
        "ingestionTime": 1745368025817,
        "eventId": "38923007465993442155311118972901014518898988648908587017"
    },
    {
        "logStreamName": "2025/04/23/[$LATEST]799610458d84457d8d018c34236f9b07",
        "timestamp": 1745368018848,
        "message": "Subtree file tree_ORTHOMCL371_Inner1.nexus was created!\n",
        "ingestionTime": 1745368025817,
        "eventId": "38923007465993442155311118972901014518898988648908587018"
    },
    {
        "logStreamName": "2025/04/23/[$LATEST]799610458d84457d8d018c34236f9b07",
        "timestamp": 1745368018848,
        "message": "Subtree file tree_ORTHOMCL371_Inner2.nexus was created!\n",
        "ingestionTime": 1745368025817,
        "eventId": "38923007465993442155311118972901014518898988648908587019"
    },
    {
        "logStreamName": "2025/04/23/[$LATEST]799610458d84457d8d018c34236f9b07",
        "timestamp": 1745368018849,
        "message": "Subtree file tree_ORTHOMCL371_Inner5.nexus was created!\n",
        "ingestionTime": 1745368025817,
        "eventId": "38923007466015742900509649596042550237171637010414567436"
    },
    {
        "logStreamName": "2025/04/23/[$LATEST]799610458d84457d8d018c34236f9b07",
        "timestamp": 1745368018849,
        "message": "Tempo de construção dos arquivos de subárvores de ['tree_ORTHOMCL371.nexus']: 2.650790999950914 milissegundos\n",
        "ingestionTime": 1745368025817,
        "eventId": "38923007466015742900509649596042550237171637010414567437"
    },
    {
        "logStreamName": "2025/04/23/[$LATEST]799610458d84457d8d018c34236f9b07",
        "timestamp": 1745368018849,
        "message": "[INFO] 2025-04-23T00:26:58GMT SUBTREE_CONSTRUCTOR RequestId: 930dc545-32a0-4d4f-8e37-819b0caae501\t Duration: 2.650790999950914 ms\t InputTree: ['tree_ORTHOMCL371.nexus']\t OutputSubtrees: ['tree_ORTHOMCL371_Inner1.nexus', 'tree_ORTHOMCL371_Inner2.nexus', 'tree_ORTHOMCL371_Inner3.nexus', 'tree_ORTHOMCL371_Inner4.nexus', 'tree_ORTHOMCL371_Inner5.nexus', 'tree_ORTHOMCL371_Inner6.nexus']\n",
        "ingestionTime": 1745368025817,
        "eventId": "38923007466015742900509649596042550237171637010414567438"
    },
    {
        "logStreamName": "2025/04/23/[$LATEST]799610458d84457d8d018c34236f9b07",
        "timestamp": 1745368018849,
        "message": "[INFO]\t2025-04-23T00:26:58.849Z\t930dc545-32a0-4d4f-8e37-819b0caae501\tSUBTREE_CONSTRUCTOR RequestId: 930dc545-32a0-4d4f-8e37-819b0caae501\t Duration: 2.650790999950914 ms\t InputTree: ['tree_ORTHOMCL371.nexus']\t OutputSubtrees: ['tree_ORTHOMCL371_Inner1.nexus', 'tree_ORTHOMCL371_Inner2.nexus', 'tree_ORTHOMCL371_Inner3.nexus', 'tree_ORTHOMCL371_Inner4.nexus', 'tree_ORTHOMCL371_Inner5.nexus', 'tree_ORTHOMCL371_Inner6.nexus']\n",
        "ingestionTime": 1745368025817,
        "eventId": "38923007466015742900509649596042550237171637010414567439"
    },
    {
        "logStreamName": "2025/04/23/[$LATEST]799610458d84457d8d018c34236f9b07",
        "timestamp": 1745368018995,
        "message": "FILE_TRANSFER RequestId: 930dc545-32a0-4d4f-8e37-819b0caae501\t TransferType: produced\t Action: upload_to_s3\t FileName: tree_ORTHOMCL371_Inner1.nexus\t Bucket: denethor\t FilePath: subtree/tree_ORTHOMCL371_Inner1.nexus\t LocalFilePath: /tmp/subtree/tree_ORTHOMCL371_Inner1.nexus\t FileSize: 187 bytes\t TransferDuration: 45.411056999910215 ms\n",
        "ingestionTime": 1745368025817,
        "eventId": "38923007469271651699495120574706765104978297790287708176"
    },
    {
        "logStreamName": "2025/04/23/[$LATEST]799610458d84457d8d018c34236f9b07",
        "timestamp": 1745368019033,
        "message": "FILE_TRANSFER RequestId: 930dc545-32a0-4d4f-8e37-819b0caae501\t TransferType: produced\t Action: upload_to_s3\t FileName: tree_ORTHOMCL371_Inner2.nexus\t Bucket: denethor\t FilePath: subtree/tree_ORTHOMCL371_Inner2.nexus\t LocalFilePath: /tmp/subtree/tree_ORTHOMCL371_Inner2.nexus\t FileSize: 183 bytes\t TransferDuration: 38.04358399997909 ms\n",
        "ingestionTime": 1745368025817,
        "eventId": "38923007470119080017039284254085122399338935527514963985"
    },
    {
        "logStreamName": "2025/04/23/[$LATEST]799610458d84457d8d018c34236f9b07",
        "timestamp": 1745368019072,
        "message": "FILE_TRANSFER RequestId: 930dc545-32a0-4d4f-8e37-819b0caae501\t TransferType: produced\t Action: upload_to_s3\t FileName: tree_ORTHOMCL371_Inner3.nexus\t Bucket: denethor\t FilePath: subtree/tree_ORTHOMCL371_Inner3.nexus\t LocalFilePath: /tmp/subtree/tree_ORTHOMCL371_Inner3.nexus\t FileSize: 299 bytes\t TransferDuration: 38.91489500006173 ms\n",
        "ingestionTime": 1745368025817,
        "eventId": "38923007470988809079781978556605015411972221626248200210"
    },
    {
        "logStreamName": "2025/04/23/[$LATEST]799610458d84457d8d018c34236f9b07",
        "timestamp": 1745368019115,
        "message": "FILE_TRANSFER RequestId: 930dc545-32a0-4d4f-8e37-819b0caae501\t TransferType: produced\t Action: upload_to_s3\t FileName: tree_ORTHOMCL371_Inner4.nexus\t Bucket: denethor\t FilePath: subtree/tree_ORTHOMCL371_Inner4.nexus\t LocalFilePath: /tmp/subtree/tree_ORTHOMCL371_Inner4.nexus\t FileSize: 357 bytes\t TransferDuration: 43.261305999976685 ms\n",
        "ingestionTime": 1745368025817,
        "eventId": "38923007471947741123318795351691051297696101171005358099"
    },
    {
        "logStreamName": "2025/04/23/[$LATEST]799610458d84457d8d018c34236f9b07",
        "timestamp": 1745368019154,
        "message": "FILE_TRANSFER RequestId: 930dc545-32a0-4d4f-8e37-819b0caae501\t TransferType: produced\t Action: upload_to_s3\t FileName: tree_ORTHOMCL371_Inner5.nexus\t Bucket: denethor\t FilePath: subtree/tree_ORTHOMCL371_Inner5.nexus\t LocalFilePath: /tmp/subtree/tree_ORTHOMCL371_Inner5.nexus\t FileSize: 185 bytes\t TransferDuration: 38.51719499994033 ms\n",
        "ingestionTime": 1745368025817,
        "eventId": "38923007472817470186061489654210944310329387269738594324"
    },
    {
        "logStreamName": "2025/04/23/[$LATEST]799610458d84457d8d018c34236f9b07",
        "timestamp": 1745368019189,
        "message": "FILE_TRANSFER RequestId: 930dc545-32a0-4d4f-8e37-819b0caae501\t TransferType: produced\t Action: upload_to_s3\t FileName: tree_ORTHOMCL371_Inner6.nexus\t Bucket: denethor\t FilePath: subtree/tree_ORTHOMCL371_Inner6.nexus\t LocalFilePath: /tmp/subtree/tree_ORTHOMCL371_Inner6.nexus\t FileSize: 511 bytes\t TransferDuration: 35.45956400000705 ms\n",
        "ingestionTime": 1745368025817,
        "eventId": "38923007473597996268010061464164694449872079922447908885"
    },
    {
        "logStreamName": "2025/04/23/[$LATEST]799610458d84457d8d018c34236f9b07",
        "timestamp": 1745368019189,
        "message": "PRODUCED_FILES_INFO RequestId: 930dc545-32a0-4d4f-8e37-819b0caae501\t FilesCount: 6 files\t FilesSize: 1722 bytes\t TransferDuration: 239.6076009998751 ms\t Provider: aws_lambda\t  ProducedFiles: ['tree_ORTHOMCL371_Inner1.nexus', 'tree_ORTHOMCL371_Inner2.nexus', 'tree_ORTHOMCL371_Inner3.nexus', 'tree_ORTHOMCL371_Inner4.nexus', 'tree_ORTHOMCL371_Inner5.nexus', 'tree_ORTHOMCL371_Inner6.nexus']\n",
        "ingestionTime": 1745368025817,
        "eventId": "38923007473597996268010061464164694449872079922447908886"
    },
    {
        "logStreamName": "2025/04/23/[$LATEST]799610458d84457d8d018c34236f9b07",
        "timestamp": 1745368019191,
        "message": "END RequestId: 930dc545-32a0-4d4f-8e37-819b0caae501\n",
        "ingestionTime": 1745368025817,
        "eventId": "38923007473642597758407122710447765886417376645459869719"
    },
    {
        "logStreamName": "2025/04/23/[$LATEST]799610458d84457d8d018c34236f9b07",
        "timestamp": 1745368019191,
        "message": "REPORT RequestId: 930dc545-32a0-4d4f-8e37-819b0caae501\tDuration: 429.78 ms\tBilled Duration: 430 ms\tMemory Size: 1024 MB\tMax Memory Used: 111 MB\tInit Duration: 903.13 ms\t\n",
        "ingestionTime": 1745368025817,
        "eventId": "38923007473642597758407122710447765886417376645459869720"
    },
    {
        "logStreamName": "2025/04/23/[$LATEST]799610458d84457d8d018c34236f9b07",
        "timestamp": 1745368019391,
        "message": "START RequestId: b688c477-6097-47fe-9d0b-48c0c92ca548 Version: $LATEST\n",
        "ingestionTime": 1745368025817,
        "eventId": "38923007478102746798113247338754909540947048946655952921"
    },
    {
        "logStreamName": "2025/04/23/[$LATEST]799610458d84457d8d018c34236f9b07",
        "timestamp": 1745368019436,
        "message": "FILE_TRANSFER RequestId: b688c477-6097-47fe-9d0b-48c0c92ca548\t TransferType: consumed\t Action: download_from_s3\t FileName: tree_ORTHOMCL1313.nexus\t Bucket: denethor\t FilePath: tree/tree_ORTHOMCL1313.nexus\t LocalFilePath: /tmp/tree/tree_ORTHOMCL1313.nexus\t FileSize: 357 bytes\t TransferDuration: 44.252677000031326 ms\n",
        "ingestionTime": 1745368025817,
        "eventId": "38923007479106280332047125380124016863216225214425071642"
    },
    {
        "logStreamName": "2025/04/23/[$LATEST]799610458d84457d8d018c34236f9b07",
        "timestamp": 1745368019436,
        "message": "CONSUMED_FILES_INFO RequestId: b688c477-6097-47fe-9d0b-48c0c92ca548\t FilesCount: 1 files\t FilesSize: 357 bytes\t TransferDuration: 44.252677000031326 ms\t ConsumedFiles: ['tree_ORTHOMCL1313.nexus']\n",
        "ingestionTime": 1745368025817,
        "eventId": "38923007479106280332047125380124016863216225214425071643"
    },
    {
        "logStreamName": "2025/04/23/[$LATEST]799610458d84457d8d018c34236f9b07",
        "timestamp": 1745368019436,
        "message": "Reading tree file tree_ORTHOMCL1313.nexus\n",
        "ingestionTime": 1745368025817,
        "eventId": "38923007479106280332047125380124016863216225214425071644"
    },
    {
        "logStreamName": "2025/04/23/[$LATEST]799610458d84457d8d018c34236f9b07",
        "timestamp": 1745368019437,
        "message": "Subtree file tree_ORTHOMCL1313_Inner3.nexus was created!\n",
        "ingestionTime": 1745368025817,
        "eventId": "38923007479128581077245656003265552581488873575931052061"
    },
    {
        "logStreamName": "2025/04/23/[$LATEST]799610458d84457d8d018c34236f9b07",
        "timestamp": 1745368019437,
        "message": "Subtree file tree_ORTHOMCL1313_Inner2.nexus was created!\n",
        "ingestionTime": 1745368025817,
        "eventId": "38923007479128581077245656003265552581488873575931052062"
    },
    {
        "logStreamName": "2025/04/23/[$LATEST]799610458d84457d8d018c34236f9b07",
        "timestamp": 1745368019437,
        "message": "Subtree file tree_ORTHOMCL1313_Inner1.nexus was created!\n",
        "ingestionTime": 1745368025817,
        "eventId": "38923007479128581077245656003265552581488873575931052063"
    },
    {
        "logStreamName": "2025/04/23/[$LATEST]799610458d84457d8d018c34236f9b07",
        "timestamp": 1745368019437,
        "message": "Tempo de construção dos arquivos de subárvores de ['tree_ORTHOMCL1313.nexus']: 1.394120999975712 milissegundos\n",
        "ingestionTime": 1745368025817,
        "eventId": "38923007479128581077245656003265552581488873575931052064"
    },
    {
        "logStreamName": "2025/04/23/[$LATEST]799610458d84457d8d018c34236f9b07",
        "timestamp": 1745368019437,
        "message": "[INFO] 2025-04-23T00:26:59GMT SUBTREE_CONSTRUCTOR RequestId: b688c477-6097-47fe-9d0b-48c0c92ca548\t Duration: 1.394120999975712 ms\t InputTree: ['tree_ORTHOMCL1313.nexus']\t OutputSubtrees: ['tree_ORTHOMCL1313_Inner1.nexus', 'tree_ORTHOMCL1313_Inner2.nexus', 'tree_ORTHOMCL1313_Inner3.nexus']\n",
        "ingestionTime": 1745368025817,
        "eventId": "38923007479128581077245656003265552581488873575931052065"
    },
    {
        "logStreamName": "2025/04/23/[$LATEST]799610458d84457d8d018c34236f9b07",
        "timestamp": 1745368019437,
        "message": "[INFO]\t2025-04-23T00:26:59.437Z\tb688c477-6097-47fe-9d0b-48c0c92ca548\tSUBTREE_CONSTRUCTOR RequestId: b688c477-6097-47fe-9d0b-48c0c92ca548\t Duration: 1.394120999975712 ms\t InputTree: ['tree_ORTHOMCL1313.nexus']\t OutputSubtrees: ['tree_ORTHOMCL1313_Inner1.nexus', 'tree_ORTHOMCL1313_Inner2.nexus', 'tree_ORTHOMCL1313_Inner3.nexus']\n",
        "ingestionTime": 1745368025817,
        "eventId": "38923007479128581077245656003265552581488873575931052066"
    },
    {
        "logStreamName": "2025/04/23/[$LATEST]799610458d84457d8d018c34236f9b07",
        "timestamp": 1745368019578,
        "message": "FILE_TRANSFER RequestId: b688c477-6097-47fe-9d0b-48c0c92ca548\t TransferType: produced\t Action: upload_to_s3\t FileName: tree_ORTHOMCL1313_Inner1.nexus\t Bucket: denethor\t FilePath: subtree/tree_ORTHOMCL1313_Inner1.nexus\t LocalFilePath: /tmp/subtree/tree_ORTHOMCL1313_Inner1.nexus\t FileSize: 193 bytes\t TransferDuration: 40.10131500001535 ms\n",
        "ingestionTime": 1745368025817,
        "eventId": "38923007482272986150238473866222088857932292548274290723"
    },
    {
        "logStreamName": "2025/04/23/[$LATEST]799610458d84457d8d018c34236f9b07",
        "timestamp": 1745368019617,
        "message": "FILE_TRANSFER RequestId: b688c477-6097-47fe-9d0b-48c0c92ca548\t TransferType: produced\t Action: upload_to_s3\t FileName: tree_ORTHOMCL1313_Inner2.nexus\t Bucket: denethor\t FilePath: subtree/tree_ORTHOMCL1313_Inner2.nexus\t LocalFilePath: /tmp/subtree/tree_ORTHOMCL1313_Inner2.nexus\t FileSize: 187 bytes\t TransferDuration: 39.29599399998551 ms\n",
        "ingestionTime": 1745368025817,
        "eventId": "38923007483142715212981168168741981870565578647007526948"
    },
    {
        "logStreamName": "2025/04/23/[$LATEST]799610458d84457d8d018c34236f9b07",
        "timestamp": 1745368019649,
        "message": "FILE_TRANSFER RequestId: b688c477-6097-47fe-9d0b-48c0c92ca548\t TransferType: produced\t Action: upload_to_s3\t FileName: tree_ORTHOMCL1313_Inner3.nexus\t Bucket: denethor\t FilePath: subtree/tree_ORTHOMCL1313_Inner3.nexus\t LocalFilePath: /tmp/subtree/tree_ORTHOMCL1313_Inner3.nexus\t FileSize: 357 bytes\t TransferDuration: 31.503152000027512 ms\n",
        "ingestionTime": 1745368025817,
        "eventId": "38923007483856339059334148109271124855290326215198900261"
    },
    {
        "logStreamName": "2025/04/23/[$LATEST]799610458d84457d8d018c34236f9b07",
        "timestamp": 1745368019649,
        "message": "PRODUCED_FILES_INFO RequestId: b688c477-6097-47fe-9d0b-48c0c92ca548\t FilesCount: 3 files\t FilesSize: 737 bytes\t TransferDuration: 110.90046100002837 ms\t Provider: aws_lambda\t  ProducedFiles: ['tree_ORTHOMCL1313_Inner1.nexus', 'tree_ORTHOMCL1313_Inner2.nexus', 'tree_ORTHOMCL1313_Inner3.nexus']\n",
        "ingestionTime": 1745368025817,
        "eventId": "38923007483856339059334148109271124855290326215198900262"
    },
    {
        "logStreamName": "2025/04/23/[$LATEST]799610458d84457d8d018c34236f9b07",
        "timestamp": 1745368019650,
        "message": "END RequestId: b688c477-6097-47fe-9d0b-48c0c92ca548\n",
        "ingestionTime": 1745368025817,
        "eventId": "38923007483878639804532678732412660573562974576704880679"
    },
    {
        "logStreamName": "2025/04/23/[$LATEST]799610458d84457d8d018c34236f9b07",
        "timestamp": 1745368019650,
        "message": "REPORT RequestId: b688c477-6097-47fe-9d0b-48c0c92ca548\tDuration: 259.13 ms\tBilled Duration: 260 ms\tMemory Size: 1024 MB\tMax Memory Used: 112 MB\t\n",
        "ingestionTime": 1745368025817,
        "eventId": "38923007483878639804532678732412660573562974576704880680"
    }
]