[
    {
        "logStreamName": "2025/04/23/[$LATEST]e7b67c1d11c0411396234fa1f1919d1c",
        "timestamp": 1745367990878,
        "message": "INIT_START Runtime Version: python:3.10.v64\tRuntime Version ARN: arn:aws:lambda:sa-east-1::runtime:d56bdc8857b2109a058de2ab50bfb80ac2aa600be6f7855a436859944e5fe54b\n",
        "ingestionTime": 1745367999999,
        "eventId": "38923006842241598952409589672935315218121957895497973760"
    },
    {
        "logStreamName": "2025/04/23/[$LATEST]e7b67c1d11c0411396234fa1f1919d1c",
        "timestamp": 1745367991688,
        "message": "START RequestId: 139f30f3-ed35-419c-9b56-837c0ba5e4a4 Version: $LATEST\n",
        "ingestionTime": 1745367999999,
        "eventId": "38923006860305202563219394417579247018967130715342110721"
    },
    {
        "logStreamName": "2025/04/23/[$LATEST]e7b67c1d11c0411396234fa1f1919d1c",
        "timestamp": 1745367991689,
        "message": "Directory /tmp/subtree was created!\n",
        "ingestionTime": 1745367999999,
        "eventId": "38923006860327503308417925040720782737239779076848091138"
    },
    {
        "logStreamName": "2025/04/23/[$LATEST]e7b67c1d11c0411396234fa1f1919d1c",
        "timestamp": 1745367991689,
        "message": "Directory /tmp/mafdb was created!\n",
        "ingestionTime": 1745367999999,
        "eventId": "38923006860327503308417925040720782737239779076848091139"
    },
    {
        "logStreamName": "2025/04/23/[$LATEST]e7b67c1d11c0411396234fa1f1919d1c",
        "timestamp": 1745367991700,
        "message": "[INFO] 2025-04-23T00:26:31GMT File tree_ORTHOMCL371_Inner1.nexus already exists in local path. Skipping download.\n",
        "ingestionTime": 1745367999999,
        "eventId": "38923006860572811505601761895277675638238911053413875716"
    },
    {
        "logStreamName": "2025/04/23/[$LATEST]e7b67c1d11c0411396234fa1f1919d1c",
        "timestamp": 1745367991700,
        "message": "[INFO]\t2025-04-23T00:26:31.700Z\t139f30f3-ed35-419c-9b56-837c0ba5e4a4\tFile tree_ORTHOMCL371_Inner1.nexus already exists in local path. Skipping download.\n",
        "ingestionTime": 1745367999999,
        "eventId": "38923006860572811505601761895277675638238911053413875717"
    },
    {
        "logStreamName": "2025/04/23/[$LATEST]e7b67c1d11c0411396234fa1f1919d1c",
        "timestamp": 1745367991701,
        "message": "[INFO] 2025-04-23T00:26:31GMT FILE_TRANSFER RequestId: 139f30f3-ed35-419c-9b56-837c0ba5e4a4\t TransferType: consumed\t Action: download_from_s3\t FileName: tree_ORTHOMCL371_Inner1.nexus\t Bucket: denethor\t FilePath: subtree/tree_ORTHOMCL371_Inner1.nexus\t FilePathLocal: /tmp/subtree\t FileSize: 187 bytes\t TransferDuration: 0 ms\n",
        "ingestionTime": 1745367999999,
        "eventId": "38923006860595112250800292518419211356511559414919856134"
    },
    {
        "logStreamName": "2025/04/23/[$LATEST]e7b67c1d11c0411396234fa1f1919d1c",
        "timestamp": 1745367991701,
        "message": "[INFO]\t2025-04-23T00:26:31.701Z\t139f30f3-ed35-419c-9b56-837c0ba5e4a4\tFILE_TRANSFER RequestId: 139f30f3-ed35-419c-9b56-837c0ba5e4a4\t TransferType: consumed\t Action: download_from_s3\t FileName: tree_ORTHOMCL371_Inner1.nexus\t Bucket: denethor\t FilePath: subtree/tree_ORTHOMCL371_Inner1.nexus\t FilePathLocal: /tmp/subtree\t FileSize: 187 bytes\t TransferDuration: 0 ms\n",
        "ingestionTime": 1745367999999,
        "eventId": "38923006860595112250800292518419211356511559414919856135"
    },
    {
        "logStreamName": "2025/04/23/[$LATEST]e7b67c1d11c0411396234fa1f1919d1c",
        "timestamp": 1745367991705,
        "message": "[INFO] 2025-04-23T00:26:31GMT File tree_ORTHOMCL371_Inner2.nexus already exists in local path. Skipping download.\n",
        "ingestionTime": 1745367999999,
        "eventId": "38923006860684315231594415010985354229602152860943777800"
    },
    {
        "logStreamName": "2025/04/23/[$LATEST]e7b67c1d11c0411396234fa1f1919d1c",
        "timestamp": 1745367991705,
        "message": "[INFO]\t2025-04-23T00:26:31.705Z\t139f30f3-ed35-419c-9b56-837c0ba5e4a4\tFile tree_ORTHOMCL371_Inner2.nexus already exists in local path. Skipping download.\n",
        "ingestionTime": 1745367999999,
        "eventId": "38923006860684315231594415010985354229602152860943777801"
    },
    {
        "logStreamName": "2025/04/23/[$LATEST]e7b67c1d11c0411396234fa1f1919d1c",
        "timestamp": 1745367991718,
        "message": "[INFO] 2025-04-23T00:26:31GMT FILE_TRANSFER RequestId: 139f30f3-ed35-419c-9b56-837c0ba5e4a4\t TransferType: consumed\t Action: download_from_s3\t FileName: tree_ORTHOMCL371_Inner2.nexus\t Bucket: denethor\t FilePath: subtree/tree_ORTHOMCL371_Inner2.nexus\t FilePathLocal: /tmp/subtree\t FileSize: 183 bytes\t TransferDuration: 0 ms\n",
        "ingestionTime": 1745367999999,
        "eventId": "38923006860974224919175313111825318567146581560521523210"
    },
    {
        "logStreamName": "2025/04/23/[$LATEST]e7b67c1d11c0411396234fa1f1919d1c",
        "timestamp": 1745367991718,
        "message": "[INFO]\t2025-04-23T00:26:31.705Z\t139f30f3-ed35-419c-9b56-837c0ba5e4a4\tFILE_TRANSFER RequestId: 139f30f3-ed35-419c-9b56-837c0ba5e4a4\t TransferType: consumed\t Action: download_from_s3\t FileName: tree_ORTHOMCL371_Inner2.nexus\t Bucket: denethor\t FilePath: subtree/tree_ORTHOMCL371_Inner2.nexus\t FilePathLocal: /tmp/subtree\t FileSize: 183 bytes\t TransferDuration: 0 ms\n",
        "ingestionTime": 1745367999999,
        "eventId": "38923006860974224919175313111825318567146581560521523211"
    },
    {
        "logStreamName": "2025/04/23/[$LATEST]e7b67c1d11c0411396234fa1f1919d1c",
        "timestamp": 1745367991739,
        "message": "[INFO] 2025-04-23T00:26:31GMT File tree_ORTHOMCL371_Inner3.nexus already exists in local path. Skipping download.\n",
        "ingestionTime": 1745367999999,
        "eventId": "38923006861442540568344456197797568650872197152147111948"
    },
    {
        "logStreamName": "2025/04/23/[$LATEST]e7b67c1d11c0411396234fa1f1919d1c",
        "timestamp": 1745367991739,
        "message": "[INFO]\t2025-04-23T00:26:31.739Z\t139f30f3-ed35-419c-9b56-837c0ba5e4a4\tFile tree_ORTHOMCL371_Inner3.nexus already exists in local path. Skipping download.\n",
        "ingestionTime": 1745367999999,
        "eventId": "38923006861442540568344456197797568650872197152147111949"
    },
    {
        "logStreamName": "2025/04/23/[$LATEST]e7b67c1d11c0411396234fa1f1919d1c",
        "timestamp": 1745367991739,
        "message": "[INFO] 2025-04-23T00:26:31GMT FILE_TRANSFER RequestId: 139f30f3-ed35-419c-9b56-837c0ba5e4a4\t TransferType: consumed\t Action: download_from_s3\t FileName: tree_ORTHOMCL371_Inner3.nexus\t Bucket: denethor\t FilePath: subtree/tree_ORTHOMCL371_Inner3.nexus\t FilePathLocal: /tmp/subtree\t FileSize: 299 bytes\t TransferDuration: 0 ms\n",
        "ingestionTime": 1745367999999,
        "eventId": "38923006861442540568344456197797568650872197152147111950"
    },
    {
        "logStreamName": "2025/04/23/[$LATEST]e7b67c1d11c0411396234fa1f1919d1c",
        "timestamp": 1745367991739,
        "message": "[INFO]\t2025-04-23T00:26:31.739Z\t139f30f3-ed35-419c-9b56-837c0ba5e4a4\tFILE_TRANSFER RequestId: 139f30f3-ed35-419c-9b56-837c0ba5e4a4\t TransferType: consumed\t Action: download_from_s3\t FileName: tree_ORTHOMCL371_Inner3.nexus\t Bucket: denethor\t FilePath: subtree/tree_ORTHOMCL371_Inner3.nexus\t FilePathLocal: /tmp/subtree\t FileSize: 299 bytes\t TransferDuration: 0 ms\n",
        "ingestionTime": 1745367999999,
        "eventId": "38923006861442540568344456197797568650872197152147111951"
    },
    {
        "logStreamName": "2025/04/23/[$LATEST]e7b67c1d11c0411396234fa1f1919d1c",
        "timestamp": 1745367991744,
        "message": "[INFO] 2025-04-23T00:26:31GMT File tree_ORTHOMCL371_Inner4.nexus already exists in local path. Skipping download.\n",
        "ingestionTime": 1745367999999,
        "eventId": "38923006861554044294337109313505247242235438959677014032"
    },
    {
        "logStreamName": "2025/04/23/[$LATEST]e7b67c1d11c0411396234fa1f1919d1c",
        "timestamp": 1745367991744,
        "message": "[INFO]\t2025-04-23T00:26:31.743Z\t139f30f3-ed35-419c-9b56-837c0ba5e4a4\tFile tree_ORTHOMCL371_Inner4.nexus already exists in local path. Skipping download.\n",
        "ingestionTime": 1745367999999,
        "eventId": "38923006861554044294337109313505247242235438959677014033"
    },
    {
        "logStreamName": "2025/04/23/[$LATEST]e7b67c1d11c0411396234fa1f1919d1c",
        "timestamp": 1745367991744,
        "message": "[INFO] 2025-04-23T00:26:31GMT FILE_TRANSFER RequestId: 139f30f3-ed35-419c-9b56-837c0ba5e4a4\t TransferType: consumed\t Action: download_from_s3\t FileName: tree_ORTHOMCL371_Inner4.nexus\t Bucket: denethor\t FilePath: subtree/tree_ORTHOMCL371_Inner4.nexus\t FilePathLocal: /tmp/subtree\t FileSize: 357 bytes\t TransferDuration: 0 ms\n",
        "ingestionTime": 1745367999999,
        "eventId": "38923006861554044294337109313505247242235438959677014034"
    },
    {
        "logStreamName": "2025/04/23/[$LATEST]e7b67c1d11c0411396234fa1f1919d1c",
        "timestamp": 1745367991744,
        "message": "[INFO]\t2025-04-23T00:26:31.744Z\t139f30f3-ed35-419c-9b56-837c0ba5e4a4\tFILE_TRANSFER RequestId: 139f30f3-ed35-419c-9b56-837c0ba5e4a4\t TransferType: consumed\t Action: download_from_s3\t FileName: tree_ORTHOMCL371_Inner4.nexus\t Bucket: denethor\t FilePath: subtree/tree_ORTHOMCL371_Inner4.nexus\t FilePathLocal: /tmp/subtree\t FileSize: 357 bytes\t TransferDuration: 0 ms\n",
        "ingestionTime": 1745367999999,
        "eventId": "38923006861554044294337109313505247242235438959677014035"
    },
    {
        "logStreamName": "2025/04/23/[$LATEST]e7b67c1d11c0411396234fa1f1919d1c",
        "timestamp": 1745367991760,
        "message": "[INFO] 2025-04-23T00:26:31GMT File tree_ORTHOMCL371_Inner5.nexus already exists in local path. Skipping download.\n",
        "ingestionTime": 1745367999999,
        "eventId": "38923006861910856217513599283769818734597812743772700692"
    },
    {
        "logStreamName": "2025/04/23/[$LATEST]e7b67c1d11c0411396234fa1f1919d1c",
        "timestamp": 1745367991760,
        "message": "[INFO]\t2025-04-23T00:26:31.760Z\t139f30f3-ed35-419c-9b56-837c0ba5e4a4\tFile tree_ORTHOMCL371_Inner5.nexus already exists in local path. Skipping download.\n",
        "ingestionTime": 1745367999999,
        "eventId": "38923006861910856217513599283769818734597812743772700693"
    },
    {
        "logStreamName": "2025/04/23/[$LATEST]e7b67c1d11c0411396234fa1f1919d1c",
        "timestamp": 1745367991760,
        "message": "[INFO] 2025-04-23T00:26:31GMT FILE_TRANSFER RequestId: 139f30f3-ed35-419c-9b56-837c0ba5e4a4\t TransferType: consumed\t Action: download_from_s3\t FileName: tree_ORTHOMCL371_Inner5.nexus\t Bucket: denethor\t FilePath: subtree/tree_ORTHOMCL371_Inner5.nexus\t FilePathLocal: /tmp/subtree\t FileSize: 185 bytes\t TransferDuration: 0 ms\n",
        "ingestionTime": 1745367999999,
        "eventId": "38923006861910856217513599283769818734597812743772700694"
    },
    {
        "logStreamName": "2025/04/23/[$LATEST]e7b67c1d11c0411396234fa1f1919d1c",
        "timestamp": 1745367991760,
        "message": "[INFO]\t2025-04-23T00:26:31.760Z\t139f30f3-ed35-419c-9b56-837c0ba5e4a4\tFILE_TRANSFER RequestId: 139f30f3-ed35-419c-9b56-837c0ba5e4a4\t TransferType: consumed\t Action: download_from_s3\t FileName: tree_ORTHOMCL371_Inner5.nexus\t Bucket: denethor\t FilePath: subtree/tree_ORTHOMCL371_Inner5.nexus\t FilePathLocal: /tmp/subtree\t FileSize: 185 bytes\t TransferDuration: 0 ms\n",
        "ingestionTime": 1745367999999,
        "eventId": "38923006861910856217513599283769818734597812743772700695"
    },
    {
        "logStreamName": "2025/04/23/[$LATEST]e7b67c1d11c0411396234fa1f1919d1c",
        "timestamp": 1745367991778,
        "message": "[INFO] 2025-04-23T00:26:31GMT File tree_ORTHOMCL371_Inner6.nexus already exists in local path. Skipping download.\n",
        "ingestionTime": 1745367999999,
        "eventId": "38923006862312269631087150500317461663505483250880348184"
    },
    {
        "logStreamName": "2025/04/23/[$LATEST]e7b67c1d11c0411396234fa1f1919d1c",
        "timestamp": 1745367991778,
        "message": "[INFO]\t2025-04-23T00:26:31.778Z\t139f30f3-ed35-419c-9b56-837c0ba5e4a4\tFile tree_ORTHOMCL371_Inner6.nexus already exists in local path. Skipping download.\n",
        "ingestionTime": 1745367999999,
        "eventId": "38923006862312269631087150500317461663505483250880348185"
    },
    {
        "logStreamName": "2025/04/23/[$LATEST]e7b67c1d11c0411396234fa1f1919d1c",
        "timestamp": 1745367991778,
        "message": "[INFO] 2025-04-23T00:26:31GMT FILE_TRANSFER RequestId: 139f30f3-ed35-419c-9b56-837c0ba5e4a4\t TransferType: consumed\t Action: download_from_s3\t FileName: tree_ORTHOMCL371_Inner6.nexus\t Bucket: denethor\t FilePath: subtree/tree_ORTHOMCL371_Inner6.nexus\t FilePathLocal: /tmp/subtree\t FileSize: 511 bytes\t TransferDuration: 0 ms\n",
        "ingestionTime": 1745367999999,
        "eventId": "38923006862312269631087150500317461663505483250880348186"
    },
    {
        "logStreamName": "2025/04/23/[$LATEST]e7b67c1d11c0411396234fa1f1919d1c",
        "timestamp": 1745367991778,
        "message": "[INFO]\t2025-04-23T00:26:31.778Z\t139f30f3-ed35-419c-9b56-837c0ba5e4a4\tFILE_TRANSFER RequestId: 139f30f3-ed35-419c-9b56-837c0ba5e4a4\t TransferType: consumed\t Action: download_from_s3\t FileName: tree_ORTHOMCL371_Inner6.nexus\t Bucket: denethor\t FilePath: subtree/tree_ORTHOMCL371_Inner6.nexus\t FilePathLocal: /tmp/subtree\t FileSize: 511 bytes\t TransferDuration: 0 ms\n",
        "ingestionTime": 1745367999999,
        "eventId": "38923006862312269631087150500317461663505483250880348187"
    },
    {
        "logStreamName": "2025/04/23/[$LATEST]e7b67c1d11c0411396234fa1f1919d1c",
        "timestamp": 1745367991799,
        "message": "[INFO] 2025-04-23T00:26:31GMT File tree_ORTHOMCL1313_Inner1.nexus already exists in local path. Skipping download.\n",
        "ingestionTime": 1745367999999,
        "eventId": "38923006862780585280256293586289711747231098842505936924"
    },
    {
        "logStreamName": "2025/04/23/[$LATEST]e7b67c1d11c0411396234fa1f1919d1c",
        "timestamp": 1745367991799,
        "message": "[INFO]\t2025-04-23T00:26:31.799Z\t139f30f3-ed35-419c-9b56-837c0ba5e4a4\tFile tree_ORTHOMCL1313_Inner1.nexus already exists in local path. Skipping download.\n",
        "ingestionTime": 1745367999999,
        "eventId": "38923006862780585280256293586289711747231098842505936925"
    },
    {
        "logStreamName": "2025/04/23/[$LATEST]e7b67c1d11c0411396234fa1f1919d1c",
        "timestamp": 1745367991799,
        "message": "[INFO] 2025-04-23T00:26:31GMT FILE_TRANSFER RequestId: 139f30f3-ed35-419c-9b56-837c0ba5e4a4\t TransferType: consumed\t Action: download_from_s3\t FileName: tree_ORTHOMCL1313_Inner1.nexus\t Bucket: denethor\t FilePath: subtree/tree_ORTHOMCL1313_Inner1.nexus\t FilePathLocal: /tmp/subtree\t FileSize: 193 bytes\t TransferDuration: 0 ms\n",
        "ingestionTime": 1745367999999,
        "eventId": "38923006862780585280256293586289711747231098842505936926"
    },
    {
        "logStreamName": "2025/04/23/[$LATEST]e7b67c1d11c0411396234fa1f1919d1c",
        "timestamp": 1745367991799,
        "message": "[INFO]\t2025-04-23T00:26:31.799Z\t139f30f3-ed35-419c-9b56-837c0ba5e4a4\tFILE_TRANSFER RequestId: 139f30f3-ed35-419c-9b56-837c0ba5e4a4\t TransferType: consumed\t Action: download_from_s3\t FileName: tree_ORTHOMCL1313_Inner1.nexus\t Bucket: denethor\t FilePath: subtree/tree_ORTHOMCL1313_Inner1.nexus\t FilePathLocal: /tmp/subtree\t FileSize: 193 bytes\t TransferDuration: 0 ms\n",
        "ingestionTime": 1745367999999,
        "eventId": "38923006862780585280256293586289711747231098842505936927"
    },
    {
        "logStreamName": "2025/04/23/[$LATEST]e7b67c1d11c0411396234fa1f1919d1c",
        "timestamp": 1745367991804,
        "message": "[INFO] 2025-04-23T00:26:31GMT File tree_ORTHOMCL1313_Inner2.nexus already exists in local path. Skipping download.\n",
        "ingestionTime": 1745367999999,
        "eventId": "38923006862892089006248946701997390338594340650035839008"
    },
    {
        "logStreamName": "2025/04/23/[$LATEST]e7b67c1d11c0411396234fa1f1919d1c",
        "timestamp": 1745367991804,
        "message": "[INFO]\t2025-04-23T00:26:31.804Z\t139f30f3-ed35-419c-9b56-837c0ba5e4a4\tFile tree_ORTHOMCL1313_Inner2.nexus already exists in local path. Skipping download.\n",
        "ingestionTime": 1745367999999,
        "eventId": "38923006862892089006248946701997390338594340650035839009"
    },
    {
        "logStreamName": "2025/04/23/[$LATEST]e7b67c1d11c0411396234fa1f1919d1c",
        "timestamp": 1745367991804,
        "message": "[INFO] 2025-04-23T00:26:31GMT FILE_TRANSFER RequestId: 139f30f3-ed35-419c-9b56-837c0ba5e4a4\t TransferType: consumed\t Action: download_from_s3\t FileName: tree_ORTHOMCL1313_Inner2.nexus\t Bucket: denethor\t FilePath: subtree/tree_ORTHOMCL1313_Inner2.nexus\t FilePathLocal: /tmp/subtree\t FileSize: 187 bytes\t TransferDuration: 0 ms\n",
        "ingestionTime": 1745367999999,
        "eventId": "38923006862892089006248946701997390338594340650035839010"
    },
    {
        "logStreamName": "2025/04/23/[$LATEST]e7b67c1d11c0411396234fa1f1919d1c",
        "timestamp": 1745367991804,
        "message": "[INFO]\t2025-04-23T00:26:31.804Z\t139f30f3-ed35-419c-9b56-837c0ba5e4a4\tFILE_TRANSFER RequestId: 139f30f3-ed35-419c-9b56-837c0ba5e4a4\t TransferType: consumed\t Action: download_from_s3\t FileName: tree_ORTHOMCL1313_Inner2.nexus\t Bucket: denethor\t FilePath: subtree/tree_ORTHOMCL1313_Inner2.nexus\t FilePathLocal: /tmp/subtree\t FileSize: 187 bytes\t TransferDuration: 0 ms\n",
        "ingestionTime": 1745367999999,
        "eventId": "38923006862892089006248946701997390338594340650035839011"
    },
    {
        "logStreamName": "2025/04/23/[$LATEST]e7b67c1d11c0411396234fa1f1919d1c",
        "timestamp": 1745367991821,
        "message": "[INFO] 2025-04-23T00:26:31GMT File tree_ORTHOMCL1313_Inner3.nexus already exists in local path. Skipping download.\n",
        "ingestionTime": 1745367999999,
        "eventId": "38923006863271201674623967295403497549229362795637506084"
    },
    {
        "logStreamName": "2025/04/23/[$LATEST]e7b67c1d11c0411396234fa1f1919d1c",
        "timestamp": 1745367991821,
        "message": "[INFO]\t2025-04-23T00:26:31.821Z\t139f30f3-ed35-419c-9b56-837c0ba5e4a4\tFile tree_ORTHOMCL1313_Inner3.nexus already exists in local path. Skipping download.\n",
        "ingestionTime": 1745367999999,
        "eventId": "38923006863271201674623967295403497549229362795637506085"
    },
    {
        "logStreamName": "2025/04/23/[$LATEST]e7b67c1d11c0411396234fa1f1919d1c",
        "timestamp": 1745367991821,
        "message": "[INFO] 2025-04-23T00:26:31GMT FILE_TRANSFER RequestId: 139f30f3-ed35-419c-9b56-837c0ba5e4a4\t TransferType: consumed\t Action: download_from_s3\t FileName: tree_ORTHOMCL1313_Inner3.nexus\t Bucket: denethor\t FilePath: subtree/tree_ORTHOMCL1313_Inner3.nexus\t FilePathLocal: /tmp/subtree\t FileSize: 357 bytes\t TransferDuration: 0 ms\n",
        "ingestionTime": 1745367999999,
        "eventId": "38923006863271201674623967295403497549229362795637506086"
    },
    {
        "logStreamName": "2025/04/23/[$LATEST]e7b67c1d11c0411396234fa1f1919d1c",
        "timestamp": 1745367991821,
        "message": "[INFO]\t2025-04-23T00:26:31.821Z\t139f30f3-ed35-419c-9b56-837c0ba5e4a4\tFILE_TRANSFER RequestId: 139f30f3-ed35-419c-9b56-837c0ba5e4a4\t TransferType: consumed\t Action: download_from_s3\t FileName: tree_ORTHOMCL1313_Inner3.nexus\t Bucket: denethor\t FilePath: subtree/tree_ORTHOMCL1313_Inner3.nexus\t FilePathLocal: /tmp/subtree\t FileSize: 357 bytes\t TransferDuration: 0 ms\n",
        "ingestionTime": 1745367999999,
        "eventId": "38923006863271201674623967295403497549229362795637506087"
    },
    {
        "logStreamName": "2025/04/23/[$LATEST]e7b67c1d11c0411396234fa1f1919d1c",
        "timestamp": 1745367991838,
        "message": "[INFO]\t2025-04-23T00:26:31.838Z\t139f30f3-ed35-419c-9b56-837c0ba5e4a4\tCONSUMED_FILES_INFO RequestId: 139f30f3-ed35-419c-9b56-837c0ba5e4a4\t FilesCount: 9 files\t FilesSize: 2459 bytes\t TransferDuration: 0 ms\t ConsumedFiles: ['tree_ORTHOMCL371_Inner1.nexus', 'tree_ORTHOMCL371_Inner2.nexus', 'tree_ORTHOMCL371_Inner3.nexus', 'tree_ORTHOMCL371_Inner4.nexus', 'tree_ORTHOMCL371_Inner5.nexus', 'tree_ORTHOMCL371_Inner6.nexus', 'tree_ORTHOMCL1313_Inner1.nexus', 'tree_ORTHOMCL1313_Inner2.nexus', 'tree_ORTHOMCL1313_Inner3.nexus']\n",
        "ingestionTime": 1745367999999,
        "eventId": "38923006863650314342998987888809604759864384941239173160"
    },
    {
        "logStreamName": "2025/04/23/[$LATEST]e7b67c1d11c0411396234fa1f1919d1c",
        "timestamp": 1745367991838,
        "message": "[INFO] 2025-04-23T00:26:31GMT CONSUMED_FILES_INFO RequestId: 139f30f3-ed35-419c-9b56-837c0ba5e4a4\t FilesCount: 9 files\t FilesSize: 2459 bytes\t TransferDuration: 0 ms\t ConsumedFiles: ['tree_ORTHOMCL371_Inner1.nexus', 'tree_ORTHOMCL371_Inner2.nexus', 'tree_ORTHOMCL371_Inner3.nexus', 'tree_ORTHOMCL371_Inner4.nexus', 'tree_ORTHOMCL371_Inner5.nexus', 'tree_ORTHOMCL371_Inner6.nexus', 'tree_ORTHOMCL1313_Inner1.nexus', 'tree_ORTHOMCL1313_Inner2.nexus', 'tree_ORTHOMCL1313_Inner3.nexus']\n",
        "ingestionTime": 1745367999999,
        "eventId": "38923006863650314342998987888809604759864384941239173161"
    },
    {
        "logStreamName": "2025/04/23/[$LATEST]e7b67c1d11c0411396234fa1f1919d1c",
        "timestamp": 1745367991838,
        "message": "subtree_matrix: processing file tree_ORTHOMCL371_Inner1.nexus of ['tree_ORTHOMCL371_Inner1.nexus', 'tree_ORTHOMCL371_Inner2.nexus', 'tree_ORTHOMCL371_Inner3.nexus', 'tree_ORTHOMCL371_Inner4.nexus', 'tree_ORTHOMCL371_Inner5.nexus', 'tree_ORTHOMCL371_Inner6.nexus']\n",
        "ingestionTime": 1745367999999,
        "eventId": "38923006863650314342998987888809604759864384941239173162"
    },
    {
        "logStreamName": "2025/04/23/[$LATEST]e7b67c1d11c0411396234fa1f1919d1c",
        "timestamp": 1745367991841,
        "message": "subtree_matrix: processing file tree_ORTHOMCL371_Inner2.nexus of ['tree_ORTHOMCL371_Inner1.nexus', 'tree_ORTHOMCL371_Inner2.nexus', 'tree_ORTHOMCL371_Inner3.nexus', 'tree_ORTHOMCL371_Inner4.nexus', 'tree_ORTHOMCL371_Inner5.nexus', 'tree_ORTHOMCL371_Inner6.nexus']\n",
        "ingestionTime": 1745367999999,
        "eventId": "38923006863717216578594579758234211914682330025757114411"
    },
    {
        "logStreamName": "2025/04/23/[$LATEST]e7b67c1d11c0411396234fa1f1919d1c",
        "timestamp": 1745367991843,
        "message": "subtree_matrix: processing file tree_ORTHOMCL371_Inner3.nexus of ['tree_ORTHOMCL371_Inner1.nexus', 'tree_ORTHOMCL371_Inner2.nexus', 'tree_ORTHOMCL371_Inner3.nexus', 'tree_ORTHOMCL371_Inner4.nexus', 'tree_ORTHOMCL371_Inner5.nexus', 'tree_ORTHOMCL371_Inner6.nexus']\n",
        "ingestionTime": 1745367999999,
        "eventId": "38923006863761818068991641004517283351227626748769075244"
    },
    {
        "logStreamName": "2025/04/23/[$LATEST]e7b67c1d11c0411396234fa1f1919d1c",
        "timestamp": 1745367991858,
        "message": "subtree_matrix: processing file tree_ORTHOMCL371_Inner4.nexus of ['tree_ORTHOMCL371_Inner1.nexus', 'tree_ORTHOMCL371_Inner2.nexus', 'tree_ORTHOMCL371_Inner3.nexus', 'tree_ORTHOMCL371_Inner4.nexus', 'tree_ORTHOMCL371_Inner5.nexus', 'tree_ORTHOMCL371_Inner6.nexus']\n",
        "ingestionTime": 1745367999999,
        "eventId": "38923006864096329246969600351640319125317352171358781485"
    },
    {
        "logStreamName": "2025/04/23/[$LATEST]e7b67c1d11c0411396234fa1f1919d1c",
        "timestamp": 1745367991861,
        "message": "subtree_matrix: processing file tree_ORTHOMCL371_Inner5.nexus of ['tree_ORTHOMCL371_Inner1.nexus', 'tree_ORTHOMCL371_Inner2.nexus', 'tree_ORTHOMCL371_Inner3.nexus', 'tree_ORTHOMCL371_Inner4.nexus', 'tree_ORTHOMCL371_Inner5.nexus', 'tree_ORTHOMCL371_Inner6.nexus']\n",
        "ingestionTime": 1745367999999,
        "eventId": "38923006864163231482565192221064926280135297255876722734"
    },
    {
        "logStreamName": "2025/04/23/[$LATEST]e7b67c1d11c0411396234fa1f1919d1c",
        "timestamp": 1745367991880,
        "message": "subtree_matrix: processing file tree_ORTHOMCL371_Inner6.nexus of ['tree_ORTHOMCL371_Inner1.nexus', 'tree_ORTHOMCL371_Inner2.nexus', 'tree_ORTHOMCL371_Inner3.nexus', 'tree_ORTHOMCL371_Inner4.nexus', 'tree_ORTHOMCL371_Inner5.nexus', 'tree_ORTHOMCL371_Inner6.nexus']\n",
        "ingestionTime": 1745367999999,
        "eventId": "38923006864586945641337274060754104927315616124490350639"
    },
    {
        "logStreamName": "2025/04/23/[$LATEST]e7b67c1d11c0411396234fa1f1919d1c",
        "timestamp": 1745367991884,
        "message": "Tempo de construção do maf_database: 45.90966499995375 milissegundos\n",
        "ingestionTime": 1745367999999,
        "eventId": "38923006864676148622131396553320247800406209570514272304"
    },
    {
        "logStreamName": "2025/04/23/[$LATEST]e7b67c1d11c0411396234fa1f1919d1c",
        "timestamp": 1745367991884,
        "message": "[INFO] 2025-04-23T00:26:31GMT MAF_DATABASE_CREATOR RequestId: 139f30f3-ed35-419c-9b56-837c0ba5e4a4\t Duration: 45.90966499995375 ms\t InputSubtrees: ['tree_ORTHOMCL371_Inner1.nexus', 'tree_ORTHOMCL371_Inner2.nexus', 'tree_ORTHOMCL371_Inner3.nexus', 'tree_ORTHOMCL371_Inner4.nexus', 'tree_ORTHOMCL371_Inner5.nexus', 'tree_ORTHOMCL371_Inner6.nexus']\t MafDatabaseFile: mafdb_7511017a4e93687a5be47b55aa4c08eff48c283a8153f5e070747057ad693f80.json\n",
        "ingestionTime": 1745367999999,
        "eventId": "38923006864676148622131396553320247800406209570514272305"
    },
    {
        "logStreamName": "2025/04/23/[$LATEST]e7b67c1d11c0411396234fa1f1919d1c",
        "timestamp": 1745367991884,
        "message": "[INFO]\t2025-04-23T00:26:31.884Z\t139f30f3-ed35-419c-9b56-837c0ba5e4a4\tMAF_DATABASE_CREATOR RequestId: 139f30f3-ed35-419c-9b56-837c0ba5e4a4\t Duration: 45.90966499995375 ms\t InputSubtrees: ['tree_ORTHOMCL371_Inner1.nexus', 'tree_ORTHOMCL371_Inner2.nexus', 'tree_ORTHOMCL371_Inner3.nexus', 'tree_ORTHOMCL371_Inner4.nexus', 'tree_ORTHOMCL371_Inner5.nexus', 'tree_ORTHOMCL371_Inner6.nexus']\t MafDatabaseFile: mafdb_7511017a4e93687a5be47b55aa4c08eff48c283a8153f5e070747057ad693f80.json\n",
        "ingestionTime": 1745367999999,
        "eventId": "38923006864676148622131396553320247800406209570514272306"
    },
    {
        "logStreamName": "2025/04/23/[$LATEST]e7b67c1d11c0411396234fa1f1919d1c",
        "timestamp": 1745367992102,
        "message": "FILE_TRANSFER RequestId: 139f30f3-ed35-419c-9b56-837c0ba5e4a4\t TransferType: produced\t Action: upload_to_s3\t FileName: mafdb_7511017a4e93687a5be47b55aa4c08eff48c283a8153f5e070747057ad693f80.json\t Bucket: denethor\t FilePath: mafdb/mafdb_7511017a4e93687a5be47b55aa4c08eff48c283a8153f5e070747057ad693f80.json\t LocalFilePath: /tmp/mafdb/mafdb_7511017a4e93687a5be47b55aa4c08eff48c283a8153f5e070747057ad693f80.json\t FileSize: 314 bytes\t TransferDuration: 116.96504399992591 ms\n",
        "ingestionTime": 1745367999999,
        "eventId": "38923006869537711075411072398175034383843552378818002995"
    },
    {
        "logStreamName": "2025/04/23/[$LATEST]e7b67c1d11c0411396234fa1f1919d1c",
        "timestamp": 1745367992102,
        "message": "PRODUCED_FILES_INFO RequestId: 139f30f3-ed35-419c-9b56-837c0ba5e4a4\t FilesCount: 1 files\t FilesSize: 314 bytes\t TransferDuration: 116.96504399992591 ms\t Provider: aws_lambda\t  ProducedFiles: ['mafdb_7511017a4e93687a5be47b55aa4c08eff48c283a8153f5e070747057ad693f80.json']\n",
        "ingestionTime": 1745367999999,
        "eventId": "38923006869537711075411072398175034383843552378818002996"
    },
    {
        "logStreamName": "2025/04/23/[$LATEST]e7b67c1d11c0411396234fa1f1919d1c",
        "timestamp": 1745367992104,
        "message": "END RequestId: 139f30f3-ed35-419c-9b56-837c0ba5e4a4\n",
        "ingestionTime": 1745367999999,
        "eventId": "38923006869582312565808133644458105820388849101829963829"
    },
    {
        "logStreamName": "2025/04/23/[$LATEST]e7b67c1d11c0411396234fa1f1919d1c",
        "timestamp": 1745367992104,
        "message": "REPORT RequestId: 139f30f3-ed35-419c-9b56-837c0ba5e4a4\tDuration: 415.93 ms\tBilled Duration: 416 ms\tMemory Size: 512 MB\tMax Memory Used: 108 MB\tInit Duration: 809.38 ms\t\n",
        "ingestionTime": 1745367999999,
        "eventId": "38923006869582312565808133644458105820388849101829963830"
    },
    {
        "logStreamName": "2025/04/23/[$LATEST]e7b67c1d11c0411396234fa1f1919d1c",
        "timestamp": 1745367992277,
        "message": "START RequestId: f156caf5-daed-4ef2-bb9b-6c9bc956dd53 Version: $LATEST\n",
        "ingestionTime": 1745367999999,
        "eventId": "38923006873440341485153931447943785081557015642364575799"
    },
    {
        "logStreamName": "2025/04/23/[$LATEST]e7b67c1d11c0411396234fa1f1919d1c",
        "timestamp": 1745367992282,
        "message": "[INFO] 2025-04-23T00:26:32GMT File tree_ORTHOMCL371_Inner1.nexus already exists in local path. Skipping download.\n",
        "ingestionTime": 1745367999999,
        "eventId": "38923006873551845211146584563651463672920257449894477880"
    },
    {
        "logStreamName": "2025/04/23/[$LATEST]e7b67c1d11c0411396234fa1f1919d1c",
        "timestamp": 1745367992282,
        "message": "[INFO]\t2025-04-23T00:26:32.282Z\tf156caf5-daed-4ef2-bb9b-6c9bc956dd53\tFile tree_ORTHOMCL371_Inner1.nexus already exists in local path. Skipping download.\n",
        "ingestionTime": 1745367999999,
        "eventId": "38923006873551845211146584563651463672920257449894477881"
    },
    {
        "logStreamName": "2025/04/23/[$LATEST]e7b67c1d11c0411396234fa1f1919d1c",
        "timestamp": 1745367992282,
        "message": "[INFO] 2025-04-23T00:26:32GMT FILE_TRANSFER RequestId: f156caf5-daed-4ef2-bb9b-6c9bc956dd53\t TransferType: consumed\t Action: download_from_s3\t FileName: tree_ORTHOMCL371_Inner1.nexus\t Bucket: denethor\t FilePath: subtree/tree_ORTHOMCL371_Inner1.nexus\t FilePathLocal: /tmp/subtree\t FileSize: 187 bytes\t TransferDuration: 0 ms\n",
        "ingestionTime": 1745367999999,
        "eventId": "38923006873551845211146584563651463672920257449894477882"
    },
    {
        "logStreamName": "2025/04/23/[$LATEST]e7b67c1d11c0411396234fa1f1919d1c",
        "timestamp": 1745367992282,
        "message": "[INFO]\t2025-04-23T00:26:32.282Z\tf156caf5-daed-4ef2-bb9b-6c9bc956dd53\tFILE_TRANSFER RequestId: f156caf5-daed-4ef2-bb9b-6c9bc956dd53\t TransferType: consumed\t Action: download_from_s3\t FileName: tree_ORTHOMCL371_Inner1.nexus\t Bucket: denethor\t FilePath: subtree/tree_ORTHOMCL371_Inner1.nexus\t FilePathLocal: /tmp/subtree\t FileSize: 187 bytes\t TransferDuration: 0 ms\n",
        "ingestionTime": 1745367999999,
        "eventId": "38923006873551845211146584563651463672920257449894477883"
    },
    {
        "logStreamName": "2025/04/23/[$LATEST]e7b67c1d11c0411396234fa1f1919d1c",
        "timestamp": 1745367992299,
        "message": "[INFO] 2025-04-23T00:26:32GMT File tree_ORTHOMCL371_Inner2.nexus already exists in local path. Skipping download.\n",
        "ingestionTime": 1745367999999,
        "eventId": "38923006873930957879521605157057570883555279595496144956"
    },
    {
        "logStreamName": "2025/04/23/[$LATEST]e7b67c1d11c0411396234fa1f1919d1c",
        "timestamp": 1745367992299,
        "message": "[INFO]\t2025-04-23T00:26:32.298Z\tf156caf5-daed-4ef2-bb9b-6c9bc956dd53\tFile tree_ORTHOMCL371_Inner2.nexus already exists in local path. Skipping download.\n",
        "ingestionTime": 1745367999999,
        "eventId": "38923006873930957879521605157057570883555279595496144957"
    },
    {
        "logStreamName": "2025/04/23/[$LATEST]e7b67c1d11c0411396234fa1f1919d1c",
        "timestamp": 1745367992299,
        "message": "[INFO] 2025-04-23T00:26:32GMT FILE_TRANSFER RequestId: f156caf5-daed-4ef2-bb9b-6c9bc956dd53\t TransferType: consumed\t Action: download_from_s3\t FileName: tree_ORTHOMCL371_Inner2.nexus\t Bucket: denethor\t FilePath: subtree/tree_ORTHOMCL371_Inner2.nexus\t FilePathLocal: /tmp/subtree\t FileSize: 183 bytes\t TransferDuration: 0 ms\n",
        "ingestionTime": 1745367999999,
        "eventId": "38923006873930957879521605157057570883555279595496144958"
    },
    {
        "logStreamName": "2025/04/23/[$LATEST]e7b67c1d11c0411396234fa1f1919d1c",
        "timestamp": 1745367992299,
        "message": "[INFO]\t2025-04-23T00:26:32.299Z\tf156caf5-daed-4ef2-bb9b-6c9bc956dd53\tFILE_TRANSFER RequestId: f156caf5-daed-4ef2-bb9b-6c9bc956dd53\t TransferType: consumed\t Action: download_from_s3\t FileName: tree_ORTHOMCL371_Inner2.nexus\t Bucket: denethor\t FilePath: subtree/tree_ORTHOMCL371_Inner2.nexus\t FilePathLocal: /tmp/subtree\t FileSize: 183 bytes\t TransferDuration: 0 ms\n",
        "ingestionTime": 1745367999999,
        "eventId": "38923006873930957879521605157057570883555279595496144959"
    },
    {
        "logStreamName": "2025/04/23/[$LATEST]e7b67c1d11c0411396234fa1f1919d1c",
        "timestamp": 1745367992320,
        "message": "[INFO] 2025-04-23T00:26:32GMT File tree_ORTHOMCL371_Inner3.nexus already exists in local path. Skipping download.\n",
        "ingestionTime": 1745367999999,
        "eventId": "38923006874399273528690748243029820967280895187121733696"
    },
    {
        "logStreamName": "2025/04/23/[$LATEST]e7b67c1d11c0411396234fa1f1919d1c",
        "timestamp": 1745367992320,
        "message": "[INFO]\t2025-04-23T00:26:32.319Z\tf156caf5-daed-4ef2-bb9b-6c9bc956dd53\tFile tree_ORTHOMCL371_Inner3.nexus already exists in local path. Skipping download.\n",
        "ingestionTime": 1745367999999,
        "eventId": "38923006874399273528690748243029820967280895187121733697"
    },
    {
        "logStreamName": "2025/04/23/[$LATEST]e7b67c1d11c0411396234fa1f1919d1c",
        "timestamp": 1745367992320,
        "message": "[INFO] 2025-04-23T00:26:32GMT FILE_TRANSFER RequestId: f156caf5-daed-4ef2-bb9b-6c9bc956dd53\t TransferType: consumed\t Action: download_from_s3\t FileName: tree_ORTHOMCL371_Inner3.nexus\t Bucket: denethor\t FilePath: subtree/tree_ORTHOMCL371_Inner3.nexus\t FilePathLocal: /tmp/subtree\t FileSize: 299 bytes\t TransferDuration: 0 ms\n",
        "ingestionTime": 1745367999999,
        "eventId": "38923006874399273528690748243029820967280895187121733698"
    },
    {
        "logStreamName": "2025/04/23/[$LATEST]e7b67c1d11c0411396234fa1f1919d1c",
        "timestamp": 1745367992320,
        "message": "[INFO]\t2025-04-23T00:26:32.320Z\tf156caf5-daed-4ef2-bb9b-6c9bc956dd53\tFILE_TRANSFER RequestId: f156caf5-daed-4ef2-bb9b-6c9bc956dd53\t TransferType: consumed\t Action: download_from_s3\t FileName: tree_ORTHOMCL371_Inner3.nexus\t Bucket: denethor\t FilePath: subtree/tree_ORTHOMCL371_Inner3.nexus\t FilePathLocal: /tmp/subtree\t FileSize: 299 bytes\t TransferDuration: 0 ms\n",
        "ingestionTime": 1745367999999,
        "eventId": "38923006874399273528690748243029820967280895187121733699"
    },
    {
        "logStreamName": "2025/04/23/[$LATEST]e7b67c1d11c0411396234fa1f1919d1c",
        "timestamp": 1745367992324,
        "message": "[INFO] 2025-04-23T00:26:32GMT File tree_ORTHOMCL371_Inner4.nexus already exists in local path. Skipping download.\n",
        "ingestionTime": 1745367999999,
        "eventId": "38923006874488476509484870735595963840371488633145655364"
    },
    {
        "logStreamName": "2025/04/23/[$LATEST]e7b67c1d11c0411396234fa1f1919d1c",
        "timestamp": 1745367992324,
        "message": "[INFO]\t2025-04-23T00:26:32.324Z\tf156caf5-daed-4ef2-bb9b-6c9bc956dd53\tFile tree_ORTHOMCL371_Inner4.nexus already exists in local path. Skipping download.\n",
        "ingestionTime": 1745367999999,
        "eventId": "38923006874488476509484870735595963840371488633145655365"
    },
    {
        "logStreamName": "2025/04/23/[$LATEST]e7b67c1d11c0411396234fa1f1919d1c",
        "timestamp": 1745367992324,
        "message": "[INFO] 2025-04-23T00:26:32GMT FILE_TRANSFER RequestId: f156caf5-daed-4ef2-bb9b-6c9bc956dd53\t TransferType: consumed\t Action: download_from_s3\t FileName: tree_ORTHOMCL371_Inner4.nexus\t Bucket: denethor\t FilePath: subtree/tree_ORTHOMCL371_Inner4.nexus\t FilePathLocal: /tmp/subtree\t FileSize: 357 bytes\t TransferDuration: 0 ms\n",
        "ingestionTime": 1745367999999,
        "eventId": "38923006874488476509484870735595963840371488633145655366"
    },
    {
        "logStreamName": "2025/04/23/[$LATEST]e7b67c1d11c0411396234fa1f1919d1c",
        "timestamp": 1745367992324,
        "message": "[INFO]\t2025-04-23T00:26:32.324Z\tf156caf5-daed-4ef2-bb9b-6c9bc956dd53\tFILE_TRANSFER RequestId: f156caf5-daed-4ef2-bb9b-6c9bc956dd53\t TransferType: consumed\t Action: download_from_s3\t FileName: tree_ORTHOMCL371_Inner4.nexus\t Bucket: denethor\t FilePath: subtree/tree_ORTHOMCL371_Inner4.nexus\t FilePathLocal: /tmp/subtree\t FileSize: 357 bytes\t TransferDuration: 0 ms\n",
        "ingestionTime": 1745367999999,
        "eventId": "38923006874488476509484870735595963840371488633145655367"
    },
    {
        "logStreamName": "2025/04/23/[$LATEST]e7b67c1d11c0411396234fa1f1919d1c",
        "timestamp": 1745367992341,
        "message": "[INFO] 2025-04-23T00:26:32GMT File tree_ORTHOMCL371_Inner5.nexus already exists in local path. Skipping download.\n",
        "ingestionTime": 1745367999999,
        "eventId": "38923006874867589177859891329002071051006510778747322440"
    },
    {
        "logStreamName": "2025/04/23/[$LATEST]e7b67c1d11c0411396234fa1f1919d1c",
        "timestamp": 1745367992341,
        "message": "[INFO]\t2025-04-23T00:26:32.341Z\tf156caf5-daed-4ef2-bb9b-6c9bc956dd53\tFile tree_ORTHOMCL371_Inner5.nexus already exists in local path. Skipping download.\n",
        "ingestionTime": 1745367999999,
        "eventId": "38923006874867589177859891329002071051006510778747322441"
    },
    {
        "logStreamName": "2025/04/23/[$LATEST]e7b67c1d11c0411396234fa1f1919d1c",
        "timestamp": 1745367992341,
        "message": "[INFO] 2025-04-23T00:26:32GMT FILE_TRANSFER RequestId: f156caf5-daed-4ef2-bb9b-6c9bc956dd53\t TransferType: consumed\t Action: download_from_s3\t FileName: tree_ORTHOMCL371_Inner5.nexus\t Bucket: denethor\t FilePath: subtree/tree_ORTHOMCL371_Inner5.nexus\t FilePathLocal: /tmp/subtree\t FileSize: 185 bytes\t TransferDuration: 0 ms\n",
        "ingestionTime": 1745367999999,
        "eventId": "38923006874867589177859891329002071051006510778747322442"
    },
    {
        "logStreamName": "2025/04/23/[$LATEST]e7b67c1d11c0411396234fa1f1919d1c",
        "timestamp": 1745367992341,
        "message": "[INFO]\t2025-04-23T00:26:32.341Z\tf156caf5-daed-4ef2-bb9b-6c9bc956dd53\tFILE_TRANSFER RequestId: f156caf5-daed-4ef2-bb9b-6c9bc956dd53\t TransferType: consumed\t Action: download_from_s3\t FileName: tree_ORTHOMCL371_Inner5.nexus\t Bucket: denethor\t FilePath: subtree/tree_ORTHOMCL371_Inner5.nexus\t FilePathLocal: /tmp/subtree\t FileSize: 185 bytes\t TransferDuration: 0 ms\n",
        "ingestionTime": 1745367999999,
        "eventId": "38923006874867589177859891329002071051006510778747322443"
    },
    {
        "logStreamName": "2025/04/23/[$LATEST]e7b67c1d11c0411396234fa1f1919d1c",
        "timestamp": 1745367992362,
        "message": "[INFO] 2025-04-23T00:26:32GMT File tree_ORTHOMCL371_Inner6.nexus already exists in local path. Skipping download.\n",
        "ingestionTime": 1745367999999,
        "eventId": "38923006875335904827029034414974321134732126370372911180"
    },
    {
        "logStreamName": "2025/04/23/[$LATEST]e7b67c1d11c0411396234fa1f1919d1c",
        "timestamp": 1745367992362,
        "message": "[INFO]\t2025-04-23T00:26:32.362Z\tf156caf5-daed-4ef2-bb9b-6c9bc956dd53\tFile tree_ORTHOMCL371_Inner6.nexus already exists in local path. Skipping download.\n",
        "ingestionTime": 1745367999999,
        "eventId": "38923006875335904827029034414974321134732126370372911181"
    },
    {
        "logStreamName": "2025/04/23/[$LATEST]e7b67c1d11c0411396234fa1f1919d1c",
        "timestamp": 1745367992362,
        "message": "[INFO] 2025-04-23T00:26:32GMT FILE_TRANSFER RequestId: f156caf5-daed-4ef2-bb9b-6c9bc956dd53\t TransferType: consumed\t Action: download_from_s3\t FileName: tree_ORTHOMCL371_Inner6.nexus\t Bucket: denethor\t FilePath: subtree/tree_ORTHOMCL371_Inner6.nexus\t FilePathLocal: /tmp/subtree\t FileSize: 511 bytes\t TransferDuration: 0 ms\n",
        "ingestionTime": 1745367999999,
        "eventId": "38923006875335904827029034414974321134732126370372911182"
    },
    {
        "logStreamName": "2025/04/23/[$LATEST]e7b67c1d11c0411396234fa1f1919d1c",
        "timestamp": 1745367992362,
        "message": "[INFO]\t2025-04-23T00:26:32.362Z\tf156caf5-daed-4ef2-bb9b-6c9bc956dd53\tFILE_TRANSFER RequestId: f156caf5-daed-4ef2-bb9b-6c9bc956dd53\t TransferType: consumed\t Action: download_from_s3\t FileName: tree_ORTHOMCL371_Inner6.nexus\t Bucket: denethor\t FilePath: subtree/tree_ORTHOMCL371_Inner6.nexus\t FilePathLocal: /tmp/subtree\t FileSize: 511 bytes\t TransferDuration: 0 ms\n",
        "ingestionTime": 1745367999999,
        "eventId": "38923006875335904827029034414974321134732126370372911183"
    },
    {
        "logStreamName": "2025/04/23/[$LATEST]e7b67c1d11c0411396234fa1f1919d1c",
        "timestamp": 1745367992378,
        "message": "[INFO] 2025-04-23T00:26:32GMT File tree_ORTHOMCL1313_Inner1.nexus already exists in local path. Skipping download.\n",
        "ingestionTime": 1745367999999,
        "eventId": "38923006875692716750205524385238892627094500154468597840"
    },
    {
        "logStreamName": "2025/04/23/[$LATEST]e7b67c1d11c0411396234fa1f1919d1c",
        "timestamp": 1745367992378,
        "message": "[INFO]\t2025-04-23T00:26:32.378Z\tf156caf5-daed-4ef2-bb9b-6c9bc956dd53\tFile tree_ORTHOMCL1313_Inner1.nexus already exists in local path. Skipping download.\n",
        "ingestionTime": 1745367999999,
        "eventId": "38923006875692716750205524385238892627094500154468597841"
    },
    {
        "logStreamName": "2025/04/23/[$LATEST]e7b67c1d11c0411396234fa1f1919d1c",
        "timestamp": 1745367992378,
        "message": "[INFO] 2025-04-23T00:26:32GMT FILE_TRANSFER RequestId: f156caf5-daed-4ef2-bb9b-6c9bc956dd53\t TransferType: consumed\t Action: download_from_s3\t FileName: tree_ORTHOMCL1313_Inner1.nexus\t Bucket: denethor\t FilePath: subtree/tree_ORTHOMCL1313_Inner1.nexus\t FilePathLocal: /tmp/subtree\t FileSize: 193 bytes\t TransferDuration: 0 ms\n",
        "ingestionTime": 1745367999999,
        "eventId": "38923006875692716750205524385238892627094500154468597842"
    },
    {
        "logStreamName": "2025/04/23/[$LATEST]e7b67c1d11c0411396234fa1f1919d1c",
        "timestamp": 1745367992378,
        "message": "[INFO]\t2025-04-23T00:26:32.378Z\tf156caf5-daed-4ef2-bb9b-6c9bc956dd53\tFILE_TRANSFER RequestId: f156caf5-daed-4ef2-bb9b-6c9bc956dd53\t TransferType: consumed\t Action: download_from_s3\t FileName: tree_ORTHOMCL1313_Inner1.nexus\t Bucket: denethor\t FilePath: subtree/tree_ORTHOMCL1313_Inner1.nexus\t FilePathLocal: /tmp/subtree\t FileSize: 193 bytes\t TransferDuration: 0 ms\n",
        "ingestionTime": 1745367999999,
        "eventId": "38923006875692716750205524385238892627094500154468597843"
    },
    {
        "logStreamName": "2025/04/23/[$LATEST]e7b67c1d11c0411396234fa1f1919d1c",
        "timestamp": 1745367992399,
        "message": "[INFO] 2025-04-23T00:26:32GMT File tree_ORTHOMCL1313_Inner2.nexus already exists in local path. Skipping download.\n",
        "ingestionTime": 1745367999999,
        "eventId": "38923006876161032399374667471211142710820115746094186580"
    },
    {
        "logStreamName": "2025/04/23/[$LATEST]e7b67c1d11c0411396234fa1f1919d1c",
        "timestamp": 1745367992399,
        "message": "[INFO]\t2025-04-23T00:26:32.399Z\tf156caf5-daed-4ef2-bb9b-6c9bc956dd53\tFile tree_ORTHOMCL1313_Inner2.nexus already exists in local path. Skipping download.\n",
        "ingestionTime": 1745367999999,
        "eventId": "38923006876161032399374667471211142710820115746094186581"
    },
    {
        "logStreamName": "2025/04/23/[$LATEST]e7b67c1d11c0411396234fa1f1919d1c",
        "timestamp": 1745367992399,
        "message": "[INFO] 2025-04-23T00:26:32GMT FILE_TRANSFER RequestId: f156caf5-daed-4ef2-bb9b-6c9bc956dd53\t TransferType: consumed\t Action: download_from_s3\t FileName: tree_ORTHOMCL1313_Inner2.nexus\t Bucket: denethor\t FilePath: subtree/tree_ORTHOMCL1313_Inner2.nexus\t FilePathLocal: /tmp/subtree\t FileSize: 187 bytes\t TransferDuration: 0 ms\n",
        "ingestionTime": 1745367999999,
        "eventId": "38923006876161032399374667471211142710820115746094186582"
    },
    {
        "logStreamName": "2025/04/23/[$LATEST]e7b67c1d11c0411396234fa1f1919d1c",
        "timestamp": 1745367992399,
        "message": "[INFO]\t2025-04-23T00:26:32.399Z\tf156caf5-daed-4ef2-bb9b-6c9bc956dd53\tFILE_TRANSFER RequestId: f156caf5-daed-4ef2-bb9b-6c9bc956dd53\t TransferType: consumed\t Action: download_from_s3\t FileName: tree_ORTHOMCL1313_Inner2.nexus\t Bucket: denethor\t FilePath: subtree/tree_ORTHOMCL1313_Inner2.nexus\t FilePathLocal: /tmp/subtree\t FileSize: 187 bytes\t TransferDuration: 0 ms\n",
        "ingestionTime": 1745367999999,
        "eventId": "38923006876161032399374667471211142710820115746094186583"
    },
    {
        "logStreamName": "2025/04/23/[$LATEST]e7b67c1d11c0411396234fa1f1919d1c",
        "timestamp": 1745367992404,
        "message": "[INFO] 2025-04-23T00:26:32GMT File tree_ORTHOMCL1313_Inner3.nexus already exists in local path. Skipping download.\n",
        "ingestionTime": 1745367999999,
        "eventId": "38923006876272536125367320586918821302183357553624088664"
    },
    {
        "logStreamName": "2025/04/23/[$LATEST]e7b67c1d11c0411396234fa1f1919d1c",
        "timestamp": 1745367992404,
        "message": "[INFO]\t2025-04-23T00:26:32.404Z\tf156caf5-daed-4ef2-bb9b-6c9bc956dd53\tFile tree_ORTHOMCL1313_Inner3.nexus already exists in local path. Skipping download.\n",
        "ingestionTime": 1745367999999,
        "eventId": "38923006876272536125367320586918821302183357553624088665"
    },
    {
        "logStreamName": "2025/04/23/[$LATEST]e7b67c1d11c0411396234fa1f1919d1c",
        "timestamp": 1745367992404,
        "message": "[INFO] 2025-04-23T00:26:32GMT FILE_TRANSFER RequestId: f156caf5-daed-4ef2-bb9b-6c9bc956dd53\t TransferType: consumed\t Action: download_from_s3\t FileName: tree_ORTHOMCL1313_Inner3.nexus\t Bucket: denethor\t FilePath: subtree/tree_ORTHOMCL1313_Inner3.nexus\t FilePathLocal: /tmp/subtree\t FileSize: 357 bytes\t TransferDuration: 0 ms\n",
        "ingestionTime": 1745367999999,
        "eventId": "38923006876272536125367320586918821302183357553624088666"
    },
    {
        "logStreamName": "2025/04/23/[$LATEST]e7b67c1d11c0411396234fa1f1919d1c",
        "timestamp": 1745367992404,
        "message": "[INFO]\t2025-04-23T00:26:32.404Z\tf156caf5-daed-4ef2-bb9b-6c9bc956dd53\tFILE_TRANSFER RequestId: f156caf5-daed-4ef2-bb9b-6c9bc956dd53\t TransferType: consumed\t Action: download_from_s3\t FileName: tree_ORTHOMCL1313_Inner3.nexus\t Bucket: denethor\t FilePath: subtree/tree_ORTHOMCL1313_Inner3.nexus\t FilePathLocal: /tmp/subtree\t FileSize: 357 bytes\t TransferDuration: 0 ms\n",
        "ingestionTime": 1745367999999,
        "eventId": "38923006876272536125367320586918821302183357553624088667"
    },
    {
        "logStreamName": "2025/04/23/[$LATEST]e7b67c1d11c0411396234fa1f1919d1c",
        "timestamp": 1745367992404,
        "message": "[INFO] 2025-04-23T00:26:32GMT CONSUMED_FILES_INFO RequestId: f156caf5-daed-4ef2-bb9b-6c9bc956dd53\t FilesCount: 9 files\t FilesSize: 2459 bytes\t TransferDuration: 0 ms\t ConsumedFiles: ['tree_ORTHOMCL371_Inner1.nexus', 'tree_ORTHOMCL371_Inner2.nexus', 'tree_ORTHOMCL371_Inner3.nexus', 'tree_ORTHOMCL371_Inner4.nexus', 'tree_ORTHOMCL371_Inner5.nexus', 'tree_ORTHOMCL371_Inner6.nexus', 'tree_ORTHOMCL1313_Inner1.nexus', 'tree_ORTHOMCL1313_Inner2.nexus', 'tree_ORTHOMCL1313_Inner3.nexus']\n",
        "ingestionTime": 1745367999999,
        "eventId": "38923006876272536125367320586918821302183357553624088668"
    },
    {
        "logStreamName": "2025/04/23/[$LATEST]e7b67c1d11c0411396234fa1f1919d1c",
        "timestamp": 1745367992404,
        "message": "[INFO]\t2025-04-23T00:26:32.404Z\tf156caf5-daed-4ef2-bb9b-6c9bc956dd53\tCONSUMED_FILES_INFO RequestId: f156caf5-daed-4ef2-bb9b-6c9bc956dd53\t FilesCount: 9 files\t FilesSize: 2459 bytes\t TransferDuration: 0 ms\t ConsumedFiles: ['tree_ORTHOMCL371_Inner1.nexus', 'tree_ORTHOMCL371_Inner2.nexus', 'tree_ORTHOMCL371_Inner3.nexus', 'tree_ORTHOMCL371_Inner4.nexus', 'tree_ORTHOMCL371_Inner5.nexus', 'tree_ORTHOMCL371_Inner6.nexus', 'tree_ORTHOMCL1313_Inner1.nexus', 'tree_ORTHOMCL1313_Inner2.nexus', 'tree_ORTHOMCL1313_Inner3.nexus']\n",
        "ingestionTime": 1745367999999,
        "eventId": "38923006876272536125367320586918821302183357553624088669"
    },
    {
        "logStreamName": "2025/04/23/[$LATEST]e7b67c1d11c0411396234fa1f1919d1c",
        "timestamp": 1745367992404,
        "message": "subtree_matrix: processing file tree_ORTHOMCL1313_Inner1.nexus of ['tree_ORTHOMCL1313_Inner1.nexus', 'tree_ORTHOMCL1313_Inner2.nexus', 'tree_ORTHOMCL1313_Inner3.nexus']\n",
        "ingestionTime": 1745367999999,
        "eventId": "38923006876272536125367320586918821302183357553624088670"
    },
    {
        "logStreamName": "2025/04/23/[$LATEST]e7b67c1d11c0411396234fa1f1919d1c",
        "timestamp": 1745367992438,
        "message": "subtree_matrix: processing file tree_ORTHOMCL1313_Inner2.nexus of ['tree_ORTHOMCL1313_Inner1.nexus', 'tree_ORTHOMCL1313_Inner2.nexus', 'tree_ORTHOMCL1313_Inner3.nexus']\n",
        "ingestionTime": 1745367999999,
        "eventId": "38923006877030761462117361773731035723453401844827422815"
    },
    {
        "logStreamName": "2025/04/23/[$LATEST]e7b67c1d11c0411396234fa1f1919d1c",
        "timestamp": 1745367992443,
        "message": "subtree_matrix: processing file tree_ORTHOMCL1313_Inner3.nexus of ['tree_ORTHOMCL1313_Inner1.nexus', 'tree_ORTHOMCL1313_Inner2.nexus', 'tree_ORTHOMCL1313_Inner3.nexus']\n",
        "ingestionTime": 1745367999999,
        "eventId": "38923006877142265188110014889438714314816643652357324896"
    },
    {
        "logStreamName": "2025/04/23/[$LATEST]e7b67c1d11c0411396234fa1f1919d1c",
        "timestamp": 1745367992478,
        "message": "Tempo de construção do maf_database: 74.01876400012952 milissegundos\n",
        "ingestionTime": 1745367999999,
        "eventId": "38923006877922791270058586699392464454359336305066639457"
    },
    {
        "logStreamName": "2025/04/23/[$LATEST]e7b67c1d11c0411396234fa1f1919d1c",
        "timestamp": 1745367992479,
        "message": "[INFO]\t2025-04-23T00:26:32.479Z\tf156caf5-daed-4ef2-bb9b-6c9bc956dd53\tMAF_DATABASE_CREATOR RequestId: f156caf5-daed-4ef2-bb9b-6c9bc956dd53\t Duration: 74.01876400012952 ms\t InputSubtrees: ['tree_ORTHOMCL1313_Inner1.nexus', 'tree_ORTHOMCL1313_Inner2.nexus', 'tree_ORTHOMCL1313_Inner3.nexus']\t MafDatabaseFile: mafdb_d06e3b801f2ea82c2fcf1d5351d548e113546140f3671f10dfee7f0d1ee60d60.json\n",
        "ingestionTime": 1745367999999,
        "eventId": "38923006877945092015257117322534000172631984666572619874"
    },
    {
        "logStreamName": "2025/04/23/[$LATEST]e7b67c1d11c0411396234fa1f1919d1c",
        "timestamp": 1745367992479,
        "message": "[INFO] 2025-04-23T00:26:32GMT MAF_DATABASE_CREATOR RequestId: f156caf5-daed-4ef2-bb9b-6c9bc956dd53\t Duration: 74.01876400012952 ms\t InputSubtrees: ['tree_ORTHOMCL1313_Inner1.nexus', 'tree_ORTHOMCL1313_Inner2.nexus', 'tree_ORTHOMCL1313_Inner3.nexus']\t MafDatabaseFile: mafdb_d06e3b801f2ea82c2fcf1d5351d548e113546140f3671f10dfee7f0d1ee60d60.json\n",
        "ingestionTime": 1745367999999,
        "eventId": "38923006877945092015257117322534000172631984666572619875"
    },
    {
        "logStreamName": "2025/04/23/[$LATEST]e7b67c1d11c0411396234fa1f1919d1c",
        "timestamp": 1745367992617,
        "message": "FILE_TRANSFER RequestId: f156caf5-daed-4ef2-bb9b-6c9bc956dd53\t TransferType: produced\t Action: upload_to_s3\t FileName: mafdb_d06e3b801f2ea82c2fcf1d5351d548e113546140f3671f10dfee7f0d1ee60d60.json\t Bucket: denethor\t FilePath: mafdb/mafdb_d06e3b801f2ea82c2fcf1d5351d548e113546140f3671f10dfee7f0d1ee60d60.json\t LocalFilePath: /tmp/mafdb/mafdb_d06e3b801f2ea82c2fcf1d5351d548e113546140f3671f10dfee7f0d1ee60d60.json\t FileSize: 194 bytes\t TransferDuration: 37.42896200014911 ms\n",
        "ingestionTime": 1745367999999,
        "eventId": "38923006881022594852654343316065929294257458554397917284"
    },
    {
        "logStreamName": "2025/04/23/[$LATEST]e7b67c1d11c0411396234fa1f1919d1c",
        "timestamp": 1745367992617,
        "message": "PRODUCED_FILES_INFO RequestId: f156caf5-daed-4ef2-bb9b-6c9bc956dd53\t FilesCount: 1 files\t FilesSize: 194 bytes\t TransferDuration: 37.42896200014911 ms\t Provider: aws_lambda\t  ProducedFiles: ['mafdb_d06e3b801f2ea82c2fcf1d5351d548e113546140f3671f10dfee7f0d1ee60d60.json']\n",
        "ingestionTime": 1745367999999,
        "eventId": "38923006881022594852654343316065929294257458554397917285"
    },
    {
        "logStreamName": "2025/04/23/[$LATEST]e7b67c1d11c0411396234fa1f1919d1c",
        "timestamp": 1745367992618,
        "message": "END RequestId: f156caf5-daed-4ef2-bb9b-6c9bc956dd53\n",
        "ingestionTime": 1745367999999,
        "eventId": "38923006881044895597852873939207465012530106915903897702"
    },
    {
        "logStreamName": "2025/04/23/[$LATEST]e7b67c1d11c0411396234fa1f1919d1c",
        "timestamp": 1745367992618,
        "message": "REPORT RequestId: f156caf5-daed-4ef2-bb9b-6c9bc956dd53\tDuration: 340.66 ms\tBilled Duration: 341 ms\tMemory Size: 512 MB\tMax Memory Used: 109 MB\t\n",
        "ingestionTime": 1745367999999,
        "eventId": "38923006881044895597852873939207465012530106915903897703"
    }
]