[
    {
        "logStreamName": "2025/04/23/[$LATEST]3d05983a7d5c455f968b14472cbea651",
        "timestamp": 1745368880953,
        "message": "INIT_START Runtime Version: python:3.10.v64\tRuntime Version ARN: arn:aws:lambda:sa-east-1::runtime:d56bdc8857b2109a058de2ab50bfb80ac2aa600be6f7855a436859944e5fe54b\n",
        "ingestionTime": 1745368884091,
        "eventId": "38923026691577381534553983444140932307802003082914627584"
    },
    {
        "logStreamName": "2025/04/23/[$LATEST]3d05983a7d5c455f968b14472cbea651",
        "timestamp": 1745368881764,
        "message": "START RequestId: 3894c190-b1a6-410a-b32a-dbd9deb2fe93 Version: $LATEST\n",
        "ingestionTime": 1745368884091,
        "eventId": "38923026709663285890562318811926399826919824264264744961"
    },
    {
        "logStreamName": "2025/04/23/[$LATEST]3d05983a7d5c455f968b14472cbea651",
        "timestamp": 1745368881765,
        "message": "Directory /tmp/mafdb was created!\n",
        "ingestionTime": 1745368884091,
        "eventId": "38923026709685586635760849435067935545192472625770725378"
    },
    {
        "logStreamName": "2025/04/23/[$LATEST]3d05983a7d5c455f968b14472cbea651",
        "timestamp": 1745368881867,
        "message": "FILE_TRANSFER RequestId: 3894c190-b1a6-410a-b32a-dbd9deb2fe93\t TransferType: consumed\t Action: download_from_s3\t FileName: mafdb_c1f206b6efa75e1df509578ad4d9fb9ea330d34e7283ccf9d6ad80fdedf66b9a.json\t Bucket: denethor\t FilePath: mafdb/mafdb_c1f206b6efa75e1df509578ad4d9fb9ea330d34e7283ccf9d6ad80fdedf66b9a.json\t LocalFilePath: /tmp/mafdb/mafdb_c1f206b6efa75e1df509578ad4d9fb9ea330d34e7283ccf9d6ad80fdedf66b9a.json\t FileSize: 314 bytes\t TransferDuration: 102.30965799996738 ms\n",
        "ingestionTime": 1745368884091,
        "eventId": "38923026711960262646010972995504578809002605499380727811"
    },
    {
        "logStreamName": "2025/04/23/[$LATEST]3d05983a7d5c455f968b14472cbea651",
        "timestamp": 1745368881930,
        "message": "FILE_TRANSFER RequestId: 3894c190-b1a6-410a-b32a-dbd9deb2fe93\t TransferType: consumed\t Action: download_from_s3\t FileName: mafdb_ffac685782ba2ceabfc02088f70f3473d570818cc3d9c58c8979a425bc171247.json\t Bucket: denethor\t FilePath: mafdb/mafdb_ffac685782ba2ceabfc02088f70f3473d570818cc3d9c58c8979a425bc171247.json\t LocalFilePath: /tmp/mafdb/mafdb_ffac685782ba2ceabfc02088f70f3473d570818cc3d9c58c8979a425bc171247.json\t FileSize: 273 bytes\t TransferDuration: 62.62977699998373 ms\n",
        "ingestionTime": 1745368884091,
        "eventId": "38923026713365209593518402253421329060179452274257494020"
    },
    {
        "logStreamName": "2025/04/23/[$LATEST]3d05983a7d5c455f968b14472cbea651",
        "timestamp": 1745368881974,
        "message": "FILE_TRANSFER RequestId: 3894c190-b1a6-410a-b32a-dbd9deb2fe93\t TransferType: consumed\t Action: download_from_s3\t FileName: mafdb_e55488255b1fbcc9aaabaac963dff236ce30a48f048179f2652bf6431063cf4b.json\t Bucket: denethor\t FilePath: mafdb/mafdb_e55488255b1fbcc9aaabaac963dff236ce30a48f048179f2652bf6431063cf4b.json\t LocalFilePath: /tmp/mafdb/mafdb_e55488255b1fbcc9aaabaac963dff236ce30a48f048179f2652bf6431063cf4b.json\t FileSize: 232 bytes\t TransferDuration: 44.308134000175414 ms\n",
        "ingestionTime": 1745368884091,
        "eventId": "38923026714346442382253749671648900664175980180520632325"
    },
    {
        "logStreamName": "2025/04/23/[$LATEST]3d05983a7d5c455f968b14472cbea651",
        "timestamp": 1745368882013,
        "message": "FILE_TRANSFER RequestId: 3894c190-b1a6-410a-b32a-dbd9deb2fe93\t TransferType: consumed\t Action: download_from_s3\t FileName: mafdb_5622c4af29c03a55db15361b96ebd57532e3d5deb3791cbd1444627fe1ca62ba.json\t Bucket: denethor\t FilePath: mafdb/mafdb_5622c4af29c03a55db15361b96ebd57532e3d5deb3791cbd1444627fe1ca62ba.json\t LocalFilePath: /tmp/mafdb/mafdb_5622c4af29c03a55db15361b96ebd57532e3d5deb3791cbd1444627fe1ca62ba.json\t FileSize: 232 bytes\t TransferDuration: 38.18715799980055 ms\n",
        "ingestionTime": 1745368884091,
        "eventId": "38923026715216171444996443974168793676809266279253868550"
    },
    {
        "logStreamName": "2025/04/23/[$LATEST]3d05983a7d5c455f968b14472cbea651",
        "timestamp": 1745368882054,
        "message": "FILE_TRANSFER RequestId: 3894c190-b1a6-410a-b32a-dbd9deb2fe93\t TransferType: consumed\t Action: download_from_s3\t FileName: mafdb_a685dcc84ba5d5e38925c5631342c458cecda2bbfda8ec6d292863c380027b30.json\t Bucket: denethor\t FilePath: mafdb/mafdb_a685dcc84ba5d5e38925c5631342c458cecda2bbfda8ec6d292863c380027b30.json\t LocalFilePath: /tmp/mafdb/mafdb_a685dcc84ba5d5e38925c5631342c458cecda2bbfda8ec6d292863c380027b30.json\t FileSize: 236 bytes\t TransferDuration: 41.20520099991154 ms\n",
        "ingestionTime": 1745368884091,
        "eventId": "38923026716130501998136199522971758125987849100999065607"
    },
    {
        "logStreamName": "2025/04/23/[$LATEST]3d05983a7d5c455f968b14472cbea651",
        "timestamp": 1745368882099,
        "message": "FILE_TRANSFER RequestId: 3894c190-b1a6-410a-b32a-dbd9deb2fe93\t TransferType: consumed\t Action: download_from_s3\t FileName: mafdb_a8a323c6db7012f298ceb95c38eb1038d7396da8f552c419b6ecae1fd4096914.json\t Bucket: denethor\t FilePath: mafdb/mafdb_a8a323c6db7012f298ceb95c38eb1038d7396da8f552c419b6ecae1fd4096914.json\t LocalFilePath: /tmp/mafdb/mafdb_a8a323c6db7012f298ceb95c38eb1038d7396da8f552c419b6ecae1fd4096914.json\t FileSize: 236 bytes\t TransferDuration: 45.38088399999651 ms\n",
        "ingestionTime": 1745368884091,
        "eventId": "38923026717134035532070077564340865448257025368768184328"
    },
    {
        "logStreamName": "2025/04/23/[$LATEST]3d05983a7d5c455f968b14472cbea651",
        "timestamp": 1745368882138,
        "message": "FILE_TRANSFER RequestId: 3894c190-b1a6-410a-b32a-dbd9deb2fe93\t TransferType: consumed\t Action: download_from_s3\t FileName: mafdb_dec54fe08730fe655724b069720ea11971158bc178b484e71b3a129d8fb89851.json\t Bucket: denethor\t FilePath: mafdb/mafdb_dec54fe08730fe655724b069720ea11971158bc178b484e71b3a129d8fb89851.json\t LocalFilePath: /tmp/mafdb/mafdb_dec54fe08730fe655724b069720ea11971158bc178b484e71b3a129d8fb89851.json\t FileSize: 236 bytes\t TransferDuration: 38.75975899995865 ms\n",
        "ingestionTime": 1745368884091,
        "eventId": "38923026718003764594812771866860758460890311467501420553"
    },
    {
        "logStreamName": "2025/04/23/[$LATEST]3d05983a7d5c455f968b14472cbea651",
        "timestamp": 1745368882187,
        "message": "FILE_TRANSFER RequestId: 3894c190-b1a6-410a-b32a-dbd9deb2fe93\t TransferType: consumed\t Action: download_from_s3\t FileName: mafdb_8c09c2c75aa3430d702a5f6a7188b4a4f1d060ce985897c6b50bcff7279e6547.json\t Bucket: denethor\t FilePath: mafdb/mafdb_8c09c2c75aa3430d702a5f6a7188b4a4f1d060ce985897c6b50bcff7279e6547.json\t LocalFilePath: /tmp/mafdb/mafdb_8c09c2c75aa3430d702a5f6a7188b4a4f1d060ce985897c6b50bcff7279e6547.json\t FileSize: 194 bytes\t TransferDuration: 48.28751700006251 ms\n",
        "ingestionTime": 1745368884091,
        "eventId": "38923026719096501109540772400796008656250081181294460938"
    },
    {
        "logStreamName": "2025/04/23/[$LATEST]3d05983a7d5c455f968b14472cbea651",
        "timestamp": 1745368882232,
        "message": "FILE_TRANSFER RequestId: 3894c190-b1a6-410a-b32a-dbd9deb2fe93\t TransferType: consumed\t Action: download_from_s3\t FileName: mafdb_0a39507586559708493bbf49d68595605a88ad4447c7dda2bb7808b0d368d0a6.json\t Bucket: denethor\t FilePath: mafdb/mafdb_0a39507586559708493bbf49d68595605a88ad4447c7dda2bb7808b0d368d0a6.json\t LocalFilePath: /tmp/mafdb/mafdb_0a39507586559708493bbf49d68595605a88ad4447c7dda2bb7808b0d368d0a6.json\t FileSize: 194 bytes\t TransferDuration: 45.76595499997893 ms\n",
        "ingestionTime": 1745368884091,
        "eventId": "38923026720100034643474650442165115978519257449063579659"
    },
    {
        "logStreamName": "2025/04/23/[$LATEST]3d05983a7d5c455f968b14472cbea651",
        "timestamp": 1745368882278,
        "message": "FILE_TRANSFER RequestId: 3894c190-b1a6-410a-b32a-dbd9deb2fe93\t TransferType: consumed\t Action: download_from_s3\t FileName: mafdb_6ab49176d5faa9657c21a8dafb35bfdd8329ad167370a62e1132291095260bfe.json\t Bucket: denethor\t FilePath: mafdb/mafdb_6ab49176d5faa9657c21a8dafb35bfdd8329ad167370a62e1132291095260bfe.json\t LocalFilePath: /tmp/mafdb/mafdb_6ab49176d5faa9657c21a8dafb35bfdd8329ad167370a62e1132291095260bfe.json\t FileSize: 194 bytes\t TransferDuration: 45.62007399999857 ms\n",
        "ingestionTime": 1745368884091,
        "eventId": "38923026721125868922607059106675759019061082078338678796"
    },
    {
        "logStreamName": "2025/04/23/[$LATEST]3d05983a7d5c455f968b14472cbea651",
        "timestamp": 1745368882278,
        "message": "CONSUMED_FILES_INFO RequestId: 3894c190-b1a6-410a-b32a-dbd9deb2fe93\t FilesCount: 10 files\t FilesSize: 2341 bytes\t TransferDuration: 512.4541169998338 ms\t ConsumedFiles: ['mafdb_c1f206b6efa75e1df509578ad4d9fb9ea330d34e7283ccf9d6ad80fdedf66b9a.json', 'mafdb_ffac685782ba2ceabfc02088f70f3473d570818cc3d9c58c8979a425bc171247.json', 'mafdb_e55488255b1fbcc9aaabaac963dff236ce30a48f048179f2652bf6431063cf4b.json', 'mafdb_5622c4af29c03a55db15361b96ebd57532e3d5deb3791cbd1444627fe1ca62ba.json', 'mafdb_a685dcc84ba5d5e38925c5631342c458cecda2bbfda8ec6d292863c380027b30.json', 'mafdb_a8a323c6db7012f298ceb95c38eb1038d7396da8f552c419b6ecae1fd4096914.json', 'mafdb_dec54fe08730fe655724b069720ea11971158bc178b484e71b3a129d8fb89851.json', 'mafdb_8c09c2c75aa3430d702a5f6a7188b4a4f1d060ce985897c6b50bcff7279e6547.json', 'mafdb_0a39507586559708493bbf49d68595605a88ad4447c7dda2bb7808b0d368d0a6.json', 'mafdb_6ab49176d5faa9657c21a8dafb35bfdd8329ad167370a62e1132291095260bfe.json']\n",
        "ingestionTime": 1745368884091,
        "eventId": "38923026721125868922607059106675759019061082078338678797"
    },
    {
        "logStreamName": "2025/04/23/[$LATEST]3d05983a7d5c455f968b14472cbea651",
        "timestamp": 1745368882279,
        "message": "[INFO] 2025-04-23T00:41:22GMT MAF_DATABASE_AGGREGATOR RequestId: 3894c190-b1a6-410a-b32a-dbd9deb2fe93\t Duration: 0.6190500000684551 ms\t InputLength: 10\t MaxMaf: 0\t MafDatabase: {}\n",
        "ingestionTime": 1745368884091,
        "eventId": "38923026721148169667805589729817294737333730439844659214"
    },
    {
        "logStreamName": "2025/04/23/[$LATEST]3d05983a7d5c455f968b14472cbea651",
        "timestamp": 1745368882279,
        "message": "[INFO]\t2025-04-23T00:41:22.279Z\t3894c190-b1a6-410a-b32a-dbd9deb2fe93\tMAF_DATABASE_AGGREGATOR RequestId: 3894c190-b1a6-410a-b32a-dbd9deb2fe93\t Duration: 0.6190500000684551 ms\t InputLength: 10\t MaxMaf: 0\t MafDatabase: {}\n",
        "ingestionTime": 1745368884091,
        "eventId": "38923026721148169667805589729817294737333730439844659215"
    },
    {
        "logStreamName": "2025/04/23/[$LATEST]3d05983a7d5c455f968b14472cbea651",
        "timestamp": 1745368882326,
        "message": "FILE_TRANSFER RequestId: 3894c190-b1a6-410a-b32a-dbd9deb2fe93\t TransferType: produced\t Action: upload_to_s3\t FileName: mafdb_e1c55e41ff27f2d5d02b5cbbdd99685778b9a3ea1e0cca79e114735206dd0aba.json\t Bucket: denethor\t FilePath: mafdb/mafdb_e1c55e41ff27f2d5d02b5cbbdd99685778b9a3ea1e0cca79e114735206dd0aba.json\t LocalFilePath: /tmp/mafdb/mafdb_e1c55e41ff27f2d5d02b5cbbdd99685778b9a3ea1e0cca79e114735206dd0aba.json\t FileSize: 2089 bytes\t TransferDuration: 46.49266399997032 ms\n",
        "ingestionTime": 1745368884091,
        "eventId": "38923026722196304692136529017469473496148203430625738768"
    },
    {
        "logStreamName": "2025/04/23/[$LATEST]3d05983a7d5c455f968b14472cbea651",
        "timestamp": 1745368882326,
        "message": "PRODUCED_FILES_INFO RequestId: 3894c190-b1a6-410a-b32a-dbd9deb2fe93\t FilesCount: 1 files\t FilesSize: 2089 bytes\t TransferDuration: 46.49266399997032 ms\t Provider: aws_lambda\t  ProducedFiles: ['mafdb_e1c55e41ff27f2d5d02b5cbbdd99685778b9a3ea1e0cca79e114735206dd0aba.json']\n",
        "ingestionTime": 1745368884091,
        "eventId": "38923026722196304692136529017469473496148203430625738769"
    },
    {
        "logStreamName": "2025/04/23/[$LATEST]3d05983a7d5c455f968b14472cbea651",
        "timestamp": 1745368882328,
        "message": "END RequestId: 3894c190-b1a6-410a-b32a-dbd9deb2fe93\n",
        "ingestionTime": 1745368884091,
        "eventId": "38923026722240906182533590263752544932693500153637699602"
    },
    {
        "logStreamName": "2025/04/23/[$LATEST]3d05983a7d5c455f968b14472cbea651",
        "timestamp": 1745368882328,
        "message": "REPORT RequestId: 3894c190-b1a6-410a-b32a-dbd9deb2fe93\tDuration: 564.54 ms\tBilled Duration: 565 ms\tMemory Size: 1024 MB\tMax Memory Used: 107 MB\tInit Duration: 809.66 ms\t\n",
        "ingestionTime": 1745368884091,
        "eventId": "38923026722240906182533590263752544932693500153637699603"
    }
]