[
    {
        "logStreamName": "2025/04/23/[$LATEST]489e36618d784267b8ee75ad6843e065",
        "timestamp": 1745374798914,
        "message": "INIT_START Runtime Version: python:3.10.v64\tRuntime Version ARN: arn:aws:lambda:sa-east-1::runtime:d56bdc8857b2109a058de2ab50bfb80ac2aa600be6f7855a436859944e5fe54b\n",
        "ingestionTime": 1745374805458,
        "eventId": "38923158666517737376039047908495725367226612678602588160"
    },
    {
        "logStreamName": "2025/04/23/[$LATEST]489e36618d784267b8ee75ad6843e065",
        "timestamp": 1745374799720,
        "message": "START RequestId: 45af1a32-eb6f-41c6-8194-cc060dc82a92 Version: $LATEST\n",
        "ingestionTime": 1745374805458,
        "eventId": "38923158684492138006054730160573514294981192052422803457"
    },
    {
        "logStreamName": "2025/04/23/[$LATEST]489e36618d784267b8ee75ad6843e065",
        "timestamp": 1745374799721,
        "message": "Directory /tmp/mafdb was created!\n",
        "ingestionTime": 1745374805458,
        "eventId": "38923158684514438751253260783715050013253840413928783874"
    },
    {
        "logStreamName": "2025/04/23/[$LATEST]489e36618d784267b8ee75ad6843e065",
        "timestamp": 1745374799831,
        "message": "FILE_TRANSFER RequestId: 45af1a32-eb6f-41c6-8194-cc060dc82a92\t TransferType: consumed\t Action: download_from_s3\t FileName: mafdb_861b6fcf310a5a4a01036477cd0e28e972c4aa89be1fcccfc0eab6cd45e9fd74.json\t Bucket: denethor\t FilePath: mafdb/mafdb_861b6fcf310a5a4a01036477cd0e28e972c4aa89be1fcccfc0eab6cd45e9fd74.json\t LocalFilePath: /tmp/mafdb/mafdb_861b6fcf310a5a4a01036477cd0e28e972c4aa89be1fcccfc0eab6cd45e9fd74.json\t FileSize: 355 bytes\t TransferDuration: 109.4802019999861 ms\n",
        "ingestionTime": 1745374805458,
        "eventId": "38923158686967520723091629329283979023245160179586629635"
    },
    {
        "logStreamName": "2025/04/23/[$LATEST]489e36618d784267b8ee75ad6843e065",
        "timestamp": 1745374799872,
        "message": "FILE_TRANSFER RequestId: 45af1a32-eb6f-41c6-8194-cc060dc82a92\t TransferType: consumed\t Action: download_from_s3\t FileName: mafdb_783d326a98c97c227099cd46e1eb2739e8954c844e628390759f21e7b4e19db0.json\t Bucket: denethor\t FilePath: mafdb/mafdb_783d326a98c97c227099cd46e1eb2739e8954c844e628390759f21e7b4e19db0.json\t LocalFilePath: /tmp/mafdb/mafdb_783d326a98c97c227099cd46e1eb2739e8954c844e628390759f21e7b4e19db0.json\t FileSize: 273 bytes\t TransferDuration: 41.32300899993879 ms\n",
        "ingestionTime": 1745374805458,
        "eventId": "38923158687881851276231384878086943472423743001331826692"
    },
    {
        "logStreamName": "2025/04/23/[$LATEST]489e36618d784267b8ee75ad6843e065",
        "timestamp": 1745374799926,
        "message": "FILE_TRANSFER RequestId: 45af1a32-eb6f-41c6-8194-cc060dc82a92\t TransferType: consumed\t Action: download_from_s3\t FileName: mafdb_e7f2f9266538f691bae81aa42aeb881fcfc1833e62d05d9141e808a0cb0095fa.json\t Bucket: denethor\t FilePath: mafdb/mafdb_e7f2f9266538f691bae81aa42aeb881fcfc1833e62d05d9141e808a0cb0095fa.json\t LocalFilePath: /tmp/mafdb/mafdb_e7f2f9266538f691bae81aa42aeb881fcfc1833e62d05d9141e808a0cb0095fa.json\t FileSize: 273 bytes\t TransferDuration: 53.70398299999124 ms\n",
        "ingestionTime": 1745374805458,
        "eventId": "38923158689086091516952038527729872259146754522654769157"
    },
    {
        "logStreamName": "2025/04/23/[$LATEST]489e36618d784267b8ee75ad6843e065",
        "timestamp": 1745374799979,
        "message": "FILE_TRANSFER RequestId: 45af1a32-eb6f-41c6-8194-cc060dc82a92\t TransferType: consumed\t Action: download_from_s3\t FileName: mafdb_d215ba5497d3d3be2e105b2328e50bdccf602b7e0745016c80fa6f9913e5432f.json\t Bucket: denethor\t FilePath: mafdb/mafdb_d215ba5497d3d3be2e105b2328e50bdccf602b7e0745016c80fa6f9913e5432f.json\t LocalFilePath: /tmp/mafdb/mafdb_d215ba5497d3d3be2e105b2328e50bdccf602b7e0745016c80fa6f9913e5432f.json\t FileSize: 273 bytes\t TransferDuration: 53.0330579999827 ms\n",
        "ingestionTime": 1745374805458,
        "eventId": "38923158690268031012474161554231265327597117682471731206"
    },
    {
        "logStreamName": "2025/04/23/[$LATEST]489e36618d784267b8ee75ad6843e065",
        "timestamp": 1745374800031,
        "message": "FILE_TRANSFER RequestId: 45af1a32-eb6f-41c6-8194-cc060dc82a92\t TransferType: consumed\t Action: download_from_s3\t FileName: mafdb_2ff7bb92e85df3f56dc7f35d3ca7b2bd150b675386145658d2fca63a9e2a3805.json\t Bucket: denethor\t FilePath: mafdb/mafdb_2ff7bb92e85df3f56dc7f35d3ca7b2bd150b675386145658d2fca63a9e2a3805.json\t LocalFilePath: /tmp/mafdb/mafdb_2ff7bb92e85df3f56dc7f35d3ca7b2bd150b675386145658d2fca63a9e2a3805.json\t FileSize: 273 bytes\t TransferDuration: 52.17929600007665 ms\n",
        "ingestionTime": 1745374805458,
        "eventId": "38923158691427669762797753957591122677774832480782712839"
    },
    {
        "logStreamName": "2025/04/23/[$LATEST]489e36618d784267b8ee75ad6843e065",
        "timestamp": 1745374800089,
        "message": "FILE_TRANSFER RequestId: 45af1a32-eb6f-41c6-8194-cc060dc82a92\t TransferType: consumed\t Action: download_from_s3\t FileName: mafdb_87129d44586b87142d9940a8b1bdbebcfa7b0454f32076964711670e9940a5bc.json\t Bucket: denethor\t FilePath: mafdb/mafdb_87129d44586b87142d9940a8b1bdbebcfa7b0454f32076964711670e9940a5bc.json\t LocalFilePath: /tmp/mafdb/mafdb_87129d44586b87142d9940a8b1bdbebcfa7b0454f32076964711670e9940a5bc.json\t FileSize: 273 bytes\t TransferDuration: 57.45863599997847 ms\n",
        "ingestionTime": 1745374805458,
        "eventId": "38923158692721112984312530099800194337588437448129576968"
    },
    {
        "logStreamName": "2025/04/23/[$LATEST]489e36618d784267b8ee75ad6843e065",
        "timestamp": 1745374800134,
        "message": "FILE_TRANSFER RequestId: 45af1a32-eb6f-41c6-8194-cc060dc82a92\t TransferType: consumed\t Action: download_from_s3\t FileName: mafdb_29c4ddd140d117364cadffd440f0642c27bbc2412f4567e0cb32891cc3ef36a1.json\t Bucket: denethor\t FilePath: mafdb/mafdb_29c4ddd140d117364cadffd440f0642c27bbc2412f4567e0cb32891cc3ef36a1.json\t LocalFilePath: /tmp/mafdb/mafdb_29c4ddd140d117364cadffd440f0642c27bbc2412f4567e0cb32891cc3ef36a1.json\t FileSize: 273 bytes\t TransferDuration: 44.819542999903206 ms\n",
        "ingestionTime": 1745374805458,
        "eventId": "38923158693724646518246408141169301659857613715898695689"
    },
    {
        "logStreamName": "2025/04/23/[$LATEST]489e36618d784267b8ee75ad6843e065",
        "timestamp": 1745374800178,
        "message": "FILE_TRANSFER RequestId: 45af1a32-eb6f-41c6-8194-cc060dc82a92\t TransferType: consumed\t Action: download_from_s3\t FileName: mafdb_44786d15636736367c1c71748c6f6ad88c51a0acf9651aa1d2aab053f2b49895.json\t Bucket: denethor\t FilePath: mafdb/mafdb_44786d15636736367c1c71748c6f6ad88c51a0acf9651aa1d2aab053f2b49895.json\t LocalFilePath: /tmp/mafdb/mafdb_44786d15636736367c1c71748c6f6ad88c51a0acf9651aa1d2aab053f2b49895.json\t FileSize: 232 bytes\t TransferDuration: 44.64843199991719 ms\n",
        "ingestionTime": 1745374805458,
        "eventId": "38923158694705879306981755559396873263854141622161833994"
    },
    {
        "logStreamName": "2025/04/23/[$LATEST]489e36618d784267b8ee75ad6843e065",
        "timestamp": 1745374800220,
        "message": "FILE_TRANSFER RequestId: 45af1a32-eb6f-41c6-8194-cc060dc82a92\t TransferType: consumed\t Action: download_from_s3\t FileName: mafdb_050eb4506b88aa955760b80fe61fa5f2dc7867810f3fd968c62f0f2b1721b84a.json\t Bucket: denethor\t FilePath: mafdb/mafdb_050eb4506b88aa955760b80fe61fa5f2dc7867810f3fd968c62f0f2b1721b84a.json\t LocalFilePath: /tmp/mafdb/mafdb_050eb4506b88aa955760b80fe61fa5f2dc7867810f3fd968c62f0f2b1721b84a.json\t FileSize: 232 bytes\t TransferDuration: 42.13911800002279 ms\n",
        "ingestionTime": 1745374805458,
        "eventId": "38923158695642510605320041731341373431305372805413011467"
    },
    {
        "logStreamName": "2025/04/23/[$LATEST]489e36618d784267b8ee75ad6843e065",
        "timestamp": 1745374800257,
        "message": "FILE_TRANSFER RequestId: 45af1a32-eb6f-41c6-8194-cc060dc82a92\t TransferType: consumed\t Action: download_from_s3\t FileName: mafdb_4294147453f0881ff5d40ffeafab616f4bd8a7ba876322d7a55e79a2b54c515e.json\t Bucket: denethor\t FilePath: mafdb/mafdb_4294147453f0881ff5d40ffeafab616f4bd8a7ba876322d7a55e79a2b54c515e.json\t LocalFilePath: /tmp/mafdb/mafdb_4294147453f0881ff5d40ffeafab616f4bd8a7ba876322d7a55e79a2b54c515e.json\t FileSize: 232 bytes\t TransferDuration: 36.24604100002671 ms\n",
        "ingestionTime": 1745374805458,
        "eventId": "38923158696467638177665674787578195007393362181134286860"
    },
    {
        "logStreamName": "2025/04/23/[$LATEST]489e36618d784267b8ee75ad6843e065",
        "timestamp": 1745374800298,
        "message": "FILE_TRANSFER RequestId: 45af1a32-eb6f-41c6-8194-cc060dc82a92\t TransferType: consumed\t Action: download_from_s3\t FileName: mafdb_fc2a84852f95eebd03a586abcf5a76c64db1efd965d2c472f2b8a03ed0c40edf.json\t Bucket: denethor\t FilePath: mafdb/mafdb_fc2a84852f95eebd03a586abcf5a76c64db1efd965d2c472f2b8a03ed0c40edf.json\t LocalFilePath: /tmp/mafdb/mafdb_fc2a84852f95eebd03a586abcf5a76c64db1efd965d2c472f2b8a03ed0c40edf.json\t FileSize: 232 bytes\t TransferDuration: 40.74460499998622 ms\n",
        "ingestionTime": 1745374805458,
        "eventId": "38923158697381968730805430336381159456571945002879483917"
    },
    {
        "logStreamName": "2025/04/23/[$LATEST]489e36618d784267b8ee75ad6843e065",
        "timestamp": 1745374800342,
        "message": "FILE_TRANSFER RequestId: 45af1a32-eb6f-41c6-8194-cc060dc82a92\t TransferType: consumed\t Action: download_from_s3\t FileName: mafdb_1fc60ba179d4022cc2706fa01097c85bbbc0bb1e1cfb62ef6cb25b6e0f12a318.json\t Bucket: denethor\t FilePath: mafdb/mafdb_1fc60ba179d4022cc2706fa01097c85bbbc0bb1e1cfb62ef6cb25b6e0f12a318.json\t LocalFilePath: /tmp/mafdb/mafdb_1fc60ba179d4022cc2706fa01097c85bbbc0bb1e1cfb62ef6cb25b6e0f12a318.json\t FileSize: 232 bytes\t TransferDuration: 44.27989599992088 ms\n",
        "ingestionTime": 1745374805458,
        "eventId": "38923158698363201519540777754608731060568472909142622222"
    },
    {
        "logStreamName": "2025/04/23/[$LATEST]489e36618d784267b8ee75ad6843e065",
        "timestamp": 1745374800386,
        "message": "FILE_TRANSFER RequestId: 45af1a32-eb6f-41c6-8194-cc060dc82a92\t TransferType: consumed\t Action: download_from_s3\t FileName: mafdb_ab45c1cad0178810135c04d1f2e046750c9f309258c675f469c4e780098de65e.json\t Bucket: denethor\t FilePath: mafdb/mafdb_ab45c1cad0178810135c04d1f2e046750c9f309258c675f469c4e780098de65e.json\t LocalFilePath: /tmp/mafdb/mafdb_ab45c1cad0178810135c04d1f2e046750c9f309258c675f469c4e780098de65e.json\t FileSize: 232 bytes\t TransferDuration: 44.34556599994721 ms\n",
        "ingestionTime": 1745374805458,
        "eventId": "38923158699344434308276125172836302664565000815405760527"
    },
    {
        "logStreamName": "2025/04/23/[$LATEST]489e36618d784267b8ee75ad6843e065",
        "timestamp": 1745374800428,
        "message": "FILE_TRANSFER RequestId: 45af1a32-eb6f-41c6-8194-cc060dc82a92\t TransferType: consumed\t Action: download_from_s3\t FileName: mafdb_3526c116952be096b9256561d61b606f87a4a29cbed313033513d81689bb5df3.json\t Bucket: denethor\t FilePath: mafdb/mafdb_3526c116952be096b9256561d61b606f87a4a29cbed313033513d81689bb5df3.json\t LocalFilePath: /tmp/mafdb/mafdb_3526c116952be096b9256561d61b606f87a4a29cbed313033513d81689bb5df3.json\t FileSize: 232 bytes\t TransferDuration: 41.84738100002505 ms\n",
        "ingestionTime": 1745374805458,
        "eventId": "38923158700281065606614411344780802832016231998656938000"
    },
    {
        "logStreamName": "2025/04/23/[$LATEST]489e36618d784267b8ee75ad6843e065",
        "timestamp": 1745374800485,
        "message": "FILE_TRANSFER RequestId: 45af1a32-eb6f-41c6-8194-cc060dc82a92\t TransferType: consumed\t Action: download_from_s3\t FileName: mafdb_3b4259b136e5e067f460a57ff21fd5c531cf82501ea56dcbb754d3f18d8bf7b8.json\t Bucket: denethor\t FilePath: mafdb/mafdb_3b4259b136e5e067f460a57ff21fd5c531cf82501ea56dcbb754d3f18d8bf7b8.json\t LocalFilePath: /tmp/mafdb/mafdb_3b4259b136e5e067f460a57ff21fd5c531cf82501ea56dcbb754d3f18d8bf7b8.json\t FileSize: 236 bytes\t TransferDuration: 56.46698100008507 ms\n",
        "ingestionTime": 1745374805458,
        "eventId": "38923158701552208082930656863848338773557188604497821713"
    },
    {
        "logStreamName": "2025/04/23/[$LATEST]489e36618d784267b8ee75ad6843e065",
        "timestamp": 1745374800530,
        "message": "FILE_TRANSFER RequestId: 45af1a32-eb6f-41c6-8194-cc060dc82a92\t TransferType: consumed\t Action: download_from_s3\t FileName: mafdb_a2383066d212f15eacb4f5bfdf2ae197f1193622d791c3ccdfb8941fef8a2d4d.json\t Bucket: denethor\t FilePath: mafdb/mafdb_a2383066d212f15eacb4f5bfdf2ae197f1193622d791c3ccdfb8941fef8a2d4d.json\t LocalFilePath: /tmp/mafdb/mafdb_a2383066d212f15eacb4f5bfdf2ae197f1193622d791c3ccdfb8941fef8a2d4d.json\t FileSize: 236 bytes\t TransferDuration: 44.73617700000432 ms\n",
        "ingestionTime": 1745374805458,
        "eventId": "38923158702555741616864534905217446095826364872266940434"
    },
    {
        "logStreamName": "2025/04/23/[$LATEST]489e36618d784267b8ee75ad6843e065",
        "timestamp": 1745374800579,
        "message": "FILE_TRANSFER RequestId: 45af1a32-eb6f-41c6-8194-cc060dc82a92\t TransferType: consumed\t Action: download_from_s3\t FileName: mafdb_d654fe2f1d71c9b9393af17a389125cfb4f05a2ee4da5e63313ba90ce4460342.json\t Bucket: denethor\t FilePath: mafdb/mafdb_d654fe2f1d71c9b9393af17a389125cfb4f05a2ee4da5e63313ba90ce4460342.json\t LocalFilePath: /tmp/mafdb/mafdb_d654fe2f1d71c9b9393af17a389125cfb4f05a2ee4da5e63313ba90ce4460342.json\t FileSize: 194 bytes\t TransferDuration: 49.78730400000586 ms\n",
        "ingestionTime": 1745374805458,
        "eventId": "38923158703648478131592535439152696291186134586059980819"
    },
    {
        "logStreamName": "2025/04/23/[$LATEST]489e36618d784267b8ee75ad6843e065",
        "timestamp": 1745374800625,
        "message": "FILE_TRANSFER RequestId: 45af1a32-eb6f-41c6-8194-cc060dc82a92\t TransferType: consumed\t Action: download_from_s3\t FileName: mafdb_3354b6f44ea673c65d7f9920a6f70d1a0387c5a7d1dc001ef280c56e00ed5b8c.json\t Bucket: denethor\t FilePath: mafdb/mafdb_3354b6f44ea673c65d7f9920a6f70d1a0387c5a7d1dc001ef280c56e00ed5b8c.json\t LocalFilePath: /tmp/mafdb/mafdb_3354b6f44ea673c65d7f9920a6f70d1a0387c5a7d1dc001ef280c56e00ed5b8c.json\t FileSize: 194 bytes\t TransferDuration: 45.51631499998621 ms\n",
        "ingestionTime": 1745374805458,
        "eventId": "38923158704674312410724944103663339331727959215335079956"
    },
    {
        "logStreamName": "2025/04/23/[$LATEST]489e36618d784267b8ee75ad6843e065",
        "timestamp": 1745374800668,
        "message": "FILE_TRANSFER RequestId: 45af1a32-eb6f-41c6-8194-cc060dc82a92\t TransferType: consumed\t Action: download_from_s3\t FileName: mafdb_87af1809e6912aa59e24fb4524b62d976488c1a47dbc66671b9722e207ab8135.json\t Bucket: denethor\t FilePath: mafdb/mafdb_87af1809e6912aa59e24fb4524b62d976488c1a47dbc66671b9722e207ab8135.json\t LocalFilePath: /tmp/mafdb/mafdb_87af1809e6912aa59e24fb4524b62d976488c1a47dbc66671b9722e207ab8135.json\t FileSize: 194 bytes\t TransferDuration: 43.01803500004553 ms\n",
        "ingestionTime": 1745374805458,
        "eventId": "38923158705633244454261760898749375217451838760092237845"
    },
    {
        "logStreamName": "2025/04/23/[$LATEST]489e36618d784267b8ee75ad6843e065",
        "timestamp": 1745374800714,
        "message": "FILE_TRANSFER RequestId: 45af1a32-eb6f-41c6-8194-cc060dc82a92\t TransferType: consumed\t Action: download_from_s3\t FileName: mafdb_6ee93fa3e17d8465d80c68957453793c4017d5d2d02f3c35b598aa6b61c743eb.json\t Bucket: denethor\t FilePath: mafdb/mafdb_6ee93fa3e17d8465d80c68957453793c4017d5d2d02f3c35b598aa6b61c743eb.json\t LocalFilePath: /tmp/mafdb/mafdb_6ee93fa3e17d8465d80c68957453793c4017d5d2d02f3c35b598aa6b61c743eb.json\t FileSize: 194 bytes\t TransferDuration: 46.34551099991313 ms\n",
        "ingestionTime": 1745374805458,
        "eventId": "38923158706659078733394169563260018257993663389367336982"
    },
    {
        "logStreamName": "2025/04/23/[$LATEST]489e36618d784267b8ee75ad6843e065",
        "timestamp": 1745374800758,
        "message": "FILE_TRANSFER RequestId: 45af1a32-eb6f-41c6-8194-cc060dc82a92\t TransferType: consumed\t Action: download_from_s3\t FileName: mafdb_80e97632a9018b0ac3959746b5e96fcd4c1c7f4219aa40cf46f0c81f359ff15b.json\t Bucket: denethor\t FilePath: mafdb/mafdb_80e97632a9018b0ac3959746b5e96fcd4c1c7f4219aa40cf46f0c81f359ff15b.json\t LocalFilePath: /tmp/mafdb/mafdb_80e97632a9018b0ac3959746b5e96fcd4c1c7f4219aa40cf46f0c81f359ff15b.json\t FileSize: 194 bytes\t TransferDuration: 43.31952500001535 ms\n",
        "ingestionTime": 1745374805458,
        "eventId": "38923158707640311522129516981487589861990191295630475287"
    },
    {
        "logStreamName": "2025/04/23/[$LATEST]489e36618d784267b8ee75ad6843e065",
        "timestamp": 1745374800800,
        "message": "FILE_TRANSFER RequestId: 45af1a32-eb6f-41c6-8194-cc060dc82a92\t TransferType: consumed\t Action: download_from_s3\t FileName: mafdb_617f38c032965f822e4bfe80c4e2684669e23988975f7360111f1b2064da8be6.json\t Bucket: denethor\t FilePath: mafdb/mafdb_617f38c032965f822e4bfe80c4e2684669e23988975f7360111f1b2064da8be6.json\t LocalFilePath: /tmp/mafdb/mafdb_617f38c032965f822e4bfe80c4e2684669e23988975f7360111f1b2064da8be6.json\t FileSize: 194 bytes\t TransferDuration: 42.056387999991784 ms\n",
        "ingestionTime": 1745374805458,
        "eventId": "38923158708576942820467803153432090029441422478881652760"
    },
    {
        "logStreamName": "2025/04/23/[$LATEST]489e36618d784267b8ee75ad6843e065",
        "timestamp": 1745374800844,
        "message": "FILE_TRANSFER RequestId: 45af1a32-eb6f-41c6-8194-cc060dc82a92\t TransferType: consumed\t Action: download_from_s3\t FileName: mafdb_87f495a654f8fffa1d25955a84941edcdd31d3037b6c7f07d7c3e5849adb4c68.json\t Bucket: denethor\t FilePath: mafdb/mafdb_87f495a654f8fffa1d25955a84941edcdd31d3037b6c7f07d7c3e5849adb4c68.json\t LocalFilePath: /tmp/mafdb/mafdb_87f495a654f8fffa1d25955a84941edcdd31d3037b6c7f07d7c3e5849adb4c68.json\t FileSize: 194 bytes\t TransferDuration: 43.6711039999409 ms\n",
        "ingestionTime": 1745374805458,
        "eventId": "38923158709558175609203150571659661633437950385144791065"
    },
    {
        "logStreamName": "2025/04/23/[$LATEST]489e36618d784267b8ee75ad6843e065",
        "timestamp": 1745374800888,
        "message": "FILE_TRANSFER RequestId: 45af1a32-eb6f-41c6-8194-cc060dc82a92\t TransferType: consumed\t Action: download_from_s3\t FileName: mafdb_b37ce2a791ecfe787b7d2e61814968329db2169d06e3e6d0a2ffb4bdcf2dc2d6.json\t Bucket: denethor\t FilePath: mafdb/mafdb_b37ce2a791ecfe787b7d2e61814968329db2169d06e3e6d0a2ffb4bdcf2dc2d6.json\t LocalFilePath: /tmp/mafdb/mafdb_b37ce2a791ecfe787b7d2e61814968329db2169d06e3e6d0a2ffb4bdcf2dc2d6.json\t FileSize: 194 bytes\t TransferDuration: 44.58036899995932 ms\n",
        "ingestionTime": 1745374805458,
        "eventId": "38923158710539408397938497989887233237434478291407929370"
    },
    {
        "logStreamName": "2025/04/23/[$LATEST]489e36618d784267b8ee75ad6843e065",
        "timestamp": 1745374800937,
        "message": "FILE_TRANSFER RequestId: 45af1a32-eb6f-41c6-8194-cc060dc82a92\t TransferType: consumed\t Action: download_from_s3\t FileName: mafdb_d13d8392c181d2f5dc098cade47742329253676294944cbdff641de7c8a2942a.json\t Bucket: denethor\t FilePath: mafdb/mafdb_d13d8392c181d2f5dc098cade47742329253676294944cbdff641de7c8a2942a.json\t LocalFilePath: /tmp/mafdb/mafdb_d13d8392c181d2f5dc098cade47742329253676294944cbdff641de7c8a2942a.json\t FileSize: 194 bytes\t TransferDuration: 48.491891000026044 ms\n",
        "ingestionTime": 1745374805458,
        "eventId": "38923158711632144912666498523822483432794248005200969755"
    },
    {
        "logStreamName": "2025/04/23/[$LATEST]489e36618d784267b8ee75ad6843e065",
        "timestamp": 1745374800937,
        "message": "CONSUMED_FILES_INFO RequestId: 45af1a32-eb6f-41c6-8194-cc060dc82a92\t FilesCount: 25 files\t FilesSize: 5835 bytes\t TransferDuration: 1214.2383659996767 ms\t ConsumedFiles: ['mafdb_861b6fcf310a5a4a01036477cd0e28e972c4aa89be1fcccfc0eab6cd45e9fd74.json', 'mafdb_783d326a98c97c227099cd46e1eb2739e8954c844e628390759f21e7b4e19db0.json', 'mafdb_e7f2f9266538f691bae81aa42aeb881fcfc1833e62d05d9141e808a0cb0095fa.json', 'mafdb_d215ba5497d3d3be2e105b2328e50bdccf602b7e0745016c80fa6f9913e5432f.json', 'mafdb_2ff7bb92e85df3f56dc7f35d3ca7b2bd150b675386145658d2fca63a9e2a3805.json', 'mafdb_87129d44586b87142d9940a8b1bdbebcfa7b0454f32076964711670e9940a5bc.json', 'mafdb_29c4ddd140d117364cadffd440f0642c27bbc2412f4567e0cb32891cc3ef36a1.json', 'mafdb_44786d15636736367c1c71748c6f6ad88c51a0acf9651aa1d2aab053f2b49895.json', 'mafdb_050eb4506b88aa955760b80fe61fa5f2dc7867810f3fd968c62f0f2b1721b84a.json', 'mafdb_4294147453f0881ff5d40ffeafab616f4bd8a7ba876322d7a55e79a2b54c515e.json', 'mafdb_fc2a84852f95eebd03a586abcf5a76c64db1efd965d2c472f2b8a03ed0c40edf.json', 'mafdb_1fc60ba179d4022cc2706fa01097c85bbbc0bb1e1cfb62ef6cb25b6e0f12a318.json', 'mafdb_ab45c1cad0178810135c04d1f2e046750c9f309258c675f469c4e780098de65e.json', 'mafdb_3526c116952be096b9256561d61b606f87a4a29cbed313033513d81689bb5df3.json', 'mafdb_3b4259b136e5e067f460a57ff21fd5c531cf82501ea56dcbb754d3f18d8bf7b8.json', 'mafdb_a2383066d212f15eacb4f5bfdf2ae197f1193622d791c3ccdfb8941fef8a2d4d.json', 'mafdb_d654fe2f1d71c9b9393af17a389125cfb4f05a2ee4da5e63313ba90ce4460342.json', 'mafdb_3354b6f44ea673c65d7f9920a6f70d1a0387c5a7d1dc001ef280c56e00ed5b8c.json', 'mafdb_87af1809e6912aa59e24fb4524b62d976488c1a47dbc66671b9722e207ab8135.json', 'mafdb_6ee93fa3e17d8465d80c68957453793c4017d5d2d02f3c35b598aa6b61c743eb.json', 'mafdb_80e97632a9018b0ac3959746b5e96fcd4c1c7f4219aa40cf46f0c81f359ff15b.json', 'mafdb_617f38c032965f822e4bfe80c4e2684669e23988975f7360111f1b2064da8be6.json', 'mafdb_87f495a654f8fffa1d25955a84941edcdd31d3037b6c7f07d7c3e5849adb4c68.json', 'mafdb_b37ce2a791ecfe787b7d2e61814968329db2169d06e3e6d0a2ffb4bdcf2dc2d6.json', 'mafdb_d13d8392c181d2f5dc098cade47742329253676294944cbdff641de7c8a2942a.json']\n",
        "ingestionTime": 1745374805458,
        "eventId": "38923158711632144912666498523822483432794248005200969756"
    },
    {
        "logStreamName": "2025/04/23/[$LATEST]489e36618d784267b8ee75ad6843e065",
        "timestamp": 1745374800939,
        "message": "[INFO] 2025-04-23T02:20:00GMT MAF_DATABASE_AGGREGATOR RequestId: 45af1a32-eb6f-41c6-8194-cc060dc82a92\t Duration: 1.2250060000269514 ms\t InputLength: 25\t MaxMaf: 0\t MafDatabase: {}\n",
        "ingestionTime": 1745374805458,
        "eventId": "38923158711676746403063559770105554869339544728212930589"
    },
    {
        "logStreamName": "2025/04/23/[$LATEST]489e36618d784267b8ee75ad6843e065",
        "timestamp": 1745374800939,
        "message": "[INFO]\t2025-04-23T02:20:00.938Z\t45af1a32-eb6f-41c6-8194-cc060dc82a92\tMAF_DATABASE_AGGREGATOR RequestId: 45af1a32-eb6f-41c6-8194-cc060dc82a92\t Duration: 1.2250060000269514 ms\t InputLength: 25\t MaxMaf: 0\t MafDatabase: {}\n",
        "ingestionTime": 1745374805458,
        "eventId": "38923158711676746403063559770105554869339544728212930590"
    },
    {
        "logStreamName": "2025/04/23/[$LATEST]489e36618d784267b8ee75ad6843e065",
        "timestamp": 1745374800983,
        "message": "FILE_TRANSFER RequestId: 45af1a32-eb6f-41c6-8194-cc060dc82a92\t TransferType: produced\t Action: upload_to_s3\t FileName: mafdb_a49c64080cdcf954d32c105b024f1aa675e1144def51e5858ba5274e46b93b63.json\t Bucket: denethor\t FilePath: mafdb/mafdb_a49c64080cdcf954d32c105b024f1aa675e1144def51e5858ba5274e46b93b63.json\t LocalFilePath: /tmp/mafdb/mafdb_a49c64080cdcf954d32c105b024f1aa675e1144def51e5858ba5274e46b93b63.json\t FileSize: 5103 bytes\t TransferDuration: 44.74400799995237 ms\n",
        "ingestionTime": 1745374805458,
        "eventId": "38923158712657979191798907188333126473336072634476068895"
    },
    {
        "logStreamName": "2025/04/23/[$LATEST]489e36618d784267b8ee75ad6843e065",
        "timestamp": 1745374800984,
        "message": "PRODUCED_FILES_INFO RequestId: 45af1a32-eb6f-41c6-8194-cc060dc82a92\t FilesCount: 1 files\t FilesSize: 5103 bytes\t TransferDuration: 44.74400799995237 ms\t Provider: aws_lambda\t  ProducedFiles: ['mafdb_a49c64080cdcf954d32c105b024f1aa675e1144def51e5858ba5274e46b93b63.json']\n",
        "ingestionTime": 1745374805458,
        "eventId": "38923158712680279936997437811474662191608720995982049312"
    },
    {
        "logStreamName": "2025/04/23/[$LATEST]489e36618d784267b8ee75ad6843e065",
        "timestamp": 1745374800987,
        "message": "END RequestId: 45af1a32-eb6f-41c6-8194-cc060dc82a92\n",
        "ingestionTime": 1745374805458,
        "eventId": "38923158712747182172593029680899269346426666080499990561"
    },
    {
        "logStreamName": "2025/04/23/[$LATEST]489e36618d784267b8ee75ad6843e065",
        "timestamp": 1745374800987,
        "message": "REPORT RequestId: 45af1a32-eb6f-41c6-8194-cc060dc82a92\tDuration: 1266.56 ms\tBilled Duration: 1267 ms\tMemory Size: 512 MB\tMax Memory Used: 107 MB\tInit Duration: 805.02 ms\t\n",
        "ingestionTime": 1745374805458,
        "eventId": "38923158712747182172593029680899269346426666080499990562"
    }
]