[
    {
        "logStreamName": "2025/04/23/[$LATEST]6921c2b4c87049688cabaf4fed356895",
        "timestamp": 1745368198700,
        "message": "START RequestId: cfc4080d-1ebb-48c0-b180-398754c0069d Version: $LATEST\n",
        "ingestionTime": 1745368207718,
        "eventId": "38923011476827067601440752444288304621418187061378416640"
    },
    {
        "logStreamName": "2025/04/23/[$LATEST]6921c2b4c87049688cabaf4fed356895",
        "timestamp": 1745368198795,
        "message": "FILE_TRANSFER RequestId: cfc4080d-1ebb-48c0-b180-398754c0069d\t TransferType: consumed\t Action: download_from_s3\t FileName: tree_ORTHOMCL458.nexus\t Bucket: denethor\t FilePath: tree/tree_ORTHOMCL458.nexus\t LocalFilePath: /tmp/tree/tree_ORTHOMCL458.nexus\t FileSize: 453 bytes\t TransferDuration: 93.88316199988367 ms\n",
        "ingestionTime": 1745368207718,
        "eventId": "38923011478945638395301161642734197857319781404446556161"
    },
    {
        "logStreamName": "2025/04/23/[$LATEST]6921c2b4c87049688cabaf4fed356895",
        "timestamp": 1745368198795,
        "message": "CONSUMED_FILES_INFO RequestId: cfc4080d-1ebb-48c0-b180-398754c0069d\t FilesCount: 1 files\t FilesSize: 453 bytes\t TransferDuration: 93.88316199988367 ms\t ConsumedFiles: ['tree_ORTHOMCL458.nexus']\n",
        "ingestionTime": 1745368207718,
        "eventId": "38923011478945638395301161642734197857319781404446556162"
    },
    {
        "logStreamName": "2025/04/23/[$LATEST]6921c2b4c87049688cabaf4fed356895",
        "timestamp": 1745368198795,
        "message": "Reading tree file tree_ORTHOMCL458.nexus\n",
        "ingestionTime": 1745368207718,
        "eventId": "38923011478945638395301161642734197857319781404446556163"
    },
    {
        "logStreamName": "2025/04/23/[$LATEST]6921c2b4c87049688cabaf4fed356895",
        "timestamp": 1745368198796,
        "message": "Subtree file tree_ORTHOMCL458_Inner5.nexus was created!\n",
        "ingestionTime": 1745368207718,
        "eventId": "38923011478967939140499692265875733575592429765952536580"
    },
    {
        "logStreamName": "2025/04/23/[$LATEST]6921c2b4c87049688cabaf4fed356895",
        "timestamp": 1745368198796,
        "message": "Subtree file tree_ORTHOMCL458_Inner4.nexus was created!\n",
        "ingestionTime": 1745368207718,
        "eventId": "38923011478967939140499692265875733575592429765952536581"
    },
    {
        "logStreamName": "2025/04/23/[$LATEST]6921c2b4c87049688cabaf4fed356895",
        "timestamp": 1745368198797,
        "message": "Subtree file tree_ORTHOMCL458_Inner3.nexus was created!\n",
        "ingestionTime": 1745368207718,
        "eventId": "38923011478990239885698222889017269293865078127458516998"
    },
    {
        "logStreamName": "2025/04/23/[$LATEST]6921c2b4c87049688cabaf4fed356895",
        "timestamp": 1745368198797,
        "message": "Subtree file tree_ORTHOMCL458_Inner2.nexus was created!\n",
        "ingestionTime": 1745368207718,
        "eventId": "38923011478990239885698222889017269293865078127458516999"
    },
    {
        "logStreamName": "2025/04/23/[$LATEST]6921c2b4c87049688cabaf4fed356895",
        "timestamp": 1745368198797,
        "message": "Subtree file tree_ORTHOMCL458_Inner1.nexus was created!\n",
        "ingestionTime": 1745368207718,
        "eventId": "38923011478990239885698222889017269293865078127458517000"
    },
    {
        "logStreamName": "2025/04/23/[$LATEST]6921c2b4c87049688cabaf4fed356895",
        "timestamp": 1745368198797,
        "message": "Tempo de construção dos arquivos de subárvores de ['tree_ORTHOMCL458.nexus']: 2.110946000129843 milissegundos\n",
        "ingestionTime": 1745368207718,
        "eventId": "38923011478990239885698222889017269293865078127458517001"
    },
    {
        "logStreamName": "2025/04/23/[$LATEST]6921c2b4c87049688cabaf4fed356895",
        "timestamp": 1745368198797,
        "message": "[INFO] 2025-04-23T00:29:58GMT SUBTREE_CONSTRUCTOR RequestId: cfc4080d-1ebb-48c0-b180-398754c0069d\t Duration: 2.110946000129843 ms\t InputTree: ['tree_ORTHOMCL458.nexus']\t OutputSubtrees: ['tree_ORTHOMCL458_Inner1.nexus', 'tree_ORTHOMCL458_Inner2.nexus', 'tree_ORTHOMCL458_Inner3.nexus', 'tree_ORTHOMCL458_Inner4.nexus', 'tree_ORTHOMCL458_Inner5.nexus']\n",
        "ingestionTime": 1745368207718,
        "eventId": "38923011478990239885698222889017269293865078127458517002"
    },
    {
        "logStreamName": "2025/04/23/[$LATEST]6921c2b4c87049688cabaf4fed356895",
        "timestamp": 1745368198797,
        "message": "[INFO]\t2025-04-23T00:29:58.797Z\tcfc4080d-1ebb-48c0-b180-398754c0069d\tSUBTREE_CONSTRUCTOR RequestId: cfc4080d-1ebb-48c0-b180-398754c0069d\t Duration: 2.110946000129843 ms\t InputTree: ['tree_ORTHOMCL458.nexus']\t OutputSubtrees: ['tree_ORTHOMCL458_Inner1.nexus', 'tree_ORTHOMCL458_Inner2.nexus', 'tree_ORTHOMCL458_Inner3.nexus', 'tree_ORTHOMCL458_Inner4.nexus', 'tree_ORTHOMCL458_Inner5.nexus']\n",
        "ingestionTime": 1745368207718,
        "eventId": "38923011478990239885698222889017269293865078127458517003"
    },
    {
        "logStreamName": "2025/04/23/[$LATEST]6921c2b4c87049688cabaf4fed356895",
        "timestamp": 1745368198945,
        "message": "FILE_TRANSFER RequestId: cfc4080d-1ebb-48c0-b180-398754c0069d\t TransferType: produced\t Action: upload_to_s3\t FileName: tree_ORTHOMCL458_Inner1.nexus\t Bucket: denethor\t FilePath: subtree/tree_ORTHOMCL458_Inner1.nexus\t LocalFilePath: /tmp/subtree/tree_ORTHOMCL458_Inner1.nexus\t FileSize: 185 bytes\t TransferDuration: 47.80767200008995 ms\n",
        "ingestionTime": 1745368207718,
        "eventId": "38923011482290750175080755113964555598217035630343618572"
    },
    {
        "logStreamName": "2025/04/23/[$LATEST]6921c2b4c87049688cabaf4fed356895",
        "timestamp": 1745368198982,
        "message": "FILE_TRANSFER RequestId: cfc4080d-1ebb-48c0-b180-398754c0069d\t TransferType: produced\t Action: upload_to_s3\t FileName: tree_ORTHOMCL458_Inner2.nexus\t Bucket: denethor\t FilePath: subtree/tree_ORTHOMCL458_Inner2.nexus\t LocalFilePath: /tmp/subtree/tree_ORTHOMCL458_Inner2.nexus\t FileSize: 243 bytes\t TransferDuration: 36.99041200002284 ms\n",
        "ingestionTime": 1745368207718,
        "eventId": "38923011483115877747426388170201377174305025006064893965"
    },
    {
        "logStreamName": "2025/04/23/[$LATEST]6921c2b4c87049688cabaf4fed356895",
        "timestamp": 1745368199025,
        "message": "FILE_TRANSFER RequestId: cfc4080d-1ebb-48c0-b180-398754c0069d\t TransferType: produced\t Action: upload_to_s3\t FileName: tree_ORTHOMCL458_Inner3.nexus\t Bucket: denethor\t FilePath: subtree/tree_ORTHOMCL458_Inner3.nexus\t LocalFilePath: /tmp/subtree/tree_ORTHOMCL458_Inner3.nexus\t FileSize: 299 bytes\t TransferDuration: 42.037187999994785 ms\n",
        "ingestionTime": 1745368207718,
        "eventId": "38923011484074809790963204965287413060028904550822051854"
    },
    {
        "logStreamName": "2025/04/23/[$LATEST]6921c2b4c87049688cabaf4fed356895",
        "timestamp": 1745368199071,
        "message": "FILE_TRANSFER RequestId: cfc4080d-1ebb-48c0-b180-398754c0069d\t TransferType: produced\t Action: upload_to_s3\t FileName: tree_ORTHOMCL458_Inner4.nexus\t Bucket: denethor\t FilePath: subtree/tree_ORTHOMCL458_Inner4.nexus\t LocalFilePath: /tmp/subtree/tree_ORTHOMCL458_Inner4.nexus\t FileSize: 185 bytes\t TransferDuration: 46.48806099999092 ms\n",
        "ingestionTime": 1745368207718,
        "eventId": "38923011485100644070095613629798056100570729180097150991"
    },
    {
        "logStreamName": "2025/04/23/[$LATEST]6921c2b4c87049688cabaf4fed356895",
        "timestamp": 1745368199111,
        "message": "FILE_TRANSFER RequestId: cfc4080d-1ebb-48c0-b180-398754c0069d\t TransferType: produced\t Action: upload_to_s3\t FileName: tree_ORTHOMCL458_Inner5.nexus\t Bucket: denethor\t FilePath: subtree/tree_ORTHOMCL458_Inner5.nexus\t LocalFilePath: /tmp/subtree/tree_ORTHOMCL458_Inner5.nexus\t FileSize: 453 bytes\t TransferDuration: 39.601435000122365 ms\n",
        "ingestionTime": 1745368207718,
        "eventId": "38923011485992673878036838555459484831476663640336367632"
    },
    {
        "logStreamName": "2025/04/23/[$LATEST]6921c2b4c87049688cabaf4fed356895",
        "timestamp": 1745368199111,
        "message": "PRODUCED_FILES_INFO RequestId: cfc4080d-1ebb-48c0-b180-398754c0069d\t FilesCount: 5 files\t FilesSize: 1365 bytes\t TransferDuration: 212.92476800022087 ms\t Provider: aws_lambda\t  ProducedFiles: ['tree_ORTHOMCL458_Inner1.nexus', 'tree_ORTHOMCL458_Inner2.nexus', 'tree_ORTHOMCL458_Inner3.nexus', 'tree_ORTHOMCL458_Inner4.nexus', 'tree_ORTHOMCL458_Inner5.nexus']\n",
        "ingestionTime": 1745368207718,
        "eventId": "38923011485992673878036838555459484831476663640336367633"
    },
    {
        "logStreamName": "2025/04/23/[$LATEST]6921c2b4c87049688cabaf4fed356895",
        "timestamp": 1745368199112,
        "message": "END RequestId: cfc4080d-1ebb-48c0-b180-398754c0069d\n",
        "ingestionTime": 1745368207718,
        "eventId": "38923011486014974623235369178601020549749312001842348050"
    },
    {
        "logStreamName": "2025/04/23/[$LATEST]6921c2b4c87049688cabaf4fed356895",
        "timestamp": 1745368199112,
        "message": "REPORT RequestId: cfc4080d-1ebb-48c0-b180-398754c0069d\tDuration: 411.84 ms\tBilled Duration: 412 ms\tMemory Size: 512 MB\tMax Memory Used: 113 MB\t\n",
        "ingestionTime": 1745368207718,
        "eventId": "38923011486014974623235369178601020549749312001842348051"
    },
    {
        "logStreamName": "2025/04/23/[$LATEST]6921c2b4c87049688cabaf4fed356895",
        "timestamp": 1745368199505,
        "message": "START RequestId: c4d9f123-3a22-4fdf-8488-81982a6fceb5 Version: $LATEST\n",
        "ingestionTime": 1745368207718,
        "eventId": "38923011494779167486257904073224557830900118073692651540"
    },
    {
        "logStreamName": "2025/04/23/[$LATEST]6921c2b4c87049688cabaf4fed356895",
        "timestamp": 1745368199553,
        "message": "FILE_TRANSFER RequestId: c4d9f123-3a22-4fdf-8488-81982a6fceb5\t TransferType: consumed\t Action: download_from_s3\t FileName: tree_ORTHOMCL938.nexus\t Bucket: denethor\t FilePath: tree/tree_ORTHOMCL938.nexus\t LocalFilePath: /tmp/tree/tree_ORTHOMCL938.nexus\t FileSize: 407 bytes\t TransferDuration: 46.701248999852396 ms\n",
        "ingestionTime": 1745368207718,
        "eventId": "38923011495849603255787373984018272307987239425979711509"
    },
    {
        "logStreamName": "2025/04/23/[$LATEST]6921c2b4c87049688cabaf4fed356895",
        "timestamp": 1745368199553,
        "message": "CONSUMED_FILES_INFO RequestId: c4d9f123-3a22-4fdf-8488-81982a6fceb5\t FilesCount: 1 files\t FilesSize: 407 bytes\t TransferDuration: 46.701248999852396 ms\t ConsumedFiles: ['tree_ORTHOMCL938.nexus']\n",
        "ingestionTime": 1745368207718,
        "eventId": "38923011495849603255787373984018272307987239425979711510"
    },
    {
        "logStreamName": "2025/04/23/[$LATEST]6921c2b4c87049688cabaf4fed356895",
        "timestamp": 1745368199553,
        "message": "Reading tree file tree_ORTHOMCL938.nexus\n",
        "ingestionTime": 1745368207718,
        "eventId": "38923011495849603255787373984018272307987239425979711511"
    },
    {
        "logStreamName": "2025/04/23/[$LATEST]6921c2b4c87049688cabaf4fed356895",
        "timestamp": 1745368199554,
        "message": "Subtree file tree_ORTHOMCL938_Inner4.nexus was created!\n",
        "ingestionTime": 1745368207718,
        "eventId": "38923011495871904000985904607159808026259887787485691928"
    },
    {
        "logStreamName": "2025/04/23/[$LATEST]6921c2b4c87049688cabaf4fed356895",
        "timestamp": 1745368199554,
        "message": "Subtree file tree_ORTHOMCL938_Inner3.nexus was created!\n",
        "ingestionTime": 1745368207718,
        "eventId": "38923011495871904000985904607159808026259887787485691929"
    },
    {
        "logStreamName": "2025/04/23/[$LATEST]6921c2b4c87049688cabaf4fed356895",
        "timestamp": 1745368199554,
        "message": "Subtree file tree_ORTHOMCL938_Inner2.nexus was created!\n",
        "ingestionTime": 1745368207718,
        "eventId": "38923011495871904000985904607159808026259887787485691930"
    },
    {
        "logStreamName": "2025/04/23/[$LATEST]6921c2b4c87049688cabaf4fed356895",
        "timestamp": 1745368199554,
        "message": "Subtree file tree_ORTHOMCL938_Inner1.nexus was created!\n",
        "ingestionTime": 1745368207718,
        "eventId": "38923011495871904000985904607159808026259887787485691931"
    },
    {
        "logStreamName": "2025/04/23/[$LATEST]6921c2b4c87049688cabaf4fed356895",
        "timestamp": 1745368199554,
        "message": "Tempo de construção dos arquivos de subárvores de ['tree_ORTHOMCL938.nexus']: 1.7245380001895683 milissegundos\n",
        "ingestionTime": 1745368207718,
        "eventId": "38923011495871904000985904607159808026259887787485691932"
    },
    {
        "logStreamName": "2025/04/23/[$LATEST]6921c2b4c87049688cabaf4fed356895",
        "timestamp": 1745368199555,
        "message": "[INFO] 2025-04-23T00:29:59GMT SUBTREE_CONSTRUCTOR RequestId: c4d9f123-3a22-4fdf-8488-81982a6fceb5\t Duration: 1.7245380001895683 ms\t InputTree: ['tree_ORTHOMCL938.nexus']\t OutputSubtrees: ['tree_ORTHOMCL938_Inner1.nexus', 'tree_ORTHOMCL938_Inner2.nexus', 'tree_ORTHOMCL938_Inner3.nexus', 'tree_ORTHOMCL938_Inner4.nexus']\n",
        "ingestionTime": 1745368207718,
        "eventId": "38923011495894204746184435230301343744532536148991672349"
    },
    {
        "logStreamName": "2025/04/23/[$LATEST]6921c2b4c87049688cabaf4fed356895",
        "timestamp": 1745368199555,
        "message": "[INFO]\t2025-04-23T00:29:59.554Z\tc4d9f123-3a22-4fdf-8488-81982a6fceb5\tSUBTREE_CONSTRUCTOR RequestId: c4d9f123-3a22-4fdf-8488-81982a6fceb5\t Duration: 1.7245380001895683 ms\t InputTree: ['tree_ORTHOMCL938.nexus']\t OutputSubtrees: ['tree_ORTHOMCL938_Inner1.nexus', 'tree_ORTHOMCL938_Inner2.nexus', 'tree_ORTHOMCL938_Inner3.nexus', 'tree_ORTHOMCL938_Inner4.nexus']\n",
        "ingestionTime": 1745368207718,
        "eventId": "38923011495894204746184435230301343744532536148991672350"
    },
    {
        "logStreamName": "2025/04/23/[$LATEST]6921c2b4c87049688cabaf4fed356895",
        "timestamp": 1745368199697,
        "message": "FILE_TRANSFER RequestId: c4d9f123-3a22-4fdf-8488-81982a6fceb5\t TransferType: produced\t Action: upload_to_s3\t FileName: tree_ORTHOMCL938_Inner1.nexus\t Bucket: denethor\t FilePath: subtree/tree_ORTHOMCL938_Inner1.nexus\t LocalFilePath: /tmp/subtree/tree_ORTHOMCL938_Inner1.nexus\t FileSize: 193 bytes\t TransferDuration: 41.63123000012092 ms\n",
        "ingestionTime": 1745368207718,
        "eventId": "38923011499060910564375783716399415739248603482840891423"
    },
    {
        "logStreamName": "2025/04/23/[$LATEST]6921c2b4c87049688cabaf4fed356895",
        "timestamp": 1745368199734,
        "message": "FILE_TRANSFER RequestId: c4d9f123-3a22-4fdf-8488-81982a6fceb5\t TransferType: produced\t Action: upload_to_s3\t FileName: tree_ORTHOMCL938_Inner2.nexus\t Bucket: denethor\t FilePath: subtree/tree_ORTHOMCL938_Inner2.nexus\t LocalFilePath: /tmp/subtree/tree_ORTHOMCL938_Inner2.nexus\t FileSize: 249 bytes\t TransferDuration: 37.464461999888954 ms\n",
        "ingestionTime": 1745368207718,
        "eventId": "38923011499886038136721416772636237315336592858562166816"
    },
    {
        "logStreamName": "2025/04/23/[$LATEST]6921c2b4c87049688cabaf4fed356895",
        "timestamp": 1745368199775,
        "message": "FILE_TRANSFER RequestId: c4d9f123-3a22-4fdf-8488-81982a6fceb5\t TransferType: produced\t Action: upload_to_s3\t FileName: tree_ORTHOMCL938_Inner3.nexus\t Bucket: denethor\t FilePath: subtree/tree_ORTHOMCL938_Inner3.nexus\t LocalFilePath: /tmp/subtree/tree_ORTHOMCL938_Inner3.nexus\t FileSize: 187 bytes\t TransferDuration: 40.84507599986864 ms\n",
        "ingestionTime": 1745368207718,
        "eventId": "38923011500800368689861172321439201764515175680307363873"
    },
    {
        "logStreamName": "2025/04/23/[$LATEST]6921c2b4c87049688cabaf4fed356895",
        "timestamp": 1745368199822,
        "message": "FILE_TRANSFER RequestId: c4d9f123-3a22-4fdf-8488-81982a6fceb5\t TransferType: produced\t Action: upload_to_s3\t FileName: tree_ORTHOMCL938_Inner4.nexus\t Bucket: denethor\t FilePath: subtree/tree_ORTHOMCL938_Inner4.nexus\t LocalFilePath: /tmp/subtree/tree_ORTHOMCL938_Inner4.nexus\t FileSize: 407 bytes\t TransferDuration: 47.030582999923354 ms\n",
        "ingestionTime": 1745368207718,
        "eventId": "38923011501848503714192111609091380523329648671088443426"
    },
    {
        "logStreamName": "2025/04/23/[$LATEST]6921c2b4c87049688cabaf4fed356895",
        "timestamp": 1745368199822,
        "message": "PRODUCED_FILES_INFO RequestId: c4d9f123-3a22-4fdf-8488-81982a6fceb5\t FilesCount: 4 files\t FilesSize: 1036 bytes\t TransferDuration: 166.97135099980187 ms\t Provider: aws_lambda\t  ProducedFiles: ['tree_ORTHOMCL938_Inner1.nexus', 'tree_ORTHOMCL938_Inner2.nexus', 'tree_ORTHOMCL938_Inner3.nexus', 'tree_ORTHOMCL938_Inner4.nexus']\n",
        "ingestionTime": 1745368207718,
        "eventId": "38923011501848503714192111609091380523329648671088443427"
    },
    {
        "logStreamName": "2025/04/23/[$LATEST]6921c2b4c87049688cabaf4fed356895",
        "timestamp": 1745368199823,
        "message": "END RequestId: c4d9f123-3a22-4fdf-8488-81982a6fceb5\n",
        "ingestionTime": 1745368207718,
        "eventId": "38923011501870804459390642232232916241602297032594423844"
    },
    {
        "logStreamName": "2025/04/23/[$LATEST]6921c2b4c87049688cabaf4fed356895",
        "timestamp": 1745368199823,
        "message": "REPORT RequestId: c4d9f123-3a22-4fdf-8488-81982a6fceb5\tDuration: 317.90 ms\tBilled Duration: 318 ms\tMemory Size: 512 MB\tMax Memory Used: 113 MB\t\n",
        "ingestionTime": 1745368207718,
        "eventId": "38923011501870804459390642232232916241602297032594423845"
    },
    {
        "logStreamName": "2025/04/23/[$LATEST]6921c2b4c87049688cabaf4fed356895",
        "timestamp": 1745368200026,
        "message": "START RequestId: 3bba3060-2c2d-4eeb-aca3-6446a5e22b69 Version: $LATEST\n",
        "ingestionTime": 1745368207718,
        "eventId": "38923011506397855734692358729964667050949914418308448294"
    },
    {
        "logStreamName": "2025/04/23/[$LATEST]6921c2b4c87049688cabaf4fed356895",
        "timestamp": 1745368200075,
        "message": "FILE_TRANSFER RequestId: 3bba3060-2c2d-4eeb-aca3-6446a5e22b69\t TransferType: consumed\t Action: download_from_s3\t FileName: tree_ORTHOMCL1027.nexus\t Bucket: denethor\t FilePath: tree/tree_ORTHOMCL1027.nexus\t LocalFilePath: /tmp/tree/tree_ORTHOMCL1027.nexus\t FileSize: 399 bytes\t TransferDuration: 48.134791999927984 ms\n",
        "ingestionTime": 1745368207718,
        "eventId": "38923011507490592249420359263899917246309684132101488679"
    },
    {
        "logStreamName": "2025/04/23/[$LATEST]6921c2b4c87049688cabaf4fed356895",
        "timestamp": 1745368200075,
        "message": "CONSUMED_FILES_INFO RequestId: 3bba3060-2c2d-4eeb-aca3-6446a5e22b69\t FilesCount: 1 files\t FilesSize: 399 bytes\t TransferDuration: 48.134791999927984 ms\t ConsumedFiles: ['tree_ORTHOMCL1027.nexus']\n",
        "ingestionTime": 1745368207718,
        "eventId": "38923011507490592249420359263899917246309684132101488680"
    },
    {
        "logStreamName": "2025/04/23/[$LATEST]6921c2b4c87049688cabaf4fed356895",
        "timestamp": 1745368200075,
        "message": "Reading tree file tree_ORTHOMCL1027.nexus\n",
        "ingestionTime": 1745368207718,
        "eventId": "38923011507490592249420359263899917246309684132101488681"
    },
    {
        "logStreamName": "2025/04/23/[$LATEST]6921c2b4c87049688cabaf4fed356895",
        "timestamp": 1745368200076,
        "message": "Subtree file tree_ORTHOMCL1027_Inner4.nexus was created!\n",
        "ingestionTime": 1745368207718,
        "eventId": "38923011507512892994618889887041452964582332493607469098"
    },
    {
        "logStreamName": "2025/04/23/[$LATEST]6921c2b4c87049688cabaf4fed356895",
        "timestamp": 1745368200076,
        "message": "Subtree file tree_ORTHOMCL1027_Inner3.nexus was created!\n",
        "ingestionTime": 1745368207718,
        "eventId": "38923011507512892994618889887041452964582332493607469099"
    },
    {
        "logStreamName": "2025/04/23/[$LATEST]6921c2b4c87049688cabaf4fed356895",
        "timestamp": 1745368200076,
        "message": "Subtree file tree_ORTHOMCL1027_Inner2.nexus was created!\n",
        "ingestionTime": 1745368207718,
        "eventId": "38923011507512892994618889887041452964582332493607469100"
    },
    {
        "logStreamName": "2025/04/23/[$LATEST]6921c2b4c87049688cabaf4fed356895",
        "timestamp": 1745368200076,
        "message": "Subtree file tree_ORTHOMCL1027_Inner1.nexus was created!\n",
        "ingestionTime": 1745368207718,
        "eventId": "38923011507512892994618889887041452964582332493607469101"
    },
    {
        "logStreamName": "2025/04/23/[$LATEST]6921c2b4c87049688cabaf4fed356895",
        "timestamp": 1745368200076,
        "message": "Tempo de construção dos arquivos de subárvores de ['tree_ORTHOMCL1027.nexus']: 1.761709999982486 milissegundos\n",
        "ingestionTime": 1745368207718,
        "eventId": "38923011507512892994618889887041452964582332493607469102"
    },
    {
        "logStreamName": "2025/04/23/[$LATEST]6921c2b4c87049688cabaf4fed356895",
        "timestamp": 1745368200077,
        "message": "[INFO] 2025-04-23T00:30:00GMT SUBTREE_CONSTRUCTOR RequestId: 3bba3060-2c2d-4eeb-aca3-6446a5e22b69\t Duration: 1.761709999982486 ms\t InputTree: ['tree_ORTHOMCL1027.nexus']\t OutputSubtrees: ['tree_ORTHOMCL1027_Inner1.nexus', 'tree_ORTHOMCL1027_Inner2.nexus', 'tree_ORTHOMCL1027_Inner3.nexus', 'tree_ORTHOMCL1027_Inner4.nexus']\n",
        "ingestionTime": 1745368207718,
        "eventId": "38923011507535193739817420510182988682854980855113449519"
    },
    {
        "logStreamName": "2025/04/23/[$LATEST]6921c2b4c87049688cabaf4fed356895",
        "timestamp": 1745368200077,
        "message": "[INFO]\t2025-04-23T00:30:00.076Z\t3bba3060-2c2d-4eeb-aca3-6446a5e22b69\tSUBTREE_CONSTRUCTOR RequestId: 3bba3060-2c2d-4eeb-aca3-6446a5e22b69\t Duration: 1.761709999982486 ms\t InputTree: ['tree_ORTHOMCL1027.nexus']\t OutputSubtrees: ['tree_ORTHOMCL1027_Inner1.nexus', 'tree_ORTHOMCL1027_Inner2.nexus', 'tree_ORTHOMCL1027_Inner3.nexus', 'tree_ORTHOMCL1027_Inner4.nexus']\n",
        "ingestionTime": 1745368207718,
        "eventId": "38923011507535193739817420510182988682854980855113449520"
    },
    {
        "logStreamName": "2025/04/23/[$LATEST]6921c2b4c87049688cabaf4fed356895",
        "timestamp": 1745368200221,
        "message": "FILE_TRANSFER RequestId: 3bba3060-2c2d-4eeb-aca3-6446a5e22b69\t TransferType: produced\t Action: upload_to_s3\t FileName: tree_ORTHOMCL1027_Inner1.nexus\t Bucket: denethor\t FilePath: subtree/tree_ORTHOMCL1027_Inner1.nexus\t LocalFilePath: /tmp/subtree/tree_ORTHOMCL1027_Inner1.nexus\t FileSize: 185 bytes\t TransferDuration: 44.44535300012831 ms\n",
        "ingestionTime": 1745368207718,
        "eventId": "38923011510746501048405830242564132114116344911974629425"
    },
    {
        "logStreamName": "2025/04/23/[$LATEST]6921c2b4c87049688cabaf4fed356895",
        "timestamp": 1745368200272,
        "message": "FILE_TRANSFER RequestId: 3bba3060-2c2d-4eeb-aca3-6446a5e22b69\t TransferType: produced\t Action: upload_to_s3\t FileName: tree_ORTHOMCL1027_Inner2.nexus\t Bucket: denethor\t FilePath: subtree/tree_ORTHOMCL1027_Inner2.nexus\t LocalFilePath: /tmp/subtree/tree_ORTHOMCL1027_Inner2.nexus\t FileSize: 187 bytes\t TransferDuration: 50.46073900007286 ms\n",
        "ingestionTime": 1745368207718,
        "eventId": "38923011511883839053530892022782453746021411348779630642"
    },
    {
        "logStreamName": "2025/04/23/[$LATEST]6921c2b4c87049688cabaf4fed356895",
        "timestamp": 1745368200326,
        "message": "FILE_TRANSFER RequestId: 3bba3060-2c2d-4eeb-aca3-6446a5e22b69\t TransferType: produced\t Action: upload_to_s3\t FileName: tree_ORTHOMCL1027_Inner3.nexus\t Bucket: denethor\t FilePath: subtree/tree_ORTHOMCL1027_Inner3.nexus\t LocalFilePath: /tmp/subtree/tree_ORTHOMCL1027_Inner3.nexus\t FileSize: 245 bytes\t TransferDuration: 53.750118999914775 ms\n",
        "ingestionTime": 1745368207718,
        "eventId": "38923011513088079294251545672425382532744422870102573107"
    },
    {
        "logStreamName": "2025/04/23/[$LATEST]6921c2b4c87049688cabaf4fed356895",
        "timestamp": 1745368200368,
        "message": "FILE_TRANSFER RequestId: 3bba3060-2c2d-4eeb-aca3-6446a5e22b69\t TransferType: produced\t Action: upload_to_s3\t FileName: tree_ORTHOMCL1027_Inner4.nexus\t Bucket: denethor\t FilePath: subtree/tree_ORTHOMCL1027_Inner4.nexus\t LocalFilePath: /tmp/subtree/tree_ORTHOMCL1027_Inner4.nexus\t FileSize: 399 bytes\t TransferDuration: 42.528326000137895 ms\n",
        "ingestionTime": 1745368207718,
        "eventId": "38923011514024710592589831844369882700195654053353750580"
    },
    {
        "logStreamName": "2025/04/23/[$LATEST]6921c2b4c87049688cabaf4fed356895",
        "timestamp": 1745368200369,
        "message": "PRODUCED_FILES_INFO RequestId: 3bba3060-2c2d-4eeb-aca3-6446a5e22b69\t FilesCount: 4 files\t FilesSize: 1016 bytes\t TransferDuration: 191.18453700025384 ms\t Provider: aws_lambda\t  ProducedFiles: ['tree_ORTHOMCL1027_Inner1.nexus', 'tree_ORTHOMCL1027_Inner2.nexus', 'tree_ORTHOMCL1027_Inner3.nexus', 'tree_ORTHOMCL1027_Inner4.nexus']\n",
        "ingestionTime": 1745368207718,
        "eventId": "38923011514047011337788362467511418418468302414859730997"
    },
    {
        "logStreamName": "2025/04/23/[$LATEST]6921c2b4c87049688cabaf4fed356895",
        "timestamp": 1745368200370,
        "message": "END RequestId: 3bba3060-2c2d-4eeb-aca3-6446a5e22b69\n",
        "ingestionTime": 1745368207718,
        "eventId": "38923011514069312082986893090652954136740950776365711414"
    },
    {
        "logStreamName": "2025/04/23/[$LATEST]6921c2b4c87049688cabaf4fed356895",
        "timestamp": 1745368200370,
        "message": "REPORT RequestId: 3bba3060-2c2d-4eeb-aca3-6446a5e22b69\tDuration: 343.57 ms\tBilled Duration: 344 ms\tMemory Size: 512 MB\tMax Memory Used: 114 MB\t\n",
        "ingestionTime": 1745368207718,
        "eventId": "38923011514069312082986893090652954136740950776365711415"
    },
    {
        "logStreamName": "2025/04/23/[$LATEST]6921c2b4c87049688cabaf4fed356895",
        "timestamp": 1745368200550,
        "message": "START RequestId: 4f14c1b1-2a08-47ae-aa3d-ac4f3703d0d6 Version: $LATEST\n",
        "ingestionTime": 1745368207718,
        "eventId": "38923011518083446218722405256129383425817655847442186296"
    },
    {
        "logStreamName": "2025/04/23/[$LATEST]6921c2b4c87049688cabaf4fed356895",
        "timestamp": 1745368200602,
        "message": "FILE_TRANSFER RequestId: 4f14c1b1-2a08-47ae-aa3d-ac4f3703d0d6\t TransferType: consumed\t Action: download_from_s3\t FileName: tree_ORTHOMCL1370.nexus\t Bucket: denethor\t FilePath: tree/tree_ORTHOMCL1370.nexus\t LocalFilePath: /tmp/tree/tree_ORTHOMCL1370.nexus\t FileSize: 349 bytes\t TransferDuration: 51.22686099980456 ms\n",
        "ingestionTime": 1745368207718,
        "eventId": "38923011519243084969045997659489240775995370645753167929"
    },
    {
        "logStreamName": "2025/04/23/[$LATEST]6921c2b4c87049688cabaf4fed356895",
        "timestamp": 1745368200602,
        "message": "CONSUMED_FILES_INFO RequestId: 4f14c1b1-2a08-47ae-aa3d-ac4f3703d0d6\t FilesCount: 1 files\t FilesSize: 349 bytes\t TransferDuration: 51.22686099980456 ms\t ConsumedFiles: ['tree_ORTHOMCL1370.nexus']\n",
        "ingestionTime": 1745368207718,
        "eventId": "38923011519243084969045997659489240775995370645753167930"
    },
    {
        "logStreamName": "2025/04/23/[$LATEST]6921c2b4c87049688cabaf4fed356895",
        "timestamp": 1745368200602,
        "message": "Reading tree file tree_ORTHOMCL1370.nexus\n",
        "ingestionTime": 1745368207718,
        "eventId": "38923011519243084969045997659489240775995370645753167931"
    },
    {
        "logStreamName": "2025/04/23/[$LATEST]6921c2b4c87049688cabaf4fed356895",
        "timestamp": 1745368200603,
        "message": "Subtree file tree_ORTHOMCL1370_Inner3.nexus was created!\n",
        "ingestionTime": 1745368207718,
        "eventId": "38923011519265385714244528282630776494268019007259148348"
    },
    {
        "logStreamName": "2025/04/23/[$LATEST]6921c2b4c87049688cabaf4fed356895",
        "timestamp": 1745368200603,
        "message": "Subtree file tree_ORTHOMCL1370_Inner1.nexus was created!\n",
        "ingestionTime": 1745368207718,
        "eventId": "38923011519265385714244528282630776494268019007259148349"
    },
    {
        "logStreamName": "2025/04/23/[$LATEST]6921c2b4c87049688cabaf4fed356895",
        "timestamp": 1745368200603,
        "message": "Subtree file tree_ORTHOMCL1370_Inner2.nexus was created!\n",
        "ingestionTime": 1745368207718,
        "eventId": "38923011519265385714244528282630776494268019007259148350"
    },
    {
        "logStreamName": "2025/04/23/[$LATEST]6921c2b4c87049688cabaf4fed356895",
        "timestamp": 1745368200604,
        "message": "Tempo de construção dos arquivos de subárvores de ['tree_ORTHOMCL1370.nexus']: 1.377984999862747 milissegundos\n",
        "ingestionTime": 1745368207718,
        "eventId": "38923011519287686459443058905772312212540667368765128767"
    },
    {
        "logStreamName": "2025/04/23/[$LATEST]6921c2b4c87049688cabaf4fed356895",
        "timestamp": 1745368200604,
        "message": "[INFO] 2025-04-23T00:30:00GMT SUBTREE_CONSTRUCTOR RequestId: 4f14c1b1-2a08-47ae-aa3d-ac4f3703d0d6\t Duration: 1.377984999862747 ms\t InputTree: ['tree_ORTHOMCL1370.nexus']\t OutputSubtrees: ['tree_ORTHOMCL1370_Inner1.nexus', 'tree_ORTHOMCL1370_Inner2.nexus', 'tree_ORTHOMCL1370_Inner3.nexus']\n",
        "ingestionTime": 1745368207718,
        "eventId": "38923011519287686459443058905772312212540667368765128768"
    },
    {
        "logStreamName": "2025/04/23/[$LATEST]6921c2b4c87049688cabaf4fed356895",
        "timestamp": 1745368200604,
        "message": "[INFO]\t2025-04-23T00:30:00.604Z\t4f14c1b1-2a08-47ae-aa3d-ac4f3703d0d6\tSUBTREE_CONSTRUCTOR RequestId: 4f14c1b1-2a08-47ae-aa3d-ac4f3703d0d6\t Duration: 1.377984999862747 ms\t InputTree: ['tree_ORTHOMCL1370.nexus']\t OutputSubtrees: ['tree_ORTHOMCL1370_Inner1.nexus', 'tree_ORTHOMCL1370_Inner2.nexus', 'tree_ORTHOMCL1370_Inner3.nexus']\n",
        "ingestionTime": 1745368207718,
        "eventId": "38923011519287686459443058905772312212540667368765128769"
    },
    {
        "logStreamName": "2025/04/23/[$LATEST]6921c2b4c87049688cabaf4fed356895",
        "timestamp": 1745368200750,
        "message": "FILE_TRANSFER RequestId: 4f14c1b1-2a08-47ae-aa3d-ac4f3703d0d6\t TransferType: produced\t Action: upload_to_s3\t FileName: tree_ORTHOMCL1370_Inner1.nexus\t Bucket: denethor\t FilePath: subtree/tree_ORTHOMCL1370_Inner1.nexus\t LocalFilePath: /tmp/subtree/tree_ORTHOMCL1370_Inner1.nexus\t FileSize: 185 bytes\t TransferDuration: 45.484509000061735 ms\n",
        "ingestionTime": 1745368207718,
        "eventId": "38923011522543595258428529884436527080347328148638269506"
    },
    {
        "logStreamName": "2025/04/23/[$LATEST]6921c2b4c87049688cabaf4fed356895",
        "timestamp": 1745368200795,
        "message": "FILE_TRANSFER RequestId: 4f14c1b1-2a08-47ae-aa3d-ac4f3703d0d6\t TransferType: produced\t Action: upload_to_s3\t FileName: tree_ORTHOMCL1370_Inner2.nexus\t Bucket: denethor\t FilePath: subtree/tree_ORTHOMCL1370_Inner2.nexus\t LocalFilePath: /tmp/subtree/tree_ORTHOMCL1370_Inner2.nexus\t FileSize: 187 bytes\t TransferDuration: 45.16678099980709 ms\n",
        "ingestionTime": 1745368207718,
        "eventId": "38923011523547128792362407925805634402616504416407388227"
    },
    {
        "logStreamName": "2025/04/23/[$LATEST]6921c2b4c87049688cabaf4fed356895",
        "timestamp": 1745368200840,
        "message": "FILE_TRANSFER RequestId: 4f14c1b1-2a08-47ae-aa3d-ac4f3703d0d6\t TransferType: produced\t Action: upload_to_s3\t FileName: tree_ORTHOMCL1370_Inner3.nexus\t Bucket: denethor\t FilePath: subtree/tree_ORTHOMCL1370_Inner3.nexus\t LocalFilePath: /tmp/subtree/tree_ORTHOMCL1370_Inner3.nexus\t FileSize: 349 bytes\t TransferDuration: 44.98642699991251 ms\n",
        "ingestionTime": 1745368207718,
        "eventId": "38923011524550662326296285967174741724885680684176506948"
    },
    {
        "logStreamName": "2025/04/23/[$LATEST]6921c2b4c87049688cabaf4fed356895",
        "timestamp": 1745368200840,
        "message": "PRODUCED_FILES_INFO RequestId: 4f14c1b1-2a08-47ae-aa3d-ac4f3703d0d6\t FilesCount: 3 files\t FilesSize: 721 bytes\t TransferDuration: 135.63771699978133 ms\t Provider: aws_lambda\t  ProducedFiles: ['tree_ORTHOMCL1370_Inner1.nexus', 'tree_ORTHOMCL1370_Inner2.nexus', 'tree_ORTHOMCL1370_Inner3.nexus']\n",
        "ingestionTime": 1745368207718,
        "eventId": "38923011524550662326296285967174741724885680684176506949"
    },
    {
        "logStreamName": "2025/04/23/[$LATEST]6921c2b4c87049688cabaf4fed356895",
        "timestamp": 1745368200841,
        "message": "END RequestId: 4f14c1b1-2a08-47ae-aa3d-ac4f3703d0d6\n",
        "ingestionTime": 1745368207718,
        "eventId": "38923011524572963071494816590316277443158329045682487366"
    },
    {
        "logStreamName": "2025/04/23/[$LATEST]6921c2b4c87049688cabaf4fed356895",
        "timestamp": 1745368200841,
        "message": "REPORT RequestId: 4f14c1b1-2a08-47ae-aa3d-ac4f3703d0d6\tDuration: 290.71 ms\tBilled Duration: 291 ms\tMemory Size: 512 MB\tMax Memory Used: 114 MB\t\n",
        "ingestionTime": 1745368207718,
        "eventId": "38923011524572963071494816590316277443158329045682487367"
    },
    {
        "logStreamName": "2025/04/23/[$LATEST]6921c2b4c87049688cabaf4fed356895",
        "timestamp": 1745368201057,
        "message": "START RequestId: bcdea3e8-c809-4ea7-934a-6b21c878b6ae Version: $LATEST\n",
        "ingestionTime": 1745368207718,
        "eventId": "38923011529389924034377431188887992590050375130974257224"
    },
    {
        "logStreamName": "2025/04/23/[$LATEST]6921c2b4c87049688cabaf4fed356895",
        "timestamp": 1745368201109,
        "message": "FILE_TRANSFER RequestId: bcdea3e8-c809-4ea7-934a-6b21c878b6ae\t TransferType: consumed\t Action: download_from_s3\t FileName: tree_ORTHOMCL1678.nexus\t Bucket: denethor\t FilePath: tree/tree_ORTHOMCL1678.nexus\t LocalFilePath: /tmp/tree/tree_ORTHOMCL1678.nexus\t FileSize: 355 bytes\t TransferDuration: 52.232495999987805 ms\n",
        "ingestionTime": 1745368207718,
        "eventId": "38923011530549562784701023592247849940228089929285238857"
    },
    {
        "logStreamName": "2025/04/23/[$LATEST]6921c2b4c87049688cabaf4fed356895",
        "timestamp": 1745368201109,
        "message": "CONSUMED_FILES_INFO RequestId: bcdea3e8-c809-4ea7-934a-6b21c878b6ae\t FilesCount: 1 files\t FilesSize: 355 bytes\t TransferDuration: 52.232495999987805 ms\t ConsumedFiles: ['tree_ORTHOMCL1678.nexus']\n",
        "ingestionTime": 1745368207718,
        "eventId": "38923011530549562784701023592247849940228089929285238858"
    },
    {
        "logStreamName": "2025/04/23/[$LATEST]6921c2b4c87049688cabaf4fed356895",
        "timestamp": 1745368201109,
        "message": "Reading tree file tree_ORTHOMCL1678.nexus\n",
        "ingestionTime": 1745368207718,
        "eventId": "38923011530549562784701023592247849940228089929285238859"
    },
    {
        "logStreamName": "2025/04/23/[$LATEST]6921c2b4c87049688cabaf4fed356895",
        "timestamp": 1745368201110,
        "message": "Subtree file tree_ORTHOMCL1678_Inner3.nexus was created!\n",
        "ingestionTime": 1745368207718,
        "eventId": "38923011530571863529899554215389385658500738290791219276"
    },
    {
        "logStreamName": "2025/04/23/[$LATEST]6921c2b4c87049688cabaf4fed356895",
        "timestamp": 1745368201111,
        "message": "Subtree file tree_ORTHOMCL1678_Inner2.nexus was created!\n",
        "ingestionTime": 1745368207718,
        "eventId": "38923011530594164275098084838530921376773386652297199693"
    },
    {
        "logStreamName": "2025/04/23/[$LATEST]6921c2b4c87049688cabaf4fed356895",
        "timestamp": 1745368201111,
        "message": "Subtree file tree_ORTHOMCL1678_Inner1.nexus was created!\n",
        "ingestionTime": 1745368207718,
        "eventId": "38923011530594164275098084838530921376773386652297199694"
    },
    {
        "logStreamName": "2025/04/23/[$LATEST]6921c2b4c87049688cabaf4fed356895",
        "timestamp": 1745368201111,
        "message": "Tempo de construção dos arquivos de subárvores de ['tree_ORTHOMCL1678.nexus']: 1.3555809998706536 milissegundos\n",
        "ingestionTime": 1745368207718,
        "eventId": "38923011530594164275098084838530921376773386652297199695"
    },
    {
        "logStreamName": "2025/04/23/[$LATEST]6921c2b4c87049688cabaf4fed356895",
        "timestamp": 1745368201111,
        "message": "[INFO] 2025-04-23T00:30:01GMT SUBTREE_CONSTRUCTOR RequestId: bcdea3e8-c809-4ea7-934a-6b21c878b6ae\t Duration: 1.3555809998706536 ms\t InputTree: ['tree_ORTHOMCL1678.nexus']\t OutputSubtrees: ['tree_ORTHOMCL1678_Inner1.nexus', 'tree_ORTHOMCL1678_Inner2.nexus', 'tree_ORTHOMCL1678_Inner3.nexus']\n",
        "ingestionTime": 1745368207718,
        "eventId": "38923011530594164275098084838530921376773386652297199696"
    },
    {
        "logStreamName": "2025/04/23/[$LATEST]6921c2b4c87049688cabaf4fed356895",
        "timestamp": 1745368201111,
        "message": "[INFO]\t2025-04-23T00:30:01.111Z\tbcdea3e8-c809-4ea7-934a-6b21c878b6ae\tSUBTREE_CONSTRUCTOR RequestId: bcdea3e8-c809-4ea7-934a-6b21c878b6ae\t Duration: 1.3555809998706536 ms\t InputTree: ['tree_ORTHOMCL1678.nexus']\t OutputSubtrees: ['tree_ORTHOMCL1678_Inner1.nexus', 'tree_ORTHOMCL1678_Inner2.nexus', 'tree_ORTHOMCL1678_Inner3.nexus']\n",
        "ingestionTime": 1745368207718,
        "eventId": "38923011530594164275098084838530921376773386652297199697"
    },
    {
        "logStreamName": "2025/04/23/[$LATEST]6921c2b4c87049688cabaf4fed356895",
        "timestamp": 1745368201257,
        "message": "FILE_TRANSFER RequestId: bcdea3e8-c809-4ea7-934a-6b21c878b6ae\t TransferType: produced\t Action: upload_to_s3\t FileName: tree_ORTHOMCL1678_Inner1.nexus\t Bucket: denethor\t FilePath: subtree/tree_ORTHOMCL1678_Inner1.nexus\t LocalFilePath: /tmp/subtree/tree_ORTHOMCL1678_Inner1.nexus\t FileSize: 193 bytes\t TransferDuration: 45.90778700003284 ms\n",
        "ingestionTime": 1745368207718,
        "eventId": "38923011533850073074083555817195136244580047432170340434"
    },
    {
        "logStreamName": "2025/04/23/[$LATEST]6921c2b4c87049688cabaf4fed356895",
        "timestamp": 1745368201302,
        "message": "FILE_TRANSFER RequestId: bcdea3e8-c809-4ea7-934a-6b21c878b6ae\t TransferType: produced\t Action: upload_to_s3\t FileName: tree_ORTHOMCL1678_Inner2.nexus\t Bucket: denethor\t FilePath: subtree/tree_ORTHOMCL1678_Inner2.nexus\t LocalFilePath: /tmp/subtree/tree_ORTHOMCL1678_Inner2.nexus\t FileSize: 193 bytes\t TransferDuration: 45.10924399983196 ms\n",
        "ingestionTime": 1745368207718,
        "eventId": "38923011534853606608017433858564243566849223699939459155"
    },
    {
        "logStreamName": "2025/04/23/[$LATEST]6921c2b4c87049688cabaf4fed356895",
        "timestamp": 1745368201341,
        "message": "FILE_TRANSFER RequestId: bcdea3e8-c809-4ea7-934a-6b21c878b6ae\t TransferType: produced\t Action: upload_to_s3\t FileName: tree_ORTHOMCL1678_Inner3.nexus\t Bucket: denethor\t FilePath: subtree/tree_ORTHOMCL1678_Inner3.nexus\t LocalFilePath: /tmp/subtree/tree_ORTHOMCL1678_Inner3.nexus\t FileSize: 355 bytes\t TransferDuration: 38.80727399996431 ms\n",
        "ingestionTime": 1745368207718,
        "eventId": "38923011535723335670760128161084136579482509798672695380"
    },
    {
        "logStreamName": "2025/04/23/[$LATEST]6921c2b4c87049688cabaf4fed356895",
        "timestamp": 1745368201341,
        "message": "PRODUCED_FILES_INFO RequestId: bcdea3e8-c809-4ea7-934a-6b21c878b6ae\t FilesCount: 3 files\t FilesSize: 741 bytes\t TransferDuration: 129.8243049998291 ms\t Provider: aws_lambda\t  ProducedFiles: ['tree_ORTHOMCL1678_Inner1.nexus', 'tree_ORTHOMCL1678_Inner2.nexus', 'tree_ORTHOMCL1678_Inner3.nexus']\n",
        "ingestionTime": 1745368207718,
        "eventId": "38923011535723335670760128161084136579482509798672695381"
    },
    {
        "logStreamName": "2025/04/23/[$LATEST]6921c2b4c87049688cabaf4fed356895",
        "timestamp": 1745368201343,
        "message": "END RequestId: bcdea3e8-c809-4ea7-934a-6b21c878b6ae\n",
        "ingestionTime": 1745368207718,
        "eventId": "38923011535767937161157189407367208016027806521684656214"
    },
    {
        "logStreamName": "2025/04/23/[$LATEST]6921c2b4c87049688cabaf4fed356895",
        "timestamp": 1745368201343,
        "message": "REPORT RequestId: bcdea3e8-c809-4ea7-934a-6b21c878b6ae\tDuration: 286.02 ms\tBilled Duration: 287 ms\tMemory Size: 512 MB\tMax Memory Used: 114 MB\t\n",
        "ingestionTime": 1745368207718,
        "eventId": "38923011535767937161157189407367208016027806521684656215"
    }
]