[
    {
        "logStreamName": "2025/04/23/[$LATEST]7531943872ff4a40a41d911fc55962b7",
        "timestamp": 1745367924485,
        "message": "INIT_START Runtime Version: python:3.10.v64\tRuntime Version ARN: arn:aws:lambda:sa-east-1::runtime:d56bdc8857b2109a058de2ab50bfb80ac2aa600be6f7855a436859944e5fe54b\n",
        "ingestionTime": 1745367933108,
        "eventId": "38923005361628222986365927356087677204120295842553462784"
    },
    {
        "logStreamName": "2025/04/23/[$LATEST]7531943872ff4a40a41d911fc55962b7",
        "timestamp": 1745367925306,
        "message": "START RequestId: d7b3e2e9-6c69-4175-8e99-47afca65fb3a Version: $LATEST\n",
        "ingestionTime": 1745367933108,
        "eventId": "38923005379937134794359568955288501905964600638963384321"
    },
    {
        "logStreamName": "2025/04/23/[$LATEST]7531943872ff4a40a41d911fc55962b7",
        "timestamp": 1745367925307,
        "message": "Directory /tmp/tree was created!\n",
        "ingestionTime": 1745367933108,
        "eventId": "38923005379959435539558099578430037624237249000469364738"
    },
    {
        "logStreamName": "2025/04/23/[$LATEST]7531943872ff4a40a41d911fc55962b7",
        "timestamp": 1745367925307,
        "message": "Directory /tmp/subtree was created!\n",
        "ingestionTime": 1745367933108,
        "eventId": "38923005379959435539558099578430037624237249000469364739"
    },
    {
        "logStreamName": "2025/04/23/[$LATEST]7531943872ff4a40a41d911fc55962b7",
        "timestamp": 1745367925632,
        "message": "FILE_TRANSFER RequestId: d7b3e2e9-6c69-4175-8e99-47afca65fb3a\t TransferType: consumed\t Action: download_from_s3\t FileName: tree_ORTHOMCL371.nexus\t Bucket: denethor\t FilePath: tree/tree_ORTHOMCL371.nexus\t LocalFilePath: /tmp/tree/tree_ORTHOMCL371.nexus\t FileSize: 511 bytes\t TransferDuration: 325.56057499999724 ms\n",
        "ingestionTime": 1745367933108,
        "eventId": "38923005387207177729080552099429146062847966489912999940"
    },
    {
        "logStreamName": "2025/04/23/[$LATEST]7531943872ff4a40a41d911fc55962b7",
        "timestamp": 1745367925650,
        "message": "CONSUMED_FILES_INFO RequestId: d7b3e2e9-6c69-4175-8e99-47afca65fb3a\t FilesCount: 1 files\t FilesSize: 511 bytes\t TransferDuration: 325.56057499999724 ms\t ConsumedFiles: ['tree_ORTHOMCL371.nexus']\n",
        "ingestionTime": 1745367933108,
        "eventId": "38923005387608591142654103315976788991755636997020647429"
    },
    {
        "logStreamName": "2025/04/23/[$LATEST]7531943872ff4a40a41d911fc55962b7",
        "timestamp": 1745367925650,
        "message": "Reading tree file tree_ORTHOMCL371.nexus\n",
        "ingestionTime": 1745367933108,
        "eventId": "38923005387608591142654103315976788991755636997020647430"
    },
    {
        "logStreamName": "2025/04/23/[$LATEST]7531943872ff4a40a41d911fc55962b7",
        "timestamp": 1745367925651,
        "message": "Subtree file tree_ORTHOMCL371_Inner6.nexus was created!\n",
        "ingestionTime": 1745367933108,
        "eventId": "38923005387630891887852633939118324710028285358526627847"
    },
    {
        "logStreamName": "2025/04/23/[$LATEST]7531943872ff4a40a41d911fc55962b7",
        "timestamp": 1745367925651,
        "message": "Subtree file tree_ORTHOMCL371_Inner4.nexus was created!\n",
        "ingestionTime": 1745367933108,
        "eventId": "38923005387630891887852633939118324710028285358526627848"
    },
    {
        "logStreamName": "2025/04/23/[$LATEST]7531943872ff4a40a41d911fc55962b7",
        "timestamp": 1745367925652,
        "message": "Subtree file tree_ORTHOMCL371_Inner3.nexus was created!\n",
        "ingestionTime": 1745367933108,
        "eventId": "38923005387653192633051164562259860428300933720032608265"
    },
    {
        "logStreamName": "2025/04/23/[$LATEST]7531943872ff4a40a41d911fc55962b7",
        "timestamp": 1745367925652,
        "message": "Subtree file tree_ORTHOMCL371_Inner1.nexus was created!\n",
        "ingestionTime": 1745367933108,
        "eventId": "38923005387653192633051164562259860428300933720032608266"
    },
    {
        "logStreamName": "2025/04/23/[$LATEST]7531943872ff4a40a41d911fc55962b7",
        "timestamp": 1745367925652,
        "message": "Subtree file tree_ORTHOMCL371_Inner2.nexus was created!\n",
        "ingestionTime": 1745367933108,
        "eventId": "38923005387653192633051164562259860428300933720032608267"
    },
    {
        "logStreamName": "2025/04/23/[$LATEST]7531943872ff4a40a41d911fc55962b7",
        "timestamp": 1745367925652,
        "message": "Subtree file tree_ORTHOMCL371_Inner5.nexus was created!\n",
        "ingestionTime": 1745367933108,
        "eventId": "38923005387653192633051164562259860428300933720032608268"
    },
    {
        "logStreamName": "2025/04/23/[$LATEST]7531943872ff4a40a41d911fc55962b7",
        "timestamp": 1745367925652,
        "message": "Tempo de construção dos arquivos de subárvores de ['tree_ORTHOMCL371.nexus']: 2.665681999985736 milissegundos\n",
        "ingestionTime": 1745367933108,
        "eventId": "38923005387653192633051164562259860428300933720032608269"
    },
    {
        "logStreamName": "2025/04/23/[$LATEST]7531943872ff4a40a41d911fc55962b7",
        "timestamp": 1745367925652,
        "message": "[INFO] 2025-04-23T00:25:25GMT SUBTREE_CONSTRUCTOR RequestId: d7b3e2e9-6c69-4175-8e99-47afca65fb3a\t Duration: 2.665681999985736 ms\t InputTree: ['tree_ORTHOMCL371.nexus']\t OutputSubtrees: ['tree_ORTHOMCL371_Inner1.nexus', 'tree_ORTHOMCL371_Inner2.nexus', 'tree_ORTHOMCL371_Inner3.nexus', 'tree_ORTHOMCL371_Inner4.nexus', 'tree_ORTHOMCL371_Inner5.nexus', 'tree_ORTHOMCL371_Inner6.nexus']\n",
        "ingestionTime": 1745367933108,
        "eventId": "38923005387653192633051164562259860428300933720032608270"
    },
    {
        "logStreamName": "2025/04/23/[$LATEST]7531943872ff4a40a41d911fc55962b7",
        "timestamp": 1745367925652,
        "message": "[INFO]\t2025-04-23T00:25:25.652Z\td7b3e2e9-6c69-4175-8e99-47afca65fb3a\tSUBTREE_CONSTRUCTOR RequestId: d7b3e2e9-6c69-4175-8e99-47afca65fb3a\t Duration: 2.665681999985736 ms\t InputTree: ['tree_ORTHOMCL371.nexus']\t OutputSubtrees: ['tree_ORTHOMCL371_Inner1.nexus', 'tree_ORTHOMCL371_Inner2.nexus', 'tree_ORTHOMCL371_Inner3.nexus', 'tree_ORTHOMCL371_Inner4.nexus', 'tree_ORTHOMCL371_Inner5.nexus', 'tree_ORTHOMCL371_Inner6.nexus']\n",
        "ingestionTime": 1745367933108,
        "eventId": "38923005387653192633051164562259860428300933720032608271"
    },
    {
        "logStreamName": "2025/04/23/[$LATEST]7531943872ff4a40a41d911fc55962b7",
        "timestamp": 1745367925835,
        "message": "FILE_TRANSFER RequestId: d7b3e2e9-6c69-4175-8e99-47afca65fb3a\t TransferType: produced\t Action: upload_to_s3\t FileName: tree_ORTHOMCL371_Inner1.nexus\t Bucket: denethor\t FilePath: subtree/tree_ORTHOMCL371_Inner1.nexus\t LocalFilePath: /tmp/subtree/tree_ORTHOMCL371_Inner1.nexus\t FileSize: 187 bytes\t TransferDuration: 81.8182419999971 ms\n",
        "ingestionTime": 1745367933108,
        "eventId": "38923005391734229004382268597160896872195583875627024400"
    },
    {
        "logStreamName": "2025/04/23/[$LATEST]7531943872ff4a40a41d911fc55962b7",
        "timestamp": 1745367925923,
        "message": "FILE_TRANSFER RequestId: d7b3e2e9-6c69-4175-8e99-47afca65fb3a\t TransferType: produced\t Action: upload_to_s3\t FileName: tree_ORTHOMCL371_Inner2.nexus\t Bucket: denethor\t FilePath: subtree/tree_ORTHOMCL371_Inner2.nexus\t LocalFilePath: /tmp/subtree/tree_ORTHOMCL371_Inner2.nexus\t FileSize: 183 bytes\t TransferDuration: 88.0155560000162 ms\n",
        "ingestionTime": 1745367933108,
        "eventId": "38923005393696694581852963433616040080188639688153301009"
    },
    {
        "logStreamName": "2025/04/23/[$LATEST]7531943872ff4a40a41d911fc55962b7",
        "timestamp": 1745367925978,
        "message": "FILE_TRANSFER RequestId: d7b3e2e9-6c69-4175-8e99-47afca65fb3a\t TransferType: produced\t Action: upload_to_s3\t FileName: tree_ORTHOMCL371_Inner3.nexus\t Bucket: denethor\t FilePath: subtree/tree_ORTHOMCL371_Inner3.nexus\t LocalFilePath: /tmp/subtree/tree_ORTHOMCL371_Inner3.nexus\t FileSize: 299 bytes\t TransferDuration: 55.593661999978394 ms\n",
        "ingestionTime": 1745367933108,
        "eventId": "38923005394923235567772147706400504585184299570982223890"
    },
    {
        "logStreamName": "2025/04/23/[$LATEST]7531943872ff4a40a41d911fc55962b7",
        "timestamp": 1745367926059,
        "message": "FILE_TRANSFER RequestId: d7b3e2e9-6c69-4175-8e99-47afca65fb3a\t TransferType: produced\t Action: upload_to_s3\t FileName: tree_ORTHOMCL371_Inner4.nexus\t Bucket: denethor\t FilePath: subtree/tree_ORTHOMCL371_Inner4.nexus\t LocalFilePath: /tmp/subtree/tree_ORTHOMCL371_Inner4.nexus\t FileSize: 357 bytes\t TransferDuration: 80.91605099997423 ms\n",
        "ingestionTime": 1745367933108,
        "eventId": "38923005396729595928853128180864897765268816852966637587"
    },
    {
        "logStreamName": "2025/04/23/[$LATEST]7531943872ff4a40a41d911fc55962b7",
        "timestamp": 1745367926116,
        "message": "FILE_TRANSFER RequestId: d7b3e2e9-6c69-4175-8e99-47afca65fb3a\t TransferType: produced\t Action: upload_to_s3\t FileName: tree_ORTHOMCL371_Inner5.nexus\t Bucket: denethor\t FilePath: subtree/tree_ORTHOMCL371_Inner5.nexus\t LocalFilePath: /tmp/subtree/tree_ORTHOMCL371_Inner5.nexus\t FileSize: 185 bytes\t TransferDuration: 56.19458199998917 ms\n",
        "ingestionTime": 1745367933108,
        "eventId": "38923005398000738405169373699932433706809773458807521300"
    },
    {
        "logStreamName": "2025/04/23/[$LATEST]7531943872ff4a40a41d911fc55962b7",
        "timestamp": 1745367926196,
        "message": "FILE_TRANSFER RequestId: d7b3e2e9-6c69-4175-8e99-47afca65fb3a\t TransferType: produced\t Action: upload_to_s3\t FileName: tree_ORTHOMCL371_Inner6.nexus\t Bucket: denethor\t FilePath: subtree/tree_ORTHOMCL371_Inner6.nexus\t LocalFilePath: /tmp/subtree/tree_ORTHOMCL371_Inner6.nexus\t FileSize: 511 bytes\t TransferDuration: 79.85657000000401 ms\n",
        "ingestionTime": 1745367933108,
        "eventId": "38923005399784798021051823551255291168621642379285954581"
    },
    {
        "logStreamName": "2025/04/23/[$LATEST]7531943872ff4a40a41d911fc55962b7",
        "timestamp": 1745367926196,
        "message": "PRODUCED_FILES_INFO RequestId: d7b3e2e9-6c69-4175-8e99-47afca65fb3a\t FilesCount: 6 files\t FilesSize: 1722 bytes\t TransferDuration: 442.3946629999591 ms\t Provider: aws_lambda\t  ProducedFiles: ['tree_ORTHOMCL371_Inner1.nexus', 'tree_ORTHOMCL371_Inner2.nexus', 'tree_ORTHOMCL371_Inner3.nexus', 'tree_ORTHOMCL371_Inner4.nexus', 'tree_ORTHOMCL371_Inner5.nexus', 'tree_ORTHOMCL371_Inner6.nexus']\n",
        "ingestionTime": 1745367933108,
        "eventId": "38923005399784798021051823551255291168621642379285954582"
    },
    {
        "logStreamName": "2025/04/23/[$LATEST]7531943872ff4a40a41d911fc55962b7",
        "timestamp": 1745367926210,
        "message": "END RequestId: d7b3e2e9-6c69-4175-8e99-47afca65fb3a\n",
        "ingestionTime": 1745367933108,
        "eventId": "38923005400097008453831252275236791224438719440369680407"
    },
    {
        "logStreamName": "2025/04/23/[$LATEST]7531943872ff4a40a41d911fc55962b7",
        "timestamp": 1745367926210,
        "message": "REPORT RequestId: d7b3e2e9-6c69-4175-8e99-47afca65fb3a\tDuration: 904.42 ms\tBilled Duration: 905 ms\tMemory Size: 128 MB\tMax Memory Used: 111 MB\tInit Duration: 820.15 ms\t\n",
        "ingestionTime": 1745367933108,
        "eventId": "38923005400097008453831252275236791224438719440369680408"
    },
    {
        "logStreamName": "2025/04/23/[$LATEST]7531943872ff4a40a41d911fc55962b7",
        "timestamp": 1745367926440,
        "message": "START RequestId: acf645dd-aef9-41de-b1e2-c6cca7f04993 Version: $LATEST\n",
        "ingestionTime": 1745367933108,
        "eventId": "38923005405226179849493295597790006427147842586745176089"
    },
    {
        "logStreamName": "2025/04/23/[$LATEST]7531943872ff4a40a41d911fc55962b7",
        "timestamp": 1745367926510,
        "message": "FILE_TRANSFER RequestId: acf645dd-aef9-41de-b1e2-c6cca7f04993\t TransferType: consumed\t Action: download_from_s3\t FileName: tree_ORTHOMCL1313.nexus\t Bucket: denethor\t FilePath: tree/tree_ORTHOMCL1313.nexus\t LocalFilePath: /tmp/tree/tree_ORTHOMCL1313.nexus\t FileSize: 357 bytes\t TransferDuration: 69.40964299997177 ms\n",
        "ingestionTime": 1745367933108,
        "eventId": "38923005406787232013390439217697506706233227892163805210"
    },
    {
        "logStreamName": "2025/04/23/[$LATEST]7531943872ff4a40a41d911fc55962b7",
        "timestamp": 1745367926530,
        "message": "CONSUMED_FILES_INFO RequestId: acf645dd-aef9-41de-b1e2-c6cca7f04993\t FilesCount: 1 files\t FilesSize: 357 bytes\t TransferDuration: 69.40964299997177 ms\t ConsumedFiles: ['tree_ORTHOMCL1313.nexus']\n",
        "ingestionTime": 1745367933108,
        "eventId": "38923005407233246917361051680528221071686195122283413531"
    },
    {
        "logStreamName": "2025/04/23/[$LATEST]7531943872ff4a40a41d911fc55962b7",
        "timestamp": 1745367926530,
        "message": "Reading tree file tree_ORTHOMCL1313.nexus\n",
        "ingestionTime": 1745367933108,
        "eventId": "38923005407233246917361051680528221071686195122283413532"
    },
    {
        "logStreamName": "2025/04/23/[$LATEST]7531943872ff4a40a41d911fc55962b7",
        "timestamp": 1745367926531,
        "message": "Subtree file tree_ORTHOMCL1313_Inner3.nexus was created!\n",
        "ingestionTime": 1745367933108,
        "eventId": "38923005407255547662559582303669756789958843483789393949"
    },
    {
        "logStreamName": "2025/04/23/[$LATEST]7531943872ff4a40a41d911fc55962b7",
        "timestamp": 1745367926531,
        "message": "Subtree file tree_ORTHOMCL1313_Inner2.nexus was created!\n",
        "ingestionTime": 1745367933108,
        "eventId": "38923005407255547662559582303669756789958843483789393950"
    },
    {
        "logStreamName": "2025/04/23/[$LATEST]7531943872ff4a40a41d911fc55962b7",
        "timestamp": 1745367926531,
        "message": "Subtree file tree_ORTHOMCL1313_Inner1.nexus was created!\n",
        "ingestionTime": 1745367933108,
        "eventId": "38923005407255547662559582303669756789958843483789393951"
    },
    {
        "logStreamName": "2025/04/23/[$LATEST]7531943872ff4a40a41d911fc55962b7",
        "timestamp": 1745367926531,
        "message": "Tempo de construção dos arquivos de subárvores de ['tree_ORTHOMCL1313.nexus']: 1.4083510000091337 milissegundos\n",
        "ingestionTime": 1745367933108,
        "eventId": "38923005407255547662559582303669756789958843483789393952"
    },
    {
        "logStreamName": "2025/04/23/[$LATEST]7531943872ff4a40a41d911fc55962b7",
        "timestamp": 1745367926531,
        "message": "[INFO] 2025-04-23T00:25:26GMT SUBTREE_CONSTRUCTOR RequestId: acf645dd-aef9-41de-b1e2-c6cca7f04993\t Duration: 1.4083510000091337 ms\t InputTree: ['tree_ORTHOMCL1313.nexus']\t OutputSubtrees: ['tree_ORTHOMCL1313_Inner1.nexus', 'tree_ORTHOMCL1313_Inner2.nexus', 'tree_ORTHOMCL1313_Inner3.nexus']\n",
        "ingestionTime": 1745367933108,
        "eventId": "38923005407255547662559582303669756789958843483789393953"
    },
    {
        "logStreamName": "2025/04/23/[$LATEST]7531943872ff4a40a41d911fc55962b7",
        "timestamp": 1745367926531,
        "message": "[INFO]\t2025-04-23T00:25:26.531Z\tacf645dd-aef9-41de-b1e2-c6cca7f04993\tSUBTREE_CONSTRUCTOR RequestId: acf645dd-aef9-41de-b1e2-c6cca7f04993\t Duration: 1.4083510000091337 ms\t InputTree: ['tree_ORTHOMCL1313.nexus']\t OutputSubtrees: ['tree_ORTHOMCL1313_Inner1.nexus', 'tree_ORTHOMCL1313_Inner2.nexus', 'tree_ORTHOMCL1313_Inner3.nexus']\n",
        "ingestionTime": 1745367933108,
        "eventId": "38923005407255547662559582303669756789958843483789393954"
    },
    {
        "logStreamName": "2025/04/23/[$LATEST]7531943872ff4a40a41d911fc55962b7",
        "timestamp": 1745367926701,
        "message": "FILE_TRANSFER RequestId: acf645dd-aef9-41de-b1e2-c6cca7f04993\t TransferType: produced\t Action: upload_to_s3\t FileName: tree_ORTHOMCL1313_Inner1.nexus\t Bucket: denethor\t FilePath: subtree/tree_ORTHOMCL1313_Inner1.nexus\t LocalFilePath: /tmp/subtree/tree_ORTHOMCL1313_Inner1.nexus\t FileSize: 193 bytes\t TransferDuration: 69.06116200002543 ms\n",
        "ingestionTime": 1745367933108,
        "eventId": "38923005411046674346309788237730828896309064939806064675"
    },
    {
        "logStreamName": "2025/04/23/[$LATEST]7531943872ff4a40a41d911fc55962b7",
        "timestamp": 1745367926771,
        "message": "FILE_TRANSFER RequestId: acf645dd-aef9-41de-b1e2-c6cca7f04993\t TransferType: produced\t Action: upload_to_s3\t FileName: tree_ORTHOMCL1313_Inner2.nexus\t Bucket: denethor\t FilePath: subtree/tree_ORTHOMCL1313_Inner2.nexus\t LocalFilePath: /tmp/subtree/tree_ORTHOMCL1313_Inner2.nexus\t FileSize: 187 bytes\t TransferDuration: 70.50335299999233 ms\n",
        "ingestionTime": 1745367933108,
        "eventId": "38923005412607726510206931857638329175394450245224693796"
    },
    {
        "logStreamName": "2025/04/23/[$LATEST]7531943872ff4a40a41d911fc55962b7",
        "timestamp": 1745367926857,
        "message": "FILE_TRANSFER RequestId: acf645dd-aef9-41de-b1e2-c6cca7f04993\t TransferType: produced\t Action: upload_to_s3\t FileName: tree_ORTHOMCL1313_Inner3.nexus\t Bucket: denethor\t FilePath: subtree/tree_ORTHOMCL1313_Inner3.nexus\t LocalFilePath: /tmp/subtree/tree_ORTHOMCL1313_Inner3.nexus\t FileSize: 357 bytes\t TransferDuration: 86.1052650000147 ms\n",
        "ingestionTime": 1745367933108,
        "eventId": "38923005414525590597280565447810400946842209334739009573"
    },
    {
        "logStreamName": "2025/04/23/[$LATEST]7531943872ff4a40a41d911fc55962b7",
        "timestamp": 1745367926858,
        "message": "PRODUCED_FILES_INFO RequestId: acf645dd-aef9-41de-b1e2-c6cca7f04993\t FilesCount: 3 files\t FilesSize: 737 bytes\t TransferDuration: 225.66978000003246 ms\t Provider: aws_lambda\t  ProducedFiles: ['tree_ORTHOMCL1313_Inner1.nexus', 'tree_ORTHOMCL1313_Inner2.nexus', 'tree_ORTHOMCL1313_Inner3.nexus']\n",
        "ingestionTime": 1745367933108,
        "eventId": "38923005414547891342479096070951936665114857696244989990"
    },
    {
        "logStreamName": "2025/04/23/[$LATEST]7531943872ff4a40a41d911fc55962b7",
        "timestamp": 1745367926870,
        "message": "END RequestId: acf645dd-aef9-41de-b1e2-c6cca7f04993\n",
        "ingestionTime": 1745367933108,
        "eventId": "38923005414815500284861463548650365284386638034316754983"
    },
    {
        "logStreamName": "2025/04/23/[$LATEST]7531943872ff4a40a41d911fc55962b7",
        "timestamp": 1745367926870,
        "message": "REPORT RequestId: acf645dd-aef9-41de-b1e2-c6cca7f04993\tDuration: 430.44 ms\tBilled Duration: 431 ms\tMemory Size: 128 MB\tMax Memory Used: 111 MB\t\n",
        "ingestionTime": 1745367933108,
        "eventId": "38923005414815500284861463548650365284386638034316754984"
    }
]