[
    {
        "logStreamName": "2025/04/23/[$LATEST]0fbe232a71814ed7b9d08a071e55bd61",
        "timestamp": 1745368301928,
        "message": "START RequestId: 1b16593e-56f7-4e30-ae98-3c631109f1b9 Version: $LATEST\n",
        "ingestionTime": 1745368310956,
        "eventId": "38923013778888392955359918223544004704329058094501920768"
    },
    {
        "logStreamName": "2025/04/23/[$LATEST]0fbe232a71814ed7b9d08a071e55bd61",
        "timestamp": 1745368302002,
        "message": "FILE_TRANSFER RequestId: 1b16593e-56f7-4e30-ae98-3c631109f1b9\t TransferType: consumed\t Action: download_from_s3\t FileName: tree_ORTHOMCL458.nexus\t Bucket: denethor\t FilePath: tree/tree_ORTHOMCL458.nexus\t LocalFilePath: /tmp/tree/tree_ORTHOMCL458.nexus\t FileSize: 453 bytes\t TransferDuration: 73.49759499993525 ms\n",
        "ingestionTime": 1745368310956,
        "eventId": "38923013780538648100051184336017647856505036845944471553"
    },
    {
        "logStreamName": "2025/04/23/[$LATEST]0fbe232a71814ed7b9d08a071e55bd61",
        "timestamp": 1745368302002,
        "message": "CONSUMED_FILES_INFO RequestId: 1b16593e-56f7-4e30-ae98-3c631109f1b9\t FilesCount: 1 files\t FilesSize: 453 bytes\t TransferDuration: 73.49759499993525 ms\t ConsumedFiles: ['tree_ORTHOMCL458.nexus']\n",
        "ingestionTime": 1745368310956,
        "eventId": "38923013780538648100051184336017647856505036845944471554"
    },
    {
        "logStreamName": "2025/04/23/[$LATEST]0fbe232a71814ed7b9d08a071e55bd61",
        "timestamp": 1745368302002,
        "message": "Reading tree file tree_ORTHOMCL458.nexus\n",
        "ingestionTime": 1745368310956,
        "eventId": "38923013780538648100051184336017647856505036845944471555"
    },
    {
        "logStreamName": "2025/04/23/[$LATEST]0fbe232a71814ed7b9d08a071e55bd61",
        "timestamp": 1745368302004,
        "message": "Subtree file tree_ORTHOMCL458_Inner5.nexus was created!\n",
        "ingestionTime": 1745368310956,
        "eventId": "38923013780583249590448245582300719293050333568956432388"
    },
    {
        "logStreamName": "2025/04/23/[$LATEST]0fbe232a71814ed7b9d08a071e55bd61",
        "timestamp": 1745368302004,
        "message": "Subtree file tree_ORTHOMCL458_Inner4.nexus was created!\n",
        "ingestionTime": 1745368310956,
        "eventId": "38923013780583249590448245582300719293050333568956432389"
    },
    {
        "logStreamName": "2025/04/23/[$LATEST]0fbe232a71814ed7b9d08a071e55bd61",
        "timestamp": 1745368302004,
        "message": "Subtree file tree_ORTHOMCL458_Inner3.nexus was created!\n",
        "ingestionTime": 1745368310956,
        "eventId": "38923013780583249590448245582300719293050333568956432390"
    },
    {
        "logStreamName": "2025/04/23/[$LATEST]0fbe232a71814ed7b9d08a071e55bd61",
        "timestamp": 1745368302004,
        "message": "Subtree file tree_ORTHOMCL458_Inner2.nexus was created!\n",
        "ingestionTime": 1745368310956,
        "eventId": "38923013780583249590448245582300719293050333568956432391"
    },
    {
        "logStreamName": "2025/04/23/[$LATEST]0fbe232a71814ed7b9d08a071e55bd61",
        "timestamp": 1745368302005,
        "message": "Subtree file tree_ORTHOMCL458_Inner1.nexus was created!\n",
        "ingestionTime": 1745368310956,
        "eventId": "38923013780605550335646776205442255011322981930462412808"
    },
    {
        "logStreamName": "2025/04/23/[$LATEST]0fbe232a71814ed7b9d08a071e55bd61",
        "timestamp": 1745368302005,
        "message": "Tempo de construção dos arquivos de subárvores de ['tree_ORTHOMCL458.nexus']: 2.859273000012763 milissegundos\n",
        "ingestionTime": 1745368310956,
        "eventId": "38923013780605550335646776205442255011322981930462412809"
    },
    {
        "logStreamName": "2025/04/23/[$LATEST]0fbe232a71814ed7b9d08a071e55bd61",
        "timestamp": 1745368302005,
        "message": "[INFO] 2025-04-23T00:31:42GMT SUBTREE_CONSTRUCTOR RequestId: 1b16593e-56f7-4e30-ae98-3c631109f1b9\t Duration: 2.859273000012763 ms\t InputTree: ['tree_ORTHOMCL458.nexus']\t OutputSubtrees: ['tree_ORTHOMCL458_Inner1.nexus', 'tree_ORTHOMCL458_Inner2.nexus', 'tree_ORTHOMCL458_Inner3.nexus', 'tree_ORTHOMCL458_Inner4.nexus', 'tree_ORTHOMCL458_Inner5.nexus']\n",
        "ingestionTime": 1745368310956,
        "eventId": "38923013780605550335646776205442255011322981930462412810"
    },
    {
        "logStreamName": "2025/04/23/[$LATEST]0fbe232a71814ed7b9d08a071e55bd61",
        "timestamp": 1745368302005,
        "message": "[INFO]\t2025-04-23T00:31:42.005Z\t1b16593e-56f7-4e30-ae98-3c631109f1b9\tSUBTREE_CONSTRUCTOR RequestId: 1b16593e-56f7-4e30-ae98-3c631109f1b9\t Duration: 2.859273000012763 ms\t InputTree: ['tree_ORTHOMCL458.nexus']\t OutputSubtrees: ['tree_ORTHOMCL458_Inner1.nexus', 'tree_ORTHOMCL458_Inner2.nexus', 'tree_ORTHOMCL458_Inner3.nexus', 'tree_ORTHOMCL458_Inner4.nexus', 'tree_ORTHOMCL458_Inner5.nexus']\n",
        "ingestionTime": 1745368310956,
        "eventId": "38923013780605550335646776205442255011322981930462412811"
    },
    {
        "logStreamName": "2025/04/23/[$LATEST]0fbe232a71814ed7b9d08a071e55bd61",
        "timestamp": 1745368302144,
        "message": "FILE_TRANSFER RequestId: 1b16593e-56f7-4e30-ae98-3c631109f1b9\t TransferType: produced\t Action: upload_to_s3\t FileName: tree_ORTHOMCL458_Inner1.nexus\t Bucket: denethor\t FilePath: subtree/tree_ORTHOMCL458_Inner1.nexus\t LocalFilePath: /tmp/subtree/tree_ORTHOMCL458_Inner1.nexus\t FileSize: 185 bytes\t TransferDuration: 37.96602800002802 ms\n",
        "ingestionTime": 1745368310956,
        "eventId": "38923013783705353918242532822115719851221104179793690636"
    },
    {
        "logStreamName": "2025/04/23/[$LATEST]0fbe232a71814ed7b9d08a071e55bd61",
        "timestamp": 1745368302179,
        "message": "FILE_TRANSFER RequestId: 1b16593e-56f7-4e30-ae98-3c631109f1b9\t TransferType: produced\t Action: upload_to_s3\t FileName: tree_ORTHOMCL458_Inner2.nexus\t Bucket: denethor\t FilePath: subtree/tree_ORTHOMCL458_Inner2.nexus\t LocalFilePath: /tmp/subtree/tree_ORTHOMCL458_Inner2.nexus\t FileSize: 243 bytes\t TransferDuration: 34.7144060001483 ms\n",
        "ingestionTime": 1745368310956,
        "eventId": "38923013784485880000191104632069469990763796832503005197"
    },
    {
        "logStreamName": "2025/04/23/[$LATEST]0fbe232a71814ed7b9d08a071e55bd61",
        "timestamp": 1745368302215,
        "message": "FILE_TRANSFER RequestId: 1b16593e-56f7-4e30-ae98-3c631109f1b9\t TransferType: produced\t Action: upload_to_s3\t FileName: tree_ORTHOMCL458_Inner3.nexus\t Bucket: denethor\t FilePath: subtree/tree_ORTHOMCL458_Inner3.nexus\t LocalFilePath: /tmp/subtree/tree_ORTHOMCL458_Inner3.nexus\t FileSize: 299 bytes\t TransferDuration: 35.90998799973022 ms\n",
        "ingestionTime": 1745368310956,
        "eventId": "38923013785288706827338207065164755848579137846718300174"
    },
    {
        "logStreamName": "2025/04/23/[$LATEST]0fbe232a71814ed7b9d08a071e55bd61",
        "timestamp": 1745368302258,
        "message": "FILE_TRANSFER RequestId: 1b16593e-56f7-4e30-ae98-3c631109f1b9\t TransferType: produced\t Action: upload_to_s3\t FileName: tree_ORTHOMCL458_Inner4.nexus\t Bucket: denethor\t FilePath: subtree/tree_ORTHOMCL458_Inner4.nexus\t LocalFilePath: /tmp/subtree/tree_ORTHOMCL458_Inner4.nexus\t FileSize: 185 bytes\t TransferDuration: 43.249193000065134 ms\n",
        "ingestionTime": 1745368310956,
        "eventId": "38923013786247638870875023860250791734303017391475458063"
    },
    {
        "logStreamName": "2025/04/23/[$LATEST]0fbe232a71814ed7b9d08a071e55bd61",
        "timestamp": 1745368302295,
        "message": "FILE_TRANSFER RequestId: 1b16593e-56f7-4e30-ae98-3c631109f1b9\t TransferType: produced\t Action: upload_to_s3\t FileName: tree_ORTHOMCL458_Inner5.nexus\t Bucket: denethor\t FilePath: subtree/tree_ORTHOMCL458_Inner5.nexus\t LocalFilePath: /tmp/subtree/tree_ORTHOMCL458_Inner5.nexus\t FileSize: 453 bytes\t TransferDuration: 36.61045799981366 ms\n",
        "ingestionTime": 1745368310956,
        "eventId": "38923013787072766443220656916487613310391006767196733456"
    },
    {
        "logStreamName": "2025/04/23/[$LATEST]0fbe232a71814ed7b9d08a071e55bd61",
        "timestamp": 1745368302295,
        "message": "PRODUCED_FILES_INFO RequestId: 1b16593e-56f7-4e30-ae98-3c631109f1b9\t FilesCount: 5 files\t FilesSize: 1365 bytes\t TransferDuration: 188.45007299978533 ms\t Provider: aws_lambda\t  ProducedFiles: ['tree_ORTHOMCL458_Inner1.nexus', 'tree_ORTHOMCL458_Inner2.nexus', 'tree_ORTHOMCL458_Inner3.nexus', 'tree_ORTHOMCL458_Inner4.nexus', 'tree_ORTHOMCL458_Inner5.nexus']\n",
        "ingestionTime": 1745368310956,
        "eventId": "38923013787072766443220656916487613310391006767196733457"
    },
    {
        "logStreamName": "2025/04/23/[$LATEST]0fbe232a71814ed7b9d08a071e55bd61",
        "timestamp": 1745368302296,
        "message": "END RequestId: 1b16593e-56f7-4e30-ae98-3c631109f1b9\n",
        "ingestionTime": 1745368310956,
        "eventId": "38923013787095067188419187539629149028663655128702713874"
    },
    {
        "logStreamName": "2025/04/23/[$LATEST]0fbe232a71814ed7b9d08a071e55bd61",
        "timestamp": 1745368302296,
        "message": "REPORT RequestId: 1b16593e-56f7-4e30-ae98-3c631109f1b9\tDuration: 367.60 ms\tBilled Duration: 368 ms\tMemory Size: 2048 MB\tMax Memory Used: 113 MB\t\n",
        "ingestionTime": 1745368310956,
        "eventId": "38923013787095067188419187539629149028663655128702713875"
    },
    {
        "logStreamName": "2025/04/23/[$LATEST]0fbe232a71814ed7b9d08a071e55bd61",
        "timestamp": 1745368302548,
        "message": "START RequestId: 07c67ec0-b3b0-47ca-ad1b-1222835dcaea Version: $LATEST\n",
        "ingestionTime": 1745368310956,
        "eventId": "38923013792714854978448904571296150033371042228209778708"
    },
    {
        "logStreamName": "2025/04/23/[$LATEST]0fbe232a71814ed7b9d08a071e55bd61",
        "timestamp": 1745368302593,
        "message": "FILE_TRANSFER RequestId: 07c67ec0-b3b0-47ca-ad1b-1222835dcaea\t TransferType: consumed\t Action: download_from_s3\t FileName: tree_ORTHOMCL938.nexus\t Bucket: denethor\t FilePath: tree/tree_ORTHOMCL938.nexus\t LocalFilePath: /tmp/tree/tree_ORTHOMCL938.nexus\t FileSize: 407 bytes\t TransferDuration: 44.179553000049054 ms\n",
        "ingestionTime": 1745368310956,
        "eventId": "38923013793718388512382782612665257355640218495978897429"
    },
    {
        "logStreamName": "2025/04/23/[$LATEST]0fbe232a71814ed7b9d08a071e55bd61",
        "timestamp": 1745368302593,
        "message": "CONSUMED_FILES_INFO RequestId: 07c67ec0-b3b0-47ca-ad1b-1222835dcaea\t FilesCount: 1 files\t FilesSize: 407 bytes\t TransferDuration: 44.179553000049054 ms\t ConsumedFiles: ['tree_ORTHOMCL938.nexus']\n",
        "ingestionTime": 1745368310956,
        "eventId": "38923013793718388512382782612665257355640218495978897430"
    },
    {
        "logStreamName": "2025/04/23/[$LATEST]0fbe232a71814ed7b9d08a071e55bd61",
        "timestamp": 1745368302593,
        "message": "Reading tree file tree_ORTHOMCL938.nexus\n",
        "ingestionTime": 1745368310956,
        "eventId": "38923013793718388512382782612665257355640218495978897431"
    },
    {
        "logStreamName": "2025/04/23/[$LATEST]0fbe232a71814ed7b9d08a071e55bd61",
        "timestamp": 1745368302594,
        "message": "Subtree file tree_ORTHOMCL938_Inner4.nexus was created!\n",
        "ingestionTime": 1745368310956,
        "eventId": "38923013793740689257581313235806793073912866857484877848"
    },
    {
        "logStreamName": "2025/04/23/[$LATEST]0fbe232a71814ed7b9d08a071e55bd61",
        "timestamp": 1745368302594,
        "message": "Subtree file tree_ORTHOMCL938_Inner3.nexus was created!\n",
        "ingestionTime": 1745368310956,
        "eventId": "38923013793740689257581313235806793073912866857484877849"
    },
    {
        "logStreamName": "2025/04/23/[$LATEST]0fbe232a71814ed7b9d08a071e55bd61",
        "timestamp": 1745368302595,
        "message": "Subtree file tree_ORTHOMCL938_Inner2.nexus was created!\n",
        "ingestionTime": 1745368310956,
        "eventId": "38923013793762990002779843858948328792185515218990858266"
    },
    {
        "logStreamName": "2025/04/23/[$LATEST]0fbe232a71814ed7b9d08a071e55bd61",
        "timestamp": 1745368302595,
        "message": "Subtree file tree_ORTHOMCL938_Inner1.nexus was created!\n",
        "ingestionTime": 1745368310956,
        "eventId": "38923013793762990002779843858948328792185515218990858267"
    },
    {
        "logStreamName": "2025/04/23/[$LATEST]0fbe232a71814ed7b9d08a071e55bd61",
        "timestamp": 1745368302595,
        "message": "Tempo de construção dos arquivos de subárvores de ['tree_ORTHOMCL938.nexus']: 1.5901119995760382 milissegundos\n",
        "ingestionTime": 1745368310956,
        "eventId": "38923013793762990002779843858948328792185515218990858268"
    },
    {
        "logStreamName": "2025/04/23/[$LATEST]0fbe232a71814ed7b9d08a071e55bd61",
        "timestamp": 1745368302595,
        "message": "[INFO] 2025-04-23T00:31:42GMT SUBTREE_CONSTRUCTOR RequestId: 07c67ec0-b3b0-47ca-ad1b-1222835dcaea\t Duration: 1.5901119995760382 ms\t InputTree: ['tree_ORTHOMCL938.nexus']\t OutputSubtrees: ['tree_ORTHOMCL938_Inner1.nexus', 'tree_ORTHOMCL938_Inner2.nexus', 'tree_ORTHOMCL938_Inner3.nexus', 'tree_ORTHOMCL938_Inner4.nexus']\n",
        "ingestionTime": 1745368310956,
        "eventId": "38923013793762990002779843858948328792185515218990858269"
    },
    {
        "logStreamName": "2025/04/23/[$LATEST]0fbe232a71814ed7b9d08a071e55bd61",
        "timestamp": 1745368302595,
        "message": "[INFO]\t2025-04-23T00:31:42.595Z\t07c67ec0-b3b0-47ca-ad1b-1222835dcaea\tSUBTREE_CONSTRUCTOR RequestId: 07c67ec0-b3b0-47ca-ad1b-1222835dcaea\t Duration: 1.5901119995760382 ms\t InputTree: ['tree_ORTHOMCL938.nexus']\t OutputSubtrees: ['tree_ORTHOMCL938_Inner1.nexus', 'tree_ORTHOMCL938_Inner2.nexus', 'tree_ORTHOMCL938_Inner3.nexus', 'tree_ORTHOMCL938_Inner4.nexus']\n",
        "ingestionTime": 1745368310956,
        "eventId": "38923013793762990002779843858948328792185515218990858270"
    },
    {
        "logStreamName": "2025/04/23/[$LATEST]0fbe232a71814ed7b9d08a071e55bd61",
        "timestamp": 1745368302739,
        "message": "FILE_TRANSFER RequestId: 07c67ec0-b3b0-47ca-ad1b-1222835dcaea\t TransferType: produced\t Action: upload_to_s3\t FileName: tree_ORTHOMCL938_Inner1.nexus\t Bucket: denethor\t FilePath: subtree/tree_ORTHOMCL938_Inner1.nexus\t LocalFilePath: /tmp/subtree/tree_ORTHOMCL938_Inner1.nexus\t FileSize: 193 bytes\t TransferDuration: 44.15002399991863 ms\n",
        "ingestionTime": 1745368310956,
        "eventId": "38923013796974297311368253591329472223446879275852038175"
    },
    {
        "logStreamName": "2025/04/23/[$LATEST]0fbe232a71814ed7b9d08a071e55bd61",
        "timestamp": 1745368302776,
        "message": "FILE_TRANSFER RequestId: 07c67ec0-b3b0-47ca-ad1b-1222835dcaea\t TransferType: produced\t Action: upload_to_s3\t FileName: tree_ORTHOMCL938_Inner2.nexus\t Bucket: denethor\t FilePath: subtree/tree_ORTHOMCL938_Inner2.nexus\t LocalFilePath: /tmp/subtree/tree_ORTHOMCL938_Inner2.nexus\t FileSize: 249 bytes\t TransferDuration: 36.68352700015021 ms\n",
        "ingestionTime": 1745368310956,
        "eventId": "38923013797799424883713886647566293799534868651573313568"
    },
    {
        "logStreamName": "2025/04/23/[$LATEST]0fbe232a71814ed7b9d08a071e55bd61",
        "timestamp": 1745368302813,
        "message": "FILE_TRANSFER RequestId: 07c67ec0-b3b0-47ca-ad1b-1222835dcaea\t TransferType: produced\t Action: upload_to_s3\t FileName: tree_ORTHOMCL938_Inner3.nexus\t Bucket: denethor\t FilePath: subtree/tree_ORTHOMCL938_Inner3.nexus\t LocalFilePath: /tmp/subtree/tree_ORTHOMCL938_Inner3.nexus\t FileSize: 187 bytes\t TransferDuration: 36.17624700018496 ms\n",
        "ingestionTime": 1745368310956,
        "eventId": "38923013798624552456059519703803115375622858027294588961"
    },
    {
        "logStreamName": "2025/04/23/[$LATEST]0fbe232a71814ed7b9d08a071e55bd61",
        "timestamp": 1745368302852,
        "message": "FILE_TRANSFER RequestId: 07c67ec0-b3b0-47ca-ad1b-1222835dcaea\t TransferType: produced\t Action: upload_to_s3\t FileName: tree_ORTHOMCL938_Inner4.nexus\t Bucket: denethor\t FilePath: subtree/tree_ORTHOMCL938_Inner4.nexus\t LocalFilePath: /tmp/subtree/tree_ORTHOMCL938_Inner4.nexus\t FileSize: 407 bytes\t TransferDuration: 39.09465899960196 ms\n",
        "ingestionTime": 1745368310956,
        "eventId": "38923013799494281518802214006323008388256144126027825186"
    },
    {
        "logStreamName": "2025/04/23/[$LATEST]0fbe232a71814ed7b9d08a071e55bd61",
        "timestamp": 1745368302852,
        "message": "PRODUCED_FILES_INFO RequestId: 07c67ec0-b3b0-47ca-ad1b-1222835dcaea\t FilesCount: 4 files\t FilesSize: 1036 bytes\t TransferDuration: 156.10445699985576 ms\t Provider: aws_lambda\t  ProducedFiles: ['tree_ORTHOMCL938_Inner1.nexus', 'tree_ORTHOMCL938_Inner2.nexus', 'tree_ORTHOMCL938_Inner3.nexus', 'tree_ORTHOMCL938_Inner4.nexus']\n",
        "ingestionTime": 1745368310956,
        "eventId": "38923013799494281518802214006323008388256144126027825187"
    },
    {
        "logStreamName": "2025/04/23/[$LATEST]0fbe232a71814ed7b9d08a071e55bd61",
        "timestamp": 1745368302853,
        "message": "END RequestId: 07c67ec0-b3b0-47ca-ad1b-1222835dcaea\n",
        "ingestionTime": 1745368310956,
        "eventId": "38923013799516582264000744629464544106528792487533805604"
    },
    {
        "logStreamName": "2025/04/23/[$LATEST]0fbe232a71814ed7b9d08a071e55bd61",
        "timestamp": 1745368302853,
        "message": "REPORT RequestId: 07c67ec0-b3b0-47ca-ad1b-1222835dcaea\tDuration: 304.62 ms\tBilled Duration: 305 ms\tMemory Size: 2048 MB\tMax Memory Used: 113 MB\t\n",
        "ingestionTime": 1745368310956,
        "eventId": "38923013799516582264000744629464544106528792487533805605"
    },
    {
        "logStreamName": "2025/04/23/[$LATEST]0fbe232a71814ed7b9d08a071e55bd61",
        "timestamp": 1745368303055,
        "message": "START RequestId: 1a19222b-fd4a-4e5f-8628-a49cfb48a2ab Version: $LATEST\n",
        "ingestionTime": 1745368310956,
        "eventId": "38923013804021332794103930504054759197603761511741849638"
    },
    {
        "logStreamName": "2025/04/23/[$LATEST]0fbe232a71814ed7b9d08a071e55bd61",
        "timestamp": 1745368303096,
        "message": "FILE_TRANSFER RequestId: 1a19222b-fd4a-4e5f-8628-a49cfb48a2ab\t TransferType: consumed\t Action: download_from_s3\t FileName: tree_ORTHOMCL1027.nexus\t Bucket: denethor\t FilePath: tree/tree_ORTHOMCL1027.nexus\t LocalFilePath: /tmp/tree/tree_ORTHOMCL1027.nexus\t FileSize: 399 bytes\t TransferDuration: 40.43906099968808 ms\n",
        "ingestionTime": 1745368310956,
        "eventId": "38923013804935663347243686052857723646782344333487046695"
    },
    {
        "logStreamName": "2025/04/23/[$LATEST]0fbe232a71814ed7b9d08a071e55bd61",
        "timestamp": 1745368303096,
        "message": "CONSUMED_FILES_INFO RequestId: 1a19222b-fd4a-4e5f-8628-a49cfb48a2ab\t FilesCount: 1 files\t FilesSize: 399 bytes\t TransferDuration: 40.43906099968808 ms\t ConsumedFiles: ['tree_ORTHOMCL1027.nexus']\n",
        "ingestionTime": 1745368310956,
        "eventId": "38923013804935663347243686052857723646782344333487046696"
    },
    {
        "logStreamName": "2025/04/23/[$LATEST]0fbe232a71814ed7b9d08a071e55bd61",
        "timestamp": 1745368303096,
        "message": "Reading tree file tree_ORTHOMCL1027.nexus\n",
        "ingestionTime": 1745368310956,
        "eventId": "38923013804935663347243686052857723646782344333487046697"
    },
    {
        "logStreamName": "2025/04/23/[$LATEST]0fbe232a71814ed7b9d08a071e55bd61",
        "timestamp": 1745368303097,
        "message": "Subtree file tree_ORTHOMCL1027_Inner4.nexus was created!\n",
        "ingestionTime": 1745368310956,
        "eventId": "38923013804957964092442216675999259365054992694993027114"
    },
    {
        "logStreamName": "2025/04/23/[$LATEST]0fbe232a71814ed7b9d08a071e55bd61",
        "timestamp": 1745368303097,
        "message": "Subtree file tree_ORTHOMCL1027_Inner3.nexus was created!\n",
        "ingestionTime": 1745368310956,
        "eventId": "38923013804957964092442216675999259365054992694993027115"
    },
    {
        "logStreamName": "2025/04/23/[$LATEST]0fbe232a71814ed7b9d08a071e55bd61",
        "timestamp": 1745368303097,
        "message": "Subtree file tree_ORTHOMCL1027_Inner2.nexus was created!\n",
        "ingestionTime": 1745368310956,
        "eventId": "38923013804957964092442216675999259365054992694993027116"
    },
    {
        "logStreamName": "2025/04/23/[$LATEST]0fbe232a71814ed7b9d08a071e55bd61",
        "timestamp": 1745368303097,
        "message": "Subtree file tree_ORTHOMCL1027_Inner1.nexus was created!\n",
        "ingestionTime": 1745368310956,
        "eventId": "38923013804957964092442216675999259365054992694993027117"
    },
    {
        "logStreamName": "2025/04/23/[$LATEST]0fbe232a71814ed7b9d08a071e55bd61",
        "timestamp": 1745368303098,
        "message": "Tempo de construção dos arquivos de subárvores de ['tree_ORTHOMCL1027.nexus']: 1.5499409996664326 milissegundos\n",
        "ingestionTime": 1745368310956,
        "eventId": "38923013804980264837640747299140795083327641056499007534"
    },
    {
        "logStreamName": "2025/04/23/[$LATEST]0fbe232a71814ed7b9d08a071e55bd61",
        "timestamp": 1745368303098,
        "message": "[INFO] 2025-04-23T00:31:43GMT SUBTREE_CONSTRUCTOR RequestId: 1a19222b-fd4a-4e5f-8628-a49cfb48a2ab\t Duration: 1.5499409996664326 ms\t InputTree: ['tree_ORTHOMCL1027.nexus']\t OutputSubtrees: ['tree_ORTHOMCL1027_Inner1.nexus', 'tree_ORTHOMCL1027_Inner2.nexus', 'tree_ORTHOMCL1027_Inner3.nexus', 'tree_ORTHOMCL1027_Inner4.nexus']\n",
        "ingestionTime": 1745368310956,
        "eventId": "38923013804980264837640747299140795083327641056499007535"
    },
    {
        "logStreamName": "2025/04/23/[$LATEST]0fbe232a71814ed7b9d08a071e55bd61",
        "timestamp": 1745368303098,
        "message": "[INFO]\t2025-04-23T00:31:43.098Z\t1a19222b-fd4a-4e5f-8628-a49cfb48a2ab\tSUBTREE_CONSTRUCTOR RequestId: 1a19222b-fd4a-4e5f-8628-a49cfb48a2ab\t Duration: 1.5499409996664326 ms\t InputTree: ['tree_ORTHOMCL1027.nexus']\t OutputSubtrees: ['tree_ORTHOMCL1027_Inner1.nexus', 'tree_ORTHOMCL1027_Inner2.nexus', 'tree_ORTHOMCL1027_Inner3.nexus', 'tree_ORTHOMCL1027_Inner4.nexus']\n",
        "ingestionTime": 1745368310956,
        "eventId": "38923013804980264837640747299140795083327641056499007536"
    },
    {
        "logStreamName": "2025/04/23/[$LATEST]0fbe232a71814ed7b9d08a071e55bd61",
        "timestamp": 1745368303233,
        "message": "FILE_TRANSFER RequestId: 1a19222b-fd4a-4e5f-8628-a49cfb48a2ab\t TransferType: produced\t Action: upload_to_s3\t FileName: tree_ORTHOMCL1027_Inner1.nexus\t Bucket: denethor\t FilePath: subtree/tree_ORTHOMCL1027_Inner1.nexus\t LocalFilePath: /tmp/subtree/tree_ORTHOMCL1027_Inner1.nexus\t FileSize: 185 bytes\t TransferDuration: 34.75964600011139 ms\n",
        "ingestionTime": 1745368310956,
        "eventId": "38923013807990865439442381423248117050135169859806363697"
    },
    {
        "logStreamName": "2025/04/23/[$LATEST]0fbe232a71814ed7b9d08a071e55bd61",
        "timestamp": 1745368303272,
        "message": "FILE_TRANSFER RequestId: 1a19222b-fd4a-4e5f-8628-a49cfb48a2ab\t TransferType: produced\t Action: upload_to_s3\t FileName: tree_ORTHOMCL1027_Inner2.nexus\t Bucket: denethor\t FilePath: subtree/tree_ORTHOMCL1027_Inner2.nexus\t LocalFilePath: /tmp/subtree/tree_ORTHOMCL1027_Inner2.nexus\t FileSize: 187 bytes\t TransferDuration: 39.113430000270455 ms\n",
        "ingestionTime": 1745368310956,
        "eventId": "38923013808860594502185075725768010062768455958539599922"
    },
    {
        "logStreamName": "2025/04/23/[$LATEST]0fbe232a71814ed7b9d08a071e55bd61",
        "timestamp": 1745368303312,
        "message": "FILE_TRANSFER RequestId: 1a19222b-fd4a-4e5f-8628-a49cfb48a2ab\t TransferType: produced\t Action: upload_to_s3\t FileName: tree_ORTHOMCL1027_Inner3.nexus\t Bucket: denethor\t FilePath: subtree/tree_ORTHOMCL1027_Inner3.nexus\t LocalFilePath: /tmp/subtree/tree_ORTHOMCL1027_Inner3.nexus\t FileSize: 245 bytes\t TransferDuration: 40.05000100005418 ms\n",
        "ingestionTime": 1745368310956,
        "eventId": "38923013809752624310126300651429438793674390418778816563"
    },
    {
        "logStreamName": "2025/04/23/[$LATEST]0fbe232a71814ed7b9d08a071e55bd61",
        "timestamp": 1745368303354,
        "message": "FILE_TRANSFER RequestId: 1a19222b-fd4a-4e5f-8628-a49cfb48a2ab\t TransferType: produced\t Action: upload_to_s3\t FileName: tree_ORTHOMCL1027_Inner4.nexus\t Bucket: denethor\t FilePath: subtree/tree_ORTHOMCL1027_Inner4.nexus\t LocalFilePath: /tmp/subtree/tree_ORTHOMCL1027_Inner4.nexus\t FileSize: 399 bytes\t TransferDuration: 41.5863910002372 ms\n",
        "ingestionTime": 1745368310956,
        "eventId": "38923013810689255608464586823373938961125621602029994036"
    },
    {
        "logStreamName": "2025/04/23/[$LATEST]0fbe232a71814ed7b9d08a071e55bd61",
        "timestamp": 1745368303354,
        "message": "PRODUCED_FILES_INFO RequestId: 1a19222b-fd4a-4e5f-8628-a49cfb48a2ab\t FilesCount: 4 files\t FilesSize: 1016 bytes\t TransferDuration: 155.50946800067322 ms\t Provider: aws_lambda\t  ProducedFiles: ['tree_ORTHOMCL1027_Inner1.nexus', 'tree_ORTHOMCL1027_Inner2.nexus', 'tree_ORTHOMCL1027_Inner3.nexus', 'tree_ORTHOMCL1027_Inner4.nexus']\n",
        "ingestionTime": 1745368310956,
        "eventId": "38923013810689255608464586823373938961125621602029994037"
    },
    {
        "logStreamName": "2025/04/23/[$LATEST]0fbe232a71814ed7b9d08a071e55bd61",
        "timestamp": 1745368303355,
        "message": "END RequestId: 1a19222b-fd4a-4e5f-8628-a49cfb48a2ab\n",
        "ingestionTime": 1745368310956,
        "eventId": "38923013810711556353663117446515474679398269963535974454"
    },
    {
        "logStreamName": "2025/04/23/[$LATEST]0fbe232a71814ed7b9d08a071e55bd61",
        "timestamp": 1745368303355,
        "message": "REPORT RequestId: 1a19222b-fd4a-4e5f-8628-a49cfb48a2ab\tDuration: 299.92 ms\tBilled Duration: 300 ms\tMemory Size: 2048 MB\tMax Memory Used: 113 MB\t\n",
        "ingestionTime": 1745368310956,
        "eventId": "38923013810711556353663117446515474679398269963535974455"
    },
    {
        "logStreamName": "2025/04/23/[$LATEST]0fbe232a71814ed7b9d08a071e55bd61",
        "timestamp": 1745368303563,
        "message": "START RequestId: f9ebcf06-fef2-4755-8653-f3fcb2671b11 Version: $LATEST\n",
        "ingestionTime": 1745368310956,
        "eventId": "38923013815350111354957487059954904080109129156779900984"
    },
    {
        "logStreamName": "2025/04/23/[$LATEST]0fbe232a71814ed7b9d08a071e55bd61",
        "timestamp": 1745368303605,
        "message": "FILE_TRANSFER RequestId: f9ebcf06-fef2-4755-8653-f3fcb2671b11\t TransferType: consumed\t Action: download_from_s3\t FileName: tree_ORTHOMCL1370.nexus\t Bucket: denethor\t FilePath: tree/tree_ORTHOMCL1370.nexus\t LocalFilePath: /tmp/tree/tree_ORTHOMCL1370.nexus\t FileSize: 349 bytes\t TransferDuration: 41.57705200032069 ms\n",
        "ingestionTime": 1745368310956,
        "eventId": "38923013816286742653295773231899404247560360340031078457"
    },
    {
        "logStreamName": "2025/04/23/[$LATEST]0fbe232a71814ed7b9d08a071e55bd61",
        "timestamp": 1745368303605,
        "message": "CONSUMED_FILES_INFO RequestId: f9ebcf06-fef2-4755-8653-f3fcb2671b11\t FilesCount: 1 files\t FilesSize: 349 bytes\t TransferDuration: 41.57705200032069 ms\t ConsumedFiles: ['tree_ORTHOMCL1370.nexus']\n",
        "ingestionTime": 1745368310956,
        "eventId": "38923013816286742653295773231899404247560360340031078458"
    },
    {
        "logStreamName": "2025/04/23/[$LATEST]0fbe232a71814ed7b9d08a071e55bd61",
        "timestamp": 1745368303605,
        "message": "Reading tree file tree_ORTHOMCL1370.nexus\n",
        "ingestionTime": 1745368310956,
        "eventId": "38923013816286742653295773231899404247560360340031078459"
    },
    {
        "logStreamName": "2025/04/23/[$LATEST]0fbe232a71814ed7b9d08a071e55bd61",
        "timestamp": 1745368303606,
        "message": "Subtree file tree_ORTHOMCL1370_Inner3.nexus was created!\n",
        "ingestionTime": 1745368310956,
        "eventId": "38923013816309043398494303855040939965833008701537058876"
    },
    {
        "logStreamName": "2025/04/23/[$LATEST]0fbe232a71814ed7b9d08a071e55bd61",
        "timestamp": 1745368303606,
        "message": "Subtree file tree_ORTHOMCL1370_Inner1.nexus was created!\n",
        "ingestionTime": 1745368310956,
        "eventId": "38923013816309043398494303855040939965833008701537058877"
    },
    {
        "logStreamName": "2025/04/23/[$LATEST]0fbe232a71814ed7b9d08a071e55bd61",
        "timestamp": 1745368303606,
        "message": "Subtree file tree_ORTHOMCL1370_Inner2.nexus was created!\n",
        "ingestionTime": 1745368310956,
        "eventId": "38923013816309043398494303855040939965833008701537058878"
    },
    {
        "logStreamName": "2025/04/23/[$LATEST]0fbe232a71814ed7b9d08a071e55bd61",
        "timestamp": 1745368303606,
        "message": "Tempo de construção dos arquivos de subárvores de ['tree_ORTHOMCL1370.nexus']: 1.3847309996890544 milissegundos\n",
        "ingestionTime": 1745368310956,
        "eventId": "38923013816309043398494303855040939965833008701537058879"
    },
    {
        "logStreamName": "2025/04/23/[$LATEST]0fbe232a71814ed7b9d08a071e55bd61",
        "timestamp": 1745368303607,
        "message": "[INFO]\t2025-04-23T00:31:43.606Z\tf9ebcf06-fef2-4755-8653-f3fcb2671b11\tSUBTREE_CONSTRUCTOR RequestId: f9ebcf06-fef2-4755-8653-f3fcb2671b11\t Duration: 1.3847309996890544 ms\t InputTree: ['tree_ORTHOMCL1370.nexus']\t OutputSubtrees: ['tree_ORTHOMCL1370_Inner1.nexus', 'tree_ORTHOMCL1370_Inner2.nexus', 'tree_ORTHOMCL1370_Inner3.nexus']\n",
        "ingestionTime": 1745368310956,
        "eventId": "38923013816331344143692834478182475684105657063043039296"
    },
    {
        "logStreamName": "2025/04/23/[$LATEST]0fbe232a71814ed7b9d08a071e55bd61",
        "timestamp": 1745368303607,
        "message": "[INFO] 2025-04-23T00:31:43GMT SUBTREE_CONSTRUCTOR RequestId: f9ebcf06-fef2-4755-8653-f3fcb2671b11\t Duration: 1.3847309996890544 ms\t InputTree: ['tree_ORTHOMCL1370.nexus']\t OutputSubtrees: ['tree_ORTHOMCL1370_Inner1.nexus', 'tree_ORTHOMCL1370_Inner2.nexus', 'tree_ORTHOMCL1370_Inner3.nexus']\n",
        "ingestionTime": 1745368310956,
        "eventId": "38923013816331344143692834478182475684105657063043039297"
    },
    {
        "logStreamName": "2025/04/23/[$LATEST]0fbe232a71814ed7b9d08a071e55bd61",
        "timestamp": 1745368303744,
        "message": "FILE_TRANSFER RequestId: f9ebcf06-fef2-4755-8653-f3fcb2671b11\t TransferType: produced\t Action: upload_to_s3\t FileName: tree_ORTHOMCL1370_Inner1.nexus\t Bucket: denethor\t FilePath: subtree/tree_ORTHOMCL1370_Inner1.nexus\t LocalFilePath: /tmp/subtree/tree_ORTHOMCL1370_Inner1.nexus\t FileSize: 185 bytes\t TransferDuration: 37.51289799993174 ms\n",
        "ingestionTime": 1745368310956,
        "eventId": "38923013819386546235891529848572869087458482589362356290"
    },
    {
        "logStreamName": "2025/04/23/[$LATEST]0fbe232a71814ed7b9d08a071e55bd61",
        "timestamp": 1745368303784,
        "message": "FILE_TRANSFER RequestId: f9ebcf06-fef2-4755-8653-f3fcb2671b11\t TransferType: produced\t Action: upload_to_s3\t FileName: tree_ORTHOMCL1370_Inner2.nexus\t Bucket: denethor\t FilePath: subtree/tree_ORTHOMCL1370_Inner2.nexus\t LocalFilePath: /tmp/subtree/tree_ORTHOMCL1370_Inner2.nexus\t FileSize: 187 bytes\t TransferDuration: 39.88164000020333 ms\n",
        "ingestionTime": 1745368310956,
        "eventId": "38923013820278576043832754774234297818364417049601572931"
    },
    {
        "logStreamName": "2025/04/23/[$LATEST]0fbe232a71814ed7b9d08a071e55bd61",
        "timestamp": 1745368303819,
        "message": "FILE_TRANSFER RequestId: f9ebcf06-fef2-4755-8653-f3fcb2671b11\t TransferType: produced\t Action: upload_to_s3\t FileName: tree_ORTHOMCL1370_Inner3.nexus\t Bucket: denethor\t FilePath: subtree/tree_ORTHOMCL1370_Inner3.nexus\t LocalFilePath: /tmp/subtree/tree_ORTHOMCL1370_Inner3.nexus\t FileSize: 349 bytes\t TransferDuration: 34.97309700014739 ms\n",
        "ingestionTime": 1745368310956,
        "eventId": "38923013821059102125781326584188047957907109702310887492"
    },
    {
        "logStreamName": "2025/04/23/[$LATEST]0fbe232a71814ed7b9d08a071e55bd61",
        "timestamp": 1745368303820,
        "message": "PRODUCED_FILES_INFO RequestId: f9ebcf06-fef2-4755-8653-f3fcb2671b11\t FilesCount: 3 files\t FilesSize: 721 bytes\t TransferDuration: 112.36763500028246 ms\t Provider: aws_lambda\t  ProducedFiles: ['tree_ORTHOMCL1370_Inner1.nexus', 'tree_ORTHOMCL1370_Inner2.nexus', 'tree_ORTHOMCL1370_Inner3.nexus']\n",
        "ingestionTime": 1745368310956,
        "eventId": "38923013821081402870979857207329583676179758063816867909"
    },
    {
        "logStreamName": "2025/04/23/[$LATEST]0fbe232a71814ed7b9d08a071e55bd61",
        "timestamp": 1745368303821,
        "message": "END RequestId: f9ebcf06-fef2-4755-8653-f3fcb2671b11\n",
        "ingestionTime": 1745368310956,
        "eventId": "38923013821103703616178387830471119394452406425322848326"
    },
    {
        "logStreamName": "2025/04/23/[$LATEST]0fbe232a71814ed7b9d08a071e55bd61",
        "timestamp": 1745368303821,
        "message": "REPORT RequestId: f9ebcf06-fef2-4755-8653-f3fcb2671b11\tDuration: 257.92 ms\tBilled Duration: 258 ms\tMemory Size: 2048 MB\tMax Memory Used: 113 MB\t\n",
        "ingestionTime": 1745368310956,
        "eventId": "38923013821103703616178387830471119394452406425322848327"
    },
    {
        "logStreamName": "2025/04/23/[$LATEST]0fbe232a71814ed7b9d08a071e55bd61",
        "timestamp": 1745368303985,
        "message": "START RequestId: f5c0d1dc-8cf2-42b1-8568-1523dab4e832 Version: $LATEST\n",
        "ingestionTime": 1745368310956,
        "eventId": "38923013824761025828737410025682977191166737712303636552"
    },
    {
        "logStreamName": "2025/04/23/[$LATEST]0fbe232a71814ed7b9d08a071e55bd61",
        "timestamp": 1745368304022,
        "message": "FILE_TRANSFER RequestId: f5c0d1dc-8cf2-42b1-8568-1523dab4e832\t TransferType: consumed\t Action: download_from_s3\t FileName: tree_ORTHOMCL1678.nexus\t Bucket: denethor\t FilePath: tree/tree_ORTHOMCL1678.nexus\t LocalFilePath: /tmp/tree/tree_ORTHOMCL1678.nexus\t FileSize: 355 bytes\t TransferDuration: 36.07503800003542 ms\n",
        "ingestionTime": 1745368310956,
        "eventId": "38923013825586153401083043081919798767254727088024911945"
    },
    {
        "logStreamName": "2025/04/23/[$LATEST]0fbe232a71814ed7b9d08a071e55bd61",
        "timestamp": 1745368304022,
        "message": "CONSUMED_FILES_INFO RequestId: f5c0d1dc-8cf2-42b1-8568-1523dab4e832\t FilesCount: 1 files\t FilesSize: 355 bytes\t TransferDuration: 36.07503800003542 ms\t ConsumedFiles: ['tree_ORTHOMCL1678.nexus']\n",
        "ingestionTime": 1745368310956,
        "eventId": "38923013825586153401083043081919798767254727088024911946"
    },
    {
        "logStreamName": "2025/04/23/[$LATEST]0fbe232a71814ed7b9d08a071e55bd61",
        "timestamp": 1745368304022,
        "message": "Reading tree file tree_ORTHOMCL1678.nexus\n",
        "ingestionTime": 1745368310956,
        "eventId": "38923013825586153401083043081919798767254727088024911947"
    },
    {
        "logStreamName": "2025/04/23/[$LATEST]0fbe232a71814ed7b9d08a071e55bd61",
        "timestamp": 1745368304023,
        "message": "Subtree file tree_ORTHOMCL1678_Inner3.nexus was created!\n",
        "ingestionTime": 1745368310956,
        "eventId": "38923013825608454146281573705061334485527375449530892364"
    },
    {
        "logStreamName": "2025/04/23/[$LATEST]0fbe232a71814ed7b9d08a071e55bd61",
        "timestamp": 1745368304023,
        "message": "Subtree file tree_ORTHOMCL1678_Inner2.nexus was created!\n",
        "ingestionTime": 1745368310956,
        "eventId": "38923013825608454146281573705061334485527375449530892365"
    },
    {
        "logStreamName": "2025/04/23/[$LATEST]0fbe232a71814ed7b9d08a071e55bd61",
        "timestamp": 1745368304023,
        "message": "Subtree file tree_ORTHOMCL1678_Inner1.nexus was created!\n",
        "ingestionTime": 1745368310956,
        "eventId": "38923013825608454146281573705061334485527375449530892366"
    },
    {
        "logStreamName": "2025/04/23/[$LATEST]0fbe232a71814ed7b9d08a071e55bd61",
        "timestamp": 1745368304023,
        "message": "Tempo de construção dos arquivos de subárvores de ['tree_ORTHOMCL1678.nexus']: 1.2412410001161334 milissegundos\n",
        "ingestionTime": 1745368310956,
        "eventId": "38923013825608454146281573705061334485527375449530892367"
    },
    {
        "logStreamName": "2025/04/23/[$LATEST]0fbe232a71814ed7b9d08a071e55bd61",
        "timestamp": 1745368304024,
        "message": "[INFO] 2025-04-23T00:31:44GMT SUBTREE_CONSTRUCTOR RequestId: f5c0d1dc-8cf2-42b1-8568-1523dab4e832\t Duration: 1.2412410001161334 ms\t InputTree: ['tree_ORTHOMCL1678.nexus']\t OutputSubtrees: ['tree_ORTHOMCL1678_Inner1.nexus', 'tree_ORTHOMCL1678_Inner2.nexus', 'tree_ORTHOMCL1678_Inner3.nexus']\n",
        "ingestionTime": 1745368310956,
        "eventId": "38923013825630754891480104328202870203800023811036872784"
    },
    {
        "logStreamName": "2025/04/23/[$LATEST]0fbe232a71814ed7b9d08a071e55bd61",
        "timestamp": 1745368304024,
        "message": "[INFO]\t2025-04-23T00:31:44.023Z\tf5c0d1dc-8cf2-42b1-8568-1523dab4e832\tSUBTREE_CONSTRUCTOR RequestId: f5c0d1dc-8cf2-42b1-8568-1523dab4e832\t Duration: 1.2412410001161334 ms\t InputTree: ['tree_ORTHOMCL1678.nexus']\t OutputSubtrees: ['tree_ORTHOMCL1678_Inner1.nexus', 'tree_ORTHOMCL1678_Inner2.nexus', 'tree_ORTHOMCL1678_Inner3.nexus']\n",
        "ingestionTime": 1745368310956,
        "eventId": "38923013825630754891480104328202870203800023811036872785"
    },
    {
        "logStreamName": "2025/04/23/[$LATEST]0fbe232a71814ed7b9d08a071e55bd61",
        "timestamp": 1745368304158,
        "message": "FILE_TRANSFER RequestId: f5c0d1dc-8cf2-42b1-8568-1523dab4e832\t TransferType: produced\t Action: upload_to_s3\t FileName: tree_ORTHOMCL1678_Inner1.nexus\t Bucket: denethor\t FilePath: subtree/tree_ORTHOMCL1678_Inner1.nexus\t LocalFilePath: /tmp/subtree/tree_ORTHOMCL1678_Inner1.nexus\t FileSize: 193 bytes\t TransferDuration: 34.39227500030029 ms\n",
        "ingestionTime": 1745368310956,
        "eventId": "38923013828619054748083207829168656452334904252838248530"
    },
    {
        "logStreamName": "2025/04/23/[$LATEST]0fbe232a71814ed7b9d08a071e55bd61",
        "timestamp": 1745368304221,
        "message": "FILE_TRANSFER RequestId: f5c0d1dc-8cf2-42b1-8568-1523dab4e832\t TransferType: produced\t Action: upload_to_s3\t FileName: tree_ORTHOMCL1678_Inner2.nexus\t Bucket: denethor\t FilePath: subtree/tree_ORTHOMCL1678_Inner2.nexus\t LocalFilePath: /tmp/subtree/tree_ORTHOMCL1678_Inner2.nexus\t FileSize: 193 bytes\t TransferDuration: 62.73882699997557 ms\n",
        "ingestionTime": 1745368310956,
        "eventId": "38923013830024001695590637087085406703511751027715014739"
    },
    {
        "logStreamName": "2025/04/23/[$LATEST]0fbe232a71814ed7b9d08a071e55bd61",
        "timestamp": 1745368304260,
        "message": "FILE_TRANSFER RequestId: f5c0d1dc-8cf2-42b1-8568-1523dab4e832\t TransferType: produced\t Action: upload_to_s3\t FileName: tree_ORTHOMCL1678_Inner3.nexus\t Bucket: denethor\t FilePath: subtree/tree_ORTHOMCL1678_Inner3.nexus\t LocalFilePath: /tmp/subtree/tree_ORTHOMCL1678_Inner3.nexus\t FileSize: 355 bytes\t TransferDuration: 38.00054799967256 ms\n",
        "ingestionTime": 1745368310956,
        "eventId": "38923013830893730758333331389605299716145037126448250964"
    },
    {
        "logStreamName": "2025/04/23/[$LATEST]0fbe232a71814ed7b9d08a071e55bd61",
        "timestamp": 1745368304260,
        "message": "PRODUCED_FILES_INFO RequestId: f5c0d1dc-8cf2-42b1-8568-1523dab4e832\t FilesCount: 3 files\t FilesSize: 741 bytes\t TransferDuration: 135.13164999994842 ms\t Provider: aws_lambda\t  ProducedFiles: ['tree_ORTHOMCL1678_Inner1.nexus', 'tree_ORTHOMCL1678_Inner2.nexus', 'tree_ORTHOMCL1678_Inner3.nexus']\n",
        "ingestionTime": 1745368310956,
        "eventId": "38923013830893730758333331389605299716145037126448250965"
    },
    {
        "logStreamName": "2025/04/23/[$LATEST]0fbe232a71814ed7b9d08a071e55bd61",
        "timestamp": 1745368304261,
        "message": "END RequestId: f5c0d1dc-8cf2-42b1-8568-1523dab4e832\n",
        "ingestionTime": 1745368310956,
        "eventId": "38923013830916031503531862012746835434417685487954231382"
    },
    {
        "logStreamName": "2025/04/23/[$LATEST]0fbe232a71814ed7b9d08a071e55bd61",
        "timestamp": 1745368304261,
        "message": "REPORT RequestId: f5c0d1dc-8cf2-42b1-8568-1523dab4e832\tDuration: 275.34 ms\tBilled Duration: 276 ms\tMemory Size: 2048 MB\tMax Memory Used: 114 MB\t\n",
        "ingestionTime": 1745368310956,
        "eventId": "38923013830916031503531862012746835434417685487954231383"
    }
]