[
    {
        "logStreamName": "2025/04/23/[$LATEST]6dbbdf08a429455e9ab24fc341e0d692",
        "timestamp": 1745368306751,
        "message": "START RequestId: 747aab4f-b9ab-459c-8cb5-a3e556fe7d3a Version: $LATEST\n",
        "ingestionTime": 1745368315771,
        "eventId": "38923013886444887047873113640991900571839627563558240256"
    },
    {
        "logStreamName": "2025/04/23/[$LATEST]6dbbdf08a429455e9ab24fc341e0d692",
        "timestamp": 1745368306835,
        "message": "FILE_TRANSFER RequestId: 747aab4f-b9ab-459c-8cb5-a3e556fe7d3a\t TransferType: consumed\t Action: download_from_s3\t FileName: mafdb_c5b5a3a4bd54a110140df77527325958d257fc9b669bca89b332593540c1dc20.json\t Bucket: denethor\t FilePath: mafdb/mafdb_c5b5a3a4bd54a110140df77527325958d257fc9b669bca89b332593540c1dc20.json\t LocalFilePath: /tmp/mafdb/mafdb_c5b5a3a4bd54a110140df77527325958d257fc9b669bca89b332593540c1dc20.json\t FileSize: 273 bytes\t TransferDuration: 83.67681099980473 ms\n",
        "ingestionTime": 1745368315771,
        "eventId": "38923013888318149644549685984880900906742089930060595201"
    },
    {
        "logStreamName": "2025/04/23/[$LATEST]6dbbdf08a429455e9ab24fc341e0d692",
        "timestamp": 1745368306869,
        "message": "FILE_TRANSFER RequestId: 747aab4f-b9ab-459c-8cb5-a3e556fe7d3a\t TransferType: consumed\t Action: download_from_s3\t FileName: mafdb_028a779bdcb28d0db67ae99e8c383a2e5e0fd59fada6888e043db6f251521c76.json\t Bucket: denethor\t FilePath: mafdb/mafdb_028a779bdcb28d0db67ae99e8c383a2e5e0fd59fada6888e043db6f251521c76.json\t LocalFilePath: /tmp/mafdb/mafdb_028a779bdcb28d0db67ae99e8c383a2e5e0fd59fada6888e043db6f251521c76.json\t FileSize: 232 bytes\t TransferDuration: 34.200513000087085 ms\n",
        "ingestionTime": 1745368315771,
        "eventId": "38923013889076374981299727171693115328012134221263929346"
    },
    {
        "logStreamName": "2025/04/23/[$LATEST]6dbbdf08a429455e9ab24fc341e0d692",
        "timestamp": 1745368306909,
        "message": "FILE_TRANSFER RequestId: 747aab4f-b9ab-459c-8cb5-a3e556fe7d3a\t TransferType: consumed\t Action: download_from_s3\t FileName: mafdb_4e1eee323294b31497381cadce8756e0c91a4a8f4488ecc02e34152dbd13d2c8.json\t Bucket: denethor\t FilePath: mafdb/mafdb_4e1eee323294b31497381cadce8756e0c91a4a8f4488ecc02e34152dbd13d2c8.json\t LocalFilePath: /tmp/mafdb/mafdb_4e1eee323294b31497381cadce8756e0c91a4a8f4488ecc02e34152dbd13d2c8.json\t FileSize: 236 bytes\t TransferDuration: 39.86698500011698 ms\n",
        "ingestionTime": 1745368315771,
        "eventId": "38923013889968404789240952097354544058918068681503145987"
    },
    {
        "logStreamName": "2025/04/23/[$LATEST]6dbbdf08a429455e9ab24fc341e0d692",
        "timestamp": 1745368306957,
        "message": "FILE_TRANSFER RequestId: 747aab4f-b9ab-459c-8cb5-a3e556fe7d3a\t TransferType: consumed\t Action: download_from_s3\t FileName: mafdb_8c09c2c75aa3430d702a5f6a7188b4a4f1d060ce985897c6b50bcff7279e6547.json\t Bucket: denethor\t FilePath: mafdb/mafdb_8c09c2c75aa3430d702a5f6a7188b4a4f1d060ce985897c6b50bcff7279e6547.json\t LocalFilePath: /tmp/mafdb/mafdb_8c09c2c75aa3430d702a5f6a7188b4a4f1d060ce985897c6b50bcff7279e6547.json\t FileSize: 194 bytes\t TransferDuration: 47.62955799969859 ms\n",
        "ingestionTime": 1745368315771,
        "eventId": "38923013891038840558770422008148258536005190033790205956"
    },
    {
        "logStreamName": "2025/04/23/[$LATEST]6dbbdf08a429455e9ab24fc341e0d692",
        "timestamp": 1745368306995,
        "message": "FILE_TRANSFER RequestId: 747aab4f-b9ab-459c-8cb5-a3e556fe7d3a\t TransferType: consumed\t Action: download_from_s3\t FileName: mafdb_6ee93fa3e17d8465d80c68957453793c4017d5d2d02f3c35b598aa6b61c743eb.json\t Bucket: denethor\t FilePath: mafdb/mafdb_6ee93fa3e17d8465d80c68957453793c4017d5d2d02f3c35b598aa6b61c743eb.json\t LocalFilePath: /tmp/mafdb/mafdb_6ee93fa3e17d8465d80c68957453793c4017d5d2d02f3c35b598aa6b61c743eb.json\t FileSize: 194 bytes\t TransferDuration: 37.49818400001459 ms\n",
        "ingestionTime": 1745368315771,
        "eventId": "38923013891886268876314585687526615830365827771017461765"
    },
    {
        "logStreamName": "2025/04/23/[$LATEST]6dbbdf08a429455e9ab24fc341e0d692",
        "timestamp": 1745368306995,
        "message": "CONSUMED_FILES_INFO RequestId: 747aab4f-b9ab-459c-8cb5-a3e556fe7d3a\t FilesCount: 5 files\t FilesSize: 1129 bytes\t TransferDuration: 242.87205099972198 ms\t ConsumedFiles: ['mafdb_c5b5a3a4bd54a110140df77527325958d257fc9b669bca89b332593540c1dc20.json', 'mafdb_028a779bdcb28d0db67ae99e8c383a2e5e0fd59fada6888e043db6f251521c76.json', 'mafdb_4e1eee323294b31497381cadce8756e0c91a4a8f4488ecc02e34152dbd13d2c8.json', 'mafdb_8c09c2c75aa3430d702a5f6a7188b4a4f1d060ce985897c6b50bcff7279e6547.json', 'mafdb_6ee93fa3e17d8465d80c68957453793c4017d5d2d02f3c35b598aa6b61c743eb.json']\n",
        "ingestionTime": 1745368315771,
        "eventId": "38923013891886268876314585687526615830365827771017461766"
    },
    {
        "logStreamName": "2025/04/23/[$LATEST]6dbbdf08a429455e9ab24fc341e0d692",
        "timestamp": 1745368306995,
        "message": "[INFO] 2025-04-23T00:31:46GMT MAF_DATABASE_AGGREGATOR RequestId: 747aab4f-b9ab-459c-8cb5-a3e556fe7d3a\t Duration: 0.4602999997587176 ms\t InputLength: 5\t MaxMaf: 0\t MafDatabase: {}\n",
        "ingestionTime": 1745368315771,
        "eventId": "38923013891886268876314585687526615830365827771017461767"
    },
    {
        "logStreamName": "2025/04/23/[$LATEST]6dbbdf08a429455e9ab24fc341e0d692",
        "timestamp": 1745368306995,
        "message": "[INFO]\t2025-04-23T00:31:46.995Z\t747aab4f-b9ab-459c-8cb5-a3e556fe7d3a\tMAF_DATABASE_AGGREGATOR RequestId: 747aab4f-b9ab-459c-8cb5-a3e556fe7d3a\t Duration: 0.4602999997587176 ms\t InputLength: 5\t MaxMaf: 0\t MafDatabase: {}\n",
        "ingestionTime": 1745368315771,
        "eventId": "38923013891886268876314585687526615830365827771017461768"
    },
    {
        "logStreamName": "2025/04/23/[$LATEST]6dbbdf08a429455e9ab24fc341e0d692",
        "timestamp": 1745368307035,
        "message": "FILE_TRANSFER RequestId: 747aab4f-b9ab-459c-8cb5-a3e556fe7d3a\t TransferType: produced\t Action: upload_to_s3\t FileName: mafdb_a469ff96c9e0f4af72bb8a79510ceb311d3d441151792409b89deef53ac3afae.json\t Bucket: denethor\t FilePath: mafdb/mafdb_a469ff96c9e0f4af72bb8a79510ceb311d3d441151792409b89deef53ac3afae.json\t LocalFilePath: /tmp/mafdb/mafdb_a469ff96c9e0f4af72bb8a79510ceb311d3d441151792409b89deef53ac3afae.json\t FileSize: 1033 bytes\t TransferDuration: 39.75925500026278 ms\n",
        "ingestionTime": 1745368315771,
        "eventId": "38923013892778298684255810613188044561271762231256678409"
    },
    {
        "logStreamName": "2025/04/23/[$LATEST]6dbbdf08a429455e9ab24fc341e0d692",
        "timestamp": 1745368307035,
        "message": "PRODUCED_FILES_INFO RequestId: 747aab4f-b9ab-459c-8cb5-a3e556fe7d3a\t FilesCount: 1 files\t FilesSize: 1033 bytes\t TransferDuration: 39.75925500026278 ms\t Provider: aws_lambda\t  ProducedFiles: ['mafdb_a469ff96c9e0f4af72bb8a79510ceb311d3d441151792409b89deef53ac3afae.json']\n",
        "ingestionTime": 1745368315771,
        "eventId": "38923013892778298684255810613188044561271762231256678410"
    },
    {
        "logStreamName": "2025/04/23/[$LATEST]6dbbdf08a429455e9ab24fc341e0d692",
        "timestamp": 1745368307036,
        "message": "END RequestId: 747aab4f-b9ab-459c-8cb5-a3e556fe7d3a\n",
        "ingestionTime": 1745368315771,
        "eventId": "38923013892800599429454341236329580279544410592762658827"
    },
    {
        "logStreamName": "2025/04/23/[$LATEST]6dbbdf08a429455e9ab24fc341e0d692",
        "timestamp": 1745368307037,
        "message": "REPORT RequestId: 747aab4f-b9ab-459c-8cb5-a3e556fe7d3a\tDuration: 285.65 ms\tBilled Duration: 286 ms\tMemory Size: 2048 MB\tMax Memory Used: 108 MB\t\n",
        "ingestionTime": 1745368315771,
        "eventId": "38923013892822900174652871859471115997817058954268639244"
    }
]