[
    {
        "logStreamName": "2025/04/23/[$LATEST]8d6bca61a37b4c589f9e0343bae063fd",
        "timestamp": 1745437861422,
        "message": "INIT_START Runtime Version: python:3.10.v64\tRuntime Version ARN: arn:aws:lambda:sa-east-1::runtime:d56bdc8857b2109a058de2ab50bfb80ac2aa600be6f7855a436859944e5fe54b\n",
        "ingestionTime": 1745437862394,
        "eventId": "38924565007440225675049232221019418660909773531973812224"
    },
    {
        "logStreamName": "2025/04/23/[$LATEST]8d6bca61a37b4c589f9e0343bae063fd",
        "timestamp": 1745437862242,
        "message": "START RequestId: 9f070248-b6ea-4dc1-a331-b3af0b0e5fa3 Version: $LATEST\n",
        "ingestionTime": 1745437862394,
        "eventId": "38924565025726836737844343197078707644481429966877753345"
    },
    {
        "logStreamName": "2025/04/23/[$LATEST]8d6bca61a37b4c589f9e0343bae063fd",
        "timestamp": 1745437862244,
        "message": "Directory /tmp/mafdb was created!\n",
        "ingestionTime": 1745437862394,
        "eventId": "38924565025771438228241404443361779081026726689889714178"
    },
    {
        "logStreamName": "2025/04/23/[$LATEST]8d6bca61a37b4c589f9e0343bae063fd",
        "timestamp": 1745437862338,
        "message": "FILE_TRANSFER RequestId: 9f070248-b6ea-4dc1-a331-b3af0b0e5fa3\t TransferType: consumed\t Action: download_from_s3\t FileName: mafdb_861b6fcf310a5a4a01036477cd0e28e972c4aa89be1fcccfc0eab6cd45e9fd74.json\t Bucket: denethor\t FilePath: mafdb/mafdb_861b6fcf310a5a4a01036477cd0e28e972c4aa89be1fcccfc0eab6cd45e9fd74.json\t LocalFilePath: /tmp/mafdb/mafdb_861b6fcf310a5a4a01036477cd0e28e972c4aa89be1fcccfc0eab6cd45e9fd74.json\t FileSize: 355 bytes\t TransferDuration: 94.42414099999041 ms\n",
        "ingestionTime": 1745437871364,
        "eventId": "38924565027867708276903283029510316200516308339341066240"
    },
    {
        "logStreamName": "2025/04/23/[$LATEST]8d6bca61a37b4c589f9e0343bae063fd",
        "timestamp": 1745437862384,
        "message": "FILE_TRANSFER RequestId: 9f070248-b6ea-4dc1-a331-b3af0b0e5fa3\t TransferType: consumed\t Action: download_from_s3\t FileName: mafdb_7d398773bfc3e4435be56d8711457fd7fc190e97e32d7ec51a8a702e16118c4d.json\t Bucket: denethor\t FilePath: mafdb/mafdb_7d398773bfc3e4435be56d8711457fd7fc190e97e32d7ec51a8a702e16118c4d.json\t LocalFilePath: /tmp/mafdb/mafdb_7d398773bfc3e4435be56d8711457fd7fc190e97e32d7ec51a8a702e16118c4d.json\t FileSize: 355 bytes\t TransferDuration: 45.01098700006878 ms\n",
        "ingestionTime": 1745437871364,
        "eventId": "38924565028893542556035691694020959241058132968616165377"
    },
    {
        "logStreamName": "2025/04/23/[$LATEST]8d6bca61a37b4c589f9e0343bae063fd",
        "timestamp": 1745437862430,
        "message": "FILE_TRANSFER RequestId: 9f070248-b6ea-4dc1-a331-b3af0b0e5fa3\t TransferType: consumed\t Action: download_from_s3\t FileName: mafdb_c451a256436a5fc45a562eaf2fead8dd42917b32894e636d2b705f5405224a88.json\t Bucket: denethor\t FilePath: mafdb/mafdb_c451a256436a5fc45a562eaf2fead8dd42917b32894e636d2b705f5405224a88.json\t LocalFilePath: /tmp/mafdb/mafdb_c451a256436a5fc45a562eaf2fead8dd42917b32894e636d2b705f5405224a88.json\t FileSize: 355 bytes\t TransferDuration: 46.05751200006125 ms\n",
        "ingestionTime": 1745437871364,
        "eventId": "38924565029919376835168100358531602281599957597891264514"
    },
    {
        "logStreamName": "2025/04/23/[$LATEST]8d6bca61a37b4c589f9e0343bae063fd",
        "timestamp": 1745437862477,
        "message": "FILE_TRANSFER RequestId: 9f070248-b6ea-4dc1-a331-b3af0b0e5fa3\t TransferType: consumed\t Action: download_from_s3\t FileName: mafdb_51e18dc31f0c330513b45085a52c5ecd1e4a0a9130d2805a71368f1cbe17f65e.json\t Bucket: denethor\t FilePath: mafdb/mafdb_51e18dc31f0c330513b45085a52c5ecd1e4a0a9130d2805a71368f1cbe17f65e.json\t LocalFilePath: /tmp/mafdb/mafdb_51e18dc31f0c330513b45085a52c5ecd1e4a0a9130d2805a71368f1cbe17f65e.json\t FileSize: 314 bytes\t TransferDuration: 46.834755999952904 ms\n",
        "ingestionTime": 1745437871364,
        "eventId": "38924565030967511859499039646183781040414430588672344067"
    },
    {
        "logStreamName": "2025/04/23/[$LATEST]8d6bca61a37b4c589f9e0343bae063fd",
        "timestamp": 1745437862518,
        "message": "FILE_TRANSFER RequestId: 9f070248-b6ea-4dc1-a331-b3af0b0e5fa3\t TransferType: consumed\t Action: download_from_s3\t FileName: mafdb_e7fcb374868f23c5b66908ff13d437f525bdef064d3f7604b08f9b68087e91c4.json\t Bucket: denethor\t FilePath: mafdb/mafdb_e7fcb374868f23c5b66908ff13d437f525bdef064d3f7604b08f9b68087e91c4.json\t LocalFilePath: /tmp/mafdb/mafdb_e7fcb374868f23c5b66908ff13d437f525bdef064d3f7604b08f9b68087e91c4.json\t FileSize: 273 bytes\t TransferDuration: 41.358819999913976 ms\n",
        "ingestionTime": 1745437871364,
        "eventId": "38924565031881842412638795194986745489593013410417541124"
    },
    {
        "logStreamName": "2025/04/23/[$LATEST]8d6bca61a37b4c589f9e0343bae063fd",
        "timestamp": 1745437862561,
        "message": "FILE_TRANSFER RequestId: 9f070248-b6ea-4dc1-a331-b3af0b0e5fa3\t TransferType: consumed\t Action: download_from_s3\t FileName: mafdb_bdf7b87e05be228017da27afd5fd158ebe4fcf138008526635b8bcdbe380f328.json\t Bucket: denethor\t FilePath: mafdb/mafdb_bdf7b87e05be228017da27afd5fd158ebe4fcf138008526635b8bcdbe380f328.json\t LocalFilePath: /tmp/mafdb/mafdb_bdf7b87e05be228017da27afd5fd158ebe4fcf138008526635b8bcdbe380f328.json\t FileSize: 273 bytes\t TransferDuration: 43.37674099997457 ms\n",
        "ingestionTime": 1745437871364,
        "eventId": "38924565032840774456175611990072781375316892955174699013"
    },
    {
        "logStreamName": "2025/04/23/[$LATEST]8d6bca61a37b4c589f9e0343bae063fd",
        "timestamp": 1745437862609,
        "message": "FILE_TRANSFER RequestId: 9f070248-b6ea-4dc1-a331-b3af0b0e5fa3\t TransferType: consumed\t Action: download_from_s3\t FileName: mafdb_47fb2615fc585137c90363d35106c9022fdcc722571f7ed6d93a0e213c75c760.json\t Bucket: denethor\t FilePath: mafdb/mafdb_47fb2615fc585137c90363d35106c9022fdcc722571f7ed6d93a0e213c75c760.json\t LocalFilePath: /tmp/mafdb/mafdb_47fb2615fc585137c90363d35106c9022fdcc722571f7ed6d93a0e213c75c760.json\t FileSize: 273 bytes\t TransferDuration: 47.62214000015774 ms\n",
        "ingestionTime": 1745437871364,
        "eventId": "38924565033911210225705081900866495852404014307461758982"
    },
    {
        "logStreamName": "2025/04/23/[$LATEST]8d6bca61a37b4c589f9e0343bae063fd",
        "timestamp": 1745437862665,
        "message": "FILE_TRANSFER RequestId: 9f070248-b6ea-4dc1-a331-b3af0b0e5fa3\t TransferType: consumed\t Action: download_from_s3\t FileName: mafdb_87129d44586b87142d9940a8b1bdbebcfa7b0454f32076964711670e9940a5bc.json\t Bucket: denethor\t FilePath: mafdb/mafdb_87129d44586b87142d9940a8b1bdbebcfa7b0454f32076964711670e9940a5bc.json\t LocalFilePath: /tmp/mafdb/mafdb_87129d44586b87142d9940a8b1bdbebcfa7b0454f32076964711670e9940a5bc.json\t FileSize: 273 bytes\t TransferDuration: 55.99826699994992 ms\n",
        "ingestionTime": 1745437871364,
        "eventId": "38924565035160051956822796796792496075672322551796662279"
    },
    {
        "logStreamName": "2025/04/23/[$LATEST]8d6bca61a37b4c589f9e0343bae063fd",
        "timestamp": 1745437862709,
        "message": "FILE_TRANSFER RequestId: 9f070248-b6ea-4dc1-a331-b3af0b0e5fa3\t TransferType: consumed\t Action: download_from_s3\t FileName: mafdb_ffac685782ba2ceabfc02088f70f3473d570818cc3d9c58c8979a425bc171247.json\t Bucket: denethor\t FilePath: mafdb/mafdb_ffac685782ba2ceabfc02088f70f3473d570818cc3d9c58c8979a425bc171247.json\t LocalFilePath: /tmp/mafdb/mafdb_ffac685782ba2ceabfc02088f70f3473d570818cc3d9c58c8979a425bc171247.json\t FileSize: 273 bytes\t TransferDuration: 43.50532400007978 ms\n",
        "ingestionTime": 1745437871364,
        "eventId": "38924565036141284745558144215020067679668850458059800584"
    },
    {
        "logStreamName": "2025/04/23/[$LATEST]8d6bca61a37b4c589f9e0343bae063fd",
        "timestamp": 1745437862750,
        "message": "FILE_TRANSFER RequestId: 9f070248-b6ea-4dc1-a331-b3af0b0e5fa3\t TransferType: consumed\t Action: download_from_s3\t FileName: mafdb_e61287967464938dd8658e2b6f8063c95a2a8288b950145c07d8cd279f06fe96.json\t Bucket: denethor\t FilePath: mafdb/mafdb_e61287967464938dd8658e2b6f8063c95a2a8288b950145c07d8cd279f06fe96.json\t LocalFilePath: /tmp/mafdb/mafdb_e61287967464938dd8658e2b6f8063c95a2a8288b950145c07d8cd279f06fe96.json\t FileSize: 232 bytes\t TransferDuration: 41.331844000069395 ms\n",
        "ingestionTime": 1745437871364,
        "eventId": "38924565037055615298697899763823032128847433279804997641"
    },
    {
        "logStreamName": "2025/04/23/[$LATEST]8d6bca61a37b4c589f9e0343bae063fd",
        "timestamp": 1745437862800,
        "message": "FILE_TRANSFER RequestId: 9f070248-b6ea-4dc1-a331-b3af0b0e5fa3\t TransferType: consumed\t Action: download_from_s3\t FileName: mafdb_dd5bb0860cd8cfcf1de73c7e51fea56058e02019372b37c0fbe797a9a837ad38.json\t Bucket: denethor\t FilePath: mafdb/mafdb_dd5bb0860cd8cfcf1de73c7e51fea56058e02019372b37c0fbe797a9a837ad38.json\t LocalFilePath: /tmp/mafdb/mafdb_dd5bb0860cd8cfcf1de73c7e51fea56058e02019372b37c0fbe797a9a837ad38.json\t FileSize: 232 bytes\t TransferDuration: 49.52401600007761 ms\n",
        "ingestionTime": 1745437871364,
        "eventId": "38924565038170652558624430920899818042479851355104018442"
    },
    {
        "logStreamName": "2025/04/23/[$LATEST]8d6bca61a37b4c589f9e0343bae063fd",
        "timestamp": 1745437862850,
        "message": "FILE_TRANSFER RequestId: 9f070248-b6ea-4dc1-a331-b3af0b0e5fa3\t TransferType: consumed\t Action: download_from_s3\t FileName: mafdb_4a69772641578ec2d1db9c6dd1aabd576f4015e01037c89e4cf54545772984e3.json\t Bucket: denethor\t FilePath: mafdb/mafdb_4a69772641578ec2d1db9c6dd1aabd576f4015e01037c89e4cf54545772984e3.json\t LocalFilePath: /tmp/mafdb/mafdb_4a69772641578ec2d1db9c6dd1aabd576f4015e01037c89e4cf54545772984e3.json\t FileSize: 232 bytes\t TransferDuration: 50.00361299994438 ms\n",
        "ingestionTime": 1745437871364,
        "eventId": "38924565039285689818550962077976603956112269430403039243"
    },
    {
        "logStreamName": "2025/04/23/[$LATEST]8d6bca61a37b4c589f9e0343bae063fd",
        "timestamp": 1745437862893,
        "message": "FILE_TRANSFER RequestId: 9f070248-b6ea-4dc1-a331-b3af0b0e5fa3\t TransferType: consumed\t Action: download_from_s3\t FileName: mafdb_37f48e1b859b9b0ccb1d3918e3547c15f7c27b9cfc7ada49018043d3593d2b30.json\t Bucket: denethor\t FilePath: mafdb/mafdb_37f48e1b859b9b0ccb1d3918e3547c15f7c27b9cfc7ada49018043d3593d2b30.json\t LocalFilePath: /tmp/mafdb/mafdb_37f48e1b859b9b0ccb1d3918e3547c15f7c27b9cfc7ada49018043d3593d2b30.json\t FileSize: 232 bytes\t TransferDuration: 43.56204199984859 ms\n",
        "ingestionTime": 1745437871364,
        "eventId": "38924565040244621862087778873062639841836148975160197132"
    },
    {
        "logStreamName": "2025/04/23/[$LATEST]8d6bca61a37b4c589f9e0343bae063fd",
        "timestamp": 1745437862962,
        "message": "FILE_TRANSFER RequestId: 9f070248-b6ea-4dc1-a331-b3af0b0e5fa3\t TransferType: consumed\t Action: download_from_s3\t FileName: mafdb_050eb4506b88aa955760b80fe61fa5f2dc7867810f3fd968c62f0f2b1721b84a.json\t Bucket: denethor\t FilePath: mafdb/mafdb_050eb4506b88aa955760b80fe61fa5f2dc7867810f3fd968c62f0f2b1721b84a.json\t LocalFilePath: /tmp/mafdb/mafdb_050eb4506b88aa955760b80fe61fa5f2dc7867810f3fd968c62f0f2b1721b84a.json\t FileSize: 232 bytes\t TransferDuration: 68.95702199994957 ms\n",
        "ingestionTime": 1745437871364,
        "eventId": "38924565041783373280786391869828604402648885919072845837"
    },
    {
        "logStreamName": "2025/04/23/[$LATEST]8d6bca61a37b4c589f9e0343bae063fd",
        "timestamp": 1745437863012,
        "message": "FILE_TRANSFER RequestId: 9f070248-b6ea-4dc1-a331-b3af0b0e5fa3\t TransferType: consumed\t Action: download_from_s3\t FileName: mafdb_4294147453f0881ff5d40ffeafab616f4bd8a7ba876322d7a55e79a2b54c515e.json\t Bucket: denethor\t FilePath: mafdb/mafdb_4294147453f0881ff5d40ffeafab616f4bd8a7ba876322d7a55e79a2b54c515e.json\t LocalFilePath: /tmp/mafdb/mafdb_4294147453f0881ff5d40ffeafab616f4bd8a7ba876322d7a55e79a2b54c515e.json\t FileSize: 232 bytes\t TransferDuration: 49.41058700001122 ms\n",
        "ingestionTime": 1745437871364,
        "eventId": "38924565042898410540712923026905390316281303994371866638"
    },
    {
        "logStreamName": "2025/04/23/[$LATEST]8d6bca61a37b4c589f9e0343bae063fd",
        "timestamp": 1745437863062,
        "message": "FILE_TRANSFER RequestId: 9f070248-b6ea-4dc1-a331-b3af0b0e5fa3\t TransferType: consumed\t Action: download_from_s3\t FileName: mafdb_07f2663350ea1ac790cef8d65d693e9f9a8a7ff3d9613fcbba8694ef3a437497.json\t Bucket: denethor\t FilePath: mafdb/mafdb_07f2663350ea1ac790cef8d65d693e9f9a8a7ff3d9613fcbba8694ef3a437497.json\t LocalFilePath: /tmp/mafdb/mafdb_07f2663350ea1ac790cef8d65d693e9f9a8a7ff3d9613fcbba8694ef3a437497.json\t FileSize: 232 bytes\t TransferDuration: 50.04382099991744 ms\n",
        "ingestionTime": 1745437871364,
        "eventId": "38924565044013447800639454183982176229913722069670887439"
    },
    {
        "logStreamName": "2025/04/23/[$LATEST]8d6bca61a37b4c589f9e0343bae063fd",
        "timestamp": 1745437863105,
        "message": "FILE_TRANSFER RequestId: 9f070248-b6ea-4dc1-a331-b3af0b0e5fa3\t TransferType: consumed\t Action: download_from_s3\t FileName: mafdb_8fcd7595555ece58e0a06c2001637a9999683df07ff0bb320faaf120f0012491.json\t Bucket: denethor\t FilePath: mafdb/mafdb_8fcd7595555ece58e0a06c2001637a9999683df07ff0bb320faaf120f0012491.json\t LocalFilePath: /tmp/mafdb/mafdb_8fcd7595555ece58e0a06c2001637a9999683df07ff0bb320faaf120f0012491.json\t FileSize: 232 bytes\t TransferDuration: 43.48584500007746 ms\n",
        "ingestionTime": 1745437871364,
        "eventId": "38924565044972379844176270979068212115637601614428045328"
    },
    {
        "logStreamName": "2025/04/23/[$LATEST]8d6bca61a37b4c589f9e0343bae063fd",
        "timestamp": 1745437863167,
        "message": "FILE_TRANSFER RequestId: 9f070248-b6ea-4dc1-a331-b3af0b0e5fa3\t TransferType: consumed\t Action: download_from_s3\t FileName: mafdb_8bc6b1285675133cf71abced5feadde67801ce1183d48ccdfce4ad5c847e0d16.json\t Bucket: denethor\t FilePath: mafdb/mafdb_8bc6b1285675133cf71abced5feadde67801ce1183d48ccdfce4ad5c847e0d16.json\t LocalFilePath: /tmp/mafdb/mafdb_8bc6b1285675133cf71abced5feadde67801ce1183d48ccdfce4ad5c847e0d16.json\t FileSize: 232 bytes\t TransferDuration: 60.998620999953346 ms\n",
        "ingestionTime": 1745437871364,
        "eventId": "38924565046355026046485169613843426648541800027798831121"
    },
    {
        "logStreamName": "2025/04/23/[$LATEST]8d6bca61a37b4c589f9e0343bae063fd",
        "timestamp": 1745437863218,
        "message": "FILE_TRANSFER RequestId: 9f070248-b6ea-4dc1-a331-b3af0b0e5fa3\t TransferType: consumed\t Action: download_from_s3\t FileName: mafdb_a0bb27000c08353bd1576c76b737091f2d774cc5766e59661908d2047f1f9f55.json\t Bucket: denethor\t FilePath: mafdb/mafdb_a0bb27000c08353bd1576c76b737091f2d774cc5766e59661908d2047f1f9f55.json\t LocalFilePath: /tmp/mafdb/mafdb_a0bb27000c08353bd1576c76b737091f2d774cc5766e59661908d2047f1f9f55.json\t FileSize: 232 bytes\t TransferDuration: 51.72142699984761 ms\n",
        "ingestionTime": 1745437871364,
        "eventId": "38924565047492364051610231394061748280446866464603832338"
    },
    {
        "logStreamName": "2025/04/23/[$LATEST]8d6bca61a37b4c589f9e0343bae063fd",
        "timestamp": 1745437863283,
        "message": "FILE_TRANSFER RequestId: 9f070248-b6ea-4dc1-a331-b3af0b0e5fa3\t TransferType: consumed\t Action: download_from_s3\t FileName: mafdb_fc2a84852f95eebd03a586abcf5a76c64db1efd965d2c472f2b8a03ed0c40edf.json\t Bucket: denethor\t FilePath: mafdb/mafdb_fc2a84852f95eebd03a586abcf5a76c64db1efd965d2c472f2b8a03ed0c40edf.json\t LocalFilePath: /tmp/mafdb/mafdb_fc2a84852f95eebd03a586abcf5a76c64db1efd965d2c472f2b8a03ed0c40edf.json\t FileSize: 232 bytes\t TransferDuration: 64.33305499990638 ms\n",
        "ingestionTime": 1745437871364,
        "eventId": "38924565048941912489514721898261569968169009962492559379"
    },
    {
        "logStreamName": "2025/04/23/[$LATEST]8d6bca61a37b4c589f9e0343bae063fd",
        "timestamp": 1745437863353,
        "message": "FILE_TRANSFER RequestId: 9f070248-b6ea-4dc1-a331-b3af0b0e5fa3\t TransferType: consumed\t Action: download_from_s3\t FileName: mafdb_af818f20f62fe0eeda8042dfb7efb70bbde191b72d033f6a645874911e2ac0ea.json\t Bucket: denethor\t FilePath: mafdb/mafdb_af818f20f62fe0eeda8042dfb7efb70bbde191b72d033f6a645874911e2ac0ea.json\t LocalFilePath: /tmp/mafdb/mafdb_af818f20f62fe0eeda8042dfb7efb70bbde191b72d033f6a645874911e2ac0ea.json\t FileSize: 236 bytes\t TransferDuration: 69.96256600018569 ms\n",
        "ingestionTime": 1745437871364,
        "eventId": "38924565050502964653411865518169070247254395267911188500"
    },
    {
        "logStreamName": "2025/04/23/[$LATEST]8d6bca61a37b4c589f9e0343bae063fd",
        "timestamp": 1745437863486,
        "message": "FILE_TRANSFER RequestId: 9f070248-b6ea-4dc1-a331-b3af0b0e5fa3\t TransferType: consumed\t Action: download_from_s3\t FileName: mafdb_71c7b35ce46fea041e8926b0d65d4e269439ac7c99d52c3b917f8c5b5596aaec.json\t Bucket: denethor\t FilePath: mafdb/mafdb_71c7b35ce46fea041e8926b0d65d4e269439ac7c99d52c3b917f8c5b5596aaec.json\t LocalFilePath: /tmp/mafdb/mafdb_71c7b35ce46fea041e8926b0d65d4e269439ac7c99d52c3b917f8c5b5596aaec.json\t FileSize: 236 bytes\t TransferDuration: 133.26287199993203 ms\n",
        "ingestionTime": 1745437871364,
        "eventId": "38924565053468963764816438395993320777516627348206583829"
    },
    {
        "logStreamName": "2025/04/23/[$LATEST]8d6bca61a37b4c589f9e0343bae063fd",
        "timestamp": 1745437863536,
        "message": "FILE_TRANSFER RequestId: 9f070248-b6ea-4dc1-a331-b3af0b0e5fa3\t TransferType: consumed\t Action: download_from_s3\t FileName: mafdb_80fb21b57fa7d4a4e0c02d4b698ba833f7ac811c933c49e65adfdf08249f04c5.json\t Bucket: denethor\t FilePath: mafdb/mafdb_80fb21b57fa7d4a4e0c02d4b698ba833f7ac811c933c49e65adfdf08249f04c5.json\t LocalFilePath: /tmp/mafdb/mafdb_80fb21b57fa7d4a4e0c02d4b698ba833f7ac811c933c49e65adfdf08249f04c5.json\t FileSize: 236 bytes\t TransferDuration: 49.61567400005151 ms\n",
        "ingestionTime": 1745437871364,
        "eventId": "38924565054584001024742969553070106691149045423505604630"
    },
    {
        "logStreamName": "2025/04/23/[$LATEST]8d6bca61a37b4c589f9e0343bae063fd",
        "timestamp": 1745437863582,
        "message": "FILE_TRANSFER RequestId: 9f070248-b6ea-4dc1-a331-b3af0b0e5fa3\t TransferType: consumed\t Action: download_from_s3\t FileName: mafdb_a16e0ac07d1950ab727769d0eb177e1d9dc671c752f386544f000cfecf73f200.json\t Bucket: denethor\t FilePath: mafdb/mafdb_a16e0ac07d1950ab727769d0eb177e1d9dc671c752f386544f000cfecf73f200.json\t LocalFilePath: /tmp/mafdb/mafdb_a16e0ac07d1950ab727769d0eb177e1d9dc671c752f386544f000cfecf73f200.json\t FileSize: 236 bytes\t TransferDuration: 46.17788299992753 ms\n",
        "ingestionTime": 1745437871364,
        "eventId": "38924565055609835303875378217580749731690870052780703767"
    },
    {
        "logStreamName": "2025/04/23/[$LATEST]8d6bca61a37b4c589f9e0343bae063fd",
        "timestamp": 1745437863654,
        "message": "FILE_TRANSFER RequestId: 9f070248-b6ea-4dc1-a331-b3af0b0e5fa3\t TransferType: consumed\t Action: download_from_s3\t FileName: mafdb_a8a323c6db7012f298ceb95c38eb1038d7396da8f552c419b6ecae1fd4096914.json\t Bucket: denethor\t FilePath: mafdb/mafdb_a8a323c6db7012f298ceb95c38eb1038d7396da8f552c419b6ecae1fd4096914.json\t LocalFilePath: /tmp/mafdb/mafdb_a8a323c6db7012f298ceb95c38eb1038d7396da8f552c419b6ecae1fd4096914.json\t FileSize: 236 bytes\t TransferDuration: 71.76060899996628 ms\n",
        "ingestionTime": 1745437871364,
        "eventId": "38924565057215488958169583083771321447321552081211293720"
    },
    {
        "logStreamName": "2025/04/23/[$LATEST]8d6bca61a37b4c589f9e0343bae063fd",
        "timestamp": 1745437863700,
        "message": "FILE_TRANSFER RequestId: 9f070248-b6ea-4dc1-a331-b3af0b0e5fa3\t TransferType: consumed\t Action: download_from_s3\t FileName: mafdb_17282c44045cd04cec7b5d7a3e0512dd7a9b9a13307c311498bb91e52e2fe836.json\t Bucket: denethor\t FilePath: mafdb/mafdb_17282c44045cd04cec7b5d7a3e0512dd7a9b9a13307c311498bb91e52e2fe836.json\t LocalFilePath: /tmp/mafdb/mafdb_17282c44045cd04cec7b5d7a3e0512dd7a9b9a13307c311498bb91e52e2fe836.json\t FileSize: 236 bytes\t TransferDuration: 45.86915199979558 ms\n",
        "ingestionTime": 1745437871364,
        "eventId": "38924565058241323237301991748281964487863376710486392857"
    },
    {
        "logStreamName": "2025/04/23/[$LATEST]8d6bca61a37b4c589f9e0343bae063fd",
        "timestamp": 1745437863749,
        "message": "FILE_TRANSFER RequestId: 9f070248-b6ea-4dc1-a331-b3af0b0e5fa3\t TransferType: consumed\t Action: download_from_s3\t FileName: mafdb_6e78c99c1b81707d2db92f79bd7196e77288041bc91e58d4b2d2fe623f314899.json\t Bucket: denethor\t FilePath: mafdb/mafdb_6e78c99c1b81707d2db92f79bd7196e77288041bc91e58d4b2d2fe623f314899.json\t LocalFilePath: /tmp/mafdb/mafdb_6e78c99c1b81707d2db92f79bd7196e77288041bc91e58d4b2d2fe623f314899.json\t FileSize: 194 bytes\t TransferDuration: 49.64984799994454 ms\n",
        "ingestionTime": 1745437871364,
        "eventId": "38924565059334059752029992282217214683223146424279433242"
    },
    {
        "logStreamName": "2025/04/23/[$LATEST]8d6bca61a37b4c589f9e0343bae063fd",
        "timestamp": 1745437863799,
        "message": "FILE_TRANSFER RequestId: 9f070248-b6ea-4dc1-a331-b3af0b0e5fa3\t TransferType: consumed\t Action: download_from_s3\t FileName: mafdb_a3de180177be217fb13c0e65aa9b57d4ab2cbbb268539225094504bfee09dece.json\t Bucket: denethor\t FilePath: mafdb/mafdb_a3de180177be217fb13c0e65aa9b57d4ab2cbbb268539225094504bfee09dece.json\t LocalFilePath: /tmp/mafdb/mafdb_a3de180177be217fb13c0e65aa9b57d4ab2cbbb268539225094504bfee09dece.json\t FileSize: 194 bytes\t TransferDuration: 49.47121599980164 ms\n",
        "ingestionTime": 1745437871364,
        "eventId": "38924565060449097011956523439294000596855564499578454043"
    },
    {
        "logStreamName": "2025/04/23/[$LATEST]8d6bca61a37b4c589f9e0343bae063fd",
        "timestamp": 1745437863885,
        "message": "FILE_TRANSFER RequestId: 9f070248-b6ea-4dc1-a331-b3af0b0e5fa3\t TransferType: consumed\t Action: download_from_s3\t FileName: mafdb_8549b58233c57cc518f27f3d21b4551282ded33f8e0e846bc3ef39561d71f517.json\t Bucket: denethor\t FilePath: mafdb/mafdb_8549b58233c57cc518f27f3d21b4551282ded33f8e0e846bc3ef39561d71f517.json\t LocalFilePath: /tmp/mafdb/mafdb_8549b58233c57cc518f27f3d21b4551282ded33f8e0e846bc3ef39561d71f517.json\t FileSize: 194 bytes\t TransferDuration: 85.95520700009729 ms\n",
        "ingestionTime": 1745437871364,
        "eventId": "38924565062366961099030157029466072368303323589092769820"
    },
    {
        "logStreamName": "2025/04/23/[$LATEST]8d6bca61a37b4c589f9e0343bae063fd",
        "timestamp": 1745437863940,
        "message": "FILE_TRANSFER RequestId: 9f070248-b6ea-4dc1-a331-b3af0b0e5fa3\t TransferType: consumed\t Action: download_from_s3\t FileName: mafdb_840e426633a14a89c029da37c23983cc1c391e4698cd05ed1622e909719108dc.json\t Bucket: denethor\t FilePath: mafdb/mafdb_840e426633a14a89c029da37c23983cc1c391e4698cd05ed1622e909719108dc.json\t LocalFilePath: /tmp/mafdb/mafdb_840e426633a14a89c029da37c23983cc1c391e4698cd05ed1622e909719108dc.json\t FileSize: 194 bytes\t TransferDuration: 55.3094859999419 ms\n",
        "ingestionTime": 1745437871364,
        "eventId": "38924565063593502084949341302250536873298983471921692701"
    },
    {
        "logStreamName": "2025/04/23/[$LATEST]8d6bca61a37b4c589f9e0343bae063fd",
        "timestamp": 1745437864008,
        "message": "FILE_TRANSFER RequestId: 9f070248-b6ea-4dc1-a331-b3af0b0e5fa3\t TransferType: consumed\t Action: download_from_s3\t FileName: mafdb_617f38c032965f822e4bfe80c4e2684669e23988975f7360111f1b2064da8be6.json\t Bucket: denethor\t FilePath: mafdb/mafdb_617f38c032965f822e4bfe80c4e2684669e23988975f7360111f1b2064da8be6.json\t LocalFilePath: /tmp/mafdb/mafdb_617f38c032965f822e4bfe80c4e2684669e23988975f7360111f1b2064da8be6.json\t FileSize: 194 bytes\t TransferDuration: 68.08388399986143 ms\n",
        "ingestionTime": 1745437871364,
        "eventId": "38924565065109952758449423675874965715839072054328360990"
    },
    {
        "logStreamName": "2025/04/23/[$LATEST]8d6bca61a37b4c589f9e0343bae063fd",
        "timestamp": 1745437864061,
        "message": "FILE_TRANSFER RequestId: 9f070248-b6ea-4dc1-a331-b3af0b0e5fa3\t TransferType: consumed\t Action: download_from_s3\t FileName: mafdb_71e9833f3ea4a65edd4eec8abc96b355dbbc4341d38f183a3772958d855c9a2a.json\t Bucket: denethor\t FilePath: mafdb/mafdb_71e9833f3ea4a65edd4eec8abc96b355dbbc4341d38f183a3772958d855c9a2a.json\t LocalFilePath: /tmp/mafdb/mafdb_71e9833f3ea4a65edd4eec8abc96b355dbbc4341d38f183a3772958d855c9a2a.json\t FileSize: 194 bytes\t TransferDuration: 52.12165500006449 ms\n",
        "ingestionTime": 1745437871364,
        "eventId": "38924565066291892253971546702376358784289435214145323039"
    },
    {
        "logStreamName": "2025/04/23/[$LATEST]8d6bca61a37b4c589f9e0343bae063fd",
        "timestamp": 1745437864109,
        "message": "FILE_TRANSFER RequestId: 9f070248-b6ea-4dc1-a331-b3af0b0e5fa3\t TransferType: consumed\t Action: download_from_s3\t FileName: mafdb_ef4846779bd2a38fad411bfd1dde1cf87f3cd8dc2a3a380cbaa750d43d785bd5.json\t Bucket: denethor\t FilePath: mafdb/mafdb_ef4846779bd2a38fad411bfd1dde1cf87f3cd8dc2a3a380cbaa750d43d785bd5.json\t LocalFilePath: /tmp/mafdb/mafdb_ef4846779bd2a38fad411bfd1dde1cf87f3cd8dc2a3a380cbaa750d43d785bd5.json\t FileSize: 194 bytes\t TransferDuration: 47.950698000022385 ms\n",
        "ingestionTime": 1745437871364,
        "eventId": "38924565067362328023501016613170073261376556566432383008"
    },
    {
        "logStreamName": "2025/04/23/[$LATEST]8d6bca61a37b4c589f9e0343bae063fd",
        "timestamp": 1745437864156,
        "message": "FILE_TRANSFER RequestId: 9f070248-b6ea-4dc1-a331-b3af0b0e5fa3\t TransferType: consumed\t Action: download_from_s3\t FileName: mafdb_a1eedc391380a5657a304c22e8abeffea9d6dd787d36b21281414b4dc8af963a.json\t Bucket: denethor\t FilePath: mafdb/mafdb_a1eedc391380a5657a304c22e8abeffea9d6dd787d36b21281414b4dc8af963a.json\t LocalFilePath: /tmp/mafdb/mafdb_a1eedc391380a5657a304c22e8abeffea9d6dd787d36b21281414b4dc8af963a.json\t FileSize: 194 bytes\t TransferDuration: 47.39724599994588 ms\n",
        "ingestionTime": 1745437871364,
        "eventId": "38924565068410463047831955900822252020191029557213462561"
    },
    {
        "logStreamName": "2025/04/23/[$LATEST]8d6bca61a37b4c589f9e0343bae063fd",
        "timestamp": 1745437864201,
        "message": "FILE_TRANSFER RequestId: 9f070248-b6ea-4dc1-a331-b3af0b0e5fa3\t TransferType: consumed\t Action: download_from_s3\t FileName: mafdb_5d8fb3f326c1ee70d1723de6d4ad0e6bd85cffcc57200afc3c5125a82fc93be7.json\t Bucket: denethor\t FilePath: mafdb/mafdb_5d8fb3f326c1ee70d1723de6d4ad0e6bd85cffcc57200afc3c5125a82fc93be7.json\t LocalFilePath: /tmp/mafdb/mafdb_5d8fb3f326c1ee70d1723de6d4ad0e6bd85cffcc57200afc3c5125a82fc93be7.json\t FileSize: 194 bytes\t TransferDuration: 45.21165699998164 ms\n",
        "ingestionTime": 1745437871364,
        "eventId": "38924565069413996581765833942191359342460205824982581282"
    },
    {
        "logStreamName": "2025/04/23/[$LATEST]8d6bca61a37b4c589f9e0343bae063fd",
        "timestamp": 1745437864202,
        "message": "CONSUMED_FILES_INFO RequestId: 9f070248-b6ea-4dc1-a331-b3af0b0e5fa3\t FilesCount: 35 files\t FilesSize: 8458 bytes\t TransferDuration: 1955.3602339992722 ms\t ConsumedFiles: ['mafdb_861b6fcf310a5a4a01036477cd0e28e972c4aa89be1fcccfc0eab6cd45e9fd74.json', 'mafdb_7d398773bfc3e4435be56d8711457fd7fc190e97e32d7ec51a8a702e16118c4d.json', 'mafdb_c451a256436a5fc45a562eaf2fead8dd42917b32894e636d2b705f5405224a88.json', 'mafdb_51e18dc31f0c330513b45085a52c5ecd1e4a0a9130d2805a71368f1cbe17f65e.json', 'mafdb_e7fcb374868f23c5b66908ff13d437f525bdef064d3f7604b08f9b68087e91c4.json', 'mafdb_bdf7b87e05be228017da27afd5fd158ebe4fcf138008526635b8bcdbe380f328.json', 'mafdb_47fb2615fc585137c90363d35106c9022fdcc722571f7ed6d93a0e213c75c760.json', 'mafdb_87129d44586b87142d9940a8b1bdbebcfa7b0454f32076964711670e9940a5bc.json', 'mafdb_ffac685782ba2ceabfc02088f70f3473d570818cc3d9c58c8979a425bc171247.json', 'mafdb_e61287967464938dd8658e2b6f8063c95a2a8288b950145c07d8cd279f06fe96.json', 'mafdb_dd5bb0860cd8cfcf1de73c7e51fea56058e02019372b37c0fbe797a9a837ad38.json', 'mafdb_4a69772641578ec2d1db9c6dd1aabd576f4015e01037c89e4cf54545772984e3.json', 'mafdb_37f48e1b859b9b0ccb1d3918e3547c15f7c27b9cfc7ada49018043d3593d2b30.json', 'mafdb_050eb4506b88aa955760b80fe61fa5f2dc7867810f3fd968c62f0f2b1721b84a.json', 'mafdb_4294147453f0881ff5d40ffeafab616f4bd8a7ba876322d7a55e79a2b54c515e.json', 'mafdb_07f2663350ea1ac790cef8d65d693e9f9a8a7ff3d9613fcbba8694ef3a437497.json', 'mafdb_8fcd7595555ece58e0a06c2001637a9999683df07ff0bb320faaf120f0012491.json', 'mafdb_8bc6b1285675133cf71abced5feadde67801ce1183d48ccdfce4ad5c847e0d16.json', 'mafdb_a0bb27000c08353bd1576c76b737091f2d774cc5766e59661908d2047f1f9f55.json', 'mafdb_fc2a84852f95eebd03a586abcf5a76c64db1efd965d2c472f2b8a03ed0c40edf.json', 'mafdb_af818f20f62fe0eeda8042dfb7efb70bbde191b72d033f6a645874911e2ac0ea.json', 'mafdb_71c7b35ce46fea041e8926b0d65d4e269439ac7c99d52c3b917f8c5b5596aaec.json', 'mafdb_80fb21b57fa7d4a4e0c02d4b698ba833f7ac811c933c49e65adfdf08249f04c5.json', 'mafdb_a16e0ac07d1950ab727769d0eb177e1d9dc671c752f386544f000cfecf73f200.json', 'mafdb_a8a323c6db7012f298ceb95c38eb1038d7396da8f552c419b6ecae1fd4096914.json', 'mafdb_17282c44045cd04cec7b5d7a3e0512dd7a9b9a13307c311498bb91e52e2fe836.json', 'mafdb_6e78c99c1b81707d2db92f79bd7196e77288041bc91e58d4b2d2fe623f314899.json', 'mafdb_a3de180177be217fb13c0e65aa9b57d4ab2cbbb268539225094504bfee09dece.json', 'mafdb_8549b58233c57cc518f27f3d21b4551282ded33f8e0e846bc3ef39561d71f517.json', 'mafdb_840e426633a14a89c029da37c23983cc1c391e4698cd05ed1622e909719108dc.json', 'mafdb_617f38c032965f822e4bfe80c4e2684669e23988975f7360111f1b2064da8be6.json', 'mafdb_71e9833f3ea4a65edd4eec8abc96b355dbbc4341d38f183a3772958d855c9a2a.json', 'mafdb_ef4846779bd2a38fad411bfd1dde1cf87f3cd8dc2a3a380cbaa750d43d785bd5.json', 'mafdb_a1eedc391380a5657a304c22e8abeffea9d6dd787d36b21281414b4dc8af963a.json', 'mafdb_5d8fb3f326c1ee70d1723de6d4ad0e6bd85cffcc57200afc3c5125a82fc93be7.json']\n",
        "ingestionTime": 1745437871364,
        "eventId": "38924565069436297326964364565332895060732854186488561699"
    },
    {
        "logStreamName": "2025/04/23/[$LATEST]8d6bca61a37b4c589f9e0343bae063fd",
        "timestamp": 1745437864204,
        "message": "[INFO] 2025-04-23T19:51:04GMT MAF_DATABASE_AGGREGATOR RequestId: 9f070248-b6ea-4dc1-a331-b3af0b0e5fa3\t Duration: 1.570347000097172 ms\t InputLength: 35\t MaxMaf: 0\t MafDatabase: {}\n",
        "ingestionTime": 1745437871364,
        "eventId": "38924565069480898817361425811615966497278150909500522532"
    },
    {
        "logStreamName": "2025/04/23/[$LATEST]8d6bca61a37b4c589f9e0343bae063fd",
        "timestamp": 1745437864204,
        "message": "[INFO]\t2025-04-23T19:51:04.203Z\t9f070248-b6ea-4dc1-a331-b3af0b0e5fa3\tMAF_DATABASE_AGGREGATOR RequestId: 9f070248-b6ea-4dc1-a331-b3af0b0e5fa3\t Duration: 1.570347000097172 ms\t InputLength: 35\t MaxMaf: 0\t MafDatabase: {}\n",
        "ingestionTime": 1745437871364,
        "eventId": "38924565069480898817361425811615966497278150909500522533"
    },
    {
        "logStreamName": "2025/04/23/[$LATEST]8d6bca61a37b4c589f9e0343bae063fd",
        "timestamp": 1745437864273,
        "message": "FILE_TRANSFER RequestId: 9f070248-b6ea-4dc1-a331-b3af0b0e5fa3\t TransferType: produced\t Action: upload_to_s3\t FileName: mafdb_d8dcc60c7a120acb12b3af0f81cd6ede8975bcc30dc82094d60cfa8148cc17a1.json\t Bucket: denethor\t FilePath: mafdb/mafdb_d8dcc60c7a120acb12b3af0f81cd6ede8975bcc30dc82094d60cfa8148cc17a1.json\t LocalFilePath: /tmp/mafdb/mafdb_d8dcc60c7a120acb12b3af0f81cd6ede8975bcc30dc82094d60cfa8148cc17a1.json\t FileSize: 7434 bytes\t TransferDuration: 69.6400540000468 ms\n",
        "ingestionTime": 1745437871364,
        "eventId": "38924565071019650236060038808381931058090887853413171238"
    },
    {
        "logStreamName": "2025/04/23/[$LATEST]8d6bca61a37b4c589f9e0343bae063fd",
        "timestamp": 1745437864274,
        "message": "PRODUCED_FILES_INFO RequestId: 9f070248-b6ea-4dc1-a331-b3af0b0e5fa3\t FilesCount: 1 files\t FilesSize: 7434 bytes\t TransferDuration: 69.6400540000468 ms\t Provider: aws_lambda\t  ProducedFiles: ['mafdb_d8dcc60c7a120acb12b3af0f81cd6ede8975bcc30dc82094d60cfa8148cc17a1.json']\n",
        "ingestionTime": 1745437871364,
        "eventId": "38924565071041950981258569431523466776363536214919151655"
    },
    {
        "logStreamName": "2025/04/23/[$LATEST]8d6bca61a37b4c589f9e0343bae063fd",
        "timestamp": 1745437864275,
        "message": "END RequestId: 9f070248-b6ea-4dc1-a331-b3af0b0e5fa3\n",
        "ingestionTime": 1745437871364,
        "eventId": "38924565071064251726457100054665002494636184576425132072"
    },
    {
        "logStreamName": "2025/04/23/[$LATEST]8d6bca61a37b4c589f9e0343bae063fd",
        "timestamp": 1745437864275,
        "message": "REPORT RequestId: 9f070248-b6ea-4dc1-a331-b3af0b0e5fa3\tDuration: 2033.13 ms\tBilled Duration: 2034 ms\tMemory Size: 1024 MB\tMax Memory Used: 107 MB\tInit Duration: 818.42 ms\t\n",
        "ingestionTime": 1745437871364,
        "eventId": "38924565071064251726457100054665002494636184576425132073"
    }
]