[
    {
        "logStreamName": "2025/04/23/[$LATEST]6c83de747b53425990f57bc1f85a7ba9",
        "timestamp": 1745369267999,
        "message": "INIT_START Runtime Version: python:3.10.v64\tRuntime Version ARN: arn:aws:lambda:sa-east-1::runtime:d56bdc8857b2109a058de2ab50bfb80ac2aa600be6f7855a436859944e5fe54b\n",
        "ingestionTime": 1745369268410,
        "eventId": "38923035322991607645037548347588268177603012633930891264"
    },
    {
        "logStreamName": "2025/04/23/[$LATEST]6c83de747b53425990f57bc1f85a7ba9",
        "timestamp": 1745369268749,
        "message": "START RequestId: fb6b6784-2698-447a-ab5b-3563413c9339 Version: $LATEST\n",
        "ingestionTime": 1745369277768,
        "eventId": "38923035339717166543935515715052653079811290107122024448"
    },
    {
        "logStreamName": "2025/04/23/[$LATEST]6c83de747b53425990f57bc1f85a7ba9",
        "timestamp": 1745369268749,
        "message": "Directory /tmp/mafdb was created!\n",
        "ingestionTime": 1745369277768,
        "eventId": "38923035339717166543935515715052653079811290107122024449"
    },
    {
        "logStreamName": "2025/04/23/[$LATEST]6c83de747b53425990f57bc1f85a7ba9",
        "timestamp": 1745369269087,
        "message": "FILE_TRANSFER RequestId: fb6b6784-2698-447a-ab5b-3563413c9339\t TransferType: consumed\t Action: download_from_s3\t FileName: mafdb_6f7a2b1116e6a791f68a03367473294792b679a6357b6789f3f993b1f83e2e80.json\t Bucket: denethor\t FilePath: mafdb/mafdb_6f7a2b1116e6a791f68a03367473294792b679a6357b6789f3f993b1f83e2e80.json\t LocalFilePath: /tmp/mafdb/mafdb_6f7a2b1116e6a791f68a03367473294792b679a6357b6789f3f993b1f83e2e80.json\t FileSize: 185 bytes\t TransferDuration: 337.7073980000205 ms\n",
        "ingestionTime": 1745369277768,
        "eventId": "38923035347254818421038866336891725855966436296143405058"
    },
    {
        "logStreamName": "2025/04/23/[$LATEST]6c83de747b53425990f57bc1f85a7ba9",
        "timestamp": 1745369269187,
        "message": "FILE_TRANSFER RequestId: fb6b6784-2698-447a-ab5b-3563413c9339\t TransferType: consumed\t Action: download_from_s3\t FileName: mafdb_7d398773bfc3e4435be56d8711457fd7fc190e97e32d7ec51a8a702e16118c4d.json\t Bucket: denethor\t FilePath: mafdb/mafdb_7d398773bfc3e4435be56d8711457fd7fc190e97e32d7ec51a8a702e16118c4d.json\t LocalFilePath: /tmp/mafdb/mafdb_7d398773bfc3e4435be56d8711457fd7fc190e97e32d7ec51a8a702e16118c4d.json\t FileSize: 355 bytes\t TransferDuration: 99.99572699996406 ms\n",
        "ingestionTime": 1745369277768,
        "eventId": "38923035349484892940891928651045297683231272446741446659"
    },
    {
        "logStreamName": "2025/04/23/[$LATEST]6c83de747b53425990f57bc1f85a7ba9",
        "timestamp": 1745369269287,
        "message": "FILE_TRANSFER RequestId: fb6b6784-2698-447a-ab5b-3563413c9339\t TransferType: consumed\t Action: download_from_s3\t FileName: mafdb_c5b5a3a4bd54a110140df77527325958d257fc9b669bca89b332593540c1dc20.json\t Bucket: denethor\t FilePath: mafdb/mafdb_c5b5a3a4bd54a110140df77527325958d257fc9b669bca89b332593540c1dc20.json\t LocalFilePath: /tmp/mafdb/mafdb_c5b5a3a4bd54a110140df77527325958d257fc9b669bca89b332593540c1dc20.json\t FileSize: 273 bytes\t TransferDuration: 99.95159799996145 ms\n",
        "ingestionTime": 1745369277768,
        "eventId": "38923035351714967460744990965198869510496108597339488260"
    },
    {
        "logStreamName": "2025/04/23/[$LATEST]6c83de747b53425990f57bc1f85a7ba9",
        "timestamp": 1745369269407,
        "message": "FILE_TRANSFER RequestId: fb6b6784-2698-447a-ab5b-3563413c9339\t TransferType: consumed\t Action: download_from_s3\t FileName: mafdb_68e664a9a27eba1488202e5ea16bb79aee50d9c2456068b25a29d7ca46c1450f.json\t Bucket: denethor\t FilePath: mafdb/mafdb_68e664a9a27eba1488202e5ea16bb79aee50d9c2456068b25a29d7ca46c1450f.json\t LocalFilePath: /tmp/mafdb/mafdb_68e664a9a27eba1488202e5ea16bb79aee50d9c2456068b25a29d7ca46c1450f.json\t FileSize: 273 bytes\t TransferDuration: 119.91341499998498 ms\n",
        "ingestionTime": 1745369277768,
        "eventId": "38923035354391056884568665742183155703213911978057138181"
    },
    {
        "logStreamName": "2025/04/23/[$LATEST]6c83de747b53425990f57bc1f85a7ba9",
        "timestamp": 1745369269507,
        "message": "FILE_TRANSFER RequestId: fb6b6784-2698-447a-ab5b-3563413c9339\t TransferType: consumed\t Action: download_from_s3\t FileName: mafdb_07f2663350ea1ac790cef8d65d693e9f9a8a7ff3d9613fcbba8694ef3a437497.json\t Bucket: denethor\t FilePath: mafdb/mafdb_07f2663350ea1ac790cef8d65d693e9f9a8a7ff3d9613fcbba8694ef3a437497.json\t LocalFilePath: /tmp/mafdb/mafdb_07f2663350ea1ac790cef8d65d693e9f9a8a7ff3d9613fcbba8694ef3a437497.json\t FileSize: 232 bytes\t TransferDuration: 99.8876279999763 ms\n",
        "ingestionTime": 1745369277768,
        "eventId": "38923035356621131404421728056336727530478748128655179782"
    },
    {
        "logStreamName": "2025/04/23/[$LATEST]6c83de747b53425990f57bc1f85a7ba9",
        "timestamp": 1745369269607,
        "message": "FILE_TRANSFER RequestId: fb6b6784-2698-447a-ab5b-3563413c9339\t TransferType: consumed\t Action: download_from_s3\t FileName: mafdb_fc2a84852f95eebd03a586abcf5a76c64db1efd965d2c472f2b8a03ed0c40edf.json\t Bucket: denethor\t FilePath: mafdb/mafdb_fc2a84852f95eebd03a586abcf5a76c64db1efd965d2c472f2b8a03ed0c40edf.json\t LocalFilePath: /tmp/mafdb/mafdb_fc2a84852f95eebd03a586abcf5a76c64db1efd965d2c472f2b8a03ed0c40edf.json\t FileSize: 232 bytes\t TransferDuration: 99.87131799999815 ms\n",
        "ingestionTime": 1745369277768,
        "eventId": "38923035358851205924274790370490299357743584279253221383"
    },
    {
        "logStreamName": "2025/04/23/[$LATEST]6c83de747b53425990f57bc1f85a7ba9",
        "timestamp": 1745369269707,
        "message": "FILE_TRANSFER RequestId: fb6b6784-2698-447a-ab5b-3563413c9339\t TransferType: consumed\t Action: download_from_s3\t FileName: mafdb_a1bfbcddbd0327f872ff3e6b2d5dcbed9e804641918b58e4b469cf077329c2cd.json\t Bucket: denethor\t FilePath: mafdb/mafdb_a1bfbcddbd0327f872ff3e6b2d5dcbed9e804641918b58e4b469cf077329c2cd.json\t LocalFilePath: /tmp/mafdb/mafdb_a1bfbcddbd0327f872ff3e6b2d5dcbed9e804641918b58e4b469cf077329c2cd.json\t FileSize: 232 bytes\t TransferDuration: 99.9829290000207 ms\n",
        "ingestionTime": 1745369277768,
        "eventId": "38923035361081280444127852684643871185008420429851262984"
    },
    {
        "logStreamName": "2025/04/23/[$LATEST]6c83de747b53425990f57bc1f85a7ba9",
        "timestamp": 1745369269827,
        "message": "FILE_TRANSFER RequestId: fb6b6784-2698-447a-ab5b-3563413c9339\t TransferType: consumed\t Action: download_from_s3\t FileName: mafdb_d9763115b2f7bbb170380eb0cf73c01c379877e17db9d20a5263916ed4781cf2.json\t Bucket: denethor\t FilePath: mafdb/mafdb_d9763115b2f7bbb170380eb0cf73c01c379877e17db9d20a5263916ed4781cf2.json\t LocalFilePath: /tmp/mafdb/mafdb_d9763115b2f7bbb170380eb0cf73c01c379877e17db9d20a5263916ed4781cf2.json\t FileSize: 232 bytes\t TransferDuration: 119.90608500002509 ms\n",
        "ingestionTime": 1745369277768,
        "eventId": "38923035363757369867951527461628157377726223810568912905"
    },
    {
        "logStreamName": "2025/04/23/[$LATEST]6c83de747b53425990f57bc1f85a7ba9",
        "timestamp": 1745369269927,
        "message": "FILE_TRANSFER RequestId: fb6b6784-2698-447a-ab5b-3563413c9339\t TransferType: consumed\t Action: download_from_s3\t FileName: mafdb_076c9c757bf558a92d6744f8a09864a7bc11e5da777c7ae15a8572da59fdf706.json\t Bucket: denethor\t FilePath: mafdb/mafdb_076c9c757bf558a92d6744f8a09864a7bc11e5da777c7ae15a8572da59fdf706.json\t LocalFilePath: /tmp/mafdb/mafdb_076c9c757bf558a92d6744f8a09864a7bc11e5da777c7ae15a8572da59fdf706.json\t FileSize: 232 bytes\t TransferDuration: 99.97530800001186 ms\n",
        "ingestionTime": 1745369277768,
        "eventId": "38923035365987444387804589775781729204991059961166954506"
    },
    {
        "logStreamName": "2025/04/23/[$LATEST]6c83de747b53425990f57bc1f85a7ba9",
        "timestamp": 1745369270027,
        "message": "FILE_TRANSFER RequestId: fb6b6784-2698-447a-ab5b-3563413c9339\t TransferType: consumed\t Action: download_from_s3\t FileName: mafdb_d8f27b52bb176ffe9ae04a4199d3cd7bad0db0e653726abeb7d7e0563bf138c8.json\t Bucket: denethor\t FilePath: mafdb/mafdb_d8f27b52bb176ffe9ae04a4199d3cd7bad0db0e653726abeb7d7e0563bf138c8.json\t LocalFilePath: /tmp/mafdb/mafdb_d8f27b52bb176ffe9ae04a4199d3cd7bad0db0e653726abeb7d7e0563bf138c8.json\t FileSize: 236 bytes\t TransferDuration: 99.94035799996936 ms\n",
        "ingestionTime": 1745369277768,
        "eventId": "38923035368217518907657652089935301032255896111764996107"
    },
    {
        "logStreamName": "2025/04/23/[$LATEST]6c83de747b53425990f57bc1f85a7ba9",
        "timestamp": 1745369270127,
        "message": "FILE_TRANSFER RequestId: fb6b6784-2698-447a-ab5b-3563413c9339\t TransferType: consumed\t Action: download_from_s3\t FileName: mafdb_1bc211752a94b2c578560693e27c96c128aefdf6439e0fc20a27028f333f2ca9.json\t Bucket: denethor\t FilePath: mafdb/mafdb_1bc211752a94b2c578560693e27c96c128aefdf6439e0fc20a27028f333f2ca9.json\t LocalFilePath: /tmp/mafdb/mafdb_1bc211752a94b2c578560693e27c96c128aefdf6439e0fc20a27028f333f2ca9.json\t FileSize: 194 bytes\t TransferDuration: 99.95592799998576 ms\n",
        "ingestionTime": 1745369277768,
        "eventId": "38923035370447593427510714404088872859520732262363037708"
    },
    {
        "logStreamName": "2025/04/23/[$LATEST]6c83de747b53425990f57bc1f85a7ba9",
        "timestamp": 1745369270227,
        "message": "FILE_TRANSFER RequestId: fb6b6784-2698-447a-ab5b-3563413c9339\t TransferType: consumed\t Action: download_from_s3\t FileName: mafdb_d654fe2f1d71c9b9393af17a389125cfb4f05a2ee4da5e63313ba90ce4460342.json\t Bucket: denethor\t FilePath: mafdb/mafdb_d654fe2f1d71c9b9393af17a389125cfb4f05a2ee4da5e63313ba90ce4460342.json\t LocalFilePath: /tmp/mafdb/mafdb_d654fe2f1d71c9b9393af17a389125cfb4f05a2ee4da5e63313ba90ce4460342.json\t FileSize: 194 bytes\t TransferDuration: 99.96281900004078 ms\n",
        "ingestionTime": 1745369277768,
        "eventId": "38923035372677667947363776718242444686785568412961079309"
    },
    {
        "logStreamName": "2025/04/23/[$LATEST]6c83de747b53425990f57bc1f85a7ba9",
        "timestamp": 1745369270327,
        "message": "FILE_TRANSFER RequestId: fb6b6784-2698-447a-ab5b-3563413c9339\t TransferType: consumed\t Action: download_from_s3\t FileName: mafdb_43903bd26b53b7749aa4d4e2dca35cc7b18a934b80aa8d1378a6ee59222171f8.json\t Bucket: denethor\t FilePath: mafdb/mafdb_43903bd26b53b7749aa4d4e2dca35cc7b18a934b80aa8d1378a6ee59222171f8.json\t LocalFilePath: /tmp/mafdb/mafdb_43903bd26b53b7749aa4d4e2dca35cc7b18a934b80aa8d1378a6ee59222171f8.json\t FileSize: 194 bytes\t TransferDuration: 99.9356970000349 ms\n",
        "ingestionTime": 1745369277768,
        "eventId": "38923035374907742467216839032396016514050404563559120910"
    },
    {
        "logStreamName": "2025/04/23/[$LATEST]6c83de747b53425990f57bc1f85a7ba9",
        "timestamp": 1745369270447,
        "message": "FILE_TRANSFER RequestId: fb6b6784-2698-447a-ab5b-3563413c9339\t TransferType: consumed\t Action: download_from_s3\t FileName: mafdb_6e628caceb94a4a6379ae400f4bda6ac9c746b5c41af33642cce665c8b0018a5.json\t Bucket: denethor\t FilePath: mafdb/mafdb_6e628caceb94a4a6379ae400f4bda6ac9c746b5c41af33642cce665c8b0018a5.json\t LocalFilePath: /tmp/mafdb/mafdb_6e628caceb94a4a6379ae400f4bda6ac9c746b5c41af33642cce665c8b0018a5.json\t FileSize: 194 bytes\t TransferDuration: 119.86862500003781 ms\n",
        "ingestionTime": 1745369277768,
        "eventId": "38923035377583831891040513809380302706768207944276770831"
    },
    {
        "logStreamName": "2025/04/23/[$LATEST]6c83de747b53425990f57bc1f85a7ba9",
        "timestamp": 1745369270547,
        "message": "FILE_TRANSFER RequestId: fb6b6784-2698-447a-ab5b-3563413c9339\t TransferType: consumed\t Action: download_from_s3\t FileName: mafdb_f918c820d318d5721f6a01c5e5f1bcf93d25c754add42dfe159109e02e35ab0a.json\t Bucket: denethor\t FilePath: mafdb/mafdb_f918c820d318d5721f6a01c5e5f1bcf93d25c754add42dfe159109e02e35ab0a.json\t LocalFilePath: /tmp/mafdb/mafdb_f918c820d318d5721f6a01c5e5f1bcf93d25c754add42dfe159109e02e35ab0a.json\t FileSize: 194 bytes\t TransferDuration: 99.93170799998552 ms\n",
        "ingestionTime": 1745369277768,
        "eventId": "38923035379813906410893576123533874534033044094874812432"
    },
    {
        "logStreamName": "2025/04/23/[$LATEST]6c83de747b53425990f57bc1f85a7ba9",
        "timestamp": 1745369270548,
        "message": "CONSUMED_FILES_INFO RequestId: fb6b6784-2698-447a-ab5b-3563413c9339\t FilesCount: 15 files\t FilesSize: 3452 bytes\t TransferDuration: 1796.7865410000172 ms\t ConsumedFiles: ['mafdb_6f7a2b1116e6a791f68a03367473294792b679a6357b6789f3f993b1f83e2e80.json', 'mafdb_7d398773bfc3e4435be56d8711457fd7fc190e97e32d7ec51a8a702e16118c4d.json', 'mafdb_c5b5a3a4bd54a110140df77527325958d257fc9b669bca89b332593540c1dc20.json', 'mafdb_68e664a9a27eba1488202e5ea16bb79aee50d9c2456068b25a29d7ca46c1450f.json', 'mafdb_07f2663350ea1ac790cef8d65d693e9f9a8a7ff3d9613fcbba8694ef3a437497.json', 'mafdb_fc2a84852f95eebd03a586abcf5a76c64db1efd965d2c472f2b8a03ed0c40edf.json', 'mafdb_a1bfbcddbd0327f872ff3e6b2d5dcbed9e804641918b58e4b469cf077329c2cd.json', 'mafdb_d9763115b2f7bbb170380eb0cf73c01c379877e17db9d20a5263916ed4781cf2.json', 'mafdb_076c9c757bf558a92d6744f8a09864a7bc11e5da777c7ae15a8572da59fdf706.json', 'mafdb_d8f27b52bb176ffe9ae04a4199d3cd7bad0db0e653726abeb7d7e0563bf138c8.json', 'mafdb_1bc211752a94b2c578560693e27c96c128aefdf6439e0fc20a27028f333f2ca9.json', 'mafdb_d654fe2f1d71c9b9393af17a389125cfb4f05a2ee4da5e63313ba90ce4460342.json', 'mafdb_43903bd26b53b7749aa4d4e2dca35cc7b18a934b80aa8d1378a6ee59222171f8.json', 'mafdb_6e628caceb94a4a6379ae400f4bda6ac9c746b5c41af33642cce665c8b0018a5.json', 'mafdb_f918c820d318d5721f6a01c5e5f1bcf93d25c754add42dfe159109e02e35ab0a.json']\n",
        "ingestionTime": 1745369277768,
        "eventId": "38923035379836207156092106746675410252305692456380792849"
    },
    {
        "logStreamName": "2025/04/23/[$LATEST]6c83de747b53425990f57bc1f85a7ba9",
        "timestamp": 1745369270549,
        "message": "[INFO] 2025-04-23T00:47:50GMT MAF_DATABASE_AGGREGATOR RequestId: fb6b6784-2698-447a-ab5b-3563413c9339\t Duration: 0.9711499999980333 ms\t InputLength: 15\t MaxMaf: 0\t MafDatabase: {}\n",
        "ingestionTime": 1745369277768,
        "eventId": "38923035379858507901290637369816945970578340817886773266"
    },
    {
        "logStreamName": "2025/04/23/[$LATEST]6c83de747b53425990f57bc1f85a7ba9",
        "timestamp": 1745369270549,
        "message": "[INFO]\t2025-04-23T00:47:50.549Z\tfb6b6784-2698-447a-ab5b-3563413c9339\tMAF_DATABASE_AGGREGATOR RequestId: fb6b6784-2698-447a-ab5b-3563413c9339\t Duration: 0.9711499999980333 ms\t InputLength: 15\t MaxMaf: 0\t MafDatabase: {}\n",
        "ingestionTime": 1745369277768,
        "eventId": "38923035379858507901290637369816945970578340817886773267"
    },
    {
        "logStreamName": "2025/04/23/[$LATEST]6c83de747b53425990f57bc1f85a7ba9",
        "timestamp": 1745369270648,
        "message": "FILE_TRANSFER RequestId: fb6b6784-2698-447a-ab5b-3563413c9339\t TransferType: produced\t Action: upload_to_s3\t FileName: mafdb_0b8e21ab56fd1d3e2597abb14f2f9e7da9a50a72865af413704cc801a98c61b4.json\t Bucket: denethor\t FilePath: mafdb/mafdb_0b8e21ab56fd1d3e2597abb14f2f9e7da9a50a72865af413704cc801a98c61b4.json\t LocalFilePath: /tmp/mafdb/mafdb_0b8e21ab56fd1d3e2597abb14f2f9e7da9a50a72865af413704cc801a98c61b4.json\t FileSize: 3036 bytes\t TransferDuration: 99.50911700002507 ms\n",
        "ingestionTime": 1745369277768,
        "eventId": "38923035382066281675945169060828982079570528606978834452"
    },
    {
        "logStreamName": "2025/04/23/[$LATEST]6c83de747b53425990f57bc1f85a7ba9",
        "timestamp": 1745369270649,
        "message": "PRODUCED_FILES_INFO RequestId: fb6b6784-2698-447a-ab5b-3563413c9339\t FilesCount: 1 files\t FilesSize: 3036 bytes\t TransferDuration: 99.50911700002507 ms\t Provider: aws_lambda\t  ProducedFiles: ['mafdb_0b8e21ab56fd1d3e2597abb14f2f9e7da9a50a72865af413704cc801a98c61b4.json']\n",
        "ingestionTime": 1745369277768,
        "eventId": "38923035382088582421143699683970517797843176968484814869"
    },
    {
        "logStreamName": "2025/04/23/[$LATEST]6c83de747b53425990f57bc1f85a7ba9",
        "timestamp": 1745369270668,
        "message": "END RequestId: fb6b6784-2698-447a-ab5b-3563413c9339\n",
        "ingestionTime": 1745369277768,
        "eventId": "38923035382512296579915781523659696445023495837098442774"
    },
    {
        "logStreamName": "2025/04/23/[$LATEST]6c83de747b53425990f57bc1f85a7ba9",
        "timestamp": 1745369270668,
        "message": "REPORT RequestId: fb6b6784-2698-447a-ab5b-3563413c9339\tDuration: 1919.06 ms\tBilled Duration: 1920 ms\tMemory Size: 128 MB\tMax Memory Used: 107 MB\tInit Duration: 748.28 ms\t\n",
        "ingestionTime": 1745369277768,
        "eventId": "38923035382512296579915781523659696445023495837098442775"
    }
]