[
    {
        "logStreamName": "2025/04/24/[$LATEST]ac1c2868a5bd486c80c88bd56b221bf8",
        "timestamp": 1745473406487,
        "message": "INIT_START Runtime Version: python:3.10.v64\tRuntime Version ARN: arn:aws:lambda:sa-east-1::runtime:d56bdc8857b2109a058de2ab50bfb80ac2aa600be6f7855a436859944e5fe54b\n",
        "ingestionTime": 1745473409769,
        "eventId": "38925357688877855883953331586464691491844634019146432512"
    },
    {
        "logStreamName": "2025/04/24/[$LATEST]ac1c2868a5bd486c80c88bd56b221bf8",
        "timestamp": 1745473407279,
        "message": "START RequestId: 9393baef-562e-49bc-a4b1-802454168def Version: $LATEST\n",
        "ingestionTime": 1745473409769,
        "eventId": "38925357706540046081189585114560980363782136331882921985"
    },
    {
        "logStreamName": "2025/04/24/[$LATEST]ac1c2868a5bd486c80c88bd56b221bf8",
        "timestamp": 1745473407281,
        "message": "Directory /tmp/mafdb was created!\n",
        "ingestionTime": 1745473409769,
        "eventId": "38925357706584647571586646360844051800327433054894882818"
    },
    {
        "logStreamName": "2025/04/24/[$LATEST]ac1c2868a5bd486c80c88bd56b221bf8",
        "timestamp": 1745473407365,
        "message": "FILE_TRANSFER RequestId: 9393baef-562e-49bc-a4b1-802454168def\t TransferType: consumed\t Action: download_from_s3\t FileName: mafdb_c451a256436a5fc45a562eaf2fead8dd42917b32894e636d2b705f5405224a88.json\t Bucket: denethor\t FilePath: mafdb/mafdb_c451a256436a5fc45a562eaf2fead8dd42917b32894e636d2b705f5405224a88.json\t LocalFilePath: /tmp/mafdb/mafdb_c451a256436a5fc45a562eaf2fead8dd42917b32894e636d2b705f5405224a88.json\t FileSize: 355 bytes\t TransferDuration: 84.11823500000537 ms\n",
        "ingestionTime": 1745473409769,
        "eventId": "38925357708457910168263218704733052135229895421397237763"
    },
    {
        "logStreamName": "2025/04/24/[$LATEST]ac1c2868a5bd486c80c88bd56b221bf8",
        "timestamp": 1745473407405,
        "message": "FILE_TRANSFER RequestId: 9393baef-562e-49bc-a4b1-802454168def\t TransferType: consumed\t Action: download_from_s3\t FileName: mafdb_7511017a4e93687a5be47b55aa4c08eff48c283a8153f5e070747057ad693f80.json\t Bucket: denethor\t FilePath: mafdb/mafdb_7511017a4e93687a5be47b55aa4c08eff48c283a8153f5e070747057ad693f80.json\t LocalFilePath: /tmp/mafdb/mafdb_7511017a4e93687a5be47b55aa4c08eff48c283a8153f5e070747057ad693f80.json\t FileSize: 314 bytes\t TransferDuration: 39.45807299987791 ms\n",
        "ingestionTime": 1745473409769,
        "eventId": "38925357709349939976204443630394480866135829881636454404"
    },
    {
        "logStreamName": "2025/04/24/[$LATEST]ac1c2868a5bd486c80c88bd56b221bf8",
        "timestamp": 1745473407447,
        "message": "FILE_TRANSFER RequestId: 9393baef-562e-49bc-a4b1-802454168def\t TransferType: consumed\t Action: download_from_s3\t FileName: mafdb_3891ae3bc299950ca7a78c4d495828659f2cb320e0641ad8c6bfc4ced2d8e2b0.json\t Bucket: denethor\t FilePath: mafdb/mafdb_3891ae3bc299950ca7a78c4d495828659f2cb320e0641ad8c6bfc4ced2d8e2b0.json\t LocalFilePath: /tmp/mafdb/mafdb_3891ae3bc299950ca7a78c4d495828659f2cb320e0641ad8c6bfc4ced2d8e2b0.json\t FileSize: 355 bytes\t TransferDuration: 41.706681000050594 ms\n",
        "ingestionTime": 1745473409769,
        "eventId": "38925357710286571274542729802338981033587061064887631877"
    },
    {
        "logStreamName": "2025/04/24/[$LATEST]ac1c2868a5bd486c80c88bd56b221bf8",
        "timestamp": 1745473407493,
        "message": "FILE_TRANSFER RequestId: 9393baef-562e-49bc-a4b1-802454168def\t TransferType: consumed\t Action: download_from_s3\t FileName: mafdb_bdf7b87e05be228017da27afd5fd158ebe4fcf138008526635b8bcdbe380f328.json\t Bucket: denethor\t FilePath: mafdb/mafdb_bdf7b87e05be228017da27afd5fd158ebe4fcf138008526635b8bcdbe380f328.json\t LocalFilePath: /tmp/mafdb/mafdb_bdf7b87e05be228017da27afd5fd158ebe4fcf138008526635b8bcdbe380f328.json\t FileSize: 273 bytes\t TransferDuration: 45.79161799983922 ms\n",
        "ingestionTime": 1745473409769,
        "eventId": "38925357711312405553675138466849624074128885694162731014"
    },
    {
        "logStreamName": "2025/04/24/[$LATEST]ac1c2868a5bd486c80c88bd56b221bf8",
        "timestamp": 1745473407539,
        "message": "FILE_TRANSFER RequestId: 9393baef-562e-49bc-a4b1-802454168def\t TransferType: consumed\t Action: download_from_s3\t FileName: mafdb_49ad0997fa75ff9233f44bffe4f6033aaaf8676ed8f4cbac92057d25395497e6.json\t Bucket: denethor\t FilePath: mafdb/mafdb_49ad0997fa75ff9233f44bffe4f6033aaaf8676ed8f4cbac92057d25395497e6.json\t LocalFilePath: /tmp/mafdb/mafdb_49ad0997fa75ff9233f44bffe4f6033aaaf8676ed8f4cbac92057d25395497e6.json\t FileSize: 273 bytes\t TransferDuration: 46.85919299981833 ms\n",
        "ingestionTime": 1745473409769,
        "eventId": "38925357712338239832807547131360267114670710323437830151"
    },
    {
        "logStreamName": "2025/04/24/[$LATEST]ac1c2868a5bd486c80c88bd56b221bf8",
        "timestamp": 1745473407592,
        "message": "FILE_TRANSFER RequestId: 9393baef-562e-49bc-a4b1-802454168def\t TransferType: consumed\t Action: download_from_s3\t FileName: mafdb_e7f2f9266538f691bae81aa42aeb881fcfc1833e62d05d9141e808a0cb0095fa.json\t Bucket: denethor\t FilePath: mafdb/mafdb_e7f2f9266538f691bae81aa42aeb881fcfc1833e62d05d9141e808a0cb0095fa.json\t LocalFilePath: /tmp/mafdb/mafdb_e7f2f9266538f691bae81aa42aeb881fcfc1833e62d05d9141e808a0cb0095fa.json\t FileSize: 273 bytes\t TransferDuration: 52.19021899984 ms\n",
        "ingestionTime": 1745473409769,
        "eventId": "38925357713520179328329670157861660183121073483254792200"
    },
    {
        "logStreamName": "2025/04/24/[$LATEST]ac1c2868a5bd486c80c88bd56b221bf8",
        "timestamp": 1745473407636,
        "message": "FILE_TRANSFER RequestId: 9393baef-562e-49bc-a4b1-802454168def\t TransferType: consumed\t Action: download_from_s3\t FileName: mafdb_f6c9786df6a492206e55eb3d3911d34dbd753bfef23be22d8635d72135a7fbc7.json\t Bucket: denethor\t FilePath: mafdb/mafdb_f6c9786df6a492206e55eb3d3911d34dbd753bfef23be22d8635d72135a7fbc7.json\t LocalFilePath: /tmp/mafdb/mafdb_f6c9786df6a492206e55eb3d3911d34dbd753bfef23be22d8635d72135a7fbc7.json\t FileSize: 273 bytes\t TransferDuration: 44.22465800007558 ms\n",
        "ingestionTime": 1745473409769,
        "eventId": "38925357714501412117065017576089231787117601389517930505"
    },
    {
        "logStreamName": "2025/04/24/[$LATEST]ac1c2868a5bd486c80c88bd56b221bf8",
        "timestamp": 1745473407675,
        "message": "FILE_TRANSFER RequestId: 9393baef-562e-49bc-a4b1-802454168def\t TransferType: consumed\t Action: download_from_s3\t FileName: mafdb_b61e3844996fd21e45a7d054f79694e53c5aede5327c90900ed7183119a56bfb.json\t Bucket: denethor\t FilePath: mafdb/mafdb_b61e3844996fd21e45a7d054f79694e53c5aede5327c90900ed7183119a56bfb.json\t LocalFilePath: /tmp/mafdb/mafdb_b61e3844996fd21e45a7d054f79694e53c5aede5327c90900ed7183119a56bfb.json\t FileSize: 273 bytes\t TransferDuration: 39.378685999963636 ms\n",
        "ingestionTime": 1745473409769,
        "eventId": "38925357715371141179807711878609124799750887488251166730"
    },
    {
        "logStreamName": "2025/04/24/[$LATEST]ac1c2868a5bd486c80c88bd56b221bf8",
        "timestamp": 1745473407716,
        "message": "FILE_TRANSFER RequestId: 9393baef-562e-49bc-a4b1-802454168def\t TransferType: consumed\t Action: download_from_s3\t FileName: mafdb_7aa0e0772e1c689c49550813d4d69f69cf00ce1c31ded8e93e9d062016b4ea81.json\t Bucket: denethor\t FilePath: mafdb/mafdb_7aa0e0772e1c689c49550813d4d69f69cf00ce1c31ded8e93e9d062016b4ea81.json\t LocalFilePath: /tmp/mafdb/mafdb_7aa0e0772e1c689c49550813d4d69f69cf00ce1c31ded8e93e9d062016b4ea81.json\t FileSize: 273 bytes\t TransferDuration: 40.88077100004739 ms\n",
        "ingestionTime": 1745473409769,
        "eventId": "38925357716285471732947467427412089248929470309996363787"
    },
    {
        "logStreamName": "2025/04/24/[$LATEST]ac1c2868a5bd486c80c88bd56b221bf8",
        "timestamp": 1745473407755,
        "message": "FILE_TRANSFER RequestId: 9393baef-562e-49bc-a4b1-802454168def\t TransferType: consumed\t Action: download_from_s3\t FileName: mafdb_a10de1e435f46b875ce088b70edd639bb15f15e47181e4a02fd1d3279f474a75.json\t Bucket: denethor\t FilePath: mafdb/mafdb_a10de1e435f46b875ce088b70edd639bb15f15e47181e4a02fd1d3279f474a75.json\t LocalFilePath: /tmp/mafdb/mafdb_a10de1e435f46b875ce088b70edd639bb15f15e47181e4a02fd1d3279f474a75.json\t FileSize: 273 bytes\t TransferDuration: 38.97336899990478 ms\n",
        "ingestionTime": 1745473409769,
        "eventId": "38925357717155200795690161729931982261562756408729600012"
    },
    {
        "logStreamName": "2025/04/24/[$LATEST]ac1c2868a5bd486c80c88bd56b221bf8",
        "timestamp": 1745473407799,
        "message": "FILE_TRANSFER RequestId: 9393baef-562e-49bc-a4b1-802454168def\t TransferType: consumed\t Action: download_from_s3\t FileName: mafdb_e61287967464938dd8658e2b6f8063c95a2a8288b950145c07d8cd279f06fe96.json\t Bucket: denethor\t FilePath: mafdb/mafdb_e61287967464938dd8658e2b6f8063c95a2a8288b950145c07d8cd279f06fe96.json\t LocalFilePath: /tmp/mafdb/mafdb_e61287967464938dd8658e2b6f8063c95a2a8288b950145c07d8cd279f06fe96.json\t FileSize: 232 bytes\t TransferDuration: 43.85312199974578 ms\n",
        "ingestionTime": 1745473409769,
        "eventId": "38925357718136433584425509148159553865559284314992738317"
    },
    {
        "logStreamName": "2025/04/24/[$LATEST]ac1c2868a5bd486c80c88bd56b221bf8",
        "timestamp": 1745473407843,
        "message": "FILE_TRANSFER RequestId: 9393baef-562e-49bc-a4b1-802454168def\t TransferType: consumed\t Action: download_from_s3\t FileName: mafdb_dd5bb0860cd8cfcf1de73c7e51fea56058e02019372b37c0fbe797a9a837ad38.json\t Bucket: denethor\t FilePath: mafdb/mafdb_dd5bb0860cd8cfcf1de73c7e51fea56058e02019372b37c0fbe797a9a837ad38.json\t LocalFilePath: /tmp/mafdb/mafdb_dd5bb0860cd8cfcf1de73c7e51fea56058e02019372b37c0fbe797a9a837ad38.json\t FileSize: 232 bytes\t TransferDuration: 43.56839900037812 ms\n",
        "ingestionTime": 1745473409769,
        "eventId": "38925357719117666373160856566387125469555812221255876622"
    },
    {
        "logStreamName": "2025/04/24/[$LATEST]ac1c2868a5bd486c80c88bd56b221bf8",
        "timestamp": 1745473407883,
        "message": "FILE_TRANSFER RequestId: 9393baef-562e-49bc-a4b1-802454168def\t TransferType: consumed\t Action: download_from_s3\t FileName: mafdb_4a69772641578ec2d1db9c6dd1aabd576f4015e01037c89e4cf54545772984e3.json\t Bucket: denethor\t FilePath: mafdb/mafdb_4a69772641578ec2d1db9c6dd1aabd576f4015e01037c89e4cf54545772984e3.json\t LocalFilePath: /tmp/mafdb/mafdb_4a69772641578ec2d1db9c6dd1aabd576f4015e01037c89e4cf54545772984e3.json\t FileSize: 232 bytes\t TransferDuration: 39.53963799995108 ms\n",
        "ingestionTime": 1745473409769,
        "eventId": "38925357720009696181102081492048554200461746681495093263"
    },
    {
        "logStreamName": "2025/04/24/[$LATEST]ac1c2868a5bd486c80c88bd56b221bf8",
        "timestamp": 1745473407930,
        "message": "FILE_TRANSFER RequestId: 9393baef-562e-49bc-a4b1-802454168def\t TransferType: consumed\t Action: download_from_s3\t FileName: mafdb_fac1936d51dfedc6b2390b5bce6179113332479afc4a5757defe3114aec8f0bb.json\t Bucket: denethor\t FilePath: mafdb/mafdb_fac1936d51dfedc6b2390b5bce6179113332479afc4a5757defe3114aec8f0bb.json\t LocalFilePath: /tmp/mafdb/mafdb_fac1936d51dfedc6b2390b5bce6179113332479afc4a5757defe3114aec8f0bb.json\t FileSize: 232 bytes\t TransferDuration: 47.49513599972488 ms\n",
        "ingestionTime": 1745473409769,
        "eventId": "38925357721057831205433020779700732959276219672276172816"
    },
    {
        "logStreamName": "2025/04/24/[$LATEST]ac1c2868a5bd486c80c88bd56b221bf8",
        "timestamp": 1745473407977,
        "message": "FILE_TRANSFER RequestId: 9393baef-562e-49bc-a4b1-802454168def\t TransferType: consumed\t Action: download_from_s3\t FileName: mafdb_050eb4506b88aa955760b80fe61fa5f2dc7867810f3fd968c62f0f2b1721b84a.json\t Bucket: denethor\t FilePath: mafdb/mafdb_050eb4506b88aa955760b80fe61fa5f2dc7867810f3fd968c62f0f2b1721b84a.json\t LocalFilePath: /tmp/mafdb/mafdb_050eb4506b88aa955760b80fe61fa5f2dc7867810f3fd968c62f0f2b1721b84a.json\t FileSize: 232 bytes\t TransferDuration: 46.77839300029518 ms\n",
        "ingestionTime": 1745473409769,
        "eventId": "38925357722105966229763960067352911718090692663057252369"
    },
    {
        "logStreamName": "2025/04/24/[$LATEST]ac1c2868a5bd486c80c88bd56b221bf8",
        "timestamp": 1745473408021,
        "message": "FILE_TRANSFER RequestId: 9393baef-562e-49bc-a4b1-802454168def\t TransferType: consumed\t Action: download_from_s3\t FileName: mafdb_07f2663350ea1ac790cef8d65d693e9f9a8a7ff3d9613fcbba8694ef3a437497.json\t Bucket: denethor\t FilePath: mafdb/mafdb_07f2663350ea1ac790cef8d65d693e9f9a8a7ff3d9613fcbba8694ef3a437497.json\t LocalFilePath: /tmp/mafdb/mafdb_07f2663350ea1ac790cef8d65d693e9f9a8a7ff3d9613fcbba8694ef3a437497.json\t FileSize: 232 bytes\t TransferDuration: 43.51371199982168 ms\n",
        "ingestionTime": 1745473409769,
        "eventId": "38925357723087199018499307485580483322087220569320390674"
    },
    {
        "logStreamName": "2025/04/24/[$LATEST]ac1c2868a5bd486c80c88bd56b221bf8",
        "timestamp": 1745473408068,
        "message": "FILE_TRANSFER RequestId: 9393baef-562e-49bc-a4b1-802454168def\t TransferType: consumed\t Action: download_from_s3\t FileName: mafdb_bbfa141f6d386c293116f72d99a69176e8fb9e24cdaec03b209b077478ad859d.json\t Bucket: denethor\t FilePath: mafdb/mafdb_bbfa141f6d386c293116f72d99a69176e8fb9e24cdaec03b209b077478ad859d.json\t LocalFilePath: /tmp/mafdb/mafdb_bbfa141f6d386c293116f72d99a69176e8fb9e24cdaec03b209b077478ad859d.json\t FileSize: 232 bytes\t TransferDuration: 46.8997129996751 ms\n",
        "ingestionTime": 1745473409769,
        "eventId": "38925357724135334042830246773232662080901693560101470227"
    },
    {
        "logStreamName": "2025/04/24/[$LATEST]ac1c2868a5bd486c80c88bd56b221bf8",
        "timestamp": 1745473408127,
        "message": "FILE_TRANSFER RequestId: 9393baef-562e-49bc-a4b1-802454168def\t TransferType: consumed\t Action: download_from_s3\t FileName: mafdb_f4fb8761643a453074d9572d96789515b973db43273265bfc07d10c2b3697e6d.json\t Bucket: denethor\t FilePath: mafdb/mafdb_f4fb8761643a453074d9572d96789515b973db43273265bfc07d10c2b3697e6d.json\t LocalFilePath: /tmp/mafdb/mafdb_f4fb8761643a453074d9572d96789515b973db43273265bfc07d10c2b3697e6d.json\t FileSize: 232 bytes\t TransferDuration: 59.73056499988161 ms\n",
        "ingestionTime": 1745473409769,
        "eventId": "38925357725451078009543553538583269458987946888954314772"
    },
    {
        "logStreamName": "2025/04/24/[$LATEST]ac1c2868a5bd486c80c88bd56b221bf8",
        "timestamp": 1745473408170,
        "message": "FILE_TRANSFER RequestId: 9393baef-562e-49bc-a4b1-802454168def\t TransferType: consumed\t Action: download_from_s3\t FileName: mafdb_a2b1b534b2611b710744fb6756c33616a3588ee03d8aa6972d23e492b2c485de.json\t Bucket: denethor\t FilePath: mafdb/mafdb_a2b1b534b2611b710744fb6756c33616a3588ee03d8aa6972d23e492b2c485de.json\t LocalFilePath: /tmp/mafdb/mafdb_a2b1b534b2611b710744fb6756c33616a3588ee03d8aa6972d23e492b2c485de.json\t FileSize: 232 bytes\t TransferDuration: 42.15405200011446 ms\n",
        "ingestionTime": 1745473409769,
        "eventId": "38925357726410010053080370333669305344711826433711472661"
    },
    {
        "logStreamName": "2025/04/24/[$LATEST]ac1c2868a5bd486c80c88bd56b221bf8",
        "timestamp": 1745473408214,
        "message": "FILE_TRANSFER RequestId: 9393baef-562e-49bc-a4b1-802454168def\t TransferType: consumed\t Action: download_from_s3\t FileName: mafdb_5bec77bc9d7c4d8fa3517dfa40512bc1eb17b502f07bd7ca8c55258b719bc02b.json\t Bucket: denethor\t FilePath: mafdb/mafdb_5bec77bc9d7c4d8fa3517dfa40512bc1eb17b502f07bd7ca8c55258b719bc02b.json\t LocalFilePath: /tmp/mafdb/mafdb_5bec77bc9d7c4d8fa3517dfa40512bc1eb17b502f07bd7ca8c55258b719bc02b.json\t FileSize: 232 bytes\t TransferDuration: 44.82212599987179 ms\n",
        "ingestionTime": 1745473409769,
        "eventId": "38925357727391242841815717751896876948708354339974610966"
    },
    {
        "logStreamName": "2025/04/24/[$LATEST]ac1c2868a5bd486c80c88bd56b221bf8",
        "timestamp": 1745473408254,
        "message": "FILE_TRANSFER RequestId: 9393baef-562e-49bc-a4b1-802454168def\t TransferType: consumed\t Action: download_from_s3\t FileName: mafdb_8bc6b1285675133cf71abced5feadde67801ce1183d48ccdfce4ad5c847e0d16.json\t Bucket: denethor\t FilePath: mafdb/mafdb_8bc6b1285675133cf71abced5feadde67801ce1183d48ccdfce4ad5c847e0d16.json\t LocalFilePath: /tmp/mafdb/mafdb_8bc6b1285675133cf71abced5feadde67801ce1183d48ccdfce4ad5c847e0d16.json\t FileSize: 232 bytes\t TransferDuration: 39.56664399993315 ms\n",
        "ingestionTime": 1745473409769,
        "eventId": "38925357728283272649756942677558305679614288800213827607"
    },
    {
        "logStreamName": "2025/04/24/[$LATEST]ac1c2868a5bd486c80c88bd56b221bf8",
        "timestamp": 1745473408296,
        "message": "FILE_TRANSFER RequestId: 9393baef-562e-49bc-a4b1-802454168def\t TransferType: consumed\t Action: download_from_s3\t FileName: mafdb_5f9438b2176a3f1de183e4e4beed7bba44407448bf813b980737577bbda05693.json\t Bucket: denethor\t FilePath: mafdb/mafdb_5f9438b2176a3f1de183e4e4beed7bba44407448bf813b980737577bbda05693.json\t LocalFilePath: /tmp/mafdb/mafdb_5f9438b2176a3f1de183e4e4beed7bba44407448bf813b980737577bbda05693.json\t FileSize: 232 bytes\t TransferDuration: 41.56211899999107 ms\n",
        "ingestionTime": 1745473409769,
        "eventId": "38925357729219903948095228849502805847065519983465005080"
    },
    {
        "logStreamName": "2025/04/24/[$LATEST]ac1c2868a5bd486c80c88bd56b221bf8",
        "timestamp": 1745473408340,
        "message": "FILE_TRANSFER RequestId: 9393baef-562e-49bc-a4b1-802454168def\t TransferType: consumed\t Action: download_from_s3\t FileName: mafdb_96f411db25a5507e2f8c83f07de2e32793bb5c2b863cd4f9c33afc286860da9b.json\t Bucket: denethor\t FilePath: mafdb/mafdb_96f411db25a5507e2f8c83f07de2e32793bb5c2b863cd4f9c33afc286860da9b.json\t LocalFilePath: /tmp/mafdb/mafdb_96f411db25a5507e2f8c83f07de2e32793bb5c2b863cd4f9c33afc286860da9b.json\t FileSize: 232 bytes\t TransferDuration: 44.61197999989963 ms\n",
        "ingestionTime": 1745473409769,
        "eventId": "38925357730201136736830576267730377451062047889728143385"
    },
    {
        "logStreamName": "2025/04/24/[$LATEST]ac1c2868a5bd486c80c88bd56b221bf8",
        "timestamp": 1745473408374,
        "message": "FILE_TRANSFER RequestId: 9393baef-562e-49bc-a4b1-802454168def\t TransferType: consumed\t Action: download_from_s3\t FileName: mafdb_52a4f806fca7da8198522b8967c3d358527c3187304e57988708d831f58faa8d.json\t Bucket: denethor\t FilePath: mafdb/mafdb_52a4f806fca7da8198522b8967c3d358527c3187304e57988708d831f58faa8d.json\t LocalFilePath: /tmp/mafdb/mafdb_52a4f806fca7da8198522b8967c3d358527c3187304e57988708d831f58faa8d.json\t FileSize: 232 bytes\t TransferDuration: 33.44433700021909 ms\n",
        "ingestionTime": 1745473409769,
        "eventId": "38925357730959362073580617454542591872332092180931477530"
    },
    {
        "logStreamName": "2025/04/24/[$LATEST]ac1c2868a5bd486c80c88bd56b221bf8",
        "timestamp": 1745473408431,
        "message": "FILE_TRANSFER RequestId: 9393baef-562e-49bc-a4b1-802454168def\t TransferType: consumed\t Action: download_from_s3\t FileName: mafdb_a1bfbcddbd0327f872ff3e6b2d5dcbed9e804641918b58e4b469cf077329c2cd.json\t Bucket: denethor\t FilePath: mafdb/mafdb_a1bfbcddbd0327f872ff3e6b2d5dcbed9e804641918b58e4b469cf077329c2cd.json\t LocalFilePath: /tmp/mafdb/mafdb_a1bfbcddbd0327f872ff3e6b2d5dcbed9e804641918b58e4b469cf077329c2cd.json\t FileSize: 232 bytes\t TransferDuration: 57.261964000190346 ms\n",
        "ingestionTime": 1745473409769,
        "eventId": "38925357732230504549896862973610127813873048786772361243"
    },
    {
        "logStreamName": "2025/04/24/[$LATEST]ac1c2868a5bd486c80c88bd56b221bf8",
        "timestamp": 1745473408478,
        "message": "FILE_TRANSFER RequestId: 9393baef-562e-49bc-a4b1-802454168def\t TransferType: consumed\t Action: download_from_s3\t FileName: mafdb_416977dcfe213f249e0199c9fd30ee91ee5d5f76c7063d5e8480380c88daae5c.json\t Bucket: denethor\t FilePath: mafdb/mafdb_416977dcfe213f249e0199c9fd30ee91ee5d5f76c7063d5e8480380c88daae5c.json\t LocalFilePath: /tmp/mafdb/mafdb_416977dcfe213f249e0199c9fd30ee91ee5d5f76c7063d5e8480380c88daae5c.json\t FileSize: 232 bytes\t TransferDuration: 46.48397599976306 ms\n",
        "ingestionTime": 1745473409769,
        "eventId": "38925357733278639574227802261262306572687521777553440796"
    },
    {
        "logStreamName": "2025/04/24/[$LATEST]ac1c2868a5bd486c80c88bd56b221bf8",
        "timestamp": 1745473408514,
        "message": "FILE_TRANSFER RequestId: 9393baef-562e-49bc-a4b1-802454168def\t TransferType: consumed\t Action: download_from_s3\t FileName: mafdb_0a8e580175a5a3df6e03961614b2b8cbb71dfdf569da590702b160aaf877127b.json\t Bucket: denethor\t FilePath: mafdb/mafdb_0a8e580175a5a3df6e03961614b2b8cbb71dfdf569da590702b160aaf877127b.json\t LocalFilePath: /tmp/mafdb/mafdb_0a8e580175a5a3df6e03961614b2b8cbb71dfdf569da590702b160aaf877127b.json\t FileSize: 236 bytes\t TransferDuration: 36.722644999827025 ms\n",
        "ingestionTime": 1745473409769,
        "eventId": "38925357734081466401374904694357592430502862791768735773"
    },
    {
        "logStreamName": "2025/04/24/[$LATEST]ac1c2868a5bd486c80c88bd56b221bf8",
        "timestamp": 1745473408553,
        "message": "FILE_TRANSFER RequestId: 9393baef-562e-49bc-a4b1-802454168def\t TransferType: consumed\t Action: download_from_s3\t FileName: mafdb_80fb21b57fa7d4a4e0c02d4b698ba833f7ac811c933c49e65adfdf08249f04c5.json\t Bucket: denethor\t FilePath: mafdb/mafdb_80fb21b57fa7d4a4e0c02d4b698ba833f7ac811c933c49e65adfdf08249f04c5.json\t LocalFilePath: /tmp/mafdb/mafdb_80fb21b57fa7d4a4e0c02d4b698ba833f7ac811c933c49e65adfdf08249f04c5.json\t FileSize: 236 bytes\t TransferDuration: 38.671099999646685 ms\n",
        "ingestionTime": 1745473409769,
        "eventId": "38925357734951195464117598996877485443136148890501971998"
    },
    {
        "logStreamName": "2025/04/24/[$LATEST]ac1c2868a5bd486c80c88bd56b221bf8",
        "timestamp": 1745473408597,
        "message": "FILE_TRANSFER RequestId: 9393baef-562e-49bc-a4b1-802454168def\t TransferType: consumed\t Action: download_from_s3\t FileName: mafdb_2cd07b4754913f8c45ff5e321c894937faa1dcee4409f0a9352ab164f3ab8dc2.json\t Bucket: denethor\t FilePath: mafdb/mafdb_2cd07b4754913f8c45ff5e321c894937faa1dcee4409f0a9352ab164f3ab8dc2.json\t LocalFilePath: /tmp/mafdb/mafdb_2cd07b4754913f8c45ff5e321c894937faa1dcee4409f0a9352ab164f3ab8dc2.json\t FileSize: 236 bytes\t TransferDuration: 43.61259799998152 ms\n",
        "ingestionTime": 1745473409769,
        "eventId": "38925357735932428252852946415105057047132676796765110303"
    },
    {
        "logStreamName": "2025/04/24/[$LATEST]ac1c2868a5bd486c80c88bd56b221bf8",
        "timestamp": 1745473408660,
        "message": "FILE_TRANSFER RequestId: 9393baef-562e-49bc-a4b1-802454168def\t TransferType: consumed\t Action: download_from_s3\t FileName: mafdb_a16e0ac07d1950ab727769d0eb177e1d9dc671c752f386544f000cfecf73f200.json\t Bucket: denethor\t FilePath: mafdb/mafdb_a16e0ac07d1950ab727769d0eb177e1d9dc671c752f386544f000cfecf73f200.json\t LocalFilePath: /tmp/mafdb/mafdb_a16e0ac07d1950ab727769d0eb177e1d9dc671c752f386544f000cfecf73f200.json\t FileSize: 236 bytes\t TransferDuration: 63.39956699957838 ms\n",
        "ingestionTime": 1745473409769,
        "eventId": "38925357737337375200360375673021807298309523571641876512"
    },
    {
        "logStreamName": "2025/04/24/[$LATEST]ac1c2868a5bd486c80c88bd56b221bf8",
        "timestamp": 1745473408697,
        "message": "FILE_TRANSFER RequestId: 9393baef-562e-49bc-a4b1-802454168def\t TransferType: consumed\t Action: download_from_s3\t FileName: mafdb_a5fa5463d23675efa6d77a8b373d81846a8f946ee4363e05ac855926bcd850cb.json\t Bucket: denethor\t FilePath: mafdb/mafdb_a5fa5463d23675efa6d77a8b373d81846a8f946ee4363e05ac855926bcd850cb.json\t LocalFilePath: /tmp/mafdb/mafdb_a5fa5463d23675efa6d77a8b373d81846a8f946ee4363e05ac855926bcd850cb.json\t FileSize: 236 bytes\t TransferDuration: 36.9604940001409 ms\n",
        "ingestionTime": 1745473409769,
        "eventId": "38925357738162502772706008729258628874397512947363151905"
    },
    {
        "logStreamName": "2025/04/24/[$LATEST]ac1c2868a5bd486c80c88bd56b221bf8",
        "timestamp": 1745473408738,
        "message": "FILE_TRANSFER RequestId: 9393baef-562e-49bc-a4b1-802454168def\t TransferType: consumed\t Action: download_from_s3\t FileName: mafdb_3c4715263643d510615654aef8ed8da557fffe96cf62eb913d276dfba2a90a55.json\t Bucket: denethor\t FilePath: mafdb/mafdb_3c4715263643d510615654aef8ed8da557fffe96cf62eb913d276dfba2a90a55.json\t LocalFilePath: /tmp/mafdb/mafdb_3c4715263643d510615654aef8ed8da557fffe96cf62eb913d276dfba2a90a55.json\t FileSize: 236 bytes\t TransferDuration: 40.542639999785024 ms\n",
        "ingestionTime": 1745473409769,
        "eventId": "38925357739076833325845764278061593323576095769108348962"
    },
    {
        "logStreamName": "2025/04/24/[$LATEST]ac1c2868a5bd486c80c88bd56b221bf8",
        "timestamp": 1745473408784,
        "message": "FILE_TRANSFER RequestId: 9393baef-562e-49bc-a4b1-802454168def\t TransferType: consumed\t Action: download_from_s3\t FileName: mafdb_e1c1a3efbbe62c2a7b832722eea7a97c4c6a0584661d34d7903dfb1cb8550001.json\t Bucket: denethor\t FilePath: mafdb/mafdb_e1c1a3efbbe62c2a7b832722eea7a97c4c6a0584661d34d7903dfb1cb8550001.json\t LocalFilePath: /tmp/mafdb/mafdb_e1c1a3efbbe62c2a7b832722eea7a97c4c6a0584661d34d7903dfb1cb8550001.json\t FileSize: 194 bytes\t TransferDuration: 45.80530600014754 ms\n",
        "ingestionTime": 1745473409769,
        "eventId": "38925357740102667604978172942572236364117920398383448099"
    },
    {
        "logStreamName": "2025/04/24/[$LATEST]ac1c2868a5bd486c80c88bd56b221bf8",
        "timestamp": 1745473408823,
        "message": "FILE_TRANSFER RequestId: 9393baef-562e-49bc-a4b1-802454168def\t TransferType: consumed\t Action: download_from_s3\t FileName: mafdb_d654fe2f1d71c9b9393af17a389125cfb4f05a2ee4da5e63313ba90ce4460342.json\t Bucket: denethor\t FilePath: mafdb/mafdb_d654fe2f1d71c9b9393af17a389125cfb4f05a2ee4da5e63313ba90ce4460342.json\t LocalFilePath: /tmp/mafdb/mafdb_d654fe2f1d71c9b9393af17a389125cfb4f05a2ee4da5e63313ba90ce4460342.json\t FileSize: 194 bytes\t TransferDuration: 38.6722540001756 ms\n",
        "ingestionTime": 1745473409769,
        "eventId": "38925357740972396667720867245092129376751206497116684324"
    },
    {
        "logStreamName": "2025/04/24/[$LATEST]ac1c2868a5bd486c80c88bd56b221bf8",
        "timestamp": 1745473408875,
        "message": "FILE_TRANSFER RequestId: 9393baef-562e-49bc-a4b1-802454168def\t TransferType: consumed\t Action: download_from_s3\t FileName: mafdb_8d0251a64e765db63487e462f331f4afb2749626a0d1c4085bb8731ac3a5052b.json\t Bucket: denethor\t FilePath: mafdb/mafdb_8d0251a64e765db63487e462f331f4afb2749626a0d1c4085bb8731ac3a5052b.json\t LocalFilePath: /tmp/mafdb/mafdb_8d0251a64e765db63487e462f331f4afb2749626a0d1c4085bb8731ac3a5052b.json\t FileSize: 194 bytes\t TransferDuration: 51.82282799978566 ms\n",
        "ingestionTime": 1745473409769,
        "eventId": "38925357742132035418044459648451986726928921295427665957"
    },
    {
        "logStreamName": "2025/04/24/[$LATEST]ac1c2868a5bd486c80c88bd56b221bf8",
        "timestamp": 1745473408918,
        "message": "FILE_TRANSFER RequestId: 9393baef-562e-49bc-a4b1-802454168def\t TransferType: consumed\t Action: download_from_s3\t FileName: mafdb_79f51b2a6d308c5daae68edce3a1201466e175d5744f752df1eee9785022efe7.json\t Bucket: denethor\t FilePath: mafdb/mafdb_79f51b2a6d308c5daae68edce3a1201466e175d5744f752df1eee9785022efe7.json\t LocalFilePath: /tmp/mafdb/mafdb_79f51b2a6d308c5daae68edce3a1201466e175d5744f752df1eee9785022efe7.json\t FileSize: 194 bytes\t TransferDuration: 43.0257579996578 ms\n",
        "ingestionTime": 1745473409769,
        "eventId": "38925357743090967461581276443538022612652800840184823846"
    },
    {
        "logStreamName": "2025/04/24/[$LATEST]ac1c2868a5bd486c80c88bd56b221bf8",
        "timestamp": 1745473408959,
        "message": "FILE_TRANSFER RequestId: 9393baef-562e-49bc-a4b1-802454168def\t TransferType: consumed\t Action: download_from_s3\t FileName: mafdb_dcc3944c503fdb1b76c43cbefebd97838f49d2f302bbc248d92b2fb3b5bb6d45.json\t Bucket: denethor\t FilePath: mafdb/mafdb_dcc3944c503fdb1b76c43cbefebd97838f49d2f302bbc248d92b2fb3b5bb6d45.json\t LocalFilePath: /tmp/mafdb/mafdb_dcc3944c503fdb1b76c43cbefebd97838f49d2f302bbc248d92b2fb3b5bb6d45.json\t FileSize: 194 bytes\t TransferDuration: 41.16686299994399 ms\n",
        "ingestionTime": 1745473409769,
        "eventId": "38925357744005298014721031992340987061831383661930020903"
    },
    {
        "logStreamName": "2025/04/24/[$LATEST]ac1c2868a5bd486c80c88bd56b221bf8",
        "timestamp": 1745473409019,
        "message": "FILE_TRANSFER RequestId: 9393baef-562e-49bc-a4b1-802454168def\t TransferType: consumed\t Action: download_from_s3\t FileName: mafdb_7352970b74f3730627c76b09ab7aeb8b229af519dfd5753f3cca28876d58fb9a.json\t Bucket: denethor\t FilePath: mafdb/mafdb_7352970b74f3730627c76b09ab7aeb8b229af519dfd5753f3cca28876d58fb9a.json\t LocalFilePath: /tmp/mafdb/mafdb_7352970b74f3730627c76b09ab7aeb8b229af519dfd5753f3cca28876d58fb9a.json\t FileSize: 194 bytes\t TransferDuration: 59.95796799970776 ms\n",
        "ingestionTime": 1745473409769,
        "eventId": "38925357745343342726632869380833130158190285352288845864"
    },
    {
        "logStreamName": "2025/04/24/[$LATEST]ac1c2868a5bd486c80c88bd56b221bf8",
        "timestamp": 1745473409085,
        "message": "FILE_TRANSFER RequestId: 9393baef-562e-49bc-a4b1-802454168def\t TransferType: consumed\t Action: download_from_s3\t FileName: mafdb_4555f69ce2c58254e8c25f01438d2c0763c3570e1c0d44ad7c518af8cc48fab3.json\t Bucket: denethor\t FilePath: mafdb/mafdb_4555f69ce2c58254e8c25f01438d2c0763c3570e1c0d44ad7c518af8cc48fab3.json\t LocalFilePath: /tmp/mafdb/mafdb_4555f69ce2c58254e8c25f01438d2c0763c3570e1c0d44ad7c518af8cc48fab3.json\t FileSize: 194 bytes\t TransferDuration: 66.35708500016335 ms\n",
        "ingestionTime": 1745473409769,
        "eventId": "38925357746815191909735890508174487564185077211683553321"
    },
    {
        "logStreamName": "2025/04/24/[$LATEST]ac1c2868a5bd486c80c88bd56b221bf8",
        "timestamp": 1745473409126,
        "message": "FILE_TRANSFER RequestId: 9393baef-562e-49bc-a4b1-802454168def\t TransferType: consumed\t Action: download_from_s3\t FileName: mafdb_e2dd3ce5d6e99c0bc7b9506e67b69f3306090a007c49d5fcaa374905ab206601.json\t Bucket: denethor\t FilePath: mafdb/mafdb_e2dd3ce5d6e99c0bc7b9506e67b69f3306090a007c49d5fcaa374905ab206601.json\t LocalFilePath: /tmp/mafdb/mafdb_e2dd3ce5d6e99c0bc7b9506e67b69f3306090a007c49d5fcaa374905ab206601.json\t FileSize: 194 bytes\t TransferDuration: 40.50351599971691 ms\n",
        "ingestionTime": 1745473409769,
        "eventId": "38925357747729522462875646056977452013363660033428750378"
    },
    {
        "logStreamName": "2025/04/24/[$LATEST]ac1c2868a5bd486c80c88bd56b221bf8",
        "timestamp": 1745473409166,
        "message": "FILE_TRANSFER RequestId: 9393baef-562e-49bc-a4b1-802454168def\t TransferType: consumed\t Action: download_from_s3\t FileName: mafdb_6e78c99c1b81707d2db92f79bd7196e77288041bc91e58d4b2d2fe623f314899.json\t Bucket: denethor\t FilePath: mafdb/mafdb_6e78c99c1b81707d2db92f79bd7196e77288041bc91e58d4b2d2fe623f314899.json\t LocalFilePath: /tmp/mafdb/mafdb_6e78c99c1b81707d2db92f79bd7196e77288041bc91e58d4b2d2fe623f314899.json\t FileSize: 194 bytes\t TransferDuration: 40.193924000050174 ms\n",
        "ingestionTime": 1745473409769,
        "eventId": "38925357748621552270816870982638880744269594493667967019"
    },
    {
        "logStreamName": "2025/04/24/[$LATEST]ac1c2868a5bd486c80c88bd56b221bf8",
        "timestamp": 1745473409228,
        "message": "FILE_TRANSFER RequestId: 9393baef-562e-49bc-a4b1-802454168def\t TransferType: consumed\t Action: download_from_s3\t FileName: mafdb_fbc430092db6f27c57652a6d98f83f73df54adfe63f16dd4d3fda5ea19589601.json\t Bucket: denethor\t FilePath: mafdb/mafdb_fbc430092db6f27c57652a6d98f83f73df54adfe63f16dd4d3fda5ea19589601.json\t LocalFilePath: /tmp/mafdb/mafdb_fbc430092db6f27c57652a6d98f83f73df54adfe63f16dd4d3fda5ea19589601.json\t FileSize: 194 bytes\t TransferDuration: 61.082468000222434 ms\n",
        "ingestionTime": 1745473409769,
        "eventId": "38925357750004198473125769617414095277173792907038752812"
    },
    {
        "logStreamName": "2025/04/24/[$LATEST]ac1c2868a5bd486c80c88bd56b221bf8",
        "timestamp": 1745473409272,
        "message": "FILE_TRANSFER RequestId: 9393baef-562e-49bc-a4b1-802454168def\t TransferType: consumed\t Action: download_from_s3\t FileName: mafdb_3f1962bcee100c1b89448256e57eca4b09479d8a967296cab1957e03b7ae9e26.json\t Bucket: denethor\t FilePath: mafdb/mafdb_3f1962bcee100c1b89448256e57eca4b09479d8a967296cab1957e03b7ae9e26.json\t LocalFilePath: /tmp/mafdb/mafdb_3f1962bcee100c1b89448256e57eca4b09479d8a967296cab1957e03b7ae9e26.json\t FileSize: 194 bytes\t TransferDuration: 44.40245500018136 ms\n",
        "ingestionTime": 1745473409769,
        "eventId": "38925357750985431261861117035641666881170320813301891117"
    },
    {
        "logStreamName": "2025/04/24/[$LATEST]ac1c2868a5bd486c80c88bd56b221bf8",
        "timestamp": 1745473409326,
        "message": "FILE_TRANSFER RequestId: 9393baef-562e-49bc-a4b1-802454168def\t TransferType: consumed\t Action: download_from_s3\t FileName: mafdb_80e97632a9018b0ac3959746b5e96fcd4c1c7f4219aa40cf46f0c81f359ff15b.json\t Bucket: denethor\t FilePath: mafdb/mafdb_80e97632a9018b0ac3959746b5e96fcd4c1c7f4219aa40cf46f0c81f359ff15b.json\t LocalFilePath: /tmp/mafdb/mafdb_80e97632a9018b0ac3959746b5e96fcd4c1c7f4219aa40cf46f0c81f359ff15b.json\t FileSize: 194 bytes\t TransferDuration: 54.52937900008692 ms\n",
        "ingestionTime": 1745473409769,
        "eventId": "38925357752189671502581770685284595667893332334624833582"
    },
    {
        "logStreamName": "2025/04/24/[$LATEST]ac1c2868a5bd486c80c88bd56b221bf8",
        "timestamp": 1745473409375,
        "message": "FILE_TRANSFER RequestId: 9393baef-562e-49bc-a4b1-802454168def\t TransferType: consumed\t Action: download_from_s3\t FileName: mafdb_8549b58233c57cc518f27f3d21b4551282ded33f8e0e846bc3ef39561d71f517.json\t Bucket: denethor\t FilePath: mafdb/mafdb_8549b58233c57cc518f27f3d21b4551282ded33f8e0e846bc3ef39561d71f517.json\t LocalFilePath: /tmp/mafdb/mafdb_8549b58233c57cc518f27f3d21b4551282ded33f8e0e846bc3ef39561d71f517.json\t FileSize: 194 bytes\t TransferDuration: 48.82740699986243 ms\n",
        "ingestionTime": 1745473409769,
        "eventId": "38925357753282408017309771219219845863253102048417873967"
    },
    {
        "logStreamName": "2025/04/24/[$LATEST]ac1c2868a5bd486c80c88bd56b221bf8",
        "timestamp": 1745473409419,
        "message": "FILE_TRANSFER RequestId: 9393baef-562e-49bc-a4b1-802454168def\t TransferType: consumed\t Action: download_from_s3\t FileName: mafdb_939c401d5385681aad270b30627184a827131724fd534f6a4a9d3ea243183d25.json\t Bucket: denethor\t FilePath: mafdb/mafdb_939c401d5385681aad270b30627184a827131724fd534f6a4a9d3ea243183d25.json\t LocalFilePath: /tmp/mafdb/mafdb_939c401d5385681aad270b30627184a827131724fd534f6a4a9d3ea243183d25.json\t FileSize: 194 bytes\t TransferDuration: 43.63143700038563 ms\n",
        "ingestionTime": 1745473409769,
        "eventId": "38925357754263640806045118637447417467249629954681012272"
    },
    {
        "logStreamName": "2025/04/24/[$LATEST]ac1c2868a5bd486c80c88bd56b221bf8",
        "timestamp": 1745473409461,
        "message": "FILE_TRANSFER RequestId: 9393baef-562e-49bc-a4b1-802454168def\t TransferType: consumed\t Action: download_from_s3\t FileName: mafdb_8668d6455b6b1a75d51d25c40b186476c55bcfe7efa0068ca17cf66a6cee84e2.json\t Bucket: denethor\t FilePath: mafdb/mafdb_8668d6455b6b1a75d51d25c40b186476c55bcfe7efa0068ca17cf66a6cee84e2.json\t LocalFilePath: /tmp/mafdb/mafdb_8668d6455b6b1a75d51d25c40b186476c55bcfe7efa0068ca17cf66a6cee84e2.json\t FileSize: 194 bytes\t TransferDuration: 42.27679399991757 ms\n",
        "ingestionTime": 1745473409769,
        "eventId": "38925357755200272104383404809391917634700861137932189745"
    },
    {
        "logStreamName": "2025/04/24/[$LATEST]ac1c2868a5bd486c80c88bd56b221bf8",
        "timestamp": 1745473409497,
        "message": "FILE_TRANSFER RequestId: 9393baef-562e-49bc-a4b1-802454168def\t TransferType: consumed\t Action: download_from_s3\t FileName: mafdb_7d1845f8f12c76c9366de78059724636bda4584243a3cc27647a66a4d824500a.json\t Bucket: denethor\t FilePath: mafdb/mafdb_7d1845f8f12c76c9366de78059724636bda4584243a3cc27647a66a4d824500a.json\t LocalFilePath: /tmp/mafdb/mafdb_7d1845f8f12c76c9366de78059724636bda4584243a3cc27647a66a4d824500a.json\t FileSize: 152 bytes\t TransferDuration: 36.203943000145955 ms\n",
        "ingestionTime": 1745473409769,
        "eventId": "38925357756003098931530507242487203492516202152147484722"
    },
    {
        "logStreamName": "2025/04/24/[$LATEST]ac1c2868a5bd486c80c88bd56b221bf8",
        "timestamp": 1745473409550,
        "message": "FILE_TRANSFER RequestId: 9393baef-562e-49bc-a4b1-802454168def\t TransferType: consumed\t Action: download_from_s3\t FileName: mafdb_fdfd9f2efea889252a132e0d03e501efa853be19ae07f257f05331fec285e8d0.json\t Bucket: denethor\t FilePath: mafdb/mafdb_fdfd9f2efea889252a132e0d03e501efa853be19ae07f257f05331fec285e8d0.json\t LocalFilePath: /tmp/mafdb/mafdb_fdfd9f2efea889252a132e0d03e501efa853be19ae07f257f05331fec285e8d0.json\t FileSize: 194 bytes\t TransferDuration: 52.35109899967938 ms\n",
        "ingestionTime": 1745473409769,
        "eventId": "38925357757185038427052630268988596560966565311964446771"
    },
    {
        "logStreamName": "2025/04/24/[$LATEST]ac1c2868a5bd486c80c88bd56b221bf8",
        "timestamp": 1745473409594,
        "message": "FILE_TRANSFER RequestId: 9393baef-562e-49bc-a4b1-802454168def\t TransferType: consumed\t Action: download_from_s3\t FileName: mafdb_d30220db9123df6306e811743fc244aeeb8124f32266c56ac03a740cfe14cfdd.json\t Bucket: denethor\t FilePath: mafdb/mafdb_d30220db9123df6306e811743fc244aeeb8124f32266c56ac03a740cfe14cfdd.json\t LocalFilePath: /tmp/mafdb/mafdb_d30220db9123df6306e811743fc244aeeb8124f32266c56ac03a740cfe14cfdd.json\t FileSize: 194 bytes\t TransferDuration: 44.1263469997466 ms\n",
        "ingestionTime": 1745473409769,
        "eventId": "38925357758166271215787977687216168164963093218227585076"
    },
    {
        "logStreamName": "2025/04/24/[$LATEST]ac1c2868a5bd486c80c88bd56b221bf8",
        "timestamp": 1745473409595,
        "message": "CONSUMED_FILES_INFO RequestId: 9393baef-562e-49bc-a4b1-802454168def\t FilesCount: 50 files\t FilesSize: 11513 bytes\t TransferDuration: 2309.7132539974154 ms\t ConsumedFiles: ['mafdb_c451a256436a5fc45a562eaf2fead8dd42917b32894e636d2b705f5405224a88.json', 'mafdb_7511017a4e93687a5be47b55aa4c08eff48c283a8153f5e070747057ad693f80.json', 'mafdb_3891ae3bc299950ca7a78c4d495828659f2cb320e0641ad8c6bfc4ced2d8e2b0.json', 'mafdb_bdf7b87e05be228017da27afd5fd158ebe4fcf138008526635b8bcdbe380f328.json', 'mafdb_49ad0997fa75ff9233f44bffe4f6033aaaf8676ed8f4cbac92057d25395497e6.json', 'mafdb_e7f2f9266538f691bae81aa42aeb881fcfc1833e62d05d9141e808a0cb0095fa.json', 'mafdb_f6c9786df6a492206e55eb3d3911d34dbd753bfef23be22d8635d72135a7fbc7.json', 'mafdb_b61e3844996fd21e45a7d054f79694e53c5aede5327c90900ed7183119a56bfb.json', 'mafdb_7aa0e0772e1c689c49550813d4d69f69cf00ce1c31ded8e93e9d062016b4ea81.json', 'mafdb_a10de1e435f46b875ce088b70edd639bb15f15e47181e4a02fd1d3279f474a75.json', 'mafdb_e61287967464938dd8658e2b6f8063c95a2a8288b950145c07d8cd279f06fe96.json', 'mafdb_dd5bb0860cd8cfcf1de73c7e51fea56058e02019372b37c0fbe797a9a837ad38.json', 'mafdb_4a69772641578ec2d1db9c6dd1aabd576f4015e01037c89e4cf54545772984e3.json', 'mafdb_fac1936d51dfedc6b2390b5bce6179113332479afc4a5757defe3114aec8f0bb.json', 'mafdb_050eb4506b88aa955760b80fe61fa5f2dc7867810f3fd968c62f0f2b1721b84a.json', 'mafdb_07f2663350ea1ac790cef8d65d693e9f9a8a7ff3d9613fcbba8694ef3a437497.json', 'mafdb_bbfa141f6d386c293116f72d99a69176e8fb9e24cdaec03b209b077478ad859d.json', 'mafdb_f4fb8761643a453074d9572d96789515b973db43273265bfc07d10c2b3697e6d.json', 'mafdb_a2b1b534b2611b710744fb6756c33616a3588ee03d8aa6972d23e492b2c485de.json', 'mafdb_5bec77bc9d7c4d8fa3517dfa40512bc1eb17b502f07bd7ca8c55258b719bc02b.json', 'mafdb_8bc6b1285675133cf71abced5feadde67801ce1183d48ccdfce4ad5c847e0d16.json', 'mafdb_5f9438b2176a3f1de183e4e4beed7bba44407448bf813b980737577bbda05693.json', 'mafdb_96f411db25a5507e2f8c83f07de2e32793bb5c2b863cd4f9c33afc286860da9b.json', 'mafdb_52a4f806fca7da8198522b8967c3d358527c3187304e57988708d831f58faa8d.json', 'mafdb_a1bfbcddbd0327f872ff3e6b2d5dcbed9e804641918b58e4b469cf077329c2cd.json', 'mafdb_416977dcfe213f249e0199c9fd30ee91ee5d5f76c7063d5e8480380c88daae5c.json', 'mafdb_0a8e580175a5a3df6e03961614b2b8cbb71dfdf569da590702b160aaf877127b.json', 'mafdb_80fb21b57fa7d4a4e0c02d4b698ba833f7ac811c933c49e65adfdf08249f04c5.json', 'mafdb_2cd07b4754913f8c45ff5e321c894937faa1dcee4409f0a9352ab164f3ab8dc2.json', 'mafdb_a16e0ac07d1950ab727769d0eb177e1d9dc671c752f386544f000cfecf73f200.json', 'mafdb_a5fa5463d23675efa6d77a8b373d81846a8f946ee4363e05ac855926bcd850cb.json', 'mafdb_3c4715263643d510615654aef8ed8da557fffe96cf62eb913d276dfba2a90a55.json', 'mafdb_e1c1a3efbbe62c2a7b832722eea7a97c4c6a0584661d34d7903dfb1cb8550001.json', 'mafdb_d654fe2f1d71c9b9393af17a389125cfb4f05a2ee4da5e63313ba90ce4460342.json', 'mafdb_8d0251a64e765db63487e462f331f4afb2749626a0d1c4085bb8731ac3a5052b.json', 'mafdb_79f51b2a6d308c5daae68edce3a1201466e175d5744f752df1eee9785022efe7.json', 'mafdb_dcc3944c503fdb1b76c43cbefebd97838f49d2f302bbc248d92b2fb3b5bb6d45.json', 'mafdb_7352970b74f3730627c76b09ab7aeb8b229af519dfd5753f3cca28876d58fb9a.json', 'mafdb_4555f69ce2c58254e8c25f01438d2c0763c3570e1c0d44ad7c518af8cc48fab3.json', 'mafdb_e2dd3ce5d6e99c0bc7b9506e67b69f3306090a007c49d5fcaa374905ab206601.json', 'mafdb_6e78c99c1b81707d2db92f79bd7196e77288041bc91e58d4b2d2fe623f314899.json', 'mafdb_fbc430092db6f27c57652a6d98f83f73df54adfe63f16dd4d3fda5ea19589601.json', 'mafdb_3f1962bcee100c1b89448256e57eca4b09479d8a967296cab1957e03b7ae9e26.json', 'mafdb_80e97632a9018b0ac3959746b5e96fcd4c1c7f4219aa40cf46f0c81f359ff15b.json', 'mafdb_8549b58233c57cc518f27f3d21b4551282ded33f8e0e846bc3ef39561d71f517.json', 'mafdb_939c401d5385681aad270b30627184a827131724fd534f6a4a9d3ea243183d25.json', 'mafdb_8668d6455b6b1a75d51d25c40b186476c55bcfe7efa0068ca17cf66a6cee84e2.json', 'mafdb_7d1845f8f12c76c9366de78059724636bda4584243a3cc27647a66a4d824500a.json', 'mafdb_fdfd9f2efea889252a132e0d03e501efa853be19ae07f257f05331fec285e8d0.json', 'mafdb_d30220db9123df6306e811743fc244aeeb8124f32266c56ac03a740cfe14cfdd.json']\n",
        "ingestionTime": 1745473409769,
        "eventId": "38925357758188571960986508310357703883235741579733565493"
    },
    {
        "logStreamName": "2025/04/24/[$LATEST]ac1c2868a5bd486c80c88bd56b221bf8",
        "timestamp": 1745473409597,
        "message": "[INFO] 2025-04-24T05:43:29GMT MAF_DATABASE_AGGREGATOR RequestId: 9393baef-562e-49bc-a4b1-802454168def\t Duration: 2.2083590001784614 ms\t InputLength: 50\t MaxMaf: 0\t MafDatabase: {}\n",
        "ingestionTime": 1745473409769,
        "eventId": "38925357758233173451383569556640775319781038302745526326"
    },
    {
        "logStreamName": "2025/04/24/[$LATEST]ac1c2868a5bd486c80c88bd56b221bf8",
        "timestamp": 1745473409597,
        "message": "[INFO]\t2025-04-24T05:43:29.597Z\t9393baef-562e-49bc-a4b1-802454168def\tMAF_DATABASE_AGGREGATOR RequestId: 9393baef-562e-49bc-a4b1-802454168def\t Duration: 2.2083590001784614 ms\t InputLength: 50\t MaxMaf: 0\t MafDatabase: {}\n",
        "ingestionTime": 1745473409769,
        "eventId": "38925357758233173451383569556640775319781038302745526327"
    },
    {
        "logStreamName": "2025/04/24/[$LATEST]ac1c2868a5bd486c80c88bd56b221bf8",
        "timestamp": 1745473409669,
        "message": "FILE_TRANSFER RequestId: 9393baef-562e-49bc-a4b1-802454168def\t TransferType: produced\t Action: upload_to_s3\t FileName: mafdb_7931e509ad046b781f87a62b80cc4d0fc0ab3ff2badd205b9efdddda689283f2.json\t Bucket: denethor\t FilePath: mafdb/mafdb_7931e509ad046b781f87a62b80cc4d0fc0ab3ff2badd205b9efdddda689283f2.json\t LocalFilePath: /tmp/mafdb/mafdb_7931e509ad046b781f87a62b80cc4d0fc0ab3ff2badd205b9efdddda689283f2.json\t FileSize: 9965 bytes\t TransferDuration: 71.71896499994546 ms\n",
        "ingestionTime": 1745473409769,
        "eventId": "38925357759838827105677774422831347035411720331176116280"
    },
    {
        "logStreamName": "2025/04/24/[$LATEST]ac1c2868a5bd486c80c88bd56b221bf8",
        "timestamp": 1745473409669,
        "message": "PRODUCED_FILES_INFO RequestId: 9393baef-562e-49bc-a4b1-802454168def\t FilesCount: 1 files\t FilesSize: 9965 bytes\t TransferDuration: 71.71896499994546 ms\t Provider: aws_lambda\t  ProducedFiles: ['mafdb_7931e509ad046b781f87a62b80cc4d0fc0ab3ff2badd205b9efdddda689283f2.json']\n",
        "ingestionTime": 1745473409769,
        "eventId": "38925357759838827105677774422831347035411720331176116281"
    },
    {
        "logStreamName": "2025/04/24/[$LATEST]ac1c2868a5bd486c80c88bd56b221bf8",
        "timestamp": 1745473409671,
        "message": "END RequestId: 9393baef-562e-49bc-a4b1-802454168def\n",
        "ingestionTime": 1745473409769,
        "eventId": "38925357759883428596074835669114418471957017054188077114"
    },
    {
        "logStreamName": "2025/04/24/[$LATEST]ac1c2868a5bd486c80c88bd56b221bf8",
        "timestamp": 1745473409671,
        "message": "REPORT RequestId: 9393baef-562e-49bc-a4b1-802454168def\tDuration: 2391.39 ms\tBilled Duration: 2392 ms\tMemory Size: 2048 MB\tMax Memory Used: 108 MB\tInit Duration: 790.90 ms\t\n",
        "ingestionTime": 1745473409769,
        "eventId": "38925357759883428596074835669114418471957017054188077115"
    }
]