[
    {
        "logStreamName": "2025/04/23/[$LATEST]96fb5bd0c7dd44018edc4277fa23da3f",
        "timestamp": 1745368545232,
        "message": "INIT_START Runtime Version: python:3.10.v64\tRuntime Version ARN: arn:aws:lambda:sa-east-1::runtime:d56bdc8857b2109a058de2ab50bfb80ac2aa600be6f7855a436859944e5fe54b\n",
        "ingestionTime": 1745368548678,
        "eventId": "38923019204748902738654651339139140373922982211572662272"
    },
    {
        "logStreamName": "2025/04/23/[$LATEST]96fb5bd0c7dd44018edc4277fa23da3f",
        "timestamp": 1745368546123,
        "message": "START RequestId: 19f3d262-eb56-4013-b774-c686746bd0ff Version: $LATEST\n",
        "ingestionTime": 1745368548678,
        "eventId": "38923019224618866710545436558247465354852672313401212929"
    },
    {
        "logStreamName": "2025/04/23/[$LATEST]96fb5bd0c7dd44018edc4277fa23da3f",
        "timestamp": 1745368546124,
        "message": "Directory /tmp/tree was created!\n",
        "ingestionTime": 1745368548678,
        "eventId": "38923019224641167455743967181389001073125320674907193346"
    },
    {
        "logStreamName": "2025/04/23/[$LATEST]96fb5bd0c7dd44018edc4277fa23da3f",
        "timestamp": 1745368546124,
        "message": "Directory /tmp/subtree was created!\n",
        "ingestionTime": 1745368548678,
        "eventId": "38923019224641167455743967181389001073125320674907193347"
    },
    {
        "logStreamName": "2025/04/23/[$LATEST]96fb5bd0c7dd44018edc4277fa23da3f",
        "timestamp": 1745368546325,
        "message": "FILE_TRANSFER RequestId: 19f3d262-eb56-4013-b774-c686746bd0ff\t TransferType: consumed\t Action: download_from_s3\t FileName: tree_ORTHOMCL424.nexus\t Bucket: denethor\t FilePath: tree/tree_ORTHOMCL424.nexus\t LocalFilePath: /tmp/tree/tree_ORTHOMCL424.nexus\t FileSize: 527 bytes\t TransferDuration: 200.39715600000818 ms\n",
        "ingestionTime": 1745368548678,
        "eventId": "38923019229123617240648622432837680445927641337609256964"
    },
    {
        "logStreamName": "2025/04/23/[$LATEST]96fb5bd0c7dd44018edc4277fa23da3f",
        "timestamp": 1745368546325,
        "message": "CONSUMED_FILES_INFO RequestId: 19f3d262-eb56-4013-b774-c686746bd0ff\t FilesCount: 1 files\t FilesSize: 527 bytes\t TransferDuration: 200.39715600000818 ms\t ConsumedFiles: ['tree_ORTHOMCL424.nexus']\n",
        "ingestionTime": 1745368548678,
        "eventId": "38923019229123617240648622432837680445927641337609256965"
    },
    {
        "logStreamName": "2025/04/23/[$LATEST]96fb5bd0c7dd44018edc4277fa23da3f",
        "timestamp": 1745368546325,
        "message": "Reading tree file tree_ORTHOMCL424.nexus\n",
        "ingestionTime": 1745368548678,
        "eventId": "38923019229123617240648622432837680445927641337609256966"
    },
    {
        "logStreamName": "2025/04/23/[$LATEST]96fb5bd0c7dd44018edc4277fa23da3f",
        "timestamp": 1745368546326,
        "message": "Subtree file tree_ORTHOMCL424_Inner6.nexus was created!\n",
        "ingestionTime": 1745368548678,
        "eventId": "38923019229145917985847153055979216164200289699115237383"
    },
    {
        "logStreamName": "2025/04/23/[$LATEST]96fb5bd0c7dd44018edc4277fa23da3f",
        "timestamp": 1745368546327,
        "message": "Subtree file tree_ORTHOMCL424_Inner4.nexus was created!\n",
        "ingestionTime": 1745368548678,
        "eventId": "38923019229168218731045683679120751882472938060621217800"
    },
    {
        "logStreamName": "2025/04/23/[$LATEST]96fb5bd0c7dd44018edc4277fa23da3f",
        "timestamp": 1745368546327,
        "message": "Subtree file tree_ORTHOMCL424_Inner3.nexus was created!\n",
        "ingestionTime": 1745368548678,
        "eventId": "38923019229168218731045683679120751882472938060621217801"
    },
    {
        "logStreamName": "2025/04/23/[$LATEST]96fb5bd0c7dd44018edc4277fa23da3f",
        "timestamp": 1745368546327,
        "message": "Subtree file tree_ORTHOMCL424_Inner5.nexus was created!\n",
        "ingestionTime": 1745368548678,
        "eventId": "38923019229168218731045683679120751882472938060621217802"
    },
    {
        "logStreamName": "2025/04/23/[$LATEST]96fb5bd0c7dd44018edc4277fa23da3f",
        "timestamp": 1745368546327,
        "message": "Subtree file tree_ORTHOMCL424_Inner1.nexus was created!\n",
        "ingestionTime": 1745368548678,
        "eventId": "38923019229168218731045683679120751882472938060621217803"
    },
    {
        "logStreamName": "2025/04/23/[$LATEST]96fb5bd0c7dd44018edc4277fa23da3f",
        "timestamp": 1745368546327,
        "message": "Subtree file tree_ORTHOMCL424_Inner2.nexus was created!\n",
        "ingestionTime": 1745368548678,
        "eventId": "38923019229168218731045683679120751882472938060621217804"
    },
    {
        "logStreamName": "2025/04/23/[$LATEST]96fb5bd0c7dd44018edc4277fa23da3f",
        "timestamp": 1745368546327,
        "message": "Tempo de construção dos arquivos de subárvores de ['tree_ORTHOMCL424.nexus']: 2.4768760001734336 milissegundos\n",
        "ingestionTime": 1745368548678,
        "eventId": "38923019229168218731045683679120751882472938060621217805"
    },
    {
        "logStreamName": "2025/04/23/[$LATEST]96fb5bd0c7dd44018edc4277fa23da3f",
        "timestamp": 1745368546328,
        "message": "[INFO] 2025-04-23T00:35:46GMT SUBTREE_CONSTRUCTOR RequestId: 19f3d262-eb56-4013-b774-c686746bd0ff\t Duration: 2.4768760001734336 ms\t InputTree: ['tree_ORTHOMCL424.nexus']\t OutputSubtrees: ['tree_ORTHOMCL424_Inner1.nexus', 'tree_ORTHOMCL424_Inner2.nexus', 'tree_ORTHOMCL424_Inner3.nexus', 'tree_ORTHOMCL424_Inner4.nexus', 'tree_ORTHOMCL424_Inner5.nexus', 'tree_ORTHOMCL424_Inner6.nexus']\n",
        "ingestionTime": 1745368548678,
        "eventId": "38923019229190519476244214302262287600745586422127198222"
    },
    {
        "logStreamName": "2025/04/23/[$LATEST]96fb5bd0c7dd44018edc4277fa23da3f",
        "timestamp": 1745368546328,
        "message": "[INFO]\t2025-04-23T00:35:46.327Z\t19f3d262-eb56-4013-b774-c686746bd0ff\tSUBTREE_CONSTRUCTOR RequestId: 19f3d262-eb56-4013-b774-c686746bd0ff\t Duration: 2.4768760001734336 ms\t InputTree: ['tree_ORTHOMCL424.nexus']\t OutputSubtrees: ['tree_ORTHOMCL424_Inner1.nexus', 'tree_ORTHOMCL424_Inner2.nexus', 'tree_ORTHOMCL424_Inner3.nexus', 'tree_ORTHOMCL424_Inner4.nexus', 'tree_ORTHOMCL424_Inner5.nexus', 'tree_ORTHOMCL424_Inner6.nexus']\n",
        "ingestionTime": 1745368548678,
        "eventId": "38923019229190519476244214302262287600745586422127198223"
    },
    {
        "logStreamName": "2025/04/23/[$LATEST]96fb5bd0c7dd44018edc4277fa23da3f",
        "timestamp": 1745368546468,
        "message": "FILE_TRANSFER RequestId: 19f3d262-eb56-4013-b774-c686746bd0ff\t TransferType: produced\t Action: upload_to_s3\t FileName: tree_ORTHOMCL424_Inner1.nexus\t Bucket: denethor\t FilePath: subtree/tree_ORTHOMCL424_Inner1.nexus\t LocalFilePath: /tmp/subtree/tree_ORTHOMCL424_Inner1.nexus\t FileSize: 185 bytes\t TransferDuration: 39.8117260001527 ms\n",
        "ingestionTime": 1745368548678,
        "eventId": "38923019232312623804038501542077288158916357032964456464"
    },
    {
        "logStreamName": "2025/04/23/[$LATEST]96fb5bd0c7dd44018edc4277fa23da3f",
        "timestamp": 1745368546518,
        "message": "FILE_TRANSFER RequestId: 19f3d262-eb56-4013-b774-c686746bd0ff\t TransferType: produced\t Action: upload_to_s3\t FileName: tree_ORTHOMCL424_Inner2.nexus\t Bucket: denethor\t FilePath: subtree/tree_ORTHOMCL424_Inner2.nexus\t LocalFilePath: /tmp/subtree/tree_ORTHOMCL424_Inner2.nexus\t FileSize: 199 bytes\t TransferDuration: 50.45744200015179 ms\n",
        "ingestionTime": 1745368548678,
        "eventId": "38923019233427661063965032699154074072548775108263477265"
    },
    {
        "logStreamName": "2025/04/23/[$LATEST]96fb5bd0c7dd44018edc4277fa23da3f",
        "timestamp": 1745368546559,
        "message": "FILE_TRANSFER RequestId: 19f3d262-eb56-4013-b774-c686746bd0ff\t TransferType: produced\t Action: upload_to_s3\t FileName: tree_ORTHOMCL424_Inner3.nexus\t Bucket: denethor\t FilePath: subtree/tree_ORTHOMCL424_Inner3.nexus\t LocalFilePath: /tmp/subtree/tree_ORTHOMCL424_Inner3.nexus\t FileSize: 185 bytes\t TransferDuration: 40.163722999977836 ms\n",
        "ingestionTime": 1745368548678,
        "eventId": "38923019234341991617104788247957038521727357930008674322"
    },
    {
        "logStreamName": "2025/04/23/[$LATEST]96fb5bd0c7dd44018edc4277fa23da3f",
        "timestamp": 1745368546602,
        "message": "FILE_TRANSFER RequestId: 19f3d262-eb56-4013-b774-c686746bd0ff\t TransferType: produced\t Action: upload_to_s3\t FileName: tree_ORTHOMCL424_Inner4.nexus\t Bucket: denethor\t FilePath: subtree/tree_ORTHOMCL424_Inner4.nexus\t LocalFilePath: /tmp/subtree/tree_ORTHOMCL424_Inner4.nexus\t FileSize: 187 bytes\t TransferDuration: 43.171522999955414 ms\n",
        "ingestionTime": 1745368548678,
        "eventId": "38923019235300923660641605043043074407451237474765832211"
    },
    {
        "logStreamName": "2025/04/23/[$LATEST]96fb5bd0c7dd44018edc4277fa23da3f",
        "timestamp": 1745368546655,
        "message": "FILE_TRANSFER RequestId: 19f3d262-eb56-4013-b774-c686746bd0ff\t TransferType: produced\t Action: upload_to_s3\t FileName: tree_ORTHOMCL424_Inner5.nexus\t Bucket: denethor\t FilePath: subtree/tree_ORTHOMCL424_Inner5.nexus\t LocalFilePath: /tmp/subtree/tree_ORTHOMCL424_Inner5.nexus\t FileSize: 313 bytes\t TransferDuration: 53.497217000085584 ms\n",
        "ingestionTime": 1745368548678,
        "eventId": "38923019236482863156163728069544467475901600634582794260"
    },
    {
        "logStreamName": "2025/04/23/[$LATEST]96fb5bd0c7dd44018edc4277fa23da3f",
        "timestamp": 1745368546692,
        "message": "FILE_TRANSFER RequestId: 19f3d262-eb56-4013-b774-c686746bd0ff\t TransferType: produced\t Action: upload_to_s3\t FileName: tree_ORTHOMCL424_Inner6.nexus\t Bucket: denethor\t FilePath: subtree/tree_ORTHOMCL424_Inner6.nexus\t LocalFilePath: /tmp/subtree/tree_ORTHOMCL424_Inner6.nexus\t FileSize: 527 bytes\t TransferDuration: 36.51610300016728 ms\n",
        "ingestionTime": 1745368548678,
        "eventId": "38923019237307990728509361125781289051989590010304069653"
    },
    {
        "logStreamName": "2025/04/23/[$LATEST]96fb5bd0c7dd44018edc4277fa23da3f",
        "timestamp": 1745368546692,
        "message": "PRODUCED_FILES_INFO RequestId: 19f3d262-eb56-4013-b774-c686746bd0ff\t FilesCount: 6 files\t FilesSize: 1596 bytes\t TransferDuration: 263.6177340004906 ms\t Provider: aws_lambda\t  ProducedFiles: ['tree_ORTHOMCL424_Inner1.nexus', 'tree_ORTHOMCL424_Inner2.nexus', 'tree_ORTHOMCL424_Inner3.nexus', 'tree_ORTHOMCL424_Inner4.nexus', 'tree_ORTHOMCL424_Inner5.nexus', 'tree_ORTHOMCL424_Inner6.nexus']\n",
        "ingestionTime": 1745368548678,
        "eventId": "38923019237307990728509361125781289051989590010304069654"
    },
    {
        "logStreamName": "2025/04/23/[$LATEST]96fb5bd0c7dd44018edc4277fa23da3f",
        "timestamp": 1745368546693,
        "message": "END RequestId: 19f3d262-eb56-4013-b774-c686746bd0ff\n",
        "ingestionTime": 1745368548678,
        "eventId": "38923019237330291473707891748922824770262238371810050071"
    },
    {
        "logStreamName": "2025/04/23/[$LATEST]96fb5bd0c7dd44018edc4277fa23da3f",
        "timestamp": 1745368546693,
        "message": "REPORT RequestId: 19f3d262-eb56-4013-b774-c686746bd0ff\tDuration: 570.53 ms\tBilled Duration: 571 ms\tMemory Size: 256 MB\tMax Memory Used: 112 MB\tInit Duration: 888.90 ms\t\n",
        "ingestionTime": 1745368548678,
        "eventId": "38923019237330291473707891748922824770262238371810050072"
    },
    {
        "logStreamName": "2025/04/23/[$LATEST]96fb5bd0c7dd44018edc4277fa23da3f",
        "timestamp": 1745368546819,
        "message": "START RequestId: 9c3d6b4b-6918-4d75-81a4-8e527cb51682 Version: $LATEST\n",
        "ingestionTime": 1745368548678,
        "eventId": "38923019240140185368722750264756325272615931921563582489"
    },
    {
        "logStreamName": "2025/04/23/[$LATEST]96fb5bd0c7dd44018edc4277fa23da3f",
        "timestamp": 1745368546868,
        "message": "FILE_TRANSFER RequestId: 9c3d6b4b-6918-4d75-81a4-8e527cb51682\t TransferType: consumed\t Action: download_from_s3\t FileName: tree_ORTHOMCL626.nexus\t Bucket: denethor\t FilePath: tree/tree_ORTHOMCL626.nexus\t LocalFilePath: /tmp/tree/tree_ORTHOMCL626.nexus\t FileSize: 463 bytes\t TransferDuration: 47.82854899985978 ms\n",
        "ingestionTime": 1745368548678,
        "eventId": "38923019241232921883450750798691575467975701635356622874"
    },
    {
        "logStreamName": "2025/04/23/[$LATEST]96fb5bd0c7dd44018edc4277fa23da3f",
        "timestamp": 1745368546868,
        "message": "CONSUMED_FILES_INFO RequestId: 9c3d6b4b-6918-4d75-81a4-8e527cb51682\t FilesCount: 1 files\t FilesSize: 463 bytes\t TransferDuration: 47.82854899985978 ms\t ConsumedFiles: ['tree_ORTHOMCL626.nexus']\n",
        "ingestionTime": 1745368548678,
        "eventId": "38923019241232921883450750798691575467975701635356622875"
    },
    {
        "logStreamName": "2025/04/23/[$LATEST]96fb5bd0c7dd44018edc4277fa23da3f",
        "timestamp": 1745368546868,
        "message": "Reading tree file tree_ORTHOMCL626.nexus\n",
        "ingestionTime": 1745368548678,
        "eventId": "38923019241232921883450750798691575467975701635356622876"
    },
    {
        "logStreamName": "2025/04/23/[$LATEST]96fb5bd0c7dd44018edc4277fa23da3f",
        "timestamp": 1745368546881,
        "message": "Subtree file tree_ORTHOMCL626_Inner5.nexus was created!\n",
        "ingestionTime": 1745368548678,
        "eventId": "38923019241522831571031648899531539805520130334934368285"
    },
    {
        "logStreamName": "2025/04/23/[$LATEST]96fb5bd0c7dd44018edc4277fa23da3f",
        "timestamp": 1745368546882,
        "message": "Subtree file tree_ORTHOMCL626_Inner4.nexus was created!\n",
        "ingestionTime": 1745368548678,
        "eventId": "38923019241545132316230179522673075523792778696440348702"
    },
    {
        "logStreamName": "2025/04/23/[$LATEST]96fb5bd0c7dd44018edc4277fa23da3f",
        "timestamp": 1745368546882,
        "message": "Subtree file tree_ORTHOMCL626_Inner3.nexus was created!\n",
        "ingestionTime": 1745368548678,
        "eventId": "38923019241545132316230179522673075523792778696440348703"
    },
    {
        "logStreamName": "2025/04/23/[$LATEST]96fb5bd0c7dd44018edc4277fa23da3f",
        "timestamp": 1745368546882,
        "message": "Subtree file tree_ORTHOMCL626_Inner2.nexus was created!\n",
        "ingestionTime": 1745368548678,
        "eventId": "38923019241545132316230179522673075523792778696440348704"
    },
    {
        "logStreamName": "2025/04/23/[$LATEST]96fb5bd0c7dd44018edc4277fa23da3f",
        "timestamp": 1745368546882,
        "message": "Subtree file tree_ORTHOMCL626_Inner1.nexus was created!\n",
        "ingestionTime": 1745368548678,
        "eventId": "38923019241545132316230179522673075523792778696440348705"
    },
    {
        "logStreamName": "2025/04/23/[$LATEST]96fb5bd0c7dd44018edc4277fa23da3f",
        "timestamp": 1745368546882,
        "message": "Tempo de construção dos arquivos de subárvores de ['tree_ORTHOMCL626.nexus']: 14.27079700010836 milissegundos\n",
        "ingestionTime": 1745368548678,
        "eventId": "38923019241545132316230179522673075523792778696440348706"
    },
    {
        "logStreamName": "2025/04/23/[$LATEST]96fb5bd0c7dd44018edc4277fa23da3f",
        "timestamp": 1745368546882,
        "message": "[INFO] 2025-04-23T00:35:46GMT SUBTREE_CONSTRUCTOR RequestId: 9c3d6b4b-6918-4d75-81a4-8e527cb51682\t Duration: 14.27079700010836 ms\t InputTree: ['tree_ORTHOMCL626.nexus']\t OutputSubtrees: ['tree_ORTHOMCL626_Inner1.nexus', 'tree_ORTHOMCL626_Inner2.nexus', 'tree_ORTHOMCL626_Inner3.nexus', 'tree_ORTHOMCL626_Inner4.nexus', 'tree_ORTHOMCL626_Inner5.nexus']\n",
        "ingestionTime": 1745368548678,
        "eventId": "38923019241545132316230179522673075523792778696440348707"
    },
    {
        "logStreamName": "2025/04/23/[$LATEST]96fb5bd0c7dd44018edc4277fa23da3f",
        "timestamp": 1745368546882,
        "message": "[INFO]\t2025-04-23T00:35:46.882Z\t9c3d6b4b-6918-4d75-81a4-8e527cb51682\tSUBTREE_CONSTRUCTOR RequestId: 9c3d6b4b-6918-4d75-81a4-8e527cb51682\t Duration: 14.27079700010836 ms\t InputTree: ['tree_ORTHOMCL626.nexus']\t OutputSubtrees: ['tree_ORTHOMCL626_Inner1.nexus', 'tree_ORTHOMCL626_Inner2.nexus', 'tree_ORTHOMCL626_Inner3.nexus', 'tree_ORTHOMCL626_Inner4.nexus', 'tree_ORTHOMCL626_Inner5.nexus']\n",
        "ingestionTime": 1745368548678,
        "eventId": "38923019241545132316230179522673075523792778696440348708"
    },
    {
        "logStreamName": "2025/04/23/[$LATEST]96fb5bd0c7dd44018edc4277fa23da3f",
        "timestamp": 1745368547040,
        "message": "FILE_TRANSFER RequestId: 9c3d6b4b-6918-4d75-81a4-8e527cb51682\t TransferType: produced\t Action: upload_to_s3\t FileName: tree_ORTHOMCL626_Inner1.nexus\t Bucket: denethor\t FilePath: subtree/tree_ORTHOMCL626_Inner1.nexus\t LocalFilePath: /tmp/subtree/tree_ORTHOMCL626_Inner1.nexus\t FileSize: 193 bytes\t TransferDuration: 57.15339999983371 ms\n",
        "ingestionTime": 1745368548678,
        "eventId": "38923019245068650057598017979035719010871219814385254437"
    },
    {
        "logStreamName": "2025/04/23/[$LATEST]96fb5bd0c7dd44018edc4277fa23da3f",
        "timestamp": 1745368547083,
        "message": "FILE_TRANSFER RequestId: 9c3d6b4b-6918-4d75-81a4-8e527cb51682\t TransferType: produced\t Action: upload_to_s3\t FileName: tree_ORTHOMCL626_Inner2.nexus\t Bucket: denethor\t FilePath: subtree/tree_ORTHOMCL626_Inner2.nexus\t LocalFilePath: /tmp/subtree/tree_ORTHOMCL626_Inner2.nexus\t FileSize: 187 bytes\t TransferDuration: 42.60501999988264 ms\n",
        "ingestionTime": 1745368548678,
        "eventId": "38923019246027582101134834774121754896595099359142412326"
    },
    {
        "logStreamName": "2025/04/23/[$LATEST]96fb5bd0c7dd44018edc4277fa23da3f",
        "timestamp": 1745368547132,
        "message": "FILE_TRANSFER RequestId: 9c3d6b4b-6918-4d75-81a4-8e527cb51682\t TransferType: produced\t Action: upload_to_s3\t FileName: tree_ORTHOMCL626_Inner3.nexus\t Bucket: denethor\t FilePath: subtree/tree_ORTHOMCL626_Inner3.nexus\t LocalFilePath: /tmp/subtree/tree_ORTHOMCL626_Inner3.nexus\t FileSize: 185 bytes\t TransferDuration: 49.47435200006112 ms\n",
        "ingestionTime": 1745368548678,
        "eventId": "38923019247120318615862835308057005091954869072935452711"
    },
    {
        "logStreamName": "2025/04/23/[$LATEST]96fb5bd0c7dd44018edc4277fa23da3f",
        "timestamp": 1745368547187,
        "message": "FILE_TRANSFER RequestId: 9c3d6b4b-6918-4d75-81a4-8e527cb51682\t TransferType: produced\t Action: upload_to_s3\t FileName: tree_ORTHOMCL626_Inner4.nexus\t Bucket: denethor\t FilePath: subtree/tree_ORTHOMCL626_Inner4.nexus\t LocalFilePath: /tmp/subtree/tree_ORTHOMCL626_Inner4.nexus\t FileSize: 301 bytes\t TransferDuration: 54.89325199982886 ms\n",
        "ingestionTime": 1745368548678,
        "eventId": "38923019248346859601782019580841469596950528955764375592"
    },
    {
        "logStreamName": "2025/04/23/[$LATEST]96fb5bd0c7dd44018edc4277fa23da3f",
        "timestamp": 1745368547238,
        "message": "FILE_TRANSFER RequestId: 9c3d6b4b-6918-4d75-81a4-8e527cb51682\t TransferType: produced\t Action: upload_to_s3\t FileName: tree_ORTHOMCL626_Inner5.nexus\t Bucket: denethor\t FilePath: subtree/tree_ORTHOMCL626_Inner5.nexus\t LocalFilePath: /tmp/subtree/tree_ORTHOMCL626_Inner5.nexus\t FileSize: 463 bytes\t TransferDuration: 51.12617000008868 ms\n",
        "ingestionTime": 1745368548678,
        "eventId": "38923019249484197606907081361059791228855595392569376809"
    },
    {
        "logStreamName": "2025/04/23/[$LATEST]96fb5bd0c7dd44018edc4277fa23da3f",
        "timestamp": 1745368547238,
        "message": "PRODUCED_FILES_INFO RequestId: 9c3d6b4b-6918-4d75-81a4-8e527cb51682\t FilesCount: 5 files\t FilesSize: 1329 bytes\t TransferDuration: 255.252193999695 ms\t Provider: aws_lambda\t  ProducedFiles: ['tree_ORTHOMCL626_Inner1.nexus', 'tree_ORTHOMCL626_Inner2.nexus', 'tree_ORTHOMCL626_Inner3.nexus', 'tree_ORTHOMCL626_Inner4.nexus', 'tree_ORTHOMCL626_Inner5.nexus']\n",
        "ingestionTime": 1745368548678,
        "eventId": "38923019249484197606907081361059791228855595392569376810"
    },
    {
        "logStreamName": "2025/04/23/[$LATEST]96fb5bd0c7dd44018edc4277fa23da3f",
        "timestamp": 1745368547239,
        "message": "END RequestId: 9c3d6b4b-6918-4d75-81a4-8e527cb51682\n",
        "ingestionTime": 1745368548678,
        "eventId": "38923019249506498352105611984201326947128243754075357227"
    },
    {
        "logStreamName": "2025/04/23/[$LATEST]96fb5bd0c7dd44018edc4277fa23da3f",
        "timestamp": 1745368547239,
        "message": "REPORT RequestId: 9c3d6b4b-6918-4d75-81a4-8e527cb51682\tDuration: 419.85 ms\tBilled Duration: 420 ms\tMemory Size: 256 MB\tMax Memory Used: 112 MB\t\n",
        "ingestionTime": 1745368548678,
        "eventId": "38923019249506498352105611984201326947128243754075357228"
    },
    {
        "logStreamName": "2025/04/23/[$LATEST]96fb5bd0c7dd44018edc4277fa23da3f",
        "timestamp": 1745368547484,
        "message": "START RequestId: fab9e738-97fc-4031-aac6-c6c83e674e42 Version: $LATEST\n",
        "ingestionTime": 1745368548678,
        "eventId": "38923019254970180925745614653877577923927092323040559149"
    },
    {
        "logStreamName": "2025/04/23/[$LATEST]96fb5bd0c7dd44018edc4277fa23da3f",
        "timestamp": 1745368547526,
        "message": "FILE_TRANSFER RequestId: fab9e738-97fc-4031-aac6-c6c83e674e42\t TransferType: consumed\t Action: download_from_s3\t FileName: tree_ORTHOMCL758.nexus\t Bucket: denethor\t FilePath: tree/tree_ORTHOMCL758.nexus\t LocalFilePath: /tmp/tree/tree_ORTHOMCL758.nexus\t FileSize: 407 bytes\t TransferDuration: 41.1324860001514 ms\n",
        "ingestionTime": 1745368548678,
        "eventId": "38923019255906812224083900825822078091378323506291736622"
    },
    {
        "logStreamName": "2025/04/23/[$LATEST]96fb5bd0c7dd44018edc4277fa23da3f",
        "timestamp": 1745368547526,
        "message": "CONSUMED_FILES_INFO RequestId: fab9e738-97fc-4031-aac6-c6c83e674e42\t FilesCount: 1 files\t FilesSize: 407 bytes\t TransferDuration: 41.1324860001514 ms\t ConsumedFiles: ['tree_ORTHOMCL758.nexus']\n",
        "ingestionTime": 1745368548678,
        "eventId": "38923019255906812224083900825822078091378323506291736623"
    },
    {
        "logStreamName": "2025/04/23/[$LATEST]96fb5bd0c7dd44018edc4277fa23da3f",
        "timestamp": 1745368547526,
        "message": "Reading tree file tree_ORTHOMCL758.nexus\n",
        "ingestionTime": 1745368548678,
        "eventId": "38923019255906812224083900825822078091378323506291736624"
    },
    {
        "logStreamName": "2025/04/23/[$LATEST]96fb5bd0c7dd44018edc4277fa23da3f",
        "timestamp": 1745368547527,
        "message": "Subtree file tree_ORTHOMCL758_Inner4.nexus was created!\n",
        "ingestionTime": 1745368548678,
        "eventId": "38923019255929112969282431448963613809650971867797717041"
    },
    {
        "logStreamName": "2025/04/23/[$LATEST]96fb5bd0c7dd44018edc4277fa23da3f",
        "timestamp": 1745368547527,
        "message": "Subtree file tree_ORTHOMCL758_Inner1.nexus was created!\n",
        "ingestionTime": 1745368548678,
        "eventId": "38923019255929112969282431448963613809650971867797717042"
    },
    {
        "logStreamName": "2025/04/23/[$LATEST]96fb5bd0c7dd44018edc4277fa23da3f",
        "timestamp": 1745368547527,
        "message": "Subtree file tree_ORTHOMCL758_Inner3.nexus was created!\n",
        "ingestionTime": 1745368548678,
        "eventId": "38923019255929112969282431448963613809650971867797717043"
    },
    {
        "logStreamName": "2025/04/23/[$LATEST]96fb5bd0c7dd44018edc4277fa23da3f",
        "timestamp": 1745368547527,
        "message": "Subtree file tree_ORTHOMCL758_Inner2.nexus was created!\n",
        "ingestionTime": 1745368548678,
        "eventId": "38923019255929112969282431448963613809650971867797717044"
    },
    {
        "logStreamName": "2025/04/23/[$LATEST]96fb5bd0c7dd44018edc4277fa23da3f",
        "timestamp": 1745368547527,
        "message": "Tempo de construção dos arquivos de subárvores de ['tree_ORTHOMCL758.nexus']: 1.6928679999637097 milissegundos\n",
        "ingestionTime": 1745368548678,
        "eventId": "38923019255929112969282431448963613809650971867797717045"
    },
    {
        "logStreamName": "2025/04/23/[$LATEST]96fb5bd0c7dd44018edc4277fa23da3f",
        "timestamp": 1745368547528,
        "message": "[INFO] 2025-04-23T00:35:47GMT SUBTREE_CONSTRUCTOR RequestId: fab9e738-97fc-4031-aac6-c6c83e674e42\t Duration: 1.6928679999637097 ms\t InputTree: ['tree_ORTHOMCL758.nexus']\t OutputSubtrees: ['tree_ORTHOMCL758_Inner1.nexus', 'tree_ORTHOMCL758_Inner2.nexus', 'tree_ORTHOMCL758_Inner3.nexus', 'tree_ORTHOMCL758_Inner4.nexus']\n",
        "ingestionTime": 1745368548678,
        "eventId": "38923019255951413714480962072105149527923620229303697462"
    },
    {
        "logStreamName": "2025/04/23/[$LATEST]96fb5bd0c7dd44018edc4277fa23da3f",
        "timestamp": 1745368547528,
        "message": "[INFO]\t2025-04-23T00:35:47.528Z\tfab9e738-97fc-4031-aac6-c6c83e674e42\tSUBTREE_CONSTRUCTOR RequestId: fab9e738-97fc-4031-aac6-c6c83e674e42\t Duration: 1.6928679999637097 ms\t InputTree: ['tree_ORTHOMCL758.nexus']\t OutputSubtrees: ['tree_ORTHOMCL758_Inner1.nexus', 'tree_ORTHOMCL758_Inner2.nexus', 'tree_ORTHOMCL758_Inner3.nexus', 'tree_ORTHOMCL758_Inner4.nexus']\n",
        "ingestionTime": 1745368548678,
        "eventId": "38923019255951413714480962072105149527923620229303697463"
    },
    {
        "logStreamName": "2025/04/23/[$LATEST]96fb5bd0c7dd44018edc4277fa23da3f",
        "timestamp": 1745368547666,
        "message": "FILE_TRANSFER RequestId: fab9e738-97fc-4031-aac6-c6c83e674e42\t TransferType: produced\t Action: upload_to_s3\t FileName: tree_ORTHOMCL758_Inner1.nexus\t Bucket: denethor\t FilePath: subtree/tree_ORTHOMCL758_Inner1.nexus\t LocalFilePath: /tmp/subtree/tree_ORTHOMCL758_Inner1.nexus\t FileSize: 187 bytes\t TransferDuration: 38.40630800004874 ms\n",
        "ingestionTime": 1745368548678,
        "eventId": "38923019259028916551878188065637078649549094117128994872"
    },
    {
        "logStreamName": "2025/04/23/[$LATEST]96fb5bd0c7dd44018edc4277fa23da3f",
        "timestamp": 1745368547715,
        "message": "FILE_TRANSFER RequestId: fab9e738-97fc-4031-aac6-c6c83e674e42\t TransferType: produced\t Action: upload_to_s3\t FileName: tree_ORTHOMCL758_Inner2.nexus\t Bucket: denethor\t FilePath: subtree/tree_ORTHOMCL758_Inner2.nexus\t LocalFilePath: /tmp/subtree/tree_ORTHOMCL758_Inner2.nexus\t FileSize: 185 bytes\t TransferDuration: 48.4648690000995 ms\n",
        "ingestionTime": 1745368548678,
        "eventId": "38923019260121653066606188599572328844908863830922035257"
    },
    {
        "logStreamName": "2025/04/23/[$LATEST]96fb5bd0c7dd44018edc4277fa23da3f",
        "timestamp": 1745368547755,
        "message": "FILE_TRANSFER RequestId: fab9e738-97fc-4031-aac6-c6c83e674e42\t TransferType: produced\t Action: upload_to_s3\t FileName: tree_ORTHOMCL758_Inner3.nexus\t Bucket: denethor\t FilePath: subtree/tree_ORTHOMCL758_Inner3.nexus\t LocalFilePath: /tmp/subtree/tree_ORTHOMCL758_Inner3.nexus\t FileSize: 249 bytes\t TransferDuration: 39.675320000014835 ms\n",
        "ingestionTime": 1745368548678,
        "eventId": "38923019261013682874547413525233757575814798291161251898"
    },
    {
        "logStreamName": "2025/04/23/[$LATEST]96fb5bd0c7dd44018edc4277fa23da3f",
        "timestamp": 1745368547799,
        "message": "FILE_TRANSFER RequestId: fab9e738-97fc-4031-aac6-c6c83e674e42\t TransferType: produced\t Action: upload_to_s3\t FileName: tree_ORTHOMCL758_Inner4.nexus\t Bucket: denethor\t FilePath: subtree/tree_ORTHOMCL758_Inner4.nexus\t LocalFilePath: /tmp/subtree/tree_ORTHOMCL758_Inner4.nexus\t FileSize: 407 bytes\t TransferDuration: 44.33413800006747 ms\n",
        "ingestionTime": 1745368548678,
        "eventId": "38923019261994915663282760943461329179811326197424390203"
    },
    {
        "logStreamName": "2025/04/23/[$LATEST]96fb5bd0c7dd44018edc4277fa23da3f",
        "timestamp": 1745368547799,
        "message": "PRODUCED_FILES_INFO RequestId: fab9e738-97fc-4031-aac6-c6c83e674e42\t FilesCount: 4 files\t FilesSize: 1028 bytes\t TransferDuration: 170.88063500023054 ms\t Provider: aws_lambda\t  ProducedFiles: ['tree_ORTHOMCL758_Inner1.nexus', 'tree_ORTHOMCL758_Inner2.nexus', 'tree_ORTHOMCL758_Inner3.nexus', 'tree_ORTHOMCL758_Inner4.nexus']\n",
        "ingestionTime": 1745368548678,
        "eventId": "38923019261994915663282760943461329179811326197424390204"
    },
    {
        "logStreamName": "2025/04/23/[$LATEST]96fb5bd0c7dd44018edc4277fa23da3f",
        "timestamp": 1745368547800,
        "message": "END RequestId: fab9e738-97fc-4031-aac6-c6c83e674e42\n",
        "ingestionTime": 1745368548678,
        "eventId": "38923019262017216408481291566602864898083974558930370621"
    },
    {
        "logStreamName": "2025/04/23/[$LATEST]96fb5bd0c7dd44018edc4277fa23da3f",
        "timestamp": 1745368547800,
        "message": "REPORT RequestId: fab9e738-97fc-4031-aac6-c6c83e674e42\tDuration: 316.10 ms\tBilled Duration: 317 ms\tMemory Size: 256 MB\tMax Memory Used: 112 MB\t\n",
        "ingestionTime": 1745368548678,
        "eventId": "38923019262017216408481291566602864898083974558930370622"
    },
    {
        "logStreamName": "2025/04/23/[$LATEST]96fb5bd0c7dd44018edc4277fa23da3f",
        "timestamp": 1745368547984,
        "message": "START RequestId: e86be780-1e4c-4f2e-ae4c-363915622c0e Version: $LATEST\n",
        "ingestionTime": 1745368548678,
        "eventId": "38923019266120553525010926224645437060251273076030767167"
    },
    {
        "logStreamName": "2025/04/23/[$LATEST]96fb5bd0c7dd44018edc4277fa23da3f",
        "timestamp": 1745368548041,
        "message": "FILE_TRANSFER RequestId: e86be780-1e4c-4f2e-ae4c-363915622c0e\t TransferType: consumed\t Action: download_from_s3\t FileName: tree_ORTHOMCL763.nexus\t Bucket: denethor\t FilePath: tree/tree_ORTHOMCL763.nexus\t LocalFilePath: /tmp/tree/tree_ORTHOMCL763.nexus\t FileSize: 407 bytes\t TransferDuration: 56.00884000000406 ms\n",
        "ingestionTime": 1745368548678,
        "eventId": "38923019267391696001327171743712973001792229681871650880"
    },
    {
        "logStreamName": "2025/04/23/[$LATEST]96fb5bd0c7dd44018edc4277fa23da3f",
        "timestamp": 1745368548041,
        "message": "CONSUMED_FILES_INFO RequestId: e86be780-1e4c-4f2e-ae4c-363915622c0e\t FilesCount: 1 files\t FilesSize: 407 bytes\t TransferDuration: 56.00884000000406 ms\t ConsumedFiles: ['tree_ORTHOMCL763.nexus']\n",
        "ingestionTime": 1745368548678,
        "eventId": "38923019267391696001327171743712973001792229681871650881"
    },
    {
        "logStreamName": "2025/04/23/[$LATEST]96fb5bd0c7dd44018edc4277fa23da3f",
        "timestamp": 1745368548041,
        "message": "Reading tree file tree_ORTHOMCL763.nexus\n",
        "ingestionTime": 1745368548678,
        "eventId": "38923019267391696001327171743712973001792229681871650882"
    },
    {
        "logStreamName": "2025/04/23/[$LATEST]96fb5bd0c7dd44018edc4277fa23da3f",
        "timestamp": 1745368548042,
        "message": "Subtree file tree_ORTHOMCL763_Inner4.nexus was created!\n",
        "ingestionTime": 1745368548678,
        "eventId": "38923019267413996746525702366854508720064878043377631299"
    },
    {
        "logStreamName": "2025/04/23/[$LATEST]96fb5bd0c7dd44018edc4277fa23da3f",
        "timestamp": 1745368548042,
        "message": "Subtree file tree_ORTHOMCL763_Inner3.nexus was created!\n",
        "ingestionTime": 1745368548678,
        "eventId": "38923019267413996746525702366854508720064878043377631300"
    },
    {
        "logStreamName": "2025/04/23/[$LATEST]96fb5bd0c7dd44018edc4277fa23da3f",
        "timestamp": 1745368548042,
        "message": "Subtree file tree_ORTHOMCL763_Inner1.nexus was created!\n",
        "ingestionTime": 1745368548678,
        "eventId": "38923019267413996746525702366854508720064878043377631301"
    },
    {
        "logStreamName": "2025/04/23/[$LATEST]96fb5bd0c7dd44018edc4277fa23da3f",
        "timestamp": 1745368548043,
        "message": "Subtree file tree_ORTHOMCL763_Inner2.nexus was created!\n",
        "ingestionTime": 1745368548678,
        "eventId": "38923019267436297491724232989996044438337526404883611718"
    },
    {
        "logStreamName": "2025/04/23/[$LATEST]96fb5bd0c7dd44018edc4277fa23da3f",
        "timestamp": 1745368548043,
        "message": "Tempo de construção dos arquivos de subárvores de ['tree_ORTHOMCL763.nexus']: 1.6505029998370446 milissegundos\n",
        "ingestionTime": 1745368548678,
        "eventId": "38923019267436297491724232989996044438337526404883611719"
    },
    {
        "logStreamName": "2025/04/23/[$LATEST]96fb5bd0c7dd44018edc4277fa23da3f",
        "timestamp": 1745368548043,
        "message": "[INFO] 2025-04-23T00:35:48GMT SUBTREE_CONSTRUCTOR RequestId: e86be780-1e4c-4f2e-ae4c-363915622c0e\t Duration: 1.6505029998370446 ms\t InputTree: ['tree_ORTHOMCL763.nexus']\t OutputSubtrees: ['tree_ORTHOMCL763_Inner1.nexus', 'tree_ORTHOMCL763_Inner2.nexus', 'tree_ORTHOMCL763_Inner3.nexus', 'tree_ORTHOMCL763_Inner4.nexus']\n",
        "ingestionTime": 1745368548678,
        "eventId": "38923019267436297491724232989996044438337526404883611720"
    },
    {
        "logStreamName": "2025/04/23/[$LATEST]96fb5bd0c7dd44018edc4277fa23da3f",
        "timestamp": 1745368548043,
        "message": "[INFO]\t2025-04-23T00:35:48.043Z\te86be780-1e4c-4f2e-ae4c-363915622c0e\tSUBTREE_CONSTRUCTOR RequestId: e86be780-1e4c-4f2e-ae4c-363915622c0e\t Duration: 1.6505029998370446 ms\t InputTree: ['tree_ORTHOMCL763.nexus']\t OutputSubtrees: ['tree_ORTHOMCL763_Inner1.nexus', 'tree_ORTHOMCL763_Inner2.nexus', 'tree_ORTHOMCL763_Inner3.nexus', 'tree_ORTHOMCL763_Inner4.nexus']\n",
        "ingestionTime": 1745368548678,
        "eventId": "38923019267436297491724232989996044438337526404883611721"
    },
    {
        "logStreamName": "2025/04/23/[$LATEST]96fb5bd0c7dd44018edc4277fa23da3f",
        "timestamp": 1745368548190,
        "message": "FILE_TRANSFER RequestId: e86be780-1e4c-4f2e-ae4c-363915622c0e\t TransferType: produced\t Action: upload_to_s3\t FileName: tree_ORTHOMCL763_Inner1.nexus\t Bucket: denethor\t FilePath: subtree/tree_ORTHOMCL763_Inner1.nexus\t LocalFilePath: /tmp/subtree/tree_ORTHOMCL763_Inner1.nexus\t FileSize: 187 bytes\t TransferDuration: 46.92758400005914 ms\n",
        "ingestionTime": 1745368548678,
        "eventId": "38923019270714507035908234591801795024416835546262732874"
    },
    {
        "logStreamName": "2025/04/23/[$LATEST]96fb5bd0c7dd44018edc4277fa23da3f",
        "timestamp": 1745368548243,
        "message": "FILE_TRANSFER RequestId: e86be780-1e4c-4f2e-ae4c-363915622c0e\t TransferType: produced\t Action: upload_to_s3\t FileName: tree_ORTHOMCL763_Inner2.nexus\t Bucket: denethor\t FilePath: subtree/tree_ORTHOMCL763_Inner2.nexus\t LocalFilePath: /tmp/subtree/tree_ORTHOMCL763_Inner2.nexus\t FileSize: 185 bytes\t TransferDuration: 52.43052199989506 ms\n",
        "ingestionTime": 1745368548678,
        "eventId": "38923019271896446531430357618303188092867198706079694923"
    },
    {
        "logStreamName": "2025/04/23/[$LATEST]96fb5bd0c7dd44018edc4277fa23da3f",
        "timestamp": 1745368548297,
        "message": "FILE_TRANSFER RequestId: e86be780-1e4c-4f2e-ae4c-363915622c0e\t TransferType: produced\t Action: upload_to_s3\t FileName: tree_ORTHOMCL763_Inner3.nexus\t Bucket: denethor\t FilePath: subtree/tree_ORTHOMCL763_Inner3.nexus\t LocalFilePath: /tmp/subtree/tree_ORTHOMCL763_Inner3.nexus\t FileSize: 245 bytes\t TransferDuration: 54.659607000075994 ms\n",
        "ingestionTime": 1745368548678,
        "eventId": "38923019273100686772151011267946116879590210227402637388"
    },
    {
        "logStreamName": "2025/04/23/[$LATEST]96fb5bd0c7dd44018edc4277fa23da3f",
        "timestamp": 1745368548339,
        "message": "FILE_TRANSFER RequestId: e86be780-1e4c-4f2e-ae4c-363915622c0e\t TransferType: produced\t Action: upload_to_s3\t FileName: tree_ORTHOMCL763_Inner4.nexus\t Bucket: denethor\t FilePath: subtree/tree_ORTHOMCL763_Inner4.nexus\t LocalFilePath: /tmp/subtree/tree_ORTHOMCL763_Inner4.nexus\t FileSize: 407 bytes\t TransferDuration: 41.40312899994569 ms\n",
        "ingestionTime": 1745368548678,
        "eventId": "38923019274037318070489297439890617047041441410653814861"
    },
    {
        "logStreamName": "2025/04/23/[$LATEST]96fb5bd0c7dd44018edc4277fa23da3f",
        "timestamp": 1745368548339,
        "message": "PRODUCED_FILES_INFO RequestId: e86be780-1e4c-4f2e-ae4c-363915622c0e\t FilesCount: 4 files\t FilesSize: 1024 bytes\t TransferDuration: 195.4208419999759 ms\t Provider: aws_lambda\t  ProducedFiles: ['tree_ORTHOMCL763_Inner1.nexus', 'tree_ORTHOMCL763_Inner2.nexus', 'tree_ORTHOMCL763_Inner3.nexus', 'tree_ORTHOMCL763_Inner4.nexus']\n",
        "ingestionTime": 1745368548678,
        "eventId": "38923019274037318070489297439890617047041441410653814862"
    },
    {
        "logStreamName": "2025/04/23/[$LATEST]96fb5bd0c7dd44018edc4277fa23da3f",
        "timestamp": 1745368548340,
        "message": "END RequestId: e86be780-1e4c-4f2e-ae4c-363915622c0e\n",
        "ingestionTime": 1745368548678,
        "eventId": "38923019274059618815687828063032152765314089772159795279"
    },
    {
        "logStreamName": "2025/04/23/[$LATEST]96fb5bd0c7dd44018edc4277fa23da3f",
        "timestamp": 1745368548340,
        "message": "REPORT RequestId: e86be780-1e4c-4f2e-ae4c-363915622c0e\tDuration: 355.54 ms\tBilled Duration: 356 ms\tMemory Size: 256 MB\tMax Memory Used: 112 MB\t\n",
        "ingestionTime": 1745368548678,
        "eventId": "38923019274059618815687828063032152765314089772159795280"
    },
    {
        "logStreamName": "2025/04/23/[$LATEST]96fb5bd0c7dd44018edc4277fa23da3f",
        "timestamp": 1745368548507,
        "message": "START RequestId: a0e97a6f-9417-4df9-8312-44058cb12437 Version: $LATEST\n",
        "ingestionTime": 1745368548678,
        "eventId": "38923019277783843263842442127668617716846366143658524753"
    },
    {
        "logStreamName": "2025/04/23/[$LATEST]96fb5bd0c7dd44018edc4277fa23da3f",
        "timestamp": 1745368548561,
        "message": "FILE_TRANSFER RequestId: a0e97a6f-9417-4df9-8312-44058cb12437\t TransferType: consumed\t Action: download_from_s3\t FileName: tree_ORTHOMCL1043.nexus\t Bucket: denethor\t FilePath: tree/tree_ORTHOMCL1043.nexus\t LocalFilePath: /tmp/tree/tree_ORTHOMCL1043.nexus\t FileSize: 399 bytes\t TransferDuration: 53.458657999954085 ms\n",
        "ingestionTime": 1745368548678,
        "eventId": "38923019278988083504563095777311546503569377664981467218"
    },
    {
        "logStreamName": "2025/04/23/[$LATEST]96fb5bd0c7dd44018edc4277fa23da3f",
        "timestamp": 1745368548561,
        "message": "CONSUMED_FILES_INFO RequestId: a0e97a6f-9417-4df9-8312-44058cb12437\t FilesCount: 1 files\t FilesSize: 399 bytes\t TransferDuration: 53.458657999954085 ms\t ConsumedFiles: ['tree_ORTHOMCL1043.nexus']\n",
        "ingestionTime": 1745368548678,
        "eventId": "38923019278988083504563095777311546503569377664981467219"
    },
    {
        "logStreamName": "2025/04/23/[$LATEST]96fb5bd0c7dd44018edc4277fa23da3f",
        "timestamp": 1745368548561,
        "message": "Reading tree file tree_ORTHOMCL1043.nexus\n",
        "ingestionTime": 1745368548678,
        "eventId": "38923019278988083504563095777311546503569377664981467220"
    },
    {
        "logStreamName": "2025/04/23/[$LATEST]96fb5bd0c7dd44018edc4277fa23da3f",
        "timestamp": 1745368548562,
        "message": "Subtree file tree_ORTHOMCL1043_Inner4.nexus was created!\n",
        "ingestionTime": 1745368548678,
        "eventId": "38923019279010384249761626400453082221842026026487447637"
    },
    {
        "logStreamName": "2025/04/23/[$LATEST]96fb5bd0c7dd44018edc4277fa23da3f",
        "timestamp": 1745368548562,
        "message": "Subtree file tree_ORTHOMCL1043_Inner3.nexus was created!\n",
        "ingestionTime": 1745368548678,
        "eventId": "38923019279010384249761626400453082221842026026487447638"
    },
    {
        "logStreamName": "2025/04/23/[$LATEST]96fb5bd0c7dd44018edc4277fa23da3f",
        "timestamp": 1745368548563,
        "message": "Subtree file tree_ORTHOMCL1043_Inner2.nexus was created!\n",
        "ingestionTime": 1745368548678,
        "eventId": "38923019279032684994960157023594617940114674387993428055"
    },
    {
        "logStreamName": "2025/04/23/[$LATEST]96fb5bd0c7dd44018edc4277fa23da3f",
        "timestamp": 1745368548563,
        "message": "Subtree file tree_ORTHOMCL1043_Inner1.nexus was created!\n",
        "ingestionTime": 1745368548678,
        "eventId": "38923019279032684994960157023594617940114674387993428056"
    },
    {
        "logStreamName": "2025/04/23/[$LATEST]96fb5bd0c7dd44018edc4277fa23da3f",
        "timestamp": 1745368548563,
        "message": "Tempo de construção dos arquivos de subárvores de ['tree_ORTHOMCL1043.nexus']: 1.712806000114142 milissegundos\n",
        "ingestionTime": 1745368548678,
        "eventId": "38923019279032684994960157023594617940114674387993428057"
    },
    {
        "logStreamName": "2025/04/23/[$LATEST]96fb5bd0c7dd44018edc4277fa23da3f",
        "timestamp": 1745368548563,
        "message": "[INFO] 2025-04-23T00:35:48GMT SUBTREE_CONSTRUCTOR RequestId: a0e97a6f-9417-4df9-8312-44058cb12437\t Duration: 1.712806000114142 ms\t InputTree: ['tree_ORTHOMCL1043.nexus']\t OutputSubtrees: ['tree_ORTHOMCL1043_Inner1.nexus', 'tree_ORTHOMCL1043_Inner2.nexus', 'tree_ORTHOMCL1043_Inner3.nexus', 'tree_ORTHOMCL1043_Inner4.nexus']\n",
        "ingestionTime": 1745368548678,
        "eventId": "38923019279032684994960157023594617940114674387993428058"
    },
    {
        "logStreamName": "2025/04/23/[$LATEST]96fb5bd0c7dd44018edc4277fa23da3f",
        "timestamp": 1745368548563,
        "message": "[INFO]\t2025-04-23T00:35:48.563Z\ta0e97a6f-9417-4df9-8312-44058cb12437\tSUBTREE_CONSTRUCTOR RequestId: a0e97a6f-9417-4df9-8312-44058cb12437\t Duration: 1.712806000114142 ms\t InputTree: ['tree_ORTHOMCL1043.nexus']\t OutputSubtrees: ['tree_ORTHOMCL1043_Inner1.nexus', 'tree_ORTHOMCL1043_Inner2.nexus', 'tree_ORTHOMCL1043_Inner3.nexus', 'tree_ORTHOMCL1043_Inner4.nexus']\n",
        "ingestionTime": 1745368548678,
        "eventId": "38923019279032684994960157023594617940114674387993428059"
    },
    {
        "logStreamName": "2025/04/23/[$LATEST]96fb5bd0c7dd44018edc4277fa23da3f",
        "timestamp": 1745368548710,
        "message": "FILE_TRANSFER RequestId: a0e97a6f-9417-4df9-8312-44058cb12437\t TransferType: produced\t Action: upload_to_s3\t FileName: tree_ORTHOMCL1043_Inner1.nexus\t Bucket: denethor\t FilePath: subtree/tree_ORTHOMCL1043_Inner1.nexus\t LocalFilePath: /tmp/subtree/tree_ORTHOMCL1043_Inner1.nexus\t FileSize: 185 bytes\t TransferDuration: 46.30056099995272 ms\n",
        "ingestionTime": 1745368557728,
        "eventId": "38923019282310894539144158636340775247394029533877895168"
    },
    {
        "logStreamName": "2025/04/23/[$LATEST]96fb5bd0c7dd44018edc4277fa23da3f",
        "timestamp": 1745368548760,
        "message": "FILE_TRANSFER RequestId: a0e97a6f-9417-4df9-8312-44058cb12437\t TransferType: produced\t Action: upload_to_s3\t FileName: tree_ORTHOMCL1043_Inner2.nexus\t Bucket: denethor\t FilePath: subtree/tree_ORTHOMCL1043_Inner2.nexus\t LocalFilePath: /tmp/subtree/tree_ORTHOMCL1043_Inner2.nexus\t FileSize: 241 bytes\t TransferDuration: 50.676039000109085 ms\n",
        "ingestionTime": 1745368557728,
        "eventId": "38923019283425931799070689793417561161026447609176915969"
    },
    {
        "logStreamName": "2025/04/23/[$LATEST]96fb5bd0c7dd44018edc4277fa23da3f",
        "timestamp": 1745368548804,
        "message": "FILE_TRANSFER RequestId: a0e97a6f-9417-4df9-8312-44058cb12437\t TransferType: produced\t Action: upload_to_s3\t FileName: tree_ORTHOMCL1043_Inner3.nexus\t Bucket: denethor\t FilePath: subtree/tree_ORTHOMCL1043_Inner3.nexus\t LocalFilePath: /tmp/subtree/tree_ORTHOMCL1043_Inner3.nexus\t FileSize: 187 bytes\t TransferDuration: 43.25041499987492 ms\n",
        "ingestionTime": 1745368557728,
        "eventId": "38923019284407164587806037211645132765022975515440054274"
    },
    {
        "logStreamName": "2025/04/23/[$LATEST]96fb5bd0c7dd44018edc4277fa23da3f",
        "timestamp": 1745368548854,
        "message": "FILE_TRANSFER RequestId: a0e97a6f-9417-4df9-8312-44058cb12437\t TransferType: produced\t Action: upload_to_s3\t FileName: tree_ORTHOMCL1043_Inner4.nexus\t Bucket: denethor\t FilePath: subtree/tree_ORTHOMCL1043_Inner4.nexus\t LocalFilePath: /tmp/subtree/tree_ORTHOMCL1043_Inner4.nexus\t FileSize: 399 bytes\t TransferDuration: 50.241304000110176 ms\n",
        "ingestionTime": 1745368557728,
        "eventId": "38923019285522201847732568368721918678655393590739075075"
    },
    {
        "logStreamName": "2025/04/23/[$LATEST]96fb5bd0c7dd44018edc4277fa23da3f",
        "timestamp": 1745368548854,
        "message": "PRODUCED_FILES_INFO RequestId: a0e97a6f-9417-4df9-8312-44058cb12437\t FilesCount: 4 files\t FilesSize: 1012 bytes\t TransferDuration: 190.4683190000469 ms\t Provider: aws_lambda\t  ProducedFiles: ['tree_ORTHOMCL1043_Inner1.nexus', 'tree_ORTHOMCL1043_Inner2.nexus', 'tree_ORTHOMCL1043_Inner3.nexus', 'tree_ORTHOMCL1043_Inner4.nexus']\n",
        "ingestionTime": 1745368557728,
        "eventId": "38923019285522201847732568368721918678655393590739075076"
    },
    {
        "logStreamName": "2025/04/23/[$LATEST]96fb5bd0c7dd44018edc4277fa23da3f",
        "timestamp": 1745368548855,
        "message": "END RequestId: a0e97a6f-9417-4df9-8312-44058cb12437\n",
        "ingestionTime": 1745368557728,
        "eventId": "38923019285544502592931098991863454396928041952245055493"
    },
    {
        "logStreamName": "2025/04/23/[$LATEST]96fb5bd0c7dd44018edc4277fa23da3f",
        "timestamp": 1745368548855,
        "message": "REPORT RequestId: a0e97a6f-9417-4df9-8312-44058cb12437\tDuration: 348.38 ms\tBilled Duration: 349 ms\tMemory Size: 256 MB\tMax Memory Used: 112 MB\t\n",
        "ingestionTime": 1745368557728,
        "eventId": "38923019285544502592931098991863454396928041952245055494"
    },
    {
        "logStreamName": "2025/04/23/[$LATEST]96fb5bd0c7dd44018edc4277fa23da3f",
        "timestamp": 1745368549005,
        "message": "START RequestId: 8e1dcc92-fac3-45a2-a153-e98642e41010 Version: $LATEST\n",
        "ingestionTime": 1745368557728,
        "eventId": "38923019288889614372710692463093812137825296178142117895"
    },
    {
        "logStreamName": "2025/04/23/[$LATEST]96fb5bd0c7dd44018edc4277fa23da3f",
        "timestamp": 1745368549047,
        "message": "FILE_TRANSFER RequestId: 8e1dcc92-fac3-45a2-a153-e98642e41010\t TransferType: consumed\t Action: download_from_s3\t FileName: tree_ORTHOMCL1100.nexus\t Bucket: denethor\t FilePath: tree/tree_ORTHOMCL1100.nexus\t LocalFilePath: /tmp/tree/tree_ORTHOMCL1100.nexus\t FileSize: 413 bytes\t TransferDuration: 40.827318000083324 ms\n",
        "ingestionTime": 1745368557728,
        "eventId": "38923019289826245671048978635038312305276527361393295368"
    },
    {
        "logStreamName": "2025/04/23/[$LATEST]96fb5bd0c7dd44018edc4277fa23da3f",
        "timestamp": 1745368549061,
        "message": "CONSUMED_FILES_INFO RequestId: 8e1dcc92-fac3-45a2-a153-e98642e41010\t FilesCount: 1 files\t FilesSize: 413 bytes\t TransferDuration: 40.827318000083324 ms\t ConsumedFiles: ['tree_ORTHOMCL1100.nexus']\n",
        "ingestionTime": 1745368557728,
        "eventId": "38923019290138456103828407359019812361093604422477021193"
    },
    {
        "logStreamName": "2025/04/23/[$LATEST]96fb5bd0c7dd44018edc4277fa23da3f",
        "timestamp": 1745368549061,
        "message": "Reading tree file tree_ORTHOMCL1100.nexus\n",
        "ingestionTime": 1745368557728,
        "eventId": "38923019290138456103828407359019812361093604422477021194"
    },
    {
        "logStreamName": "2025/04/23/[$LATEST]96fb5bd0c7dd44018edc4277fa23da3f",
        "timestamp": 1745368549062,
        "message": "Subtree file tree_ORTHOMCL1100_Inner4.nexus was created!\n",
        "ingestionTime": 1745368557728,
        "eventId": "38923019290160756849026937982161348079366252783983001611"
    },
    {
        "logStreamName": "2025/04/23/[$LATEST]96fb5bd0c7dd44018edc4277fa23da3f",
        "timestamp": 1745368549062,
        "message": "Subtree file tree_ORTHOMCL1100_Inner1.nexus was created!\n",
        "ingestionTime": 1745368557728,
        "eventId": "38923019290160756849026937982161348079366252783983001612"
    },
    {
        "logStreamName": "2025/04/23/[$LATEST]96fb5bd0c7dd44018edc4277fa23da3f",
        "timestamp": 1745368549062,
        "message": "Subtree file tree_ORTHOMCL1100_Inner3.nexus was created!\n",
        "ingestionTime": 1745368557728,
        "eventId": "38923019290160756849026937982161348079366252783983001613"
    },
    {
        "logStreamName": "2025/04/23/[$LATEST]96fb5bd0c7dd44018edc4277fa23da3f",
        "timestamp": 1745368549063,
        "message": "Subtree file tree_ORTHOMCL1100_Inner2.nexus was created!\n",
        "ingestionTime": 1745368557728,
        "eventId": "38923019290183057594225468605302883797638901145488982030"
    },
    {
        "logStreamName": "2025/04/23/[$LATEST]96fb5bd0c7dd44018edc4277fa23da3f",
        "timestamp": 1745368549063,
        "message": "Tempo de construção dos arquivos de subárvores de ['tree_ORTHOMCL1100.nexus']: 1.8186229999628267 milissegundos\n",
        "ingestionTime": 1745368557728,
        "eventId": "38923019290183057594225468605302883797638901145488982031"
    },
    {
        "logStreamName": "2025/04/23/[$LATEST]96fb5bd0c7dd44018edc4277fa23da3f",
        "timestamp": 1745368549063,
        "message": "[INFO] 2025-04-23T00:35:49GMT SUBTREE_CONSTRUCTOR RequestId: 8e1dcc92-fac3-45a2-a153-e98642e41010\t Duration: 1.8186229999628267 ms\t InputTree: ['tree_ORTHOMCL1100.nexus']\t OutputSubtrees: ['tree_ORTHOMCL1100_Inner1.nexus', 'tree_ORTHOMCL1100_Inner2.nexus', 'tree_ORTHOMCL1100_Inner3.nexus', 'tree_ORTHOMCL1100_Inner4.nexus']\n",
        "ingestionTime": 1745368557728,
        "eventId": "38923019290183057594225468605302883797638901145488982032"
    },
    {
        "logStreamName": "2025/04/23/[$LATEST]96fb5bd0c7dd44018edc4277fa23da3f",
        "timestamp": 1745368549063,
        "message": "[INFO]\t2025-04-23T00:35:49.063Z\t8e1dcc92-fac3-45a2-a153-e98642e41010\tSUBTREE_CONSTRUCTOR RequestId: 8e1dcc92-fac3-45a2-a153-e98642e41010\t Duration: 1.8186229999628267 ms\t InputTree: ['tree_ORTHOMCL1100.nexus']\t OutputSubtrees: ['tree_ORTHOMCL1100_Inner1.nexus', 'tree_ORTHOMCL1100_Inner2.nexus', 'tree_ORTHOMCL1100_Inner3.nexus', 'tree_ORTHOMCL1100_Inner4.nexus']\n",
        "ingestionTime": 1745368557728,
        "eventId": "38923019290183057594225468605302883797638901145488982033"
    },
    {
        "logStreamName": "2025/04/23/[$LATEST]96fb5bd0c7dd44018edc4277fa23da3f",
        "timestamp": 1745368549201,
        "message": "FILE_TRANSFER RequestId: 8e1dcc92-fac3-45a2-a153-e98642e41010\t TransferType: produced\t Action: upload_to_s3\t FileName: tree_ORTHOMCL1100_Inner1.nexus\t Bucket: denethor\t FilePath: subtree/tree_ORTHOMCL1100_Inner1.nexus\t LocalFilePath: /tmp/subtree/tree_ORTHOMCL1100_Inner1.nexus\t FileSize: 193 bytes\t TransferDuration: 37.72599600006288 ms\n",
        "ingestionTime": 1745368557728,
        "eventId": "38923019293260560431622694598834812919264375033314279442"
    },
    {
        "logStreamName": "2025/04/23/[$LATEST]96fb5bd0c7dd44018edc4277fa23da3f",
        "timestamp": 1745368549253,
        "message": "FILE_TRANSFER RequestId: 8e1dcc92-fac3-45a2-a153-e98642e41010\t TransferType: produced\t Action: upload_to_s3\t FileName: tree_ORTHOMCL1100_Inner2.nexus\t Bucket: denethor\t FilePath: subtree/tree_ORTHOMCL1100_Inner2.nexus\t LocalFilePath: /tmp/subtree/tree_ORTHOMCL1100_Inner2.nexus\t FileSize: 187 bytes\t TransferDuration: 51.870882000002894 ms\n",
        "ingestionTime": 1745368557728,
        "eventId": "38923019294420199181946287002194670269442089831625261075"
    },
    {
        "logStreamName": "2025/04/23/[$LATEST]96fb5bd0c7dd44018edc4277fa23da3f",
        "timestamp": 1745368549291,
        "message": "FILE_TRANSFER RequestId: 8e1dcc92-fac3-45a2-a153-e98642e41010\t TransferType: produced\t Action: upload_to_s3\t FileName: tree_ORTHOMCL1100_Inner3.nexus\t Bucket: denethor\t FilePath: subtree/tree_ORTHOMCL1100_Inner3.nexus\t LocalFilePath: /tmp/subtree/tree_ORTHOMCL1100_Inner3.nexus\t FileSize: 243 bytes\t TransferDuration: 37.848495999924125 ms\n",
        "ingestionTime": 1745368557728,
        "eventId": "38923019295267627499490450681573027563802727568852516884"
    },
    {
        "logStreamName": "2025/04/23/[$LATEST]96fb5bd0c7dd44018edc4277fa23da3f",
        "timestamp": 1745368549336,
        "message": "FILE_TRANSFER RequestId: 8e1dcc92-fac3-45a2-a153-e98642e41010\t TransferType: produced\t Action: upload_to_s3\t FileName: tree_ORTHOMCL1100_Inner4.nexus\t Bucket: denethor\t FilePath: subtree/tree_ORTHOMCL1100_Inner4.nexus\t LocalFilePath: /tmp/subtree/tree_ORTHOMCL1100_Inner4.nexus\t FileSize: 413 bytes\t TransferDuration: 44.97525799979485 ms\n",
        "ingestionTime": 1745368557728,
        "eventId": "38923019296271161033424328722942134886071903836621635605"
    },
    {
        "logStreamName": "2025/04/23/[$LATEST]96fb5bd0c7dd44018edc4277fa23da3f",
        "timestamp": 1745368549336,
        "message": "PRODUCED_FILES_INFO RequestId: 8e1dcc92-fac3-45a2-a153-e98642e41010\t FilesCount: 4 files\t FilesSize: 1036 bytes\t TransferDuration: 172.42063199978475 ms\t Provider: aws_lambda\t  ProducedFiles: ['tree_ORTHOMCL1100_Inner1.nexus', 'tree_ORTHOMCL1100_Inner2.nexus', 'tree_ORTHOMCL1100_Inner3.nexus', 'tree_ORTHOMCL1100_Inner4.nexus']\n",
        "ingestionTime": 1745368557728,
        "eventId": "38923019296271161033424328722942134886071903836621635606"
    },
    {
        "logStreamName": "2025/04/23/[$LATEST]96fb5bd0c7dd44018edc4277fa23da3f",
        "timestamp": 1745368549337,
        "message": "END RequestId: 8e1dcc92-fac3-45a2-a153-e98642e41010\n",
        "ingestionTime": 1745368557728,
        "eventId": "38923019296293461778622859346083670604344552198127616023"
    },
    {
        "logStreamName": "2025/04/23/[$LATEST]96fb5bd0c7dd44018edc4277fa23da3f",
        "timestamp": 1745368549337,
        "message": "REPORT RequestId: 8e1dcc92-fac3-45a2-a153-e98642e41010\tDuration: 331.64 ms\tBilled Duration: 332 ms\tMemory Size: 256 MB\tMax Memory Used: 113 MB\t\n",
        "ingestionTime": 1745368557728,
        "eventId": "38923019296293461778622859346083670604344552198127616024"
    },
    {
        "logStreamName": "2025/04/23/[$LATEST]96fb5bd0c7dd44018edc4277fa23da3f",
        "timestamp": 1745368549536,
        "message": "START RequestId: 855f84f4-cf7e-478e-87eb-ffa837c29120 Version: $LATEST\n",
        "ingestionTime": 1745368557728,
        "eventId": "38923019300731310073130453351249278540601576137817718809"
    },
    {
        "logStreamName": "2025/04/23/[$LATEST]96fb5bd0c7dd44018edc4277fa23da3f",
        "timestamp": 1745368549584,
        "message": "FILE_TRANSFER RequestId: 855f84f4-cf7e-478e-87eb-ffa837c29120\t TransferType: consumed\t Action: download_from_s3\t FileName: tree_ORTHOMCL1146.nexus\t Bucket: denethor\t FilePath: tree/tree_ORTHOMCL1146.nexus\t LocalFilePath: /tmp/tree/tree_ORTHOMCL1146.nexus\t FileSize: 407 bytes\t TransferDuration: 47.10069499992642 ms\n",
        "ingestionTime": 1745368557728,
        "eventId": "38923019301801745842659923262042993017688697490104778778"
    },
    {
        "logStreamName": "2025/04/23/[$LATEST]96fb5bd0c7dd44018edc4277fa23da3f",
        "timestamp": 1745368549584,
        "message": "CONSUMED_FILES_INFO RequestId: 855f84f4-cf7e-478e-87eb-ffa837c29120\t FilesCount: 1 files\t FilesSize: 407 bytes\t TransferDuration: 47.10069499992642 ms\t ConsumedFiles: ['tree_ORTHOMCL1146.nexus']\n",
        "ingestionTime": 1745368557728,
        "eventId": "38923019301801745842659923262042993017688697490104778779"
    },
    {
        "logStreamName": "2025/04/23/[$LATEST]96fb5bd0c7dd44018edc4277fa23da3f",
        "timestamp": 1745368549584,
        "message": "Reading tree file tree_ORTHOMCL1146.nexus\n",
        "ingestionTime": 1745368557728,
        "eventId": "38923019301801745842659923262042993017688697490104778780"
    },
    {
        "logStreamName": "2025/04/23/[$LATEST]96fb5bd0c7dd44018edc4277fa23da3f",
        "timestamp": 1745368549585,
        "message": "Subtree file tree_ORTHOMCL1146_Inner4.nexus was created!\n",
        "ingestionTime": 1745368557728,
        "eventId": "38923019301824046587858453885184528735961345851610759197"
    },
    {
        "logStreamName": "2025/04/23/[$LATEST]96fb5bd0c7dd44018edc4277fa23da3f",
        "timestamp": 1745368549585,
        "message": "Subtree file tree_ORTHOMCL1146_Inner1.nexus was created!\n",
        "ingestionTime": 1745368557728,
        "eventId": "38923019301824046587858453885184528735961345851610759198"
    },
    {
        "logStreamName": "2025/04/23/[$LATEST]96fb5bd0c7dd44018edc4277fa23da3f",
        "timestamp": 1745368549586,
        "message": "Subtree file tree_ORTHOMCL1146_Inner3.nexus was created!\n",
        "ingestionTime": 1745368557728,
        "eventId": "38923019301846347333056984508326064454233994213116739615"
    },
    {
        "logStreamName": "2025/04/23/[$LATEST]96fb5bd0c7dd44018edc4277fa23da3f",
        "timestamp": 1745368549586,
        "message": "Subtree file tree_ORTHOMCL1146_Inner2.nexus was created!\n",
        "ingestionTime": 1745368557728,
        "eventId": "38923019301846347333056984508326064454233994213116739616"
    },
    {
        "logStreamName": "2025/04/23/[$LATEST]96fb5bd0c7dd44018edc4277fa23da3f",
        "timestamp": 1745368549586,
        "message": "Tempo de construção dos arquivos de subárvores de ['tree_ORTHOMCL1146.nexus']: 1.7381030002070474 milissegundos\n",
        "ingestionTime": 1745368557728,
        "eventId": "38923019301846347333056984508326064454233994213116739617"
    },
    {
        "logStreamName": "2025/04/23/[$LATEST]96fb5bd0c7dd44018edc4277fa23da3f",
        "timestamp": 1745368549586,
        "message": "[INFO] 2025-04-23T00:35:49GMT SUBTREE_CONSTRUCTOR RequestId: 855f84f4-cf7e-478e-87eb-ffa837c29120\t Duration: 1.7381030002070474 ms\t InputTree: ['tree_ORTHOMCL1146.nexus']\t OutputSubtrees: ['tree_ORTHOMCL1146_Inner1.nexus', 'tree_ORTHOMCL1146_Inner2.nexus', 'tree_ORTHOMCL1146_Inner3.nexus', 'tree_ORTHOMCL1146_Inner4.nexus']\n",
        "ingestionTime": 1745368557728,
        "eventId": "38923019301846347333056984508326064454233994213116739618"
    },
    {
        "logStreamName": "2025/04/23/[$LATEST]96fb5bd0c7dd44018edc4277fa23da3f",
        "timestamp": 1745368549586,
        "message": "[INFO]\t2025-04-23T00:35:49.586Z\t855f84f4-cf7e-478e-87eb-ffa837c29120\tSUBTREE_CONSTRUCTOR RequestId: 855f84f4-cf7e-478e-87eb-ffa837c29120\t Duration: 1.7381030002070474 ms\t InputTree: ['tree_ORTHOMCL1146.nexus']\t OutputSubtrees: ['tree_ORTHOMCL1146_Inner1.nexus', 'tree_ORTHOMCL1146_Inner2.nexus', 'tree_ORTHOMCL1146_Inner3.nexus', 'tree_ORTHOMCL1146_Inner4.nexus']\n",
        "ingestionTime": 1745368557728,
        "eventId": "38923019301846347333056984508326064454233994213116739619"
    },
    {
        "logStreamName": "2025/04/23/[$LATEST]96fb5bd0c7dd44018edc4277fa23da3f",
        "timestamp": 1745368549728,
        "message": "FILE_TRANSFER RequestId: 855f84f4-cf7e-478e-87eb-ffa837c29120\t TransferType: produced\t Action: upload_to_s3\t FileName: tree_ORTHOMCL1146_Inner1.nexus\t Bucket: denethor\t FilePath: subtree/tree_ORTHOMCL1146_Inner1.nexus\t LocalFilePath: /tmp/subtree/tree_ORTHOMCL1146_Inner1.nexus\t FileSize: 193 bytes\t TransferDuration: 41.416776000005484 ms\n",
        "ingestionTime": 1745368557728,
        "eventId": "38923019305013053151248332994424136448950061546965958692"
    },
    {
        "logStreamName": "2025/04/23/[$LATEST]96fb5bd0c7dd44018edc4277fa23da3f",
        "timestamp": 1745368549762,
        "message": "FILE_TRANSFER RequestId: 855f84f4-cf7e-478e-87eb-ffa837c29120\t TransferType: produced\t Action: upload_to_s3\t FileName: tree_ORTHOMCL1146_Inner2.nexus\t Bucket: denethor\t FilePath: subtree/tree_ORTHOMCL1146_Inner2.nexus\t LocalFilePath: /tmp/subtree/tree_ORTHOMCL1146_Inner2.nexus\t FileSize: 187 bytes\t TransferDuration: 34.19719600015014 ms\n",
        "ingestionTime": 1745368557728,
        "eventId": "38923019305771278487998374181236350870220105838169292837"
    },
    {
        "logStreamName": "2025/04/23/[$LATEST]96fb5bd0c7dd44018edc4277fa23da3f",
        "timestamp": 1745368549813,
        "message": "FILE_TRANSFER RequestId: 855f84f4-cf7e-478e-87eb-ffa837c29120\t TransferType: produced\t Action: upload_to_s3\t FileName: tree_ORTHOMCL1146_Inner3.nexus\t Bucket: denethor\t FilePath: subtree/tree_ORTHOMCL1146_Inner3.nexus\t LocalFilePath: /tmp/subtree/tree_ORTHOMCL1146_Inner3.nexus\t FileSize: 245 bytes\t TransferDuration: 50.91986899992662 ms\n",
        "ingestionTime": 1745368557728,
        "eventId": "38923019306908616493123435961454672502125172274974294054"
    },
    {
        "logStreamName": "2025/04/23/[$LATEST]96fb5bd0c7dd44018edc4277fa23da3f",
        "timestamp": 1745368549865,
        "message": "FILE_TRANSFER RequestId: 855f84f4-cf7e-478e-87eb-ffa837c29120\t TransferType: produced\t Action: upload_to_s3\t FileName: tree_ORTHOMCL1146_Inner4.nexus\t Bucket: denethor\t FilePath: subtree/tree_ORTHOMCL1146_Inner4.nexus\t LocalFilePath: /tmp/subtree/tree_ORTHOMCL1146_Inner4.nexus\t FileSize: 407 bytes\t TransferDuration: 51.91950099992937 ms\n",
        "ingestionTime": 1745368557728,
        "eventId": "38923019308068255243447028364814529852302887073285275687"
    },
    {
        "logStreamName": "2025/04/23/[$LATEST]96fb5bd0c7dd44018edc4277fa23da3f",
        "timestamp": 1745368549865,
        "message": "PRODUCED_FILES_INFO RequestId: 855f84f4-cf7e-478e-87eb-ffa837c29120\t FilesCount: 4 files\t FilesSize: 1032 bytes\t TransferDuration: 178.45334200001162 ms\t Provider: aws_lambda\t  ProducedFiles: ['tree_ORTHOMCL1146_Inner1.nexus', 'tree_ORTHOMCL1146_Inner2.nexus', 'tree_ORTHOMCL1146_Inner3.nexus', 'tree_ORTHOMCL1146_Inner4.nexus']\n",
        "ingestionTime": 1745368557728,
        "eventId": "38923019308068255243447028364814529852302887073285275688"
    },
    {
        "logStreamName": "2025/04/23/[$LATEST]96fb5bd0c7dd44018edc4277fa23da3f",
        "timestamp": 1745368549866,
        "message": "END RequestId: 855f84f4-cf7e-478e-87eb-ffa837c29120\n",
        "ingestionTime": 1745368557728,
        "eventId": "38923019308090555988645558987956065570575535434791256105"
    },
    {
        "logStreamName": "2025/04/23/[$LATEST]96fb5bd0c7dd44018edc4277fa23da3f",
        "timestamp": 1745368549866,
        "message": "REPORT RequestId: 855f84f4-cf7e-478e-87eb-ffa837c29120\tDuration: 329.94 ms\tBilled Duration: 330 ms\tMemory Size: 256 MB\tMax Memory Used: 113 MB\t\n",
        "ingestionTime": 1745368557728,
        "eventId": "38923019308090555988645558987956065570575535434791256106"
    },
    {
        "logStreamName": "2025/04/23/[$LATEST]96fb5bd0c7dd44018edc4277fa23da3f",
        "timestamp": 1745368550063,
        "message": "START RequestId: 1fc20d20-b167-4494-b11d-702886f2760b Version: $LATEST\n",
        "ingestionTime": 1745368557728,
        "eventId": "38923019312483802792756091746838602070287262651469398059"
    },
    {
        "logStreamName": "2025/04/23/[$LATEST]96fb5bd0c7dd44018edc4277fa23da3f",
        "timestamp": 1745368550107,
        "message": "FILE_TRANSFER RequestId: 1fc20d20-b167-4494-b11d-702886f2760b\t TransferType: consumed\t Action: download_from_s3\t FileName: tree_ORTHOMCL1370.nexus\t Bucket: denethor\t FilePath: tree/tree_ORTHOMCL1370.nexus\t LocalFilePath: /tmp/tree/tree_ORTHOMCL1370.nexus\t FileSize: 349 bytes\t TransferDuration: 43.13215100000889 ms\n",
        "ingestionTime": 1745368557728,
        "eventId": "38923019313465035581491439165066173674283790557732536364"
    },
    {
        "logStreamName": "2025/04/23/[$LATEST]96fb5bd0c7dd44018edc4277fa23da3f",
        "timestamp": 1745368550107,
        "message": "CONSUMED_FILES_INFO RequestId: 1fc20d20-b167-4494-b11d-702886f2760b\t FilesCount: 1 files\t FilesSize: 349 bytes\t TransferDuration: 43.13215100000889 ms\t ConsumedFiles: ['tree_ORTHOMCL1370.nexus']\n",
        "ingestionTime": 1745368557728,
        "eventId": "38923019313465035581491439165066173674283790557732536365"
    },
    {
        "logStreamName": "2025/04/23/[$LATEST]96fb5bd0c7dd44018edc4277fa23da3f",
        "timestamp": 1745368550107,
        "message": "Reading tree file tree_ORTHOMCL1370.nexus\n",
        "ingestionTime": 1745368557728,
        "eventId": "38923019313465035581491439165066173674283790557732536366"
    },
    {
        "logStreamName": "2025/04/23/[$LATEST]96fb5bd0c7dd44018edc4277fa23da3f",
        "timestamp": 1745368550108,
        "message": "Subtree file tree_ORTHOMCL1370_Inner3.nexus was created!\n",
        "ingestionTime": 1745368557728,
        "eventId": "38923019313487336326689969788207709392556438919238516783"
    },
    {
        "logStreamName": "2025/04/23/[$LATEST]96fb5bd0c7dd44018edc4277fa23da3f",
        "timestamp": 1745368550108,
        "message": "Subtree file tree_ORTHOMCL1370_Inner1.nexus was created!\n",
        "ingestionTime": 1745368557728,
        "eventId": "38923019313487336326689969788207709392556438919238516784"
    },
    {
        "logStreamName": "2025/04/23/[$LATEST]96fb5bd0c7dd44018edc4277fa23da3f",
        "timestamp": 1745368550109,
        "message": "Subtree file tree_ORTHOMCL1370_Inner2.nexus was created!\n",
        "ingestionTime": 1745368557728,
        "eventId": "38923019313509637071888500411349245110829087280744497201"
    },
    {
        "logStreamName": "2025/04/23/[$LATEST]96fb5bd0c7dd44018edc4277fa23da3f",
        "timestamp": 1745368550109,
        "message": "Tempo de construção dos arquivos de subárvores de ['tree_ORTHOMCL1370.nexus']: 1.3741130001108104 milissegundos\n",
        "ingestionTime": 1745368557728,
        "eventId": "38923019313509637071888500411349245110829087280744497202"
    },
    {
        "logStreamName": "2025/04/23/[$LATEST]96fb5bd0c7dd44018edc4277fa23da3f",
        "timestamp": 1745368550121,
        "message": "[INFO] 2025-04-23T00:35:50GMT SUBTREE_CONSTRUCTOR RequestId: 1fc20d20-b167-4494-b11d-702886f2760b\t Duration: 1.3741130001108104 ms\t InputTree: ['tree_ORTHOMCL1370.nexus']\t OutputSubtrees: ['tree_ORTHOMCL1370_Inner1.nexus', 'tree_ORTHOMCL1370_Inner2.nexus', 'tree_ORTHOMCL1370_Inner3.nexus']\n",
        "ingestionTime": 1745368557728,
        "eventId": "38923019313777246014270867889047673730100867618816262195"
    },
    {
        "logStreamName": "2025/04/23/[$LATEST]96fb5bd0c7dd44018edc4277fa23da3f",
        "timestamp": 1745368550121,
        "message": "[INFO]\t2025-04-23T00:35:50.109Z\t1fc20d20-b167-4494-b11d-702886f2760b\tSUBTREE_CONSTRUCTOR RequestId: 1fc20d20-b167-4494-b11d-702886f2760b\t Duration: 1.3741130001108104 ms\t InputTree: ['tree_ORTHOMCL1370.nexus']\t OutputSubtrees: ['tree_ORTHOMCL1370_Inner1.nexus', 'tree_ORTHOMCL1370_Inner2.nexus', 'tree_ORTHOMCL1370_Inner3.nexus']\n",
        "ingestionTime": 1745368557728,
        "eventId": "38923019313777246014270867889047673730100867618816262196"
    },
    {
        "logStreamName": "2025/04/23/[$LATEST]96fb5bd0c7dd44018edc4277fa23da3f",
        "timestamp": 1745368550275,
        "message": "FILE_TRANSFER RequestId: 1fc20d20-b167-4494-b11d-702886f2760b\t TransferType: produced\t Action: upload_to_s3\t FileName: tree_ORTHOMCL1370_Inner1.nexus\t Bucket: denethor\t FilePath: subtree/tree_ORTHOMCL1370_Inner1.nexus\t LocalFilePath: /tmp/subtree/tree_ORTHOMCL1370_Inner1.nexus\t FileSize: 185 bytes\t TransferDuration: 53.309859000137294 ms\n",
        "ingestionTime": 1745368557728,
        "eventId": "38923019317211560774844583852844174344088715290737246261"
    },
    {
        "logStreamName": "2025/04/23/[$LATEST]96fb5bd0c7dd44018edc4277fa23da3f",
        "timestamp": 1745368550316,
        "message": "FILE_TRANSFER RequestId: 1fc20d20-b167-4494-b11d-702886f2760b\t TransferType: produced\t Action: upload_to_s3\t FileName: tree_ORTHOMCL1370_Inner2.nexus\t Bucket: denethor\t FilePath: subtree/tree_ORTHOMCL1370_Inner2.nexus\t LocalFilePath: /tmp/subtree/tree_ORTHOMCL1370_Inner2.nexus\t FileSize: 187 bytes\t TransferDuration: 41.52111000007608 ms\n",
        "ingestionTime": 1745368557728,
        "eventId": "38923019318125891327984339401647138793267298112482443318"
    },
    {
        "logStreamName": "2025/04/23/[$LATEST]96fb5bd0c7dd44018edc4277fa23da3f",
        "timestamp": 1745368550364,
        "message": "FILE_TRANSFER RequestId: 1fc20d20-b167-4494-b11d-702886f2760b\t TransferType: produced\t Action: upload_to_s3\t FileName: tree_ORTHOMCL1370_Inner3.nexus\t Bucket: denethor\t FilePath: subtree/tree_ORTHOMCL1370_Inner3.nexus\t LocalFilePath: /tmp/subtree/tree_ORTHOMCL1370_Inner3.nexus\t FileSize: 349 bytes\t TransferDuration: 48.13947999991797 ms\n",
        "ingestionTime": 1745368557728,
        "eventId": "38923019319196327097513809312440853270354419464769503287"
    },
    {
        "logStreamName": "2025/04/23/[$LATEST]96fb5bd0c7dd44018edc4277fa23da3f",
        "timestamp": 1745368550365,
        "message": "PRODUCED_FILES_INFO RequestId: 1fc20d20-b167-4494-b11d-702886f2760b\t FilesCount: 3 files\t FilesSize: 721 bytes\t TransferDuration: 142.97044900013134 ms\t Provider: aws_lambda\t  ProducedFiles: ['tree_ORTHOMCL1370_Inner1.nexus', 'tree_ORTHOMCL1370_Inner2.nexus', 'tree_ORTHOMCL1370_Inner3.nexus']\n",
        "ingestionTime": 1745368557728,
        "eventId": "38923019319218627842712339935582388988627067826275483704"
    },
    {
        "logStreamName": "2025/04/23/[$LATEST]96fb5bd0c7dd44018edc4277fa23da3f",
        "timestamp": 1745368550366,
        "message": "END RequestId: 1fc20d20-b167-4494-b11d-702886f2760b\n",
        "ingestionTime": 1745368557728,
        "eventId": "38923019319240928587910870558723924706899716187781464121"
    },
    {
        "logStreamName": "2025/04/23/[$LATEST]96fb5bd0c7dd44018edc4277fa23da3f",
        "timestamp": 1745368550366,
        "message": "REPORT RequestId: 1fc20d20-b167-4494-b11d-702886f2760b\tDuration: 302.18 ms\tBilled Duration: 303 ms\tMemory Size: 256 MB\tMax Memory Used: 113 MB\t\n",
        "ingestionTime": 1745368557728,
        "eventId": "38923019319240928587910870558723924706899716187781464122"
    },
    {
        "logStreamName": "2025/04/23/[$LATEST]96fb5bd0c7dd44018edc4277fa23da3f",
        "timestamp": 1745368550551,
        "message": "START RequestId: 410ecbc2-e8f6-47bf-b623-79d4efb460b9 Version: $LATEST\n",
        "ingestionTime": 1745368557728,
        "eventId": "38923019323366566449639035839908032587339663066387841083"
    },
    {
        "logStreamName": "2025/04/23/[$LATEST]96fb5bd0c7dd44018edc4277fa23da3f",
        "timestamp": 1745368550592,
        "message": "FILE_TRANSFER RequestId: 410ecbc2-e8f6-47bf-b623-79d4efb460b9\t TransferType: consumed\t Action: download_from_s3\t FileName: tree_ORTHOMCL1809.nexus\t Bucket: denethor\t FilePath: tree/tree_ORTHOMCL1809.nexus\t LocalFilePath: /tmp/tree/tree_ORTHOMCL1809.nexus\t FileSize: 339 bytes\t TransferDuration: 40.13263499996356 ms\n",
        "ingestionTime": 1745368557728,
        "eventId": "38923019324280897002778791388710997036518245888133038140"
    },
    {
        "logStreamName": "2025/04/23/[$LATEST]96fb5bd0c7dd44018edc4277fa23da3f",
        "timestamp": 1745368550601,
        "message": "CONSUMED_FILES_INFO RequestId: 410ecbc2-e8f6-47bf-b623-79d4efb460b9\t FilesCount: 1 files\t FilesSize: 339 bytes\t TransferDuration: 40.13263499996356 ms\t ConsumedFiles: ['tree_ORTHOMCL1809.nexus']\n",
        "ingestionTime": 1745368557728,
        "eventId": "38923019324481603709565566996984818500972081141686861885"
    },
    {
        "logStreamName": "2025/04/23/[$LATEST]96fb5bd0c7dd44018edc4277fa23da3f",
        "timestamp": 1745368550601,
        "message": "Reading tree file tree_ORTHOMCL1809.nexus\n",
        "ingestionTime": 1745368557728,
        "eventId": "38923019324481603709565566996984818500972081141686861886"
    },
    {
        "logStreamName": "2025/04/23/[$LATEST]96fb5bd0c7dd44018edc4277fa23da3f",
        "timestamp": 1745368550602,
        "message": "Subtree file tree_ORTHOMCL1809_Inner3.nexus was created!\n",
        "ingestionTime": 1745368557728,
        "eventId": "38923019324503904454764097620126354219244729503192842303"
    },
    {
        "logStreamName": "2025/04/23/[$LATEST]96fb5bd0c7dd44018edc4277fa23da3f",
        "timestamp": 1745368550602,
        "message": "Subtree file tree_ORTHOMCL1809_Inner2.nexus was created!\n",
        "ingestionTime": 1745368557728,
        "eventId": "38923019324503904454764097620126354219244729503192842304"
    },
    {
        "logStreamName": "2025/04/23/[$LATEST]96fb5bd0c7dd44018edc4277fa23da3f",
        "timestamp": 1745368550602,
        "message": "Subtree file tree_ORTHOMCL1809_Inner1.nexus was created!\n",
        "ingestionTime": 1745368557728,
        "eventId": "38923019324503904454764097620126354219244729503192842305"
    },
    {
        "logStreamName": "2025/04/23/[$LATEST]96fb5bd0c7dd44018edc4277fa23da3f",
        "timestamp": 1745368550602,
        "message": "Tempo de construção dos arquivos de subárvores de ['tree_ORTHOMCL1809.nexus']: 1.564476000112336 milissegundos\n",
        "ingestionTime": 1745368557728,
        "eventId": "38923019324503904454764097620126354219244729503192842306"
    },
    {
        "logStreamName": "2025/04/23/[$LATEST]96fb5bd0c7dd44018edc4277fa23da3f",
        "timestamp": 1745368550603,
        "message": "[INFO] 2025-04-23T00:35:50GMT SUBTREE_CONSTRUCTOR RequestId: 410ecbc2-e8f6-47bf-b623-79d4efb460b9\t Duration: 1.564476000112336 ms\t InputTree: ['tree_ORTHOMCL1809.nexus']\t OutputSubtrees: ['tree_ORTHOMCL1809_Inner1.nexus', 'tree_ORTHOMCL1809_Inner2.nexus', 'tree_ORTHOMCL1809_Inner3.nexus']\n",
        "ingestionTime": 1745368557728,
        "eventId": "38923019324526205199962628243267889937517377864698822723"
    },
    {
        "logStreamName": "2025/04/23/[$LATEST]96fb5bd0c7dd44018edc4277fa23da3f",
        "timestamp": 1745368550603,
        "message": "[INFO]\t2025-04-23T00:35:50.602Z\t410ecbc2-e8f6-47bf-b623-79d4efb460b9\tSUBTREE_CONSTRUCTOR RequestId: 410ecbc2-e8f6-47bf-b623-79d4efb460b9\t Duration: 1.564476000112336 ms\t InputTree: ['tree_ORTHOMCL1809.nexus']\t OutputSubtrees: ['tree_ORTHOMCL1809_Inner1.nexus', 'tree_ORTHOMCL1809_Inner2.nexus', 'tree_ORTHOMCL1809_Inner3.nexus']\n",
        "ingestionTime": 1745368557728,
        "eventId": "38923019324526205199962628243267889937517377864698822724"
    },
    {
        "logStreamName": "2025/04/23/[$LATEST]96fb5bd0c7dd44018edc4277fa23da3f",
        "timestamp": 1745368550744,
        "message": "FILE_TRANSFER RequestId: 410ecbc2-e8f6-47bf-b623-79d4efb460b9\t TransferType: produced\t Action: upload_to_s3\t FileName: tree_ORTHOMCL1809_Inner1.nexus\t Bucket: denethor\t FilePath: subtree/tree_ORTHOMCL1809_Inner1.nexus\t LocalFilePath: /tmp/subtree/tree_ORTHOMCL1809_Inner1.nexus\t FileSize: 185 bytes\t TransferDuration: 41.23644200012677 ms\n",
        "ingestionTime": 1745368557728,
        "eventId": "38923019327670610272955446106224426213960796837042061381"
    },
    {
        "logStreamName": "2025/04/23/[$LATEST]96fb5bd0c7dd44018edc4277fa23da3f",
        "timestamp": 1745368550802,
        "message": "FILE_TRANSFER RequestId: 410ecbc2-e8f6-47bf-b623-79d4efb460b9\t TransferType: produced\t Action: upload_to_s3\t FileName: tree_ORTHOMCL1809_Inner2.nexus\t Bucket: denethor\t FilePath: subtree/tree_ORTHOMCL1809_Inner2.nexus\t LocalFilePath: /tmp/subtree/tree_ORTHOMCL1809_Inner2.nexus\t FileSize: 241 bytes\t TransferDuration: 57.697804999861546 ms\n",
        "ingestionTime": 1745368557728,
        "eventId": "38923019328964053494470222248433497873774401804388925510"
    },
    {
        "logStreamName": "2025/04/23/[$LATEST]96fb5bd0c7dd44018edc4277fa23da3f",
        "timestamp": 1745368550853,
        "message": "FILE_TRANSFER RequestId: 410ecbc2-e8f6-47bf-b623-79d4efb460b9\t TransferType: produced\t Action: upload_to_s3\t FileName: tree_ORTHOMCL1809_Inner3.nexus\t Bucket: denethor\t FilePath: subtree/tree_ORTHOMCL1809_Inner3.nexus\t LocalFilePath: /tmp/subtree/tree_ORTHOMCL1809_Inner3.nexus\t FileSize: 339 bytes\t TransferDuration: 51.46516900003917 ms\n",
        "ingestionTime": 1745368557728,
        "eventId": "38923019330101391499595284028651819505679468241193926727"
    },
    {
        "logStreamName": "2025/04/23/[$LATEST]96fb5bd0c7dd44018edc4277fa23da3f",
        "timestamp": 1745368550854,
        "message": "PRODUCED_FILES_INFO RequestId: 410ecbc2-e8f6-47bf-b623-79d4efb460b9\t FilesCount: 3 files\t FilesSize: 765 bytes\t TransferDuration: 150.3994160000275 ms\t Provider: aws_lambda\t  ProducedFiles: ['tree_ORTHOMCL1809_Inner1.nexus', 'tree_ORTHOMCL1809_Inner2.nexus', 'tree_ORTHOMCL1809_Inner3.nexus']\n",
        "ingestionTime": 1745368557728,
        "eventId": "38923019330123692244793814651793355223952116602699907144"
    },
    {
        "logStreamName": "2025/04/23/[$LATEST]96fb5bd0c7dd44018edc4277fa23da3f",
        "timestamp": 1745368550855,
        "message": "END RequestId: 410ecbc2-e8f6-47bf-b623-79d4efb460b9\n",
        "ingestionTime": 1745368557728,
        "eventId": "38923019330145992989992345274934890942224764964205887561"
    },
    {
        "logStreamName": "2025/04/23/[$LATEST]96fb5bd0c7dd44018edc4277fa23da3f",
        "timestamp": 1745368550855,
        "message": "REPORT RequestId: 410ecbc2-e8f6-47bf-b623-79d4efb460b9\tDuration: 303.33 ms\tBilled Duration: 304 ms\tMemory Size: 256 MB\tMax Memory Used: 113 MB\t\n",
        "ingestionTime": 1745368557728,
        "eventId": "38923019330145992989992345274934890942224764964205887562"
    },
    {
        "logStreamName": "2025/04/23/[$LATEST]96fb5bd0c7dd44018edc4277fa23da3f",
        "timestamp": 1745368551078,
        "message": "START RequestId: 03cee9d1-0166-4e8a-8d66-505458f8bb7b Version: $LATEST\n",
        "ingestionTime": 1745368557728,
        "eventId": "38923019335119059169264674235497356117025349580039520331"
    },
    {
        "logStreamName": "2025/04/23/[$LATEST]96fb5bd0c7dd44018edc4277fa23da3f",
        "timestamp": 1745368551121,
        "message": "FILE_TRANSFER RequestId: 03cee9d1-0166-4e8a-8d66-505458f8bb7b\t TransferType: consumed\t Action: download_from_s3\t FileName: tree_ORTHOMCL1869.nexus\t Bucket: denethor\t FilePath: tree/tree_ORTHOMCL1869.nexus\t LocalFilePath: /tmp/tree/tree_ORTHOMCL1869.nexus\t FileSize: 339 bytes\t TransferDuration: 42.80794099986451 ms\n",
        "ingestionTime": 1745368557728,
        "eventId": "38923019336077991212801491030583392002749229124796678220"
    },
    {
        "logStreamName": "2025/04/23/[$LATEST]96fb5bd0c7dd44018edc4277fa23da3f",
        "timestamp": 1745368551121,
        "message": "CONSUMED_FILES_INFO RequestId: 03cee9d1-0166-4e8a-8d66-505458f8bb7b\t FilesCount: 1 files\t FilesSize: 339 bytes\t TransferDuration: 42.80794099986451 ms\t ConsumedFiles: ['tree_ORTHOMCL1869.nexus']\n",
        "ingestionTime": 1745368557728,
        "eventId": "38923019336077991212801491030583392002749229124796678221"
    },
    {
        "logStreamName": "2025/04/23/[$LATEST]96fb5bd0c7dd44018edc4277fa23da3f",
        "timestamp": 1745368551121,
        "message": "Reading tree file tree_ORTHOMCL1869.nexus\n",
        "ingestionTime": 1745368557728,
        "eventId": "38923019336077991212801491030583392002749229124796678222"
    },
    {
        "logStreamName": "2025/04/23/[$LATEST]96fb5bd0c7dd44018edc4277fa23da3f",
        "timestamp": 1745368551122,
        "message": "Subtree file tree_ORTHOMCL1869_Inner3.nexus was created!\n",
        "ingestionTime": 1745368557728,
        "eventId": "38923019336100291958000021653724927721021877486302658639"
    },
    {
        "logStreamName": "2025/04/23/[$LATEST]96fb5bd0c7dd44018edc4277fa23da3f",
        "timestamp": 1745368551122,
        "message": "Subtree file tree_ORTHOMCL1869_Inner2.nexus was created!\n",
        "ingestionTime": 1745368557728,
        "eventId": "38923019336100291958000021653724927721021877486302658640"
    },
    {
        "logStreamName": "2025/04/23/[$LATEST]96fb5bd0c7dd44018edc4277fa23da3f",
        "timestamp": 1745368551122,
        "message": "Subtree file tree_ORTHOMCL1869_Inner1.nexus was created!\n",
        "ingestionTime": 1745368557728,
        "eventId": "38923019336100291958000021653724927721021877486302658641"
    },
    {
        "logStreamName": "2025/04/23/[$LATEST]96fb5bd0c7dd44018edc4277fa23da3f",
        "timestamp": 1745368551122,
        "message": "Tempo de construção dos arquivos de subárvores de ['tree_ORTHOMCL1869.nexus']: 1.3709240001844591 milissegundos\n",
        "ingestionTime": 1745368557728,
        "eventId": "38923019336100291958000021653724927721021877486302658642"
    },
    {
        "logStreamName": "2025/04/23/[$LATEST]96fb5bd0c7dd44018edc4277fa23da3f",
        "timestamp": 1745368551123,
        "message": "[INFO] 2025-04-23T00:35:51GMT SUBTREE_CONSTRUCTOR RequestId: 03cee9d1-0166-4e8a-8d66-505458f8bb7b\t Duration: 1.3709240001844591 ms\t InputTree: ['tree_ORTHOMCL1869.nexus']\t OutputSubtrees: ['tree_ORTHOMCL1869_Inner1.nexus', 'tree_ORTHOMCL1869_Inner2.nexus', 'tree_ORTHOMCL1869_Inner3.nexus']\n",
        "ingestionTime": 1745368557728,
        "eventId": "38923019336122592703198552276866463439294525847808639059"
    },
    {
        "logStreamName": "2025/04/23/[$LATEST]96fb5bd0c7dd44018edc4277fa23da3f",
        "timestamp": 1745368551123,
        "message": "[INFO]\t2025-04-23T00:35:51.122Z\t03cee9d1-0166-4e8a-8d66-505458f8bb7b\tSUBTREE_CONSTRUCTOR RequestId: 03cee9d1-0166-4e8a-8d66-505458f8bb7b\t Duration: 1.3709240001844591 ms\t InputTree: ['tree_ORTHOMCL1869.nexus']\t OutputSubtrees: ['tree_ORTHOMCL1869_Inner1.nexus', 'tree_ORTHOMCL1869_Inner2.nexus', 'tree_ORTHOMCL1869_Inner3.nexus']\n",
        "ingestionTime": 1745368557728,
        "eventId": "38923019336122592703198552276866463439294525847808639060"
    },
    {
        "logStreamName": "2025/04/23/[$LATEST]96fb5bd0c7dd44018edc4277fa23da3f",
        "timestamp": 1745368551264,
        "message": "FILE_TRANSFER RequestId: 03cee9d1-0166-4e8a-8d66-505458f8bb7b\t TransferType: produced\t Action: upload_to_s3\t FileName: tree_ORTHOMCL1869_Inner1.nexus\t Bucket: denethor\t FilePath: subtree/tree_ORTHOMCL1869_Inner1.nexus\t LocalFilePath: /tmp/subtree/tree_ORTHOMCL1869_Inner1.nexus\t FileSize: 185 bytes\t TransferDuration: 41.103025000211346 ms\n",
        "ingestionTime": 1745368557728,
        "eventId": "38923019339266997776191370139822999715737944820151877717"
    },
    {
        "logStreamName": "2025/04/23/[$LATEST]96fb5bd0c7dd44018edc4277fa23da3f",
        "timestamp": 1745368551312,
        "message": "FILE_TRANSFER RequestId: 03cee9d1-0166-4e8a-8d66-505458f8bb7b\t TransferType: produced\t Action: upload_to_s3\t FileName: tree_ORTHOMCL1869_Inner2.nexus\t Bucket: denethor\t FilePath: subtree/tree_ORTHOMCL1869_Inner2.nexus\t LocalFilePath: /tmp/subtree/tree_ORTHOMCL1869_Inner2.nexus\t FileSize: 185 bytes\t TransferDuration: 47.43526900006145 ms\n",
        "ingestionTime": 1745368557728,
        "eventId": "38923019340337433545720840050616714192825066172438937686"
    },
    {
        "logStreamName": "2025/04/23/[$LATEST]96fb5bd0c7dd44018edc4277fa23da3f",
        "timestamp": 1745368551350,
        "message": "FILE_TRANSFER RequestId: 03cee9d1-0166-4e8a-8d66-505458f8bb7b\t TransferType: produced\t Action: upload_to_s3\t FileName: tree_ORTHOMCL1869_Inner3.nexus\t Bucket: denethor\t FilePath: subtree/tree_ORTHOMCL1869_Inner3.nexus\t LocalFilePath: /tmp/subtree/tree_ORTHOMCL1869_Inner3.nexus\t FileSize: 339 bytes\t TransferDuration: 38.59054300005482 ms\n",
        "ingestionTime": 1745368557728,
        "eventId": "38923019341184861863265003729995071487185703909666193495"
    },
    {
        "logStreamName": "2025/04/23/[$LATEST]96fb5bd0c7dd44018edc4277fa23da3f",
        "timestamp": 1745368551351,
        "message": "PRODUCED_FILES_INFO RequestId: 03cee9d1-0166-4e8a-8d66-505458f8bb7b\t FilesCount: 3 files\t FilesSize: 709 bytes\t TransferDuration: 127.12883700032762 ms\t Provider: aws_lambda\t  ProducedFiles: ['tree_ORTHOMCL1869_Inner1.nexus', 'tree_ORTHOMCL1869_Inner2.nexus', 'tree_ORTHOMCL1869_Inner3.nexus']\n",
        "ingestionTime": 1745368557728,
        "eventId": "38923019341207162608463534353136607205458352271172173912"
    },
    {
        "logStreamName": "2025/04/23/[$LATEST]96fb5bd0c7dd44018edc4277fa23da3f",
        "timestamp": 1745368551352,
        "message": "END RequestId: 03cee9d1-0166-4e8a-8d66-505458f8bb7b\n",
        "ingestionTime": 1745368557728,
        "eventId": "38923019341229463353662064976278142923731000632678154329"
    },
    {
        "logStreamName": "2025/04/23/[$LATEST]96fb5bd0c7dd44018edc4277fa23da3f",
        "timestamp": 1745368551352,
        "message": "REPORT RequestId: 03cee9d1-0166-4e8a-8d66-505458f8bb7b\tDuration: 273.96 ms\tBilled Duration: 274 ms\tMemory Size: 256 MB\tMax Memory Used: 113 MB\t\n",
        "ingestionTime": 1745368557728,
        "eventId": "38923019341229463353662064976278142923731000632678154330"
    }
]