[
    {
        "logStreamName": "2025/04/24/[$LATEST]2dd51813e88343849b762a29ded6dbc2",
        "timestamp": 1745464270248,
        "message": "INIT_START Runtime Version: python:3.10.v64\tRuntime Version ARN: arn:aws:lambda:sa-east-1::runtime:d56bdc8857b2109a058de2ab50bfb80ac2aa600be6f7855a436859944e5fe54b\n",
        "ingestionTime": 1745464279340,
        "eventId": "38925153943939844005731480547303867352360303205063655424"
    },
    {
        "logStreamName": "2025/04/24/[$LATEST]2dd51813e88343849b762a29ded6dbc2",
        "timestamp": 1745464271048,
        "message": "START RequestId: fc9ee7b1-a9f6-492c-a008-dab568f01c84 Version: $LATEST\n",
        "ingestionTime": 1745464279340,
        "eventId": "38925153961780440164555979060532441970478992409847988225"
    },
    {
        "logStreamName": "2025/04/24/[$LATEST]2dd51813e88343849b762a29ded6dbc2",
        "timestamp": 1745464271104,
        "message": "Directory /tmp/mafdb was created!\n",
        "ingestionTime": 1745464279340,
        "eventId": "38925153963029281895673693956458442193747300654182891522"
    },
    {
        "logStreamName": "2025/04/24/[$LATEST]2dd51813e88343849b762a29ded6dbc2",
        "timestamp": 1745464271462,
        "message": "FILE_TRANSFER RequestId: fc9ee7b1-a9f6-492c-a008-dab568f01c84\t TransferType: consumed\t Action: download_from_s3\t FileName: mafdb_c451a256436a5fc45a562eaf2fead8dd42917b32894e636d2b705f5405224a88.json\t Bucket: denethor\t FilePath: mafdb/mafdb_c451a256436a5fc45a562eaf2fead8dd42917b32894e636d2b705f5405224a88.json\t LocalFilePath: /tmp/mafdb/mafdb_c451a256436a5fc45a562eaf2fead8dd42917b32894e636d2b705f5405224a88.json\t FileSize: 355 bytes\t TransferDuration: 357.3846900000035 ms\n",
        "ingestionTime": 1745464279340,
        "eventId": "38925153971012948676747657041128229335355414073323880451"
    },
    {
        "logStreamName": "2025/04/24/[$LATEST]2dd51813e88343849b762a29ded6dbc2",
        "timestamp": 1745464271582,
        "message": "FILE_TRANSFER RequestId: fc9ee7b1-a9f6-492c-a008-dab568f01c84\t TransferType: consumed\t Action: download_from_s3\t FileName: mafdb_7511017a4e93687a5be47b55aa4c08eff48c283a8153f5e070747057ad693f80.json\t Bucket: denethor\t FilePath: mafdb/mafdb_7511017a4e93687a5be47b55aa4c08eff48c283a8153f5e070747057ad693f80.json\t LocalFilePath: /tmp/mafdb/mafdb_7511017a4e93687a5be47b55aa4c08eff48c283a8153f5e070747057ad693f80.json\t FileSize: 314 bytes\t TransferDuration: 119.89432100000386 ms\n",
        "ingestionTime": 1745464279340,
        "eventId": "38925153973689038100571331818112515528073217454041530372"
    },
    {
        "logStreamName": "2025/04/24/[$LATEST]2dd51813e88343849b762a29ded6dbc2",
        "timestamp": 1745464271722,
        "message": "FILE_TRANSFER RequestId: fc9ee7b1-a9f6-492c-a008-dab568f01c84\t TransferType: consumed\t Action: download_from_s3\t FileName: mafdb_3891ae3bc299950ca7a78c4d495828659f2cb320e0641ad8c6bfc4ced2d8e2b0.json\t Bucket: denethor\t FilePath: mafdb/mafdb_3891ae3bc299950ca7a78c4d495828659f2cb320e0641ad8c6bfc4ced2d8e2b0.json\t LocalFilePath: /tmp/mafdb/mafdb_3891ae3bc299950ca7a78c4d495828659f2cb320e0641ad8c6bfc4ced2d8e2b0.json\t FileSize: 355 bytes\t TransferDuration: 140.01038599997173 ms\n",
        "ingestionTime": 1745464279340,
        "eventId": "38925153976811142428365619057927516086243988064878788613"
    },
    {
        "logStreamName": "2025/04/24/[$LATEST]2dd51813e88343849b762a29ded6dbc2",
        "timestamp": 1745464271842,
        "message": "FILE_TRANSFER RequestId: fc9ee7b1-a9f6-492c-a008-dab568f01c84\t TransferType: consumed\t Action: download_from_s3\t FileName: mafdb_bdf7b87e05be228017da27afd5fd158ebe4fcf138008526635b8bcdbe380f328.json\t Bucket: denethor\t FilePath: mafdb/mafdb_bdf7b87e05be228017da27afd5fd158ebe4fcf138008526635b8bcdbe380f328.json\t LocalFilePath: /tmp/mafdb/mafdb_bdf7b87e05be228017da27afd5fd158ebe4fcf138008526635b8bcdbe380f328.json\t FileSize: 273 bytes\t TransferDuration: 119.81185999997024 ms\n",
        "ingestionTime": 1745464279340,
        "eventId": "38925153979487231852189293834911802278961791445596438534"
    },
    {
        "logStreamName": "2025/04/24/[$LATEST]2dd51813e88343849b762a29ded6dbc2",
        "timestamp": 1745464271962,
        "message": "FILE_TRANSFER RequestId: fc9ee7b1-a9f6-492c-a008-dab568f01c84\t TransferType: consumed\t Action: download_from_s3\t FileName: mafdb_49ad0997fa75ff9233f44bffe4f6033aaaf8676ed8f4cbac92057d25395497e6.json\t Bucket: denethor\t FilePath: mafdb/mafdb_49ad0997fa75ff9233f44bffe4f6033aaaf8676ed8f4cbac92057d25395497e6.json\t LocalFilePath: /tmp/mafdb/mafdb_49ad0997fa75ff9233f44bffe4f6033aaaf8676ed8f4cbac92057d25395497e6.json\t FileSize: 273 bytes\t TransferDuration: 119.86928000004582 ms\n",
        "ingestionTime": 1745464279340,
        "eventId": "38925153982163321276012968611896088471679594826314088455"
    },
    {
        "logStreamName": "2025/04/24/[$LATEST]2dd51813e88343849b762a29ded6dbc2",
        "timestamp": 1745464272082,
        "message": "FILE_TRANSFER RequestId: fc9ee7b1-a9f6-492c-a008-dab568f01c84\t TransferType: consumed\t Action: download_from_s3\t FileName: mafdb_e7f2f9266538f691bae81aa42aeb881fcfc1833e62d05d9141e808a0cb0095fa.json\t Bucket: denethor\t FilePath: mafdb/mafdb_e7f2f9266538f691bae81aa42aeb881fcfc1833e62d05d9141e808a0cb0095fa.json\t LocalFilePath: /tmp/mafdb/mafdb_e7f2f9266538f691bae81aa42aeb881fcfc1833e62d05d9141e808a0cb0095fa.json\t FileSize: 273 bytes\t TransferDuration: 119.91914099996848 ms\n",
        "ingestionTime": 1745464279340,
        "eventId": "38925153984839410699836643388880374664397398207031738376"
    },
    {
        "logStreamName": "2025/04/24/[$LATEST]2dd51813e88343849b762a29ded6dbc2",
        "timestamp": 1745464272202,
        "message": "FILE_TRANSFER RequestId: fc9ee7b1-a9f6-492c-a008-dab568f01c84\t TransferType: consumed\t Action: download_from_s3\t FileName: mafdb_f6c9786df6a492206e55eb3d3911d34dbd753bfef23be22d8635d72135a7fbc7.json\t Bucket: denethor\t FilePath: mafdb/mafdb_f6c9786df6a492206e55eb3d3911d34dbd753bfef23be22d8635d72135a7fbc7.json\t LocalFilePath: /tmp/mafdb/mafdb_f6c9786df6a492206e55eb3d3911d34dbd753bfef23be22d8635d72135a7fbc7.json\t FileSize: 273 bytes\t TransferDuration: 120.0077500000134 ms\n",
        "ingestionTime": 1745464279340,
        "eventId": "38925153987515500123660318165864660857115201587749388297"
    },
    {
        "logStreamName": "2025/04/24/[$LATEST]2dd51813e88343849b762a29ded6dbc2",
        "timestamp": 1745464272322,
        "message": "FILE_TRANSFER RequestId: fc9ee7b1-a9f6-492c-a008-dab568f01c84\t TransferType: consumed\t Action: download_from_s3\t FileName: mafdb_b61e3844996fd21e45a7d054f79694e53c5aede5327c90900ed7183119a56bfb.json\t Bucket: denethor\t FilePath: mafdb/mafdb_b61e3844996fd21e45a7d054f79694e53c5aede5327c90900ed7183119a56bfb.json\t LocalFilePath: /tmp/mafdb/mafdb_b61e3844996fd21e45a7d054f79694e53c5aede5327c90900ed7183119a56bfb.json\t FileSize: 273 bytes\t TransferDuration: 119.81985999995004 ms\n",
        "ingestionTime": 1745464279340,
        "eventId": "38925153990191589547483992942848947049833004968467038218"
    },
    {
        "logStreamName": "2025/04/24/[$LATEST]2dd51813e88343849b762a29ded6dbc2",
        "timestamp": 1745464272442,
        "message": "FILE_TRANSFER RequestId: fc9ee7b1-a9f6-492c-a008-dab568f01c84\t TransferType: consumed\t Action: download_from_s3\t FileName: mafdb_7aa0e0772e1c689c49550813d4d69f69cf00ce1c31ded8e93e9d062016b4ea81.json\t Bucket: denethor\t FilePath: mafdb/mafdb_7aa0e0772e1c689c49550813d4d69f69cf00ce1c31ded8e93e9d062016b4ea81.json\t LocalFilePath: /tmp/mafdb/mafdb_7aa0e0772e1c689c49550813d4d69f69cf00ce1c31ded8e93e9d062016b4ea81.json\t FileSize: 273 bytes\t TransferDuration: 119.88134000000628 ms\n",
        "ingestionTime": 1745464279340,
        "eventId": "38925153992867678971307667719833233242550808349184688139"
    },
    {
        "logStreamName": "2025/04/24/[$LATEST]2dd51813e88343849b762a29ded6dbc2",
        "timestamp": 1745464272562,
        "message": "FILE_TRANSFER RequestId: fc9ee7b1-a9f6-492c-a008-dab568f01c84\t TransferType: consumed\t Action: download_from_s3\t FileName: mafdb_a10de1e435f46b875ce088b70edd639bb15f15e47181e4a02fd1d3279f474a75.json\t Bucket: denethor\t FilePath: mafdb/mafdb_a10de1e435f46b875ce088b70edd639bb15f15e47181e4a02fd1d3279f474a75.json\t LocalFilePath: /tmp/mafdb/mafdb_a10de1e435f46b875ce088b70edd639bb15f15e47181e4a02fd1d3279f474a75.json\t FileSize: 273 bytes\t TransferDuration: 119.8609299999589 ms\n",
        "ingestionTime": 1745464279340,
        "eventId": "38925153995543768395131342496817519435268611729902338060"
    },
    {
        "logStreamName": "2025/04/24/[$LATEST]2dd51813e88343849b762a29ded6dbc2",
        "timestamp": 1745464272662,
        "message": "FILE_TRANSFER RequestId: fc9ee7b1-a9f6-492c-a008-dab568f01c84\t TransferType: consumed\t Action: download_from_s3\t FileName: mafdb_e61287967464938dd8658e2b6f8063c95a2a8288b950145c07d8cd279f06fe96.json\t Bucket: denethor\t FilePath: mafdb/mafdb_e61287967464938dd8658e2b6f8063c95a2a8288b950145c07d8cd279f06fe96.json\t LocalFilePath: /tmp/mafdb/mafdb_e61287967464938dd8658e2b6f8063c95a2a8288b950145c07d8cd279f06fe96.json\t FileSize: 232 bytes\t TransferDuration: 99.99364599997307 ms\n",
        "ingestionTime": 1745464279340,
        "eventId": "38925153997773842914984404810971091262533447880500379661"
    },
    {
        "logStreamName": "2025/04/24/[$LATEST]2dd51813e88343849b762a29ded6dbc2",
        "timestamp": 1745464272808,
        "message": "FILE_TRANSFER RequestId: fc9ee7b1-a9f6-492c-a008-dab568f01c84\t TransferType: consumed\t Action: download_from_s3\t FileName: mafdb_dd5bb0860cd8cfcf1de73c7e51fea56058e02019372b37c0fbe797a9a837ad38.json\t Bucket: denethor\t FilePath: mafdb/mafdb_dd5bb0860cd8cfcf1de73c7e51fea56058e02019372b37c0fbe797a9a837ad38.json\t LocalFilePath: /tmp/mafdb/mafdb_dd5bb0860cd8cfcf1de73c7e51fea56058e02019372b37c0fbe797a9a837ad38.json\t FileSize: 232 bytes\t TransferDuration: 146.63909099999728 ms\n",
        "ingestionTime": 1745464279340,
        "eventId": "38925154001029751713969875789635306130340108660373520398"
    },
    {
        "logStreamName": "2025/04/24/[$LATEST]2dd51813e88343849b762a29ded6dbc2",
        "timestamp": 1745464272942,
        "message": "FILE_TRANSFER RequestId: fc9ee7b1-a9f6-492c-a008-dab568f01c84\t TransferType: consumed\t Action: download_from_s3\t FileName: mafdb_4a69772641578ec2d1db9c6dd1aabd576f4015e01037c89e4cf54545772984e3.json\t Bucket: denethor\t FilePath: mafdb/mafdb_4a69772641578ec2d1db9c6dd1aabd576f4015e01037c89e4cf54545772984e3.json\t LocalFilePath: /tmp/mafdb/mafdb_4a69772641578ec2d1db9c6dd1aabd576f4015e01037c89e4cf54545772984e3.json\t FileSize: 232 bytes\t TransferDuration: 133.14319099998784 ms\n",
        "ingestionTime": 1745464279340,
        "eventId": "38925154004018051570572979290601092378874989102174896143"
    },
    {
        "logStreamName": "2025/04/24/[$LATEST]2dd51813e88343849b762a29ded6dbc2",
        "timestamp": 1745464273062,
        "message": "FILE_TRANSFER RequestId: fc9ee7b1-a9f6-492c-a008-dab568f01c84\t TransferType: consumed\t Action: download_from_s3\t FileName: mafdb_fac1936d51dfedc6b2390b5bce6179113332479afc4a5757defe3114aec8f0bb.json\t Bucket: denethor\t FilePath: mafdb/mafdb_fac1936d51dfedc6b2390b5bce6179113332479afc4a5757defe3114aec8f0bb.json\t LocalFilePath: /tmp/mafdb/mafdb_fac1936d51dfedc6b2390b5bce6179113332479afc4a5757defe3114aec8f0bb.json\t FileSize: 232 bytes\t TransferDuration: 119.9033899999904 ms\n",
        "ingestionTime": 1745464279340,
        "eventId": "38925154006694140994396654067585378571592792482892546064"
    },
    {
        "logStreamName": "2025/04/24/[$LATEST]2dd51813e88343849b762a29ded6dbc2",
        "timestamp": 1745464273182,
        "message": "FILE_TRANSFER RequestId: fc9ee7b1-a9f6-492c-a008-dab568f01c84\t TransferType: consumed\t Action: download_from_s3\t FileName: mafdb_050eb4506b88aa955760b80fe61fa5f2dc7867810f3fd968c62f0f2b1721b84a.json\t Bucket: denethor\t FilePath: mafdb/mafdb_050eb4506b88aa955760b80fe61fa5f2dc7867810f3fd968c62f0f2b1721b84a.json\t LocalFilePath: /tmp/mafdb/mafdb_050eb4506b88aa955760b80fe61fa5f2dc7867810f3fd968c62f0f2b1721b84a.json\t FileSize: 232 bytes\t TransferDuration: 120.11366000001544 ms\n",
        "ingestionTime": 1745464279340,
        "eventId": "38925154009370230418220328844569664764310595863610195985"
    },
    {
        "logStreamName": "2025/04/24/[$LATEST]2dd51813e88343849b762a29ded6dbc2",
        "timestamp": 1745464273302,
        "message": "FILE_TRANSFER RequestId: fc9ee7b1-a9f6-492c-a008-dab568f01c84\t TransferType: consumed\t Action: download_from_s3\t FileName: mafdb_07f2663350ea1ac790cef8d65d693e9f9a8a7ff3d9613fcbba8694ef3a437497.json\t Bucket: denethor\t FilePath: mafdb/mafdb_07f2663350ea1ac790cef8d65d693e9f9a8a7ff3d9613fcbba8694ef3a437497.json\t LocalFilePath: /tmp/mafdb/mafdb_07f2663350ea1ac790cef8d65d693e9f9a8a7ff3d9613fcbba8694ef3a437497.json\t FileSize: 232 bytes\t TransferDuration: 119.81954099996983 ms\n",
        "ingestionTime": 1745464279340,
        "eventId": "38925154012046319842044003621553950957028399244327845906"
    },
    {
        "logStreamName": "2025/04/24/[$LATEST]2dd51813e88343849b762a29ded6dbc2",
        "timestamp": 1745464273402,
        "message": "FILE_TRANSFER RequestId: fc9ee7b1-a9f6-492c-a008-dab568f01c84\t TransferType: consumed\t Action: download_from_s3\t FileName: mafdb_bbfa141f6d386c293116f72d99a69176e8fb9e24cdaec03b209b077478ad859d.json\t Bucket: denethor\t FilePath: mafdb/mafdb_bbfa141f6d386c293116f72d99a69176e8fb9e24cdaec03b209b077478ad859d.json\t LocalFilePath: /tmp/mafdb/mafdb_bbfa141f6d386c293116f72d99a69176e8fb9e24cdaec03b209b077478ad859d.json\t FileSize: 232 bytes\t TransferDuration: 99.86833499999648 ms\n",
        "ingestionTime": 1745464279340,
        "eventId": "38925154014276394361897065935707522784293235394925887507"
    },
    {
        "logStreamName": "2025/04/24/[$LATEST]2dd51813e88343849b762a29ded6dbc2",
        "timestamp": 1745464273542,
        "message": "FILE_TRANSFER RequestId: fc9ee7b1-a9f6-492c-a008-dab568f01c84\t TransferType: consumed\t Action: download_from_s3\t FileName: mafdb_f4fb8761643a453074d9572d96789515b973db43273265bfc07d10c2b3697e6d.json\t Bucket: denethor\t FilePath: mafdb/mafdb_f4fb8761643a453074d9572d96789515b973db43273265bfc07d10c2b3697e6d.json\t LocalFilePath: /tmp/mafdb/mafdb_f4fb8761643a453074d9572d96789515b973db43273265bfc07d10c2b3697e6d.json\t FileSize: 232 bytes\t TransferDuration: 139.9502560000201 ms\n",
        "ingestionTime": 1745464279340,
        "eventId": "38925154017398498689691353175522523342464006005763145748"
    },
    {
        "logStreamName": "2025/04/24/[$LATEST]2dd51813e88343849b762a29ded6dbc2",
        "timestamp": 1745464273662,
        "message": "FILE_TRANSFER RequestId: fc9ee7b1-a9f6-492c-a008-dab568f01c84\t TransferType: consumed\t Action: download_from_s3\t FileName: mafdb_a2b1b534b2611b710744fb6756c33616a3588ee03d8aa6972d23e492b2c485de.json\t Bucket: denethor\t FilePath: mafdb/mafdb_a2b1b534b2611b710744fb6756c33616a3588ee03d8aa6972d23e492b2c485de.json\t LocalFilePath: /tmp/mafdb/mafdb_a2b1b534b2611b710744fb6756c33616a3588ee03d8aa6972d23e492b2c485de.json\t FileSize: 232 bytes\t TransferDuration: 119.8294799999644 ms\n",
        "ingestionTime": 1745464279340,
        "eventId": "38925154020074588113515027952506809535181809386480795669"
    },
    {
        "logStreamName": "2025/04/24/[$LATEST]2dd51813e88343849b762a29ded6dbc2",
        "timestamp": 1745464273762,
        "message": "FILE_TRANSFER RequestId: fc9ee7b1-a9f6-492c-a008-dab568f01c84\t TransferType: consumed\t Action: download_from_s3\t FileName: mafdb_5bec77bc9d7c4d8fa3517dfa40512bc1eb17b502f07bd7ca8c55258b719bc02b.json\t Bucket: denethor\t FilePath: mafdb/mafdb_5bec77bc9d7c4d8fa3517dfa40512bc1eb17b502f07bd7ca8c55258b719bc02b.json\t LocalFilePath: /tmp/mafdb/mafdb_5bec77bc9d7c4d8fa3517dfa40512bc1eb17b502f07bd7ca8c55258b719bc02b.json\t FileSize: 232 bytes\t TransferDuration: 100.02278500002149 ms\n",
        "ingestionTime": 1745464279340,
        "eventId": "38925154022304662633368090266660381362446645537078837270"
    },
    {
        "logStreamName": "2025/04/24/[$LATEST]2dd51813e88343849b762a29ded6dbc2",
        "timestamp": 1745464273882,
        "message": "FILE_TRANSFER RequestId: fc9ee7b1-a9f6-492c-a008-dab568f01c84\t TransferType: consumed\t Action: download_from_s3\t FileName: mafdb_8bc6b1285675133cf71abced5feadde67801ce1183d48ccdfce4ad5c847e0d16.json\t Bucket: denethor\t FilePath: mafdb/mafdb_8bc6b1285675133cf71abced5feadde67801ce1183d48ccdfce4ad5c847e0d16.json\t LocalFilePath: /tmp/mafdb/mafdb_8bc6b1285675133cf71abced5feadde67801ce1183d48ccdfce4ad5c847e0d16.json\t FileSize: 232 bytes\t TransferDuration: 119.84481100000721 ms\n",
        "ingestionTime": 1745464279340,
        "eventId": "38925154024980752057191765043644667555164448917796487191"
    },
    {
        "logStreamName": "2025/04/24/[$LATEST]2dd51813e88343849b762a29ded6dbc2",
        "timestamp": 1745464274003,
        "message": "FILE_TRANSFER RequestId: fc9ee7b1-a9f6-492c-a008-dab568f01c84\t TransferType: consumed\t Action: download_from_s3\t FileName: mafdb_5f9438b2176a3f1de183e4e4beed7bba44407448bf813b980737577bbda05693.json\t Bucket: denethor\t FilePath: mafdb/mafdb_5f9438b2176a3f1de183e4e4beed7bba44407448bf813b980737577bbda05693.json\t LocalFilePath: /tmp/mafdb/mafdb_5f9438b2176a3f1de183e4e4beed7bba44407448bf813b980737577bbda05693.json\t FileSize: 232 bytes\t TransferDuration: 121.00751200000559 ms\n",
        "ingestionTime": 1745464279340,
        "eventId": "38925154027679142226213970443770489466154900660020117528"
    },
    {
        "logStreamName": "2025/04/24/[$LATEST]2dd51813e88343849b762a29ded6dbc2",
        "timestamp": 1745464274122,
        "message": "FILE_TRANSFER RequestId: fc9ee7b1-a9f6-492c-a008-dab568f01c84\t TransferType: consumed\t Action: download_from_s3\t FileName: mafdb_96f411db25a5507e2f8c83f07de2e32793bb5c2b863cd4f9c33afc286860da9b.json\t Bucket: denethor\t FilePath: mafdb/mafdb_96f411db25a5507e2f8c83f07de2e32793bb5c2b863cd4f9c33afc286860da9b.json\t LocalFilePath: /tmp/mafdb/mafdb_96f411db25a5507e2f8c83f07de2e32793bb5c2b863cd4f9c33afc286860da9b.json\t FileSize: 232 bytes\t TransferDuration: 118.91379000002189 ms\n",
        "ingestionTime": 1745464279340,
        "eventId": "38925154030332930904839114597613239940600055679231787033"
    },
    {
        "logStreamName": "2025/04/24/[$LATEST]2dd51813e88343849b762a29ded6dbc2",
        "timestamp": 1745464274222,
        "message": "FILE_TRANSFER RequestId: fc9ee7b1-a9f6-492c-a008-dab568f01c84\t TransferType: consumed\t Action: download_from_s3\t FileName: mafdb_52a4f806fca7da8198522b8967c3d358527c3187304e57988708d831f58faa8d.json\t Bucket: denethor\t FilePath: mafdb/mafdb_52a4f806fca7da8198522b8967c3d358527c3187304e57988708d831f58faa8d.json\t LocalFilePath: /tmp/mafdb/mafdb_52a4f806fca7da8198522b8967c3d358527c3187304e57988708d831f58faa8d.json\t FileSize: 232 bytes\t TransferDuration: 99.87522499994839 ms\n",
        "ingestionTime": 1745464279340,
        "eventId": "38925154032563005424692176911766811767864891829829828634"
    },
    {
        "logStreamName": "2025/04/24/[$LATEST]2dd51813e88343849b762a29ded6dbc2",
        "timestamp": 1745464274342,
        "message": "FILE_TRANSFER RequestId: fc9ee7b1-a9f6-492c-a008-dab568f01c84\t TransferType: consumed\t Action: download_from_s3\t FileName: mafdb_a1bfbcddbd0327f872ff3e6b2d5dcbed9e804641918b58e4b469cf077329c2cd.json\t Bucket: denethor\t FilePath: mafdb/mafdb_a1bfbcddbd0327f872ff3e6b2d5dcbed9e804641918b58e4b469cf077329c2cd.json\t LocalFilePath: /tmp/mafdb/mafdb_a1bfbcddbd0327f872ff3e6b2d5dcbed9e804641918b58e4b469cf077329c2cd.json\t FileSize: 232 bytes\t TransferDuration: 120.00379100004466 ms\n",
        "ingestionTime": 1745464279340,
        "eventId": "38925154035239094848515851688751097960582695210547478555"
    },
    {
        "logStreamName": "2025/04/24/[$LATEST]2dd51813e88343849b762a29ded6dbc2",
        "timestamp": 1745464274462,
        "message": "FILE_TRANSFER RequestId: fc9ee7b1-a9f6-492c-a008-dab568f01c84\t TransferType: consumed\t Action: download_from_s3\t FileName: mafdb_416977dcfe213f249e0199c9fd30ee91ee5d5f76c7063d5e8480380c88daae5c.json\t Bucket: denethor\t FilePath: mafdb/mafdb_416977dcfe213f249e0199c9fd30ee91ee5d5f76c7063d5e8480380c88daae5c.json\t LocalFilePath: /tmp/mafdb/mafdb_416977dcfe213f249e0199c9fd30ee91ee5d5f76c7063d5e8480380c88daae5c.json\t FileSize: 232 bytes\t TransferDuration: 119.90314999997054 ms\n",
        "ingestionTime": 1745464279340,
        "eventId": "38925154037915184272339526465735384153300498591265128476"
    },
    {
        "logStreamName": "2025/04/24/[$LATEST]2dd51813e88343849b762a29ded6dbc2",
        "timestamp": 1745464274582,
        "message": "FILE_TRANSFER RequestId: fc9ee7b1-a9f6-492c-a008-dab568f01c84\t TransferType: consumed\t Action: download_from_s3\t FileName: mafdb_0a8e580175a5a3df6e03961614b2b8cbb71dfdf569da590702b160aaf877127b.json\t Bucket: denethor\t FilePath: mafdb/mafdb_0a8e580175a5a3df6e03961614b2b8cbb71dfdf569da590702b160aaf877127b.json\t LocalFilePath: /tmp/mafdb/mafdb_0a8e580175a5a3df6e03961614b2b8cbb71dfdf569da590702b160aaf877127b.json\t FileSize: 236 bytes\t TransferDuration: 119.95852100000093 ms\n",
        "ingestionTime": 1745464279340,
        "eventId": "38925154040591273696163201242719670346018301971982778397"
    },
    {
        "logStreamName": "2025/04/24/[$LATEST]2dd51813e88343849b762a29ded6dbc2",
        "timestamp": 1745464274682,
        "message": "FILE_TRANSFER RequestId: fc9ee7b1-a9f6-492c-a008-dab568f01c84\t TransferType: consumed\t Action: download_from_s3\t FileName: mafdb_80fb21b57fa7d4a4e0c02d4b698ba833f7ac811c933c49e65adfdf08249f04c5.json\t Bucket: denethor\t FilePath: mafdb/mafdb_80fb21b57fa7d4a4e0c02d4b698ba833f7ac811c933c49e65adfdf08249f04c5.json\t LocalFilePath: /tmp/mafdb/mafdb_80fb21b57fa7d4a4e0c02d4b698ba833f7ac811c933c49e65adfdf08249f04c5.json\t FileSize: 236 bytes\t TransferDuration: 99.9687450000124 ms\n",
        "ingestionTime": 1745464279340,
        "eventId": "38925154042821348216016263556873242173283138122580819998"
    },
    {
        "logStreamName": "2025/04/24/[$LATEST]2dd51813e88343849b762a29ded6dbc2",
        "timestamp": 1745464274802,
        "message": "FILE_TRANSFER RequestId: fc9ee7b1-a9f6-492c-a008-dab568f01c84\t TransferType: consumed\t Action: download_from_s3\t FileName: mafdb_2cd07b4754913f8c45ff5e321c894937faa1dcee4409f0a9352ab164f3ab8dc2.json\t Bucket: denethor\t FilePath: mafdb/mafdb_2cd07b4754913f8c45ff5e321c894937faa1dcee4409f0a9352ab164f3ab8dc2.json\t LocalFilePath: /tmp/mafdb/mafdb_2cd07b4754913f8c45ff5e321c894937faa1dcee4409f0a9352ab164f3ab8dc2.json\t FileSize: 236 bytes\t TransferDuration: 120.00488099999984 ms\n",
        "ingestionTime": 1745464279340,
        "eventId": "38925154045497437639839938333857528366000941503298469919"
    },
    {
        "logStreamName": "2025/04/24/[$LATEST]2dd51813e88343849b762a29ded6dbc2",
        "timestamp": 1745464274922,
        "message": "FILE_TRANSFER RequestId: fc9ee7b1-a9f6-492c-a008-dab568f01c84\t TransferType: consumed\t Action: download_from_s3\t FileName: mafdb_a16e0ac07d1950ab727769d0eb177e1d9dc671c752f386544f000cfecf73f200.json\t Bucket: denethor\t FilePath: mafdb/mafdb_a16e0ac07d1950ab727769d0eb177e1d9dc671c752f386544f000cfecf73f200.json\t LocalFilePath: /tmp/mafdb/mafdb_a16e0ac07d1950ab727769d0eb177e1d9dc671c752f386544f000cfecf73f200.json\t FileSize: 236 bytes\t TransferDuration: 119.70887000001085 ms\n",
        "ingestionTime": 1745464279340,
        "eventId": "38925154048173527063663613110841814558718744884016119840"
    },
    {
        "logStreamName": "2025/04/24/[$LATEST]2dd51813e88343849b762a29ded6dbc2",
        "timestamp": 1745464275042,
        "message": "FILE_TRANSFER RequestId: fc9ee7b1-a9f6-492c-a008-dab568f01c84\t TransferType: consumed\t Action: download_from_s3\t FileName: mafdb_a5fa5463d23675efa6d77a8b373d81846a8f946ee4363e05ac855926bcd850cb.json\t Bucket: denethor\t FilePath: mafdb/mafdb_a5fa5463d23675efa6d77a8b373d81846a8f946ee4363e05ac855926bcd850cb.json\t LocalFilePath: /tmp/mafdb/mafdb_a5fa5463d23675efa6d77a8b373d81846a8f946ee4363e05ac855926bcd850cb.json\t FileSize: 236 bytes\t TransferDuration: 119.76832099998092 ms\n",
        "ingestionTime": 1745464279340,
        "eventId": "38925154050849616487487287887826100751436548264733769761"
    },
    {
        "logStreamName": "2025/04/24/[$LATEST]2dd51813e88343849b762a29ded6dbc2",
        "timestamp": 1745464275162,
        "message": "FILE_TRANSFER RequestId: fc9ee7b1-a9f6-492c-a008-dab568f01c84\t TransferType: consumed\t Action: download_from_s3\t FileName: mafdb_3c4715263643d510615654aef8ed8da557fffe96cf62eb913d276dfba2a90a55.json\t Bucket: denethor\t FilePath: mafdb/mafdb_3c4715263643d510615654aef8ed8da557fffe96cf62eb913d276dfba2a90a55.json\t LocalFilePath: /tmp/mafdb/mafdb_3c4715263643d510615654aef8ed8da557fffe96cf62eb913d276dfba2a90a55.json\t FileSize: 236 bytes\t TransferDuration: 119.98197999997728 ms\n",
        "ingestionTime": 1745464279340,
        "eventId": "38925154053525705911310962664810386944154351645451419682"
    },
    {
        "logStreamName": "2025/04/24/[$LATEST]2dd51813e88343849b762a29ded6dbc2",
        "timestamp": 1745464275282,
        "message": "FILE_TRANSFER RequestId: fc9ee7b1-a9f6-492c-a008-dab568f01c84\t TransferType: consumed\t Action: download_from_s3\t FileName: mafdb_e1c1a3efbbe62c2a7b832722eea7a97c4c6a0584661d34d7903dfb1cb8550001.json\t Bucket: denethor\t FilePath: mafdb/mafdb_e1c1a3efbbe62c2a7b832722eea7a97c4c6a0584661d34d7903dfb1cb8550001.json\t LocalFilePath: /tmp/mafdb/mafdb_e1c1a3efbbe62c2a7b832722eea7a97c4c6a0584661d34d7903dfb1cb8550001.json\t FileSize: 194 bytes\t TransferDuration: 119.95511099996747 ms\n",
        "ingestionTime": 1745464279340,
        "eventId": "38925154056201795335134637441794673136872155026169069603"
    },
    {
        "logStreamName": "2025/04/24/[$LATEST]2dd51813e88343849b762a29ded6dbc2",
        "timestamp": 1745464275403,
        "message": "FILE_TRANSFER RequestId: fc9ee7b1-a9f6-492c-a008-dab568f01c84\t TransferType: consumed\t Action: download_from_s3\t FileName: mafdb_d654fe2f1d71c9b9393af17a389125cfb4f05a2ee4da5e63313ba90ce4460342.json\t Bucket: denethor\t FilePath: mafdb/mafdb_d654fe2f1d71c9b9393af17a389125cfb4f05a2ee4da5e63313ba90ce4460342.json\t LocalFilePath: /tmp/mafdb/mafdb_d654fe2f1d71c9b9393af17a389125cfb4f05a2ee4da5e63313ba90ce4460342.json\t FileSize: 194 bytes\t TransferDuration: 121.46787199998244 ms\n",
        "ingestionTime": 1745464279340,
        "eventId": "38925154058900185504156842841920495047862606768392699940"
    },
    {
        "logStreamName": "2025/04/24/[$LATEST]2dd51813e88343849b762a29ded6dbc2",
        "timestamp": 1745464275522,
        "message": "FILE_TRANSFER RequestId: fc9ee7b1-a9f6-492c-a008-dab568f01c84\t TransferType: consumed\t Action: download_from_s3\t FileName: mafdb_8d0251a64e765db63487e462f331f4afb2749626a0d1c4085bb8731ac3a5052b.json\t Bucket: denethor\t FilePath: mafdb/mafdb_8d0251a64e765db63487e462f331f4afb2749626a0d1c4085bb8731ac3a5052b.json\t LocalFilePath: /tmp/mafdb/mafdb_8d0251a64e765db63487e462f331f4afb2749626a0d1c4085bb8731ac3a5052b.json\t FileSize: 194 bytes\t TransferDuration: 118.30653900000243 ms\n",
        "ingestionTime": 1745464279340,
        "eventId": "38925154061553974182781986995763245522307761787604369445"
    },
    {
        "logStreamName": "2025/04/24/[$LATEST]2dd51813e88343849b762a29ded6dbc2",
        "timestamp": 1745464275642,
        "message": "FILE_TRANSFER RequestId: fc9ee7b1-a9f6-492c-a008-dab568f01c84\t TransferType: consumed\t Action: download_from_s3\t FileName: mafdb_79f51b2a6d308c5daae68edce3a1201466e175d5744f752df1eee9785022efe7.json\t Bucket: denethor\t FilePath: mafdb/mafdb_79f51b2a6d308c5daae68edce3a1201466e175d5744f752df1eee9785022efe7.json\t LocalFilePath: /tmp/mafdb/mafdb_79f51b2a6d308c5daae68edce3a1201466e175d5744f752df1eee9785022efe7.json\t FileSize: 194 bytes\t TransferDuration: 120.02530099999831 ms\n",
        "ingestionTime": 1745464279340,
        "eventId": "38925154064230063606605661772747531715025565168322019366"
    },
    {
        "logStreamName": "2025/04/24/[$LATEST]2dd51813e88343849b762a29ded6dbc2",
        "timestamp": 1745464275762,
        "message": "FILE_TRANSFER RequestId: fc9ee7b1-a9f6-492c-a008-dab568f01c84\t TransferType: consumed\t Action: download_from_s3\t FileName: mafdb_dcc3944c503fdb1b76c43cbefebd97838f49d2f302bbc248d92b2fb3b5bb6d45.json\t Bucket: denethor\t FilePath: mafdb/mafdb_dcc3944c503fdb1b76c43cbefebd97838f49d2f302bbc248d92b2fb3b5bb6d45.json\t LocalFilePath: /tmp/mafdb/mafdb_dcc3944c503fdb1b76c43cbefebd97838f49d2f302bbc248d92b2fb3b5bb6d45.json\t FileSize: 194 bytes\t TransferDuration: 119.85454000000573 ms\n",
        "ingestionTime": 1745464279340,
        "eventId": "38925154066906153030429336549731817907743368549039669287"
    },
    {
        "logStreamName": "2025/04/24/[$LATEST]2dd51813e88343849b762a29ded6dbc2",
        "timestamp": 1745464275922,
        "message": "FILE_TRANSFER RequestId: fc9ee7b1-a9f6-492c-a008-dab568f01c84\t TransferType: consumed\t Action: download_from_s3\t FileName: mafdb_7352970b74f3730627c76b09ab7aeb8b229af519dfd5753f3cca28876d58fb9a.json\t Bucket: denethor\t FilePath: mafdb/mafdb_7352970b74f3730627c76b09ab7aeb8b229af519dfd5753f3cca28876d58fb9a.json\t LocalFilePath: /tmp/mafdb/mafdb_7352970b74f3730627c76b09ab7aeb8b229af519dfd5753f3cca28876d58fb9a.json\t FileSize: 194 bytes\t TransferDuration: 160.03758099998322 ms\n",
        "ingestionTime": 1745464279340,
        "eventId": "38925154070474272262194236252377532831367106389996535848"
    },
    {
        "logStreamName": "2025/04/24/[$LATEST]2dd51813e88343849b762a29ded6dbc2",
        "timestamp": 1745464276042,
        "message": "FILE_TRANSFER RequestId: fc9ee7b1-a9f6-492c-a008-dab568f01c84\t TransferType: consumed\t Action: download_from_s3\t FileName: mafdb_4555f69ce2c58254e8c25f01438d2c0763c3570e1c0d44ad7c518af8cc48fab3.json\t Bucket: denethor\t FilePath: mafdb/mafdb_4555f69ce2c58254e8c25f01438d2c0763c3570e1c0d44ad7c518af8cc48fab3.json\t LocalFilePath: /tmp/mafdb/mafdb_4555f69ce2c58254e8c25f01438d2c0763c3570e1c0d44ad7c518af8cc48fab3.json\t FileSize: 194 bytes\t TransferDuration: 119.76889100003518 ms\n",
        "ingestionTime": 1745464279340,
        "eventId": "38925154073150361686017911029361819024084909770714185769"
    },
    {
        "logStreamName": "2025/04/24/[$LATEST]2dd51813e88343849b762a29ded6dbc2",
        "timestamp": 1745464276162,
        "message": "FILE_TRANSFER RequestId: fc9ee7b1-a9f6-492c-a008-dab568f01c84\t TransferType: consumed\t Action: download_from_s3\t FileName: mafdb_e2dd3ce5d6e99c0bc7b9506e67b69f3306090a007c49d5fcaa374905ab206601.json\t Bucket: denethor\t FilePath: mafdb/mafdb_e2dd3ce5d6e99c0bc7b9506e67b69f3306090a007c49d5fcaa374905ab206601.json\t LocalFilePath: /tmp/mafdb/mafdb_e2dd3ce5d6e99c0bc7b9506e67b69f3306090a007c49d5fcaa374905ab206601.json\t FileSize: 194 bytes\t TransferDuration: 120.00588000000789 ms\n",
        "ingestionTime": 1745464279340,
        "eventId": "38925154075826451109841585806346105216802713151431835690"
    },
    {
        "logStreamName": "2025/04/24/[$LATEST]2dd51813e88343849b762a29ded6dbc2",
        "timestamp": 1745464276282,
        "message": "FILE_TRANSFER RequestId: fc9ee7b1-a9f6-492c-a008-dab568f01c84\t TransferType: consumed\t Action: download_from_s3\t FileName: mafdb_6e78c99c1b81707d2db92f79bd7196e77288041bc91e58d4b2d2fe623f314899.json\t Bucket: denethor\t FilePath: mafdb/mafdb_6e78c99c1b81707d2db92f79bd7196e77288041bc91e58d4b2d2fe623f314899.json\t LocalFilePath: /tmp/mafdb/mafdb_6e78c99c1b81707d2db92f79bd7196e77288041bc91e58d4b2d2fe623f314899.json\t FileSize: 194 bytes\t TransferDuration: 119.87897099999145 ms\n",
        "ingestionTime": 1745464279340,
        "eventId": "38925154078502540533665260583330391409520516532149485611"
    },
    {
        "logStreamName": "2025/04/24/[$LATEST]2dd51813e88343849b762a29ded6dbc2",
        "timestamp": 1745464276402,
        "message": "FILE_TRANSFER RequestId: fc9ee7b1-a9f6-492c-a008-dab568f01c84\t TransferType: consumed\t Action: download_from_s3\t FileName: mafdb_fbc430092db6f27c57652a6d98f83f73df54adfe63f16dd4d3fda5ea19589601.json\t Bucket: denethor\t FilePath: mafdb/mafdb_fbc430092db6f27c57652a6d98f83f73df54adfe63f16dd4d3fda5ea19589601.json\t LocalFilePath: /tmp/mafdb/mafdb_fbc430092db6f27c57652a6d98f83f73df54adfe63f16dd4d3fda5ea19589601.json\t FileSize: 194 bytes\t TransferDuration: 119.90624999998545 ms\n",
        "ingestionTime": 1745464279340,
        "eventId": "38925154081178629957488935360314677602238319912867135532"
    },
    {
        "logStreamName": "2025/04/24/[$LATEST]2dd51813e88343849b762a29ded6dbc2",
        "timestamp": 1745464276522,
        "message": "FILE_TRANSFER RequestId: fc9ee7b1-a9f6-492c-a008-dab568f01c84\t TransferType: consumed\t Action: download_from_s3\t FileName: mafdb_3f1962bcee100c1b89448256e57eca4b09479d8a967296cab1957e03b7ae9e26.json\t Bucket: denethor\t FilePath: mafdb/mafdb_3f1962bcee100c1b89448256e57eca4b09479d8a967296cab1957e03b7ae9e26.json\t LocalFilePath: /tmp/mafdb/mafdb_3f1962bcee100c1b89448256e57eca4b09479d8a967296cab1957e03b7ae9e26.json\t FileSize: 194 bytes\t TransferDuration: 119.86789999997427 ms\n",
        "ingestionTime": 1745464279340,
        "eventId": "38925154083854719381312610137298963794956123293584785453"
    },
    {
        "logStreamName": "2025/04/24/[$LATEST]2dd51813e88343849b762a29ded6dbc2",
        "timestamp": 1745464276622,
        "message": "FILE_TRANSFER RequestId: fc9ee7b1-a9f6-492c-a008-dab568f01c84\t TransferType: consumed\t Action: download_from_s3\t FileName: mafdb_80e97632a9018b0ac3959746b5e96fcd4c1c7f4219aa40cf46f0c81f359ff15b.json\t Bucket: denethor\t FilePath: mafdb/mafdb_80e97632a9018b0ac3959746b5e96fcd4c1c7f4219aa40cf46f0c81f359ff15b.json\t LocalFilePath: /tmp/mafdb/mafdb_80e97632a9018b0ac3959746b5e96fcd4c1c7f4219aa40cf46f0c81f359ff15b.json\t FileSize: 194 bytes\t TransferDuration: 100.00688500002752 ms\n",
        "ingestionTime": 1745464279340,
        "eventId": "38925154086084793901165672451452535622220959444182827054"
    },
    {
        "logStreamName": "2025/04/24/[$LATEST]2dd51813e88343849b762a29ded6dbc2",
        "timestamp": 1745464276742,
        "message": "FILE_TRANSFER RequestId: fc9ee7b1-a9f6-492c-a008-dab568f01c84\t TransferType: consumed\t Action: download_from_s3\t FileName: mafdb_8549b58233c57cc518f27f3d21b4551282ded33f8e0e846bc3ef39561d71f517.json\t Bucket: denethor\t FilePath: mafdb/mafdb_8549b58233c57cc518f27f3d21b4551282ded33f8e0e846bc3ef39561d71f517.json\t LocalFilePath: /tmp/mafdb/mafdb_8549b58233c57cc518f27f3d21b4551282ded33f8e0e846bc3ef39561d71f517.json\t FileSize: 194 bytes\t TransferDuration: 119.89142099997707 ms\n",
        "ingestionTime": 1745464279340,
        "eventId": "38925154088760883324989347228436821814938762824900476975"
    },
    {
        "logStreamName": "2025/04/24/[$LATEST]2dd51813e88343849b762a29ded6dbc2",
        "timestamp": 1745464276882,
        "message": "FILE_TRANSFER RequestId: fc9ee7b1-a9f6-492c-a008-dab568f01c84\t TransferType: consumed\t Action: download_from_s3\t FileName: mafdb_939c401d5385681aad270b30627184a827131724fd534f6a4a9d3ea243183d25.json\t Bucket: denethor\t FilePath: mafdb/mafdb_939c401d5385681aad270b30627184a827131724fd534f6a4a9d3ea243183d25.json\t LocalFilePath: /tmp/mafdb/mafdb_939c401d5385681aad270b30627184a827131724fd534f6a4a9d3ea243183d25.json\t FileSize: 194 bytes\t TransferDuration: 139.91488499999605 ms\n",
        "ingestionTime": 1745464279340,
        "eventId": "38925154091882987652783634468251822373109533435737735216"
    },
    {
        "logStreamName": "2025/04/24/[$LATEST]2dd51813e88343849b762a29ded6dbc2",
        "timestamp": 1745464277002,
        "message": "FILE_TRANSFER RequestId: fc9ee7b1-a9f6-492c-a008-dab568f01c84\t TransferType: consumed\t Action: download_from_s3\t FileName: mafdb_8668d6455b6b1a75d51d25c40b186476c55bcfe7efa0068ca17cf66a6cee84e2.json\t Bucket: denethor\t FilePath: mafdb/mafdb_8668d6455b6b1a75d51d25c40b186476c55bcfe7efa0068ca17cf66a6cee84e2.json\t LocalFilePath: /tmp/mafdb/mafdb_8668d6455b6b1a75d51d25c40b186476c55bcfe7efa0068ca17cf66a6cee84e2.json\t FileSize: 194 bytes\t TransferDuration: 119.90192000001798 ms\n",
        "ingestionTime": 1745464279340,
        "eventId": "38925154094559077076607309245236108565827336816455385137"
    },
    {
        "logStreamName": "2025/04/24/[$LATEST]2dd51813e88343849b762a29ded6dbc2",
        "timestamp": 1745464277122,
        "message": "FILE_TRANSFER RequestId: fc9ee7b1-a9f6-492c-a008-dab568f01c84\t TransferType: consumed\t Action: download_from_s3\t FileName: mafdb_7d1845f8f12c76c9366de78059724636bda4584243a3cc27647a66a4d824500a.json\t Bucket: denethor\t FilePath: mafdb/mafdb_7d1845f8f12c76c9366de78059724636bda4584243a3cc27647a66a4d824500a.json\t LocalFilePath: /tmp/mafdb/mafdb_7d1845f8f12c76c9366de78059724636bda4584243a3cc27647a66a4d824500a.json\t FileSize: 152 bytes\t TransferDuration: 119.88779099999647 ms\n",
        "ingestionTime": 1745464279340,
        "eventId": "38925154097235166500430984022220394758545140197173035058"
    },
    {
        "logStreamName": "2025/04/24/[$LATEST]2dd51813e88343849b762a29ded6dbc2",
        "timestamp": 1745464277222,
        "message": "FILE_TRANSFER RequestId: fc9ee7b1-a9f6-492c-a008-dab568f01c84\t TransferType: consumed\t Action: download_from_s3\t FileName: mafdb_fdfd9f2efea889252a132e0d03e501efa853be19ae07f257f05331fec285e8d0.json\t Bucket: denethor\t FilePath: mafdb/mafdb_fdfd9f2efea889252a132e0d03e501efa853be19ae07f257f05331fec285e8d0.json\t LocalFilePath: /tmp/mafdb/mafdb_fdfd9f2efea889252a132e0d03e501efa853be19ae07f257f05331fec285e8d0.json\t FileSize: 194 bytes\t TransferDuration: 100.00254500005212 ms\n",
        "ingestionTime": 1745464279340,
        "eventId": "38925154099465241020284046336373966585809976347771076659"
    },
    {
        "logStreamName": "2025/04/24/[$LATEST]2dd51813e88343849b762a29ded6dbc2",
        "timestamp": 1745464277362,
        "message": "FILE_TRANSFER RequestId: fc9ee7b1-a9f6-492c-a008-dab568f01c84\t TransferType: consumed\t Action: download_from_s3\t FileName: mafdb_d30220db9123df6306e811743fc244aeeb8124f32266c56ac03a740cfe14cfdd.json\t Bucket: denethor\t FilePath: mafdb/mafdb_d30220db9123df6306e811743fc244aeeb8124f32266c56ac03a740cfe14cfdd.json\t LocalFilePath: /tmp/mafdb/mafdb_d30220db9123df6306e811743fc244aeeb8124f32266c56ac03a740cfe14cfdd.json\t FileSize: 194 bytes\t TransferDuration: 139.83165600001257 ms\n",
        "ingestionTime": 1745464279340,
        "eventId": "38925154102587345348078333576188967143980746958608334900"
    },
    {
        "logStreamName": "2025/04/24/[$LATEST]2dd51813e88343849b762a29ded6dbc2",
        "timestamp": 1745464277362,
        "message": "CONSUMED_FILES_INFO RequestId: fc9ee7b1-a9f6-492c-a008-dab568f01c84\t FilesCount: 50 files\t FilesSize: 11513 bytes\t TransferDuration: 6253.194468999822 ms\t ConsumedFiles: ['mafdb_c451a256436a5fc45a562eaf2fead8dd42917b32894e636d2b705f5405224a88.json', 'mafdb_7511017a4e93687a5be47b55aa4c08eff48c283a8153f5e070747057ad693f80.json', 'mafdb_3891ae3bc299950ca7a78c4d495828659f2cb320e0641ad8c6bfc4ced2d8e2b0.json', 'mafdb_bdf7b87e05be228017da27afd5fd158ebe4fcf138008526635b8bcdbe380f328.json', 'mafdb_49ad0997fa75ff9233f44bffe4f6033aaaf8676ed8f4cbac92057d25395497e6.json', 'mafdb_e7f2f9266538f691bae81aa42aeb881fcfc1833e62d05d9141e808a0cb0095fa.json', 'mafdb_f6c9786df6a492206e55eb3d3911d34dbd753bfef23be22d8635d72135a7fbc7.json', 'mafdb_b61e3844996fd21e45a7d054f79694e53c5aede5327c90900ed7183119a56bfb.json', 'mafdb_7aa0e0772e1c689c49550813d4d69f69cf00ce1c31ded8e93e9d062016b4ea81.json', 'mafdb_a10de1e435f46b875ce088b70edd639bb15f15e47181e4a02fd1d3279f474a75.json', 'mafdb_e61287967464938dd8658e2b6f8063c95a2a8288b950145c07d8cd279f06fe96.json', 'mafdb_dd5bb0860cd8cfcf1de73c7e51fea56058e02019372b37c0fbe797a9a837ad38.json', 'mafdb_4a69772641578ec2d1db9c6dd1aabd576f4015e01037c89e4cf54545772984e3.json', 'mafdb_fac1936d51dfedc6b2390b5bce6179113332479afc4a5757defe3114aec8f0bb.json', 'mafdb_050eb4506b88aa955760b80fe61fa5f2dc7867810f3fd968c62f0f2b1721b84a.json', 'mafdb_07f2663350ea1ac790cef8d65d693e9f9a8a7ff3d9613fcbba8694ef3a437497.json', 'mafdb_bbfa141f6d386c293116f72d99a69176e8fb9e24cdaec03b209b077478ad859d.json', 'mafdb_f4fb8761643a453074d9572d96789515b973db43273265bfc07d10c2b3697e6d.json', 'mafdb_a2b1b534b2611b710744fb6756c33616a3588ee03d8aa6972d23e492b2c485de.json', 'mafdb_5bec77bc9d7c4d8fa3517dfa40512bc1eb17b502f07bd7ca8c55258b719bc02b.json', 'mafdb_8bc6b1285675133cf71abced5feadde67801ce1183d48ccdfce4ad5c847e0d16.json', 'mafdb_5f9438b2176a3f1de183e4e4beed7bba44407448bf813b980737577bbda05693.json', 'mafdb_96f411db25a5507e2f8c83f07de2e32793bb5c2b863cd4f9c33afc286860da9b.json', 'mafdb_52a4f806fca7da8198522b8967c3d358527c3187304e57988708d831f58faa8d.json', 'mafdb_a1bfbcddbd0327f872ff3e6b2d5dcbed9e804641918b58e4b469cf077329c2cd.json', 'mafdb_416977dcfe213f249e0199c9fd30ee91ee5d5f76c7063d5e8480380c88daae5c.json', 'mafdb_0a8e580175a5a3df6e03961614b2b8cbb71dfdf569da590702b160aaf877127b.json', 'mafdb_80fb21b57fa7d4a4e0c02d4b698ba833f7ac811c933c49e65adfdf08249f04c5.json', 'mafdb_2cd07b4754913f8c45ff5e321c894937faa1dcee4409f0a9352ab164f3ab8dc2.json', 'mafdb_a16e0ac07d1950ab727769d0eb177e1d9dc671c752f386544f000cfecf73f200.json', 'mafdb_a5fa5463d23675efa6d77a8b373d81846a8f946ee4363e05ac855926bcd850cb.json', 'mafdb_3c4715263643d510615654aef8ed8da557fffe96cf62eb913d276dfba2a90a55.json', 'mafdb_e1c1a3efbbe62c2a7b832722eea7a97c4c6a0584661d34d7903dfb1cb8550001.json', 'mafdb_d654fe2f1d71c9b9393af17a389125cfb4f05a2ee4da5e63313ba90ce4460342.json', 'mafdb_8d0251a64e765db63487e462f331f4afb2749626a0d1c4085bb8731ac3a5052b.json', 'mafdb_79f51b2a6d308c5daae68edce3a1201466e175d5744f752df1eee9785022efe7.json', 'mafdb_dcc3944c503fdb1b76c43cbefebd97838f49d2f302bbc248d92b2fb3b5bb6d45.json', 'mafdb_7352970b74f3730627c76b09ab7aeb8b229af519dfd5753f3cca28876d58fb9a.json', 'mafdb_4555f69ce2c58254e8c25f01438d2c0763c3570e1c0d44ad7c518af8cc48fab3.json', 'mafdb_e2dd3ce5d6e99c0bc7b9506e67b69f3306090a007c49d5fcaa374905ab206601.json', 'mafdb_6e78c99c1b81707d2db92f79bd7196e77288041bc91e58d4b2d2fe623f314899.json', 'mafdb_fbc430092db6f27c57652a6d98f83f73df54adfe63f16dd4d3fda5ea19589601.json', 'mafdb_3f1962bcee100c1b89448256e57eca4b09479d8a967296cab1957e03b7ae9e26.json', 'mafdb_80e97632a9018b0ac3959746b5e96fcd4c1c7f4219aa40cf46f0c81f359ff15b.json', 'mafdb_8549b58233c57cc518f27f3d21b4551282ded33f8e0e846bc3ef39561d71f517.json', 'mafdb_939c401d5385681aad270b30627184a827131724fd534f6a4a9d3ea243183d25.json', 'mafdb_8668d6455b6b1a75d51d25c40b186476c55bcfe7efa0068ca17cf66a6cee84e2.json', 'mafdb_7d1845f8f12c76c9366de78059724636bda4584243a3cc27647a66a4d824500a.json', 'mafdb_fdfd9f2efea889252a132e0d03e501efa853be19ae07f257f05331fec285e8d0.json', 'mafdb_d30220db9123df6306e811743fc244aeeb8124f32266c56ac03a740cfe14cfdd.json']\n",
        "ingestionTime": 1745464279340,
        "eventId": "38925154102587345348078333576188967143980746958608334901"
    },
    {
        "logStreamName": "2025/04/24/[$LATEST]2dd51813e88343849b762a29ded6dbc2",
        "timestamp": 1745464277364,
        "message": "[INFO] 2025-04-24T03:11:17GMT MAF_DATABASE_AGGREGATOR RequestId: fc9ee7b1-a9f6-492c-a008-dab568f01c84\t Duration: 2.1104520000108096 ms\t InputLength: 50\t MaxMaf: 0\t MafDatabase: {}\n",
        "ingestionTime": 1745464279340,
        "eventId": "38925154102631946838475394822472038580526043681620295734"
    },
    {
        "logStreamName": "2025/04/24/[$LATEST]2dd51813e88343849b762a29ded6dbc2",
        "timestamp": 1745464277364,
        "message": "[INFO]\t2025-04-24T03:11:17.364Z\tfc9ee7b1-a9f6-492c-a008-dab568f01c84\tMAF_DATABASE_AGGREGATOR RequestId: fc9ee7b1-a9f6-492c-a008-dab568f01c84\t Duration: 2.1104520000108096 ms\t InputLength: 50\t MaxMaf: 0\t MafDatabase: {}\n",
        "ingestionTime": 1745464279340,
        "eventId": "38925154102631946838475394822472038580526043681620295735"
    },
    {
        "logStreamName": "2025/04/24/[$LATEST]2dd51813e88343849b762a29ded6dbc2",
        "timestamp": 1745464277638,
        "message": "FILE_TRANSFER RequestId: fc9ee7b1-a9f6-492c-a008-dab568f01c84\t TransferType: produced\t Action: upload_to_s3\t FileName: mafdb_7931e509ad046b781f87a62b80cc4d0fc0ab3ff2badd205b9efdddda689283f2.json\t Bucket: denethor\t FilePath: mafdb/mafdb_7931e509ad046b781f87a62b80cc4d0fc0ab3ff2badd205b9efdddda689283f2.json\t LocalFilePath: /tmp/mafdb/mafdb_7931e509ad046b781f87a62b80cc4d0fc0ab3ff2badd205b9efdddda689283f2.json\t FileSize: 9965 bytes\t TransferDuration: 273.63735699998415 ms\n",
        "ingestionTime": 1745464279340,
        "eventId": "38925154108742351022872785563252825387231694734258929720"
    },
    {
        "logStreamName": "2025/04/24/[$LATEST]2dd51813e88343849b762a29ded6dbc2",
        "timestamp": 1745464277642,
        "message": "PRODUCED_FILES_INFO RequestId: fc9ee7b1-a9f6-492c-a008-dab568f01c84\t FilesCount: 1 files\t FilesSize: 9965 bytes\t TransferDuration: 273.63735699998415 ms\t Provider: aws_lambda\t  ProducedFiles: ['mafdb_7931e509ad046b781f87a62b80cc4d0fc0ab3ff2badd205b9efdddda689283f2.json']\n",
        "ingestionTime": 1745464279340,
        "eventId": "38925154108831554003666908055818968260322288180282851385"
    },
    {
        "logStreamName": "2025/04/24/[$LATEST]2dd51813e88343849b762a29ded6dbc2",
        "timestamp": 1745464277644,
        "message": "END RequestId: fc9ee7b1-a9f6-492c-a008-dab568f01c84\n",
        "ingestionTime": 1745464279340,
        "eventId": "38925154108876155494063969302102039696867584903294812218"
    },
    {
        "logStreamName": "2025/04/24/[$LATEST]2dd51813e88343849b762a29ded6dbc2",
        "timestamp": 1745464277644,
        "message": "REPORT RequestId: fc9ee7b1-a9f6-492c-a008-dab568f01c84\tDuration: 6596.15 ms\tBilled Duration: 6597 ms\tMemory Size: 128 MB\tMax Memory Used: 108 MB\tInit Duration: 798.92 ms\t\n",
        "ingestionTime": 1745464279340,
        "eventId": "38925154108876155494063969302102039696867584903294812219"
    }
]