[
    {
        "logStreamName": "2025/04/23/[$LATEST]78f9f370ddf94e09a65bd40070bdf114",
        "timestamp": 1745367963627,
        "message": "INIT_START Runtime Version: python:3.10.v64\tRuntime Version ARN: arn:aws:lambda:sa-east-1::runtime:d56bdc8857b2109a058de2ab50bfb80ac2aa600be6f7855a436859944e5fe54b\n",
        "ingestionTime": 1745367967173,
        "eventId": "38923006234523991547251578403260976775910176994340831232"
    },
    {
        "logStreamName": "2025/04/23/[$LATEST]78f9f370ddf94e09a65bd40070bdf114",
        "timestamp": 1745367964503,
        "message": "START RequestId: c09f9c4b-9d24-499f-95b1-f925a010ea3c Version: $LATEST\n",
        "ingestionTime": 1745367967173,
        "eventId": "38923006254059444341164404275246265982750141673579675649"
    },
    {
        "logStreamName": "2025/04/23/[$LATEST]78f9f370ddf94e09a65bd40070bdf114",
        "timestamp": 1745367964504,
        "message": "Directory /tmp/mafdb was created!\n",
        "ingestionTime": 1745367967173,
        "eventId": "38923006254081745086362934898387801701022790035085656066"
    },
    {
        "logStreamName": "2025/04/23/[$LATEST]78f9f370ddf94e09a65bd40070bdf114",
        "timestamp": 1745367964688,
        "message": "FILE_TRANSFER RequestId: c09f9c4b-9d24-499f-95b1-f925a010ea3c\t TransferType: consumed\t Action: download_from_s3\t FileName: mafdb_7511017a4e93687a5be47b55aa4c08eff48c283a8153f5e070747057ad693f80.json\t Bucket: denethor\t FilePath: mafdb/mafdb_7511017a4e93687a5be47b55aa4c08eff48c283a8153f5e070747057ad693f80.json\t LocalFilePath: /tmp/mafdb/mafdb_7511017a4e93687a5be47b55aa4c08eff48c283a8153f5e070747057ad693f80.json\t FileSize: 314 bytes\t TransferDuration: 183.13839699976597 ms\n",
        "ingestionTime": 1745367967173,
        "eventId": "38923006258185082202892569556430373863190088552186052611"
    },
    {
        "logStreamName": "2025/04/23/[$LATEST]78f9f370ddf94e09a65bd40070bdf114",
        "timestamp": 1745367964765,
        "message": "FILE_TRANSFER RequestId: c09f9c4b-9d24-499f-95b1-f925a010ea3c\t TransferType: consumed\t Action: download_from_s3\t FileName: mafdb_d06e3b801f2ea82c2fcf1d5351d548e113546140f3671f10dfee7f0d1ee60d60.json\t Bucket: denethor\t FilePath: mafdb/mafdb_d06e3b801f2ea82c2fcf1d5351d548e113546140f3671f10dfee7f0d1ee60d60.json\t LocalFilePath: /tmp/mafdb/mafdb_d06e3b801f2ea82c2fcf1d5351d548e113546140f3671f10dfee7f0d1ee60d60.json\t FileSize: 194 bytes\t TransferDuration: 77.79757600019366 ms\n",
        "ingestionTime": 1745367967173,
        "eventId": "38923006259902239583179427538328624170184012388146544644"
    },
    {
        "logStreamName": "2025/04/23/[$LATEST]78f9f370ddf94e09a65bd40070bdf114",
        "timestamp": 1745367964766,
        "message": "CONSUMED_FILES_INFO RequestId: c09f9c4b-9d24-499f-95b1-f925a010ea3c\t FilesCount: 2 files\t FilesSize: 508 bytes\t TransferDuration: 260.93597299995963 ms\t ConsumedFiles: ['mafdb_7511017a4e93687a5be47b55aa4c08eff48c283a8153f5e070747057ad693f80.json', 'mafdb_d06e3b801f2ea82c2fcf1d5351d548e113546140f3671f10dfee7f0d1ee60d60.json']\n",
        "ingestionTime": 1745367967173,
        "eventId": "38923006259924540328377958161470159888456660749652525061"
    },
    {
        "logStreamName": "2025/04/23/[$LATEST]78f9f370ddf94e09a65bd40070bdf114",
        "timestamp": 1745367964766,
        "message": "[INFO] 2025-04-23T00:26:04GMT MAF_DATABASE_AGGREGATOR RequestId: c09f9c4b-9d24-499f-95b1-f925a010ea3c\t Duration: 0.3505909999148571 ms\t InputLength: 2\t MaxMaf: 0\t MafDatabase: {}\n",
        "ingestionTime": 1745367967173,
        "eventId": "38923006259924540328377958161470159888456660749652525062"
    },
    {
        "logStreamName": "2025/04/23/[$LATEST]78f9f370ddf94e09a65bd40070bdf114",
        "timestamp": 1745367964766,
        "message": "[INFO]\t2025-04-23T00:26:04.766Z\tc09f9c4b-9d24-499f-95b1-f925a010ea3c\tMAF_DATABASE_AGGREGATOR RequestId: c09f9c4b-9d24-499f-95b1-f925a010ea3c\t Duration: 0.3505909999148571 ms\t InputLength: 2\t MaxMaf: 0\t MafDatabase: {}\n",
        "ingestionTime": 1745367967173,
        "eventId": "38923006259924540328377958161470159888456660749652525063"
    },
    {
        "logStreamName": "2025/04/23/[$LATEST]78f9f370ddf94e09a65bd40070bdf114",
        "timestamp": 1745367964830,
        "message": "FILE_TRANSFER RequestId: c09f9c4b-9d24-499f-95b1-f925a010ea3c\t TransferType: produced\t Action: upload_to_s3\t FileName: mafdb_6fefe52b4239b7424a7bfab0e07a085ee08bd6e87e91539238ce6d9345334bf9.json\t Bucket: denethor\t FilePath: mafdb/mafdb_6fefe52b4239b7424a7bfab0e07a085ee08bd6e87e91539238ce6d9345334bf9.json\t LocalFilePath: /tmp/mafdb/mafdb_6fefe52b4239b7424a7bfab0e07a085ee08bd6e87e91539238ce6d9345334bf9.json\t FileSize: 516 bytes\t TransferDuration: 63.89467100007096 ms\n",
        "ingestionTime": 1745367967173,
        "eventId": "38923006261351788021083918042528445857906155886035271688"
    },
    {
        "logStreamName": "2025/04/23/[$LATEST]78f9f370ddf94e09a65bd40070bdf114",
        "timestamp": 1745367964830,
        "message": "PRODUCED_FILES_INFO RequestId: c09f9c4b-9d24-499f-95b1-f925a010ea3c\t FilesCount: 1 files\t FilesSize: 516 bytes\t TransferDuration: 63.89467100007096 ms\t Provider: aws_lambda\t  ProducedFiles: ['mafdb_6fefe52b4239b7424a7bfab0e07a085ee08bd6e87e91539238ce6d9345334bf9.json']\n",
        "ingestionTime": 1745367967173,
        "eventId": "38923006261351788021083918042528445857906155886035271689"
    },
    {
        "logStreamName": "2025/04/23/[$LATEST]78f9f370ddf94e09a65bd40070bdf114",
        "timestamp": 1745367964832,
        "message": "END RequestId: c09f9c4b-9d24-499f-95b1-f925a010ea3c\n",
        "ingestionTime": 1745367967173,
        "eventId": "38923006261396389511480979288811517294451452609047232522"
    },
    {
        "logStreamName": "2025/04/23/[$LATEST]78f9f370ddf94e09a65bd40070bdf114",
        "timestamp": 1745367964832,
        "message": "REPORT RequestId: c09f9c4b-9d24-499f-95b1-f925a010ea3c\tDuration: 329.06 ms\tBilled Duration: 330 ms\tMemory Size: 256 MB\tMax Memory Used: 107 MB\tInit Duration: 874.71 ms\t\n",
        "ingestionTime": 1745367967173,
        "eventId": "38923006261396389511480979288811517294451452609047232523"
    }
]