[
    {
        "logStreamName": "2025/04/23/[$LATEST]6c368f80a582435b838a9c1814f02fa6",
        "timestamp": 1745371343064,
        "message": "INIT_START Runtime Version: python:3.10.v64\tRuntime Version ARN: arn:aws:lambda:sa-east-1::runtime:d56bdc8857b2109a058de2ab50bfb80ac2aa600be6f7855a436859944e5fe54b\n",
        "ingestionTime": 1745371351709,
        "eventId": "38923081598487443033985060056957403968063367115432656896"
    },
    {
        "logStreamName": "2025/04/23/[$LATEST]6c368f80a582435b838a9c1814f02fa6",
        "timestamp": 1745371343892,
        "message": "START RequestId: c0e3ee82-8018-488a-8ddf-5d5d6fb517d1 Version: $LATEST\n",
        "ingestionTime": 1745371351709,
        "eventId": "38923081616952460058368416018148978697816210442384441345"
    },
    {
        "logStreamName": "2025/04/23/[$LATEST]6c368f80a582435b838a9c1814f02fa6",
        "timestamp": 1745371343893,
        "message": "Directory /tmp/mafdb was created!\n",
        "ingestionTime": 1745371351709,
        "eventId": "38923081616974760803566946641290514416088858803890421762"
    },
    {
        "logStreamName": "2025/04/23/[$LATEST]6c368f80a582435b838a9c1814f02fa6",
        "timestamp": 1745371344105,
        "message": "FILE_TRANSFER RequestId: c0e3ee82-8018-488a-8ddf-5d5d6fb517d1\t TransferType: consumed\t Action: download_from_s3\t FileName: mafdb_c451a256436a5fc45a562eaf2fead8dd42917b32894e636d2b705f5405224a88.json\t Bucket: denethor\t FilePath: mafdb/mafdb_c451a256436a5fc45a562eaf2fead8dd42917b32894e636d2b705f5405224a88.json\t LocalFilePath: /tmp/mafdb/mafdb_c451a256436a5fc45a562eaf2fead8dd42917b32894e636d2b705f5405224a88.json\t FileSize: 355 bytes\t TransferDuration: 211.3542229999439 ms\n",
        "ingestionTime": 1745371351709,
        "eventId": "38923081621702518785655438747296086689890311443158269955"
    },
    {
        "logStreamName": "2025/04/23/[$LATEST]6c368f80a582435b838a9c1814f02fa6",
        "timestamp": 1745371344190,
        "message": "FILE_TRANSFER RequestId: c0e3ee82-8018-488a-8ddf-5d5d6fb517d1\t TransferType: consumed\t Action: download_from_s3\t FileName: mafdb_3891ae3bc299950ca7a78c4d495828659f2cb320e0641ad8c6bfc4ced2d8e2b0.json\t Bucket: denethor\t FilePath: mafdb/mafdb_3891ae3bc299950ca7a78c4d495828659f2cb320e0641ad8c6bfc4ced2d8e2b0.json\t LocalFilePath: /tmp/mafdb/mafdb_3891ae3bc299950ca7a78c4d495828659f2cb320e0641ad8c6bfc4ced2d8e2b0.json\t FileSize: 355 bytes\t TransferDuration: 85.51340100029847 ms\n",
        "ingestionTime": 1745371351709,
        "eventId": "38923081623598082127530541714326622743065422171166605316"
    },
    {
        "logStreamName": "2025/04/23/[$LATEST]6c368f80a582435b838a9c1814f02fa6",
        "timestamp": 1745371344239,
        "message": "FILE_TRANSFER RequestId: c0e3ee82-8018-488a-8ddf-5d5d6fb517d1\t TransferType: consumed\t Action: download_from_s3\t FileName: mafdb_58aa863a1439bf886daca0713239dba1882676aea5266e0af5bebad97529db92.json\t Bucket: denethor\t FilePath: mafdb/mafdb_58aa863a1439bf886daca0713239dba1882676aea5266e0af5bebad97529db92.json\t LocalFilePath: /tmp/mafdb/mafdb_58aa863a1439bf886daca0713239dba1882676aea5266e0af5bebad97529db92.json\t FileSize: 314 bytes\t TransferDuration: 48.955745000057505 ms\n",
        "ingestionTime": 1745371351709,
        "eventId": "38923081624690818642258542248261872938425191884959645701"
    },
    {
        "logStreamName": "2025/04/23/[$LATEST]6c368f80a582435b838a9c1814f02fa6",
        "timestamp": 1745371344324,
        "message": "FILE_TRANSFER RequestId: c0e3ee82-8018-488a-8ddf-5d5d6fb517d1\t TransferType: consumed\t Action: download_from_s3\t FileName: mafdb_c1f206b6efa75e1df509578ad4d9fb9ea330d34e7283ccf9d6ad80fdedf66b9a.json\t Bucket: denethor\t FilePath: mafdb/mafdb_c1f206b6efa75e1df509578ad4d9fb9ea330d34e7283ccf9d6ad80fdedf66b9a.json\t LocalFilePath: /tmp/mafdb/mafdb_c1f206b6efa75e1df509578ad4d9fb9ea330d34e7283ccf9d6ad80fdedf66b9a.json\t FileSize: 314 bytes\t TransferDuration: 84.67970699985017 ms\n",
        "ingestionTime": 1745371351709,
        "eventId": "38923081626586381984133645215292408991600302612967981062"
    },
    {
        "logStreamName": "2025/04/23/[$LATEST]6c368f80a582435b838a9c1814f02fa6",
        "timestamp": 1745371344395,
        "message": "FILE_TRANSFER RequestId: c0e3ee82-8018-488a-8ddf-5d5d6fb517d1\t TransferType: consumed\t Action: download_from_s3\t FileName: mafdb_d7e79060050e13568977fc2c739b9eddf447a0cefe974cf809a00c1179f02def.json\t Bucket: denethor\t FilePath: mafdb/mafdb_d7e79060050e13568977fc2c739b9eddf447a0cefe974cf809a00c1179f02def.json\t LocalFilePath: /tmp/mafdb/mafdb_d7e79060050e13568977fc2c739b9eddf447a0cefe974cf809a00c1179f02def.json\t FileSize: 273 bytes\t TransferDuration: 70.64638699966963 ms\n",
        "ingestionTime": 1745371351709,
        "eventId": "38923081628169734893229319458341444988958336279892590599"
    },
    {
        "logStreamName": "2025/04/23/[$LATEST]6c368f80a582435b838a9c1814f02fa6",
        "timestamp": 1745371344469,
        "message": "FILE_TRANSFER RequestId: c0e3ee82-8018-488a-8ddf-5d5d6fb517d1\t TransferType: consumed\t Action: download_from_s3\t FileName: mafdb_dd5bb0860cd8cfcf1de73c7e51fea56058e02019372b37c0fbe797a9a837ad38.json\t Bucket: denethor\t FilePath: mafdb/mafdb_dd5bb0860cd8cfcf1de73c7e51fea56058e02019372b37c0fbe797a9a837ad38.json\t LocalFilePath: /tmp/mafdb/mafdb_dd5bb0860cd8cfcf1de73c7e51fea56058e02019372b37c0fbe797a9a837ad38.json\t FileSize: 232 bytes\t TransferDuration: 73.95908999978928 ms\n",
        "ingestionTime": 1745371351709,
        "eventId": "38923081629819990037920585570815088141134315031335141384"
    },
    {
        "logStreamName": "2025/04/23/[$LATEST]6c368f80a582435b838a9c1814f02fa6",
        "timestamp": 1745371344521,
        "message": "FILE_TRANSFER RequestId: c0e3ee82-8018-488a-8ddf-5d5d6fb517d1\t TransferType: consumed\t Action: download_from_s3\t FileName: mafdb_f4fb8761643a453074d9572d96789515b973db43273265bfc07d10c2b3697e6d.json\t Bucket: denethor\t FilePath: mafdb/mafdb_f4fb8761643a453074d9572d96789515b973db43273265bfc07d10c2b3697e6d.json\t LocalFilePath: /tmp/mafdb/mafdb_f4fb8761643a453074d9572d96789515b973db43273265bfc07d10c2b3697e6d.json\t FileSize: 232 bytes\t TransferDuration: 51.727997999932995 ms\n",
        "ingestionTime": 1745371351709,
        "eventId": "38923081630979628788244177974174945491312029829646123017"
    },
    {
        "logStreamName": "2025/04/23/[$LATEST]6c368f80a582435b838a9c1814f02fa6",
        "timestamp": 1745371344580,
        "message": "FILE_TRANSFER RequestId: c0e3ee82-8018-488a-8ddf-5d5d6fb517d1\t TransferType: consumed\t Action: download_from_s3\t FileName: mafdb_1fc60ba179d4022cc2706fa01097c85bbbc0bb1e1cfb62ef6cb25b6e0f12a318.json\t Bucket: denethor\t FilePath: mafdb/mafdb_1fc60ba179d4022cc2706fa01097c85bbbc0bb1e1cfb62ef6cb25b6e0f12a318.json\t LocalFilePath: /tmp/mafdb/mafdb_1fc60ba179d4022cc2706fa01097c85bbbc0bb1e1cfb62ef6cb25b6e0f12a318.json\t FileSize: 232 bytes\t TransferDuration: 59.758180000244465 ms\n",
        "ingestionTime": 1745371351709,
        "eventId": "38923081632295372754957484739525552869398283158498967562"
    },
    {
        "logStreamName": "2025/04/23/[$LATEST]6c368f80a582435b838a9c1814f02fa6",
        "timestamp": 1745371344672,
        "message": "FILE_TRANSFER RequestId: c0e3ee82-8018-488a-8ddf-5d5d6fb517d1\t TransferType: consumed\t Action: download_from_s3\t FileName: mafdb_5bc75c0f9d1868afb664138a4ac48ea647820d359302471223513b77e8f79e3e.json\t Bucket: denethor\t FilePath: mafdb/mafdb_5bc75c0f9d1868afb664138a4ac48ea647820d359302471223513b77e8f79e3e.json\t LocalFilePath: /tmp/mafdb/mafdb_5bc75c0f9d1868afb664138a4ac48ea647820d359302471223513b77e8f79e3e.json\t FileSize: 232 bytes\t TransferDuration: 91.82398299981287 ms\n",
        "ingestionTime": 1745371351709,
        "eventId": "38923081634347041313222302068546838950481932417049165835"
    },
    {
        "logStreamName": "2025/04/23/[$LATEST]6c368f80a582435b838a9c1814f02fa6",
        "timestamp": 1745371344743,
        "message": "FILE_TRANSFER RequestId: c0e3ee82-8018-488a-8ddf-5d5d6fb517d1\t TransferType: consumed\t Action: download_from_s3\t FileName: mafdb_c6f9bdcc9cf095b4cc92100a5d45f27a59abff72b82bc6fdea5fb67186885422.json\t Bucket: denethor\t FilePath: mafdb/mafdb_c6f9bdcc9cf095b4cc92100a5d45f27a59abff72b82bc6fdea5fb67186885422.json\t LocalFilePath: /tmp/mafdb/mafdb_c6f9bdcc9cf095b4cc92100a5d45f27a59abff72b82bc6fdea5fb67186885422.json\t FileSize: 232 bytes\t TransferDuration: 70.24717300009797 ms\n",
        "ingestionTime": 1745371351709,
        "eventId": "38923081635930394222317976311595874947839966083973775372"
    },
    {
        "logStreamName": "2025/04/23/[$LATEST]6c368f80a582435b838a9c1814f02fa6",
        "timestamp": 1745371344801,
        "message": "FILE_TRANSFER RequestId: c0e3ee82-8018-488a-8ddf-5d5d6fb517d1\t TransferType: consumed\t Action: download_from_s3\t FileName: mafdb_d9763115b2f7bbb170380eb0cf73c01c379877e17db9d20a5263916ed4781cf2.json\t Bucket: denethor\t FilePath: mafdb/mafdb_d9763115b2f7bbb170380eb0cf73c01c379877e17db9d20a5263916ed4781cf2.json\t LocalFilePath: /tmp/mafdb/mafdb_d9763115b2f7bbb170380eb0cf73c01c379877e17db9d20a5263916ed4781cf2.json\t FileSize: 232 bytes\t TransferDuration: 58.01548199997342 ms\n",
        "ingestionTime": 1745371351709,
        "eventId": "38923081637223837443832752453804946607653571051320639501"
    },
    {
        "logStreamName": "2025/04/23/[$LATEST]6c368f80a582435b838a9c1814f02fa6",
        "timestamp": 1745371344860,
        "message": "FILE_TRANSFER RequestId: c0e3ee82-8018-488a-8ddf-5d5d6fb517d1\t TransferType: consumed\t Action: download_from_s3\t FileName: mafdb_3b4259b136e5e067f460a57ff21fd5c531cf82501ea56dcbb754d3f18d8bf7b8.json\t Bucket: denethor\t FilePath: mafdb/mafdb_3b4259b136e5e067f460a57ff21fd5c531cf82501ea56dcbb754d3f18d8bf7b8.json\t LocalFilePath: /tmp/mafdb/mafdb_3b4259b136e5e067f460a57ff21fd5c531cf82501ea56dcbb754d3f18d8bf7b8.json\t FileSize: 236 bytes\t TransferDuration: 58.83216200027164 ms\n",
        "ingestionTime": 1745371351709,
        "eventId": "38923081638539581410546059219155553985739824380173484046"
    },
    {
        "logStreamName": "2025/04/23/[$LATEST]6c368f80a582435b838a9c1814f02fa6",
        "timestamp": 1745371344950,
        "message": "FILE_TRANSFER RequestId: c0e3ee82-8018-488a-8ddf-5d5d6fb517d1\t TransferType: consumed\t Action: download_from_s3\t FileName: mafdb_a8a323c6db7012f298ceb95c38eb1038d7396da8f552c419b6ecae1fd4096914.json\t Bucket: denethor\t FilePath: mafdb/mafdb_a8a323c6db7012f298ceb95c38eb1038d7396da8f552c419b6ecae1fd4096914.json\t LocalFilePath: /tmp/mafdb/mafdb_a8a323c6db7012f298ceb95c38eb1038d7396da8f552c419b6ecae1fd4096914.json\t FileSize: 236 bytes\t TransferDuration: 90.8383450000656 ms\n",
        "ingestionTime": 1745371351709,
        "eventId": "38923081640546648478413815301893768630278176915711721487"
    },
    {
        "logStreamName": "2025/04/23/[$LATEST]6c368f80a582435b838a9c1814f02fa6",
        "timestamp": 1745371345001,
        "message": "FILE_TRANSFER RequestId: c0e3ee82-8018-488a-8ddf-5d5d6fb517d1\t TransferType: consumed\t Action: download_from_s3\t FileName: mafdb_e97fc06a644ed444f29205f62ad0887de8a84fba55d54a0ec90cd5febed725fd.json\t Bucket: denethor\t FilePath: mafdb/mafdb_e97fc06a644ed444f29205f62ad0887de8a84fba55d54a0ec90cd5febed725fd.json\t LocalFilePath: /tmp/mafdb/mafdb_e97fc06a644ed444f29205f62ad0887de8a84fba55d54a0ec90cd5febed725fd.json\t FileSize: 194 bytes\t TransferDuration: 50.42662100004236 ms\n",
        "ingestionTime": 1745371351709,
        "eventId": "38923081641683986483538877082112090262183243352516722704"
    },
    {
        "logStreamName": "2025/04/23/[$LATEST]6c368f80a582435b838a9c1814f02fa6",
        "timestamp": 1745371345084,
        "message": "FILE_TRANSFER RequestId: c0e3ee82-8018-488a-8ddf-5d5d6fb517d1\t TransferType: consumed\t Action: download_from_s3\t FileName: mafdb_866395c0e9bcad91ea23a34be8f807043e9d89a305220fb5fe0135cec6fc0386.json\t Bucket: denethor\t FilePath: mafdb/mafdb_866395c0e9bcad91ea23a34be8f807043e9d89a305220fb5fe0135cec6fc0386.json\t LocalFilePath: /tmp/mafdb/mafdb_866395c0e9bcad91ea23a34be8f807043e9d89a305220fb5fe0135cec6fc0386.json\t FileSize: 194 bytes\t TransferDuration: 82.66515199966307 ms\n",
        "ingestionTime": 1745371351709,
        "eventId": "38923081643534948335016918802859554878813057357513097233"
    },
    {
        "logStreamName": "2025/04/23/[$LATEST]6c368f80a582435b838a9c1814f02fa6",
        "timestamp": 1745371345143,
        "message": "FILE_TRANSFER RequestId: c0e3ee82-8018-488a-8ddf-5d5d6fb517d1\t TransferType: consumed\t Action: download_from_s3\t FileName: mafdb_fbc430092db6f27c57652a6d98f83f73df54adfe63f16dd4d3fda5ea19589601.json\t Bucket: denethor\t FilePath: mafdb/mafdb_fbc430092db6f27c57652a6d98f83f73df54adfe63f16dd4d3fda5ea19589601.json\t LocalFilePath: /tmp/mafdb/mafdb_fbc430092db6f27c57652a6d98f83f73df54adfe63f16dd4d3fda5ea19589601.json\t FileSize: 194 bytes\t TransferDuration: 59.62861499983774 ms\n",
        "ingestionTime": 1745371351709,
        "eventId": "38923081644850692301730225568210162256899310686365941778"
    },
    {
        "logStreamName": "2025/04/23/[$LATEST]6c368f80a582435b838a9c1814f02fa6",
        "timestamp": 1745371345218,
        "message": "FILE_TRANSFER RequestId: c0e3ee82-8018-488a-8ddf-5d5d6fb517d1\t TransferType: consumed\t Action: download_from_s3\t FileName: mafdb_9e89a2d9626232c9cf6bb22415e28ee791fac0d91f5cb8de0762d9421c522216.json\t Bucket: denethor\t FilePath: mafdb/mafdb_9e89a2d9626232c9cf6bb22415e28ee791fac0d91f5cb8de0762d9421c522216.json\t LocalFilePath: /tmp/mafdb/mafdb_9e89a2d9626232c9cf6bb22415e28ee791fac0d91f5cb8de0762d9421c522216.json\t FileSize: 194 bytes\t TransferDuration: 74.83036900021034 ms\n",
        "ingestionTime": 1745371351709,
        "eventId": "38923081646523248191620022303825341127347937799314472979"
    },
    {
        "logStreamName": "2025/04/23/[$LATEST]6c368f80a582435b838a9c1814f02fa6",
        "timestamp": 1745371345279,
        "message": "FILE_TRANSFER RequestId: c0e3ee82-8018-488a-8ddf-5d5d6fb517d1\t TransferType: consumed\t Action: download_from_s3\t FileName: mafdb_6ab49176d5faa9657c21a8dafb35bfdd8329ad167370a62e1132291095260bfe.json\t Bucket: denethor\t FilePath: mafdb/mafdb_6ab49176d5faa9657c21a8dafb35bfdd8329ad167370a62e1132291095260bfe.json\t LocalFilePath: /tmp/mafdb/mafdb_6ab49176d5faa9657c21a8dafb35bfdd8329ad167370a62e1132291095260bfe.json\t FileSize: 194 bytes\t TransferDuration: 60.91260100038198 ms\n",
        "ingestionTime": 1745371351709,
        "eventId": "38923081647883593648730390315459019941979487851179278356"
    },
    {
        "logStreamName": "2025/04/23/[$LATEST]6c368f80a582435b838a9c1814f02fa6",
        "timestamp": 1745371345357,
        "message": "FILE_TRANSFER RequestId: c0e3ee82-8018-488a-8ddf-5d5d6fb517d1\t TransferType: consumed\t Action: download_from_s3\t FileName: mafdb_9fea3d3367f7d31b187bb16dfbc03548461beefa3c49e595c6f3f6009461d8c2.json\t Bucket: denethor\t FilePath: mafdb/mafdb_9fea3d3367f7d31b187bb16dfbc03548461beefa3c49e595c6f3f6009461d8c2.json\t LocalFilePath: /tmp/mafdb/mafdb_9fea3d3367f7d31b187bb16dfbc03548461beefa3c49e595c6f3f6009461d8c2.json\t FileSize: 194 bytes\t TransferDuration: 78.15841100000398 ms\n",
        "ingestionTime": 1745371351709,
        "eventId": "38923081649623051774215778920498805967246060048645750805"
    },
    {
        "logStreamName": "2025/04/23/[$LATEST]6c368f80a582435b838a9c1814f02fa6",
        "timestamp": 1745371345420,
        "message": "FILE_TRANSFER RequestId: c0e3ee82-8018-488a-8ddf-5d5d6fb517d1\t TransferType: consumed\t Action: download_from_s3\t FileName: mafdb_305aed4207bfb203de05969878a8e31d34cc6693adbcfb75bbdedf0e956b6491.json\t Bucket: denethor\t FilePath: mafdb/mafdb_305aed4207bfb203de05969878a8e31d34cc6693adbcfb75bbdedf0e956b6491.json\t LocalFilePath: /tmp/mafdb/mafdb_305aed4207bfb203de05969878a8e31d34cc6693adbcfb75bbdedf0e956b6491.json\t FileSize: 194 bytes\t TransferDuration: 62.875156000245624 ms\n",
        "ingestionTime": 1745371351709,
        "eventId": "38923081651027998721723208178415556218422906823522517014"
    },
    {
        "logStreamName": "2025/04/23/[$LATEST]6c368f80a582435b838a9c1814f02fa6",
        "timestamp": 1745371345421,
        "message": "CONSUMED_FILES_INFO RequestId: c0e3ee82-8018-488a-8ddf-5d5d6fb517d1\t FilesCount: 20 files\t FilesSize: 4833 bytes\t TransferDuration: 1525.848801000393 ms\t ConsumedFiles: ['mafdb_c451a256436a5fc45a562eaf2fead8dd42917b32894e636d2b705f5405224a88.json', 'mafdb_3891ae3bc299950ca7a78c4d495828659f2cb320e0641ad8c6bfc4ced2d8e2b0.json', 'mafdb_58aa863a1439bf886daca0713239dba1882676aea5266e0af5bebad97529db92.json', 'mafdb_c1f206b6efa75e1df509578ad4d9fb9ea330d34e7283ccf9d6ad80fdedf66b9a.json', 'mafdb_d7e79060050e13568977fc2c739b9eddf447a0cefe974cf809a00c1179f02def.json', 'mafdb_dd5bb0860cd8cfcf1de73c7e51fea56058e02019372b37c0fbe797a9a837ad38.json', 'mafdb_f4fb8761643a453074d9572d96789515b973db43273265bfc07d10c2b3697e6d.json', 'mafdb_1fc60ba179d4022cc2706fa01097c85bbbc0bb1e1cfb62ef6cb25b6e0f12a318.json', 'mafdb_5bc75c0f9d1868afb664138a4ac48ea647820d359302471223513b77e8f79e3e.json', 'mafdb_c6f9bdcc9cf095b4cc92100a5d45f27a59abff72b82bc6fdea5fb67186885422.json', 'mafdb_d9763115b2f7bbb170380eb0cf73c01c379877e17db9d20a5263916ed4781cf2.json', 'mafdb_3b4259b136e5e067f460a57ff21fd5c531cf82501ea56dcbb754d3f18d8bf7b8.json', 'mafdb_a8a323c6db7012f298ceb95c38eb1038d7396da8f552c419b6ecae1fd4096914.json', 'mafdb_e97fc06a644ed444f29205f62ad0887de8a84fba55d54a0ec90cd5febed725fd.json', 'mafdb_866395c0e9bcad91ea23a34be8f807043e9d89a305220fb5fe0135cec6fc0386.json', 'mafdb_fbc430092db6f27c57652a6d98f83f73df54adfe63f16dd4d3fda5ea19589601.json', 'mafdb_9e89a2d9626232c9cf6bb22415e28ee791fac0d91f5cb8de0762d9421c522216.json', 'mafdb_6ab49176d5faa9657c21a8dafb35bfdd8329ad167370a62e1132291095260bfe.json', 'mafdb_9fea3d3367f7d31b187bb16dfbc03548461beefa3c49e595c6f3f6009461d8c2.json', 'mafdb_305aed4207bfb203de05969878a8e31d34cc6693adbcfb75bbdedf0e956b6491.json']\n",
        "ingestionTime": 1745371351709,
        "eventId": "38923081651050299466921738801557091936695555185028497431"
    },
    {
        "logStreamName": "2025/04/23/[$LATEST]6c368f80a582435b838a9c1814f02fa6",
        "timestamp": 1745371345422,
        "message": "[INFO] 2025-04-23T01:22:25GMT MAF_DATABASE_AGGREGATOR RequestId: c0e3ee82-8018-488a-8ddf-5d5d6fb517d1\t Duration: 1.0799609999594395 ms\t InputLength: 20\t MaxMaf: 0\t MafDatabase: {}\n",
        "ingestionTime": 1745371351709,
        "eventId": "38923081651072600212120269424698627654968203546534477848"
    },
    {
        "logStreamName": "2025/04/23/[$LATEST]6c368f80a582435b838a9c1814f02fa6",
        "timestamp": 1745371345422,
        "message": "[INFO]\t2025-04-23T01:22:25.422Z\tc0e3ee82-8018-488a-8ddf-5d5d6fb517d1\tMAF_DATABASE_AGGREGATOR RequestId: c0e3ee82-8018-488a-8ddf-5d5d6fb517d1\t Duration: 1.0799609999594395 ms\t InputLength: 20\t MaxMaf: 0\t MafDatabase: {}\n",
        "ingestionTime": 1745371351709,
        "eventId": "38923081651072600212120269424698627654968203546534477849"
    },
    {
        "logStreamName": "2025/04/23/[$LATEST]6c368f80a582435b838a9c1814f02fa6",
        "timestamp": 1745371345506,
        "message": "FILE_TRANSFER RequestId: c0e3ee82-8018-488a-8ddf-5d5d6fb517d1\t TransferType: produced\t Action: upload_to_s3\t FileName: mafdb_e7d8e42c696b2e510ced6d122d1836364686d6d7f09f07166c26aa42087c89e3.json\t Bucket: denethor\t FilePath: mafdb/mafdb_e7d8e42c696b2e510ced6d122d1836364686d6d7f09f07166c26aa42087c89e3.json\t LocalFilePath: /tmp/mafdb/mafdb_e7d8e42c696b2e510ced6d122d1836364686d6d7f09f07166c26aa42087c89e3.json\t FileSize: 4277 bytes\t TransferDuration: 84.24182699991434 ms\n",
        "ingestionTime": 1745371351709,
        "eventId": "38923081652945862808796841768587627989870665913036832794"
    },
    {
        "logStreamName": "2025/04/23/[$LATEST]6c368f80a582435b838a9c1814f02fa6",
        "timestamp": 1745371345507,
        "message": "PRODUCED_FILES_INFO RequestId: c0e3ee82-8018-488a-8ddf-5d5d6fb517d1\t FilesCount: 1 files\t FilesSize: 4277 bytes\t TransferDuration: 84.24182699991434 ms\t Provider: aws_lambda\t  ProducedFiles: ['mafdb_e7d8e42c696b2e510ced6d122d1836364686d6d7f09f07166c26aa42087c89e3.json']\n",
        "ingestionTime": 1745371351709,
        "eventId": "38923081652968163553995372391729163708143314274542813211"
    },
    {
        "logStreamName": "2025/04/23/[$LATEST]6c368f80a582435b838a9c1814f02fa6",
        "timestamp": 1745371345509,
        "message": "END RequestId: c0e3ee82-8018-488a-8ddf-5d5d6fb517d1\n",
        "ingestionTime": 1745371351709,
        "eventId": "38923081653012765044392433638012235144688610997554774044"
    },
    {
        "logStreamName": "2025/04/23/[$LATEST]6c368f80a582435b838a9c1814f02fa6",
        "timestamp": 1745371345509,
        "message": "REPORT RequestId: c0e3ee82-8018-488a-8ddf-5d5d6fb517d1\tDuration: 1617.29 ms\tBilled Duration: 1618 ms\tMemory Size: 256 MB\tMax Memory Used: 107 MB\tInit Duration: 827.11 ms\t\n",
        "ingestionTime": 1745371351709,
        "eventId": "38923081653012765044392433638012235144688610997554774045"
    }
]