[
    {
        "logStreamName": "2025/04/23/[$LATEST]2f2b195433794c5792d4633f89a86036",
        "timestamp": 1745367960683,
        "message": "INIT_START Runtime Version: python:3.10.v64\tRuntime Version ARN: arn:aws:lambda:sa-east-1::runtime:d56bdc8857b2109a058de2ab50bfb80ac2aa600be6f7855a436859944e5fe54b\n",
        "ingestionTime": 1745367964861,
        "eventId": "38923006168870597682777423871784690858435953549234470912"
    },
    {
        "logStreamName": "2025/04/23/[$LATEST]2f2b195433794c5792d4633f89a86036",
        "timestamp": 1745367961567,
        "message": "START RequestId: 987b826d-c222-4c6b-b49f-8051a50c6784 Version: $LATEST\n",
        "ingestionTime": 1745367964861,
        "eventId": "38923006188584456438278494728902265811457105120521158657"
    },
    {
        "logStreamName": "2025/04/23/[$LATEST]2f2b195433794c5792d4633f89a86036",
        "timestamp": 1745367961568,
        "message": "Directory /tmp/subtree was created!\n",
        "ingestionTime": 1745367964861,
        "eventId": "38923006188606757183477025352043801529729753482027139074"
    },
    {
        "logStreamName": "2025/04/23/[$LATEST]2f2b195433794c5792d4633f89a86036",
        "timestamp": 1745367961568,
        "message": "Directory /tmp/mafdb was created!\n",
        "ingestionTime": 1745367964861,
        "eventId": "38923006188606757183477025352043801529729753482027139075"
    },
    {
        "logStreamName": "2025/04/23/[$LATEST]2f2b195433794c5792d4633f89a86036",
        "timestamp": 1745367961609,
        "message": "[INFO] 2025-04-23T00:26:01GMT File tree_ORTHOMCL371_Inner1.nexus already exists in local path. Skipping download.\n",
        "ingestionTime": 1745367964861,
        "eventId": "38923006189521087736616780900846765978908336303772336132"
    },
    {
        "logStreamName": "2025/04/23/[$LATEST]2f2b195433794c5792d4633f89a86036",
        "timestamp": 1745367961609,
        "message": "[INFO]\t2025-04-23T00:26:01.609Z\t987b826d-c222-4c6b-b49f-8051a50c6784\tFile tree_ORTHOMCL371_Inner1.nexus already exists in local path. Skipping download.\n",
        "ingestionTime": 1745367964861,
        "eventId": "38923006189521087736616780900846765978908336303772336133"
    },
    {
        "logStreamName": "2025/04/23/[$LATEST]2f2b195433794c5792d4633f89a86036",
        "timestamp": 1745367961609,
        "message": "[INFO]\t2025-04-23T00:26:01.609Z\t987b826d-c222-4c6b-b49f-8051a50c6784\tFILE_TRANSFER RequestId: 987b826d-c222-4c6b-b49f-8051a50c6784\t TransferType: consumed\t Action: download_from_s3\t FileName: tree_ORTHOMCL371_Inner1.nexus\t Bucket: denethor\t FilePath: subtree/tree_ORTHOMCL371_Inner1.nexus\t FilePathLocal: /tmp/subtree\t FileSize: 187 bytes\t TransferDuration: 0 ms\n",
        "ingestionTime": 1745367964861,
        "eventId": "38923006189521087736616780900846765978908336303772336134"
    },
    {
        "logStreamName": "2025/04/23/[$LATEST]2f2b195433794c5792d4633f89a86036",
        "timestamp": 1745367961609,
        "message": "[INFO] 2025-04-23T00:26:01GMT FILE_TRANSFER RequestId: 987b826d-c222-4c6b-b49f-8051a50c6784\t TransferType: consumed\t Action: download_from_s3\t FileName: tree_ORTHOMCL371_Inner1.nexus\t Bucket: denethor\t FilePath: subtree/tree_ORTHOMCL371_Inner1.nexus\t FilePathLocal: /tmp/subtree\t FileSize: 187 bytes\t TransferDuration: 0 ms\n",
        "ingestionTime": 1745367964861,
        "eventId": "38923006189521087736616780900846765978908336303772336135"
    },
    {
        "logStreamName": "2025/04/23/[$LATEST]2f2b195433794c5792d4633f89a86036",
        "timestamp": 1745367961647,
        "message": "[INFO] 2025-04-23T00:26:01GMT File tree_ORTHOMCL371_Inner2.nexus already exists in local path. Skipping download.\n",
        "ingestionTime": 1745367964861,
        "eventId": "38923006190368516054160944580225123273268974040999591944"
    },
    {
        "logStreamName": "2025/04/23/[$LATEST]2f2b195433794c5792d4633f89a86036",
        "timestamp": 1745367961647,
        "message": "[INFO]\t2025-04-23T00:26:01.646Z\t987b826d-c222-4c6b-b49f-8051a50c6784\tFile tree_ORTHOMCL371_Inner2.nexus already exists in local path. Skipping download.\n",
        "ingestionTime": 1745367964861,
        "eventId": "38923006190368516054160944580225123273268974040999591945"
    },
    {
        "logStreamName": "2025/04/23/[$LATEST]2f2b195433794c5792d4633f89a86036",
        "timestamp": 1745367961647,
        "message": "[INFO] 2025-04-23T00:26:01GMT FILE_TRANSFER RequestId: 987b826d-c222-4c6b-b49f-8051a50c6784\t TransferType: consumed\t Action: download_from_s3\t FileName: tree_ORTHOMCL371_Inner2.nexus\t Bucket: denethor\t FilePath: subtree/tree_ORTHOMCL371_Inner2.nexus\t FilePathLocal: /tmp/subtree\t FileSize: 183 bytes\t TransferDuration: 0 ms\n",
        "ingestionTime": 1745367964861,
        "eventId": "38923006190368516054160944580225123273268974040999591946"
    },
    {
        "logStreamName": "2025/04/23/[$LATEST]2f2b195433794c5792d4633f89a86036",
        "timestamp": 1745367961647,
        "message": "[INFO]\t2025-04-23T00:26:01.647Z\t987b826d-c222-4c6b-b49f-8051a50c6784\tFILE_TRANSFER RequestId: 987b826d-c222-4c6b-b49f-8051a50c6784\t TransferType: consumed\t Action: download_from_s3\t FileName: tree_ORTHOMCL371_Inner2.nexus\t Bucket: denethor\t FilePath: subtree/tree_ORTHOMCL371_Inner2.nexus\t FilePathLocal: /tmp/subtree\t FileSize: 183 bytes\t TransferDuration: 0 ms\n",
        "ingestionTime": 1745367964861,
        "eventId": "38923006190368516054160944580225123273268974040999591947"
    },
    {
        "logStreamName": "2025/04/23/[$LATEST]2f2b195433794c5792d4633f89a86036",
        "timestamp": 1745367961668,
        "message": "[INFO] 2025-04-23T00:26:01GMT File tree_ORTHOMCL371_Inner3.nexus already exists in local path. Skipping download.\n",
        "ingestionTime": 1745367964861,
        "eventId": "38923006190836831703330087666197373356994589632625180684"
    },
    {
        "logStreamName": "2025/04/23/[$LATEST]2f2b195433794c5792d4633f89a86036",
        "timestamp": 1745367961668,
        "message": "[INFO]\t2025-04-23T00:26:01.667Z\t987b826d-c222-4c6b-b49f-8051a50c6784\tFile tree_ORTHOMCL371_Inner3.nexus already exists in local path. Skipping download.\n",
        "ingestionTime": 1745367964861,
        "eventId": "38923006190836831703330087666197373356994589632625180685"
    },
    {
        "logStreamName": "2025/04/23/[$LATEST]2f2b195433794c5792d4633f89a86036",
        "timestamp": 1745367961668,
        "message": "[INFO] 2025-04-23T00:26:01GMT FILE_TRANSFER RequestId: 987b826d-c222-4c6b-b49f-8051a50c6784\t TransferType: consumed\t Action: download_from_s3\t FileName: tree_ORTHOMCL371_Inner3.nexus\t Bucket: denethor\t FilePath: subtree/tree_ORTHOMCL371_Inner3.nexus\t FilePathLocal: /tmp/subtree\t FileSize: 299 bytes\t TransferDuration: 0 ms\n",
        "ingestionTime": 1745367964861,
        "eventId": "38923006190836831703330087666197373356994589632625180686"
    },
    {
        "logStreamName": "2025/04/23/[$LATEST]2f2b195433794c5792d4633f89a86036",
        "timestamp": 1745367961668,
        "message": "[INFO]\t2025-04-23T00:26:01.668Z\t987b826d-c222-4c6b-b49f-8051a50c6784\tFILE_TRANSFER RequestId: 987b826d-c222-4c6b-b49f-8051a50c6784\t TransferType: consumed\t Action: download_from_s3\t FileName: tree_ORTHOMCL371_Inner3.nexus\t Bucket: denethor\t FilePath: subtree/tree_ORTHOMCL371_Inner3.nexus\t FilePathLocal: /tmp/subtree\t FileSize: 299 bytes\t TransferDuration: 0 ms\n",
        "ingestionTime": 1745367964861,
        "eventId": "38923006190836831703330087666197373356994589632625180687"
    },
    {
        "logStreamName": "2025/04/23/[$LATEST]2f2b195433794c5792d4633f89a86036",
        "timestamp": 1745367961707,
        "message": "[INFO] 2025-04-23T00:26:01GMT File tree_ORTHOMCL371_Inner4.nexus already exists in local path. Skipping download.\n",
        "ingestionTime": 1745367964861,
        "eventId": "38923006191706560766072781968717266369627875731358416912"
    },
    {
        "logStreamName": "2025/04/23/[$LATEST]2f2b195433794c5792d4633f89a86036",
        "timestamp": 1745367961707,
        "message": "[INFO]\t2025-04-23T00:26:01.706Z\t987b826d-c222-4c6b-b49f-8051a50c6784\tFile tree_ORTHOMCL371_Inner4.nexus already exists in local path. Skipping download.\n",
        "ingestionTime": 1745367964861,
        "eventId": "38923006191706560766072781968717266369627875731358416913"
    },
    {
        "logStreamName": "2025/04/23/[$LATEST]2f2b195433794c5792d4633f89a86036",
        "timestamp": 1745367961707,
        "message": "[INFO]\t2025-04-23T00:26:01.707Z\t987b826d-c222-4c6b-b49f-8051a50c6784\tFILE_TRANSFER RequestId: 987b826d-c222-4c6b-b49f-8051a50c6784\t TransferType: consumed\t Action: download_from_s3\t FileName: tree_ORTHOMCL371_Inner4.nexus\t Bucket: denethor\t FilePath: subtree/tree_ORTHOMCL371_Inner4.nexus\t FilePathLocal: /tmp/subtree\t FileSize: 357 bytes\t TransferDuration: 0 ms\n",
        "ingestionTime": 1745367964861,
        "eventId": "38923006191706560766072781968717266369627875731358416914"
    },
    {
        "logStreamName": "2025/04/23/[$LATEST]2f2b195433794c5792d4633f89a86036",
        "timestamp": 1745367961707,
        "message": "[INFO] 2025-04-23T00:26:01GMT FILE_TRANSFER RequestId: 987b826d-c222-4c6b-b49f-8051a50c6784\t TransferType: consumed\t Action: download_from_s3\t FileName: tree_ORTHOMCL371_Inner4.nexus\t Bucket: denethor\t FilePath: subtree/tree_ORTHOMCL371_Inner4.nexus\t FilePathLocal: /tmp/subtree\t FileSize: 357 bytes\t TransferDuration: 0 ms\n",
        "ingestionTime": 1745367964861,
        "eventId": "38923006191706560766072781968717266369627875731358416915"
    },
    {
        "logStreamName": "2025/04/23/[$LATEST]2f2b195433794c5792d4633f89a86036",
        "timestamp": 1745367961748,
        "message": "[INFO] 2025-04-23T00:26:01GMT File tree_ORTHOMCL371_Inner5.nexus already exists in local path. Skipping download.\n",
        "ingestionTime": 1745367964861,
        "eventId": "38923006192620891319212537517520230818806458553103613972"
    },
    {
        "logStreamName": "2025/04/23/[$LATEST]2f2b195433794c5792d4633f89a86036",
        "timestamp": 1745367961748,
        "message": "[INFO]\t2025-04-23T00:26:01.748Z\t987b826d-c222-4c6b-b49f-8051a50c6784\tFile tree_ORTHOMCL371_Inner5.nexus already exists in local path. Skipping download.\n",
        "ingestionTime": 1745367964861,
        "eventId": "38923006192620891319212537517520230818806458553103613973"
    },
    {
        "logStreamName": "2025/04/23/[$LATEST]2f2b195433794c5792d4633f89a86036",
        "timestamp": 1745367961748,
        "message": "[INFO]\t2025-04-23T00:26:01.748Z\t987b826d-c222-4c6b-b49f-8051a50c6784\tFILE_TRANSFER RequestId: 987b826d-c222-4c6b-b49f-8051a50c6784\t TransferType: consumed\t Action: download_from_s3\t FileName: tree_ORTHOMCL371_Inner5.nexus\t Bucket: denethor\t FilePath: subtree/tree_ORTHOMCL371_Inner5.nexus\t FilePathLocal: /tmp/subtree\t FileSize: 185 bytes\t TransferDuration: 0 ms\n",
        "ingestionTime": 1745367964861,
        "eventId": "38923006192620891319212537517520230818806458553103613974"
    },
    {
        "logStreamName": "2025/04/23/[$LATEST]2f2b195433794c5792d4633f89a86036",
        "timestamp": 1745367961749,
        "message": "[INFO] 2025-04-23T00:26:01GMT FILE_TRANSFER RequestId: 987b826d-c222-4c6b-b49f-8051a50c6784\t TransferType: consumed\t Action: download_from_s3\t FileName: tree_ORTHOMCL371_Inner5.nexus\t Bucket: denethor\t FilePath: subtree/tree_ORTHOMCL371_Inner5.nexus\t FilePathLocal: /tmp/subtree\t FileSize: 185 bytes\t TransferDuration: 0 ms\n",
        "ingestionTime": 1745367964861,
        "eventId": "38923006192643192064411068140661766537079106914609594391"
    },
    {
        "logStreamName": "2025/04/23/[$LATEST]2f2b195433794c5792d4633f89a86036",
        "timestamp": 1745367961770,
        "message": "[INFO] 2025-04-23T00:26:01GMT File tree_ORTHOMCL371_Inner6.nexus already exists in local path. Skipping download.\n",
        "ingestionTime": 1745367964861,
        "eventId": "38923006193111507713580211226634016620804722506235183128"
    },
    {
        "logStreamName": "2025/04/23/[$LATEST]2f2b195433794c5792d4633f89a86036",
        "timestamp": 1745367961770,
        "message": "[INFO]\t2025-04-23T00:26:01.770Z\t987b826d-c222-4c6b-b49f-8051a50c6784\tFile tree_ORTHOMCL371_Inner6.nexus already exists in local path. Skipping download.\n",
        "ingestionTime": 1745367964861,
        "eventId": "38923006193111507713580211226634016620804722506235183129"
    },
    {
        "logStreamName": "2025/04/23/[$LATEST]2f2b195433794c5792d4633f89a86036",
        "timestamp": 1745367961786,
        "message": "[INFO] 2025-04-23T00:26:01GMT FILE_TRANSFER RequestId: 987b826d-c222-4c6b-b49f-8051a50c6784\t TransferType: consumed\t Action: download_from_s3\t FileName: tree_ORTHOMCL371_Inner6.nexus\t Bucket: denethor\t FilePath: subtree/tree_ORTHOMCL371_Inner6.nexus\t FilePathLocal: /tmp/subtree\t FileSize: 511 bytes\t TransferDuration: 0 ms\n",
        "ingestionTime": 1745367964861,
        "eventId": "38923006193468319636756701196898588113167096290330869786"
    },
    {
        "logStreamName": "2025/04/23/[$LATEST]2f2b195433794c5792d4633f89a86036",
        "timestamp": 1745367961786,
        "message": "[INFO]\t2025-04-23T00:26:01.770Z\t987b826d-c222-4c6b-b49f-8051a50c6784\tFILE_TRANSFER RequestId: 987b826d-c222-4c6b-b49f-8051a50c6784\t TransferType: consumed\t Action: download_from_s3\t FileName: tree_ORTHOMCL371_Inner6.nexus\t Bucket: denethor\t FilePath: subtree/tree_ORTHOMCL371_Inner6.nexus\t FilePathLocal: /tmp/subtree\t FileSize: 511 bytes\t TransferDuration: 0 ms\n",
        "ingestionTime": 1745367964861,
        "eventId": "38923006193468319636756701196898588113167096290330869787"
    },
    {
        "logStreamName": "2025/04/23/[$LATEST]2f2b195433794c5792d4633f89a86036",
        "timestamp": 1745367961827,
        "message": "[INFO] 2025-04-23T00:26:01GMT File tree_ORTHOMCL1313_Inner1.nexus already exists in local path. Skipping download.\n",
        "ingestionTime": 1745367964861,
        "eventId": "38923006194382650189896456745701552562345679112076066844"
    },
    {
        "logStreamName": "2025/04/23/[$LATEST]2f2b195433794c5792d4633f89a86036",
        "timestamp": 1745367961827,
        "message": "[INFO]\t2025-04-23T00:26:01.826Z\t987b826d-c222-4c6b-b49f-8051a50c6784\tFile tree_ORTHOMCL1313_Inner1.nexus already exists in local path. Skipping download.\n",
        "ingestionTime": 1745367964861,
        "eventId": "38923006194382650189896456745701552562345679112076066845"
    },
    {
        "logStreamName": "2025/04/23/[$LATEST]2f2b195433794c5792d4633f89a86036",
        "timestamp": 1745367961827,
        "message": "[INFO] 2025-04-23T00:26:01GMT FILE_TRANSFER RequestId: 987b826d-c222-4c6b-b49f-8051a50c6784\t TransferType: consumed\t Action: download_from_s3\t FileName: tree_ORTHOMCL1313_Inner1.nexus\t Bucket: denethor\t FilePath: subtree/tree_ORTHOMCL1313_Inner1.nexus\t FilePathLocal: /tmp/subtree\t FileSize: 193 bytes\t TransferDuration: 0 ms\n",
        "ingestionTime": 1745367964861,
        "eventId": "38923006194382650189896456745701552562345679112076066846"
    },
    {
        "logStreamName": "2025/04/23/[$LATEST]2f2b195433794c5792d4633f89a86036",
        "timestamp": 1745367961827,
        "message": "[INFO]\t2025-04-23T00:26:01.827Z\t987b826d-c222-4c6b-b49f-8051a50c6784\tFILE_TRANSFER RequestId: 987b826d-c222-4c6b-b49f-8051a50c6784\t TransferType: consumed\t Action: download_from_s3\t FileName: tree_ORTHOMCL1313_Inner1.nexus\t Bucket: denethor\t FilePath: subtree/tree_ORTHOMCL1313_Inner1.nexus\t FilePathLocal: /tmp/subtree\t FileSize: 193 bytes\t TransferDuration: 0 ms\n",
        "ingestionTime": 1745367964861,
        "eventId": "38923006194382650189896456745701552562345679112076066847"
    },
    {
        "logStreamName": "2025/04/23/[$LATEST]2f2b195433794c5792d4633f89a86036",
        "timestamp": 1745367961850,
        "message": "[INFO] 2025-04-23T00:26:01GMT File tree_ORTHOMCL1313_Inner2.nexus already exists in local path. Skipping download.\n",
        "ingestionTime": 1745367964861,
        "eventId": "38923006194895567329462661077956874082616591426713616416"
    },
    {
        "logStreamName": "2025/04/23/[$LATEST]2f2b195433794c5792d4633f89a86036",
        "timestamp": 1745367961850,
        "message": "[INFO]\t2025-04-23T00:26:01.849Z\t987b826d-c222-4c6b-b49f-8051a50c6784\tFile tree_ORTHOMCL1313_Inner2.nexus already exists in local path. Skipping download.\n",
        "ingestionTime": 1745367964861,
        "eventId": "38923006194895567329462661077956874082616591426713616417"
    },
    {
        "logStreamName": "2025/04/23/[$LATEST]2f2b195433794c5792d4633f89a86036",
        "timestamp": 1745367961850,
        "message": "[INFO] 2025-04-23T00:26:01GMT FILE_TRANSFER RequestId: 987b826d-c222-4c6b-b49f-8051a50c6784\t TransferType: consumed\t Action: download_from_s3\t FileName: tree_ORTHOMCL1313_Inner2.nexus\t Bucket: denethor\t FilePath: subtree/tree_ORTHOMCL1313_Inner2.nexus\t FilePathLocal: /tmp/subtree\t FileSize: 187 bytes\t TransferDuration: 0 ms\n",
        "ingestionTime": 1745367964861,
        "eventId": "38923006194895567329462661077956874082616591426713616418"
    },
    {
        "logStreamName": "2025/04/23/[$LATEST]2f2b195433794c5792d4633f89a86036",
        "timestamp": 1745367961850,
        "message": "[INFO]\t2025-04-23T00:26:01.850Z\t987b826d-c222-4c6b-b49f-8051a50c6784\tFILE_TRANSFER RequestId: 987b826d-c222-4c6b-b49f-8051a50c6784\t TransferType: consumed\t Action: download_from_s3\t FileName: tree_ORTHOMCL1313_Inner2.nexus\t Bucket: denethor\t FilePath: subtree/tree_ORTHOMCL1313_Inner2.nexus\t FilePathLocal: /tmp/subtree\t FileSize: 187 bytes\t TransferDuration: 0 ms\n",
        "ingestionTime": 1745367964861,
        "eventId": "38923006194895567329462661077956874082616591426713616419"
    },
    {
        "logStreamName": "2025/04/23/[$LATEST]2f2b195433794c5792d4633f89a86036",
        "timestamp": 1745367961907,
        "message": "[INFO] 2025-04-23T00:26:01GMT File tree_ORTHOMCL1313_Inner3.nexus already exists in local path. Skipping download.\n",
        "ingestionTime": 1745367964861,
        "eventId": "38923006196166709805778906597024410024157548032554500132"
    },
    {
        "logStreamName": "2025/04/23/[$LATEST]2f2b195433794c5792d4633f89a86036",
        "timestamp": 1745367961907,
        "message": "[INFO]\t2025-04-23T00:26:01.906Z\t987b826d-c222-4c6b-b49f-8051a50c6784\tFile tree_ORTHOMCL1313_Inner3.nexus already exists in local path. Skipping download.\n",
        "ingestionTime": 1745367964861,
        "eventId": "38923006196166709805778906597024410024157548032554500133"
    },
    {
        "logStreamName": "2025/04/23/[$LATEST]2f2b195433794c5792d4633f89a86036",
        "timestamp": 1745367961907,
        "message": "[INFO] 2025-04-23T00:26:01GMT FILE_TRANSFER RequestId: 987b826d-c222-4c6b-b49f-8051a50c6784\t TransferType: consumed\t Action: download_from_s3\t FileName: tree_ORTHOMCL1313_Inner3.nexus\t Bucket: denethor\t FilePath: subtree/tree_ORTHOMCL1313_Inner3.nexus\t FilePathLocal: /tmp/subtree\t FileSize: 357 bytes\t TransferDuration: 0 ms\n",
        "ingestionTime": 1745367964861,
        "eventId": "38923006196166709805778906597024410024157548032554500134"
    },
    {
        "logStreamName": "2025/04/23/[$LATEST]2f2b195433794c5792d4633f89a86036",
        "timestamp": 1745367961907,
        "message": "[INFO]\t2025-04-23T00:26:01.907Z\t987b826d-c222-4c6b-b49f-8051a50c6784\tFILE_TRANSFER RequestId: 987b826d-c222-4c6b-b49f-8051a50c6784\t TransferType: consumed\t Action: download_from_s3\t FileName: tree_ORTHOMCL1313_Inner3.nexus\t Bucket: denethor\t FilePath: subtree/tree_ORTHOMCL1313_Inner3.nexus\t FilePathLocal: /tmp/subtree\t FileSize: 357 bytes\t TransferDuration: 0 ms\n",
        "ingestionTime": 1745367964861,
        "eventId": "38923006196166709805778906597024410024157548032554500135"
    },
    {
        "logStreamName": "2025/04/23/[$LATEST]2f2b195433794c5792d4633f89a86036",
        "timestamp": 1745367961907,
        "message": "[INFO] 2025-04-23T00:26:01GMT CONSUMED_FILES_INFO RequestId: 987b826d-c222-4c6b-b49f-8051a50c6784\t FilesCount: 9 files\t FilesSize: 2459 bytes\t TransferDuration: 0 ms\t ConsumedFiles: ['tree_ORTHOMCL371_Inner1.nexus', 'tree_ORTHOMCL371_Inner2.nexus', 'tree_ORTHOMCL371_Inner3.nexus', 'tree_ORTHOMCL371_Inner4.nexus', 'tree_ORTHOMCL371_Inner5.nexus', 'tree_ORTHOMCL371_Inner6.nexus', 'tree_ORTHOMCL1313_Inner1.nexus', 'tree_ORTHOMCL1313_Inner2.nexus', 'tree_ORTHOMCL1313_Inner3.nexus']\n",
        "ingestionTime": 1745367964861,
        "eventId": "38923006196166709805778906597024410024157548032554500136"
    },
    {
        "logStreamName": "2025/04/23/[$LATEST]2f2b195433794c5792d4633f89a86036",
        "timestamp": 1745367961907,
        "message": "[INFO]\t2025-04-23T00:26:01.907Z\t987b826d-c222-4c6b-b49f-8051a50c6784\tCONSUMED_FILES_INFO RequestId: 987b826d-c222-4c6b-b49f-8051a50c6784\t FilesCount: 9 files\t FilesSize: 2459 bytes\t TransferDuration: 0 ms\t ConsumedFiles: ['tree_ORTHOMCL371_Inner1.nexus', 'tree_ORTHOMCL371_Inner2.nexus', 'tree_ORTHOMCL371_Inner3.nexus', 'tree_ORTHOMCL371_Inner4.nexus', 'tree_ORTHOMCL371_Inner5.nexus', 'tree_ORTHOMCL371_Inner6.nexus', 'tree_ORTHOMCL1313_Inner1.nexus', 'tree_ORTHOMCL1313_Inner2.nexus', 'tree_ORTHOMCL1313_Inner3.nexus']\n",
        "ingestionTime": 1745367964861,
        "eventId": "38923006196166709805778906597024410024157548032554500137"
    },
    {
        "logStreamName": "2025/04/23/[$LATEST]2f2b195433794c5792d4633f89a86036",
        "timestamp": 1745367961907,
        "message": "subtree_matrix: processing file tree_ORTHOMCL371_Inner1.nexus of ['tree_ORTHOMCL371_Inner1.nexus', 'tree_ORTHOMCL371_Inner2.nexus', 'tree_ORTHOMCL371_Inner3.nexus', 'tree_ORTHOMCL371_Inner4.nexus', 'tree_ORTHOMCL371_Inner5.nexus', 'tree_ORTHOMCL371_Inner6.nexus']\n",
        "ingestionTime": 1745367964861,
        "eventId": "38923006196166709805778906597024410024157548032554500138"
    },
    {
        "logStreamName": "2025/04/23/[$LATEST]2f2b195433794c5792d4633f89a86036",
        "timestamp": 1745367961926,
        "message": "subtree_matrix: processing file tree_ORTHOMCL371_Inner2.nexus of ['tree_ORTHOMCL371_Inner1.nexus', 'tree_ORTHOMCL371_Inner2.nexus', 'tree_ORTHOMCL371_Inner3.nexus', 'tree_ORTHOMCL371_Inner4.nexus', 'tree_ORTHOMCL371_Inner5.nexus', 'tree_ORTHOMCL371_Inner6.nexus']\n",
        "ingestionTime": 1745367964861,
        "eventId": "38923006196590423964550988436713588671337866901168128043"
    },
    {
        "logStreamName": "2025/04/23/[$LATEST]2f2b195433794c5792d4633f89a86036",
        "timestamp": 1745367961929,
        "message": "subtree_matrix: processing file tree_ORTHOMCL371_Inner3.nexus of ['tree_ORTHOMCL371_Inner1.nexus', 'tree_ORTHOMCL371_Inner2.nexus', 'tree_ORTHOMCL371_Inner3.nexus', 'tree_ORTHOMCL371_Inner4.nexus', 'tree_ORTHOMCL371_Inner5.nexus', 'tree_ORTHOMCL371_Inner6.nexus']\n",
        "ingestionTime": 1745367964861,
        "eventId": "38923006196657326200146580306138195826155811985686069292"
    },
    {
        "logStreamName": "2025/04/23/[$LATEST]2f2b195433794c5792d4633f89a86036",
        "timestamp": 1745367961948,
        "message": "subtree_matrix: processing file tree_ORTHOMCL371_Inner4.nexus of ['tree_ORTHOMCL371_Inner1.nexus', 'tree_ORTHOMCL371_Inner2.nexus', 'tree_ORTHOMCL371_Inner3.nexus', 'tree_ORTHOMCL371_Inner4.nexus', 'tree_ORTHOMCL371_Inner5.nexus', 'tree_ORTHOMCL371_Inner6.nexus']\n",
        "ingestionTime": 1745367964861,
        "eventId": "38923006197081040358918662145827374473336130854299697197"
    },
    {
        "logStreamName": "2025/04/23/[$LATEST]2f2b195433794c5792d4633f89a86036",
        "timestamp": 1745367961988,
        "message": "subtree_matrix: processing file tree_ORTHOMCL371_Inner5.nexus of ['tree_ORTHOMCL371_Inner1.nexus', 'tree_ORTHOMCL371_Inner2.nexus', 'tree_ORTHOMCL371_Inner3.nexus', 'tree_ORTHOMCL371_Inner4.nexus', 'tree_ORTHOMCL371_Inner5.nexus', 'tree_ORTHOMCL371_Inner6.nexus']\n",
        "ingestionTime": 1745367964861,
        "eventId": "38923006197973070166859887071488803204242065314538913838"
    },
    {
        "logStreamName": "2025/04/23/[$LATEST]2f2b195433794c5792d4633f89a86036",
        "timestamp": 1745367961990,
        "message": "subtree_matrix: processing file tree_ORTHOMCL371_Inner6.nexus of ['tree_ORTHOMCL371_Inner1.nexus', 'tree_ORTHOMCL371_Inner2.nexus', 'tree_ORTHOMCL371_Inner3.nexus', 'tree_ORTHOMCL371_Inner4.nexus', 'tree_ORTHOMCL371_Inner5.nexus', 'tree_ORTHOMCL371_Inner6.nexus']\n",
        "ingestionTime": 1745367964861,
        "eventId": "38923006198017671657256948317771874640787362037550874671"
    },
    {
        "logStreamName": "2025/04/23/[$LATEST]2f2b195433794c5792d4633f89a86036",
        "timestamp": 1745367962026,
        "message": "Tempo de construção do maf_database: 102.7839700000186 milissegundos\n",
        "ingestionTime": 1745367964861,
        "eventId": "38923006198820498484404050750867160498602703051766169648"
    },
    {
        "logStreamName": "2025/04/23/[$LATEST]2f2b195433794c5792d4633f89a86036",
        "timestamp": 1745367962027,
        "message": "[INFO] 2025-04-23T00:26:02GMT MAF_DATABASE_CREATOR RequestId: 987b826d-c222-4c6b-b49f-8051a50c6784\t Duration: 102.7839700000186 ms\t InputSubtrees: ['tree_ORTHOMCL371_Inner1.nexus', 'tree_ORTHOMCL371_Inner2.nexus', 'tree_ORTHOMCL371_Inner3.nexus', 'tree_ORTHOMCL371_Inner4.nexus', 'tree_ORTHOMCL371_Inner5.nexus', 'tree_ORTHOMCL371_Inner6.nexus']\t MafDatabaseFile: mafdb_7511017a4e93687a5be47b55aa4c08eff48c283a8153f5e070747057ad693f80.json\n",
        "ingestionTime": 1745367964861,
        "eventId": "38923006198842799229602581374008696216875351413272150065"
    },
    {
        "logStreamName": "2025/04/23/[$LATEST]2f2b195433794c5792d4633f89a86036",
        "timestamp": 1745367962027,
        "message": "[INFO]\t2025-04-23T00:26:02.027Z\t987b826d-c222-4c6b-b49f-8051a50c6784\tMAF_DATABASE_CREATOR RequestId: 987b826d-c222-4c6b-b49f-8051a50c6784\t Duration: 102.7839700000186 ms\t InputSubtrees: ['tree_ORTHOMCL371_Inner1.nexus', 'tree_ORTHOMCL371_Inner2.nexus', 'tree_ORTHOMCL371_Inner3.nexus', 'tree_ORTHOMCL371_Inner4.nexus', 'tree_ORTHOMCL371_Inner5.nexus', 'tree_ORTHOMCL371_Inner6.nexus']\t MafDatabaseFile: mafdb_7511017a4e93687a5be47b55aa4c08eff48c283a8153f5e070747057ad693f80.json\n",
        "ingestionTime": 1745367964861,
        "eventId": "38923006198842799229602581374008696216875351413272150066"
    },
    {
        "logStreamName": "2025/04/23/[$LATEST]2f2b195433794c5792d4633f89a86036",
        "timestamp": 1745367962307,
        "message": "FILE_TRANSFER RequestId: 987b826d-c222-4c6b-b49f-8051a50c6784\t TransferType: produced\t Action: upload_to_s3\t FileName: mafdb_7511017a4e93687a5be47b55aa4c08eff48c283a8153f5e070747057ad693f80.json\t Bucket: denethor\t FilePath: mafdb/mafdb_7511017a4e93687a5be47b55aa4c08eff48c283a8153f5e070747057ad693f80.json\t LocalFilePath: /tmp/mafdb/mafdb_7511017a4e93687a5be47b55aa4c08eff48c283a8153f5e070747057ad693f80.json\t FileSize: 314 bytes\t TransferDuration: 179.2326839999987 ms\n",
        "ingestionTime": 1745367964861,
        "eventId": "38923006205087007885191155853638697333216892634946666547"
    },
    {
        "logStreamName": "2025/04/23/[$LATEST]2f2b195433794c5792d4633f89a86036",
        "timestamp": 1745367962307,
        "message": "PRODUCED_FILES_INFO RequestId: 987b826d-c222-4c6b-b49f-8051a50c6784\t FilesCount: 1 files\t FilesSize: 314 bytes\t TransferDuration: 179.2326839999987 ms\t Provider: aws_lambda\t  ProducedFiles: ['mafdb_7511017a4e93687a5be47b55aa4c08eff48c283a8153f5e070747057ad693f80.json']\n",
        "ingestionTime": 1745367964861,
        "eventId": "38923006205087007885191155853638697333216892634946666548"
    },
    {
        "logStreamName": "2025/04/23/[$LATEST]2f2b195433794c5792d4633f89a86036",
        "timestamp": 1745367962309,
        "message": "END RequestId: 987b826d-c222-4c6b-b49f-8051a50c6784\n",
        "ingestionTime": 1745367964861,
        "eventId": "38923006205131609375588217099921768769762189357958627381"
    },
    {
        "logStreamName": "2025/04/23/[$LATEST]2f2b195433794c5792d4633f89a86036",
        "timestamp": 1745367962309,
        "message": "REPORT RequestId: 987b826d-c222-4c6b-b49f-8051a50c6784\tDuration: 741.87 ms\tBilled Duration: 742 ms\tMemory Size: 256 MB\tMax Memory Used: 107 MB\tInit Duration: 882.80 ms\t\n",
        "ingestionTime": 1745367964861,
        "eventId": "38923006205131609375588217099921768769762189357958627382"
    },
    {
        "logStreamName": "2025/04/23/[$LATEST]2f2b195433794c5792d4633f89a86036",
        "timestamp": 1745367962444,
        "message": "START RequestId: a042d0d7-3db6-4e54-b2d8-9299e8ada8a3 Version: $LATEST\n",
        "ingestionTime": 1745367964861,
        "eventId": "38923006208142209977389851224029090736569718161265983543"
    },
    {
        "logStreamName": "2025/04/23/[$LATEST]2f2b195433794c5792d4633f89a86036",
        "timestamp": 1745367962449,
        "message": "[INFO] 2025-04-23T00:26:02GMT File tree_ORTHOMCL371_Inner1.nexus already exists in local path. Skipping download.\n",
        "ingestionTime": 1745367964861,
        "eventId": "38923006208253713703382504339736769327932959968795885624"
    },
    {
        "logStreamName": "2025/04/23/[$LATEST]2f2b195433794c5792d4633f89a86036",
        "timestamp": 1745367962449,
        "message": "[INFO]\t2025-04-23T00:26:02.449Z\ta042d0d7-3db6-4e54-b2d8-9299e8ada8a3\tFile tree_ORTHOMCL371_Inner1.nexus already exists in local path. Skipping download.\n",
        "ingestionTime": 1745367964861,
        "eventId": "38923006208253713703382504339736769327932959968795885625"
    },
    {
        "logStreamName": "2025/04/23/[$LATEST]2f2b195433794c5792d4633f89a86036",
        "timestamp": 1745367962449,
        "message": "[INFO] 2025-04-23T00:26:02GMT FILE_TRANSFER RequestId: a042d0d7-3db6-4e54-b2d8-9299e8ada8a3\t TransferType: consumed\t Action: download_from_s3\t FileName: tree_ORTHOMCL371_Inner1.nexus\t Bucket: denethor\t FilePath: subtree/tree_ORTHOMCL371_Inner1.nexus\t FilePathLocal: /tmp/subtree\t FileSize: 187 bytes\t TransferDuration: 0 ms\n",
        "ingestionTime": 1745367964861,
        "eventId": "38923006208253713703382504339736769327932959968795885626"
    },
    {
        "logStreamName": "2025/04/23/[$LATEST]2f2b195433794c5792d4633f89a86036",
        "timestamp": 1745367962449,
        "message": "[INFO]\t2025-04-23T00:26:02.449Z\ta042d0d7-3db6-4e54-b2d8-9299e8ada8a3\tFILE_TRANSFER RequestId: a042d0d7-3db6-4e54-b2d8-9299e8ada8a3\t TransferType: consumed\t Action: download_from_s3\t FileName: tree_ORTHOMCL371_Inner1.nexus\t Bucket: denethor\t FilePath: subtree/tree_ORTHOMCL371_Inner1.nexus\t FilePathLocal: /tmp/subtree\t FileSize: 187 bytes\t TransferDuration: 0 ms\n",
        "ingestionTime": 1745367964861,
        "eventId": "38923006208253713703382504339736769327932959968795885627"
    },
    {
        "logStreamName": "2025/04/23/[$LATEST]2f2b195433794c5792d4633f89a86036",
        "timestamp": 1745367962487,
        "message": "[INFO] 2025-04-23T00:26:02GMT File tree_ORTHOMCL371_Inner2.nexus already exists in local path. Skipping download.\n",
        "ingestionTime": 1745367964861,
        "eventId": "38923006209101142020926668019115126622293597706023141436"
    },
    {
        "logStreamName": "2025/04/23/[$LATEST]2f2b195433794c5792d4633f89a86036",
        "timestamp": 1745367962487,
        "message": "[INFO]\t2025-04-23T00:26:02.486Z\ta042d0d7-3db6-4e54-b2d8-9299e8ada8a3\tFile tree_ORTHOMCL371_Inner2.nexus already exists in local path. Skipping download.\n",
        "ingestionTime": 1745367964861,
        "eventId": "38923006209101142020926668019115126622293597706023141437"
    },
    {
        "logStreamName": "2025/04/23/[$LATEST]2f2b195433794c5792d4633f89a86036",
        "timestamp": 1745367962487,
        "message": "[INFO] 2025-04-23T00:26:02GMT FILE_TRANSFER RequestId: a042d0d7-3db6-4e54-b2d8-9299e8ada8a3\t TransferType: consumed\t Action: download_from_s3\t FileName: tree_ORTHOMCL371_Inner2.nexus\t Bucket: denethor\t FilePath: subtree/tree_ORTHOMCL371_Inner2.nexus\t FilePathLocal: /tmp/subtree\t FileSize: 183 bytes\t TransferDuration: 0 ms\n",
        "ingestionTime": 1745367964861,
        "eventId": "38923006209101142020926668019115126622293597706023141438"
    },
    {
        "logStreamName": "2025/04/23/[$LATEST]2f2b195433794c5792d4633f89a86036",
        "timestamp": 1745367962487,
        "message": "[INFO]\t2025-04-23T00:26:02.487Z\ta042d0d7-3db6-4e54-b2d8-9299e8ada8a3\tFILE_TRANSFER RequestId: a042d0d7-3db6-4e54-b2d8-9299e8ada8a3\t TransferType: consumed\t Action: download_from_s3\t FileName: tree_ORTHOMCL371_Inner2.nexus\t Bucket: denethor\t FilePath: subtree/tree_ORTHOMCL371_Inner2.nexus\t FilePathLocal: /tmp/subtree\t FileSize: 183 bytes\t TransferDuration: 0 ms\n",
        "ingestionTime": 1745367964861,
        "eventId": "38923006209101142020926668019115126622293597706023141439"
    },
    {
        "logStreamName": "2025/04/23/[$LATEST]2f2b195433794c5792d4633f89a86036",
        "timestamp": 1745367962508,
        "message": "[INFO] 2025-04-23T00:26:02GMT File tree_ORTHOMCL371_Inner3.nexus already exists in local path. Skipping download.\n",
        "ingestionTime": 1745367964861,
        "eventId": "38923006209569457670095811105087376706019213297648730176"
    },
    {
        "logStreamName": "2025/04/23/[$LATEST]2f2b195433794c5792d4633f89a86036",
        "timestamp": 1745367962508,
        "message": "[INFO]\t2025-04-23T00:26:02.508Z\ta042d0d7-3db6-4e54-b2d8-9299e8ada8a3\tFile tree_ORTHOMCL371_Inner3.nexus already exists in local path. Skipping download.\n",
        "ingestionTime": 1745367964861,
        "eventId": "38923006209569457670095811105087376706019213297648730177"
    },
    {
        "logStreamName": "2025/04/23/[$LATEST]2f2b195433794c5792d4633f89a86036",
        "timestamp": 1745367962508,
        "message": "[INFO] 2025-04-23T00:26:02GMT FILE_TRANSFER RequestId: a042d0d7-3db6-4e54-b2d8-9299e8ada8a3\t TransferType: consumed\t Action: download_from_s3\t FileName: tree_ORTHOMCL371_Inner3.nexus\t Bucket: denethor\t FilePath: subtree/tree_ORTHOMCL371_Inner3.nexus\t FilePathLocal: /tmp/subtree\t FileSize: 299 bytes\t TransferDuration: 0 ms\n",
        "ingestionTime": 1745367964861,
        "eventId": "38923006209569457670095811105087376706019213297648730178"
    },
    {
        "logStreamName": "2025/04/23/[$LATEST]2f2b195433794c5792d4633f89a86036",
        "timestamp": 1745367962508,
        "message": "[INFO]\t2025-04-23T00:26:02.508Z\ta042d0d7-3db6-4e54-b2d8-9299e8ada8a3\tFILE_TRANSFER RequestId: a042d0d7-3db6-4e54-b2d8-9299e8ada8a3\t TransferType: consumed\t Action: download_from_s3\t FileName: tree_ORTHOMCL371_Inner3.nexus\t Bucket: denethor\t FilePath: subtree/tree_ORTHOMCL371_Inner3.nexus\t FilePathLocal: /tmp/subtree\t FileSize: 299 bytes\t TransferDuration: 0 ms\n",
        "ingestionTime": 1745367964861,
        "eventId": "38923006209569457670095811105087376706019213297648730179"
    },
    {
        "logStreamName": "2025/04/23/[$LATEST]2f2b195433794c5792d4633f89a86036",
        "timestamp": 1745367962547,
        "message": "[INFO] 2025-04-23T00:26:02GMT File tree_ORTHOMCL371_Inner4.nexus already exists in local path. Skipping download.\n",
        "ingestionTime": 1745367964861,
        "eventId": "38923006210439186732838505407607269718652499396381966404"
    },
    {
        "logStreamName": "2025/04/23/[$LATEST]2f2b195433794c5792d4633f89a86036",
        "timestamp": 1745367962547,
        "message": "[INFO]\t2025-04-23T00:26:02.546Z\ta042d0d7-3db6-4e54-b2d8-9299e8ada8a3\tFile tree_ORTHOMCL371_Inner4.nexus already exists in local path. Skipping download.\n",
        "ingestionTime": 1745367964861,
        "eventId": "38923006210439186732838505407607269718652499396381966405"
    },
    {
        "logStreamName": "2025/04/23/[$LATEST]2f2b195433794c5792d4633f89a86036",
        "timestamp": 1745367962547,
        "message": "[INFO] 2025-04-23T00:26:02GMT FILE_TRANSFER RequestId: a042d0d7-3db6-4e54-b2d8-9299e8ada8a3\t TransferType: consumed\t Action: download_from_s3\t FileName: tree_ORTHOMCL371_Inner4.nexus\t Bucket: denethor\t FilePath: subtree/tree_ORTHOMCL371_Inner4.nexus\t FilePathLocal: /tmp/subtree\t FileSize: 357 bytes\t TransferDuration: 0 ms\n",
        "ingestionTime": 1745367964861,
        "eventId": "38923006210439186732838505407607269718652499396381966406"
    },
    {
        "logStreamName": "2025/04/23/[$LATEST]2f2b195433794c5792d4633f89a86036",
        "timestamp": 1745367962547,
        "message": "[INFO]\t2025-04-23T00:26:02.547Z\ta042d0d7-3db6-4e54-b2d8-9299e8ada8a3\tFILE_TRANSFER RequestId: a042d0d7-3db6-4e54-b2d8-9299e8ada8a3\t TransferType: consumed\t Action: download_from_s3\t FileName: tree_ORTHOMCL371_Inner4.nexus\t Bucket: denethor\t FilePath: subtree/tree_ORTHOMCL371_Inner4.nexus\t FilePathLocal: /tmp/subtree\t FileSize: 357 bytes\t TransferDuration: 0 ms\n",
        "ingestionTime": 1745367964861,
        "eventId": "38923006210439186732838505407607269718652499396381966407"
    },
    {
        "logStreamName": "2025/04/23/[$LATEST]2f2b195433794c5792d4633f89a86036",
        "timestamp": 1745367962588,
        "message": "[INFO] 2025-04-23T00:26:02GMT File tree_ORTHOMCL371_Inner5.nexus already exists in local path. Skipping download.\n",
        "ingestionTime": 1745367964861,
        "eventId": "38923006211353517285978260956410234167831082218127163464"
    },
    {
        "logStreamName": "2025/04/23/[$LATEST]2f2b195433794c5792d4633f89a86036",
        "timestamp": 1745367962588,
        "message": "[INFO]\t2025-04-23T00:26:02.588Z\ta042d0d7-3db6-4e54-b2d8-9299e8ada8a3\tFile tree_ORTHOMCL371_Inner5.nexus already exists in local path. Skipping download.\n",
        "ingestionTime": 1745367964861,
        "eventId": "38923006211353517285978260956410234167831082218127163465"
    },
    {
        "logStreamName": "2025/04/23/[$LATEST]2f2b195433794c5792d4633f89a86036",
        "timestamp": 1745367962588,
        "message": "[INFO] 2025-04-23T00:26:02GMT FILE_TRANSFER RequestId: a042d0d7-3db6-4e54-b2d8-9299e8ada8a3\t TransferType: consumed\t Action: download_from_s3\t FileName: tree_ORTHOMCL371_Inner5.nexus\t Bucket: denethor\t FilePath: subtree/tree_ORTHOMCL371_Inner5.nexus\t FilePathLocal: /tmp/subtree\t FileSize: 185 bytes\t TransferDuration: 0 ms\n",
        "ingestionTime": 1745367964861,
        "eventId": "38923006211353517285978260956410234167831082218127163466"
    },
    {
        "logStreamName": "2025/04/23/[$LATEST]2f2b195433794c5792d4633f89a86036",
        "timestamp": 1745367962588,
        "message": "[INFO]\t2025-04-23T00:26:02.588Z\ta042d0d7-3db6-4e54-b2d8-9299e8ada8a3\tFILE_TRANSFER RequestId: a042d0d7-3db6-4e54-b2d8-9299e8ada8a3\t TransferType: consumed\t Action: download_from_s3\t FileName: tree_ORTHOMCL371_Inner5.nexus\t Bucket: denethor\t FilePath: subtree/tree_ORTHOMCL371_Inner5.nexus\t FilePathLocal: /tmp/subtree\t FileSize: 185 bytes\t TransferDuration: 0 ms\n",
        "ingestionTime": 1745367964861,
        "eventId": "38923006211353517285978260956410234167831082218127163467"
    },
    {
        "logStreamName": "2025/04/23/[$LATEST]2f2b195433794c5792d4633f89a86036",
        "timestamp": 1745367962609,
        "message": "[INFO] 2025-04-23T00:26:02GMT File tree_ORTHOMCL371_Inner6.nexus already exists in local path. Skipping download.\n",
        "ingestionTime": 1745367964861,
        "eventId": "38923006211821832935147404042382484251556697809752752204"
    },
    {
        "logStreamName": "2025/04/23/[$LATEST]2f2b195433794c5792d4633f89a86036",
        "timestamp": 1745367962609,
        "message": "[INFO]\t2025-04-23T00:26:02.609Z\ta042d0d7-3db6-4e54-b2d8-9299e8ada8a3\tFile tree_ORTHOMCL371_Inner6.nexus already exists in local path. Skipping download.\n",
        "ingestionTime": 1745367964861,
        "eventId": "38923006211821832935147404042382484251556697809752752205"
    },
    {
        "logStreamName": "2025/04/23/[$LATEST]2f2b195433794c5792d4633f89a86036",
        "timestamp": 1745367962609,
        "message": "[INFO] 2025-04-23T00:26:02GMT FILE_TRANSFER RequestId: a042d0d7-3db6-4e54-b2d8-9299e8ada8a3\t TransferType: consumed\t Action: download_from_s3\t FileName: tree_ORTHOMCL371_Inner6.nexus\t Bucket: denethor\t FilePath: subtree/tree_ORTHOMCL371_Inner6.nexus\t FilePathLocal: /tmp/subtree\t FileSize: 511 bytes\t TransferDuration: 0 ms\n",
        "ingestionTime": 1745367964861,
        "eventId": "38923006211821832935147404042382484251556697809752752206"
    },
    {
        "logStreamName": "2025/04/23/[$LATEST]2f2b195433794c5792d4633f89a86036",
        "timestamp": 1745367962609,
        "message": "[INFO]\t2025-04-23T00:26:02.609Z\ta042d0d7-3db6-4e54-b2d8-9299e8ada8a3\tFILE_TRANSFER RequestId: a042d0d7-3db6-4e54-b2d8-9299e8ada8a3\t TransferType: consumed\t Action: download_from_s3\t FileName: tree_ORTHOMCL371_Inner6.nexus\t Bucket: denethor\t FilePath: subtree/tree_ORTHOMCL371_Inner6.nexus\t FilePathLocal: /tmp/subtree\t FileSize: 511 bytes\t TransferDuration: 0 ms\n",
        "ingestionTime": 1745367964861,
        "eventId": "38923006211821832935147404042382484251556697809752752207"
    },
    {
        "logStreamName": "2025/04/23/[$LATEST]2f2b195433794c5792d4633f89a86036",
        "timestamp": 1745367962647,
        "message": "[INFO] 2025-04-23T00:26:02GMT File tree_ORTHOMCL1313_Inner1.nexus already exists in local path. Skipping download.\n",
        "ingestionTime": 1745367964861,
        "eventId": "38923006212669261252691567721760841545917335546980008016"
    },
    {
        "logStreamName": "2025/04/23/[$LATEST]2f2b195433794c5792d4633f89a86036",
        "timestamp": 1745367962647,
        "message": "[INFO]\t2025-04-23T00:26:02.646Z\ta042d0d7-3db6-4e54-b2d8-9299e8ada8a3\tFile tree_ORTHOMCL1313_Inner1.nexus already exists in local path. Skipping download.\n",
        "ingestionTime": 1745367964861,
        "eventId": "38923006212669261252691567721760841545917335546980008017"
    },
    {
        "logStreamName": "2025/04/23/[$LATEST]2f2b195433794c5792d4633f89a86036",
        "timestamp": 1745367962647,
        "message": "[INFO]\t2025-04-23T00:26:02.647Z\ta042d0d7-3db6-4e54-b2d8-9299e8ada8a3\tFILE_TRANSFER RequestId: a042d0d7-3db6-4e54-b2d8-9299e8ada8a3\t TransferType: consumed\t Action: download_from_s3\t FileName: tree_ORTHOMCL1313_Inner1.nexus\t Bucket: denethor\t FilePath: subtree/tree_ORTHOMCL1313_Inner1.nexus\t FilePathLocal: /tmp/subtree\t FileSize: 193 bytes\t TransferDuration: 0 ms\n",
        "ingestionTime": 1745367964861,
        "eventId": "38923006212669261252691567721760841545917335546980008018"
    },
    {
        "logStreamName": "2025/04/23/[$LATEST]2f2b195433794c5792d4633f89a86036",
        "timestamp": 1745367962647,
        "message": "[INFO] 2025-04-23T00:26:02GMT FILE_TRANSFER RequestId: a042d0d7-3db6-4e54-b2d8-9299e8ada8a3\t TransferType: consumed\t Action: download_from_s3\t FileName: tree_ORTHOMCL1313_Inner1.nexus\t Bucket: denethor\t FilePath: subtree/tree_ORTHOMCL1313_Inner1.nexus\t FilePathLocal: /tmp/subtree\t FileSize: 193 bytes\t TransferDuration: 0 ms\n",
        "ingestionTime": 1745367964861,
        "eventId": "38923006212669261252691567721760841545917335546980008019"
    },
    {
        "logStreamName": "2025/04/23/[$LATEST]2f2b195433794c5792d4633f89a86036",
        "timestamp": 1745367962670,
        "message": "[INFO] 2025-04-23T00:26:02GMT File tree_ORTHOMCL1313_Inner2.nexus already exists in local path. Skipping download.\n",
        "ingestionTime": 1745367964861,
        "eventId": "38923006213182178392257772054016163066188247861617557588"
    },
    {
        "logStreamName": "2025/04/23/[$LATEST]2f2b195433794c5792d4633f89a86036",
        "timestamp": 1745367962670,
        "message": "[INFO]\t2025-04-23T00:26:02.670Z\ta042d0d7-3db6-4e54-b2d8-9299e8ada8a3\tFile tree_ORTHOMCL1313_Inner2.nexus already exists in local path. Skipping download.\n",
        "ingestionTime": 1745367964861,
        "eventId": "38923006213182178392257772054016163066188247861617557589"
    },
    {
        "logStreamName": "2025/04/23/[$LATEST]2f2b195433794c5792d4633f89a86036",
        "timestamp": 1745367962686,
        "message": "[INFO] 2025-04-23T00:26:02GMT FILE_TRANSFER RequestId: a042d0d7-3db6-4e54-b2d8-9299e8ada8a3\t TransferType: consumed\t Action: download_from_s3\t FileName: tree_ORTHOMCL1313_Inner2.nexus\t Bucket: denethor\t FilePath: subtree/tree_ORTHOMCL1313_Inner2.nexus\t FilePathLocal: /tmp/subtree\t FileSize: 187 bytes\t TransferDuration: 0 ms\n",
        "ingestionTime": 1745367964861,
        "eventId": "38923006213538990315434262024280734558550621645713244246"
    },
    {
        "logStreamName": "2025/04/23/[$LATEST]2f2b195433794c5792d4633f89a86036",
        "timestamp": 1745367962686,
        "message": "[INFO]\t2025-04-23T00:26:02.670Z\ta042d0d7-3db6-4e54-b2d8-9299e8ada8a3\tFILE_TRANSFER RequestId: a042d0d7-3db6-4e54-b2d8-9299e8ada8a3\t TransferType: consumed\t Action: download_from_s3\t FileName: tree_ORTHOMCL1313_Inner2.nexus\t Bucket: denethor\t FilePath: subtree/tree_ORTHOMCL1313_Inner2.nexus\t FilePathLocal: /tmp/subtree\t FileSize: 187 bytes\t TransferDuration: 0 ms\n",
        "ingestionTime": 1745367964861,
        "eventId": "38923006213538990315434262024280734558550621645713244247"
    },
    {
        "logStreamName": "2025/04/23/[$LATEST]2f2b195433794c5792d4633f89a86036",
        "timestamp": 1745367962727,
        "message": "[INFO] 2025-04-23T00:26:02GMT File tree_ORTHOMCL1313_Inner3.nexus already exists in local path. Skipping download.\n",
        "ingestionTime": 1745367964861,
        "eventId": "38923006214453320868574017573083699007729204467458441304"
    },
    {
        "logStreamName": "2025/04/23/[$LATEST]2f2b195433794c5792d4633f89a86036",
        "timestamp": 1745367962727,
        "message": "[INFO]\t2025-04-23T00:26:02.727Z\ta042d0d7-3db6-4e54-b2d8-9299e8ada8a3\tFile tree_ORTHOMCL1313_Inner3.nexus already exists in local path. Skipping download.\n",
        "ingestionTime": 1745367964861,
        "eventId": "38923006214453320868574017573083699007729204467458441305"
    },
    {
        "logStreamName": "2025/04/23/[$LATEST]2f2b195433794c5792d4633f89a86036",
        "timestamp": 1745367962728,
        "message": "[INFO]\t2025-04-23T00:26:02.728Z\ta042d0d7-3db6-4e54-b2d8-9299e8ada8a3\tFILE_TRANSFER RequestId: a042d0d7-3db6-4e54-b2d8-9299e8ada8a3\t TransferType: consumed\t Action: download_from_s3\t FileName: tree_ORTHOMCL1313_Inner3.nexus\t Bucket: denethor\t FilePath: subtree/tree_ORTHOMCL1313_Inner3.nexus\t FilePathLocal: /tmp/subtree\t FileSize: 357 bytes\t TransferDuration: 0 ms\n",
        "ingestionTime": 1745367964861,
        "eventId": "38923006214475621613772548196225234726001852828964421722"
    },
    {
        "logStreamName": "2025/04/23/[$LATEST]2f2b195433794c5792d4633f89a86036",
        "timestamp": 1745367962728,
        "message": "[INFO]\t2025-04-23T00:26:02.728Z\ta042d0d7-3db6-4e54-b2d8-9299e8ada8a3\tCONSUMED_FILES_INFO RequestId: a042d0d7-3db6-4e54-b2d8-9299e8ada8a3\t FilesCount: 9 files\t FilesSize: 2459 bytes\t TransferDuration: 0 ms\t ConsumedFiles: ['tree_ORTHOMCL371_Inner1.nexus', 'tree_ORTHOMCL371_Inner2.nexus', 'tree_ORTHOMCL371_Inner3.nexus', 'tree_ORTHOMCL371_Inner4.nexus', 'tree_ORTHOMCL371_Inner5.nexus', 'tree_ORTHOMCL371_Inner6.nexus', 'tree_ORTHOMCL1313_Inner1.nexus', 'tree_ORTHOMCL1313_Inner2.nexus', 'tree_ORTHOMCL1313_Inner3.nexus']\n",
        "ingestionTime": 1745367964861,
        "eventId": "38923006214475621613772548196225234726001852828964421723"
    },
    {
        "logStreamName": "2025/04/23/[$LATEST]2f2b195433794c5792d4633f89a86036",
        "timestamp": 1745367962728,
        "message": "[INFO] 2025-04-23T00:26:02GMT FILE_TRANSFER RequestId: a042d0d7-3db6-4e54-b2d8-9299e8ada8a3\t TransferType: consumed\t Action: download_from_s3\t FileName: tree_ORTHOMCL1313_Inner3.nexus\t Bucket: denethor\t FilePath: subtree/tree_ORTHOMCL1313_Inner3.nexus\t FilePathLocal: /tmp/subtree\t FileSize: 357 bytes\t TransferDuration: 0 ms\n",
        "ingestionTime": 1745367964861,
        "eventId": "38923006214475621613772548196225234726001852828964421724"
    },
    {
        "logStreamName": "2025/04/23/[$LATEST]2f2b195433794c5792d4633f89a86036",
        "timestamp": 1745367962728,
        "message": "[INFO] 2025-04-23T00:26:02GMT CONSUMED_FILES_INFO RequestId: a042d0d7-3db6-4e54-b2d8-9299e8ada8a3\t FilesCount: 9 files\t FilesSize: 2459 bytes\t TransferDuration: 0 ms\t ConsumedFiles: ['tree_ORTHOMCL371_Inner1.nexus', 'tree_ORTHOMCL371_Inner2.nexus', 'tree_ORTHOMCL371_Inner3.nexus', 'tree_ORTHOMCL371_Inner4.nexus', 'tree_ORTHOMCL371_Inner5.nexus', 'tree_ORTHOMCL371_Inner6.nexus', 'tree_ORTHOMCL1313_Inner1.nexus', 'tree_ORTHOMCL1313_Inner2.nexus', 'tree_ORTHOMCL1313_Inner3.nexus']\n",
        "ingestionTime": 1745367964861,
        "eventId": "38923006214475621613772548196225234726001852828964421725"
    },
    {
        "logStreamName": "2025/04/23/[$LATEST]2f2b195433794c5792d4633f89a86036",
        "timestamp": 1745367962728,
        "message": "subtree_matrix: processing file tree_ORTHOMCL1313_Inner1.nexus of ['tree_ORTHOMCL1313_Inner1.nexus', 'tree_ORTHOMCL1313_Inner2.nexus', 'tree_ORTHOMCL1313_Inner3.nexus']\n",
        "ingestionTime": 1745367964861,
        "eventId": "38923006214475621613772548196225234726001852828964421726"
    },
    {
        "logStreamName": "2025/04/23/[$LATEST]2f2b195433794c5792d4633f89a86036",
        "timestamp": 1745367962750,
        "message": "subtree_matrix: processing file tree_ORTHOMCL1313_Inner2.nexus of ['tree_ORTHOMCL1313_Inner1.nexus', 'tree_ORTHOMCL1313_Inner2.nexus', 'tree_ORTHOMCL1313_Inner3.nexus']\n",
        "ingestionTime": 1745367964861,
        "eventId": "38923006214966238008140221905339020528000116782095990879"
    },
    {
        "logStreamName": "2025/04/23/[$LATEST]2f2b195433794c5792d4633f89a86036",
        "timestamp": 1745367962808,
        "message": "subtree_matrix: processing file tree_ORTHOMCL1313_Inner3.nexus of ['tree_ORTHOMCL1313_Inner1.nexus', 'tree_ORTHOMCL1313_Inner2.nexus', 'tree_ORTHOMCL1313_Inner3.nexus']\n",
        "ingestionTime": 1745367964861,
        "eventId": "38923006216259681229654998047548092187813721749442855008"
    },
    {
        "logStreamName": "2025/04/23/[$LATEST]2f2b195433794c5792d4633f89a86036",
        "timestamp": 1745367962867,
        "message": "Tempo de construção do maf_database: 138.97850000012113 milissegundos\n",
        "ingestionTime": 1745367964861,
        "eventId": "38923006217575425196368304812898699565899975078295699553"
    },
    {
        "logStreamName": "2025/04/23/[$LATEST]2f2b195433794c5792d4633f89a86036",
        "timestamp": 1745367962867,
        "message": "[INFO] 2025-04-23T00:26:02GMT MAF_DATABASE_CREATOR RequestId: a042d0d7-3db6-4e54-b2d8-9299e8ada8a3\t Duration: 138.97850000012113 ms\t InputSubtrees: ['tree_ORTHOMCL1313_Inner1.nexus', 'tree_ORTHOMCL1313_Inner2.nexus', 'tree_ORTHOMCL1313_Inner3.nexus']\t MafDatabaseFile: mafdb_d06e3b801f2ea82c2fcf1d5351d548e113546140f3671f10dfee7f0d1ee60d60.json\n",
        "ingestionTime": 1745367964861,
        "eventId": "38923006217575425196368304812898699565899975078295699554"
    },
    {
        "logStreamName": "2025/04/23/[$LATEST]2f2b195433794c5792d4633f89a86036",
        "timestamp": 1745367962867,
        "message": "[INFO]\t2025-04-23T00:26:02.867Z\ta042d0d7-3db6-4e54-b2d8-9299e8ada8a3\tMAF_DATABASE_CREATOR RequestId: a042d0d7-3db6-4e54-b2d8-9299e8ada8a3\t Duration: 138.97850000012113 ms\t InputSubtrees: ['tree_ORTHOMCL1313_Inner1.nexus', 'tree_ORTHOMCL1313_Inner2.nexus', 'tree_ORTHOMCL1313_Inner3.nexus']\t MafDatabaseFile: mafdb_d06e3b801f2ea82c2fcf1d5351d548e113546140f3671f10dfee7f0d1ee60d60.json\n",
        "ingestionTime": 1745367964861,
        "eventId": "38923006217575425196368304812898699565899975078295699555"
    },
    {
        "logStreamName": "2025/04/23/[$LATEST]2f2b195433794c5792d4633f89a86036",
        "timestamp": 1745367963008,
        "message": "FILE_TRANSFER RequestId: a042d0d7-3db6-4e54-b2d8-9299e8ada8a3\t TransferType: produced\t Action: upload_to_s3\t FileName: mafdb_d06e3b801f2ea82c2fcf1d5351d548e113546140f3671f10dfee7f0d1ee60d60.json\t Bucket: denethor\t FilePath: mafdb/mafdb_d06e3b801f2ea82c2fcf1d5351d548e113546140f3671f10dfee7f0d1ee60d60.json\t LocalFilePath: /tmp/mafdb/mafdb_d06e3b801f2ea82c2fcf1d5351d548e113546140f3671f10dfee7f0d1ee60d60.json\t FileSize: 194 bytes\t TransferDuration: 40.18698699974266 ms\n",
        "ingestionTime": 1745367964861,
        "eventId": "38923006220719830269361122675855235842343394050638938212"
    },
    {
        "logStreamName": "2025/04/23/[$LATEST]2f2b195433794c5792d4633f89a86036",
        "timestamp": 1745367963008,
        "message": "PRODUCED_FILES_INFO RequestId: a042d0d7-3db6-4e54-b2d8-9299e8ada8a3\t FilesCount: 1 files\t FilesSize: 194 bytes\t TransferDuration: 40.18698699974266 ms\t Provider: aws_lambda\t  ProducedFiles: ['mafdb_d06e3b801f2ea82c2fcf1d5351d548e113546140f3671f10dfee7f0d1ee60d60.json']\n",
        "ingestionTime": 1745367964861,
        "eventId": "38923006220719830269361122675855235842343394050638938213"
    },
    {
        "logStreamName": "2025/04/23/[$LATEST]2f2b195433794c5792d4633f89a86036",
        "timestamp": 1745367963009,
        "message": "END RequestId: a042d0d7-3db6-4e54-b2d8-9299e8ada8a3\n",
        "ingestionTime": 1745367964861,
        "eventId": "38923006220742131014559653298996771560616042412144918630"
    },
    {
        "logStreamName": "2025/04/23/[$LATEST]2f2b195433794c5792d4633f89a86036",
        "timestamp": 1745367963009,
        "message": "REPORT RequestId: a042d0d7-3db6-4e54-b2d8-9299e8ada8a3\tDuration: 565.60 ms\tBilled Duration: 566 ms\tMemory Size: 256 MB\tMax Memory Used: 109 MB\t\n",
        "ingestionTime": 1745367964861,
        "eventId": "38923006220742131014559653298996771560616042412144918631"
    }
]