[
    {
        "logStreamName": "2025/04/23/[$LATEST]04343db8c50e48d2a95146a994823c6d",
        "timestamp": 1745378983871,
        "message": "INIT_START Runtime Version: python:3.10.v64\tRuntime Version ARN: arn:aws:lambda:sa-east-1::runtime:d56bdc8857b2109a058de2ab50bfb80ac2aa600be6f7855a436859944e5fe54b\n",
        "ingestionTime": 1745378986937,
        "eventId": "38923251994177461183160083495488226890548326827913838592"
    },
    {
        "logStreamName": "2025/04/23/[$LATEST]04343db8c50e48d2a95146a994823c6d",
        "timestamp": 1745378984682,
        "message": "START RequestId: 9ecf0098-7f5a-4a0c-a22b-89c0d9a9ad95 Version: $LATEST\n",
        "ingestionTime": 1745378986937,
        "eventId": "38923252012263365539168418863273694409666148009263955969"
    },
    {
        "logStreamName": "2025/04/23/[$LATEST]04343db8c50e48d2a95146a994823c6d",
        "timestamp": 1745378984684,
        "message": "Directory /tmp/mafdb was created!\n",
        "ingestionTime": 1745378986937,
        "eventId": "38923252012307967029565480109556765846211444732275916802"
    },
    {
        "logStreamName": "2025/04/23/[$LATEST]04343db8c50e48d2a95146a994823c6d",
        "timestamp": 1745378984802,
        "message": "FILE_TRANSFER RequestId: 9ecf0098-7f5a-4a0c-a22b-89c0d9a9ad95\t TransferType: consumed\t Action: download_from_s3\t FileName: mafdb_5b18ebb61af0df9768d3f0de071bdfce6b107b0fc539962510ac2b333d1ae1e2.json\t Bucket: denethor\t FilePath: mafdb/mafdb_5b18ebb61af0df9768d3f0de071bdfce6b107b0fc539962510ac2b333d1ae1e2.json\t LocalFilePath: /tmp/mafdb/mafdb_5b18ebb61af0df9768d3f0de071bdfce6b107b0fc539962510ac2b333d1ae1e2.json\t FileSize: 412 bytes\t TransferDuration: 118.16976599993723 ms\n",
        "ingestionTime": 1745378986937,
        "eventId": "38923252014939454962992093640257980602383951389981605891"
    },
    {
        "logStreamName": "2025/04/23/[$LATEST]04343db8c50e48d2a95146a994823c6d",
        "timestamp": 1745378984851,
        "message": "FILE_TRANSFER RequestId: 9ecf0098-7f5a-4a0c-a22b-89c0d9a9ad95\t TransferType: consumed\t Action: download_from_s3\t FileName: mafdb_7511017a4e93687a5be47b55aa4c08eff48c283a8153f5e070747057ad693f80.json\t Bucket: denethor\t FilePath: mafdb/mafdb_7511017a4e93687a5be47b55aa4c08eff48c283a8153f5e070747057ad693f80.json\t LocalFilePath: /tmp/mafdb/mafdb_7511017a4e93687a5be47b55aa4c08eff48c283a8153f5e070747057ad693f80.json\t FileSize: 314 bytes\t TransferDuration: 49.21419000015703 ms\n",
        "ingestionTime": 1745378986937,
        "eventId": "38923252016032191477720094174193230797743721103774646276"
    },
    {
        "logStreamName": "2025/04/23/[$LATEST]04343db8c50e48d2a95146a994823c6d",
        "timestamp": 1745378984911,
        "message": "FILE_TRANSFER RequestId: 9ecf0098-7f5a-4a0c-a22b-89c0d9a9ad95\t TransferType: consumed\t Action: download_from_s3\t FileName: mafdb_bdf7b87e05be228017da27afd5fd158ebe4fcf138008526635b8bcdbe380f328.json\t Bucket: denethor\t FilePath: mafdb/mafdb_bdf7b87e05be228017da27afd5fd158ebe4fcf138008526635b8bcdbe380f328.json\t LocalFilePath: /tmp/mafdb/mafdb_bdf7b87e05be228017da27afd5fd158ebe4fcf138008526635b8bcdbe380f328.json\t FileSize: 273 bytes\t TransferDuration: 59.29087800018351 ms\n",
        "ingestionTime": 1745378986937,
        "eventId": "38923252017370236189631931562685373894102622794133471237"
    },
    {
        "logStreamName": "2025/04/23/[$LATEST]04343db8c50e48d2a95146a994823c6d",
        "timestamp": 1745378984955,
        "message": "FILE_TRANSFER RequestId: 9ecf0098-7f5a-4a0c-a22b-89c0d9a9ad95\t TransferType: consumed\t Action: download_from_s3\t FileName: mafdb_ffac685782ba2ceabfc02088f70f3473d570818cc3d9c58c8979a425bc171247.json\t Bucket: denethor\t FilePath: mafdb/mafdb_ffac685782ba2ceabfc02088f70f3473d570818cc3d9c58c8979a425bc171247.json\t LocalFilePath: /tmp/mafdb/mafdb_ffac685782ba2ceabfc02088f70f3473d570818cc3d9c58c8979a425bc171247.json\t FileSize: 273 bytes\t TransferDuration: 43.69027300003836 ms\n",
        "ingestionTime": 1745378986937,
        "eventId": "38923252018351468978367278980912945498099150700396609542"
    },
    {
        "logStreamName": "2025/04/23/[$LATEST]04343db8c50e48d2a95146a994823c6d",
        "timestamp": 1745378984995,
        "message": "FILE_TRANSFER RequestId: 9ecf0098-7f5a-4a0c-a22b-89c0d9a9ad95\t TransferType: consumed\t Action: download_from_s3\t FileName: mafdb_b61e3844996fd21e45a7d054f79694e53c5aede5327c90900ed7183119a56bfb.json\t Bucket: denethor\t FilePath: mafdb/mafdb_b61e3844996fd21e45a7d054f79694e53c5aede5327c90900ed7183119a56bfb.json\t LocalFilePath: /tmp/mafdb/mafdb_b61e3844996fd21e45a7d054f79694e53c5aede5327c90900ed7183119a56bfb.json\t FileSize: 273 bytes\t TransferDuration: 40.57544199986296 ms\n",
        "ingestionTime": 1745378986937,
        "eventId": "38923252019243498786308503906574374229005085160635826183"
    },
    {
        "logStreamName": "2025/04/23/[$LATEST]04343db8c50e48d2a95146a994823c6d",
        "timestamp": 1745378985037,
        "message": "FILE_TRANSFER RequestId: 9ecf0098-7f5a-4a0c-a22b-89c0d9a9ad95\t TransferType: consumed\t Action: download_from_s3\t FileName: mafdb_4626fea2abf7ed35f5f28026640ab18610584687978217b1f40af22fe37f6572.json\t Bucket: denethor\t FilePath: mafdb/mafdb_4626fea2abf7ed35f5f28026640ab18610584687978217b1f40af22fe37f6572.json\t LocalFilePath: /tmp/mafdb/mafdb_4626fea2abf7ed35f5f28026640ab18610584687978217b1f40af22fe37f6572.json\t FileSize: 273 bytes\t TransferDuration: 41.99224600006346 ms\n",
        "ingestionTime": 1745378986937,
        "eventId": "38923252020180130084646790078518874396456316343887003656"
    },
    {
        "logStreamName": "2025/04/23/[$LATEST]04343db8c50e48d2a95146a994823c6d",
        "timestamp": 1745378985083,
        "message": "FILE_TRANSFER RequestId: 9ecf0098-7f5a-4a0c-a22b-89c0d9a9ad95\t TransferType: consumed\t Action: download_from_s3\t FileName: mafdb_445b1fba33e16cd436442a3a77bf395f50fd97b749d80a4ea1cdfce773bb0774.json\t Bucket: denethor\t FilePath: mafdb/mafdb_445b1fba33e16cd436442a3a77bf395f50fd97b749d80a4ea1cdfce773bb0774.json\t LocalFilePath: /tmp/mafdb/mafdb_445b1fba33e16cd436442a3a77bf395f50fd97b749d80a4ea1cdfce773bb0774.json\t FileSize: 273 bytes\t TransferDuration: 45.215619999908085 ms\n",
        "ingestionTime": 1745378986937,
        "eventId": "38923252021205964363779198743029517436998140973162102793"
    },
    {
        "logStreamName": "2025/04/23/[$LATEST]04343db8c50e48d2a95146a994823c6d",
        "timestamp": 1745378985120,
        "message": "FILE_TRANSFER RequestId: 9ecf0098-7f5a-4a0c-a22b-89c0d9a9ad95\t TransferType: consumed\t Action: download_from_s3\t FileName: mafdb_f15d6d133941e8137799af5c1c04fc577dd74e96149a2ccd80e4f571114f20e3.json\t Bucket: denethor\t FilePath: mafdb/mafdb_f15d6d133941e8137799af5c1c04fc577dd74e96149a2ccd80e4f571114f20e3.json\t LocalFilePath: /tmp/mafdb/mafdb_f15d6d133941e8137799af5c1c04fc577dd74e96149a2ccd80e4f571114f20e3.json\t FileSize: 232 bytes\t TransferDuration: 37.1067259998199 ms\n",
        "ingestionTime": 1745378986937,
        "eventId": "38923252022031091936124831799266339013086130348883378186"
    },
    {
        "logStreamName": "2025/04/23/[$LATEST]04343db8c50e48d2a95146a994823c6d",
        "timestamp": 1745378985164,
        "message": "FILE_TRANSFER RequestId: 9ecf0098-7f5a-4a0c-a22b-89c0d9a9ad95\t TransferType: consumed\t Action: download_from_s3\t FileName: mafdb_44786d15636736367c1c71748c6f6ad88c51a0acf9651aa1d2aab053f2b49895.json\t Bucket: denethor\t FilePath: mafdb/mafdb_44786d15636736367c1c71748c6f6ad88c51a0acf9651aa1d2aab053f2b49895.json\t LocalFilePath: /tmp/mafdb/mafdb_44786d15636736367c1c71748c6f6ad88c51a0acf9651aa1d2aab053f2b49895.json\t FileSize: 232 bytes\t TransferDuration: 43.88854800004083 ms\n",
        "ingestionTime": 1745378986937,
        "eventId": "38923252023012324724860179217493910617082658255146516491"
    },
    {
        "logStreamName": "2025/04/23/[$LATEST]04343db8c50e48d2a95146a994823c6d",
        "timestamp": 1745378985207,
        "message": "FILE_TRANSFER RequestId: 9ecf0098-7f5a-4a0c-a22b-89c0d9a9ad95\t TransferType: consumed\t Action: download_from_s3\t FileName: mafdb_a2b1b534b2611b710744fb6756c33616a3588ee03d8aa6972d23e492b2c485de.json\t Bucket: denethor\t FilePath: mafdb/mafdb_a2b1b534b2611b710744fb6756c33616a3588ee03d8aa6972d23e492b2c485de.json\t LocalFilePath: /tmp/mafdb/mafdb_a2b1b534b2611b710744fb6756c33616a3588ee03d8aa6972d23e492b2c485de.json\t FileSize: 232 bytes\t TransferDuration: 43.172816000151215 ms\n",
        "ingestionTime": 1745378986937,
        "eventId": "38923252023971256768396996012579946502806537799903674380"
    },
    {
        "logStreamName": "2025/04/23/[$LATEST]04343db8c50e48d2a95146a994823c6d",
        "timestamp": 1745378985252,
        "message": "FILE_TRANSFER RequestId: 9ecf0098-7f5a-4a0c-a22b-89c0d9a9ad95\t TransferType: consumed\t Action: download_from_s3\t FileName: mafdb_4875c145af921680114234ea5e55d59b851e8bb06310ce7c9ba80b21e93e80f9.json\t Bucket: denethor\t FilePath: mafdb/mafdb_4875c145af921680114234ea5e55d59b851e8bb06310ce7c9ba80b21e93e80f9.json\t LocalFilePath: /tmp/mafdb/mafdb_4875c145af921680114234ea5e55d59b851e8bb06310ce7c9ba80b21e93e80f9.json\t FileSize: 232 bytes\t TransferDuration: 45.217793000119855 ms\n",
        "ingestionTime": 1745378986937,
        "eventId": "38923252024974790302330874053949053825075714067672793101"
    },
    {
        "logStreamName": "2025/04/23/[$LATEST]04343db8c50e48d2a95146a994823c6d",
        "timestamp": 1745378985309,
        "message": "FILE_TRANSFER RequestId: 9ecf0098-7f5a-4a0c-a22b-89c0d9a9ad95\t TransferType: consumed\t Action: download_from_s3\t FileName: mafdb_a0bb27000c08353bd1576c76b737091f2d774cc5766e59661908d2047f1f9f55.json\t Bucket: denethor\t FilePath: mafdb/mafdb_a0bb27000c08353bd1576c76b737091f2d774cc5766e59661908d2047f1f9f55.json\t LocalFilePath: /tmp/mafdb/mafdb_a0bb27000c08353bd1576c76b737091f2d774cc5766e59661908d2047f1f9f55.json\t FileSize: 232 bytes\t TransferDuration: 56.72487600008935 ms\n",
        "ingestionTime": 1745378986937,
        "eventId": "38923252026245932778647119573016589766616670673513676814"
    },
    {
        "logStreamName": "2025/04/23/[$LATEST]04343db8c50e48d2a95146a994823c6d",
        "timestamp": 1745378985360,
        "message": "FILE_TRANSFER RequestId: 9ecf0098-7f5a-4a0c-a22b-89c0d9a9ad95\t TransferType: consumed\t Action: download_from_s3\t FileName: mafdb_5f9438b2176a3f1de183e4e4beed7bba44407448bf813b980737577bbda05693.json\t Bucket: denethor\t FilePath: mafdb/mafdb_5f9438b2176a3f1de183e4e4beed7bba44407448bf813b980737577bbda05693.json\t LocalFilePath: /tmp/mafdb/mafdb_5f9438b2176a3f1de183e4e4beed7bba44407448bf813b980737577bbda05693.json\t FileSize: 232 bytes\t TransferDuration: 50.67136799993932 ms\n",
        "ingestionTime": 1745378986937,
        "eventId": "38923252027383270783772181353234911398521737110318678031"
    },
    {
        "logStreamName": "2025/04/23/[$LATEST]04343db8c50e48d2a95146a994823c6d",
        "timestamp": 1745378985400,
        "message": "FILE_TRANSFER RequestId: 9ecf0098-7f5a-4a0c-a22b-89c0d9a9ad95\t TransferType: consumed\t Action: download_from_s3\t FileName: mafdb_1fc60ba179d4022cc2706fa01097c85bbbc0bb1e1cfb62ef6cb25b6e0f12a318.json\t Bucket: denethor\t FilePath: mafdb/mafdb_1fc60ba179d4022cc2706fa01097c85bbbc0bb1e1cfb62ef6cb25b6e0f12a318.json\t LocalFilePath: /tmp/mafdb/mafdb_1fc60ba179d4022cc2706fa01097c85bbbc0bb1e1cfb62ef6cb25b6e0f12a318.json\t FileSize: 232 bytes\t TransferDuration: 40.449561000059475 ms\n",
        "ingestionTime": 1745378986937,
        "eventId": "38923252028275300591713406278896340129427671570557894672"
    },
    {
        "logStreamName": "2025/04/23/[$LATEST]04343db8c50e48d2a95146a994823c6d",
        "timestamp": 1745378985443,
        "message": "FILE_TRANSFER RequestId: 9ecf0098-7f5a-4a0c-a22b-89c0d9a9ad95\t TransferType: consumed\t Action: download_from_s3\t FileName: mafdb_d8f88c2fd2b3dd961297ef4c35cbb2dc12d1e955b3804d1df6784eef89b553c5.json\t Bucket: denethor\t FilePath: mafdb/mafdb_d8f88c2fd2b3dd961297ef4c35cbb2dc12d1e955b3804d1df6784eef89b553c5.json\t LocalFilePath: /tmp/mafdb/mafdb_d8f88c2fd2b3dd961297ef4c35cbb2dc12d1e955b3804d1df6784eef89b553c5.json\t FileSize: 232 bytes\t TransferDuration: 42.3565050000434 ms\n",
        "ingestionTime": 1745378986937,
        "eventId": "38923252029234232635250223073982376015151551115315052561"
    },
    {
        "logStreamName": "2025/04/23/[$LATEST]04343db8c50e48d2a95146a994823c6d",
        "timestamp": 1745378985489,
        "message": "FILE_TRANSFER RequestId: 9ecf0098-7f5a-4a0c-a22b-89c0d9a9ad95\t TransferType: consumed\t Action: download_from_s3\t FileName: mafdb_61d06c5f6cb647c45e49e6fed379994aa1917c44d4f989fceae6c09f558582c8.json\t Bucket: denethor\t FilePath: mafdb/mafdb_61d06c5f6cb647c45e49e6fed379994aa1917c44d4f989fceae6c09f558582c8.json\t LocalFilePath: /tmp/mafdb/mafdb_61d06c5f6cb647c45e49e6fed379994aa1917c44d4f989fceae6c09f558582c8.json\t FileSize: 232 bytes\t TransferDuration: 46.5183960000104 ms\n",
        "ingestionTime": 1745378986937,
        "eventId": "38923252030260066914382631738493019055693375744590151698"
    },
    {
        "logStreamName": "2025/04/23/[$LATEST]04343db8c50e48d2a95146a994823c6d",
        "timestamp": 1745378985529,
        "message": "FILE_TRANSFER RequestId: 9ecf0098-7f5a-4a0c-a22b-89c0d9a9ad95\t TransferType: consumed\t Action: download_from_s3\t FileName: mafdb_ffd4e0fa152c4c546b28b02119dad4bd0c70236353d268445ea1f258d441aea7.json\t Bucket: denethor\t FilePath: mafdb/mafdb_ffd4e0fa152c4c546b28b02119dad4bd0c70236353d268445ea1f258d441aea7.json\t LocalFilePath: /tmp/mafdb/mafdb_ffd4e0fa152c4c546b28b02119dad4bd0c70236353d268445ea1f258d441aea7.json\t FileSize: 236 bytes\t TransferDuration: 40.01605600001312 ms\n",
        "ingestionTime": 1745378986937,
        "eventId": "38923252031152096722323856664154447786599310204829368339"
    },
    {
        "logStreamName": "2025/04/23/[$LATEST]04343db8c50e48d2a95146a994823c6d",
        "timestamp": 1745378985573,
        "message": "FILE_TRANSFER RequestId: 9ecf0098-7f5a-4a0c-a22b-89c0d9a9ad95\t TransferType: consumed\t Action: download_from_s3\t FileName: mafdb_a685dcc84ba5d5e38925c5631342c458cecda2bbfda8ec6d292863c380027b30.json\t Bucket: denethor\t FilePath: mafdb/mafdb_a685dcc84ba5d5e38925c5631342c458cecda2bbfda8ec6d292863c380027b30.json\t LocalFilePath: /tmp/mafdb/mafdb_a685dcc84ba5d5e38925c5631342c458cecda2bbfda8ec6d292863c380027b30.json\t FileSize: 236 bytes\t TransferDuration: 43.79121000010855 ms\n",
        "ingestionTime": 1745378986937,
        "eventId": "38923252032133329511059204082382019390595838111092506644"
    },
    {
        "logStreamName": "2025/04/23/[$LATEST]04343db8c50e48d2a95146a994823c6d",
        "timestamp": 1745378985619,
        "message": "FILE_TRANSFER RequestId: 9ecf0098-7f5a-4a0c-a22b-89c0d9a9ad95\t TransferType: consumed\t Action: download_from_s3\t FileName: mafdb_a5fa5463d23675efa6d77a8b373d81846a8f946ee4363e05ac855926bcd850cb.json\t Bucket: denethor\t FilePath: mafdb/mafdb_a5fa5463d23675efa6d77a8b373d81846a8f946ee4363e05ac855926bcd850cb.json\t LocalFilePath: /tmp/mafdb/mafdb_a5fa5463d23675efa6d77a8b373d81846a8f946ee4363e05ac855926bcd850cb.json\t FileSize: 236 bytes\t TransferDuration: 45.40746099996795 ms\n",
        "ingestionTime": 1745378986937,
        "eventId": "38923252033159163790191612746892662431137662740367605781"
    },
    {
        "logStreamName": "2025/04/23/[$LATEST]04343db8c50e48d2a95146a994823c6d",
        "timestamp": 1745378985723,
        "message": "FILE_TRANSFER RequestId: 9ecf0098-7f5a-4a0c-a22b-89c0d9a9ad95\t TransferType: consumed\t Action: download_from_s3\t FileName: mafdb_00a3f572cc1fc8e5d20ab4dfb79235b5a032989fc11491f76265acd17bc9137b.json\t Bucket: denethor\t FilePath: mafdb/mafdb_00a3f572cc1fc8e5d20ab4dfb79235b5a032989fc11491f76265acd17bc9137b.json\t LocalFilePath: /tmp/mafdb/mafdb_00a3f572cc1fc8e5d20ab4dfb79235b5a032989fc11491f76265acd17bc9137b.json\t FileSize: 236 bytes\t TransferDuration: 104.08330699988255 ms\n",
        "ingestionTime": 1745378986937,
        "eventId": "38923252035478441290838797553612377131493092336989569046"
    },
    {
        "logStreamName": "2025/04/23/[$LATEST]04343db8c50e48d2a95146a994823c6d",
        "timestamp": 1745378985763,
        "message": "FILE_TRANSFER RequestId: 9ecf0098-7f5a-4a0c-a22b-89c0d9a9ad95\t TransferType: consumed\t Action: download_from_s3\t FileName: mafdb_3c4715263643d510615654aef8ed8da557fffe96cf62eb913d276dfba2a90a55.json\t Bucket: denethor\t FilePath: mafdb/mafdb_3c4715263643d510615654aef8ed8da557fffe96cf62eb913d276dfba2a90a55.json\t LocalFilePath: /tmp/mafdb/mafdb_3c4715263643d510615654aef8ed8da557fffe96cf62eb913d276dfba2a90a55.json\t FileSize: 236 bytes\t TransferDuration: 40.24910499992984 ms\n",
        "ingestionTime": 1745378986937,
        "eventId": "38923252036370471098780022479273805862399026797228785687"
    },
    {
        "logStreamName": "2025/04/23/[$LATEST]04343db8c50e48d2a95146a994823c6d",
        "timestamp": 1745378985836,
        "message": "FILE_TRANSFER RequestId: 9ecf0098-7f5a-4a0c-a22b-89c0d9a9ad95\t TransferType: consumed\t Action: download_from_s3\t FileName: mafdb_e1c1a3efbbe62c2a7b832722eea7a97c4c6a0584661d34d7903dfb1cb8550001.json\t Bucket: denethor\t FilePath: mafdb/mafdb_e1c1a3efbbe62c2a7b832722eea7a97c4c6a0584661d34d7903dfb1cb8550001.json\t LocalFilePath: /tmp/mafdb/mafdb_e1c1a3efbbe62c2a7b832722eea7a97c4c6a0584661d34d7903dfb1cb8550001.json\t FileSize: 194 bytes\t TransferDuration: 72.68306499986465 ms\n",
        "ingestionTime": 1745378986937,
        "eventId": "38923252037998425498272757968605913296302357187165356056"
    },
    {
        "logStreamName": "2025/04/23/[$LATEST]04343db8c50e48d2a95146a994823c6d",
        "timestamp": 1745378985874,
        "message": "FILE_TRANSFER RequestId: 9ecf0098-7f5a-4a0c-a22b-89c0d9a9ad95\t TransferType: consumed\t Action: download_from_s3\t FileName: mafdb_8d0251a64e765db63487e462f331f4afb2749626a0d1c4085bb8731ac3a5052b.json\t Bucket: denethor\t FilePath: mafdb/mafdb_8d0251a64e765db63487e462f331f4afb2749626a0d1c4085bb8731ac3a5052b.json\t LocalFilePath: /tmp/mafdb/mafdb_8d0251a64e765db63487e462f331f4afb2749626a0d1c4085bb8731ac3a5052b.json\t FileSize: 194 bytes\t TransferDuration: 38.37586400004511 ms\n",
        "ingestionTime": 1745378986937,
        "eventId": "38923252038845853815816921647984270590662994924392611865"
    },
    {
        "logStreamName": "2025/04/23/[$LATEST]04343db8c50e48d2a95146a994823c6d",
        "timestamp": 1745378985923,
        "message": "FILE_TRANSFER RequestId: 9ecf0098-7f5a-4a0c-a22b-89c0d9a9ad95\t TransferType: consumed\t Action: download_from_s3\t FileName: mafdb_37dea20d1bd82fc6960cf8f7fbe3e00fb9a3d760314cead430ba59e0fcb172d7.json\t Bucket: denethor\t FilePath: mafdb/mafdb_37dea20d1bd82fc6960cf8f7fbe3e00fb9a3d760314cead430ba59e0fcb172d7.json\t LocalFilePath: /tmp/mafdb/mafdb_37dea20d1bd82fc6960cf8f7fbe3e00fb9a3d760314cead430ba59e0fcb172d7.json\t FileSize: 194 bytes\t TransferDuration: 48.291350999988936 ms\n",
        "ingestionTime": 1745378986937,
        "eventId": "38923252039938590330544922181919520786022764638185652250"
    },
    {
        "logStreamName": "2025/04/23/[$LATEST]04343db8c50e48d2a95146a994823c6d",
        "timestamp": 1745378985969,
        "message": "FILE_TRANSFER RequestId: 9ecf0098-7f5a-4a0c-a22b-89c0d9a9ad95\t TransferType: consumed\t Action: download_from_s3\t FileName: mafdb_94a13595282fa653bef6fcac4e2814c61baca180bc8211c141298b84f6808ed2.json\t Bucket: denethor\t FilePath: mafdb/mafdb_94a13595282fa653bef6fcac4e2814c61baca180bc8211c141298b84f6808ed2.json\t LocalFilePath: /tmp/mafdb/mafdb_94a13595282fa653bef6fcac4e2814c61baca180bc8211c141298b84f6808ed2.json\t FileSize: 194 bytes\t TransferDuration: 46.466832000078284 ms\n",
        "ingestionTime": 1745378986937,
        "eventId": "38923252040964424609677330846430163826564589267460751387"
    },
    {
        "logStreamName": "2025/04/23/[$LATEST]04343db8c50e48d2a95146a994823c6d",
        "timestamp": 1745378986021,
        "message": "FILE_TRANSFER RequestId: 9ecf0098-7f5a-4a0c-a22b-89c0d9a9ad95\t TransferType: consumed\t Action: download_from_s3\t FileName: mafdb_28e85066f31505c55d07b17f9572f06f22d3792db5f05557022a7d02f6e17176.json\t Bucket: denethor\t FilePath: mafdb/mafdb_28e85066f31505c55d07b17f9572f06f22d3792db5f05557022a7d02f6e17176.json\t LocalFilePath: /tmp/mafdb/mafdb_28e85066f31505c55d07b17f9572f06f22d3792db5f05557022a7d02f6e17176.json\t FileSize: 194 bytes\t TransferDuration: 51.44066799994107 ms\n",
        "ingestionTime": 1745378986937,
        "eventId": "38923252042124063360000923249790021176742304065771733020"
    },
    {
        "logStreamName": "2025/04/23/[$LATEST]04343db8c50e48d2a95146a994823c6d",
        "timestamp": 1745378986067,
        "message": "FILE_TRANSFER RequestId: 9ecf0098-7f5a-4a0c-a22b-89c0d9a9ad95\t TransferType: consumed\t Action: download_from_s3\t FileName: mafdb_684954c3c4c1ce1b20012a3c92d8999a9ebafb3b23276c0d4c20aa772f01f4d3.json\t Bucket: denethor\t FilePath: mafdb/mafdb_684954c3c4c1ce1b20012a3c92d8999a9ebafb3b23276c0d4c20aa772f01f4d3.json\t LocalFilePath: /tmp/mafdb/mafdb_684954c3c4c1ce1b20012a3c92d8999a9ebafb3b23276c0d4c20aa772f01f4d3.json\t FileSize: 194 bytes\t TransferDuration: 46.05547400001342 ms\n",
        "ingestionTime": 1745378986937,
        "eventId": "38923252043149897639133331914300664217284128695046832157"
    },
    {
        "logStreamName": "2025/04/23/[$LATEST]04343db8c50e48d2a95146a994823c6d",
        "timestamp": 1745378986106,
        "message": "FILE_TRANSFER RequestId: 9ecf0098-7f5a-4a0c-a22b-89c0d9a9ad95\t TransferType: consumed\t Action: download_from_s3\t FileName: mafdb_7d1845f8f12c76c9366de78059724636bda4584243a3cc27647a66a4d824500a.json\t Bucket: denethor\t FilePath: mafdb/mafdb_7d1845f8f12c76c9366de78059724636bda4584243a3cc27647a66a4d824500a.json\t LocalFilePath: /tmp/mafdb/mafdb_7d1845f8f12c76c9366de78059724636bda4584243a3cc27647a66a4d824500a.json\t FileSize: 152 bytes\t TransferDuration: 39.66710500003501 ms\n",
        "ingestionTime": 1745378986937,
        "eventId": "38923252044019626701876026216820557229917414793780068382"
    },
    {
        "logStreamName": "2025/04/23/[$LATEST]04343db8c50e48d2a95146a994823c6d",
        "timestamp": 1745378986146,
        "message": "FILE_TRANSFER RequestId: 9ecf0098-7f5a-4a0c-a22b-89c0d9a9ad95\t TransferType: consumed\t Action: download_from_s3\t FileName: mafdb_d13d8392c181d2f5dc098cade47742329253676294944cbdff641de7c8a2942a.json\t Bucket: denethor\t FilePath: mafdb/mafdb_d13d8392c181d2f5dc098cade47742329253676294944cbdff641de7c8a2942a.json\t LocalFilePath: /tmp/mafdb/mafdb_d13d8392c181d2f5dc098cade47742329253676294944cbdff641de7c8a2942a.json\t FileSize: 194 bytes\t TransferDuration: 39.977915999998004 ms\n",
        "ingestionTime": 1745378986937,
        "eventId": "38923252044911656509817251142481985960823349254019285023"
    },
    {
        "logStreamName": "2025/04/23/[$LATEST]04343db8c50e48d2a95146a994823c6d",
        "timestamp": 1745378986186,
        "message": "FILE_TRANSFER RequestId: 9ecf0098-7f5a-4a0c-a22b-89c0d9a9ad95\t TransferType: consumed\t Action: download_from_s3\t FileName: mafdb_fdfd9f2efea889252a132e0d03e501efa853be19ae07f257f05331fec285e8d0.json\t Bucket: denethor\t FilePath: mafdb/mafdb_fdfd9f2efea889252a132e0d03e501efa853be19ae07f257f05331fec285e8d0.json\t LocalFilePath: /tmp/mafdb/mafdb_fdfd9f2efea889252a132e0d03e501efa853be19ae07f257f05331fec285e8d0.json\t FileSize: 194 bytes\t TransferDuration: 39.48272000002362 ms\n",
        "ingestionTime": 1745378986937,
        "eventId": "38923252045803686317758476068143414691729283714258501664"
    },
    {
        "logStreamName": "2025/04/23/[$LATEST]04343db8c50e48d2a95146a994823c6d",
        "timestamp": 1745378986186,
        "message": "CONSUMED_FILES_INFO RequestId: 9ecf0098-7f5a-4a0c-a22b-89c0d9a9ad95\t FilesCount: 30 files\t FilesSize: 7063 bytes\t TransferDuration: 1500.2431380003145 ms\t ConsumedFiles: ['mafdb_5b18ebb61af0df9768d3f0de071bdfce6b107b0fc539962510ac2b333d1ae1e2.json', 'mafdb_7511017a4e93687a5be47b55aa4c08eff48c283a8153f5e070747057ad693f80.json', 'mafdb_bdf7b87e05be228017da27afd5fd158ebe4fcf138008526635b8bcdbe380f328.json', 'mafdb_ffac685782ba2ceabfc02088f70f3473d570818cc3d9c58c8979a425bc171247.json', 'mafdb_b61e3844996fd21e45a7d054f79694e53c5aede5327c90900ed7183119a56bfb.json', 'mafdb_4626fea2abf7ed35f5f28026640ab18610584687978217b1f40af22fe37f6572.json', 'mafdb_445b1fba33e16cd436442a3a77bf395f50fd97b749d80a4ea1cdfce773bb0774.json', 'mafdb_f15d6d133941e8137799af5c1c04fc577dd74e96149a2ccd80e4f571114f20e3.json', 'mafdb_44786d15636736367c1c71748c6f6ad88c51a0acf9651aa1d2aab053f2b49895.json', 'mafdb_a2b1b534b2611b710744fb6756c33616a3588ee03d8aa6972d23e492b2c485de.json', 'mafdb_4875c145af921680114234ea5e55d59b851e8bb06310ce7c9ba80b21e93e80f9.json', 'mafdb_a0bb27000c08353bd1576c76b737091f2d774cc5766e59661908d2047f1f9f55.json', 'mafdb_5f9438b2176a3f1de183e4e4beed7bba44407448bf813b980737577bbda05693.json', 'mafdb_1fc60ba179d4022cc2706fa01097c85bbbc0bb1e1cfb62ef6cb25b6e0f12a318.json', 'mafdb_d8f88c2fd2b3dd961297ef4c35cbb2dc12d1e955b3804d1df6784eef89b553c5.json', 'mafdb_61d06c5f6cb647c45e49e6fed379994aa1917c44d4f989fceae6c09f558582c8.json', 'mafdb_ffd4e0fa152c4c546b28b02119dad4bd0c70236353d268445ea1f258d441aea7.json', 'mafdb_a685dcc84ba5d5e38925c5631342c458cecda2bbfda8ec6d292863c380027b30.json', 'mafdb_a5fa5463d23675efa6d77a8b373d81846a8f946ee4363e05ac855926bcd850cb.json', 'mafdb_00a3f572cc1fc8e5d20ab4dfb79235b5a032989fc11491f76265acd17bc9137b.json', 'mafdb_3c4715263643d510615654aef8ed8da557fffe96cf62eb913d276dfba2a90a55.json', 'mafdb_e1c1a3efbbe62c2a7b832722eea7a97c4c6a0584661d34d7903dfb1cb8550001.json', 'mafdb_8d0251a64e765db63487e462f331f4afb2749626a0d1c4085bb8731ac3a5052b.json', 'mafdb_37dea20d1bd82fc6960cf8f7fbe3e00fb9a3d760314cead430ba59e0fcb172d7.json', 'mafdb_94a13595282fa653bef6fcac4e2814c61baca180bc8211c141298b84f6808ed2.json', 'mafdb_28e85066f31505c55d07b17f9572f06f22d3792db5f05557022a7d02f6e17176.json', 'mafdb_684954c3c4c1ce1b20012a3c92d8999a9ebafb3b23276c0d4c20aa772f01f4d3.json', 'mafdb_7d1845f8f12c76c9366de78059724636bda4584243a3cc27647a66a4d824500a.json', 'mafdb_d13d8392c181d2f5dc098cade47742329253676294944cbdff641de7c8a2942a.json', 'mafdb_fdfd9f2efea889252a132e0d03e501efa853be19ae07f257f05331fec285e8d0.json']\n",
        "ingestionTime": 1745378986937,
        "eventId": "38923252045803686317758476068143414691729283714258501665"
    },
    {
        "logStreamName": "2025/04/23/[$LATEST]04343db8c50e48d2a95146a994823c6d",
        "timestamp": 1745378986188,
        "message": "[INFO] 2025-04-23T03:29:46GMT MAF_DATABASE_AGGREGATOR RequestId: 9ecf0098-7f5a-4a0c-a22b-89c0d9a9ad95\t Duration: 1.3966300000447518 ms\t InputLength: 30\t MaxMaf: 0\t MafDatabase: {}\n",
        "ingestionTime": 1745378986937,
        "eventId": "38923252045848287808155537314426486128274580437270462498"
    },
    {
        "logStreamName": "2025/04/23/[$LATEST]04343db8c50e48d2a95146a994823c6d",
        "timestamp": 1745378986188,
        "message": "[INFO]\t2025-04-23T03:29:46.188Z\t9ecf0098-7f5a-4a0c-a22b-89c0d9a9ad95\tMAF_DATABASE_AGGREGATOR RequestId: 9ecf0098-7f5a-4a0c-a22b-89c0d9a9ad95\t Duration: 1.3966300000447518 ms\t InputLength: 30\t MaxMaf: 0\t MafDatabase: {}\n",
        "ingestionTime": 1745378986937,
        "eventId": "38923252045848287808155537314426486128274580437270462499"
    },
    {
        "logStreamName": "2025/04/23/[$LATEST]04343db8c50e48d2a95146a994823c6d",
        "timestamp": 1745378986235,
        "message": "FILE_TRANSFER RequestId: 9ecf0098-7f5a-4a0c-a22b-89c0d9a9ad95\t TransferType: produced\t Action: upload_to_s3\t FileName: mafdb_6bbe8cca9e9227de8fed8ce91d1ab1b9bfc7203fc91ca31b86c69e98e4288d97.json\t Bucket: denethor\t FilePath: mafdb/mafdb_6bbe8cca9e9227de8fed8ce91d1ab1b9bfc7203fc91ca31b86c69e98e4288d97.json\t LocalFilePath: /tmp/mafdb/mafdb_6bbe8cca9e9227de8fed8ce91d1ab1b9bfc7203fc91ca31b86c69e98e4288d97.json\t FileSize: 6175 bytes\t TransferDuration: 46.57534500006477 ms\n",
        "ingestionTime": 1745378986937,
        "eventId": "38923252046896422832486476602078664887089053428051542052"
    },
    {
        "logStreamName": "2025/04/23/[$LATEST]04343db8c50e48d2a95146a994823c6d",
        "timestamp": 1745378986235,
        "message": "PRODUCED_FILES_INFO RequestId: 9ecf0098-7f5a-4a0c-a22b-89c0d9a9ad95\t FilesCount: 1 files\t FilesSize: 6175 bytes\t TransferDuration: 46.57534500006477 ms\t Provider: aws_lambda\t  ProducedFiles: ['mafdb_6bbe8cca9e9227de8fed8ce91d1ab1b9bfc7203fc91ca31b86c69e98e4288d97.json']\n",
        "ingestionTime": 1745378986937,
        "eventId": "38923252046896422832486476602078664887089053428051542053"
    },
    {
        "logStreamName": "2025/04/23/[$LATEST]04343db8c50e48d2a95146a994823c6d",
        "timestamp": 1745378986236,
        "message": "END RequestId: 9ecf0098-7f5a-4a0c-a22b-89c0d9a9ad95\n",
        "ingestionTime": 1745378986937,
        "eventId": "38923252046918723577685007225220200605361701789557522470"
    },
    {
        "logStreamName": "2025/04/23/[$LATEST]04343db8c50e48d2a95146a994823c6d",
        "timestamp": 1745378986236,
        "message": "REPORT RequestId: 9ecf0098-7f5a-4a0c-a22b-89c0d9a9ad95\tDuration: 1554.14 ms\tBilled Duration: 1555 ms\tMemory Size: 512 MB\tMax Memory Used: 107 MB\tInit Duration: 809.91 ms\t\n",
        "ingestionTime": 1745378986937,
        "eventId": "38923252046918723577685007225220200605361701789557522471"
    }
]