[INFO] 2025-04-22T16:15:08.232Z START RequestId: uuid_878ae873_2386_4115_a57f_0f84a7f775b1	 Activity: subtree_constructor	 Provider: aws_ec2
[INFO] 2025-04-22T16:15:08.232Z FILE_TRANSFER RequestId: uuid_878ae873_2386_4115_a57f_0f84a7f775b1	 TransferType: consumed	 Action: download_from_s3	 FileName: tree_ORTHOMCL515.nexus	 Bucket: denethor	 FilePath: tree/tree_ORTHOMCL515.nexus	 FilePathLocal: .tmp/tree	 FileSize: 463 bytes	 TransferDuration: 0 ms
[INFO] 2025-04-22T16:15:08.232Z CONSUMED_FILES_INFO RequestId: uuid_878ae873_2386_4115_a57f_0f84a7f775b1	 FilesCount: 1 files	 FilesSize: 463 bytes	 TransferDuration: 0 ms	 ConsumedFiles: ['tree_ORTHOMCL515.nexus']
[INFO] 2025-04-22T16:15:08.234Z SUBTREE_CONSTRUCTOR RequestId: uuid_878ae873_2386_4115_a57f_0f84a7f775b1	 Duration: 2.1510550286620855 ms	 InputTree: ['tree_ORTHOMCL515.nexus']	 OutputSubtrees: ['tree_ORTHOMCL515_Inner1.nexus', 'tree_ORTHOMCL515_Inner2.nexus', 'tree_ORTHOMCL515_Inner3.nexus', 'tree_ORTHOMCL515_Inner4.nexus', 'tree_ORTHOMCL515_Inner5.nexus']
[INFO] 2025-04-22T16:15:08.335Z FILE_TRANSFER RequestId: uuid_878ae873_2386_4115_a57f_0f84a7f775b1	 TransferType: produced	 Action: upload_to_s3	 FileName: tree_ORTHOMCL515_Inner1.nexus	 Bucket: denethor	 FilePath: subtree/tree_ORTHOMCL515_Inner1.nexus	 FilePathLocal: .tmp/subtree/tree_ORTHOMCL515_Inner1.nexus	 FileSize: 185 bytes	 TransferDuration: 0 ms
[INFO] 2025-04-22T16:15:08.335Z FILE_TRANSFER RequestId: uuid_878ae873_2386_4115_a57f_0f84a7f775b1	 TransferType: produced	 Action: upload_to_s3	 FileName: tree_ORTHOMCL515_Inner2.nexus	 Bucket: denethor	 FilePath: subtree/tree_ORTHOMCL515_Inner2.nexus	 FilePathLocal: .tmp/subtree/tree_ORTHOMCL515_Inner2.nexus	 FileSize: 249 bytes	 TransferDuration: 0 ms
[INFO] 2025-04-22T16:15:08.335Z FILE_TRANSFER RequestId: uuid_878ae873_2386_4115_a57f_0f84a7f775b1	 TransferType: produced	 Action: upload_to_s3	 FileName: tree_ORTHOMCL515_Inner3.nexus	 Bucket: denethor	 FilePath: subtree/tree_ORTHOMCL515_Inner3.nexus	 FilePathLocal: .tmp/subtree/tree_ORTHOMCL515_Inner3.nexus	 FileSize: 187 bytes	 TransferDuration: 0 ms
[INFO] 2025-04-22T16:15:08.335Z FILE_TRANSFER RequestId: uuid_878ae873_2386_4115_a57f_0f84a7f775b1	 TransferType: produced	 Action: upload_to_s3	 FileName: tree_ORTHOMCL515_Inner4.nexus	 Bucket: denethor	 FilePath: subtree/tree_ORTHOMCL515_Inner4.nexus	 FilePathLocal: .tmp/subtree/tree_ORTHOMCL515_Inner4.nexus	 FileSize: 185 bytes	 TransferDuration: 0 ms
[INFO] 2025-04-22T16:15:08.335Z FILE_TRANSFER RequestId: uuid_878ae873_2386_4115_a57f_0f84a7f775b1	 TransferType: produced	 Action: upload_to_s3	 FileName: tree_ORTHOMCL515_Inner5.nexus	 Bucket: denethor	 FilePath: subtree/tree_ORTHOMCL515_Inner5.nexus	 FilePathLocal: .tmp/subtree/tree_ORTHOMCL515_Inner5.nexus	 FileSize: 463 bytes	 TransferDuration: 0 ms
[INFO] 2025-04-22T16:15:08.335Z PRODUCED_FILES_INFO RequestId: uuid_878ae873_2386_4115_a57f_0f84a7f775b1	 FilesCount: 5 files	 FilesSize: 1269 bytes	 TransferDuration: 0 ms	 Provider: aws_ec2	 ProducedFiles: ['tree_ORTHOMCL515_Inner1.nexus', 'tree_ORTHOMCL515_Inner2.nexus', 'tree_ORTHOMCL515_Inner3.nexus', 'tree_ORTHOMCL515_Inner4.nexus', 'tree_ORTHOMCL515_Inner5.nexus']
[INFO] 2025-04-22T16:15:08.335Z END RequestId: uuid_878ae873_2386_4115_a57f_0f84a7f775b1	 Activity: subtree_constructor	 Provider: aws_ec2
[INFO] 2025-04-22T16:15:08.335Z REPORT RequestId: uuid_878ae873_2386_4115_a57f_0f84a7f775b1	 Duration: 103.1652600504458 ms	 Billed Duration: 104 ms	 Memory Size: MB	 Max Memory Used: MB	 Init Duration: ms	

[INFO] 2025-04-22T16:15:08.335Z START RequestId: uuid_e292a79d_f2e3_428e_9194_b2b269d573ee	 Activity: subtree_constructor	 Provider: aws_ec2
[INFO] 2025-04-22T16:15:08.335Z FILE_TRANSFER RequestId: uuid_e292a79d_f2e3_428e_9194_b2b269d573ee	 TransferType: consumed	 Action: download_from_s3	 FileName: tree_ORTHOMCL534.nexus	 Bucket: denethor	 FilePath: tree/tree_ORTHOMCL534.nexus	 FilePathLocal: .tmp/tree	 FileSize: 461 bytes	 TransferDuration: 0 ms
[INFO] 2025-04-22T16:15:08.335Z CONSUMED_FILES_INFO RequestId: uuid_e292a79d_f2e3_428e_9194_b2b269d573ee	 FilesCount: 1 files	 FilesSize: 461 bytes	 TransferDuration: 0 ms	 ConsumedFiles: ['tree_ORTHOMCL534.nexus']
[INFO] 2025-04-22T16:15:08.337Z SUBTREE_CONSTRUCTOR RequestId: uuid_e292a79d_f2e3_428e_9194_b2b269d573ee	 Duration: 1.8939559813588858 ms	 InputTree: ['tree_ORTHOMCL534.nexus']	 OutputSubtrees: ['tree_ORTHOMCL534_Inner1.nexus', 'tree_ORTHOMCL534_Inner2.nexus', 'tree_ORTHOMCL534_Inner3.nexus', 'tree_ORTHOMCL534_Inner4.nexus', 'tree_ORTHOMCL534_Inner5.nexus']
[INFO] 2025-04-22T16:15:08.437Z FILE_TRANSFER RequestId: uuid_e292a79d_f2e3_428e_9194_b2b269d573ee	 TransferType: produced	 Action: upload_to_s3	 FileName: tree_ORTHOMCL534_Inner1.nexus	 Bucket: denethor	 FilePath: subtree/tree_ORTHOMCL534_Inner1.nexus	 FilePathLocal: .tmp/subtree/tree_ORTHOMCL534_Inner1.nexus	 FileSize: 185 bytes	 TransferDuration: 0 ms
[INFO] 2025-04-22T16:15:08.437Z FILE_TRANSFER RequestId: uuid_e292a79d_f2e3_428e_9194_b2b269d573ee	 TransferType: produced	 Action: upload_to_s3	 FileName: tree_ORTHOMCL534_Inner2.nexus	 Bucket: denethor	 FilePath: subtree/tree_ORTHOMCL534_Inner2.nexus	 FilePathLocal: .tmp/subtree/tree_ORTHOMCL534_Inner2.nexus	 FileSize: 187 bytes	 TransferDuration: 0 ms
[INFO] 2025-04-22T16:15:08.438Z FILE_TRANSFER RequestId: uuid_e292a79d_f2e3_428e_9194_b2b269d573ee	 TransferType: produced	 Action: upload_to_s3	 FileName: tree_ORTHOMCL534_Inner3.nexus	 Bucket: denethor	 FilePath: subtree/tree_ORTHOMCL534_Inner3.nexus	 FilePathLocal: .tmp/subtree/tree_ORTHOMCL534_Inner3.nexus	 FileSize: 183 bytes	 TransferDuration: 0 ms
[INFO] 2025-04-22T16:15:08.438Z FILE_TRANSFER RequestId: uuid_e292a79d_f2e3_428e_9194_b2b269d573ee	 TransferType: produced	 Action: upload_to_s3	 FileName: tree_ORTHOMCL534_Inner4.nexus	 Bucket: denethor	 FilePath: subtree/tree_ORTHOMCL534_Inner4.nexus	 FilePathLocal: .tmp/subtree/tree_ORTHOMCL534_Inner4.nexus	 FileSize: 249 bytes	 TransferDuration: 0 ms
[INFO] 2025-04-22T16:15:08.438Z FILE_TRANSFER RequestId: uuid_e292a79d_f2e3_428e_9194_b2b269d573ee	 TransferType: produced	 Action: upload_to_s3	 FileName: tree_ORTHOMCL534_Inner5.nexus	 Bucket: denethor	 FilePath: subtree/tree_ORTHOMCL534_Inner5.nexus	 FilePathLocal: .tmp/subtree/tree_ORTHOMCL534_Inner5.nexus	 FileSize: 461 bytes	 TransferDuration: 0 ms
[INFO] 2025-04-22T16:15:08.438Z PRODUCED_FILES_INFO RequestId: uuid_e292a79d_f2e3_428e_9194_b2b269d573ee	 FilesCount: 5 files	 FilesSize: 1265 bytes	 TransferDuration: 0 ms	 Provider: aws_ec2	 ProducedFiles: ['tree_ORTHOMCL534_Inner1.nexus', 'tree_ORTHOMCL534_Inner2.nexus', 'tree_ORTHOMCL534_Inner3.nexus', 'tree_ORTHOMCL534_Inner4.nexus', 'tree_ORTHOMCL534_Inner5.nexus']
[INFO] 2025-04-22T16:15:08.438Z END RequestId: uuid_e292a79d_f2e3_428e_9194_b2b269d573ee	 Activity: subtree_constructor	 Provider: aws_ec2
[INFO] 2025-04-22T16:15:08.438Z REPORT RequestId: uuid_e292a79d_f2e3_428e_9194_b2b269d573ee	 Duration: 102.55743807647377 ms	 Billed Duration: 103 ms	 Memory Size: MB	 Max Memory Used: MB	 Init Duration: ms	

[INFO] 2025-04-22T16:15:08.438Z START RequestId: uuid_63852462_15b9_4757_ae47_c7c2067bd6af	 Activity: subtree_constructor	 Provider: aws_ec2
[INFO] 2025-04-22T16:15:08.438Z FILE_TRANSFER RequestId: uuid_63852462_15b9_4757_ae47_c7c2067bd6af	 TransferType: consumed	 Action: download_from_s3	 FileName: tree_ORTHOMCL581.nexus	 Bucket: denethor	 FilePath: tree/tree_ORTHOMCL581.nexus	 FilePathLocal: .tmp/tree	 FileSize: 455 bytes	 TransferDuration: 0 ms
[INFO] 2025-04-22T16:15:08.438Z CONSUMED_FILES_INFO RequestId: uuid_63852462_15b9_4757_ae47_c7c2067bd6af	 FilesCount: 1 files	 FilesSize: 455 bytes	 TransferDuration: 0 ms	 ConsumedFiles: ['tree_ORTHOMCL581.nexus']
[INFO] 2025-04-22T16:15:08.440Z SUBTREE_CONSTRUCTOR RequestId: uuid_63852462_15b9_4757_ae47_c7c2067bd6af	 Duration: 1.9407590152695775 ms	 InputTree: ['tree_ORTHOMCL581.nexus']	 OutputSubtrees: ['tree_ORTHOMCL581_Inner1.nexus', 'tree_ORTHOMCL581_Inner2.nexus', 'tree_ORTHOMCL581_Inner3.nexus', 'tree_ORTHOMCL581_Inner4.nexus', 'tree_ORTHOMCL581_Inner5.nexus']
[INFO] 2025-04-22T16:15:08.540Z FILE_TRANSFER RequestId: uuid_63852462_15b9_4757_ae47_c7c2067bd6af	 TransferType: produced	 Action: upload_to_s3	 FileName: tree_ORTHOMCL581_Inner1.nexus	 Bucket: denethor	 FilePath: subtree/tree_ORTHOMCL581_Inner1.nexus	 FilePathLocal: .tmp/subtree/tree_ORTHOMCL581_Inner1.nexus	 FileSize: 185 bytes	 TransferDuration: 0 ms
[INFO] 2025-04-22T16:15:08.540Z FILE_TRANSFER RequestId: uuid_63852462_15b9_4757_ae47_c7c2067bd6af	 TransferType: produced	 Action: upload_to_s3	 FileName: tree_ORTHOMCL581_Inner2.nexus	 Bucket: denethor	 FilePath: subtree/tree_ORTHOMCL581_Inner2.nexus	 FilePathLocal: .tmp/subtree/tree_ORTHOMCL581_Inner2.nexus	 FileSize: 187 bytes	 TransferDuration: 0 ms
[INFO] 2025-04-22T16:15:08.540Z FILE_TRANSFER RequestId: uuid_63852462_15b9_4757_ae47_c7c2067bd6af	 TransferType: produced	 Action: upload_to_s3	 FileName: tree_ORTHOMCL581_Inner3.nexus	 Bucket: denethor	 FilePath: subtree/tree_ORTHOMCL581_Inner3.nexus	 FilePathLocal: .tmp/subtree/tree_ORTHOMCL581_Inner3.nexus	 FileSize: 185 bytes	 TransferDuration: 0 ms
[INFO] 2025-04-22T16:15:08.540Z FILE_TRANSFER RequestId: uuid_63852462_15b9_4757_ae47_c7c2067bd6af	 TransferType: produced	 Action: upload_to_s3	 FileName: tree_ORTHOMCL581_Inner4.nexus	 Bucket: denethor	 FilePath: subtree/tree_ORTHOMCL581_Inner4.nexus	 FilePathLocal: .tmp/subtree/tree_ORTHOMCL581_Inner4.nexus	 FileSize: 241 bytes	 TransferDuration: 0 ms
[INFO] 2025-04-22T16:15:08.540Z FILE_TRANSFER RequestId: uuid_63852462_15b9_4757_ae47_c7c2067bd6af	 TransferType: produced	 Action: upload_to_s3	 FileName: tree_ORTHOMCL581_Inner5.nexus	 Bucket: denethor	 FilePath: subtree/tree_ORTHOMCL581_Inner5.nexus	 FilePathLocal: .tmp/subtree/tree_ORTHOMCL581_Inner5.nexus	 FileSize: 455 bytes	 TransferDuration: 0 ms
[INFO] 2025-04-22T16:15:08.540Z PRODUCED_FILES_INFO RequestId: uuid_63852462_15b9_4757_ae47_c7c2067bd6af	 FilesCount: 5 files	 FilesSize: 1253 bytes	 TransferDuration: 0 ms	 Provider: aws_ec2	 ProducedFiles: ['tree_ORTHOMCL581_Inner1.nexus', 'tree_ORTHOMCL581_Inner2.nexus', 'tree_ORTHOMCL581_Inner3.nexus', 'tree_ORTHOMCL581_Inner4.nexus', 'tree_ORTHOMCL581_Inner5.nexus']
[INFO] 2025-04-22T16:15:08.540Z END RequestId: uuid_63852462_15b9_4757_ae47_c7c2067bd6af	 Activity: subtree_constructor	 Provider: aws_ec2
[INFO] 2025-04-22T16:15:08.540Z REPORT RequestId: uuid_63852462_15b9_4757_ae47_c7c2067bd6af	 Duration: 102.59663290344179 ms	 Billed Duration: 103 ms	 Memory Size: MB	 Max Memory Used: MB	 Init Duration: ms	

[INFO] 2025-04-22T16:15:08.540Z START RequestId: uuid_043e01a6_525f_4dbc_9888_8420f26180ee	 Activity: subtree_constructor	 Provider: aws_ec2
[INFO] 2025-04-22T16:15:08.540Z FILE_TRANSFER RequestId: uuid_043e01a6_525f_4dbc_9888_8420f26180ee	 TransferType: consumed	 Action: download_from_s3	 FileName: tree_ORTHOMCL744.nexus	 Bucket: denethor	 FilePath: tree/tree_ORTHOMCL744.nexus	 FilePathLocal: .tmp/tree	 FileSize: 407 bytes	 TransferDuration: 0 ms
[INFO] 2025-04-22T16:15:08.541Z CONSUMED_FILES_INFO RequestId: uuid_043e01a6_525f_4dbc_9888_8420f26180ee	 FilesCount: 1 files	 FilesSize: 407 bytes	 TransferDuration: 0 ms	 ConsumedFiles: ['tree_ORTHOMCL744.nexus']
[INFO] 2025-04-22T16:15:08.542Z SUBTREE_CONSTRUCTOR RequestId: uuid_043e01a6_525f_4dbc_9888_8420f26180ee	 Duration: 1.78935204166919 ms	 InputTree: ['tree_ORTHOMCL744.nexus']	 OutputSubtrees: ['tree_ORTHOMCL744_Inner1.nexus', 'tree_ORTHOMCL744_Inner2.nexus', 'tree_ORTHOMCL744_Inner3.nexus', 'tree_ORTHOMCL744_Inner4.nexus']
[INFO] 2025-04-22T16:15:08.643Z FILE_TRANSFER RequestId: uuid_043e01a6_525f_4dbc_9888_8420f26180ee	 TransferType: produced	 Action: upload_to_s3	 FileName: tree_ORTHOMCL744_Inner1.nexus	 Bucket: denethor	 FilePath: subtree/tree_ORTHOMCL744_Inner1.nexus	 FilePathLocal: .tmp/subtree/tree_ORTHOMCL744_Inner1.nexus	 FileSize: 187 bytes	 TransferDuration: 0 ms
[INFO] 2025-04-22T16:15:08.643Z FILE_TRANSFER RequestId: uuid_043e01a6_525f_4dbc_9888_8420f26180ee	 TransferType: produced	 Action: upload_to_s3	 FileName: tree_ORTHOMCL744_Inner2.nexus	 Bucket: denethor	 FilePath: subtree/tree_ORTHOMCL744_Inner2.nexus	 FilePathLocal: .tmp/subtree/tree_ORTHOMCL744_Inner2.nexus	 FileSize: 243 bytes	 TransferDuration: 0 ms
[INFO] 2025-04-22T16:15:08.643Z FILE_TRANSFER RequestId: uuid_043e01a6_525f_4dbc_9888_8420f26180ee	 TransferType: produced	 Action: upload_to_s3	 FileName: tree_ORTHOMCL744_Inner3.nexus	 Bucket: denethor	 FilePath: subtree/tree_ORTHOMCL744_Inner3.nexus	 FilePathLocal: .tmp/subtree/tree_ORTHOMCL744_Inner3.nexus	 FileSize: 187 bytes	 TransferDuration: 0 ms
[INFO] 2025-04-22T16:15:08.643Z FILE_TRANSFER RequestId: uuid_043e01a6_525f_4dbc_9888_8420f26180ee	 TransferType: produced	 Action: upload_to_s3	 FileName: tree_ORTHOMCL744_Inner4.nexus	 Bucket: denethor	 FilePath: subtree/tree_ORTHOMCL744_Inner4.nexus	 FilePathLocal: .tmp/subtree/tree_ORTHOMCL744_Inner4.nexus	 FileSize: 407 bytes	 TransferDuration: 0 ms
[INFO] 2025-04-22T16:15:08.643Z PRODUCED_FILES_INFO RequestId: uuid_043e01a6_525f_4dbc_9888_8420f26180ee	 FilesCount: 4 files	 FilesSize: 1024 bytes	 TransferDuration: 0 ms	 Provider: aws_ec2	 ProducedFiles: ['tree_ORTHOMCL744_Inner1.nexus', 'tree_ORTHOMCL744_Inner2.nexus', 'tree_ORTHOMCL744_Inner3.nexus', 'tree_ORTHOMCL744_Inner4.nexus']
[INFO] 2025-04-22T16:15:08.643Z END RequestId: uuid_043e01a6_525f_4dbc_9888_8420f26180ee	 Activity: subtree_constructor	 Provider: aws_ec2
[INFO] 2025-04-22T16:15:08.643Z REPORT RequestId: uuid_043e01a6_525f_4dbc_9888_8420f26180ee	 Duration: 102.53563697915524 ms	 Billed Duration: 103 ms	 Memory Size: MB	 Max Memory Used: MB	 Init Duration: ms	

[INFO] 2025-04-22T16:15:08.643Z START RequestId: uuid_e777a349_a865_4e40_a291_6fefe0b48a6c	 Activity: subtree_constructor	 Provider: aws_ec2
[INFO] 2025-04-22T16:15:08.643Z FILE_TRANSFER RequestId: uuid_e777a349_a865_4e40_a291_6fefe0b48a6c	 TransferType: consumed	 Action: download_from_s3	 FileName: tree_ORTHOMCL877.nexus	 Bucket: denethor	 FilePath: tree/tree_ORTHOMCL877.nexus	 FilePathLocal: .tmp/tree	 FileSize: 405 bytes	 TransferDuration: 0 ms
[INFO] 2025-04-22T16:15:08.643Z CONSUMED_FILES_INFO RequestId: uuid_e777a349_a865_4e40_a291_6fefe0b48a6c	 FilesCount: 1 files	 FilesSize: 405 bytes	 TransferDuration: 0 ms	 ConsumedFiles: ['tree_ORTHOMCL877.nexus']
[INFO] 2025-04-22T16:15:08.645Z SUBTREE_CONSTRUCTOR RequestId: uuid_e777a349_a865_4e40_a291_6fefe0b48a6c	 Duration: 1.6778080025687814 ms	 InputTree: ['tree_ORTHOMCL877.nexus']	 OutputSubtrees: ['tree_ORTHOMCL877_Inner1.nexus', 'tree_ORTHOMCL877_Inner2.nexus', 'tree_ORTHOMCL877_Inner3.nexus', 'tree_ORTHOMCL877_Inner4.nexus']
[INFO] 2025-04-22T16:15:08.745Z FILE_TRANSFER RequestId: uuid_e777a349_a865_4e40_a291_6fefe0b48a6c	 TransferType: produced	 Action: upload_to_s3	 FileName: tree_ORTHOMCL877_Inner1.nexus	 Bucket: denethor	 FilePath: subtree/tree_ORTHOMCL877_Inner1.nexus	 FilePathLocal: .tmp/subtree/tree_ORTHOMCL877_Inner1.nexus	 FileSize: 187 bytes	 TransferDuration: 0 ms
[INFO] 2025-04-22T16:15:08.745Z FILE_TRANSFER RequestId: uuid_e777a349_a865_4e40_a291_6fefe0b48a6c	 TransferType: produced	 Action: upload_to_s3	 FileName: tree_ORTHOMCL877_Inner2.nexus	 Bucket: denethor	 FilePath: subtree/tree_ORTHOMCL877_Inner2.nexus	 FilePathLocal: .tmp/subtree/tree_ORTHOMCL877_Inner2.nexus	 FileSize: 193 bytes	 TransferDuration: 0 ms
[INFO] 2025-04-22T16:15:08.745Z FILE_TRANSFER RequestId: uuid_e777a349_a865_4e40_a291_6fefe0b48a6c	 TransferType: produced	 Action: upload_to_s3	 FileName: tree_ORTHOMCL877_Inner3.nexus	 Bucket: denethor	 FilePath: subtree/tree_ORTHOMCL877_Inner3.nexus	 FilePathLocal: .tmp/subtree/tree_ORTHOMCL877_Inner3.nexus	 FileSize: 243 bytes	 TransferDuration: 0 ms
[INFO] 2025-04-22T16:15:08.745Z FILE_TRANSFER RequestId: uuid_e777a349_a865_4e40_a291_6fefe0b48a6c	 TransferType: produced	 Action: upload_to_s3	 FileName: tree_ORTHOMCL877_Inner4.nexus	 Bucket: denethor	 FilePath: subtree/tree_ORTHOMCL877_Inner4.nexus	 FilePathLocal: .tmp/subtree/tree_ORTHOMCL877_Inner4.nexus	 FileSize: 405 bytes	 TransferDuration: 0 ms
[INFO] 2025-04-22T16:15:08.745Z PRODUCED_FILES_INFO RequestId: uuid_e777a349_a865_4e40_a291_6fefe0b48a6c	 FilesCount: 4 files	 FilesSize: 1028 bytes	 TransferDuration: 0 ms	 Provider: aws_ec2	 ProducedFiles: ['tree_ORTHOMCL877_Inner1.nexus', 'tree_ORTHOMCL877_Inner2.nexus', 'tree_ORTHOMCL877_Inner3.nexus', 'tree_ORTHOMCL877_Inner4.nexus']
[INFO] 2025-04-22T16:15:08.745Z END RequestId: uuid_e777a349_a865_4e40_a291_6fefe0b48a6c	 Activity: subtree_constructor	 Provider: aws_ec2
[INFO] 2025-04-22T16:15:08.745Z REPORT RequestId: uuid_e777a349_a865_4e40_a291_6fefe0b48a6c	 Duration: 102.2835000185296 ms	 Billed Duration: 103 ms	 Memory Size: MB	 Max Memory Used: MB	 Init Duration: ms	

[INFO] 2025-04-22T16:15:08.745Z START RequestId: uuid_d1ddb72a_17b2_4735_ad71_1dc45329878d	 Activity: subtree_constructor	 Provider: aws_ec2
[INFO] 2025-04-22T16:15:08.746Z FILE_TRANSFER RequestId: uuid_d1ddb72a_17b2_4735_ad71_1dc45329878d	 TransferType: consumed	 Action: download_from_s3	 FileName: tree_ORTHOMCL884.nexus	 Bucket: denethor	 FilePath: tree/tree_ORTHOMCL884.nexus	 FilePathLocal: .tmp/tree	 FileSize: 403 bytes	 TransferDuration: 0 ms
[INFO] 2025-04-22T16:15:08.746Z CONSUMED_FILES_INFO RequestId: uuid_d1ddb72a_17b2_4735_ad71_1dc45329878d	 FilesCount: 1 files	 FilesSize: 403 bytes	 TransferDuration: 0 ms	 ConsumedFiles: ['tree_ORTHOMCL884.nexus']
[INFO] 2025-04-22T16:15:08.747Z SUBTREE_CONSTRUCTOR RequestId: uuid_d1ddb72a_17b2_4735_ad71_1dc45329878d	 Duration: 1.6330541111528873 ms	 InputTree: ['tree_ORTHOMCL884.nexus']	 OutputSubtrees: ['tree_ORTHOMCL884_Inner1.nexus', 'tree_ORTHOMCL884_Inner2.nexus', 'tree_ORTHOMCL884_Inner3.nexus', 'tree_ORTHOMCL884_Inner4.nexus']
[INFO] 2025-04-22T16:15:08.848Z FILE_TRANSFER RequestId: uuid_d1ddb72a_17b2_4735_ad71_1dc45329878d	 TransferType: produced	 Action: upload_to_s3	 FileName: tree_ORTHOMCL884_Inner1.nexus	 Bucket: denethor	 FilePath: subtree/tree_ORTHOMCL884_Inner1.nexus	 FilePathLocal: .tmp/subtree/tree_ORTHOMCL884_Inner1.nexus	 FileSize: 185 bytes	 TransferDuration: 0 ms
[INFO] 2025-04-22T16:15:08.848Z FILE_TRANSFER RequestId: uuid_d1ddb72a_17b2_4735_ad71_1dc45329878d	 TransferType: produced	 Action: upload_to_s3	 FileName: tree_ORTHOMCL884_Inner2.nexus	 Bucket: denethor	 FilePath: subtree/tree_ORTHOMCL884_Inner2.nexus	 FilePathLocal: .tmp/subtree/tree_ORTHOMCL884_Inner2.nexus	 FileSize: 185 bytes	 TransferDuration: 0 ms
[INFO] 2025-04-22T16:15:08.848Z FILE_TRANSFER RequestId: uuid_d1ddb72a_17b2_4735_ad71_1dc45329878d	 TransferType: produced	 Action: upload_to_s3	 FileName: tree_ORTHOMCL884_Inner3.nexus	 Bucket: denethor	 FilePath: subtree/tree_ORTHOMCL884_Inner3.nexus	 FilePathLocal: .tmp/subtree/tree_ORTHOMCL884_Inner3.nexus	 FileSize: 241 bytes	 TransferDuration: 0 ms
[INFO] 2025-04-22T16:15:08.848Z FILE_TRANSFER RequestId: uuid_d1ddb72a_17b2_4735_ad71_1dc45329878d	 TransferType: produced	 Action: upload_to_s3	 FileName: tree_ORTHOMCL884_Inner4.nexus	 Bucket: denethor	 FilePath: subtree/tree_ORTHOMCL884_Inner4.nexus	 FilePathLocal: .tmp/subtree/tree_ORTHOMCL884_Inner4.nexus	 FileSize: 403 bytes	 TransferDuration: 0 ms
[INFO] 2025-04-22T16:15:08.848Z PRODUCED_FILES_INFO RequestId: uuid_d1ddb72a_17b2_4735_ad71_1dc45329878d	 FilesCount: 4 files	 FilesSize: 1014 bytes	 TransferDuration: 0 ms	 Provider: aws_ec2	 ProducedFiles: ['tree_ORTHOMCL884_Inner1.nexus', 'tree_ORTHOMCL884_Inner2.nexus', 'tree_ORTHOMCL884_Inner3.nexus', 'tree_ORTHOMCL884_Inner4.nexus']
[INFO] 2025-04-22T16:15:08.848Z END RequestId: uuid_d1ddb72a_17b2_4735_ad71_1dc45329878d	 Activity: subtree_constructor	 Provider: aws_ec2
[INFO] 2025-04-22T16:15:08.848Z REPORT RequestId: uuid_d1ddb72a_17b2_4735_ad71_1dc45329878d	 Duration: 102.37665299791843 ms	 Billed Duration: 103 ms	 Memory Size: MB	 Max Memory Used: MB	 Init Duration: ms	

[INFO] 2025-04-22T16:15:08.848Z START RequestId: uuid_42c7a3d1_4b91_448c_8d2f_28a02bbfad76	 Activity: subtree_constructor	 Provider: aws_ec2
[INFO] 2025-04-22T16:15:08.848Z FILE_TRANSFER RequestId: uuid_42c7a3d1_4b91_448c_8d2f_28a02bbfad76	 TransferType: consumed	 Action: download_from_s3	 FileName: tree_ORTHOMCL964.nexus	 Bucket: denethor	 FilePath: tree/tree_ORTHOMCL964.nexus	 FilePathLocal: .tmp/tree	 FileSize: 405 bytes	 TransferDuration: 0 ms
[INFO] 2025-04-22T16:15:08.848Z CONSUMED_FILES_INFO RequestId: uuid_42c7a3d1_4b91_448c_8d2f_28a02bbfad76	 FilesCount: 1 files	 FilesSize: 405 bytes	 TransferDuration: 0 ms	 ConsumedFiles: ['tree_ORTHOMCL964.nexus']
[INFO] 2025-04-22T16:15:08.850Z SUBTREE_CONSTRUCTOR RequestId: uuid_42c7a3d1_4b91_448c_8d2f_28a02bbfad76	 Duration: 1.6436210134997964 ms	 InputTree: ['tree_ORTHOMCL964.nexus']	 OutputSubtrees: ['tree_ORTHOMCL964_Inner1.nexus', 'tree_ORTHOMCL964_Inner2.nexus', 'tree_ORTHOMCL964_Inner3.nexus', 'tree_ORTHOMCL964_Inner4.nexus']
[INFO] 2025-04-22T16:15:08.950Z FILE_TRANSFER RequestId: uuid_42c7a3d1_4b91_448c_8d2f_28a02bbfad76	 TransferType: produced	 Action: upload_to_s3	 FileName: tree_ORTHOMCL964_Inner1.nexus	 Bucket: denethor	 FilePath: subtree/tree_ORTHOMCL964_Inner1.nexus	 FilePathLocal: .tmp/subtree/tree_ORTHOMCL964_Inner1.nexus	 FileSize: 185 bytes	 TransferDuration: 0 ms
[INFO] 2025-04-22T16:15:08.950Z FILE_TRANSFER RequestId: uuid_42c7a3d1_4b91_448c_8d2f_28a02bbfad76	 TransferType: produced	 Action: upload_to_s3	 FileName: tree_ORTHOMCL964_Inner2.nexus	 Bucket: denethor	 FilePath: subtree/tree_ORTHOMCL964_Inner2.nexus	 FilePathLocal: .tmp/subtree/tree_ORTHOMCL964_Inner2.nexus	 FileSize: 249 bytes	 TransferDuration: 0 ms
[INFO] 2025-04-22T16:15:08.950Z FILE_TRANSFER RequestId: uuid_42c7a3d1_4b91_448c_8d2f_28a02bbfad76	 TransferType: produced	 Action: upload_to_s3	 FileName: tree_ORTHOMCL964_Inner3.nexus	 Bucket: denethor	 FilePath: subtree/tree_ORTHOMCL964_Inner3.nexus	 FilePathLocal: .tmp/subtree/tree_ORTHOMCL964_Inner3.nexus	 FileSize: 187 bytes	 TransferDuration: 0 ms
[INFO] 2025-04-22T16:15:08.950Z FILE_TRANSFER RequestId: uuid_42c7a3d1_4b91_448c_8d2f_28a02bbfad76	 TransferType: produced	 Action: upload_to_s3	 FileName: tree_ORTHOMCL964_Inner4.nexus	 Bucket: denethor	 FilePath: subtree/tree_ORTHOMCL964_Inner4.nexus	 FilePathLocal: .tmp/subtree/tree_ORTHOMCL964_Inner4.nexus	 FileSize: 405 bytes	 TransferDuration: 0 ms
[INFO] 2025-04-22T16:15:08.950Z PRODUCED_FILES_INFO RequestId: uuid_42c7a3d1_4b91_448c_8d2f_28a02bbfad76	 FilesCount: 4 files	 FilesSize: 1026 bytes	 TransferDuration: 0 ms	 Provider: aws_ec2	 ProducedFiles: ['tree_ORTHOMCL964_Inner1.nexus', 'tree_ORTHOMCL964_Inner2.nexus', 'tree_ORTHOMCL964_Inner3.nexus', 'tree_ORTHOMCL964_Inner4.nexus']
[INFO] 2025-04-22T16:15:08.950Z END RequestId: uuid_42c7a3d1_4b91_448c_8d2f_28a02bbfad76	 Activity: subtree_constructor	 Provider: aws_ec2
[INFO] 2025-04-22T16:15:08.950Z REPORT RequestId: uuid_42c7a3d1_4b91_448c_8d2f_28a02bbfad76	 Duration: 102.29691094718874 ms	 Billed Duration: 103 ms	 Memory Size: MB	 Max Memory Used: MB	 Init Duration: ms	

[INFO] 2025-04-22T16:15:08.950Z START RequestId: uuid_79b23b92_f983_4c17_8c66_2d6d787f5e89	 Activity: subtree_constructor	 Provider: aws_ec2
[INFO] 2025-04-22T16:15:08.950Z FILE_TRANSFER RequestId: uuid_79b23b92_f983_4c17_8c66_2d6d787f5e89	 TransferType: consumed	 Action: download_from_s3	 FileName: tree_ORTHOMCL1000.nexus	 Bucket: denethor	 FilePath: tree/tree_ORTHOMCL1000.nexus	 FilePathLocal: .tmp/tree	 FileSize: 405 bytes	 TransferDuration: 0 ms
[INFO] 2025-04-22T16:15:08.950Z CONSUMED_FILES_INFO RequestId: uuid_79b23b92_f983_4c17_8c66_2d6d787f5e89	 FilesCount: 1 files	 FilesSize: 405 bytes	 TransferDuration: 0 ms	 ConsumedFiles: ['tree_ORTHOMCL1000.nexus']
[INFO] 2025-04-22T16:15:08.952Z SUBTREE_CONSTRUCTOR RequestId: uuid_79b23b92_f983_4c17_8c66_2d6d787f5e89	 Duration: 1.603043987415731 ms	 InputTree: ['tree_ORTHOMCL1000.nexus']	 OutputSubtrees: ['tree_ORTHOMCL1000_Inner1.nexus', 'tree_ORTHOMCL1000_Inner2.nexus', 'tree_ORTHOMCL1000_Inner3.nexus', 'tree_ORTHOMCL1000_Inner4.nexus']
[INFO] 2025-04-22T16:15:09.052Z FILE_TRANSFER RequestId: uuid_79b23b92_f983_4c17_8c66_2d6d787f5e89	 TransferType: produced	 Action: upload_to_s3	 FileName: tree_ORTHOMCL1000_Inner1.nexus	 Bucket: denethor	 FilePath: subtree/tree_ORTHOMCL1000_Inner1.nexus	 FilePathLocal: .tmp/subtree/tree_ORTHOMCL1000_Inner1.nexus	 FileSize: 187 bytes	 TransferDuration: 0 ms
[INFO] 2025-04-22T16:15:09.052Z FILE_TRANSFER RequestId: uuid_79b23b92_f983_4c17_8c66_2d6d787f5e89	 TransferType: produced	 Action: upload_to_s3	 FileName: tree_ORTHOMCL1000_Inner2.nexus	 Bucket: denethor	 FilePath: subtree/tree_ORTHOMCL1000_Inner2.nexus	 FilePathLocal: .tmp/subtree/tree_ORTHOMCL1000_Inner2.nexus	 FileSize: 243 bytes	 TransferDuration: 0 ms
[INFO] 2025-04-22T16:15:09.052Z FILE_TRANSFER RequestId: uuid_79b23b92_f983_4c17_8c66_2d6d787f5e89	 TransferType: produced	 Action: upload_to_s3	 FileName: tree_ORTHOMCL1000_Inner3.nexus	 Bucket: denethor	 FilePath: subtree/tree_ORTHOMCL1000_Inner3.nexus	 FilePathLocal: .tmp/subtree/tree_ORTHOMCL1000_Inner3.nexus	 FileSize: 191 bytes	 TransferDuration: 0 ms
[INFO] 2025-04-22T16:15:09.052Z FILE_TRANSFER RequestId: uuid_79b23b92_f983_4c17_8c66_2d6d787f5e89	 TransferType: produced	 Action: upload_to_s3	 FileName: tree_ORTHOMCL1000_Inner4.nexus	 Bucket: denethor	 FilePath: subtree/tree_ORTHOMCL1000_Inner4.nexus	 FilePathLocal: .tmp/subtree/tree_ORTHOMCL1000_Inner4.nexus	 FileSize: 405 bytes	 TransferDuration: 0 ms
[INFO] 2025-04-22T16:15:09.053Z PRODUCED_FILES_INFO RequestId: uuid_79b23b92_f983_4c17_8c66_2d6d787f5e89	 FilesCount: 4 files	 FilesSize: 1026 bytes	 TransferDuration: 0 ms	 Provider: aws_ec2	 ProducedFiles: ['tree_ORTHOMCL1000_Inner1.nexus', 'tree_ORTHOMCL1000_Inner2.nexus', 'tree_ORTHOMCL1000_Inner3.nexus', 'tree_ORTHOMCL1000_Inner4.nexus']
[INFO] 2025-04-22T16:15:09.053Z END RequestId: uuid_79b23b92_f983_4c17_8c66_2d6d787f5e89	 Activity: subtree_constructor	 Provider: aws_ec2
[INFO] 2025-04-22T16:15:09.053Z REPORT RequestId: uuid_79b23b92_f983_4c17_8c66_2d6d787f5e89	 Duration: 102.20202605705708 ms	 Billed Duration: 103 ms	 Memory Size: MB	 Max Memory Used: MB	 Init Duration: ms	

[INFO] 2025-04-22T16:15:09.053Z START RequestId: uuid_d7329bf2_d4e5_4903_81e9_eb0c40219b01	 Activity: subtree_constructor	 Provider: aws_ec2
[INFO] 2025-04-22T16:15:09.053Z FILE_TRANSFER RequestId: uuid_d7329bf2_d4e5_4903_81e9_eb0c40219b01	 TransferType: consumed	 Action: download_from_s3	 FileName: tree_ORTHOMCL1005.nexus	 Bucket: denethor	 FilePath: tree/tree_ORTHOMCL1005.nexus	 FilePathLocal: .tmp/tree	 FileSize: 405 bytes	 TransferDuration: 0 ms
[INFO] 2025-04-22T16:15:09.053Z CONSUMED_FILES_INFO RequestId: uuid_d7329bf2_d4e5_4903_81e9_eb0c40219b01	 FilesCount: 1 files	 FilesSize: 405 bytes	 TransferDuration: 0 ms	 ConsumedFiles: ['tree_ORTHOMCL1005.nexus']
[INFO] 2025-04-22T16:15:09.054Z SUBTREE_CONSTRUCTOR RequestId: uuid_d7329bf2_d4e5_4903_81e9_eb0c40219b01	 Duration: 1.6516840551048517 ms	 InputTree: ['tree_ORTHOMCL1005.nexus']	 OutputSubtrees: ['tree_ORTHOMCL1005_Inner1.nexus', 'tree_ORTHOMCL1005_Inner2.nexus', 'tree_ORTHOMCL1005_Inner3.nexus', 'tree_ORTHOMCL1005_Inner4.nexus']
[INFO] 2025-04-22T16:15:09.155Z FILE_TRANSFER RequestId: uuid_d7329bf2_d4e5_4903_81e9_eb0c40219b01	 TransferType: produced	 Action: upload_to_s3	 FileName: tree_ORTHOMCL1005_Inner1.nexus	 Bucket: denethor	 FilePath: subtree/tree_ORTHOMCL1005_Inner1.nexus	 FilePathLocal: .tmp/subtree/tree_ORTHOMCL1005_Inner1.nexus	 FileSize: 185 bytes	 TransferDuration: 0 ms
[INFO] 2025-04-22T16:15:09.155Z FILE_TRANSFER RequestId: uuid_d7329bf2_d4e5_4903_81e9_eb0c40219b01	 TransferType: produced	 Action: upload_to_s3	 FileName: tree_ORTHOMCL1005_Inner2.nexus	 Bucket: denethor	 FilePath: subtree/tree_ORTHOMCL1005_Inner2.nexus	 FilePathLocal: .tmp/subtree/tree_ORTHOMCL1005_Inner2.nexus	 FileSize: 185 bytes	 TransferDuration: 0 ms
[INFO] 2025-04-22T16:15:09.155Z FILE_TRANSFER RequestId: uuid_d7329bf2_d4e5_4903_81e9_eb0c40219b01	 TransferType: produced	 Action: upload_to_s3	 FileName: tree_ORTHOMCL1005_Inner3.nexus	 Bucket: denethor	 FilePath: subtree/tree_ORTHOMCL1005_Inner3.nexus	 FilePathLocal: .tmp/subtree/tree_ORTHOMCL1005_Inner3.nexus	 FileSize: 243 bytes	 TransferDuration: 0 ms
[INFO] 2025-04-22T16:15:09.155Z FILE_TRANSFER RequestId: uuid_d7329bf2_d4e5_4903_81e9_eb0c40219b01	 TransferType: produced	 Action: upload_to_s3	 FileName: tree_ORTHOMCL1005_Inner4.nexus	 Bucket: denethor	 FilePath: subtree/tree_ORTHOMCL1005_Inner4.nexus	 FilePathLocal: .tmp/subtree/tree_ORTHOMCL1005_Inner4.nexus	 FileSize: 405 bytes	 TransferDuration: 0 ms
[INFO] 2025-04-22T16:15:09.155Z PRODUCED_FILES_INFO RequestId: uuid_d7329bf2_d4e5_4903_81e9_eb0c40219b01	 FilesCount: 4 files	 FilesSize: 1018 bytes	 TransferDuration: 0 ms	 Provider: aws_ec2	 ProducedFiles: ['tree_ORTHOMCL1005_Inner1.nexus', 'tree_ORTHOMCL1005_Inner2.nexus', 'tree_ORTHOMCL1005_Inner3.nexus', 'tree_ORTHOMCL1005_Inner4.nexus']
[INFO] 2025-04-22T16:15:09.155Z END RequestId: uuid_d7329bf2_d4e5_4903_81e9_eb0c40219b01	 Activity: subtree_constructor	 Provider: aws_ec2
[INFO] 2025-04-22T16:15:09.155Z REPORT RequestId: uuid_d7329bf2_d4e5_4903_81e9_eb0c40219b01	 Duration: 102.29752003215253 ms	 Billed Duration: 103 ms	 Memory Size: MB	 Max Memory Used: MB	 Init Duration: ms	

[INFO] 2025-04-22T16:15:09.155Z START RequestId: uuid_ee4e2ee3_d5fd_4093_a6e4_6c6fa3052793	 Activity: subtree_constructor	 Provider: aws_ec2
[INFO] 2025-04-22T16:15:09.155Z FILE_TRANSFER RequestId: uuid_ee4e2ee3_d5fd_4093_a6e4_6c6fa3052793	 TransferType: consumed	 Action: download_from_s3	 FileName: tree_ORTHOMCL1008.nexus	 Bucket: denethor	 FilePath: tree/tree_ORTHOMCL1008.nexus	 FilePathLocal: .tmp/tree	 FileSize: 399 bytes	 TransferDuration: 0 ms
[INFO] 2025-04-22T16:15:09.155Z CONSUMED_FILES_INFO RequestId: uuid_ee4e2ee3_d5fd_4093_a6e4_6c6fa3052793	 FilesCount: 1 files	 FilesSize: 399 bytes	 TransferDuration: 0 ms	 ConsumedFiles: ['tree_ORTHOMCL1008.nexus']
[INFO] 2025-04-22T16:15:09.157Z SUBTREE_CONSTRUCTOR RequestId: uuid_ee4e2ee3_d5fd_4093_a6e4_6c6fa3052793	 Duration: 1.7236879793927073 ms	 InputTree: ['tree_ORTHOMCL1008.nexus']	 OutputSubtrees: ['tree_ORTHOMCL1008_Inner1.nexus', 'tree_ORTHOMCL1008_Inner2.nexus', 'tree_ORTHOMCL1008_Inner3.nexus', 'tree_ORTHOMCL1008_Inner4.nexus']
[INFO] 2025-04-22T16:15:09.257Z FILE_TRANSFER RequestId: uuid_ee4e2ee3_d5fd_4093_a6e4_6c6fa3052793	 TransferType: produced	 Action: upload_to_s3	 FileName: tree_ORTHOMCL1008_Inner1.nexus	 Bucket: denethor	 FilePath: subtree/tree_ORTHOMCL1008_Inner1.nexus	 FilePathLocal: .tmp/subtree/tree_ORTHOMCL1008_Inner1.nexus	 FileSize: 185 bytes	 TransferDuration: 0 ms
[INFO] 2025-04-22T16:15:09.257Z FILE_TRANSFER RequestId: uuid_ee4e2ee3_d5fd_4093_a6e4_6c6fa3052793	 TransferType: produced	 Action: upload_to_s3	 FileName: tree_ORTHOMCL1008_Inner2.nexus	 Bucket: denethor	 FilePath: subtree/tree_ORTHOMCL1008_Inner2.nexus	 FilePathLocal: .tmp/subtree/tree_ORTHOMCL1008_Inner2.nexus	 FileSize: 187 bytes	 TransferDuration: 0 ms
[INFO] 2025-04-22T16:15:09.257Z FILE_TRANSFER RequestId: uuid_ee4e2ee3_d5fd_4093_a6e4_6c6fa3052793	 TransferType: produced	 Action: upload_to_s3	 FileName: tree_ORTHOMCL1008_Inner3.nexus	 Bucket: denethor	 FilePath: subtree/tree_ORTHOMCL1008_Inner3.nexus	 FilePathLocal: .tmp/subtree/tree_ORTHOMCL1008_Inner3.nexus	 FileSize: 245 bytes	 TransferDuration: 0 ms
[INFO] 2025-04-22T16:15:09.257Z FILE_TRANSFER RequestId: uuid_ee4e2ee3_d5fd_4093_a6e4_6c6fa3052793	 TransferType: produced	 Action: upload_to_s3	 FileName: tree_ORTHOMCL1008_Inner4.nexus	 Bucket: denethor	 FilePath: subtree/tree_ORTHOMCL1008_Inner4.nexus	 FilePathLocal: .tmp/subtree/tree_ORTHOMCL1008_Inner4.nexus	 FileSize: 399 bytes	 TransferDuration: 0 ms
[INFO] 2025-04-22T16:15:09.257Z PRODUCED_FILES_INFO RequestId: uuid_ee4e2ee3_d5fd_4093_a6e4_6c6fa3052793	 FilesCount: 4 files	 FilesSize: 1016 bytes	 TransferDuration: 0 ms	 Provider: aws_ec2	 ProducedFiles: ['tree_ORTHOMCL1008_Inner1.nexus', 'tree_ORTHOMCL1008_Inner2.nexus', 'tree_ORTHOMCL1008_Inner3.nexus', 'tree_ORTHOMCL1008_Inner4.nexus']
[INFO] 2025-04-22T16:15:09.257Z END RequestId: uuid_ee4e2ee3_d5fd_4093_a6e4_6c6fa3052793	 Activity: subtree_constructor	 Provider: aws_ec2
[INFO] 2025-04-22T16:15:09.257Z REPORT RequestId: uuid_ee4e2ee3_d5fd_4093_a6e4_6c6fa3052793	 Duration: 102.3061330197379 ms	 Billed Duration: 103 ms	 Memory Size: MB	 Max Memory Used: MB	 Init Duration: ms	

[INFO] 2025-04-22T16:15:09.258Z START RequestId: uuid_4501e317_a182_4e05_9a50_2e826f7048e1	 Activity: subtree_constructor	 Provider: aws_ec2
[INFO] 2025-04-22T16:15:09.258Z FILE_TRANSFER RequestId: uuid_4501e317_a182_4e05_9a50_2e826f7048e1	 TransferType: consumed	 Action: download_from_s3	 FileName: tree_ORTHOMCL1009.nexus	 Bucket: denethor	 FilePath: tree/tree_ORTHOMCL1009.nexus	 FilePathLocal: .tmp/tree	 FileSize: 406 bytes	 TransferDuration: 0 ms
[INFO] 2025-04-22T16:15:09.258Z CONSUMED_FILES_INFO RequestId: uuid_4501e317_a182_4e05_9a50_2e826f7048e1	 FilesCount: 1 files	 FilesSize: 406 bytes	 TransferDuration: 0 ms	 ConsumedFiles: ['tree_ORTHOMCL1009.nexus']
[INFO] 2025-04-22T16:15:09.259Z SUBTREE_CONSTRUCTOR RequestId: uuid_4501e317_a182_4e05_9a50_2e826f7048e1	 Duration: 1.6387159703299403 ms	 InputTree: ['tree_ORTHOMCL1009.nexus']	 OutputSubtrees: ['tree_ORTHOMCL1009_Inner1.nexus', 'tree_ORTHOMCL1009_Inner2.nexus', 'tree_ORTHOMCL1009_Inner3.nexus', 'tree_ORTHOMCL1009_Inner4.nexus']
[INFO] 2025-04-22T16:15:09.360Z FILE_TRANSFER RequestId: uuid_4501e317_a182_4e05_9a50_2e826f7048e1	 TransferType: produced	 Action: upload_to_s3	 FileName: tree_ORTHOMCL1009_Inner1.nexus	 Bucket: denethor	 FilePath: subtree/tree_ORTHOMCL1009_Inner1.nexus	 FilePathLocal: .tmp/subtree/tree_ORTHOMCL1009_Inner1.nexus	 FileSize: 185 bytes	 TransferDuration: 0 ms
[INFO] 2025-04-22T16:15:09.360Z FILE_TRANSFER RequestId: uuid_4501e317_a182_4e05_9a50_2e826f7048e1	 TransferType: produced	 Action: upload_to_s3	 FileName: tree_ORTHOMCL1009_Inner2.nexus	 Bucket: denethor	 FilePath: subtree/tree_ORTHOMCL1009_Inner2.nexus	 FilePathLocal: .tmp/subtree/tree_ORTHOMCL1009_Inner2.nexus	 FileSize: 191 bytes	 TransferDuration: 0 ms
[INFO] 2025-04-22T16:15:09.360Z FILE_TRANSFER RequestId: uuid_4501e317_a182_4e05_9a50_2e826f7048e1	 TransferType: produced	 Action: upload_to_s3	 FileName: tree_ORTHOMCL1009_Inner3.nexus	 Bucket: denethor	 FilePath: subtree/tree_ORTHOMCL1009_Inner3.nexus	 FilePathLocal: .tmp/subtree/tree_ORTHOMCL1009_Inner3.nexus	 FileSize: 187 bytes	 TransferDuration: 0 ms
[INFO] 2025-04-22T16:15:09.360Z FILE_TRANSFER RequestId: uuid_4501e317_a182_4e05_9a50_2e826f7048e1	 TransferType: produced	 Action: upload_to_s3	 FileName: tree_ORTHOMCL1009_Inner4.nexus	 Bucket: denethor	 FilePath: subtree/tree_ORTHOMCL1009_Inner4.nexus	 FilePathLocal: .tmp/subtree/tree_ORTHOMCL1009_Inner4.nexus	 FileSize: 405 bytes	 TransferDuration: 0 ms
[INFO] 2025-04-22T16:15:09.360Z PRODUCED_FILES_INFO RequestId: uuid_4501e317_a182_4e05_9a50_2e826f7048e1	 FilesCount: 4 files	 FilesSize: 968 bytes	 TransferDuration: 0 ms	 Provider: aws_ec2	 ProducedFiles: ['tree_ORTHOMCL1009_Inner1.nexus', 'tree_ORTHOMCL1009_Inner2.nexus', 'tree_ORTHOMCL1009_Inner3.nexus', 'tree_ORTHOMCL1009_Inner4.nexus']
[INFO] 2025-04-22T16:15:09.360Z END RequestId: uuid_4501e317_a182_4e05_9a50_2e826f7048e1	 Activity: subtree_constructor	 Provider: aws_ec2
[INFO] 2025-04-22T16:15:09.360Z REPORT RequestId: uuid_4501e317_a182_4e05_9a50_2e826f7048e1	 Duration: 102.31288196519017 ms	 Billed Duration: 103 ms	 Memory Size: MB	 Max Memory Used: MB	 Init Duration: ms	

[INFO] 2025-04-22T16:15:09.360Z START RequestId: uuid_e88c9193_cac0_4bdd_a7e0_301ef5043f74	 Activity: subtree_constructor	 Provider: aws_ec2
[INFO] 2025-04-22T16:15:09.360Z FILE_TRANSFER RequestId: uuid_e88c9193_cac0_4bdd_a7e0_301ef5043f74	 TransferType: consumed	 Action: download_from_s3	 FileName: tree_ORTHOMCL1039.nexus	 Bucket: denethor	 FilePath: tree/tree_ORTHOMCL1039.nexus	 FilePathLocal: .tmp/tree	 FileSize: 405 bytes	 TransferDuration: 0 ms
[INFO] 2025-04-22T16:15:09.360Z CONSUMED_FILES_INFO RequestId: uuid_e88c9193_cac0_4bdd_a7e0_301ef5043f74	 FilesCount: 1 files	 FilesSize: 405 bytes	 TransferDuration: 0 ms	 ConsumedFiles: ['tree_ORTHOMCL1039.nexus']
[INFO] 2025-04-22T16:15:09.362Z SUBTREE_CONSTRUCTOR RequestId: uuid_e88c9193_cac0_4bdd_a7e0_301ef5043f74	 Duration: 1.631035003811121 ms	 InputTree: ['tree_ORTHOMCL1039.nexus']	 OutputSubtrees: ['tree_ORTHOMCL1039_Inner1.nexus', 'tree_ORTHOMCL1039_Inner2.nexus', 'tree_ORTHOMCL1039_Inner3.nexus', 'tree_ORTHOMCL1039_Inner4.nexus']
[INFO] 2025-04-22T16:15:09.462Z FILE_TRANSFER RequestId: uuid_e88c9193_cac0_4bdd_a7e0_301ef5043f74	 TransferType: produced	 Action: upload_to_s3	 FileName: tree_ORTHOMCL1039_Inner1.nexus	 Bucket: denethor	 FilePath: subtree/tree_ORTHOMCL1039_Inner1.nexus	 FilePathLocal: .tmp/subtree/tree_ORTHOMCL1039_Inner1.nexus	 FileSize: 185 bytes	 TransferDuration: 0 ms
[INFO] 2025-04-22T16:15:09.462Z FILE_TRANSFER RequestId: uuid_e88c9193_cac0_4bdd_a7e0_301ef5043f74	 TransferType: produced	 Action: upload_to_s3	 FileName: tree_ORTHOMCL1039_Inner2.nexus	 Bucket: denethor	 FilePath: subtree/tree_ORTHOMCL1039_Inner2.nexus	 FilePathLocal: .tmp/subtree/tree_ORTHOMCL1039_Inner2.nexus	 FileSize: 187 bytes	 TransferDuration: 0 ms
[INFO] 2025-04-22T16:15:09.462Z FILE_TRANSFER RequestId: uuid_e88c9193_cac0_4bdd_a7e0_301ef5043f74	 TransferType: produced	 Action: upload_to_s3	 FileName: tree_ORTHOMCL1039_Inner3.nexus	 Bucket: denethor	 FilePath: subtree/tree_ORTHOMCL1039_Inner3.nexus	 FilePathLocal: .tmp/subtree/tree_ORTHOMCL1039_Inner3.nexus	 FileSize: 243 bytes	 TransferDuration: 0 ms
[INFO] 2025-04-22T16:15:09.462Z FILE_TRANSFER RequestId: uuid_e88c9193_cac0_4bdd_a7e0_301ef5043f74	 TransferType: produced	 Action: upload_to_s3	 FileName: tree_ORTHOMCL1039_Inner4.nexus	 Bucket: denethor	 FilePath: subtree/tree_ORTHOMCL1039_Inner4.nexus	 FilePathLocal: .tmp/subtree/tree_ORTHOMCL1039_Inner4.nexus	 FileSize: 405 bytes	 TransferDuration: 0 ms
[INFO] 2025-04-22T16:15:09.462Z PRODUCED_FILES_INFO RequestId: uuid_e88c9193_cac0_4bdd_a7e0_301ef5043f74	 FilesCount: 4 files	 FilesSize: 1020 bytes	 TransferDuration: 0 ms	 Provider: aws_ec2	 ProducedFiles: ['tree_ORTHOMCL1039_Inner1.nexus', 'tree_ORTHOMCL1039_Inner2.nexus', 'tree_ORTHOMCL1039_Inner3.nexus', 'tree_ORTHOMCL1039_Inner4.nexus']
[INFO] 2025-04-22T16:15:09.462Z END RequestId: uuid_e88c9193_cac0_4bdd_a7e0_301ef5043f74	 Activity: subtree_constructor	 Provider: aws_ec2
[INFO] 2025-04-22T16:15:09.462Z REPORT RequestId: uuid_e88c9193_cac0_4bdd_a7e0_301ef5043f74	 Duration: 102.36190794967115 ms	 Billed Duration: 103 ms	 Memory Size: MB	 Max Memory Used: MB	 Init Duration: ms	

[INFO] 2025-04-22T16:15:09.462Z START RequestId: uuid_56027cef_cd2a_4873_9094_41b369503f4e	 Activity: subtree_constructor	 Provider: aws_ec2
[INFO] 2025-04-22T16:15:09.462Z FILE_TRANSFER RequestId: uuid_56027cef_cd2a_4873_9094_41b369503f4e	 TransferType: consumed	 Action: download_from_s3	 FileName: tree_ORTHOMCL1074.nexus	 Bucket: denethor	 FilePath: tree/tree_ORTHOMCL1074.nexus	 FilePathLocal: .tmp/tree	 FileSize: 397 bytes	 TransferDuration: 0 ms
[INFO] 2025-04-22T16:15:09.462Z CONSUMED_FILES_INFO RequestId: uuid_56027cef_cd2a_4873_9094_41b369503f4e	 FilesCount: 1 files	 FilesSize: 397 bytes	 TransferDuration: 0 ms	 ConsumedFiles: ['tree_ORTHOMCL1074.nexus']
[INFO] 2025-04-22T16:15:09.464Z SUBTREE_CONSTRUCTOR RequestId: uuid_56027cef_cd2a_4873_9094_41b369503f4e	 Duration: 1.6059859190136194 ms	 InputTree: ['tree_ORTHOMCL1074.nexus']	 OutputSubtrees: ['tree_ORTHOMCL1074_Inner1.nexus', 'tree_ORTHOMCL1074_Inner2.nexus', 'tree_ORTHOMCL1074_Inner3.nexus', 'tree_ORTHOMCL1074_Inner4.nexus']
[INFO] 2025-04-22T16:15:09.564Z FILE_TRANSFER RequestId: uuid_56027cef_cd2a_4873_9094_41b369503f4e	 TransferType: produced	 Action: upload_to_s3	 FileName: tree_ORTHOMCL1074_Inner1.nexus	 Bucket: denethor	 FilePath: subtree/tree_ORTHOMCL1074_Inner1.nexus	 FilePathLocal: .tmp/subtree/tree_ORTHOMCL1074_Inner1.nexus	 FileSize: 185 bytes	 TransferDuration: 0 ms
[INFO] 2025-04-22T16:15:09.564Z FILE_TRANSFER RequestId: uuid_56027cef_cd2a_4873_9094_41b369503f4e	 TransferType: produced	 Action: upload_to_s3	 FileName: tree_ORTHOMCL1074_Inner2.nexus	 Bucket: denethor	 FilePath: subtree/tree_ORTHOMCL1074_Inner2.nexus	 FilePathLocal: .tmp/subtree/tree_ORTHOMCL1074_Inner2.nexus	 FileSize: 241 bytes	 TransferDuration: 0 ms
[INFO] 2025-04-22T16:15:09.564Z FILE_TRANSFER RequestId: uuid_56027cef_cd2a_4873_9094_41b369503f4e	 TransferType: produced	 Action: upload_to_s3	 FileName: tree_ORTHOMCL1074_Inner3.nexus	 Bucket: denethor	 FilePath: subtree/tree_ORTHOMCL1074_Inner3.nexus	 FilePathLocal: .tmp/subtree/tree_ORTHOMCL1074_Inner3.nexus	 FileSize: 187 bytes	 TransferDuration: 0 ms
[INFO] 2025-04-22T16:15:09.564Z FILE_TRANSFER RequestId: uuid_56027cef_cd2a_4873_9094_41b369503f4e	 TransferType: produced	 Action: upload_to_s3	 FileName: tree_ORTHOMCL1074_Inner4.nexus	 Bucket: denethor	 FilePath: subtree/tree_ORTHOMCL1074_Inner4.nexus	 FilePathLocal: .tmp/subtree/tree_ORTHOMCL1074_Inner4.nexus	 FileSize: 397 bytes	 TransferDuration: 0 ms
[INFO] 2025-04-22T16:15:09.565Z PRODUCED_FILES_INFO RequestId: uuid_56027cef_cd2a_4873_9094_41b369503f4e	 FilesCount: 4 files	 FilesSize: 1010 bytes	 TransferDuration: 0 ms	 Provider: aws_ec2	 ProducedFiles: ['tree_ORTHOMCL1074_Inner1.nexus', 'tree_ORTHOMCL1074_Inner2.nexus', 'tree_ORTHOMCL1074_Inner3.nexus', 'tree_ORTHOMCL1074_Inner4.nexus']
[INFO] 2025-04-22T16:15:09.565Z END RequestId: uuid_56027cef_cd2a_4873_9094_41b369503f4e	 Activity: subtree_constructor	 Provider: aws_ec2
[INFO] 2025-04-22T16:15:09.565Z REPORT RequestId: uuid_56027cef_cd2a_4873_9094_41b369503f4e	 Duration: 102.18322195578367 ms	 Billed Duration: 103 ms	 Memory Size: MB	 Max Memory Used: MB	 Init Duration: ms	

[INFO] 2025-04-22T16:15:09.565Z START RequestId: uuid_81062227_c70a_4ad5_b473_0f7947cfff38	 Activity: subtree_constructor	 Provider: aws_ec2
[INFO] 2025-04-22T16:15:09.565Z FILE_TRANSFER RequestId: uuid_81062227_c70a_4ad5_b473_0f7947cfff38	 TransferType: consumed	 Action: download_from_s3	 FileName: tree_ORTHOMCL1125.nexus	 Bucket: denethor	 FilePath: tree/tree_ORTHOMCL1125.nexus	 FilePathLocal: .tmp/tree	 FileSize: 407 bytes	 TransferDuration: 0 ms
[INFO] 2025-04-22T16:15:09.565Z CONSUMED_FILES_INFO RequestId: uuid_81062227_c70a_4ad5_b473_0f7947cfff38	 FilesCount: 1 files	 FilesSize: 407 bytes	 TransferDuration: 0 ms	 ConsumedFiles: ['tree_ORTHOMCL1125.nexus']
[INFO] 2025-04-22T16:15:09.566Z SUBTREE_CONSTRUCTOR RequestId: uuid_81062227_c70a_4ad5_b473_0f7947cfff38	 Duration: 1.6760289436206222 ms	 InputTree: ['tree_ORTHOMCL1125.nexus']	 OutputSubtrees: ['tree_ORTHOMCL1125_Inner1.nexus', 'tree_ORTHOMCL1125_Inner2.nexus', 'tree_ORTHOMCL1125_Inner3.nexus', 'tree_ORTHOMCL1125_Inner4.nexus']
[INFO] 2025-04-22T16:15:09.667Z FILE_TRANSFER RequestId: uuid_81062227_c70a_4ad5_b473_0f7947cfff38	 TransferType: produced	 Action: upload_to_s3	 FileName: tree_ORTHOMCL1125_Inner1.nexus	 Bucket: denethor	 FilePath: subtree/tree_ORTHOMCL1125_Inner1.nexus	 FilePathLocal: .tmp/subtree/tree_ORTHOMCL1125_Inner1.nexus	 FileSize: 187 bytes	 TransferDuration: 0 ms
[INFO] 2025-04-22T16:15:09.667Z FILE_TRANSFER RequestId: uuid_81062227_c70a_4ad5_b473_0f7947cfff38	 TransferType: produced	 Action: upload_to_s3	 FileName: tree_ORTHOMCL1125_Inner2.nexus	 Bucket: denethor	 FilePath: subtree/tree_ORTHOMCL1125_Inner2.nexus	 FilePathLocal: .tmp/subtree/tree_ORTHOMCL1125_Inner2.nexus	 FileSize: 243 bytes	 TransferDuration: 0 ms
[INFO] 2025-04-22T16:15:09.667Z FILE_TRANSFER RequestId: uuid_81062227_c70a_4ad5_b473_0f7947cfff38	 TransferType: produced	 Action: upload_to_s3	 FileName: tree_ORTHOMCL1125_Inner3.nexus	 Bucket: denethor	 FilePath: subtree/tree_ORTHOMCL1125_Inner3.nexus	 FilePathLocal: .tmp/subtree/tree_ORTHOMCL1125_Inner3.nexus	 FileSize: 193 bytes	 TransferDuration: 0 ms
[INFO] 2025-04-22T16:15:09.667Z FILE_TRANSFER RequestId: uuid_81062227_c70a_4ad5_b473_0f7947cfff38	 TransferType: produced	 Action: upload_to_s3	 FileName: tree_ORTHOMCL1125_Inner4.nexus	 Bucket: denethor	 FilePath: subtree/tree_ORTHOMCL1125_Inner4.nexus	 FilePathLocal: .tmp/subtree/tree_ORTHOMCL1125_Inner4.nexus	 FileSize: 407 bytes	 TransferDuration: 0 ms
[INFO] 2025-04-22T16:15:09.667Z PRODUCED_FILES_INFO RequestId: uuid_81062227_c70a_4ad5_b473_0f7947cfff38	 FilesCount: 4 files	 FilesSize: 1030 bytes	 TransferDuration: 0 ms	 Provider: aws_ec2	 ProducedFiles: ['tree_ORTHOMCL1125_Inner1.nexus', 'tree_ORTHOMCL1125_Inner2.nexus', 'tree_ORTHOMCL1125_Inner3.nexus', 'tree_ORTHOMCL1125_Inner4.nexus']
[INFO] 2025-04-22T16:15:09.667Z END RequestId: uuid_81062227_c70a_4ad5_b473_0f7947cfff38	 Activity: subtree_constructor	 Provider: aws_ec2
[INFO] 2025-04-22T16:15:09.667Z REPORT RequestId: uuid_81062227_c70a_4ad5_b473_0f7947cfff38	 Duration: 102.3295889608562 ms	 Billed Duration: 103 ms	 Memory Size: MB	 Max Memory Used: MB	 Init Duration: ms	

[INFO] 2025-04-22T16:15:09.667Z START RequestId: uuid_fa5f003f_acae_4bcf_9dce_94ccf54ba6a3	 Activity: subtree_constructor	 Provider: aws_ec2
[INFO] 2025-04-22T16:15:09.667Z FILE_TRANSFER RequestId: uuid_fa5f003f_acae_4bcf_9dce_94ccf54ba6a3	 TransferType: consumed	 Action: download_from_s3	 FileName: tree_ORTHOMCL1129.nexus	 Bucket: denethor	 FilePath: tree/tree_ORTHOMCL1129.nexus	 FilePathLocal: .tmp/tree	 FileSize: 407 bytes	 TransferDuration: 0 ms
[INFO] 2025-04-22T16:15:09.667Z CONSUMED_FILES_INFO RequestId: uuid_fa5f003f_acae_4bcf_9dce_94ccf54ba6a3	 FilesCount: 1 files	 FilesSize: 407 bytes	 TransferDuration: 0 ms	 ConsumedFiles: ['tree_ORTHOMCL1129.nexus']
[INFO] 2025-04-22T16:15:09.669Z SUBTREE_CONSTRUCTOR RequestId: uuid_fa5f003f_acae_4bcf_9dce_94ccf54ba6a3	 Duration: 1.5483979368582368 ms	 InputTree: ['tree_ORTHOMCL1129.nexus']	 OutputSubtrees: ['tree_ORTHOMCL1129_Inner1.nexus', 'tree_ORTHOMCL1129_Inner2.nexus', 'tree_ORTHOMCL1129_Inner3.nexus', 'tree_ORTHOMCL1129_Inner4.nexus']
[INFO] 2025-04-22T16:15:09.769Z FILE_TRANSFER RequestId: uuid_fa5f003f_acae_4bcf_9dce_94ccf54ba6a3	 TransferType: produced	 Action: upload_to_s3	 FileName: tree_ORTHOMCL1129_Inner1.nexus	 Bucket: denethor	 FilePath: subtree/tree_ORTHOMCL1129_Inner1.nexus	 FilePathLocal: .tmp/subtree/tree_ORTHOMCL1129_Inner1.nexus	 FileSize: 185 bytes	 TransferDuration: 0 ms
[INFO] 2025-04-22T16:15:09.769Z FILE_TRANSFER RequestId: uuid_fa5f003f_acae_4bcf_9dce_94ccf54ba6a3	 TransferType: produced	 Action: upload_to_s3	 FileName: tree_ORTHOMCL1129_Inner2.nexus	 Bucket: denethor	 FilePath: subtree/tree_ORTHOMCL1129_Inner2.nexus	 FilePathLocal: .tmp/subtree/tree_ORTHOMCL1129_Inner2.nexus	 FileSize: 249 bytes	 TransferDuration: 0 ms
[INFO] 2025-04-22T16:15:09.769Z FILE_TRANSFER RequestId: uuid_fa5f003f_acae_4bcf_9dce_94ccf54ba6a3	 TransferType: produced	 Action: upload_to_s3	 FileName: tree_ORTHOMCL1129_Inner3.nexus	 Bucket: denethor	 FilePath: subtree/tree_ORTHOMCL1129_Inner3.nexus	 FilePathLocal: .tmp/subtree/tree_ORTHOMCL1129_Inner3.nexus	 FileSize: 187 bytes	 TransferDuration: 0 ms
[INFO] 2025-04-22T16:15:09.769Z FILE_TRANSFER RequestId: uuid_fa5f003f_acae_4bcf_9dce_94ccf54ba6a3	 TransferType: produced	 Action: upload_to_s3	 FileName: tree_ORTHOMCL1129_Inner4.nexus	 Bucket: denethor	 FilePath: subtree/tree_ORTHOMCL1129_Inner4.nexus	 FilePathLocal: .tmp/subtree/tree_ORTHOMCL1129_Inner4.nexus	 FileSize: 407 bytes	 TransferDuration: 0 ms
[INFO] 2025-04-22T16:15:09.769Z PRODUCED_FILES_INFO RequestId: uuid_fa5f003f_acae_4bcf_9dce_94ccf54ba6a3	 FilesCount: 4 files	 FilesSize: 1028 bytes	 TransferDuration: 0 ms	 Provider: aws_ec2	 ProducedFiles: ['tree_ORTHOMCL1129_Inner1.nexus', 'tree_ORTHOMCL1129_Inner2.nexus', 'tree_ORTHOMCL1129_Inner3.nexus', 'tree_ORTHOMCL1129_Inner4.nexus']
[INFO] 2025-04-22T16:15:09.769Z END RequestId: uuid_fa5f003f_acae_4bcf_9dce_94ccf54ba6a3	 Activity: subtree_constructor	 Provider: aws_ec2
[INFO] 2025-04-22T16:15:09.769Z REPORT RequestId: uuid_fa5f003f_acae_4bcf_9dce_94ccf54ba6a3	 Duration: 102.23201604094356 ms	 Billed Duration: 103 ms	 Memory Size: MB	 Max Memory Used: MB	 Init Duration: ms	

[INFO] 2025-04-22T16:15:09.769Z START RequestId: uuid_58f6a8a5_faf6_48bf_af71_a347a1299b53	 Activity: subtree_constructor	 Provider: aws_ec2
[INFO] 2025-04-22T16:15:09.770Z FILE_TRANSFER RequestId: uuid_58f6a8a5_faf6_48bf_af71_a347a1299b53	 TransferType: consumed	 Action: download_from_s3	 FileName: tree_ORTHOMCL1136.nexus	 Bucket: denethor	 FilePath: tree/tree_ORTHOMCL1136.nexus	 FilePathLocal: .tmp/tree	 FileSize: 403 bytes	 TransferDuration: 0 ms
[INFO] 2025-04-22T16:15:09.770Z CONSUMED_FILES_INFO RequestId: uuid_58f6a8a5_faf6_48bf_af71_a347a1299b53	 FilesCount: 1 files	 FilesSize: 403 bytes	 TransferDuration: 0 ms	 ConsumedFiles: ['tree_ORTHOMCL1136.nexus']
[INFO] 2025-04-22T16:15:09.771Z SUBTREE_CONSTRUCTOR RequestId: uuid_58f6a8a5_faf6_48bf_af71_a347a1299b53	 Duration: 1.6187949804589152 ms	 InputTree: ['tree_ORTHOMCL1136.nexus']	 OutputSubtrees: ['tree_ORTHOMCL1136_Inner1.nexus', 'tree_ORTHOMCL1136_Inner2.nexus', 'tree_ORTHOMCL1136_Inner3.nexus', 'tree_ORTHOMCL1136_Inner4.nexus']
[INFO] 2025-04-22T16:15:09.871Z FILE_TRANSFER RequestId: uuid_58f6a8a5_faf6_48bf_af71_a347a1299b53	 TransferType: produced	 Action: upload_to_s3	 FileName: tree_ORTHOMCL1136_Inner1.nexus	 Bucket: denethor	 FilePath: subtree/tree_ORTHOMCL1136_Inner1.nexus	 FilePathLocal: .tmp/subtree/tree_ORTHOMCL1136_Inner1.nexus	 FileSize: 185 bytes	 TransferDuration: 0 ms
[INFO] 2025-04-22T16:15:09.872Z FILE_TRANSFER RequestId: uuid_58f6a8a5_faf6_48bf_af71_a347a1299b53	 TransferType: produced	 Action: upload_to_s3	 FileName: tree_ORTHOMCL1136_Inner2.nexus	 Bucket: denethor	 FilePath: subtree/tree_ORTHOMCL1136_Inner2.nexus	 FilePathLocal: .tmp/subtree/tree_ORTHOMCL1136_Inner2.nexus	 FileSize: 185 bytes	 TransferDuration: 0 ms
[INFO] 2025-04-22T16:15:09.872Z FILE_TRANSFER RequestId: uuid_58f6a8a5_faf6_48bf_af71_a347a1299b53	 TransferType: produced	 Action: upload_to_s3	 FileName: tree_ORTHOMCL1136_Inner3.nexus	 Bucket: denethor	 FilePath: subtree/tree_ORTHOMCL1136_Inner3.nexus	 FilePathLocal: .tmp/subtree/tree_ORTHOMCL1136_Inner3.nexus	 FileSize: 249 bytes	 TransferDuration: 0 ms
[INFO] 2025-04-22T16:15:09.872Z FILE_TRANSFER RequestId: uuid_58f6a8a5_faf6_48bf_af71_a347a1299b53	 TransferType: produced	 Action: upload_to_s3	 FileName: tree_ORTHOMCL1136_Inner4.nexus	 Bucket: denethor	 FilePath: subtree/tree_ORTHOMCL1136_Inner4.nexus	 FilePathLocal: .tmp/subtree/tree_ORTHOMCL1136_Inner4.nexus	 FileSize: 403 bytes	 TransferDuration: 0 ms
[INFO] 2025-04-22T16:15:09.872Z PRODUCED_FILES_INFO RequestId: uuid_58f6a8a5_faf6_48bf_af71_a347a1299b53	 FilesCount: 4 files	 FilesSize: 1022 bytes	 TransferDuration: 0 ms	 Provider: aws_ec2	 ProducedFiles: ['tree_ORTHOMCL1136_Inner1.nexus', 'tree_ORTHOMCL1136_Inner2.nexus', 'tree_ORTHOMCL1136_Inner3.nexus', 'tree_ORTHOMCL1136_Inner4.nexus']
[INFO] 2025-04-22T16:15:09.872Z END RequestId: uuid_58f6a8a5_faf6_48bf_af71_a347a1299b53	 Activity: subtree_constructor	 Provider: aws_ec2
[INFO] 2025-04-22T16:15:09.872Z REPORT RequestId: uuid_58f6a8a5_faf6_48bf_af71_a347a1299b53	 Duration: 102.21694700885564 ms	 Billed Duration: 103 ms	 Memory Size: MB	 Max Memory Used: MB	 Init Duration: ms	

[INFO] 2025-04-22T16:15:09.872Z START RequestId: uuid_1d7d65ca_bb7f_4c40_a925_864370d7e557	 Activity: subtree_constructor	 Provider: aws_ec2
[INFO] 2025-04-22T16:15:09.872Z FILE_TRANSFER RequestId: uuid_1d7d65ca_bb7f_4c40_a925_864370d7e557	 TransferType: consumed	 Action: download_from_s3	 FileName: tree_ORTHOMCL1147.nexus	 Bucket: denethor	 FilePath: tree/tree_ORTHOMCL1147.nexus	 FilePathLocal: .tmp/tree	 FileSize: 409 bytes	 TransferDuration: 0 ms
[INFO] 2025-04-22T16:15:09.872Z CONSUMED_FILES_INFO RequestId: uuid_1d7d65ca_bb7f_4c40_a925_864370d7e557	 FilesCount: 1 files	 FilesSize: 409 bytes	 TransferDuration: 0 ms	 ConsumedFiles: ['tree_ORTHOMCL1147.nexus']
[INFO] 2025-04-22T16:15:09.874Z SUBTREE_CONSTRUCTOR RequestId: uuid_1d7d65ca_bb7f_4c40_a925_864370d7e557	 Duration: 1.660939073190093 ms	 InputTree: ['tree_ORTHOMCL1147.nexus']	 OutputSubtrees: ['tree_ORTHOMCL1147_Inner1.nexus', 'tree_ORTHOMCL1147_Inner2.nexus', 'tree_ORTHOMCL1147_Inner3.nexus', 'tree_ORTHOMCL1147_Inner4.nexus']
[INFO] 2025-04-22T16:15:09.974Z FILE_TRANSFER RequestId: uuid_1d7d65ca_bb7f_4c40_a925_864370d7e557	 TransferType: produced	 Action: upload_to_s3	 FileName: tree_ORTHOMCL1147_Inner1.nexus	 Bucket: denethor	 FilePath: subtree/tree_ORTHOMCL1147_Inner1.nexus	 FilePathLocal: .tmp/subtree/tree_ORTHOMCL1147_Inner1.nexus	 FileSize: 191 bytes	 TransferDuration: 0 ms
[INFO] 2025-04-22T16:15:09.974Z FILE_TRANSFER RequestId: uuid_1d7d65ca_bb7f_4c40_a925_864370d7e557	 TransferType: produced	 Action: upload_to_s3	 FileName: tree_ORTHOMCL1147_Inner2.nexus	 Bucket: denethor	 FilePath: subtree/tree_ORTHOMCL1147_Inner2.nexus	 FilePathLocal: .tmp/subtree/tree_ORTHOMCL1147_Inner2.nexus	 FileSize: 249 bytes	 TransferDuration: 0 ms
[INFO] 2025-04-22T16:15:09.974Z FILE_TRANSFER RequestId: uuid_1d7d65ca_bb7f_4c40_a925_864370d7e557	 TransferType: produced	 Action: upload_to_s3	 FileName: tree_ORTHOMCL1147_Inner3.nexus	 Bucket: denethor	 FilePath: subtree/tree_ORTHOMCL1147_Inner3.nexus	 FilePathLocal: .tmp/subtree/tree_ORTHOMCL1147_Inner3.nexus	 FileSize: 183 bytes	 TransferDuration: 0 ms
[INFO] 2025-04-22T16:15:09.974Z FILE_TRANSFER RequestId: uuid_1d7d65ca_bb7f_4c40_a925_864370d7e557	 TransferType: produced	 Action: upload_to_s3	 FileName: tree_ORTHOMCL1147_Inner4.nexus	 Bucket: denethor	 FilePath: subtree/tree_ORTHOMCL1147_Inner4.nexus	 FilePathLocal: .tmp/subtree/tree_ORTHOMCL1147_Inner4.nexus	 FileSize: 409 bytes	 TransferDuration: 0 ms
[INFO] 2025-04-22T16:15:09.974Z PRODUCED_FILES_INFO RequestId: uuid_1d7d65ca_bb7f_4c40_a925_864370d7e557	 FilesCount: 4 files	 FilesSize: 1032 bytes	 TransferDuration: 0 ms	 Provider: aws_ec2	 ProducedFiles: ['tree_ORTHOMCL1147_Inner1.nexus', 'tree_ORTHOMCL1147_Inner2.nexus', 'tree_ORTHOMCL1147_Inner3.nexus', 'tree_ORTHOMCL1147_Inner4.nexus']
[INFO] 2025-04-22T16:15:09.974Z END RequestId: uuid_1d7d65ca_bb7f_4c40_a925_864370d7e557	 Activity: subtree_constructor	 Provider: aws_ec2
[INFO] 2025-04-22T16:15:09.974Z REPORT RequestId: uuid_1d7d65ca_bb7f_4c40_a925_864370d7e557	 Duration: 102.24228899460286 ms	 Billed Duration: 103 ms	 Memory Size: MB	 Max Memory Used: MB	 Init Duration: ms	

[INFO] 2025-04-22T16:15:09.974Z START RequestId: uuid_8e5973bc_fa49_4fcf_8e8d_c77b4402bc1f	 Activity: subtree_constructor	 Provider: aws_ec2
[INFO] 2025-04-22T16:15:09.974Z FILE_TRANSFER RequestId: uuid_8e5973bc_fa49_4fcf_8e8d_c77b4402bc1f	 TransferType: consumed	 Action: download_from_s3	 FileName: tree_ORTHOMCL1311.nexus	 Bucket: denethor	 FilePath: tree/tree_ORTHOMCL1311.nexus	 FilePathLocal: .tmp/tree	 FileSize: 357 bytes	 TransferDuration: 0 ms
[INFO] 2025-04-22T16:15:09.974Z CONSUMED_FILES_INFO RequestId: uuid_8e5973bc_fa49_4fcf_8e8d_c77b4402bc1f	 FilesCount: 1 files	 FilesSize: 357 bytes	 TransferDuration: 0 ms	 ConsumedFiles: ['tree_ORTHOMCL1311.nexus']
[INFO] 2025-04-22T16:15:09.976Z SUBTREE_CONSTRUCTOR RequestId: uuid_8e5973bc_fa49_4fcf_8e8d_c77b4402bc1f	 Duration: 1.3642710400745273 ms	 InputTree: ['tree_ORTHOMCL1311.nexus']	 OutputSubtrees: ['tree_ORTHOMCL1311_Inner1.nexus', 'tree_ORTHOMCL1311_Inner2.nexus', 'tree_ORTHOMCL1311_Inner3.nexus']
[INFO] 2025-04-22T16:15:10.076Z FILE_TRANSFER RequestId: uuid_8e5973bc_fa49_4fcf_8e8d_c77b4402bc1f	 TransferType: produced	 Action: upload_to_s3	 FileName: tree_ORTHOMCL1311_Inner1.nexus	 Bucket: denethor	 FilePath: subtree/tree_ORTHOMCL1311_Inner1.nexus	 FilePathLocal: .tmp/subtree/tree_ORTHOMCL1311_Inner1.nexus	 FileSize: 193 bytes	 TransferDuration: 0 ms
[INFO] 2025-04-22T16:15:10.076Z FILE_TRANSFER RequestId: uuid_8e5973bc_fa49_4fcf_8e8d_c77b4402bc1f	 TransferType: produced	 Action: upload_to_s3	 FileName: tree_ORTHOMCL1311_Inner2.nexus	 Bucket: denethor	 FilePath: subtree/tree_ORTHOMCL1311_Inner2.nexus	 FilePathLocal: .tmp/subtree/tree_ORTHOMCL1311_Inner2.nexus	 FileSize: 187 bytes	 TransferDuration: 0 ms
[INFO] 2025-04-22T16:15:10.076Z FILE_TRANSFER RequestId: uuid_8e5973bc_fa49_4fcf_8e8d_c77b4402bc1f	 TransferType: produced	 Action: upload_to_s3	 FileName: tree_ORTHOMCL1311_Inner3.nexus	 Bucket: denethor	 FilePath: subtree/tree_ORTHOMCL1311_Inner3.nexus	 FilePathLocal: .tmp/subtree/tree_ORTHOMCL1311_Inner3.nexus	 FileSize: 357 bytes	 TransferDuration: 0 ms
[INFO] 2025-04-22T16:15:10.076Z PRODUCED_FILES_INFO RequestId: uuid_8e5973bc_fa49_4fcf_8e8d_c77b4402bc1f	 FilesCount: 3 files	 FilesSize: 737 bytes	 TransferDuration: 0 ms	 Provider: aws_ec2	 ProducedFiles: ['tree_ORTHOMCL1311_Inner1.nexus', 'tree_ORTHOMCL1311_Inner2.nexus', 'tree_ORTHOMCL1311_Inner3.nexus']
[INFO] 2025-04-22T16:15:10.076Z END RequestId: uuid_8e5973bc_fa49_4fcf_8e8d_c77b4402bc1f	 Activity: subtree_constructor	 Provider: aws_ec2
[INFO] 2025-04-22T16:15:10.076Z REPORT RequestId: uuid_8e5973bc_fa49_4fcf_8e8d_c77b4402bc1f	 Duration: 102.01153310481459 ms	 Billed Duration: 103 ms	 Memory Size: MB	 Max Memory Used: MB	 Init Duration: ms	

[INFO] 2025-04-22T16:15:10.076Z START RequestId: uuid_7a2cdc61_cd4a_44d8_8b65_6b0cce6160ec	 Activity: subtree_constructor	 Provider: aws_ec2
[INFO] 2025-04-22T16:15:10.076Z FILE_TRANSFER RequestId: uuid_7a2cdc61_cd4a_44d8_8b65_6b0cce6160ec	 TransferType: consumed	 Action: download_from_s3	 FileName: tree_ORTHOMCL1491.nexus	 Bucket: denethor	 FilePath: tree/tree_ORTHOMCL1491.nexus	 FilePathLocal: .tmp/tree	 FileSize: 347 bytes	 TransferDuration: 0 ms
[INFO] 2025-04-22T16:15:10.076Z CONSUMED_FILES_INFO RequestId: uuid_7a2cdc61_cd4a_44d8_8b65_6b0cce6160ec	 FilesCount: 1 files	 FilesSize: 347 bytes	 TransferDuration: 0 ms	 ConsumedFiles: ['tree_ORTHOMCL1491.nexus']
[INFO] 2025-04-22T16:15:10.078Z SUBTREE_CONSTRUCTOR RequestId: uuid_7a2cdc61_cd4a_44d8_8b65_6b0cce6160ec	 Duration: 1.3753100065514445 ms	 InputTree: ['tree_ORTHOMCL1491.nexus']	 OutputSubtrees: ['tree_ORTHOMCL1491_Inner1.nexus', 'tree_ORTHOMCL1491_Inner2.nexus', 'tree_ORTHOMCL1491_Inner3.nexus']
[INFO] 2025-04-22T16:15:10.178Z FILE_TRANSFER RequestId: uuid_7a2cdc61_cd4a_44d8_8b65_6b0cce6160ec	 TransferType: produced	 Action: upload_to_s3	 FileName: tree_ORTHOMCL1491_Inner1.nexus	 Bucket: denethor	 FilePath: subtree/tree_ORTHOMCL1491_Inner1.nexus	 FilePathLocal: .tmp/subtree/tree_ORTHOMCL1491_Inner1.nexus	 FileSize: 185 bytes	 TransferDuration: 0 ms
[INFO] 2025-04-22T16:15:10.178Z FILE_TRANSFER RequestId: uuid_7a2cdc61_cd4a_44d8_8b65_6b0cce6160ec	 TransferType: produced	 Action: upload_to_s3	 FileName: tree_ORTHOMCL1491_Inner2.nexus	 Bucket: denethor	 FilePath: subtree/tree_ORTHOMCL1491_Inner2.nexus	 FilePathLocal: .tmp/subtree/tree_ORTHOMCL1491_Inner2.nexus	 FileSize: 185 bytes	 TransferDuration: 0 ms
[INFO] 2025-04-22T16:15:10.178Z FILE_TRANSFER RequestId: uuid_7a2cdc61_cd4a_44d8_8b65_6b0cce6160ec	 TransferType: produced	 Action: upload_to_s3	 FileName: tree_ORTHOMCL1491_Inner3.nexus	 Bucket: denethor	 FilePath: subtree/tree_ORTHOMCL1491_Inner3.nexus	 FilePathLocal: .tmp/subtree/tree_ORTHOMCL1491_Inner3.nexus	 FileSize: 347 bytes	 TransferDuration: 0 ms
[INFO] 2025-04-22T16:15:10.179Z PRODUCED_FILES_INFO RequestId: uuid_7a2cdc61_cd4a_44d8_8b65_6b0cce6160ec	 FilesCount: 3 files	 FilesSize: 717 bytes	 TransferDuration: 0 ms	 Provider: aws_ec2	 ProducedFiles: ['tree_ORTHOMCL1491_Inner1.nexus', 'tree_ORTHOMCL1491_Inner2.nexus', 'tree_ORTHOMCL1491_Inner3.nexus']
[INFO] 2025-04-22T16:15:10.179Z END RequestId: uuid_7a2cdc61_cd4a_44d8_8b65_6b0cce6160ec	 Activity: subtree_constructor	 Provider: aws_ec2
[INFO] 2025-04-22T16:15:10.179Z REPORT RequestId: uuid_7a2cdc61_cd4a_44d8_8b65_6b0cce6160ec	 Duration: 102.30823094025254 ms	 Billed Duration: 103 ms	 Memory Size: MB	 Max Memory Used: MB	 Init Duration: ms	

[INFO] 2025-04-22T16:15:10.179Z START RequestId: uuid_e056c1f9_b83d_4a89_b57a_7f8dd3b69ade	 Activity: subtree_constructor	 Provider: aws_ec2
[INFO] 2025-04-22T16:15:10.179Z FILE_TRANSFER RequestId: uuid_e056c1f9_b83d_4a89_b57a_7f8dd3b69ade	 TransferType: consumed	 Action: download_from_s3	 FileName: tree_ORTHOMCL1677.nexus	 Bucket: denethor	 FilePath: tree/tree_ORTHOMCL1677.nexus	 FilePathLocal: .tmp/tree	 FileSize: 355 bytes	 TransferDuration: 0 ms
[INFO] 2025-04-22T16:15:10.179Z CONSUMED_FILES_INFO RequestId: uuid_e056c1f9_b83d_4a89_b57a_7f8dd3b69ade	 FilesCount: 1 files	 FilesSize: 355 bytes	 TransferDuration: 0 ms	 ConsumedFiles: ['tree_ORTHOMCL1677.nexus']
[INFO] 2025-04-22T16:15:10.180Z SUBTREE_CONSTRUCTOR RequestId: uuid_e056c1f9_b83d_4a89_b57a_7f8dd3b69ade	 Duration: 1.4516609953716397 ms	 InputTree: ['tree_ORTHOMCL1677.nexus']	 OutputSubtrees: ['tree_ORTHOMCL1677_Inner1.nexus', 'tree_ORTHOMCL1677_Inner2.nexus', 'tree_ORTHOMCL1677_Inner3.nexus']
[INFO] 2025-04-22T16:15:10.280Z FILE_TRANSFER RequestId: uuid_e056c1f9_b83d_4a89_b57a_7f8dd3b69ade	 TransferType: produced	 Action: upload_to_s3	 FileName: tree_ORTHOMCL1677_Inner1.nexus	 Bucket: denethor	 FilePath: subtree/tree_ORTHOMCL1677_Inner1.nexus	 FilePathLocal: .tmp/subtree/tree_ORTHOMCL1677_Inner1.nexus	 FileSize: 193 bytes	 TransferDuration: 0 ms
[INFO] 2025-04-22T16:15:10.281Z FILE_TRANSFER RequestId: uuid_e056c1f9_b83d_4a89_b57a_7f8dd3b69ade	 TransferType: produced	 Action: upload_to_s3	 FileName: tree_ORTHOMCL1677_Inner2.nexus	 Bucket: denethor	 FilePath: subtree/tree_ORTHOMCL1677_Inner2.nexus	 FilePathLocal: .tmp/subtree/tree_ORTHOMCL1677_Inner2.nexus	 FileSize: 185 bytes	 TransferDuration: 0 ms
[INFO] 2025-04-22T16:15:10.281Z FILE_TRANSFER RequestId: uuid_e056c1f9_b83d_4a89_b57a_7f8dd3b69ade	 TransferType: produced	 Action: upload_to_s3	 FileName: tree_ORTHOMCL1677_Inner3.nexus	 Bucket: denethor	 FilePath: subtree/tree_ORTHOMCL1677_Inner3.nexus	 FilePathLocal: .tmp/subtree/tree_ORTHOMCL1677_Inner3.nexus	 FileSize: 355 bytes	 TransferDuration: 0 ms
[INFO] 2025-04-22T16:15:10.281Z PRODUCED_FILES_INFO RequestId: uuid_e056c1f9_b83d_4a89_b57a_7f8dd3b69ade	 FilesCount: 3 files	 FilesSize: 733 bytes	 TransferDuration: 0 ms	 Provider: aws_ec2	 ProducedFiles: ['tree_ORTHOMCL1677_Inner1.nexus', 'tree_ORTHOMCL1677_Inner2.nexus', 'tree_ORTHOMCL1677_Inner3.nexus']
[INFO] 2025-04-22T16:15:10.281Z END RequestId: uuid_e056c1f9_b83d_4a89_b57a_7f8dd3b69ade	 Activity: subtree_constructor	 Provider: aws_ec2
[INFO] 2025-04-22T16:15:10.281Z REPORT RequestId: uuid_e056c1f9_b83d_4a89_b57a_7f8dd3b69ade	 Duration: 102.04320203047246 ms	 Billed Duration: 103 ms	 Memory Size: MB	 Max Memory Used: MB	 Init Duration: ms	

[INFO] 2025-04-22T16:15:10.281Z START RequestId: uuid_563e1193_dbc7_4fa9_81ff_b8af1fffc131	 Activity: subtree_constructor	 Provider: aws_ec2
[INFO] 2025-04-22T16:15:10.281Z FILE_TRANSFER RequestId: uuid_563e1193_dbc7_4fa9_81ff_b8af1fffc131	 TransferType: consumed	 Action: download_from_s3	 FileName: tree_ORTHOMCL1678.nexus	 Bucket: denethor	 FilePath: tree/tree_ORTHOMCL1678.nexus	 FilePathLocal: .tmp/tree	 FileSize: 355 bytes	 TransferDuration: 0 ms
[INFO] 2025-04-22T16:15:10.281Z CONSUMED_FILES_INFO RequestId: uuid_563e1193_dbc7_4fa9_81ff_b8af1fffc131	 FilesCount: 1 files	 FilesSize: 355 bytes	 TransferDuration: 0 ms	 ConsumedFiles: ['tree_ORTHOMCL1678.nexus']
[INFO] 2025-04-22T16:15:10.282Z SUBTREE_CONSTRUCTOR RequestId: uuid_563e1193_dbc7_4fa9_81ff_b8af1fffc131	 Duration: 1.3350810622796416 ms	 InputTree: ['tree_ORTHOMCL1678.nexus']	 OutputSubtrees: ['tree_ORTHOMCL1678_Inner1.nexus', 'tree_ORTHOMCL1678_Inner2.nexus', 'tree_ORTHOMCL1678_Inner3.nexus']
[INFO] 2025-04-22T16:15:10.383Z FILE_TRANSFER RequestId: uuid_563e1193_dbc7_4fa9_81ff_b8af1fffc131	 TransferType: produced	 Action: upload_to_s3	 FileName: tree_ORTHOMCL1678_Inner1.nexus	 Bucket: denethor	 FilePath: subtree/tree_ORTHOMCL1678_Inner1.nexus	 FilePathLocal: .tmp/subtree/tree_ORTHOMCL1678_Inner1.nexus	 FileSize: 193 bytes	 TransferDuration: 0 ms
[INFO] 2025-04-22T16:15:10.383Z FILE_TRANSFER RequestId: uuid_563e1193_dbc7_4fa9_81ff_b8af1fffc131	 TransferType: produced	 Action: upload_to_s3	 FileName: tree_ORTHOMCL1678_Inner2.nexus	 Bucket: denethor	 FilePath: subtree/tree_ORTHOMCL1678_Inner2.nexus	 FilePathLocal: .tmp/subtree/tree_ORTHOMCL1678_Inner2.nexus	 FileSize: 193 bytes	 TransferDuration: 0 ms
[INFO] 2025-04-22T16:15:10.383Z FILE_TRANSFER RequestId: uuid_563e1193_dbc7_4fa9_81ff_b8af1fffc131	 TransferType: produced	 Action: upload_to_s3	 FileName: tree_ORTHOMCL1678_Inner3.nexus	 Bucket: denethor	 FilePath: subtree/tree_ORTHOMCL1678_Inner3.nexus	 FilePathLocal: .tmp/subtree/tree_ORTHOMCL1678_Inner3.nexus	 FileSize: 355 bytes	 TransferDuration: 0 ms
[INFO] 2025-04-22T16:15:10.383Z PRODUCED_FILES_INFO RequestId: uuid_563e1193_dbc7_4fa9_81ff_b8af1fffc131	 FilesCount: 3 files	 FilesSize: 741 bytes	 TransferDuration: 0 ms	 Provider: aws_ec2	 ProducedFiles: ['tree_ORTHOMCL1678_Inner1.nexus', 'tree_ORTHOMCL1678_Inner2.nexus', 'tree_ORTHOMCL1678_Inner3.nexus']
[INFO] 2025-04-22T16:15:10.383Z END RequestId: uuid_563e1193_dbc7_4fa9_81ff_b8af1fffc131	 Activity: subtree_constructor	 Provider: aws_ec2
[INFO] 2025-04-22T16:15:10.383Z REPORT RequestId: uuid_563e1193_dbc7_4fa9_81ff_b8af1fffc131	 Duration: 101.97412397246808 ms	 Billed Duration: 102 ms	 Memory Size: MB	 Max Memory Used: MB	 Init Duration: ms	

[INFO] 2025-04-22T16:15:10.383Z START RequestId: uuid_eff6c33e_07b3_4a9a_9e27_6b4010ed1574	 Activity: subtree_constructor	 Provider: aws_ec2
[INFO] 2025-04-22T16:15:10.383Z FILE_TRANSFER RequestId: uuid_eff6c33e_07b3_4a9a_9e27_6b4010ed1574	 TransferType: consumed	 Action: download_from_s3	 FileName: tree_ORTHOMCL1762.nexus	 Bucket: denethor	 FilePath: tree/tree_ORTHOMCL1762.nexus	 FilePathLocal: .tmp/tree	 FileSize: 347 bytes	 TransferDuration: 0 ms
[INFO] 2025-04-22T16:15:10.383Z CONSUMED_FILES_INFO RequestId: uuid_eff6c33e_07b3_4a9a_9e27_6b4010ed1574	 FilesCount: 1 files	 FilesSize: 347 bytes	 TransferDuration: 0 ms	 ConsumedFiles: ['tree_ORTHOMCL1762.nexus']
[INFO] 2025-04-22T16:15:10.384Z SUBTREE_CONSTRUCTOR RequestId: uuid_eff6c33e_07b3_4a9a_9e27_6b4010ed1574	 Duration: 1.3740260619670153 ms	 InputTree: ['tree_ORTHOMCL1762.nexus']	 OutputSubtrees: ['tree_ORTHOMCL1762_Inner1.nexus', 'tree_ORTHOMCL1762_Inner2.nexus', 'tree_ORTHOMCL1762_Inner3.nexus']
[INFO] 2025-04-22T16:15:10.485Z FILE_TRANSFER RequestId: uuid_eff6c33e_07b3_4a9a_9e27_6b4010ed1574	 TransferType: produced	 Action: upload_to_s3	 FileName: tree_ORTHOMCL1762_Inner1.nexus	 Bucket: denethor	 FilePath: subtree/tree_ORTHOMCL1762_Inner1.nexus	 FilePathLocal: .tmp/subtree/tree_ORTHOMCL1762_Inner1.nexus	 FileSize: 185 bytes	 TransferDuration: 0 ms
[INFO] 2025-04-22T16:15:10.485Z FILE_TRANSFER RequestId: uuid_eff6c33e_07b3_4a9a_9e27_6b4010ed1574	 TransferType: produced	 Action: upload_to_s3	 FileName: tree_ORTHOMCL1762_Inner2.nexus	 Bucket: denethor	 FilePath: subtree/tree_ORTHOMCL1762_Inner2.nexus	 FilePathLocal: .tmp/subtree/tree_ORTHOMCL1762_Inner2.nexus	 FileSize: 249 bytes	 TransferDuration: 0 ms
[INFO] 2025-04-22T16:15:10.485Z FILE_TRANSFER RequestId: uuid_eff6c33e_07b3_4a9a_9e27_6b4010ed1574	 TransferType: produced	 Action: upload_to_s3	 FileName: tree_ORTHOMCL1762_Inner3.nexus	 Bucket: denethor	 FilePath: subtree/tree_ORTHOMCL1762_Inner3.nexus	 FilePathLocal: .tmp/subtree/tree_ORTHOMCL1762_Inner3.nexus	 FileSize: 347 bytes	 TransferDuration: 0 ms
[INFO] 2025-04-22T16:15:10.485Z PRODUCED_FILES_INFO RequestId: uuid_eff6c33e_07b3_4a9a_9e27_6b4010ed1574	 FilesCount: 3 files	 FilesSize: 781 bytes	 TransferDuration: 0 ms	 Provider: aws_ec2	 ProducedFiles: ['tree_ORTHOMCL1762_Inner1.nexus', 'tree_ORTHOMCL1762_Inner2.nexus', 'tree_ORTHOMCL1762_Inner3.nexus']
[INFO] 2025-04-22T16:15:10.485Z END RequestId: uuid_eff6c33e_07b3_4a9a_9e27_6b4010ed1574	 Activity: subtree_constructor	 Provider: aws_ec2
[INFO] 2025-04-22T16:15:10.485Z REPORT RequestId: uuid_eff6c33e_07b3_4a9a_9e27_6b4010ed1574	 Duration: 101.93613497540355 ms	 Billed Duration: 102 ms	 Memory Size: MB	 Max Memory Used: MB	 Init Duration: ms	

[INFO] 2025-04-22T16:15:10.485Z START RequestId: uuid_fa3d28d9_6f78_438e_a5e8_badc63252e8f	 Activity: subtree_constructor	 Provider: aws_ec2
[INFO] 2025-04-22T16:15:10.485Z FILE_TRANSFER RequestId: uuid_fa3d28d9_6f78_438e_a5e8_badc63252e8f	 TransferType: consumed	 Action: download_from_s3	 FileName: tree_ORTHOMCL1772.nexus	 Bucket: denethor	 FilePath: tree/tree_ORTHOMCL1772.nexus	 FilePathLocal: .tmp/tree	 FileSize: 341 bytes	 TransferDuration: 0 ms
[INFO] 2025-04-22T16:15:10.485Z CONSUMED_FILES_INFO RequestId: uuid_fa3d28d9_6f78_438e_a5e8_badc63252e8f	 FilesCount: 1 files	 FilesSize: 341 bytes	 TransferDuration: 0 ms	 ConsumedFiles: ['tree_ORTHOMCL1772.nexus']
[INFO] 2025-04-22T16:15:10.486Z SUBTREE_CONSTRUCTOR RequestId: uuid_fa3d28d9_6f78_438e_a5e8_badc63252e8f	 Duration: 1.299851923249662 ms	 InputTree: ['tree_ORTHOMCL1772.nexus']	 OutputSubtrees: ['tree_ORTHOMCL1772_Inner1.nexus', 'tree_ORTHOMCL1772_Inner2.nexus', 'tree_ORTHOMCL1772_Inner3.nexus']
[INFO] 2025-04-22T16:15:10.587Z FILE_TRANSFER RequestId: uuid_fa3d28d9_6f78_438e_a5e8_badc63252e8f	 TransferType: produced	 Action: upload_to_s3	 FileName: tree_ORTHOMCL1772_Inner1.nexus	 Bucket: denethor	 FilePath: subtree/tree_ORTHOMCL1772_Inner1.nexus	 FilePathLocal: .tmp/subtree/tree_ORTHOMCL1772_Inner1.nexus	 FileSize: 185 bytes	 TransferDuration: 0 ms
[INFO] 2025-04-22T16:15:10.587Z FILE_TRANSFER RequestId: uuid_fa3d28d9_6f78_438e_a5e8_badc63252e8f	 TransferType: produced	 Action: upload_to_s3	 FileName: tree_ORTHOMCL1772_Inner2.nexus	 Bucket: denethor	 FilePath: subtree/tree_ORTHOMCL1772_Inner2.nexus	 FilePathLocal: .tmp/subtree/tree_ORTHOMCL1772_Inner2.nexus	 FileSize: 187 bytes	 TransferDuration: 0 ms
[INFO] 2025-04-22T16:15:10.587Z FILE_TRANSFER RequestId: uuid_fa3d28d9_6f78_438e_a5e8_badc63252e8f	 TransferType: produced	 Action: upload_to_s3	 FileName: tree_ORTHOMCL1772_Inner3.nexus	 Bucket: denethor	 FilePath: subtree/tree_ORTHOMCL1772_Inner3.nexus	 FilePathLocal: .tmp/subtree/tree_ORTHOMCL1772_Inner3.nexus	 FileSize: 341 bytes	 TransferDuration: 0 ms
[INFO] 2025-04-22T16:15:10.587Z PRODUCED_FILES_INFO RequestId: uuid_fa3d28d9_6f78_438e_a5e8_badc63252e8f	 FilesCount: 3 files	 FilesSize: 713 bytes	 TransferDuration: 0 ms	 Provider: aws_ec2	 ProducedFiles: ['tree_ORTHOMCL1772_Inner1.nexus', 'tree_ORTHOMCL1772_Inner2.nexus', 'tree_ORTHOMCL1772_Inner3.nexus']
[INFO] 2025-04-22T16:15:10.587Z END RequestId: uuid_fa3d28d9_6f78_438e_a5e8_badc63252e8f	 Activity: subtree_constructor	 Provider: aws_ec2
[INFO] 2025-04-22T16:15:10.587Z REPORT RequestId: uuid_fa3d28d9_6f78_438e_a5e8_badc63252e8f	 Duration: 101.90656001213938 ms	 Billed Duration: 102 ms	 Memory Size: MB	 Max Memory Used: MB	 Init Duration: ms	

[INFO] 2025-04-22T16:15:10.587Z START RequestId: uuid_38e30f2c_1e15_47a7_a462_a1a012ffeeaa	 Activity: subtree_constructor	 Provider: aws_ec2
[INFO] 2025-04-22T16:15:10.587Z FILE_TRANSFER RequestId: uuid_38e30f2c_1e15_47a7_a462_a1a012ffeeaa	 TransferType: consumed	 Action: download_from_s3	 FileName: tree_ORTHOMCL1977.nexus	 Bucket: denethor	 FilePath: tree/tree_ORTHOMCL1977.nexus	 FilePathLocal: .tmp/tree	 FileSize: 339 bytes	 TransferDuration: 0 ms
[INFO] 2025-04-22T16:15:10.587Z CONSUMED_FILES_INFO RequestId: uuid_38e30f2c_1e15_47a7_a462_a1a012ffeeaa	 FilesCount: 1 files	 FilesSize: 339 bytes	 TransferDuration: 0 ms	 ConsumedFiles: ['tree_ORTHOMCL1977.nexus']
[INFO] 2025-04-22T16:15:10.589Z SUBTREE_CONSTRUCTOR RequestId: uuid_38e30f2c_1e15_47a7_a462_a1a012ffeeaa	 Duration: 1.4474659692496061 ms	 InputTree: ['tree_ORTHOMCL1977.nexus']	 OutputSubtrees: ['tree_ORTHOMCL1977_Inner1.nexus', 'tree_ORTHOMCL1977_Inner2.nexus', 'tree_ORTHOMCL1977_Inner3.nexus']
[INFO] 2025-04-22T16:15:10.689Z FILE_TRANSFER RequestId: uuid_38e30f2c_1e15_47a7_a462_a1a012ffeeaa	 TransferType: produced	 Action: upload_to_s3	 FileName: tree_ORTHOMCL1977_Inner1.nexus	 Bucket: denethor	 FilePath: subtree/tree_ORTHOMCL1977_Inner1.nexus	 FilePathLocal: .tmp/subtree/tree_ORTHOMCL1977_Inner1.nexus	 FileSize: 185 bytes	 TransferDuration: 0 ms
[INFO] 2025-04-22T16:15:10.689Z FILE_TRANSFER RequestId: uuid_38e30f2c_1e15_47a7_a462_a1a012ffeeaa	 TransferType: produced	 Action: upload_to_s3	 FileName: tree_ORTHOMCL1977_Inner2.nexus	 Bucket: denethor	 FilePath: subtree/tree_ORTHOMCL1977_Inner2.nexus	 FilePathLocal: .tmp/subtree/tree_ORTHOMCL1977_Inner2.nexus	 FileSize: 185 bytes	 TransferDuration: 0 ms
[INFO] 2025-04-22T16:15:10.689Z FILE_TRANSFER RequestId: uuid_38e30f2c_1e15_47a7_a462_a1a012ffeeaa	 TransferType: produced	 Action: upload_to_s3	 FileName: tree_ORTHOMCL1977_Inner3.nexus	 Bucket: denethor	 FilePath: subtree/tree_ORTHOMCL1977_Inner3.nexus	 FilePathLocal: .tmp/subtree/tree_ORTHOMCL1977_Inner3.nexus	 FileSize: 339 bytes	 TransferDuration: 0 ms
[INFO] 2025-04-22T16:15:10.689Z PRODUCED_FILES_INFO RequestId: uuid_38e30f2c_1e15_47a7_a462_a1a012ffeeaa	 FilesCount: 3 files	 FilesSize: 709 bytes	 TransferDuration: 0 ms	 Provider: aws_ec2	 ProducedFiles: ['tree_ORTHOMCL1977_Inner1.nexus', 'tree_ORTHOMCL1977_Inner2.nexus', 'tree_ORTHOMCL1977_Inner3.nexus']
[INFO] 2025-04-22T16:15:10.689Z END RequestId: uuid_38e30f2c_1e15_47a7_a462_a1a012ffeeaa	 Activity: subtree_constructor	 Provider: aws_ec2
[INFO] 2025-04-22T16:15:10.689Z REPORT RequestId: uuid_38e30f2c_1e15_47a7_a462_a1a012ffeeaa	 Duration: 102.10825898684561 ms	 Billed Duration: 103 ms	 Memory Size: MB	 Max Memory Used: MB	 Init Duration: ms	

[INFO] 2025-04-22T16:15:10.689Z START RequestId: uuid_2f8ec07f_50ea_4b5d_9e56_edff9e66fc01	 Activity: subtree_constructor	 Provider: aws_ec2
[INFO] 2025-04-22T16:15:10.689Z FILE_TRANSFER RequestId: uuid_2f8ec07f_50ea_4b5d_9e56_edff9e66fc01	 TransferType: consumed	 Action: download_from_s3	 FileName: tree_ORTHOMCL2001.nexus	 Bucket: denethor	 FilePath: tree/tree_ORTHOMCL2001.nexus	 FilePathLocal: .tmp/tree	 FileSize: 347 bytes	 TransferDuration: 0 ms
[INFO] 2025-04-22T16:15:10.689Z CONSUMED_FILES_INFO RequestId: uuid_2f8ec07f_50ea_4b5d_9e56_edff9e66fc01	 FilesCount: 1 files	 FilesSize: 347 bytes	 TransferDuration: 0 ms	 ConsumedFiles: ['tree_ORTHOMCL2001.nexus']
[INFO] 2025-04-22T16:15:10.691Z SUBTREE_CONSTRUCTOR RequestId: uuid_2f8ec07f_50ea_4b5d_9e56_edff9e66fc01	 Duration: 1.3514839811250567 ms	 InputTree: ['tree_ORTHOMCL2001.nexus']	 OutputSubtrees: ['tree_ORTHOMCL2001_Inner1.nexus', 'tree_ORTHOMCL2001_Inner2.nexus', 'tree_ORTHOMCL2001_Inner3.nexus']
[INFO] 2025-04-22T16:15:10.791Z FILE_TRANSFER RequestId: uuid_2f8ec07f_50ea_4b5d_9e56_edff9e66fc01	 TransferType: produced	 Action: upload_to_s3	 FileName: tree_ORTHOMCL2001_Inner1.nexus	 Bucket: denethor	 FilePath: subtree/tree_ORTHOMCL2001_Inner1.nexus	 FilePathLocal: .tmp/subtree/tree_ORTHOMCL2001_Inner1.nexus	 FileSize: 185 bytes	 TransferDuration: 0 ms
[INFO] 2025-04-22T16:15:10.791Z FILE_TRANSFER RequestId: uuid_2f8ec07f_50ea_4b5d_9e56_edff9e66fc01	 TransferType: produced	 Action: upload_to_s3	 FileName: tree_ORTHOMCL2001_Inner2.nexus	 Bucket: denethor	 FilePath: subtree/tree_ORTHOMCL2001_Inner2.nexus	 FilePathLocal: .tmp/subtree/tree_ORTHOMCL2001_Inner2.nexus	 FileSize: 249 bytes	 TransferDuration: 0 ms
[INFO] 2025-04-22T16:15:10.791Z FILE_TRANSFER RequestId: uuid_2f8ec07f_50ea_4b5d_9e56_edff9e66fc01	 TransferType: produced	 Action: upload_to_s3	 FileName: tree_ORTHOMCL2001_Inner3.nexus	 Bucket: denethor	 FilePath: subtree/tree_ORTHOMCL2001_Inner3.nexus	 FilePathLocal: .tmp/subtree/tree_ORTHOMCL2001_Inner3.nexus	 FileSize: 347 bytes	 TransferDuration: 0 ms
[INFO] 2025-04-22T16:15:10.791Z PRODUCED_FILES_INFO RequestId: uuid_2f8ec07f_50ea_4b5d_9e56_edff9e66fc01	 FilesCount: 3 files	 FilesSize: 781 bytes	 TransferDuration: 0 ms	 Provider: aws_ec2	 ProducedFiles: ['tree_ORTHOMCL2001_Inner1.nexus', 'tree_ORTHOMCL2001_Inner2.nexus', 'tree_ORTHOMCL2001_Inner3.nexus']
[INFO] 2025-04-22T16:15:10.791Z END RequestId: uuid_2f8ec07f_50ea_4b5d_9e56_edff9e66fc01	 Activity: subtree_constructor	 Provider: aws_ec2
[INFO] 2025-04-22T16:15:10.791Z REPORT RequestId: uuid_2f8ec07f_50ea_4b5d_9e56_edff9e66fc01	 Duration: 102.10981301497668 ms	 Billed Duration: 103 ms	 Memory Size: MB	 Max Memory Used: MB	 Init Duration: ms	

