[INFO] 2025-04-22T16:16:13.132Z START RequestId: uuid_c49de11f_8924_498e_98bb_bcba11434ef5	 Activity: tree_constructor	 Provider: aws_ec2
[INFO] 2025-04-22T16:16:13.132Z FILE_TRANSFER RequestId: uuid_c49de11f_8924_498e_98bb_bcba11434ef5	 TransferType: consumed	 Action: download_from_s3	 FileName: ORTHOMCL358	 Bucket: denethor	 FilePath: data/full_dataset/ORTHOMCL358	 FilePathLocal: resources/data/full_dataset	 FileSize: 3223 bytes	 TransferDuration: 0 ms
[INFO] 2025-04-22T16:16:13.132Z CONSUMED_FILES_INFO RequestId: uuid_c49de11f_8924_498e_98bb_bcba11434ef5	 FilesCount: 1 files	 FilesSize: 3223 bytes	 TransferDuration: 0 ms	 ConsumedFiles: ['ORTHOMCL358']
[INFO] 2025-04-22T16:16:13.186Z TREE_CONSTRUCTOR RequestId: uuid_c49de11f_8924_498e_98bb_bcba11434ef5	 Duration: 53.25146298855543 ms	 InputFile:ORTHOMCL358	 OutputFile:['tree_ORTHOMCL358.nexus']
[INFO] 2025-04-22T16:16:13.286Z FILE_TRANSFER RequestId: uuid_c49de11f_8924_498e_98bb_bcba11434ef5	 TransferType: produced	 Action: upload_to_s3	 FileName: tree_ORTHOMCL358.nexus	 Bucket: denethor	 FilePath: tree/tree_ORTHOMCL358.nexus	 FilePathLocal: .tmp/tree/tree_ORTHOMCL358.nexus	 FileSize: 567 bytes	 TransferDuration: 0 ms
[INFO] 2025-04-22T16:16:13.286Z PRODUCED_FILES_INFO RequestId: uuid_c49de11f_8924_498e_98bb_bcba11434ef5	 FilesCount: 1 files	 FilesSize: 567 bytes	 TransferDuration: 0 ms	 Provider: aws_ec2	 ProducedFiles: ['tree_ORTHOMCL358.nexus']
[INFO] 2025-04-22T16:16:13.286Z END RequestId: uuid_c49de11f_8924_498e_98bb_bcba11434ef5	 Activity: tree_constructor	 Provider: aws_ec2
[INFO] 2025-04-22T16:16:13.286Z REPORT RequestId: uuid_c49de11f_8924_498e_98bb_bcba11434ef5	 Duration: 153.9344189222902 ms	 Billed Duration: 154 ms	 Memory Size: MB	 Max Memory Used: MB	 Init Duration: ms	

[INFO] 2025-04-22T16:16:13.286Z START RequestId: uuid_e375a484_fe36_4ca7_aeb0_a5bcec8221e8	 Activity: tree_constructor	 Provider: aws_ec2
[INFO] 2025-04-22T16:16:13.286Z FILE_TRANSFER RequestId: uuid_e375a484_fe36_4ca7_aeb0_a5bcec8221e8	 TransferType: consumed	 Action: download_from_s3	 FileName: ORTHOMCL458	 Bucket: denethor	 FilePath: data/full_dataset/ORTHOMCL458	 FilePathLocal: resources/data/full_dataset	 FileSize: 2228 bytes	 TransferDuration: 0 ms
[INFO] 2025-04-22T16:16:13.286Z CONSUMED_FILES_INFO RequestId: uuid_e375a484_fe36_4ca7_aeb0_a5bcec8221e8	 FilesCount: 1 files	 FilesSize: 2228 bytes	 TransferDuration: 0 ms	 ConsumedFiles: ['ORTHOMCL458']
[INFO] 2025-04-22T16:16:13.304Z TREE_CONSTRUCTOR RequestId: uuid_e375a484_fe36_4ca7_aeb0_a5bcec8221e8	 Duration: 17.313642078079283 ms	 InputFile:ORTHOMCL458	 OutputFile:['tree_ORTHOMCL458.nexus']
[INFO] 2025-04-22T16:16:13.404Z FILE_TRANSFER RequestId: uuid_e375a484_fe36_4ca7_aeb0_a5bcec8221e8	 TransferType: produced	 Action: upload_to_s3	 FileName: tree_ORTHOMCL458.nexus	 Bucket: denethor	 FilePath: tree/tree_ORTHOMCL458.nexus	 FilePathLocal: .tmp/tree/tree_ORTHOMCL458.nexus	 FileSize: 453 bytes	 TransferDuration: 0 ms
[INFO] 2025-04-22T16:16:13.404Z PRODUCED_FILES_INFO RequestId: uuid_e375a484_fe36_4ca7_aeb0_a5bcec8221e8	 FilesCount: 1 files	 FilesSize: 453 bytes	 TransferDuration: 0 ms	 Provider: aws_ec2	 ProducedFiles: ['tree_ORTHOMCL458.nexus']
[INFO] 2025-04-22T16:16:13.404Z END RequestId: uuid_e375a484_fe36_4ca7_aeb0_a5bcec8221e8	 Activity: tree_constructor	 Provider: aws_ec2
[INFO] 2025-04-22T16:16:13.404Z REPORT RequestId: uuid_e375a484_fe36_4ca7_aeb0_a5bcec8221e8	 Duration: 117.93133709579706 ms	 Billed Duration: 118 ms	 Memory Size: MB	 Max Memory Used: MB	 Init Duration: ms	

[INFO] 2025-04-22T16:16:13.404Z START RequestId: uuid_96b76f68_e65f_445c_9cdb_50f7858ebac4	 Activity: tree_constructor	 Provider: aws_ec2
[INFO] 2025-04-22T16:16:13.404Z FILE_TRANSFER RequestId: uuid_96b76f68_e65f_445c_9cdb_50f7858ebac4	 TransferType: consumed	 Action: download_from_s3	 FileName: ORTHOMCL525	 Bucket: denethor	 FilePath: data/full_dataset/ORTHOMCL525	 FilePathLocal: resources/data/full_dataset	 FileSize: 3972 bytes	 TransferDuration: 0 ms
[INFO] 2025-04-22T16:16:13.404Z CONSUMED_FILES_INFO RequestId: uuid_96b76f68_e65f_445c_9cdb_50f7858ebac4	 FilesCount: 1 files	 FilesSize: 3972 bytes	 TransferDuration: 0 ms	 ConsumedFiles: ['ORTHOMCL525']
[INFO] 2025-04-22T16:16:13.434Z TREE_CONSTRUCTOR RequestId: uuid_96b76f68_e65f_445c_9cdb_50f7858ebac4	 Duration: 29.69448105432093 ms	 InputFile:ORTHOMCL525	 OutputFile:['tree_ORTHOMCL525.nexus']
[INFO] 2025-04-22T16:16:13.534Z FILE_TRANSFER RequestId: uuid_96b76f68_e65f_445c_9cdb_50f7858ebac4	 TransferType: produced	 Action: upload_to_s3	 FileName: tree_ORTHOMCL525.nexus	 Bucket: denethor	 FilePath: tree/tree_ORTHOMCL525.nexus	 FilePathLocal: .tmp/tree/tree_ORTHOMCL525.nexus	 FileSize: 455 bytes	 TransferDuration: 0 ms
[INFO] 2025-04-22T16:16:13.534Z PRODUCED_FILES_INFO RequestId: uuid_96b76f68_e65f_445c_9cdb_50f7858ebac4	 FilesCount: 1 files	 FilesSize: 455 bytes	 TransferDuration: 0 ms	 Provider: aws_ec2	 ProducedFiles: ['tree_ORTHOMCL525.nexus']
[INFO] 2025-04-22T16:16:13.534Z END RequestId: uuid_96b76f68_e65f_445c_9cdb_50f7858ebac4	 Activity: tree_constructor	 Provider: aws_ec2
[INFO] 2025-04-22T16:16:13.535Z REPORT RequestId: uuid_96b76f68_e65f_445c_9cdb_50f7858ebac4	 Duration: 130.41955197695643 ms	 Billed Duration: 131 ms	 Memory Size: MB	 Max Memory Used: MB	 Init Duration: ms	

[INFO] 2025-04-22T16:16:13.535Z START RequestId: uuid_4aaaffed_b2b4_4fab_b111_7155a4f6d32c	 Activity: tree_constructor	 Provider: aws_ec2
[INFO] 2025-04-22T16:16:13.535Z FILE_TRANSFER RequestId: uuid_4aaaffed_b2b4_4fab_b111_7155a4f6d32c	 TransferType: consumed	 Action: download_from_s3	 FileName: ORTHOMCL526	 Bucket: denethor	 FilePath: data/full_dataset/ORTHOMCL526	 FilePathLocal: resources/data/full_dataset	 FileSize: 2621 bytes	 TransferDuration: 0 ms
[INFO] 2025-04-22T16:16:13.535Z CONSUMED_FILES_INFO RequestId: uuid_4aaaffed_b2b4_4fab_b111_7155a4f6d32c	 FilesCount: 1 files	 FilesSize: 2621 bytes	 TransferDuration: 0 ms	 ConsumedFiles: ['ORTHOMCL526']
[INFO] 2025-04-22T16:16:13.561Z TREE_CONSTRUCTOR RequestId: uuid_4aaaffed_b2b4_4fab_b111_7155a4f6d32c	 Duration: 26.127296965569258 ms	 InputFile:ORTHOMCL526	 OutputFile:['tree_ORTHOMCL526.nexus']
[INFO] 2025-04-22T16:16:13.661Z FILE_TRANSFER RequestId: uuid_4aaaffed_b2b4_4fab_b111_7155a4f6d32c	 TransferType: produced	 Action: upload_to_s3	 FileName: tree_ORTHOMCL526.nexus	 Bucket: denethor	 FilePath: tree/tree_ORTHOMCL526.nexus	 FilePathLocal: .tmp/tree/tree_ORTHOMCL526.nexus	 FileSize: 457 bytes	 TransferDuration: 0 ms
[INFO] 2025-04-22T16:16:13.661Z PRODUCED_FILES_INFO RequestId: uuid_4aaaffed_b2b4_4fab_b111_7155a4f6d32c	 FilesCount: 1 files	 FilesSize: 457 bytes	 TransferDuration: 0 ms	 Provider: aws_ec2	 ProducedFiles: ['tree_ORTHOMCL526.nexus']
[INFO] 2025-04-22T16:16:13.661Z END RequestId: uuid_4aaaffed_b2b4_4fab_b111_7155a4f6d32c	 Activity: tree_constructor	 Provider: aws_ec2
[INFO] 2025-04-22T16:16:13.661Z REPORT RequestId: uuid_4aaaffed_b2b4_4fab_b111_7155a4f6d32c	 Duration: 126.74721900839359 ms	 Billed Duration: 127 ms	 Memory Size: MB	 Max Memory Used: MB	 Init Duration: ms	

[INFO] 2025-04-22T16:16:13.661Z START RequestId: uuid_25430fa5_6b2b_40ad_8c8a_e2cde6f5d121	 Activity: tree_constructor	 Provider: aws_ec2
[INFO] 2025-04-22T16:16:13.662Z FILE_TRANSFER RequestId: uuid_25430fa5_6b2b_40ad_8c8a_e2cde6f5d121	 TransferType: consumed	 Action: download_from_s3	 FileName: ORTHOMCL592	 Bucket: denethor	 FilePath: data/full_dataset/ORTHOMCL592	 FilePathLocal: resources/data/full_dataset	 FileSize: 3564 bytes	 TransferDuration: 0 ms
[INFO] 2025-04-22T16:16:13.662Z CONSUMED_FILES_INFO RequestId: uuid_25430fa5_6b2b_40ad_8c8a_e2cde6f5d121	 FilesCount: 1 files	 FilesSize: 3564 bytes	 TransferDuration: 0 ms	 ConsumedFiles: ['ORTHOMCL592']
[INFO] 2025-04-22T16:16:13.703Z TREE_CONSTRUCTOR RequestId: uuid_25430fa5_6b2b_40ad_8c8a_e2cde6f5d121	 Duration: 41.49771202355623 ms	 InputFile:ORTHOMCL592	 OutputFile:['tree_ORTHOMCL592.nexus']
[INFO] 2025-04-22T16:16:13.803Z FILE_TRANSFER RequestId: uuid_25430fa5_6b2b_40ad_8c8a_e2cde6f5d121	 TransferType: produced	 Action: upload_to_s3	 FileName: tree_ORTHOMCL592.nexus	 Bucket: denethor	 FilePath: tree/tree_ORTHOMCL592.nexus	 FilePathLocal: .tmp/tree/tree_ORTHOMCL592.nexus	 FileSize: 456 bytes	 TransferDuration: 0 ms
[INFO] 2025-04-22T16:16:13.803Z PRODUCED_FILES_INFO RequestId: uuid_25430fa5_6b2b_40ad_8c8a_e2cde6f5d121	 FilesCount: 1 files	 FilesSize: 456 bytes	 TransferDuration: 0 ms	 Provider: aws_ec2	 ProducedFiles: ['tree_ORTHOMCL592.nexus']
[INFO] 2025-04-22T16:16:13.803Z END RequestId: uuid_25430fa5_6b2b_40ad_8c8a_e2cde6f5d121	 Activity: tree_constructor	 Provider: aws_ec2
[INFO] 2025-04-22T16:16:13.804Z REPORT RequestId: uuid_25430fa5_6b2b_40ad_8c8a_e2cde6f5d121	 Duration: 142.02295802533627 ms	 Billed Duration: 143 ms	 Memory Size: MB	 Max Memory Used: MB	 Init Duration: ms	

[INFO] 2025-04-22T16:16:13.804Z START RequestId: uuid_922ef3cf_9ff8_4cb8_889d_2967f1da6ea1	 Activity: tree_constructor	 Provider: aws_ec2
[INFO] 2025-04-22T16:16:13.804Z FILE_TRANSFER RequestId: uuid_922ef3cf_9ff8_4cb8_889d_2967f1da6ea1	 TransferType: consumed	 Action: download_from_s3	 FileName: ORTHOMCL625	 Bucket: denethor	 FilePath: data/full_dataset/ORTHOMCL625	 FilePathLocal: resources/data/full_dataset	 FileSize: 4374 bytes	 TransferDuration: 0 ms
[INFO] 2025-04-22T16:16:13.804Z CONSUMED_FILES_INFO RequestId: uuid_922ef3cf_9ff8_4cb8_889d_2967f1da6ea1	 FilesCount: 1 files	 FilesSize: 4374 bytes	 TransferDuration: 0 ms	 ConsumedFiles: ['ORTHOMCL625']
[INFO] 2025-04-22T16:16:13.858Z TREE_CONSTRUCTOR RequestId: uuid_922ef3cf_9ff8_4cb8_889d_2967f1da6ea1	 Duration: 54.2570409597829 ms	 InputFile:ORTHOMCL625	 OutputFile:['tree_ORTHOMCL625.nexus']
[INFO] 2025-04-22T16:16:13.958Z FILE_TRANSFER RequestId: uuid_922ef3cf_9ff8_4cb8_889d_2967f1da6ea1	 TransferType: produced	 Action: upload_to_s3	 FileName: tree_ORTHOMCL625.nexus	 Bucket: denethor	 FilePath: tree/tree_ORTHOMCL625.nexus	 FilePathLocal: .tmp/tree/tree_ORTHOMCL625.nexus	 FileSize: 469 bytes	 TransferDuration: 0 ms
[INFO] 2025-04-22T16:16:13.958Z PRODUCED_FILES_INFO RequestId: uuid_922ef3cf_9ff8_4cb8_889d_2967f1da6ea1	 FilesCount: 1 files	 FilesSize: 469 bytes	 TransferDuration: 0 ms	 Provider: aws_ec2	 ProducedFiles: ['tree_ORTHOMCL625.nexus']
[INFO] 2025-04-22T16:16:13.958Z END RequestId: uuid_922ef3cf_9ff8_4cb8_889d_2967f1da6ea1	 Activity: tree_constructor	 Provider: aws_ec2
[INFO] 2025-04-22T16:16:13.958Z REPORT RequestId: uuid_922ef3cf_9ff8_4cb8_889d_2967f1da6ea1	 Duration: 154.79566191788763 ms	 Billed Duration: 155 ms	 Memory Size: MB	 Max Memory Used: MB	 Init Duration: ms	

[INFO] 2025-04-22T16:16:13.959Z START RequestId: uuid_af2ea9bb_0139_4b7d_b74e_093ff5d2a9bb	 Activity: tree_constructor	 Provider: aws_ec2
[INFO] 2025-04-22T16:16:13.959Z FILE_TRANSFER RequestId: uuid_af2ea9bb_0139_4b7d_b74e_093ff5d2a9bb	 TransferType: consumed	 Action: download_from_s3	 FileName: ORTHOMCL626	 Bucket: denethor	 FilePath: data/full_dataset/ORTHOMCL626	 FilePathLocal: resources/data/full_dataset	 FileSize: 4022 bytes	 TransferDuration: 0 ms
[INFO] 2025-04-22T16:16:13.959Z CONSUMED_FILES_INFO RequestId: uuid_af2ea9bb_0139_4b7d_b74e_093ff5d2a9bb	 FilesCount: 1 files	 FilesSize: 4022 bytes	 TransferDuration: 0 ms	 ConsumedFiles: ['ORTHOMCL626']
[INFO] 2025-04-22T16:16:14.009Z TREE_CONSTRUCTOR RequestId: uuid_af2ea9bb_0139_4b7d_b74e_093ff5d2a9bb	 Duration: 50.00909697264433 ms	 InputFile:ORTHOMCL626	 OutputFile:['tree_ORTHOMCL626.nexus']
[INFO] 2025-04-22T16:16:14.109Z FILE_TRANSFER RequestId: uuid_af2ea9bb_0139_4b7d_b74e_093ff5d2a9bb	 TransferType: produced	 Action: upload_to_s3	 FileName: tree_ORTHOMCL626.nexus	 Bucket: denethor	 FilePath: tree/tree_ORTHOMCL626.nexus	 FilePathLocal: .tmp/tree/tree_ORTHOMCL626.nexus	 FileSize: 463 bytes	 TransferDuration: 0 ms
[INFO] 2025-04-22T16:16:14.109Z PRODUCED_FILES_INFO RequestId: uuid_af2ea9bb_0139_4b7d_b74e_093ff5d2a9bb	 FilesCount: 1 files	 FilesSize: 463 bytes	 TransferDuration: 0 ms	 Provider: aws_ec2	 ProducedFiles: ['tree_ORTHOMCL626.nexus']
[INFO] 2025-04-22T16:16:14.109Z END RequestId: uuid_af2ea9bb_0139_4b7d_b74e_093ff5d2a9bb	 Activity: tree_constructor	 Provider: aws_ec2
[INFO] 2025-04-22T16:16:14.109Z REPORT RequestId: uuid_af2ea9bb_0139_4b7d_b74e_093ff5d2a9bb	 Duration: 150.84938297513872 ms	 Billed Duration: 151 ms	 Memory Size: MB	 Max Memory Used: MB	 Init Duration: ms	

[INFO] 2025-04-22T16:16:14.110Z START RequestId: uuid_3ce2acad_4e90_4f09_a584_5732529095df	 Activity: tree_constructor	 Provider: aws_ec2
[INFO] 2025-04-22T16:16:14.110Z FILE_TRANSFER RequestId: uuid_3ce2acad_4e90_4f09_a584_5732529095df	 TransferType: consumed	 Action: download_from_s3	 FileName: ORTHOMCL641	 Bucket: denethor	 FilePath: data/full_dataset/ORTHOMCL641	 FilePathLocal: resources/data/full_dataset	 FileSize: 3832 bytes	 TransferDuration: 0 ms
[INFO] 2025-04-22T16:16:14.110Z CONSUMED_FILES_INFO RequestId: uuid_3ce2acad_4e90_4f09_a584_5732529095df	 FilesCount: 1 files	 FilesSize: 3832 bytes	 TransferDuration: 0 ms	 ConsumedFiles: ['ORTHOMCL641']
[INFO] 2025-04-22T16:16:14.145Z TREE_CONSTRUCTOR RequestId: uuid_3ce2acad_4e90_4f09_a584_5732529095df	 Duration: 35.356028005480766 ms	 InputFile:ORTHOMCL641	 OutputFile:['tree_ORTHOMCL641.nexus']
[INFO] 2025-04-22T16:16:14.246Z FILE_TRANSFER RequestId: uuid_3ce2acad_4e90_4f09_a584_5732529095df	 TransferType: produced	 Action: upload_to_s3	 FileName: tree_ORTHOMCL641.nexus	 Bucket: denethor	 FilePath: tree/tree_ORTHOMCL641.nexus	 FilePathLocal: .tmp/tree/tree_ORTHOMCL641.nexus	 FileSize: 451 bytes	 TransferDuration: 0 ms
[INFO] 2025-04-22T16:16:14.246Z PRODUCED_FILES_INFO RequestId: uuid_3ce2acad_4e90_4f09_a584_5732529095df	 FilesCount: 1 files	 FilesSize: 451 bytes	 TransferDuration: 0 ms	 Provider: aws_ec2	 ProducedFiles: ['tree_ORTHOMCL641.nexus']
[INFO] 2025-04-22T16:16:14.246Z END RequestId: uuid_3ce2acad_4e90_4f09_a584_5732529095df	 Activity: tree_constructor	 Provider: aws_ec2
[INFO] 2025-04-22T16:16:14.246Z REPORT RequestId: uuid_3ce2acad_4e90_4f09_a584_5732529095df	 Duration: 136.38170005287975 ms	 Billed Duration: 137 ms	 Memory Size: MB	 Max Memory Used: MB	 Init Duration: ms	

[INFO] 2025-04-22T16:16:14.246Z START RequestId: uuid_26ffedca_d079_4011_8d59_d25322c720e7	 Activity: tree_constructor	 Provider: aws_ec2
[INFO] 2025-04-22T16:16:14.246Z FILE_TRANSFER RequestId: uuid_26ffedca_d079_4011_8d59_d25322c720e7	 TransferType: consumed	 Action: download_from_s3	 FileName: ORTHOMCL667	 Bucket: denethor	 FilePath: data/full_dataset/ORTHOMCL667	 FilePathLocal: resources/data/full_dataset	 FileSize: 3431 bytes	 TransferDuration: 0 ms
[INFO] 2025-04-22T16:16:14.246Z CONSUMED_FILES_INFO RequestId: uuid_26ffedca_d079_4011_8d59_d25322c720e7	 FilesCount: 1 files	 FilesSize: 3431 bytes	 TransferDuration: 0 ms	 ConsumedFiles: ['ORTHOMCL667']
[INFO] 2025-04-22T16:16:14.295Z TREE_CONSTRUCTOR RequestId: uuid_26ffedca_d079_4011_8d59_d25322c720e7	 Duration: 49.22251193784177 ms	 InputFile:ORTHOMCL667	 OutputFile:['tree_ORTHOMCL667.nexus']
[INFO] 2025-04-22T16:16:14.396Z FILE_TRANSFER RequestId: uuid_26ffedca_d079_4011_8d59_d25322c720e7	 TransferType: produced	 Action: upload_to_s3	 FileName: tree_ORTHOMCL667.nexus	 Bucket: denethor	 FilePath: tree/tree_ORTHOMCL667.nexus	 FilePathLocal: .tmp/tree/tree_ORTHOMCL667.nexus	 FileSize: 459 bytes	 TransferDuration: 0 ms
[INFO] 2025-04-22T16:16:14.396Z PRODUCED_FILES_INFO RequestId: uuid_26ffedca_d079_4011_8d59_d25322c720e7	 FilesCount: 1 files	 FilesSize: 459 bytes	 TransferDuration: 0 ms	 Provider: aws_ec2	 ProducedFiles: ['tree_ORTHOMCL667.nexus']
[INFO] 2025-04-22T16:16:14.396Z END RequestId: uuid_26ffedca_d079_4011_8d59_d25322c720e7	 Activity: tree_constructor	 Provider: aws_ec2
[INFO] 2025-04-22T16:16:14.396Z REPORT RequestId: uuid_26ffedca_d079_4011_8d59_d25322c720e7	 Duration: 149.85117898322642 ms	 Billed Duration: 150 ms	 Memory Size: MB	 Max Memory Used: MB	 Init Duration: ms	

[INFO] 2025-04-22T16:16:14.396Z START RequestId: uuid_f84c6e01_4cbd_4436_bcc8_ec601fb980df	 Activity: tree_constructor	 Provider: aws_ec2
[INFO] 2025-04-22T16:16:14.396Z FILE_TRANSFER RequestId: uuid_f84c6e01_4cbd_4436_bcc8_ec601fb980df	 TransferType: consumed	 Action: download_from_s3	 FileName: ORTHOMCL726	 Bucket: denethor	 FilePath: data/full_dataset/ORTHOMCL726	 FilePathLocal: resources/data/full_dataset	 FileSize: 3289 bytes	 TransferDuration: 0 ms
[INFO] 2025-04-22T16:16:14.396Z CONSUMED_FILES_INFO RequestId: uuid_f84c6e01_4cbd_4436_bcc8_ec601fb980df	 FilesCount: 1 files	 FilesSize: 3289 bytes	 TransferDuration: 0 ms	 ConsumedFiles: ['ORTHOMCL726']
[INFO] 2025-04-22T16:16:14.422Z TREE_CONSTRUCTOR RequestId: uuid_f84c6e01_4cbd_4436_bcc8_ec601fb980df	 Duration: 25.82653402350843 ms	 InputFile:ORTHOMCL726	 OutputFile:['tree_ORTHOMCL726.nexus']
[INFO] 2025-04-22T16:16:14.522Z FILE_TRANSFER RequestId: uuid_f84c6e01_4cbd_4436_bcc8_ec601fb980df	 TransferType: produced	 Action: upload_to_s3	 FileName: tree_ORTHOMCL726.nexus	 Bucket: denethor	 FilePath: tree/tree_ORTHOMCL726.nexus	 FilePathLocal: .tmp/tree/tree_ORTHOMCL726.nexus	 FileSize: 415 bytes	 TransferDuration: 0 ms
[INFO] 2025-04-22T16:16:14.523Z PRODUCED_FILES_INFO RequestId: uuid_f84c6e01_4cbd_4436_bcc8_ec601fb980df	 FilesCount: 1 files	 FilesSize: 415 bytes	 TransferDuration: 0 ms	 Provider: aws_ec2	 ProducedFiles: ['tree_ORTHOMCL726.nexus']
[INFO] 2025-04-22T16:16:14.523Z END RequestId: uuid_f84c6e01_4cbd_4436_bcc8_ec601fb980df	 Activity: tree_constructor	 Provider: aws_ec2
[INFO] 2025-04-22T16:16:14.523Z REPORT RequestId: uuid_f84c6e01_4cbd_4436_bcc8_ec601fb980df	 Duration: 126.63113896269351 ms	 Billed Duration: 127 ms	 Memory Size: MB	 Max Memory Used: MB	 Init Duration: ms	

[INFO] 2025-04-22T16:16:14.523Z START RequestId: uuid_7002eb6e_0001_4509_81fe_7f13fba067c8	 Activity: tree_constructor	 Provider: aws_ec2
[INFO] 2025-04-22T16:16:14.523Z FILE_TRANSFER RequestId: uuid_7002eb6e_0001_4509_81fe_7f13fba067c8	 TransferType: consumed	 Action: download_from_s3	 FileName: ORTHOMCL758	 Bucket: denethor	 FilePath: data/full_dataset/ORTHOMCL758	 FilePathLocal: resources/data/full_dataset	 FileSize: 4080 bytes	 TransferDuration: 0 ms
[INFO] 2025-04-22T16:16:14.523Z CONSUMED_FILES_INFO RequestId: uuid_7002eb6e_0001_4509_81fe_7f13fba067c8	 FilesCount: 1 files	 FilesSize: 4080 bytes	 TransferDuration: 0 ms	 ConsumedFiles: ['ORTHOMCL758']
[INFO] 2025-04-22T16:16:14.570Z TREE_CONSTRUCTOR RequestId: uuid_7002eb6e_0001_4509_81fe_7f13fba067c8	 Duration: 46.766885090619326 ms	 InputFile:ORTHOMCL758	 OutputFile:['tree_ORTHOMCL758.nexus']
[INFO] 2025-04-22T16:16:14.670Z FILE_TRANSFER RequestId: uuid_7002eb6e_0001_4509_81fe_7f13fba067c8	 TransferType: produced	 Action: upload_to_s3	 FileName: tree_ORTHOMCL758.nexus	 Bucket: denethor	 FilePath: tree/tree_ORTHOMCL758.nexus	 FilePathLocal: .tmp/tree/tree_ORTHOMCL758.nexus	 FileSize: 407 bytes	 TransferDuration: 0 ms
[INFO] 2025-04-22T16:16:14.670Z PRODUCED_FILES_INFO RequestId: uuid_7002eb6e_0001_4509_81fe_7f13fba067c8	 FilesCount: 1 files	 FilesSize: 407 bytes	 TransferDuration: 0 ms	 Provider: aws_ec2	 ProducedFiles: ['tree_ORTHOMCL758.nexus']
[INFO] 2025-04-22T16:16:14.670Z END RequestId: uuid_7002eb6e_0001_4509_81fe_7f13fba067c8	 Activity: tree_constructor	 Provider: aws_ec2
[INFO] 2025-04-22T16:16:14.670Z REPORT RequestId: uuid_7002eb6e_0001_4509_81fe_7f13fba067c8	 Duration: 147.4513050634414 ms	 Billed Duration: 148 ms	 Memory Size: MB	 Max Memory Used: MB	 Init Duration: ms	

[INFO] 2025-04-22T16:16:14.670Z START RequestId: uuid_906a5253_2f1a_4c9e_8ec9_81bc5b83b8bd	 Activity: tree_constructor	 Provider: aws_ec2
[INFO] 2025-04-22T16:16:14.670Z FILE_TRANSFER RequestId: uuid_906a5253_2f1a_4c9e_8ec9_81bc5b83b8bd	 TransferType: consumed	 Action: download_from_s3	 FileName: ORTHOMCL790	 Bucket: denethor	 FilePath: data/full_dataset/ORTHOMCL790	 FilePathLocal: resources/data/full_dataset	 FileSize: 4082 bytes	 TransferDuration: 0 ms
[INFO] 2025-04-22T16:16:14.670Z CONSUMED_FILES_INFO RequestId: uuid_906a5253_2f1a_4c9e_8ec9_81bc5b83b8bd	 FilesCount: 1 files	 FilesSize: 4082 bytes	 TransferDuration: 0 ms	 ConsumedFiles: ['ORTHOMCL790']
[INFO] 2025-04-22T16:16:14.696Z TREE_CONSTRUCTOR RequestId: uuid_906a5253_2f1a_4c9e_8ec9_81bc5b83b8bd	 Duration: 25.106903980486095 ms	 InputFile:ORTHOMCL790	 OutputFile:['tree_ORTHOMCL790.nexus']
[INFO] 2025-04-22T16:16:14.796Z FILE_TRANSFER RequestId: uuid_906a5253_2f1a_4c9e_8ec9_81bc5b83b8bd	 TransferType: produced	 Action: upload_to_s3	 FileName: tree_ORTHOMCL790.nexus	 Bucket: denethor	 FilePath: tree/tree_ORTHOMCL790.nexus	 FilePathLocal: .tmp/tree/tree_ORTHOMCL790.nexus	 FileSize: 405 bytes	 TransferDuration: 0 ms
[INFO] 2025-04-22T16:16:14.796Z PRODUCED_FILES_INFO RequestId: uuid_906a5253_2f1a_4c9e_8ec9_81bc5b83b8bd	 FilesCount: 1 files	 FilesSize: 405 bytes	 TransferDuration: 0 ms	 Provider: aws_ec2	 ProducedFiles: ['tree_ORTHOMCL790.nexus']
[INFO] 2025-04-22T16:16:14.796Z END RequestId: uuid_906a5253_2f1a_4c9e_8ec9_81bc5b83b8bd	 Activity: tree_constructor	 Provider: aws_ec2
[INFO] 2025-04-22T16:16:14.796Z REPORT RequestId: uuid_906a5253_2f1a_4c9e_8ec9_81bc5b83b8bd	 Duration: 125.64991996623576 ms	 Billed Duration: 126 ms	 Memory Size: MB	 Max Memory Used: MB	 Init Duration: ms	

[INFO] 2025-04-22T16:16:14.796Z START RequestId: uuid_e7b33483_8c12_4414_b30c_2eb34cafdb28	 Activity: tree_constructor	 Provider: aws_ec2
[INFO] 2025-04-22T16:16:14.796Z FILE_TRANSFER RequestId: uuid_e7b33483_8c12_4414_b30c_2eb34cafdb28	 TransferType: consumed	 Action: download_from_s3	 FileName: ORTHOMCL877	 Bucket: denethor	 FilePath: data/full_dataset/ORTHOMCL877	 FilePathLocal: resources/data/full_dataset	 FileSize: 4044 bytes	 TransferDuration: 0 ms
[INFO] 2025-04-22T16:16:14.796Z CONSUMED_FILES_INFO RequestId: uuid_e7b33483_8c12_4414_b30c_2eb34cafdb28	 FilesCount: 1 files	 FilesSize: 4044 bytes	 TransferDuration: 0 ms	 ConsumedFiles: ['ORTHOMCL877']
[INFO] 2025-04-22T16:16:14.834Z TREE_CONSTRUCTOR RequestId: uuid_e7b33483_8c12_4414_b30c_2eb34cafdb28	 Duration: 37.44106600061059 ms	 InputFile:ORTHOMCL877	 OutputFile:['tree_ORTHOMCL877.nexus']
[INFO] 2025-04-22T16:16:14.934Z FILE_TRANSFER RequestId: uuid_e7b33483_8c12_4414_b30c_2eb34cafdb28	 TransferType: produced	 Action: upload_to_s3	 FileName: tree_ORTHOMCL877.nexus	 Bucket: denethor	 FilePath: tree/tree_ORTHOMCL877.nexus	 FilePathLocal: .tmp/tree/tree_ORTHOMCL877.nexus	 FileSize: 405 bytes	 TransferDuration: 0 ms
[INFO] 2025-04-22T16:16:14.934Z PRODUCED_FILES_INFO RequestId: uuid_e7b33483_8c12_4414_b30c_2eb34cafdb28	 FilesCount: 1 files	 FilesSize: 405 bytes	 TransferDuration: 0 ms	 Provider: aws_ec2	 ProducedFiles: ['tree_ORTHOMCL877.nexus']
[INFO] 2025-04-22T16:16:14.934Z END RequestId: uuid_e7b33483_8c12_4414_b30c_2eb34cafdb28	 Activity: tree_constructor	 Provider: aws_ec2
[INFO] 2025-04-22T16:16:14.934Z REPORT RequestId: uuid_e7b33483_8c12_4414_b30c_2eb34cafdb28	 Duration: 137.98525894526392 ms	 Billed Duration: 138 ms	 Memory Size: MB	 Max Memory Used: MB	 Init Duration: ms	

[INFO] 2025-04-22T16:16:14.934Z START RequestId: uuid_63101d0b_f447_4d30_89a9_1c6dde940fba	 Activity: tree_constructor	 Provider: aws_ec2
[INFO] 2025-04-22T16:16:14.934Z FILE_TRANSFER RequestId: uuid_63101d0b_f447_4d30_89a9_1c6dde940fba	 TransferType: consumed	 Action: download_from_s3	 FileName: ORTHOMCL884	 Bucket: denethor	 FilePath: data/full_dataset/ORTHOMCL884	 FilePathLocal: resources/data/full_dataset	 FileSize: 4064 bytes	 TransferDuration: 0 ms
[INFO] 2025-04-22T16:16:14.934Z CONSUMED_FILES_INFO RequestId: uuid_63101d0b_f447_4d30_89a9_1c6dde940fba	 FilesCount: 1 files	 FilesSize: 4064 bytes	 TransferDuration: 0 ms	 ConsumedFiles: ['ORTHOMCL884']
[INFO] 2025-04-22T16:16:14.953Z TREE_CONSTRUCTOR RequestId: uuid_63101d0b_f447_4d30_89a9_1c6dde940fba	 Duration: 18.61845701932907 ms	 InputFile:ORTHOMCL884	 OutputFile:['tree_ORTHOMCL884.nexus']
[INFO] 2025-04-22T16:16:15.054Z FILE_TRANSFER RequestId: uuid_63101d0b_f447_4d30_89a9_1c6dde940fba	 TransferType: produced	 Action: upload_to_s3	 FileName: tree_ORTHOMCL884.nexus	 Bucket: denethor	 FilePath: tree/tree_ORTHOMCL884.nexus	 FilePathLocal: .tmp/tree/tree_ORTHOMCL884.nexus	 FileSize: 403 bytes	 TransferDuration: 0 ms
[INFO] 2025-04-22T16:16:15.054Z PRODUCED_FILES_INFO RequestId: uuid_63101d0b_f447_4d30_89a9_1c6dde940fba	 FilesCount: 1 files	 FilesSize: 403 bytes	 TransferDuration: 0 ms	 Provider: aws_ec2	 ProducedFiles: ['tree_ORTHOMCL884.nexus']
[INFO] 2025-04-22T16:16:15.054Z END RequestId: uuid_63101d0b_f447_4d30_89a9_1c6dde940fba	 Activity: tree_constructor	 Provider: aws_ec2
[INFO] 2025-04-22T16:16:15.054Z REPORT RequestId: uuid_63101d0b_f447_4d30_89a9_1c6dde940fba	 Duration: 119.56440005451441 ms	 Billed Duration: 120 ms	 Memory Size: MB	 Max Memory Used: MB	 Init Duration: ms	

[INFO] 2025-04-22T16:16:15.054Z START RequestId: uuid_9649eae1_15a9_4736_986d_991e99dc9cb9	 Activity: tree_constructor	 Provider: aws_ec2
[INFO] 2025-04-22T16:16:15.054Z FILE_TRANSFER RequestId: uuid_9649eae1_15a9_4736_986d_991e99dc9cb9	 TransferType: consumed	 Action: download_from_s3	 FileName: ORTHOMCL974	 Bucket: denethor	 FilePath: data/full_dataset/ORTHOMCL974	 FilePathLocal: resources/data/full_dataset	 FileSize: 4780 bytes	 TransferDuration: 0 ms
[INFO] 2025-04-22T16:16:15.054Z CONSUMED_FILES_INFO RequestId: uuid_9649eae1_15a9_4736_986d_991e99dc9cb9	 FilesCount: 1 files	 FilesSize: 4780 bytes	 TransferDuration: 0 ms	 ConsumedFiles: ['ORTHOMCL974']
[INFO] 2025-04-22T16:16:15.107Z TREE_CONSTRUCTOR RequestId: uuid_9649eae1_15a9_4736_986d_991e99dc9cb9	 Duration: 53.222635993734 ms	 InputFile:ORTHOMCL974	 OutputFile:['tree_ORTHOMCL974.nexus']
[INFO] 2025-04-22T16:16:15.207Z FILE_TRANSFER RequestId: uuid_9649eae1_15a9_4736_986d_991e99dc9cb9	 TransferType: produced	 Action: upload_to_s3	 FileName: tree_ORTHOMCL974.nexus	 Bucket: denethor	 FilePath: tree/tree_ORTHOMCL974.nexus	 FilePathLocal: .tmp/tree/tree_ORTHOMCL974.nexus	 FileSize: 407 bytes	 TransferDuration: 0 ms
[INFO] 2025-04-22T16:16:15.208Z PRODUCED_FILES_INFO RequestId: uuid_9649eae1_15a9_4736_986d_991e99dc9cb9	 FilesCount: 1 files	 FilesSize: 407 bytes	 TransferDuration: 0 ms	 Provider: aws_ec2	 ProducedFiles: ['tree_ORTHOMCL974.nexus']
[INFO] 2025-04-22T16:16:15.208Z END RequestId: uuid_9649eae1_15a9_4736_986d_991e99dc9cb9	 Activity: tree_constructor	 Provider: aws_ec2
[INFO] 2025-04-22T16:16:15.208Z REPORT RequestId: uuid_9649eae1_15a9_4736_986d_991e99dc9cb9	 Duration: 153.7947750184685 ms	 Billed Duration: 154 ms	 Memory Size: MB	 Max Memory Used: MB	 Init Duration: ms	

[INFO] 2025-04-22T16:16:15.208Z START RequestId: uuid_eced7dbd_accb_4975_aae6_b5623a0adf3c	 Activity: tree_constructor	 Provider: aws_ec2
[INFO] 2025-04-22T16:16:15.208Z FILE_TRANSFER RequestId: uuid_eced7dbd_accb_4975_aae6_b5623a0adf3c	 TransferType: consumed	 Action: download_from_s3	 FileName: ORTHOMCL983	 Bucket: denethor	 FilePath: data/full_dataset/ORTHOMCL983	 FilePathLocal: resources/data/full_dataset	 FileSize: 3800 bytes	 TransferDuration: 0 ms
[INFO] 2025-04-22T16:16:15.208Z CONSUMED_FILES_INFO RequestId: uuid_eced7dbd_accb_4975_aae6_b5623a0adf3c	 FilesCount: 1 files	 FilesSize: 3800 bytes	 TransferDuration: 0 ms	 ConsumedFiles: ['ORTHOMCL983']
[INFO] 2025-04-22T16:16:15.227Z TREE_CONSTRUCTOR RequestId: uuid_eced7dbd_accb_4975_aae6_b5623a0adf3c	 Duration: 18.710404983721673 ms	 InputFile:ORTHOMCL983	 OutputFile:['tree_ORTHOMCL983.nexus']
[INFO] 2025-04-22T16:16:15.327Z FILE_TRANSFER RequestId: uuid_eced7dbd_accb_4975_aae6_b5623a0adf3c	 TransferType: produced	 Action: upload_to_s3	 FileName: tree_ORTHOMCL983.nexus	 Bucket: denethor	 FilePath: tree/tree_ORTHOMCL983.nexus	 FilePathLocal: .tmp/tree/tree_ORTHOMCL983.nexus	 FileSize: 397 bytes	 TransferDuration: 0 ms
[INFO] 2025-04-22T16:16:15.327Z PRODUCED_FILES_INFO RequestId: uuid_eced7dbd_accb_4975_aae6_b5623a0adf3c	 FilesCount: 1 files	 FilesSize: 397 bytes	 TransferDuration: 0 ms	 Provider: aws_ec2	 ProducedFiles: ['tree_ORTHOMCL983.nexus']
[INFO] 2025-04-22T16:16:15.327Z END RequestId: uuid_eced7dbd_accb_4975_aae6_b5623a0adf3c	 Activity: tree_constructor	 Provider: aws_ec2
[INFO] 2025-04-22T16:16:15.327Z REPORT RequestId: uuid_eced7dbd_accb_4975_aae6_b5623a0adf3c	 Duration: 119.35047095175833 ms	 Billed Duration: 120 ms	 Memory Size: MB	 Max Memory Used: MB	 Init Duration: ms	

[INFO] 2025-04-22T16:16:15.327Z START RequestId: uuid_144052b7_56a6_4fcb_9cbc_3a3d7e3f0fca	 Activity: tree_constructor	 Provider: aws_ec2
[INFO] 2025-04-22T16:16:15.327Z FILE_TRANSFER RequestId: uuid_144052b7_56a6_4fcb_9cbc_3a3d7e3f0fca	 TransferType: consumed	 Action: download_from_s3	 FileName: ORTHOMCL989	 Bucket: denethor	 FilePath: data/full_dataset/ORTHOMCL989	 FilePathLocal: resources/data/full_dataset	 FileSize: 3884 bytes	 TransferDuration: 0 ms
[INFO] 2025-04-22T16:16:15.327Z CONSUMED_FILES_INFO RequestId: uuid_144052b7_56a6_4fcb_9cbc_3a3d7e3f0fca	 FilesCount: 1 files	 FilesSize: 3884 bytes	 TransferDuration: 0 ms	 ConsumedFiles: ['ORTHOMCL989']
[INFO] 2025-04-22T16:16:15.364Z TREE_CONSTRUCTOR RequestId: uuid_144052b7_56a6_4fcb_9cbc_3a3d7e3f0fca	 Duration: 36.336884018965065 ms	 InputFile:ORTHOMCL989	 OutputFile:['tree_ORTHOMCL989.nexus']
[INFO] 2025-04-22T16:16:15.464Z FILE_TRANSFER RequestId: uuid_144052b7_56a6_4fcb_9cbc_3a3d7e3f0fca	 TransferType: produced	 Action: upload_to_s3	 FileName: tree_ORTHOMCL989.nexus	 Bucket: denethor	 FilePath: tree/tree_ORTHOMCL989.nexus	 FilePathLocal: .tmp/tree/tree_ORTHOMCL989.nexus	 FileSize: 407 bytes	 TransferDuration: 0 ms
[INFO] 2025-04-22T16:16:15.464Z PRODUCED_FILES_INFO RequestId: uuid_144052b7_56a6_4fcb_9cbc_3a3d7e3f0fca	 FilesCount: 1 files	 FilesSize: 407 bytes	 TransferDuration: 0 ms	 Provider: aws_ec2	 ProducedFiles: ['tree_ORTHOMCL989.nexus']
[INFO] 2025-04-22T16:16:15.464Z END RequestId: uuid_144052b7_56a6_4fcb_9cbc_3a3d7e3f0fca	 Activity: tree_constructor	 Provider: aws_ec2
[INFO] 2025-04-22T16:16:15.464Z REPORT RequestId: uuid_144052b7_56a6_4fcb_9cbc_3a3d7e3f0fca	 Duration: 136.95536099839956 ms	 Billed Duration: 137 ms	 Memory Size: MB	 Max Memory Used: MB	 Init Duration: ms	

[INFO] 2025-04-22T16:16:15.464Z START RequestId: uuid_2106d318_2530_4aff_aedb_efe1f068e00b	 Activity: tree_constructor	 Provider: aws_ec2
[INFO] 2025-04-22T16:16:15.464Z FILE_TRANSFER RequestId: uuid_2106d318_2530_4aff_aedb_efe1f068e00b	 TransferType: consumed	 Action: download_from_s3	 FileName: ORTHOMCL1005	 Bucket: denethor	 FilePath: data/full_dataset/ORTHOMCL1005	 FilePathLocal: resources/data/full_dataset	 FileSize: 4744 bytes	 TransferDuration: 0 ms
[INFO] 2025-04-22T16:16:15.464Z CONSUMED_FILES_INFO RequestId: uuid_2106d318_2530_4aff_aedb_efe1f068e00b	 FilesCount: 1 files	 FilesSize: 4744 bytes	 TransferDuration: 0 ms	 ConsumedFiles: ['ORTHOMCL1005']
[INFO] 2025-04-22T16:16:15.525Z TREE_CONSTRUCTOR RequestId: uuid_2106d318_2530_4aff_aedb_efe1f068e00b	 Duration: 60.25915301870555 ms	 InputFile:ORTHOMCL1005	 OutputFile:['tree_ORTHOMCL1005.nexus']
[INFO] 2025-04-22T16:16:15.625Z FILE_TRANSFER RequestId: uuid_2106d318_2530_4aff_aedb_efe1f068e00b	 TransferType: produced	 Action: upload_to_s3	 FileName: tree_ORTHOMCL1005.nexus	 Bucket: denethor	 FilePath: tree/tree_ORTHOMCL1005.nexus	 FilePathLocal: .tmp/tree/tree_ORTHOMCL1005.nexus	 FileSize: 405 bytes	 TransferDuration: 0 ms
[INFO] 2025-04-22T16:16:15.625Z PRODUCED_FILES_INFO RequestId: uuid_2106d318_2530_4aff_aedb_efe1f068e00b	 FilesCount: 1 files	 FilesSize: 405 bytes	 TransferDuration: 0 ms	 Provider: aws_ec2	 ProducedFiles: ['tree_ORTHOMCL1005.nexus']
[INFO] 2025-04-22T16:16:15.625Z END RequestId: uuid_2106d318_2530_4aff_aedb_efe1f068e00b	 Activity: tree_constructor	 Provider: aws_ec2
[INFO] 2025-04-22T16:16:15.625Z REPORT RequestId: uuid_2106d318_2530_4aff_aedb_efe1f068e00b	 Duration: 160.85985291283578 ms	 Billed Duration: 161 ms	 Memory Size: MB	 Max Memory Used: MB	 Init Duration: ms	

[INFO] 2025-04-22T16:16:15.625Z START RequestId: uuid_6e05cdc5_331d_4f86_953f_f9ef36290ba3	 Activity: tree_constructor	 Provider: aws_ec2
[INFO] 2025-04-22T16:16:15.625Z FILE_TRANSFER RequestId: uuid_6e05cdc5_331d_4f86_953f_f9ef36290ba3	 TransferType: consumed	 Action: download_from_s3	 FileName: ORTHOMCL1007	 Bucket: denethor	 FilePath: data/full_dataset/ORTHOMCL1007	 FilePathLocal: resources/data/full_dataset	 FileSize: 2765 bytes	 TransferDuration: 0 ms
[INFO] 2025-04-22T16:16:15.625Z CONSUMED_FILES_INFO RequestId: uuid_6e05cdc5_331d_4f86_953f_f9ef36290ba3	 FilesCount: 1 files	 FilesSize: 2765 bytes	 TransferDuration: 0 ms	 ConsumedFiles: ['ORTHOMCL1007']
[INFO] 2025-04-22T16:16:15.642Z TREE_CONSTRUCTOR RequestId: uuid_6e05cdc5_331d_4f86_953f_f9ef36290ba3	 Duration: 16.395370941609144 ms	 InputFile:ORTHOMCL1007	 OutputFile:['tree_ORTHOMCL1007.nexus']
[INFO] 2025-04-22T16:16:15.742Z FILE_TRANSFER RequestId: uuid_6e05cdc5_331d_4f86_953f_f9ef36290ba3	 TransferType: produced	 Action: upload_to_s3	 FileName: tree_ORTHOMCL1007.nexus	 Bucket: denethor	 FilePath: tree/tree_ORTHOMCL1007.nexus	 FilePathLocal: .tmp/tree/tree_ORTHOMCL1007.nexus	 FileSize: 407 bytes	 TransferDuration: 0 ms
[INFO] 2025-04-22T16:16:15.742Z PRODUCED_FILES_INFO RequestId: uuid_6e05cdc5_331d_4f86_953f_f9ef36290ba3	 FilesCount: 1 files	 FilesSize: 407 bytes	 TransferDuration: 0 ms	 Provider: aws_ec2	 ProducedFiles: ['tree_ORTHOMCL1007.nexus']
[INFO] 2025-04-22T16:16:15.742Z END RequestId: uuid_6e05cdc5_331d_4f86_953f_f9ef36290ba3	 Activity: tree_constructor	 Provider: aws_ec2
[INFO] 2025-04-22T16:16:15.742Z REPORT RequestId: uuid_6e05cdc5_331d_4f86_953f_f9ef36290ba3	 Duration: 116.94055597763509 ms	 Billed Duration: 117 ms	 Memory Size: MB	 Max Memory Used: MB	 Init Duration: ms	

[INFO] 2025-04-22T16:16:15.742Z START RequestId: uuid_51991138_22e4_45b7_9f5c_f597f8fac796	 Activity: tree_constructor	 Provider: aws_ec2
[INFO] 2025-04-22T16:16:15.742Z FILE_TRANSFER RequestId: uuid_51991138_22e4_45b7_9f5c_f597f8fac796	 TransferType: consumed	 Action: download_from_s3	 FileName: ORTHOMCL1008	 Bucket: denethor	 FilePath: data/full_dataset/ORTHOMCL1008	 FilePathLocal: resources/data/full_dataset	 FileSize: 3381 bytes	 TransferDuration: 0 ms
[INFO] 2025-04-22T16:16:15.742Z CONSUMED_FILES_INFO RequestId: uuid_51991138_22e4_45b7_9f5c_f597f8fac796	 FilesCount: 1 files	 FilesSize: 3381 bytes	 TransferDuration: 0 ms	 ConsumedFiles: ['ORTHOMCL1008']
[INFO] 2025-04-22T16:16:15.779Z TREE_CONSTRUCTOR RequestId: uuid_51991138_22e4_45b7_9f5c_f597f8fac796	 Duration: 36.798340966925025 ms	 InputFile:ORTHOMCL1008	 OutputFile:['tree_ORTHOMCL1008.nexus']
[INFO] 2025-04-22T16:16:15.879Z FILE_TRANSFER RequestId: uuid_51991138_22e4_45b7_9f5c_f597f8fac796	 TransferType: produced	 Action: upload_to_s3	 FileName: tree_ORTHOMCL1008.nexus	 Bucket: denethor	 FilePath: tree/tree_ORTHOMCL1008.nexus	 FilePathLocal: .tmp/tree/tree_ORTHOMCL1008.nexus	 FileSize: 399 bytes	 TransferDuration: 0 ms
[INFO] 2025-04-22T16:16:15.880Z PRODUCED_FILES_INFO RequestId: uuid_51991138_22e4_45b7_9f5c_f597f8fac796	 FilesCount: 1 files	 FilesSize: 399 bytes	 TransferDuration: 0 ms	 Provider: aws_ec2	 ProducedFiles: ['tree_ORTHOMCL1008.nexus']
[INFO] 2025-04-22T16:16:15.880Z END RequestId: uuid_51991138_22e4_45b7_9f5c_f597f8fac796	 Activity: tree_constructor	 Provider: aws_ec2
[INFO] 2025-04-22T16:16:15.880Z REPORT RequestId: uuid_51991138_22e4_45b7_9f5c_f597f8fac796	 Duration: 137.33997801318765 ms	 Billed Duration: 138 ms	 Memory Size: MB	 Max Memory Used: MB	 Init Duration: ms	

[INFO] 2025-04-22T16:16:15.880Z START RequestId: uuid_cd184481_ad93_4305_89ce_87ecdb432939	 Activity: tree_constructor	 Provider: aws_ec2
[INFO] 2025-04-22T16:16:15.880Z FILE_TRANSFER RequestId: uuid_cd184481_ad93_4305_89ce_87ecdb432939	 TransferType: consumed	 Action: download_from_s3	 FileName: ORTHOMCL1021	 Bucket: denethor	 FilePath: data/full_dataset/ORTHOMCL1021	 FilePathLocal: resources/data/full_dataset	 FileSize: 2542 bytes	 TransferDuration: 0 ms
[INFO] 2025-04-22T16:16:15.880Z CONSUMED_FILES_INFO RequestId: uuid_cd184481_ad93_4305_89ce_87ecdb432939	 FilesCount: 1 files	 FilesSize: 2542 bytes	 TransferDuration: 0 ms	 ConsumedFiles: ['ORTHOMCL1021']
[INFO] 2025-04-22T16:16:15.894Z TREE_CONSTRUCTOR RequestId: uuid_cd184481_ad93_4305_89ce_87ecdb432939	 Duration: 14.429115923121572 ms	 InputFile:ORTHOMCL1021	 OutputFile:['tree_ORTHOMCL1021.nexus']
[INFO] 2025-04-22T16:16:15.995Z FILE_TRANSFER RequestId: uuid_cd184481_ad93_4305_89ce_87ecdb432939	 TransferType: produced	 Action: upload_to_s3	 FileName: tree_ORTHOMCL1021.nexus	 Bucket: denethor	 FilePath: tree/tree_ORTHOMCL1021.nexus	 FilePathLocal: .tmp/tree/tree_ORTHOMCL1021.nexus	 FileSize: 403 bytes	 TransferDuration: 0 ms
[INFO] 2025-04-22T16:16:15.995Z PRODUCED_FILES_INFO RequestId: uuid_cd184481_ad93_4305_89ce_87ecdb432939	 FilesCount: 1 files	 FilesSize: 403 bytes	 TransferDuration: 0 ms	 Provider: aws_ec2	 ProducedFiles: ['tree_ORTHOMCL1021.nexus']
[INFO] 2025-04-22T16:16:15.995Z END RequestId: uuid_cd184481_ad93_4305_89ce_87ecdb432939	 Activity: tree_constructor	 Provider: aws_ec2
[INFO] 2025-04-22T16:16:15.995Z REPORT RequestId: uuid_cd184481_ad93_4305_89ce_87ecdb432939	 Duration: 115.05669599864632 ms	 Billed Duration: 116 ms	 Memory Size: MB	 Max Memory Used: MB	 Init Duration: ms	

[INFO] 2025-04-22T16:16:15.995Z START RequestId: uuid_49db6b6f_5f6d_4f9e_9643_8c719f52a2fd	 Activity: tree_constructor	 Provider: aws_ec2
[INFO] 2025-04-22T16:16:15.995Z FILE_TRANSFER RequestId: uuid_49db6b6f_5f6d_4f9e_9643_8c719f52a2fd	 TransferType: consumed	 Action: download_from_s3	 FileName: ORTHOMCL1027	 Bucket: denethor	 FilePath: data/full_dataset/ORTHOMCL1027	 FilePathLocal: resources/data/full_dataset	 FileSize: 4364 bytes	 TransferDuration: 0 ms
[INFO] 2025-04-22T16:16:15.995Z CONSUMED_FILES_INFO RequestId: uuid_49db6b6f_5f6d_4f9e_9643_8c719f52a2fd	 FilesCount: 1 files	 FilesSize: 4364 bytes	 TransferDuration: 0 ms	 ConsumedFiles: ['ORTHOMCL1027']
[INFO] 2025-04-22T16:16:16.052Z TREE_CONSTRUCTOR RequestId: uuid_49db6b6f_5f6d_4f9e_9643_8c719f52a2fd	 Duration: 57.11072206031531 ms	 InputFile:ORTHOMCL1027	 OutputFile:['tree_ORTHOMCL1027.nexus']
[INFO] 2025-04-22T16:16:16.153Z FILE_TRANSFER RequestId: uuid_49db6b6f_5f6d_4f9e_9643_8c719f52a2fd	 TransferType: produced	 Action: upload_to_s3	 FileName: tree_ORTHOMCL1027.nexus	 Bucket: denethor	 FilePath: tree/tree_ORTHOMCL1027.nexus	 FilePathLocal: .tmp/tree/tree_ORTHOMCL1027.nexus	 FileSize: 399 bytes	 TransferDuration: 0 ms
[INFO] 2025-04-22T16:16:16.153Z PRODUCED_FILES_INFO RequestId: uuid_49db6b6f_5f6d_4f9e_9643_8c719f52a2fd	 FilesCount: 1 files	 FilesSize: 399 bytes	 TransferDuration: 0 ms	 Provider: aws_ec2	 ProducedFiles: ['tree_ORTHOMCL1027.nexus']
[INFO] 2025-04-22T16:16:16.153Z END RequestId: uuid_49db6b6f_5f6d_4f9e_9643_8c719f52a2fd	 Activity: tree_constructor	 Provider: aws_ec2
[INFO] 2025-04-22T16:16:16.153Z REPORT RequestId: uuid_49db6b6f_5f6d_4f9e_9643_8c719f52a2fd	 Duration: 157.74356201291084 ms	 Billed Duration: 158 ms	 Memory Size: MB	 Max Memory Used: MB	 Init Duration: ms	

[INFO] 2025-04-22T16:16:16.153Z START RequestId: uuid_db81041a_cb99_46b0_b728_48942d5fa39e	 Activity: tree_constructor	 Provider: aws_ec2
[INFO] 2025-04-22T16:16:16.153Z FILE_TRANSFER RequestId: uuid_db81041a_cb99_46b0_b728_48942d5fa39e	 TransferType: consumed	 Action: download_from_s3	 FileName: ORTHOMCL1038	 Bucket: denethor	 FilePath: data/full_dataset/ORTHOMCL1038	 FilePathLocal: resources/data/full_dataset	 FileSize: 4552 bytes	 TransferDuration: 0 ms
[INFO] 2025-04-22T16:16:16.153Z CONSUMED_FILES_INFO RequestId: uuid_db81041a_cb99_46b0_b728_48942d5fa39e	 FilesCount: 1 files	 FilesSize: 4552 bytes	 TransferDuration: 0 ms	 ConsumedFiles: ['ORTHOMCL1038']
[INFO] 2025-04-22T16:16:16.201Z TREE_CONSTRUCTOR RequestId: uuid_db81041a_cb99_46b0_b728_48942d5fa39e	 Duration: 48.21298900060356 ms	 InputFile:ORTHOMCL1038	 OutputFile:['tree_ORTHOMCL1038.nexus']
[INFO] 2025-04-22T16:16:16.302Z FILE_TRANSFER RequestId: uuid_db81041a_cb99_46b0_b728_48942d5fa39e	 TransferType: produced	 Action: upload_to_s3	 FileName: tree_ORTHOMCL1038.nexus	 Bucket: denethor	 FilePath: tree/tree_ORTHOMCL1038.nexus	 FilePathLocal: .tmp/tree/tree_ORTHOMCL1038.nexus	 FileSize: 405 bytes	 TransferDuration: 0 ms
[INFO] 2025-04-22T16:16:16.302Z PRODUCED_FILES_INFO RequestId: uuid_db81041a_cb99_46b0_b728_48942d5fa39e	 FilesCount: 1 files	 FilesSize: 405 bytes	 TransferDuration: 0 ms	 Provider: aws_ec2	 ProducedFiles: ['tree_ORTHOMCL1038.nexus']
[INFO] 2025-04-22T16:16:16.302Z END RequestId: uuid_db81041a_cb99_46b0_b728_48942d5fa39e	 Activity: tree_constructor	 Provider: aws_ec2
[INFO] 2025-04-22T16:16:16.302Z REPORT RequestId: uuid_db81041a_cb99_46b0_b728_48942d5fa39e	 Duration: 148.98576703853905 ms	 Billed Duration: 149 ms	 Memory Size: MB	 Max Memory Used: MB	 Init Duration: ms	

[INFO] 2025-04-22T16:16:16.302Z START RequestId: uuid_55cd5e50_ce3a_4804_b82a_a7d4539256f7	 Activity: tree_constructor	 Provider: aws_ec2
[INFO] 2025-04-22T16:16:16.302Z FILE_TRANSFER RequestId: uuid_55cd5e50_ce3a_4804_b82a_a7d4539256f7	 TransferType: consumed	 Action: download_from_s3	 FileName: ORTHOMCL1043	 Bucket: denethor	 FilePath: data/full_dataset/ORTHOMCL1043	 FilePathLocal: resources/data/full_dataset	 FileSize: 3988 bytes	 TransferDuration: 0 ms
[INFO] 2025-04-22T16:16:16.302Z CONSUMED_FILES_INFO RequestId: uuid_55cd5e50_ce3a_4804_b82a_a7d4539256f7	 FilesCount: 1 files	 FilesSize: 3988 bytes	 TransferDuration: 0 ms	 ConsumedFiles: ['ORTHOMCL1043']
[INFO] 2025-04-22T16:16:16.352Z TREE_CONSTRUCTOR RequestId: uuid_55cd5e50_ce3a_4804_b82a_a7d4539256f7	 Duration: 50.086293020285666 ms	 InputFile:ORTHOMCL1043	 OutputFile:['tree_ORTHOMCL1043.nexus']
[INFO] 2025-04-22T16:16:16.453Z FILE_TRANSFER RequestId: uuid_55cd5e50_ce3a_4804_b82a_a7d4539256f7	 TransferType: produced	 Action: upload_to_s3	 FileName: tree_ORTHOMCL1043.nexus	 Bucket: denethor	 FilePath: tree/tree_ORTHOMCL1043.nexus	 FilePathLocal: .tmp/tree/tree_ORTHOMCL1043.nexus	 FileSize: 399 bytes	 TransferDuration: 0 ms
[INFO] 2025-04-22T16:16:16.453Z PRODUCED_FILES_INFO RequestId: uuid_55cd5e50_ce3a_4804_b82a_a7d4539256f7	 FilesCount: 1 files	 FilesSize: 399 bytes	 TransferDuration: 0 ms	 Provider: aws_ec2	 ProducedFiles: ['tree_ORTHOMCL1043.nexus']
[INFO] 2025-04-22T16:16:16.453Z END RequestId: uuid_55cd5e50_ce3a_4804_b82a_a7d4539256f7	 Activity: tree_constructor	 Provider: aws_ec2
[INFO] 2025-04-22T16:16:16.453Z REPORT RequestId: uuid_55cd5e50_ce3a_4804_b82a_a7d4539256f7	 Duration: 150.8248409954831 ms	 Billed Duration: 151 ms	 Memory Size: MB	 Max Memory Used: MB	 Init Duration: ms	

[INFO] 2025-04-22T16:16:16.453Z START RequestId: uuid_f57af0e4_39b0_4fc0_8f72_4438f7552048	 Activity: tree_constructor	 Provider: aws_ec2
[INFO] 2025-04-22T16:16:16.453Z FILE_TRANSFER RequestId: uuid_f57af0e4_39b0_4fc0_8f72_4438f7552048	 TransferType: consumed	 Action: download_from_s3	 FileName: ORTHOMCL1092	 Bucket: denethor	 FilePath: data/full_dataset/ORTHOMCL1092	 FilePathLocal: resources/data/full_dataset	 FileSize: 2906 bytes	 TransferDuration: 0 ms
[INFO] 2025-04-22T16:16:16.453Z CONSUMED_FILES_INFO RequestId: uuid_f57af0e4_39b0_4fc0_8f72_4438f7552048	 FilesCount: 1 files	 FilesSize: 2906 bytes	 TransferDuration: 0 ms	 ConsumedFiles: ['ORTHOMCL1092']
[INFO] 2025-04-22T16:16:16.467Z TREE_CONSTRUCTOR RequestId: uuid_f57af0e4_39b0_4fc0_8f72_4438f7552048	 Duration: 14.328327029943466 ms	 InputFile:ORTHOMCL1092	 OutputFile:['tree_ORTHOMCL1092.nexus']
[INFO] 2025-04-22T16:16:16.568Z FILE_TRANSFER RequestId: uuid_f57af0e4_39b0_4fc0_8f72_4438f7552048	 TransferType: produced	 Action: upload_to_s3	 FileName: tree_ORTHOMCL1092.nexus	 Bucket: denethor	 FilePath: tree/tree_ORTHOMCL1092.nexus	 FilePathLocal: .tmp/tree/tree_ORTHOMCL1092.nexus	 FileSize: 405 bytes	 TransferDuration: 0 ms
[INFO] 2025-04-22T16:16:16.568Z PRODUCED_FILES_INFO RequestId: uuid_f57af0e4_39b0_4fc0_8f72_4438f7552048	 FilesCount: 1 files	 FilesSize: 405 bytes	 TransferDuration: 0 ms	 Provider: aws_ec2	 ProducedFiles: ['tree_ORTHOMCL1092.nexus']
[INFO] 2025-04-22T16:16:16.568Z END RequestId: uuid_f57af0e4_39b0_4fc0_8f72_4438f7552048	 Activity: tree_constructor	 Provider: aws_ec2
[INFO] 2025-04-22T16:16:16.568Z REPORT RequestId: uuid_f57af0e4_39b0_4fc0_8f72_4438f7552048	 Duration: 114.84488402493298 ms	 Billed Duration: 115 ms	 Memory Size: MB	 Max Memory Used: MB	 Init Duration: ms	

[INFO] 2025-04-22T16:16:16.568Z START RequestId: uuid_f8578994_f12f_4952_b8ac_6af16c7b595c	 Activity: tree_constructor	 Provider: aws_ec2
[INFO] 2025-04-22T16:16:16.568Z FILE_TRANSFER RequestId: uuid_f8578994_f12f_4952_b8ac_6af16c7b595c	 TransferType: consumed	 Action: download_from_s3	 FileName: ORTHOMCL1113	 Bucket: denethor	 FilePath: data/full_dataset/ORTHOMCL1113	 FilePathLocal: resources/data/full_dataset	 FileSize: 3430 bytes	 TransferDuration: 0 ms
[INFO] 2025-04-22T16:16:16.568Z CONSUMED_FILES_INFO RequestId: uuid_f8578994_f12f_4952_b8ac_6af16c7b595c	 FilesCount: 1 files	 FilesSize: 3430 bytes	 TransferDuration: 0 ms	 ConsumedFiles: ['ORTHOMCL1113']
[INFO] 2025-04-22T16:16:16.585Z TREE_CONSTRUCTOR RequestId: uuid_f8578994_f12f_4952_b8ac_6af16c7b595c	 Duration: 16.85347594320774 ms	 InputFile:ORTHOMCL1113	 OutputFile:['tree_ORTHOMCL1113.nexus']
[INFO] 2025-04-22T16:16:16.685Z FILE_TRANSFER RequestId: uuid_f8578994_f12f_4952_b8ac_6af16c7b595c	 TransferType: produced	 Action: upload_to_s3	 FileName: tree_ORTHOMCL1113.nexus	 Bucket: denethor	 FilePath: tree/tree_ORTHOMCL1113.nexus	 FilePathLocal: .tmp/tree/tree_ORTHOMCL1113.nexus	 FileSize: 405 bytes	 TransferDuration: 0 ms
[INFO] 2025-04-22T16:16:16.685Z PRODUCED_FILES_INFO RequestId: uuid_f8578994_f12f_4952_b8ac_6af16c7b595c	 FilesCount: 1 files	 FilesSize: 405 bytes	 TransferDuration: 0 ms	 Provider: aws_ec2	 ProducedFiles: ['tree_ORTHOMCL1113.nexus']
[INFO] 2025-04-22T16:16:16.685Z END RequestId: uuid_f8578994_f12f_4952_b8ac_6af16c7b595c	 Activity: tree_constructor	 Provider: aws_ec2
[INFO] 2025-04-22T16:16:16.685Z REPORT RequestId: uuid_f8578994_f12f_4952_b8ac_6af16c7b595c	 Duration: 117.47259891126305 ms	 Billed Duration: 118 ms	 Memory Size: MB	 Max Memory Used: MB	 Init Duration: ms	

[INFO] 2025-04-22T16:16:16.685Z START RequestId: uuid_00e46ec2_779a_4d67_a94b_0c2ff2a7f2e0	 Activity: tree_constructor	 Provider: aws_ec2
[INFO] 2025-04-22T16:16:16.685Z FILE_TRANSFER RequestId: uuid_00e46ec2_779a_4d67_a94b_0c2ff2a7f2e0	 TransferType: consumed	 Action: download_from_s3	 FileName: ORTHOMCL1129	 Bucket: denethor	 FilePath: data/full_dataset/ORTHOMCL1129	 FilePathLocal: resources/data/full_dataset	 FileSize: 3261 bytes	 TransferDuration: 0 ms
[INFO] 2025-04-22T16:16:16.685Z CONSUMED_FILES_INFO RequestId: uuid_00e46ec2_779a_4d67_a94b_0c2ff2a7f2e0	 FilesCount: 1 files	 FilesSize: 3261 bytes	 TransferDuration: 0 ms	 ConsumedFiles: ['ORTHOMCL1129']
[INFO] 2025-04-22T16:16:16.701Z TREE_CONSTRUCTOR RequestId: uuid_00e46ec2_779a_4d67_a94b_0c2ff2a7f2e0	 Duration: 15.572472009807825 ms	 InputFile:ORTHOMCL1129	 OutputFile:['tree_ORTHOMCL1129.nexus']
[INFO] 2025-04-22T16:16:16.801Z FILE_TRANSFER RequestId: uuid_00e46ec2_779a_4d67_a94b_0c2ff2a7f2e0	 TransferType: produced	 Action: upload_to_s3	 FileName: tree_ORTHOMCL1129.nexus	 Bucket: denethor	 FilePath: tree/tree_ORTHOMCL1129.nexus	 FilePathLocal: .tmp/tree/tree_ORTHOMCL1129.nexus	 FileSize: 407 bytes	 TransferDuration: 0 ms
[INFO] 2025-04-22T16:16:16.801Z PRODUCED_FILES_INFO RequestId: uuid_00e46ec2_779a_4d67_a94b_0c2ff2a7f2e0	 FilesCount: 1 files	 FilesSize: 407 bytes	 TransferDuration: 0 ms	 Provider: aws_ec2	 ProducedFiles: ['tree_ORTHOMCL1129.nexus']
[INFO] 2025-04-22T16:16:16.802Z END RequestId: uuid_00e46ec2_779a_4d67_a94b_0c2ff2a7f2e0	 Activity: tree_constructor	 Provider: aws_ec2
[INFO] 2025-04-22T16:16:16.802Z REPORT RequestId: uuid_00e46ec2_779a_4d67_a94b_0c2ff2a7f2e0	 Duration: 116.17692396976054 ms	 Billed Duration: 117 ms	 Memory Size: MB	 Max Memory Used: MB	 Init Duration: ms	

[INFO] 2025-04-22T16:16:16.802Z START RequestId: uuid_aae6a44e_b487_4fca_b22c_9cc0a33a074c	 Activity: tree_constructor	 Provider: aws_ec2
[INFO] 2025-04-22T16:16:16.802Z FILE_TRANSFER RequestId: uuid_aae6a44e_b487_4fca_b22c_9cc0a33a074c	 TransferType: consumed	 Action: download_from_s3	 FileName: ORTHOMCL1135	 Bucket: denethor	 FilePath: data/full_dataset/ORTHOMCL1135	 FilePathLocal: resources/data/full_dataset	 FileSize: 4798 bytes	 TransferDuration: 0 ms
[INFO] 2025-04-22T16:16:16.802Z CONSUMED_FILES_INFO RequestId: uuid_aae6a44e_b487_4fca_b22c_9cc0a33a074c	 FilesCount: 1 files	 FilesSize: 4798 bytes	 TransferDuration: 0 ms	 ConsumedFiles: ['ORTHOMCL1135']
[INFO] 2025-04-22T16:16:16.859Z TREE_CONSTRUCTOR RequestId: uuid_aae6a44e_b487_4fca_b22c_9cc0a33a074c	 Duration: 56.72237602993846 ms	 InputFile:ORTHOMCL1135	 OutputFile:['tree_ORTHOMCL1135.nexus']
[INFO] 2025-04-22T16:16:16.959Z FILE_TRANSFER RequestId: uuid_aae6a44e_b487_4fca_b22c_9cc0a33a074c	 TransferType: produced	 Action: upload_to_s3	 FileName: tree_ORTHOMCL1135.nexus	 Bucket: denethor	 FilePath: tree/tree_ORTHOMCL1135.nexus	 FilePathLocal: .tmp/tree/tree_ORTHOMCL1135.nexus	 FileSize: 405 bytes	 TransferDuration: 0 ms
[INFO] 2025-04-22T16:16:16.959Z PRODUCED_FILES_INFO RequestId: uuid_aae6a44e_b487_4fca_b22c_9cc0a33a074c	 FilesCount: 1 files	 FilesSize: 405 bytes	 TransferDuration: 0 ms	 Provider: aws_ec2	 ProducedFiles: ['tree_ORTHOMCL1135.nexus']
[INFO] 2025-04-22T16:16:16.959Z END RequestId: uuid_aae6a44e_b487_4fca_b22c_9cc0a33a074c	 Activity: tree_constructor	 Provider: aws_ec2
[INFO] 2025-04-22T16:16:16.959Z REPORT RequestId: uuid_aae6a44e_b487_4fca_b22c_9cc0a33a074c	 Duration: 157.28789009153843 ms	 Billed Duration: 158 ms	 Memory Size: MB	 Max Memory Used: MB	 Init Duration: ms	

[INFO] 2025-04-22T16:16:16.959Z START RequestId: uuid_9bb668ce_5718_482a_8655_8e6ab781604d	 Activity: tree_constructor	 Provider: aws_ec2
[INFO] 2025-04-22T16:16:16.959Z FILE_TRANSFER RequestId: uuid_9bb668ce_5718_482a_8655_8e6ab781604d	 TransferType: consumed	 Action: download_from_s3	 FileName: ORTHOMCL1147	 Bucket: denethor	 FilePath: data/full_dataset/ORTHOMCL1147	 FilePathLocal: resources/data/full_dataset	 FileSize: 3925 bytes	 TransferDuration: 0 ms
[INFO] 2025-04-22T16:16:16.959Z CONSUMED_FILES_INFO RequestId: uuid_9bb668ce_5718_482a_8655_8e6ab781604d	 FilesCount: 1 files	 FilesSize: 3925 bytes	 TransferDuration: 0 ms	 ConsumedFiles: ['ORTHOMCL1147']
[INFO] 2025-04-22T16:16:16.996Z TREE_CONSTRUCTOR RequestId: uuid_9bb668ce_5718_482a_8655_8e6ab781604d	 Duration: 36.720353993587196 ms	 InputFile:ORTHOMCL1147	 OutputFile:['tree_ORTHOMCL1147.nexus']
[INFO] 2025-04-22T16:16:17.096Z FILE_TRANSFER RequestId: uuid_9bb668ce_5718_482a_8655_8e6ab781604d	 TransferType: produced	 Action: upload_to_s3	 FileName: tree_ORTHOMCL1147.nexus	 Bucket: denethor	 FilePath: tree/tree_ORTHOMCL1147.nexus	 FilePathLocal: .tmp/tree/tree_ORTHOMCL1147.nexus	 FileSize: 409 bytes	 TransferDuration: 0 ms
[INFO] 2025-04-22T16:16:17.096Z PRODUCED_FILES_INFO RequestId: uuid_9bb668ce_5718_482a_8655_8e6ab781604d	 FilesCount: 1 files	 FilesSize: 409 bytes	 TransferDuration: 0 ms	 Provider: aws_ec2	 ProducedFiles: ['tree_ORTHOMCL1147.nexus']
[INFO] 2025-04-22T16:16:17.096Z END RequestId: uuid_9bb668ce_5718_482a_8655_8e6ab781604d	 Activity: tree_constructor	 Provider: aws_ec2
[INFO] 2025-04-22T16:16:17.096Z REPORT RequestId: uuid_9bb668ce_5718_482a_8655_8e6ab781604d	 Duration: 137.2630801051855 ms	 Billed Duration: 138 ms	 Memory Size: MB	 Max Memory Used: MB	 Init Duration: ms	

[INFO] 2025-04-22T16:16:17.096Z START RequestId: uuid_240f270c_f70c_454b_9c7a_b474a908532f	 Activity: tree_constructor	 Provider: aws_ec2
[INFO] 2025-04-22T16:16:17.096Z FILE_TRANSFER RequestId: uuid_240f270c_f70c_454b_9c7a_b474a908532f	 TransferType: consumed	 Action: download_from_s3	 FileName: ORTHOMCL1305	 Bucket: denethor	 FilePath: data/full_dataset/ORTHOMCL1305	 FilePathLocal: resources/data/full_dataset	 FileSize: 3610 bytes	 TransferDuration: 0 ms
[INFO] 2025-04-22T16:16:17.096Z CONSUMED_FILES_INFO RequestId: uuid_240f270c_f70c_454b_9c7a_b474a908532f	 FilesCount: 1 files	 FilesSize: 3610 bytes	 TransferDuration: 0 ms	 ConsumedFiles: ['ORTHOMCL1305']
[INFO] 2025-04-22T16:16:17.113Z TREE_CONSTRUCTOR RequestId: uuid_240f270c_f70c_454b_9c7a_b474a908532f	 Duration: 16.153395059518516 ms	 InputFile:ORTHOMCL1305	 OutputFile:['tree_ORTHOMCL1305.nexus']
[INFO] 2025-04-22T16:16:17.213Z FILE_TRANSFER RequestId: uuid_240f270c_f70c_454b_9c7a_b474a908532f	 TransferType: produced	 Action: upload_to_s3	 FileName: tree_ORTHOMCL1305.nexus	 Bucket: denethor	 FilePath: tree/tree_ORTHOMCL1305.nexus	 FilePathLocal: .tmp/tree/tree_ORTHOMCL1305.nexus	 FileSize: 357 bytes	 TransferDuration: 0 ms
[INFO] 2025-04-22T16:16:17.213Z PRODUCED_FILES_INFO RequestId: uuid_240f270c_f70c_454b_9c7a_b474a908532f	 FilesCount: 1 files	 FilesSize: 357 bytes	 TransferDuration: 0 ms	 Provider: aws_ec2	 ProducedFiles: ['tree_ORTHOMCL1305.nexus']
[INFO] 2025-04-22T16:16:17.213Z END RequestId: uuid_240f270c_f70c_454b_9c7a_b474a908532f	 Activity: tree_constructor	 Provider: aws_ec2
[INFO] 2025-04-22T16:16:17.213Z REPORT RequestId: uuid_240f270c_f70c_454b_9c7a_b474a908532f	 Duration: 116.68728990480304 ms	 Billed Duration: 117 ms	 Memory Size: MB	 Max Memory Used: MB	 Init Duration: ms	

[INFO] 2025-04-22T16:16:17.213Z START RequestId: uuid_f5e3ed59_1a5e_4ac9_b1c5_ff6548cc8b1d	 Activity: tree_constructor	 Provider: aws_ec2
[INFO] 2025-04-22T16:16:17.213Z FILE_TRANSFER RequestId: uuid_f5e3ed59_1a5e_4ac9_b1c5_ff6548cc8b1d	 TransferType: consumed	 Action: download_from_s3	 FileName: ORTHOMCL1410	 Bucket: denethor	 FilePath: data/full_dataset/ORTHOMCL1410	 FilePathLocal: resources/data/full_dataset	 FileSize: 6134 bytes	 TransferDuration: 0 ms
[INFO] 2025-04-22T16:16:17.213Z CONSUMED_FILES_INFO RequestId: uuid_f5e3ed59_1a5e_4ac9_b1c5_ff6548cc8b1d	 FilesCount: 1 files	 FilesSize: 6134 bytes	 TransferDuration: 0 ms	 ConsumedFiles: ['ORTHOMCL1410']
[INFO] 2025-04-22T16:16:17.269Z TREE_CONSTRUCTOR RequestId: uuid_f5e3ed59_1a5e_4ac9_b1c5_ff6548cc8b1d	 Duration: 55.400912067852914 ms	 InputFile:ORTHOMCL1410	 OutputFile:['tree_ORTHOMCL1410.nexus']
[INFO] 2025-04-22T16:16:17.369Z FILE_TRANSFER RequestId: uuid_f5e3ed59_1a5e_4ac9_b1c5_ff6548cc8b1d	 TransferType: produced	 Action: upload_to_s3	 FileName: tree_ORTHOMCL1410.nexus	 Bucket: denethor	 FilePath: tree/tree_ORTHOMCL1410.nexus	 FilePathLocal: .tmp/tree/tree_ORTHOMCL1410.nexus	 FileSize: 349 bytes	 TransferDuration: 0 ms
[INFO] 2025-04-22T16:16:17.369Z PRODUCED_FILES_INFO RequestId: uuid_f5e3ed59_1a5e_4ac9_b1c5_ff6548cc8b1d	 FilesCount: 1 files	 FilesSize: 349 bytes	 TransferDuration: 0 ms	 Provider: aws_ec2	 ProducedFiles: ['tree_ORTHOMCL1410.nexus']
[INFO] 2025-04-22T16:16:17.369Z END RequestId: uuid_f5e3ed59_1a5e_4ac9_b1c5_ff6548cc8b1d	 Activity: tree_constructor	 Provider: aws_ec2
[INFO] 2025-04-22T16:16:17.369Z REPORT RequestId: uuid_f5e3ed59_1a5e_4ac9_b1c5_ff6548cc8b1d	 Duration: 155.9636229649186 ms	 Billed Duration: 156 ms	 Memory Size: MB	 Max Memory Used: MB	 Init Duration: ms	

[INFO] 2025-04-22T16:16:17.369Z START RequestId: uuid_094d7964_f5e1_4c5d_ae92_b4a268bb380b	 Activity: tree_constructor	 Provider: aws_ec2
[INFO] 2025-04-22T16:16:17.369Z FILE_TRANSFER RequestId: uuid_094d7964_f5e1_4c5d_ae92_b4a268bb380b	 TransferType: consumed	 Action: download_from_s3	 FileName: ORTHOMCL1591	 Bucket: denethor	 FilePath: data/full_dataset/ORTHOMCL1591	 FilePathLocal: resources/data/full_dataset	 FileSize: 4618 bytes	 TransferDuration: 0 ms
[INFO] 2025-04-22T16:16:17.369Z CONSUMED_FILES_INFO RequestId: uuid_094d7964_f5e1_4c5d_ae92_b4a268bb380b	 FilesCount: 1 files	 FilesSize: 4618 bytes	 TransferDuration: 0 ms	 ConsumedFiles: ['ORTHOMCL1591']
[INFO] 2025-04-22T16:16:17.389Z TREE_CONSTRUCTOR RequestId: uuid_094d7964_f5e1_4c5d_ae92_b4a268bb380b	 Duration: 19.96221498120576 ms	 InputFile:ORTHOMCL1591	 OutputFile:['tree_ORTHOMCL1591.nexus']
[INFO] 2025-04-22T16:16:17.490Z FILE_TRANSFER RequestId: uuid_094d7964_f5e1_4c5d_ae92_b4a268bb380b	 TransferType: produced	 Action: upload_to_s3	 FileName: tree_ORTHOMCL1591.nexus	 Bucket: denethor	 FilePath: tree/tree_ORTHOMCL1591.nexus	 FilePathLocal: .tmp/tree/tree_ORTHOMCL1591.nexus	 FileSize: 347 bytes	 TransferDuration: 0 ms
[INFO] 2025-04-22T16:16:17.490Z PRODUCED_FILES_INFO RequestId: uuid_094d7964_f5e1_4c5d_ae92_b4a268bb380b	 FilesCount: 1 files	 FilesSize: 347 bytes	 TransferDuration: 0 ms	 Provider: aws_ec2	 ProducedFiles: ['tree_ORTHOMCL1591.nexus']
[INFO] 2025-04-22T16:16:17.490Z END RequestId: uuid_094d7964_f5e1_4c5d_ae92_b4a268bb380b	 Activity: tree_constructor	 Provider: aws_ec2
[INFO] 2025-04-22T16:16:17.490Z REPORT RequestId: uuid_094d7964_f5e1_4c5d_ae92_b4a268bb380b	 Duration: 120.49740389920771 ms	 Billed Duration: 121 ms	 Memory Size: MB	 Max Memory Used: MB	 Init Duration: ms	

[INFO] 2025-04-22T16:16:17.490Z START RequestId: uuid_745e1c76_68fe_440d_aba9_ca2c3f8105bc	 Activity: tree_constructor	 Provider: aws_ec2
[INFO] 2025-04-22T16:16:17.490Z FILE_TRANSFER RequestId: uuid_745e1c76_68fe_440d_aba9_ca2c3f8105bc	 TransferType: consumed	 Action: download_from_s3	 FileName: ORTHOMCL1772	 Bucket: denethor	 FilePath: data/full_dataset/ORTHOMCL1772	 FilePathLocal: resources/data/full_dataset	 FileSize: 2886 bytes	 TransferDuration: 0 ms
[INFO] 2025-04-22T16:16:17.490Z CONSUMED_FILES_INFO RequestId: uuid_745e1c76_68fe_440d_aba9_ca2c3f8105bc	 FilesCount: 1 files	 FilesSize: 2886 bytes	 TransferDuration: 0 ms	 ConsumedFiles: ['ORTHOMCL1772']
[INFO] 2025-04-22T16:16:17.512Z TREE_CONSTRUCTOR RequestId: uuid_745e1c76_68fe_440d_aba9_ca2c3f8105bc	 Duration: 22.21272303722799 ms	 InputFile:ORTHOMCL1772	 OutputFile:['tree_ORTHOMCL1772.nexus']
[INFO] 2025-04-22T16:16:17.613Z FILE_TRANSFER RequestId: uuid_745e1c76_68fe_440d_aba9_ca2c3f8105bc	 TransferType: produced	 Action: upload_to_s3	 FileName: tree_ORTHOMCL1772.nexus	 Bucket: denethor	 FilePath: tree/tree_ORTHOMCL1772.nexus	 FilePathLocal: .tmp/tree/tree_ORTHOMCL1772.nexus	 FileSize: 341 bytes	 TransferDuration: 0 ms
[INFO] 2025-04-22T16:16:17.613Z PRODUCED_FILES_INFO RequestId: uuid_745e1c76_68fe_440d_aba9_ca2c3f8105bc	 FilesCount: 1 files	 FilesSize: 341 bytes	 TransferDuration: 0 ms	 Provider: aws_ec2	 ProducedFiles: ['tree_ORTHOMCL1772.nexus']
[INFO] 2025-04-22T16:16:17.613Z END RequestId: uuid_745e1c76_68fe_440d_aba9_ca2c3f8105bc	 Activity: tree_constructor	 Provider: aws_ec2
[INFO] 2025-04-22T16:16:17.613Z REPORT RequestId: uuid_745e1c76_68fe_440d_aba9_ca2c3f8105bc	 Duration: 122.90995707735419 ms	 Billed Duration: 123 ms	 Memory Size: MB	 Max Memory Used: MB	 Init Duration: ms	

[INFO] 2025-04-22T16:16:17.613Z START RequestId: uuid_7e851465_0d66_489a_a248_47c44eeb7068	 Activity: tree_constructor	 Provider: aws_ec2
[INFO] 2025-04-22T16:16:17.613Z FILE_TRANSFER RequestId: uuid_7e851465_0d66_489a_a248_47c44eeb7068	 TransferType: consumed	 Action: download_from_s3	 FileName: ORTHOMCL1788	 Bucket: denethor	 FilePath: data/full_dataset/ORTHOMCL1788	 FilePathLocal: resources/data/full_dataset	 FileSize: 3598 bytes	 TransferDuration: 0 ms
[INFO] 2025-04-22T16:16:17.613Z CONSUMED_FILES_INFO RequestId: uuid_7e851465_0d66_489a_a248_47c44eeb7068	 FilesCount: 1 files	 FilesSize: 3598 bytes	 TransferDuration: 0 ms	 ConsumedFiles: ['ORTHOMCL1788']
[INFO] 2025-04-22T16:16:17.639Z TREE_CONSTRUCTOR RequestId: uuid_7e851465_0d66_489a_a248_47c44eeb7068	 Duration: 25.703213992528617 ms	 InputFile:ORTHOMCL1788	 OutputFile:['tree_ORTHOMCL1788.nexus']
[INFO] 2025-04-22T16:16:17.739Z FILE_TRANSFER RequestId: uuid_7e851465_0d66_489a_a248_47c44eeb7068	 TransferType: produced	 Action: upload_to_s3	 FileName: tree_ORTHOMCL1788.nexus	 Bucket: denethor	 FilePath: tree/tree_ORTHOMCL1788.nexus	 FilePathLocal: .tmp/tree/tree_ORTHOMCL1788.nexus	 FileSize: 347 bytes	 TransferDuration: 0 ms
[INFO] 2025-04-22T16:16:17.739Z PRODUCED_FILES_INFO RequestId: uuid_7e851465_0d66_489a_a248_47c44eeb7068	 FilesCount: 1 files	 FilesSize: 347 bytes	 TransferDuration: 0 ms	 Provider: aws_ec2	 ProducedFiles: ['tree_ORTHOMCL1788.nexus']
[INFO] 2025-04-22T16:16:17.739Z END RequestId: uuid_7e851465_0d66_489a_a248_47c44eeb7068	 Activity: tree_constructor	 Provider: aws_ec2
[INFO] 2025-04-22T16:16:17.739Z REPORT RequestId: uuid_7e851465_0d66_489a_a248_47c44eeb7068	 Duration: 126.37225701473653 ms	 Billed Duration: 127 ms	 Memory Size: MB	 Max Memory Used: MB	 Init Duration: ms	

[INFO] 2025-04-22T16:16:17.739Z START RequestId: uuid_d07f044e_c178_40c7_9b8f_32cb6f1b8e50	 Activity: tree_constructor	 Provider: aws_ec2
[INFO] 2025-04-22T16:16:17.739Z FILE_TRANSFER RequestId: uuid_d07f044e_c178_40c7_9b8f_32cb6f1b8e50	 TransferType: consumed	 Action: download_from_s3	 FileName: ORTHOMCL1816	 Bucket: denethor	 FilePath: data/full_dataset/ORTHOMCL1816	 FilePathLocal: resources/data/full_dataset	 FileSize: 4820 bytes	 TransferDuration: 0 ms
[INFO] 2025-04-22T16:16:17.739Z CONSUMED_FILES_INFO RequestId: uuid_d07f044e_c178_40c7_9b8f_32cb6f1b8e50	 FilesCount: 1 files	 FilesSize: 4820 bytes	 TransferDuration: 0 ms	 ConsumedFiles: ['ORTHOMCL1816']
[INFO] 2025-04-22T16:16:17.794Z TREE_CONSTRUCTOR RequestId: uuid_d07f044e_c178_40c7_9b8f_32cb6f1b8e50	 Duration: 54.80937904212624 ms	 InputFile:ORTHOMCL1816	 OutputFile:['tree_ORTHOMCL1816.nexus']
[INFO] 2025-04-22T16:16:17.895Z FILE_TRANSFER RequestId: uuid_d07f044e_c178_40c7_9b8f_32cb6f1b8e50	 TransferType: produced	 Action: upload_to_s3	 FileName: tree_ORTHOMCL1816.nexus	 Bucket: denethor	 FilePath: tree/tree_ORTHOMCL1816.nexus	 FilePathLocal: .tmp/tree/tree_ORTHOMCL1816.nexus	 FileSize: 339 bytes	 TransferDuration: 0 ms
[INFO] 2025-04-22T16:16:17.895Z PRODUCED_FILES_INFO RequestId: uuid_d07f044e_c178_40c7_9b8f_32cb6f1b8e50	 FilesCount: 1 files	 FilesSize: 339 bytes	 TransferDuration: 0 ms	 Provider: aws_ec2	 ProducedFiles: ['tree_ORTHOMCL1816.nexus']
[INFO] 2025-04-22T16:16:17.895Z END RequestId: uuid_d07f044e_c178_40c7_9b8f_32cb6f1b8e50	 Activity: tree_constructor	 Provider: aws_ec2
[INFO] 2025-04-22T16:16:17.895Z REPORT RequestId: uuid_d07f044e_c178_40c7_9b8f_32cb6f1b8e50	 Duration: 155.33386799506843 ms	 Billed Duration: 156 ms	 Memory Size: MB	 Max Memory Used: MB	 Init Duration: ms	

[INFO] 2025-04-22T16:16:17.895Z START RequestId: uuid_6909ab27_7029_4ef5_97c1_781c758e19e5	 Activity: tree_constructor	 Provider: aws_ec2
[INFO] 2025-04-22T16:16:17.895Z FILE_TRANSFER RequestId: uuid_6909ab27_7029_4ef5_97c1_781c758e19e5	 TransferType: consumed	 Action: download_from_s3	 FileName: ORTHOMCL1833	 Bucket: denethor	 FilePath: data/full_dataset/ORTHOMCL1833	 FilePathLocal: resources/data/full_dataset	 FileSize: 5816 bytes	 TransferDuration: 0 ms
[INFO] 2025-04-22T16:16:17.895Z CONSUMED_FILES_INFO RequestId: uuid_6909ab27_7029_4ef5_97c1_781c758e19e5	 FilesCount: 1 files	 FilesSize: 5816 bytes	 TransferDuration: 0 ms	 ConsumedFiles: ['ORTHOMCL1833']
[INFO] 2025-04-22T16:16:17.977Z TREE_CONSTRUCTOR RequestId: uuid_6909ab27_7029_4ef5_97c1_781c758e19e5	 Duration: 82.02074805740267 ms	 InputFile:ORTHOMCL1833	 OutputFile:['tree_ORTHOMCL1833.nexus']
[INFO] 2025-04-22T16:16:18.077Z FILE_TRANSFER RequestId: uuid_6909ab27_7029_4ef5_97c1_781c758e19e5	 TransferType: produced	 Action: upload_to_s3	 FileName: tree_ORTHOMCL1833.nexus	 Bucket: denethor	 FilePath: tree/tree_ORTHOMCL1833.nexus	 FilePathLocal: .tmp/tree/tree_ORTHOMCL1833.nexus	 FileSize: 347 bytes	 TransferDuration: 0 ms
[INFO] 2025-04-22T16:16:18.078Z PRODUCED_FILES_INFO RequestId: uuid_6909ab27_7029_4ef5_97c1_781c758e19e5	 FilesCount: 1 files	 FilesSize: 347 bytes	 TransferDuration: 0 ms	 Provider: aws_ec2	 ProducedFiles: ['tree_ORTHOMCL1833.nexus']
[INFO] 2025-04-22T16:16:18.078Z END RequestId: uuid_6909ab27_7029_4ef5_97c1_781c758e19e5	 Activity: tree_constructor	 Provider: aws_ec2
[INFO] 2025-04-22T16:16:18.078Z REPORT RequestId: uuid_6909ab27_7029_4ef5_97c1_781c758e19e5	 Duration: 182.71099589765072 ms	 Billed Duration: 183 ms	 Memory Size: MB	 Max Memory Used: MB	 Init Duration: ms	

[INFO] 2025-04-22T16:16:18.078Z START RequestId: uuid_acebf42d_fd85_4e01_a58a_4d171c841be0	 Activity: tree_constructor	 Provider: aws_ec2
[INFO] 2025-04-22T16:16:18.078Z FILE_TRANSFER RequestId: uuid_acebf42d_fd85_4e01_a58a_4d171c841be0	 TransferType: consumed	 Action: download_from_s3	 FileName: ORTHOMCL1875	 Bucket: denethor	 FilePath: data/full_dataset/ORTHOMCL1875	 FilePathLocal: resources/data/full_dataset	 FileSize: 3470 bytes	 TransferDuration: 0 ms
[INFO] 2025-04-22T16:16:18.078Z CONSUMED_FILES_INFO RequestId: uuid_acebf42d_fd85_4e01_a58a_4d171c841be0	 FilesCount: 1 files	 FilesSize: 3470 bytes	 TransferDuration: 0 ms	 ConsumedFiles: ['ORTHOMCL1875']
[INFO] 2025-04-22T16:16:18.093Z TREE_CONSTRUCTOR RequestId: uuid_acebf42d_fd85_4e01_a58a_4d171c841be0	 Duration: 15.451879007741809 ms	 InputFile:ORTHOMCL1875	 OutputFile:['tree_ORTHOMCL1875.nexus']
[INFO] 2025-04-22T16:16:18.194Z FILE_TRANSFER RequestId: uuid_acebf42d_fd85_4e01_a58a_4d171c841be0	 TransferType: produced	 Action: upload_to_s3	 FileName: tree_ORTHOMCL1875.nexus	 Bucket: denethor	 FilePath: tree/tree_ORTHOMCL1875.nexus	 FilePathLocal: .tmp/tree/tree_ORTHOMCL1875.nexus	 FileSize: 347 bytes	 TransferDuration: 0 ms
[INFO] 2025-04-22T16:16:18.194Z PRODUCED_FILES_INFO RequestId: uuid_acebf42d_fd85_4e01_a58a_4d171c841be0	 FilesCount: 1 files	 FilesSize: 347 bytes	 TransferDuration: 0 ms	 Provider: aws_ec2	 ProducedFiles: ['tree_ORTHOMCL1875.nexus']
[INFO] 2025-04-22T16:16:18.194Z END RequestId: uuid_acebf42d_fd85_4e01_a58a_4d171c841be0	 Activity: tree_constructor	 Provider: aws_ec2
[INFO] 2025-04-22T16:16:18.194Z REPORT RequestId: uuid_acebf42d_fd85_4e01_a58a_4d171c841be0	 Duration: 115.9866820089519 ms	 Billed Duration: 116 ms	 Memory Size: MB	 Max Memory Used: MB	 Init Duration: ms	

[INFO] 2025-04-22T16:16:18.194Z START RequestId: uuid_86d52396_4f42_4032_bbae_fc8932a47120	 Activity: tree_constructor	 Provider: aws_ec2
[INFO] 2025-04-22T16:16:18.194Z FILE_TRANSFER RequestId: uuid_86d52396_4f42_4032_bbae_fc8932a47120	 TransferType: consumed	 Action: download_from_s3	 FileName: ORTHOMCL1940	 Bucket: denethor	 FilePath: data/full_dataset/ORTHOMCL1940	 FilePathLocal: resources/data/full_dataset	 FileSize: 5636 bytes	 TransferDuration: 0 ms
[INFO] 2025-04-22T16:16:18.194Z CONSUMED_FILES_INFO RequestId: uuid_86d52396_4f42_4032_bbae_fc8932a47120	 FilesCount: 1 files	 FilesSize: 5636 bytes	 TransferDuration: 0 ms	 ConsumedFiles: ['ORTHOMCL1940']
[INFO] 2025-04-22T16:16:18.252Z TREE_CONSTRUCTOR RequestId: uuid_86d52396_4f42_4032_bbae_fc8932a47120	 Duration: 57.568844058550894 ms	 InputFile:ORTHOMCL1940	 OutputFile:['tree_ORTHOMCL1940.nexus']
[INFO] 2025-04-22T16:16:18.352Z FILE_TRANSFER RequestId: uuid_86d52396_4f42_4032_bbae_fc8932a47120	 TransferType: produced	 Action: upload_to_s3	 FileName: tree_ORTHOMCL1940.nexus	 Bucket: denethor	 FilePath: tree/tree_ORTHOMCL1940.nexus	 FilePathLocal: .tmp/tree/tree_ORTHOMCL1940.nexus	 FileSize: 347 bytes	 TransferDuration: 0 ms
[INFO] 2025-04-22T16:16:18.352Z PRODUCED_FILES_INFO RequestId: uuid_86d52396_4f42_4032_bbae_fc8932a47120	 FilesCount: 1 files	 FilesSize: 347 bytes	 TransferDuration: 0 ms	 Provider: aws_ec2	 ProducedFiles: ['tree_ORTHOMCL1940.nexus']
[INFO] 2025-04-22T16:16:18.352Z END RequestId: uuid_86d52396_4f42_4032_bbae_fc8932a47120	 Activity: tree_constructor	 Provider: aws_ec2
[INFO] 2025-04-22T16:16:18.352Z REPORT RequestId: uuid_86d52396_4f42_4032_bbae_fc8932a47120	 Duration: 158.12658704817295 ms	 Billed Duration: 159 ms	 Memory Size: MB	 Max Memory Used: MB	 Init Duration: ms	

[INFO] 2025-04-22T16:16:18.352Z START RequestId: uuid_5e3be0da_ebe7_4233_a162_1edf91eff640	 Activity: tree_constructor	 Provider: aws_ec2
[INFO] 2025-04-22T16:16:18.352Z FILE_TRANSFER RequestId: uuid_5e3be0da_ebe7_4233_a162_1edf91eff640	 TransferType: consumed	 Action: download_from_s3	 FileName: ORTHOMCL1958	 Bucket: denethor	 FilePath: data/full_dataset/ORTHOMCL1958	 FilePathLocal: resources/data/full_dataset	 FileSize: 5802 bytes	 TransferDuration: 0 ms
[INFO] 2025-04-22T16:16:18.352Z CONSUMED_FILES_INFO RequestId: uuid_5e3be0da_ebe7_4233_a162_1edf91eff640	 FilesCount: 1 files	 FilesSize: 5802 bytes	 TransferDuration: 0 ms	 ConsumedFiles: ['ORTHOMCL1958']
[INFO] 2025-04-22T16:16:18.412Z TREE_CONSTRUCTOR RequestId: uuid_5e3be0da_ebe7_4233_a162_1edf91eff640	 Duration: 60.126853990368545 ms	 InputFile:ORTHOMCL1958	 OutputFile:['tree_ORTHOMCL1958.nexus']
[INFO] 2025-04-22T16:16:18.513Z FILE_TRANSFER RequestId: uuid_5e3be0da_ebe7_4233_a162_1edf91eff640	 TransferType: produced	 Action: upload_to_s3	 FileName: tree_ORTHOMCL1958.nexus	 Bucket: denethor	 FilePath: tree/tree_ORTHOMCL1958.nexus	 FilePathLocal: .tmp/tree/tree_ORTHOMCL1958.nexus	 FileSize: 347 bytes	 TransferDuration: 0 ms
[INFO] 2025-04-22T16:16:18.513Z PRODUCED_FILES_INFO RequestId: uuid_5e3be0da_ebe7_4233_a162_1edf91eff640	 FilesCount: 1 files	 FilesSize: 347 bytes	 TransferDuration: 0 ms	 Provider: aws_ec2	 ProducedFiles: ['tree_ORTHOMCL1958.nexus']
[INFO] 2025-04-22T16:16:18.513Z END RequestId: uuid_5e3be0da_ebe7_4233_a162_1edf91eff640	 Activity: tree_constructor	 Provider: aws_ec2
[INFO] 2025-04-22T16:16:18.513Z REPORT RequestId: uuid_5e3be0da_ebe7_4233_a162_1edf91eff640	 Duration: 160.66376899834722 ms	 Billed Duration: 161 ms	 Memory Size: MB	 Max Memory Used: MB	 Init Duration: ms	

[INFO] 2025-04-22T16:16:18.513Z START RequestId: uuid_458dc004_7508_4022_90ba_606b0eac44cb	 Activity: tree_constructor	 Provider: aws_ec2
[INFO] 2025-04-22T16:16:18.513Z FILE_TRANSFER RequestId: uuid_458dc004_7508_4022_90ba_606b0eac44cb	 TransferType: consumed	 Action: download_from_s3	 FileName: ORTHOMCL1973	 Bucket: denethor	 FilePath: data/full_dataset/ORTHOMCL1973	 FilePathLocal: resources/data/full_dataset	 FileSize: 2818 bytes	 TransferDuration: 0 ms
[INFO] 2025-04-22T16:16:18.513Z CONSUMED_FILES_INFO RequestId: uuid_458dc004_7508_4022_90ba_606b0eac44cb	 FilesCount: 1 files	 FilesSize: 2818 bytes	 TransferDuration: 0 ms	 ConsumedFiles: ['ORTHOMCL1973']
[INFO] 2025-04-22T16:16:18.524Z TREE_CONSTRUCTOR RequestId: uuid_458dc004_7508_4022_90ba_606b0eac44cb	 Duration: 10.648880968801677 ms	 InputFile:ORTHOMCL1973	 OutputFile:['tree_ORTHOMCL1973.nexus']
[INFO] 2025-04-22T16:16:18.624Z FILE_TRANSFER RequestId: uuid_458dc004_7508_4022_90ba_606b0eac44cb	 TransferType: produced	 Action: upload_to_s3	 FileName: tree_ORTHOMCL1973.nexus	 Bucket: denethor	 FilePath: tree/tree_ORTHOMCL1973.nexus	 FilePathLocal: .tmp/tree/tree_ORTHOMCL1973.nexus	 FileSize: 347 bytes	 TransferDuration: 0 ms
[INFO] 2025-04-22T16:16:18.624Z PRODUCED_FILES_INFO RequestId: uuid_458dc004_7508_4022_90ba_606b0eac44cb	 FilesCount: 1 files	 FilesSize: 347 bytes	 TransferDuration: 0 ms	 Provider: aws_ec2	 ProducedFiles: ['tree_ORTHOMCL1973.nexus']
[INFO] 2025-04-22T16:16:18.624Z END RequestId: uuid_458dc004_7508_4022_90ba_606b0eac44cb	 Activity: tree_constructor	 Provider: aws_ec2
[INFO] 2025-04-22T16:16:18.624Z REPORT RequestId: uuid_458dc004_7508_4022_90ba_606b0eac44cb	 Duration: 111.14679800812155 ms	 Billed Duration: 112 ms	 Memory Size: MB	 Max Memory Used: MB	 Init Duration: ms	

[INFO] 2025-04-22T16:16:18.624Z START RequestId: uuid_d86b8de5_c420_4842_8d7e_2eff09a81fb1	 Activity: tree_constructor	 Provider: aws_ec2
[INFO] 2025-04-22T16:16:18.624Z FILE_TRANSFER RequestId: uuid_d86b8de5_c420_4842_8d7e_2eff09a81fb1	 TransferType: consumed	 Action: download_from_s3	 FileName: ORTHOMCL1985	 Bucket: denethor	 FilePath: data/full_dataset/ORTHOMCL1985	 FilePathLocal: resources/data/full_dataset	 FileSize: 4088 bytes	 TransferDuration: 0 ms
[INFO] 2025-04-22T16:16:18.624Z CONSUMED_FILES_INFO RequestId: uuid_d86b8de5_c420_4842_8d7e_2eff09a81fb1	 FilesCount: 1 files	 FilesSize: 4088 bytes	 TransferDuration: 0 ms	 ConsumedFiles: ['ORTHOMCL1985']
[INFO] 2025-04-22T16:16:18.651Z TREE_CONSTRUCTOR RequestId: uuid_d86b8de5_c420_4842_8d7e_2eff09a81fb1	 Duration: 26.93604805972427 ms	 InputFile:ORTHOMCL1985	 OutputFile:['tree_ORTHOMCL1985.nexus']
[INFO] 2025-04-22T16:16:18.751Z FILE_TRANSFER RequestId: uuid_d86b8de5_c420_4842_8d7e_2eff09a81fb1	 TransferType: produced	 Action: upload_to_s3	 FileName: tree_ORTHOMCL1985.nexus	 Bucket: denethor	 FilePath: tree/tree_ORTHOMCL1985.nexus	 FilePathLocal: .tmp/tree/tree_ORTHOMCL1985.nexus	 FileSize: 355 bytes	 TransferDuration: 0 ms
[INFO] 2025-04-22T16:16:18.752Z PRODUCED_FILES_INFO RequestId: uuid_d86b8de5_c420_4842_8d7e_2eff09a81fb1	 FilesCount: 1 files	 FilesSize: 355 bytes	 TransferDuration: 0 ms	 Provider: aws_ec2	 ProducedFiles: ['tree_ORTHOMCL1985.nexus']
[INFO] 2025-04-22T16:16:18.752Z END RequestId: uuid_d86b8de5_c420_4842_8d7e_2eff09a81fb1	 Activity: tree_constructor	 Provider: aws_ec2
[INFO] 2025-04-22T16:16:18.752Z REPORT RequestId: uuid_d86b8de5_c420_4842_8d7e_2eff09a81fb1	 Duration: 127.47834995388985 ms	 Billed Duration: 128 ms	 Memory Size: MB	 Max Memory Used: MB	 Init Duration: ms	

[INFO] 2025-04-22T16:16:18.752Z START RequestId: uuid_241fe732_2c19_4915_af70_4a581042822f	 Activity: tree_constructor	 Provider: aws_ec2
[INFO] 2025-04-22T16:16:18.752Z FILE_TRANSFER RequestId: uuid_241fe732_2c19_4915_af70_4a581042822f	 TransferType: consumed	 Action: download_from_s3	 FileName: ORTHOMCL1996	 Bucket: denethor	 FilePath: data/full_dataset/ORTHOMCL1996	 FilePathLocal: resources/data/full_dataset	 FileSize: 3464 bytes	 TransferDuration: 0 ms
[INFO] 2025-04-22T16:16:18.752Z CONSUMED_FILES_INFO RequestId: uuid_241fe732_2c19_4915_af70_4a581042822f	 FilesCount: 1 files	 FilesSize: 3464 bytes	 TransferDuration: 0 ms	 ConsumedFiles: ['ORTHOMCL1996']
[INFO] 2025-04-22T16:16:18.779Z TREE_CONSTRUCTOR RequestId: uuid_241fe732_2c19_4915_af70_4a581042822f	 Duration: 26.7285160953179 ms	 InputFile:ORTHOMCL1996	 OutputFile:['tree_ORTHOMCL1996.nexus']
[INFO] 2025-04-22T16:16:18.879Z FILE_TRANSFER RequestId: uuid_241fe732_2c19_4915_af70_4a581042822f	 TransferType: produced	 Action: upload_to_s3	 FileName: tree_ORTHOMCL1996.nexus	 Bucket: denethor	 FilePath: tree/tree_ORTHOMCL1996.nexus	 FilePathLocal: .tmp/tree/tree_ORTHOMCL1996.nexus	 FileSize: 339 bytes	 TransferDuration: 0 ms
[INFO] 2025-04-22T16:16:18.879Z PRODUCED_FILES_INFO RequestId: uuid_241fe732_2c19_4915_af70_4a581042822f	 FilesCount: 1 files	 FilesSize: 339 bytes	 TransferDuration: 0 ms	 Provider: aws_ec2	 ProducedFiles: ['tree_ORTHOMCL1996.nexus']
[INFO] 2025-04-22T16:16:18.879Z END RequestId: uuid_241fe732_2c19_4915_af70_4a581042822f	 Activity: tree_constructor	 Provider: aws_ec2
[INFO] 2025-04-22T16:16:18.879Z REPORT RequestId: uuid_241fe732_2c19_4915_af70_4a581042822f	 Duration: 127.27764795999974 ms	 Billed Duration: 128 ms	 Memory Size: MB	 Max Memory Used: MB	 Init Duration: ms	

[INFO] 2025-04-22T16:16:18.879Z START RequestId: uuid_6f3355f7_2807_4380_bfab_1460ebc1fa3b	 Activity: tree_constructor	 Provider: aws_ec2
[INFO] 2025-04-22T16:16:18.879Z FILE_TRANSFER RequestId: uuid_6f3355f7_2807_4380_bfab_1460ebc1fa3b	 TransferType: consumed	 Action: download_from_s3	 FileName: ORTHOMCL1997	 Bucket: denethor	 FilePath: data/full_dataset/ORTHOMCL1997	 FilePathLocal: resources/data/full_dataset	 FileSize: 3794 bytes	 TransferDuration: 0 ms
[INFO] 2025-04-22T16:16:18.879Z CONSUMED_FILES_INFO RequestId: uuid_6f3355f7_2807_4380_bfab_1460ebc1fa3b	 FilesCount: 1 files	 FilesSize: 3794 bytes	 TransferDuration: 0 ms	 ConsumedFiles: ['ORTHOMCL1997']
[INFO] 2025-04-22T16:16:18.912Z TREE_CONSTRUCTOR RequestId: uuid_6f3355f7_2807_4380_bfab_1460ebc1fa3b	 Duration: 33.138012047857046 ms	 InputFile:ORTHOMCL1997	 OutputFile:['tree_ORTHOMCL1997.nexus']
[INFO] 2025-04-22T16:16:19.013Z FILE_TRANSFER RequestId: uuid_6f3355f7_2807_4380_bfab_1460ebc1fa3b	 TransferType: produced	 Action: upload_to_s3	 FileName: tree_ORTHOMCL1997.nexus	 Bucket: denethor	 FilePath: tree/tree_ORTHOMCL1997.nexus	 FilePathLocal: .tmp/tree/tree_ORTHOMCL1997.nexus	 FileSize: 347 bytes	 TransferDuration: 0 ms
[INFO] 2025-04-22T16:16:19.013Z PRODUCED_FILES_INFO RequestId: uuid_6f3355f7_2807_4380_bfab_1460ebc1fa3b	 FilesCount: 1 files	 FilesSize: 347 bytes	 TransferDuration: 0 ms	 Provider: aws_ec2	 ProducedFiles: ['tree_ORTHOMCL1997.nexus']
[INFO] 2025-04-22T16:16:19.013Z END RequestId: uuid_6f3355f7_2807_4380_bfab_1460ebc1fa3b	 Activity: tree_constructor	 Provider: aws_ec2
[INFO] 2025-04-22T16:16:19.013Z REPORT RequestId: uuid_6f3355f7_2807_4380_bfab_1460ebc1fa3b	 Duration: 133.66961397696286 ms	 Billed Duration: 134 ms	 Memory Size: MB	 Max Memory Used: MB	 Init Duration: ms	

[INFO] 2025-04-22T16:16:19.013Z START RequestId: uuid_e930c7e9_0b7f_4840_987d_6bb8c675f24a	 Activity: tree_constructor	 Provider: aws_ec2
[INFO] 2025-04-22T16:16:19.013Z FILE_TRANSFER RequestId: uuid_e930c7e9_0b7f_4840_987d_6bb8c675f24a	 TransferType: consumed	 Action: download_from_s3	 FileName: ORTHOMCL2001	 Bucket: denethor	 FilePath: data/full_dataset/ORTHOMCL2001	 FilePathLocal: resources/data/full_dataset	 FileSize: 3652 bytes	 TransferDuration: 0 ms
[INFO] 2025-04-22T16:16:19.013Z CONSUMED_FILES_INFO RequestId: uuid_e930c7e9_0b7f_4840_987d_6bb8c675f24a	 FilesCount: 1 files	 FilesSize: 3652 bytes	 TransferDuration: 0 ms	 ConsumedFiles: ['ORTHOMCL2001']
[INFO] 2025-04-22T16:16:19.040Z TREE_CONSTRUCTOR RequestId: uuid_e930c7e9_0b7f_4840_987d_6bb8c675f24a	 Duration: 26.710050995461643 ms	 InputFile:ORTHOMCL2001	 OutputFile:['tree_ORTHOMCL2001.nexus']
[INFO] 2025-04-22T16:16:19.140Z FILE_TRANSFER RequestId: uuid_e930c7e9_0b7f_4840_987d_6bb8c675f24a	 TransferType: produced	 Action: upload_to_s3	 FileName: tree_ORTHOMCL2001.nexus	 Bucket: denethor	 FilePath: tree/tree_ORTHOMCL2001.nexus	 FilePathLocal: .tmp/tree/tree_ORTHOMCL2001.nexus	 FileSize: 347 bytes	 TransferDuration: 0 ms
[INFO] 2025-04-22T16:16:19.140Z PRODUCED_FILES_INFO RequestId: uuid_e930c7e9_0b7f_4840_987d_6bb8c675f24a	 FilesCount: 1 files	 FilesSize: 347 bytes	 TransferDuration: 0 ms	 Provider: aws_ec2	 ProducedFiles: ['tree_ORTHOMCL2001.nexus']
[INFO] 2025-04-22T16:16:19.140Z END RequestId: uuid_e930c7e9_0b7f_4840_987d_6bb8c675f24a	 Activity: tree_constructor	 Provider: aws_ec2
[INFO] 2025-04-22T16:16:19.140Z REPORT RequestId: uuid_e930c7e9_0b7f_4840_987d_6bb8c675f24a	 Duration: 127.26442306302488 ms	 Billed Duration: 128 ms	 Memory Size: MB	 Max Memory Used: MB	 Init Duration: ms	

[INFO] 2025-04-22T16:16:19.140Z START RequestId: uuid_41473472_4eb3_4e21_8174_d680d9b823b8	 Activity: tree_constructor	 Provider: aws_ec2
[INFO] 2025-04-22T16:16:19.140Z FILE_TRANSFER RequestId: uuid_41473472_4eb3_4e21_8174_d680d9b823b8	 TransferType: consumed	 Action: download_from_s3	 FileName: ORTHOMCL2020	 Bucket: denethor	 FilePath: data/full_dataset/ORTHOMCL2020	 FilePathLocal: resources/data/full_dataset	 FileSize: 5254 bytes	 TransferDuration: 0 ms
[INFO] 2025-04-22T16:16:19.140Z CONSUMED_FILES_INFO RequestId: uuid_41473472_4eb3_4e21_8174_d680d9b823b8	 FilesCount: 1 files	 FilesSize: 5254 bytes	 TransferDuration: 0 ms	 ConsumedFiles: ['ORTHOMCL2020']
[INFO] 2025-04-22T16:16:19.213Z TREE_CONSTRUCTOR RequestId: uuid_41473472_4eb3_4e21_8174_d680d9b823b8	 Duration: 73.06336297187954 ms	 InputFile:ORTHOMCL2020	 OutputFile:['tree_ORTHOMCL2020.nexus']
[INFO] 2025-04-22T16:16:19.314Z FILE_TRANSFER RequestId: uuid_41473472_4eb3_4e21_8174_d680d9b823b8	 TransferType: produced	 Action: upload_to_s3	 FileName: tree_ORTHOMCL2020.nexus	 Bucket: denethor	 FilePath: tree/tree_ORTHOMCL2020.nexus	 FilePathLocal: .tmp/tree/tree_ORTHOMCL2020.nexus	 FileSize: 349 bytes	 TransferDuration: 0 ms
[INFO] 2025-04-22T16:16:19.314Z PRODUCED_FILES_INFO RequestId: uuid_41473472_4eb3_4e21_8174_d680d9b823b8	 FilesCount: 1 files	 FilesSize: 349 bytes	 TransferDuration: 0 ms	 Provider: aws_ec2	 ProducedFiles: ['tree_ORTHOMCL2020.nexus']
[INFO] 2025-04-22T16:16:19.314Z END RequestId: uuid_41473472_4eb3_4e21_8174_d680d9b823b8	 Activity: tree_constructor	 Provider: aws_ec2
[INFO] 2025-04-22T16:16:19.314Z REPORT RequestId: uuid_41473472_4eb3_4e21_8174_d680d9b823b8	 Duration: 173.65356301888824 ms	 Billed Duration: 174 ms	 Memory Size: MB	 Max Memory Used: MB	 Init Duration: ms	

