[
    {
        "logStreamName": "2025/04/17/[$LATEST]854ee814fedc4a8d8f6934594014d232",
        "timestamp": 1744932992327,
        "message": "INIT_START Runtime Version: python:3.10.v64\tRuntime Version ARN: arn:aws:lambda:sa-east-1::runtime:d56bdc8857b2109a058de2ab50bfb80ac2aa600be6f7855a436859944e5fe54b\n",
        "ingestionTime": 1744932993812,
        "eventId": "38913306050394017924013368677360778874969266475042799616"
    },
    {
        "logStreamName": "2025/04/17/[$LATEST]854ee814fedc4a8d8f6934594014d232",
        "timestamp": 1744932993145,
        "message": "START RequestId: 7eb70d8e-07c4-484d-9e27-3726c1e8c9f1 Version: $LATEST\n",
        "ingestionTime": 1744932993812,
        "eventId": "38913306068636027496411418407136996421995626186934779905"
    },
    {
        "logStreamName": "2025/04/17/[$LATEST]854ee814fedc4a8d8f6934594014d232",
        "timestamp": 1744932993146,
        "message": "Directory /tmp/mafdb was created!\n",
        "ingestionTime": 1744932993812,
        "eventId": "38913306068658328241609949030278532140268274548440760322"
    },
    {
        "logStreamName": "2025/04/17/[$LATEST]854ee814fedc4a8d8f6934594014d232",
        "timestamp": 1744932993353,
        "message": "FILE_TRANSFER RequestId: 7eb70d8e-07c4-484d-9e27-3726c1e8c9f1\t TransferType: consumed\t Action: download_from_s3\t FileName: mafdb_6f7a2b1116e6a791f68a03367473294792b679a6357b6789f3f993b1f83e2e80.json\t Bucket: denethor\t FilePath: mafdb/mafdb_6f7a2b1116e6a791f68a03367473294792b679a6357b6789f3f993b1f83e2e80.json\t LocalFilePath: /tmp/mafdb/mafdb_6f7a2b1116e6a791f68a03367473294792b679a6357b6789f3f993b1f83e2e80.json\t FileSize: 185 bytes\t TransferDuration: 207.07457799971962 ms\n",
        "ingestionTime": 1744932993812,
        "eventId": "38913306073274582497705788020576425822706485380178706435"
    },
    {
        "logStreamName": "2025/04/17/[$LATEST]854ee814fedc4a8d8f6934594014d232",
        "timestamp": 1744932993421,
        "message": "FILE_TRANSFER RequestId: 7eb70d8e-07c4-484d-9e27-3726c1e8c9f1\t TransferType: consumed\t Action: download_from_s3\t FileName: mafdb_54d8ddd695de385cbe16742ebc6fdcb479cd2b8e3c0cd457826222c83fe6bb7c.json\t Bucket: denethor\t FilePath: mafdb/mafdb_54d8ddd695de385cbe16742ebc6fdcb479cd2b8e3c0cd457826222c83fe6bb7c.json\t LocalFilePath: /tmp/mafdb/mafdb_54d8ddd695de385cbe16742ebc6fdcb479cd2b8e3c0cd457826222c83fe6bb7c.json\t FileSize: 5180 bytes\t TransferDuration: 68.1304050003746 ms\n",
        "ingestionTime": 1744932993812,
        "eventId": "38913306074791033171205870394200854665246573962585374724"
    },
    {
        "logStreamName": "2025/04/17/[$LATEST]854ee814fedc4a8d8f6934594014d232",
        "timestamp": 1744932993477,
        "message": "FILE_TRANSFER RequestId: 7eb70d8e-07c4-484d-9e27-3726c1e8c9f1\t TransferType: consumed\t Action: download_from_s3\t FileName: mafdb_1f6ccfc97b000b314f6a6c7e2582a4263b17ffc061fef38bd3c9a63fa631759f.json\t Bucket: denethor\t FilePath: mafdb/mafdb_1f6ccfc97b000b314f6a6c7e2582a4263b17ffc061fef38bd3c9a63fa631759f.json\t LocalFilePath: /tmp/mafdb/mafdb_1f6ccfc97b000b314f6a6c7e2582a4263b17ffc061fef38bd3c9a63fa631759f.json\t FileSize: 5134 bytes\t TransferDuration: 54.94636099956551 ms\n",
        "ingestionTime": 1744932993812,
        "eventId": "38913306076039874902323585290126854888514882206920278021"
    },
    {
        "logStreamName": "2025/04/17/[$LATEST]854ee814fedc4a8d8f6934594014d232",
        "timestamp": 1744932993545,
        "message": "FILE_TRANSFER RequestId: 7eb70d8e-07c4-484d-9e27-3726c1e8c9f1\t TransferType: consumed\t Action: download_from_s3\t FileName: mafdb_bd5d862db8f1d6b261aaeb3b8ecb83d67004ffb7524cb75c5f1f8454224f7c91.json\t Bucket: denethor\t FilePath: mafdb/mafdb_bd5d862db8f1d6b261aaeb3b8ecb83d67004ffb7524cb75c5f1f8454224f7c91.json\t LocalFilePath: /tmp/mafdb/mafdb_bd5d862db8f1d6b261aaeb3b8ecb83d67004ffb7524cb75c5f1f8454224f7c91.json\t FileSize: 355 bytes\t TransferDuration: 68.80536599965126 ms\n",
        "ingestionTime": 1744932993812,
        "eventId": "38913306077556325575823667663751283731054970789326946310"
    },
    {
        "logStreamName": "2025/04/17/[$LATEST]854ee814fedc4a8d8f6934594014d232",
        "timestamp": 1744932993605,
        "message": "FILE_TRANSFER RequestId: 7eb70d8e-07c4-484d-9e27-3726c1e8c9f1\t TransferType: consumed\t Action: download_from_s3\t FileName: mafdb_861b6fcf310a5a4a01036477cd0e28e972c4aa89be1fcccfc0eab6cd45e9fd74.json\t Bucket: denethor\t FilePath: mafdb/mafdb_861b6fcf310a5a4a01036477cd0e28e972c4aa89be1fcccfc0eab6cd45e9fd74.json\t LocalFilePath: /tmp/mafdb/mafdb_861b6fcf310a5a4a01036477cd0e28e972c4aa89be1fcccfc0eab6cd45e9fd74.json\t FileSize: 355 bytes\t TransferDuration: 60.40511300034268 ms\n",
        "ingestionTime": 1744932993812,
        "eventId": "38913306078894370287735505052243426827413872479685771271"
    },
    {
        "logStreamName": "2025/04/17/[$LATEST]854ee814fedc4a8d8f6934594014d232",
        "timestamp": 1744932993650,
        "message": "FILE_TRANSFER RequestId: 7eb70d8e-07c4-484d-9e27-3726c1e8c9f1\t TransferType: consumed\t Action: download_from_s3\t FileName: mafdb_7d398773bfc3e4435be56d8711457fd7fc190e97e32d7ec51a8a702e16118c4d.json\t Bucket: denethor\t FilePath: mafdb/mafdb_7d398773bfc3e4435be56d8711457fd7fc190e97e32d7ec51a8a702e16118c4d.json\t LocalFilePath: /tmp/mafdb/mafdb_7d398773bfc3e4435be56d8711457fd7fc190e97e32d7ec51a8a702e16118c4d.json\t FileSize: 355 bytes\t TransferDuration: 44.91525699995691 ms\n",
        "ingestionTime": 1744932993812,
        "eventId": "38913306079897903821669383093612534149683048747454889992"
    },
    {
        "logStreamName": "2025/04/17/[$LATEST]854ee814fedc4a8d8f6934594014d232",
        "timestamp": 1744932993695,
        "message": "FILE_TRANSFER RequestId: 7eb70d8e-07c4-484d-9e27-3726c1e8c9f1\t TransferType: consumed\t Action: download_from_s3\t FileName: mafdb_c451a256436a5fc45a562eaf2fead8dd42917b32894e636d2b705f5405224a88.json\t Bucket: denethor\t FilePath: mafdb/mafdb_c451a256436a5fc45a562eaf2fead8dd42917b32894e636d2b705f5405224a88.json\t LocalFilePath: /tmp/mafdb/mafdb_c451a256436a5fc45a562eaf2fead8dd42917b32894e636d2b705f5405224a88.json\t FileSize: 355 bytes\t TransferDuration: 44.741857000190066 ms\n",
        "ingestionTime": 1744932993812,
        "eventId": "38913306080901437355603261134981641471952225015224008713"
    },
    {
        "logStreamName": "2025/04/17/[$LATEST]854ee814fedc4a8d8f6934594014d232",
        "timestamp": 1744932993764,
        "message": "FILE_TRANSFER RequestId: 7eb70d8e-07c4-484d-9e27-3726c1e8c9f1\t TransferType: consumed\t Action: download_from_s3\t FileName: mafdb_7511017a4e93687a5be47b55aa4c08eff48c283a8153f5e070747057ad693f80.json\t Bucket: denethor\t FilePath: mafdb/mafdb_7511017a4e93687a5be47b55aa4c08eff48c283a8153f5e070747057ad693f80.json\t LocalFilePath: /tmp/mafdb/mafdb_7511017a4e93687a5be47b55aa4c08eff48c283a8153f5e070747057ad693f80.json\t FileSize: 314 bytes\t TransferDuration: 68.5932760002288 ms\n",
        "ingestionTime": 1744933002782,
        "eventId": "38913306082440188774301874142591381978786474428639019008"
    },
    {
        "logStreamName": "2025/04/17/[$LATEST]854ee814fedc4a8d8f6934594014d232",
        "timestamp": 1744932993832,
        "message": "FILE_TRANSFER RequestId: 7eb70d8e-07c4-484d-9e27-3726c1e8c9f1\t TransferType: consumed\t Action: download_from_s3\t FileName: mafdb_3891ae3bc299950ca7a78c4d495828659f2cb320e0641ad8c6bfc4ced2d8e2b0.json\t Bucket: denethor\t FilePath: mafdb/mafdb_3891ae3bc299950ca7a78c4d495828659f2cb320e0641ad8c6bfc4ced2d8e2b0.json\t LocalFilePath: /tmp/mafdb/mafdb_3891ae3bc299950ca7a78c4d495828659f2cb320e0641ad8c6bfc4ced2d8e2b0.json\t FileSize: 355 bytes\t TransferDuration: 68.4617460001391 ms\n",
        "ingestionTime": 1744933002782,
        "eventId": "38913306083956639447801956516215810821326563011045687297"
    },
    {
        "logStreamName": "2025/04/17/[$LATEST]854ee814fedc4a8d8f6934594014d232",
        "timestamp": 1744932993885,
        "message": "FILE_TRANSFER RequestId: 7eb70d8e-07c4-484d-9e27-3726c1e8c9f1\t TransferType: consumed\t Action: download_from_s3\t FileName: mafdb_58aa863a1439bf886daca0713239dba1882676aea5266e0af5bebad97529db92.json\t Bucket: denethor\t FilePath: mafdb/mafdb_58aa863a1439bf886daca0713239dba1882676aea5266e0af5bebad97529db92.json\t LocalFilePath: /tmp/mafdb/mafdb_58aa863a1439bf886daca0713239dba1882676aea5266e0af5bebad97529db92.json\t FileSize: 314 bytes\t TransferDuration: 52.81537999962893 ms\n",
        "ingestionTime": 1744933002782,
        "eventId": "38913306085138578943324079542717203889776926170862649346"
    },
    {
        "logStreamName": "2025/04/17/[$LATEST]854ee814fedc4a8d8f6934594014d232",
        "timestamp": 1744932993945,
        "message": "FILE_TRANSFER RequestId: 7eb70d8e-07c4-484d-9e27-3726c1e8c9f1\t TransferType: consumed\t Action: download_from_s3\t FileName: mafdb_c1f206b6efa75e1df509578ad4d9fb9ea330d34e7283ccf9d6ad80fdedf66b9a.json\t Bucket: denethor\t FilePath: mafdb/mafdb_c1f206b6efa75e1df509578ad4d9fb9ea330d34e7283ccf9d6ad80fdedf66b9a.json\t LocalFilePath: /tmp/mafdb/mafdb_c1f206b6efa75e1df509578ad4d9fb9ea330d34e7283ccf9d6ad80fdedf66b9a.json\t FileSize: 314 bytes\t TransferDuration: 58.062492000317434 ms\n",
        "ingestionTime": 1744933002782,
        "eventId": "38913306086476623655235916931209346986135827861221474307"
    },
    {
        "logStreamName": "2025/04/17/[$LATEST]854ee814fedc4a8d8f6934594014d232",
        "timestamp": 1744932994034,
        "message": "FILE_TRANSFER RequestId: 7eb70d8e-07c4-484d-9e27-3726c1e8c9f1\t TransferType: consumed\t Action: download_from_s3\t FileName: mafdb_c3c2025f352d34b4b79a48619176577388b06f30619772ddea31df49ee988aff.json\t Bucket: denethor\t FilePath: mafdb/mafdb_c3c2025f352d34b4b79a48619176577388b06f30619772ddea31df49ee988aff.json\t LocalFilePath: /tmp/mafdb/mafdb_c3c2025f352d34b4b79a48619176577388b06f30619772ddea31df49ee988aff.json\t FileSize: 314 bytes\t TransferDuration: 91.0132550002345 ms\n",
        "ingestionTime": 1744933002782,
        "eventId": "38913306088461389977905142390806025912401532035253731332"
    },
    {
        "logStreamName": "2025/04/17/[$LATEST]854ee814fedc4a8d8f6934594014d232",
        "timestamp": 1744932994097,
        "message": "FILE_TRANSFER RequestId: 7eb70d8e-07c4-484d-9e27-3726c1e8c9f1\t TransferType: consumed\t Action: download_from_s3\t FileName: mafdb_c5b5a3a4bd54a110140df77527325958d257fc9b669bca89b332593540c1dc20.json\t Bucket: denethor\t FilePath: mafdb/mafdb_c5b5a3a4bd54a110140df77527325958d257fc9b669bca89b332593540c1dc20.json\t LocalFilePath: /tmp/mafdb/mafdb_c5b5a3a4bd54a110140df77527325958d257fc9b669bca89b332593540c1dc20.json\t FileSize: 273 bytes\t TransferDuration: 62.55523399977392 ms\n",
        "ingestionTime": 1744933002782,
        "eventId": "38913306089866336925412571648722776163578378810130497541"
    },
    {
        "logStreamName": "2025/04/17/[$LATEST]854ee814fedc4a8d8f6934594014d232",
        "timestamp": 1744932994172,
        "message": "FILE_TRANSFER RequestId: 7eb70d8e-07c4-484d-9e27-3726c1e8c9f1\t TransferType: consumed\t Action: download_from_s3\t FileName: mafdb_51e18dc31f0c330513b45085a52c5ecd1e4a0a9130d2805a71368f1cbe17f65e.json\t Bucket: denethor\t FilePath: mafdb/mafdb_51e18dc31f0c330513b45085a52c5ecd1e4a0a9130d2805a71368f1cbe17f65e.json\t LocalFilePath: /tmp/mafdb/mafdb_51e18dc31f0c330513b45085a52c5ecd1e4a0a9130d2805a71368f1cbe17f65e.json\t FileSize: 314 bytes\t TransferDuration: 75.42104899994229 ms\n",
        "ingestionTime": 1744933002782,
        "eventId": "38913306091538892815302368384337955034027005923079028742"
    },
    {
        "logStreamName": "2025/04/17/[$LATEST]854ee814fedc4a8d8f6934594014d232",
        "timestamp": 1744932994216,
        "message": "FILE_TRANSFER RequestId: 7eb70d8e-07c4-484d-9e27-3726c1e8c9f1\t TransferType: consumed\t Action: download_from_s3\t FileName: mafdb_95cfb922ebd546f21edcc627a60ea2a6235550bbba3696739fcaca409f1a0232.json\t Bucket: denethor\t FilePath: mafdb/mafdb_95cfb922ebd546f21edcc627a60ea2a6235550bbba3696739fcaca409f1a0232.json\t LocalFilePath: /tmp/mafdb/mafdb_95cfb922ebd546f21edcc627a60ea2a6235550bbba3696739fcaca409f1a0232.json\t FileSize: 273 bytes\t TransferDuration: 43.461227000079816 ms\n",
        "ingestionTime": 1744933002782,
        "eventId": "38913306092520125604037715802565526638023533829342167047"
    },
    {
        "logStreamName": "2025/04/17/[$LATEST]854ee814fedc4a8d8f6934594014d232",
        "timestamp": 1744932994278,
        "message": "FILE_TRANSFER RequestId: 7eb70d8e-07c4-484d-9e27-3726c1e8c9f1\t TransferType: consumed\t Action: download_from_s3\t FileName: mafdb_783d326a98c97c227099cd46e1eb2739e8954c844e628390759f21e7b4e19db0.json\t Bucket: denethor\t FilePath: mafdb/mafdb_783d326a98c97c227099cd46e1eb2739e8954c844e628390759f21e7b4e19db0.json\t LocalFilePath: /tmp/mafdb/mafdb_783d326a98c97c227099cd46e1eb2739e8954c844e628390759f21e7b4e19db0.json\t FileSize: 273 bytes\t TransferDuration: 61.660743999709666 ms\n",
        "ingestionTime": 1744933002782,
        "eventId": "38913306093902771806346614437340741170927732242712952840"
    },
    {
        "logStreamName": "2025/04/17/[$LATEST]854ee814fedc4a8d8f6934594014d232",
        "timestamp": 1744932994353,
        "message": "FILE_TRANSFER RequestId: 7eb70d8e-07c4-484d-9e27-3726c1e8c9f1\t TransferType: consumed\t Action: download_from_s3\t FileName: mafdb_e7fcb374868f23c5b66908ff13d437f525bdef064d3f7604b08f9b68087e91c4.json\t Bucket: denethor\t FilePath: mafdb/mafdb_e7fcb374868f23c5b66908ff13d437f525bdef064d3f7604b08f9b68087e91c4.json\t LocalFilePath: /tmp/mafdb/mafdb_e7fcb374868f23c5b66908ff13d437f525bdef064d3f7604b08f9b68087e91c4.json\t FileSize: 273 bytes\t TransferDuration: 75.55936800008567 ms\n",
        "ingestionTime": 1744933002782,
        "eventId": "38913306095575327696236411172955920041376359355661484041"
    },
    {
        "logStreamName": "2025/04/17/[$LATEST]854ee814fedc4a8d8f6934594014d232",
        "timestamp": 1744932994413,
        "message": "FILE_TRANSFER RequestId: 7eb70d8e-07c4-484d-9e27-3726c1e8c9f1\t TransferType: consumed\t Action: download_from_s3\t FileName: mafdb_bdf7b87e05be228017da27afd5fd158ebe4fcf138008526635b8bcdbe380f328.json\t Bucket: denethor\t FilePath: mafdb/mafdb_bdf7b87e05be228017da27afd5fd158ebe4fcf138008526635b8bcdbe380f328.json\t LocalFilePath: /tmp/mafdb/mafdb_bdf7b87e05be228017da27afd5fd158ebe4fcf138008526635b8bcdbe380f328.json\t FileSize: 273 bytes\t TransferDuration: 59.88646300011169 ms\n",
        "ingestionTime": 1744933002782,
        "eventId": "38913306096913372408148248561448063137735261046020309002"
    },
    {
        "logStreamName": "2025/04/17/[$LATEST]854ee814fedc4a8d8f6934594014d232",
        "timestamp": 1744932994475,
        "message": "FILE_TRANSFER RequestId: 7eb70d8e-07c4-484d-9e27-3726c1e8c9f1\t TransferType: consumed\t Action: download_from_s3\t FileName: mafdb_1d419943bc17a86fe648d8caad874862360b7c73c08c99b7c26040bc9939b002.json\t Bucket: denethor\t FilePath: mafdb/mafdb_1d419943bc17a86fe648d8caad874862360b7c73c08c99b7c26040bc9939b002.json\t LocalFilePath: /tmp/mafdb/mafdb_1d419943bc17a86fe648d8caad874862360b7c73c08c99b7c26040bc9939b002.json\t FileSize: 273 bytes\t TransferDuration: 61.3634930000444 ms\n",
        "ingestionTime": 1744933002782,
        "eventId": "38913306098296018610457147196223277670639459459391094795"
    },
    {
        "logStreamName": "2025/04/17/[$LATEST]854ee814fedc4a8d8f6934594014d232",
        "timestamp": 1744932994540,
        "message": "FILE_TRANSFER RequestId: 7eb70d8e-07c4-484d-9e27-3726c1e8c9f1\t TransferType: consumed\t Action: download_from_s3\t FileName: mafdb_31199a0a134043b94c15114abad10433bfa58c2f87e3106720f88bf29e76f1ae.json\t Bucket: denethor\t FilePath: mafdb/mafdb_31199a0a134043b94c15114abad10433bfa58c2f87e3106720f88bf29e76f1ae.json\t LocalFilePath: /tmp/mafdb/mafdb_31199a0a134043b94c15114abad10433bfa58c2f87e3106720f88bf29e76f1ae.json\t FileSize: 273 bytes\t TransferDuration: 65.63052399997105 ms\n",
        "ingestionTime": 1744933002782,
        "eventId": "38913306099745567048361637700423099358361602957279821836"
    },
    {
        "logStreamName": "2025/04/17/[$LATEST]854ee814fedc4a8d8f6934594014d232",
        "timestamp": 1744932994593,
        "message": "FILE_TRANSFER RequestId: 7eb70d8e-07c4-484d-9e27-3726c1e8c9f1\t TransferType: consumed\t Action: download_from_s3\t FileName: mafdb_c2a1e960932a069de5927d1067dde414f501136aba941befca2a4654e72bb08a.json\t Bucket: denethor\t FilePath: mafdb/mafdb_c2a1e960932a069de5927d1067dde414f501136aba941befca2a4654e72bb08a.json\t LocalFilePath: /tmp/mafdb/mafdb_c2a1e960932a069de5927d1067dde414f501136aba941befca2a4654e72bb08a.json\t FileSize: 273 bytes\t TransferDuration: 52.879310000207624 ms\n",
        "ingestionTime": 1744933002782,
        "eventId": "38913306100927506543883760726924492426811966117096783885"
    },
    {
        "logStreamName": "2025/04/17/[$LATEST]854ee814fedc4a8d8f6934594014d232",
        "timestamp": 1744932994671,
        "message": "FILE_TRANSFER RequestId: 7eb70d8e-07c4-484d-9e27-3726c1e8c9f1\t TransferType: consumed\t Action: download_from_s3\t FileName: mafdb_49ad0997fa75ff9233f44bffe4f6033aaaf8676ed8f4cbac92057d25395497e6.json\t Bucket: denethor\t FilePath: mafdb/mafdb_49ad0997fa75ff9233f44bffe4f6033aaaf8676ed8f4cbac92057d25395497e6.json\t LocalFilePath: /tmp/mafdb/mafdb_49ad0997fa75ff9233f44bffe4f6033aaaf8676ed8f4cbac92057d25395497e6.json\t FileSize: 273 bytes\t TransferDuration: 77.4847489997228 ms\n",
        "ingestionTime": 1744933002782,
        "eventId": "38913306102666964669369149331964278452078538314563256334"
    },
    {
        "logStreamName": "2025/04/17/[$LATEST]854ee814fedc4a8d8f6934594014d232",
        "timestamp": 1744932994719,
        "message": "FILE_TRANSFER RequestId: 7eb70d8e-07c4-484d-9e27-3726c1e8c9f1\t TransferType: consumed\t Action: download_from_s3\t FileName: mafdb_406ececbafe0a937f2a967e4dae5f862923efb2e1397870f6cc1ba8e050e1da7.json\t Bucket: denethor\t FilePath: mafdb/mafdb_406ececbafe0a937f2a967e4dae5f862923efb2e1397870f6cc1ba8e050e1da7.json\t LocalFilePath: /tmp/mafdb/mafdb_406ececbafe0a937f2a967e4dae5f862923efb2e1397870f6cc1ba8e050e1da7.json\t FileSize: 273 bytes\t TransferDuration: 47.91384800000742 ms\n",
        "ingestionTime": 1744933002782,
        "eventId": "38913306103737400438898619242757992929165659666850316303"
    },
    {
        "logStreamName": "2025/04/17/[$LATEST]854ee814fedc4a8d8f6934594014d232",
        "timestamp": 1744932994796,
        "message": "FILE_TRANSFER RequestId: 7eb70d8e-07c4-484d-9e27-3726c1e8c9f1\t TransferType: consumed\t Action: download_from_s3\t FileName: mafdb_e7f2f9266538f691bae81aa42aeb881fcfc1833e62d05d9141e808a0cb0095fa.json\t Bucket: denethor\t FilePath: mafdb/mafdb_e7f2f9266538f691bae81aa42aeb881fcfc1833e62d05d9141e808a0cb0095fa.json\t LocalFilePath: /tmp/mafdb/mafdb_e7f2f9266538f691bae81aa42aeb881fcfc1833e62d05d9141e808a0cb0095fa.json\t FileSize: 273 bytes\t TransferDuration: 77.3293190000004 ms\n",
        "ingestionTime": 1744933002782,
        "eventId": "38913306105454557819185477224656243236159583502810808336"
    },
    {
        "logStreamName": "2025/04/17/[$LATEST]854ee814fedc4a8d8f6934594014d232",
        "timestamp": 1744932994853,
        "message": "FILE_TRANSFER RequestId: 7eb70d8e-07c4-484d-9e27-3726c1e8c9f1\t TransferType: consumed\t Action: download_from_s3\t FileName: mafdb_e883ff130a9d34d26c58c15a735e96baab78aacec64abad0788f83f54423b943.json\t Bucket: denethor\t FilePath: mafdb/mafdb_e883ff130a9d34d26c58c15a735e96baab78aacec64abad0788f83f54423b943.json\t LocalFilePath: /tmp/mafdb/mafdb_e883ff130a9d34d26c58c15a735e96baab78aacec64abad0788f83f54423b943.json\t FileSize: 273 bytes\t TransferDuration: 56.98928099991463 ms\n",
        "ingestionTime": 1744933002782,
        "eventId": "38913306106725700295501722743723779177700540108651692049"
    },
    {
        "logStreamName": "2025/04/17/[$LATEST]854ee814fedc4a8d8f6934594014d232",
        "timestamp": 1744932994853,
        "message": "CONSUMED_FILES_INFO RequestId: 7eb70d8e-07c4-484d-9e27-3726c1e8c9f1\t FilesCount: 25 files\t FilesSize: 17120 bytes\t TransferDuration: 1706.0996949999208 ms\t ConsumedFiles: ['mafdb_6f7a2b1116e6a791f68a03367473294792b679a6357b6789f3f993b1f83e2e80.json', 'mafdb_54d8ddd695de385cbe16742ebc6fdcb479cd2b8e3c0cd457826222c83fe6bb7c.json', 'mafdb_1f6ccfc97b000b314f6a6c7e2582a4263b17ffc061fef38bd3c9a63fa631759f.json', 'mafdb_bd5d862db8f1d6b261aaeb3b8ecb83d67004ffb7524cb75c5f1f8454224f7c91.json', 'mafdb_861b6fcf310a5a4a01036477cd0e28e972c4aa89be1fcccfc0eab6cd45e9fd74.json', 'mafdb_7d398773bfc3e4435be56d8711457fd7fc190e97e32d7ec51a8a702e16118c4d.json', 'mafdb_c451a256436a5fc45a562eaf2fead8dd42917b32894e636d2b705f5405224a88.json', 'mafdb_7511017a4e93687a5be47b55aa4c08eff48c283a8153f5e070747057ad693f80.json', 'mafdb_3891ae3bc299950ca7a78c4d495828659f2cb320e0641ad8c6bfc4ced2d8e2b0.json', 'mafdb_58aa863a1439bf886daca0713239dba1882676aea5266e0af5bebad97529db92.json', 'mafdb_c1f206b6efa75e1df509578ad4d9fb9ea330d34e7283ccf9d6ad80fdedf66b9a.json', 'mafdb_c3c2025f352d34b4b79a48619176577388b06f30619772ddea31df49ee988aff.json', 'mafdb_c5b5a3a4bd54a110140df77527325958d257fc9b669bca89b332593540c1dc20.json', 'mafdb_51e18dc31f0c330513b45085a52c5ecd1e4a0a9130d2805a71368f1cbe17f65e.json', 'mafdb_95cfb922ebd546f21edcc627a60ea2a6235550bbba3696739fcaca409f1a0232.json', 'mafdb_783d326a98c97c227099cd46e1eb2739e8954c844e628390759f21e7b4e19db0.json', 'mafdb_e7fcb374868f23c5b66908ff13d437f525bdef064d3f7604b08f9b68087e91c4.json', 'mafdb_bdf7b87e05be228017da27afd5fd158ebe4fcf138008526635b8bcdbe380f328.json', 'mafdb_1d419943bc17a86fe648d8caad874862360b7c73c08c99b7c26040bc9939b002.json', 'mafdb_31199a0a134043b94c15114abad10433bfa58c2f87e3106720f88bf29e76f1ae.json', 'mafdb_c2a1e960932a069de5927d1067dde414f501136aba941befca2a4654e72bb08a.json', 'mafdb_49ad0997fa75ff9233f44bffe4f6033aaaf8676ed8f4cbac92057d25395497e6.json', 'mafdb_406ececbafe0a937f2a967e4dae5f862923efb2e1397870f6cc1ba8e050e1da7.json', 'mafdb_e7f2f9266538f691bae81aa42aeb881fcfc1833e62d05d9141e808a0cb0095fa.json', 'mafdb_e883ff130a9d34d26c58c15a735e96baab78aacec64abad0788f83f54423b943.json']\n",
        "ingestionTime": 1744933002782,
        "eventId": "38913306106725700295501722743723779177700540108651692050"
    },
    {
        "logStreamName": "2025/04/17/[$LATEST]854ee814fedc4a8d8f6934594014d232",
        "timestamp": 1744932994856,
        "message": "[INFO] 2025-04-17T23:36:34GMT MAF_DATABASE_AGGREGATOR RequestId: 7eb70d8e-07c4-484d-9e27-3726c1e8c9f1\t Duration: 1.8722899999374931 ms\t InputLength: 25\t MaxMaf: 8\t MafDatabase: {'1': {'tree_ORTHOMCL256_Inner4.nexus': ['tree_ORTHOMCL256_2_Inner4.nexus', 'tree_ORTHOMCL256_2_Inner5.nexus', 'tree_ORTHOMCL256_2_Inner6.nexus', 'tree_ORTHOMCL256_2_Inner7.nexus', 'tree_ORTHOMCL256_2_Inner8.nexus'], 'tree_ORTHOMCL256_Inner5.nexus': ['tree_ORTHOMCL256_2_Inner4.nexus'], 'tree_ORTHOMCL256_Inner6.nexus': ['tree_ORTHOMCL256_2_Inner4.nexus'], 'tree_ORTHOMCL256_Inner7.nexus': ['tree_ORTHOMCL256_2_Inner4.nexus'], 'tree_ORTHOMCL256_Inner8.nexus': ['tree_ORTHOMCL256_2_Inner4.nexus'], 'tree_ORTHOMCL256_2_Inner4.nexus': ['tree_ORTHOMCL256_Inner4.nexus', 'tree_ORTHOMCL256_Inner5.nexus', 'tree_ORTHOMCL256_Inner6.nexus', 'tree_ORTHOMCL256_Inner7.nexus', 'tree_ORTHOMCL256_Inner8.nexus'], 'tree_ORTHOMCL256_2_Inner5.nexus': ['tree_ORTHOMCL256_Inner4.nexus'], 'tree_ORTHOMCL256_2_Inner6.nexus': ['tree_ORTHOMCL256_Inner4.nexus'], 'tree_ORTHOMCL256_2_Inner7.nexus': ['tree_ORTHOMCL256_Inner4.nexus'], 'tree_ORTHOMCL256_2_Inner8.nexus': ['tree_ORTHOMCL256_Inner4.nexus']}, '2': {'tree_ORTHOMCL256_Inner1.nexus': ['tree_ORTHOMCL256_2_Inner1.nexus', 'tree_ORTHOMCL256_2_Inner2.nexus', 'tree_ORTHOMCL256_2_Inner3.nexus', 'tree_ORTHOMCL256_2_Inner5.nexus', 'tree_ORTHOMCL256_2_Inner6.nexus', 'tree_ORTHOMCL256_2_Inner7.nexus', 'tree_ORTHOMCL256_2_Inner8.nexus'], 'tree_ORTHOMCL256_Inner2.nexus': ['tree_ORTHOMCL256_2_Inner1.nexus', 'tree_ORTHOMCL256_2_Inner2.nexus', 'tree_ORTHOMCL256_2_Inner3.nexus', 'tree_ORTHOMCL256_2_Inner5.nexus', 'tree_ORTHOMCL256_2_Inner6.nexus', 'tree_ORTHOMCL256_2_Inner7.nexus', 'tree_ORTHOMCL256_2_Inner8.nexus'], 'tree_ORTHOMCL256_Inner3.nexus': ['tree_ORTHOMCL256_2_Inner1.nexus', 'tree_ORTHOMCL256_2_Inner2.nexus'], 'tree_ORTHOMCL256_Inner5.nexus': ['tree_ORTHOMCL256_2_Inner1.nexus', 'tree_ORTHOMCL256_2_Inner2.nexus'], 'tree_ORTHOMCL256_Inner6.nexus': ['tree_ORTHOMCL256_2_Inner1.nexus', 'tree_ORTHOMCL256_2_Inner2.nexus'], 'tree_ORTHOMCL256_Inner7.nexus': ['tree_ORTHOMCL256_2_Inner1.nexus', 'tree_ORTHOMCL256_2_Inner2.nexus'], 'tree_ORTHOMCL256_Inner8.nexus': ['tree_ORTHOMCL256_2_Inner1.nexus', 'tree_ORTHOMCL256_2_Inner2.nexus'], 'tree_ORTHOMCL256_2_Inner1.nexus': ['tree_ORTHOMCL256_Inner1.nexus', 'tree_ORTHOMCL256_Inner2.nexus', 'tree_ORTHOMCL256_Inner3.nexus', 'tree_ORTHOMCL256_Inner5.nexus', 'tree_ORTHOMCL256_Inner6.nexus', 'tree_ORTHOMCL256_Inner7.nexus', 'tree_ORTHOMCL256_Inner8.nexus'], 'tree_ORTHOMCL256_2_Inner2.nexus': ['tree_ORTHOMCL256_Inner1.nexus', 'tree_ORTHOMCL256_Inner2.nexus', 'tree_ORTHOMCL256_Inner3.nexus', 'tree_ORTHOMCL256_Inner5.nexus', 'tree_ORTHOMCL256_Inner6.nexus', 'tree_ORTHOMCL256_Inner7.nexus', 'tree_ORTHOMCL256_Inner8.nexus'], 'tree_ORTHOMCL256_2_Inner3.nexus': ['tree_ORTHOMCL256_Inner1.nexus', 'tree_ORTHOMCL256_Inner2.nexus'], 'tree_ORTHOMCL256_2_Inner5.nexus': ['tree_ORTHOMCL256_Inner1.nexus', 'tree_ORTHOMCL256_Inner2.nexus'], 'tree_ORTHOMCL256_2_Inner6.nexus': ['tree_ORTHOMCL256_Inner1.nexus', 'tree_ORTHOMCL256_Inner2.nexus'], 'tree_ORTHOMCL256_2_Inner7.nexus': ['tree_ORTHOMCL256_Inner1.nexus', 'tree_ORTHOMCL256_Inner2.nexus'], 'tree_ORTHOMCL256_2_Inner8.nexus': ['tree_ORTHOMCL256_Inner1.nexus', 'tree_ORTHOMCL256_Inner2.nexus']}, '3': {'tree_ORTHOMCL256_Inner3.nexus': ['tree_ORTHOMCL256_2_Inner3.nexus', 'tree_ORTHOMCL256_2_Inner5.nexus', 'tree_ORTHOMCL256_2_Inner6.nexus', 'tree_ORTHOMCL256_2_Inner7.nexus', 'tree_ORTHOMCL256_2_Inner8.nexus'], 'tree_ORTHOMCL256_Inner5.nexus': ['tree_ORTHOMCL256_2_Inner3.nexus'], 'tree_ORTHOMCL256_Inner6.nexus': ['tree_ORTHOMCL256_2_Inner3.nexus'], 'tree_ORTHOMCL256_Inner7.nexus': ['tree_ORTHOMCL256_2_Inner3.nexus'], 'tree_ORTHOMCL256_Inner8.nexus': ['tree_ORTHOMCL256_2_Inner3.nexus'], 'tree_ORTHOMCL256_2_Inner3.nexus': ['tree_ORTHOMCL256_Inner3.nexus', 'tree_ORTHOMCL256_Inner5.nexus', 'tree_ORTHOMCL256_Inner6.nexus', 'tree_ORTHOMCL256_Inner7.nexus', 'tree_ORTHOMCL256_Inner8.nexus'], 'tree_ORTHOMCL256_2_Inner5.nexus': ['tree_ORTHOMCL256_Inner3.nexus'], 'tree_ORTHOMCL256_2_Inner6.nexus': ['tree_ORTHOMCL256_Inner3.nexus'], 'tree_ORTHOMCL256_2_Inner7.nexus': ['tree_ORTHOMCL256_Inner3.nexus'], 'tree_ORTHOMCL256_2_Inner8.nexus': ['tree_ORTHOMCL256_Inner3.nexus']}, '4': {'tree_ORTHOMCL256_Inner5.nexus': ['tree_ORTHOMCL256_2_Inner5.nexus', 'tree_ORTHOMCL256_2_Inner6.nexus', 'tree_ORTHOMCL256_2_Inner7.nexus', 'tree_ORTHOMCL256_2_Inner8.nexus'], 'tree_ORTHOMCL256_Inner6.nexus': ['tree_ORTHOMCL256_2_Inner5.nexus'], 'tree_ORTHOMCL256_Inner7.nexus': ['tree_ORTHOMCL256_2_Inner5.nexus'], 'tree_ORTHOMCL256_Inner8.nexus': ['tree_ORTHOMCL256_2_Inner5.nexus'], 'tree_ORTHOMCL256_2_Inner5.nexus': ['tree_ORTHOMCL256_Inner5.nexus', 'tree_ORTHOMCL256_Inner6.nexus', 'tree_ORTHOMCL256_Inner7.nexus', 'tree_ORTHOMCL256_Inner8.nexus'], 'tree_ORTHOMCL256_2_Inner6.nexus': ['tree_ORTHOMCL256_Inner5.nexus'], 'tree_ORTHOMCL256_2_Inner7.nexus': ['tree_ORTHOMCL256_Inner5.nexus'], 'tree_ORTHOMCL256_2_Inner8.nexus': ['tree_ORTHOMCL256_Inner5.nexus']}, '5': {'tree_ORTHOMCL256_Inner6.nexus': ['tree_ORTHOMCL256_2_Inner6.nexus', 'tree_ORTHOMCL256_2_Inner7.nexus', 'tree_ORTHOMCL256_2_Inner8.nexus'], 'tree_ORTHOMCL256_Inner7.nexus': ['tree_ORTHOMCL256_2_Inner6.nexus'], 'tree_ORTHOMCL256_Inner8.nexus': ['tree_ORTHOMCL256_2_Inner6.nexus'], 'tree_ORTHOMCL256_2_Inner6.nexus': ['tree_ORTHOMCL256_Inner6.nexus', 'tree_ORTHOMCL256_Inner7.nexus', 'tree_ORTHOMCL256_Inner8.nexus'], 'tree_ORTHOMCL256_2_Inner7.nexus': ['tree_ORTHOMCL256_Inner6.nexus'], 'tree_ORTHOMCL256_2_Inner8.nexus': ['tree_ORTHOMCL256_Inner6.nexus']}, '6': {'tree_ORTHOMCL256_Inner7.nexus': ['tree_ORTHOMCL256_2_Inner7.nexus', 'tree_ORTHOMCL256_2_Inner8.nexus'], 'tree_ORTHOMCL256_Inner8.nexus': ['tree_ORTHOMCL256_2_Inner7.nexus'], 'tree_ORTHOMCL256_2_Inner7.nexus': ['tree_ORTHOMCL256_Inner7.nexus', 'tree_ORTHOMCL256_Inner8.nexus'], 'tree_ORTHOMCL256_2_Inner8.nexus': ['tree_ORTHOMCL256_Inner7.nexus']}, '8': {'tree_ORTHOMCL256_Inner8.nexus': ['tree_ORTHOMCL256_2_Inner8.nexus'], 'tree_ORTHOMCL256_2_Inner8.nexus': ['tree_ORTHOMCL256_Inner8.nexus']}}\n",
        "ingestionTime": 1744933002782,
        "eventId": "38913306106792602531097314613148386332518485193169633299"
    },
    {
        "logStreamName": "2025/04/17/[$LATEST]854ee814fedc4a8d8f6934594014d232",
        "timestamp": 1744932994856,
        "message": "[INFO]\t2025-04-17T23:36:34.855Z\t7eb70d8e-07c4-484d-9e27-3726c1e8c9f1\tMAF_DATABASE_AGGREGATOR RequestId: 7eb70d8e-07c4-484d-9e27-3726c1e8c9f1\t Duration: 1.8722899999374931 ms\t InputLength: 25\t MaxMaf: 8\t MafDatabase: {'1': {'tree_ORTHOMCL256_Inner4.nexus': ['tree_ORTHOMCL256_2_Inner4.nexus', 'tree_ORTHOMCL256_2_Inner5.nexus', 'tree_ORTHOMCL256_2_Inner6.nexus', 'tree_ORTHOMCL256_2_Inner7.nexus', 'tree_ORTHOMCL256_2_Inner8.nexus'], 'tree_ORTHOMCL256_Inner5.nexus': ['tree_ORTHOMCL256_2_Inner4.nexus'], 'tree_ORTHOMCL256_Inner6.nexus': ['tree_ORTHOMCL256_2_Inner4.nexus'], 'tree_ORTHOMCL256_Inner7.nexus': ['tree_ORTHOMCL256_2_Inner4.nexus'], 'tree_ORTHOMCL256_Inner8.nexus': ['tree_ORTHOMCL256_2_Inner4.nexus'], 'tree_ORTHOMCL256_2_Inner4.nexus': ['tree_ORTHOMCL256_Inner4.nexus', 'tree_ORTHOMCL256_Inner5.nexus', 'tree_ORTHOMCL256_Inner6.nexus', 'tree_ORTHOMCL256_Inner7.nexus', 'tree_ORTHOMCL256_Inner8.nexus'], 'tree_ORTHOMCL256_2_Inner5.nexus': ['tree_ORTHOMCL256_Inner4.nexus'], 'tree_ORTHOMCL256_2_Inner6.nexus': ['tree_ORTHOMCL256_Inner4.nexus'], 'tree_ORTHOMCL256_2_Inner7.nexus': ['tree_ORTHOMCL256_Inner4.nexus'], 'tree_ORTHOMCL256_2_Inner8.nexus': ['tree_ORTHOMCL256_Inner4.nexus']}, '2': {'tree_ORTHOMCL256_Inner1.nexus': ['tree_ORTHOMCL256_2_Inner1.nexus', 'tree_ORTHOMCL256_2_Inner2.nexus', 'tree_ORTHOMCL256_2_Inner3.nexus', 'tree_ORTHOMCL256_2_Inner5.nexus', 'tree_ORTHOMCL256_2_Inner6.nexus', 'tree_ORTHOMCL256_2_Inner7.nexus', 'tree_ORTHOMCL256_2_Inner8.nexus'], 'tree_ORTHOMCL256_Inner2.nexus': ['tree_ORTHOMCL256_2_Inner1.nexus', 'tree_ORTHOMCL256_2_Inner2.nexus', 'tree_ORTHOMCL256_2_Inner3.nexus', 'tree_ORTHOMCL256_2_Inner5.nexus', 'tree_ORTHOMCL256_2_Inner6.nexus', 'tree_ORTHOMCL256_2_Inner7.nexus', 'tree_ORTHOMCL256_2_Inner8.nexus'], 'tree_ORTHOMCL256_Inner3.nexus': ['tree_ORTHOMCL256_2_Inner1.nexus', 'tree_ORTHOMCL256_2_Inner2.nexus'], 'tree_ORTHOMCL256_Inner5.nexus': ['tree_ORTHOMCL256_2_Inner1.nexus', 'tree_ORTHOMCL256_2_Inner2.nexus'], 'tree_ORTHOMCL256_Inner6.nexus': ['tree_ORTHOMCL256_2_Inner1.nexus', 'tree_ORTHOMCL256_2_Inner2.nexus'], 'tree_ORTHOMCL256_Inner7.nexus': ['tree_ORTHOMCL256_2_Inner1.nexus', 'tree_ORTHOMCL256_2_Inner2.nexus'], 'tree_ORTHOMCL256_Inner8.nexus': ['tree_ORTHOMCL256_2_Inner1.nexus', 'tree_ORTHOMCL256_2_Inner2.nexus'], 'tree_ORTHOMCL256_2_Inner1.nexus': ['tree_ORTHOMCL256_Inner1.nexus', 'tree_ORTHOMCL256_Inner2.nexus', 'tree_ORTHOMCL256_Inner3.nexus', 'tree_ORTHOMCL256_Inner5.nexus', 'tree_ORTHOMCL256_Inner6.nexus', 'tree_ORTHOMCL256_Inner7.nexus', 'tree_ORTHOMCL256_Inner8.nexus'], 'tree_ORTHOMCL256_2_Inner2.nexus': ['tree_ORTHOMCL256_Inner1.nexus', 'tree_ORTHOMCL256_Inner2.nexus', 'tree_ORTHOMCL256_Inner3.nexus', 'tree_ORTHOMCL256_Inner5.nexus', 'tree_ORTHOMCL256_Inner6.nexus', 'tree_ORTHOMCL256_Inner7.nexus', 'tree_ORTHOMCL256_Inner8.nexus'], 'tree_ORTHOMCL256_2_Inner3.nexus': ['tree_ORTHOMCL256_Inner1.nexus', 'tree_ORTHOMCL256_Inner2.nexus'], 'tree_ORTHOMCL256_2_Inner5.nexus': ['tree_ORTHOMCL256_Inner1.nexus', 'tree_ORTHOMCL256_Inner2.nexus'], 'tree_ORTHOMCL256_2_Inner6.nexus': ['tree_ORTHOMCL256_Inner1.nexus', 'tree_ORTHOMCL256_Inner2.nexus'], 'tree_ORTHOMCL256_2_Inner7.nexus': ['tree_ORTHOMCL256_Inner1.nexus', 'tree_ORTHOMCL256_Inner2.nexus'], 'tree_ORTHOMCL256_2_Inner8.nexus': ['tree_ORTHOMCL256_Inner1.nexus', 'tree_ORTHOMCL256_Inner2.nexus']}, '3': {'tree_ORTHOMCL256_Inner3.nexus': ['tree_ORTHOMCL256_2_Inner3.nexus', 'tree_ORTHOMCL256_2_Inner5.nexus', 'tree_ORTHOMCL256_2_Inner6.nexus', 'tree_ORTHOMCL256_2_Inner7.nexus', 'tree_ORTHOMCL256_2_Inner8.nexus'], 'tree_ORTHOMCL256_Inner5.nexus': ['tree_ORTHOMCL256_2_Inner3.nexus'], 'tree_ORTHOMCL256_Inner6.nexus': ['tree_ORTHOMCL256_2_Inner3.nexus'], 'tree_ORTHOMCL256_Inner7.nexus': ['tree_ORTHOMCL256_2_Inner3.nexus'], 'tree_ORTHOMCL256_Inner8.nexus': ['tree_ORTHOMCL256_2_Inner3.nexus'], 'tree_ORTHOMCL256_2_Inner3.nexus': ['tree_ORTHOMCL256_Inner3.nexus', 'tree_ORTHOMCL256_Inner5.nexus', 'tree_ORTHOMCL256_Inner6.nexus', 'tree_ORTHOMCL256_Inner7.nexus', 'tree_ORTHOMCL256_Inner8.nexus'], 'tree_ORTHOMCL256_2_Inner5.nexus': ['tree_ORTHOMCL256_Inner3.nexus'], 'tree_ORTHOMCL256_2_Inner6.nexus': ['tree_ORTHOMCL256_Inner3.nexus'], 'tree_ORTHOMCL256_2_Inner7.nexus': ['tree_ORTHOMCL256_Inner3.nexus'], 'tree_ORTHOMCL256_2_Inner8.nexus': ['tree_ORTHOMCL256_Inner3.nexus']}, '4': {'tree_ORTHOMCL256_Inner5.nexus': ['tree_ORTHOMCL256_2_Inner5.nexus', 'tree_ORTHOMCL256_2_Inner6.nexus', 'tree_ORTHOMCL256_2_Inner7.nexus', 'tree_ORTHOMCL256_2_Inner8.nexus'], 'tree_ORTHOMCL256_Inner6.nexus': ['tree_ORTHOMCL256_2_Inner5.nexus'], 'tree_ORTHOMCL256_Inner7.nexus': ['tree_ORTHOMCL256_2_Inner5.nexus'], 'tree_ORTHOMCL256_Inner8.nexus': ['tree_ORTHOMCL256_2_Inner5.nexus'], 'tree_ORTHOMCL256_2_Inner5.nexus': ['tree_ORTHOMCL256_Inner5.nexus', 'tree_ORTHOMCL256_Inner6.nexus', 'tree_ORTHOMCL256_Inner7.nexus', 'tree_ORTHOMCL256_Inner8.nexus'], 'tree_ORTHOMCL256_2_Inner6.nexus': ['tree_ORTHOMCL256_Inner5.nexus'], 'tree_ORTHOMCL256_2_Inner7.nexus': ['tree_ORTHOMCL256_Inner5.nexus'], 'tree_ORTHOMCL256_2_Inner8.nexus': ['tree_ORTHOMCL256_Inner5.nexus']}, '5': {'tree_ORTHOMCL256_Inner6.nexus': ['tree_ORTHOMCL256_2_Inner6.nexus', 'tree_ORTHOMCL256_2_Inner7.nexus', 'tree_ORTHOMCL256_2_Inner8.nexus'], 'tree_ORTHOMCL256_Inner7.nexus': ['tree_ORTHOMCL256_2_Inner6.nexus'], 'tree_ORTHOMCL256_Inner8.nexus': ['tree_ORTHOMCL256_2_Inner6.nexus'], 'tree_ORTHOMCL256_2_Inner6.nexus': ['tree_ORTHOMCL256_Inner6.nexus', 'tree_ORTHOMCL256_Inner7.nexus', 'tree_ORTHOMCL256_Inner8.nexus'], 'tree_ORTHOMCL256_2_Inner7.nexus': ['tree_ORTHOMCL256_Inner6.nexus'], 'tree_ORTHOMCL256_2_Inner8.nexus': ['tree_ORTHOMCL256_Inner6.nexus']}, '6': {'tree_ORTHOMCL256_Inner7.nexus': ['tree_ORTHOMCL256_2_Inner7.nexus', 'tree_ORTHOMCL256_2_Inner8.nexus'], 'tree_ORTHOMCL256_Inner8.nexus': ['tree_ORTHOMCL256_2_Inner7.nexus'], 'tree_ORTHOMCL256_2_Inner7.nexus': ['tree_ORTHOMCL256_Inner7.nexus', 'tree_ORTHOMCL256_Inner8.nexus'], 'tree_ORTHOMCL256_2_Inner8.nexus': ['tree_ORTHOMCL256_Inner7.nexus']}, '8': {'tree_ORTHOMCL256_Inner8.nexus': ['tree_ORTHOMCL256_2_Inner8.nexus'], 'tree_ORTHOMCL256_2_Inner8.nexus': ['tree_ORTHOMCL256_Inner8.nexus']}}\n",
        "ingestionTime": 1744933002782,
        "eventId": "38913306106792602531097314613148386332518485193169633300"
    },
    {
        "logStreamName": "2025/04/17/[$LATEST]854ee814fedc4a8d8f6934594014d232",
        "timestamp": 1744932994942,
        "message": "FILE_TRANSFER RequestId: 7eb70d8e-07c4-484d-9e27-3726c1e8c9f1\t TransferType: produced\t Action: upload_to_s3\t FileName: mafdb_e05d042487db27110aa46a50ee69789843ea1fbfb0ee88f701e69971c6b74731.json\t Bucket: denethor\t FilePath: mafdb/mafdb_e05d042487db27110aa46a50ee69789843ea1fbfb0ee88f701e69971c6b74731.json\t LocalFilePath: /tmp/mafdb/mafdb_e05d042487db27110aa46a50ee69789843ea1fbfb0ee88f701e69971c6b74731.json\t FileSize: 16385 bytes\t TransferDuration: 86.440661999859 ms\n",
        "ingestionTime": 1744933002782,
        "eventId": "38913306108710466618170948203320458103966244282683949077"
    },
    {
        "logStreamName": "2025/04/17/[$LATEST]854ee814fedc4a8d8f6934594014d232",
        "timestamp": 1744932994942,
        "message": "PRODUCED_FILES_INFO RequestId: 7eb70d8e-07c4-484d-9e27-3726c1e8c9f1\t FilesCount: 1 files\t FilesSize: 16385 bytes\t TransferDuration: 86.440661999859 ms\t Provider: aws_lambda\t  ProducedFiles: ['mafdb_e05d042487db27110aa46a50ee69789843ea1fbfb0ee88f701e69971c6b74731.json']\n",
        "ingestionTime": 1744933002782,
        "eventId": "38913306108710466618170948203320458103966244282683949078"
    },
    {
        "logStreamName": "2025/04/17/[$LATEST]854ee814fedc4a8d8f6934594014d232",
        "timestamp": 1744932994945,
        "message": "END RequestId: 7eb70d8e-07c4-484d-9e27-3726c1e8c9f1\n",
        "ingestionTime": 1744933002782,
        "eventId": "38913306108777368853766540072745065258784189367201890327"
    },
    {
        "logStreamName": "2025/04/17/[$LATEST]854ee814fedc4a8d8f6934594014d232",
        "timestamp": 1744932994945,
        "message": "REPORT RequestId: 7eb70d8e-07c4-484d-9e27-3726c1e8c9f1\tDuration: 1800.17 ms\tBilled Duration: 1801 ms\tMemory Size: 256 MB\tMax Memory Used: 107 MB\tInit Duration: 815.89 ms\t\n",
        "ingestionTime": 1744933002782,
        "eventId": "38913306108777368853766540072745065258784189367201890328"
    }
]