[
    {
        "logStreamName": "2025/04/17/[$LATEST]a389b3be08bf46b68b313559ea4420ac",
        "timestamp": 1744914911821,
        "message": "INIT_START Runtime Version: python:3.10.v64\tRuntime Version ARN: arn:aws:lambda:sa-east-1::runtime:d56bdc8857b2109a058de2ab50bfb80ac2aa600be6f7855a436859944e5fe54b\n",
        "ingestionTime": 1744914917828,
        "eventId": "38912902841636651419890452549433665961336700488932917248"
    },
    {
        "logStreamName": "2025/04/17/[$LATEST]a389b3be08bf46b68b313559ea4420ac",
        "timestamp": 1744914912702,
        "message": "START RequestId: 05ab7f98-e560-46c7-8719-d3d2da613610 Version: $LATEST\n",
        "ingestionTime": 1744914917828,
        "eventId": "38912902861283607939795931537126633759539906975701663745"
    },
    {
        "logStreamName": "2025/04/17/[$LATEST]a389b3be08bf46b68b313559ea4420ac",
        "timestamp": 1744914912702,
        "message": "Directory /tmp/input was created!\n",
        "ingestionTime": 1744914917828,
        "eventId": "38912902861283607939795931537126633759539906975701663746"
    },
    {
        "logStreamName": "2025/04/17/[$LATEST]a389b3be08bf46b68b313559ea4420ac",
        "timestamp": 1744914912703,
        "message": "Directory /tmp/tree was created!\n",
        "ingestionTime": 1744914917828,
        "eventId": "38912902861305908684994462160268169477812555337207644163"
    },
    {
        "logStreamName": "2025/04/17/[$LATEST]a389b3be08bf46b68b313559ea4420ac",
        "timestamp": 1744914912800,
        "message": "FILE_TRANSFER RequestId: 05ab7f98-e560-46c7-8719-d3d2da613610\t TransferType: consumed\t Action: download_from_s3\t FileName: ORTHOMCL1\t Bucket: denethor\t FilePath: data/full_dataset/ORTHOMCL1\t LocalFilePath: /tmp/input/ORTHOMCL1\t FileSize: 1662 bytes\t TransferDuration: 97.7328699999589 ms\n",
        "ingestionTime": 1744914917828,
        "eventId": "38912902863469080969251932604997134150259446403287744516"
    },
    {
        "logStreamName": "2025/04/17/[$LATEST]a389b3be08bf46b68b313559ea4420ac",
        "timestamp": 1744914912800,
        "message": "CONSUMED_FILES_INFO RequestId: 05ab7f98-e560-46c7-8719-d3d2da613610\t FilesCount: 1 files\t FilesSize: 1662 bytes\t TransferDuration: 97.7328699999589 ms\t ConsumedFiles: ['ORTHOMCL1']\n",
        "ingestionTime": 1744914917828,
        "eventId": "38912902863469080969251932604997134150259446403287744517"
    },
    {
        "logStreamName": "2025/04/17/[$LATEST]a389b3be08bf46b68b313559ea4420ac",
        "timestamp": 1744914912830,
        "message": "[INFO]\t2025-04-17T18:35:12.830Z\t05ab7f98-e560-46c7-8719-d3d2da613610\tTREE_CONSTRUCTOR RequestId: 05ab7f98-e560-46c7-8719-d3d2da613610\t Duration: 29.075138000052902 ms\t InputFile:ORTHOMCL1\t OutputFile:['tree_ORTHOMCL1.nexus']\n",
        "ingestionTime": 1744914917828,
        "eventId": "38912902864138103325207851299243205698438897248467156998"
    },
    {
        "logStreamName": "2025/04/17/[$LATEST]a389b3be08bf46b68b313559ea4420ac",
        "timestamp": 1744914912830,
        "message": "[INFO] 2025-04-17T18:35:12GMT TREE_CONSTRUCTOR RequestId: 05ab7f98-e560-46c7-8719-d3d2da613610\t Duration: 29.075138000052902 ms\t InputFile:ORTHOMCL1\t OutputFile:['tree_ORTHOMCL1.nexus']\n",
        "ingestionTime": 1744914917828,
        "eventId": "38912902864138103325207851299243205698438897248467156999"
    },
    {
        "logStreamName": "2025/04/17/[$LATEST]a389b3be08bf46b68b313559ea4420ac",
        "timestamp": 1744914912974,
        "message": "FILE_TRANSFER RequestId: 05ab7f98-e560-46c7-8719-d3d2da613610\t TransferType: produced\t Action: upload_to_s3\t FileName: tree_ORTHOMCL1.nexus\t Bucket: denethor\t FilePath: tree/tree_ORTHOMCL1.nexus\t LocalFilePath: /tmp/tree/tree_ORTHOMCL1.nexus\t FileSize: 339 bytes\t TransferDuration: 43.348642999944786 ms\n",
        "ingestionTime": 1744914917828,
        "eventId": "38912902867349410633796261031624349129700261305328336904"
    },
    {
        "logStreamName": "2025/04/17/[$LATEST]a389b3be08bf46b68b313559ea4420ac",
        "timestamp": 1744914912974,
        "message": "PRODUCED_FILES_INFO RequestId: 05ab7f98-e560-46c7-8719-d3d2da613610\t FilesCount: 1 files\t FilesSize: 339 bytes\t TransferDuration: 43.348642999944786 ms\t Provider: aws_lambda\t  ProducedFiles: ['tree_ORTHOMCL1.nexus']\n",
        "ingestionTime": 1744914917828,
        "eventId": "38912902867349410633796261031624349129700261305328336905"
    },
    {
        "logStreamName": "2025/04/17/[$LATEST]a389b3be08bf46b68b313559ea4420ac",
        "timestamp": 1744914912976,
        "message": "END RequestId: 05ab7f98-e560-46c7-8719-d3d2da613610\n",
        "ingestionTime": 1744914917828,
        "eventId": "38912902867394012124193322277907420566245558028340297738"
    },
    {
        "logStreamName": "2025/04/17/[$LATEST]a389b3be08bf46b68b313559ea4420ac",
        "timestamp": 1744914912976,
        "message": "REPORT RequestId: 05ab7f98-e560-46c7-8719-d3d2da613610\tDuration: 274.28 ms\tBilled Duration: 275 ms\tMemory Size: 1024 MB\tMax Memory Used: 112 MB\tInit Duration: 880.14 ms\t\n",
        "ingestionTime": 1744914917828,
        "eventId": "38912902867394012124193322277907420566245558028340297739"
    },
    {
        "logStreamName": "2025/04/17/[$LATEST]a389b3be08bf46b68b313559ea4420ac",
        "timestamp": 1744914913158,
        "message": "START RequestId: 74853e73-b1fe-4538-a525-c44ab2f913dd Version: $LATEST\n",
        "ingestionTime": 1744914917828,
        "eventId": "38912902871452747750325895689666921291867559822428733452"
    },
    {
        "logStreamName": "2025/04/17/[$LATEST]a389b3be08bf46b68b313559ea4420ac",
        "timestamp": 1744914913202,
        "message": "FILE_TRANSFER RequestId: 74853e73-b1fe-4538-a525-c44ab2f913dd\t TransferType: consumed\t Action: download_from_s3\t FileName: ORTHOMCL256\t Bucket: denethor\t FilePath: data/full_dataset/ORTHOMCL256\t LocalFilePath: /tmp/input/ORTHOMCL256\t FileSize: 2666 bytes\t TransferDuration: 44.29092499992748 ms\n",
        "ingestionTime": 1744914917828,
        "eventId": "38912902872433980539061243107894492895864087728691871757"
    },
    {
        "logStreamName": "2025/04/17/[$LATEST]a389b3be08bf46b68b313559ea4420ac",
        "timestamp": 1744914913203,
        "message": "CONSUMED_FILES_INFO RequestId: 74853e73-b1fe-4538-a525-c44ab2f913dd\t FilesCount: 1 files\t FilesSize: 2666 bytes\t TransferDuration: 44.29092499992748 ms\t ConsumedFiles: ['ORTHOMCL256']\n",
        "ingestionTime": 1744914917828,
        "eventId": "38912902872456281284259773731036028614136736090197852174"
    },
    {
        "logStreamName": "2025/04/17/[$LATEST]a389b3be08bf46b68b313559ea4420ac",
        "timestamp": 1744914913262,
        "message": "[INFO]\t2025-04-17T18:35:13.262Z\t74853e73-b1fe-4538-a525-c44ab2f913dd\tTREE_CONSTRUCTOR RequestId: 74853e73-b1fe-4538-a525-c44ab2f913dd\t Duration: 59.438626000087424 ms\t InputFile:ORTHOMCL256\t OutputFile:['tree_ORTHOMCL256.nexus']\n",
        "ingestionTime": 1744914917828,
        "eventId": "38912902873772025250973080496386635992222989419050696719"
    },
    {
        "logStreamName": "2025/04/17/[$LATEST]a389b3be08bf46b68b313559ea4420ac",
        "timestamp": 1744914913262,
        "message": "[INFO] 2025-04-17T18:35:13GMT TREE_CONSTRUCTOR RequestId: 74853e73-b1fe-4538-a525-c44ab2f913dd\t Duration: 59.438626000087424 ms\t InputFile:ORTHOMCL256\t OutputFile:['tree_ORTHOMCL256.nexus']\n",
        "ingestionTime": 1744914917828,
        "eventId": "38912902873772025250973080496386635992222989419050696720"
    },
    {
        "logStreamName": "2025/04/17/[$LATEST]a389b3be08bf46b68b313559ea4420ac",
        "timestamp": 1744914913403,
        "message": "FILE_TRANSFER RequestId: 74853e73-b1fe-4538-a525-c44ab2f913dd\t TransferType: produced\t Action: upload_to_s3\t FileName: tree_ORTHOMCL256.nexus\t Bucket: denethor\t FilePath: tree/tree_ORTHOMCL256.nexus\t LocalFilePath: /tmp/tree/tree_ORTHOMCL256.nexus\t FileSize: 640 bytes\t TransferDuration: 40.56185599995388 ms\n",
        "ingestionTime": 1744914917828,
        "eventId": "38912902876916430323965898359343172268666408391393935377"
    },
    {
        "logStreamName": "2025/04/17/[$LATEST]a389b3be08bf46b68b313559ea4420ac",
        "timestamp": 1744914913403,
        "message": "PRODUCED_FILES_INFO RequestId: 74853e73-b1fe-4538-a525-c44ab2f913dd\t FilesCount: 1 files\t FilesSize: 640 bytes\t TransferDuration: 40.56185599995388 ms\t Provider: aws_lambda\t  ProducedFiles: ['tree_ORTHOMCL256.nexus']\n",
        "ingestionTime": 1744914917828,
        "eventId": "38912902876916430323965898359343172268666408391393935378"
    },
    {
        "logStreamName": "2025/04/17/[$LATEST]a389b3be08bf46b68b313559ea4420ac",
        "timestamp": 1744914913404,
        "message": "END RequestId: 74853e73-b1fe-4538-a525-c44ab2f913dd\n",
        "ingestionTime": 1744914917828,
        "eventId": "38912902876938731069164428982484707986939056752899915795"
    },
    {
        "logStreamName": "2025/04/17/[$LATEST]a389b3be08bf46b68b313559ea4420ac",
        "timestamp": 1744914913404,
        "message": "REPORT RequestId: 74853e73-b1fe-4538-a525-c44ab2f913dd\tDuration: 246.63 ms\tBilled Duration: 247 ms\tMemory Size: 1024 MB\tMax Memory Used: 112 MB\t\n",
        "ingestionTime": 1744914917828,
        "eventId": "38912902876938731069164428982484707986939056752899915796"
    }
]