[
    {
        "logStreamName": "2025/04/17/[$LATEST]e08c5c5c81a640a8950489ca96a005f8",
        "timestamp": 1744914916508,
        "message": "INIT_START Runtime Version: python:3.10.v64\tRuntime Version ARN: arn:aws:lambda:sa-east-1::runtime:d56bdc8857b2109a058de2ab50bfb80ac2aa600be6f7855a436859944e5fe54b\n",
        "ingestionTime": 1744914923670,
        "eventId": "38912902946160244165403483220873789351953670963517587456"
    },
    {
        "logStreamName": "2025/04/17/[$LATEST]e08c5c5c81a640a8950489ca96a005f8",
        "timestamp": 1744914917295,
        "message": "START RequestId: e8db8c09-7993-47ce-a6f0-694027d23874 Version: $LATEST\n",
        "ingestionTime": 1744914923670,
        "eventId": "38912902963710930636647083633262399632527931468724174849"
    },
    {
        "logStreamName": "2025/04/17/[$LATEST]e08c5c5c81a640a8950489ca96a005f8",
        "timestamp": 1744914917296,
        "message": "Directory /tmp/subtree was created!\n",
        "ingestionTime": 1744914923670,
        "eventId": "38912902963733231381845614256403935350800579830230155266"
    },
    {
        "logStreamName": "2025/04/17/[$LATEST]e08c5c5c81a640a8950489ca96a005f8",
        "timestamp": 1744914917296,
        "message": "Directory /tmp/mafdb was created!\n",
        "ingestionTime": 1744914923670,
        "eventId": "38912902963733231381845614256403935350800579830230155267"
    },
    {
        "logStreamName": "2025/04/17/[$LATEST]e08c5c5c81a640a8950489ca96a005f8",
        "timestamp": 1744914917304,
        "message": "[INFO] 2025-04-17T18:35:17GMT File tree_ORTHOMCL1_Inner1.nexus already exists in local path. Skipping download.\n",
        "ingestionTime": 1744914923670,
        "eventId": "38912902963911637343433859241536221096981766722277998596"
    },
    {
        "logStreamName": "2025/04/17/[$LATEST]e08c5c5c81a640a8950489ca96a005f8",
        "timestamp": 1744914917304,
        "message": "[INFO]\t2025-04-17T18:35:17.304Z\te8db8c09-7993-47ce-a6f0-694027d23874\tFile tree_ORTHOMCL1_Inner1.nexus already exists in local path. Skipping download.\n",
        "ingestionTime": 1744914923670,
        "eventId": "38912902963911637343433859241536221096981766722277998597"
    },
    {
        "logStreamName": "2025/04/17/[$LATEST]e08c5c5c81a640a8950489ca96a005f8",
        "timestamp": 1744914917305,
        "message": "[INFO]\t2025-04-17T18:35:17.304Z\te8db8c09-7993-47ce-a6f0-694027d23874\tFILE_TRANSFER RequestId: e8db8c09-7993-47ce-a6f0-694027d23874\t TransferType: consumed\t Action: download_from_s3\t FileName: tree_ORTHOMCL1_Inner1.nexus\t Bucket: denethor\t FilePath: subtree/tree_ORTHOMCL1_Inner1.nexus\t FilePathLocal: /tmp/subtree\t FileSize: 185 bytes\t TransferDuration: 0 ms\n",
        "ingestionTime": 1744914923670,
        "eventId": "38912902963933938088632389864677756815254415083783979014"
    },
    {
        "logStreamName": "2025/04/17/[$LATEST]e08c5c5c81a640a8950489ca96a005f8",
        "timestamp": 1744914917305,
        "message": "[INFO] 2025-04-17T18:35:17GMT FILE_TRANSFER RequestId: e8db8c09-7993-47ce-a6f0-694027d23874\t TransferType: consumed\t Action: download_from_s3\t FileName: tree_ORTHOMCL1_Inner1.nexus\t Bucket: denethor\t FilePath: subtree/tree_ORTHOMCL1_Inner1.nexus\t FilePathLocal: /tmp/subtree\t FileSize: 185 bytes\t TransferDuration: 0 ms\n",
        "ingestionTime": 1744914923670,
        "eventId": "38912902963933938088632389864677756815254415083783979015"
    },
    {
        "logStreamName": "2025/04/17/[$LATEST]e08c5c5c81a640a8950489ca96a005f8",
        "timestamp": 1744914917308,
        "message": "[INFO] 2025-04-17T18:35:17GMT File tree_ORTHOMCL1_Inner2.nexus already exists in local path. Skipping download.\n",
        "ingestionTime": 1744914923670,
        "eventId": "38912902964000840324227981734102363970072360168301920264"
    },
    {
        "logStreamName": "2025/04/17/[$LATEST]e08c5c5c81a640a8950489ca96a005f8",
        "timestamp": 1744914917308,
        "message": "[INFO]\t2025-04-17T18:35:17.308Z\te8db8c09-7993-47ce-a6f0-694027d23874\tFile tree_ORTHOMCL1_Inner2.nexus already exists in local path. Skipping download.\n",
        "ingestionTime": 1744914923670,
        "eventId": "38912902964000840324227981734102363970072360168301920265"
    },
    {
        "logStreamName": "2025/04/17/[$LATEST]e08c5c5c81a640a8950489ca96a005f8",
        "timestamp": 1744914917308,
        "message": "[INFO] 2025-04-17T18:35:17GMT FILE_TRANSFER RequestId: e8db8c09-7993-47ce-a6f0-694027d23874\t TransferType: consumed\t Action: download_from_s3\t FileName: tree_ORTHOMCL1_Inner2.nexus\t Bucket: denethor\t FilePath: subtree/tree_ORTHOMCL1_Inner2.nexus\t FilePathLocal: /tmp/subtree\t FileSize: 185 bytes\t TransferDuration: 0 ms\n",
        "ingestionTime": 1744914923670,
        "eventId": "38912902964000840324227981734102363970072360168301920266"
    },
    {
        "logStreamName": "2025/04/17/[$LATEST]e08c5c5c81a640a8950489ca96a005f8",
        "timestamp": 1744914917308,
        "message": "[INFO]\t2025-04-17T18:35:17.308Z\te8db8c09-7993-47ce-a6f0-694027d23874\tFILE_TRANSFER RequestId: e8db8c09-7993-47ce-a6f0-694027d23874\t TransferType: consumed\t Action: download_from_s3\t FileName: tree_ORTHOMCL1_Inner2.nexus\t Bucket: denethor\t FilePath: subtree/tree_ORTHOMCL1_Inner2.nexus\t FilePathLocal: /tmp/subtree\t FileSize: 185 bytes\t TransferDuration: 0 ms\n",
        "ingestionTime": 1744914923670,
        "eventId": "38912902964000840324227981734102363970072360168301920267"
    },
    {
        "logStreamName": "2025/04/17/[$LATEST]e08c5c5c81a640a8950489ca96a005f8",
        "timestamp": 1744914917312,
        "message": "[INFO] 2025-04-17T18:35:17GMT File tree_ORTHOMCL1_Inner3.nexus already exists in local path. Skipping download.\n",
        "ingestionTime": 1744914923670,
        "eventId": "38912902964090043305022104226668506843162953614325841932"
    },
    {
        "logStreamName": "2025/04/17/[$LATEST]e08c5c5c81a640a8950489ca96a005f8",
        "timestamp": 1744914917312,
        "message": "[INFO]\t2025-04-17T18:35:17.312Z\te8db8c09-7993-47ce-a6f0-694027d23874\tFile tree_ORTHOMCL1_Inner3.nexus already exists in local path. Skipping download.\n",
        "ingestionTime": 1744914923670,
        "eventId": "38912902964090043305022104226668506843162953614325841933"
    },
    {
        "logStreamName": "2025/04/17/[$LATEST]e08c5c5c81a640a8950489ca96a005f8",
        "timestamp": 1744914917312,
        "message": "[INFO] 2025-04-17T18:35:17GMT FILE_TRANSFER RequestId: e8db8c09-7993-47ce-a6f0-694027d23874\t TransferType: consumed\t Action: download_from_s3\t FileName: tree_ORTHOMCL1_Inner3.nexus\t Bucket: denethor\t FilePath: subtree/tree_ORTHOMCL1_Inner3.nexus\t FilePathLocal: /tmp/subtree\t FileSize: 339 bytes\t TransferDuration: 0 ms\n",
        "ingestionTime": 1744914923670,
        "eventId": "38912902964090043305022104226668506843162953614325841934"
    },
    {
        "logStreamName": "2025/04/17/[$LATEST]e08c5c5c81a640a8950489ca96a005f8",
        "timestamp": 1744914917312,
        "message": "[INFO]\t2025-04-17T18:35:17.312Z\te8db8c09-7993-47ce-a6f0-694027d23874\tFILE_TRANSFER RequestId: e8db8c09-7993-47ce-a6f0-694027d23874\t TransferType: consumed\t Action: download_from_s3\t FileName: tree_ORTHOMCL1_Inner3.nexus\t Bucket: denethor\t FilePath: subtree/tree_ORTHOMCL1_Inner3.nexus\t FilePathLocal: /tmp/subtree\t FileSize: 339 bytes\t TransferDuration: 0 ms\n",
        "ingestionTime": 1744914923670,
        "eventId": "38912902964090043305022104226668506843162953614325841935"
    },
    {
        "logStreamName": "2025/04/17/[$LATEST]e08c5c5c81a640a8950489ca96a005f8",
        "timestamp": 1744914917316,
        "message": "[INFO] 2025-04-17T18:35:17GMT File tree_ORTHOMCL256_Inner1.nexus already exists in local path. Skipping download.\n",
        "ingestionTime": 1744914923670,
        "eventId": "38912902964179246285816226719234649716253547060349763600"
    },
    {
        "logStreamName": "2025/04/17/[$LATEST]e08c5c5c81a640a8950489ca96a005f8",
        "timestamp": 1744914917316,
        "message": "[INFO]\t2025-04-17T18:35:17.316Z\te8db8c09-7993-47ce-a6f0-694027d23874\tFile tree_ORTHOMCL256_Inner1.nexus already exists in local path. Skipping download.\n",
        "ingestionTime": 1744914923670,
        "eventId": "38912902964179246285816226719234649716253547060349763601"
    },
    {
        "logStreamName": "2025/04/17/[$LATEST]e08c5c5c81a640a8950489ca96a005f8",
        "timestamp": 1744914917316,
        "message": "[INFO]\t2025-04-17T18:35:17.316Z\te8db8c09-7993-47ce-a6f0-694027d23874\tFILE_TRANSFER RequestId: e8db8c09-7993-47ce-a6f0-694027d23874\t TransferType: consumed\t Action: download_from_s3\t FileName: tree_ORTHOMCL256_Inner1.nexus\t Bucket: denethor\t FilePath: subtree/tree_ORTHOMCL256_Inner1.nexus\t FilePathLocal: /tmp/subtree\t FileSize: 187 bytes\t TransferDuration: 0 ms\n",
        "ingestionTime": 1744914923670,
        "eventId": "38912902964179246285816226719234649716253547060349763602"
    },
    {
        "logStreamName": "2025/04/17/[$LATEST]e08c5c5c81a640a8950489ca96a005f8",
        "timestamp": 1744914917316,
        "message": "[INFO] 2025-04-17T18:35:17GMT FILE_TRANSFER RequestId: e8db8c09-7993-47ce-a6f0-694027d23874\t TransferType: consumed\t Action: download_from_s3\t FileName: tree_ORTHOMCL256_Inner1.nexus\t Bucket: denethor\t FilePath: subtree/tree_ORTHOMCL256_Inner1.nexus\t FilePathLocal: /tmp/subtree\t FileSize: 187 bytes\t TransferDuration: 0 ms\n",
        "ingestionTime": 1744914923670,
        "eventId": "38912902964179246285816226719234649716253547060349763603"
    },
    {
        "logStreamName": "2025/04/17/[$LATEST]e08c5c5c81a640a8950489ca96a005f8",
        "timestamp": 1744914917328,
        "message": "[INFO] 2025-04-17T18:35:17GMT File tree_ORTHOMCL256_Inner2.nexus already exists in local path. Skipping download.\n",
        "ingestionTime": 1744914923670,
        "eventId": "38912902964446855228198594196933078335525327398421528596"
    },
    {
        "logStreamName": "2025/04/17/[$LATEST]e08c5c5c81a640a8950489ca96a005f8",
        "timestamp": 1744914917328,
        "message": "[INFO]\t2025-04-17T18:35:17.328Z\te8db8c09-7993-47ce-a6f0-694027d23874\tFile tree_ORTHOMCL256_Inner2.nexus already exists in local path. Skipping download.\n",
        "ingestionTime": 1744914923670,
        "eventId": "38912902964446855228198594196933078335525327398421528597"
    },
    {
        "logStreamName": "2025/04/17/[$LATEST]e08c5c5c81a640a8950489ca96a005f8",
        "timestamp": 1744914917328,
        "message": "[INFO] 2025-04-17T18:35:17GMT FILE_TRANSFER RequestId: e8db8c09-7993-47ce-a6f0-694027d23874\t TransferType: consumed\t Action: download_from_s3\t FileName: tree_ORTHOMCL256_Inner2.nexus\t Bucket: denethor\t FilePath: subtree/tree_ORTHOMCL256_Inner2.nexus\t FilePathLocal: /tmp/subtree\t FileSize: 245 bytes\t TransferDuration: 0 ms\n",
        "ingestionTime": 1744914923670,
        "eventId": "38912902964446855228198594196933078335525327398421528598"
    },
    {
        "logStreamName": "2025/04/17/[$LATEST]e08c5c5c81a640a8950489ca96a005f8",
        "timestamp": 1744914917328,
        "message": "[INFO]\t2025-04-17T18:35:17.328Z\te8db8c09-7993-47ce-a6f0-694027d23874\tFILE_TRANSFER RequestId: e8db8c09-7993-47ce-a6f0-694027d23874\t TransferType: consumed\t Action: download_from_s3\t FileName: tree_ORTHOMCL256_Inner2.nexus\t Bucket: denethor\t FilePath: subtree/tree_ORTHOMCL256_Inner2.nexus\t FilePathLocal: /tmp/subtree\t FileSize: 245 bytes\t TransferDuration: 0 ms\n",
        "ingestionTime": 1744914923670,
        "eventId": "38912902964446855228198594196933078335525327398421528599"
    },
    {
        "logStreamName": "2025/04/17/[$LATEST]e08c5c5c81a640a8950489ca96a005f8",
        "timestamp": 1744914917332,
        "message": "[INFO] 2025-04-17T18:35:17GMT File tree_ORTHOMCL256_Inner3.nexus already exists in local path. Skipping download.\n",
        "ingestionTime": 1744914923670,
        "eventId": "38912902964536058208992716689499221208615920844445450264"
    },
    {
        "logStreamName": "2025/04/17/[$LATEST]e08c5c5c81a640a8950489ca96a005f8",
        "timestamp": 1744914917332,
        "message": "[INFO]\t2025-04-17T18:35:17.331Z\te8db8c09-7993-47ce-a6f0-694027d23874\tFile tree_ORTHOMCL256_Inner3.nexus already exists in local path. Skipping download.\n",
        "ingestionTime": 1744914923670,
        "eventId": "38912902964536058208992716689499221208615920844445450265"
    },
    {
        "logStreamName": "2025/04/17/[$LATEST]e08c5c5c81a640a8950489ca96a005f8",
        "timestamp": 1744914917332,
        "message": "[INFO] 2025-04-17T18:35:17GMT FILE_TRANSFER RequestId: e8db8c09-7993-47ce-a6f0-694027d23874\t TransferType: consumed\t Action: download_from_s3\t FileName: tree_ORTHOMCL256_Inner3.nexus\t Bucket: denethor\t FilePath: subtree/tree_ORTHOMCL256_Inner3.nexus\t FilePathLocal: /tmp/subtree\t FileSize: 301 bytes\t TransferDuration: 0 ms\n",
        "ingestionTime": 1744914923670,
        "eventId": "38912902964536058208992716689499221208615920844445450266"
    },
    {
        "logStreamName": "2025/04/17/[$LATEST]e08c5c5c81a640a8950489ca96a005f8",
        "timestamp": 1744914917332,
        "message": "[INFO]\t2025-04-17T18:35:17.332Z\te8db8c09-7993-47ce-a6f0-694027d23874\tFILE_TRANSFER RequestId: e8db8c09-7993-47ce-a6f0-694027d23874\t TransferType: consumed\t Action: download_from_s3\t FileName: tree_ORTHOMCL256_Inner3.nexus\t Bucket: denethor\t FilePath: subtree/tree_ORTHOMCL256_Inner3.nexus\t FilePathLocal: /tmp/subtree\t FileSize: 301 bytes\t TransferDuration: 0 ms\n",
        "ingestionTime": 1744914923670,
        "eventId": "38912902964536058208992716689499221208615920844445450267"
    },
    {
        "logStreamName": "2025/04/17/[$LATEST]e08c5c5c81a640a8950489ca96a005f8",
        "timestamp": 1744914917335,
        "message": "[INFO] 2025-04-17T18:35:17GMT File tree_ORTHOMCL256_Inner4.nexus already exists in local path. Skipping download.\n",
        "ingestionTime": 1744914923670,
        "eventId": "38912902964602960444588308558923828363433865928963391516"
    },
    {
        "logStreamName": "2025/04/17/[$LATEST]e08c5c5c81a640a8950489ca96a005f8",
        "timestamp": 1744914917335,
        "message": "[INFO]\t2025-04-17T18:35:17.335Z\te8db8c09-7993-47ce-a6f0-694027d23874\tFile tree_ORTHOMCL256_Inner4.nexus already exists in local path. Skipping download.\n",
        "ingestionTime": 1744914923670,
        "eventId": "38912902964602960444588308558923828363433865928963391517"
    },
    {
        "logStreamName": "2025/04/17/[$LATEST]e08c5c5c81a640a8950489ca96a005f8",
        "timestamp": 1744914917335,
        "message": "[INFO] 2025-04-17T18:35:17GMT FILE_TRANSFER RequestId: e8db8c09-7993-47ce-a6f0-694027d23874\t TransferType: consumed\t Action: download_from_s3\t FileName: tree_ORTHOMCL256_Inner4.nexus\t Bucket: denethor\t FilePath: subtree/tree_ORTHOMCL256_Inner4.nexus\t FilePathLocal: /tmp/subtree\t FileSize: 191 bytes\t TransferDuration: 0 ms\n",
        "ingestionTime": 1744914923670,
        "eventId": "38912902964602960444588308558923828363433865928963391518"
    },
    {
        "logStreamName": "2025/04/17/[$LATEST]e08c5c5c81a640a8950489ca96a005f8",
        "timestamp": 1744914917335,
        "message": "[INFO]\t2025-04-17T18:35:17.335Z\te8db8c09-7993-47ce-a6f0-694027d23874\tFILE_TRANSFER RequestId: e8db8c09-7993-47ce-a6f0-694027d23874\t TransferType: consumed\t Action: download_from_s3\t FileName: tree_ORTHOMCL256_Inner4.nexus\t Bucket: denethor\t FilePath: subtree/tree_ORTHOMCL256_Inner4.nexus\t FilePathLocal: /tmp/subtree\t FileSize: 191 bytes\t TransferDuration: 0 ms\n",
        "ingestionTime": 1744914923670,
        "eventId": "38912902964602960444588308558923828363433865928963391519"
    },
    {
        "logStreamName": "2025/04/17/[$LATEST]e08c5c5c81a640a8950489ca96a005f8",
        "timestamp": 1744914917351,
        "message": "[INFO] 2025-04-17T18:35:17GMT File tree_ORTHOMCL256_Inner5.nexus already exists in local path. Skipping download.\n",
        "ingestionTime": 1744914923670,
        "eventId": "38912902964959772367764798529188399855796239713059078176"
    },
    {
        "logStreamName": "2025/04/17/[$LATEST]e08c5c5c81a640a8950489ca96a005f8",
        "timestamp": 1744914917351,
        "message": "[INFO]\t2025-04-17T18:35:17.350Z\te8db8c09-7993-47ce-a6f0-694027d23874\tFile tree_ORTHOMCL256_Inner5.nexus already exists in local path. Skipping download.\n",
        "ingestionTime": 1744914923670,
        "eventId": "38912902964959772367764798529188399855796239713059078177"
    },
    {
        "logStreamName": "2025/04/17/[$LATEST]e08c5c5c81a640a8950489ca96a005f8",
        "timestamp": 1744914917351,
        "message": "[INFO] 2025-04-17T18:35:17GMT FILE_TRANSFER RequestId: e8db8c09-7993-47ce-a6f0-694027d23874\t TransferType: consumed\t Action: download_from_s3\t FileName: tree_ORTHOMCL256_Inner5.nexus\t Bucket: denethor\t FilePath: subtree/tree_ORTHOMCL256_Inner5.nexus\t FilePathLocal: /tmp/subtree\t FileSize: 421 bytes\t TransferDuration: 0 ms\n",
        "ingestionTime": 1744914923670,
        "eventId": "38912902964959772367764798529188399855796239713059078178"
    },
    {
        "logStreamName": "2025/04/17/[$LATEST]e08c5c5c81a640a8950489ca96a005f8",
        "timestamp": 1744914917351,
        "message": "[INFO]\t2025-04-17T18:35:17.351Z\te8db8c09-7993-47ce-a6f0-694027d23874\tFILE_TRANSFER RequestId: e8db8c09-7993-47ce-a6f0-694027d23874\t TransferType: consumed\t Action: download_from_s3\t FileName: tree_ORTHOMCL256_Inner5.nexus\t Bucket: denethor\t FilePath: subtree/tree_ORTHOMCL256_Inner5.nexus\t FilePathLocal: /tmp/subtree\t FileSize: 421 bytes\t TransferDuration: 0 ms\n",
        "ingestionTime": 1744914923670,
        "eventId": "38912902964959772367764798529188399855796239713059078179"
    },
    {
        "logStreamName": "2025/04/17/[$LATEST]e08c5c5c81a640a8950489ca96a005f8",
        "timestamp": 1744914917354,
        "message": "[INFO] 2025-04-17T18:35:17GMT File tree_ORTHOMCL256_Inner6.nexus already exists in local path. Skipping download.\n",
        "ingestionTime": 1744914923670,
        "eventId": "38912902965026674603360390398613007010614184797577019428"
    },
    {
        "logStreamName": "2025/04/17/[$LATEST]e08c5c5c81a640a8950489ca96a005f8",
        "timestamp": 1744914917354,
        "message": "[INFO]\t2025-04-17T18:35:17.354Z\te8db8c09-7993-47ce-a6f0-694027d23874\tFile tree_ORTHOMCL256_Inner6.nexus already exists in local path. Skipping download.\n",
        "ingestionTime": 1744914923670,
        "eventId": "38912902965026674603360390398613007010614184797577019429"
    },
    {
        "logStreamName": "2025/04/17/[$LATEST]e08c5c5c81a640a8950489ca96a005f8",
        "timestamp": 1744914917354,
        "message": "[INFO] 2025-04-17T18:35:17GMT FILE_TRANSFER RequestId: e8db8c09-7993-47ce-a6f0-694027d23874\t TransferType: consumed\t Action: download_from_s3\t FileName: tree_ORTHOMCL256_Inner6.nexus\t Bucket: denethor\t FilePath: subtree/tree_ORTHOMCL256_Inner6.nexus\t FilePathLocal: /tmp/subtree\t FileSize: 481 bytes\t TransferDuration: 0 ms\n",
        "ingestionTime": 1744914923670,
        "eventId": "38912902965026674603360390398613007010614184797577019430"
    },
    {
        "logStreamName": "2025/04/17/[$LATEST]e08c5c5c81a640a8950489ca96a005f8",
        "timestamp": 1744914917354,
        "message": "[INFO]\t2025-04-17T18:35:17.354Z\te8db8c09-7993-47ce-a6f0-694027d23874\tFILE_TRANSFER RequestId: e8db8c09-7993-47ce-a6f0-694027d23874\t TransferType: consumed\t Action: download_from_s3\t FileName: tree_ORTHOMCL256_Inner6.nexus\t Bucket: denethor\t FilePath: subtree/tree_ORTHOMCL256_Inner6.nexus\t FilePathLocal: /tmp/subtree\t FileSize: 481 bytes\t TransferDuration: 0 ms\n",
        "ingestionTime": 1744914923670,
        "eventId": "38912902965026674603360390398613007010614184797577019431"
    },
    {
        "logStreamName": "2025/04/17/[$LATEST]e08c5c5c81a640a8950489ca96a005f8",
        "timestamp": 1744914917358,
        "message": "[INFO] 2025-04-17T18:35:17GMT File tree_ORTHOMCL256_Inner7.nexus already exists in local path. Skipping download.\n",
        "ingestionTime": 1744914923670,
        "eventId": "38912902965115877584154512891179149883704778243600941096"
    },
    {
        "logStreamName": "2025/04/17/[$LATEST]e08c5c5c81a640a8950489ca96a005f8",
        "timestamp": 1744914917358,
        "message": "[INFO]\t2025-04-17T18:35:17.357Z\te8db8c09-7993-47ce-a6f0-694027d23874\tFile tree_ORTHOMCL256_Inner7.nexus already exists in local path. Skipping download.\n",
        "ingestionTime": 1744914923670,
        "eventId": "38912902965115877584154512891179149883704778243600941097"
    },
    {
        "logStreamName": "2025/04/17/[$LATEST]e08c5c5c81a640a8950489ca96a005f8",
        "timestamp": 1744914917358,
        "message": "[INFO] 2025-04-17T18:35:17GMT FILE_TRANSFER RequestId: e8db8c09-7993-47ce-a6f0-694027d23874\t TransferType: consumed\t Action: download_from_s3\t FileName: tree_ORTHOMCL256_Inner7.nexus\t Bucket: denethor\t FilePath: subtree/tree_ORTHOMCL256_Inner7.nexus\t FilePathLocal: /tmp/subtree\t FileSize: 539 bytes\t TransferDuration: 0 ms\n",
        "ingestionTime": 1744914923670,
        "eventId": "38912902965115877584154512891179149883704778243600941098"
    },
    {
        "logStreamName": "2025/04/17/[$LATEST]e08c5c5c81a640a8950489ca96a005f8",
        "timestamp": 1744914917358,
        "message": "[INFO]\t2025-04-17T18:35:17.358Z\te8db8c09-7993-47ce-a6f0-694027d23874\tFILE_TRANSFER RequestId: e8db8c09-7993-47ce-a6f0-694027d23874\t TransferType: consumed\t Action: download_from_s3\t FileName: tree_ORTHOMCL256_Inner7.nexus\t Bucket: denethor\t FilePath: subtree/tree_ORTHOMCL256_Inner7.nexus\t FilePathLocal: /tmp/subtree\t FileSize: 539 bytes\t TransferDuration: 0 ms\n",
        "ingestionTime": 1744914923670,
        "eventId": "38912902965115877584154512891179149883704778243600941099"
    },
    {
        "logStreamName": "2025/04/17/[$LATEST]e08c5c5c81a640a8950489ca96a005f8",
        "timestamp": 1744914917371,
        "message": "[INFO] 2025-04-17T18:35:17GMT File tree_ORTHOMCL256_Inner8.nexus already exists in local path. Skipping download.\n",
        "ingestionTime": 1744914923670,
        "eventId": "38912902965405787271735410992019114221249206943178686508"
    },
    {
        "logStreamName": "2025/04/17/[$LATEST]e08c5c5c81a640a8950489ca96a005f8",
        "timestamp": 1744914917371,
        "message": "[INFO]\t2025-04-17T18:35:17.371Z\te8db8c09-7993-47ce-a6f0-694027d23874\tFile tree_ORTHOMCL256_Inner8.nexus already exists in local path. Skipping download.\n",
        "ingestionTime": 1744914923670,
        "eventId": "38912902965405787271735410992019114221249206943178686509"
    },
    {
        "logStreamName": "2025/04/17/[$LATEST]e08c5c5c81a640a8950489ca96a005f8",
        "timestamp": 1744914917371,
        "message": "[INFO] 2025-04-17T18:35:17GMT FILE_TRANSFER RequestId: e8db8c09-7993-47ce-a6f0-694027d23874\t TransferType: consumed\t Action: download_from_s3\t FileName: tree_ORTHOMCL256_Inner8.nexus\t Bucket: denethor\t FilePath: subtree/tree_ORTHOMCL256_Inner8.nexus\t FilePathLocal: /tmp/subtree\t FileSize: 640 bytes\t TransferDuration: 0 ms\n",
        "ingestionTime": 1744914923670,
        "eventId": "38912902965405787271735410992019114221249206943178686510"
    },
    {
        "logStreamName": "2025/04/17/[$LATEST]e08c5c5c81a640a8950489ca96a005f8",
        "timestamp": 1744914917371,
        "message": "[INFO]\t2025-04-17T18:35:17.371Z\te8db8c09-7993-47ce-a6f0-694027d23874\tFILE_TRANSFER RequestId: e8db8c09-7993-47ce-a6f0-694027d23874\t TransferType: consumed\t Action: download_from_s3\t FileName: tree_ORTHOMCL256_Inner8.nexus\t Bucket: denethor\t FilePath: subtree/tree_ORTHOMCL256_Inner8.nexus\t FilePathLocal: /tmp/subtree\t FileSize: 640 bytes\t TransferDuration: 0 ms\n",
        "ingestionTime": 1744914923670,
        "eventId": "38912902965405787271735410992019114221249206943178686511"
    },
    {
        "logStreamName": "2025/04/17/[$LATEST]e08c5c5c81a640a8950489ca96a005f8",
        "timestamp": 1744914917372,
        "message": "[INFO] 2025-04-17T18:35:17GMT CONSUMED_FILES_INFO RequestId: e8db8c09-7993-47ce-a6f0-694027d23874\t FilesCount: 11 files\t FilesSize: 3714 bytes\t TransferDuration: 0 ms\t ConsumedFiles: ['tree_ORTHOMCL1_Inner1.nexus', 'tree_ORTHOMCL1_Inner2.nexus', 'tree_ORTHOMCL1_Inner3.nexus', 'tree_ORTHOMCL256_Inner1.nexus', 'tree_ORTHOMCL256_Inner2.nexus', 'tree_ORTHOMCL256_Inner3.nexus', 'tree_ORTHOMCL256_Inner4.nexus', 'tree_ORTHOMCL256_Inner5.nexus', 'tree_ORTHOMCL256_Inner6.nexus', 'tree_ORTHOMCL256_Inner7.nexus', 'tree_ORTHOMCL256_Inner8.nexus']\n",
        "ingestionTime": 1744914923670,
        "eventId": "38912902965428088016933941615160649939521855304684666928"
    },
    {
        "logStreamName": "2025/04/17/[$LATEST]e08c5c5c81a640a8950489ca96a005f8",
        "timestamp": 1744914917372,
        "message": "[INFO]\t2025-04-17T18:35:17.372Z\te8db8c09-7993-47ce-a6f0-694027d23874\tCONSUMED_FILES_INFO RequestId: e8db8c09-7993-47ce-a6f0-694027d23874\t FilesCount: 11 files\t FilesSize: 3714 bytes\t TransferDuration: 0 ms\t ConsumedFiles: ['tree_ORTHOMCL1_Inner1.nexus', 'tree_ORTHOMCL1_Inner2.nexus', 'tree_ORTHOMCL1_Inner3.nexus', 'tree_ORTHOMCL256_Inner1.nexus', 'tree_ORTHOMCL256_Inner2.nexus', 'tree_ORTHOMCL256_Inner3.nexus', 'tree_ORTHOMCL256_Inner4.nexus', 'tree_ORTHOMCL256_Inner5.nexus', 'tree_ORTHOMCL256_Inner6.nexus', 'tree_ORTHOMCL256_Inner7.nexus', 'tree_ORTHOMCL256_Inner8.nexus']\n",
        "ingestionTime": 1744914923670,
        "eventId": "38912902965428088016933941615160649939521855304684666929"
    },
    {
        "logStreamName": "2025/04/17/[$LATEST]e08c5c5c81a640a8950489ca96a005f8",
        "timestamp": 1744914917372,
        "message": "subtree_matrix: processing file tree_ORTHOMCL1_Inner1.nexus of ['tree_ORTHOMCL1_Inner1.nexus', 'tree_ORTHOMCL1_Inner2.nexus', 'tree_ORTHOMCL1_Inner3.nexus']\n",
        "ingestionTime": 1744914923670,
        "eventId": "38912902965428088016933941615160649939521855304684666930"
    },
    {
        "logStreamName": "2025/04/17/[$LATEST]e08c5c5c81a640a8950489ca96a005f8",
        "timestamp": 1744914917388,
        "message": "subtree_matrix: processing file tree_ORTHOMCL1_Inner2.nexus of ['tree_ORTHOMCL1_Inner1.nexus', 'tree_ORTHOMCL1_Inner2.nexus', 'tree_ORTHOMCL1_Inner3.nexus']\n",
        "ingestionTime": 1744914923670,
        "eventId": "38912902965784899940110431585425221431884229088780353587"
    },
    {
        "logStreamName": "2025/04/17/[$LATEST]e08c5c5c81a640a8950489ca96a005f8",
        "timestamp": 1744914917408,
        "message": "subtree_matrix: processing file tree_ORTHOMCL1_Inner3.nexus of ['tree_ORTHOMCL1_Inner1.nexus', 'tree_ORTHOMCL1_Inner2.nexus', 'tree_ORTHOMCL1_Inner3.nexus']\n",
        "ingestionTime": 1744914923670,
        "eventId": "38912902966230914844081044048255935797337196318899961908"
    },
    {
        "logStreamName": "2025/04/17/[$LATEST]e08c5c5c81a640a8950489ca96a005f8",
        "timestamp": 1744914917417,
        "message": "Tempo de construção do maf_database: 45.48091399999521 milissegundos\n",
        "ingestionTime": 1744914923670,
        "eventId": "38912902966431621550867819656529757261791031572453785653"
    },
    {
        "logStreamName": "2025/04/17/[$LATEST]e08c5c5c81a640a8950489ca96a005f8",
        "timestamp": 1744914917418,
        "message": "[INFO] 2025-04-17T18:35:17GMT MAF_DATABASE_CREATOR RequestId: e8db8c09-7993-47ce-a6f0-694027d23874\t Duration: 45.48091399999521 ms\t InputSubtrees: ['tree_ORTHOMCL1_Inner1.nexus', 'tree_ORTHOMCL1_Inner2.nexus', 'tree_ORTHOMCL1_Inner3.nexus']\t MafDatabaseFile: mafdb_6f7a2b1116e6a791f68a03367473294792b679a6357b6789f3f993b1f83e2e80.json\n",
        "ingestionTime": 1744914923670,
        "eventId": "38912902966453922296066350279671292980063679933959766070"
    },
    {
        "logStreamName": "2025/04/17/[$LATEST]e08c5c5c81a640a8950489ca96a005f8",
        "timestamp": 1744914917418,
        "message": "[INFO]\t2025-04-17T18:35:17.418Z\te8db8c09-7993-47ce-a6f0-694027d23874\tMAF_DATABASE_CREATOR RequestId: e8db8c09-7993-47ce-a6f0-694027d23874\t Duration: 45.48091399999521 ms\t InputSubtrees: ['tree_ORTHOMCL1_Inner1.nexus', 'tree_ORTHOMCL1_Inner2.nexus', 'tree_ORTHOMCL1_Inner3.nexus']\t MafDatabaseFile: mafdb_6f7a2b1116e6a791f68a03367473294792b679a6357b6789f3f993b1f83e2e80.json\n",
        "ingestionTime": 1744914923670,
        "eventId": "38912902966453922296066350279671292980063679933959766071"
    },
    {
        "logStreamName": "2025/04/17/[$LATEST]e08c5c5c81a640a8950489ca96a005f8",
        "timestamp": 1744914917599,
        "message": "FILE_TRANSFER RequestId: e8db8c09-7993-47ce-a6f0-694027d23874\t TransferType: produced\t Action: upload_to_s3\t FileName: mafdb_6f7a2b1116e6a791f68a03367473294792b679a6357b6789f3f993b1f83e2e80.json\t Bucket: denethor\t FilePath: mafdb/mafdb_6f7a2b1116e6a791f68a03367473294792b679a6357b6789f3f993b1f83e2e80.json\t LocalFilePath: /tmp/mafdb/mafdb_6f7a2b1116e6a791f68a03367473294792b679a6357b6789f3f993b1f83e2e80.json\t FileSize: 185 bytes\t TransferDuration: 80.68342100000336 ms\n",
        "ingestionTime": 1744914923670,
        "eventId": "38912902970490357177000393068289257987413033366542221368"
    },
    {
        "logStreamName": "2025/04/17/[$LATEST]e08c5c5c81a640a8950489ca96a005f8",
        "timestamp": 1744914917599,
        "message": "PRODUCED_FILES_INFO RequestId: e8db8c09-7993-47ce-a6f0-694027d23874\t FilesCount: 1 files\t FilesSize: 185 bytes\t TransferDuration: 80.68342100000336 ms\t Provider: aws_lambda\t  ProducedFiles: ['mafdb_6f7a2b1116e6a791f68a03367473294792b679a6357b6789f3f993b1f83e2e80.json']\n",
        "ingestionTime": 1744914923670,
        "eventId": "38912902970490357177000393068289257987413033366542221369"
    },
    {
        "logStreamName": "2025/04/17/[$LATEST]e08c5c5c81a640a8950489ca96a005f8",
        "timestamp": 1744914917602,
        "message": "END RequestId: e8db8c09-7993-47ce-a6f0-694027d23874\n",
        "ingestionTime": 1744914923670,
        "eventId": "38912902970557259412595984937713865142230978451060162618"
    },
    {
        "logStreamName": "2025/04/17/[$LATEST]e08c5c5c81a640a8950489ca96a005f8",
        "timestamp": 1744914917602,
        "message": "REPORT RequestId: e8db8c09-7993-47ce-a6f0-694027d23874\tDuration: 306.90 ms\tBilled Duration: 307 ms\tMemory Size: 1024 MB\tMax Memory Used: 107 MB\tInit Duration: 784.82 ms\t\n",
        "ingestionTime": 1744914923670,
        "eventId": "38912902970557259412595984937713865142230978451060162619"
    },
    {
        "logStreamName": "2025/04/17/[$LATEST]e08c5c5c81a640a8950489ca96a005f8",
        "timestamp": 1744914917920,
        "message": "START RequestId: 0465ecea-0cea-4fcf-a0d9-00a54647b3d8 Version: $LATEST\n",
        "ingestionTime": 1744914923670,
        "eventId": "38912902977648896385728723096722223552933157409961934908"
    },
    {
        "logStreamName": "2025/04/17/[$LATEST]e08c5c5c81a640a8950489ca96a005f8",
        "timestamp": 1744914917924,
        "message": "[INFO] 2025-04-17T18:35:17GMT File tree_ORTHOMCL1_Inner1.nexus already exists in local path. Skipping download.\n",
        "ingestionTime": 1744914923670,
        "eventId": "38912902977738099366522845589288366426023750855985856573"
    },
    {
        "logStreamName": "2025/04/17/[$LATEST]e08c5c5c81a640a8950489ca96a005f8",
        "timestamp": 1744914917924,
        "message": "[INFO]\t2025-04-17T18:35:17.924Z\t0465ecea-0cea-4fcf-a0d9-00a54647b3d8\tFile tree_ORTHOMCL1_Inner1.nexus already exists in local path. Skipping download.\n",
        "ingestionTime": 1744914923670,
        "eventId": "38912902977738099366522845589288366426023750855985856574"
    },
    {
        "logStreamName": "2025/04/17/[$LATEST]e08c5c5c81a640a8950489ca96a005f8",
        "timestamp": 1744914917924,
        "message": "[INFO] 2025-04-17T18:35:17GMT FILE_TRANSFER RequestId: 0465ecea-0cea-4fcf-a0d9-00a54647b3d8\t TransferType: consumed\t Action: download_from_s3\t FileName: tree_ORTHOMCL1_Inner1.nexus\t Bucket: denethor\t FilePath: subtree/tree_ORTHOMCL1_Inner1.nexus\t FilePathLocal: /tmp/subtree\t FileSize: 185 bytes\t TransferDuration: 0 ms\n",
        "ingestionTime": 1744914923670,
        "eventId": "38912902977738099366522845589288366426023750855985856575"
    },
    {
        "logStreamName": "2025/04/17/[$LATEST]e08c5c5c81a640a8950489ca96a005f8",
        "timestamp": 1744914917924,
        "message": "[INFO]\t2025-04-17T18:35:17.924Z\t0465ecea-0cea-4fcf-a0d9-00a54647b3d8\tFILE_TRANSFER RequestId: 0465ecea-0cea-4fcf-a0d9-00a54647b3d8\t TransferType: consumed\t Action: download_from_s3\t FileName: tree_ORTHOMCL1_Inner1.nexus\t Bucket: denethor\t FilePath: subtree/tree_ORTHOMCL1_Inner1.nexus\t FilePathLocal: /tmp/subtree\t FileSize: 185 bytes\t TransferDuration: 0 ms\n",
        "ingestionTime": 1744914923670,
        "eventId": "38912902977738099366522845589288366426023750855985856576"
    },
    {
        "logStreamName": "2025/04/17/[$LATEST]e08c5c5c81a640a8950489ca96a005f8",
        "timestamp": 1744914917927,
        "message": "[INFO] 2025-04-17T18:35:17GMT File tree_ORTHOMCL1_Inner2.nexus already exists in local path. Skipping download.\n",
        "ingestionTime": 1744914923670,
        "eventId": "38912902977805001602118437458712973580841695940503797825"
    },
    {
        "logStreamName": "2025/04/17/[$LATEST]e08c5c5c81a640a8950489ca96a005f8",
        "timestamp": 1744914917927,
        "message": "[INFO]\t2025-04-17T18:35:17.927Z\t0465ecea-0cea-4fcf-a0d9-00a54647b3d8\tFile tree_ORTHOMCL1_Inner2.nexus already exists in local path. Skipping download.\n",
        "ingestionTime": 1744914923670,
        "eventId": "38912902977805001602118437458712973580841695940503797826"
    },
    {
        "logStreamName": "2025/04/17/[$LATEST]e08c5c5c81a640a8950489ca96a005f8",
        "timestamp": 1744914917928,
        "message": "[INFO] 2025-04-17T18:35:17GMT FILE_TRANSFER RequestId: 0465ecea-0cea-4fcf-a0d9-00a54647b3d8\t TransferType: consumed\t Action: download_from_s3\t FileName: tree_ORTHOMCL1_Inner2.nexus\t Bucket: denethor\t FilePath: subtree/tree_ORTHOMCL1_Inner2.nexus\t FilePathLocal: /tmp/subtree\t FileSize: 185 bytes\t TransferDuration: 0 ms\n",
        "ingestionTime": 1744914923670,
        "eventId": "38912902977827302347316968081854509299114344302009778243"
    },
    {
        "logStreamName": "2025/04/17/[$LATEST]e08c5c5c81a640a8950489ca96a005f8",
        "timestamp": 1744914917928,
        "message": "[INFO]\t2025-04-17T18:35:17.928Z\t0465ecea-0cea-4fcf-a0d9-00a54647b3d8\tFILE_TRANSFER RequestId: 0465ecea-0cea-4fcf-a0d9-00a54647b3d8\t TransferType: consumed\t Action: download_from_s3\t FileName: tree_ORTHOMCL1_Inner2.nexus\t Bucket: denethor\t FilePath: subtree/tree_ORTHOMCL1_Inner2.nexus\t FilePathLocal: /tmp/subtree\t FileSize: 185 bytes\t TransferDuration: 0 ms\n",
        "ingestionTime": 1744914923670,
        "eventId": "38912902977827302347316968081854509299114344302009778244"
    },
    {
        "logStreamName": "2025/04/17/[$LATEST]e08c5c5c81a640a8950489ca96a005f8",
        "timestamp": 1744914917931,
        "message": "[INFO] 2025-04-17T18:35:17GMT File tree_ORTHOMCL1_Inner3.nexus already exists in local path. Skipping download.\n",
        "ingestionTime": 1744914923670,
        "eventId": "38912902977894204582912559951279116453932289386527719493"
    },
    {
        "logStreamName": "2025/04/17/[$LATEST]e08c5c5c81a640a8950489ca96a005f8",
        "timestamp": 1744914917931,
        "message": "[INFO]\t2025-04-17T18:35:17.931Z\t0465ecea-0cea-4fcf-a0d9-00a54647b3d8\tFile tree_ORTHOMCL1_Inner3.nexus already exists in local path. Skipping download.\n",
        "ingestionTime": 1744914923670,
        "eventId": "38912902977894204582912559951279116453932289386527719494"
    },
    {
        "logStreamName": "2025/04/17/[$LATEST]e08c5c5c81a640a8950489ca96a005f8",
        "timestamp": 1744914917931,
        "message": "[INFO] 2025-04-17T18:35:17GMT FILE_TRANSFER RequestId: 0465ecea-0cea-4fcf-a0d9-00a54647b3d8\t TransferType: consumed\t Action: download_from_s3\t FileName: tree_ORTHOMCL1_Inner3.nexus\t Bucket: denethor\t FilePath: subtree/tree_ORTHOMCL1_Inner3.nexus\t FilePathLocal: /tmp/subtree\t FileSize: 339 bytes\t TransferDuration: 0 ms\n",
        "ingestionTime": 1744914923670,
        "eventId": "38912902977894204582912559951279116453932289386527719495"
    },
    {
        "logStreamName": "2025/04/17/[$LATEST]e08c5c5c81a640a8950489ca96a005f8",
        "timestamp": 1744914917931,
        "message": "[INFO]\t2025-04-17T18:35:17.931Z\t0465ecea-0cea-4fcf-a0d9-00a54647b3d8\tFILE_TRANSFER RequestId: 0465ecea-0cea-4fcf-a0d9-00a54647b3d8\t TransferType: consumed\t Action: download_from_s3\t FileName: tree_ORTHOMCL1_Inner3.nexus\t Bucket: denethor\t FilePath: subtree/tree_ORTHOMCL1_Inner3.nexus\t FilePathLocal: /tmp/subtree\t FileSize: 339 bytes\t TransferDuration: 0 ms\n",
        "ingestionTime": 1744914923670,
        "eventId": "38912902977894204582912559951279116453932289386527719496"
    },
    {
        "logStreamName": "2025/04/17/[$LATEST]e08c5c5c81a640a8950489ca96a005f8",
        "timestamp": 1744914917934,
        "message": "[INFO] 2025-04-17T18:35:17GMT File tree_ORTHOMCL256_Inner1.nexus already exists in local path. Skipping download.\n",
        "ingestionTime": 1744914923670,
        "eventId": "38912902977961106818508151820703723608750234471045660745"
    },
    {
        "logStreamName": "2025/04/17/[$LATEST]e08c5c5c81a640a8950489ca96a005f8",
        "timestamp": 1744914917934,
        "message": "[INFO]\t2025-04-17T18:35:17.934Z\t0465ecea-0cea-4fcf-a0d9-00a54647b3d8\tFile tree_ORTHOMCL256_Inner1.nexus already exists in local path. Skipping download.\n",
        "ingestionTime": 1744914923670,
        "eventId": "38912902977961106818508151820703723608750234471045660746"
    },
    {
        "logStreamName": "2025/04/17/[$LATEST]e08c5c5c81a640a8950489ca96a005f8",
        "timestamp": 1744914917934,
        "message": "[INFO] 2025-04-17T18:35:17GMT FILE_TRANSFER RequestId: 0465ecea-0cea-4fcf-a0d9-00a54647b3d8\t TransferType: consumed\t Action: download_from_s3\t FileName: tree_ORTHOMCL256_Inner1.nexus\t Bucket: denethor\t FilePath: subtree/tree_ORTHOMCL256_Inner1.nexus\t FilePathLocal: /tmp/subtree\t FileSize: 187 bytes\t TransferDuration: 0 ms\n",
        "ingestionTime": 1744914923670,
        "eventId": "38912902977961106818508151820703723608750234471045660747"
    },
    {
        "logStreamName": "2025/04/17/[$LATEST]e08c5c5c81a640a8950489ca96a005f8",
        "timestamp": 1744914917934,
        "message": "[INFO]\t2025-04-17T18:35:17.934Z\t0465ecea-0cea-4fcf-a0d9-00a54647b3d8\tFILE_TRANSFER RequestId: 0465ecea-0cea-4fcf-a0d9-00a54647b3d8\t TransferType: consumed\t Action: download_from_s3\t FileName: tree_ORTHOMCL256_Inner1.nexus\t Bucket: denethor\t FilePath: subtree/tree_ORTHOMCL256_Inner1.nexus\t FilePathLocal: /tmp/subtree\t FileSize: 187 bytes\t TransferDuration: 0 ms\n",
        "ingestionTime": 1744914923670,
        "eventId": "38912902977961106818508151820703723608750234471045660748"
    },
    {
        "logStreamName": "2025/04/17/[$LATEST]e08c5c5c81a640a8950489ca96a005f8",
        "timestamp": 1744914917937,
        "message": "[INFO] 2025-04-17T18:35:17GMT File tree_ORTHOMCL256_Inner2.nexus already exists in local path. Skipping download.\n",
        "ingestionTime": 1744914923670,
        "eventId": "38912902978028009054103743690128330763568179555563601997"
    },
    {
        "logStreamName": "2025/04/17/[$LATEST]e08c5c5c81a640a8950489ca96a005f8",
        "timestamp": 1744914917937,
        "message": "[INFO]\t2025-04-17T18:35:17.937Z\t0465ecea-0cea-4fcf-a0d9-00a54647b3d8\tFile tree_ORTHOMCL256_Inner2.nexus already exists in local path. Skipping download.\n",
        "ingestionTime": 1744914923670,
        "eventId": "38912902978028009054103743690128330763568179555563601998"
    },
    {
        "logStreamName": "2025/04/17/[$LATEST]e08c5c5c81a640a8950489ca96a005f8",
        "timestamp": 1744914917938,
        "message": "[INFO] 2025-04-17T18:35:17GMT FILE_TRANSFER RequestId: 0465ecea-0cea-4fcf-a0d9-00a54647b3d8\t TransferType: consumed\t Action: download_from_s3\t FileName: tree_ORTHOMCL256_Inner2.nexus\t Bucket: denethor\t FilePath: subtree/tree_ORTHOMCL256_Inner2.nexus\t FilePathLocal: /tmp/subtree\t FileSize: 245 bytes\t TransferDuration: 0 ms\n",
        "ingestionTime": 1744914923670,
        "eventId": "38912902978050309799302274313269866481840827917069582415"
    },
    {
        "logStreamName": "2025/04/17/[$LATEST]e08c5c5c81a640a8950489ca96a005f8",
        "timestamp": 1744914917938,
        "message": "[INFO]\t2025-04-17T18:35:17.937Z\t0465ecea-0cea-4fcf-a0d9-00a54647b3d8\tFILE_TRANSFER RequestId: 0465ecea-0cea-4fcf-a0d9-00a54647b3d8\t TransferType: consumed\t Action: download_from_s3\t FileName: tree_ORTHOMCL256_Inner2.nexus\t Bucket: denethor\t FilePath: subtree/tree_ORTHOMCL256_Inner2.nexus\t FilePathLocal: /tmp/subtree\t FileSize: 245 bytes\t TransferDuration: 0 ms\n",
        "ingestionTime": 1744914923670,
        "eventId": "38912902978050309799302274313269866481840827917069582416"
    },
    {
        "logStreamName": "2025/04/17/[$LATEST]e08c5c5c81a640a8950489ca96a005f8",
        "timestamp": 1744914917949,
        "message": "[INFO] 2025-04-17T18:35:17GMT File tree_ORTHOMCL256_Inner3.nexus already exists in local path. Skipping download.\n",
        "ingestionTime": 1744914923670,
        "eventId": "38912902978295617996486111167826759382839959893635366993"
    },
    {
        "logStreamName": "2025/04/17/[$LATEST]e08c5c5c81a640a8950489ca96a005f8",
        "timestamp": 1744914917949,
        "message": "[INFO]\t2025-04-17T18:35:17.949Z\t0465ecea-0cea-4fcf-a0d9-00a54647b3d8\tFile tree_ORTHOMCL256_Inner3.nexus already exists in local path. Skipping download.\n",
        "ingestionTime": 1744914923670,
        "eventId": "38912902978295617996486111167826759382839959893635366994"
    },
    {
        "logStreamName": "2025/04/17/[$LATEST]e08c5c5c81a640a8950489ca96a005f8",
        "timestamp": 1744914917949,
        "message": "[INFO] 2025-04-17T18:35:17GMT FILE_TRANSFER RequestId: 0465ecea-0cea-4fcf-a0d9-00a54647b3d8\t TransferType: consumed\t Action: download_from_s3\t FileName: tree_ORTHOMCL256_Inner3.nexus\t Bucket: denethor\t FilePath: subtree/tree_ORTHOMCL256_Inner3.nexus\t FilePathLocal: /tmp/subtree\t FileSize: 301 bytes\t TransferDuration: 0 ms\n",
        "ingestionTime": 1744914923670,
        "eventId": "38912902978295617996486111167826759382839959893635366995"
    },
    {
        "logStreamName": "2025/04/17/[$LATEST]e08c5c5c81a640a8950489ca96a005f8",
        "timestamp": 1744914917949,
        "message": "[INFO]\t2025-04-17T18:35:17.949Z\t0465ecea-0cea-4fcf-a0d9-00a54647b3d8\tFILE_TRANSFER RequestId: 0465ecea-0cea-4fcf-a0d9-00a54647b3d8\t TransferType: consumed\t Action: download_from_s3\t FileName: tree_ORTHOMCL256_Inner3.nexus\t Bucket: denethor\t FilePath: subtree/tree_ORTHOMCL256_Inner3.nexus\t FilePathLocal: /tmp/subtree\t FileSize: 301 bytes\t TransferDuration: 0 ms\n",
        "ingestionTime": 1744914923670,
        "eventId": "38912902978295617996486111167826759382839959893635366996"
    },
    {
        "logStreamName": "2025/04/17/[$LATEST]e08c5c5c81a640a8950489ca96a005f8",
        "timestamp": 1744914917953,
        "message": "[INFO] 2025-04-17T18:35:17GMT File tree_ORTHOMCL256_Inner4.nexus already exists in local path. Skipping download.\n",
        "ingestionTime": 1744914923670,
        "eventId": "38912902978384820977280233660392902255930553339659288661"
    },
    {
        "logStreamName": "2025/04/17/[$LATEST]e08c5c5c81a640a8950489ca96a005f8",
        "timestamp": 1744914917953,
        "message": "[INFO]\t2025-04-17T18:35:17.953Z\t0465ecea-0cea-4fcf-a0d9-00a54647b3d8\tFile tree_ORTHOMCL256_Inner4.nexus already exists in local path. Skipping download.\n",
        "ingestionTime": 1744914923670,
        "eventId": "38912902978384820977280233660392902255930553339659288662"
    },
    {
        "logStreamName": "2025/04/17/[$LATEST]e08c5c5c81a640a8950489ca96a005f8",
        "timestamp": 1744914917953,
        "message": "[INFO] 2025-04-17T18:35:17GMT FILE_TRANSFER RequestId: 0465ecea-0cea-4fcf-a0d9-00a54647b3d8\t TransferType: consumed\t Action: download_from_s3\t FileName: tree_ORTHOMCL256_Inner4.nexus\t Bucket: denethor\t FilePath: subtree/tree_ORTHOMCL256_Inner4.nexus\t FilePathLocal: /tmp/subtree\t FileSize: 191 bytes\t TransferDuration: 0 ms\n",
        "ingestionTime": 1744914923670,
        "eventId": "38912902978384820977280233660392902255930553339659288663"
    },
    {
        "logStreamName": "2025/04/17/[$LATEST]e08c5c5c81a640a8950489ca96a005f8",
        "timestamp": 1744914917953,
        "message": "[INFO]\t2025-04-17T18:35:17.953Z\t0465ecea-0cea-4fcf-a0d9-00a54647b3d8\tFILE_TRANSFER RequestId: 0465ecea-0cea-4fcf-a0d9-00a54647b3d8\t TransferType: consumed\t Action: download_from_s3\t FileName: tree_ORTHOMCL256_Inner4.nexus\t Bucket: denethor\t FilePath: subtree/tree_ORTHOMCL256_Inner4.nexus\t FilePathLocal: /tmp/subtree\t FileSize: 191 bytes\t TransferDuration: 0 ms\n",
        "ingestionTime": 1744914923670,
        "eventId": "38912902978384820977280233660392902255930553339659288664"
    },
    {
        "logStreamName": "2025/04/17/[$LATEST]e08c5c5c81a640a8950489ca96a005f8",
        "timestamp": 1744914917956,
        "message": "[INFO] 2025-04-17T18:35:17GMT File tree_ORTHOMCL256_Inner5.nexus already exists in local path. Skipping download.\n",
        "ingestionTime": 1744914923670,
        "eventId": "38912902978451723212875825529817509410748498424177229913"
    },
    {
        "logStreamName": "2025/04/17/[$LATEST]e08c5c5c81a640a8950489ca96a005f8",
        "timestamp": 1744914917956,
        "message": "[INFO]\t2025-04-17T18:35:17.956Z\t0465ecea-0cea-4fcf-a0d9-00a54647b3d8\tFile tree_ORTHOMCL256_Inner5.nexus already exists in local path. Skipping download.\n",
        "ingestionTime": 1744914923670,
        "eventId": "38912902978451723212875825529817509410748498424177229914"
    },
    {
        "logStreamName": "2025/04/17/[$LATEST]e08c5c5c81a640a8950489ca96a005f8",
        "timestamp": 1744914917956,
        "message": "[INFO] 2025-04-17T18:35:17GMT FILE_TRANSFER RequestId: 0465ecea-0cea-4fcf-a0d9-00a54647b3d8\t TransferType: consumed\t Action: download_from_s3\t FileName: tree_ORTHOMCL256_Inner5.nexus\t Bucket: denethor\t FilePath: subtree/tree_ORTHOMCL256_Inner5.nexus\t FilePathLocal: /tmp/subtree\t FileSize: 421 bytes\t TransferDuration: 0 ms\n",
        "ingestionTime": 1744914923670,
        "eventId": "38912902978451723212875825529817509410748498424177229915"
    },
    {
        "logStreamName": "2025/04/17/[$LATEST]e08c5c5c81a640a8950489ca96a005f8",
        "timestamp": 1744914917956,
        "message": "[INFO]\t2025-04-17T18:35:17.956Z\t0465ecea-0cea-4fcf-a0d9-00a54647b3d8\tFILE_TRANSFER RequestId: 0465ecea-0cea-4fcf-a0d9-00a54647b3d8\t TransferType: consumed\t Action: download_from_s3\t FileName: tree_ORTHOMCL256_Inner5.nexus\t Bucket: denethor\t FilePath: subtree/tree_ORTHOMCL256_Inner5.nexus\t FilePathLocal: /tmp/subtree\t FileSize: 421 bytes\t TransferDuration: 0 ms\n",
        "ingestionTime": 1744914923670,
        "eventId": "38912902978451723212875825529817509410748498424177229916"
    },
    {
        "logStreamName": "2025/04/17/[$LATEST]e08c5c5c81a640a8950489ca96a005f8",
        "timestamp": 1744914917968,
        "message": "[INFO] 2025-04-17T18:35:17GMT File tree_ORTHOMCL256_Inner6.nexus already exists in local path. Skipping download.\n",
        "ingestionTime": 1744914923670,
        "eventId": "38912902978719332155258193007515938030020278762248994909"
    },
    {
        "logStreamName": "2025/04/17/[$LATEST]e08c5c5c81a640a8950489ca96a005f8",
        "timestamp": 1744914917968,
        "message": "[INFO]\t2025-04-17T18:35:17.968Z\t0465ecea-0cea-4fcf-a0d9-00a54647b3d8\tFile tree_ORTHOMCL256_Inner6.nexus already exists in local path. Skipping download.\n",
        "ingestionTime": 1744914923670,
        "eventId": "38912902978719332155258193007515938030020278762248994910"
    },
    {
        "logStreamName": "2025/04/17/[$LATEST]e08c5c5c81a640a8950489ca96a005f8",
        "timestamp": 1744914917968,
        "message": "[INFO] 2025-04-17T18:35:17GMT FILE_TRANSFER RequestId: 0465ecea-0cea-4fcf-a0d9-00a54647b3d8\t TransferType: consumed\t Action: download_from_s3\t FileName: tree_ORTHOMCL256_Inner6.nexus\t Bucket: denethor\t FilePath: subtree/tree_ORTHOMCL256_Inner6.nexus\t FilePathLocal: /tmp/subtree\t FileSize: 481 bytes\t TransferDuration: 0 ms\n",
        "ingestionTime": 1744914923670,
        "eventId": "38912902978719332155258193007515938030020278762248994911"
    },
    {
        "logStreamName": "2025/04/17/[$LATEST]e08c5c5c81a640a8950489ca96a005f8",
        "timestamp": 1744914917968,
        "message": "[INFO]\t2025-04-17T18:35:17.968Z\t0465ecea-0cea-4fcf-a0d9-00a54647b3d8\tFILE_TRANSFER RequestId: 0465ecea-0cea-4fcf-a0d9-00a54647b3d8\t TransferType: consumed\t Action: download_from_s3\t FileName: tree_ORTHOMCL256_Inner6.nexus\t Bucket: denethor\t FilePath: subtree/tree_ORTHOMCL256_Inner6.nexus\t FilePathLocal: /tmp/subtree\t FileSize: 481 bytes\t TransferDuration: 0 ms\n",
        "ingestionTime": 1744914923670,
        "eventId": "38912902978719332155258193007515938030020278762248994912"
    },
    {
        "logStreamName": "2025/04/17/[$LATEST]e08c5c5c81a640a8950489ca96a005f8",
        "timestamp": 1744914917971,
        "message": "[INFO] 2025-04-17T18:35:17GMT File tree_ORTHOMCL256_Inner7.nexus already exists in local path. Skipping download.\n",
        "ingestionTime": 1744914923670,
        "eventId": "38912902978786234390853784876940545184838223846766936161"
    },
    {
        "logStreamName": "2025/04/17/[$LATEST]e08c5c5c81a640a8950489ca96a005f8",
        "timestamp": 1744914917971,
        "message": "[INFO]\t2025-04-17T18:35:17.971Z\t0465ecea-0cea-4fcf-a0d9-00a54647b3d8\tFile tree_ORTHOMCL256_Inner7.nexus already exists in local path. Skipping download.\n",
        "ingestionTime": 1744914923670,
        "eventId": "38912902978786234390853784876940545184838223846766936162"
    },
    {
        "logStreamName": "2025/04/17/[$LATEST]e08c5c5c81a640a8950489ca96a005f8",
        "timestamp": 1744914917971,
        "message": "[INFO] 2025-04-17T18:35:17GMT FILE_TRANSFER RequestId: 0465ecea-0cea-4fcf-a0d9-00a54647b3d8\t TransferType: consumed\t Action: download_from_s3\t FileName: tree_ORTHOMCL256_Inner7.nexus\t Bucket: denethor\t FilePath: subtree/tree_ORTHOMCL256_Inner7.nexus\t FilePathLocal: /tmp/subtree\t FileSize: 539 bytes\t TransferDuration: 0 ms\n",
        "ingestionTime": 1744914923670,
        "eventId": "38912902978786234390853784876940545184838223846766936163"
    },
    {
        "logStreamName": "2025/04/17/[$LATEST]e08c5c5c81a640a8950489ca96a005f8",
        "timestamp": 1744914917971,
        "message": "[INFO]\t2025-04-17T18:35:17.971Z\t0465ecea-0cea-4fcf-a0d9-00a54647b3d8\tFILE_TRANSFER RequestId: 0465ecea-0cea-4fcf-a0d9-00a54647b3d8\t TransferType: consumed\t Action: download_from_s3\t FileName: tree_ORTHOMCL256_Inner7.nexus\t Bucket: denethor\t FilePath: subtree/tree_ORTHOMCL256_Inner7.nexus\t FilePathLocal: /tmp/subtree\t FileSize: 539 bytes\t TransferDuration: 0 ms\n",
        "ingestionTime": 1744914923670,
        "eventId": "38912902978786234390853784876940545184838223846766936164"
    },
    {
        "logStreamName": "2025/04/17/[$LATEST]e08c5c5c81a640a8950489ca96a005f8",
        "timestamp": 1744914917975,
        "message": "[INFO] 2025-04-17T18:35:17GMT File tree_ORTHOMCL256_Inner8.nexus already exists in local path. Skipping download.\n",
        "ingestionTime": 1744914923670,
        "eventId": "38912902978875437371647907369506688057928817292790857829"
    },
    {
        "logStreamName": "2025/04/17/[$LATEST]e08c5c5c81a640a8950489ca96a005f8",
        "timestamp": 1744914917975,
        "message": "[INFO]\t2025-04-17T18:35:17.974Z\t0465ecea-0cea-4fcf-a0d9-00a54647b3d8\tFile tree_ORTHOMCL256_Inner8.nexus already exists in local path. Skipping download.\n",
        "ingestionTime": 1744914923670,
        "eventId": "38912902978875437371647907369506688057928817292790857830"
    },
    {
        "logStreamName": "2025/04/17/[$LATEST]e08c5c5c81a640a8950489ca96a005f8",
        "timestamp": 1744914917975,
        "message": "[INFO] 2025-04-17T18:35:17GMT FILE_TRANSFER RequestId: 0465ecea-0cea-4fcf-a0d9-00a54647b3d8\t TransferType: consumed\t Action: download_from_s3\t FileName: tree_ORTHOMCL256_Inner8.nexus\t Bucket: denethor\t FilePath: subtree/tree_ORTHOMCL256_Inner8.nexus\t FilePathLocal: /tmp/subtree\t FileSize: 640 bytes\t TransferDuration: 0 ms\n",
        "ingestionTime": 1744914923670,
        "eventId": "38912902978875437371647907369506688057928817292790857831"
    },
    {
        "logStreamName": "2025/04/17/[$LATEST]e08c5c5c81a640a8950489ca96a005f8",
        "timestamp": 1744914917975,
        "message": "[INFO]\t2025-04-17T18:35:17.975Z\t0465ecea-0cea-4fcf-a0d9-00a54647b3d8\tFILE_TRANSFER RequestId: 0465ecea-0cea-4fcf-a0d9-00a54647b3d8\t TransferType: consumed\t Action: download_from_s3\t FileName: tree_ORTHOMCL256_Inner8.nexus\t Bucket: denethor\t FilePath: subtree/tree_ORTHOMCL256_Inner8.nexus\t FilePathLocal: /tmp/subtree\t FileSize: 640 bytes\t TransferDuration: 0 ms\n",
        "ingestionTime": 1744914923670,
        "eventId": "38912902978875437371647907369506688057928817292790857832"
    },
    {
        "logStreamName": "2025/04/17/[$LATEST]e08c5c5c81a640a8950489ca96a005f8",
        "timestamp": 1744914917975,
        "message": "[INFO] 2025-04-17T18:35:17GMT CONSUMED_FILES_INFO RequestId: 0465ecea-0cea-4fcf-a0d9-00a54647b3d8\t FilesCount: 11 files\t FilesSize: 3714 bytes\t TransferDuration: 0 ms\t ConsumedFiles: ['tree_ORTHOMCL1_Inner1.nexus', 'tree_ORTHOMCL1_Inner2.nexus', 'tree_ORTHOMCL1_Inner3.nexus', 'tree_ORTHOMCL256_Inner1.nexus', 'tree_ORTHOMCL256_Inner2.nexus', 'tree_ORTHOMCL256_Inner3.nexus', 'tree_ORTHOMCL256_Inner4.nexus', 'tree_ORTHOMCL256_Inner5.nexus', 'tree_ORTHOMCL256_Inner6.nexus', 'tree_ORTHOMCL256_Inner7.nexus', 'tree_ORTHOMCL256_Inner8.nexus']\n",
        "ingestionTime": 1744914923670,
        "eventId": "38912902978875437371647907369506688057928817292790857833"
    },
    {
        "logStreamName": "2025/04/17/[$LATEST]e08c5c5c81a640a8950489ca96a005f8",
        "timestamp": 1744914917975,
        "message": "[INFO]\t2025-04-17T18:35:17.975Z\t0465ecea-0cea-4fcf-a0d9-00a54647b3d8\tCONSUMED_FILES_INFO RequestId: 0465ecea-0cea-4fcf-a0d9-00a54647b3d8\t FilesCount: 11 files\t FilesSize: 3714 bytes\t TransferDuration: 0 ms\t ConsumedFiles: ['tree_ORTHOMCL1_Inner1.nexus', 'tree_ORTHOMCL1_Inner2.nexus', 'tree_ORTHOMCL1_Inner3.nexus', 'tree_ORTHOMCL256_Inner1.nexus', 'tree_ORTHOMCL256_Inner2.nexus', 'tree_ORTHOMCL256_Inner3.nexus', 'tree_ORTHOMCL256_Inner4.nexus', 'tree_ORTHOMCL256_Inner5.nexus', 'tree_ORTHOMCL256_Inner6.nexus', 'tree_ORTHOMCL256_Inner7.nexus', 'tree_ORTHOMCL256_Inner8.nexus']\n",
        "ingestionTime": 1744914923670,
        "eventId": "38912902978875437371647907369506688057928817292790857834"
    },
    {
        "logStreamName": "2025/04/17/[$LATEST]e08c5c5c81a640a8950489ca96a005f8",
        "timestamp": 1744914917975,
        "message": "subtree_matrix: processing file tree_ORTHOMCL256_Inner1.nexus of ['tree_ORTHOMCL256_Inner1.nexus', 'tree_ORTHOMCL256_Inner2.nexus', 'tree_ORTHOMCL256_Inner3.nexus', 'tree_ORTHOMCL256_Inner4.nexus', 'tree_ORTHOMCL256_Inner5.nexus', 'tree_ORTHOMCL256_Inner6.nexus', 'tree_ORTHOMCL256_Inner7.nexus', 'tree_ORTHOMCL256_Inner8.nexus']\n",
        "ingestionTime": 1744914923670,
        "eventId": "38912902978875437371647907369506688057928817292790857835"
    },
    {
        "logStreamName": "2025/04/17/[$LATEST]e08c5c5c81a640a8950489ca96a005f8",
        "timestamp": 1744914917990,
        "message": "subtree_matrix: processing file tree_ORTHOMCL256_Inner2.nexus of ['tree_ORTHOMCL256_Inner1.nexus', 'tree_ORTHOMCL256_Inner2.nexus', 'tree_ORTHOMCL256_Inner3.nexus', 'tree_ORTHOMCL256_Inner4.nexus', 'tree_ORTHOMCL256_Inner5.nexus', 'tree_ORTHOMCL256_Inner6.nexus', 'tree_ORTHOMCL256_Inner7.nexus', 'tree_ORTHOMCL256_Inner8.nexus']\n",
        "ingestionTime": 1744914923670,
        "eventId": "38912902979209948549625866716629723832018542715380564076"
    },
    {
        "logStreamName": "2025/04/17/[$LATEST]e08c5c5c81a640a8950489ca96a005f8",
        "timestamp": 1744914917992,
        "message": "subtree_matrix: processing file tree_ORTHOMCL256_Inner3.nexus of ['tree_ORTHOMCL256_Inner1.nexus', 'tree_ORTHOMCL256_Inner2.nexus', 'tree_ORTHOMCL256_Inner3.nexus', 'tree_ORTHOMCL256_Inner4.nexus', 'tree_ORTHOMCL256_Inner5.nexus', 'tree_ORTHOMCL256_Inner6.nexus', 'tree_ORTHOMCL256_Inner7.nexus', 'tree_ORTHOMCL256_Inner8.nexus']\n",
        "ingestionTime": 1744914923670,
        "eventId": "38912902979254550040022927962912795268563839438392524909"
    },
    {
        "logStreamName": "2025/04/17/[$LATEST]e08c5c5c81a640a8950489ca96a005f8",
        "timestamp": 1744914917995,
        "message": "subtree_matrix: processing file tree_ORTHOMCL256_Inner4.nexus of ['tree_ORTHOMCL256_Inner1.nexus', 'tree_ORTHOMCL256_Inner2.nexus', 'tree_ORTHOMCL256_Inner3.nexus', 'tree_ORTHOMCL256_Inner4.nexus', 'tree_ORTHOMCL256_Inner5.nexus', 'tree_ORTHOMCL256_Inner6.nexus', 'tree_ORTHOMCL256_Inner7.nexus', 'tree_ORTHOMCL256_Inner8.nexus']\n",
        "ingestionTime": 1744914923670,
        "eventId": "38912902979321452275618519832337402423381784522910466158"
    },
    {
        "logStreamName": "2025/04/17/[$LATEST]e08c5c5c81a640a8950489ca96a005f8",
        "timestamp": 1744914917997,
        "message": "subtree_matrix: processing file tree_ORTHOMCL256_Inner5.nexus of ['tree_ORTHOMCL256_Inner1.nexus', 'tree_ORTHOMCL256_Inner2.nexus', 'tree_ORTHOMCL256_Inner3.nexus', 'tree_ORTHOMCL256_Inner4.nexus', 'tree_ORTHOMCL256_Inner5.nexus', 'tree_ORTHOMCL256_Inner6.nexus', 'tree_ORTHOMCL256_Inner7.nexus', 'tree_ORTHOMCL256_Inner8.nexus']\n",
        "ingestionTime": 1744914923670,
        "eventId": "38912902979366053766015581078620473859927081245922426991"
    },
    {
        "logStreamName": "2025/04/17/[$LATEST]e08c5c5c81a640a8950489ca96a005f8",
        "timestamp": 1744914918009,
        "message": "subtree_matrix: processing file tree_ORTHOMCL256_Inner6.nexus of ['tree_ORTHOMCL256_Inner1.nexus', 'tree_ORTHOMCL256_Inner2.nexus', 'tree_ORTHOMCL256_Inner3.nexus', 'tree_ORTHOMCL256_Inner4.nexus', 'tree_ORTHOMCL256_Inner5.nexus', 'tree_ORTHOMCL256_Inner6.nexus', 'tree_ORTHOMCL256_Inner7.nexus', 'tree_ORTHOMCL256_Inner8.nexus']\n",
        "ingestionTime": 1744914923670,
        "eventId": "38912902979633662708397948556318902479198861583994191984"
    },
    {
        "logStreamName": "2025/04/17/[$LATEST]e08c5c5c81a640a8950489ca96a005f8",
        "timestamp": 1744914918012,
        "message": "subtree_matrix: processing file tree_ORTHOMCL256_Inner7.nexus of ['tree_ORTHOMCL256_Inner1.nexus', 'tree_ORTHOMCL256_Inner2.nexus', 'tree_ORTHOMCL256_Inner3.nexus', 'tree_ORTHOMCL256_Inner4.nexus', 'tree_ORTHOMCL256_Inner5.nexus', 'tree_ORTHOMCL256_Inner6.nexus', 'tree_ORTHOMCL256_Inner7.nexus', 'tree_ORTHOMCL256_Inner8.nexus']\n",
        "ingestionTime": 1744914923670,
        "eventId": "38912902979700564943993540425743509634016806668512133233"
    },
    {
        "logStreamName": "2025/04/17/[$LATEST]e08c5c5c81a640a8950489ca96a005f8",
        "timestamp": 1744914918016,
        "message": "subtree_matrix: processing file tree_ORTHOMCL256_Inner8.nexus of ['tree_ORTHOMCL256_Inner1.nexus', 'tree_ORTHOMCL256_Inner2.nexus', 'tree_ORTHOMCL256_Inner3.nexus', 'tree_ORTHOMCL256_Inner4.nexus', 'tree_ORTHOMCL256_Inner5.nexus', 'tree_ORTHOMCL256_Inner6.nexus', 'tree_ORTHOMCL256_Inner7.nexus', 'tree_ORTHOMCL256_Inner8.nexus']\n",
        "ingestionTime": 1744914923670,
        "eventId": "38912902979789767924787662918309652507107400114536054898"
    },
    {
        "logStreamName": "2025/04/17/[$LATEST]e08c5c5c81a640a8950489ca96a005f8",
        "timestamp": 1744914918029,
        "message": "Tempo de construção do maf_database: 54.17610099993908 milissegundos\n",
        "ingestionTime": 1744914923670,
        "eventId": "38912902980079677612368561019149616844651828814113800307"
    },
    {
        "logStreamName": "2025/04/17/[$LATEST]e08c5c5c81a640a8950489ca96a005f8",
        "timestamp": 1744914918030,
        "message": "[INFO] 2025-04-17T18:35:18GMT MAF_DATABASE_CREATOR RequestId: 0465ecea-0cea-4fcf-a0d9-00a54647b3d8\t Duration: 54.17610099993908 ms\t InputSubtrees: ['tree_ORTHOMCL256_Inner1.nexus', 'tree_ORTHOMCL256_Inner2.nexus', 'tree_ORTHOMCL256_Inner3.nexus', 'tree_ORTHOMCL256_Inner4.nexus', 'tree_ORTHOMCL256_Inner5.nexus', 'tree_ORTHOMCL256_Inner6.nexus', 'tree_ORTHOMCL256_Inner7.nexus', 'tree_ORTHOMCL256_Inner8.nexus']\t MafDatabaseFile: mafdb_98e1a0698cbb3ad22654b18daf794e4cacd094e1e043d17e253b37083af465ed.json\n",
        "ingestionTime": 1744914923670,
        "eventId": "38912902980101978357567091642291152562924477175619780724"
    },
    {
        "logStreamName": "2025/04/17/[$LATEST]e08c5c5c81a640a8950489ca96a005f8",
        "timestamp": 1744914918030,
        "message": "[INFO]\t2025-04-17T18:35:18.030Z\t0465ecea-0cea-4fcf-a0d9-00a54647b3d8\tMAF_DATABASE_CREATOR RequestId: 0465ecea-0cea-4fcf-a0d9-00a54647b3d8\t Duration: 54.17610099993908 ms\t InputSubtrees: ['tree_ORTHOMCL256_Inner1.nexus', 'tree_ORTHOMCL256_Inner2.nexus', 'tree_ORTHOMCL256_Inner3.nexus', 'tree_ORTHOMCL256_Inner4.nexus', 'tree_ORTHOMCL256_Inner5.nexus', 'tree_ORTHOMCL256_Inner6.nexus', 'tree_ORTHOMCL256_Inner7.nexus', 'tree_ORTHOMCL256_Inner8.nexus']\t MafDatabaseFile: mafdb_98e1a0698cbb3ad22654b18daf794e4cacd094e1e043d17e253b37083af465ed.json\n",
        "ingestionTime": 1744914923670,
        "eventId": "38912902980101978357567091642291152562924477175619780725"
    },
    {
        "logStreamName": "2025/04/17/[$LATEST]e08c5c5c81a640a8950489ca96a005f8",
        "timestamp": 1744914918170,
        "message": "FILE_TRANSFER RequestId: 0465ecea-0cea-4fcf-a0d9-00a54647b3d8\t TransferType: produced\t Action: upload_to_s3\t FileName: mafdb_98e1a0698cbb3ad22654b18daf794e4cacd094e1e043d17e253b37083af465ed.json\t Bucket: denethor\t FilePath: mafdb/mafdb_98e1a0698cbb3ad22654b18daf794e4cacd094e1e043d17e253b37083af465ed.json\t LocalFilePath: /tmp/mafdb/mafdb_98e1a0698cbb3ad22654b18daf794e4cacd094e1e043d17e253b37083af465ed.json\t FileSize: 396 bytes\t TransferDuration: 40.039659999933974 ms\n",
        "ingestionTime": 1744914923670,
        "eventId": "38912902983224082685361378882106153121095247786457038966"
    },
    {
        "logStreamName": "2025/04/17/[$LATEST]e08c5c5c81a640a8950489ca96a005f8",
        "timestamp": 1744914918170,
        "message": "PRODUCED_FILES_INFO RequestId: 0465ecea-0cea-4fcf-a0d9-00a54647b3d8\t FilesCount: 1 files\t FilesSize: 396 bytes\t TransferDuration: 40.039659999933974 ms\t Provider: aws_lambda\t  ProducedFiles: ['mafdb_98e1a0698cbb3ad22654b18daf794e4cacd094e1e043d17e253b37083af465ed.json']\n",
        "ingestionTime": 1744914923670,
        "eventId": "38912902983224082685361378882106153121095247786457038967"
    },
    {
        "logStreamName": "2025/04/17/[$LATEST]e08c5c5c81a640a8950489ca96a005f8",
        "timestamp": 1744914918171,
        "message": "END RequestId: 0465ecea-0cea-4fcf-a0d9-00a54647b3d8\n",
        "ingestionTime": 1744914923670,
        "eventId": "38912902983246383430559909505247688839367896147963019384"
    },
    {
        "logStreamName": "2025/04/17/[$LATEST]e08c5c5c81a640a8950489ca96a005f8",
        "timestamp": 1744914918171,
        "message": "REPORT RequestId: 0465ecea-0cea-4fcf-a0d9-00a54647b3d8\tDuration: 251.65 ms\tBilled Duration: 252 ms\tMemory Size: 1024 MB\tMax Memory Used: 111 MB\t\n",
        "ingestionTime": 1744914923670,
        "eventId": "38912902983246383430559909505247688839367896147963019385"
    }
]