[
    {
        "logStreamName": "2025/04/17/[$LATEST]c776f3ad293c4614a3c9ed7855c81305",
        "timestamp": 1744914959096,
        "message": "INIT_START Runtime Version: python:3.10.v64\tRuntime Version ARN: arn:aws:lambda:sa-east-1::runtime:d56bdc8857b2109a058de2ab50bfb80ac2aa600be6f7855a436859944e5fe54b\n",
        "ingestionTime": 1744914966386,
        "eventId": "38912903895904380680425661624237246614478609656943738880"
    },
    {
        "logStreamName": "2025/04/17/[$LATEST]c776f3ad293c4614a3c9ed7855c81305",
        "timestamp": 1744914959933,
        "message": "START RequestId: 0366855e-6ecf-404c-8655-4b5ea5e2e26b Version: $LATEST\n",
        "ingestionTime": 1744914966386,
        "eventId": "38912903914570104411595793193702642808685288237449347073"
    },
    {
        "logStreamName": "2025/04/17/[$LATEST]c776f3ad293c4614a3c9ed7855c81305",
        "timestamp": 1744914959934,
        "message": "Directory /tmp/subtree was created!\n",
        "ingestionTime": 1744914966386,
        "eventId": "38912903914592405156794323816844178526957936598955327490"
    },
    {
        "logStreamName": "2025/04/17/[$LATEST]c776f3ad293c4614a3c9ed7855c81305",
        "timestamp": 1744914959934,
        "message": "Directory /tmp/mafdb was created!\n",
        "ingestionTime": 1744914966386,
        "eventId": "38912903914592405156794323816844178526957936598955327491"
    },
    {
        "logStreamName": "2025/04/17/[$LATEST]c776f3ad293c4614a3c9ed7855c81305",
        "timestamp": 1744914959942,
        "message": "[INFO] 2025-04-17T18:35:59GMT File tree_ORTHOMCL1_Inner1.nexus already exists in local path. Skipping download.\n",
        "ingestionTime": 1744914966386,
        "eventId": "38912903914770811118382568801976464273139123491003170820"
    },
    {
        "logStreamName": "2025/04/17/[$LATEST]c776f3ad293c4614a3c9ed7855c81305",
        "timestamp": 1744914959942,
        "message": "[INFO]\t2025-04-17T18:35:59.942Z\t0366855e-6ecf-404c-8655-4b5ea5e2e26b\tFile tree_ORTHOMCL1_Inner1.nexus already exists in local path. Skipping download.\n",
        "ingestionTime": 1744914966386,
        "eventId": "38912903914770811118382568801976464273139123491003170821"
    },
    {
        "logStreamName": "2025/04/17/[$LATEST]c776f3ad293c4614a3c9ed7855c81305",
        "timestamp": 1744914959943,
        "message": "[INFO] 2025-04-17T18:35:59GMT FILE_TRANSFER RequestId: 0366855e-6ecf-404c-8655-4b5ea5e2e26b\t TransferType: consumed\t Action: download_from_s3\t FileName: tree_ORTHOMCL1_Inner1.nexus\t Bucket: denethor\t FilePath: subtree/tree_ORTHOMCL1_Inner1.nexus\t FilePathLocal: /tmp/subtree\t FileSize: 185 bytes\t TransferDuration: 0 ms\n",
        "ingestionTime": 1744914966386,
        "eventId": "38912903914793111863581099425117999991411771852509151238"
    },
    {
        "logStreamName": "2025/04/17/[$LATEST]c776f3ad293c4614a3c9ed7855c81305",
        "timestamp": 1744914959943,
        "message": "[INFO]\t2025-04-17T18:35:59.943Z\t0366855e-6ecf-404c-8655-4b5ea5e2e26b\tFILE_TRANSFER RequestId: 0366855e-6ecf-404c-8655-4b5ea5e2e26b\t TransferType: consumed\t Action: download_from_s3\t FileName: tree_ORTHOMCL1_Inner1.nexus\t Bucket: denethor\t FilePath: subtree/tree_ORTHOMCL1_Inner1.nexus\t FilePathLocal: /tmp/subtree\t FileSize: 185 bytes\t TransferDuration: 0 ms\n",
        "ingestionTime": 1744914966386,
        "eventId": "38912903914793111863581099425117999991411771852509151239"
    },
    {
        "logStreamName": "2025/04/17/[$LATEST]c776f3ad293c4614a3c9ed7855c81305",
        "timestamp": 1744914959947,
        "message": "[INFO] 2025-04-17T18:35:59GMT File tree_ORTHOMCL1_Inner2.nexus already exists in local path. Skipping download.\n",
        "ingestionTime": 1744914966386,
        "eventId": "38912903914882314844375221917684142864502365298533072904"
    },
    {
        "logStreamName": "2025/04/17/[$LATEST]c776f3ad293c4614a3c9ed7855c81305",
        "timestamp": 1744914959947,
        "message": "[INFO]\t2025-04-17T18:35:59.947Z\t0366855e-6ecf-404c-8655-4b5ea5e2e26b\tFile tree_ORTHOMCL1_Inner2.nexus already exists in local path. Skipping download.\n",
        "ingestionTime": 1744914966386,
        "eventId": "38912903914882314844375221917684142864502365298533072905"
    },
    {
        "logStreamName": "2025/04/17/[$LATEST]c776f3ad293c4614a3c9ed7855c81305",
        "timestamp": 1744914959948,
        "message": "[INFO] 2025-04-17T18:35:59GMT FILE_TRANSFER RequestId: 0366855e-6ecf-404c-8655-4b5ea5e2e26b\t TransferType: consumed\t Action: download_from_s3\t FileName: tree_ORTHOMCL1_Inner2.nexus\t Bucket: denethor\t FilePath: subtree/tree_ORTHOMCL1_Inner2.nexus\t FilePathLocal: /tmp/subtree\t FileSize: 185 bytes\t TransferDuration: 0 ms\n",
        "ingestionTime": 1744914966386,
        "eventId": "38912903914904615589573752540825678582775013660039053322"
    },
    {
        "logStreamName": "2025/04/17/[$LATEST]c776f3ad293c4614a3c9ed7855c81305",
        "timestamp": 1744914959948,
        "message": "[INFO]\t2025-04-17T18:35:59.948Z\t0366855e-6ecf-404c-8655-4b5ea5e2e26b\tFILE_TRANSFER RequestId: 0366855e-6ecf-404c-8655-4b5ea5e2e26b\t TransferType: consumed\t Action: download_from_s3\t FileName: tree_ORTHOMCL1_Inner2.nexus\t Bucket: denethor\t FilePath: subtree/tree_ORTHOMCL1_Inner2.nexus\t FilePathLocal: /tmp/subtree\t FileSize: 185 bytes\t TransferDuration: 0 ms\n",
        "ingestionTime": 1744914966386,
        "eventId": "38912903914904615589573752540825678582775013660039053323"
    },
    {
        "logStreamName": "2025/04/17/[$LATEST]c776f3ad293c4614a3c9ed7855c81305",
        "timestamp": 1744914959953,
        "message": "[INFO] 2025-04-17T18:35:59GMT File tree_ORTHOMCL1_Inner3.nexus already exists in local path. Skipping download.\n",
        "ingestionTime": 1744914966386,
        "eventId": "38912903915016119315566405656533357174138255467568955404"
    },
    {
        "logStreamName": "2025/04/17/[$LATEST]c776f3ad293c4614a3c9ed7855c81305",
        "timestamp": 1744914959953,
        "message": "[INFO]\t2025-04-17T18:35:59.952Z\t0366855e-6ecf-404c-8655-4b5ea5e2e26b\tFile tree_ORTHOMCL1_Inner3.nexus already exists in local path. Skipping download.\n",
        "ingestionTime": 1744914966386,
        "eventId": "38912903915016119315566405656533357174138255467568955405"
    },
    {
        "logStreamName": "2025/04/17/[$LATEST]c776f3ad293c4614a3c9ed7855c81305",
        "timestamp": 1744914959953,
        "message": "[INFO]\t2025-04-17T18:35:59.953Z\t0366855e-6ecf-404c-8655-4b5ea5e2e26b\tFILE_TRANSFER RequestId: 0366855e-6ecf-404c-8655-4b5ea5e2e26b\t TransferType: consumed\t Action: download_from_s3\t FileName: tree_ORTHOMCL1_Inner3.nexus\t Bucket: denethor\t FilePath: subtree/tree_ORTHOMCL1_Inner3.nexus\t FilePathLocal: /tmp/subtree\t FileSize: 339 bytes\t TransferDuration: 0 ms\n",
        "ingestionTime": 1744914966386,
        "eventId": "38912903915016119315566405656533357174138255467568955406"
    },
    {
        "logStreamName": "2025/04/17/[$LATEST]c776f3ad293c4614a3c9ed7855c81305",
        "timestamp": 1744914959953,
        "message": "[INFO] 2025-04-17T18:35:59GMT FILE_TRANSFER RequestId: 0366855e-6ecf-404c-8655-4b5ea5e2e26b\t TransferType: consumed\t Action: download_from_s3\t FileName: tree_ORTHOMCL1_Inner3.nexus\t Bucket: denethor\t FilePath: subtree/tree_ORTHOMCL1_Inner3.nexus\t FilePathLocal: /tmp/subtree\t FileSize: 339 bytes\t TransferDuration: 0 ms\n",
        "ingestionTime": 1744914966386,
        "eventId": "38912903915016119315566405656533357174138255467568955407"
    },
    {
        "logStreamName": "2025/04/17/[$LATEST]c776f3ad293c4614a3c9ed7855c81305",
        "timestamp": 1744914959957,
        "message": "[INFO] 2025-04-17T18:35:59GMT File tree_ORTHOMCL256_Inner1.nexus already exists in local path. Skipping download.\n",
        "ingestionTime": 1744914966386,
        "eventId": "38912903915105322296360528149099500047228848913592877072"
    },
    {
        "logStreamName": "2025/04/17/[$LATEST]c776f3ad293c4614a3c9ed7855c81305",
        "timestamp": 1744914959957,
        "message": "[INFO]\t2025-04-17T18:35:59.957Z\t0366855e-6ecf-404c-8655-4b5ea5e2e26b\tFile tree_ORTHOMCL256_Inner1.nexus already exists in local path. Skipping download.\n",
        "ingestionTime": 1744914966386,
        "eventId": "38912903915105322296360528149099500047228848913592877073"
    },
    {
        "logStreamName": "2025/04/17/[$LATEST]c776f3ad293c4614a3c9ed7855c81305",
        "timestamp": 1744914959958,
        "message": "[INFO]\t2025-04-17T18:35:59.958Z\t0366855e-6ecf-404c-8655-4b5ea5e2e26b\tFILE_TRANSFER RequestId: 0366855e-6ecf-404c-8655-4b5ea5e2e26b\t TransferType: consumed\t Action: download_from_s3\t FileName: tree_ORTHOMCL256_Inner1.nexus\t Bucket: denethor\t FilePath: subtree/tree_ORTHOMCL256_Inner1.nexus\t FilePathLocal: /tmp/subtree\t FileSize: 187 bytes\t TransferDuration: 0 ms\n",
        "ingestionTime": 1744914966386,
        "eventId": "38912903915127623041559058772241035765501497275098857490"
    },
    {
        "logStreamName": "2025/04/17/[$LATEST]c776f3ad293c4614a3c9ed7855c81305",
        "timestamp": 1744914959958,
        "message": "[INFO] 2025-04-17T18:35:59GMT FILE_TRANSFER RequestId: 0366855e-6ecf-404c-8655-4b5ea5e2e26b\t TransferType: consumed\t Action: download_from_s3\t FileName: tree_ORTHOMCL256_Inner1.nexus\t Bucket: denethor\t FilePath: subtree/tree_ORTHOMCL256_Inner1.nexus\t FilePathLocal: /tmp/subtree\t FileSize: 187 bytes\t TransferDuration: 0 ms\n",
        "ingestionTime": 1744914966386,
        "eventId": "38912903915127623041559058772241035765501497275098857491"
    },
    {
        "logStreamName": "2025/04/17/[$LATEST]c776f3ad293c4614a3c9ed7855c81305",
        "timestamp": 1744914959962,
        "message": "[INFO] 2025-04-17T18:35:59GMT File tree_ORTHOMCL256_Inner2.nexus already exists in local path. Skipping download.\n",
        "ingestionTime": 1744914966386,
        "eventId": "38912903915216826022353181264807178638592090721122779156"
    },
    {
        "logStreamName": "2025/04/17/[$LATEST]c776f3ad293c4614a3c9ed7855c81305",
        "timestamp": 1744914959962,
        "message": "[INFO]\t2025-04-17T18:35:59.962Z\t0366855e-6ecf-404c-8655-4b5ea5e2e26b\tFile tree_ORTHOMCL256_Inner2.nexus already exists in local path. Skipping download.\n",
        "ingestionTime": 1744914966386,
        "eventId": "38912903915216826022353181264807178638592090721122779157"
    },
    {
        "logStreamName": "2025/04/17/[$LATEST]c776f3ad293c4614a3c9ed7855c81305",
        "timestamp": 1744914959962,
        "message": "[INFO]\t2025-04-17T18:35:59.962Z\t0366855e-6ecf-404c-8655-4b5ea5e2e26b\tFILE_TRANSFER RequestId: 0366855e-6ecf-404c-8655-4b5ea5e2e26b\t TransferType: consumed\t Action: download_from_s3\t FileName: tree_ORTHOMCL256_Inner2.nexus\t Bucket: denethor\t FilePath: subtree/tree_ORTHOMCL256_Inner2.nexus\t FilePathLocal: /tmp/subtree\t FileSize: 245 bytes\t TransferDuration: 0 ms\n",
        "ingestionTime": 1744914966386,
        "eventId": "38912903915216826022353181264807178638592090721122779158"
    },
    {
        "logStreamName": "2025/04/17/[$LATEST]c776f3ad293c4614a3c9ed7855c81305",
        "timestamp": 1744914959962,
        "message": "[INFO] 2025-04-17T18:35:59GMT FILE_TRANSFER RequestId: 0366855e-6ecf-404c-8655-4b5ea5e2e26b\t TransferType: consumed\t Action: download_from_s3\t FileName: tree_ORTHOMCL256_Inner2.nexus\t Bucket: denethor\t FilePath: subtree/tree_ORTHOMCL256_Inner2.nexus\t FilePathLocal: /tmp/subtree\t FileSize: 245 bytes\t TransferDuration: 0 ms\n",
        "ingestionTime": 1744914966386,
        "eventId": "38912903915216826022353181264807178638592090721122779159"
    },
    {
        "logStreamName": "2025/04/17/[$LATEST]c776f3ad293c4614a3c9ed7855c81305",
        "timestamp": 1744914959966,
        "message": "[INFO] 2025-04-17T18:35:59GMT File tree_ORTHOMCL256_Inner3.nexus already exists in local path. Skipping download.\n",
        "ingestionTime": 1744914966386,
        "eventId": "38912903915306029003147303757373321511682684167146700824"
    },
    {
        "logStreamName": "2025/04/17/[$LATEST]c776f3ad293c4614a3c9ed7855c81305",
        "timestamp": 1744914959966,
        "message": "[INFO]\t2025-04-17T18:35:59.966Z\t0366855e-6ecf-404c-8655-4b5ea5e2e26b\tFile tree_ORTHOMCL256_Inner3.nexus already exists in local path. Skipping download.\n",
        "ingestionTime": 1744914966386,
        "eventId": "38912903915306029003147303757373321511682684167146700825"
    },
    {
        "logStreamName": "2025/04/17/[$LATEST]c776f3ad293c4614a3c9ed7855c81305",
        "timestamp": 1744914959966,
        "message": "[INFO] 2025-04-17T18:35:59GMT FILE_TRANSFER RequestId: 0366855e-6ecf-404c-8655-4b5ea5e2e26b\t TransferType: consumed\t Action: download_from_s3\t FileName: tree_ORTHOMCL256_Inner3.nexus\t Bucket: denethor\t FilePath: subtree/tree_ORTHOMCL256_Inner3.nexus\t FilePathLocal: /tmp/subtree\t FileSize: 301 bytes\t TransferDuration: 0 ms\n",
        "ingestionTime": 1744914966386,
        "eventId": "38912903915306029003147303757373321511682684167146700826"
    },
    {
        "logStreamName": "2025/04/17/[$LATEST]c776f3ad293c4614a3c9ed7855c81305",
        "timestamp": 1744914959966,
        "message": "[INFO]\t2025-04-17T18:35:59.966Z\t0366855e-6ecf-404c-8655-4b5ea5e2e26b\tFILE_TRANSFER RequestId: 0366855e-6ecf-404c-8655-4b5ea5e2e26b\t TransferType: consumed\t Action: download_from_s3\t FileName: tree_ORTHOMCL256_Inner3.nexus\t Bucket: denethor\t FilePath: subtree/tree_ORTHOMCL256_Inner3.nexus\t FilePathLocal: /tmp/subtree\t FileSize: 301 bytes\t TransferDuration: 0 ms\n",
        "ingestionTime": 1744914966386,
        "eventId": "38912903915306029003147303757373321511682684167146700827"
    },
    {
        "logStreamName": "2025/04/17/[$LATEST]c776f3ad293c4614a3c9ed7855c81305",
        "timestamp": 1744914959971,
        "message": "[INFO] 2025-04-17T18:35:59GMT File tree_ORTHOMCL256_Inner4.nexus already exists in local path. Skipping download.\n",
        "ingestionTime": 1744914966386,
        "eventId": "38912903915417532729139956873081000103045925974676602908"
    },
    {
        "logStreamName": "2025/04/17/[$LATEST]c776f3ad293c4614a3c9ed7855c81305",
        "timestamp": 1744914959971,
        "message": "[INFO]\t2025-04-17T18:35:59.970Z\t0366855e-6ecf-404c-8655-4b5ea5e2e26b\tFile tree_ORTHOMCL256_Inner4.nexus already exists in local path. Skipping download.\n",
        "ingestionTime": 1744914966386,
        "eventId": "38912903915417532729139956873081000103045925974676602909"
    },
    {
        "logStreamName": "2025/04/17/[$LATEST]c776f3ad293c4614a3c9ed7855c81305",
        "timestamp": 1744914959971,
        "message": "[INFO] 2025-04-17T18:35:59GMT FILE_TRANSFER RequestId: 0366855e-6ecf-404c-8655-4b5ea5e2e26b\t TransferType: consumed\t Action: download_from_s3\t FileName: tree_ORTHOMCL256_Inner4.nexus\t Bucket: denethor\t FilePath: subtree/tree_ORTHOMCL256_Inner4.nexus\t FilePathLocal: /tmp/subtree\t FileSize: 191 bytes\t TransferDuration: 0 ms\n",
        "ingestionTime": 1744914966386,
        "eventId": "38912903915417532729139956873081000103045925974676602910"
    },
    {
        "logStreamName": "2025/04/17/[$LATEST]c776f3ad293c4614a3c9ed7855c81305",
        "timestamp": 1744914959971,
        "message": "[INFO]\t2025-04-17T18:35:59.971Z\t0366855e-6ecf-404c-8655-4b5ea5e2e26b\tFILE_TRANSFER RequestId: 0366855e-6ecf-404c-8655-4b5ea5e2e26b\t TransferType: consumed\t Action: download_from_s3\t FileName: tree_ORTHOMCL256_Inner4.nexus\t Bucket: denethor\t FilePath: subtree/tree_ORTHOMCL256_Inner4.nexus\t FilePathLocal: /tmp/subtree\t FileSize: 191 bytes\t TransferDuration: 0 ms\n",
        "ingestionTime": 1744914966386,
        "eventId": "38912903915417532729139956873081000103045925974676602911"
    },
    {
        "logStreamName": "2025/04/17/[$LATEST]c776f3ad293c4614a3c9ed7855c81305",
        "timestamp": 1744914959975,
        "message": "[INFO] 2025-04-17T18:35:59GMT File tree_ORTHOMCL256_Inner5.nexus already exists in local path. Skipping download.\n",
        "ingestionTime": 1744914966386,
        "eventId": "38912903915506735709934079365647142976136519420700524576"
    },
    {
        "logStreamName": "2025/04/17/[$LATEST]c776f3ad293c4614a3c9ed7855c81305",
        "timestamp": 1744914959975,
        "message": "[INFO]\t2025-04-17T18:35:59.975Z\t0366855e-6ecf-404c-8655-4b5ea5e2e26b\tFile tree_ORTHOMCL256_Inner5.nexus already exists in local path. Skipping download.\n",
        "ingestionTime": 1744914966386,
        "eventId": "38912903915506735709934079365647142976136519420700524577"
    },
    {
        "logStreamName": "2025/04/17/[$LATEST]c776f3ad293c4614a3c9ed7855c81305",
        "timestamp": 1744914959975,
        "message": "[INFO] 2025-04-17T18:35:59GMT FILE_TRANSFER RequestId: 0366855e-6ecf-404c-8655-4b5ea5e2e26b\t TransferType: consumed\t Action: download_from_s3\t FileName: tree_ORTHOMCL256_Inner5.nexus\t Bucket: denethor\t FilePath: subtree/tree_ORTHOMCL256_Inner5.nexus\t FilePathLocal: /tmp/subtree\t FileSize: 421 bytes\t TransferDuration: 0 ms\n",
        "ingestionTime": 1744914966386,
        "eventId": "38912903915506735709934079365647142976136519420700524578"
    },
    {
        "logStreamName": "2025/04/17/[$LATEST]c776f3ad293c4614a3c9ed7855c81305",
        "timestamp": 1744914959975,
        "message": "[INFO]\t2025-04-17T18:35:59.975Z\t0366855e-6ecf-404c-8655-4b5ea5e2e26b\tFILE_TRANSFER RequestId: 0366855e-6ecf-404c-8655-4b5ea5e2e26b\t TransferType: consumed\t Action: download_from_s3\t FileName: tree_ORTHOMCL256_Inner5.nexus\t Bucket: denethor\t FilePath: subtree/tree_ORTHOMCL256_Inner5.nexus\t FilePathLocal: /tmp/subtree\t FileSize: 421 bytes\t TransferDuration: 0 ms\n",
        "ingestionTime": 1744914966386,
        "eventId": "38912903915506735709934079365647142976136519420700524579"
    },
    {
        "logStreamName": "2025/04/17/[$LATEST]c776f3ad293c4614a3c9ed7855c81305",
        "timestamp": 1744914959979,
        "message": "[INFO] 2025-04-17T18:35:59GMT File tree_ORTHOMCL256_Inner6.nexus already exists in local path. Skipping download.\n",
        "ingestionTime": 1744914966386,
        "eventId": "38912903915595938690728201858213285849227112866724446244"
    },
    {
        "logStreamName": "2025/04/17/[$LATEST]c776f3ad293c4614a3c9ed7855c81305",
        "timestamp": 1744914959979,
        "message": "[INFO]\t2025-04-17T18:35:59.979Z\t0366855e-6ecf-404c-8655-4b5ea5e2e26b\tFile tree_ORTHOMCL256_Inner6.nexus already exists in local path. Skipping download.\n",
        "ingestionTime": 1744914966386,
        "eventId": "38912903915595938690728201858213285849227112866724446245"
    },
    {
        "logStreamName": "2025/04/17/[$LATEST]c776f3ad293c4614a3c9ed7855c81305",
        "timestamp": 1744914959980,
        "message": "[INFO] 2025-04-17T18:35:59GMT FILE_TRANSFER RequestId: 0366855e-6ecf-404c-8655-4b5ea5e2e26b\t TransferType: consumed\t Action: download_from_s3\t FileName: tree_ORTHOMCL256_Inner6.nexus\t Bucket: denethor\t FilePath: subtree/tree_ORTHOMCL256_Inner6.nexus\t FilePathLocal: /tmp/subtree\t FileSize: 481 bytes\t TransferDuration: 0 ms\n",
        "ingestionTime": 1744914966386,
        "eventId": "38912903915618239435926732481354821567499761228230426662"
    },
    {
        "logStreamName": "2025/04/17/[$LATEST]c776f3ad293c4614a3c9ed7855c81305",
        "timestamp": 1744914959980,
        "message": "[INFO]\t2025-04-17T18:35:59.980Z\t0366855e-6ecf-404c-8655-4b5ea5e2e26b\tFILE_TRANSFER RequestId: 0366855e-6ecf-404c-8655-4b5ea5e2e26b\t TransferType: consumed\t Action: download_from_s3\t FileName: tree_ORTHOMCL256_Inner6.nexus\t Bucket: denethor\t FilePath: subtree/tree_ORTHOMCL256_Inner6.nexus\t FilePathLocal: /tmp/subtree\t FileSize: 481 bytes\t TransferDuration: 0 ms\n",
        "ingestionTime": 1744914966386,
        "eventId": "38912903915618239435926732481354821567499761228230426663"
    },
    {
        "logStreamName": "2025/04/17/[$LATEST]c776f3ad293c4614a3c9ed7855c81305",
        "timestamp": 1744914959984,
        "message": "[INFO]\t2025-04-17T18:35:59.984Z\t0366855e-6ecf-404c-8655-4b5ea5e2e26b\tFile tree_ORTHOMCL256_Inner7.nexus already exists in local path. Skipping download.\n",
        "ingestionTime": 1744914966386,
        "eventId": "38912903915707442416720854973920964440590354674254348328"
    },
    {
        "logStreamName": "2025/04/17/[$LATEST]c776f3ad293c4614a3c9ed7855c81305",
        "timestamp": 1744914959984,
        "message": "[INFO]\t2025-04-17T18:35:59.984Z\t0366855e-6ecf-404c-8655-4b5ea5e2e26b\tFILE_TRANSFER RequestId: 0366855e-6ecf-404c-8655-4b5ea5e2e26b\t TransferType: consumed\t Action: download_from_s3\t FileName: tree_ORTHOMCL256_Inner7.nexus\t Bucket: denethor\t FilePath: subtree/tree_ORTHOMCL256_Inner7.nexus\t FilePathLocal: /tmp/subtree\t FileSize: 539 bytes\t TransferDuration: 0 ms\n",
        "ingestionTime": 1744914966386,
        "eventId": "38912903915707442416720854973920964440590354674254348329"
    },
    {
        "logStreamName": "2025/04/17/[$LATEST]c776f3ad293c4614a3c9ed7855c81305",
        "timestamp": 1744914959984,
        "message": "[INFO] 2025-04-17T18:35:59GMT File tree_ORTHOMCL256_Inner7.nexus already exists in local path. Skipping download.\n",
        "ingestionTime": 1744914966386,
        "eventId": "38912903915707442416720854973920964440590354674254348330"
    },
    {
        "logStreamName": "2025/04/17/[$LATEST]c776f3ad293c4614a3c9ed7855c81305",
        "timestamp": 1744914959984,
        "message": "[INFO] 2025-04-17T18:35:59GMT FILE_TRANSFER RequestId: 0366855e-6ecf-404c-8655-4b5ea5e2e26b\t TransferType: consumed\t Action: download_from_s3\t FileName: tree_ORTHOMCL256_Inner7.nexus\t Bucket: denethor\t FilePath: subtree/tree_ORTHOMCL256_Inner7.nexus\t FilePathLocal: /tmp/subtree\t FileSize: 539 bytes\t TransferDuration: 0 ms\n",
        "ingestionTime": 1744914966386,
        "eventId": "38912903915707442416720854973920964440590354674254348331"
    },
    {
        "logStreamName": "2025/04/17/[$LATEST]c776f3ad293c4614a3c9ed7855c81305",
        "timestamp": 1744914959988,
        "message": "[INFO] 2025-04-17T18:35:59GMT File tree_ORTHOMCL256_Inner8.nexus already exists in local path. Skipping download.\n",
        "ingestionTime": 1744914966386,
        "eventId": "38912903915796645397514977466487107313680948120278269996"
    },
    {
        "logStreamName": "2025/04/17/[$LATEST]c776f3ad293c4614a3c9ed7855c81305",
        "timestamp": 1744914959988,
        "message": "[INFO]\t2025-04-17T18:35:59.988Z\t0366855e-6ecf-404c-8655-4b5ea5e2e26b\tFile tree_ORTHOMCL256_Inner8.nexus already exists in local path. Skipping download.\n",
        "ingestionTime": 1744914966386,
        "eventId": "38912903915796645397514977466487107313680948120278269997"
    },
    {
        "logStreamName": "2025/04/17/[$LATEST]c776f3ad293c4614a3c9ed7855c81305",
        "timestamp": 1744914959988,
        "message": "[INFO]\t2025-04-17T18:35:59.988Z\t0366855e-6ecf-404c-8655-4b5ea5e2e26b\tFILE_TRANSFER RequestId: 0366855e-6ecf-404c-8655-4b5ea5e2e26b\t TransferType: consumed\t Action: download_from_s3\t FileName: tree_ORTHOMCL256_Inner8.nexus\t Bucket: denethor\t FilePath: subtree/tree_ORTHOMCL256_Inner8.nexus\t FilePathLocal: /tmp/subtree\t FileSize: 640 bytes\t TransferDuration: 0 ms\n",
        "ingestionTime": 1744914966386,
        "eventId": "38912903915796645397514977466487107313680948120278269998"
    },
    {
        "logStreamName": "2025/04/17/[$LATEST]c776f3ad293c4614a3c9ed7855c81305",
        "timestamp": 1744914959988,
        "message": "[INFO] 2025-04-17T18:35:59GMT FILE_TRANSFER RequestId: 0366855e-6ecf-404c-8655-4b5ea5e2e26b\t TransferType: consumed\t Action: download_from_s3\t FileName: tree_ORTHOMCL256_Inner8.nexus\t Bucket: denethor\t FilePath: subtree/tree_ORTHOMCL256_Inner8.nexus\t FilePathLocal: /tmp/subtree\t FileSize: 640 bytes\t TransferDuration: 0 ms\n",
        "ingestionTime": 1744914966386,
        "eventId": "38912903915796645397514977466487107313680948120278269999"
    },
    {
        "logStreamName": "2025/04/17/[$LATEST]c776f3ad293c4614a3c9ed7855c81305",
        "timestamp": 1744914959989,
        "message": "[INFO]\t2025-04-17T18:35:59.989Z\t0366855e-6ecf-404c-8655-4b5ea5e2e26b\tCONSUMED_FILES_INFO RequestId: 0366855e-6ecf-404c-8655-4b5ea5e2e26b\t FilesCount: 11 files\t FilesSize: 3714 bytes\t TransferDuration: 0 ms\t ConsumedFiles: ['tree_ORTHOMCL1_Inner1.nexus', 'tree_ORTHOMCL1_Inner2.nexus', 'tree_ORTHOMCL1_Inner3.nexus', 'tree_ORTHOMCL256_Inner1.nexus', 'tree_ORTHOMCL256_Inner2.nexus', 'tree_ORTHOMCL256_Inner3.nexus', 'tree_ORTHOMCL256_Inner4.nexus', 'tree_ORTHOMCL256_Inner5.nexus', 'tree_ORTHOMCL256_Inner6.nexus', 'tree_ORTHOMCL256_Inner7.nexus', 'tree_ORTHOMCL256_Inner8.nexus']\n",
        "ingestionTime": 1744914966386,
        "eventId": "38912903915818946142713508089628643031953596481784250416"
    },
    {
        "logStreamName": "2025/04/17/[$LATEST]c776f3ad293c4614a3c9ed7855c81305",
        "timestamp": 1744914959989,
        "message": "[INFO] 2025-04-17T18:35:59GMT CONSUMED_FILES_INFO RequestId: 0366855e-6ecf-404c-8655-4b5ea5e2e26b\t FilesCount: 11 files\t FilesSize: 3714 bytes\t TransferDuration: 0 ms\t ConsumedFiles: ['tree_ORTHOMCL1_Inner1.nexus', 'tree_ORTHOMCL1_Inner2.nexus', 'tree_ORTHOMCL1_Inner3.nexus', 'tree_ORTHOMCL256_Inner1.nexus', 'tree_ORTHOMCL256_Inner2.nexus', 'tree_ORTHOMCL256_Inner3.nexus', 'tree_ORTHOMCL256_Inner4.nexus', 'tree_ORTHOMCL256_Inner5.nexus', 'tree_ORTHOMCL256_Inner6.nexus', 'tree_ORTHOMCL256_Inner7.nexus', 'tree_ORTHOMCL256_Inner8.nexus']\n",
        "ingestionTime": 1744914966386,
        "eventId": "38912903915818946142713508089628643031953596481784250417"
    },
    {
        "logStreamName": "2025/04/17/[$LATEST]c776f3ad293c4614a3c9ed7855c81305",
        "timestamp": 1744914959989,
        "message": "subtree_matrix: processing file tree_ORTHOMCL1_Inner1.nexus of ['tree_ORTHOMCL1_Inner1.nexus', 'tree_ORTHOMCL1_Inner2.nexus', 'tree_ORTHOMCL1_Inner3.nexus']\n",
        "ingestionTime": 1744914966386,
        "eventId": "38912903915818946142713508089628643031953596481784250418"
    },
    {
        "logStreamName": "2025/04/17/[$LATEST]c776f3ad293c4614a3c9ed7855c81305",
        "timestamp": 1744914959998,
        "message": "subtree_matrix: processing file tree_ORTHOMCL1_Inner2.nexus of ['tree_ORTHOMCL1_Inner1.nexus', 'tree_ORTHOMCL1_Inner2.nexus', 'tree_ORTHOMCL1_Inner3.nexus']\n",
        "ingestionTime": 1744914966386,
        "eventId": "38912903916019652849500283697902464496407431735338074163"
    },
    {
        "logStreamName": "2025/04/17/[$LATEST]c776f3ad293c4614a3c9ed7855c81305",
        "timestamp": 1744914960009,
        "message": "subtree_matrix: processing file tree_ORTHOMCL1_Inner3.nexus of ['tree_ORTHOMCL1_Inner1.nexus', 'tree_ORTHOMCL1_Inner2.nexus', 'tree_ORTHOMCL1_Inner3.nexus']\n",
        "ingestionTime": 1744914966386,
        "eventId": "38912903916264961046684120552459357397406563711903858740"
    },
    {
        "logStreamName": "2025/04/17/[$LATEST]c776f3ad293c4614a3c9ed7855c81305",
        "timestamp": 1744914960019,
        "message": "Tempo de construção do maf_database: 30.68214800032365 milissegundos\n",
        "ingestionTime": 1744914966386,
        "eventId": "38912903916487968498669426783874714580133047326963662901"
    },
    {
        "logStreamName": "2025/04/17/[$LATEST]c776f3ad293c4614a3c9ed7855c81305",
        "timestamp": 1744914960020,
        "message": "[INFO] 2025-04-17T18:36:00GMT MAF_DATABASE_CREATOR RequestId: 0366855e-6ecf-404c-8655-4b5ea5e2e26b\t Duration: 30.68214800032365 ms\t InputSubtrees: ['tree_ORTHOMCL1_Inner1.nexus', 'tree_ORTHOMCL1_Inner2.nexus', 'tree_ORTHOMCL1_Inner3.nexus']\t MafDatabaseFile: mafdb_6f7a2b1116e6a791f68a03367473294792b679a6357b6789f3f993b1f83e2e80.json\n",
        "ingestionTime": 1744914966386,
        "eventId": "38912903916510269243867957407016250298405695688469643318"
    },
    {
        "logStreamName": "2025/04/17/[$LATEST]c776f3ad293c4614a3c9ed7855c81305",
        "timestamp": 1744914960020,
        "message": "[INFO]\t2025-04-17T18:36:00.020Z\t0366855e-6ecf-404c-8655-4b5ea5e2e26b\tMAF_DATABASE_CREATOR RequestId: 0366855e-6ecf-404c-8655-4b5ea5e2e26b\t Duration: 30.68214800032365 ms\t InputSubtrees: ['tree_ORTHOMCL1_Inner1.nexus', 'tree_ORTHOMCL1_Inner2.nexus', 'tree_ORTHOMCL1_Inner3.nexus']\t MafDatabaseFile: mafdb_6f7a2b1116e6a791f68a03367473294792b679a6357b6789f3f993b1f83e2e80.json\n",
        "ingestionTime": 1744914966386,
        "eventId": "38912903916510269243867957407016250298405695688469643319"
    },
    {
        "logStreamName": "2025/04/17/[$LATEST]c776f3ad293c4614a3c9ed7855c81305",
        "timestamp": 1744914960213,
        "message": "FILE_TRANSFER RequestId: 0366855e-6ecf-404c-8655-4b5ea5e2e26b\t TransferType: produced\t Action: upload_to_s3\t FileName: mafdb_6f7a2b1116e6a791f68a03367473294792b679a6357b6789f3f993b1f83e2e80.json\t Bucket: denethor\t FilePath: mafdb/mafdb_6f7a2b1116e6a791f68a03367473294792b679a6357b6789f3f993b1f83e2e80.json\t LocalFilePath: /tmp/mafdb/mafdb_6f7a2b1116e6a791f68a03367473294792b679a6357b6789f3f993b1f83e2e80.json\t FileSize: 185 bytes\t TransferDuration: 92.68664199998966 ms\n",
        "ingestionTime": 1744914966386,
        "eventId": "38912903920814313067184367673332643925026829459123863608"
    },
    {
        "logStreamName": "2025/04/17/[$LATEST]c776f3ad293c4614a3c9ed7855c81305",
        "timestamp": 1744914960213,
        "message": "PRODUCED_FILES_INFO RequestId: 0366855e-6ecf-404c-8655-4b5ea5e2e26b\t FilesCount: 1 files\t FilesSize: 185 bytes\t TransferDuration: 92.68664199998966 ms\t Provider: aws_lambda\t  ProducedFiles: ['mafdb_6f7a2b1116e6a791f68a03367473294792b679a6357b6789f3f993b1f83e2e80.json']\n",
        "ingestionTime": 1744914966386,
        "eventId": "38912903920814313067184367673332643925026829459123863609"
    },
    {
        "logStreamName": "2025/04/17/[$LATEST]c776f3ad293c4614a3c9ed7855c81305",
        "timestamp": 1744914960215,
        "message": "END RequestId: 0366855e-6ecf-404c-8655-4b5ea5e2e26b\n",
        "ingestionTime": 1744914966386,
        "eventId": "38912903920858914557581428919615715361572126182135824442"
    },
    {
        "logStreamName": "2025/04/17/[$LATEST]c776f3ad293c4614a3c9ed7855c81305",
        "timestamp": 1744914960215,
        "message": "REPORT RequestId: 0366855e-6ecf-404c-8655-4b5ea5e2e26b\tDuration: 281.66 ms\tBilled Duration: 282 ms\tMemory Size: 2048 MB\tMax Memory Used: 107 MB\tInit Duration: 836.34 ms\t\n",
        "ingestionTime": 1744914966386,
        "eventId": "38912903920858914557581428919615715361572126182135824443"
    },
    {
        "logStreamName": "2025/04/17/[$LATEST]c776f3ad293c4614a3c9ed7855c81305",
        "timestamp": 1744914960528,
        "message": "START RequestId: 5e762e7c-e9ca-4d04-b3ee-fc439fbc75c2 Version: $LATEST\n",
        "ingestionTime": 1744914966386,
        "eventId": "38912903927839047804721513962916395180911063333507694652"
    },
    {
        "logStreamName": "2025/04/17/[$LATEST]c776f3ad293c4614a3c9ed7855c81305",
        "timestamp": 1744914960534,
        "message": "[INFO] 2025-04-17T18:36:00GMT File tree_ORTHOMCL1_Inner1.nexus already exists in local path. Skipping download.\n",
        "ingestionTime": 1744914966386,
        "eventId": "38912903927972852275912697701765609490546953502543577149"
    },
    {
        "logStreamName": "2025/04/17/[$LATEST]c776f3ad293c4614a3c9ed7855c81305",
        "timestamp": 1744914960534,
        "message": "[INFO]\t2025-04-17T18:36:00.533Z\t5e762e7c-e9ca-4d04-b3ee-fc439fbc75c2\tFile tree_ORTHOMCL1_Inner1.nexus already exists in local path. Skipping download.\n",
        "ingestionTime": 1744914966386,
        "eventId": "38912903927972852275912697701765609490546953502543577150"
    },
    {
        "logStreamName": "2025/04/17/[$LATEST]c776f3ad293c4614a3c9ed7855c81305",
        "timestamp": 1744914960534,
        "message": "[INFO] 2025-04-17T18:36:00GMT FILE_TRANSFER RequestId: 5e762e7c-e9ca-4d04-b3ee-fc439fbc75c2\t TransferType: consumed\t Action: download_from_s3\t FileName: tree_ORTHOMCL1_Inner1.nexus\t Bucket: denethor\t FilePath: subtree/tree_ORTHOMCL1_Inner1.nexus\t FilePathLocal: /tmp/subtree\t FileSize: 185 bytes\t TransferDuration: 0 ms\n",
        "ingestionTime": 1744914966386,
        "eventId": "38912903927972852275912697701765609490546953502543577151"
    },
    {
        "logStreamName": "2025/04/17/[$LATEST]c776f3ad293c4614a3c9ed7855c81305",
        "timestamp": 1744914960534,
        "message": "[INFO]\t2025-04-17T18:36:00.534Z\t5e762e7c-e9ca-4d04-b3ee-fc439fbc75c2\tFILE_TRANSFER RequestId: 5e762e7c-e9ca-4d04-b3ee-fc439fbc75c2\t TransferType: consumed\t Action: download_from_s3\t FileName: tree_ORTHOMCL1_Inner1.nexus\t Bucket: denethor\t FilePath: subtree/tree_ORTHOMCL1_Inner1.nexus\t FilePathLocal: /tmp/subtree\t FileSize: 185 bytes\t TransferDuration: 0 ms\n",
        "ingestionTime": 1744914966386,
        "eventId": "38912903927972852275912697701765609490546953502543577152"
    },
    {
        "logStreamName": "2025/04/17/[$LATEST]c776f3ad293c4614a3c9ed7855c81305",
        "timestamp": 1744914960538,
        "message": "[INFO] 2025-04-17T18:36:00GMT File tree_ORTHOMCL1_Inner2.nexus already exists in local path. Skipping download.\n",
        "ingestionTime": 1744914966386,
        "eventId": "38912903928062055256706820194331752363637546948567498817"
    },
    {
        "logStreamName": "2025/04/17/[$LATEST]c776f3ad293c4614a3c9ed7855c81305",
        "timestamp": 1744914960538,
        "message": "[INFO]\t2025-04-17T18:36:00.538Z\t5e762e7c-e9ca-4d04-b3ee-fc439fbc75c2\tFile tree_ORTHOMCL1_Inner2.nexus already exists in local path. Skipping download.\n",
        "ingestionTime": 1744914966386,
        "eventId": "38912903928062055256706820194331752363637546948567498818"
    },
    {
        "logStreamName": "2025/04/17/[$LATEST]c776f3ad293c4614a3c9ed7855c81305",
        "timestamp": 1744914960538,
        "message": "[INFO] 2025-04-17T18:36:00GMT FILE_TRANSFER RequestId: 5e762e7c-e9ca-4d04-b3ee-fc439fbc75c2\t TransferType: consumed\t Action: download_from_s3\t FileName: tree_ORTHOMCL1_Inner2.nexus\t Bucket: denethor\t FilePath: subtree/tree_ORTHOMCL1_Inner2.nexus\t FilePathLocal: /tmp/subtree\t FileSize: 185 bytes\t TransferDuration: 0 ms\n",
        "ingestionTime": 1744914966386,
        "eventId": "38912903928062055256706820194331752363637546948567498819"
    },
    {
        "logStreamName": "2025/04/17/[$LATEST]c776f3ad293c4614a3c9ed7855c81305",
        "timestamp": 1744914960538,
        "message": "[INFO]\t2025-04-17T18:36:00.538Z\t5e762e7c-e9ca-4d04-b3ee-fc439fbc75c2\tFILE_TRANSFER RequestId: 5e762e7c-e9ca-4d04-b3ee-fc439fbc75c2\t TransferType: consumed\t Action: download_from_s3\t FileName: tree_ORTHOMCL1_Inner2.nexus\t Bucket: denethor\t FilePath: subtree/tree_ORTHOMCL1_Inner2.nexus\t FilePathLocal: /tmp/subtree\t FileSize: 185 bytes\t TransferDuration: 0 ms\n",
        "ingestionTime": 1744914966386,
        "eventId": "38912903928062055256706820194331752363637546948567498820"
    },
    {
        "logStreamName": "2025/04/17/[$LATEST]c776f3ad293c4614a3c9ed7855c81305",
        "timestamp": 1744914960542,
        "message": "[INFO] 2025-04-17T18:36:00GMT File tree_ORTHOMCL1_Inner3.nexus already exists in local path. Skipping download.\n",
        "ingestionTime": 1744914966386,
        "eventId": "38912903928151258237500942686897895236728140394591420485"
    },
    {
        "logStreamName": "2025/04/17/[$LATEST]c776f3ad293c4614a3c9ed7855c81305",
        "timestamp": 1744914960542,
        "message": "[INFO]\t2025-04-17T18:36:00.542Z\t5e762e7c-e9ca-4d04-b3ee-fc439fbc75c2\tFile tree_ORTHOMCL1_Inner3.nexus already exists in local path. Skipping download.\n",
        "ingestionTime": 1744914966386,
        "eventId": "38912903928151258237500942686897895236728140394591420486"
    },
    {
        "logStreamName": "2025/04/17/[$LATEST]c776f3ad293c4614a3c9ed7855c81305",
        "timestamp": 1744914960542,
        "message": "[INFO] 2025-04-17T18:36:00GMT FILE_TRANSFER RequestId: 5e762e7c-e9ca-4d04-b3ee-fc439fbc75c2\t TransferType: consumed\t Action: download_from_s3\t FileName: tree_ORTHOMCL1_Inner3.nexus\t Bucket: denethor\t FilePath: subtree/tree_ORTHOMCL1_Inner3.nexus\t FilePathLocal: /tmp/subtree\t FileSize: 339 bytes\t TransferDuration: 0 ms\n",
        "ingestionTime": 1744914966386,
        "eventId": "38912903928151258237500942686897895236728140394591420487"
    },
    {
        "logStreamName": "2025/04/17/[$LATEST]c776f3ad293c4614a3c9ed7855c81305",
        "timestamp": 1744914960542,
        "message": "[INFO]\t2025-04-17T18:36:00.542Z\t5e762e7c-e9ca-4d04-b3ee-fc439fbc75c2\tFILE_TRANSFER RequestId: 5e762e7c-e9ca-4d04-b3ee-fc439fbc75c2\t TransferType: consumed\t Action: download_from_s3\t FileName: tree_ORTHOMCL1_Inner3.nexus\t Bucket: denethor\t FilePath: subtree/tree_ORTHOMCL1_Inner3.nexus\t FilePathLocal: /tmp/subtree\t FileSize: 339 bytes\t TransferDuration: 0 ms\n",
        "ingestionTime": 1744914966386,
        "eventId": "38912903928151258237500942686897895236728140394591420488"
    },
    {
        "logStreamName": "2025/04/17/[$LATEST]c776f3ad293c4614a3c9ed7855c81305",
        "timestamp": 1744914960546,
        "message": "[INFO] 2025-04-17T18:36:00GMT File tree_ORTHOMCL256_Inner1.nexus already exists in local path. Skipping download.\n",
        "ingestionTime": 1744914966386,
        "eventId": "38912903928240461218295065179464038109818733840615342153"
    },
    {
        "logStreamName": "2025/04/17/[$LATEST]c776f3ad293c4614a3c9ed7855c81305",
        "timestamp": 1744914960546,
        "message": "[INFO]\t2025-04-17T18:36:00.546Z\t5e762e7c-e9ca-4d04-b3ee-fc439fbc75c2\tFile tree_ORTHOMCL256_Inner1.nexus already exists in local path. Skipping download.\n",
        "ingestionTime": 1744914966386,
        "eventId": "38912903928240461218295065179464038109818733840615342154"
    },
    {
        "logStreamName": "2025/04/17/[$LATEST]c776f3ad293c4614a3c9ed7855c81305",
        "timestamp": 1744914960546,
        "message": "[INFO] 2025-04-17T18:36:00GMT FILE_TRANSFER RequestId: 5e762e7c-e9ca-4d04-b3ee-fc439fbc75c2\t TransferType: consumed\t Action: download_from_s3\t FileName: tree_ORTHOMCL256_Inner1.nexus\t Bucket: denethor\t FilePath: subtree/tree_ORTHOMCL256_Inner1.nexus\t FilePathLocal: /tmp/subtree\t FileSize: 187 bytes\t TransferDuration: 0 ms\n",
        "ingestionTime": 1744914966386,
        "eventId": "38912903928240461218295065179464038109818733840615342155"
    },
    {
        "logStreamName": "2025/04/17/[$LATEST]c776f3ad293c4614a3c9ed7855c81305",
        "timestamp": 1744914960546,
        "message": "[INFO]\t2025-04-17T18:36:00.546Z\t5e762e7c-e9ca-4d04-b3ee-fc439fbc75c2\tFILE_TRANSFER RequestId: 5e762e7c-e9ca-4d04-b3ee-fc439fbc75c2\t TransferType: consumed\t Action: download_from_s3\t FileName: tree_ORTHOMCL256_Inner1.nexus\t Bucket: denethor\t FilePath: subtree/tree_ORTHOMCL256_Inner1.nexus\t FilePathLocal: /tmp/subtree\t FileSize: 187 bytes\t TransferDuration: 0 ms\n",
        "ingestionTime": 1744914966386,
        "eventId": "38912903928240461218295065179464038109818733840615342156"
    },
    {
        "logStreamName": "2025/04/17/[$LATEST]c776f3ad293c4614a3c9ed7855c81305",
        "timestamp": 1744914960551,
        "message": "[INFO] 2025-04-17T18:36:00GMT File tree_ORTHOMCL256_Inner2.nexus already exists in local path. Skipping download.\n",
        "ingestionTime": 1744914966386,
        "eventId": "38912903928351964944287718295171716701181975648145244237"
    },
    {
        "logStreamName": "2025/04/17/[$LATEST]c776f3ad293c4614a3c9ed7855c81305",
        "timestamp": 1744914960551,
        "message": "[INFO]\t2025-04-17T18:36:00.550Z\t5e762e7c-e9ca-4d04-b3ee-fc439fbc75c2\tFile tree_ORTHOMCL256_Inner2.nexus already exists in local path. Skipping download.\n",
        "ingestionTime": 1744914966386,
        "eventId": "38912903928351964944287718295171716701181975648145244238"
    },
    {
        "logStreamName": "2025/04/17/[$LATEST]c776f3ad293c4614a3c9ed7855c81305",
        "timestamp": 1744914960551,
        "message": "[INFO] 2025-04-17T18:36:00GMT FILE_TRANSFER RequestId: 5e762e7c-e9ca-4d04-b3ee-fc439fbc75c2\t TransferType: consumed\t Action: download_from_s3\t FileName: tree_ORTHOMCL256_Inner2.nexus\t Bucket: denethor\t FilePath: subtree/tree_ORTHOMCL256_Inner2.nexus\t FilePathLocal: /tmp/subtree\t FileSize: 245 bytes\t TransferDuration: 0 ms\n",
        "ingestionTime": 1744914966386,
        "eventId": "38912903928351964944287718295171716701181975648145244239"
    },
    {
        "logStreamName": "2025/04/17/[$LATEST]c776f3ad293c4614a3c9ed7855c81305",
        "timestamp": 1744914960551,
        "message": "[INFO]\t2025-04-17T18:36:00.551Z\t5e762e7c-e9ca-4d04-b3ee-fc439fbc75c2\tFILE_TRANSFER RequestId: 5e762e7c-e9ca-4d04-b3ee-fc439fbc75c2\t TransferType: consumed\t Action: download_from_s3\t FileName: tree_ORTHOMCL256_Inner2.nexus\t Bucket: denethor\t FilePath: subtree/tree_ORTHOMCL256_Inner2.nexus\t FilePathLocal: /tmp/subtree\t FileSize: 245 bytes\t TransferDuration: 0 ms\n",
        "ingestionTime": 1744914966386,
        "eventId": "38912903928351964944287718295171716701181975648145244240"
    },
    {
        "logStreamName": "2025/04/17/[$LATEST]c776f3ad293c4614a3c9ed7855c81305",
        "timestamp": 1744914960555,
        "message": "[INFO] 2025-04-17T18:36:00GMT File tree_ORTHOMCL256_Inner3.nexus already exists in local path. Skipping download.\n",
        "ingestionTime": 1744914966386,
        "eventId": "38912903928441167925081840787737859574272569094169165905"
    },
    {
        "logStreamName": "2025/04/17/[$LATEST]c776f3ad293c4614a3c9ed7855c81305",
        "timestamp": 1744914960555,
        "message": "[INFO]\t2025-04-17T18:36:00.554Z\t5e762e7c-e9ca-4d04-b3ee-fc439fbc75c2\tFile tree_ORTHOMCL256_Inner3.nexus already exists in local path. Skipping download.\n",
        "ingestionTime": 1744914966386,
        "eventId": "38912903928441167925081840787737859574272569094169165906"
    },
    {
        "logStreamName": "2025/04/17/[$LATEST]c776f3ad293c4614a3c9ed7855c81305",
        "timestamp": 1744914960555,
        "message": "[INFO] 2025-04-17T18:36:00GMT FILE_TRANSFER RequestId: 5e762e7c-e9ca-4d04-b3ee-fc439fbc75c2\t TransferType: consumed\t Action: download_from_s3\t FileName: tree_ORTHOMCL256_Inner3.nexus\t Bucket: denethor\t FilePath: subtree/tree_ORTHOMCL256_Inner3.nexus\t FilePathLocal: /tmp/subtree\t FileSize: 301 bytes\t TransferDuration: 0 ms\n",
        "ingestionTime": 1744914966386,
        "eventId": "38912903928441167925081840787737859574272569094169165907"
    },
    {
        "logStreamName": "2025/04/17/[$LATEST]c776f3ad293c4614a3c9ed7855c81305",
        "timestamp": 1744914960555,
        "message": "[INFO]\t2025-04-17T18:36:00.555Z\t5e762e7c-e9ca-4d04-b3ee-fc439fbc75c2\tFILE_TRANSFER RequestId: 5e762e7c-e9ca-4d04-b3ee-fc439fbc75c2\t TransferType: consumed\t Action: download_from_s3\t FileName: tree_ORTHOMCL256_Inner3.nexus\t Bucket: denethor\t FilePath: subtree/tree_ORTHOMCL256_Inner3.nexus\t FilePathLocal: /tmp/subtree\t FileSize: 301 bytes\t TransferDuration: 0 ms\n",
        "ingestionTime": 1744914966386,
        "eventId": "38912903928441167925081840787737859574272569094169165908"
    },
    {
        "logStreamName": "2025/04/17/[$LATEST]c776f3ad293c4614a3c9ed7855c81305",
        "timestamp": 1744914960559,
        "message": "[INFO] 2025-04-17T18:36:00GMT File tree_ORTHOMCL256_Inner4.nexus already exists in local path. Skipping download.\n",
        "ingestionTime": 1744914966386,
        "eventId": "38912903928530370905875963280304002447363162540193087573"
    },
    {
        "logStreamName": "2025/04/17/[$LATEST]c776f3ad293c4614a3c9ed7855c81305",
        "timestamp": 1744914960559,
        "message": "[INFO]\t2025-04-17T18:36:00.559Z\t5e762e7c-e9ca-4d04-b3ee-fc439fbc75c2\tFile tree_ORTHOMCL256_Inner4.nexus already exists in local path. Skipping download.\n",
        "ingestionTime": 1744914966386,
        "eventId": "38912903928530370905875963280304002447363162540193087574"
    },
    {
        "logStreamName": "2025/04/17/[$LATEST]c776f3ad293c4614a3c9ed7855c81305",
        "timestamp": 1744914960559,
        "message": "[INFO] 2025-04-17T18:36:00GMT FILE_TRANSFER RequestId: 5e762e7c-e9ca-4d04-b3ee-fc439fbc75c2\t TransferType: consumed\t Action: download_from_s3\t FileName: tree_ORTHOMCL256_Inner4.nexus\t Bucket: denethor\t FilePath: subtree/tree_ORTHOMCL256_Inner4.nexus\t FilePathLocal: /tmp/subtree\t FileSize: 191 bytes\t TransferDuration: 0 ms\n",
        "ingestionTime": 1744914966386,
        "eventId": "38912903928530370905875963280304002447363162540193087575"
    },
    {
        "logStreamName": "2025/04/17/[$LATEST]c776f3ad293c4614a3c9ed7855c81305",
        "timestamp": 1744914960559,
        "message": "[INFO]\t2025-04-17T18:36:00.559Z\t5e762e7c-e9ca-4d04-b3ee-fc439fbc75c2\tFILE_TRANSFER RequestId: 5e762e7c-e9ca-4d04-b3ee-fc439fbc75c2\t TransferType: consumed\t Action: download_from_s3\t FileName: tree_ORTHOMCL256_Inner4.nexus\t Bucket: denethor\t FilePath: subtree/tree_ORTHOMCL256_Inner4.nexus\t FilePathLocal: /tmp/subtree\t FileSize: 191 bytes\t TransferDuration: 0 ms\n",
        "ingestionTime": 1744914966386,
        "eventId": "38912903928530370905875963280304002447363162540193087576"
    },
    {
        "logStreamName": "2025/04/17/[$LATEST]c776f3ad293c4614a3c9ed7855c81305",
        "timestamp": 1744914960563,
        "message": "[INFO] 2025-04-17T18:36:00GMT File tree_ORTHOMCL256_Inner5.nexus already exists in local path. Skipping download.\n",
        "ingestionTime": 1744914966386,
        "eventId": "38912903928619573886670085772870145320453755986217009241"
    },
    {
        "logStreamName": "2025/04/17/[$LATEST]c776f3ad293c4614a3c9ed7855c81305",
        "timestamp": 1744914960563,
        "message": "[INFO]\t2025-04-17T18:36:00.563Z\t5e762e7c-e9ca-4d04-b3ee-fc439fbc75c2\tFile tree_ORTHOMCL256_Inner5.nexus already exists in local path. Skipping download.\n",
        "ingestionTime": 1744914966386,
        "eventId": "38912903928619573886670085772870145320453755986217009242"
    },
    {
        "logStreamName": "2025/04/17/[$LATEST]c776f3ad293c4614a3c9ed7855c81305",
        "timestamp": 1744914960564,
        "message": "[INFO] 2025-04-17T18:36:00GMT FILE_TRANSFER RequestId: 5e762e7c-e9ca-4d04-b3ee-fc439fbc75c2\t TransferType: consumed\t Action: download_from_s3\t FileName: tree_ORTHOMCL256_Inner5.nexus\t Bucket: denethor\t FilePath: subtree/tree_ORTHOMCL256_Inner5.nexus\t FilePathLocal: /tmp/subtree\t FileSize: 421 bytes\t TransferDuration: 0 ms\n",
        "ingestionTime": 1744914966386,
        "eventId": "38912903928641874631868616396011681038726404347722989659"
    },
    {
        "logStreamName": "2025/04/17/[$LATEST]c776f3ad293c4614a3c9ed7855c81305",
        "timestamp": 1744914960564,
        "message": "[INFO]\t2025-04-17T18:36:00.563Z\t5e762e7c-e9ca-4d04-b3ee-fc439fbc75c2\tFILE_TRANSFER RequestId: 5e762e7c-e9ca-4d04-b3ee-fc439fbc75c2\t TransferType: consumed\t Action: download_from_s3\t FileName: tree_ORTHOMCL256_Inner5.nexus\t Bucket: denethor\t FilePath: subtree/tree_ORTHOMCL256_Inner5.nexus\t FilePathLocal: /tmp/subtree\t FileSize: 421 bytes\t TransferDuration: 0 ms\n",
        "ingestionTime": 1744914966386,
        "eventId": "38912903928641874631868616396011681038726404347722989660"
    },
    {
        "logStreamName": "2025/04/17/[$LATEST]c776f3ad293c4614a3c9ed7855c81305",
        "timestamp": 1744914960567,
        "message": "[INFO] 2025-04-17T18:36:00GMT File tree_ORTHOMCL256_Inner6.nexus already exists in local path. Skipping download.\n",
        "ingestionTime": 1744914966386,
        "eventId": "38912903928708776867464208265436288193544349432240930909"
    },
    {
        "logStreamName": "2025/04/17/[$LATEST]c776f3ad293c4614a3c9ed7855c81305",
        "timestamp": 1744914960567,
        "message": "[INFO]\t2025-04-17T18:36:00.567Z\t5e762e7c-e9ca-4d04-b3ee-fc439fbc75c2\tFile tree_ORTHOMCL256_Inner6.nexus already exists in local path. Skipping download.\n",
        "ingestionTime": 1744914966386,
        "eventId": "38912903928708776867464208265436288193544349432240930910"
    },
    {
        "logStreamName": "2025/04/17/[$LATEST]c776f3ad293c4614a3c9ed7855c81305",
        "timestamp": 1744914960568,
        "message": "[INFO] 2025-04-17T18:36:00GMT FILE_TRANSFER RequestId: 5e762e7c-e9ca-4d04-b3ee-fc439fbc75c2\t TransferType: consumed\t Action: download_from_s3\t FileName: tree_ORTHOMCL256_Inner6.nexus\t Bucket: denethor\t FilePath: subtree/tree_ORTHOMCL256_Inner6.nexus\t FilePathLocal: /tmp/subtree\t FileSize: 481 bytes\t TransferDuration: 0 ms\n",
        "ingestionTime": 1744914966386,
        "eventId": "38912903928731077612662738888577823911816997793746911327"
    },
    {
        "logStreamName": "2025/04/17/[$LATEST]c776f3ad293c4614a3c9ed7855c81305",
        "timestamp": 1744914960568,
        "message": "[INFO]\t2025-04-17T18:36:00.567Z\t5e762e7c-e9ca-4d04-b3ee-fc439fbc75c2\tFILE_TRANSFER RequestId: 5e762e7c-e9ca-4d04-b3ee-fc439fbc75c2\t TransferType: consumed\t Action: download_from_s3\t FileName: tree_ORTHOMCL256_Inner6.nexus\t Bucket: denethor\t FilePath: subtree/tree_ORTHOMCL256_Inner6.nexus\t FilePathLocal: /tmp/subtree\t FileSize: 481 bytes\t TransferDuration: 0 ms\n",
        "ingestionTime": 1744914966386,
        "eventId": "38912903928731077612662738888577823911816997793746911328"
    },
    {
        "logStreamName": "2025/04/17/[$LATEST]c776f3ad293c4614a3c9ed7855c81305",
        "timestamp": 1744914960572,
        "message": "[INFO] 2025-04-17T18:36:00GMT File tree_ORTHOMCL256_Inner7.nexus already exists in local path. Skipping download.\n",
        "ingestionTime": 1744914966386,
        "eventId": "38912903928820280593456861381143966784907591239770832993"
    },
    {
        "logStreamName": "2025/04/17/[$LATEST]c776f3ad293c4614a3c9ed7855c81305",
        "timestamp": 1744914960572,
        "message": "[INFO]\t2025-04-17T18:36:00.571Z\t5e762e7c-e9ca-4d04-b3ee-fc439fbc75c2\tFile tree_ORTHOMCL256_Inner7.nexus already exists in local path. Skipping download.\n",
        "ingestionTime": 1744914966386,
        "eventId": "38912903928820280593456861381143966784907591239770832994"
    },
    {
        "logStreamName": "2025/04/17/[$LATEST]c776f3ad293c4614a3c9ed7855c81305",
        "timestamp": 1744914960572,
        "message": "[INFO] 2025-04-17T18:36:00GMT FILE_TRANSFER RequestId: 5e762e7c-e9ca-4d04-b3ee-fc439fbc75c2\t TransferType: consumed\t Action: download_from_s3\t FileName: tree_ORTHOMCL256_Inner7.nexus\t Bucket: denethor\t FilePath: subtree/tree_ORTHOMCL256_Inner7.nexus\t FilePathLocal: /tmp/subtree\t FileSize: 539 bytes\t TransferDuration: 0 ms\n",
        "ingestionTime": 1744914966386,
        "eventId": "38912903928820280593456861381143966784907591239770832995"
    },
    {
        "logStreamName": "2025/04/17/[$LATEST]c776f3ad293c4614a3c9ed7855c81305",
        "timestamp": 1744914960572,
        "message": "[INFO]\t2025-04-17T18:36:00.572Z\t5e762e7c-e9ca-4d04-b3ee-fc439fbc75c2\tFILE_TRANSFER RequestId: 5e762e7c-e9ca-4d04-b3ee-fc439fbc75c2\t TransferType: consumed\t Action: download_from_s3\t FileName: tree_ORTHOMCL256_Inner7.nexus\t Bucket: denethor\t FilePath: subtree/tree_ORTHOMCL256_Inner7.nexus\t FilePathLocal: /tmp/subtree\t FileSize: 539 bytes\t TransferDuration: 0 ms\n",
        "ingestionTime": 1744914966386,
        "eventId": "38912903928820280593456861381143966784907591239770832996"
    },
    {
        "logStreamName": "2025/04/17/[$LATEST]c776f3ad293c4614a3c9ed7855c81305",
        "timestamp": 1744914960576,
        "message": "[INFO] 2025-04-17T18:36:00GMT File tree_ORTHOMCL256_Inner8.nexus already exists in local path. Skipping download.\n",
        "ingestionTime": 1744914966386,
        "eventId": "38912903928909483574250983873710109657998184685794754661"
    },
    {
        "logStreamName": "2025/04/17/[$LATEST]c776f3ad293c4614a3c9ed7855c81305",
        "timestamp": 1744914960576,
        "message": "[INFO]\t2025-04-17T18:36:00.575Z\t5e762e7c-e9ca-4d04-b3ee-fc439fbc75c2\tFile tree_ORTHOMCL256_Inner8.nexus already exists in local path. Skipping download.\n",
        "ingestionTime": 1744914966386,
        "eventId": "38912903928909483574250983873710109657998184685794754662"
    },
    {
        "logStreamName": "2025/04/17/[$LATEST]c776f3ad293c4614a3c9ed7855c81305",
        "timestamp": 1744914960576,
        "message": "[INFO] 2025-04-17T18:36:00GMT FILE_TRANSFER RequestId: 5e762e7c-e9ca-4d04-b3ee-fc439fbc75c2\t TransferType: consumed\t Action: download_from_s3\t FileName: tree_ORTHOMCL256_Inner8.nexus\t Bucket: denethor\t FilePath: subtree/tree_ORTHOMCL256_Inner8.nexus\t FilePathLocal: /tmp/subtree\t FileSize: 640 bytes\t TransferDuration: 0 ms\n",
        "ingestionTime": 1744914966386,
        "eventId": "38912903928909483574250983873710109657998184685794754663"
    },
    {
        "logStreamName": "2025/04/17/[$LATEST]c776f3ad293c4614a3c9ed7855c81305",
        "timestamp": 1744914960576,
        "message": "[INFO]\t2025-04-17T18:36:00.576Z\t5e762e7c-e9ca-4d04-b3ee-fc439fbc75c2\tFILE_TRANSFER RequestId: 5e762e7c-e9ca-4d04-b3ee-fc439fbc75c2\t TransferType: consumed\t Action: download_from_s3\t FileName: tree_ORTHOMCL256_Inner8.nexus\t Bucket: denethor\t FilePath: subtree/tree_ORTHOMCL256_Inner8.nexus\t FilePathLocal: /tmp/subtree\t FileSize: 640 bytes\t TransferDuration: 0 ms\n",
        "ingestionTime": 1744914966386,
        "eventId": "38912903928909483574250983873710109657998184685794754664"
    },
    {
        "logStreamName": "2025/04/17/[$LATEST]c776f3ad293c4614a3c9ed7855c81305",
        "timestamp": 1744914960576,
        "message": "[INFO] 2025-04-17T18:36:00GMT CONSUMED_FILES_INFO RequestId: 5e762e7c-e9ca-4d04-b3ee-fc439fbc75c2\t FilesCount: 11 files\t FilesSize: 3714 bytes\t TransferDuration: 0 ms\t ConsumedFiles: ['tree_ORTHOMCL1_Inner1.nexus', 'tree_ORTHOMCL1_Inner2.nexus', 'tree_ORTHOMCL1_Inner3.nexus', 'tree_ORTHOMCL256_Inner1.nexus', 'tree_ORTHOMCL256_Inner2.nexus', 'tree_ORTHOMCL256_Inner3.nexus', 'tree_ORTHOMCL256_Inner4.nexus', 'tree_ORTHOMCL256_Inner5.nexus', 'tree_ORTHOMCL256_Inner6.nexus', 'tree_ORTHOMCL256_Inner7.nexus', 'tree_ORTHOMCL256_Inner8.nexus']\n",
        "ingestionTime": 1744914966386,
        "eventId": "38912903928909483574250983873710109657998184685794754665"
    },
    {
        "logStreamName": "2025/04/17/[$LATEST]c776f3ad293c4614a3c9ed7855c81305",
        "timestamp": 1744914960576,
        "message": "[INFO]\t2025-04-17T18:36:00.576Z\t5e762e7c-e9ca-4d04-b3ee-fc439fbc75c2\tCONSUMED_FILES_INFO RequestId: 5e762e7c-e9ca-4d04-b3ee-fc439fbc75c2\t FilesCount: 11 files\t FilesSize: 3714 bytes\t TransferDuration: 0 ms\t ConsumedFiles: ['tree_ORTHOMCL1_Inner1.nexus', 'tree_ORTHOMCL1_Inner2.nexus', 'tree_ORTHOMCL1_Inner3.nexus', 'tree_ORTHOMCL256_Inner1.nexus', 'tree_ORTHOMCL256_Inner2.nexus', 'tree_ORTHOMCL256_Inner3.nexus', 'tree_ORTHOMCL256_Inner4.nexus', 'tree_ORTHOMCL256_Inner5.nexus', 'tree_ORTHOMCL256_Inner6.nexus', 'tree_ORTHOMCL256_Inner7.nexus', 'tree_ORTHOMCL256_Inner8.nexus']\n",
        "ingestionTime": 1744914966386,
        "eventId": "38912903928909483574250983873710109657998184685794754666"
    },
    {
        "logStreamName": "2025/04/17/[$LATEST]c776f3ad293c4614a3c9ed7855c81305",
        "timestamp": 1744914960576,
        "message": "subtree_matrix: processing file tree_ORTHOMCL256_Inner1.nexus of ['tree_ORTHOMCL256_Inner1.nexus', 'tree_ORTHOMCL256_Inner2.nexus', 'tree_ORTHOMCL256_Inner3.nexus', 'tree_ORTHOMCL256_Inner4.nexus', 'tree_ORTHOMCL256_Inner5.nexus', 'tree_ORTHOMCL256_Inner6.nexus', 'tree_ORTHOMCL256_Inner7.nexus', 'tree_ORTHOMCL256_Inner8.nexus']\n",
        "ingestionTime": 1744914966386,
        "eventId": "38912903928909483574250983873710109657998184685794754667"
    },
    {
        "logStreamName": "2025/04/17/[$LATEST]c776f3ad293c4614a3c9ed7855c81305",
        "timestamp": 1744914960579,
        "message": "subtree_matrix: processing file tree_ORTHOMCL256_Inner2.nexus of ['tree_ORTHOMCL256_Inner1.nexus', 'tree_ORTHOMCL256_Inner2.nexus', 'tree_ORTHOMCL256_Inner3.nexus', 'tree_ORTHOMCL256_Inner4.nexus', 'tree_ORTHOMCL256_Inner5.nexus', 'tree_ORTHOMCL256_Inner6.nexus', 'tree_ORTHOMCL256_Inner7.nexus', 'tree_ORTHOMCL256_Inner8.nexus']\n",
        "ingestionTime": 1744914966386,
        "eventId": "38912903928976385809846575743134716812816129770312695916"
    },
    {
        "logStreamName": "2025/04/17/[$LATEST]c776f3ad293c4614a3c9ed7855c81305",
        "timestamp": 1744914960581,
        "message": "subtree_matrix: processing file tree_ORTHOMCL256_Inner3.nexus of ['tree_ORTHOMCL256_Inner1.nexus', 'tree_ORTHOMCL256_Inner2.nexus', 'tree_ORTHOMCL256_Inner3.nexus', 'tree_ORTHOMCL256_Inner4.nexus', 'tree_ORTHOMCL256_Inner5.nexus', 'tree_ORTHOMCL256_Inner6.nexus', 'tree_ORTHOMCL256_Inner7.nexus', 'tree_ORTHOMCL256_Inner8.nexus']\n",
        "ingestionTime": 1744914966386,
        "eventId": "38912903929020987300243636989417788249361426493324656749"
    },
    {
        "logStreamName": "2025/04/17/[$LATEST]c776f3ad293c4614a3c9ed7855c81305",
        "timestamp": 1744914960584,
        "message": "subtree_matrix: processing file tree_ORTHOMCL256_Inner4.nexus of ['tree_ORTHOMCL256_Inner1.nexus', 'tree_ORTHOMCL256_Inner2.nexus', 'tree_ORTHOMCL256_Inner3.nexus', 'tree_ORTHOMCL256_Inner4.nexus', 'tree_ORTHOMCL256_Inner5.nexus', 'tree_ORTHOMCL256_Inner6.nexus', 'tree_ORTHOMCL256_Inner7.nexus', 'tree_ORTHOMCL256_Inner8.nexus']\n",
        "ingestionTime": 1744914966386,
        "eventId": "38912903929087889535839228858842395404179371577842597998"
    },
    {
        "logStreamName": "2025/04/17/[$LATEST]c776f3ad293c4614a3c9ed7855c81305",
        "timestamp": 1744914960587,
        "message": "subtree_matrix: processing file tree_ORTHOMCL256_Inner5.nexus of ['tree_ORTHOMCL256_Inner1.nexus', 'tree_ORTHOMCL256_Inner2.nexus', 'tree_ORTHOMCL256_Inner3.nexus', 'tree_ORTHOMCL256_Inner4.nexus', 'tree_ORTHOMCL256_Inner5.nexus', 'tree_ORTHOMCL256_Inner6.nexus', 'tree_ORTHOMCL256_Inner7.nexus', 'tree_ORTHOMCL256_Inner8.nexus']\n",
        "ingestionTime": 1744914966386,
        "eventId": "38912903929154791771434820728267002558997316662360539247"
    },
    {
        "logStreamName": "2025/04/17/[$LATEST]c776f3ad293c4614a3c9ed7855c81305",
        "timestamp": 1744914960590,
        "message": "subtree_matrix: processing file tree_ORTHOMCL256_Inner6.nexus of ['tree_ORTHOMCL256_Inner1.nexus', 'tree_ORTHOMCL256_Inner2.nexus', 'tree_ORTHOMCL256_Inner3.nexus', 'tree_ORTHOMCL256_Inner4.nexus', 'tree_ORTHOMCL256_Inner5.nexus', 'tree_ORTHOMCL256_Inner6.nexus', 'tree_ORTHOMCL256_Inner7.nexus', 'tree_ORTHOMCL256_Inner8.nexus']\n",
        "ingestionTime": 1744914966386,
        "eventId": "38912903929221694007030412597691609713815261746878480496"
    },
    {
        "logStreamName": "2025/04/17/[$LATEST]c776f3ad293c4614a3c9ed7855c81305",
        "timestamp": 1744914960594,
        "message": "subtree_matrix: processing file tree_ORTHOMCL256_Inner7.nexus of ['tree_ORTHOMCL256_Inner1.nexus', 'tree_ORTHOMCL256_Inner2.nexus', 'tree_ORTHOMCL256_Inner3.nexus', 'tree_ORTHOMCL256_Inner4.nexus', 'tree_ORTHOMCL256_Inner5.nexus', 'tree_ORTHOMCL256_Inner6.nexus', 'tree_ORTHOMCL256_Inner7.nexus', 'tree_ORTHOMCL256_Inner8.nexus']\n",
        "ingestionTime": 1744914966386,
        "eventId": "38912903929310896987824535090257752586905855192902402161"
    },
    {
        "logStreamName": "2025/04/17/[$LATEST]c776f3ad293c4614a3c9ed7855c81305",
        "timestamp": 1744914960599,
        "message": "subtree_matrix: processing file tree_ORTHOMCL256_Inner8.nexus of ['tree_ORTHOMCL256_Inner1.nexus', 'tree_ORTHOMCL256_Inner2.nexus', 'tree_ORTHOMCL256_Inner3.nexus', 'tree_ORTHOMCL256_Inner4.nexus', 'tree_ORTHOMCL256_Inner5.nexus', 'tree_ORTHOMCL256_Inner6.nexus', 'tree_ORTHOMCL256_Inner7.nexus', 'tree_ORTHOMCL256_Inner8.nexus']\n",
        "ingestionTime": 1744914966386,
        "eventId": "38912903929422400713817188205965431178269097000432304242"
    },
    {
        "logStreamName": "2025/04/17/[$LATEST]c776f3ad293c4614a3c9ed7855c81305",
        "timestamp": 1744914960604,
        "message": "Tempo de construção do maf_database: 28.404025999861915 milissegundos\n",
        "ingestionTime": 1744914966386,
        "eventId": "38912903929533904439809841321673109769632338807962206323"
    },
    {
        "logStreamName": "2025/04/17/[$LATEST]c776f3ad293c4614a3c9ed7855c81305",
        "timestamp": 1744914960605,
        "message": "[INFO] 2025-04-17T18:36:00GMT MAF_DATABASE_CREATOR RequestId: 5e762e7c-e9ca-4d04-b3ee-fc439fbc75c2\t Duration: 28.404025999861915 ms\t InputSubtrees: ['tree_ORTHOMCL256_Inner1.nexus', 'tree_ORTHOMCL256_Inner2.nexus', 'tree_ORTHOMCL256_Inner3.nexus', 'tree_ORTHOMCL256_Inner4.nexus', 'tree_ORTHOMCL256_Inner5.nexus', 'tree_ORTHOMCL256_Inner6.nexus', 'tree_ORTHOMCL256_Inner7.nexus', 'tree_ORTHOMCL256_Inner8.nexus']\t MafDatabaseFile: mafdb_98e1a0698cbb3ad22654b18daf794e4cacd094e1e043d17e253b37083af465ed.json\n",
        "ingestionTime": 1744914966386,
        "eventId": "38912903929556205185008371944814645487904987169468186740"
    },
    {
        "logStreamName": "2025/04/17/[$LATEST]c776f3ad293c4614a3c9ed7855c81305",
        "timestamp": 1744914960605,
        "message": "[INFO]\t2025-04-17T18:36:00.605Z\t5e762e7c-e9ca-4d04-b3ee-fc439fbc75c2\tMAF_DATABASE_CREATOR RequestId: 5e762e7c-e9ca-4d04-b3ee-fc439fbc75c2\t Duration: 28.404025999861915 ms\t InputSubtrees: ['tree_ORTHOMCL256_Inner1.nexus', 'tree_ORTHOMCL256_Inner2.nexus', 'tree_ORTHOMCL256_Inner3.nexus', 'tree_ORTHOMCL256_Inner4.nexus', 'tree_ORTHOMCL256_Inner5.nexus', 'tree_ORTHOMCL256_Inner6.nexus', 'tree_ORTHOMCL256_Inner7.nexus', 'tree_ORTHOMCL256_Inner8.nexus']\t MafDatabaseFile: mafdb_98e1a0698cbb3ad22654b18daf794e4cacd094e1e043d17e253b37083af465ed.json\n",
        "ingestionTime": 1744914966386,
        "eventId": "38912903929556205185008371944814645487904987169468186741"
    },
    {
        "logStreamName": "2025/04/17/[$LATEST]c776f3ad293c4614a3c9ed7855c81305",
        "timestamp": 1744914960754,
        "message": "FILE_TRANSFER RequestId: 5e762e7c-e9ca-4d04-b3ee-fc439fbc75c2\t TransferType: produced\t Action: upload_to_s3\t FileName: mafdb_98e1a0698cbb3ad22654b18daf794e4cacd094e1e043d17e253b37083af465ed.json\t Bucket: denethor\t FilePath: mafdb/mafdb_98e1a0698cbb3ad22654b18daf794e4cacd094e1e043d17e253b37083af465ed.json\t LocalFilePath: /tmp/mafdb/mafdb_98e1a0698cbb3ad22654b18daf794e4cacd094e1e043d17e253b37083af465ed.json\t FileSize: 396 bytes\t TransferDuration: 49.04918500005806 ms\n",
        "ingestionTime": 1744914966386,
        "eventId": "38912903932879016219589434792903467510529593033859268726"
    },
    {
        "logStreamName": "2025/04/17/[$LATEST]c776f3ad293c4614a3c9ed7855c81305",
        "timestamp": 1744914960754,
        "message": "PRODUCED_FILES_INFO RequestId: 5e762e7c-e9ca-4d04-b3ee-fc439fbc75c2\t FilesCount: 1 files\t FilesSize: 396 bytes\t TransferDuration: 49.04918500005806 ms\t Provider: aws_lambda\t  ProducedFiles: ['mafdb_98e1a0698cbb3ad22654b18daf794e4cacd094e1e043d17e253b37083af465ed.json']\n",
        "ingestionTime": 1744914966386,
        "eventId": "38912903932879016219589434792903467510529593033859268727"
    },
    {
        "logStreamName": "2025/04/17/[$LATEST]c776f3ad293c4614a3c9ed7855c81305",
        "timestamp": 1744914960755,
        "message": "END RequestId: 5e762e7c-e9ca-4d04-b3ee-fc439fbc75c2\n",
        "ingestionTime": 1744914966386,
        "eventId": "38912903932901316964787965416045003228802241395365249144"
    },
    {
        "logStreamName": "2025/04/17/[$LATEST]c776f3ad293c4614a3c9ed7855c81305",
        "timestamp": 1744914960756,
        "message": "REPORT RequestId: 5e762e7c-e9ca-4d04-b3ee-fc439fbc75c2\tDuration: 227.16 ms\tBilled Duration: 228 ms\tMemory Size: 2048 MB\tMax Memory Used: 111 MB\t\n",
        "ingestionTime": 1744914966386,
        "eventId": "38912903932923617709986496039186538947074889756871229561"
    }
]