[
    {
        "logStreamName": "2025/04/18/[$LATEST]4e7998e627e44cad84c09673bdc06fc7",
        "timestamp": 1744958259111,
        "message": "INIT_START Runtime Version: python:3.10.v64\tRuntime Version ARN: arn:aws:lambda:sa-east-1::runtime:d56bdc8857b2109a058de2ab50bfb80ac2aa600be6f7855a436859944e5fe54b\n",
        "ingestionTime": 1744958260330,
        "eventId": "38913869518505988234385701807128308864622617659410153472"
    },
    {
        "logStreamName": "2025/04/18/[$LATEST]4e7998e627e44cad84c09673bdc06fc7",
        "timestamp": 1744958259849,
        "message": "START RequestId: c1ea4dbd-1107-4582-b428-ed73c7437e02 Version: $LATEST\n",
        "ingestionTime": 1744958260330,
        "eventId": "38913869534963938190901301685581668949837108450823700481"
    },
    {
        "logStreamName": "2025/04/18/[$LATEST]4e7998e627e44cad84c09673bdc06fc7",
        "timestamp": 1744958259850,
        "message": "Directory /tmp/mafdb was created!\n",
        "ingestionTime": 1744958260330,
        "eventId": "38913869534986238936099832308723204668109756812329680898"
    },
    {
        "logStreamName": "2025/04/18/[$LATEST]4e7998e627e44cad84c09673bdc06fc7",
        "timestamp": 1744958260033,
        "message": "FILE_TRANSFER RequestId: c1ea4dbd-1107-4582-b428-ed73c7437e02\t TransferType: consumed\t Action: download_from_s3\t FileName: mafdb_6f7a2b1116e6a791f68a03367473294792b679a6357b6789f3f993b1f83e2e80.json\t Bucket: denethor\t FilePath: mafdb/mafdb_6f7a2b1116e6a791f68a03367473294792b679a6357b6789f3f993b1f83e2e80.json\t LocalFilePath: /tmp/mafdb/mafdb_6f7a2b1116e6a791f68a03367473294792b679a6357b6789f3f993b1f83e2e80.json\t FileSize: 185 bytes\t TransferDuration: 182.9102490000878 ms\n",
        "ingestionTime": 1744958260330,
        "eventId": "38913869539067275307430936343624241112004406967924097027"
    },
    {
        "logStreamName": "2025/04/18/[$LATEST]4e7998e627e44cad84c09673bdc06fc7",
        "timestamp": 1744958260092,
        "message": "FILE_TRANSFER RequestId: c1ea4dbd-1107-4582-b428-ed73c7437e02\t TransferType: consumed\t Action: download_from_s3\t FileName: mafdb_54d8ddd695de385cbe16742ebc6fdcb479cd2b8e3c0cd457826222c83fe6bb7c.json\t Bucket: denethor\t FilePath: mafdb/mafdb_54d8ddd695de385cbe16742ebc6fdcb479cd2b8e3c0cd457826222c83fe6bb7c.json\t LocalFilePath: /tmp/mafdb/mafdb_54d8ddd695de385cbe16742ebc6fdcb479cd2b8e3c0cd457826222c83fe6bb7c.json\t FileSize: 5180 bytes\t TransferDuration: 59.02890200013644 ms\n",
        "ingestionTime": 1744958260330,
        "eventId": "38913869540383019274144243108974848490090660296776941572"
    },
    {
        "logStreamName": "2025/04/18/[$LATEST]4e7998e627e44cad84c09673bdc06fc7",
        "timestamp": 1744958260143,
        "message": "FILE_TRANSFER RequestId: c1ea4dbd-1107-4582-b428-ed73c7437e02\t TransferType: consumed\t Action: download_from_s3\t FileName: mafdb_1f6ccfc97b000b314f6a6c7e2582a4263b17ffc061fef38bd3c9a63fa631759f.json\t Bucket: denethor\t FilePath: mafdb/mafdb_1f6ccfc97b000b314f6a6c7e2582a4263b17ffc061fef38bd3c9a63fa631759f.json\t LocalFilePath: /tmp/mafdb/mafdb_1f6ccfc97b000b314f6a6c7e2582a4263b17ffc061fef38bd3c9a63fa631759f.json\t FileSize: 5134 bytes\t TransferDuration: 50.138928999786 ms\n",
        "ingestionTime": 1744958260330,
        "eventId": "38913869541520357279269304889193170121995726733581942789"
    },
    {
        "logStreamName": "2025/04/18/[$LATEST]4e7998e627e44cad84c09673bdc06fc7",
        "timestamp": 1744958260210,
        "message": "FILE_TRANSFER RequestId: c1ea4dbd-1107-4582-b428-ed73c7437e02\t TransferType: consumed\t Action: download_from_s3\t FileName: mafdb_bd5d862db8f1d6b261aaeb3b8ecb83d67004ffb7524cb75c5f1f8454224f7c91.json\t Bucket: denethor\t FilePath: mafdb/mafdb_bd5d862db8f1d6b261aaeb3b8ecb83d67004ffb7524cb75c5f1f8454224f7c91.json\t LocalFilePath: /tmp/mafdb/mafdb_bd5d862db8f1d6b261aaeb3b8ecb83d67004ffb7524cb75c5f1f8454224f7c91.json\t FileSize: 355 bytes\t TransferDuration: 67.56783599985283 ms\n",
        "ingestionTime": 1744958260330,
        "eventId": "38913869543014507207570856639676063246263166954482630662"
    },
    {
        "logStreamName": "2025/04/18/[$LATEST]4e7998e627e44cad84c09673bdc06fc7",
        "timestamp": 1744958260270,
        "message": "FILE_TRANSFER RequestId: c1ea4dbd-1107-4582-b428-ed73c7437e02\t TransferType: consumed\t Action: download_from_s3\t FileName: mafdb_861b6fcf310a5a4a01036477cd0e28e972c4aa89be1fcccfc0eab6cd45e9fd74.json\t Bucket: denethor\t FilePath: mafdb/mafdb_861b6fcf310a5a4a01036477cd0e28e972c4aa89be1fcccfc0eab6cd45e9fd74.json\t LocalFilePath: /tmp/mafdb/mafdb_861b6fcf310a5a4a01036477cd0e28e972c4aa89be1fcccfc0eab6cd45e9fd74.json\t FileSize: 355 bytes\t TransferDuration: 59.916101999988314 ms\n",
        "ingestionTime": 1744958269292,
        "eventId": "38913869544352551919482694039002648340093365884067643392"
    },
    {
        "logStreamName": "2025/04/18/[$LATEST]4e7998e627e44cad84c09673bdc06fc7",
        "timestamp": 1744958260305,
        "message": "FILE_TRANSFER RequestId: c1ea4dbd-1107-4582-b428-ed73c7437e02\t TransferType: consumed\t Action: download_from_s3\t FileName: mafdb_7d398773bfc3e4435be56d8711457fd7fc190e97e32d7ec51a8a702e16118c4d.json\t Bucket: denethor\t FilePath: mafdb/mafdb_7d398773bfc3e4435be56d8711457fd7fc190e97e32d7ec51a8a702e16118c4d.json\t LocalFilePath: /tmp/mafdb/mafdb_7d398773bfc3e4435be56d8711457fd7fc190e97e32d7ec51a8a702e16118c4d.json\t FileSize: 355 bytes\t TransferDuration: 34.26961300010589 ms\n",
        "ingestionTime": 1744958269292,
        "eventId": "38913869545133078001431265848956398479636058536776957953"
    },
    {
        "logStreamName": "2025/04/18/[$LATEST]4e7998e627e44cad84c09673bdc06fc7",
        "timestamp": 1744958260391,
        "message": "FILE_TRANSFER RequestId: c1ea4dbd-1107-4582-b428-ed73c7437e02\t TransferType: consumed\t Action: download_from_s3\t FileName: mafdb_c451a256436a5fc45a562eaf2fead8dd42917b32894e636d2b705f5405224a88.json\t Bucket: denethor\t FilePath: mafdb/mafdb_c451a256436a5fc45a562eaf2fead8dd42917b32894e636d2b705f5405224a88.json\t LocalFilePath: /tmp/mafdb/mafdb_c451a256436a5fc45a562eaf2fead8dd42917b32894e636d2b705f5405224a88.json\t FileSize: 355 bytes\t TransferDuration: 86.37522299977718 ms\n",
        "ingestionTime": 1744958269292,
        "eventId": "38913869547050942088504899439128470251083817626291273730"
    },
    {
        "logStreamName": "2025/04/18/[$LATEST]4e7998e627e44cad84c09673bdc06fc7",
        "timestamp": 1744958260447,
        "message": "FILE_TRANSFER RequestId: c1ea4dbd-1107-4582-b428-ed73c7437e02\t TransferType: consumed\t Action: download_from_s3\t FileName: mafdb_7511017a4e93687a5be47b55aa4c08eff48c283a8153f5e070747057ad693f80.json\t Bucket: denethor\t FilePath: mafdb/mafdb_7511017a4e93687a5be47b55aa4c08eff48c283a8153f5e070747057ad693f80.json\t LocalFilePath: /tmp/mafdb/mafdb_7511017a4e93687a5be47b55aa4c08eff48c283a8153f5e070747057ad693f80.json\t FileSize: 314 bytes\t TransferDuration: 56.26595099965925 ms\n",
        "ingestionTime": 1744958269292,
        "eventId": "38913869548299783819622614335054470474352125870626177027"
    },
    {
        "logStreamName": "2025/04/18/[$LATEST]4e7998e627e44cad84c09673bdc06fc7",
        "timestamp": 1744958260507,
        "message": "FILE_TRANSFER RequestId: c1ea4dbd-1107-4582-b428-ed73c7437e02\t TransferType: consumed\t Action: download_from_s3\t FileName: mafdb_3891ae3bc299950ca7a78c4d495828659f2cb320e0641ad8c6bfc4ced2d8e2b0.json\t Bucket: denethor\t FilePath: mafdb/mafdb_3891ae3bc299950ca7a78c4d495828659f2cb320e0641ad8c6bfc4ced2d8e2b0.json\t LocalFilePath: /tmp/mafdb/mafdb_3891ae3bc299950ca7a78c4d495828659f2cb320e0641ad8c6bfc4ced2d8e2b0.json\t FileSize: 355 bytes\t TransferDuration: 59.16584199985664 ms\n",
        "ingestionTime": 1744958269292,
        "eventId": "38913869549637828531534451723546613570711027560985001988"
    },
    {
        "logStreamName": "2025/04/18/[$LATEST]4e7998e627e44cad84c09673bdc06fc7",
        "timestamp": 1744958260570,
        "message": "FILE_TRANSFER RequestId: c1ea4dbd-1107-4582-b428-ed73c7437e02\t TransferType: consumed\t Action: download_from_s3\t FileName: mafdb_58aa863a1439bf886daca0713239dba1882676aea5266e0af5bebad97529db92.json\t Bucket: denethor\t FilePath: mafdb/mafdb_58aa863a1439bf886daca0713239dba1882676aea5266e0af5bebad97529db92.json\t LocalFilePath: /tmp/mafdb/mafdb_58aa863a1439bf886daca0713239dba1882676aea5266e0af5bebad97529db92.json\t FileSize: 314 bytes\t TransferDuration: 63.012783999965905 ms\n",
        "ingestionTime": 1744958269292,
        "eventId": "38913869551042775479041880981463363821887874335861768197"
    },
    {
        "logStreamName": "2025/04/18/[$LATEST]4e7998e627e44cad84c09673bdc06fc7",
        "timestamp": 1744958260645,
        "message": "FILE_TRANSFER RequestId: c1ea4dbd-1107-4582-b428-ed73c7437e02\t TransferType: consumed\t Action: download_from_s3\t FileName: mafdb_c1f206b6efa75e1df509578ad4d9fb9ea330d34e7283ccf9d6ad80fdedf66b9a.json\t Bucket: denethor\t FilePath: mafdb/mafdb_c1f206b6efa75e1df509578ad4d9fb9ea330d34e7283ccf9d6ad80fdedf66b9a.json\t LocalFilePath: /tmp/mafdb/mafdb_c1f206b6efa75e1df509578ad4d9fb9ea330d34e7283ccf9d6ad80fdedf66b9a.json\t FileSize: 314 bytes\t TransferDuration: 75.71748899999875 ms\n",
        "ingestionTime": 1744958269292,
        "eventId": "38913869552715331368931677717078542692336501448810299398"
    },
    {
        "logStreamName": "2025/04/18/[$LATEST]4e7998e627e44cad84c09673bdc06fc7",
        "timestamp": 1744958260732,
        "message": "FILE_TRANSFER RequestId: c1ea4dbd-1107-4582-b428-ed73c7437e02\t TransferType: consumed\t Action: download_from_s3\t FileName: mafdb_c3c2025f352d34b4b79a48619176577388b06f30619772ddea31df49ee988aff.json\t Bucket: denethor\t FilePath: mafdb/mafdb_c3c2025f352d34b4b79a48619176577388b06f30619772ddea31df49ee988aff.json\t LocalFilePath: /tmp/mafdb/mafdb_c3c2025f352d34b4b79a48619176577388b06f30619772ddea31df49ee988aff.json\t FileSize: 314 bytes\t TransferDuration: 86.28466200025287 ms\n",
        "ingestionTime": 1744958269292,
        "eventId": "38913869554655496201203841930392150182056908899830595591"
    },
    {
        "logStreamName": "2025/04/18/[$LATEST]4e7998e627e44cad84c09673bdc06fc7",
        "timestamp": 1744958260769,
        "message": "FILE_TRANSFER RequestId: c1ea4dbd-1107-4582-b428-ed73c7437e02\t TransferType: consumed\t Action: download_from_s3\t FileName: mafdb_c5b5a3a4bd54a110140df77527325958d257fc9b669bca89b332593540c1dc20.json\t Bucket: denethor\t FilePath: mafdb/mafdb_c5b5a3a4bd54a110140df77527325958d257fc9b669bca89b332593540c1dc20.json\t LocalFilePath: /tmp/mafdb/mafdb_c5b5a3a4bd54a110140df77527325958d257fc9b669bca89b332593540c1dc20.json\t FileSize: 273 bytes\t TransferDuration: 37.625324000146065 ms\n",
        "ingestionTime": 1744958269292,
        "eventId": "38913869555480623773549474986628971758144898275551870984"
    },
    {
        "logStreamName": "2025/04/18/[$LATEST]4e7998e627e44cad84c09673bdc06fc7",
        "timestamp": 1744958260828,
        "message": "FILE_TRANSFER RequestId: c1ea4dbd-1107-4582-b428-ed73c7437e02\t TransferType: consumed\t Action: download_from_s3\t FileName: mafdb_51e18dc31f0c330513b45085a52c5ecd1e4a0a9130d2805a71368f1cbe17f65e.json\t Bucket: denethor\t FilePath: mafdb/mafdb_51e18dc31f0c330513b45085a52c5ecd1e4a0a9130d2805a71368f1cbe17f65e.json\t LocalFilePath: /tmp/mafdb/mafdb_51e18dc31f0c330513b45085a52c5ecd1e4a0a9130d2805a71368f1cbe17f65e.json\t FileSize: 314 bytes\t TransferDuration: 58.63979099967764 ms\n",
        "ingestionTime": 1744958269292,
        "eventId": "38913869556796367740262781751979579136231151604404715529"
    },
    {
        "logStreamName": "2025/04/18/[$LATEST]4e7998e627e44cad84c09673bdc06fc7",
        "timestamp": 1744958260885,
        "message": "FILE_TRANSFER RequestId: c1ea4dbd-1107-4582-b428-ed73c7437e02\t TransferType: consumed\t Action: download_from_s3\t FileName: mafdb_95cfb922ebd546f21edcc627a60ea2a6235550bbba3696739fcaca409f1a0232.json\t Bucket: denethor\t FilePath: mafdb/mafdb_95cfb922ebd546f21edcc627a60ea2a6235550bbba3696739fcaca409f1a0232.json\t LocalFilePath: /tmp/mafdb/mafdb_95cfb922ebd546f21edcc627a60ea2a6235550bbba3696739fcaca409f1a0232.json\t FileSize: 273 bytes\t TransferDuration: 57.05546199988021 ms\n",
        "ingestionTime": 1744958269292,
        "eventId": "38913869558067510216579027271047115077772108210245599242"
    },
    {
        "logStreamName": "2025/04/18/[$LATEST]4e7998e627e44cad84c09673bdc06fc7",
        "timestamp": 1744958260944,
        "message": "FILE_TRANSFER RequestId: c1ea4dbd-1107-4582-b428-ed73c7437e02\t TransferType: consumed\t Action: download_from_s3\t FileName: mafdb_783d326a98c97c227099cd46e1eb2739e8954c844e628390759f21e7b4e19db0.json\t Bucket: denethor\t FilePath: mafdb/mafdb_783d326a98c97c227099cd46e1eb2739e8954c844e628390759f21e7b4e19db0.json\t LocalFilePath: /tmp/mafdb/mafdb_783d326a98c97c227099cd46e1eb2739e8954c844e628390759f21e7b4e19db0.json\t FileSize: 273 bytes\t TransferDuration: 58.24752199987415 ms\n",
        "ingestionTime": 1744958269292,
        "eventId": "38913869559383254183292334036397722455858361539098443787"
    },
    {
        "logStreamName": "2025/04/18/[$LATEST]4e7998e627e44cad84c09673bdc06fc7",
        "timestamp": 1744958260985,
        "message": "FILE_TRANSFER RequestId: c1ea4dbd-1107-4582-b428-ed73c7437e02\t TransferType: consumed\t Action: download_from_s3\t FileName: mafdb_e7fcb374868f23c5b66908ff13d437f525bdef064d3f7604b08f9b68087e91c4.json\t Bucket: denethor\t FilePath: mafdb/mafdb_e7fcb374868f23c5b66908ff13d437f525bdef064d3f7604b08f9b68087e91c4.json\t LocalFilePath: /tmp/mafdb/mafdb_e7fcb374868f23c5b66908ff13d437f525bdef064d3f7604b08f9b68087e91c4.json\t FileSize: 273 bytes\t TransferDuration: 41.122255999653134 ms\n",
        "ingestionTime": 1744958269292,
        "eventId": "38913869560297584736432089585200686905036944360843640844"
    },
    {
        "logStreamName": "2025/04/18/[$LATEST]4e7998e627e44cad84c09673bdc06fc7",
        "timestamp": 1744958261054,
        "message": "FILE_TRANSFER RequestId: c1ea4dbd-1107-4582-b428-ed73c7437e02\t TransferType: consumed\t Action: download_from_s3\t FileName: mafdb_bdf7b87e05be228017da27afd5fd158ebe4fcf138008526635b8bcdbe380f328.json\t Bucket: denethor\t FilePath: mafdb/mafdb_bdf7b87e05be228017da27afd5fd158ebe4fcf138008526635b8bcdbe380f328.json\t LocalFilePath: /tmp/mafdb/mafdb_bdf7b87e05be228017da27afd5fd158ebe4fcf138008526635b8bcdbe380f328.json\t FileSize: 273 bytes\t TransferDuration: 68.71433500009516 ms\n",
        "ingestionTime": 1744958269292,
        "eventId": "38913869561836336155130702581966651465849681304756289549"
    },
    {
        "logStreamName": "2025/04/18/[$LATEST]4e7998e627e44cad84c09673bdc06fc7",
        "timestamp": 1744958261110,
        "message": "FILE_TRANSFER RequestId: c1ea4dbd-1107-4582-b428-ed73c7437e02\t TransferType: consumed\t Action: download_from_s3\t FileName: mafdb_1d419943bc17a86fe648d8caad874862360b7c73c08c99b7c26040bc9939b002.json\t Bucket: denethor\t FilePath: mafdb/mafdb_1d419943bc17a86fe648d8caad874862360b7c73c08c99b7c26040bc9939b002.json\t LocalFilePath: /tmp/mafdb/mafdb_1d419943bc17a86fe648d8caad874862360b7c73c08c99b7c26040bc9939b002.json\t FileSize: 273 bytes\t TransferDuration: 56.45071100025234 ms\n",
        "ingestionTime": 1744958269292,
        "eventId": "38913869563085177886248417477892651689117989549091192846"
    },
    {
        "logStreamName": "2025/04/18/[$LATEST]4e7998e627e44cad84c09673bdc06fc7",
        "timestamp": 1744958261176,
        "message": "FILE_TRANSFER RequestId: c1ea4dbd-1107-4582-b428-ed73c7437e02\t TransferType: consumed\t Action: download_from_s3\t FileName: mafdb_31199a0a134043b94c15114abad10433bfa58c2f87e3106720f88bf29e76f1ae.json\t Bucket: denethor\t FilePath: mafdb/mafdb_31199a0a134043b94c15114abad10433bfa58c2f87e3106720f88bf29e76f1ae.json\t LocalFilePath: /tmp/mafdb/mafdb_31199a0a134043b94c15114abad10433bfa58c2f87e3106720f88bf29e76f1ae.json\t FileSize: 273 bytes\t TransferDuration: 65.79558500015992 ms\n",
        "ingestionTime": 1744958269292,
        "eventId": "38913869564557027069351438605234009095112781408485900303"
    },
    {
        "logStreamName": "2025/04/18/[$LATEST]4e7998e627e44cad84c09673bdc06fc7",
        "timestamp": 1744958261225,
        "message": "FILE_TRANSFER RequestId: c1ea4dbd-1107-4582-b428-ed73c7437e02\t TransferType: consumed\t Action: download_from_s3\t FileName: mafdb_c2a1e960932a069de5927d1067dde414f501136aba941befca2a4654e72bb08a.json\t Bucket: denethor\t FilePath: mafdb/mafdb_c2a1e960932a069de5927d1067dde414f501136aba941befca2a4654e72bb08a.json\t LocalFilePath: /tmp/mafdb/mafdb_c2a1e960932a069de5927d1067dde414f501136aba941befca2a4654e72bb08a.json\t FileSize: 273 bytes\t TransferDuration: 48.87175900012153 ms\n",
        "ingestionTime": 1744958269292,
        "eventId": "38913869565649763584079439139169259290472551122278940688"
    },
    {
        "logStreamName": "2025/04/18/[$LATEST]4e7998e627e44cad84c09673bdc06fc7",
        "timestamp": 1744958261285,
        "message": "FILE_TRANSFER RequestId: c1ea4dbd-1107-4582-b428-ed73c7437e02\t TransferType: consumed\t Action: download_from_s3\t FileName: mafdb_49ad0997fa75ff9233f44bffe4f6033aaaf8676ed8f4cbac92057d25395497e6.json\t Bucket: denethor\t FilePath: mafdb/mafdb_49ad0997fa75ff9233f44bffe4f6033aaaf8676ed8f4cbac92057d25395497e6.json\t LocalFilePath: /tmp/mafdb/mafdb_49ad0997fa75ff9233f44bffe4f6033aaaf8676ed8f4cbac92057d25395497e6.json\t FileSize: 273 bytes\t TransferDuration: 59.593683000002784 ms\n",
        "ingestionTime": 1744958269292,
        "eventId": "38913869566987808295991276527661402386831452812637765649"
    },
    {
        "logStreamName": "2025/04/18/[$LATEST]4e7998e627e44cad84c09673bdc06fc7",
        "timestamp": 1744958261353,
        "message": "FILE_TRANSFER RequestId: c1ea4dbd-1107-4582-b428-ed73c7437e02\t TransferType: consumed\t Action: download_from_s3\t FileName: mafdb_406ececbafe0a937f2a967e4dae5f862923efb2e1397870f6cc1ba8e050e1da7.json\t Bucket: denethor\t FilePath: mafdb/mafdb_406ececbafe0a937f2a967e4dae5f862923efb2e1397870f6cc1ba8e050e1da7.json\t LocalFilePath: /tmp/mafdb/mafdb_406ececbafe0a937f2a967e4dae5f862923efb2e1397870f6cc1ba8e050e1da7.json\t FileSize: 273 bytes\t TransferDuration: 68.28504600025553 ms\n",
        "ingestionTime": 1744958269292,
        "eventId": "38913869568504258969491358901285831229371541395044433938"
    },
    {
        "logStreamName": "2025/04/18/[$LATEST]4e7998e627e44cad84c09673bdc06fc7",
        "timestamp": 1744958261402,
        "message": "FILE_TRANSFER RequestId: c1ea4dbd-1107-4582-b428-ed73c7437e02\t TransferType: consumed\t Action: download_from_s3\t FileName: mafdb_e7f2f9266538f691bae81aa42aeb881fcfc1833e62d05d9141e808a0cb0095fa.json\t Bucket: denethor\t FilePath: mafdb/mafdb_e7f2f9266538f691bae81aa42aeb881fcfc1833e62d05d9141e808a0cb0095fa.json\t LocalFilePath: /tmp/mafdb/mafdb_e7f2f9266538f691bae81aa42aeb881fcfc1833e62d05d9141e808a0cb0095fa.json\t FileSize: 273 bytes\t TransferDuration: 49.42346899997574 ms\n",
        "ingestionTime": 1744958269292,
        "eventId": "38913869569596995484219359435221081424731311108837474323"
    },
    {
        "logStreamName": "2025/04/18/[$LATEST]4e7998e627e44cad84c09673bdc06fc7",
        "timestamp": 1744958261451,
        "message": "FILE_TRANSFER RequestId: c1ea4dbd-1107-4582-b428-ed73c7437e02\t TransferType: consumed\t Action: download_from_s3\t FileName: mafdb_e883ff130a9d34d26c58c15a735e96baab78aacec64abad0788f83f54423b943.json\t Bucket: denethor\t FilePath: mafdb/mafdb_e883ff130a9d34d26c58c15a735e96baab78aacec64abad0788f83f54423b943.json\t LocalFilePath: /tmp/mafdb/mafdb_e883ff130a9d34d26c58c15a735e96baab78aacec64abad0788f83f54423b943.json\t FileSize: 273 bytes\t TransferDuration: 48.76979799973924 ms\n",
        "ingestionTime": 1744958269292,
        "eventId": "38913869570689731998947359969156331620091080822630514708"
    },
    {
        "logStreamName": "2025/04/18/[$LATEST]4e7998e627e44cad84c09673bdc06fc7",
        "timestamp": 1744958261503,
        "message": "FILE_TRANSFER RequestId: c1ea4dbd-1107-4582-b428-ed73c7437e02\t TransferType: consumed\t Action: download_from_s3\t FileName: mafdb_d215ba5497d3d3be2e105b2328e50bdccf602b7e0745016c80fa6f9913e5432f.json\t Bucket: denethor\t FilePath: mafdb/mafdb_d215ba5497d3d3be2e105b2328e50bdccf602b7e0745016c80fa6f9913e5432f.json\t LocalFilePath: /tmp/mafdb/mafdb_d215ba5497d3d3be2e105b2328e50bdccf602b7e0745016c80fa6f9913e5432f.json\t FileSize: 273 bytes\t TransferDuration: 51.52080900006695 ms\n",
        "ingestionTime": 1744958269292,
        "eventId": "38913869571849370749270952372516188970268795620941496341"
    },
    {
        "logStreamName": "2025/04/18/[$LATEST]4e7998e627e44cad84c09673bdc06fc7",
        "timestamp": 1744958261563,
        "message": "FILE_TRANSFER RequestId: c1ea4dbd-1107-4582-b428-ed73c7437e02\t TransferType: consumed\t Action: download_from_s3\t FileName: mafdb_f871e6272680ce0853ce488fc481f480aa4e243fa14dd104803b05fb209cf094.json\t Bucket: denethor\t FilePath: mafdb/mafdb_f871e6272680ce0853ce488fc481f480aa4e243fa14dd104803b05fb209cf094.json\t LocalFilePath: /tmp/mafdb/mafdb_f871e6272680ce0853ce488fc481f480aa4e243fa14dd104803b05fb209cf094.json\t FileSize: 273 bytes\t TransferDuration: 60.02739299992754 ms\n",
        "ingestionTime": 1744958269292,
        "eventId": "38913869573187415461182789761008332066627697311300321302"
    },
    {
        "logStreamName": "2025/04/18/[$LATEST]4e7998e627e44cad84c09673bdc06fc7",
        "timestamp": 1744958261606,
        "message": "FILE_TRANSFER RequestId: c1ea4dbd-1107-4582-b428-ed73c7437e02\t TransferType: consumed\t Action: download_from_s3\t FileName: mafdb_2ff7bb92e85df3f56dc7f35d3ca7b2bd150b675386145658d2fca63a9e2a3805.json\t Bucket: denethor\t FilePath: mafdb/mafdb_2ff7bb92e85df3f56dc7f35d3ca7b2bd150b675386145658d2fca63a9e2a3805.json\t LocalFilePath: /tmp/mafdb/mafdb_2ff7bb92e85df3f56dc7f35d3ca7b2bd150b675386145658d2fca63a9e2a3805.json\t FileSize: 273 bytes\t TransferDuration: 43.64306600018608 ms\n",
        "ingestionTime": 1744958269292,
        "eventId": "38913869574146347504719606556094367952351576856057479191"
    },
    {
        "logStreamName": "2025/04/18/[$LATEST]4e7998e627e44cad84c09673bdc06fc7",
        "timestamp": 1744958261663,
        "message": "FILE_TRANSFER RequestId: c1ea4dbd-1107-4582-b428-ed73c7437e02\t TransferType: consumed\t Action: download_from_s3\t FileName: mafdb_47fb2615fc585137c90363d35106c9022fdcc722571f7ed6d93a0e213c75c760.json\t Bucket: denethor\t FilePath: mafdb/mafdb_47fb2615fc585137c90363d35106c9022fdcc722571f7ed6d93a0e213c75c760.json\t LocalFilePath: /tmp/mafdb/mafdb_47fb2615fc585137c90363d35106c9022fdcc722571f7ed6d93a0e213c75c760.json\t FileSize: 273 bytes\t TransferDuration: 56.16338099980567 ms\n",
        "ingestionTime": 1744958269292,
        "eventId": "38913869575417489981035852075161903893892533461898362904"
    },
    {
        "logStreamName": "2025/04/18/[$LATEST]4e7998e627e44cad84c09673bdc06fc7",
        "timestamp": 1744958261708,
        "message": "FILE_TRANSFER RequestId: c1ea4dbd-1107-4582-b428-ed73c7437e02\t TransferType: consumed\t Action: download_from_s3\t FileName: mafdb_68e664a9a27eba1488202e5ea16bb79aee50d9c2456068b25a29d7ca46c1450f.json\t Bucket: denethor\t FilePath: mafdb/mafdb_68e664a9a27eba1488202e5ea16bb79aee50d9c2456068b25a29d7ca46c1450f.json\t LocalFilePath: /tmp/mafdb/mafdb_68e664a9a27eba1488202e5ea16bb79aee50d9c2456068b25a29d7ca46c1450f.json\t FileSize: 273 bytes\t TransferDuration: 45.59374700011176 ms\n",
        "ingestionTime": 1744958269292,
        "eventId": "38913869576421023514969730116531011216161709729667481625"
    },
    {
        "logStreamName": "2025/04/18/[$LATEST]4e7998e627e44cad84c09673bdc06fc7",
        "timestamp": 1744958261763,
        "message": "FILE_TRANSFER RequestId: c1ea4dbd-1107-4582-b428-ed73c7437e02\t TransferType: consumed\t Action: download_from_s3\t FileName: mafdb_f6c9786df6a492206e55eb3d3911d34dbd753bfef23be22d8635d72135a7fbc7.json\t Bucket: denethor\t FilePath: mafdb/mafdb_f6c9786df6a492206e55eb3d3911d34dbd753bfef23be22d8635d72135a7fbc7.json\t LocalFilePath: /tmp/mafdb/mafdb_f6c9786df6a492206e55eb3d3911d34dbd753bfef23be22d8635d72135a7fbc7.json\t FileSize: 273 bytes\t TransferDuration: 54.9375600003259 ms\n",
        "ingestionTime": 1744958269292,
        "eventId": "38913869577647564500888914389315475721157369612496404506"
    },
    {
        "logStreamName": "2025/04/18/[$LATEST]4e7998e627e44cad84c09673bdc06fc7",
        "timestamp": 1744958261826,
        "message": "FILE_TRANSFER RequestId: c1ea4dbd-1107-4582-b428-ed73c7437e02\t TransferType: consumed\t Action: download_from_s3\t FileName: mafdb_87129d44586b87142d9940a8b1bdbebcfa7b0454f32076964711670e9940a5bc.json\t Bucket: denethor\t FilePath: mafdb/mafdb_87129d44586b87142d9940a8b1bdbebcfa7b0454f32076964711670e9940a5bc.json\t LocalFilePath: /tmp/mafdb/mafdb_87129d44586b87142d9940a8b1bdbebcfa7b0454f32076964711670e9940a5bc.json\t FileSize: 273 bytes\t TransferDuration: 62.251642999854084 ms\n",
        "ingestionTime": 1744958269292,
        "eventId": "38913869579052511448396343647232225972334216387373170715"
    },
    {
        "logStreamName": "2025/04/18/[$LATEST]4e7998e627e44cad84c09673bdc06fc7",
        "timestamp": 1744958261886,
        "message": "FILE_TRANSFER RequestId: c1ea4dbd-1107-4582-b428-ed73c7437e02\t TransferType: consumed\t Action: download_from_s3\t FileName: mafdb_ffac685782ba2ceabfc02088f70f3473d570818cc3d9c58c8979a425bc171247.json\t Bucket: denethor\t FilePath: mafdb/mafdb_ffac685782ba2ceabfc02088f70f3473d570818cc3d9c58c8979a425bc171247.json\t LocalFilePath: /tmp/mafdb/mafdb_ffac685782ba2ceabfc02088f70f3473d570818cc3d9c58c8979a425bc171247.json\t FileSize: 273 bytes\t TransferDuration: 60.076394000134314 ms\n",
        "ingestionTime": 1744958269292,
        "eventId": "38913869580390556160308181035724369068693118077731995676"
    },
    {
        "logStreamName": "2025/04/18/[$LATEST]4e7998e627e44cad84c09673bdc06fc7",
        "timestamp": 1744958261925,
        "message": "FILE_TRANSFER RequestId: c1ea4dbd-1107-4582-b428-ed73c7437e02\t TransferType: consumed\t Action: download_from_s3\t FileName: mafdb_42b7a1940d80c9e5d1a1eb427219fad89ed0198775d719cc0f6171541419e487.json\t Bucket: denethor\t FilePath: mafdb/mafdb_42b7a1940d80c9e5d1a1eb427219fad89ed0198775d719cc0f6171541419e487.json\t LocalFilePath: /tmp/mafdb/mafdb_42b7a1940d80c9e5d1a1eb427219fad89ed0198775d719cc0f6171541419e487.json\t FileSize: 273 bytes\t TransferDuration: 39.49679500010461 ms\n",
        "ingestionTime": 1744958269292,
        "eventId": "38913869581260285223050875338244262081326404176465231901"
    },
    {
        "logStreamName": "2025/04/18/[$LATEST]4e7998e627e44cad84c09673bdc06fc7",
        "timestamp": 1744958261984,
        "message": "FILE_TRANSFER RequestId: c1ea4dbd-1107-4582-b428-ed73c7437e02\t TransferType: consumed\t Action: download_from_s3\t FileName: mafdb_d7e79060050e13568977fc2c739b9eddf447a0cefe974cf809a00c1179f02def.json\t Bucket: denethor\t FilePath: mafdb/mafdb_d7e79060050e13568977fc2c739b9eddf447a0cefe974cf809a00c1179f02def.json\t LocalFilePath: /tmp/mafdb/mafdb_d7e79060050e13568977fc2c739b9eddf447a0cefe974cf809a00c1179f02def.json\t FileSize: 273 bytes\t TransferDuration: 58.16265200019188 ms\n",
        "ingestionTime": 1744958269292,
        "eventId": "38913869582576029189764182103594869459412657505318076446"
    },
    {
        "logStreamName": "2025/04/18/[$LATEST]4e7998e627e44cad84c09673bdc06fc7",
        "timestamp": 1744958262025,
        "message": "FILE_TRANSFER RequestId: c1ea4dbd-1107-4582-b428-ed73c7437e02\t TransferType: consumed\t Action: download_from_s3\t FileName: mafdb_b61e3844996fd21e45a7d054f79694e53c5aede5327c90900ed7183119a56bfb.json\t Bucket: denethor\t FilePath: mafdb/mafdb_b61e3844996fd21e45a7d054f79694e53c5aede5327c90900ed7183119a56bfb.json\t LocalFilePath: /tmp/mafdb/mafdb_b61e3844996fd21e45a7d054f79694e53c5aede5327c90900ed7183119a56bfb.json\t FileSize: 273 bytes\t TransferDuration: 41.239285999836284 ms\n",
        "ingestionTime": 1744958269292,
        "eventId": "38913869583490359742903937652397833908591240327063273503"
    },
    {
        "logStreamName": "2025/04/18/[$LATEST]4e7998e627e44cad84c09673bdc06fc7",
        "timestamp": 1744958262085,
        "message": "FILE_TRANSFER RequestId: c1ea4dbd-1107-4582-b428-ed73c7437e02\t TransferType: consumed\t Action: download_from_s3\t FileName: mafdb_29c4ddd140d117364cadffd440f0642c27bbc2412f4567e0cb32891cc3ef36a1.json\t Bucket: denethor\t FilePath: mafdb/mafdb_29c4ddd140d117364cadffd440f0642c27bbc2412f4567e0cb32891cc3ef36a1.json\t LocalFilePath: /tmp/mafdb/mafdb_29c4ddd140d117364cadffd440f0642c27bbc2412f4567e0cb32891cc3ef36a1.json\t FileSize: 273 bytes\t TransferDuration: 59.70818199966743 ms\n",
        "ingestionTime": 1744958269292,
        "eventId": "38913869584828404454815775040889977004950142017422098464"
    },
    {
        "logStreamName": "2025/04/18/[$LATEST]4e7998e627e44cad84c09673bdc06fc7",
        "timestamp": 1744958262153,
        "message": "FILE_TRANSFER RequestId: c1ea4dbd-1107-4582-b428-ed73c7437e02\t TransferType: consumed\t Action: download_from_s3\t FileName: mafdb_4626fea2abf7ed35f5f28026640ab18610584687978217b1f40af22fe37f6572.json\t Bucket: denethor\t FilePath: mafdb/mafdb_4626fea2abf7ed35f5f28026640ab18610584687978217b1f40af22fe37f6572.json\t LocalFilePath: /tmp/mafdb/mafdb_4626fea2abf7ed35f5f28026640ab18610584687978217b1f40af22fe37f6572.json\t FileSize: 273 bytes\t TransferDuration: 67.90866600022127 ms\n",
        "ingestionTime": 1744958269292,
        "eventId": "38913869586344855128315857414514405847490230599828766753"
    },
    {
        "logStreamName": "2025/04/18/[$LATEST]4e7998e627e44cad84c09673bdc06fc7",
        "timestamp": 1744958262206,
        "message": "FILE_TRANSFER RequestId: c1ea4dbd-1107-4582-b428-ed73c7437e02\t TransferType: consumed\t Action: download_from_s3\t FileName: mafdb_445b1fba33e16cd436442a3a77bf395f50fd97b749d80a4ea1cdfce773bb0774.json\t Bucket: denethor\t FilePath: mafdb/mafdb_445b1fba33e16cd436442a3a77bf395f50fd97b749d80a4ea1cdfce773bb0774.json\t LocalFilePath: /tmp/mafdb/mafdb_445b1fba33e16cd436442a3a77bf395f50fd97b749d80a4ea1cdfce773bb0774.json\t FileSize: 273 bytes\t TransferDuration: 53.73414099994989 ms\n",
        "ingestionTime": 1744958269292,
        "eventId": "38913869587526794623837980441015798915940593759645728802"
    },
    {
        "logStreamName": "2025/04/18/[$LATEST]4e7998e627e44cad84c09673bdc06fc7",
        "timestamp": 1744958262264,
        "message": "FILE_TRANSFER RequestId: c1ea4dbd-1107-4582-b428-ed73c7437e02\t TransferType: consumed\t Action: download_from_s3\t FileName: mafdb_7aa0e0772e1c689c49550813d4d69f69cf00ce1c31ded8e93e9d062016b4ea81.json\t Bucket: denethor\t FilePath: mafdb/mafdb_7aa0e0772e1c689c49550813d4d69f69cf00ce1c31ded8e93e9d062016b4ea81.json\t LocalFilePath: /tmp/mafdb/mafdb_7aa0e0772e1c689c49550813d4d69f69cf00ce1c31ded8e93e9d062016b4ea81.json\t FileSize: 273 bytes\t TransferDuration: 57.118861000162724 ms\n",
        "ingestionTime": 1744958269292,
        "eventId": "38913869588820237845352756583224870575754198726992592931"
    },
    {
        "logStreamName": "2025/04/18/[$LATEST]4e7998e627e44cad84c09673bdc06fc7",
        "timestamp": 1744958262264,
        "message": "CONSUMED_FILES_INFO RequestId: c1ea4dbd-1107-4582-b428-ed73c7437e02\t FilesCount: 40 files\t FilesSize: 21215 bytes\t TransferDuration: 2410.8308989998477 ms\t ConsumedFiles: ['mafdb_6f7a2b1116e6a791f68a03367473294792b679a6357b6789f3f993b1f83e2e80.json', 'mafdb_54d8ddd695de385cbe16742ebc6fdcb479cd2b8e3c0cd457826222c83fe6bb7c.json', 'mafdb_1f6ccfc97b000b314f6a6c7e2582a4263b17ffc061fef38bd3c9a63fa631759f.json', 'mafdb_bd5d862db8f1d6b261aaeb3b8ecb83d67004ffb7524cb75c5f1f8454224f7c91.json', 'mafdb_861b6fcf310a5a4a01036477cd0e28e972c4aa89be1fcccfc0eab6cd45e9fd74.json', 'mafdb_7d398773bfc3e4435be56d8711457fd7fc190e97e32d7ec51a8a702e16118c4d.json', 'mafdb_c451a256436a5fc45a562eaf2fead8dd42917b32894e636d2b705f5405224a88.json', 'mafdb_7511017a4e93687a5be47b55aa4c08eff48c283a8153f5e070747057ad693f80.json', 'mafdb_3891ae3bc299950ca7a78c4d495828659f2cb320e0641ad8c6bfc4ced2d8e2b0.json', 'mafdb_58aa863a1439bf886daca0713239dba1882676aea5266e0af5bebad97529db92.json', 'mafdb_c1f206b6efa75e1df509578ad4d9fb9ea330d34e7283ccf9d6ad80fdedf66b9a.json', 'mafdb_c3c2025f352d34b4b79a48619176577388b06f30619772ddea31df49ee988aff.json', 'mafdb_c5b5a3a4bd54a110140df77527325958d257fc9b669bca89b332593540c1dc20.json', 'mafdb_51e18dc31f0c330513b45085a52c5ecd1e4a0a9130d2805a71368f1cbe17f65e.json', 'mafdb_95cfb922ebd546f21edcc627a60ea2a6235550bbba3696739fcaca409f1a0232.json', 'mafdb_783d326a98c97c227099cd46e1eb2739e8954c844e628390759f21e7b4e19db0.json', 'mafdb_e7fcb374868f23c5b66908ff13d437f525bdef064d3f7604b08f9b68087e91c4.json', 'mafdb_bdf7b87e05be228017da27afd5fd158ebe4fcf138008526635b8bcdbe380f328.json', 'mafdb_1d419943bc17a86fe648d8caad874862360b7c73c08c99b7c26040bc9939b002.json', 'mafdb_31199a0a134043b94c15114abad10433bfa58c2f87e3106720f88bf29e76f1ae.json', 'mafdb_c2a1e960932a069de5927d1067dde414f501136aba941befca2a4654e72bb08a.json', 'mafdb_49ad0997fa75ff9233f44bffe4f6033aaaf8676ed8f4cbac92057d25395497e6.json', 'mafdb_406ececbafe0a937f2a967e4dae5f862923efb2e1397870f6cc1ba8e050e1da7.json', 'mafdb_e7f2f9266538f691bae81aa42aeb881fcfc1833e62d05d9141e808a0cb0095fa.json', 'mafdb_e883ff130a9d34d26c58c15a735e96baab78aacec64abad0788f83f54423b943.json', 'mafdb_d215ba5497d3d3be2e105b2328e50bdccf602b7e0745016c80fa6f9913e5432f.json', 'mafdb_f871e6272680ce0853ce488fc481f480aa4e243fa14dd104803b05fb209cf094.json', 'mafdb_2ff7bb92e85df3f56dc7f35d3ca7b2bd150b675386145658d2fca63a9e2a3805.json', 'mafdb_47fb2615fc585137c90363d35106c9022fdcc722571f7ed6d93a0e213c75c760.json', 'mafdb_68e664a9a27eba1488202e5ea16bb79aee50d9c2456068b25a29d7ca46c1450f.json', 'mafdb_f6c9786df6a492206e55eb3d3911d34dbd753bfef23be22d8635d72135a7fbc7.json', 'mafdb_87129d44586b87142d9940a8b1bdbebcfa7b0454f32076964711670e9940a5bc.json', 'mafdb_ffac685782ba2ceabfc02088f70f3473d570818cc3d9c58c8979a425bc171247.json', 'mafdb_42b7a1940d80c9e5d1a1eb427219fad89ed0198775d719cc0f6171541419e487.json', 'mafdb_d7e79060050e13568977fc2c739b9eddf447a0cefe974cf809a00c1179f02def.json', 'mafdb_b61e3844996fd21e45a7d054f79694e53c5aede5327c90900ed7183119a56bfb.json', 'mafdb_29c4ddd140d117364cadffd440f0642c27bbc2412f4567e0cb32891cc3ef36a1.json', 'mafdb_4626fea2abf7ed35f5f28026640ab18610584687978217b1f40af22fe37f6572.json', 'mafdb_445b1fba33e16cd436442a3a77bf395f50fd97b749d80a4ea1cdfce773bb0774.json', 'mafdb_7aa0e0772e1c689c49550813d4d69f69cf00ce1c31ded8e93e9d062016b4ea81.json']\n",
        "ingestionTime": 1744958269292,
        "eventId": "38913869588820237845352756583224870575754198726992592932"
    },
    {
        "logStreamName": "2025/04/18/[$LATEST]4e7998e627e44cad84c09673bdc06fc7",
        "timestamp": 1744958262300,
        "message": "[INFO]\t2025-04-18T06:37:42.299Z\tc1ea4dbd-1107-4582-b428-ed73c7437e02\tMAF_DATABASE_AGGREGATOR RequestId: c1ea4dbd-1107-4582-b428-ed73c7437e02\t Duration: 35.279163000268454 ms\t InputLength: 40\t MaxMaf: 8\t MafDatabase: {'1': {'tree_ORTHOMCL256_Inner4.nexus': ['tree_ORTHOMCL256_2_Inner4.nexus', 'tree_ORTHOMCL256_2_Inner5.nexus', 'tree_ORTHOMCL256_2_Inner6.nexus', 'tree_ORTHOMCL256_2_Inner7.nexus', 'tree_ORTHOMCL256_2_Inner8.nexus'], 'tree_ORTHOMCL256_Inner5.nexus': ['tree_ORTHOMCL256_2_Inner4.nexus'], 'tree_ORTHOMCL256_Inner6.nexus': ['tree_ORTHOMCL256_2_Inner4.nexus'], 'tree_ORTHOMCL256_Inner7.nexus': ['tree_ORTHOMCL256_2_Inner4.nexus'], 'tree_ORTHOMCL256_Inner8.nexus': ['tree_ORTHOMCL256_2_Inner4.nexus'], 'tree_ORTHOMCL256_2_Inner4.nexus': ['tree_ORTHOMCL256_Inner4.nexus', 'tree_ORTHOMCL256_Inner5.nexus', 'tree_ORTHOMCL256_Inner6.nexus', 'tree_ORTHOMCL256_Inner7.nexus', 'tree_ORTHOMCL256_Inner8.nexus'], 'tree_ORTHOMCL256_2_Inner5.nexus': ['tree_ORTHOMCL256_Inner4.nexus'], 'tree_ORTHOMCL256_2_Inner6.nexus': ['tree_ORTHOMCL256_Inner4.nexus'], 'tree_ORTHOMCL256_2_Inner7.nexus': ['tree_ORTHOMCL256_Inner4.nexus'], 'tree_ORTHOMCL256_2_Inner8.nexus': ['tree_ORTHOMCL256_Inner4.nexus']}, '2': {'tree_ORTHOMCL256_Inner1.nexus': ['tree_ORTHOMCL256_2_Inner1.nexus', 'tree_ORTHOMCL256_2_Inner2.nexus', 'tree_ORTHOMCL256_2_Inner3.nexus', 'tree_ORTHOMCL256_2_Inner5.nexus', 'tree_ORTHOMCL256_2_Inner6.nexus', 'tree_ORTHOMCL256_2_Inner7.nexus', 'tree_ORTHOMCL256_2_Inner8.nexus'], 'tree_ORTHOMCL256_Inner2.nexus': ['tree_ORTHOMCL256_2_Inner1.nexus', 'tree_ORTHOMCL256_2_Inner2.nexus', 'tree_ORTHOMCL256_2_Inner3.nexus', 'tree_ORTHOMCL256_2_Inner5.nexus', 'tree_ORTHOMCL256_2_Inner6.nexus', 'tree_ORTHOMCL256_2_Inner7.nexus', 'tree_ORTHOMCL256_2_Inner8.nexus'], 'tree_ORTHOMCL256_Inner3.nexus': ['tree_ORTHOMCL256_2_Inner1.nexus', 'tree_ORTHOMCL256_2_Inner2.nexus'], 'tree_ORTHOMCL256_Inner5.nexus': ['tree_ORTHOMCL256_2_Inner1.nexus', 'tree_ORTHOMCL256_2_Inner2.nexus'], 'tree_ORTHOMCL256_Inner6.nexus': ['tree_ORTHOMCL256_2_Inner1.nexus', 'tree_ORTHOMCL256_2_Inner2.nexus'], 'tree_ORTHOMCL256_Inner7.nexus': ['tree_ORTHOMCL256_2_Inner1.nexus', 'tree_ORTHOMCL256_2_Inner2.nexus'], 'tree_ORTHOMCL256_Inner8.nexus': ['tree_ORTHOMCL256_2_Inner1.nexus', 'tree_ORTHOMCL256_2_Inner2.nexus'], 'tree_ORTHOMCL256_2_Inner1.nexus': ['tree_ORTHOMCL256_Inner1.nexus', 'tree_ORTHOMCL256_Inner2.nexus', 'tree_ORTHOMCL256_Inner3.nexus', 'tree_ORTHOMCL256_Inner5.nexus', 'tree_ORTHOMCL256_Inner6.nexus', 'tree_ORTHOMCL256_Inner7.nexus', 'tree_ORTHOMCL256_Inner8.nexus'], 'tree_ORTHOMCL256_2_Inner2.nexus': ['tree_ORTHOMCL256_Inner1.nexus', 'tree_ORTHOMCL256_Inner2.nexus', 'tree_ORTHOMCL256_Inner3.nexus', 'tree_ORTHOMCL256_Inner5.nexus', 'tree_ORTHOMCL256_Inner6.nexus', 'tree_ORTHOMCL256_Inner7.nexus', 'tree_ORTHOMCL256_Inner8.nexus'], 'tree_ORTHOMCL256_2_Inner3.nexus': ['tree_ORTHOMCL256_Inner1.nexus', 'tree_ORTHOMCL256_Inner2.nexus'], 'tree_ORTHOMCL256_2_Inner5.nexus': ['tree_ORTHOMCL256_Inner1.nexus', 'tree_ORTHOMCL256_Inner2.nexus'], 'tree_ORTHOMCL256_2_Inner6.nexus': ['tree_ORTHOMCL256_Inner1.nexus', 'tree_ORTHOMCL256_Inner2.nexus'], 'tree_ORTHOMCL256_2_Inner7.nexus': ['tree_ORTHOMCL256_Inner1.nexus', 'tree_ORTHOMCL256_Inner2.nexus'], 'tree_ORTHOMCL256_2_Inner8.nexus': ['tree_ORTHOMCL256_Inner1.nexus', 'tree_ORTHOMCL256_Inner2.nexus']}, '3': {'tree_ORTHOMCL256_Inner3.nexus': ['tree_ORTHOMCL256_2_Inner3.nexus', 'tree_ORTHOMCL256_2_Inner5.nexus', 'tree_ORTHOMCL256_2_Inner6.nexus', 'tree_ORTHOMCL256_2_Inner7.nexus', 'tree_ORTHOMCL256_2_Inner8.nexus'], 'tree_ORTHOMCL256_Inner5.nexus': ['tree_ORTHOMCL256_2_Inner3.nexus'], 'tree_ORTHOMCL256_Inner6.nexus': ['tree_ORTHOMCL256_2_Inner3.nexus'], 'tree_ORTHOMCL256_Inner7.nexus': ['tree_ORTHOMCL256_2_Inner3.nexus'], 'tree_ORTHOMCL256_Inner8.nexus': ['tree_ORTHOMCL256_2_Inner3.nexus'], 'tree_ORTHOMCL256_2_Inner3.nexus': ['tree_ORTHOMCL256_Inner3.nexus', 'tree_ORTHOMCL256_Inner5.nexus', 'tree_ORTHOMCL256_Inner6.nexus', 'tree_ORTHOMCL256_Inner7.nexus', 'tree_ORTHOMCL256_Inner8.nexus'], 'tree_ORTHOMCL256_2_Inner5.nexus': ['tree_ORTHOMCL256_Inner3.nexus'], 'tree_ORTHOMCL256_2_Inner6.nexus': ['tree_ORTHOMCL256_Inner3.nexus'], 'tree_ORTHOMCL256_2_Inner7.nexus': ['tree_ORTHOMCL256_Inner3.nexus'], 'tree_ORTHOMCL256_2_Inner8.nexus': ['tree_ORTHOMCL256_Inner3.nexus']}, '4': {'tree_ORTHOMCL256_Inner5.nexus': ['tree_ORTHOMCL256_2_Inner5.nexus', 'tree_ORTHOMCL256_2_Inner6.nexus', 'tree_ORTHOMCL256_2_Inner7.nexus', 'tree_ORTHOMCL256_2_Inner8.nexus'], 'tree_ORTHOMCL256_Inner6.nexus': ['tree_ORTHOMCL256_2_Inner5.nexus'], 'tree_ORTHOMCL256_Inner7.nexus': ['tree_ORTHOMCL256_2_Inner5.nexus'], 'tree_ORTHOMCL256_Inner8.nexus': ['tree_ORTHOMCL256_2_Inner5.nexus'], 'tree_ORTHOMCL256_2_Inner5.nexus': ['tree_ORTHOMCL256_Inner5.nexus', 'tree_ORTHOMCL256_Inner6.nexus', 'tree_ORTHOMCL256_Inner7.nexus', 'tree_ORTHOMCL256_Inner8.nexus'], 'tree_ORTHOMCL256_2_Inner6.nexus': ['tree_ORTHOMCL256_Inner5.nexus'], 'tree_ORTHOMCL256_2_Inner7.nexus': ['tree_ORTHOMCL256_Inner5.nexus'], 'tree_ORTHOMCL256_2_Inner8.nexus': ['tree_ORTHOMCL256_Inner5.nexus']}, '5': {'tree_ORTHOMCL256_Inner6.nexus': ['tree_ORTHOMCL256_2_Inner6.nexus', 'tree_ORTHOMCL256_2_Inner7.nexus', 'tree_ORTHOMCL256_2_Inner8.nexus'], 'tree_ORTHOMCL256_Inner7.nexus': ['tree_ORTHOMCL256_2_Inner6.nexus'], 'tree_ORTHOMCL256_Inner8.nexus': ['tree_ORTHOMCL256_2_Inner6.nexus'], 'tree_ORTHOMCL256_2_Inner6.nexus': ['tree_ORTHOMCL256_Inner6.nexus', 'tree_ORTHOMCL256_Inner7.nexus', 'tree_ORTHOMCL256_Inner8.nexus'], 'tree_ORTHOMCL256_2_Inner7.nexus': ['tree_ORTHOMCL256_Inner6.nexus'], 'tree_ORTHOMCL256_2_Inner8.nexus': ['tree_ORTHOMCL256_Inner6.nexus']}, '6': {'tree_ORTHOMCL256_Inner7.nexus': ['tree_ORTHOMCL256_2_Inner7.nexus', 'tree_ORTHOMCL256_2_Inner8.nexus'], 'tree_ORTHOMCL256_Inner8.nexus': ['tree_ORTHOMCL256_2_Inner7.nexus'], 'tree_ORTHOMCL256_2_Inner7.nexus': ['tree_ORTHOMCL256_Inner7.nexus', 'tree_ORTHOMCL256_Inner8.nexus'], 'tree_ORTHOMCL256_2_Inner8.nexus': ['tree_ORTHOMCL256_Inner7.nexus']}, '8': {'tree_ORTHOMCL256_Inner8.nexus': ['tree_ORTHOMCL256_2_Inner8.nexus'], 'tree_ORTHOMCL256_2_Inner8.nexus': ['tree_ORTHOMCL256_Inner8.nexus']}}\n",
        "ingestionTime": 1744958269292,
        "eventId": "38913869589623064672499859016320156433569539741207887909"
    },
    {
        "logStreamName": "2025/04/18/[$LATEST]4e7998e627e44cad84c09673bdc06fc7",
        "timestamp": 1744958262301,
        "message": "[INFO] 2025-04-18T06:37:42GMT MAF_DATABASE_AGGREGATOR RequestId: c1ea4dbd-1107-4582-b428-ed73c7437e02\t Duration: 35.279163000268454 ms\t InputLength: 40\t MaxMaf: 8\t MafDatabase: {'1': {'tree_ORTHOMCL256_Inner4.nexus': ['tree_ORTHOMCL256_2_Inner4.nexus', 'tree_ORTHOMCL256_2_Inner5.nexus', 'tree_ORTHOMCL256_2_Inner6.nexus', 'tree_ORTHOMCL256_2_Inner7.nexus', 'tree_ORTHOMCL256_2_Inner8.nexus'], 'tree_ORTHOMCL256_Inner5.nexus': ['tree_ORTHOMCL256_2_Inner4.nexus'], 'tree_ORTHOMCL256_Inner6.nexus': ['tree_ORTHOMCL256_2_Inner4.nexus'], 'tree_ORTHOMCL256_Inner7.nexus': ['tree_ORTHOMCL256_2_Inner4.nexus'], 'tree_ORTHOMCL256_Inner8.nexus': ['tree_ORTHOMCL256_2_Inner4.nexus'], 'tree_ORTHOMCL256_2_Inner4.nexus': ['tree_ORTHOMCL256_Inner4.nexus', 'tree_ORTHOMCL256_Inner5.nexus', 'tree_ORTHOMCL256_Inner6.nexus', 'tree_ORTHOMCL256_Inner7.nexus', 'tree_ORTHOMCL256_Inner8.nexus'], 'tree_ORTHOMCL256_2_Inner5.nexus': ['tree_ORTHOMCL256_Inner4.nexus'], 'tree_ORTHOMCL256_2_Inner6.nexus': ['tree_ORTHOMCL256_Inner4.nexus'], 'tree_ORTHOMCL256_2_Inner7.nexus': ['tree_ORTHOMCL256_Inner4.nexus'], 'tree_ORTHOMCL256_2_Inner8.nexus': ['tree_ORTHOMCL256_Inner4.nexus']}, '2': {'tree_ORTHOMCL256_Inner1.nexus': ['tree_ORTHOMCL256_2_Inner1.nexus', 'tree_ORTHOMCL256_2_Inner2.nexus', 'tree_ORTHOMCL256_2_Inner3.nexus', 'tree_ORTHOMCL256_2_Inner5.nexus', 'tree_ORTHOMCL256_2_Inner6.nexus', 'tree_ORTHOMCL256_2_Inner7.nexus', 'tree_ORTHOMCL256_2_Inner8.nexus'], 'tree_ORTHOMCL256_Inner2.nexus': ['tree_ORTHOMCL256_2_Inner1.nexus', 'tree_ORTHOMCL256_2_Inner2.nexus', 'tree_ORTHOMCL256_2_Inner3.nexus', 'tree_ORTHOMCL256_2_Inner5.nexus', 'tree_ORTHOMCL256_2_Inner6.nexus', 'tree_ORTHOMCL256_2_Inner7.nexus', 'tree_ORTHOMCL256_2_Inner8.nexus'], 'tree_ORTHOMCL256_Inner3.nexus': ['tree_ORTHOMCL256_2_Inner1.nexus', 'tree_ORTHOMCL256_2_Inner2.nexus'], 'tree_ORTHOMCL256_Inner5.nexus': ['tree_ORTHOMCL256_2_Inner1.nexus', 'tree_ORTHOMCL256_2_Inner2.nexus'], 'tree_ORTHOMCL256_Inner6.nexus': ['tree_ORTHOMCL256_2_Inner1.nexus', 'tree_ORTHOMCL256_2_Inner2.nexus'], 'tree_ORTHOMCL256_Inner7.nexus': ['tree_ORTHOMCL256_2_Inner1.nexus', 'tree_ORTHOMCL256_2_Inner2.nexus'], 'tree_ORTHOMCL256_Inner8.nexus': ['tree_ORTHOMCL256_2_Inner1.nexus', 'tree_ORTHOMCL256_2_Inner2.nexus'], 'tree_ORTHOMCL256_2_Inner1.nexus': ['tree_ORTHOMCL256_Inner1.nexus', 'tree_ORTHOMCL256_Inner2.nexus', 'tree_ORTHOMCL256_Inner3.nexus', 'tree_ORTHOMCL256_Inner5.nexus', 'tree_ORTHOMCL256_Inner6.nexus', 'tree_ORTHOMCL256_Inner7.nexus', 'tree_ORTHOMCL256_Inner8.nexus'], 'tree_ORTHOMCL256_2_Inner2.nexus': ['tree_ORTHOMCL256_Inner1.nexus', 'tree_ORTHOMCL256_Inner2.nexus', 'tree_ORTHOMCL256_Inner3.nexus', 'tree_ORTHOMCL256_Inner5.nexus', 'tree_ORTHOMCL256_Inner6.nexus', 'tree_ORTHOMCL256_Inner7.nexus', 'tree_ORTHOMCL256_Inner8.nexus'], 'tree_ORTHOMCL256_2_Inner3.nexus': ['tree_ORTHOMCL256_Inner1.nexus', 'tree_ORTHOMCL256_Inner2.nexus'], 'tree_ORTHOMCL256_2_Inner5.nexus': ['tree_ORTHOMCL256_Inner1.nexus', 'tree_ORTHOMCL256_Inner2.nexus'], 'tree_ORTHOMCL256_2_Inner6.nexus': ['tree_ORTHOMCL256_Inner1.nexus', 'tree_ORTHOMCL256_Inner2.nexus'], 'tree_ORTHOMCL256_2_Inner7.nexus': ['tree_ORTHOMCL256_Inner1.nexus', 'tree_ORTHOMCL256_Inner2.nexus'], 'tree_ORTHOMCL256_2_Inner8.nexus': ['tree_ORTHOMCL256_Inner1.nexus', 'tree_ORTHOMCL256_Inner2.nexus']}, '3': {'tree_ORTHOMCL256_Inner3.nexus': ['tree_ORTHOMCL256_2_Inner3.nexus', 'tree_ORTHOMCL256_2_Inner5.nexus', 'tree_ORTHOMCL256_2_Inner6.nexus', 'tree_ORTHOMCL256_2_Inner7.nexus', 'tree_ORTHOMCL256_2_Inner8.nexus'], 'tree_ORTHOMCL256_Inner5.nexus': ['tree_ORTHOMCL256_2_Inner3.nexus'], 'tree_ORTHOMCL256_Inner6.nexus': ['tree_ORTHOMCL256_2_Inner3.nexus'], 'tree_ORTHOMCL256_Inner7.nexus': ['tree_ORTHOMCL256_2_Inner3.nexus'], 'tree_ORTHOMCL256_Inner8.nexus': ['tree_ORTHOMCL256_2_Inner3.nexus'], 'tree_ORTHOMCL256_2_Inner3.nexus': ['tree_ORTHOMCL256_Inner3.nexus', 'tree_ORTHOMCL256_Inner5.nexus', 'tree_ORTHOMCL256_Inner6.nexus', 'tree_ORTHOMCL256_Inner7.nexus', 'tree_ORTHOMCL256_Inner8.nexus'], 'tree_ORTHOMCL256_2_Inner5.nexus': ['tree_ORTHOMCL256_Inner3.nexus'], 'tree_ORTHOMCL256_2_Inner6.nexus': ['tree_ORTHOMCL256_Inner3.nexus'], 'tree_ORTHOMCL256_2_Inner7.nexus': ['tree_ORTHOMCL256_Inner3.nexus'], 'tree_ORTHOMCL256_2_Inner8.nexus': ['tree_ORTHOMCL256_Inner3.nexus']}, '4': {'tree_ORTHOMCL256_Inner5.nexus': ['tree_ORTHOMCL256_2_Inner5.nexus', 'tree_ORTHOMCL256_2_Inner6.nexus', 'tree_ORTHOMCL256_2_Inner7.nexus', 'tree_ORTHOMCL256_2_Inner8.nexus'], 'tree_ORTHOMCL256_Inner6.nexus': ['tree_ORTHOMCL256_2_Inner5.nexus'], 'tree_ORTHOMCL256_Inner7.nexus': ['tree_ORTHOMCL256_2_Inner5.nexus'], 'tree_ORTHOMCL256_Inner8.nexus': ['tree_ORTHOMCL256_2_Inner5.nexus'], 'tree_ORTHOMCL256_2_Inner5.nexus': ['tree_ORTHOMCL256_Inner5.nexus', 'tree_ORTHOMCL256_Inner6.nexus', 'tree_ORTHOMCL256_Inner7.nexus', 'tree_ORTHOMCL256_Inner8.nexus'], 'tree_ORTHOMCL256_2_Inner6.nexus': ['tree_ORTHOMCL256_Inner5.nexus'], 'tree_ORTHOMCL256_2_Inner7.nexus': ['tree_ORTHOMCL256_Inner5.nexus'], 'tree_ORTHOMCL256_2_Inner8.nexus': ['tree_ORTHOMCL256_Inner5.nexus']}, '5': {'tree_ORTHOMCL256_Inner6.nexus': ['tree_ORTHOMCL256_2_Inner6.nexus', 'tree_ORTHOMCL256_2_Inner7.nexus', 'tree_ORTHOMCL256_2_Inner8.nexus'], 'tree_ORTHOMCL256_Inner7.nexus': ['tree_ORTHOMCL256_2_Inner6.nexus'], 'tree_ORTHOMCL256_Inner8.nexus': ['tree_ORTHOMCL256_2_Inner6.nexus'], 'tree_ORTHOMCL256_2_Inner6.nexus': ['tree_ORTHOMCL256_Inner6.nexus', 'tree_ORTHOMCL256_Inner7.nexus', 'tree_ORTHOMCL256_Inner8.nexus'], 'tree_ORTHOMCL256_2_Inner7.nexus': ['tree_ORTHOMCL256_Inner6.nexus'], 'tree_ORTHOMCL256_2_Inner8.nexus': ['tree_ORTHOMCL256_Inner6.nexus']}, '6': {'tree_ORTHOMCL256_Inner7.nexus': ['tree_ORTHOMCL256_2_Inner7.nexus', 'tree_ORTHOMCL256_2_Inner8.nexus'], 'tree_ORTHOMCL256_Inner8.nexus': ['tree_ORTHOMCL256_2_Inner7.nexus'], 'tree_ORTHOMCL256_2_Inner7.nexus': ['tree_ORTHOMCL256_Inner7.nexus', 'tree_ORTHOMCL256_Inner8.nexus'], 'tree_ORTHOMCL256_2_Inner8.nexus': ['tree_ORTHOMCL256_Inner7.nexus']}, '8': {'tree_ORTHOMCL256_Inner8.nexus': ['tree_ORTHOMCL256_2_Inner8.nexus'], 'tree_ORTHOMCL256_2_Inner8.nexus': ['tree_ORTHOMCL256_Inner8.nexus']}}\n",
        "ingestionTime": 1744958269292,
        "eventId": "38913869589645365417698389639461692151842188102713868326"
    },
    {
        "logStreamName": "2025/04/18/[$LATEST]4e7998e627e44cad84c09673bdc06fc7",
        "timestamp": 1744958262406,
        "message": "FILE_TRANSFER RequestId: c1ea4dbd-1107-4582-b428-ed73c7437e02\t TransferType: produced\t Action: upload_to_s3\t FileName: mafdb_e55c4b253d2eb963108a107e404dc9763e2262ecbed696670cdd3950fe76e8d8.json\t Bucket: denethor\t FilePath: mafdb/mafdb_e55c4b253d2eb963108a107e404dc9763e2262ecbed696670cdd3950fe76e8d8.json\t LocalFilePath: /tmp/mafdb/mafdb_e55c4b253d2eb963108a107e404dc9763e2262ecbed696670cdd3950fe76e8d8.json\t FileSize: 20060 bytes\t TransferDuration: 106.3176590000694 ms\n",
        "ingestionTime": 1744958269292,
        "eventId": "38913869591986943663544105069322942570470266060841812007"
    },
    {
        "logStreamName": "2025/04/18/[$LATEST]4e7998e627e44cad84c09673bdc06fc7",
        "timestamp": 1744958262406,
        "message": "PRODUCED_FILES_INFO RequestId: c1ea4dbd-1107-4582-b428-ed73c7437e02\t FilesCount: 1 files\t FilesSize: 20060 bytes\t TransferDuration: 106.3176590000694 ms\t Provider: aws_lambda\t  ProducedFiles: ['mafdb_e55c4b253d2eb963108a107e404dc9763e2262ecbed696670cdd3950fe76e8d8.json']\n",
        "ingestionTime": 1744958269292,
        "eventId": "38913869591986943663544105069322942570470266060841812008"
    },
    {
        "logStreamName": "2025/04/18/[$LATEST]4e7998e627e44cad84c09673bdc06fc7",
        "timestamp": 1744958262408,
        "message": "END RequestId: c1ea4dbd-1107-4582-b428-ed73c7437e02\n",
        "ingestionTime": 1744958269292,
        "eventId": "38913869592031545153941166315606014007015562783853772841"
    },
    {
        "logStreamName": "2025/04/18/[$LATEST]4e7998e627e44cad84c09673bdc06fc7",
        "timestamp": 1744958262408,
        "message": "REPORT RequestId: c1ea4dbd-1107-4582-b428-ed73c7437e02\tDuration: 2558.70 ms\tBilled Duration: 2559 ms\tMemory Size: 256 MB\tMax Memory Used: 107 MB\tInit Duration: 737.12 ms\t\n",
        "ingestionTime": 1744958269292,
        "eventId": "38913869592031545153941166315606014007015562783853772842"
    }
]