[
    {
        "logStreamName": "2025/04/17/[$LATEST]7dbba559d87443e3b4be7e63c997c0fe",
        "timestamp": 1744925615387,
        "message": "START RequestId: f584179e-0878-4181-92d5-767dd9a336ac Version: $LATEST\n",
        "ingestionTime": 1744925624421,
        "eventId": "38913141539134733075518282047812163998403480384557678592"
    },
    {
        "logStreamName": "2025/04/17/[$LATEST]7dbba559d87443e3b4be7e63c997c0fe",
        "timestamp": 1744925615655,
        "message": "FILE_TRANSFER RequestId: f584179e-0878-4181-92d5-767dd9a336ac\t TransferType: consumed\t Action: download_from_s3\t FileName: ORTHOMCL1\t Bucket: denethor\t FilePath: data/full_dataset/ORTHOMCL1\t LocalFilePath: /tmp/input/ORTHOMCL1\t FileSize: 1662 bytes\t TransferDuration: 266.99490900000455 ms\n",
        "ingestionTime": 1744925624421,
        "eventId": "38913141545111332788724489049743736495473241268160430081"
    },
    {
        "logStreamName": "2025/04/17/[$LATEST]7dbba559d87443e3b4be7e63c997c0fe",
        "timestamp": 1744925615655,
        "message": "CONSUMED_FILES_INFO RequestId: f584179e-0878-4181-92d5-767dd9a336ac\t FilesCount: 1 files\t FilesSize: 1662 bytes\t TransferDuration: 266.99490900000455 ms\t ConsumedFiles: ['ORTHOMCL1']\n",
        "ingestionTime": 1744925624421,
        "eventId": "38913141545111332788724489049743736495473241268160430082"
    },
    {
        "logStreamName": "2025/04/17/[$LATEST]7dbba559d87443e3b4be7e63c997c0fe",
        "timestamp": 1744925615717,
        "message": "[INFO]\t2025-04-17T21:33:35.717Z\tf584179e-0878-4181-92d5-767dd9a336ac\tTREE_CONSTRUCTOR RequestId: f584179e-0878-4181-92d5-767dd9a336ac\t Duration: 61.38979799993649 ms\t InputFile:ORTHOMCL1\t OutputFile:['tree_ORTHOMCL1.nexus']\n",
        "ingestionTime": 1744925624421,
        "eventId": "38913141546493978991033387684518951028377439681531215875"
    },
    {
        "logStreamName": "2025/04/17/[$LATEST]7dbba559d87443e3b4be7e63c997c0fe",
        "timestamp": 1744925615717,
        "message": "[INFO] 2025-04-17T21:33:35GMT TREE_CONSTRUCTOR RequestId: f584179e-0878-4181-92d5-767dd9a336ac\t Duration: 61.38979799993649 ms\t InputFile:ORTHOMCL1\t OutputFile:['tree_ORTHOMCL1.nexus']\n",
        "ingestionTime": 1744925624421,
        "eventId": "38913141546493978991033387684518951028377439681531215876"
    },
    {
        "logStreamName": "2025/04/17/[$LATEST]7dbba559d87443e3b4be7e63c997c0fe",
        "timestamp": 1744925615895,
        "message": "FILE_TRANSFER RequestId: f584179e-0878-4181-92d5-767dd9a336ac\t TransferType: produced\t Action: upload_to_s3\t FileName: tree_ORTHOMCL1.nexus\t Bucket: denethor\t FilePath: tree/tree_ORTHOMCL1.nexus\t LocalFilePath: /tmp/tree/tree_ORTHOMCL1.nexus\t FileSize: 339 bytes\t TransferDuration: 78.08404599995811 ms\n",
        "ingestionTime": 1744925624421,
        "eventId": "38913141550463511636371838603712308880908848029595729925"
    },
    {
        "logStreamName": "2025/04/17/[$LATEST]7dbba559d87443e3b4be7e63c997c0fe",
        "timestamp": 1744925615895,
        "message": "PRODUCED_FILES_INFO RequestId: f584179e-0878-4181-92d5-767dd9a336ac\t FilesCount: 1 files\t FilesSize: 339 bytes\t TransferDuration: 78.08404599995811 ms\t Provider: aws_lambda\t  ProducedFiles: ['tree_ORTHOMCL1.nexus']\n",
        "ingestionTime": 1744925624421,
        "eventId": "38913141550463511636371838603712308880908848029595729926"
    },
    {
        "logStreamName": "2025/04/17/[$LATEST]7dbba559d87443e3b4be7e63c997c0fe",
        "timestamp": 1744925615896,
        "message": "END RequestId: f584179e-0878-4181-92d5-767dd9a336ac\n",
        "ingestionTime": 1744925624421,
        "eventId": "38913141550485812381570369226853844599181496391101710343"
    },
    {
        "logStreamName": "2025/04/17/[$LATEST]7dbba559d87443e3b4be7e63c997c0fe",
        "timestamp": 1744925615896,
        "message": "REPORT RequestId: f584179e-0878-4181-92d5-767dd9a336ac\tDuration: 509.00 ms\tBilled Duration: 510 ms\tMemory Size: 128 MB\tMax Memory Used: 111 MB\t\n",
        "ingestionTime": 1744925624421,
        "eventId": "38913141550485812381570369226853844599181496391101710344"
    },
    {
        "logStreamName": "2025/04/17/[$LATEST]7dbba559d87443e3b4be7e63c997c0fe",
        "timestamp": 1744925616053,
        "message": "START RequestId: 41d2b972-036a-451e-a054-8e82f22d4307 Version: $LATEST\n",
        "ingestionTime": 1744925624421,
        "eventId": "38913141553987029377739677060074952367987289147540635657"
    },
    {
        "logStreamName": "2025/04/17/[$LATEST]7dbba559d87443e3b4be7e63c997c0fe",
        "timestamp": 1744925616175,
        "message": "FILE_TRANSFER RequestId: 41d2b972-036a-451e-a054-8e82f22d4307\t TransferType: consumed\t Action: download_from_s3\t FileName: ORTHOMCL256\t Bucket: denethor\t FilePath: data/full_dataset/ORTHOMCL256\t LocalFilePath: /tmp/input/ORTHOMCL256\t FileSize: 2666 bytes\t TransferDuration: 122.19216699986646 ms\n",
        "ingestionTime": 1744925624421,
        "eventId": "38913141556707720291960413083342309997250389251270246410"
    },
    {
        "logStreamName": "2025/04/17/[$LATEST]7dbba559d87443e3b4be7e63c997c0fe",
        "timestamp": 1744925616175,
        "message": "CONSUMED_FILES_INFO RequestId: 41d2b972-036a-451e-a054-8e82f22d4307\t FilesCount: 1 files\t FilesSize: 2666 bytes\t TransferDuration: 122.19216699986646 ms\t ConsumedFiles: ['ORTHOMCL256']\n",
        "ingestionTime": 1744925624421,
        "eventId": "38913141556707720291960413083342309997250389251270246411"
    },
    {
        "logStreamName": "2025/04/17/[$LATEST]7dbba559d87443e3b4be7e63c997c0fe",
        "timestamp": 1744925616736,
        "message": "[INFO]\t2025-04-17T21:33:36.736Z\t41d2b972-036a-451e-a054-8e82f22d4307\tTREE_CONSTRUCTOR RequestId: 41d2b972-036a-451e-a054-8e82f22d4307\t Duration: 560.1399370000308 ms\t InputFile:ORTHOMCL256\t OutputFile:['tree_ORTHOMCL256.nexus']\n",
        "ingestionTime": 1744925624421,
        "eventId": "38913141569218438348336092665743847948206120056125259788"
    },
    {
        "logStreamName": "2025/04/17/[$LATEST]7dbba559d87443e3b4be7e63c997c0fe",
        "timestamp": 1744925616736,
        "message": "[INFO] 2025-04-17T21:33:36GMT TREE_CONSTRUCTOR RequestId: 41d2b972-036a-451e-a054-8e82f22d4307\t Duration: 560.1399370000308 ms\t InputFile:ORTHOMCL256\t OutputFile:['tree_ORTHOMCL256.nexus']\n",
        "ingestionTime": 1744925624421,
        "eventId": "38913141569218438348336092665743847948206120056125259789"
    },
    {
        "logStreamName": "2025/04/17/[$LATEST]7dbba559d87443e3b4be7e63c997c0fe",
        "timestamp": 1744925616915,
        "message": "FILE_TRANSFER RequestId: 41d2b972-036a-451e-a054-8e82f22d4307\t TransferType: produced\t Action: upload_to_s3\t FileName: tree_ORTHOMCL256.nexus\t Bucket: denethor\t FilePath: tree/tree_ORTHOMCL256.nexus\t LocalFilePath: /tmp/tree/tree_ORTHOMCL256.nexus\t FileSize: 640 bytes\t TransferDuration: 79.0920089998508 ms\n",
        "ingestionTime": 1744925624421,
        "eventId": "38913141573210271738873074208078741519010176765695754254"
    },
    {
        "logStreamName": "2025/04/17/[$LATEST]7dbba559d87443e3b4be7e63c997c0fe",
        "timestamp": 1744925616915,
        "message": "PRODUCED_FILES_INFO RequestId: 41d2b972-036a-451e-a054-8e82f22d4307\t FilesCount: 1 files\t FilesSize: 640 bytes\t TransferDuration: 79.0920089998508 ms\t Provider: aws_lambda\t  ProducedFiles: ['tree_ORTHOMCL256.nexus']\n",
        "ingestionTime": 1744925624421,
        "eventId": "38913141573210271738873074208078741519010176765695754255"
    },
    {
        "logStreamName": "2025/04/17/[$LATEST]7dbba559d87443e3b4be7e63c997c0fe",
        "timestamp": 1744925616917,
        "message": "END RequestId: 41d2b972-036a-451e-a054-8e82f22d4307\n",
        "ingestionTime": 1744925624421,
        "eventId": "38913141573254873229270135454361812955555473488707715088"
    },
    {
        "logStreamName": "2025/04/17/[$LATEST]7dbba559d87443e3b4be7e63c997c0fe",
        "timestamp": 1744925616917,
        "message": "REPORT RequestId: 41d2b972-036a-451e-a054-8e82f22d4307\tDuration: 863.95 ms\tBilled Duration: 864 ms\tMemory Size: 128 MB\tMax Memory Used: 111 MB\t\n",
        "ingestionTime": 1744925624421,
        "eventId": "38913141573254873229270135454361812955555473488707715089"
    },
    {
        "logStreamName": "2025/04/17/[$LATEST]7dbba559d87443e3b4be7e63c997c0fe",
        "timestamp": 1744925617060,
        "message": "START RequestId: 075df222-1bfa-438d-8c36-004851f77da1 Version: $LATEST\n",
        "ingestionTime": 1744925624421,
        "eventId": "38913141576443879792660014563601420668544189184062914578"
    },
    {
        "logStreamName": "2025/04/17/[$LATEST]7dbba559d87443e3b4be7e63c997c0fe",
        "timestamp": 1744925617195,
        "message": "FILE_TRANSFER RequestId: 075df222-1bfa-438d-8c36-004851f77da1\t TransferType: consumed\t Action: download_from_s3\t FileName: ORTHOMCL256_2\t Bucket: denethor\t FilePath: data/full_dataset/ORTHOMCL256_2\t LocalFilePath: /tmp/input/ORTHOMCL256_2\t FileSize: 2666 bytes\t TransferDuration: 134.61537300008786 ms\n",
        "ingestionTime": 1744925624421,
        "eventId": "38913141579454480394461648687708742635351717987370270739"
    },
    {
        "logStreamName": "2025/04/17/[$LATEST]7dbba559d87443e3b4be7e63c997c0fe",
        "timestamp": 1744925617195,
        "message": "CONSUMED_FILES_INFO RequestId: 075df222-1bfa-438d-8c36-004851f77da1\t FilesCount: 1 files\t FilesSize: 2666 bytes\t TransferDuration: 134.61537300008786 ms\t ConsumedFiles: ['ORTHOMCL256_2']\n",
        "ingestionTime": 1744925624421,
        "eventId": "38913141579454480394461648687708742635351717987370270740"
    },
    {
        "logStreamName": "2025/04/17/[$LATEST]7dbba559d87443e3b4be7e63c997c0fe",
        "timestamp": 1744925617756,
        "message": "[INFO]\t2025-04-17T21:33:37.756Z\t075df222-1bfa-438d-8c36-004851f77da1\tTREE_CONSTRUCTOR RequestId: 075df222-1bfa-438d-8c36-004851f77da1\t Duration: 560.1745809999557 ms\t InputFile:ORTHOMCL256_2\t OutputFile:['tree_ORTHOMCL256_2.nexus']\n",
        "ingestionTime": 1744925624421,
        "eventId": "38913141591965198450837328270110280586307448792225284117"
    },
    {
        "logStreamName": "2025/04/17/[$LATEST]7dbba559d87443e3b4be7e63c997c0fe",
        "timestamp": 1744925617756,
        "message": "[INFO] 2025-04-17T21:33:37GMT TREE_CONSTRUCTOR RequestId: 075df222-1bfa-438d-8c36-004851f77da1\t Duration: 560.1745809999557 ms\t InputFile:ORTHOMCL256_2\t OutputFile:['tree_ORTHOMCL256_2.nexus']\n",
        "ingestionTime": 1744925624421,
        "eventId": "38913141591965198450837328270110280586307448792225284118"
    },
    {
        "logStreamName": "2025/04/17/[$LATEST]7dbba559d87443e3b4be7e63c997c0fe",
        "timestamp": 1744925617942,
        "message": "FILE_TRANSFER RequestId: 075df222-1bfa-438d-8c36-004851f77da1\t TransferType: produced\t Action: upload_to_s3\t FileName: tree_ORTHOMCL256_2.nexus\t Bucket: denethor\t FilePath: tree/tree_ORTHOMCL256_2.nexus\t LocalFilePath: /tmp/tree/tree_ORTHOMCL256_2.nexus\t FileSize: 640 bytes\t TransferDuration: 85.80603400014297 ms\n",
        "ingestionTime": 1744925624421,
        "eventId": "38913141596113137057764024174435924185020044032337641495"
    },
    {
        "logStreamName": "2025/04/17/[$LATEST]7dbba559d87443e3b4be7e63c997c0fe",
        "timestamp": 1744925617942,
        "message": "PRODUCED_FILES_INFO RequestId: 075df222-1bfa-438d-8c36-004851f77da1\t FilesCount: 1 files\t FilesSize: 640 bytes\t TransferDuration: 85.80603400014297 ms\t Provider: aws_lambda\t  ProducedFiles: ['tree_ORTHOMCL256_2.nexus']\n",
        "ingestionTime": 1744925624421,
        "eventId": "38913141596113137057764024174435924185020044032337641496"
    },
    {
        "logStreamName": "2025/04/17/[$LATEST]7dbba559d87443e3b4be7e63c997c0fe",
        "timestamp": 1744925617943,
        "message": "END RequestId: 075df222-1bfa-438d-8c36-004851f77da1\n",
        "ingestionTime": 1744925624421,
        "eventId": "38913141596135437802962554797577459903292692393843621913"
    },
    {
        "logStreamName": "2025/04/17/[$LATEST]7dbba559d87443e3b4be7e63c997c0fe",
        "timestamp": 1744925617943,
        "message": "REPORT RequestId: 075df222-1bfa-438d-8c36-004851f77da1\tDuration: 882.98 ms\tBilled Duration: 883 ms\tMemory Size: 128 MB\tMax Memory Used: 111 MB\t\n",
        "ingestionTime": 1744925624421,
        "eventId": "38913141596135437802962554797577459903292692393843621914"
    },
    {
        "logStreamName": "2025/04/17/[$LATEST]7dbba559d87443e3b4be7e63c997c0fe",
        "timestamp": 1744925618090,
        "message": "START RequestId: c8f4945b-cdc9-4820-bf7a-12eaaa863e8c Version: $LATEST\n",
        "ingestionTime": 1744925624421,
        "eventId": "38913141599413647347146556399383210489372001535222743067"
    },
    {
        "logStreamName": "2025/04/17/[$LATEST]7dbba559d87443e3b4be7e63c997c0fe",
        "timestamp": 1744925618195,
        "message": "FILE_TRANSFER RequestId: c8f4945b-cdc9-4820-bf7a-12eaaa863e8c\t TransferType: consumed\t Action: download_from_s3\t FileName: ORTHOMCL320\t Bucket: denethor\t FilePath: data/full_dataset/ORTHOMCL320\t LocalFilePath: /tmp/input/ORTHOMCL320\t FileSize: 3358 bytes\t TransferDuration: 104.45860999993783 ms\n",
        "ingestionTime": 1744925624421,
        "eventId": "38913141601755225592992271829244460908000079493350686748"
    },
    {
        "logStreamName": "2025/04/17/[$LATEST]7dbba559d87443e3b4be7e63c997c0fe",
        "timestamp": 1744925618195,
        "message": "CONSUMED_FILES_INFO RequestId: c8f4945b-cdc9-4820-bf7a-12eaaa863e8c\t FilesCount: 1 files\t FilesSize: 3358 bytes\t TransferDuration: 104.45860999993783 ms\t ConsumedFiles: ['ORTHOMCL320']\n",
        "ingestionTime": 1744925624421,
        "eventId": "38913141601755225592992271829244460908000079493350686749"
    },
    {
        "logStreamName": "2025/04/17/[$LATEST]7dbba559d87443e3b4be7e63c997c0fe",
        "timestamp": 1744925618878,
        "message": "[INFO]\t2025-04-17T21:33:38.878Z\tc8f4945b-cdc9-4820-bf7a-12eaaa863e8c\tTREE_CONSTRUCTOR RequestId: c8f4945b-cdc9-4820-bf7a-12eaaa863e8c\t Duration: 682.5289229998361 ms\t InputFile:ORTHOMCL320\t OutputFile:['tree_ORTHOMCL320.nexus']\n",
        "ingestionTime": 1744925624421,
        "eventId": "38913141616986634563588687434913356488218910401935310878"
    },
    {
        "logStreamName": "2025/04/17/[$LATEST]7dbba559d87443e3b4be7e63c997c0fe",
        "timestamp": 1744925618878,
        "message": "[INFO] 2025-04-17T21:33:38GMT TREE_CONSTRUCTOR RequestId: c8f4945b-cdc9-4820-bf7a-12eaaa863e8c\t Duration: 682.5289229998361 ms\t InputFile:ORTHOMCL320\t OutputFile:['tree_ORTHOMCL320.nexus']\n",
        "ingestionTime": 1744925624421,
        "eventId": "38913141616986634563588687434913356488218910401935310879"
    },
    {
        "logStreamName": "2025/04/17/[$LATEST]7dbba559d87443e3b4be7e63c997c0fe",
        "timestamp": 1744925619062,
        "message": "FILE_TRANSFER RequestId: c8f4945b-cdc9-4820-bf7a-12eaaa863e8c\t TransferType: produced\t Action: upload_to_s3\t FileName: tree_ORTHOMCL320.nexus\t Bucket: denethor\t FilePath: tree/tree_ORTHOMCL320.nexus\t LocalFilePath: /tmp/tree/tree_ORTHOMCL320.nexus\t FileSize: 595 bytes\t TransferDuration: 83.67327700011629 ms\n",
        "ingestionTime": 1744925624421,
        "eventId": "38913141621089971680118322092955928650386208919035707424"
    },
    {
        "logStreamName": "2025/04/17/[$LATEST]7dbba559d87443e3b4be7e63c997c0fe",
        "timestamp": 1744925619062,
        "message": "PRODUCED_FILES_INFO RequestId: c8f4945b-cdc9-4820-bf7a-12eaaa863e8c\t FilesCount: 1 files\t FilesSize: 595 bytes\t TransferDuration: 83.67327700011629 ms\t Provider: aws_lambda\t  ProducedFiles: ['tree_ORTHOMCL320.nexus']\n",
        "ingestionTime": 1744925624421,
        "eventId": "38913141621089971680118322092955928650386208919035707425"
    },
    {
        "logStreamName": "2025/04/17/[$LATEST]7dbba559d87443e3b4be7e63c997c0fe",
        "timestamp": 1744925619076,
        "message": "END RequestId: c8f4945b-cdc9-4820-bf7a-12eaaa863e8c\n",
        "ingestionTime": 1744925624421,
        "eventId": "38913141621402182112897750816937428706203285980119433250"
    },
    {
        "logStreamName": "2025/04/17/[$LATEST]7dbba559d87443e3b4be7e63c997c0fe",
        "timestamp": 1744925619076,
        "message": "REPORT RequestId: c8f4945b-cdc9-4820-bf7a-12eaaa863e8c\tDuration: 985.34 ms\tBilled Duration: 986 ms\tMemory Size: 128 MB\tMax Memory Used: 111 MB\t\n",
        "ingestionTime": 1744925624421,
        "eventId": "38913141621402182112897750816937428706203285980119433251"
    },
    {
        "logStreamName": "2025/04/17/[$LATEST]7dbba559d87443e3b4be7e63c997c0fe",
        "timestamp": 1744925619251,
        "message": "START RequestId: b8346dfd-c7df-4ea0-a43b-0d0ce8a25202 Version: $LATEST\n",
        "ingestionTime": 1744925624421,
        "eventId": "38913141625304812522640609866706179403916749243666006052"
    },
    {
        "logStreamName": "2025/04/17/[$LATEST]7dbba559d87443e3b4be7e63c997c0fe",
        "timestamp": 1744925619355,
        "message": "FILE_TRANSFER RequestId: b8346dfd-c7df-4ea0-a43b-0d0ce8a25202\t TransferType: consumed\t Action: download_from_s3\t FileName: ORTHOMCL337\t Bucket: denethor\t FilePath: data/full_dataset/ORTHOMCL337\t LocalFilePath: /tmp/input/ORTHOMCL337\t FileSize: 3213 bytes\t TransferDuration: 104.01431900004354 ms\n",
        "ingestionTime": 1744925624421,
        "eventId": "38913141627624090023287794673425894104272178840287969317"
    },
    {
        "logStreamName": "2025/04/17/[$LATEST]7dbba559d87443e3b4be7e63c997c0fe",
        "timestamp": 1744925619355,
        "message": "CONSUMED_FILES_INFO RequestId: b8346dfd-c7df-4ea0-a43b-0d0ce8a25202\t FilesCount: 1 files\t FilesSize: 3213 bytes\t TransferDuration: 104.01431900004354 ms\t ConsumedFiles: ['ORTHOMCL337']\n",
        "ingestionTime": 1744925624421,
        "eventId": "38913141627624090023287794673425894104272178840287969318"
    },
    {
        "logStreamName": "2025/04/17/[$LATEST]7dbba559d87443e3b4be7e63c997c0fe",
        "timestamp": 1744925620138,
        "message": "[INFO]\t2025-04-17T21:33:40.138Z\tb8346dfd-c7df-4ea0-a43b-0d0ce8a25202\tTREE_CONSTRUCTOR RequestId: b8346dfd-c7df-4ea0-a43b-0d0ce8a25202\t Duration: 782.4216219999016 ms\t InputFile:ORTHOMCL337\t OutputFile:['tree_ORTHOMCL337.nexus']\n",
        "ingestionTime": 1744925624421,
        "eventId": "38913141645085573513737272593248361511755845899470635047"
    },
    {
        "logStreamName": "2025/04/17/[$LATEST]7dbba559d87443e3b4be7e63c997c0fe",
        "timestamp": 1744925620138,
        "message": "[INFO] 2025-04-17T21:33:40GMT TREE_CONSTRUCTOR RequestId: b8346dfd-c7df-4ea0-a43b-0d0ce8a25202\t Duration: 782.4216219999016 ms\t InputFile:ORTHOMCL337\t OutputFile:['tree_ORTHOMCL337.nexus']\n",
        "ingestionTime": 1744925624421,
        "eventId": "38913141645085573513737272593248361511755845899470635048"
    },
    {
        "logStreamName": "2025/04/17/[$LATEST]7dbba559d87443e3b4be7e63c997c0fe",
        "timestamp": 1744925620326,
        "message": "FILE_TRANSFER RequestId: b8346dfd-c7df-4ea0-a43b-0d0ce8a25202\t TransferType: produced\t Action: upload_to_s3\t FileName: tree_ORTHOMCL337.nexus\t Bucket: denethor\t FilePath: tree/tree_ORTHOMCL337.nexus\t LocalFilePath: /tmp/tree/tree_ORTHOMCL337.nexus\t FileSize: 581 bytes\t TransferDuration: 87.90047399998002 ms\n",
        "ingestionTime": 1744925624421,
        "eventId": "38913141649278113611061029743857076547013737862594953257"
    },
    {
        "logStreamName": "2025/04/17/[$LATEST]7dbba559d87443e3b4be7e63c997c0fe",
        "timestamp": 1744925620326,
        "message": "PRODUCED_FILES_INFO RequestId: b8346dfd-c7df-4ea0-a43b-0d0ce8a25202\t FilesCount: 1 files\t FilesSize: 581 bytes\t TransferDuration: 87.90047399998002 ms\t Provider: aws_lambda\t  ProducedFiles: ['tree_ORTHOMCL337.nexus']\n",
        "ingestionTime": 1744925624421,
        "eventId": "38913141649278113611061029743857076547013737862594953258"
    },
    {
        "logStreamName": "2025/04/17/[$LATEST]7dbba559d87443e3b4be7e63c997c0fe",
        "timestamp": 1744925620328,
        "message": "END RequestId: b8346dfd-c7df-4ea0-a43b-0d0ce8a25202\n",
        "ingestionTime": 1744925624421,
        "eventId": "38913141649322715101458090990140147983559034585606914091"
    },
    {
        "logStreamName": "2025/04/17/[$LATEST]7dbba559d87443e3b4be7e63c997c0fe",
        "timestamp": 1744925620328,
        "message": "REPORT RequestId: b8346dfd-c7df-4ea0-a43b-0d0ce8a25202\tDuration: 1076.80 ms\tBilled Duration: 1077 ms\tMemory Size: 128 MB\tMax Memory Used: 111 MB\t\n",
        "ingestionTime": 1744925624421,
        "eventId": "38913141649322715101458090990140147983559034585606914092"
    },
    {
        "logStreamName": "2025/04/17/[$LATEST]7dbba559d87443e3b4be7e63c997c0fe",
        "timestamp": 1744925620531,
        "message": "START RequestId: b541b7cc-76ab-4c91-a9c1-3ce0d5c42ffc Version: $LATEST\n",
        "ingestionTime": 1744925624421,
        "eventId": "38913141653849766376759807487871898792906651971320938541"
    },
    {
        "logStreamName": "2025/04/17/[$LATEST]7dbba559d87443e3b4be7e63c997c0fe",
        "timestamp": 1744925620655,
        "message": "FILE_TRANSFER RequestId: b541b7cc-76ab-4c91-a9c1-3ce0d5c42ffc\t TransferType: consumed\t Action: download_from_s3\t FileName: ORTHOMCL358\t Bucket: denethor\t FilePath: data/full_dataset/ORTHOMCL358\t LocalFilePath: /tmp/input/ORTHOMCL358\t FileSize: 3265 bytes\t TransferDuration: 123.4083639999426 ms\n",
        "ingestionTime": 1744925624421,
        "eventId": "38913141656615058781377604757422327858715048798062510126"
    },
    {
        "logStreamName": "2025/04/17/[$LATEST]7dbba559d87443e3b4be7e63c997c0fe",
        "timestamp": 1744925620656,
        "message": "CONSUMED_FILES_INFO RequestId: b541b7cc-76ab-4c91-a9c1-3ce0d5c42ffc\t FilesCount: 1 files\t FilesSize: 3265 bytes\t TransferDuration: 123.4083639999426 ms\t ConsumedFiles: ['ORTHOMCL358']\n",
        "ingestionTime": 1744925624421,
        "eventId": "38913141656637359526576135380563863576987697159568490543"
    },
    {
        "logStreamName": "2025/04/17/[$LATEST]7dbba559d87443e3b4be7e63c997c0fe",
        "timestamp": 1744925621676,
        "message": "[INFO]\t2025-04-17T21:33:41.676Z\tb541b7cc-76ab-4c91-a9c1-3ce0d5c42ffc\tTREE_CONSTRUCTOR RequestId: b541b7cc-76ab-4c91-a9c1-3ce0d5c42ffc\t Duration: 1020.7169779998821 ms\t InputFile:ORTHOMCL358\t OutputFile:['tree_ORTHOMCL358.nexus']\n",
        "ingestionTime": 1744925624421,
        "eventId": "38913141679384119629077370984930296215089025895668514864"
    },
    {
        "logStreamName": "2025/04/17/[$LATEST]7dbba559d87443e3b4be7e63c997c0fe",
        "timestamp": 1744925621676,
        "message": "[INFO] 2025-04-17T21:33:41GMT TREE_CONSTRUCTOR RequestId: b541b7cc-76ab-4c91-a9c1-3ce0d5c42ffc\t Duration: 1020.7169779998821 ms\t InputFile:ORTHOMCL358\t OutputFile:['tree_ORTHOMCL358.nexus']\n",
        "ingestionTime": 1744925624421,
        "eventId": "38913141679384119629077370984930296215089025895668514865"
    },
    {
        "logStreamName": "2025/04/17/[$LATEST]7dbba559d87443e3b4be7e63c997c0fe",
        "timestamp": 1744925621855,
        "message": "FILE_TRANSFER RequestId: b541b7cc-76ab-4c91-a9c1-3ce0d5c42ffc\t TransferType: produced\t Action: upload_to_s3\t FileName: tree_ORTHOMCL358.nexus\t Bucket: denethor\t FilePath: tree/tree_ORTHOMCL358.nexus\t LocalFilePath: /tmp/tree/tree_ORTHOMCL358.nexus\t FileSize: 567 bytes\t TransferDuration: 78.57879900006992 ms\n",
        "ingestionTime": 1744925624421,
        "eventId": "38913141683375953019614352527265189785893082605239009330"
    },
    {
        "logStreamName": "2025/04/17/[$LATEST]7dbba559d87443e3b4be7e63c997c0fe",
        "timestamp": 1744925621855,
        "message": "PRODUCED_FILES_INFO RequestId: b541b7cc-76ab-4c91-a9c1-3ce0d5c42ffc\t FilesCount: 1 files\t FilesSize: 567 bytes\t TransferDuration: 78.57879900006992 ms\t Provider: aws_lambda\t  ProducedFiles: ['tree_ORTHOMCL358.nexus']\n",
        "ingestionTime": 1744925624421,
        "eventId": "38913141683375953019614352527265189785893082605239009331"
    },
    {
        "logStreamName": "2025/04/17/[$LATEST]7dbba559d87443e3b4be7e63c997c0fe",
        "timestamp": 1744925621857,
        "message": "END RequestId: b541b7cc-76ab-4c91-a9c1-3ce0d5c42ffc\n",
        "ingestionTime": 1744925624421,
        "eventId": "38913141683420554510011413773548261222438379328250970164"
    },
    {
        "logStreamName": "2025/04/17/[$LATEST]7dbba559d87443e3b4be7e63c997c0fe",
        "timestamp": 1744925621857,
        "message": "REPORT RequestId: b541b7cc-76ab-4c91-a9c1-3ce0d5c42ffc\tDuration: 1325.73 ms\tBilled Duration: 1326 ms\tMemory Size: 128 MB\tMax Memory Used: 111 MB\t\n",
        "ingestionTime": 1744925624421,
        "eventId": "38913141683420554510011413773548261222438379328250970165"
    },
    {
        "logStreamName": "2025/04/17/[$LATEST]7dbba559d87443e3b4be7e63c997c0fe",
        "timestamp": 1744925622077,
        "message": "START RequestId: 78c11125-b137-473a-b258-a86a91f32d24 Version: $LATEST\n",
        "ingestionTime": 1744925624421,
        "eventId": "38913141688326718453688150864686119242421018859566661686"
    },
    {
        "logStreamName": "2025/04/17/[$LATEST]7dbba559d87443e3b4be7e63c997c0fe",
        "timestamp": 1744925622195,
        "message": "FILE_TRANSFER RequestId: 78c11125-b137-473a-b258-a86a91f32d24\t TransferType: consumed\t Action: download_from_s3\t FileName: ORTHOMCL364\t Bucket: denethor\t FilePath: data/full_dataset/ORTHOMCL364\t LocalFilePath: /tmp/input/ORTHOMCL364\t FileSize: 3224 bytes\t TransferDuration: 117.52990899981341 ms\n",
        "ingestionTime": 1744925624421,
        "eventId": "38913141690958206387114764395387333998593525517272350775"
    },
    {
        "logStreamName": "2025/04/17/[$LATEST]7dbba559d87443e3b4be7e63c997c0fe",
        "timestamp": 1744925622195,
        "message": "CONSUMED_FILES_INFO RequestId: 78c11125-b137-473a-b258-a86a91f32d24\t FilesCount: 1 files\t FilesSize: 3224 bytes\t TransferDuration: 117.52990899981341 ms\t ConsumedFiles: ['ORTHOMCL364']\n",
        "ingestionTime": 1744925624421,
        "eventId": "38913141690958206387114764395387333998593525517272350776"
    },
    {
        "logStreamName": "2025/04/17/[$LATEST]7dbba559d87443e3b4be7e63c997c0fe",
        "timestamp": 1744925622937,
        "message": "[INFO]\t2025-04-17T21:33:42.937Z\t78c11125-b137-473a-b258-a86a91f32d24\tTREE_CONSTRUCTOR RequestId: 78c11125-b137-473a-b258-a86a91f32d24\t Duration: 741.6373220000878 ms\t InputFile:ORTHOMCL364\t OutputFile:['tree_ORTHOMCL364.nexus']\n",
        "ingestionTime": 1744925624421,
        "eventId": "38913141707505359324424486766406836956898609754709819449"
    },
    {
        "logStreamName": "2025/04/17/[$LATEST]7dbba559d87443e3b4be7e63c997c0fe",
        "timestamp": 1744925622937,
        "message": "[INFO] 2025-04-17T21:33:42GMT TREE_CONSTRUCTOR RequestId: 78c11125-b137-473a-b258-a86a91f32d24\t Duration: 741.6373220000878 ms\t InputFile:ORTHOMCL364\t OutputFile:['tree_ORTHOMCL364.nexus']\n",
        "ingestionTime": 1744925624421,
        "eventId": "38913141707505359324424486766406836956898609754709819450"
    },
    {
        "logStreamName": "2025/04/17/[$LATEST]7dbba559d87443e3b4be7e63c997c0fe",
        "timestamp": 1744925623121,
        "message": "FILE_TRANSFER RequestId: 78c11125-b137-473a-b258-a86a91f32d24\t TransferType: produced\t Action: upload_to_s3\t FileName: tree_ORTHOMCL364.nexus\t Bucket: denethor\t FilePath: tree/tree_ORTHOMCL364.nexus\t LocalFilePath: /tmp/tree/tree_ORTHOMCL364.nexus\t FileSize: 575 bytes\t TransferDuration: 83.60860700008743 ms\n",
        "ingestionTime": 1744925624421,
        "eventId": "38913141711608696440954121424449409119065908271810215995"
    },
    {
        "logStreamName": "2025/04/17/[$LATEST]7dbba559d87443e3b4be7e63c997c0fe",
        "timestamp": 1744925623121,
        "message": "PRODUCED_FILES_INFO RequestId: 78c11125-b137-473a-b258-a86a91f32d24\t FilesCount: 1 files\t FilesSize: 575 bytes\t TransferDuration: 83.60860700008743 ms\t Provider: aws_lambda\t  ProducedFiles: ['tree_ORTHOMCL364.nexus']\n",
        "ingestionTime": 1744925624421,
        "eventId": "38913141711608696440954121424449409119065908271810215996"
    },
    {
        "logStreamName": "2025/04/17/[$LATEST]7dbba559d87443e3b4be7e63c997c0fe",
        "timestamp": 1744925623136,
        "message": "END RequestId: 78c11125-b137-473a-b258-a86a91f32d24\n",
        "ingestionTime": 1744925624421,
        "eventId": "38913141711943207618932080771572444893155633694399922237"
    },
    {
        "logStreamName": "2025/04/17/[$LATEST]7dbba559d87443e3b4be7e63c997c0fe",
        "timestamp": 1744925623136,
        "message": "REPORT RequestId: 78c11125-b137-473a-b258-a86a91f32d24\tDuration: 1058.39 ms\tBilled Duration: 1059 ms\tMemory Size: 128 MB\tMax Memory Used: 111 MB\t\n",
        "ingestionTime": 1744925624421,
        "eventId": "38913141711943207618932080771572444893155633694399922238"
    },
    {
        "logStreamName": "2025/04/17/[$LATEST]7dbba559d87443e3b4be7e63c997c0fe",
        "timestamp": 1744925623261,
        "message": "START RequestId: 30bed0b0-a7a4-48ac-9bb9-1b743b331e3a Version: $LATEST\n",
        "ingestionTime": 1744925624421,
        "eventId": "38913141714730800768748408664264409677236678882647474239"
    },
    {
        "logStreamName": "2025/04/17/[$LATEST]7dbba559d87443e3b4be7e63c997c0fe",
        "timestamp": 1744925623375,
        "message": "FILE_TRANSFER RequestId: 30bed0b0-a7a4-48ac-9bb9-1b743b331e3a\t TransferType: consumed\t Action: download_from_s3\t FileName: ORTHOMCL371\t Bucket: denethor\t FilePath: data/full_dataset/ORTHOMCL371\t LocalFilePath: /tmp/input/ORTHOMCL371\t FileSize: 2771 bytes\t TransferDuration: 114.1037709999182 ms\n",
        "ingestionTime": 1744925624421,
        "eventId": "38913141717273085721380899702399481560318592094329241664"
    },
    {
        "logStreamName": "2025/04/17/[$LATEST]7dbba559d87443e3b4be7e63c997c0fe",
        "timestamp": 1744925623376,
        "message": "CONSUMED_FILES_INFO RequestId: 30bed0b0-a7a4-48ac-9bb9-1b743b331e3a\t FilesCount: 1 files\t FilesSize: 2771 bytes\t TransferDuration: 114.1037709999182 ms\t ConsumedFiles: ['ORTHOMCL371']\n",
        "ingestionTime": 1744925624421,
        "eventId": "38913141717295386466579430325541017278591240455835222081"
    },
    {
        "logStreamName": "2025/04/17/[$LATEST]7dbba559d87443e3b4be7e63c997c0fe",
        "timestamp": 1744925623877,
        "message": "[INFO]\t2025-04-17T21:33:43.877Z\t30bed0b0-a7a4-48ac-9bb9-1b743b331e3a\tTREE_CONSTRUCTOR RequestId: 30bed0b0-a7a4-48ac-9bb9-1b743b331e3a\t Duration: 501.36632399994596 ms\t InputFile:ORTHOMCL371\t OutputFile:['tree_ORTHOMCL371.nexus']\n",
        "ingestionTime": 1744925624421,
        "eventId": "38913141728468059811043272519450412133188069570331410498"
    },
    {
        "logStreamName": "2025/04/17/[$LATEST]7dbba559d87443e3b4be7e63c997c0fe",
        "timestamp": 1744925623877,
        "message": "[INFO] 2025-04-17T21:33:43GMT TREE_CONSTRUCTOR RequestId: 30bed0b0-a7a4-48ac-9bb9-1b743b331e3a\t Duration: 501.36632399994596 ms\t InputFile:ORTHOMCL371\t OutputFile:['tree_ORTHOMCL371.nexus']\n",
        "ingestionTime": 1744925624421,
        "eventId": "38913141728468059811043272519450412133188069570331410499"
    },
    {
        "logStreamName": "2025/04/17/[$LATEST]7dbba559d87443e3b4be7e63c997c0fe",
        "timestamp": 1744925624057,
        "message": "FILE_TRANSFER RequestId: 30bed0b0-a7a4-48ac-9bb9-1b743b331e3a\t TransferType: produced\t Action: upload_to_s3\t FileName: tree_ORTHOMCL371.nexus\t Bucket: denethor\t FilePath: tree/tree_ORTHOMCL371.nexus\t LocalFilePath: /tmp/tree/tree_ORTHOMCL371.nexus\t FileSize: 511 bytes\t TransferDuration: 79.46362799998496 ms\n",
        "ingestionTime": 1744925624421,
        "eventId": "38913141732482193946778784684926841422264774641407885380"
    },
    {
        "logStreamName": "2025/04/17/[$LATEST]7dbba559d87443e3b4be7e63c997c0fe",
        "timestamp": 1744925624057,
        "message": "PRODUCED_FILES_INFO RequestId: 30bed0b0-a7a4-48ac-9bb9-1b743b331e3a\t FilesCount: 1 files\t FilesSize: 511 bytes\t TransferDuration: 79.46362799998496 ms\t Provider: aws_lambda\t  ProducedFiles: ['tree_ORTHOMCL371.nexus']\n",
        "ingestionTime": 1744925624421,
        "eventId": "38913141732482193946778784684926841422264774641407885381"
    },
    {
        "logStreamName": "2025/04/17/[$LATEST]7dbba559d87443e3b4be7e63c997c0fe",
        "timestamp": 1744925624076,
        "message": "END RequestId: 30bed0b0-a7a4-48ac-9bb9-1b743b331e3a\n",
        "ingestionTime": 1744925624421,
        "eventId": "38913141732905908105550866524616020069445093510021513286"
    },
    {
        "logStreamName": "2025/04/17/[$LATEST]7dbba559d87443e3b4be7e63c997c0fe",
        "timestamp": 1744925624076,
        "message": "REPORT RequestId: 30bed0b0-a7a4-48ac-9bb9-1b743b331e3a\tDuration: 814.90 ms\tBilled Duration: 815 ms\tMemory Size: 128 MB\tMax Memory Used: 111 MB\t\n",
        "ingestionTime": 1744925624421,
        "eventId": "38913141732905908105550866524616020069445093510021513287"
    },
    {
        "logStreamName": "2025/04/17/[$LATEST]7dbba559d87443e3b4be7e63c997c0fe",
        "timestamp": 1744925624244,
        "message": "START RequestId: 55934bfe-921f-484f-b05b-5aa4a557cef7 Version: $LATEST\n",
        "ingestionTime": 1744925624421,
        "eventId": "38913141736652433298904011212394020739250018243026223176"
    },
    {
        "logStreamName": "2025/04/17/[$LATEST]7dbba559d87443e3b4be7e63c997c0fe",
        "timestamp": 1744925624364,
        "message": "FILE_TRANSFER RequestId: 55934bfe-921f-484f-b05b-5aa4a557cef7\t TransferType: consumed\t Action: download_from_s3\t FileName: ORTHOMCL374\t Bucket: denethor\t FilePath: data/full_dataset/ORTHOMCL374\t LocalFilePath: /tmp/input/ORTHOMCL374\t FileSize: 2627 bytes\t TransferDuration: 118.73980100017434 ms\n",
        "ingestionTime": 1744925624421,
        "eventId": "38913141739328522722727685989378306931967821623743873097"
    },
    {
        "logStreamName": "2025/04/17/[$LATEST]7dbba559d87443e3b4be7e63c997c0fe",
        "timestamp": 1744925624364,
        "message": "CONSUMED_FILES_INFO RequestId: 55934bfe-921f-484f-b05b-5aa4a557cef7\t FilesCount: 1 files\t FilesSize: 2627 bytes\t TransferDuration: 118.73980100017434 ms\t ConsumedFiles: ['ORTHOMCL374']\n",
        "ingestionTime": 1744925624421,
        "eventId": "38913141739328522722727685989378306931967821623743873098"
    },
    {
        "logStreamName": "2025/04/17/[$LATEST]7dbba559d87443e3b4be7e63c997c0fe",
        "timestamp": 1744925625276,
        "message": "[INFO]\t2025-04-17T21:33:45.276Z\t55934bfe-921f-484f-b05b-5aa4a557cef7\tTREE_CONSTRUCTOR RequestId: 55934bfe-921f-484f-b05b-5aa4a557cef7\t Duration: 912.0356939999965 ms\t InputFile:ORTHOMCL374\t OutputFile:['tree_ORTHOMCL374.nexus']\n",
        "ingestionTime": 1744925634303,
        "eventId": "38913141759666802343787614306405581871229931420236120064"
    },
    {
        "logStreamName": "2025/04/17/[$LATEST]7dbba559d87443e3b4be7e63c997c0fe",
        "timestamp": 1744925625276,
        "message": "[INFO] 2025-04-17T21:33:45GMT TREE_CONSTRUCTOR RequestId: 55934bfe-921f-484f-b05b-5aa4a557cef7\t Duration: 912.0356939999965 ms\t InputFile:ORTHOMCL374\t OutputFile:['tree_ORTHOMCL374.nexus']\n",
        "ingestionTime": 1744925634303,
        "eventId": "38913141759666802343787614306405581871229931420236120065"
    },
    {
        "logStreamName": "2025/04/17/[$LATEST]7dbba559d87443e3b4be7e63c997c0fe",
        "timestamp": 1744925625439,
        "message": "FILE_TRANSFER RequestId: 55934bfe-921f-484f-b05b-5aa4a557cef7\t TransferType: produced\t Action: upload_to_s3\t FileName: tree_ORTHOMCL374.nexus\t Bucket: denethor\t FilePath: tree/tree_ORTHOMCL374.nexus\t LocalFilePath: /tmp/tree/tree_ORTHOMCL374.nexus\t FileSize: 563 bytes\t TransferDuration: 62.94596599991564 ms\n",
        "ingestionTime": 1744925634303,
        "eventId": "38913141763301823811148105878475903949671614345710927874"
    },
    {
        "logStreamName": "2025/04/17/[$LATEST]7dbba559d87443e3b4be7e63c997c0fe",
        "timestamp": 1744925625439,
        "message": "PRODUCED_FILES_INFO RequestId: 55934bfe-921f-484f-b05b-5aa4a557cef7\t FilesCount: 1 files\t FilesSize: 563 bytes\t TransferDuration: 62.94596599991564 ms\t Provider: aws_lambda\t  ProducedFiles: ['tree_ORTHOMCL374.nexus']\n",
        "ingestionTime": 1744925634303,
        "eventId": "38913141763301823811148105878475903949671614345710927875"
    },
    {
        "logStreamName": "2025/04/17/[$LATEST]7dbba559d87443e3b4be7e63c997c0fe",
        "timestamp": 1744925625456,
        "message": "END RequestId: 55934bfe-921f-484f-b05b-5aa4a557cef7\n",
        "ingestionTime": 1744925634303,
        "eventId": "38913141763680936479523126471882011160306636491312594948"
    },
    {
        "logStreamName": "2025/04/17/[$LATEST]7dbba559d87443e3b4be7e63c997c0fe",
        "timestamp": 1744925625456,
        "message": "REPORT RequestId: 55934bfe-921f-484f-b05b-5aa4a557cef7\tDuration: 1211.32 ms\tBilled Duration: 1212 ms\tMemory Size: 128 MB\tMax Memory Used: 111 MB\t\n",
        "ingestionTime": 1744925634303,
        "eventId": "38913141763680936479523126471882011160306636491312594949"
    },
    {
        "logStreamName": "2025/04/17/[$LATEST]7dbba559d87443e3b4be7e63c997c0fe",
        "timestamp": 1744925625670,
        "message": "START RequestId: 111c91ce-bbef-46ab-b143-af0599883c17 Version: $LATEST\n",
        "ingestionTime": 1744925634303,
        "eventId": "38913141768453295952008679824170654870653385853592403974"
    },
    {
        "logStreamName": "2025/04/17/[$LATEST]7dbba559d87443e3b4be7e63c997c0fe",
        "timestamp": 1744925625776,
        "message": "FILE_TRANSFER RequestId: 111c91ce-bbef-46ab-b143-af0599883c17\t TransferType: consumed\t Action: download_from_s3\t FileName: ORTHOMCL421\t Bucket: denethor\t FilePath: data/full_dataset/ORTHOMCL421\t LocalFilePath: /tmp/input/ORTHOMCL421\t FileSize: 2439 bytes\t TransferDuration: 104.62634700002127 ms\n",
        "ingestionTime": 1744925634303,
        "eventId": "38913141770817174943052925877173441007554112173226328071"
    },
    {
        "logStreamName": "2025/04/17/[$LATEST]7dbba559d87443e3b4be7e63c997c0fe",
        "timestamp": 1744925625776,
        "message": "CONSUMED_FILES_INFO RequestId: 111c91ce-bbef-46ab-b143-af0599883c17\t FilesCount: 1 files\t FilesSize: 2439 bytes\t TransferDuration: 104.62634700002127 ms\t ConsumedFiles: ['ORTHOMCL421']\n",
        "ingestionTime": 1744925634303,
        "eventId": "38913141770817174943052925877173441007554112173226328072"
    },
    {
        "logStreamName": "2025/04/17/[$LATEST]7dbba559d87443e3b4be7e63c997c0fe",
        "timestamp": 1744925626018,
        "message": "[INFO]\t2025-04-17T21:33:46.018Z\t111c91ce-bbef-46ab-b143-af0599883c17\tTREE_CONSTRUCTOR RequestId: 111c91ce-bbef-46ab-b143-af0599883c17\t Duration: 242.50580200009608 ms\t InputFile:ORTHOMCL421\t OutputFile:['tree_ORTHOMCL421.nexus']\n",
        "ingestionTime": 1744925634303,
        "eventId": "38913141776213955281097336677425084829535015657673588745"
    },
    {
        "logStreamName": "2025/04/17/[$LATEST]7dbba559d87443e3b4be7e63c997c0fe",
        "timestamp": 1744925626018,
        "message": "[INFO] 2025-04-17T21:33:46GMT TREE_CONSTRUCTOR RequestId: 111c91ce-bbef-46ab-b143-af0599883c17\t Duration: 242.50580200009608 ms\t InputFile:ORTHOMCL421\t OutputFile:['tree_ORTHOMCL421.nexus']\n",
        "ingestionTime": 1744925634303,
        "eventId": "38913141776213955281097336677425084829535015657673588746"
    },
    {
        "logStreamName": "2025/04/17/[$LATEST]7dbba559d87443e3b4be7e63c997c0fe",
        "timestamp": 1744925626195,
        "message": "FILE_TRANSFER RequestId: 111c91ce-bbef-46ab-b143-af0599883c17\t TransferType: produced\t Action: upload_to_s3\t FileName: tree_ORTHOMCL421.nexus\t Bucket: denethor\t FilePath: tree/tree_ORTHOMCL421.nexus\t LocalFilePath: /tmp/tree/tree_ORTHOMCL421.nexus\t FileSize: 521 bytes\t TransferDuration: 76.55193300001883 ms\n",
        "ingestionTime": 1744925634303,
        "eventId": "38913141780161187181237256973476906963793775644232122379"
    },
    {
        "logStreamName": "2025/04/17/[$LATEST]7dbba559d87443e3b4be7e63c997c0fe",
        "timestamp": 1744925626196,
        "message": "PRODUCED_FILES_INFO RequestId: 111c91ce-bbef-46ab-b143-af0599883c17\t FilesCount: 1 files\t FilesSize: 521 bytes\t TransferDuration: 76.55193300001883 ms\t Provider: aws_lambda\t  ProducedFiles: ['tree_ORTHOMCL421.nexus']\n",
        "ingestionTime": 1744925634303,
        "eventId": "38913141780183487926435787596618442682066424005738102796"
    },
    {
        "logStreamName": "2025/04/17/[$LATEST]7dbba559d87443e3b4be7e63c997c0fe",
        "timestamp": 1744925626197,
        "message": "END RequestId: 111c91ce-bbef-46ab-b143-af0599883c17\n",
        "ingestionTime": 1744925634303,
        "eventId": "38913141780205788671634318219759978400339072367244083213"
    },
    {
        "logStreamName": "2025/04/17/[$LATEST]7dbba559d87443e3b4be7e63c997c0fe",
        "timestamp": 1744925626197,
        "message": "REPORT RequestId: 111c91ce-bbef-46ab-b143-af0599883c17\tDuration: 526.16 ms\tBilled Duration: 527 ms\tMemory Size: 128 MB\tMax Memory Used: 111 MB\t\n",
        "ingestionTime": 1744925634303,
        "eventId": "38913141780205788671634318219759978400339072367244083214"
    },
    {
        "logStreamName": "2025/04/17/[$LATEST]7dbba559d87443e3b4be7e63c997c0fe",
        "timestamp": 1744925626565,
        "message": "START RequestId: 11bb373a-2229-47d4-a048-8d494feba6b7 Version: $LATEST\n",
        "ingestionTime": 1744925634303,
        "eventId": "38913141788412462904693587535845122724673669401444876303"
    },
    {
        "logStreamName": "2025/04/17/[$LATEST]7dbba559d87443e3b4be7e63c997c0fe",
        "timestamp": 1744925626695,
        "message": "FILE_TRANSFER RequestId: 11bb373a-2229-47d4-a048-8d494feba6b7\t TransferType: consumed\t Action: download_from_s3\t FileName: ORTHOMCL424\t Bucket: denethor\t FilePath: data/full_dataset/ORTHOMCL424\t LocalFilePath: /tmp/input/ORTHOMCL424\t FileSize: 3233 bytes\t TransferDuration: 129.89681599992764 ms\n",
        "ingestionTime": 1744925634303,
        "eventId": "38913141791311559780502568544244766100117956397222330384"
    },
    {
        "logStreamName": "2025/04/17/[$LATEST]7dbba559d87443e3b4be7e63c997c0fe",
        "timestamp": 1744925626695,
        "message": "CONSUMED_FILES_INFO RequestId: 11bb373a-2229-47d4-a048-8d494feba6b7\t FilesCount: 1 files\t FilesSize: 3233 bytes\t TransferDuration: 129.89681599992764 ms\t ConsumedFiles: ['ORTHOMCL424']\n",
        "ingestionTime": 1744925634303,
        "eventId": "38913141791311559780502568544244766100117956397222330385"
    },
    {
        "logStreamName": "2025/04/17/[$LATEST]7dbba559d87443e3b4be7e63c997c0fe",
        "timestamp": 1744925627196,
        "message": "[INFO]\t2025-04-17T21:33:47.196Z\t11bb373a-2229-47d4-a048-8d494feba6b7\tTREE_CONSTRUCTOR RequestId: 11bb373a-2229-47d4-a048-8d494feba6b7\t Duration: 500.2124359998561 ms\t InputFile:ORTHOMCL424\t OutputFile:['tree_ORTHOMCL424.nexus']\n",
        "ingestionTime": 1744925634303,
        "eventId": "38913141802484233124966410738154160954714785511718518802"
    },
    {
        "logStreamName": "2025/04/17/[$LATEST]7dbba559d87443e3b4be7e63c997c0fe",
        "timestamp": 1744925627196,
        "message": "[INFO] 2025-04-17T21:33:47GMT TREE_CONSTRUCTOR RequestId: 11bb373a-2229-47d4-a048-8d494feba6b7\t Duration: 500.2124359998561 ms\t InputFile:ORTHOMCL424\t OutputFile:['tree_ORTHOMCL424.nexus']\n",
        "ingestionTime": 1744925634303,
        "eventId": "38913141802484233124966410738154160954714785511718518803"
    },
    {
        "logStreamName": "2025/04/17/[$LATEST]7dbba559d87443e3b4be7e63c997c0fe",
        "timestamp": 1744925627381,
        "message": "FILE_TRANSFER RequestId: 11bb373a-2229-47d4-a048-8d494feba6b7\t TransferType: produced\t Action: upload_to_s3\t FileName: tree_ORTHOMCL424.nexus\t Bucket: denethor\t FilePath: tree/tree_ORTHOMCL424.nexus\t LocalFilePath: /tmp/tree/tree_ORTHOMCL424.nexus\t FileSize: 527 bytes\t TransferDuration: 84.41748599989296 ms\n",
        "ingestionTime": 1744925634303,
        "eventId": "38913141806609870986694576019338268835154732390324895764"
    },
    {
        "logStreamName": "2025/04/17/[$LATEST]7dbba559d87443e3b4be7e63c997c0fe",
        "timestamp": 1744925627381,
        "message": "PRODUCED_FILES_INFO RequestId: 11bb373a-2229-47d4-a048-8d494feba6b7\t FilesCount: 1 files\t FilesSize: 527 bytes\t TransferDuration: 84.41748599989296 ms\t Provider: aws_lambda\t  ProducedFiles: ['tree_ORTHOMCL424.nexus']\n",
        "ingestionTime": 1744925634303,
        "eventId": "38913141806609870986694576019338268835154732390324895765"
    },
    {
        "logStreamName": "2025/04/17/[$LATEST]7dbba559d87443e3b4be7e63c997c0fe",
        "timestamp": 1744925627396,
        "message": "END RequestId: 11bb373a-2229-47d4-a048-8d494feba6b7\n",
        "ingestionTime": 1744925634303,
        "eventId": "38913141806944382164672535366461304609244457812914602006"
    },
    {
        "logStreamName": "2025/04/17/[$LATEST]7dbba559d87443e3b4be7e63c997c0fe",
        "timestamp": 1744925627396,
        "message": "REPORT RequestId: 11bb373a-2229-47d4-a048-8d494feba6b7\tDuration: 831.15 ms\tBilled Duration: 832 ms\tMemory Size: 128 MB\tMax Memory Used: 111 MB\t\n",
        "ingestionTime": 1744925634303,
        "eventId": "38913141806944382164672535366461304609244457812914602007"
    },
    {
        "logStreamName": "2025/04/17/[$LATEST]7dbba559d87443e3b4be7e63c997c0fe",
        "timestamp": 1744925627606,
        "message": "START RequestId: 701bf596-a0a2-471a-8671-ed3aaf090de7 Version: $LATEST\n",
        "ingestionTime": 1744925634303,
        "eventId": "38913141811627538656363966226183805446500613729170489368"
    },
    {
        "logStreamName": "2025/04/17/[$LATEST]7dbba559d87443e3b4be7e63c997c0fe",
        "timestamp": 1744925627755,
        "message": "FILE_TRANSFER RequestId: 701bf596-a0a2-471a-8671-ed3aaf090de7\t TransferType: consumed\t Action: download_from_s3\t FileName: ORTHOMCL441\t Bucket: denethor\t FilePath: data/full_dataset/ORTHOMCL441\t LocalFilePath: /tmp/input/ORTHOMCL441\t FileSize: 1865 bytes\t TransferDuration: 148.48843099980513 ms\n",
        "ingestionTime": 1744925634303,
        "eventId": "38913141814950349690945029074272627469125219593561571353"
    },
    {
        "logStreamName": "2025/04/17/[$LATEST]7dbba559d87443e3b4be7e63c997c0fe",
        "timestamp": 1744925627755,
        "message": "CONSUMED_FILES_INFO RequestId: 701bf596-a0a2-471a-8671-ed3aaf090de7\t FilesCount: 1 files\t FilesSize: 1865 bytes\t TransferDuration: 148.48843099980513 ms\t ConsumedFiles: ['ORTHOMCL441']\n",
        "ingestionTime": 1744925634303,
        "eventId": "38913141814950349690945029074272627469125219593561571354"
    },
    {
        "logStreamName": "2025/04/17/[$LATEST]7dbba559d87443e3b4be7e63c997c0fe",
        "timestamp": 1744925628037,
        "message": "[INFO]\t2025-04-17T21:33:48.037Z\t701bf596-a0a2-471a-8671-ed3aaf090de7\tTREE_CONSTRUCTOR RequestId: 701bf596-a0a2-471a-8671-ed3aaf090de7\t Duration: 281.1963399999513 ms\t InputFile:ORTHOMCL441\t OutputFile:['tree_ORTHOMCL441.nexus']\n",
        "ingestionTime": 1744925634303,
        "eventId": "38913141821239159836930664800185700022012057538248048667"
    },
    {
        "logStreamName": "2025/04/17/[$LATEST]7dbba559d87443e3b4be7e63c997c0fe",
        "timestamp": 1744925628037,
        "message": "[INFO] 2025-04-17T21:33:48GMT TREE_CONSTRUCTOR RequestId: 701bf596-a0a2-471a-8671-ed3aaf090de7\t Duration: 281.1963399999513 ms\t InputFile:ORTHOMCL441\t OutputFile:['tree_ORTHOMCL441.nexus']\n",
        "ingestionTime": 1744925634303,
        "eventId": "38913141821239159836930664800185700022012057538248048668"
    },
    {
        "logStreamName": "2025/04/17/[$LATEST]7dbba559d87443e3b4be7e63c997c0fe",
        "timestamp": 1744925628225,
        "message": "FILE_TRANSFER RequestId: 701bf596-a0a2-471a-8671-ed3aaf090de7\t TransferType: produced\t Action: upload_to_s3\t FileName: tree_ORTHOMCL441.nexus\t Bucket: denethor\t FilePath: tree/tree_ORTHOMCL441.nexus\t LocalFilePath: /tmp/tree/tree_ORTHOMCL441.nexus\t FileSize: 514 bytes\t TransferDuration: 87.81174499995359 ms\n",
        "ingestionTime": 1744925634303,
        "eventId": "38913141825431699934254421950794415057269949501372366877"
    },
    {
        "logStreamName": "2025/04/17/[$LATEST]7dbba559d87443e3b4be7e63c997c0fe",
        "timestamp": 1744925628225,
        "message": "PRODUCED_FILES_INFO RequestId: 701bf596-a0a2-471a-8671-ed3aaf090de7\t FilesCount: 1 files\t FilesSize: 514 bytes\t TransferDuration: 87.81174499995359 ms\t Provider: aws_lambda\t  ProducedFiles: ['tree_ORTHOMCL441.nexus']\n",
        "ingestionTime": 1744925634303,
        "eventId": "38913141825431699934254421950794415057269949501372366878"
    },
    {
        "logStreamName": "2025/04/17/[$LATEST]7dbba559d87443e3b4be7e63c997c0fe",
        "timestamp": 1744925628236,
        "message": "END RequestId: 701bf596-a0a2-471a-8671-ed3aaf090de7\n",
        "ingestionTime": 1744925634303,
        "eventId": "38913141825677008131438258805351307958269081477938151455"
    },
    {
        "logStreamName": "2025/04/17/[$LATEST]7dbba559d87443e3b4be7e63c997c0fe",
        "timestamp": 1744925628236,
        "message": "REPORT RequestId: 701bf596-a0a2-471a-8671-ed3aaf090de7\tDuration: 629.45 ms\tBilled Duration: 630 ms\tMemory Size: 128 MB\tMax Memory Used: 111 MB\t\n",
        "ingestionTime": 1744925634303,
        "eventId": "38913141825677008131438258805351307958269081477938151456"
    },
    {
        "logStreamName": "2025/04/17/[$LATEST]7dbba559d87443e3b4be7e63c997c0fe",
        "timestamp": 1744925628367,
        "message": "START RequestId: 37072ea2-357f-4b6a-a31e-f5c2458e412c Version: $LATEST\n",
        "ingestionTime": 1744925634303,
        "eventId": "38913141828598405752445770436892487051986016835221585953"
    },
    {
        "logStreamName": "2025/04/17/[$LATEST]7dbba559d87443e3b4be7e63c997c0fe",
        "timestamp": 1744925628515,
        "message": "FILE_TRANSFER RequestId: 37072ea2-357f-4b6a-a31e-f5c2458e412c\t TransferType: consumed\t Action: download_from_s3\t FileName: ORTHOMCL458\t Bucket: denethor\t FilePath: data/full_dataset/ORTHOMCL458\t LocalFilePath: /tmp/input/ORTHOMCL458\t FileSize: 2258 bytes\t TransferDuration: 147.77496500005327 ms\n",
        "ingestionTime": 1744925634303,
        "eventId": "38913141831898916041828302661839773356337974338106687522"
    },
    {
        "logStreamName": "2025/04/17/[$LATEST]7dbba559d87443e3b4be7e63c997c0fe",
        "timestamp": 1744925628516,
        "message": "CONSUMED_FILES_INFO RequestId: 37072ea2-357f-4b6a-a31e-f5c2458e412c\t FilesCount: 1 files\t FilesSize: 2258 bytes\t TransferDuration: 147.77496500005327 ms\t ConsumedFiles: ['ORTHOMCL458']\n",
        "ingestionTime": 1744925634303,
        "eventId": "38913141831921216787026833284981309074610622699612667939"
    },
    {
        "logStreamName": "2025/04/17/[$LATEST]7dbba559d87443e3b4be7e63c997c0fe",
        "timestamp": 1744925628857,
        "message": "[INFO]\t2025-04-17T21:33:48.856Z\t37072ea2-357f-4b6a-a31e-f5c2458e412c\tTREE_CONSTRUCTOR RequestId: 37072ea2-357f-4b6a-a31e-f5c2458e412c\t Duration: 340.80170900006124 ms\t InputFile:ORTHOMCL458\t OutputFile:['tree_ORTHOMCL458.nexus']\n",
        "ingestionTime": 1744925634303,
        "eventId": "38913141839525770899725775776244989005583713973151989796"
    },
    {
        "logStreamName": "2025/04/17/[$LATEST]7dbba559d87443e3b4be7e63c997c0fe",
        "timestamp": 1744925628857,
        "message": "[INFO] 2025-04-17T21:33:48GMT TREE_CONSTRUCTOR RequestId: 37072ea2-357f-4b6a-a31e-f5c2458e412c\t Duration: 340.80170900006124 ms\t InputFile:ORTHOMCL458\t OutputFile:['tree_ORTHOMCL458.nexus']\n",
        "ingestionTime": 1744925634303,
        "eventId": "38913141839525770899725775776244989005583713973151989797"
    },
    {
        "logStreamName": "2025/04/17/[$LATEST]7dbba559d87443e3b4be7e63c997c0fe",
        "timestamp": 1744925629036,
        "message": "FILE_TRANSFER RequestId: 37072ea2-357f-4b6a-a31e-f5c2458e412c\t TransferType: produced\t Action: upload_to_s3\t FileName: tree_ORTHOMCL458.nexus\t Bucket: denethor\t FilePath: tree/tree_ORTHOMCL458.nexus\t LocalFilePath: /tmp/tree/tree_ORTHOMCL458.nexus\t FileSize: 453 bytes\t TransferDuration: 79.46418899996388 ms\n",
        "ingestionTime": 1744925634303,
        "eventId": "38913141843517604290262757318579882576387770682722484262"
    },
    {
        "logStreamName": "2025/04/17/[$LATEST]7dbba559d87443e3b4be7e63c997c0fe",
        "timestamp": 1744925629055,
        "message": "PRODUCED_FILES_INFO RequestId: 37072ea2-357f-4b6a-a31e-f5c2458e412c\t FilesCount: 1 files\t FilesSize: 453 bytes\t TransferDuration: 79.46418899996388 ms\t Provider: aws_lambda\t  ProducedFiles: ['tree_ORTHOMCL458.nexus']\n",
        "ingestionTime": 1744925634303,
        "eventId": "38913141843941318449034839158269061223568089551336112167"
    },
    {
        "logStreamName": "2025/04/17/[$LATEST]7dbba559d87443e3b4be7e63c997c0fe",
        "timestamp": 1744925629056,
        "message": "END RequestId: 37072ea2-357f-4b6a-a31e-f5c2458e412c\n",
        "ingestionTime": 1744925634303,
        "eventId": "38913141843963619194233369781410596941840737912842092584"
    },
    {
        "logStreamName": "2025/04/17/[$LATEST]7dbba559d87443e3b4be7e63c997c0fe",
        "timestamp": 1744925629056,
        "message": "REPORT RequestId: 37072ea2-357f-4b6a-a31e-f5c2458e412c\tDuration: 689.82 ms\tBilled Duration: 690 ms\tMemory Size: 128 MB\tMax Memory Used: 111 MB\t\n",
        "ingestionTime": 1744925634303,
        "eventId": "38913141843963619194233369781410596941840737912842092585"
    },
    {
        "logStreamName": "2025/04/17/[$LATEST]7dbba559d87443e3b4be7e63c997c0fe",
        "timestamp": 1744925629254,
        "message": "START RequestId: ee803fc3-47f7-4636-87b8-c8f30dd4f2f4 Version: $LATEST\n",
        "ingestionTime": 1744925634303,
        "eventId": "38913141848379166743542433163434669159825113491026214954"
    },
    {
        "logStreamName": "2025/04/17/[$LATEST]7dbba559d87443e3b4be7e63c997c0fe",
        "timestamp": 1744925629391,
        "message": "FILE_TRANSFER RequestId: ee803fc3-47f7-4636-87b8-c8f30dd4f2f4\t TransferType: consumed\t Action: download_from_s3\t FileName: ORTHOMCL465\t Bucket: denethor\t FilePath: data/full_dataset/ORTHOMCL465\t LocalFilePath: /tmp/input/ORTHOMCL465\t FileSize: 4105 bytes\t TransferDuration: 136.05486399978872 ms\n",
        "ingestionTime": 1744925634303,
        "eventId": "38913141851434368835741128533825062563177939017345531947"
    },
    {
        "logStreamName": "2025/04/17/[$LATEST]7dbba559d87443e3b4be7e63c997c0fe",
        "timestamp": 1744925629391,
        "message": "CONSUMED_FILES_INFO RequestId: ee803fc3-47f7-4636-87b8-c8f30dd4f2f4\t FilesCount: 1 files\t FilesSize: 4105 bytes\t TransferDuration: 136.05486399978872 ms\t ConsumedFiles: ['ORTHOMCL465']\n",
        "ingestionTime": 1744925634303,
        "eventId": "38913141851434368835741128533825062563177939017345531948"
    },
    {
        "logStreamName": "2025/04/17/[$LATEST]7dbba559d87443e3b4be7e63c997c0fe",
        "timestamp": 1744925629797,
        "message": "[INFO]\t2025-04-17T21:33:49.796Z\tee803fc3-47f7-4636-87b8-c8f30dd4f2f4\tTREE_CONSTRUCTOR RequestId: ee803fc3-47f7-4636-87b8-c8f30dd4f2f4\t Duration: 405.4237079999439 ms\t InputFile:ORTHOMCL465\t OutputFile:['tree_ORTHOMCL465.nexus']\n",
        "ingestionTime": 1744925634303,
        "eventId": "38913141860488471386344561529288564181873173788773580845"
    },
    {
        "logStreamName": "2025/04/17/[$LATEST]7dbba559d87443e3b4be7e63c997c0fe",
        "timestamp": 1744925629797,
        "message": "[INFO] 2025-04-17T21:33:49GMT TREE_CONSTRUCTOR RequestId: ee803fc3-47f7-4636-87b8-c8f30dd4f2f4\t Duration: 405.4237079999439 ms\t InputFile:ORTHOMCL465\t OutputFile:['tree_ORTHOMCL465.nexus']\n",
        "ingestionTime": 1744925634303,
        "eventId": "38913141860488471386344561529288564181873173788773580846"
    },
    {
        "logStreamName": "2025/04/17/[$LATEST]7dbba559d87443e3b4be7e63c997c0fe",
        "timestamp": 1744925629981,
        "message": "FILE_TRANSFER RequestId: ee803fc3-47f7-4636-87b8-c8f30dd4f2f4\t TransferType: produced\t Action: upload_to_s3\t FileName: tree_ORTHOMCL465.nexus\t Bucket: denethor\t FilePath: tree/tree_ORTHOMCL465.nexus\t LocalFilePath: /tmp/tree/tree_ORTHOMCL465.nexus\t FileSize: 515 bytes\t TransferDuration: 83.90215999997963 ms\n",
        "ingestionTime": 1744925634303,
        "eventId": "38913141864591808502874196187331136344040472305873977391"
    },
    {
        "logStreamName": "2025/04/17/[$LATEST]7dbba559d87443e3b4be7e63c997c0fe",
        "timestamp": 1744925629981,
        "message": "PRODUCED_FILES_INFO RequestId: ee803fc3-47f7-4636-87b8-c8f30dd4f2f4\t FilesCount: 1 files\t FilesSize: 515 bytes\t TransferDuration: 83.90215999997963 ms\t Provider: aws_lambda\t  ProducedFiles: ['tree_ORTHOMCL465.nexus']\n",
        "ingestionTime": 1744925634303,
        "eventId": "38913141864591808502874196187331136344040472305873977392"
    },
    {
        "logStreamName": "2025/04/17/[$LATEST]7dbba559d87443e3b4be7e63c997c0fe",
        "timestamp": 1744925629996,
        "message": "END RequestId: ee803fc3-47f7-4636-87b8-c8f30dd4f2f4\n",
        "ingestionTime": 1744925634303,
        "eventId": "38913141864926319680852155534454172118130197728463683633"
    },
    {
        "logStreamName": "2025/04/17/[$LATEST]7dbba559d87443e3b4be7e63c997c0fe",
        "timestamp": 1744925629996,
        "message": "REPORT RequestId: ee803fc3-47f7-4636-87b8-c8f30dd4f2f4\tDuration: 741.43 ms\tBilled Duration: 742 ms\tMemory Size: 128 MB\tMax Memory Used: 111 MB\t\n",
        "ingestionTime": 1744925634303,
        "eventId": "38913141864926319680852155534454172118130197728463683634"
    },
    {
        "logStreamName": "2025/04/17/[$LATEST]7dbba559d87443e3b4be7e63c997c0fe",
        "timestamp": 1744925630172,
        "message": "START RequestId: 93abceb2-c323-4dc3-b2d2-bd6197ff398a Version: $LATEST\n",
        "ingestionTime": 1744925634303,
        "eventId": "38913141868851250835793545207364458534116309353516236851"
    },
    {
        "logStreamName": "2025/04/17/[$LATEST]7dbba559d87443e3b4be7e63c997c0fe",
        "timestamp": 1744925630275,
        "message": "FILE_TRANSFER RequestId: 93abceb2-c323-4dc3-b2d2-bd6197ff398a\t TransferType: consumed\t Action: download_from_s3\t FileName: ORTHOMCL508\t Bucket: denethor\t FilePath: data/full_dataset/ORTHOMCL508\t LocalFilePath: /tmp/input/ORTHOMCL508\t FileSize: 4715 bytes\t TransferDuration: 102.83979199994064 ms\n",
        "ingestionTime": 1744925634303,
        "eventId": "38913141871148227591242199390942637516199090588632219700"
    },
    {
        "logStreamName": "2025/04/17/[$LATEST]7dbba559d87443e3b4be7e63c997c0fe",
        "timestamp": 1744925630276,
        "message": "CONSUMED_FILES_INFO RequestId: 93abceb2-c323-4dc3-b2d2-bd6197ff398a\t FilesCount: 1 files\t FilesSize: 4715 bytes\t TransferDuration: 102.83979199994064 ms\t ConsumedFiles: ['ORTHOMCL508']\n",
        "ingestionTime": 1744925634303,
        "eventId": "38913141871170528336440730014084173234471738950138200117"
    },
    {
        "logStreamName": "2025/04/17/[$LATEST]7dbba559d87443e3b4be7e63c997c0fe",
        "timestamp": 1744925631676,
        "message": "[INFO]\t2025-04-17T21:33:51.676Z\t93abceb2-c323-4dc3-b2d2-bd6197ff398a\tTREE_CONSTRUCTOR RequestId: 93abceb2-c323-4dc3-b2d2-bd6197ff398a\t Duration: 1400.4445100001703 ms\t InputFile:ORTHOMCL508\t OutputFile:['tree_ORTHOMCL508.nexus']\n",
        "ingestionTime": 1744925634303,
        "eventId": "38913141902391571614383602412234178816179445058510782518"
    },
    {
        "logStreamName": "2025/04/17/[$LATEST]7dbba559d87443e3b4be7e63c997c0fe",
        "timestamp": 1744925631676,
        "message": "[INFO] 2025-04-17T21:33:51GMT TREE_CONSTRUCTOR RequestId: 93abceb2-c323-4dc3-b2d2-bd6197ff398a\t Duration: 1400.4445100001703 ms\t InputFile:ORTHOMCL508\t OutputFile:['tree_ORTHOMCL508.nexus']\n",
        "ingestionTime": 1744925634303,
        "eventId": "38913141902391571614383602412234178816179445058510782519"
    },
    {
        "logStreamName": "2025/04/17/[$LATEST]7dbba559d87443e3b4be7e63c997c0fe",
        "timestamp": 1744925631859,
        "message": "FILE_TRANSFER RequestId: 93abceb2-c323-4dc3-b2d2-bd6197ff398a\t TransferType: produced\t Action: upload_to_s3\t FileName: tree_ORTHOMCL508.nexus\t Bucket: denethor\t FilePath: tree/tree_ORTHOMCL508.nexus\t LocalFilePath: /tmp/tree/tree_ORTHOMCL508.nexus\t FileSize: 465 bytes\t TransferDuration: 82.56956400009585 ms\n",
        "ingestionTime": 1744925634303,
        "eventId": "38913141906472607985714706447135215260074095214105198648"
    },
    {
        "logStreamName": "2025/04/17/[$LATEST]7dbba559d87443e3b4be7e63c997c0fe",
        "timestamp": 1744925631859,
        "message": "PRODUCED_FILES_INFO RequestId: 93abceb2-c323-4dc3-b2d2-bd6197ff398a\t FilesCount: 1 files\t FilesSize: 465 bytes\t TransferDuration: 82.56956400009585 ms\t Provider: aws_lambda\t  ProducedFiles: ['tree_ORTHOMCL508.nexus']\n",
        "ingestionTime": 1744925634303,
        "eventId": "38913141906472607985714706447135215260074095214105198649"
    },
    {
        "logStreamName": "2025/04/17/[$LATEST]7dbba559d87443e3b4be7e63c997c0fe",
        "timestamp": 1744925631876,
        "message": "END RequestId: 93abceb2-c323-4dc3-b2d2-bd6197ff398a\n",
        "ingestionTime": 1744925634303,
        "eventId": "38913141906851720654089727040541322470709117359706865722"
    },
    {
        "logStreamName": "2025/04/17/[$LATEST]7dbba559d87443e3b4be7e63c997c0fe",
        "timestamp": 1744925631876,
        "message": "REPORT RequestId: 93abceb2-c323-4dc3-b2d2-bd6197ff398a\tDuration: 1703.57 ms\tBilled Duration: 1704 ms\tMemory Size: 128 MB\tMax Memory Used: 111 MB\t\n",
        "ingestionTime": 1744925634303,
        "eventId": "38913141906851720654089727040541322470709117359706865723"
    }
]