[
    {
        "logStreamName": "2025/04/18/[$LATEST]0ecf44b7be104ce19bdde9f4db21db78",
        "timestamp": 1744964904760,
        "message": "INIT_START Runtime Version: python:3.10.v64\tRuntime Version ARN: arn:aws:lambda:sa-east-1::runtime:d56bdc8857b2109a058de2ab50bfb80ac2aa600be6f7855a436859944e5fe54b\n",
        "ingestionTime": 1744964906442,
        "eventId": "38914017721431016104222859765489523023741625040786817024"
    },
    {
        "logStreamName": "2025/04/18/[$LATEST]0ecf44b7be104ce19bdde9f4db21db78",
        "timestamp": 1744964905518,
        "message": "START RequestId: 17ce9f1d-194c-46fc-b232-0ce0d8b18df4 Version: $LATEST\n",
        "ingestionTime": 1744964906442,
        "eventId": "38914017738334980964709072106773597474409083062319972353"
    },
    {
        "logStreamName": "2025/04/18/[$LATEST]0ecf44b7be104ce19bdde9f4db21db78",
        "timestamp": 1744964905520,
        "message": "Directory /tmp/mafdb was created!\n",
        "ingestionTime": 1744964906442,
        "eventId": "38914017738379582455106133353056668910954379785331933186"
    },
    {
        "logStreamName": "2025/04/18/[$LATEST]0ecf44b7be104ce19bdde9f4db21db78",
        "timestamp": 1744964905613,
        "message": "FILE_TRANSFER RequestId: 17ce9f1d-194c-46fc-b232-0ce0d8b18df4\t TransferType: consumed\t Action: download_from_s3\t FileName: mafdb_6f7a2b1116e6a791f68a03367473294792b679a6357b6789f3f993b1f83e2e80.json\t Bucket: denethor\t FilePath: mafdb/mafdb_6f7a2b1116e6a791f68a03367473294792b679a6357b6789f3f993b1f83e2e80.json\t LocalFilePath: /tmp/mafdb/mafdb_6f7a2b1116e6a791f68a03367473294792b679a6357b6789f3f993b1f83e2e80.json\t FileSize: 185 bytes\t TransferDuration: 92.80237399980251 ms\n",
        "ingestionTime": 1744964906442,
        "eventId": "38914017740453551758569481305219490710310677405388111875"
    },
    {
        "logStreamName": "2025/04/18/[$LATEST]0ecf44b7be104ce19bdde9f4db21db78",
        "timestamp": 1744964905660,
        "message": "FILE_TRANSFER RequestId: 17ce9f1d-194c-46fc-b232-0ce0d8b18df4\t TransferType: consumed\t Action: download_from_s3\t FileName: mafdb_54d8ddd695de385cbe16742ebc6fdcb479cd2b8e3c0cd457826222c83fe6bb7c.json\t Bucket: denethor\t FilePath: mafdb/mafdb_54d8ddd695de385cbe16742ebc6fdcb479cd2b8e3c0cd457826222c83fe6bb7c.json\t LocalFilePath: /tmp/mafdb/mafdb_54d8ddd695de385cbe16742ebc6fdcb479cd2b8e3c0cd457826222c83fe6bb7c.json\t FileSize: 5180 bytes\t TransferDuration: 47.197858000117776 ms\n",
        "ingestionTime": 1744964906442,
        "eventId": "38914017741501686782900420592871669469125150396169191428"
    },
    {
        "logStreamName": "2025/04/18/[$LATEST]0ecf44b7be104ce19bdde9f4db21db78",
        "timestamp": 1744964905770,
        "message": "FILE_TRANSFER RequestId: 17ce9f1d-194c-46fc-b232-0ce0d8b18df4\t TransferType: consumed\t Action: download_from_s3\t FileName: mafdb_1f6ccfc97b000b314f6a6c7e2582a4263b17ffc061fef38bd3c9a63fa631759f.json\t Bucket: denethor\t FilePath: mafdb/mafdb_1f6ccfc97b000b314f6a6c7e2582a4263b17ffc061fef38bd3c9a63fa631759f.json\t LocalFilePath: /tmp/mafdb/mafdb_1f6ccfc97b000b314f6a6c7e2582a4263b17ffc061fef38bd3c9a63fa631759f.json\t FileSize: 5134 bytes\t TransferDuration: 109.11496100015938 ms\n",
        "ingestionTime": 1744964906442,
        "eventId": "38914017743954768754738789138440598479116470161827037189"
    },
    {
        "logStreamName": "2025/04/18/[$LATEST]0ecf44b7be104ce19bdde9f4db21db78",
        "timestamp": 1744964905810,
        "message": "FILE_TRANSFER RequestId: 17ce9f1d-194c-46fc-b232-0ce0d8b18df4\t TransferType: consumed\t Action: download_from_s3\t FileName: mafdb_bd5d862db8f1d6b261aaeb3b8ecb83d67004ffb7524cb75c5f1f8454224f7c91.json\t Bucket: denethor\t FilePath: mafdb/mafdb_bd5d862db8f1d6b261aaeb3b8ecb83d67004ffb7524cb75c5f1f8454224f7c91.json\t LocalFilePath: /tmp/mafdb/mafdb_bd5d862db8f1d6b261aaeb3b8ecb83d67004ffb7524cb75c5f1f8454224f7c91.json\t FileSize: 355 bytes\t TransferDuration: 39.951356000074156 ms\n",
        "ingestionTime": 1744964906442,
        "eventId": "38914017744846798562680014064102027210022404622066253830"
    },
    {
        "logStreamName": "2025/04/18/[$LATEST]0ecf44b7be104ce19bdde9f4db21db78",
        "timestamp": 1744964905855,
        "message": "FILE_TRANSFER RequestId: 17ce9f1d-194c-46fc-b232-0ce0d8b18df4\t TransferType: consumed\t Action: download_from_s3\t FileName: mafdb_861b6fcf310a5a4a01036477cd0e28e972c4aa89be1fcccfc0eab6cd45e9fd74.json\t Bucket: denethor\t FilePath: mafdb/mafdb_861b6fcf310a5a4a01036477cd0e28e972c4aa89be1fcccfc0eab6cd45e9fd74.json\t LocalFilePath: /tmp/mafdb/mafdb_861b6fcf310a5a4a01036477cd0e28e972c4aa89be1fcccfc0eab6cd45e9fd74.json\t FileSize: 355 bytes\t TransferDuration: 45.32700799995837 ms\n",
        "ingestionTime": 1744964906442,
        "eventId": "38914017745850332096613892105471134532291580889835372551"
    },
    {
        "logStreamName": "2025/04/18/[$LATEST]0ecf44b7be104ce19bdde9f4db21db78",
        "timestamp": 1744964905976,
        "message": "FILE_TRANSFER RequestId: 17ce9f1d-194c-46fc-b232-0ce0d8b18df4\t TransferType: consumed\t Action: download_from_s3\t FileName: mafdb_7d398773bfc3e4435be56d8711457fd7fc190e97e32d7ec51a8a702e16118c4d.json\t Bucket: denethor\t FilePath: mafdb/mafdb_7d398773bfc3e4435be56d8711457fd7fc190e97e32d7ec51a8a702e16118c4d.json\t LocalFilePath: /tmp/mafdb/mafdb_7d398773bfc3e4435be56d8711457fd7fc190e97e32d7ec51a8a702e16118c4d.json\t FileSize: 355 bytes\t TransferDuration: 120.84631499988063 ms\n",
        "ingestionTime": 1744964906442,
        "eventId": "38914017748548722265636097505596956443282032632059002888"
    },
    {
        "logStreamName": "2025/04/18/[$LATEST]0ecf44b7be104ce19bdde9f4db21db78",
        "timestamp": 1744964906095,
        "message": "FILE_TRANSFER RequestId: 17ce9f1d-194c-46fc-b232-0ce0d8b18df4\t TransferType: consumed\t Action: download_from_s3\t FileName: mafdb_c451a256436a5fc45a562eaf2fead8dd42917b32894e636d2b705f5405224a88.json\t Bucket: denethor\t FilePath: mafdb/mafdb_c451a256436a5fc45a562eaf2fead8dd42917b32894e636d2b705f5405224a88.json\t LocalFilePath: /tmp/mafdb/mafdb_c451a256436a5fc45a562eaf2fead8dd42917b32894e636d2b705f5405224a88.json\t FileSize: 355 bytes\t TransferDuration: 119.27426500005822 ms\n",
        "ingestionTime": 1744964906442,
        "eventId": "38914017751202510944261241659439706917727187651270672393"
    },
    {
        "logStreamName": "2025/04/18/[$LATEST]0ecf44b7be104ce19bdde9f4db21db78",
        "timestamp": 1744964906159,
        "message": "FILE_TRANSFER RequestId: 17ce9f1d-194c-46fc-b232-0ce0d8b18df4\t TransferType: consumed\t Action: download_from_s3\t FileName: mafdb_7511017a4e93687a5be47b55aa4c08eff48c283a8153f5e070747057ad693f80.json\t Bucket: denethor\t FilePath: mafdb/mafdb_7511017a4e93687a5be47b55aa4c08eff48c283a8153f5e070747057ad693f80.json\t LocalFilePath: /tmp/mafdb/mafdb_7511017a4e93687a5be47b55aa4c08eff48c283a8153f5e070747057ad693f80.json\t FileSize: 314 bytes\t TransferDuration: 63.33414400000947 ms\n",
        "ingestionTime": 1744964906442,
        "eventId": "38914017752629758636967201540497992887176682787653419018"
    },
    {
        "logStreamName": "2025/04/18/[$LATEST]0ecf44b7be104ce19bdde9f4db21db78",
        "timestamp": 1744964906208,
        "message": "FILE_TRANSFER RequestId: 17ce9f1d-194c-46fc-b232-0ce0d8b18df4\t TransferType: consumed\t Action: download_from_s3\t FileName: mafdb_3891ae3bc299950ca7a78c4d495828659f2cb320e0641ad8c6bfc4ced2d8e2b0.json\t Bucket: denethor\t FilePath: mafdb/mafdb_3891ae3bc299950ca7a78c4d495828659f2cb320e0641ad8c6bfc4ced2d8e2b0.json\t LocalFilePath: /tmp/mafdb/mafdb_3891ae3bc299950ca7a78c4d495828659f2cb320e0641ad8c6bfc4ced2d8e2b0.json\t FileSize: 355 bytes\t TransferDuration: 48.9536490001683 ms\n",
        "ingestionTime": 1744964906442,
        "eventId": "38914017753722495151695202074433243082536452501446459403"
    },
    {
        "logStreamName": "2025/04/18/[$LATEST]0ecf44b7be104ce19bdde9f4db21db78",
        "timestamp": 1744964906259,
        "message": "FILE_TRANSFER RequestId: 17ce9f1d-194c-46fc-b232-0ce0d8b18df4\t TransferType: consumed\t Action: download_from_s3\t FileName: mafdb_58aa863a1439bf886daca0713239dba1882676aea5266e0af5bebad97529db92.json\t Bucket: denethor\t FilePath: mafdb/mafdb_58aa863a1439bf886daca0713239dba1882676aea5266e0af5bebad97529db92.json\t LocalFilePath: /tmp/mafdb/mafdb_58aa863a1439bf886daca0713239dba1882676aea5266e0af5bebad97529db92.json\t FileSize: 314 bytes\t TransferDuration: 50.91379999998935 ms\n",
        "ingestionTime": 1744964906442,
        "eventId": "38914017754859833156820263854651564714441518938251460620"
    },
    {
        "logStreamName": "2025/04/18/[$LATEST]0ecf44b7be104ce19bdde9f4db21db78",
        "timestamp": 1744964906302,
        "message": "FILE_TRANSFER RequestId: 17ce9f1d-194c-46fc-b232-0ce0d8b18df4\t TransferType: consumed\t Action: download_from_s3\t FileName: mafdb_c1f206b6efa75e1df509578ad4d9fb9ea330d34e7283ccf9d6ad80fdedf66b9a.json\t Bucket: denethor\t FilePath: mafdb/mafdb_c1f206b6efa75e1df509578ad4d9fb9ea330d34e7283ccf9d6ad80fdedf66b9a.json\t LocalFilePath: /tmp/mafdb/mafdb_c1f206b6efa75e1df509578ad4d9fb9ea330d34e7283ccf9d6ad80fdedf66b9a.json\t FileSize: 314 bytes\t TransferDuration: 43.28906599994298 ms\n",
        "ingestionTime": 1744964906442,
        "eventId": "38914017755818765200357080649737600600165398483008618509"
    },
    {
        "logStreamName": "2025/04/18/[$LATEST]0ecf44b7be104ce19bdde9f4db21db78",
        "timestamp": 1744964906345,
        "message": "FILE_TRANSFER RequestId: 17ce9f1d-194c-46fc-b232-0ce0d8b18df4\t TransferType: consumed\t Action: download_from_s3\t FileName: mafdb_c3c2025f352d34b4b79a48619176577388b06f30619772ddea31df49ee988aff.json\t Bucket: denethor\t FilePath: mafdb/mafdb_c3c2025f352d34b4b79a48619176577388b06f30619772ddea31df49ee988aff.json\t LocalFilePath: /tmp/mafdb/mafdb_c3c2025f352d34b4b79a48619176577388b06f30619772ddea31df49ee988aff.json\t FileSize: 314 bytes\t TransferDuration: 42.72039600004973 ms\n",
        "ingestionTime": 1744964906442,
        "eventId": "38914017756777697243893897444823636485889278027765776398"
    },
    {
        "logStreamName": "2025/04/18/[$LATEST]0ecf44b7be104ce19bdde9f4db21db78",
        "timestamp": 1744964906404,
        "message": "FILE_TRANSFER RequestId: 17ce9f1d-194c-46fc-b232-0ce0d8b18df4\t TransferType: consumed\t Action: download_from_s3\t FileName: mafdb_c5b5a3a4bd54a110140df77527325958d257fc9b669bca89b332593540c1dc20.json\t Bucket: denethor\t FilePath: mafdb/mafdb_c5b5a3a4bd54a110140df77527325958d257fc9b669bca89b332593540c1dc20.json\t LocalFilePath: /tmp/mafdb/mafdb_c5b5a3a4bd54a110140df77527325958d257fc9b669bca89b332593540c1dc20.json\t FileSize: 273 bytes\t TransferDuration: 59.02890299989849 ms\n",
        "ingestionTime": 1744964915424,
        "eventId": "38914017758093441210607204221032608683152211848375042048"
    },
    {
        "logStreamName": "2025/04/18/[$LATEST]0ecf44b7be104ce19bdde9f4db21db78",
        "timestamp": 1744964906461,
        "message": "FILE_TRANSFER RequestId: 17ce9f1d-194c-46fc-b232-0ce0d8b18df4\t TransferType: consumed\t Action: download_from_s3\t FileName: mafdb_51e18dc31f0c330513b45085a52c5ecd1e4a0a9130d2805a71368f1cbe17f65e.json\t Bucket: denethor\t FilePath: mafdb/mafdb_51e18dc31f0c330513b45085a52c5ecd1e4a0a9130d2805a71368f1cbe17f65e.json\t LocalFilePath: /tmp/mafdb/mafdb_51e18dc31f0c330513b45085a52c5ecd1e4a0a9130d2805a71368f1cbe17f65e.json\t FileSize: 314 bytes\t TransferDuration: 57.251111000141464 ms\n",
        "ingestionTime": 1744964915424,
        "eventId": "38914017759364583686923449740100144624693168454215925761"
    },
    {
        "logStreamName": "2025/04/18/[$LATEST]0ecf44b7be104ce19bdde9f4db21db78",
        "timestamp": 1744964906563,
        "message": "FILE_TRANSFER RequestId: 17ce9f1d-194c-46fc-b232-0ce0d8b18df4\t TransferType: consumed\t Action: download_from_s3\t FileName: mafdb_95cfb922ebd546f21edcc627a60ea2a6235550bbba3696739fcaca409f1a0232.json\t Bucket: denethor\t FilePath: mafdb/mafdb_95cfb922ebd546f21edcc627a60ea2a6235550bbba3696739fcaca409f1a0232.json\t LocalFilePath: /tmp/mafdb/mafdb_95cfb922ebd546f21edcc627a60ea2a6235550bbba3696739fcaca409f1a0232.json\t FileSize: 273 bytes\t TransferDuration: 101.47677800000565 ms\n",
        "ingestionTime": 1744964915424,
        "eventId": "38914017761639259697173573300536787888503301327825928194"
    },
    {
        "logStreamName": "2025/04/18/[$LATEST]0ecf44b7be104ce19bdde9f4db21db78",
        "timestamp": 1744964906663,
        "message": "FILE_TRANSFER RequestId: 17ce9f1d-194c-46fc-b232-0ce0d8b18df4\t TransferType: consumed\t Action: download_from_s3\t FileName: mafdb_783d326a98c97c227099cd46e1eb2739e8954c844e628390759f21e7b4e19db0.json\t Bucket: denethor\t FilePath: mafdb/mafdb_783d326a98c97c227099cd46e1eb2739e8954c844e628390759f21e7b4e19db0.json\t LocalFilePath: /tmp/mafdb/mafdb_783d326a98c97c227099cd46e1eb2739e8954c844e628390759f21e7b4e19db0.json\t FileSize: 273 bytes\t TransferDuration: 100.7725389999905 ms\n",
        "ingestionTime": 1744964915424,
        "eventId": "38914017763869334217026635614690359715768137478423969795"
    },
    {
        "logStreamName": "2025/04/18/[$LATEST]0ecf44b7be104ce19bdde9f4db21db78",
        "timestamp": 1744964906728,
        "message": "FILE_TRANSFER RequestId: 17ce9f1d-194c-46fc-b232-0ce0d8b18df4\t TransferType: consumed\t Action: download_from_s3\t FileName: mafdb_e7fcb374868f23c5b66908ff13d437f525bdef064d3f7604b08f9b68087e91c4.json\t Bucket: denethor\t FilePath: mafdb/mafdb_e7fcb374868f23c5b66908ff13d437f525bdef064d3f7604b08f9b68087e91c4.json\t LocalFilePath: /tmp/mafdb/mafdb_e7fcb374868f23c5b66908ff13d437f525bdef064d3f7604b08f9b68087e91c4.json\t FileSize: 273 bytes\t TransferDuration: 64.76377499984665 ms\n",
        "ingestionTime": 1744964915424,
        "eventId": "38914017765318882654931126118890181403490280976312696836"
    },
    {
        "logStreamName": "2025/04/18/[$LATEST]0ecf44b7be104ce19bdde9f4db21db78",
        "timestamp": 1744964906781,
        "message": "FILE_TRANSFER RequestId: 17ce9f1d-194c-46fc-b232-0ce0d8b18df4\t TransferType: consumed\t Action: download_from_s3\t FileName: mafdb_bdf7b87e05be228017da27afd5fd158ebe4fcf138008526635b8bcdbe380f328.json\t Bucket: denethor\t FilePath: mafdb/mafdb_bdf7b87e05be228017da27afd5fd158ebe4fcf138008526635b8bcdbe380f328.json\t LocalFilePath: /tmp/mafdb/mafdb_bdf7b87e05be228017da27afd5fd158ebe4fcf138008526635b8bcdbe380f328.json\t FileSize: 273 bytes\t TransferDuration: 52.241149000110454 ms\n",
        "ingestionTime": 1744964915424,
        "eventId": "38914017766500822150453249145391574471940644136129658885"
    },
    {
        "logStreamName": "2025/04/18/[$LATEST]0ecf44b7be104ce19bdde9f4db21db78",
        "timestamp": 1744964906885,
        "message": "FILE_TRANSFER RequestId: 17ce9f1d-194c-46fc-b232-0ce0d8b18df4\t TransferType: consumed\t Action: download_from_s3\t FileName: mafdb_1d419943bc17a86fe648d8caad874862360b7c73c08c99b7c26040bc9939b002.json\t Bucket: denethor\t FilePath: mafdb/mafdb_1d419943bc17a86fe648d8caad874862360b7c73c08c99b7c26040bc9939b002.json\t LocalFilePath: /tmp/mafdb/mafdb_1d419943bc17a86fe648d8caad874862360b7c73c08c99b7c26040bc9939b002.json\t FileSize: 273 bytes\t TransferDuration: 104.57085000007282 ms\n",
        "ingestionTime": 1744964915424,
        "eventId": "38914017768820099651100433952111289172296073732751622150"
    },
    {
        "logStreamName": "2025/04/18/[$LATEST]0ecf44b7be104ce19bdde9f4db21db78",
        "timestamp": 1744964907009,
        "message": "FILE_TRANSFER RequestId: 17ce9f1d-194c-46fc-b232-0ce0d8b18df4\t TransferType: consumed\t Action: download_from_s3\t FileName: mafdb_31199a0a134043b94c15114abad10433bfa58c2f87e3106720f88bf29e76f1ae.json\t Bucket: denethor\t FilePath: mafdb/mafdb_31199a0a134043b94c15114abad10433bfa58c2f87e3106720f88bf29e76f1ae.json\t LocalFilePath: /tmp/mafdb/mafdb_31199a0a134043b94c15114abad10433bfa58c2f87e3106720f88bf29e76f1ae.json\t FileSize: 273 bytes\t TransferDuration: 123.95922700011397 ms\n",
        "ingestionTime": 1744964915424,
        "eventId": "38914017771585392055718231221661718238104470559493193735"
    },
    {
        "logStreamName": "2025/04/18/[$LATEST]0ecf44b7be104ce19bdde9f4db21db78",
        "timestamp": 1744964907050,
        "message": "FILE_TRANSFER RequestId: 17ce9f1d-194c-46fc-b232-0ce0d8b18df4\t TransferType: consumed\t Action: download_from_s3\t FileName: mafdb_c2a1e960932a069de5927d1067dde414f501136aba941befca2a4654e72bb08a.json\t Bucket: denethor\t FilePath: mafdb/mafdb_c2a1e960932a069de5927d1067dde414f501136aba941befca2a4654e72bb08a.json\t LocalFilePath: /tmp/mafdb/mafdb_c2a1e960932a069de5927d1067dde414f501136aba941befca2a4654e72bb08a.json\t FileSize: 273 bytes\t TransferDuration: 40.63642599999184 ms\n",
        "ingestionTime": 1744964915424,
        "eventId": "38914017772499722608857986770464682687283053381238390792"
    },
    {
        "logStreamName": "2025/04/18/[$LATEST]0ecf44b7be104ce19bdde9f4db21db78",
        "timestamp": 1744964907103,
        "message": "FILE_TRANSFER RequestId: 17ce9f1d-194c-46fc-b232-0ce0d8b18df4\t TransferType: consumed\t Action: download_from_s3\t FileName: mafdb_49ad0997fa75ff9233f44bffe4f6033aaaf8676ed8f4cbac92057d25395497e6.json\t Bucket: denethor\t FilePath: mafdb/mafdb_49ad0997fa75ff9233f44bffe4f6033aaaf8676ed8f4cbac92057d25395497e6.json\t LocalFilePath: /tmp/mafdb/mafdb_49ad0997fa75ff9233f44bffe4f6033aaaf8676ed8f4cbac92057d25395497e6.json\t FileSize: 273 bytes\t TransferDuration: 53.08188000003611 ms\n",
        "ingestionTime": 1744964915424,
        "eventId": "38914017773681662104380109796966075755733416541055352841"
    },
    {
        "logStreamName": "2025/04/18/[$LATEST]0ecf44b7be104ce19bdde9f4db21db78",
        "timestamp": 1744964907140,
        "message": "FILE_TRANSFER RequestId: 17ce9f1d-194c-46fc-b232-0ce0d8b18df4\t TransferType: consumed\t Action: download_from_s3\t FileName: mafdb_406ececbafe0a937f2a967e4dae5f862923efb2e1397870f6cc1ba8e050e1da7.json\t Bucket: denethor\t FilePath: mafdb/mafdb_406ececbafe0a937f2a967e4dae5f862923efb2e1397870f6cc1ba8e050e1da7.json\t LocalFilePath: /tmp/mafdb/mafdb_406ececbafe0a937f2a967e4dae5f862923efb2e1397870f6cc1ba8e050e1da7.json\t FileSize: 273 bytes\t TransferDuration: 37.0072739999614 ms\n",
        "ingestionTime": 1744964915424,
        "eventId": "38914017774506789676725742853202897331821405916776628234"
    },
    {
        "logStreamName": "2025/04/18/[$LATEST]0ecf44b7be104ce19bdde9f4db21db78",
        "timestamp": 1744964907188,
        "message": "FILE_TRANSFER RequestId: 17ce9f1d-194c-46fc-b232-0ce0d8b18df4\t TransferType: consumed\t Action: download_from_s3\t FileName: mafdb_e7f2f9266538f691bae81aa42aeb881fcfc1833e62d05d9141e808a0cb0095fa.json\t Bucket: denethor\t FilePath: mafdb/mafdb_e7f2f9266538f691bae81aa42aeb881fcfc1833e62d05d9141e808a0cb0095fa.json\t LocalFilePath: /tmp/mafdb/mafdb_e7f2f9266538f691bae81aa42aeb881fcfc1833e62d05d9141e808a0cb0095fa.json\t FileSize: 273 bytes\t TransferDuration: 48.278158000130134 ms\n",
        "ingestionTime": 1744964915424,
        "eventId": "38914017775577225446255212763996611808908527269063688203"
    },
    {
        "logStreamName": "2025/04/18/[$LATEST]0ecf44b7be104ce19bdde9f4db21db78",
        "timestamp": 1744964907235,
        "message": "FILE_TRANSFER RequestId: 17ce9f1d-194c-46fc-b232-0ce0d8b18df4\t TransferType: consumed\t Action: download_from_s3\t FileName: mafdb_e883ff130a9d34d26c58c15a735e96baab78aacec64abad0788f83f54423b943.json\t Bucket: denethor\t FilePath: mafdb/mafdb_e883ff130a9d34d26c58c15a735e96baab78aacec64abad0788f83f54423b943.json\t LocalFilePath: /tmp/mafdb/mafdb_e883ff130a9d34d26c58c15a735e96baab78aacec64abad0788f83f54423b943.json\t FileSize: 273 bytes\t TransferDuration: 46.206917000063186 ms\n",
        "ingestionTime": 1744964915424,
        "eventId": "38914017776625360470586152051648790567723000259844767756"
    },
    {
        "logStreamName": "2025/04/18/[$LATEST]0ecf44b7be104ce19bdde9f4db21db78",
        "timestamp": 1744964907291,
        "message": "FILE_TRANSFER RequestId: 17ce9f1d-194c-46fc-b232-0ce0d8b18df4\t TransferType: consumed\t Action: download_from_s3\t FileName: mafdb_d215ba5497d3d3be2e105b2328e50bdccf602b7e0745016c80fa6f9913e5432f.json\t Bucket: denethor\t FilePath: mafdb/mafdb_d215ba5497d3d3be2e105b2328e50bdccf602b7e0745016c80fa6f9913e5432f.json\t LocalFilePath: /tmp/mafdb/mafdb_d215ba5497d3d3be2e105b2328e50bdccf602b7e0745016c80fa6f9913e5432f.json\t FileSize: 273 bytes\t TransferDuration: 56.63266100009423 ms\n",
        "ingestionTime": 1744964915424,
        "eventId": "38914017777874202201703866947574790790991308504179671053"
    },
    {
        "logStreamName": "2025/04/18/[$LATEST]0ecf44b7be104ce19bdde9f4db21db78",
        "timestamp": 1744964907407,
        "message": "FILE_TRANSFER RequestId: 17ce9f1d-194c-46fc-b232-0ce0d8b18df4\t TransferType: consumed\t Action: download_from_s3\t FileName: mafdb_f871e6272680ce0853ce488fc481f480aa4e243fa14dd104803b05fb209cf094.json\t Bucket: denethor\t FilePath: mafdb/mafdb_f871e6272680ce0853ce488fc481f480aa4e243fa14dd104803b05fb209cf094.json\t LocalFilePath: /tmp/mafdb/mafdb_f871e6272680ce0853ce488fc481f480aa4e243fa14dd104803b05fb209cf094.json\t FileSize: 273 bytes\t TransferDuration: 115.740993999907 ms\n",
        "ingestionTime": 1744964915424,
        "eventId": "38914017780461088644733419231992934110618518438873399310"
    },
    {
        "logStreamName": "2025/04/18/[$LATEST]0ecf44b7be104ce19bdde9f4db21db78",
        "timestamp": 1744964907464,
        "message": "FILE_TRANSFER RequestId: 17ce9f1d-194c-46fc-b232-0ce0d8b18df4\t TransferType: consumed\t Action: download_from_s3\t FileName: mafdb_2ff7bb92e85df3f56dc7f35d3ca7b2bd150b675386145658d2fca63a9e2a3805.json\t Bucket: denethor\t FilePath: mafdb/mafdb_2ff7bb92e85df3f56dc7f35d3ca7b2bd150b675386145658d2fca63a9e2a3805.json\t LocalFilePath: /tmp/mafdb/mafdb_2ff7bb92e85df3f56dc7f35d3ca7b2bd150b675386145658d2fca63a9e2a3805.json\t FileSize: 273 bytes\t TransferDuration: 56.501160999914646 ms\n",
        "ingestionTime": 1744964915424,
        "eventId": "38914017781732231121049664751060470052159475044714283023"
    },
    {
        "logStreamName": "2025/04/18/[$LATEST]0ecf44b7be104ce19bdde9f4db21db78",
        "timestamp": 1744964907515,
        "message": "FILE_TRANSFER RequestId: 17ce9f1d-194c-46fc-b232-0ce0d8b18df4\t TransferType: consumed\t Action: download_from_s3\t FileName: mafdb_47fb2615fc585137c90363d35106c9022fdcc722571f7ed6d93a0e213c75c760.json\t Bucket: denethor\t FilePath: mafdb/mafdb_47fb2615fc585137c90363d35106c9022fdcc722571f7ed6d93a0e213c75c760.json\t LocalFilePath: /tmp/mafdb/mafdb_47fb2615fc585137c90363d35106c9022fdcc722571f7ed6d93a0e213c75c760.json\t FileSize: 273 bytes\t TransferDuration: 51.46059900016553 ms\n",
        "ingestionTime": 1744964915424,
        "eventId": "38914017782869569126174726531278791684064541481519284240"
    },
    {
        "logStreamName": "2025/04/18/[$LATEST]0ecf44b7be104ce19bdde9f4db21db78",
        "timestamp": 1744964907638,
        "message": "FILE_TRANSFER RequestId: 17ce9f1d-194c-46fc-b232-0ce0d8b18df4\t TransferType: consumed\t Action: download_from_s3\t FileName: mafdb_68e664a9a27eba1488202e5ea16bb79aee50d9c2456068b25a29d7ca46c1450f.json\t Bucket: denethor\t FilePath: mafdb/mafdb_68e664a9a27eba1488202e5ea16bb79aee50d9c2456068b25a29d7ca46c1450f.json\t LocalFilePath: /tmp/mafdb/mafdb_68e664a9a27eba1488202e5ea16bb79aee50d9c2456068b25a29d7ca46c1450f.json\t FileSize: 273 bytes\t TransferDuration: 122.48723700008668 ms\n",
        "ingestionTime": 1744964915424,
        "eventId": "38914017785612560785593993177687685031600289946754875409"
    },
    {
        "logStreamName": "2025/04/18/[$LATEST]0ecf44b7be104ce19bdde9f4db21db78",
        "timestamp": 1744964907708,
        "message": "FILE_TRANSFER RequestId: 17ce9f1d-194c-46fc-b232-0ce0d8b18df4\t TransferType: consumed\t Action: download_from_s3\t FileName: mafdb_f6c9786df6a492206e55eb3d3911d34dbd753bfef23be22d8635d72135a7fbc7.json\t Bucket: denethor\t FilePath: mafdb/mafdb_f6c9786df6a492206e55eb3d3911d34dbd753bfef23be22d8635d72135a7fbc7.json\t LocalFilePath: /tmp/mafdb/mafdb_f6c9786df6a492206e55eb3d3911d34dbd753bfef23be22d8635d72135a7fbc7.json\t FileSize: 273 bytes\t TransferDuration: 69.65661599997475 ms\n",
        "ingestionTime": 1744964915424,
        "eventId": "38914017787173612949491136797595185310685675252173504530"
    },
    {
        "logStreamName": "2025/04/18/[$LATEST]0ecf44b7be104ce19bdde9f4db21db78",
        "timestamp": 1744964907770,
        "message": "FILE_TRANSFER RequestId: 17ce9f1d-194c-46fc-b232-0ce0d8b18df4\t TransferType: consumed\t Action: download_from_s3\t FileName: mafdb_87129d44586b87142d9940a8b1bdbebcfa7b0454f32076964711670e9940a5bc.json\t Bucket: denethor\t FilePath: mafdb/mafdb_87129d44586b87142d9940a8b1bdbebcfa7b0454f32076964711670e9940a5bc.json\t LocalFilePath: /tmp/mafdb/mafdb_87129d44586b87142d9940a8b1bdbebcfa7b0454f32076964711670e9940a5bc.json\t FileSize: 273 bytes\t TransferDuration: 62.05953300013789 ms\n",
        "ingestionTime": 1744964915424,
        "eventId": "38914017788556259151800035432370399843589873665544290323"
    },
    {
        "logStreamName": "2025/04/18/[$LATEST]0ecf44b7be104ce19bdde9f4db21db78",
        "timestamp": 1744964907812,
        "message": "FILE_TRANSFER RequestId: 17ce9f1d-194c-46fc-b232-0ce0d8b18df4\t TransferType: consumed\t Action: download_from_s3\t FileName: mafdb_ffac685782ba2ceabfc02088f70f3473d570818cc3d9c58c8979a425bc171247.json\t Bucket: denethor\t FilePath: mafdb/mafdb_ffac685782ba2ceabfc02088f70f3473d570818cc3d9c58c8979a425bc171247.json\t LocalFilePath: /tmp/mafdb/mafdb_ffac685782ba2ceabfc02088f70f3473d570818cc3d9c58c8979a425bc171247.json\t FileSize: 273 bytes\t TransferDuration: 42.408895999869856 ms\n",
        "ingestionTime": 1744964915424,
        "eventId": "38914017789492890450138321604314900011041104848795467796"
    },
    {
        "logStreamName": "2025/04/18/[$LATEST]0ecf44b7be104ce19bdde9f4db21db78",
        "timestamp": 1744964907934,
        "message": "FILE_TRANSFER RequestId: 17ce9f1d-194c-46fc-b232-0ce0d8b18df4\t TransferType: consumed\t Action: download_from_s3\t FileName: mafdb_42b7a1940d80c9e5d1a1eb427219fad89ed0198775d719cc0f6171541419e487.json\t Bucket: denethor\t FilePath: mafdb/mafdb_42b7a1940d80c9e5d1a1eb427219fad89ed0198775d719cc0f6171541419e487.json\t LocalFilePath: /tmp/mafdb/mafdb_42b7a1940d80c9e5d1a1eb427219fad89ed0198775d719cc0f6171541419e487.json\t FileSize: 273 bytes\t TransferDuration: 121.77481599997009 ms\n",
        "ingestionTime": 1744964915424,
        "eventId": "38914017792213581364359057627582257640304204952525078549"
    },
    {
        "logStreamName": "2025/04/18/[$LATEST]0ecf44b7be104ce19bdde9f4db21db78",
        "timestamp": 1744964907983,
        "message": "FILE_TRANSFER RequestId: 17ce9f1d-194c-46fc-b232-0ce0d8b18df4\t TransferType: consumed\t Action: download_from_s3\t FileName: mafdb_d7e79060050e13568977fc2c739b9eddf447a0cefe974cf809a00c1179f02def.json\t Bucket: denethor\t FilePath: mafdb/mafdb_d7e79060050e13568977fc2c739b9eddf447a0cefe974cf809a00c1179f02def.json\t LocalFilePath: /tmp/mafdb/mafdb_d7e79060050e13568977fc2c739b9eddf447a0cefe974cf809a00c1179f02def.json\t FileSize: 273 bytes\t TransferDuration: 48.600347999808946 ms\n",
        "ingestionTime": 1744964915424,
        "eventId": "38914017793306317879087058161517507835663974666318118934"
    },
    {
        "logStreamName": "2025/04/18/[$LATEST]0ecf44b7be104ce19bdde9f4db21db78",
        "timestamp": 1744964908088,
        "message": "FILE_TRANSFER RequestId: 17ce9f1d-194c-46fc-b232-0ce0d8b18df4\t TransferType: consumed\t Action: download_from_s3\t FileName: mafdb_b61e3844996fd21e45a7d054f79694e53c5aede5327c90900ed7183119a56bfb.json\t Bucket: denethor\t FilePath: mafdb/mafdb_b61e3844996fd21e45a7d054f79694e53c5aede5327c90900ed7183119a56bfb.json\t LocalFilePath: /tmp/mafdb/mafdb_b61e3844996fd21e45a7d054f79694e53c5aede5327c90900ed7183119a56bfb.json\t FileSize: 273 bytes\t TransferDuration: 105.71952999998757 ms\n",
        "ingestionTime": 1744964915424,
        "eventId": "38914017795647896124932773591378758254292052624446062615"
    },
    {
        "logStreamName": "2025/04/18/[$LATEST]0ecf44b7be104ce19bdde9f4db21db78",
        "timestamp": 1744964908167,
        "message": "FILE_TRANSFER RequestId: 17ce9f1d-194c-46fc-b232-0ce0d8b18df4\t TransferType: consumed\t Action: download_from_s3\t FileName: mafdb_29c4ddd140d117364cadffd440f0642c27bbc2412f4567e0cb32891cc3ef36a1.json\t Bucket: denethor\t FilePath: mafdb/mafdb_29c4ddd140d117364cadffd440f0642c27bbc2412f4567e0cb32891cc3ef36a1.json\t LocalFilePath: /tmp/mafdb/mafdb_29c4ddd140d117364cadffd440f0642c27bbc2412f4567e0cb32891cc3ef36a1.json\t FileSize: 273 bytes\t TransferDuration: 78.70911899999555 ms\n",
        "ingestionTime": 1744964915424,
        "eventId": "38914017797409654995616692819560079997831273183418515480"
    },
    {
        "logStreamName": "2025/04/18/[$LATEST]0ecf44b7be104ce19bdde9f4db21db78",
        "timestamp": 1744964908223,
        "message": "FILE_TRANSFER RequestId: 17ce9f1d-194c-46fc-b232-0ce0d8b18df4\t TransferType: consumed\t Action: download_from_s3\t FileName: mafdb_4626fea2abf7ed35f5f28026640ab18610584687978217b1f40af22fe37f6572.json\t Bucket: denethor\t FilePath: mafdb/mafdb_4626fea2abf7ed35f5f28026640ab18610584687978217b1f40af22fe37f6572.json\t LocalFilePath: /tmp/mafdb/mafdb_4626fea2abf7ed35f5f28026640ab18610584687978217b1f40af22fe37f6572.json\t FileSize: 273 bytes\t TransferDuration: 55.94529200016041 ms\n",
        "ingestionTime": 1744964915424,
        "eventId": "38914017798658496726734407715486080221099581427753418777"
    },
    {
        "logStreamName": "2025/04/18/[$LATEST]0ecf44b7be104ce19bdde9f4db21db78",
        "timestamp": 1744964908272,
        "message": "FILE_TRANSFER RequestId: 17ce9f1d-194c-46fc-b232-0ce0d8b18df4\t TransferType: consumed\t Action: download_from_s3\t FileName: mafdb_445b1fba33e16cd436442a3a77bf395f50fd97b749d80a4ea1cdfce773bb0774.json\t Bucket: denethor\t FilePath: mafdb/mafdb_445b1fba33e16cd436442a3a77bf395f50fd97b749d80a4ea1cdfce773bb0774.json\t LocalFilePath: /tmp/mafdb/mafdb_445b1fba33e16cd436442a3a77bf395f50fd97b749d80a4ea1cdfce773bb0774.json\t FileSize: 273 bytes\t TransferDuration: 49.09458799988897 ms\n",
        "ingestionTime": 1744964915424,
        "eventId": "38914017799751233241462408249421330416459351141546459162"
    },
    {
        "logStreamName": "2025/04/18/[$LATEST]0ecf44b7be104ce19bdde9f4db21db78",
        "timestamp": 1744964908319,
        "message": "FILE_TRANSFER RequestId: 17ce9f1d-194c-46fc-b232-0ce0d8b18df4\t TransferType: consumed\t Action: download_from_s3\t FileName: mafdb_7aa0e0772e1c689c49550813d4d69f69cf00ce1c31ded8e93e9d062016b4ea81.json\t Bucket: denethor\t FilePath: mafdb/mafdb_7aa0e0772e1c689c49550813d4d69f69cf00ce1c31ded8e93e9d062016b4ea81.json\t LocalFilePath: /tmp/mafdb/mafdb_7aa0e0772e1c689c49550813d4d69f69cf00ce1c31ded8e93e9d062016b4ea81.json\t FileSize: 273 bytes\t TransferDuration: 47.01121800007968 ms\n",
        "ingestionTime": 1744964915424,
        "eventId": "38914017800799368265793347537073509175273824132327538715"
    },
    {
        "logStreamName": "2025/04/18/[$LATEST]0ecf44b7be104ce19bdde9f4db21db78",
        "timestamp": 1744964908320,
        "message": "CONSUMED_FILES_INFO RequestId: 17ce9f1d-194c-46fc-b232-0ce0d8b18df4\t FilesCount: 40 files\t FilesSize: 21215 bytes\t TransferDuration: 2796.8027870006154 ms\t ConsumedFiles: ['mafdb_6f7a2b1116e6a791f68a03367473294792b679a6357b6789f3f993b1f83e2e80.json', 'mafdb_54d8ddd695de385cbe16742ebc6fdcb479cd2b8e3c0cd457826222c83fe6bb7c.json', 'mafdb_1f6ccfc97b000b314f6a6c7e2582a4263b17ffc061fef38bd3c9a63fa631759f.json', 'mafdb_bd5d862db8f1d6b261aaeb3b8ecb83d67004ffb7524cb75c5f1f8454224f7c91.json', 'mafdb_861b6fcf310a5a4a01036477cd0e28e972c4aa89be1fcccfc0eab6cd45e9fd74.json', 'mafdb_7d398773bfc3e4435be56d8711457fd7fc190e97e32d7ec51a8a702e16118c4d.json', 'mafdb_c451a256436a5fc45a562eaf2fead8dd42917b32894e636d2b705f5405224a88.json', 'mafdb_7511017a4e93687a5be47b55aa4c08eff48c283a8153f5e070747057ad693f80.json', 'mafdb_3891ae3bc299950ca7a78c4d495828659f2cb320e0641ad8c6bfc4ced2d8e2b0.json', 'mafdb_58aa863a1439bf886daca0713239dba1882676aea5266e0af5bebad97529db92.json', 'mafdb_c1f206b6efa75e1df509578ad4d9fb9ea330d34e7283ccf9d6ad80fdedf66b9a.json', 'mafdb_c3c2025f352d34b4b79a48619176577388b06f30619772ddea31df49ee988aff.json', 'mafdb_c5b5a3a4bd54a110140df77527325958d257fc9b669bca89b332593540c1dc20.json', 'mafdb_51e18dc31f0c330513b45085a52c5ecd1e4a0a9130d2805a71368f1cbe17f65e.json', 'mafdb_95cfb922ebd546f21edcc627a60ea2a6235550bbba3696739fcaca409f1a0232.json', 'mafdb_783d326a98c97c227099cd46e1eb2739e8954c844e628390759f21e7b4e19db0.json', 'mafdb_e7fcb374868f23c5b66908ff13d437f525bdef064d3f7604b08f9b68087e91c4.json', 'mafdb_bdf7b87e05be228017da27afd5fd158ebe4fcf138008526635b8bcdbe380f328.json', 'mafdb_1d419943bc17a86fe648d8caad874862360b7c73c08c99b7c26040bc9939b002.json', 'mafdb_31199a0a134043b94c15114abad10433bfa58c2f87e3106720f88bf29e76f1ae.json', 'mafdb_c2a1e960932a069de5927d1067dde414f501136aba941befca2a4654e72bb08a.json', 'mafdb_49ad0997fa75ff9233f44bffe4f6033aaaf8676ed8f4cbac92057d25395497e6.json', 'mafdb_406ececbafe0a937f2a967e4dae5f862923efb2e1397870f6cc1ba8e050e1da7.json', 'mafdb_e7f2f9266538f691bae81aa42aeb881fcfc1833e62d05d9141e808a0cb0095fa.json', 'mafdb_e883ff130a9d34d26c58c15a735e96baab78aacec64abad0788f83f54423b943.json', 'mafdb_d215ba5497d3d3be2e105b2328e50bdccf602b7e0745016c80fa6f9913e5432f.json', 'mafdb_f871e6272680ce0853ce488fc481f480aa4e243fa14dd104803b05fb209cf094.json', 'mafdb_2ff7bb92e85df3f56dc7f35d3ca7b2bd150b675386145658d2fca63a9e2a3805.json', 'mafdb_47fb2615fc585137c90363d35106c9022fdcc722571f7ed6d93a0e213c75c760.json', 'mafdb_68e664a9a27eba1488202e5ea16bb79aee50d9c2456068b25a29d7ca46c1450f.json', 'mafdb_f6c9786df6a492206e55eb3d3911d34dbd753bfef23be22d8635d72135a7fbc7.json', 'mafdb_87129d44586b87142d9940a8b1bdbebcfa7b0454f32076964711670e9940a5bc.json', 'mafdb_ffac685782ba2ceabfc02088f70f3473d570818cc3d9c58c8979a425bc171247.json', 'mafdb_42b7a1940d80c9e5d1a1eb427219fad89ed0198775d719cc0f6171541419e487.json', 'mafdb_d7e79060050e13568977fc2c739b9eddf447a0cefe974cf809a00c1179f02def.json', 'mafdb_b61e3844996fd21e45a7d054f79694e53c5aede5327c90900ed7183119a56bfb.json', 'mafdb_29c4ddd140d117364cadffd440f0642c27bbc2412f4567e0cb32891cc3ef36a1.json', 'mafdb_4626fea2abf7ed35f5f28026640ab18610584687978217b1f40af22fe37f6572.json', 'mafdb_445b1fba33e16cd436442a3a77bf395f50fd97b749d80a4ea1cdfce773bb0774.json', 'mafdb_7aa0e0772e1c689c49550813d4d69f69cf00ce1c31ded8e93e9d062016b4ea81.json']\n",
        "ingestionTime": 1744964915424,
        "eventId": "38914017800821669010991878160215044893546472493833519132"
    },
    {
        "logStreamName": "2025/04/18/[$LATEST]0ecf44b7be104ce19bdde9f4db21db78",
        "timestamp": 1744964908323,
        "message": "[INFO]\t2025-04-18T08:28:28.323Z\t17ce9f1d-194c-46fc-b232-0ce0d8b18df4\tMAF_DATABASE_AGGREGATOR RequestId: 17ce9f1d-194c-46fc-b232-0ce0d8b18df4\t Duration: 2.510500999960641 ms\t InputLength: 40\t MaxMaf: 8\t MafDatabase: {'1': {'tree_ORTHOMCL256_Inner4.nexus': ['tree_ORTHOMCL256_2_Inner4.nexus', 'tree_ORTHOMCL256_2_Inner5.nexus', 'tree_ORTHOMCL256_2_Inner6.nexus', 'tree_ORTHOMCL256_2_Inner7.nexus', 'tree_ORTHOMCL256_2_Inner8.nexus'], 'tree_ORTHOMCL256_Inner5.nexus': ['tree_ORTHOMCL256_2_Inner4.nexus'], 'tree_ORTHOMCL256_Inner6.nexus': ['tree_ORTHOMCL256_2_Inner4.nexus'], 'tree_ORTHOMCL256_Inner7.nexus': ['tree_ORTHOMCL256_2_Inner4.nexus'], 'tree_ORTHOMCL256_Inner8.nexus': ['tree_ORTHOMCL256_2_Inner4.nexus'], 'tree_ORTHOMCL256_2_Inner4.nexus': ['tree_ORTHOMCL256_Inner4.nexus', 'tree_ORTHOMCL256_Inner5.nexus', 'tree_ORTHOMCL256_Inner6.nexus', 'tree_ORTHOMCL256_Inner7.nexus', 'tree_ORTHOMCL256_Inner8.nexus'], 'tree_ORTHOMCL256_2_Inner5.nexus': ['tree_ORTHOMCL256_Inner4.nexus'], 'tree_ORTHOMCL256_2_Inner6.nexus': ['tree_ORTHOMCL256_Inner4.nexus'], 'tree_ORTHOMCL256_2_Inner7.nexus': ['tree_ORTHOMCL256_Inner4.nexus'], 'tree_ORTHOMCL256_2_Inner8.nexus': ['tree_ORTHOMCL256_Inner4.nexus']}, '2': {'tree_ORTHOMCL256_Inner1.nexus': ['tree_ORTHOMCL256_2_Inner1.nexus', 'tree_ORTHOMCL256_2_Inner2.nexus', 'tree_ORTHOMCL256_2_Inner3.nexus', 'tree_ORTHOMCL256_2_Inner5.nexus', 'tree_ORTHOMCL256_2_Inner6.nexus', 'tree_ORTHOMCL256_2_Inner7.nexus', 'tree_ORTHOMCL256_2_Inner8.nexus'], 'tree_ORTHOMCL256_Inner2.nexus': ['tree_ORTHOMCL256_2_Inner1.nexus', 'tree_ORTHOMCL256_2_Inner2.nexus', 'tree_ORTHOMCL256_2_Inner3.nexus', 'tree_ORTHOMCL256_2_Inner5.nexus', 'tree_ORTHOMCL256_2_Inner6.nexus', 'tree_ORTHOMCL256_2_Inner7.nexus', 'tree_ORTHOMCL256_2_Inner8.nexus'], 'tree_ORTHOMCL256_Inner3.nexus': ['tree_ORTHOMCL256_2_Inner1.nexus', 'tree_ORTHOMCL256_2_Inner2.nexus'], 'tree_ORTHOMCL256_Inner5.nexus': ['tree_ORTHOMCL256_2_Inner1.nexus', 'tree_ORTHOMCL256_2_Inner2.nexus'], 'tree_ORTHOMCL256_Inner6.nexus': ['tree_ORTHOMCL256_2_Inner1.nexus', 'tree_ORTHOMCL256_2_Inner2.nexus'], 'tree_ORTHOMCL256_Inner7.nexus': ['tree_ORTHOMCL256_2_Inner1.nexus', 'tree_ORTHOMCL256_2_Inner2.nexus'], 'tree_ORTHOMCL256_Inner8.nexus': ['tree_ORTHOMCL256_2_Inner1.nexus', 'tree_ORTHOMCL256_2_Inner2.nexus'], 'tree_ORTHOMCL256_2_Inner1.nexus': ['tree_ORTHOMCL256_Inner1.nexus', 'tree_ORTHOMCL256_Inner2.nexus', 'tree_ORTHOMCL256_Inner3.nexus', 'tree_ORTHOMCL256_Inner5.nexus', 'tree_ORTHOMCL256_Inner6.nexus', 'tree_ORTHOMCL256_Inner7.nexus', 'tree_ORTHOMCL256_Inner8.nexus'], 'tree_ORTHOMCL256_2_Inner2.nexus': ['tree_ORTHOMCL256_Inner1.nexus', 'tree_ORTHOMCL256_Inner2.nexus', 'tree_ORTHOMCL256_Inner3.nexus', 'tree_ORTHOMCL256_Inner5.nexus', 'tree_ORTHOMCL256_Inner6.nexus', 'tree_ORTHOMCL256_Inner7.nexus', 'tree_ORTHOMCL256_Inner8.nexus'], 'tree_ORTHOMCL256_2_Inner3.nexus': ['tree_ORTHOMCL256_Inner1.nexus', 'tree_ORTHOMCL256_Inner2.nexus'], 'tree_ORTHOMCL256_2_Inner5.nexus': ['tree_ORTHOMCL256_Inner1.nexus', 'tree_ORTHOMCL256_Inner2.nexus'], 'tree_ORTHOMCL256_2_Inner6.nexus': ['tree_ORTHOMCL256_Inner1.nexus', 'tree_ORTHOMCL256_Inner2.nexus'], 'tree_ORTHOMCL256_2_Inner7.nexus': ['tree_ORTHOMCL256_Inner1.nexus', 'tree_ORTHOMCL256_Inner2.nexus'], 'tree_ORTHOMCL256_2_Inner8.nexus': ['tree_ORTHOMCL256_Inner1.nexus', 'tree_ORTHOMCL256_Inner2.nexus']}, '3': {'tree_ORTHOMCL256_Inner3.nexus': ['tree_ORTHOMCL256_2_Inner3.nexus', 'tree_ORTHOMCL256_2_Inner5.nexus', 'tree_ORTHOMCL256_2_Inner6.nexus', 'tree_ORTHOMCL256_2_Inner7.nexus', 'tree_ORTHOMCL256_2_Inner8.nexus'], 'tree_ORTHOMCL256_Inner5.nexus': ['tree_ORTHOMCL256_2_Inner3.nexus'], 'tree_ORTHOMCL256_Inner6.nexus': ['tree_ORTHOMCL256_2_Inner3.nexus'], 'tree_ORTHOMCL256_Inner7.nexus': ['tree_ORTHOMCL256_2_Inner3.nexus'], 'tree_ORTHOMCL256_Inner8.nexus': ['tree_ORTHOMCL256_2_Inner3.nexus'], 'tree_ORTHOMCL256_2_Inner3.nexus': ['tree_ORTHOMCL256_Inner3.nexus', 'tree_ORTHOMCL256_Inner5.nexus', 'tree_ORTHOMCL256_Inner6.nexus', 'tree_ORTHOMCL256_Inner7.nexus', 'tree_ORTHOMCL256_Inner8.nexus'], 'tree_ORTHOMCL256_2_Inner5.nexus': ['tree_ORTHOMCL256_Inner3.nexus'], 'tree_ORTHOMCL256_2_Inner6.nexus': ['tree_ORTHOMCL256_Inner3.nexus'], 'tree_ORTHOMCL256_2_Inner7.nexus': ['tree_ORTHOMCL256_Inner3.nexus'], 'tree_ORTHOMCL256_2_Inner8.nexus': ['tree_ORTHOMCL256_Inner3.nexus']}, '4': {'tree_ORTHOMCL256_Inner5.nexus': ['tree_ORTHOMCL256_2_Inner5.nexus', 'tree_ORTHOMCL256_2_Inner6.nexus', 'tree_ORTHOMCL256_2_Inner7.nexus', 'tree_ORTHOMCL256_2_Inner8.nexus'], 'tree_ORTHOMCL256_Inner6.nexus': ['tree_ORTHOMCL256_2_Inner5.nexus'], 'tree_ORTHOMCL256_Inner7.nexus': ['tree_ORTHOMCL256_2_Inner5.nexus'], 'tree_ORTHOMCL256_Inner8.nexus': ['tree_ORTHOMCL256_2_Inner5.nexus'], 'tree_ORTHOMCL256_2_Inner5.nexus': ['tree_ORTHOMCL256_Inner5.nexus', 'tree_ORTHOMCL256_Inner6.nexus', 'tree_ORTHOMCL256_Inner7.nexus', 'tree_ORTHOMCL256_Inner8.nexus'], 'tree_ORTHOMCL256_2_Inner6.nexus': ['tree_ORTHOMCL256_Inner5.nexus'], 'tree_ORTHOMCL256_2_Inner7.nexus': ['tree_ORTHOMCL256_Inner5.nexus'], 'tree_ORTHOMCL256_2_Inner8.nexus': ['tree_ORTHOMCL256_Inner5.nexus']}, '5': {'tree_ORTHOMCL256_Inner6.nexus': ['tree_ORTHOMCL256_2_Inner6.nexus', 'tree_ORTHOMCL256_2_Inner7.nexus', 'tree_ORTHOMCL256_2_Inner8.nexus'], 'tree_ORTHOMCL256_Inner7.nexus': ['tree_ORTHOMCL256_2_Inner6.nexus'], 'tree_ORTHOMCL256_Inner8.nexus': ['tree_ORTHOMCL256_2_Inner6.nexus'], 'tree_ORTHOMCL256_2_Inner6.nexus': ['tree_ORTHOMCL256_Inner6.nexus', 'tree_ORTHOMCL256_Inner7.nexus', 'tree_ORTHOMCL256_Inner8.nexus'], 'tree_ORTHOMCL256_2_Inner7.nexus': ['tree_ORTHOMCL256_Inner6.nexus'], 'tree_ORTHOMCL256_2_Inner8.nexus': ['tree_ORTHOMCL256_Inner6.nexus']}, '6': {'tree_ORTHOMCL256_Inner7.nexus': ['tree_ORTHOMCL256_2_Inner7.nexus', 'tree_ORTHOMCL256_2_Inner8.nexus'], 'tree_ORTHOMCL256_Inner8.nexus': ['tree_ORTHOMCL256_2_Inner7.nexus'], 'tree_ORTHOMCL256_2_Inner7.nexus': ['tree_ORTHOMCL256_Inner7.nexus', 'tree_ORTHOMCL256_Inner8.nexus'], 'tree_ORTHOMCL256_2_Inner8.nexus': ['tree_ORTHOMCL256_Inner7.nexus']}, '8': {'tree_ORTHOMCL256_Inner8.nexus': ['tree_ORTHOMCL256_2_Inner8.nexus'], 'tree_ORTHOMCL256_2_Inner8.nexus': ['tree_ORTHOMCL256_Inner8.nexus']}}\n",
        "ingestionTime": 1744964915424,
        "eventId": "38914017800888571246587470029639652048364417578351460381"
    },
    {
        "logStreamName": "2025/04/18/[$LATEST]0ecf44b7be104ce19bdde9f4db21db78",
        "timestamp": 1744964908323,
        "message": "[INFO] 2025-04-18T08:28:28GMT MAF_DATABASE_AGGREGATOR RequestId: 17ce9f1d-194c-46fc-b232-0ce0d8b18df4\t Duration: 2.510500999960641 ms\t InputLength: 40\t MaxMaf: 8\t MafDatabase: {'1': {'tree_ORTHOMCL256_Inner4.nexus': ['tree_ORTHOMCL256_2_Inner4.nexus', 'tree_ORTHOMCL256_2_Inner5.nexus', 'tree_ORTHOMCL256_2_Inner6.nexus', 'tree_ORTHOMCL256_2_Inner7.nexus', 'tree_ORTHOMCL256_2_Inner8.nexus'], 'tree_ORTHOMCL256_Inner5.nexus': ['tree_ORTHOMCL256_2_Inner4.nexus'], 'tree_ORTHOMCL256_Inner6.nexus': ['tree_ORTHOMCL256_2_Inner4.nexus'], 'tree_ORTHOMCL256_Inner7.nexus': ['tree_ORTHOMCL256_2_Inner4.nexus'], 'tree_ORTHOMCL256_Inner8.nexus': ['tree_ORTHOMCL256_2_Inner4.nexus'], 'tree_ORTHOMCL256_2_Inner4.nexus': ['tree_ORTHOMCL256_Inner4.nexus', 'tree_ORTHOMCL256_Inner5.nexus', 'tree_ORTHOMCL256_Inner6.nexus', 'tree_ORTHOMCL256_Inner7.nexus', 'tree_ORTHOMCL256_Inner8.nexus'], 'tree_ORTHOMCL256_2_Inner5.nexus': ['tree_ORTHOMCL256_Inner4.nexus'], 'tree_ORTHOMCL256_2_Inner6.nexus': ['tree_ORTHOMCL256_Inner4.nexus'], 'tree_ORTHOMCL256_2_Inner7.nexus': ['tree_ORTHOMCL256_Inner4.nexus'], 'tree_ORTHOMCL256_2_Inner8.nexus': ['tree_ORTHOMCL256_Inner4.nexus']}, '2': {'tree_ORTHOMCL256_Inner1.nexus': ['tree_ORTHOMCL256_2_Inner1.nexus', 'tree_ORTHOMCL256_2_Inner2.nexus', 'tree_ORTHOMCL256_2_Inner3.nexus', 'tree_ORTHOMCL256_2_Inner5.nexus', 'tree_ORTHOMCL256_2_Inner6.nexus', 'tree_ORTHOMCL256_2_Inner7.nexus', 'tree_ORTHOMCL256_2_Inner8.nexus'], 'tree_ORTHOMCL256_Inner2.nexus': ['tree_ORTHOMCL256_2_Inner1.nexus', 'tree_ORTHOMCL256_2_Inner2.nexus', 'tree_ORTHOMCL256_2_Inner3.nexus', 'tree_ORTHOMCL256_2_Inner5.nexus', 'tree_ORTHOMCL256_2_Inner6.nexus', 'tree_ORTHOMCL256_2_Inner7.nexus', 'tree_ORTHOMCL256_2_Inner8.nexus'], 'tree_ORTHOMCL256_Inner3.nexus': ['tree_ORTHOMCL256_2_Inner1.nexus', 'tree_ORTHOMCL256_2_Inner2.nexus'], 'tree_ORTHOMCL256_Inner5.nexus': ['tree_ORTHOMCL256_2_Inner1.nexus', 'tree_ORTHOMCL256_2_Inner2.nexus'], 'tree_ORTHOMCL256_Inner6.nexus': ['tree_ORTHOMCL256_2_Inner1.nexus', 'tree_ORTHOMCL256_2_Inner2.nexus'], 'tree_ORTHOMCL256_Inner7.nexus': ['tree_ORTHOMCL256_2_Inner1.nexus', 'tree_ORTHOMCL256_2_Inner2.nexus'], 'tree_ORTHOMCL256_Inner8.nexus': ['tree_ORTHOMCL256_2_Inner1.nexus', 'tree_ORTHOMCL256_2_Inner2.nexus'], 'tree_ORTHOMCL256_2_Inner1.nexus': ['tree_ORTHOMCL256_Inner1.nexus', 'tree_ORTHOMCL256_Inner2.nexus', 'tree_ORTHOMCL256_Inner3.nexus', 'tree_ORTHOMCL256_Inner5.nexus', 'tree_ORTHOMCL256_Inner6.nexus', 'tree_ORTHOMCL256_Inner7.nexus', 'tree_ORTHOMCL256_Inner8.nexus'], 'tree_ORTHOMCL256_2_Inner2.nexus': ['tree_ORTHOMCL256_Inner1.nexus', 'tree_ORTHOMCL256_Inner2.nexus', 'tree_ORTHOMCL256_Inner3.nexus', 'tree_ORTHOMCL256_Inner5.nexus', 'tree_ORTHOMCL256_Inner6.nexus', 'tree_ORTHOMCL256_Inner7.nexus', 'tree_ORTHOMCL256_Inner8.nexus'], 'tree_ORTHOMCL256_2_Inner3.nexus': ['tree_ORTHOMCL256_Inner1.nexus', 'tree_ORTHOMCL256_Inner2.nexus'], 'tree_ORTHOMCL256_2_Inner5.nexus': ['tree_ORTHOMCL256_Inner1.nexus', 'tree_ORTHOMCL256_Inner2.nexus'], 'tree_ORTHOMCL256_2_Inner6.nexus': ['tree_ORTHOMCL256_Inner1.nexus', 'tree_ORTHOMCL256_Inner2.nexus'], 'tree_ORTHOMCL256_2_Inner7.nexus': ['tree_ORTHOMCL256_Inner1.nexus', 'tree_ORTHOMCL256_Inner2.nexus'], 'tree_ORTHOMCL256_2_Inner8.nexus': ['tree_ORTHOMCL256_Inner1.nexus', 'tree_ORTHOMCL256_Inner2.nexus']}, '3': {'tree_ORTHOMCL256_Inner3.nexus': ['tree_ORTHOMCL256_2_Inner3.nexus', 'tree_ORTHOMCL256_2_Inner5.nexus', 'tree_ORTHOMCL256_2_Inner6.nexus', 'tree_ORTHOMCL256_2_Inner7.nexus', 'tree_ORTHOMCL256_2_Inner8.nexus'], 'tree_ORTHOMCL256_Inner5.nexus': ['tree_ORTHOMCL256_2_Inner3.nexus'], 'tree_ORTHOMCL256_Inner6.nexus': ['tree_ORTHOMCL256_2_Inner3.nexus'], 'tree_ORTHOMCL256_Inner7.nexus': ['tree_ORTHOMCL256_2_Inner3.nexus'], 'tree_ORTHOMCL256_Inner8.nexus': ['tree_ORTHOMCL256_2_Inner3.nexus'], 'tree_ORTHOMCL256_2_Inner3.nexus': ['tree_ORTHOMCL256_Inner3.nexus', 'tree_ORTHOMCL256_Inner5.nexus', 'tree_ORTHOMCL256_Inner6.nexus', 'tree_ORTHOMCL256_Inner7.nexus', 'tree_ORTHOMCL256_Inner8.nexus'], 'tree_ORTHOMCL256_2_Inner5.nexus': ['tree_ORTHOMCL256_Inner3.nexus'], 'tree_ORTHOMCL256_2_Inner6.nexus': ['tree_ORTHOMCL256_Inner3.nexus'], 'tree_ORTHOMCL256_2_Inner7.nexus': ['tree_ORTHOMCL256_Inner3.nexus'], 'tree_ORTHOMCL256_2_Inner8.nexus': ['tree_ORTHOMCL256_Inner3.nexus']}, '4': {'tree_ORTHOMCL256_Inner5.nexus': ['tree_ORTHOMCL256_2_Inner5.nexus', 'tree_ORTHOMCL256_2_Inner6.nexus', 'tree_ORTHOMCL256_2_Inner7.nexus', 'tree_ORTHOMCL256_2_Inner8.nexus'], 'tree_ORTHOMCL256_Inner6.nexus': ['tree_ORTHOMCL256_2_Inner5.nexus'], 'tree_ORTHOMCL256_Inner7.nexus': ['tree_ORTHOMCL256_2_Inner5.nexus'], 'tree_ORTHOMCL256_Inner8.nexus': ['tree_ORTHOMCL256_2_Inner5.nexus'], 'tree_ORTHOMCL256_2_Inner5.nexus': ['tree_ORTHOMCL256_Inner5.nexus', 'tree_ORTHOMCL256_Inner6.nexus', 'tree_ORTHOMCL256_Inner7.nexus', 'tree_ORTHOMCL256_Inner8.nexus'], 'tree_ORTHOMCL256_2_Inner6.nexus': ['tree_ORTHOMCL256_Inner5.nexus'], 'tree_ORTHOMCL256_2_Inner7.nexus': ['tree_ORTHOMCL256_Inner5.nexus'], 'tree_ORTHOMCL256_2_Inner8.nexus': ['tree_ORTHOMCL256_Inner5.nexus']}, '5': {'tree_ORTHOMCL256_Inner6.nexus': ['tree_ORTHOMCL256_2_Inner6.nexus', 'tree_ORTHOMCL256_2_Inner7.nexus', 'tree_ORTHOMCL256_2_Inner8.nexus'], 'tree_ORTHOMCL256_Inner7.nexus': ['tree_ORTHOMCL256_2_Inner6.nexus'], 'tree_ORTHOMCL256_Inner8.nexus': ['tree_ORTHOMCL256_2_Inner6.nexus'], 'tree_ORTHOMCL256_2_Inner6.nexus': ['tree_ORTHOMCL256_Inner6.nexus', 'tree_ORTHOMCL256_Inner7.nexus', 'tree_ORTHOMCL256_Inner8.nexus'], 'tree_ORTHOMCL256_2_Inner7.nexus': ['tree_ORTHOMCL256_Inner6.nexus'], 'tree_ORTHOMCL256_2_Inner8.nexus': ['tree_ORTHOMCL256_Inner6.nexus']}, '6': {'tree_ORTHOMCL256_Inner7.nexus': ['tree_ORTHOMCL256_2_Inner7.nexus', 'tree_ORTHOMCL256_2_Inner8.nexus'], 'tree_ORTHOMCL256_Inner8.nexus': ['tree_ORTHOMCL256_2_Inner7.nexus'], 'tree_ORTHOMCL256_2_Inner7.nexus': ['tree_ORTHOMCL256_Inner7.nexus', 'tree_ORTHOMCL256_Inner8.nexus'], 'tree_ORTHOMCL256_2_Inner8.nexus': ['tree_ORTHOMCL256_Inner7.nexus']}, '8': {'tree_ORTHOMCL256_Inner8.nexus': ['tree_ORTHOMCL256_2_Inner8.nexus'], 'tree_ORTHOMCL256_2_Inner8.nexus': ['tree_ORTHOMCL256_Inner8.nexus']}}\n",
        "ingestionTime": 1744964915424,
        "eventId": "38914017800888571246587470029639652048364417578351460382"
    },
    {
        "logStreamName": "2025/04/18/[$LATEST]0ecf44b7be104ce19bdde9f4db21db78",
        "timestamp": 1744964908372,
        "message": "FILE_TRANSFER RequestId: 17ce9f1d-194c-46fc-b232-0ce0d8b18df4\t TransferType: produced\t Action: upload_to_s3\t FileName: mafdb_e55c4b253d2eb963108a107e404dc9763e2262ecbed696670cdd3950fe76e8d8.json\t Bucket: denethor\t FilePath: mafdb/mafdb_e55c4b253d2eb963108a107e404dc9763e2262ecbed696670cdd3950fe76e8d8.json\t LocalFilePath: /tmp/mafdb/mafdb_e55c4b253d2eb963108a107e404dc9763e2262ecbed696670cdd3950fe76e8d8.json\t FileSize: 20060 bytes\t TransferDuration: 49.15250899989587 ms\n",
        "ingestionTime": 1744964915424,
        "eventId": "38914017801981307761315470563574902243724187292144500767"
    },
    {
        "logStreamName": "2025/04/18/[$LATEST]0ecf44b7be104ce19bdde9f4db21db78",
        "timestamp": 1744964908372,
        "message": "PRODUCED_FILES_INFO RequestId: 17ce9f1d-194c-46fc-b232-0ce0d8b18df4\t FilesCount: 1 files\t FilesSize: 20060 bytes\t TransferDuration: 49.15250899989587 ms\t Provider: aws_lambda\t  ProducedFiles: ['mafdb_e55c4b253d2eb963108a107e404dc9763e2262ecbed696670cdd3950fe76e8d8.json']\n",
        "ingestionTime": 1744964915424,
        "eventId": "38914017801981307761315470563574902243724187292144500768"
    },
    {
        "logStreamName": "2025/04/18/[$LATEST]0ecf44b7be104ce19bdde9f4db21db78",
        "timestamp": 1744964908374,
        "message": "END RequestId: 17ce9f1d-194c-46fc-b232-0ce0d8b18df4\n",
        "ingestionTime": 1744964915424,
        "eventId": "38914017802025909251712531809857973680269484015156461601"
    },
    {
        "logStreamName": "2025/04/18/[$LATEST]0ecf44b7be104ce19bdde9f4db21db78",
        "timestamp": 1744964908374,
        "message": "REPORT RequestId: 17ce9f1d-194c-46fc-b232-0ce0d8b18df4\tDuration: 2855.56 ms\tBilled Duration: 2856 ms\tMemory Size: 2048 MB\tMax Memory Used: 107 MB\tInit Duration: 757.23 ms\t\n",
        "ingestionTime": 1744964915424,
        "eventId": "38914017802025909251712531809857973680269484015156461602"
    }
]