[
    {
        "logStreamName": "2025/04/18/[$LATEST]1edba537fbc945e196b5bae2c75de372",
        "timestamp": 1744981067083,
        "message": "INIT_START Runtime Version: python:3.10.v64\tRuntime Version ARN: arn:aws:lambda:sa-east-1::runtime:d56bdc8857b2109a058de2ab50bfb80ac2aa600be6f7855a436859944e5fe54b\n",
        "ingestionTime": 1744981075268,
        "eventId": "38914378153278055455279484087395465423135072088754683904"
    },
    {
        "logStreamName": "2025/04/18/[$LATEST]1edba537fbc945e196b5bae2c75de372",
        "timestamp": 1744981067891,
        "message": "START RequestId: 494aa35b-bfb1-4c1d-b2ab-4329b7820b54 Version: $LATEST\n",
        "ingestionTime": 1744981075268,
        "eventId": "38914378171297057575692227585756325787434948185586860033"
    },
    {
        "logStreamName": "2025/04/18/[$LATEST]1edba537fbc945e196b5bae2c75de372",
        "timestamp": 1744981067892,
        "message": "Directory /tmp/mafdb was created!\n",
        "ingestionTime": 1744981075268,
        "eventId": "38914378171319358320890758208897861505707596547092840450"
    },
    {
        "logStreamName": "2025/04/18/[$LATEST]1edba537fbc945e196b5bae2c75de372",
        "timestamp": 1744981067995,
        "message": "FILE_TRANSFER RequestId: 494aa35b-bfb1-4c1d-b2ab-4329b7820b54\t TransferType: consumed\t Action: download_from_s3\t FileName: mafdb_6f7a2b1116e6a791f68a03367473294792b679a6357b6789f3f993b1f83e2e80.json\t Bucket: denethor\t FilePath: mafdb/mafdb_6f7a2b1116e6a791f68a03367473294792b679a6357b6789f3f993b1f83e2e80.json\t LocalFilePath: /tmp/mafdb/mafdb_6f7a2b1116e6a791f68a03367473294792b679a6357b6789f3f993b1f83e2e80.json\t FileSize: 185 bytes\t TransferDuration: 102.0778249999239 ms\n",
        "ingestionTime": 1744981075268,
        "eventId": "38914378173616335076339412392476040487790377782208823299"
    },
    {
        "logStreamName": "2025/04/18/[$LATEST]1edba537fbc945e196b5bae2c75de372",
        "timestamp": 1744981068040,
        "message": "FILE_TRANSFER RequestId: 494aa35b-bfb1-4c1d-b2ab-4329b7820b54\t TransferType: consumed\t Action: download_from_s3\t FileName: mafdb_54d8ddd695de385cbe16742ebc6fdcb479cd2b8e3c0cd457826222c83fe6bb7c.json\t Bucket: denethor\t FilePath: mafdb/mafdb_54d8ddd695de385cbe16742ebc6fdcb479cd2b8e3c0cd457826222c83fe6bb7c.json\t LocalFilePath: /tmp/mafdb/mafdb_54d8ddd695de385cbe16742ebc6fdcb479cd2b8e3c0cd457826222c83fe6bb7c.json\t FileSize: 5180 bytes\t TransferDuration: 45.12092799996026 ms\n",
        "ingestionTime": 1744981075268,
        "eventId": "38914378174619868610273290433845147810059554049977942020"
    },
    {
        "logStreamName": "2025/04/18/[$LATEST]1edba537fbc945e196b5bae2c75de372",
        "timestamp": 1744981068105,
        "message": "FILE_TRANSFER RequestId: 494aa35b-bfb1-4c1d-b2ab-4329b7820b54\t TransferType: consumed\t Action: download_from_s3\t FileName: mafdb_1f6ccfc97b000b314f6a6c7e2582a4263b17ffc061fef38bd3c9a63fa631759f.json\t Bucket: denethor\t FilePath: mafdb/mafdb_1f6ccfc97b000b314f6a6c7e2582a4263b17ffc061fef38bd3c9a63fa631759f.json\t LocalFilePath: /tmp/mafdb/mafdb_1f6ccfc97b000b314f6a6c7e2582a4263b17ffc061fef38bd3c9a63fa631759f.json\t FileSize: 5134 bytes\t TransferDuration: 65.25422699996852 ms\n",
        "ingestionTime": 1744981075268,
        "eventId": "38914378176069417048177780938044969497781697547866669061"
    },
    {
        "logStreamName": "2025/04/18/[$LATEST]1edba537fbc945e196b5bae2c75de372",
        "timestamp": 1744981068154,
        "message": "FILE_TRANSFER RequestId: 494aa35b-bfb1-4c1d-b2ab-4329b7820b54\t TransferType: consumed\t Action: download_from_s3\t FileName: mafdb_bd5d862db8f1d6b261aaeb3b8ecb83d67004ffb7524cb75c5f1f8454224f7c91.json\t Bucket: denethor\t FilePath: mafdb/mafdb_bd5d862db8f1d6b261aaeb3b8ecb83d67004ffb7524cb75c5f1f8454224f7c91.json\t LocalFilePath: /tmp/mafdb/mafdb_bd5d862db8f1d6b261aaeb3b8ecb83d67004ffb7524cb75c5f1f8454224f7c91.json\t FileSize: 355 bytes\t TransferDuration: 48.534220999954414 ms\n",
        "ingestionTime": 1744981075268,
        "eventId": "38914378177162153562905781471980219693141467261659709446"
    },
    {
        "logStreamName": "2025/04/18/[$LATEST]1edba537fbc945e196b5bae2c75de372",
        "timestamp": 1744981068202,
        "message": "FILE_TRANSFER RequestId: 494aa35b-bfb1-4c1d-b2ab-4329b7820b54\t TransferType: consumed\t Action: download_from_s3\t FileName: mafdb_861b6fcf310a5a4a01036477cd0e28e972c4aa89be1fcccfc0eab6cd45e9fd74.json\t Bucket: denethor\t FilePath: mafdb/mafdb_861b6fcf310a5a4a01036477cd0e28e972c4aa89be1fcccfc0eab6cd45e9fd74.json\t LocalFilePath: /tmp/mafdb/mafdb_861b6fcf310a5a4a01036477cd0e28e972c4aa89be1fcccfc0eab6cd45e9fd74.json\t FileSize: 355 bytes\t TransferDuration: 48.18523300036759 ms\n",
        "ingestionTime": 1744981075268,
        "eventId": "38914378178232589332435251382773934170228588613946769415"
    },
    {
        "logStreamName": "2025/04/18/[$LATEST]1edba537fbc945e196b5bae2c75de372",
        "timestamp": 1744981068251,
        "message": "FILE_TRANSFER RequestId: 494aa35b-bfb1-4c1d-b2ab-4329b7820b54\t TransferType: consumed\t Action: download_from_s3\t FileName: mafdb_7d398773bfc3e4435be56d8711457fd7fc190e97e32d7ec51a8a702e16118c4d.json\t Bucket: denethor\t FilePath: mafdb/mafdb_7d398773bfc3e4435be56d8711457fd7fc190e97e32d7ec51a8a702e16118c4d.json\t LocalFilePath: /tmp/mafdb/mafdb_7d398773bfc3e4435be56d8711457fd7fc190e97e32d7ec51a8a702e16118c4d.json\t FileSize: 355 bytes\t TransferDuration: 49.401997000131814 ms\n",
        "ingestionTime": 1744981075268,
        "eventId": "38914378179325325847163251916709184365588358327739809800"
    },
    {
        "logStreamName": "2025/04/18/[$LATEST]1edba537fbc945e196b5bae2c75de372",
        "timestamp": 1744981068318,
        "message": "FILE_TRANSFER RequestId: 494aa35b-bfb1-4c1d-b2ab-4329b7820b54\t TransferType: consumed\t Action: download_from_s3\t FileName: mafdb_c451a256436a5fc45a562eaf2fead8dd42917b32894e636d2b705f5405224a88.json\t Bucket: denethor\t FilePath: mafdb/mafdb_c451a256436a5fc45a562eaf2fead8dd42917b32894e636d2b705f5405224a88.json\t LocalFilePath: /tmp/mafdb/mafdb_c451a256436a5fc45a562eaf2fead8dd42917b32894e636d2b705f5405224a88.json\t FileSize: 355 bytes\t TransferDuration: 66.21242499977598 ms\n",
        "ingestionTime": 1744981075268,
        "eventId": "38914378180819475775464803667192077489855798548640497673"
    },
    {
        "logStreamName": "2025/04/18/[$LATEST]1edba537fbc945e196b5bae2c75de372",
        "timestamp": 1744981068368,
        "message": "FILE_TRANSFER RequestId: 494aa35b-bfb1-4c1d-b2ab-4329b7820b54\t TransferType: consumed\t Action: download_from_s3\t FileName: mafdb_7511017a4e93687a5be47b55aa4c08eff48c283a8153f5e070747057ad693f80.json\t Bucket: denethor\t FilePath: mafdb/mafdb_7511017a4e93687a5be47b55aa4c08eff48c283a8153f5e070747057ad693f80.json\t LocalFilePath: /tmp/mafdb/mafdb_7511017a4e93687a5be47b55aa4c08eff48c283a8153f5e070747057ad693f80.json\t FileSize: 314 bytes\t TransferDuration: 50.385270999868226 ms\n",
        "ingestionTime": 1744981075268,
        "eventId": "38914378181934513035391334824268863403488216623939518474"
    },
    {
        "logStreamName": "2025/04/18/[$LATEST]1edba537fbc945e196b5bae2c75de372",
        "timestamp": 1744981068422,
        "message": "FILE_TRANSFER RequestId: 494aa35b-bfb1-4c1d-b2ab-4329b7820b54\t TransferType: consumed\t Action: download_from_s3\t FileName: mafdb_3891ae3bc299950ca7a78c4d495828659f2cb320e0641ad8c6bfc4ced2d8e2b0.json\t Bucket: denethor\t FilePath: mafdb/mafdb_3891ae3bc299950ca7a78c4d495828659f2cb320e0641ad8c6bfc4ced2d8e2b0.json\t LocalFilePath: /tmp/mafdb/mafdb_3891ae3bc299950ca7a78c4d495828659f2cb320e0641ad8c6bfc4ced2d8e2b0.json\t FileSize: 355 bytes\t TransferDuration: 53.70734899997842 ms\n",
        "ingestionTime": 1744981075268,
        "eventId": "38914378183138753276111988473911792190211228145262460939"
    },
    {
        "logStreamName": "2025/04/18/[$LATEST]1edba537fbc945e196b5bae2c75de372",
        "timestamp": 1744981068495,
        "message": "FILE_TRANSFER RequestId: 494aa35b-bfb1-4c1d-b2ab-4329b7820b54\t TransferType: consumed\t Action: download_from_s3\t FileName: mafdb_58aa863a1439bf886daca0713239dba1882676aea5266e0af5bebad97529db92.json\t Bucket: denethor\t FilePath: mafdb/mafdb_58aa863a1439bf886daca0713239dba1882676aea5266e0af5bebad97529db92.json\t LocalFilePath: /tmp/mafdb/mafdb_58aa863a1439bf886daca0713239dba1882676aea5266e0af5bebad97529db92.json\t FileSize: 314 bytes\t TransferDuration: 72.67873499995403 ms\n",
        "ingestionTime": 1744981075268,
        "eventId": "38914378184766707675604723963243899624114558535199031308"
    },
    {
        "logStreamName": "2025/04/18/[$LATEST]1edba537fbc945e196b5bae2c75de372",
        "timestamp": 1744981068549,
        "message": "FILE_TRANSFER RequestId: 494aa35b-bfb1-4c1d-b2ab-4329b7820b54\t TransferType: consumed\t Action: download_from_s3\t FileName: mafdb_c1f206b6efa75e1df509578ad4d9fb9ea330d34e7283ccf9d6ad80fdedf66b9a.json\t Bucket: denethor\t FilePath: mafdb/mafdb_c1f206b6efa75e1df509578ad4d9fb9ea330d34e7283ccf9d6ad80fdedf66b9a.json\t LocalFilePath: /tmp/mafdb/mafdb_c1f206b6efa75e1df509578ad4d9fb9ea330d34e7283ccf9d6ad80fdedf66b9a.json\t FileSize: 314 bytes\t TransferDuration: 54.33690799964097 ms\n",
        "ingestionTime": 1744981075268,
        "eventId": "38914378185970947916325377612886828410837570056521973773"
    },
    {
        "logStreamName": "2025/04/18/[$LATEST]1edba537fbc945e196b5bae2c75de372",
        "timestamp": 1744981068619,
        "message": "FILE_TRANSFER RequestId: 494aa35b-bfb1-4c1d-b2ab-4329b7820b54\t TransferType: consumed\t Action: download_from_s3\t FileName: mafdb_c3c2025f352d34b4b79a48619176577388b06f30619772ddea31df49ee988aff.json\t Bucket: denethor\t FilePath: mafdb/mafdb_c3c2025f352d34b4b79a48619176577388b06f30619772ddea31df49ee988aff.json\t LocalFilePath: /tmp/mafdb/mafdb_c3c2025f352d34b4b79a48619176577388b06f30619772ddea31df49ee988aff.json\t FileSize: 314 bytes\t TransferDuration: 70.33372700016116 ms\n",
        "ingestionTime": 1744981075268,
        "eventId": "38914378187532000080222521232794328689922955361940602894"
    },
    {
        "logStreamName": "2025/04/18/[$LATEST]1edba537fbc945e196b5bae2c75de372",
        "timestamp": 1744981068670,
        "message": "FILE_TRANSFER RequestId: 494aa35b-bfb1-4c1d-b2ab-4329b7820b54\t TransferType: consumed\t Action: download_from_s3\t FileName: mafdb_c5b5a3a4bd54a110140df77527325958d257fc9b669bca89b332593540c1dc20.json\t Bucket: denethor\t FilePath: mafdb/mafdb_c5b5a3a4bd54a110140df77527325958d257fc9b669bca89b332593540c1dc20.json\t LocalFilePath: /tmp/mafdb/mafdb_c5b5a3a4bd54a110140df77527325958d257fc9b669bca89b332593540c1dc20.json\t FileSize: 273 bytes\t TransferDuration: 50.89901000019381 ms\n",
        "ingestionTime": 1744981075268,
        "eventId": "38914378188669338085347583013012650321828021798745604111"
    },
    {
        "logStreamName": "2025/04/18/[$LATEST]1edba537fbc945e196b5bae2c75de372",
        "timestamp": 1744981068743,
        "message": "FILE_TRANSFER RequestId: 494aa35b-bfb1-4c1d-b2ab-4329b7820b54\t TransferType: consumed\t Action: download_from_s3\t FileName: mafdb_51e18dc31f0c330513b45085a52c5ecd1e4a0a9130d2805a71368f1cbe17f65e.json\t Bucket: denethor\t FilePath: mafdb/mafdb_51e18dc31f0c330513b45085a52c5ecd1e4a0a9130d2805a71368f1cbe17f65e.json\t LocalFilePath: /tmp/mafdb/mafdb_51e18dc31f0c330513b45085a52c5ecd1e4a0a9130d2805a71368f1cbe17f65e.json\t FileSize: 314 bytes\t TransferDuration: 72.52512100012609 ms\n",
        "ingestionTime": 1744981075268,
        "eventId": "38914378190297292484840318502344757755731352188682174480"
    },
    {
        "logStreamName": "2025/04/18/[$LATEST]1edba537fbc945e196b5bae2c75de372",
        "timestamp": 1744981068804,
        "message": "FILE_TRANSFER RequestId: 494aa35b-bfb1-4c1d-b2ab-4329b7820b54\t TransferType: consumed\t Action: download_from_s3\t FileName: mafdb_95cfb922ebd546f21edcc627a60ea2a6235550bbba3696739fcaca409f1a0232.json\t Bucket: denethor\t FilePath: mafdb/mafdb_95cfb922ebd546f21edcc627a60ea2a6235550bbba3696739fcaca409f1a0232.json\t LocalFilePath: /tmp/mafdb/mafdb_95cfb922ebd546f21edcc627a60ea2a6235550bbba3696739fcaca409f1a0232.json\t FileSize: 273 bytes\t TransferDuration: 60.847487000046385 ms\n",
        "ingestionTime": 1744981075268,
        "eventId": "38914378191657637941950686513978436570362902240546979857"
    },
    {
        "logStreamName": "2025/04/18/[$LATEST]1edba537fbc945e196b5bae2c75de372",
        "timestamp": 1744981068889,
        "message": "FILE_TRANSFER RequestId: 494aa35b-bfb1-4c1d-b2ab-4329b7820b54\t TransferType: consumed\t Action: download_from_s3\t FileName: mafdb_783d326a98c97c227099cd46e1eb2739e8954c844e628390759f21e7b4e19db0.json\t Bucket: denethor\t FilePath: mafdb/mafdb_783d326a98c97c227099cd46e1eb2739e8954c844e628390759f21e7b4e19db0.json\t LocalFilePath: /tmp/mafdb/mafdb_783d326a98c97c227099cd46e1eb2739e8954c844e628390759f21e7b4e19db0.json\t FileSize: 273 bytes\t TransferDuration: 85.49868400041305 ms\n",
        "ingestionTime": 1744981075268,
        "eventId": "38914378193553201283825789481008972623538012968555315218"
    },
    {
        "logStreamName": "2025/04/18/[$LATEST]1edba537fbc945e196b5bae2c75de372",
        "timestamp": 1744981068933,
        "message": "FILE_TRANSFER RequestId: 494aa35b-bfb1-4c1d-b2ab-4329b7820b54\t TransferType: consumed\t Action: download_from_s3\t FileName: mafdb_e7fcb374868f23c5b66908ff13d437f525bdef064d3f7604b08f9b68087e91c4.json\t Bucket: denethor\t FilePath: mafdb/mafdb_e7fcb374868f23c5b66908ff13d437f525bdef064d3f7604b08f9b68087e91c4.json\t LocalFilePath: /tmp/mafdb/mafdb_e7fcb374868f23c5b66908ff13d437f525bdef064d3f7604b08f9b68087e91c4.json\t FileSize: 273 bytes\t TransferDuration: 43.71407600001476 ms\n",
        "ingestionTime": 1744981075268,
        "eventId": "38914378194534434072561136899236544227534540874818453523"
    },
    {
        "logStreamName": "2025/04/18/[$LATEST]1edba537fbc945e196b5bae2c75de372",
        "timestamp": 1744981068995,
        "message": "FILE_TRANSFER RequestId: 494aa35b-bfb1-4c1d-b2ab-4329b7820b54\t TransferType: consumed\t Action: download_from_s3\t FileName: mafdb_bdf7b87e05be228017da27afd5fd158ebe4fcf138008526635b8bcdbe380f328.json\t Bucket: denethor\t FilePath: mafdb/mafdb_bdf7b87e05be228017da27afd5fd158ebe4fcf138008526635b8bcdbe380f328.json\t LocalFilePath: /tmp/mafdb/mafdb_bdf7b87e05be228017da27afd5fd158ebe4fcf138008526635b8bcdbe380f328.json\t FileSize: 273 bytes\t TransferDuration: 62.192394000248896 ms\n",
        "ingestionTime": 1744981075268,
        "eventId": "38914378195917080274870035534011758760438739288189239316"
    },
    {
        "logStreamName": "2025/04/18/[$LATEST]1edba537fbc945e196b5bae2c75de372",
        "timestamp": 1744981069063,
        "message": "FILE_TRANSFER RequestId: 494aa35b-bfb1-4c1d-b2ab-4329b7820b54\t TransferType: consumed\t Action: download_from_s3\t FileName: mafdb_1d419943bc17a86fe648d8caad874862360b7c73c08c99b7c26040bc9939b002.json\t Bucket: denethor\t FilePath: mafdb/mafdb_1d419943bc17a86fe648d8caad874862360b7c73c08c99b7c26040bc9939b002.json\t LocalFilePath: /tmp/mafdb/mafdb_1d419943bc17a86fe648d8caad874862360b7c73c08c99b7c26040bc9939b002.json\t FileSize: 273 bytes\t TransferDuration: 67.5012130000141 ms\n",
        "ingestionTime": 1744981075268,
        "eventId": "38914378197433530948370117907636187602978827870595907605"
    },
    {
        "logStreamName": "2025/04/18/[$LATEST]1edba537fbc945e196b5bae2c75de372",
        "timestamp": 1744981069108,
        "message": "FILE_TRANSFER RequestId: 494aa35b-bfb1-4c1d-b2ab-4329b7820b54\t TransferType: consumed\t Action: download_from_s3\t FileName: mafdb_31199a0a134043b94c15114abad10433bfa58c2f87e3106720f88bf29e76f1ae.json\t Bucket: denethor\t FilePath: mafdb/mafdb_31199a0a134043b94c15114abad10433bfa58c2f87e3106720f88bf29e76f1ae.json\t LocalFilePath: /tmp/mafdb/mafdb_31199a0a134043b94c15114abad10433bfa58c2f87e3106720f88bf29e76f1ae.json\t FileSize: 273 bytes\t TransferDuration: 44.703865999963455 ms\n",
        "ingestionTime": 1744981075268,
        "eventId": "38914378198437064482303995949005294925248004138365026326"
    },
    {
        "logStreamName": "2025/04/18/[$LATEST]1edba537fbc945e196b5bae2c75de372",
        "timestamp": 1744981069167,
        "message": "FILE_TRANSFER RequestId: 494aa35b-bfb1-4c1d-b2ab-4329b7820b54\t TransferType: consumed\t Action: download_from_s3\t FileName: mafdb_c2a1e960932a069de5927d1067dde414f501136aba941befca2a4654e72bb08a.json\t Bucket: denethor\t FilePath: mafdb/mafdb_c2a1e960932a069de5927d1067dde414f501136aba941befca2a4654e72bb08a.json\t LocalFilePath: /tmp/mafdb/mafdb_c2a1e960932a069de5927d1067dde414f501136aba941befca2a4654e72bb08a.json\t FileSize: 273 bytes\t TransferDuration: 59.665427999789244 ms\n",
        "ingestionTime": 1744981075268,
        "eventId": "38914378199752808449017302714355902303334257467217870871"
    },
    {
        "logStreamName": "2025/04/18/[$LATEST]1edba537fbc945e196b5bae2c75de372",
        "timestamp": 1744981069216,
        "message": "FILE_TRANSFER RequestId: 494aa35b-bfb1-4c1d-b2ab-4329b7820b54\t TransferType: consumed\t Action: download_from_s3\t FileName: mafdb_49ad0997fa75ff9233f44bffe4f6033aaaf8676ed8f4cbac92057d25395497e6.json\t Bucket: denethor\t FilePath: mafdb/mafdb_49ad0997fa75ff9233f44bffe4f6033aaaf8676ed8f4cbac92057d25395497e6.json\t LocalFilePath: /tmp/mafdb/mafdb_49ad0997fa75ff9233f44bffe4f6033aaaf8676ed8f4cbac92057d25395497e6.json\t FileSize: 273 bytes\t TransferDuration: 48.462973999903625 ms\n",
        "ingestionTime": 1744981075268,
        "eventId": "38914378200845544963745303248291152498694027181010911256"
    },
    {
        "logStreamName": "2025/04/18/[$LATEST]1edba537fbc945e196b5bae2c75de372",
        "timestamp": 1744981069266,
        "message": "FILE_TRANSFER RequestId: 494aa35b-bfb1-4c1d-b2ab-4329b7820b54\t TransferType: consumed\t Action: download_from_s3\t FileName: mafdb_406ececbafe0a937f2a967e4dae5f862923efb2e1397870f6cc1ba8e050e1da7.json\t Bucket: denethor\t FilePath: mafdb/mafdb_406ececbafe0a937f2a967e4dae5f862923efb2e1397870f6cc1ba8e050e1da7.json\t LocalFilePath: /tmp/mafdb/mafdb_406ececbafe0a937f2a967e4dae5f862923efb2e1397870f6cc1ba8e050e1da7.json\t FileSize: 273 bytes\t TransferDuration: 50.353306000033626 ms\n",
        "ingestionTime": 1744981075268,
        "eventId": "38914378201960582223671834405367938412326445256309932057"
    },
    {
        "logStreamName": "2025/04/18/[$LATEST]1edba537fbc945e196b5bae2c75de372",
        "timestamp": 1744981069330,
        "message": "FILE_TRANSFER RequestId: 494aa35b-bfb1-4c1d-b2ab-4329b7820b54\t TransferType: consumed\t Action: download_from_s3\t FileName: mafdb_e7f2f9266538f691bae81aa42aeb881fcfc1833e62d05d9141e808a0cb0095fa.json\t Bucket: denethor\t FilePath: mafdb/mafdb_e7f2f9266538f691bae81aa42aeb881fcfc1833e62d05d9141e808a0cb0095fa.json\t LocalFilePath: /tmp/mafdb/mafdb_e7f2f9266538f691bae81aa42aeb881fcfc1833e62d05d9141e808a0cb0095fa.json\t FileSize: 273 bytes\t TransferDuration: 63.217887000064366 ms\n",
        "ingestionTime": 1744981075268,
        "eventId": "38914378203387829916377794286426224381775940392692678682"
    },
    {
        "logStreamName": "2025/04/18/[$LATEST]1edba537fbc945e196b5bae2c75de372",
        "timestamp": 1744981069375,
        "message": "FILE_TRANSFER RequestId: 494aa35b-bfb1-4c1d-b2ab-4329b7820b54\t TransferType: consumed\t Action: download_from_s3\t FileName: mafdb_e883ff130a9d34d26c58c15a735e96baab78aacec64abad0788f83f54423b943.json\t Bucket: denethor\t FilePath: mafdb/mafdb_e883ff130a9d34d26c58c15a735e96baab78aacec64abad0788f83f54423b943.json\t LocalFilePath: /tmp/mafdb/mafdb_e883ff130a9d34d26c58c15a735e96baab78aacec64abad0788f83f54423b943.json\t FileSize: 273 bytes\t TransferDuration: 44.85428599991792 ms\n",
        "ingestionTime": 1744981075268,
        "eventId": "38914378204391363450311672327795331704045116660461797403"
    },
    {
        "logStreamName": "2025/04/18/[$LATEST]1edba537fbc945e196b5bae2c75de372",
        "timestamp": 1744981069467,
        "message": "FILE_TRANSFER RequestId: 494aa35b-bfb1-4c1d-b2ab-4329b7820b54\t TransferType: consumed\t Action: download_from_s3\t FileName: mafdb_d215ba5497d3d3be2e105b2328e50bdccf602b7e0745016c80fa6f9913e5432f.json\t Bucket: denethor\t FilePath: mafdb/mafdb_d215ba5497d3d3be2e105b2328e50bdccf602b7e0745016c80fa6f9913e5432f.json\t LocalFilePath: /tmp/mafdb/mafdb_d215ba5497d3d3be2e105b2328e50bdccf602b7e0745016c80fa6f9913e5432f.json\t FileSize: 273 bytes\t TransferDuration: 92.43977799997083 ms\n",
        "ingestionTime": 1744981075268,
        "eventId": "38914378206443032008576489656816617785128765919011995676"
    },
    {
        "logStreamName": "2025/04/18/[$LATEST]1edba537fbc945e196b5bae2c75de372",
        "timestamp": 1744981069547,
        "message": "FILE_TRANSFER RequestId: 494aa35b-bfb1-4c1d-b2ab-4329b7820b54\t TransferType: consumed\t Action: download_from_s3\t FileName: mafdb_f871e6272680ce0853ce488fc481f480aa4e243fa14dd104803b05fb209cf094.json\t Bucket: denethor\t FilePath: mafdb/mafdb_f871e6272680ce0853ce488fc481f480aa4e243fa14dd104803b05fb209cf094.json\t LocalFilePath: /tmp/mafdb/mafdb_f871e6272680ce0853ce488fc481f480aa4e243fa14dd104803b05fb209cf094.json\t FileSize: 273 bytes\t TransferDuration: 79.62373200007278 ms\n",
        "ingestionTime": 1744981075268,
        "eventId": "38914378208227091624458939508139475246940634839490428957"
    },
    {
        "logStreamName": "2025/04/18/[$LATEST]1edba537fbc945e196b5bae2c75de372",
        "timestamp": 1744981069616,
        "message": "FILE_TRANSFER RequestId: 494aa35b-bfb1-4c1d-b2ab-4329b7820b54\t TransferType: consumed\t Action: download_from_s3\t FileName: mafdb_2ff7bb92e85df3f56dc7f35d3ca7b2bd150b675386145658d2fca63a9e2a3805.json\t Bucket: denethor\t FilePath: mafdb/mafdb_2ff7bb92e85df3f56dc7f35d3ca7b2bd150b675386145658d2fca63a9e2a3805.json\t LocalFilePath: /tmp/mafdb/mafdb_2ff7bb92e85df3f56dc7f35d3ca7b2bd150b675386145658d2fca63a9e2a3805.json\t FileSize: 273 bytes\t TransferDuration: 69.59072300014668 ms\n",
        "ingestionTime": 1744981075268,
        "eventId": "38914378209765843043157552504905439807753371783403077662"
    },
    {
        "logStreamName": "2025/04/18/[$LATEST]1edba537fbc945e196b5bae2c75de372",
        "timestamp": 1744981069660,
        "message": "FILE_TRANSFER RequestId: 494aa35b-bfb1-4c1d-b2ab-4329b7820b54\t TransferType: consumed\t Action: download_from_s3\t FileName: mafdb_47fb2615fc585137c90363d35106c9022fdcc722571f7ed6d93a0e213c75c760.json\t Bucket: denethor\t FilePath: mafdb/mafdb_47fb2615fc585137c90363d35106c9022fdcc722571f7ed6d93a0e213c75c760.json\t LocalFilePath: /tmp/mafdb/mafdb_47fb2615fc585137c90363d35106c9022fdcc722571f7ed6d93a0e213c75c760.json\t FileSize: 273 bytes\t TransferDuration: 43.28314499980479 ms\n",
        "ingestionTime": 1744981075268,
        "eventId": "38914378210747075831892899923133011411749899689666215967"
    },
    {
        "logStreamName": "2025/04/18/[$LATEST]1edba537fbc945e196b5bae2c75de372",
        "timestamp": 1744981069717,
        "message": "FILE_TRANSFER RequestId: 494aa35b-bfb1-4c1d-b2ab-4329b7820b54\t TransferType: consumed\t Action: download_from_s3\t FileName: mafdb_68e664a9a27eba1488202e5ea16bb79aee50d9c2456068b25a29d7ca46c1450f.json\t Bucket: denethor\t FilePath: mafdb/mafdb_68e664a9a27eba1488202e5ea16bb79aee50d9c2456068b25a29d7ca46c1450f.json\t LocalFilePath: /tmp/mafdb/mafdb_68e664a9a27eba1488202e5ea16bb79aee50d9c2456068b25a29d7ca46c1450f.json\t FileSize: 273 bytes\t TransferDuration: 57.391621000078885 ms\n",
        "ingestionTime": 1744981075268,
        "eventId": "38914378212018218308209145442200547353290856295507099680"
    },
    {
        "logStreamName": "2025/04/18/[$LATEST]1edba537fbc945e196b5bae2c75de372",
        "timestamp": 1744981069791,
        "message": "FILE_TRANSFER RequestId: 494aa35b-bfb1-4c1d-b2ab-4329b7820b54\t TransferType: consumed\t Action: download_from_s3\t FileName: mafdb_f6c9786df6a492206e55eb3d3911d34dbd753bfef23be22d8635d72135a7fbc7.json\t Bucket: denethor\t FilePath: mafdb/mafdb_f6c9786df6a492206e55eb3d3911d34dbd753bfef23be22d8635d72135a7fbc7.json\t LocalFilePath: /tmp/mafdb/mafdb_f6c9786df6a492206e55eb3d3911d34dbd753bfef23be22d8635d72135a7fbc7.json\t FileSize: 273 bytes\t TransferDuration: 73.4387800002878 ms\n",
        "ingestionTime": 1744981075268,
        "eventId": "38914378213668473452900411554674190505466835046949650465"
    },
    {
        "logStreamName": "2025/04/18/[$LATEST]1edba537fbc945e196b5bae2c75de372",
        "timestamp": 1744981069847,
        "message": "FILE_TRANSFER RequestId: 494aa35b-bfb1-4c1d-b2ab-4329b7820b54\t TransferType: consumed\t Action: download_from_s3\t FileName: mafdb_87129d44586b87142d9940a8b1bdbebcfa7b0454f32076964711670e9940a5bc.json\t Bucket: denethor\t FilePath: mafdb/mafdb_87129d44586b87142d9940a8b1bdbebcfa7b0454f32076964711670e9940a5bc.json\t LocalFilePath: /tmp/mafdb/mafdb_87129d44586b87142d9940a8b1bdbebcfa7b0454f32076964711670e9940a5bc.json\t FileSize: 273 bytes\t TransferDuration: 56.018359000063356 ms\n",
        "ingestionTime": 1744981075268,
        "eventId": "38914378214917315184018126450600190728735143291284553762"
    },
    {
        "logStreamName": "2025/04/18/[$LATEST]1edba537fbc945e196b5bae2c75de372",
        "timestamp": 1744981069903,
        "message": "FILE_TRANSFER RequestId: 494aa35b-bfb1-4c1d-b2ab-4329b7820b54\t TransferType: consumed\t Action: download_from_s3\t FileName: mafdb_ffac685782ba2ceabfc02088f70f3473d570818cc3d9c58c8979a425bc171247.json\t Bucket: denethor\t FilePath: mafdb/mafdb_ffac685782ba2ceabfc02088f70f3473d570818cc3d9c58c8979a425bc171247.json\t LocalFilePath: /tmp/mafdb/mafdb_ffac685782ba2ceabfc02088f70f3473d570818cc3d9c58c8979a425bc171247.json\t FileSize: 273 bytes\t TransferDuration: 55.79515599993101 ms\n",
        "ingestionTime": 1744981075268,
        "eventId": "38914378216166156915135841346526190952003451535619457059"
    },
    {
        "logStreamName": "2025/04/18/[$LATEST]1edba537fbc945e196b5bae2c75de372",
        "timestamp": 1744981069945,
        "message": "FILE_TRANSFER RequestId: 494aa35b-bfb1-4c1d-b2ab-4329b7820b54\t TransferType: consumed\t Action: download_from_s3\t FileName: mafdb_42b7a1940d80c9e5d1a1eb427219fad89ed0198775d719cc0f6171541419e487.json\t Bucket: denethor\t FilePath: mafdb/mafdb_42b7a1940d80c9e5d1a1eb427219fad89ed0198775d719cc0f6171541419e487.json\t LocalFilePath: /tmp/mafdb/mafdb_42b7a1940d80c9e5d1a1eb427219fad89ed0198775d719cc0f6171541419e487.json\t FileSize: 273 bytes\t TransferDuration: 42.52984699996887 ms\n",
        "ingestionTime": 1744981075268,
        "eventId": "38914378217102788213474127518470691119454682718870634532"
    },
    {
        "logStreamName": "2025/04/18/[$LATEST]1edba537fbc945e196b5bae2c75de372",
        "timestamp": 1744981070008,
        "message": "FILE_TRANSFER RequestId: 494aa35b-bfb1-4c1d-b2ab-4329b7820b54\t TransferType: consumed\t Action: download_from_s3\t FileName: mafdb_d7e79060050e13568977fc2c739b9eddf447a0cefe974cf809a00c1179f02def.json\t Bucket: denethor\t FilePath: mafdb/mafdb_d7e79060050e13568977fc2c739b9eddf447a0cefe974cf809a00c1179f02def.json\t LocalFilePath: /tmp/mafdb/mafdb_d7e79060050e13568977fc2c739b9eddf447a0cefe974cf809a00c1179f02def.json\t FileSize: 273 bytes\t TransferDuration: 62.80121100007818 ms\n",
        "ingestionTime": 1744981075268,
        "eventId": "38914378218507735160981556776387441370631529493747400741"
    },
    {
        "logStreamName": "2025/04/18/[$LATEST]1edba537fbc945e196b5bae2c75de372",
        "timestamp": 1744981070080,
        "message": "FILE_TRANSFER RequestId: 494aa35b-bfb1-4c1d-b2ab-4329b7820b54\t TransferType: consumed\t Action: download_from_s3\t FileName: mafdb_b61e3844996fd21e45a7d054f79694e53c5aede5327c90900ed7183119a56bfb.json\t Bucket: denethor\t FilePath: mafdb/mafdb_b61e3844996fd21e45a7d054f79694e53c5aede5327c90900ed7183119a56bfb.json\t LocalFilePath: /tmp/mafdb/mafdb_b61e3844996fd21e45a7d054f79694e53c5aede5327c90900ed7183119a56bfb.json\t FileSize: 273 bytes\t TransferDuration: 72.01771300015025 ms\n",
        "ingestionTime": 1744981075268,
        "eventId": "38914378220113388815275761642578013086262211522177990694"
    },
    {
        "logStreamName": "2025/04/18/[$LATEST]1edba537fbc945e196b5bae2c75de372",
        "timestamp": 1744981070126,
        "message": "FILE_TRANSFER RequestId: 494aa35b-bfb1-4c1d-b2ab-4329b7820b54\t TransferType: consumed\t Action: download_from_s3\t FileName: mafdb_29c4ddd140d117364cadffd440f0642c27bbc2412f4567e0cb32891cc3ef36a1.json\t Bucket: denethor\t FilePath: mafdb/mafdb_29c4ddd140d117364cadffd440f0642c27bbc2412f4567e0cb32891cc3ef36a1.json\t LocalFilePath: /tmp/mafdb/mafdb_29c4ddd140d117364cadffd440f0642c27bbc2412f4567e0cb32891cc3ef36a1.json\t FileSize: 273 bytes\t TransferDuration: 45.89704499994696 ms\n",
        "ingestionTime": 1744981075268,
        "eventId": "38914378221139223094408170307088656126804036151453089831"
    },
    {
        "logStreamName": "2025/04/18/[$LATEST]1edba537fbc945e196b5bae2c75de372",
        "timestamp": 1744981070170,
        "message": "FILE_TRANSFER RequestId: 494aa35b-bfb1-4c1d-b2ab-4329b7820b54\t TransferType: consumed\t Action: download_from_s3\t FileName: mafdb_4626fea2abf7ed35f5f28026640ab18610584687978217b1f40af22fe37f6572.json\t Bucket: denethor\t FilePath: mafdb/mafdb_4626fea2abf7ed35f5f28026640ab18610584687978217b1f40af22fe37f6572.json\t LocalFilePath: /tmp/mafdb/mafdb_4626fea2abf7ed35f5f28026640ab18610584687978217b1f40af22fe37f6572.json\t FileSize: 273 bytes\t TransferDuration: 44.264879999900586 ms\n",
        "ingestionTime": 1744981075268,
        "eventId": "38914378222120455883143517725316227730800564057716228136"
    },
    {
        "logStreamName": "2025/04/18/[$LATEST]1edba537fbc945e196b5bae2c75de372",
        "timestamp": 1744981070219,
        "message": "FILE_TRANSFER RequestId: 494aa35b-bfb1-4c1d-b2ab-4329b7820b54\t TransferType: consumed\t Action: download_from_s3\t FileName: mafdb_445b1fba33e16cd436442a3a77bf395f50fd97b749d80a4ea1cdfce773bb0774.json\t Bucket: denethor\t FilePath: mafdb/mafdb_445b1fba33e16cd436442a3a77bf395f50fd97b749d80a4ea1cdfce773bb0774.json\t LocalFilePath: /tmp/mafdb/mafdb_445b1fba33e16cd436442a3a77bf395f50fd97b749d80a4ea1cdfce773bb0774.json\t FileSize: 273 bytes\t TransferDuration: 48.261815999921964 ms\n",
        "ingestionTime": 1744981075268,
        "eventId": "38914378223213192397871518259251477926160333771509268521"
    },
    {
        "logStreamName": "2025/04/18/[$LATEST]1edba537fbc945e196b5bae2c75de372",
        "timestamp": 1744981070277,
        "message": "FILE_TRANSFER RequestId: 494aa35b-bfb1-4c1d-b2ab-4329b7820b54\t TransferType: consumed\t Action: download_from_s3\t FileName: mafdb_7aa0e0772e1c689c49550813d4d69f69cf00ce1c31ded8e93e9d062016b4ea81.json\t Bucket: denethor\t FilePath: mafdb/mafdb_7aa0e0772e1c689c49550813d4d69f69cf00ce1c31ded8e93e9d062016b4ea81.json\t LocalFilePath: /tmp/mafdb/mafdb_7aa0e0772e1c689c49550813d4d69f69cf00ce1c31ded8e93e9d062016b4ea81.json\t FileSize: 273 bytes\t TransferDuration: 58.32433500017942 ms\n",
        "ingestionTime": 1744981075268,
        "eventId": "38914378224506635619386294401460549585973938738856132650"
    },
    {
        "logStreamName": "2025/04/18/[$LATEST]1edba537fbc945e196b5bae2c75de372",
        "timestamp": 1744981070335,
        "message": "FILE_TRANSFER RequestId: 494aa35b-bfb1-4c1d-b2ab-4329b7820b54\t TransferType: consumed\t Action: download_from_s3\t FileName: mafdb_a10de1e435f46b875ce088b70edd639bb15f15e47181e4a02fd1d3279f474a75.json\t Bucket: denethor\t FilePath: mafdb/mafdb_a10de1e435f46b875ce088b70edd639bb15f15e47181e4a02fd1d3279f474a75.json\t LocalFilePath: /tmp/mafdb/mafdb_a10de1e435f46b875ce088b70edd639bb15f15e47181e4a02fd1d3279f474a75.json\t FileSize: 273 bytes\t TransferDuration: 57.2508199998083 ms\n",
        "ingestionTime": 1744981075268,
        "eventId": "38914378225800078840901070543669621245787543706202996779"
    },
    {
        "logStreamName": "2025/04/18/[$LATEST]1edba537fbc945e196b5bae2c75de372",
        "timestamp": 1744981070383,
        "message": "FILE_TRANSFER RequestId: 494aa35b-bfb1-4c1d-b2ab-4329b7820b54\t TransferType: consumed\t Action: download_from_s3\t FileName: mafdb_e61287967464938dd8658e2b6f8063c95a2a8288b950145c07d8cd279f06fe96.json\t Bucket: denethor\t FilePath: mafdb/mafdb_e61287967464938dd8658e2b6f8063c95a2a8288b950145c07d8cd279f06fe96.json\t LocalFilePath: /tmp/mafdb/mafdb_e61287967464938dd8658e2b6f8063c95a2a8288b950145c07d8cd279f06fe96.json\t FileSize: 232 bytes\t TransferDuration: 48.510668000290025 ms\n",
        "ingestionTime": 1744981075268,
        "eventId": "38914378226870514610430540454463335722874665058490056748"
    },
    {
        "logStreamName": "2025/04/18/[$LATEST]1edba537fbc945e196b5bae2c75de372",
        "timestamp": 1744981070432,
        "message": "FILE_TRANSFER RequestId: 494aa35b-bfb1-4c1d-b2ab-4329b7820b54\t TransferType: consumed\t Action: download_from_s3\t FileName: mafdb_45d317fa4103ebc6a5ca76d68fd00bce02d7a5f088e6155430a660f0514147a3.json\t Bucket: denethor\t FilePath: mafdb/mafdb_45d317fa4103ebc6a5ca76d68fd00bce02d7a5f088e6155430a660f0514147a3.json\t LocalFilePath: /tmp/mafdb/mafdb_45d317fa4103ebc6a5ca76d68fd00bce02d7a5f088e6155430a660f0514147a3.json\t FileSize: 232 bytes\t TransferDuration: 49.16030200001842 ms\n",
        "ingestionTime": 1744981075268,
        "eventId": "38914378227963251125158540988398585918234434772283097133"
    },
    {
        "logStreamName": "2025/04/18/[$LATEST]1edba537fbc945e196b5bae2c75de372",
        "timestamp": 1744981070484,
        "message": "FILE_TRANSFER RequestId: 494aa35b-bfb1-4c1d-b2ab-4329b7820b54\t TransferType: consumed\t Action: download_from_s3\t FileName: mafdb_953e1a111e13fbeb681f915778ac824e009ef79d64fc7cfa76e6c118a64274b0.json\t Bucket: denethor\t FilePath: mafdb/mafdb_953e1a111e13fbeb681f915778ac824e009ef79d64fc7cfa76e6c118a64274b0.json\t LocalFilePath: /tmp/mafdb/mafdb_953e1a111e13fbeb681f915778ac824e009ef79d64fc7cfa76e6c118a64274b0.json\t FileSize: 232 bytes\t TransferDuration: 52.03328399966267 ms\n",
        "ingestionTime": 1744981075268,
        "eventId": "38914378229122889875482133391758443268412149570594078766"
    },
    {
        "logStreamName": "2025/04/18/[$LATEST]1edba537fbc945e196b5bae2c75de372",
        "timestamp": 1744981070531,
        "message": "FILE_TRANSFER RequestId: 494aa35b-bfb1-4c1d-b2ab-4329b7820b54\t TransferType: consumed\t Action: download_from_s3\t FileName: mafdb_dd5bb0860cd8cfcf1de73c7e51fea56058e02019372b37c0fbe797a9a837ad38.json\t Bucket: denethor\t FilePath: mafdb/mafdb_dd5bb0860cd8cfcf1de73c7e51fea56058e02019372b37c0fbe797a9a837ad38.json\t LocalFilePath: /tmp/mafdb/mafdb_dd5bb0860cd8cfcf1de73c7e51fea56058e02019372b37c0fbe797a9a837ad38.json\t FileSize: 232 bytes\t TransferDuration: 46.36342499998136 ms\n",
        "ingestionTime": 1744981075268,
        "eventId": "38914378230171024899813072679410622027226622561375158319"
    },
    {
        "logStreamName": "2025/04/18/[$LATEST]1edba537fbc945e196b5bae2c75de372",
        "timestamp": 1744981070531,
        "message": "CONSUMED_FILES_INFO RequestId: 494aa35b-bfb1-4c1d-b2ab-4329b7820b54\t FilesCount: 45 files\t FilesSize: 22416 bytes\t TransferDuration: 2635.6612180006778 ms\t ConsumedFiles: ['mafdb_6f7a2b1116e6a791f68a03367473294792b679a6357b6789f3f993b1f83e2e80.json', 'mafdb_54d8ddd695de385cbe16742ebc6fdcb479cd2b8e3c0cd457826222c83fe6bb7c.json', 'mafdb_1f6ccfc97b000b314f6a6c7e2582a4263b17ffc061fef38bd3c9a63fa631759f.json', 'mafdb_bd5d862db8f1d6b261aaeb3b8ecb83d67004ffb7524cb75c5f1f8454224f7c91.json', 'mafdb_861b6fcf310a5a4a01036477cd0e28e972c4aa89be1fcccfc0eab6cd45e9fd74.json', 'mafdb_7d398773bfc3e4435be56d8711457fd7fc190e97e32d7ec51a8a702e16118c4d.json', 'mafdb_c451a256436a5fc45a562eaf2fead8dd42917b32894e636d2b705f5405224a88.json', 'mafdb_7511017a4e93687a5be47b55aa4c08eff48c283a8153f5e070747057ad693f80.json', 'mafdb_3891ae3bc299950ca7a78c4d495828659f2cb320e0641ad8c6bfc4ced2d8e2b0.json', 'mafdb_58aa863a1439bf886daca0713239dba1882676aea5266e0af5bebad97529db92.json', 'mafdb_c1f206b6efa75e1df509578ad4d9fb9ea330d34e7283ccf9d6ad80fdedf66b9a.json', 'mafdb_c3c2025f352d34b4b79a48619176577388b06f30619772ddea31df49ee988aff.json', 'mafdb_c5b5a3a4bd54a110140df77527325958d257fc9b669bca89b332593540c1dc20.json', 'mafdb_51e18dc31f0c330513b45085a52c5ecd1e4a0a9130d2805a71368f1cbe17f65e.json', 'mafdb_95cfb922ebd546f21edcc627a60ea2a6235550bbba3696739fcaca409f1a0232.json', 'mafdb_783d326a98c97c227099cd46e1eb2739e8954c844e628390759f21e7b4e19db0.json', 'mafdb_e7fcb374868f23c5b66908ff13d437f525bdef064d3f7604b08f9b68087e91c4.json', 'mafdb_bdf7b87e05be228017da27afd5fd158ebe4fcf138008526635b8bcdbe380f328.json', 'mafdb_1d419943bc17a86fe648d8caad874862360b7c73c08c99b7c26040bc9939b002.json', 'mafdb_31199a0a134043b94c15114abad10433bfa58c2f87e3106720f88bf29e76f1ae.json', 'mafdb_c2a1e960932a069de5927d1067dde414f501136aba941befca2a4654e72bb08a.json', 'mafdb_49ad0997fa75ff9233f44bffe4f6033aaaf8676ed8f4cbac92057d25395497e6.json', 'mafdb_406ececbafe0a937f2a967e4dae5f862923efb2e1397870f6cc1ba8e050e1da7.json', 'mafdb_e7f2f9266538f691bae81aa42aeb881fcfc1833e62d05d9141e808a0cb0095fa.json', 'mafdb_e883ff130a9d34d26c58c15a735e96baab78aacec64abad0788f83f54423b943.json', 'mafdb_d215ba5497d3d3be2e105b2328e50bdccf602b7e0745016c80fa6f9913e5432f.json', 'mafdb_f871e6272680ce0853ce488fc481f480aa4e243fa14dd104803b05fb209cf094.json', 'mafdb_2ff7bb92e85df3f56dc7f35d3ca7b2bd150b675386145658d2fca63a9e2a3805.json', 'mafdb_47fb2615fc585137c90363d35106c9022fdcc722571f7ed6d93a0e213c75c760.json', 'mafdb_68e664a9a27eba1488202e5ea16bb79aee50d9c2456068b25a29d7ca46c1450f.json', 'mafdb_f6c9786df6a492206e55eb3d3911d34dbd753bfef23be22d8635d72135a7fbc7.json', 'mafdb_87129d44586b87142d9940a8b1bdbebcfa7b0454f32076964711670e9940a5bc.json', 'mafdb_ffac685782ba2ceabfc02088f70f3473d570818cc3d9c58c8979a425bc171247.json', 'mafdb_42b7a1940d80c9e5d1a1eb427219fad89ed0198775d719cc0f6171541419e487.json', 'mafdb_d7e79060050e13568977fc2c739b9eddf447a0cefe974cf809a00c1179f02def.json', 'mafdb_b61e3844996fd21e45a7d054f79694e53c5aede5327c90900ed7183119a56bfb.json', 'mafdb_29c4ddd140d117364cadffd440f0642c27bbc2412f4567e0cb32891cc3ef36a1.json', 'mafdb_4626fea2abf7ed35f5f28026640ab18610584687978217b1f40af22fe37f6572.json', 'mafdb_445b1fba33e16cd436442a3a77bf395f50fd97b749d80a4ea1cdfce773bb0774.json', 'mafdb_7aa0e0772e1c689c49550813d4d69f69cf00ce1c31ded8e93e9d062016b4ea81.json', 'mafdb_a10de1e435f46b875ce088b70edd639bb15f15e47181e4a02fd1d3279f474a75.json', 'mafdb_e61287967464938dd8658e2b6f8063c95a2a8288b950145c07d8cd279f06fe96.json', 'mafdb_45d317fa4103ebc6a5ca76d68fd00bce02d7a5f088e6155430a660f0514147a3.json', 'mafdb_953e1a111e13fbeb681f915778ac824e009ef79d64fc7cfa76e6c118a64274b0.json', 'mafdb_dd5bb0860cd8cfcf1de73c7e51fea56058e02019372b37c0fbe797a9a837ad38.json']\n",
        "ingestionTime": 1744981075268,
        "eventId": "38914378230171024899813072679410622027226622561375158320"
    },
    {
        "logStreamName": "2025/04/18/[$LATEST]1edba537fbc945e196b5bae2c75de372",
        "timestamp": 1744981070534,
        "message": "[INFO]\t2025-04-18T12:57:50.534Z\t494aa35b-bfb1-4c1d-b2ab-4329b7820b54\tMAF_DATABASE_AGGREGATOR RequestId: 494aa35b-bfb1-4c1d-b2ab-4329b7820b54\t Duration: 2.806112000143912 ms\t InputLength: 45\t MaxMaf: 8\t MafDatabase: {'1': {'tree_ORTHOMCL256_Inner4.nexus': ['tree_ORTHOMCL256_2_Inner4.nexus', 'tree_ORTHOMCL256_2_Inner5.nexus', 'tree_ORTHOMCL256_2_Inner6.nexus', 'tree_ORTHOMCL256_2_Inner7.nexus', 'tree_ORTHOMCL256_2_Inner8.nexus'], 'tree_ORTHOMCL256_Inner5.nexus': ['tree_ORTHOMCL256_2_Inner4.nexus'], 'tree_ORTHOMCL256_Inner6.nexus': ['tree_ORTHOMCL256_2_Inner4.nexus'], 'tree_ORTHOMCL256_Inner7.nexus': ['tree_ORTHOMCL256_2_Inner4.nexus'], 'tree_ORTHOMCL256_Inner8.nexus': ['tree_ORTHOMCL256_2_Inner4.nexus'], 'tree_ORTHOMCL256_2_Inner4.nexus': ['tree_ORTHOMCL256_Inner4.nexus', 'tree_ORTHOMCL256_Inner5.nexus', 'tree_ORTHOMCL256_Inner6.nexus', 'tree_ORTHOMCL256_Inner7.nexus', 'tree_ORTHOMCL256_Inner8.nexus'], 'tree_ORTHOMCL256_2_Inner5.nexus': ['tree_ORTHOMCL256_Inner4.nexus'], 'tree_ORTHOMCL256_2_Inner6.nexus': ['tree_ORTHOMCL256_Inner4.nexus'], 'tree_ORTHOMCL256_2_Inner7.nexus': ['tree_ORTHOMCL256_Inner4.nexus'], 'tree_ORTHOMCL256_2_Inner8.nexus': ['tree_ORTHOMCL256_Inner4.nexus']}, '2': {'tree_ORTHOMCL256_Inner1.nexus': ['tree_ORTHOMCL256_2_Inner1.nexus', 'tree_ORTHOMCL256_2_Inner2.nexus', 'tree_ORTHOMCL256_2_Inner3.nexus', 'tree_ORTHOMCL256_2_Inner5.nexus', 'tree_ORTHOMCL256_2_Inner6.nexus', 'tree_ORTHOMCL256_2_Inner7.nexus', 'tree_ORTHOMCL256_2_Inner8.nexus'], 'tree_ORTHOMCL256_Inner2.nexus': ['tree_ORTHOMCL256_2_Inner1.nexus', 'tree_ORTHOMCL256_2_Inner2.nexus', 'tree_ORTHOMCL256_2_Inner3.nexus', 'tree_ORTHOMCL256_2_Inner5.nexus', 'tree_ORTHOMCL256_2_Inner6.nexus', 'tree_ORTHOMCL256_2_Inner7.nexus', 'tree_ORTHOMCL256_2_Inner8.nexus'], 'tree_ORTHOMCL256_Inner3.nexus': ['tree_ORTHOMCL256_2_Inner1.nexus', 'tree_ORTHOMCL256_2_Inner2.nexus'], 'tree_ORTHOMCL256_Inner5.nexus': ['tree_ORTHOMCL256_2_Inner1.nexus', 'tree_ORTHOMCL256_2_Inner2.nexus'], 'tree_ORTHOMCL256_Inner6.nexus': ['tree_ORTHOMCL256_2_Inner1.nexus', 'tree_ORTHOMCL256_2_Inner2.nexus'], 'tree_ORTHOMCL256_Inner7.nexus': ['tree_ORTHOMCL256_2_Inner1.nexus', 'tree_ORTHOMCL256_2_Inner2.nexus'], 'tree_ORTHOMCL256_Inner8.nexus': ['tree_ORTHOMCL256_2_Inner1.nexus', 'tree_ORTHOMCL256_2_Inner2.nexus'], 'tree_ORTHOMCL256_2_Inner1.nexus': ['tree_ORTHOMCL256_Inner1.nexus', 'tree_ORTHOMCL256_Inner2.nexus', 'tree_ORTHOMCL256_Inner3.nexus', 'tree_ORTHOMCL256_Inner5.nexus', 'tree_ORTHOMCL256_Inner6.nexus', 'tree_ORTHOMCL256_Inner7.nexus', 'tree_ORTHOMCL256_Inner8.nexus'], 'tree_ORTHOMCL256_2_Inner2.nexus': ['tree_ORTHOMCL256_Inner1.nexus', 'tree_ORTHOMCL256_Inner2.nexus', 'tree_ORTHOMCL256_Inner3.nexus', 'tree_ORTHOMCL256_Inner5.nexus', 'tree_ORTHOMCL256_Inner6.nexus', 'tree_ORTHOMCL256_Inner7.nexus', 'tree_ORTHOMCL256_Inner8.nexus'], 'tree_ORTHOMCL256_2_Inner3.nexus': ['tree_ORTHOMCL256_Inner1.nexus', 'tree_ORTHOMCL256_Inner2.nexus'], 'tree_ORTHOMCL256_2_Inner5.nexus': ['tree_ORTHOMCL256_Inner1.nexus', 'tree_ORTHOMCL256_Inner2.nexus'], 'tree_ORTHOMCL256_2_Inner6.nexus': ['tree_ORTHOMCL256_Inner1.nexus', 'tree_ORTHOMCL256_Inner2.nexus'], 'tree_ORTHOMCL256_2_Inner7.nexus': ['tree_ORTHOMCL256_Inner1.nexus', 'tree_ORTHOMCL256_Inner2.nexus'], 'tree_ORTHOMCL256_2_Inner8.nexus': ['tree_ORTHOMCL256_Inner1.nexus', 'tree_ORTHOMCL256_Inner2.nexus']}, '3': {'tree_ORTHOMCL256_Inner3.nexus': ['tree_ORTHOMCL256_2_Inner3.nexus', 'tree_ORTHOMCL256_2_Inner5.nexus', 'tree_ORTHOMCL256_2_Inner6.nexus', 'tree_ORTHOMCL256_2_Inner7.nexus', 'tree_ORTHOMCL256_2_Inner8.nexus'], 'tree_ORTHOMCL256_Inner5.nexus': ['tree_ORTHOMCL256_2_Inner3.nexus'], 'tree_ORTHOMCL256_Inner6.nexus': ['tree_ORTHOMCL256_2_Inner3.nexus'], 'tree_ORTHOMCL256_Inner7.nexus': ['tree_ORTHOMCL256_2_Inner3.nexus'], 'tree_ORTHOMCL256_Inner8.nexus': ['tree_ORTHOMCL256_2_Inner3.nexus'], 'tree_ORTHOMCL256_2_Inner3.nexus': ['tree_ORTHOMCL256_Inner3.nexus', 'tree_ORTHOMCL256_Inner5.nexus', 'tree_ORTHOMCL256_Inner6.nexus', 'tree_ORTHOMCL256_Inner7.nexus', 'tree_ORTHOMCL256_Inner8.nexus'], 'tree_ORTHOMCL256_2_Inner5.nexus': ['tree_ORTHOMCL256_Inner3.nexus'], 'tree_ORTHOMCL256_2_Inner6.nexus': ['tree_ORTHOMCL256_Inner3.nexus'], 'tree_ORTHOMCL256_2_Inner7.nexus': ['tree_ORTHOMCL256_Inner3.nexus'], 'tree_ORTHOMCL256_2_Inner8.nexus': ['tree_ORTHOMCL256_Inner3.nexus']}, '4': {'tree_ORTHOMCL256_Inner5.nexus': ['tree_ORTHOMCL256_2_Inner5.nexus', 'tree_ORTHOMCL256_2_Inner6.nexus', 'tree_ORTHOMCL256_2_Inner7.nexus', 'tree_ORTHOMCL256_2_Inner8.nexus'], 'tree_ORTHOMCL256_Inner6.nexus': ['tree_ORTHOMCL256_2_Inner5.nexus'], 'tree_ORTHOMCL256_Inner7.nexus': ['tree_ORTHOMCL256_2_Inner5.nexus'], 'tree_ORTHOMCL256_Inner8.nexus': ['tree_ORTHOMCL256_2_Inner5.nexus'], 'tree_ORTHOMCL256_2_Inner5.nexus': ['tree_ORTHOMCL256_Inner5.nexus', 'tree_ORTHOMCL256_Inner6.nexus', 'tree_ORTHOMCL256_Inner7.nexus', 'tree_ORTHOMCL256_Inner8.nexus'], 'tree_ORTHOMCL256_2_Inner6.nexus': ['tree_ORTHOMCL256_Inner5.nexus'], 'tree_ORTHOMCL256_2_Inner7.nexus': ['tree_ORTHOMCL256_Inner5.nexus'], 'tree_ORTHOMCL256_2_Inner8.nexus': ['tree_ORTHOMCL256_Inner5.nexus']}, '5': {'tree_ORTHOMCL256_Inner6.nexus': ['tree_ORTHOMCL256_2_Inner6.nexus', 'tree_ORTHOMCL256_2_Inner7.nexus', 'tree_ORTHOMCL256_2_Inner8.nexus'], 'tree_ORTHOMCL256_Inner7.nexus': ['tree_ORTHOMCL256_2_Inner6.nexus'], 'tree_ORTHOMCL256_Inner8.nexus': ['tree_ORTHOMCL256_2_Inner6.nexus'], 'tree_ORTHOMCL256_2_Inner6.nexus': ['tree_ORTHOMCL256_Inner6.nexus', 'tree_ORTHOMCL256_Inner7.nexus', 'tree_ORTHOMCL256_Inner8.nexus'], 'tree_ORTHOMCL256_2_Inner7.nexus': ['tree_ORTHOMCL256_Inner6.nexus'], 'tree_ORTHOMCL256_2_Inner8.nexus': ['tree_ORTHOMCL256_Inner6.nexus']}, '6': {'tree_ORTHOMCL256_Inner7.nexus': ['tree_ORTHOMCL256_2_Inner7.nexus', 'tree_ORTHOMCL256_2_Inner8.nexus'], 'tree_ORTHOMCL256_Inner8.nexus': ['tree_ORTHOMCL256_2_Inner7.nexus'], 'tree_ORTHOMCL256_2_Inner7.nexus': ['tree_ORTHOMCL256_Inner7.nexus', 'tree_ORTHOMCL256_Inner8.nexus'], 'tree_ORTHOMCL256_2_Inner8.nexus': ['tree_ORTHOMCL256_Inner7.nexus']}, '8': {'tree_ORTHOMCL256_Inner8.nexus': ['tree_ORTHOMCL256_2_Inner8.nexus'], 'tree_ORTHOMCL256_2_Inner8.nexus': ['tree_ORTHOMCL256_Inner8.nexus']}}\n",
        "ingestionTime": 1744981075268,
        "eventId": "38914378230237927135408664548835229182044567645893099569"
    },
    {
        "logStreamName": "2025/04/18/[$LATEST]1edba537fbc945e196b5bae2c75de372",
        "timestamp": 1744981070534,
        "message": "[INFO] 2025-04-18T12:57:50GMT MAF_DATABASE_AGGREGATOR RequestId: 494aa35b-bfb1-4c1d-b2ab-4329b7820b54\t Duration: 2.806112000143912 ms\t InputLength: 45\t MaxMaf: 8\t MafDatabase: {'1': {'tree_ORTHOMCL256_Inner4.nexus': ['tree_ORTHOMCL256_2_Inner4.nexus', 'tree_ORTHOMCL256_2_Inner5.nexus', 'tree_ORTHOMCL256_2_Inner6.nexus', 'tree_ORTHOMCL256_2_Inner7.nexus', 'tree_ORTHOMCL256_2_Inner8.nexus'], 'tree_ORTHOMCL256_Inner5.nexus': ['tree_ORTHOMCL256_2_Inner4.nexus'], 'tree_ORTHOMCL256_Inner6.nexus': ['tree_ORTHOMCL256_2_Inner4.nexus'], 'tree_ORTHOMCL256_Inner7.nexus': ['tree_ORTHOMCL256_2_Inner4.nexus'], 'tree_ORTHOMCL256_Inner8.nexus': ['tree_ORTHOMCL256_2_Inner4.nexus'], 'tree_ORTHOMCL256_2_Inner4.nexus': ['tree_ORTHOMCL256_Inner4.nexus', 'tree_ORTHOMCL256_Inner5.nexus', 'tree_ORTHOMCL256_Inner6.nexus', 'tree_ORTHOMCL256_Inner7.nexus', 'tree_ORTHOMCL256_Inner8.nexus'], 'tree_ORTHOMCL256_2_Inner5.nexus': ['tree_ORTHOMCL256_Inner4.nexus'], 'tree_ORTHOMCL256_2_Inner6.nexus': ['tree_ORTHOMCL256_Inner4.nexus'], 'tree_ORTHOMCL256_2_Inner7.nexus': ['tree_ORTHOMCL256_Inner4.nexus'], 'tree_ORTHOMCL256_2_Inner8.nexus': ['tree_ORTHOMCL256_Inner4.nexus']}, '2': {'tree_ORTHOMCL256_Inner1.nexus': ['tree_ORTHOMCL256_2_Inner1.nexus', 'tree_ORTHOMCL256_2_Inner2.nexus', 'tree_ORTHOMCL256_2_Inner3.nexus', 'tree_ORTHOMCL256_2_Inner5.nexus', 'tree_ORTHOMCL256_2_Inner6.nexus', 'tree_ORTHOMCL256_2_Inner7.nexus', 'tree_ORTHOMCL256_2_Inner8.nexus'], 'tree_ORTHOMCL256_Inner2.nexus': ['tree_ORTHOMCL256_2_Inner1.nexus', 'tree_ORTHOMCL256_2_Inner2.nexus', 'tree_ORTHOMCL256_2_Inner3.nexus', 'tree_ORTHOMCL256_2_Inner5.nexus', 'tree_ORTHOMCL256_2_Inner6.nexus', 'tree_ORTHOMCL256_2_Inner7.nexus', 'tree_ORTHOMCL256_2_Inner8.nexus'], 'tree_ORTHOMCL256_Inner3.nexus': ['tree_ORTHOMCL256_2_Inner1.nexus', 'tree_ORTHOMCL256_2_Inner2.nexus'], 'tree_ORTHOMCL256_Inner5.nexus': ['tree_ORTHOMCL256_2_Inner1.nexus', 'tree_ORTHOMCL256_2_Inner2.nexus'], 'tree_ORTHOMCL256_Inner6.nexus': ['tree_ORTHOMCL256_2_Inner1.nexus', 'tree_ORTHOMCL256_2_Inner2.nexus'], 'tree_ORTHOMCL256_Inner7.nexus': ['tree_ORTHOMCL256_2_Inner1.nexus', 'tree_ORTHOMCL256_2_Inner2.nexus'], 'tree_ORTHOMCL256_Inner8.nexus': ['tree_ORTHOMCL256_2_Inner1.nexus', 'tree_ORTHOMCL256_2_Inner2.nexus'], 'tree_ORTHOMCL256_2_Inner1.nexus': ['tree_ORTHOMCL256_Inner1.nexus', 'tree_ORTHOMCL256_Inner2.nexus', 'tree_ORTHOMCL256_Inner3.nexus', 'tree_ORTHOMCL256_Inner5.nexus', 'tree_ORTHOMCL256_Inner6.nexus', 'tree_ORTHOMCL256_Inner7.nexus', 'tree_ORTHOMCL256_Inner8.nexus'], 'tree_ORTHOMCL256_2_Inner2.nexus': ['tree_ORTHOMCL256_Inner1.nexus', 'tree_ORTHOMCL256_Inner2.nexus', 'tree_ORTHOMCL256_Inner3.nexus', 'tree_ORTHOMCL256_Inner5.nexus', 'tree_ORTHOMCL256_Inner6.nexus', 'tree_ORTHOMCL256_Inner7.nexus', 'tree_ORTHOMCL256_Inner8.nexus'], 'tree_ORTHOMCL256_2_Inner3.nexus': ['tree_ORTHOMCL256_Inner1.nexus', 'tree_ORTHOMCL256_Inner2.nexus'], 'tree_ORTHOMCL256_2_Inner5.nexus': ['tree_ORTHOMCL256_Inner1.nexus', 'tree_ORTHOMCL256_Inner2.nexus'], 'tree_ORTHOMCL256_2_Inner6.nexus': ['tree_ORTHOMCL256_Inner1.nexus', 'tree_ORTHOMCL256_Inner2.nexus'], 'tree_ORTHOMCL256_2_Inner7.nexus': ['tree_ORTHOMCL256_Inner1.nexus', 'tree_ORTHOMCL256_Inner2.nexus'], 'tree_ORTHOMCL256_2_Inner8.nexus': ['tree_ORTHOMCL256_Inner1.nexus', 'tree_ORTHOMCL256_Inner2.nexus']}, '3': {'tree_ORTHOMCL256_Inner3.nexus': ['tree_ORTHOMCL256_2_Inner3.nexus', 'tree_ORTHOMCL256_2_Inner5.nexus', 'tree_ORTHOMCL256_2_Inner6.nexus', 'tree_ORTHOMCL256_2_Inner7.nexus', 'tree_ORTHOMCL256_2_Inner8.nexus'], 'tree_ORTHOMCL256_Inner5.nexus': ['tree_ORTHOMCL256_2_Inner3.nexus'], 'tree_ORTHOMCL256_Inner6.nexus': ['tree_ORTHOMCL256_2_Inner3.nexus'], 'tree_ORTHOMCL256_Inner7.nexus': ['tree_ORTHOMCL256_2_Inner3.nexus'], 'tree_ORTHOMCL256_Inner8.nexus': ['tree_ORTHOMCL256_2_Inner3.nexus'], 'tree_ORTHOMCL256_2_Inner3.nexus': ['tree_ORTHOMCL256_Inner3.nexus', 'tree_ORTHOMCL256_Inner5.nexus', 'tree_ORTHOMCL256_Inner6.nexus', 'tree_ORTHOMCL256_Inner7.nexus', 'tree_ORTHOMCL256_Inner8.nexus'], 'tree_ORTHOMCL256_2_Inner5.nexus': ['tree_ORTHOMCL256_Inner3.nexus'], 'tree_ORTHOMCL256_2_Inner6.nexus': ['tree_ORTHOMCL256_Inner3.nexus'], 'tree_ORTHOMCL256_2_Inner7.nexus': ['tree_ORTHOMCL256_Inner3.nexus'], 'tree_ORTHOMCL256_2_Inner8.nexus': ['tree_ORTHOMCL256_Inner3.nexus']}, '4': {'tree_ORTHOMCL256_Inner5.nexus': ['tree_ORTHOMCL256_2_Inner5.nexus', 'tree_ORTHOMCL256_2_Inner6.nexus', 'tree_ORTHOMCL256_2_Inner7.nexus', 'tree_ORTHOMCL256_2_Inner8.nexus'], 'tree_ORTHOMCL256_Inner6.nexus': ['tree_ORTHOMCL256_2_Inner5.nexus'], 'tree_ORTHOMCL256_Inner7.nexus': ['tree_ORTHOMCL256_2_Inner5.nexus'], 'tree_ORTHOMCL256_Inner8.nexus': ['tree_ORTHOMCL256_2_Inner5.nexus'], 'tree_ORTHOMCL256_2_Inner5.nexus': ['tree_ORTHOMCL256_Inner5.nexus', 'tree_ORTHOMCL256_Inner6.nexus', 'tree_ORTHOMCL256_Inner7.nexus', 'tree_ORTHOMCL256_Inner8.nexus'], 'tree_ORTHOMCL256_2_Inner6.nexus': ['tree_ORTHOMCL256_Inner5.nexus'], 'tree_ORTHOMCL256_2_Inner7.nexus': ['tree_ORTHOMCL256_Inner5.nexus'], 'tree_ORTHOMCL256_2_Inner8.nexus': ['tree_ORTHOMCL256_Inner5.nexus']}, '5': {'tree_ORTHOMCL256_Inner6.nexus': ['tree_ORTHOMCL256_2_Inner6.nexus', 'tree_ORTHOMCL256_2_Inner7.nexus', 'tree_ORTHOMCL256_2_Inner8.nexus'], 'tree_ORTHOMCL256_Inner7.nexus': ['tree_ORTHOMCL256_2_Inner6.nexus'], 'tree_ORTHOMCL256_Inner8.nexus': ['tree_ORTHOMCL256_2_Inner6.nexus'], 'tree_ORTHOMCL256_2_Inner6.nexus': ['tree_ORTHOMCL256_Inner6.nexus', 'tree_ORTHOMCL256_Inner7.nexus', 'tree_ORTHOMCL256_Inner8.nexus'], 'tree_ORTHOMCL256_2_Inner7.nexus': ['tree_ORTHOMCL256_Inner6.nexus'], 'tree_ORTHOMCL256_2_Inner8.nexus': ['tree_ORTHOMCL256_Inner6.nexus']}, '6': {'tree_ORTHOMCL256_Inner7.nexus': ['tree_ORTHOMCL256_2_Inner7.nexus', 'tree_ORTHOMCL256_2_Inner8.nexus'], 'tree_ORTHOMCL256_Inner8.nexus': ['tree_ORTHOMCL256_2_Inner7.nexus'], 'tree_ORTHOMCL256_2_Inner7.nexus': ['tree_ORTHOMCL256_Inner7.nexus', 'tree_ORTHOMCL256_Inner8.nexus'], 'tree_ORTHOMCL256_2_Inner8.nexus': ['tree_ORTHOMCL256_Inner7.nexus']}, '8': {'tree_ORTHOMCL256_Inner8.nexus': ['tree_ORTHOMCL256_2_Inner8.nexus'], 'tree_ORTHOMCL256_2_Inner8.nexus': ['tree_ORTHOMCL256_Inner8.nexus']}}\n",
        "ingestionTime": 1744981075268,
        "eventId": "38914378230237927135408664548835229182044567645893099570"
    },
    {
        "logStreamName": "2025/04/18/[$LATEST]1edba537fbc945e196b5bae2c75de372",
        "timestamp": 1744981070580,
        "message": "FILE_TRANSFER RequestId: 494aa35b-bfb1-4c1d-b2ab-4329b7820b54\t TransferType: produced\t Action: upload_to_s3\t FileName: mafdb_35cdcfe700c4df6acea91dddc6021225b809e8ee3eeaee46007426c590c815c9.json\t Bucket: denethor\t FilePath: mafdb/mafdb_35cdcfe700c4df6acea91dddc6021225b809e8ee3eeaee46007426c590c815c9.json\t LocalFilePath: /tmp/mafdb/mafdb_35cdcfe700c4df6acea91dddc6021225b809e8ee3eeaee46007426c590c815c9.json\t FileSize: 21105 bytes\t TransferDuration: 45.858791999762616 ms\n",
        "ingestionTime": 1744981075268,
        "eventId": "38914378231263761414541073213345872222586392275168198707"
    },
    {
        "logStreamName": "2025/04/18/[$LATEST]1edba537fbc945e196b5bae2c75de372",
        "timestamp": 1744981070581,
        "message": "PRODUCED_FILES_INFO RequestId: 494aa35b-bfb1-4c1d-b2ab-4329b7820b54\t FilesCount: 1 files\t FilesSize: 21105 bytes\t TransferDuration: 45.858791999762616 ms\t Provider: aws_lambda\t  ProducedFiles: ['mafdb_35cdcfe700c4df6acea91dddc6021225b809e8ee3eeaee46007426c590c815c9.json']\n",
        "ingestionTime": 1744981075268,
        "eventId": "38914378231286062159739603836487407940859040636674179124"
    },
    {
        "logStreamName": "2025/04/18/[$LATEST]1edba537fbc945e196b5bae2c75de372",
        "timestamp": 1744981070583,
        "message": "END RequestId: 494aa35b-bfb1-4c1d-b2ab-4329b7820b54\n",
        "ingestionTime": 1744981075268,
        "eventId": "38914378231330663650136665082770479377404337359686139957"
    },
    {
        "logStreamName": "2025/04/18/[$LATEST]1edba537fbc945e196b5bae2c75de372",
        "timestamp": 1744981070583,
        "message": "REPORT RequestId: 494aa35b-bfb1-4c1d-b2ab-4329b7820b54\tDuration: 2691.08 ms\tBilled Duration: 2692 ms\tMemory Size: 2048 MB\tMax Memory Used: 107 MB\tInit Duration: 807.41 ms\t\n",
        "ingestionTime": 1744981075268,
        "eventId": "38914378231330663650136665082770479377404337359686139958"
    }
]