[
    {
        "logStreamName": "2025/04/18/[$LATEST]76cc8d7bcff74b4f829614a185fc906d",
        "timestamp": 1744962747544,
        "message": "INIT_START Runtime Version: python:3.10.v64\tRuntime Version ARN: arn:aws:lambda:sa-east-1::runtime:d56bdc8857b2109a058de2ab50bfb80ac2aa600be6f7855a436859944e5fe54b\n",
        "ingestionTime": 1744962747899,
        "eventId": "38913969613906661910786126264855197258601780368409034752"
    },
    {
        "logStreamName": "2025/04/18/[$LATEST]76cc8d7bcff74b4f829614a185fc906d",
        "timestamp": 1744962748318,
        "message": "START RequestId: 4f5a88b0-b9bd-4d79-9fe9-5be0a0794810 Version: $LATEST\n",
        "ingestionTime": 1744962757344,
        "eventId": "38913969631167438694448828587821949979405291935923503104"
    },
    {
        "logStreamName": "2025/04/18/[$LATEST]76cc8d7bcff74b4f829614a185fc906d",
        "timestamp": 1744962748319,
        "message": "Directory /tmp/mafdb was created!\n",
        "ingestionTime": 1744962757344,
        "eventId": "38913969631189739439647359210963485697677940297429483521"
    },
    {
        "logStreamName": "2025/04/18/[$LATEST]76cc8d7bcff74b4f829614a185fc906d",
        "timestamp": 1744962748404,
        "message": "FILE_TRANSFER RequestId: 4f5a88b0-b9bd-4d79-9fe9-5be0a0794810\t TransferType: consumed\t Action: download_from_s3\t FileName: mafdb_6f7a2b1116e6a791f68a03367473294792b679a6357b6789f3f993b1f83e2e80.json\t Bucket: denethor\t FilePath: mafdb/mafdb_6f7a2b1116e6a791f68a03367473294792b679a6357b6789f3f993b1f83e2e80.json\t LocalFilePath: /tmp/mafdb/mafdb_6f7a2b1116e6a791f68a03367473294792b679a6357b6789f3f993b1f83e2e80.json\t FileSize: 185 bytes\t TransferDuration: 84.7749010000598 ms\n",
        "ingestionTime": 1744962757344,
        "eventId": "38913969633085302781522462177994021750853051025437818882"
    },
    {
        "logStreamName": "2025/04/18/[$LATEST]76cc8d7bcff74b4f829614a185fc906d",
        "timestamp": 1744962748446,
        "message": "FILE_TRANSFER RequestId: 4f5a88b0-b9bd-4d79-9fe9-5be0a0794810\t TransferType: consumed\t Action: download_from_s3\t FileName: mafdb_54d8ddd695de385cbe16742ebc6fdcb479cd2b8e3c0cd457826222c83fe6bb7c.json\t Bucket: denethor\t FilePath: mafdb/mafdb_54d8ddd695de385cbe16742ebc6fdcb479cd2b8e3c0cd457826222c83fe6bb7c.json\t LocalFilePath: /tmp/mafdb/mafdb_54d8ddd695de385cbe16742ebc6fdcb479cd2b8e3c0cd457826222c83fe6bb7c.json\t FileSize: 5180 bytes\t TransferDuration: 41.69766500001515 ms\n",
        "ingestionTime": 1744962757344,
        "eventId": "38913969634021934079860748349938521918304282208688996355"
    },
    {
        "logStreamName": "2025/04/18/[$LATEST]76cc8d7bcff74b4f829614a185fc906d",
        "timestamp": 1744962748503,
        "message": "FILE_TRANSFER RequestId: 4f5a88b0-b9bd-4d79-9fe9-5be0a0794810\t TransferType: consumed\t Action: download_from_s3\t FileName: mafdb_1f6ccfc97b000b314f6a6c7e2582a4263b17ffc061fef38bd3c9a63fa631759f.json\t Bucket: denethor\t FilePath: mafdb/mafdb_1f6ccfc97b000b314f6a6c7e2582a4263b17ffc061fef38bd3c9a63fa631759f.json\t LocalFilePath: /tmp/mafdb/mafdb_1f6ccfc97b000b314f6a6c7e2582a4263b17ffc061fef38bd3c9a63fa631759f.json\t FileSize: 5134 bytes\t TransferDuration: 56.62116100006642 ms\n",
        "ingestionTime": 1744962757344,
        "eventId": "38913969635293076556176993869006057859845238814529880068"
    },
    {
        "logStreamName": "2025/04/18/[$LATEST]76cc8d7bcff74b4f829614a185fc906d",
        "timestamp": 1744962748553,
        "message": "FILE_TRANSFER RequestId: 4f5a88b0-b9bd-4d79-9fe9-5be0a0794810\t TransferType: consumed\t Action: download_from_s3\t FileName: mafdb_bd5d862db8f1d6b261aaeb3b8ecb83d67004ffb7524cb75c5f1f8454224f7c91.json\t Bucket: denethor\t FilePath: mafdb/mafdb_bd5d862db8f1d6b261aaeb3b8ecb83d67004ffb7524cb75c5f1f8454224f7c91.json\t LocalFilePath: /tmp/mafdb/mafdb_bd5d862db8f1d6b261aaeb3b8ecb83d67004ffb7524cb75c5f1f8454224f7c91.json\t FileSize: 355 bytes\t TransferDuration: 50.67604000009851 ms\n",
        "ingestionTime": 1744962757344,
        "eventId": "38913969636408113816103525026082843773477656889828900869"
    },
    {
        "logStreamName": "2025/04/18/[$LATEST]76cc8d7bcff74b4f829614a185fc906d",
        "timestamp": 1744962748594,
        "message": "FILE_TRANSFER RequestId: 4f5a88b0-b9bd-4d79-9fe9-5be0a0794810\t TransferType: consumed\t Action: download_from_s3\t FileName: mafdb_861b6fcf310a5a4a01036477cd0e28e972c4aa89be1fcccfc0eab6cd45e9fd74.json\t Bucket: denethor\t FilePath: mafdb/mafdb_861b6fcf310a5a4a01036477cd0e28e972c4aa89be1fcccfc0eab6cd45e9fd74.json\t LocalFilePath: /tmp/mafdb/mafdb_861b6fcf310a5a4a01036477cd0e28e972c4aa89be1fcccfc0eab6cd45e9fd74.json\t FileSize: 355 bytes\t TransferDuration: 40.203055000006316 ms\n",
        "ingestionTime": 1744962757344,
        "eventId": "38913969637322444369243280574885808222656239711574097926"
    },
    {
        "logStreamName": "2025/04/18/[$LATEST]76cc8d7bcff74b4f829614a185fc906d",
        "timestamp": 1744962748660,
        "message": "FILE_TRANSFER RequestId: 4f5a88b0-b9bd-4d79-9fe9-5be0a0794810\t TransferType: consumed\t Action: download_from_s3\t FileName: mafdb_7d398773bfc3e4435be56d8711457fd7fc190e97e32d7ec51a8a702e16118c4d.json\t Bucket: denethor\t FilePath: mafdb/mafdb_7d398773bfc3e4435be56d8711457fd7fc190e97e32d7ec51a8a702e16118c4d.json\t LocalFilePath: /tmp/mafdb/mafdb_7d398773bfc3e4435be56d8711457fd7fc190e97e32d7ec51a8a702e16118c4d.json\t FileSize: 355 bytes\t TransferDuration: 66.74048499996843 ms\n",
        "ingestionTime": 1744962757344,
        "eventId": "38913969638794293552346301702227165628651031570968805383"
    },
    {
        "logStreamName": "2025/04/18/[$LATEST]76cc8d7bcff74b4f829614a185fc906d",
        "timestamp": 1744962748711,
        "message": "FILE_TRANSFER RequestId: 4f5a88b0-b9bd-4d79-9fe9-5be0a0794810\t TransferType: consumed\t Action: download_from_s3\t FileName: mafdb_c451a256436a5fc45a562eaf2fead8dd42917b32894e636d2b705f5405224a88.json\t Bucket: denethor\t FilePath: mafdb/mafdb_c451a256436a5fc45a562eaf2fead8dd42917b32894e636d2b705f5405224a88.json\t LocalFilePath: /tmp/mafdb/mafdb_c451a256436a5fc45a562eaf2fead8dd42917b32894e636d2b705f5405224a88.json\t FileSize: 355 bytes\t TransferDuration: 50.82475999995495 ms\n",
        "ingestionTime": 1744962757344,
        "eventId": "38913969639931631557471363482445487260556098007773806600"
    },
    {
        "logStreamName": "2025/04/18/[$LATEST]76cc8d7bcff74b4f829614a185fc906d",
        "timestamp": 1744962748768,
        "message": "FILE_TRANSFER RequestId: 4f5a88b0-b9bd-4d79-9fe9-5be0a0794810\t TransferType: consumed\t Action: download_from_s3\t FileName: mafdb_7511017a4e93687a5be47b55aa4c08eff48c283a8153f5e070747057ad693f80.json\t Bucket: denethor\t FilePath: mafdb/mafdb_7511017a4e93687a5be47b55aa4c08eff48c283a8153f5e070747057ad693f80.json\t LocalFilePath: /tmp/mafdb/mafdb_7511017a4e93687a5be47b55aa4c08eff48c283a8153f5e070747057ad693f80.json\t FileSize: 314 bytes\t TransferDuration: 56.572409999944284 ms\n",
        "ingestionTime": 1744962757344,
        "eventId": "38913969641202774033787609001513023202097054613614690313"
    },
    {
        "logStreamName": "2025/04/18/[$LATEST]76cc8d7bcff74b4f829614a185fc906d",
        "timestamp": 1744962748813,
        "message": "FILE_TRANSFER RequestId: 4f5a88b0-b9bd-4d79-9fe9-5be0a0794810\t TransferType: consumed\t Action: download_from_s3\t FileName: mafdb_3891ae3bc299950ca7a78c4d495828659f2cb320e0641ad8c6bfc4ced2d8e2b0.json\t Bucket: denethor\t FilePath: mafdb/mafdb_3891ae3bc299950ca7a78c4d495828659f2cb320e0641ad8c6bfc4ced2d8e2b0.json\t LocalFilePath: /tmp/mafdb/mafdb_3891ae3bc299950ca7a78c4d495828659f2cb320e0641ad8c6bfc4ced2d8e2b0.json\t FileSize: 355 bytes\t TransferDuration: 45.1806180000176 ms\n",
        "ingestionTime": 1744962757344,
        "eventId": "38913969642206307567721487042882130524366230881383809034"
    },
    {
        "logStreamName": "2025/04/18/[$LATEST]76cc8d7bcff74b4f829614a185fc906d",
        "timestamp": 1744962748861,
        "message": "FILE_TRANSFER RequestId: 4f5a88b0-b9bd-4d79-9fe9-5be0a0794810\t TransferType: consumed\t Action: download_from_s3\t FileName: mafdb_58aa863a1439bf886daca0713239dba1882676aea5266e0af5bebad97529db92.json\t Bucket: denethor\t FilePath: mafdb/mafdb_58aa863a1439bf886daca0713239dba1882676aea5266e0af5bebad97529db92.json\t LocalFilePath: /tmp/mafdb/mafdb_58aa863a1439bf886daca0713239dba1882676aea5266e0af5bebad97529db92.json\t FileSize: 314 bytes\t TransferDuration: 48.0951480000158 ms\n",
        "ingestionTime": 1744962757344,
        "eventId": "38913969643276743337250956953675845001453352233670869003"
    },
    {
        "logStreamName": "2025/04/18/[$LATEST]76cc8d7bcff74b4f829614a185fc906d",
        "timestamp": 1744962748902,
        "message": "FILE_TRANSFER RequestId: 4f5a88b0-b9bd-4d79-9fe9-5be0a0794810\t TransferType: consumed\t Action: download_from_s3\t FileName: mafdb_c1f206b6efa75e1df509578ad4d9fb9ea330d34e7283ccf9d6ad80fdedf66b9a.json\t Bucket: denethor\t FilePath: mafdb/mafdb_c1f206b6efa75e1df509578ad4d9fb9ea330d34e7283ccf9d6ad80fdedf66b9a.json\t LocalFilePath: /tmp/mafdb/mafdb_c1f206b6efa75e1df509578ad4d9fb9ea330d34e7283ccf9d6ad80fdedf66b9a.json\t FileSize: 314 bytes\t TransferDuration: 40.206895000096665 ms\n",
        "ingestionTime": 1744962757344,
        "eventId": "38913969644191073890390712502478809450631935055416066060"
    },
    {
        "logStreamName": "2025/04/18/[$LATEST]76cc8d7bcff74b4f829614a185fc906d",
        "timestamp": 1744962748948,
        "message": "FILE_TRANSFER RequestId: 4f5a88b0-b9bd-4d79-9fe9-5be0a0794810\t TransferType: consumed\t Action: download_from_s3\t FileName: mafdb_c3c2025f352d34b4b79a48619176577388b06f30619772ddea31df49ee988aff.json\t Bucket: denethor\t FilePath: mafdb/mafdb_c3c2025f352d34b4b79a48619176577388b06f30619772ddea31df49ee988aff.json\t LocalFilePath: /tmp/mafdb/mafdb_c3c2025f352d34b4b79a48619176577388b06f30619772ddea31df49ee988aff.json\t FileSize: 314 bytes\t TransferDuration: 46.33827699990434 ms\n",
        "ingestionTime": 1744962757344,
        "eventId": "38913969645216908169523121166989452491173759684691165197"
    },
    {
        "logStreamName": "2025/04/18/[$LATEST]76cc8d7bcff74b4f829614a185fc906d",
        "timestamp": 1744962749022,
        "message": "FILE_TRANSFER RequestId: 4f5a88b0-b9bd-4d79-9fe9-5be0a0794810\t TransferType: consumed\t Action: download_from_s3\t FileName: mafdb_c5b5a3a4bd54a110140df77527325958d257fc9b669bca89b332593540c1dc20.json\t Bucket: denethor\t FilePath: mafdb/mafdb_c5b5a3a4bd54a110140df77527325958d257fc9b669bca89b332593540c1dc20.json\t LocalFilePath: /tmp/mafdb/mafdb_c5b5a3a4bd54a110140df77527325958d257fc9b669bca89b332593540c1dc20.json\t FileSize: 273 bytes\t TransferDuration: 73.46568799994202 ms\n",
        "ingestionTime": 1744962757344,
        "eventId": "38913969646867163314214387279463095643349738436133715982"
    },
    {
        "logStreamName": "2025/04/18/[$LATEST]76cc8d7bcff74b4f829614a185fc906d",
        "timestamp": 1744962749067,
        "message": "FILE_TRANSFER RequestId: 4f5a88b0-b9bd-4d79-9fe9-5be0a0794810\t TransferType: consumed\t Action: download_from_s3\t FileName: mafdb_51e18dc31f0c330513b45085a52c5ecd1e4a0a9130d2805a71368f1cbe17f65e.json\t Bucket: denethor\t FilePath: mafdb/mafdb_51e18dc31f0c330513b45085a52c5ecd1e4a0a9130d2805a71368f1cbe17f65e.json\t LocalFilePath: /tmp/mafdb/mafdb_51e18dc31f0c330513b45085a52c5ecd1e4a0a9130d2805a71368f1cbe17f65e.json\t FileSize: 314 bytes\t TransferDuration: 44.990926000082254 ms\n",
        "ingestionTime": 1744962757344,
        "eventId": "38913969647870696848148265320832202965618914703902834703"
    },
    {
        "logStreamName": "2025/04/18/[$LATEST]76cc8d7bcff74b4f829614a185fc906d",
        "timestamp": 1744962749114,
        "message": "FILE_TRANSFER RequestId: 4f5a88b0-b9bd-4d79-9fe9-5be0a0794810\t TransferType: consumed\t Action: download_from_s3\t FileName: mafdb_95cfb922ebd546f21edcc627a60ea2a6235550bbba3696739fcaca409f1a0232.json\t Bucket: denethor\t FilePath: mafdb/mafdb_95cfb922ebd546f21edcc627a60ea2a6235550bbba3696739fcaca409f1a0232.json\t LocalFilePath: /tmp/mafdb/mafdb_95cfb922ebd546f21edcc627a60ea2a6235550bbba3696739fcaca409f1a0232.json\t FileSize: 273 bytes\t TransferDuration: 47.31985800003713 ms\n",
        "ingestionTime": 1744962757344,
        "eventId": "38913969648918831872479204608484381724433387694683914256"
    },
    {
        "logStreamName": "2025/04/18/[$LATEST]76cc8d7bcff74b4f829614a185fc906d",
        "timestamp": 1744962749157,
        "message": "FILE_TRANSFER RequestId: 4f5a88b0-b9bd-4d79-9fe9-5be0a0794810\t TransferType: consumed\t Action: download_from_s3\t FileName: mafdb_783d326a98c97c227099cd46e1eb2739e8954c844e628390759f21e7b4e19db0.json\t Bucket: denethor\t FilePath: mafdb/mafdb_783d326a98c97c227099cd46e1eb2739e8954c844e628390759f21e7b4e19db0.json\t LocalFilePath: /tmp/mafdb/mafdb_783d326a98c97c227099cd46e1eb2739e8954c844e628390759f21e7b4e19db0.json\t FileSize: 273 bytes\t TransferDuration: 43.02423599995109 ms\n",
        "ingestionTime": 1744962757344,
        "eventId": "38913969649877763916016021403570417610157267239441072145"
    },
    {
        "logStreamName": "2025/04/18/[$LATEST]76cc8d7bcff74b4f829614a185fc906d",
        "timestamp": 1744962749198,
        "message": "FILE_TRANSFER RequestId: 4f5a88b0-b9bd-4d79-9fe9-5be0a0794810\t TransferType: consumed\t Action: download_from_s3\t FileName: mafdb_e7fcb374868f23c5b66908ff13d437f525bdef064d3f7604b08f9b68087e91c4.json\t Bucket: denethor\t FilePath: mafdb/mafdb_e7fcb374868f23c5b66908ff13d437f525bdef064d3f7604b08f9b68087e91c4.json\t LocalFilePath: /tmp/mafdb/mafdb_e7fcb374868f23c5b66908ff13d437f525bdef064d3f7604b08f9b68087e91c4.json\t FileSize: 273 bytes\t TransferDuration: 40.49697499999638 ms\n",
        "ingestionTime": 1744962757344,
        "eventId": "38913969650792094469155776952373382059335850061186269202"
    },
    {
        "logStreamName": "2025/04/18/[$LATEST]76cc8d7bcff74b4f829614a185fc906d",
        "timestamp": 1744962749239,
        "message": "FILE_TRANSFER RequestId: 4f5a88b0-b9bd-4d79-9fe9-5be0a0794810\t TransferType: consumed\t Action: download_from_s3\t FileName: mafdb_bdf7b87e05be228017da27afd5fd158ebe4fcf138008526635b8bcdbe380f328.json\t Bucket: denethor\t FilePath: mafdb/mafdb_bdf7b87e05be228017da27afd5fd158ebe4fcf138008526635b8bcdbe380f328.json\t LocalFilePath: /tmp/mafdb/mafdb_bdf7b87e05be228017da27afd5fd158ebe4fcf138008526635b8bcdbe380f328.json\t FileSize: 273 bytes\t TransferDuration: 41.61189599994941 ms\n",
        "ingestionTime": 1744962757344,
        "eventId": "38913969651706425022295532501176346508514432882931466259"
    },
    {
        "logStreamName": "2025/04/18/[$LATEST]76cc8d7bcff74b4f829614a185fc906d",
        "timestamp": 1744962749285,
        "message": "FILE_TRANSFER RequestId: 4f5a88b0-b9bd-4d79-9fe9-5be0a0794810\t TransferType: consumed\t Action: download_from_s3\t FileName: mafdb_1d419943bc17a86fe648d8caad874862360b7c73c08c99b7c26040bc9939b002.json\t Bucket: denethor\t FilePath: mafdb/mafdb_1d419943bc17a86fe648d8caad874862360b7c73c08c99b7c26040bc9939b002.json\t LocalFilePath: /tmp/mafdb/mafdb_1d419943bc17a86fe648d8caad874862360b7c73c08c99b7c26040bc9939b002.json\t FileSize: 273 bytes\t TransferDuration: 45.6960970000182 ms\n",
        "ingestionTime": 1744962757344,
        "eventId": "38913969652732259301427941165686989549056257512206565396"
    },
    {
        "logStreamName": "2025/04/18/[$LATEST]76cc8d7bcff74b4f829614a185fc906d",
        "timestamp": 1744962749325,
        "message": "FILE_TRANSFER RequestId: 4f5a88b0-b9bd-4d79-9fe9-5be0a0794810\t TransferType: consumed\t Action: download_from_s3\t FileName: mafdb_31199a0a134043b94c15114abad10433bfa58c2f87e3106720f88bf29e76f1ae.json\t Bucket: denethor\t FilePath: mafdb/mafdb_31199a0a134043b94c15114abad10433bfa58c2f87e3106720f88bf29e76f1ae.json\t LocalFilePath: /tmp/mafdb/mafdb_31199a0a134043b94c15114abad10433bfa58c2f87e3106720f88bf29e76f1ae.json\t FileSize: 273 bytes\t TransferDuration: 39.881925000031515 ms\n",
        "ingestionTime": 1744962757344,
        "eventId": "38913969653624289109369166091348418279962191972445782037"
    },
    {
        "logStreamName": "2025/04/18/[$LATEST]76cc8d7bcff74b4f829614a185fc906d",
        "timestamp": 1744962749383,
        "message": "FILE_TRANSFER RequestId: 4f5a88b0-b9bd-4d79-9fe9-5be0a0794810\t TransferType: consumed\t Action: download_from_s3\t FileName: mafdb_c2a1e960932a069de5927d1067dde414f501136aba941befca2a4654e72bb08a.json\t Bucket: denethor\t FilePath: mafdb/mafdb_c2a1e960932a069de5927d1067dde414f501136aba941befca2a4654e72bb08a.json\t LocalFilePath: /tmp/mafdb/mafdb_c2a1e960932a069de5927d1067dde414f501136aba941befca2a4654e72bb08a.json\t FileSize: 273 bytes\t TransferDuration: 57.62700100001439 ms\n",
        "ingestionTime": 1744962757344,
        "eventId": "38913969654917732330883942233557489939775796939792646166"
    },
    {
        "logStreamName": "2025/04/18/[$LATEST]76cc8d7bcff74b4f829614a185fc906d",
        "timestamp": 1744962749431,
        "message": "FILE_TRANSFER RequestId: 4f5a88b0-b9bd-4d79-9fe9-5be0a0794810\t TransferType: consumed\t Action: download_from_s3\t FileName: mafdb_49ad0997fa75ff9233f44bffe4f6033aaaf8676ed8f4cbac92057d25395497e6.json\t Bucket: denethor\t FilePath: mafdb/mafdb_49ad0997fa75ff9233f44bffe4f6033aaaf8676ed8f4cbac92057d25395497e6.json\t LocalFilePath: /tmp/mafdb/mafdb_49ad0997fa75ff9233f44bffe4f6033aaaf8676ed8f4cbac92057d25395497e6.json\t FileSize: 273 bytes\t TransferDuration: 48.84016900007282 ms\n",
        "ingestionTime": 1744962757344,
        "eventId": "38913969655988168100413412144351204416862918292079706135"
    },
    {
        "logStreamName": "2025/04/18/[$LATEST]76cc8d7bcff74b4f829614a185fc906d",
        "timestamp": 1744962749479,
        "message": "FILE_TRANSFER RequestId: 4f5a88b0-b9bd-4d79-9fe9-5be0a0794810\t TransferType: consumed\t Action: download_from_s3\t FileName: mafdb_406ececbafe0a937f2a967e4dae5f862923efb2e1397870f6cc1ba8e050e1da7.json\t Bucket: denethor\t FilePath: mafdb/mafdb_406ececbafe0a937f2a967e4dae5f862923efb2e1397870f6cc1ba8e050e1da7.json\t LocalFilePath: /tmp/mafdb/mafdb_406ececbafe0a937f2a967e4dae5f862923efb2e1397870f6cc1ba8e050e1da7.json\t FileSize: 273 bytes\t TransferDuration: 47.32548799995584 ms\n",
        "ingestionTime": 1744962757344,
        "eventId": "38913969657058603869942882055144918893950039644366766104"
    },
    {
        "logStreamName": "2025/04/18/[$LATEST]76cc8d7bcff74b4f829614a185fc906d",
        "timestamp": 1744962749522,
        "message": "FILE_TRANSFER RequestId: 4f5a88b0-b9bd-4d79-9fe9-5be0a0794810\t TransferType: consumed\t Action: download_from_s3\t FileName: mafdb_e7f2f9266538f691bae81aa42aeb881fcfc1833e62d05d9141e808a0cb0095fa.json\t Bucket: denethor\t FilePath: mafdb/mafdb_e7f2f9266538f691bae81aa42aeb881fcfc1833e62d05d9141e808a0cb0095fa.json\t LocalFilePath: /tmp/mafdb/mafdb_e7f2f9266538f691bae81aa42aeb881fcfc1833e62d05d9141e808a0cb0095fa.json\t FileSize: 273 bytes\t TransferDuration: 43.08208600002672 ms\n",
        "ingestionTime": 1744962757344,
        "eventId": "38913969658017535913479698850230954779673919189123923993"
    },
    {
        "logStreamName": "2025/04/18/[$LATEST]76cc8d7bcff74b4f829614a185fc906d",
        "timestamp": 1744962749563,
        "message": "FILE_TRANSFER RequestId: 4f5a88b0-b9bd-4d79-9fe9-5be0a0794810\t TransferType: consumed\t Action: download_from_s3\t FileName: mafdb_e883ff130a9d34d26c58c15a735e96baab78aacec64abad0788f83f54423b943.json\t Bucket: denethor\t FilePath: mafdb/mafdb_e883ff130a9d34d26c58c15a735e96baab78aacec64abad0788f83f54423b943.json\t LocalFilePath: /tmp/mafdb/mafdb_e883ff130a9d34d26c58c15a735e96baab78aacec64abad0788f83f54423b943.json\t FileSize: 273 bytes\t TransferDuration: 41.039954999973816 ms\n",
        "ingestionTime": 1744962757344,
        "eventId": "38913969658931866466619454399033919228852502010869121050"
    },
    {
        "logStreamName": "2025/04/18/[$LATEST]76cc8d7bcff74b4f829614a185fc906d",
        "timestamp": 1744962749616,
        "message": "FILE_TRANSFER RequestId: 4f5a88b0-b9bd-4d79-9fe9-5be0a0794810\t TransferType: consumed\t Action: download_from_s3\t FileName: mafdb_d215ba5497d3d3be2e105b2328e50bdccf602b7e0745016c80fa6f9913e5432f.json\t Bucket: denethor\t FilePath: mafdb/mafdb_d215ba5497d3d3be2e105b2328e50bdccf602b7e0745016c80fa6f9913e5432f.json\t LocalFilePath: /tmp/mafdb/mafdb_d215ba5497d3d3be2e105b2328e50bdccf602b7e0745016c80fa6f9913e5432f.json\t FileSize: 273 bytes\t TransferDuration: 52.52746000007846 ms\n",
        "ingestionTime": 1744962757344,
        "eventId": "38913969660113805962141577425535312297302865170686083099"
    },
    {
        "logStreamName": "2025/04/18/[$LATEST]76cc8d7bcff74b4f829614a185fc906d",
        "timestamp": 1744962749667,
        "message": "FILE_TRANSFER RequestId: 4f5a88b0-b9bd-4d79-9fe9-5be0a0794810\t TransferType: consumed\t Action: download_from_s3\t FileName: mafdb_f871e6272680ce0853ce488fc481f480aa4e243fa14dd104803b05fb209cf094.json\t Bucket: denethor\t FilePath: mafdb/mafdb_f871e6272680ce0853ce488fc481f480aa4e243fa14dd104803b05fb209cf094.json\t LocalFilePath: /tmp/mafdb/mafdb_f871e6272680ce0853ce488fc481f480aa4e243fa14dd104803b05fb209cf094.json\t FileSize: 273 bytes\t TransferDuration: 51.32835899996735 ms\n",
        "ingestionTime": 1744962757344,
        "eventId": "38913969661251143967266639205753633929207931607491084316"
    },
    {
        "logStreamName": "2025/04/18/[$LATEST]76cc8d7bcff74b4f829614a185fc906d",
        "timestamp": 1744962749723,
        "message": "FILE_TRANSFER RequestId: 4f5a88b0-b9bd-4d79-9fe9-5be0a0794810\t TransferType: consumed\t Action: download_from_s3\t FileName: mafdb_2ff7bb92e85df3f56dc7f35d3ca7b2bd150b675386145658d2fca63a9e2a3805.json\t Bucket: denethor\t FilePath: mafdb/mafdb_2ff7bb92e85df3f56dc7f35d3ca7b2bd150b675386145658d2fca63a9e2a3805.json\t LocalFilePath: /tmp/mafdb/mafdb_2ff7bb92e85df3f56dc7f35d3ca7b2bd150b675386145658d2fca63a9e2a3805.json\t FileSize: 273 bytes\t TransferDuration: 56.30285100005494 ms\n",
        "ingestionTime": 1744962757344,
        "eventId": "38913969662499985698384354101679634152476239851825987613"
    },
    {
        "logStreamName": "2025/04/18/[$LATEST]76cc8d7bcff74b4f829614a185fc906d",
        "timestamp": 1744962749787,
        "message": "FILE_TRANSFER RequestId: 4f5a88b0-b9bd-4d79-9fe9-5be0a0794810\t TransferType: consumed\t Action: download_from_s3\t FileName: mafdb_47fb2615fc585137c90363d35106c9022fdcc722571f7ed6d93a0e213c75c760.json\t Bucket: denethor\t FilePath: mafdb/mafdb_47fb2615fc585137c90363d35106c9022fdcc722571f7ed6d93a0e213c75c760.json\t LocalFilePath: /tmp/mafdb/mafdb_47fb2615fc585137c90363d35106c9022fdcc722571f7ed6d93a0e213c75c760.json\t FileSize: 273 bytes\t TransferDuration: 63.9417139999523 ms\n",
        "ingestionTime": 1744962757344,
        "eventId": "38913969663927233391090313982737920121925734988208734238"
    },
    {
        "logStreamName": "2025/04/18/[$LATEST]76cc8d7bcff74b4f829614a185fc906d",
        "timestamp": 1744962749827,
        "message": "FILE_TRANSFER RequestId: 4f5a88b0-b9bd-4d79-9fe9-5be0a0794810\t TransferType: consumed\t Action: download_from_s3\t FileName: mafdb_68e664a9a27eba1488202e5ea16bb79aee50d9c2456068b25a29d7ca46c1450f.json\t Bucket: denethor\t FilePath: mafdb/mafdb_68e664a9a27eba1488202e5ea16bb79aee50d9c2456068b25a29d7ca46c1450f.json\t LocalFilePath: /tmp/mafdb/mafdb_68e664a9a27eba1488202e5ea16bb79aee50d9c2456068b25a29d7ca46c1450f.json\t FileSize: 273 bytes\t TransferDuration: 39.7678750000523 ms\n",
        "ingestionTime": 1744962757344,
        "eventId": "38913969664819263199031538908399348852831669448447950879"
    },
    {
        "logStreamName": "2025/04/18/[$LATEST]76cc8d7bcff74b4f829614a185fc906d",
        "timestamp": 1744962749871,
        "message": "FILE_TRANSFER RequestId: 4f5a88b0-b9bd-4d79-9fe9-5be0a0794810\t TransferType: consumed\t Action: download_from_s3\t FileName: mafdb_f6c9786df6a492206e55eb3d3911d34dbd753bfef23be22d8635d72135a7fbc7.json\t Bucket: denethor\t FilePath: mafdb/mafdb_f6c9786df6a492206e55eb3d3911d34dbd753bfef23be22d8635d72135a7fbc7.json\t LocalFilePath: /tmp/mafdb/mafdb_f6c9786df6a492206e55eb3d3911d34dbd753bfef23be22d8635d72135a7fbc7.json\t FileSize: 273 bytes\t TransferDuration: 43.86359599993739 ms\n",
        "ingestionTime": 1744962757344,
        "eventId": "38913969665800495987766886326626920456828197354711089184"
    },
    {
        "logStreamName": "2025/04/18/[$LATEST]76cc8d7bcff74b4f829614a185fc906d",
        "timestamp": 1744962749916,
        "message": "FILE_TRANSFER RequestId: 4f5a88b0-b9bd-4d79-9fe9-5be0a0794810\t TransferType: consumed\t Action: download_from_s3\t FileName: mafdb_87129d44586b87142d9940a8b1bdbebcfa7b0454f32076964711670e9940a5bc.json\t Bucket: denethor\t FilePath: mafdb/mafdb_87129d44586b87142d9940a8b1bdbebcfa7b0454f32076964711670e9940a5bc.json\t LocalFilePath: /tmp/mafdb/mafdb_87129d44586b87142d9940a8b1bdbebcfa7b0454f32076964711670e9940a5bc.json\t FileSize: 273 bytes\t TransferDuration: 44.69408599993585 ms\n",
        "ingestionTime": 1744962757344,
        "eventId": "38913969666804029521700764367996027779097373622480207905"
    },
    {
        "logStreamName": "2025/04/18/[$LATEST]76cc8d7bcff74b4f829614a185fc906d",
        "timestamp": 1744962749952,
        "message": "FILE_TRANSFER RequestId: 4f5a88b0-b9bd-4d79-9fe9-5be0a0794810\t TransferType: consumed\t Action: download_from_s3\t FileName: mafdb_ffac685782ba2ceabfc02088f70f3473d570818cc3d9c58c8979a425bc171247.json\t Bucket: denethor\t FilePath: mafdb/mafdb_ffac685782ba2ceabfc02088f70f3473d570818cc3d9c58c8979a425bc171247.json\t LocalFilePath: /tmp/mafdb/mafdb_ffac685782ba2ceabfc02088f70f3473d570818cc3d9c58c8979a425bc171247.json\t FileSize: 273 bytes\t TransferDuration: 36.3472730000467 ms\n",
        "ingestionTime": 1744962757344,
        "eventId": "38913969667606856348847866801091313636912714636695502882"
    },
    {
        "logStreamName": "2025/04/18/[$LATEST]76cc8d7bcff74b4f829614a185fc906d",
        "timestamp": 1744962749999,
        "message": "FILE_TRANSFER RequestId: 4f5a88b0-b9bd-4d79-9fe9-5be0a0794810\t TransferType: consumed\t Action: download_from_s3\t FileName: mafdb_42b7a1940d80c9e5d1a1eb427219fad89ed0198775d719cc0f6171541419e487.json\t Bucket: denethor\t FilePath: mafdb/mafdb_42b7a1940d80c9e5d1a1eb427219fad89ed0198775d719cc0f6171541419e487.json\t LocalFilePath: /tmp/mafdb/mafdb_42b7a1940d80c9e5d1a1eb427219fad89ed0198775d719cc0f6171541419e487.json\t FileSize: 273 bytes\t TransferDuration: 46.361438000076305 ms\n",
        "ingestionTime": 1744962757344,
        "eventId": "38913969668654991373178806088743492395727187627476582435"
    },
    {
        "logStreamName": "2025/04/18/[$LATEST]76cc8d7bcff74b4f829614a185fc906d",
        "timestamp": 1744962750038,
        "message": "FILE_TRANSFER RequestId: 4f5a88b0-b9bd-4d79-9fe9-5be0a0794810\t TransferType: consumed\t Action: download_from_s3\t FileName: mafdb_d7e79060050e13568977fc2c739b9eddf447a0cefe974cf809a00c1179f02def.json\t Bucket: denethor\t FilePath: mafdb/mafdb_d7e79060050e13568977fc2c739b9eddf447a0cefe974cf809a00c1179f02def.json\t LocalFilePath: /tmp/mafdb/mafdb_d7e79060050e13568977fc2c739b9eddf447a0cefe974cf809a00c1179f02def.json\t FileSize: 273 bytes\t TransferDuration: 39.58988500005489 ms\n",
        "ingestionTime": 1744962757344,
        "eventId": "38913969669524720435921500391263385408360473726209818660"
    },
    {
        "logStreamName": "2025/04/18/[$LATEST]76cc8d7bcff74b4f829614a185fc906d",
        "timestamp": 1744962750082,
        "message": "FILE_TRANSFER RequestId: 4f5a88b0-b9bd-4d79-9fe9-5be0a0794810\t TransferType: consumed\t Action: download_from_s3\t FileName: mafdb_b61e3844996fd21e45a7d054f79694e53c5aede5327c90900ed7183119a56bfb.json\t Bucket: denethor\t FilePath: mafdb/mafdb_b61e3844996fd21e45a7d054f79694e53c5aede5327c90900ed7183119a56bfb.json\t LocalFilePath: /tmp/mafdb/mafdb_b61e3844996fd21e45a7d054f79694e53c5aede5327c90900ed7183119a56bfb.json\t FileSize: 273 bytes\t TransferDuration: 43.590497000081996 ms\n",
        "ingestionTime": 1744962757344,
        "eventId": "38913969670505953224656847809490957012357001632472956965"
    },
    {
        "logStreamName": "2025/04/18/[$LATEST]76cc8d7bcff74b4f829614a185fc906d",
        "timestamp": 1744962750140,
        "message": "FILE_TRANSFER RequestId: 4f5a88b0-b9bd-4d79-9fe9-5be0a0794810\t TransferType: consumed\t Action: download_from_s3\t FileName: mafdb_29c4ddd140d117364cadffd440f0642c27bbc2412f4567e0cb32891cc3ef36a1.json\t Bucket: denethor\t FilePath: mafdb/mafdb_29c4ddd140d117364cadffd440f0642c27bbc2412f4567e0cb32891cc3ef36a1.json\t LocalFilePath: /tmp/mafdb/mafdb_29c4ddd140d117364cadffd440f0642c27bbc2412f4567e0cb32891cc3ef36a1.json\t FileSize: 273 bytes\t TransferDuration: 57.86440200006382 ms\n",
        "ingestionTime": 1744962757344,
        "eventId": "38913969671799396446171623951700028672170606599819821094"
    },
    {
        "logStreamName": "2025/04/18/[$LATEST]76cc8d7bcff74b4f829614a185fc906d",
        "timestamp": 1744962750195,
        "message": "FILE_TRANSFER RequestId: 4f5a88b0-b9bd-4d79-9fe9-5be0a0794810\t TransferType: consumed\t Action: download_from_s3\t FileName: mafdb_4626fea2abf7ed35f5f28026640ab18610584687978217b1f40af22fe37f6572.json\t Bucket: denethor\t FilePath: mafdb/mafdb_4626fea2abf7ed35f5f28026640ab18610584687978217b1f40af22fe37f6572.json\t LocalFilePath: /tmp/mafdb/mafdb_4626fea2abf7ed35f5f28026640ab18610584687978217b1f40af22fe37f6572.json\t FileSize: 273 bytes\t TransferDuration: 55.48622100002376 ms\n",
        "ingestionTime": 1744962757344,
        "eventId": "38913969673025937432090808224484493177166266482648743975"
    },
    {
        "logStreamName": "2025/04/18/[$LATEST]76cc8d7bcff74b4f829614a185fc906d",
        "timestamp": 1744962750237,
        "message": "FILE_TRANSFER RequestId: 4f5a88b0-b9bd-4d79-9fe9-5be0a0794810\t TransferType: consumed\t Action: download_from_s3\t FileName: mafdb_445b1fba33e16cd436442a3a77bf395f50fd97b749d80a4ea1cdfce773bb0774.json\t Bucket: denethor\t FilePath: mafdb/mafdb_445b1fba33e16cd436442a3a77bf395f50fd97b749d80a4ea1cdfce773bb0774.json\t LocalFilePath: /tmp/mafdb/mafdb_445b1fba33e16cd436442a3a77bf395f50fd97b749d80a4ea1cdfce773bb0774.json\t FileSize: 273 bytes\t TransferDuration: 41.90567600005579 ms\n",
        "ingestionTime": 1744962757344,
        "eventId": "38913969673962568730429094396428993344617497665899921448"
    },
    {
        "logStreamName": "2025/04/18/[$LATEST]76cc8d7bcff74b4f829614a185fc906d",
        "timestamp": 1744962750276,
        "message": "FILE_TRANSFER RequestId: 4f5a88b0-b9bd-4d79-9fe9-5be0a0794810\t TransferType: consumed\t Action: download_from_s3\t FileName: mafdb_7aa0e0772e1c689c49550813d4d69f69cf00ce1c31ded8e93e9d062016b4ea81.json\t Bucket: denethor\t FilePath: mafdb/mafdb_7aa0e0772e1c689c49550813d4d69f69cf00ce1c31ded8e93e9d062016b4ea81.json\t LocalFilePath: /tmp/mafdb/mafdb_7aa0e0772e1c689c49550813d4d69f69cf00ce1c31ded8e93e9d062016b4ea81.json\t FileSize: 273 bytes\t TransferDuration: 39.04755399992155 ms\n",
        "ingestionTime": 1744962757344,
        "eventId": "38913969674832297793171788698948886357250783764633157673"
    },
    {
        "logStreamName": "2025/04/18/[$LATEST]76cc8d7bcff74b4f829614a185fc906d",
        "timestamp": 1744962750277,
        "message": "CONSUMED_FILES_INFO RequestId: 4f5a88b0-b9bd-4d79-9fe9-5be0a0794810\t FilesCount: 40 files\t FilesSize: 21215 bytes\t TransferDuration: 1954.9526020005032 ms\t ConsumedFiles: ['mafdb_6f7a2b1116e6a791f68a03367473294792b679a6357b6789f3f993b1f83e2e80.json', 'mafdb_54d8ddd695de385cbe16742ebc6fdcb479cd2b8e3c0cd457826222c83fe6bb7c.json', 'mafdb_1f6ccfc97b000b314f6a6c7e2582a4263b17ffc061fef38bd3c9a63fa631759f.json', 'mafdb_bd5d862db8f1d6b261aaeb3b8ecb83d67004ffb7524cb75c5f1f8454224f7c91.json', 'mafdb_861b6fcf310a5a4a01036477cd0e28e972c4aa89be1fcccfc0eab6cd45e9fd74.json', 'mafdb_7d398773bfc3e4435be56d8711457fd7fc190e97e32d7ec51a8a702e16118c4d.json', 'mafdb_c451a256436a5fc45a562eaf2fead8dd42917b32894e636d2b705f5405224a88.json', 'mafdb_7511017a4e93687a5be47b55aa4c08eff48c283a8153f5e070747057ad693f80.json', 'mafdb_3891ae3bc299950ca7a78c4d495828659f2cb320e0641ad8c6bfc4ced2d8e2b0.json', 'mafdb_58aa863a1439bf886daca0713239dba1882676aea5266e0af5bebad97529db92.json', 'mafdb_c1f206b6efa75e1df509578ad4d9fb9ea330d34e7283ccf9d6ad80fdedf66b9a.json', 'mafdb_c3c2025f352d34b4b79a48619176577388b06f30619772ddea31df49ee988aff.json', 'mafdb_c5b5a3a4bd54a110140df77527325958d257fc9b669bca89b332593540c1dc20.json', 'mafdb_51e18dc31f0c330513b45085a52c5ecd1e4a0a9130d2805a71368f1cbe17f65e.json', 'mafdb_95cfb922ebd546f21edcc627a60ea2a6235550bbba3696739fcaca409f1a0232.json', 'mafdb_783d326a98c97c227099cd46e1eb2739e8954c844e628390759f21e7b4e19db0.json', 'mafdb_e7fcb374868f23c5b66908ff13d437f525bdef064d3f7604b08f9b68087e91c4.json', 'mafdb_bdf7b87e05be228017da27afd5fd158ebe4fcf138008526635b8bcdbe380f328.json', 'mafdb_1d419943bc17a86fe648d8caad874862360b7c73c08c99b7c26040bc9939b002.json', 'mafdb_31199a0a134043b94c15114abad10433bfa58c2f87e3106720f88bf29e76f1ae.json', 'mafdb_c2a1e960932a069de5927d1067dde414f501136aba941befca2a4654e72bb08a.json', 'mafdb_49ad0997fa75ff9233f44bffe4f6033aaaf8676ed8f4cbac92057d25395497e6.json', 'mafdb_406ececbafe0a937f2a967e4dae5f862923efb2e1397870f6cc1ba8e050e1da7.json', 'mafdb_e7f2f9266538f691bae81aa42aeb881fcfc1833e62d05d9141e808a0cb0095fa.json', 'mafdb_e883ff130a9d34d26c58c15a735e96baab78aacec64abad0788f83f54423b943.json', 'mafdb_d215ba5497d3d3be2e105b2328e50bdccf602b7e0745016c80fa6f9913e5432f.json', 'mafdb_f871e6272680ce0853ce488fc481f480aa4e243fa14dd104803b05fb209cf094.json', 'mafdb_2ff7bb92e85df3f56dc7f35d3ca7b2bd150b675386145658d2fca63a9e2a3805.json', 'mafdb_47fb2615fc585137c90363d35106c9022fdcc722571f7ed6d93a0e213c75c760.json', 'mafdb_68e664a9a27eba1488202e5ea16bb79aee50d9c2456068b25a29d7ca46c1450f.json', 'mafdb_f6c9786df6a492206e55eb3d3911d34dbd753bfef23be22d8635d72135a7fbc7.json', 'mafdb_87129d44586b87142d9940a8b1bdbebcfa7b0454f32076964711670e9940a5bc.json', 'mafdb_ffac685782ba2ceabfc02088f70f3473d570818cc3d9c58c8979a425bc171247.json', 'mafdb_42b7a1940d80c9e5d1a1eb427219fad89ed0198775d719cc0f6171541419e487.json', 'mafdb_d7e79060050e13568977fc2c739b9eddf447a0cefe974cf809a00c1179f02def.json', 'mafdb_b61e3844996fd21e45a7d054f79694e53c5aede5327c90900ed7183119a56bfb.json', 'mafdb_29c4ddd140d117364cadffd440f0642c27bbc2412f4567e0cb32891cc3ef36a1.json', 'mafdb_4626fea2abf7ed35f5f28026640ab18610584687978217b1f40af22fe37f6572.json', 'mafdb_445b1fba33e16cd436442a3a77bf395f50fd97b749d80a4ea1cdfce773bb0774.json', 'mafdb_7aa0e0772e1c689c49550813d4d69f69cf00ce1c31ded8e93e9d062016b4ea81.json']\n",
        "ingestionTime": 1744962757344,
        "eventId": "38913969674854598538370319322090422075523432126139138090"
    },
    {
        "logStreamName": "2025/04/18/[$LATEST]76cc8d7bcff74b4f829614a185fc906d",
        "timestamp": 1744962750279,
        "message": "[INFO] 2025-04-18T07:52:30GMT MAF_DATABASE_AGGREGATOR RequestId: 4f5a88b0-b9bd-4d79-9fe9-5be0a0794810\t Duration: 2.352631000007932 ms\t InputLength: 40\t MaxMaf: 8\t MafDatabase: {'1': {'tree_ORTHOMCL256_Inner4.nexus': ['tree_ORTHOMCL256_2_Inner4.nexus', 'tree_ORTHOMCL256_2_Inner5.nexus', 'tree_ORTHOMCL256_2_Inner6.nexus', 'tree_ORTHOMCL256_2_Inner7.nexus', 'tree_ORTHOMCL256_2_Inner8.nexus'], 'tree_ORTHOMCL256_Inner5.nexus': ['tree_ORTHOMCL256_2_Inner4.nexus'], 'tree_ORTHOMCL256_Inner6.nexus': ['tree_ORTHOMCL256_2_Inner4.nexus'], 'tree_ORTHOMCL256_Inner7.nexus': ['tree_ORTHOMCL256_2_Inner4.nexus'], 'tree_ORTHOMCL256_Inner8.nexus': ['tree_ORTHOMCL256_2_Inner4.nexus'], 'tree_ORTHOMCL256_2_Inner4.nexus': ['tree_ORTHOMCL256_Inner4.nexus', 'tree_ORTHOMCL256_Inner5.nexus', 'tree_ORTHOMCL256_Inner6.nexus', 'tree_ORTHOMCL256_Inner7.nexus', 'tree_ORTHOMCL256_Inner8.nexus'], 'tree_ORTHOMCL256_2_Inner5.nexus': ['tree_ORTHOMCL256_Inner4.nexus'], 'tree_ORTHOMCL256_2_Inner6.nexus': ['tree_ORTHOMCL256_Inner4.nexus'], 'tree_ORTHOMCL256_2_Inner7.nexus': ['tree_ORTHOMCL256_Inner4.nexus'], 'tree_ORTHOMCL256_2_Inner8.nexus': ['tree_ORTHOMCL256_Inner4.nexus']}, '2': {'tree_ORTHOMCL256_Inner1.nexus': ['tree_ORTHOMCL256_2_Inner1.nexus', 'tree_ORTHOMCL256_2_Inner2.nexus', 'tree_ORTHOMCL256_2_Inner3.nexus', 'tree_ORTHOMCL256_2_Inner5.nexus', 'tree_ORTHOMCL256_2_Inner6.nexus', 'tree_ORTHOMCL256_2_Inner7.nexus', 'tree_ORTHOMCL256_2_Inner8.nexus'], 'tree_ORTHOMCL256_Inner2.nexus': ['tree_ORTHOMCL256_2_Inner1.nexus', 'tree_ORTHOMCL256_2_Inner2.nexus', 'tree_ORTHOMCL256_2_Inner3.nexus', 'tree_ORTHOMCL256_2_Inner5.nexus', 'tree_ORTHOMCL256_2_Inner6.nexus', 'tree_ORTHOMCL256_2_Inner7.nexus', 'tree_ORTHOMCL256_2_Inner8.nexus'], 'tree_ORTHOMCL256_Inner3.nexus': ['tree_ORTHOMCL256_2_Inner1.nexus', 'tree_ORTHOMCL256_2_Inner2.nexus'], 'tree_ORTHOMCL256_Inner5.nexus': ['tree_ORTHOMCL256_2_Inner1.nexus', 'tree_ORTHOMCL256_2_Inner2.nexus'], 'tree_ORTHOMCL256_Inner6.nexus': ['tree_ORTHOMCL256_2_Inner1.nexus', 'tree_ORTHOMCL256_2_Inner2.nexus'], 'tree_ORTHOMCL256_Inner7.nexus': ['tree_ORTHOMCL256_2_Inner1.nexus', 'tree_ORTHOMCL256_2_Inner2.nexus'], 'tree_ORTHOMCL256_Inner8.nexus': ['tree_ORTHOMCL256_2_Inner1.nexus', 'tree_ORTHOMCL256_2_Inner2.nexus'], 'tree_ORTHOMCL256_2_Inner1.nexus': ['tree_ORTHOMCL256_Inner1.nexus', 'tree_ORTHOMCL256_Inner2.nexus', 'tree_ORTHOMCL256_Inner3.nexus', 'tree_ORTHOMCL256_Inner5.nexus', 'tree_ORTHOMCL256_Inner6.nexus', 'tree_ORTHOMCL256_Inner7.nexus', 'tree_ORTHOMCL256_Inner8.nexus'], 'tree_ORTHOMCL256_2_Inner2.nexus': ['tree_ORTHOMCL256_Inner1.nexus', 'tree_ORTHOMCL256_Inner2.nexus', 'tree_ORTHOMCL256_Inner3.nexus', 'tree_ORTHOMCL256_Inner5.nexus', 'tree_ORTHOMCL256_Inner6.nexus', 'tree_ORTHOMCL256_Inner7.nexus', 'tree_ORTHOMCL256_Inner8.nexus'], 'tree_ORTHOMCL256_2_Inner3.nexus': ['tree_ORTHOMCL256_Inner1.nexus', 'tree_ORTHOMCL256_Inner2.nexus'], 'tree_ORTHOMCL256_2_Inner5.nexus': ['tree_ORTHOMCL256_Inner1.nexus', 'tree_ORTHOMCL256_Inner2.nexus'], 'tree_ORTHOMCL256_2_Inner6.nexus': ['tree_ORTHOMCL256_Inner1.nexus', 'tree_ORTHOMCL256_Inner2.nexus'], 'tree_ORTHOMCL256_2_Inner7.nexus': ['tree_ORTHOMCL256_Inner1.nexus', 'tree_ORTHOMCL256_Inner2.nexus'], 'tree_ORTHOMCL256_2_Inner8.nexus': ['tree_ORTHOMCL256_Inner1.nexus', 'tree_ORTHOMCL256_Inner2.nexus']}, '3': {'tree_ORTHOMCL256_Inner3.nexus': ['tree_ORTHOMCL256_2_Inner3.nexus', 'tree_ORTHOMCL256_2_Inner5.nexus', 'tree_ORTHOMCL256_2_Inner6.nexus', 'tree_ORTHOMCL256_2_Inner7.nexus', 'tree_ORTHOMCL256_2_Inner8.nexus'], 'tree_ORTHOMCL256_Inner5.nexus': ['tree_ORTHOMCL256_2_Inner3.nexus'], 'tree_ORTHOMCL256_Inner6.nexus': ['tree_ORTHOMCL256_2_Inner3.nexus'], 'tree_ORTHOMCL256_Inner7.nexus': ['tree_ORTHOMCL256_2_Inner3.nexus'], 'tree_ORTHOMCL256_Inner8.nexus': ['tree_ORTHOMCL256_2_Inner3.nexus'], 'tree_ORTHOMCL256_2_Inner3.nexus': ['tree_ORTHOMCL256_Inner3.nexus', 'tree_ORTHOMCL256_Inner5.nexus', 'tree_ORTHOMCL256_Inner6.nexus', 'tree_ORTHOMCL256_Inner7.nexus', 'tree_ORTHOMCL256_Inner8.nexus'], 'tree_ORTHOMCL256_2_Inner5.nexus': ['tree_ORTHOMCL256_Inner3.nexus'], 'tree_ORTHOMCL256_2_Inner6.nexus': ['tree_ORTHOMCL256_Inner3.nexus'], 'tree_ORTHOMCL256_2_Inner7.nexus': ['tree_ORTHOMCL256_Inner3.nexus'], 'tree_ORTHOMCL256_2_Inner8.nexus': ['tree_ORTHOMCL256_Inner3.nexus']}, '4': {'tree_ORTHOMCL256_Inner5.nexus': ['tree_ORTHOMCL256_2_Inner5.nexus', 'tree_ORTHOMCL256_2_Inner6.nexus', 'tree_ORTHOMCL256_2_Inner7.nexus', 'tree_ORTHOMCL256_2_Inner8.nexus'], 'tree_ORTHOMCL256_Inner6.nexus': ['tree_ORTHOMCL256_2_Inner5.nexus'], 'tree_ORTHOMCL256_Inner7.nexus': ['tree_ORTHOMCL256_2_Inner5.nexus'], 'tree_ORTHOMCL256_Inner8.nexus': ['tree_ORTHOMCL256_2_Inner5.nexus'], 'tree_ORTHOMCL256_2_Inner5.nexus': ['tree_ORTHOMCL256_Inner5.nexus', 'tree_ORTHOMCL256_Inner6.nexus', 'tree_ORTHOMCL256_Inner7.nexus', 'tree_ORTHOMCL256_Inner8.nexus'], 'tree_ORTHOMCL256_2_Inner6.nexus': ['tree_ORTHOMCL256_Inner5.nexus'], 'tree_ORTHOMCL256_2_Inner7.nexus': ['tree_ORTHOMCL256_Inner5.nexus'], 'tree_ORTHOMCL256_2_Inner8.nexus': ['tree_ORTHOMCL256_Inner5.nexus']}, '5': {'tree_ORTHOMCL256_Inner6.nexus': ['tree_ORTHOMCL256_2_Inner6.nexus', 'tree_ORTHOMCL256_2_Inner7.nexus', 'tree_ORTHOMCL256_2_Inner8.nexus'], 'tree_ORTHOMCL256_Inner7.nexus': ['tree_ORTHOMCL256_2_Inner6.nexus'], 'tree_ORTHOMCL256_Inner8.nexus': ['tree_ORTHOMCL256_2_Inner6.nexus'], 'tree_ORTHOMCL256_2_Inner6.nexus': ['tree_ORTHOMCL256_Inner6.nexus', 'tree_ORTHOMCL256_Inner7.nexus', 'tree_ORTHOMCL256_Inner8.nexus'], 'tree_ORTHOMCL256_2_Inner7.nexus': ['tree_ORTHOMCL256_Inner6.nexus'], 'tree_ORTHOMCL256_2_Inner8.nexus': ['tree_ORTHOMCL256_Inner6.nexus']}, '6': {'tree_ORTHOMCL256_Inner7.nexus': ['tree_ORTHOMCL256_2_Inner7.nexus', 'tree_ORTHOMCL256_2_Inner8.nexus'], 'tree_ORTHOMCL256_Inner8.nexus': ['tree_ORTHOMCL256_2_Inner7.nexus'], 'tree_ORTHOMCL256_2_Inner7.nexus': ['tree_ORTHOMCL256_Inner7.nexus', 'tree_ORTHOMCL256_Inner8.nexus'], 'tree_ORTHOMCL256_2_Inner8.nexus': ['tree_ORTHOMCL256_Inner7.nexus']}, '8': {'tree_ORTHOMCL256_Inner8.nexus': ['tree_ORTHOMCL256_2_Inner8.nexus'], 'tree_ORTHOMCL256_2_Inner8.nexus': ['tree_ORTHOMCL256_Inner8.nexus']}}\n",
        "ingestionTime": 1744962757344,
        "eventId": "38913969674899200028767380568373493512068728849151098923"
    },
    {
        "logStreamName": "2025/04/18/[$LATEST]76cc8d7bcff74b4f829614a185fc906d",
        "timestamp": 1744962750279,
        "message": "[INFO]\t2025-04-18T07:52:30.279Z\t4f5a88b0-b9bd-4d79-9fe9-5be0a0794810\tMAF_DATABASE_AGGREGATOR RequestId: 4f5a88b0-b9bd-4d79-9fe9-5be0a0794810\t Duration: 2.352631000007932 ms\t InputLength: 40\t MaxMaf: 8\t MafDatabase: {'1': {'tree_ORTHOMCL256_Inner4.nexus': ['tree_ORTHOMCL256_2_Inner4.nexus', 'tree_ORTHOMCL256_2_Inner5.nexus', 'tree_ORTHOMCL256_2_Inner6.nexus', 'tree_ORTHOMCL256_2_Inner7.nexus', 'tree_ORTHOMCL256_2_Inner8.nexus'], 'tree_ORTHOMCL256_Inner5.nexus': ['tree_ORTHOMCL256_2_Inner4.nexus'], 'tree_ORTHOMCL256_Inner6.nexus': ['tree_ORTHOMCL256_2_Inner4.nexus'], 'tree_ORTHOMCL256_Inner7.nexus': ['tree_ORTHOMCL256_2_Inner4.nexus'], 'tree_ORTHOMCL256_Inner8.nexus': ['tree_ORTHOMCL256_2_Inner4.nexus'], 'tree_ORTHOMCL256_2_Inner4.nexus': ['tree_ORTHOMCL256_Inner4.nexus', 'tree_ORTHOMCL256_Inner5.nexus', 'tree_ORTHOMCL256_Inner6.nexus', 'tree_ORTHOMCL256_Inner7.nexus', 'tree_ORTHOMCL256_Inner8.nexus'], 'tree_ORTHOMCL256_2_Inner5.nexus': ['tree_ORTHOMCL256_Inner4.nexus'], 'tree_ORTHOMCL256_2_Inner6.nexus': ['tree_ORTHOMCL256_Inner4.nexus'], 'tree_ORTHOMCL256_2_Inner7.nexus': ['tree_ORTHOMCL256_Inner4.nexus'], 'tree_ORTHOMCL256_2_Inner8.nexus': ['tree_ORTHOMCL256_Inner4.nexus']}, '2': {'tree_ORTHOMCL256_Inner1.nexus': ['tree_ORTHOMCL256_2_Inner1.nexus', 'tree_ORTHOMCL256_2_Inner2.nexus', 'tree_ORTHOMCL256_2_Inner3.nexus', 'tree_ORTHOMCL256_2_Inner5.nexus', 'tree_ORTHOMCL256_2_Inner6.nexus', 'tree_ORTHOMCL256_2_Inner7.nexus', 'tree_ORTHOMCL256_2_Inner8.nexus'], 'tree_ORTHOMCL256_Inner2.nexus': ['tree_ORTHOMCL256_2_Inner1.nexus', 'tree_ORTHOMCL256_2_Inner2.nexus', 'tree_ORTHOMCL256_2_Inner3.nexus', 'tree_ORTHOMCL256_2_Inner5.nexus', 'tree_ORTHOMCL256_2_Inner6.nexus', 'tree_ORTHOMCL256_2_Inner7.nexus', 'tree_ORTHOMCL256_2_Inner8.nexus'], 'tree_ORTHOMCL256_Inner3.nexus': ['tree_ORTHOMCL256_2_Inner1.nexus', 'tree_ORTHOMCL256_2_Inner2.nexus'], 'tree_ORTHOMCL256_Inner5.nexus': ['tree_ORTHOMCL256_2_Inner1.nexus', 'tree_ORTHOMCL256_2_Inner2.nexus'], 'tree_ORTHOMCL256_Inner6.nexus': ['tree_ORTHOMCL256_2_Inner1.nexus', 'tree_ORTHOMCL256_2_Inner2.nexus'], 'tree_ORTHOMCL256_Inner7.nexus': ['tree_ORTHOMCL256_2_Inner1.nexus', 'tree_ORTHOMCL256_2_Inner2.nexus'], 'tree_ORTHOMCL256_Inner8.nexus': ['tree_ORTHOMCL256_2_Inner1.nexus', 'tree_ORTHOMCL256_2_Inner2.nexus'], 'tree_ORTHOMCL256_2_Inner1.nexus': ['tree_ORTHOMCL256_Inner1.nexus', 'tree_ORTHOMCL256_Inner2.nexus', 'tree_ORTHOMCL256_Inner3.nexus', 'tree_ORTHOMCL256_Inner5.nexus', 'tree_ORTHOMCL256_Inner6.nexus', 'tree_ORTHOMCL256_Inner7.nexus', 'tree_ORTHOMCL256_Inner8.nexus'], 'tree_ORTHOMCL256_2_Inner2.nexus': ['tree_ORTHOMCL256_Inner1.nexus', 'tree_ORTHOMCL256_Inner2.nexus', 'tree_ORTHOMCL256_Inner3.nexus', 'tree_ORTHOMCL256_Inner5.nexus', 'tree_ORTHOMCL256_Inner6.nexus', 'tree_ORTHOMCL256_Inner7.nexus', 'tree_ORTHOMCL256_Inner8.nexus'], 'tree_ORTHOMCL256_2_Inner3.nexus': ['tree_ORTHOMCL256_Inner1.nexus', 'tree_ORTHOMCL256_Inner2.nexus'], 'tree_ORTHOMCL256_2_Inner5.nexus': ['tree_ORTHOMCL256_Inner1.nexus', 'tree_ORTHOMCL256_Inner2.nexus'], 'tree_ORTHOMCL256_2_Inner6.nexus': ['tree_ORTHOMCL256_Inner1.nexus', 'tree_ORTHOMCL256_Inner2.nexus'], 'tree_ORTHOMCL256_2_Inner7.nexus': ['tree_ORTHOMCL256_Inner1.nexus', 'tree_ORTHOMCL256_Inner2.nexus'], 'tree_ORTHOMCL256_2_Inner8.nexus': ['tree_ORTHOMCL256_Inner1.nexus', 'tree_ORTHOMCL256_Inner2.nexus']}, '3': {'tree_ORTHOMCL256_Inner3.nexus': ['tree_ORTHOMCL256_2_Inner3.nexus', 'tree_ORTHOMCL256_2_Inner5.nexus', 'tree_ORTHOMCL256_2_Inner6.nexus', 'tree_ORTHOMCL256_2_Inner7.nexus', 'tree_ORTHOMCL256_2_Inner8.nexus'], 'tree_ORTHOMCL256_Inner5.nexus': ['tree_ORTHOMCL256_2_Inner3.nexus'], 'tree_ORTHOMCL256_Inner6.nexus': ['tree_ORTHOMCL256_2_Inner3.nexus'], 'tree_ORTHOMCL256_Inner7.nexus': ['tree_ORTHOMCL256_2_Inner3.nexus'], 'tree_ORTHOMCL256_Inner8.nexus': ['tree_ORTHOMCL256_2_Inner3.nexus'], 'tree_ORTHOMCL256_2_Inner3.nexus': ['tree_ORTHOMCL256_Inner3.nexus', 'tree_ORTHOMCL256_Inner5.nexus', 'tree_ORTHOMCL256_Inner6.nexus', 'tree_ORTHOMCL256_Inner7.nexus', 'tree_ORTHOMCL256_Inner8.nexus'], 'tree_ORTHOMCL256_2_Inner5.nexus': ['tree_ORTHOMCL256_Inner3.nexus'], 'tree_ORTHOMCL256_2_Inner6.nexus': ['tree_ORTHOMCL256_Inner3.nexus'], 'tree_ORTHOMCL256_2_Inner7.nexus': ['tree_ORTHOMCL256_Inner3.nexus'], 'tree_ORTHOMCL256_2_Inner8.nexus': ['tree_ORTHOMCL256_Inner3.nexus']}, '4': {'tree_ORTHOMCL256_Inner5.nexus': ['tree_ORTHOMCL256_2_Inner5.nexus', 'tree_ORTHOMCL256_2_Inner6.nexus', 'tree_ORTHOMCL256_2_Inner7.nexus', 'tree_ORTHOMCL256_2_Inner8.nexus'], 'tree_ORTHOMCL256_Inner6.nexus': ['tree_ORTHOMCL256_2_Inner5.nexus'], 'tree_ORTHOMCL256_Inner7.nexus': ['tree_ORTHOMCL256_2_Inner5.nexus'], 'tree_ORTHOMCL256_Inner8.nexus': ['tree_ORTHOMCL256_2_Inner5.nexus'], 'tree_ORTHOMCL256_2_Inner5.nexus': ['tree_ORTHOMCL256_Inner5.nexus', 'tree_ORTHOMCL256_Inner6.nexus', 'tree_ORTHOMCL256_Inner7.nexus', 'tree_ORTHOMCL256_Inner8.nexus'], 'tree_ORTHOMCL256_2_Inner6.nexus': ['tree_ORTHOMCL256_Inner5.nexus'], 'tree_ORTHOMCL256_2_Inner7.nexus': ['tree_ORTHOMCL256_Inner5.nexus'], 'tree_ORTHOMCL256_2_Inner8.nexus': ['tree_ORTHOMCL256_Inner5.nexus']}, '5': {'tree_ORTHOMCL256_Inner6.nexus': ['tree_ORTHOMCL256_2_Inner6.nexus', 'tree_ORTHOMCL256_2_Inner7.nexus', 'tree_ORTHOMCL256_2_Inner8.nexus'], 'tree_ORTHOMCL256_Inner7.nexus': ['tree_ORTHOMCL256_2_Inner6.nexus'], 'tree_ORTHOMCL256_Inner8.nexus': ['tree_ORTHOMCL256_2_Inner6.nexus'], 'tree_ORTHOMCL256_2_Inner6.nexus': ['tree_ORTHOMCL256_Inner6.nexus', 'tree_ORTHOMCL256_Inner7.nexus', 'tree_ORTHOMCL256_Inner8.nexus'], 'tree_ORTHOMCL256_2_Inner7.nexus': ['tree_ORTHOMCL256_Inner6.nexus'], 'tree_ORTHOMCL256_2_Inner8.nexus': ['tree_ORTHOMCL256_Inner6.nexus']}, '6': {'tree_ORTHOMCL256_Inner7.nexus': ['tree_ORTHOMCL256_2_Inner7.nexus', 'tree_ORTHOMCL256_2_Inner8.nexus'], 'tree_ORTHOMCL256_Inner8.nexus': ['tree_ORTHOMCL256_2_Inner7.nexus'], 'tree_ORTHOMCL256_2_Inner7.nexus': ['tree_ORTHOMCL256_Inner7.nexus', 'tree_ORTHOMCL256_Inner8.nexus'], 'tree_ORTHOMCL256_2_Inner8.nexus': ['tree_ORTHOMCL256_Inner7.nexus']}, '8': {'tree_ORTHOMCL256_Inner8.nexus': ['tree_ORTHOMCL256_2_Inner8.nexus'], 'tree_ORTHOMCL256_2_Inner8.nexus': ['tree_ORTHOMCL256_Inner8.nexus']}}\n",
        "ingestionTime": 1744962757344,
        "eventId": "38913969674899200028767380568373493512068728849151098924"
    },
    {
        "logStreamName": "2025/04/18/[$LATEST]76cc8d7bcff74b4f829614a185fc906d",
        "timestamp": 1744962750329,
        "message": "FILE_TRANSFER RequestId: 4f5a88b0-b9bd-4d79-9fe9-5be0a0794810\t TransferType: produced\t Action: upload_to_s3\t FileName: mafdb_e55c4b253d2eb963108a107e404dc9763e2262ecbed696670cdd3950fe76e8d8.json\t Bucket: denethor\t FilePath: mafdb/mafdb_e55c4b253d2eb963108a107e404dc9763e2262ecbed696670cdd3950fe76e8d8.json\t LocalFilePath: /tmp/mafdb/mafdb_e55c4b253d2eb963108a107e404dc9763e2262ecbed696670cdd3950fe76e8d8.json\t FileSize: 20060 bytes\t TransferDuration: 49.603798000021015 ms\n",
        "ingestionTime": 1744962757344,
        "eventId": "38913969676014237288693911725450279425701146924450119725"
    },
    {
        "logStreamName": "2025/04/18/[$LATEST]76cc8d7bcff74b4f829614a185fc906d",
        "timestamp": 1744962750330,
        "message": "PRODUCED_FILES_INFO RequestId: 4f5a88b0-b9bd-4d79-9fe9-5be0a0794810\t FilesCount: 1 files\t FilesSize: 20060 bytes\t TransferDuration: 49.603798000021015 ms\t Provider: aws_lambda\t  ProducedFiles: ['mafdb_e55c4b253d2eb963108a107e404dc9763e2262ecbed696670cdd3950fe76e8d8.json']\n",
        "ingestionTime": 1744962757344,
        "eventId": "38913969676036538033892442348591815143973795285956100142"
    },
    {
        "logStreamName": "2025/04/18/[$LATEST]76cc8d7bcff74b4f829614a185fc906d",
        "timestamp": 1744962750332,
        "message": "END RequestId: 4f5a88b0-b9bd-4d79-9fe9-5be0a0794810\n",
        "ingestionTime": 1744962757344,
        "eventId": "38913969676081139524289503594874886580519092008968060975"
    },
    {
        "logStreamName": "2025/04/18/[$LATEST]76cc8d7bcff74b4f829614a185fc906d",
        "timestamp": 1744962750332,
        "message": "REPORT RequestId: 4f5a88b0-b9bd-4d79-9fe9-5be0a0794810\tDuration: 2013.68 ms\tBilled Duration: 2014 ms\tMemory Size: 1024 MB\tMax Memory Used: 107 MB\tInit Duration: 772.68 ms\t\n",
        "ingestionTime": 1744962757344,
        "eventId": "38913969676081139524289503594874886580519092008968060976"
    }
]