[INFO] 2025-04-18T22:09:29.991Z START RequestId: uuid_695e8b5f_5ec5_4cda_bf87_7caffcfa51a5	 Activity: tree_constructor	 Provider: aws_ec2
[INFO] 2025-04-18T22:09:29.991Z FILE_TRANSFER RequestId: uuid_695e8b5f_5ec5_4cda_bf87_7caffcfa51a5	 TransferType: consumed	 Action: download_from_s3	 FileName: ORTHOMCL1	 Bucket: denethor	 FilePath: data/full_dataset/ORTHOMCL1	 FilePathLocal: resources/data/full_dataset	 FileSize: 1640 bytes	 TransferDuration: 0 ms
[INFO] 2025-04-18T22:09:29.993Z CONSUMED_FILES_INFO RequestId: uuid_695e8b5f_5ec5_4cda_bf87_7caffcfa51a5	 FilesCount: 1 files	 FilesSize: 1640 bytes	 TransferDuration: 0 ms	 ConsumedFiles: ['ORTHOMCL1']
[INFO] 2025-04-18T22:09:30.001Z TREE_CONSTRUCTOR RequestId: uuid_695e8b5f_5ec5_4cda_bf87_7caffcfa51a5	 Duration: 7.910095970146358 ms	 InputFile:ORTHOMCL1	 OutputFile:['tree_ORTHOMCL1.nexus']
[INFO] 2025-04-18T22:09:30.101Z FILE_TRANSFER RequestId: uuid_695e8b5f_5ec5_4cda_bf87_7caffcfa51a5	 TransferType: produced	 Action: upload_to_s3	 FileName: tree_ORTHOMCL1.nexus	 Bucket: denethor	 FilePath: tree/tree_ORTHOMCL1.nexus	 FilePathLocal: .tmp/tree/tree_ORTHOMCL1.nexus	 FileSize: 339 bytes	 TransferDuration: 0 ms
[INFO] 2025-04-18T22:09:30.101Z PRODUCED_FILES_INFO RequestId: uuid_695e8b5f_5ec5_4cda_bf87_7caffcfa51a5	 FilesCount: 1 files	 FilesSize: 339 bytes	 TransferDuration: 0 ms	 Provider: aws_ec2	  ProducedFiles: ['tree_ORTHOMCL1.nexus']
[INFO] 2025-04-18T22:09:30.101Z END RequestId: uuid_695e8b5f_5ec5_4cda_bf87_7caffcfa51a5	 Activity: tree_constructor	 Provider: aws_ec2
[INFO] 2025-04-18T22:09:30.101Z REPORT RequestId: uuid_695e8b5f_5ec5_4cda_bf87_7caffcfa51a5	 Duration: 110.15458300244063 ms	 Billed Duration: 111 ms	 Memory Size: MB	 Max Memory Used: MB	 Init Duration: ms	

[INFO] 2025-04-18T22:09:30.101Z START RequestId: uuid_9e7acbd0_92ca_4e73_9f06_7c47296efd24	 Activity: tree_constructor	 Provider: aws_ec2
[INFO] 2025-04-18T22:09:30.101Z FILE_TRANSFER RequestId: uuid_9e7acbd0_92ca_4e73_9f06_7c47296efd24	 TransferType: consumed	 Action: download_from_s3	 FileName: ORTHOMCL256	 Bucket: denethor	 FilePath: data/full_dataset/ORTHOMCL256	 FilePathLocal: resources/data/full_dataset	 FileSize: 2635 bytes	 TransferDuration: 0 ms
[INFO] 2025-04-18T22:09:30.102Z CONSUMED_FILES_INFO RequestId: uuid_9e7acbd0_92ca_4e73_9f06_7c47296efd24	 FilesCount: 1 files	 FilesSize: 2635 bytes	 TransferDuration: 0 ms	 ConsumedFiles: ['ORTHOMCL256']
[INFO] 2025-04-18T22:09:30.138Z TREE_CONSTRUCTOR RequestId: uuid_9e7acbd0_92ca_4e73_9f06_7c47296efd24	 Duration: 35.16714193392545 ms	 InputFile:ORTHOMCL256	 OutputFile:['tree_ORTHOMCL256.nexus']
[INFO] 2025-04-18T22:09:30.238Z FILE_TRANSFER RequestId: uuid_9e7acbd0_92ca_4e73_9f06_7c47296efd24	 TransferType: produced	 Action: upload_to_s3	 FileName: tree_ORTHOMCL256.nexus	 Bucket: denethor	 FilePath: tree/tree_ORTHOMCL256.nexus	 FilePathLocal: .tmp/tree/tree_ORTHOMCL256.nexus	 FileSize: 640 bytes	 TransferDuration: 0 ms
[INFO] 2025-04-18T22:09:30.238Z PRODUCED_FILES_INFO RequestId: uuid_9e7acbd0_92ca_4e73_9f06_7c47296efd24	 FilesCount: 1 files	 FilesSize: 640 bytes	 TransferDuration: 0 ms	 Provider: aws_ec2	  ProducedFiles: ['tree_ORTHOMCL256.nexus']
[INFO] 2025-04-18T22:09:30.238Z END RequestId: uuid_9e7acbd0_92ca_4e73_9f06_7c47296efd24	 Activity: tree_constructor	 Provider: aws_ec2
[INFO] 2025-04-18T22:09:30.238Z REPORT RequestId: uuid_9e7acbd0_92ca_4e73_9f06_7c47296efd24	 Duration: 136.70343800913543 ms	 Billed Duration: 137 ms	 Memory Size: MB	 Max Memory Used: MB	 Init Duration: ms	

[INFO] 2025-04-18T22:09:30.239Z START RequestId: uuid_ac737ce5_5fd4_4831_a0ec_fa5c98b44b4b	 Activity: tree_constructor	 Provider: aws_ec2
[INFO] 2025-04-18T22:09:30.239Z FILE_TRANSFER RequestId: uuid_ac737ce5_5fd4_4831_a0ec_fa5c98b44b4b	 TransferType: consumed	 Action: download_from_s3	 FileName: ORTHOMCL256_2	 Bucket: denethor	 FilePath: data/full_dataset/ORTHOMCL256_2	 FilePathLocal: resources/data/full_dataset	 FileSize: 2635 bytes	 TransferDuration: 0 ms
[INFO] 2025-04-18T22:09:30.239Z CONSUMED_FILES_INFO RequestId: uuid_ac737ce5_5fd4_4831_a0ec_fa5c98b44b4b	 FilesCount: 1 files	 FilesSize: 2635 bytes	 TransferDuration: 0 ms	 ConsumedFiles: ['ORTHOMCL256_2']
[INFO] 2025-04-18T22:09:30.275Z TREE_CONSTRUCTOR RequestId: uuid_ac737ce5_5fd4_4831_a0ec_fa5c98b44b4b	 Duration: 35.72997299488634 ms	 InputFile:ORTHOMCL256_2	 OutputFile:['tree_ORTHOMCL256_2.nexus']
[INFO] 2025-04-18T22:09:30.375Z FILE_TRANSFER RequestId: uuid_ac737ce5_5fd4_4831_a0ec_fa5c98b44b4b	 TransferType: produced	 Action: upload_to_s3	 FileName: tree_ORTHOMCL256_2.nexus	 Bucket: denethor	 FilePath: tree/tree_ORTHOMCL256_2.nexus	 FilePathLocal: .tmp/tree/tree_ORTHOMCL256_2.nexus	 FileSize: 640 bytes	 TransferDuration: 0 ms
[INFO] 2025-04-18T22:09:30.376Z PRODUCED_FILES_INFO RequestId: uuid_ac737ce5_5fd4_4831_a0ec_fa5c98b44b4b	 FilesCount: 1 files	 FilesSize: 640 bytes	 TransferDuration: 0 ms	 Provider: aws_ec2	  ProducedFiles: ['tree_ORTHOMCL256_2.nexus']
[INFO] 2025-04-18T22:09:30.376Z END RequestId: uuid_ac737ce5_5fd4_4831_a0ec_fa5c98b44b4b	 Activity: tree_constructor	 Provider: aws_ec2
[INFO] 2025-04-18T22:09:30.376Z REPORT RequestId: uuid_ac737ce5_5fd4_4831_a0ec_fa5c98b44b4b	 Duration: 137.09944603033364 ms	 Billed Duration: 138 ms	 Memory Size: MB	 Max Memory Used: MB	 Init Duration: ms	

[INFO] 2025-04-18T22:09:30.376Z START RequestId: uuid_d23dc7f0_2401_4224_87ab_07b003aed74d	 Activity: tree_constructor	 Provider: aws_ec2
[INFO] 2025-04-18T22:09:30.376Z FILE_TRANSFER RequestId: uuid_d23dc7f0_2401_4224_87ab_07b003aed74d	 TransferType: consumed	 Action: download_from_s3	 FileName: ORTHOMCL320	 Bucket: denethor	 FilePath: data/full_dataset/ORTHOMCL320	 FilePathLocal: resources/data/full_dataset	 FileSize: 3318 bytes	 TransferDuration: 0 ms
[INFO] 2025-04-18T22:09:30.377Z CONSUMED_FILES_INFO RequestId: uuid_d23dc7f0_2401_4224_87ab_07b003aed74d	 FilesCount: 1 files	 FilesSize: 3318 bytes	 TransferDuration: 0 ms	 ConsumedFiles: ['ORTHOMCL320']
[INFO] 2025-04-18T22:09:30.421Z TREE_CONSTRUCTOR RequestId: uuid_d23dc7f0_2401_4224_87ab_07b003aed74d	 Duration: 44.10025000106543 ms	 InputFile:ORTHOMCL320	 OutputFile:['tree_ORTHOMCL320.nexus']
[INFO] 2025-04-18T22:09:30.521Z FILE_TRANSFER RequestId: uuid_d23dc7f0_2401_4224_87ab_07b003aed74d	 TransferType: produced	 Action: upload_to_s3	 FileName: tree_ORTHOMCL320.nexus	 Bucket: denethor	 FilePath: tree/tree_ORTHOMCL320.nexus	 FilePathLocal: .tmp/tree/tree_ORTHOMCL320.nexus	 FileSize: 595 bytes	 TransferDuration: 0 ms
[INFO] 2025-04-18T22:09:30.521Z PRODUCED_FILES_INFO RequestId: uuid_d23dc7f0_2401_4224_87ab_07b003aed74d	 FilesCount: 1 files	 FilesSize: 595 bytes	 TransferDuration: 0 ms	 Provider: aws_ec2	  ProducedFiles: ['tree_ORTHOMCL320.nexus']
[INFO] 2025-04-18T22:09:30.521Z END RequestId: uuid_d23dc7f0_2401_4224_87ab_07b003aed74d	 Activity: tree_constructor	 Provider: aws_ec2
[INFO] 2025-04-18T22:09:30.521Z REPORT RequestId: uuid_d23dc7f0_2401_4224_87ab_07b003aed74d	 Duration: 145.48694691620767 ms	 Billed Duration: 146 ms	 Memory Size: MB	 Max Memory Used: MB	 Init Duration: ms	

[INFO] 2025-04-18T22:09:30.522Z START RequestId: uuid_106c1c76_ca96_4ae0_b03f_183b88c2d493	 Activity: tree_constructor	 Provider: aws_ec2
[INFO] 2025-04-18T22:09:30.522Z FILE_TRANSFER RequestId: uuid_106c1c76_ca96_4ae0_b03f_183b88c2d493	 TransferType: consumed	 Action: download_from_s3	 FileName: ORTHOMCL337	 Bucket: denethor	 FilePath: data/full_dataset/ORTHOMCL337	 FilePathLocal: resources/data/full_dataset	 FileSize: 3173 bytes	 TransferDuration: 0 ms
[INFO] 2025-04-18T22:09:30.523Z CONSUMED_FILES_INFO RequestId: uuid_106c1c76_ca96_4ae0_b03f_183b88c2d493	 FilesCount: 1 files	 FilesSize: 3173 bytes	 TransferDuration: 0 ms	 ConsumedFiles: ['ORTHOMCL337']
[INFO] 2025-04-18T22:09:30.574Z TREE_CONSTRUCTOR RequestId: uuid_106c1c76_ca96_4ae0_b03f_183b88c2d493	 Duration: 51.67593993246555 ms	 InputFile:ORTHOMCL337	 OutputFile:['tree_ORTHOMCL337.nexus']
[INFO] 2025-04-18T22:09:30.675Z FILE_TRANSFER RequestId: uuid_106c1c76_ca96_4ae0_b03f_183b88c2d493	 TransferType: produced	 Action: upload_to_s3	 FileName: tree_ORTHOMCL337.nexus	 Bucket: denethor	 FilePath: tree/tree_ORTHOMCL337.nexus	 FilePathLocal: .tmp/tree/tree_ORTHOMCL337.nexus	 FileSize: 581 bytes	 TransferDuration: 0 ms
[INFO] 2025-04-18T22:09:30.675Z PRODUCED_FILES_INFO RequestId: uuid_106c1c76_ca96_4ae0_b03f_183b88c2d493	 FilesCount: 1 files	 FilesSize: 581 bytes	 TransferDuration: 0 ms	 Provider: aws_ec2	  ProducedFiles: ['tree_ORTHOMCL337.nexus']
[INFO] 2025-04-18T22:09:30.675Z END RequestId: uuid_106c1c76_ca96_4ae0_b03f_183b88c2d493	 Activity: tree_constructor	 Provider: aws_ec2
[INFO] 2025-04-18T22:09:30.675Z REPORT RequestId: uuid_106c1c76_ca96_4ae0_b03f_183b88c2d493	 Duration: 153.07746396865696 ms	 Billed Duration: 154 ms	 Memory Size: MB	 Max Memory Used: MB	 Init Duration: ms	

[INFO] 2025-04-18T22:09:30.675Z START RequestId: uuid_6b359a6b_20cd_45c0_9d53_e70e1a16a99e	 Activity: tree_constructor	 Provider: aws_ec2
[INFO] 2025-04-18T22:09:30.675Z FILE_TRANSFER RequestId: uuid_6b359a6b_20cd_45c0_9d53_e70e1a16a99e	 TransferType: consumed	 Action: download_from_s3	 FileName: ORTHOMCL358	 Bucket: denethor	 FilePath: data/full_dataset/ORTHOMCL358	 FilePathLocal: resources/data/full_dataset	 FileSize: 3223 bytes	 TransferDuration: 0 ms
[INFO] 2025-04-18T22:09:30.676Z CONSUMED_FILES_INFO RequestId: uuid_6b359a6b_20cd_45c0_9d53_e70e1a16a99e	 FilesCount: 1 files	 FilesSize: 3223 bytes	 TransferDuration: 0 ms	 ConsumedFiles: ['ORTHOMCL358']
[INFO] 2025-04-18T22:09:30.742Z TREE_CONSTRUCTOR RequestId: uuid_6b359a6b_20cd_45c0_9d53_e70e1a16a99e	 Duration: 65.72216097265482 ms	 InputFile:ORTHOMCL358	 OutputFile:['tree_ORTHOMCL358.nexus']
[INFO] 2025-04-18T22:09:30.842Z FILE_TRANSFER RequestId: uuid_6b359a6b_20cd_45c0_9d53_e70e1a16a99e	 TransferType: produced	 Action: upload_to_s3	 FileName: tree_ORTHOMCL358.nexus	 Bucket: denethor	 FilePath: tree/tree_ORTHOMCL358.nexus	 FilePathLocal: .tmp/tree/tree_ORTHOMCL358.nexus	 FileSize: 567 bytes	 TransferDuration: 0 ms
[INFO] 2025-04-18T22:09:30.842Z PRODUCED_FILES_INFO RequestId: uuid_6b359a6b_20cd_45c0_9d53_e70e1a16a99e	 FilesCount: 1 files	 FilesSize: 567 bytes	 TransferDuration: 0 ms	 Provider: aws_ec2	  ProducedFiles: ['tree_ORTHOMCL358.nexus']
[INFO] 2025-04-18T22:09:30.842Z END RequestId: uuid_6b359a6b_20cd_45c0_9d53_e70e1a16a99e	 Activity: tree_constructor	 Provider: aws_ec2
[INFO] 2025-04-18T22:09:30.842Z REPORT RequestId: uuid_6b359a6b_20cd_45c0_9d53_e70e1a16a99e	 Duration: 167.12246602401137 ms	 Billed Duration: 168 ms	 Memory Size: MB	 Max Memory Used: MB	 Init Duration: ms	

[INFO] 2025-04-18T22:09:30.843Z START RequestId: uuid_01adb82e_6ff1_441b_a56c_1466480a36b4	 Activity: tree_constructor	 Provider: aws_ec2
[INFO] 2025-04-18T22:09:30.843Z FILE_TRANSFER RequestId: uuid_01adb82e_6ff1_441b_a56c_1466480a36b4	 TransferType: consumed	 Action: download_from_s3	 FileName: ORTHOMCL364	 Bucket: denethor	 FilePath: data/full_dataset/ORTHOMCL364	 FilePathLocal: resources/data/full_dataset	 FileSize: 3184 bytes	 TransferDuration: 0 ms
[INFO] 2025-04-18T22:09:30.843Z CONSUMED_FILES_INFO RequestId: uuid_01adb82e_6ff1_441b_a56c_1466480a36b4	 FilesCount: 1 files	 FilesSize: 3184 bytes	 TransferDuration: 0 ms	 ConsumedFiles: ['ORTHOMCL364']
[INFO] 2025-04-18T22:09:30.891Z TREE_CONSTRUCTOR RequestId: uuid_01adb82e_6ff1_441b_a56c_1466480a36b4	 Duration: 47.888810047879815 ms	 InputFile:ORTHOMCL364	 OutputFile:['tree_ORTHOMCL364.nexus']
[INFO] 2025-04-18T22:09:30.992Z FILE_TRANSFER RequestId: uuid_01adb82e_6ff1_441b_a56c_1466480a36b4	 TransferType: produced	 Action: upload_to_s3	 FileName: tree_ORTHOMCL364.nexus	 Bucket: denethor	 FilePath: tree/tree_ORTHOMCL364.nexus	 FilePathLocal: .tmp/tree/tree_ORTHOMCL364.nexus	 FileSize: 575 bytes	 TransferDuration: 0 ms
[INFO] 2025-04-18T22:09:30.992Z PRODUCED_FILES_INFO RequestId: uuid_01adb82e_6ff1_441b_a56c_1466480a36b4	 FilesCount: 1 files	 FilesSize: 575 bytes	 TransferDuration: 0 ms	 Provider: aws_ec2	  ProducedFiles: ['tree_ORTHOMCL364.nexus']
[INFO] 2025-04-18T22:09:30.992Z END RequestId: uuid_01adb82e_6ff1_441b_a56c_1466480a36b4	 Activity: tree_constructor	 Provider: aws_ec2
[INFO] 2025-04-18T22:09:30.992Z REPORT RequestId: uuid_01adb82e_6ff1_441b_a56c_1466480a36b4	 Duration: 149.49365693610162 ms	 Billed Duration: 150 ms	 Memory Size: MB	 Max Memory Used: MB	 Init Duration: ms	

[INFO] 2025-04-18T22:09:30.993Z START RequestId: uuid_72950f86_5c36_4ce9_9cfe_5aeef0ad3dbf	 Activity: tree_constructor	 Provider: aws_ec2
[INFO] 2025-04-18T22:09:30.993Z FILE_TRANSFER RequestId: uuid_72950f86_5c36_4ce9_9cfe_5aeef0ad3dbf	 TransferType: consumed	 Action: download_from_s3	 FileName: ORTHOMCL371	 Bucket: denethor	 FilePath: data/full_dataset/ORTHOMCL371	 FilePathLocal: resources/data/full_dataset	 FileSize: 2740 bytes	 TransferDuration: 0 ms
[INFO] 2025-04-18T22:09:30.994Z CONSUMED_FILES_INFO RequestId: uuid_72950f86_5c36_4ce9_9cfe_5aeef0ad3dbf	 FilesCount: 1 files	 FilesSize: 2740 bytes	 TransferDuration: 0 ms	 ConsumedFiles: ['ORTHOMCL371']
[INFO] 2025-04-18T22:09:31.027Z TREE_CONSTRUCTOR RequestId: uuid_72950f86_5c36_4ce9_9cfe_5aeef0ad3dbf	 Duration: 33.2665970781818 ms	 InputFile:ORTHOMCL371	 OutputFile:['tree_ORTHOMCL371.nexus']
[INFO] 2025-04-18T22:09:31.128Z FILE_TRANSFER RequestId: uuid_72950f86_5c36_4ce9_9cfe_5aeef0ad3dbf	 TransferType: produced	 Action: upload_to_s3	 FileName: tree_ORTHOMCL371.nexus	 Bucket: denethor	 FilePath: tree/tree_ORTHOMCL371.nexus	 FilePathLocal: .tmp/tree/tree_ORTHOMCL371.nexus	 FileSize: 511 bytes	 TransferDuration: 0 ms
[INFO] 2025-04-18T22:09:31.128Z PRODUCED_FILES_INFO RequestId: uuid_72950f86_5c36_4ce9_9cfe_5aeef0ad3dbf	 FilesCount: 1 files	 FilesSize: 511 bytes	 TransferDuration: 0 ms	 Provider: aws_ec2	  ProducedFiles: ['tree_ORTHOMCL371.nexus']
[INFO] 2025-04-18T22:09:31.128Z END RequestId: uuid_72950f86_5c36_4ce9_9cfe_5aeef0ad3dbf	 Activity: tree_constructor	 Provider: aws_ec2
[INFO] 2025-04-18T22:09:31.128Z REPORT RequestId: uuid_72950f86_5c36_4ce9_9cfe_5aeef0ad3dbf	 Duration: 135.69311809260398 ms	 Billed Duration: 136 ms	 Memory Size: MB	 Max Memory Used: MB	 Init Duration: ms	

[INFO] 2025-04-18T22:09:31.129Z START RequestId: uuid_afcaf638_c3b3_42a7_9b76_ec6d3dc7d1a5	 Activity: tree_constructor	 Provider: aws_ec2
[INFO] 2025-04-18T22:09:31.129Z FILE_TRANSFER RequestId: uuid_afcaf638_c3b3_42a7_9b76_ec6d3dc7d1a5	 TransferType: consumed	 Action: download_from_s3	 FileName: ORTHOMCL374	 Bucket: denethor	 FilePath: data/full_dataset/ORTHOMCL374	 FilePathLocal: resources/data/full_dataset	 FileSize: 2587 bytes	 TransferDuration: 0 ms
[INFO] 2025-04-18T22:09:31.129Z CONSUMED_FILES_INFO RequestId: uuid_afcaf638_c3b3_42a7_9b76_ec6d3dc7d1a5	 FilesCount: 1 files	 FilesSize: 2587 bytes	 TransferDuration: 0 ms	 ConsumedFiles: ['ORTHOMCL374']
[INFO] 2025-04-18T22:09:31.187Z TREE_CONSTRUCTOR RequestId: uuid_afcaf638_c3b3_42a7_9b76_ec6d3dc7d1a5	 Duration: 57.63558601029217 ms	 InputFile:ORTHOMCL374	 OutputFile:['tree_ORTHOMCL374.nexus']
[INFO] 2025-04-18T22:09:31.288Z FILE_TRANSFER RequestId: uuid_afcaf638_c3b3_42a7_9b76_ec6d3dc7d1a5	 TransferType: produced	 Action: upload_to_s3	 FileName: tree_ORTHOMCL374.nexus	 Bucket: denethor	 FilePath: tree/tree_ORTHOMCL374.nexus	 FilePathLocal: .tmp/tree/tree_ORTHOMCL374.nexus	 FileSize: 563 bytes	 TransferDuration: 0 ms
[INFO] 2025-04-18T22:09:31.288Z PRODUCED_FILES_INFO RequestId: uuid_afcaf638_c3b3_42a7_9b76_ec6d3dc7d1a5	 FilesCount: 1 files	 FilesSize: 563 bytes	 TransferDuration: 0 ms	 Provider: aws_ec2	  ProducedFiles: ['tree_ORTHOMCL374.nexus']
[INFO] 2025-04-18T22:09:31.288Z END RequestId: uuid_afcaf638_c3b3_42a7_9b76_ec6d3dc7d1a5	 Activity: tree_constructor	 Provider: aws_ec2
[INFO] 2025-04-18T22:09:31.288Z REPORT RequestId: uuid_afcaf638_c3b3_42a7_9b76_ec6d3dc7d1a5	 Duration: 159.29748199414462 ms	 Billed Duration: 160 ms	 Memory Size: MB	 Max Memory Used: MB	 Init Duration: ms	

[INFO] 2025-04-18T22:09:31.288Z START RequestId: uuid_c3204b5f_fb6a_437c_bff3_fb8dc8cacdab	 Activity: tree_constructor	 Provider: aws_ec2
[INFO] 2025-04-18T22:09:31.288Z FILE_TRANSFER RequestId: uuid_c3204b5f_fb6a_437c_bff3_fb8dc8cacdab	 TransferType: consumed	 Action: download_from_s3	 FileName: ORTHOMCL421	 Bucket: denethor	 FilePath: data/full_dataset/ORTHOMCL421	 FilePathLocal: resources/data/full_dataset	 FileSize: 2412 bytes	 TransferDuration: 0 ms
[INFO] 2025-04-18T22:09:31.289Z CONSUMED_FILES_INFO RequestId: uuid_c3204b5f_fb6a_437c_bff3_fb8dc8cacdab	 FilesCount: 1 files	 FilesSize: 2412 bytes	 TransferDuration: 0 ms	 ConsumedFiles: ['ORTHOMCL421']
[INFO] 2025-04-18T22:09:31.305Z TREE_CONSTRUCTOR RequestId: uuid_c3204b5f_fb6a_437c_bff3_fb8dc8cacdab	 Duration: 16.022318974137306 ms	 InputFile:ORTHOMCL421	 OutputFile:['tree_ORTHOMCL421.nexus']
[INFO] 2025-04-18T22:09:31.405Z FILE_TRANSFER RequestId: uuid_c3204b5f_fb6a_437c_bff3_fb8dc8cacdab	 TransferType: produced	 Action: upload_to_s3	 FileName: tree_ORTHOMCL421.nexus	 Bucket: denethor	 FilePath: tree/tree_ORTHOMCL421.nexus	 FilePathLocal: .tmp/tree/tree_ORTHOMCL421.nexus	 FileSize: 521 bytes	 TransferDuration: 0 ms
[INFO] 2025-04-18T22:09:31.406Z PRODUCED_FILES_INFO RequestId: uuid_c3204b5f_fb6a_437c_bff3_fb8dc8cacdab	 FilesCount: 1 files	 FilesSize: 521 bytes	 TransferDuration: 0 ms	 Provider: aws_ec2	  ProducedFiles: ['tree_ORTHOMCL421.nexus']
[INFO] 2025-04-18T22:09:31.406Z END RequestId: uuid_c3204b5f_fb6a_437c_bff3_fb8dc8cacdab	 Activity: tree_constructor	 Provider: aws_ec2
[INFO] 2025-04-18T22:09:31.406Z REPORT RequestId: uuid_c3204b5f_fb6a_437c_bff3_fb8dc8cacdab	 Duration: 117.37741599790752 ms	 Billed Duration: 118 ms	 Memory Size: MB	 Max Memory Used: MB	 Init Duration: ms	

[INFO] 2025-04-18T22:09:31.406Z START RequestId: uuid_e33a9292_1fea_42fd_afa1_c65aedac0ea0	 Activity: tree_constructor	 Provider: aws_ec2
[INFO] 2025-04-18T22:09:31.406Z FILE_TRANSFER RequestId: uuid_e33a9292_1fea_42fd_afa1_c65aedac0ea0	 TransferType: consumed	 Action: download_from_s3	 FileName: ORTHOMCL424	 Bucket: denethor	 FilePath: data/full_dataset/ORTHOMCL424	 FilePathLocal: resources/data/full_dataset	 FileSize: 3200 bytes	 TransferDuration: 0 ms
[INFO] 2025-04-18T22:09:31.407Z CONSUMED_FILES_INFO RequestId: uuid_e33a9292_1fea_42fd_afa1_c65aedac0ea0	 FilesCount: 1 files	 FilesSize: 3200 bytes	 TransferDuration: 0 ms	 ConsumedFiles: ['ORTHOMCL424']
[INFO] 2025-04-18T22:09:31.439Z TREE_CONSTRUCTOR RequestId: uuid_e33a9292_1fea_42fd_afa1_c65aedac0ea0	 Duration: 32.262195949442685 ms	 InputFile:ORTHOMCL424	 OutputFile:['tree_ORTHOMCL424.nexus']
[INFO] 2025-04-18T22:09:31.539Z FILE_TRANSFER RequestId: uuid_e33a9292_1fea_42fd_afa1_c65aedac0ea0	 TransferType: produced	 Action: upload_to_s3	 FileName: tree_ORTHOMCL424.nexus	 Bucket: denethor	 FilePath: tree/tree_ORTHOMCL424.nexus	 FilePathLocal: .tmp/tree/tree_ORTHOMCL424.nexus	 FileSize: 527 bytes	 TransferDuration: 0 ms
[INFO] 2025-04-18T22:09:31.540Z PRODUCED_FILES_INFO RequestId: uuid_e33a9292_1fea_42fd_afa1_c65aedac0ea0	 FilesCount: 1 files	 FilesSize: 527 bytes	 TransferDuration: 0 ms	 Provider: aws_ec2	  ProducedFiles: ['tree_ORTHOMCL424.nexus']
[INFO] 2025-04-18T22:09:31.540Z END RequestId: uuid_e33a9292_1fea_42fd_afa1_c65aedac0ea0	 Activity: tree_constructor	 Provider: aws_ec2
[INFO] 2025-04-18T22:09:31.540Z REPORT RequestId: uuid_e33a9292_1fea_42fd_afa1_c65aedac0ea0	 Duration: 133.58174497261643 ms	 Billed Duration: 134 ms	 Memory Size: MB	 Max Memory Used: MB	 Init Duration: ms	

[INFO] 2025-04-18T22:09:31.540Z START RequestId: uuid_2f746248_d2bb_4172_a45b_1f21d120855d	 Activity: tree_constructor	 Provider: aws_ec2
[INFO] 2025-04-18T22:09:31.540Z FILE_TRANSFER RequestId: uuid_2f746248_d2bb_4172_a45b_1f21d120855d	 TransferType: consumed	 Action: download_from_s3	 FileName: ORTHOMCL441	 Bucket: denethor	 FilePath: data/full_dataset/ORTHOMCL441	 FilePathLocal: resources/data/full_dataset	 FileSize: 1835 bytes	 TransferDuration: 0 ms
[INFO] 2025-04-18T22:09:31.541Z CONSUMED_FILES_INFO RequestId: uuid_2f746248_d2bb_4172_a45b_1f21d120855d	 FilesCount: 1 files	 FilesSize: 1835 bytes	 TransferDuration: 0 ms	 ConsumedFiles: ['ORTHOMCL441']
[INFO] 2025-04-18T22:09:31.559Z TREE_CONSTRUCTOR RequestId: uuid_2f746248_d2bb_4172_a45b_1f21d120855d	 Duration: 18.19453702773899 ms	 InputFile:ORTHOMCL441	 OutputFile:['tree_ORTHOMCL441.nexus']
[INFO] 2025-04-18T22:09:31.659Z FILE_TRANSFER RequestId: uuid_2f746248_d2bb_4172_a45b_1f21d120855d	 TransferType: produced	 Action: upload_to_s3	 FileName: tree_ORTHOMCL441.nexus	 Bucket: denethor	 FilePath: tree/tree_ORTHOMCL441.nexus	 FilePathLocal: .tmp/tree/tree_ORTHOMCL441.nexus	 FileSize: 514 bytes	 TransferDuration: 0 ms
[INFO] 2025-04-18T22:09:31.659Z PRODUCED_FILES_INFO RequestId: uuid_2f746248_d2bb_4172_a45b_1f21d120855d	 FilesCount: 1 files	 FilesSize: 514 bytes	 TransferDuration: 0 ms	 Provider: aws_ec2	  ProducedFiles: ['tree_ORTHOMCL441.nexus']
[INFO] 2025-04-18T22:09:31.659Z END RequestId: uuid_2f746248_d2bb_4172_a45b_1f21d120855d	 Activity: tree_constructor	 Provider: aws_ec2
[INFO] 2025-04-18T22:09:31.659Z REPORT RequestId: uuid_2f746248_d2bb_4172_a45b_1f21d120855d	 Duration: 119.49815507978201 ms	 Billed Duration: 120 ms	 Memory Size: MB	 Max Memory Used: MB	 Init Duration: ms	

[INFO] 2025-04-18T22:09:31.660Z START RequestId: uuid_71fd82b0_f722_4061_8083_66fdb845325e	 Activity: tree_constructor	 Provider: aws_ec2
[INFO] 2025-04-18T22:09:31.660Z FILE_TRANSFER RequestId: uuid_71fd82b0_f722_4061_8083_66fdb845325e	 TransferType: consumed	 Action: download_from_s3	 FileName: ORTHOMCL458	 Bucket: denethor	 FilePath: data/full_dataset/ORTHOMCL458	 FilePathLocal: resources/data/full_dataset	 FileSize: 2228 bytes	 TransferDuration: 0 ms
[INFO] 2025-04-18T22:09:31.661Z CONSUMED_FILES_INFO RequestId: uuid_71fd82b0_f722_4061_8083_66fdb845325e	 FilesCount: 1 files	 FilesSize: 2228 bytes	 TransferDuration: 0 ms	 ConsumedFiles: ['ORTHOMCL458']
[INFO] 2025-04-18T22:09:31.682Z TREE_CONSTRUCTOR RequestId: uuid_71fd82b0_f722_4061_8083_66fdb845325e	 Duration: 21.078361896798015 ms	 InputFile:ORTHOMCL458	 OutputFile:['tree_ORTHOMCL458.nexus']
[INFO] 2025-04-18T22:09:31.782Z FILE_TRANSFER RequestId: uuid_71fd82b0_f722_4061_8083_66fdb845325e	 TransferType: produced	 Action: upload_to_s3	 FileName: tree_ORTHOMCL458.nexus	 Bucket: denethor	 FilePath: tree/tree_ORTHOMCL458.nexus	 FilePathLocal: .tmp/tree/tree_ORTHOMCL458.nexus	 FileSize: 453 bytes	 TransferDuration: 0 ms
[INFO] 2025-04-18T22:09:31.782Z PRODUCED_FILES_INFO RequestId: uuid_71fd82b0_f722_4061_8083_66fdb845325e	 FilesCount: 1 files	 FilesSize: 453 bytes	 TransferDuration: 0 ms	 Provider: aws_ec2	  ProducedFiles: ['tree_ORTHOMCL458.nexus']
[INFO] 2025-04-18T22:09:31.782Z END RequestId: uuid_71fd82b0_f722_4061_8083_66fdb845325e	 Activity: tree_constructor	 Provider: aws_ec2
[INFO] 2025-04-18T22:09:31.782Z REPORT RequestId: uuid_71fd82b0_f722_4061_8083_66fdb845325e	 Duration: 122.36230191774666 ms	 Billed Duration: 123 ms	 Memory Size: MB	 Max Memory Used: MB	 Init Duration: ms	

[INFO] 2025-04-18T22:09:31.783Z START RequestId: uuid_b02d1e6d_4766_4827_a302_2f97198f4ee2	 Activity: tree_constructor	 Provider: aws_ec2
[INFO] 2025-04-18T22:09:31.783Z FILE_TRANSFER RequestId: uuid_b02d1e6d_4766_4827_a302_2f97198f4ee2	 TransferType: consumed	 Action: download_from_s3	 FileName: ORTHOMCL465	 Bucket: denethor	 FilePath: data/full_dataset/ORTHOMCL465	 FilePathLocal: resources/data/full_dataset	 FileSize: 4075 bytes	 TransferDuration: 0 ms
[INFO] 2025-04-18T22:09:31.784Z CONSUMED_FILES_INFO RequestId: uuid_b02d1e6d_4766_4827_a302_2f97198f4ee2	 FilesCount: 1 files	 FilesSize: 4075 bytes	 TransferDuration: 0 ms	 ConsumedFiles: ['ORTHOMCL465']
[INFO] 2025-04-18T22:09:31.810Z TREE_CONSTRUCTOR RequestId: uuid_b02d1e6d_4766_4827_a302_2f97198f4ee2	 Duration: 26.01968904491514 ms	 InputFile:ORTHOMCL465	 OutputFile:['tree_ORTHOMCL465.nexus']
[INFO] 2025-04-18T22:09:31.910Z FILE_TRANSFER RequestId: uuid_b02d1e6d_4766_4827_a302_2f97198f4ee2	 TransferType: produced	 Action: upload_to_s3	 FileName: tree_ORTHOMCL465.nexus	 Bucket: denethor	 FilePath: tree/tree_ORTHOMCL465.nexus	 FilePathLocal: .tmp/tree/tree_ORTHOMCL465.nexus	 FileSize: 515 bytes	 TransferDuration: 0 ms
[INFO] 2025-04-18T22:09:31.910Z PRODUCED_FILES_INFO RequestId: uuid_b02d1e6d_4766_4827_a302_2f97198f4ee2	 FilesCount: 1 files	 FilesSize: 515 bytes	 TransferDuration: 0 ms	 Provider: aws_ec2	  ProducedFiles: ['tree_ORTHOMCL465.nexus']
[INFO] 2025-04-18T22:09:31.910Z END RequestId: uuid_b02d1e6d_4766_4827_a302_2f97198f4ee2	 Activity: tree_constructor	 Provider: aws_ec2
[INFO] 2025-04-18T22:09:31.910Z REPORT RequestId: uuid_b02d1e6d_4766_4827_a302_2f97198f4ee2	 Duration: 127.81175004784018 ms	 Billed Duration: 128 ms	 Memory Size: MB	 Max Memory Used: MB	 Init Duration: ms	

[INFO] 2025-04-18T22:09:31.911Z START RequestId: uuid_24b53f8a_c1a0_4da5_8e38_8717e0c9d2be	 Activity: tree_constructor	 Provider: aws_ec2
[INFO] 2025-04-18T22:09:31.911Z FILE_TRANSFER RequestId: uuid_24b53f8a_c1a0_4da5_8e38_8717e0c9d2be	 TransferType: consumed	 Action: download_from_s3	 FileName: ORTHOMCL508	 Bucket: denethor	 FilePath: data/full_dataset/ORTHOMCL508	 FilePathLocal: resources/data/full_dataset	 FileSize: 4654 bytes	 TransferDuration: 0 ms
[INFO] 2025-04-18T22:09:31.911Z CONSUMED_FILES_INFO RequestId: uuid_24b53f8a_c1a0_4da5_8e38_8717e0c9d2be	 FilesCount: 1 files	 FilesSize: 4654 bytes	 TransferDuration: 0 ms	 ConsumedFiles: ['ORTHOMCL508']
[INFO] 2025-04-18T22:09:32.005Z TREE_CONSTRUCTOR RequestId: uuid_24b53f8a_c1a0_4da5_8e38_8717e0c9d2be	 Duration: 93.6377519974485 ms	 InputFile:ORTHOMCL508	 OutputFile:['tree_ORTHOMCL508.nexus']
[INFO] 2025-04-18T22:09:32.105Z FILE_TRANSFER RequestId: uuid_24b53f8a_c1a0_4da5_8e38_8717e0c9d2be	 TransferType: produced	 Action: upload_to_s3	 FileName: tree_ORTHOMCL508.nexus	 Bucket: denethor	 FilePath: tree/tree_ORTHOMCL508.nexus	 FilePathLocal: .tmp/tree/tree_ORTHOMCL508.nexus	 FileSize: 465 bytes	 TransferDuration: 0 ms
[INFO] 2025-04-18T22:09:32.106Z PRODUCED_FILES_INFO RequestId: uuid_24b53f8a_c1a0_4da5_8e38_8717e0c9d2be	 FilesCount: 1 files	 FilesSize: 465 bytes	 TransferDuration: 0 ms	 Provider: aws_ec2	  ProducedFiles: ['tree_ORTHOMCL508.nexus']
[INFO] 2025-04-18T22:09:32.106Z END RequestId: uuid_24b53f8a_c1a0_4da5_8e38_8717e0c9d2be	 Activity: tree_constructor	 Provider: aws_ec2
[INFO] 2025-04-18T22:09:32.106Z REPORT RequestId: uuid_24b53f8a_c1a0_4da5_8e38_8717e0c9d2be	 Duration: 195.0750679243356 ms	 Billed Duration: 196 ms	 Memory Size: MB	 Max Memory Used: MB	 Init Duration: ms	

[INFO] 2025-04-18T22:09:32.106Z START RequestId: uuid_2b253de9_9949_4c4c_99af_c2e808468cbf	 Activity: tree_constructor	 Provider: aws_ec2
[INFO] 2025-04-18T22:09:32.106Z FILE_TRANSFER RequestId: uuid_2b253de9_9949_4c4c_99af_c2e808468cbf	 TransferType: consumed	 Action: download_from_s3	 FileName: ORTHOMCL510	 Bucket: denethor	 FilePath: data/full_dataset/ORTHOMCL510	 FilePathLocal: resources/data/full_dataset	 FileSize: 4811 bytes	 TransferDuration: 0 ms
[INFO] 2025-04-18T22:09:32.107Z CONSUMED_FILES_INFO RequestId: uuid_2b253de9_9949_4c4c_99af_c2e808468cbf	 FilesCount: 1 files	 FilesSize: 4811 bytes	 TransferDuration: 0 ms	 ConsumedFiles: ['ORTHOMCL510']
[INFO] 2025-04-18T22:09:32.156Z TREE_CONSTRUCTOR RequestId: uuid_2b253de9_9949_4c4c_99af_c2e808468cbf	 Duration: 49.10287098027766 ms	 InputFile:ORTHOMCL510	 OutputFile:['tree_ORTHOMCL510.nexus']
[INFO] 2025-04-18T22:09:32.257Z FILE_TRANSFER RequestId: uuid_2b253de9_9949_4c4c_99af_c2e808468cbf	 TransferType: produced	 Action: upload_to_s3	 FileName: tree_ORTHOMCL510.nexus	 Bucket: denethor	 FilePath: tree/tree_ORTHOMCL510.nexus	 FilePathLocal: .tmp/tree/tree_ORTHOMCL510.nexus	 FileSize: 465 bytes	 TransferDuration: 0 ms
[INFO] 2025-04-18T22:09:32.257Z PRODUCED_FILES_INFO RequestId: uuid_2b253de9_9949_4c4c_99af_c2e808468cbf	 FilesCount: 1 files	 FilesSize: 465 bytes	 TransferDuration: 0 ms	 Provider: aws_ec2	  ProducedFiles: ['tree_ORTHOMCL510.nexus']
[INFO] 2025-04-18T22:09:32.257Z END RequestId: uuid_2b253de9_9949_4c4c_99af_c2e808468cbf	 Activity: tree_constructor	 Provider: aws_ec2
[INFO] 2025-04-18T22:09:32.257Z REPORT RequestId: uuid_2b253de9_9949_4c4c_99af_c2e808468cbf	 Duration: 150.8396490244195 ms	 Billed Duration: 151 ms	 Memory Size: MB	 Max Memory Used: MB	 Init Duration: ms	

[INFO] 2025-04-18T22:09:32.257Z START RequestId: uuid_a0dc477e_3816_4cc1_9b62_9223f1d614a1	 Activity: tree_constructor	 Provider: aws_ec2
[INFO] 2025-04-18T22:09:32.257Z FILE_TRANSFER RequestId: uuid_a0dc477e_3816_4cc1_9b62_9223f1d614a1	 TransferType: consumed	 Action: download_from_s3	 FileName: ORTHOMCL515	 Bucket: denethor	 FilePath: data/full_dataset/ORTHOMCL515	 FilePathLocal: resources/data/full_dataset	 FileSize: 4459 bytes	 TransferDuration: 0 ms
[INFO] 2025-04-18T22:09:32.258Z CONSUMED_FILES_INFO RequestId: uuid_a0dc477e_3816_4cc1_9b62_9223f1d614a1	 FilesCount: 1 files	 FilesSize: 4459 bytes	 TransferDuration: 0 ms	 ConsumedFiles: ['ORTHOMCL515']
[INFO] 2025-04-18T22:09:32.287Z TREE_CONSTRUCTOR RequestId: uuid_a0dc477e_3816_4cc1_9b62_9223f1d614a1	 Duration: 28.036370989866555 ms	 InputFile:ORTHOMCL515	 OutputFile:['tree_ORTHOMCL515.nexus']
[INFO] 2025-04-18T22:09:32.387Z FILE_TRANSFER RequestId: uuid_a0dc477e_3816_4cc1_9b62_9223f1d614a1	 TransferType: produced	 Action: upload_to_s3	 FileName: tree_ORTHOMCL515.nexus	 Bucket: denethor	 FilePath: tree/tree_ORTHOMCL515.nexus	 FilePathLocal: .tmp/tree/tree_ORTHOMCL515.nexus	 FileSize: 463 bytes	 TransferDuration: 0 ms
[INFO] 2025-04-18T22:09:32.387Z PRODUCED_FILES_INFO RequestId: uuid_a0dc477e_3816_4cc1_9b62_9223f1d614a1	 FilesCount: 1 files	 FilesSize: 463 bytes	 TransferDuration: 0 ms	 Provider: aws_ec2	  ProducedFiles: ['tree_ORTHOMCL515.nexus']
[INFO] 2025-04-18T22:09:32.387Z END RequestId: uuid_a0dc477e_3816_4cc1_9b62_9223f1d614a1	 Activity: tree_constructor	 Provider: aws_ec2
[INFO] 2025-04-18T22:09:32.387Z REPORT RequestId: uuid_a0dc477e_3816_4cc1_9b62_9223f1d614a1	 Duration: 129.67624689918011 ms	 Billed Duration: 130 ms	 Memory Size: MB	 Max Memory Used: MB	 Init Duration: ms	

[INFO] 2025-04-18T22:09:32.388Z START RequestId: uuid_2190a536_a0c1_4a3c_890d_f4962f28c165	 Activity: tree_constructor	 Provider: aws_ec2
[INFO] 2025-04-18T22:09:32.388Z FILE_TRANSFER RequestId: uuid_2190a536_a0c1_4a3c_890d_f4962f28c165	 TransferType: consumed	 Action: download_from_s3	 FileName: ORTHOMCL524	 Bucket: denethor	 FilePath: data/full_dataset/ORTHOMCL524	 FilePathLocal: resources/data/full_dataset	 FileSize: 3997 bytes	 TransferDuration: 0 ms
[INFO] 2025-04-18T22:09:32.388Z CONSUMED_FILES_INFO RequestId: uuid_2190a536_a0c1_4a3c_890d_f4962f28c165	 FilesCount: 1 files	 FilesSize: 3997 bytes	 TransferDuration: 0 ms	 ConsumedFiles: ['ORTHOMCL524']
[INFO] 2025-04-18T22:09:32.450Z TREE_CONSTRUCTOR RequestId: uuid_2190a536_a0c1_4a3c_890d_f4962f28c165	 Duration: 61.10933399759233 ms	 InputFile:ORTHOMCL524	 OutputFile:['tree_ORTHOMCL524.nexus']
[INFO] 2025-04-18T22:09:32.550Z FILE_TRANSFER RequestId: uuid_2190a536_a0c1_4a3c_890d_f4962f28c165	 TransferType: produced	 Action: upload_to_s3	 FileName: tree_ORTHOMCL524.nexus	 Bucket: denethor	 FilePath: tree/tree_ORTHOMCL524.nexus	 FilePathLocal: .tmp/tree/tree_ORTHOMCL524.nexus	 FileSize: 465 bytes	 TransferDuration: 0 ms
[INFO] 2025-04-18T22:09:32.551Z PRODUCED_FILES_INFO RequestId: uuid_2190a536_a0c1_4a3c_890d_f4962f28c165	 FilesCount: 1 files	 FilesSize: 465 bytes	 TransferDuration: 0 ms	 Provider: aws_ec2	  ProducedFiles: ['tree_ORTHOMCL524.nexus']
[INFO] 2025-04-18T22:09:32.551Z END RequestId: uuid_2190a536_a0c1_4a3c_890d_f4962f28c165	 Activity: tree_constructor	 Provider: aws_ec2
[INFO] 2025-04-18T22:09:32.551Z REPORT RequestId: uuid_2190a536_a0c1_4a3c_890d_f4962f28c165	 Duration: 162.98554197419435 ms	 Billed Duration: 163 ms	 Memory Size: MB	 Max Memory Used: MB	 Init Duration: ms	

[INFO] 2025-04-18T22:09:32.551Z START RequestId: uuid_8580d708_9ded_4aec_b1b7_fb6307c05dbf	 Activity: tree_constructor	 Provider: aws_ec2
[INFO] 2025-04-18T22:09:32.551Z FILE_TRANSFER RequestId: uuid_8580d708_9ded_4aec_b1b7_fb6307c05dbf	 TransferType: consumed	 Action: download_from_s3	 FileName: ORTHOMCL525	 Bucket: denethor	 FilePath: data/full_dataset/ORTHOMCL525	 FilePathLocal: resources/data/full_dataset	 FileSize: 3972 bytes	 TransferDuration: 0 ms
[INFO] 2025-04-18T22:09:32.552Z CONSUMED_FILES_INFO RequestId: uuid_8580d708_9ded_4aec_b1b7_fb6307c05dbf	 FilesCount: 1 files	 FilesSize: 3972 bytes	 TransferDuration: 0 ms	 ConsumedFiles: ['ORTHOMCL525']
[INFO] 2025-04-18T22:09:32.588Z TREE_CONSTRUCTOR RequestId: uuid_8580d708_9ded_4aec_b1b7_fb6307c05dbf	 Duration: 36.420233896933496 ms	 InputFile:ORTHOMCL525	 OutputFile:['tree_ORTHOMCL525.nexus']
[INFO] 2025-04-18T22:09:32.688Z FILE_TRANSFER RequestId: uuid_8580d708_9ded_4aec_b1b7_fb6307c05dbf	 TransferType: produced	 Action: upload_to_s3	 FileName: tree_ORTHOMCL525.nexus	 Bucket: denethor	 FilePath: tree/tree_ORTHOMCL525.nexus	 FilePathLocal: .tmp/tree/tree_ORTHOMCL525.nexus	 FileSize: 455 bytes	 TransferDuration: 0 ms
[INFO] 2025-04-18T22:09:32.689Z PRODUCED_FILES_INFO RequestId: uuid_8580d708_9ded_4aec_b1b7_fb6307c05dbf	 FilesCount: 1 files	 FilesSize: 455 bytes	 TransferDuration: 0 ms	 Provider: aws_ec2	  ProducedFiles: ['tree_ORTHOMCL525.nexus']
[INFO] 2025-04-18T22:09:32.689Z END RequestId: uuid_8580d708_9ded_4aec_b1b7_fb6307c05dbf	 Activity: tree_constructor	 Provider: aws_ec2
[INFO] 2025-04-18T22:09:32.689Z REPORT RequestId: uuid_8580d708_9ded_4aec_b1b7_fb6307c05dbf	 Duration: 137.78554706368595 ms	 Billed Duration: 138 ms	 Memory Size: MB	 Max Memory Used: MB	 Init Duration: ms	

[INFO] 2025-04-18T22:09:32.689Z START RequestId: uuid_51067fd5_5c08_40d0_afc2_d1528ef953ac	 Activity: tree_constructor	 Provider: aws_ec2
[INFO] 2025-04-18T22:09:32.689Z FILE_TRANSFER RequestId: uuid_51067fd5_5c08_40d0_afc2_d1528ef953ac	 TransferType: consumed	 Action: download_from_s3	 FileName: ORTHOMCL526	 Bucket: denethor	 FilePath: data/full_dataset/ORTHOMCL526	 FilePathLocal: resources/data/full_dataset	 FileSize: 2621 bytes	 TransferDuration: 0 ms
[INFO] 2025-04-18T22:09:32.690Z CONSUMED_FILES_INFO RequestId: uuid_51067fd5_5c08_40d0_afc2_d1528ef953ac	 FilesCount: 1 files	 FilesSize: 2621 bytes	 TransferDuration: 0 ms	 ConsumedFiles: ['ORTHOMCL526']
[INFO] 2025-04-18T22:09:32.724Z TREE_CONSTRUCTOR RequestId: uuid_51067fd5_5c08_40d0_afc2_d1528ef953ac	 Duration: 33.66306400857866 ms	 InputFile:ORTHOMCL526	 OutputFile:['tree_ORTHOMCL526.nexus']
[INFO] 2025-04-18T22:09:32.824Z FILE_TRANSFER RequestId: uuid_51067fd5_5c08_40d0_afc2_d1528ef953ac	 TransferType: produced	 Action: upload_to_s3	 FileName: tree_ORTHOMCL526.nexus	 Bucket: denethor	 FilePath: tree/tree_ORTHOMCL526.nexus	 FilePathLocal: .tmp/tree/tree_ORTHOMCL526.nexus	 FileSize: 457 bytes	 TransferDuration: 0 ms
[INFO] 2025-04-18T22:09:32.824Z PRODUCED_FILES_INFO RequestId: uuid_51067fd5_5c08_40d0_afc2_d1528ef953ac	 FilesCount: 1 files	 FilesSize: 457 bytes	 TransferDuration: 0 ms	 Provider: aws_ec2	  ProducedFiles: ['tree_ORTHOMCL526.nexus']
[INFO] 2025-04-18T22:09:32.824Z END RequestId: uuid_51067fd5_5c08_40d0_afc2_d1528ef953ac	 Activity: tree_constructor	 Provider: aws_ec2
[INFO] 2025-04-18T22:09:32.824Z REPORT RequestId: uuid_51067fd5_5c08_40d0_afc2_d1528ef953ac	 Duration: 135.23162005003542 ms	 Billed Duration: 136 ms	 Memory Size: MB	 Max Memory Used: MB	 Init Duration: ms	

[INFO] 2025-04-18T22:09:32.825Z START RequestId: uuid_fb83afd1_f208_4874_b534_dc719353a670	 Activity: tree_constructor	 Provider: aws_ec2
[INFO] 2025-04-18T22:09:32.825Z FILE_TRANSFER RequestId: uuid_fb83afd1_f208_4874_b534_dc719353a670	 TransferType: consumed	 Action: download_from_s3	 FileName: ORTHOMCL534	 Bucket: denethor	 FilePath: data/full_dataset/ORTHOMCL534	 FilePathLocal: resources/data/full_dataset	 FileSize: 3912 bytes	 TransferDuration: 0 ms
[INFO] 2025-04-18T22:09:32.826Z CONSUMED_FILES_INFO RequestId: uuid_fb83afd1_f208_4874_b534_dc719353a670	 FilesCount: 1 files	 FilesSize: 3912 bytes	 TransferDuration: 0 ms	 ConsumedFiles: ['ORTHOMCL534']
[INFO] 2025-04-18T22:09:32.857Z TREE_CONSTRUCTOR RequestId: uuid_fb83afd1_f208_4874_b534_dc719353a670	 Duration: 31.451583025045693 ms	 InputFile:ORTHOMCL534	 OutputFile:['tree_ORTHOMCL534.nexus']
[INFO] 2025-04-18T22:09:32.958Z FILE_TRANSFER RequestId: uuid_fb83afd1_f208_4874_b534_dc719353a670	 TransferType: produced	 Action: upload_to_s3	 FileName: tree_ORTHOMCL534.nexus	 Bucket: denethor	 FilePath: tree/tree_ORTHOMCL534.nexus	 FilePathLocal: .tmp/tree/tree_ORTHOMCL534.nexus	 FileSize: 461 bytes	 TransferDuration: 0 ms
[INFO] 2025-04-18T22:09:32.958Z PRODUCED_FILES_INFO RequestId: uuid_fb83afd1_f208_4874_b534_dc719353a670	 FilesCount: 1 files	 FilesSize: 461 bytes	 TransferDuration: 0 ms	 Provider: aws_ec2	  ProducedFiles: ['tree_ORTHOMCL534.nexus']
[INFO] 2025-04-18T22:09:32.958Z END RequestId: uuid_fb83afd1_f208_4874_b534_dc719353a670	 Activity: tree_constructor	 Provider: aws_ec2
[INFO] 2025-04-18T22:09:32.958Z REPORT RequestId: uuid_fb83afd1_f208_4874_b534_dc719353a670	 Duration: 133.2546859048307 ms	 Billed Duration: 134 ms	 Memory Size: MB	 Max Memory Used: MB	 Init Duration: ms	

[INFO] 2025-04-18T22:09:32.958Z START RequestId: uuid_8b78c733_d982_4cd0_92b7_aead4e9671f7	 Activity: tree_constructor	 Provider: aws_ec2
[INFO] 2025-04-18T22:09:32.959Z FILE_TRANSFER RequestId: uuid_8b78c733_d982_4cd0_92b7_aead4e9671f7	 TransferType: consumed	 Action: download_from_s3	 FileName: ORTHOMCL537	 Bucket: denethor	 FilePath: data/full_dataset/ORTHOMCL537	 FilePathLocal: resources/data/full_dataset	 FileSize: 4297 bytes	 TransferDuration: 0 ms
[INFO] 2025-04-18T22:09:32.959Z CONSUMED_FILES_INFO RequestId: uuid_8b78c733_d982_4cd0_92b7_aead4e9671f7	 FilesCount: 1 files	 FilesSize: 4297 bytes	 TransferDuration: 0 ms	 ConsumedFiles: ['ORTHOMCL537']
[INFO] 2025-04-18T22:09:32.988Z TREE_CONSTRUCTOR RequestId: uuid_8b78c733_d982_4cd0_92b7_aead4e9671f7	 Duration: 28.54472992476076 ms	 InputFile:ORTHOMCL537	 OutputFile:['tree_ORTHOMCL537.nexus']
[INFO] 2025-04-18T22:09:33.088Z FILE_TRANSFER RequestId: uuid_8b78c733_d982_4cd0_92b7_aead4e9671f7	 TransferType: produced	 Action: upload_to_s3	 FileName: tree_ORTHOMCL537.nexus	 Bucket: denethor	 FilePath: tree/tree_ORTHOMCL537.nexus	 FilePathLocal: .tmp/tree/tree_ORTHOMCL537.nexus	 FileSize: 461 bytes	 TransferDuration: 0 ms
[INFO] 2025-04-18T22:09:33.088Z PRODUCED_FILES_INFO RequestId: uuid_8b78c733_d982_4cd0_92b7_aead4e9671f7	 FilesCount: 1 files	 FilesSize: 461 bytes	 TransferDuration: 0 ms	 Provider: aws_ec2	  ProducedFiles: ['tree_ORTHOMCL537.nexus']
[INFO] 2025-04-18T22:09:33.088Z END RequestId: uuid_8b78c733_d982_4cd0_92b7_aead4e9671f7	 Activity: tree_constructor	 Provider: aws_ec2
[INFO] 2025-04-18T22:09:33.088Z REPORT RequestId: uuid_8b78c733_d982_4cd0_92b7_aead4e9671f7	 Duration: 129.96654002927244 ms	 Billed Duration: 130 ms	 Memory Size: MB	 Max Memory Used: MB	 Init Duration: ms	

[INFO] 2025-04-18T22:09:33.089Z START RequestId: uuid_493d20ca_7597_49e5_bea4_8ba45b0b6a67	 Activity: tree_constructor	 Provider: aws_ec2
[INFO] 2025-04-18T22:09:33.089Z FILE_TRANSFER RequestId: uuid_493d20ca_7597_49e5_bea4_8ba45b0b6a67	 TransferType: consumed	 Action: download_from_s3	 FileName: ORTHOMCL540	 Bucket: denethor	 FilePath: data/full_dataset/ORTHOMCL540	 FilePathLocal: resources/data/full_dataset	 FileSize: 4700 bytes	 TransferDuration: 0 ms
[INFO] 2025-04-18T22:09:33.090Z CONSUMED_FILES_INFO RequestId: uuid_493d20ca_7597_49e5_bea4_8ba45b0b6a67	 FilesCount: 1 files	 FilesSize: 4700 bytes	 TransferDuration: 0 ms	 ConsumedFiles: ['ORTHOMCL540']
[INFO] 2025-04-18T22:09:33.129Z TREE_CONSTRUCTOR RequestId: uuid_493d20ca_7597_49e5_bea4_8ba45b0b6a67	 Duration: 39.368477067910135 ms	 InputFile:ORTHOMCL540	 OutputFile:['tree_ORTHOMCL540.nexus']
[INFO] 2025-04-18T22:09:33.229Z FILE_TRANSFER RequestId: uuid_493d20ca_7597_49e5_bea4_8ba45b0b6a67	 TransferType: produced	 Action: upload_to_s3	 FileName: tree_ORTHOMCL540.nexus	 Bucket: denethor	 FilePath: tree/tree_ORTHOMCL540.nexus	 FilePathLocal: .tmp/tree/tree_ORTHOMCL540.nexus	 FileSize: 463 bytes	 TransferDuration: 0 ms
[INFO] 2025-04-18T22:09:33.230Z PRODUCED_FILES_INFO RequestId: uuid_493d20ca_7597_49e5_bea4_8ba45b0b6a67	 FilesCount: 1 files	 FilesSize: 463 bytes	 TransferDuration: 0 ms	 Provider: aws_ec2	  ProducedFiles: ['tree_ORTHOMCL540.nexus']
[INFO] 2025-04-18T22:09:33.230Z END RequestId: uuid_493d20ca_7597_49e5_bea4_8ba45b0b6a67	 Activity: tree_constructor	 Provider: aws_ec2
[INFO] 2025-04-18T22:09:33.230Z REPORT RequestId: uuid_493d20ca_7597_49e5_bea4_8ba45b0b6a67	 Duration: 140.90147009119391 ms	 Billed Duration: 141 ms	 Memory Size: MB	 Max Memory Used: MB	 Init Duration: ms	

[INFO] 2025-04-18T22:09:33.230Z START RequestId: uuid_66694304_55c2_4d23_8003_f01fdf6eca37	 Activity: tree_constructor	 Provider: aws_ec2
[INFO] 2025-04-18T22:09:33.230Z FILE_TRANSFER RequestId: uuid_66694304_55c2_4d23_8003_f01fdf6eca37	 TransferType: consumed	 Action: download_from_s3	 FileName: ORTHOMCL557	 Bucket: denethor	 FilePath: data/full_dataset/ORTHOMCL557	 FilePathLocal: resources/data/full_dataset	 FileSize: 4463 bytes	 TransferDuration: 0 ms
[INFO] 2025-04-18T22:09:33.231Z CONSUMED_FILES_INFO RequestId: uuid_66694304_55c2_4d23_8003_f01fdf6eca37	 FilesCount: 1 files	 FilesSize: 4463 bytes	 TransferDuration: 0 ms	 ConsumedFiles: ['ORTHOMCL557']
[INFO] 2025-04-18T22:09:33.271Z TREE_CONSTRUCTOR RequestId: uuid_66694304_55c2_4d23_8003_f01fdf6eca37	 Duration: 40.25898303370923 ms	 InputFile:ORTHOMCL557	 OutputFile:['tree_ORTHOMCL557.nexus']
[INFO] 2025-04-18T22:09:33.371Z FILE_TRANSFER RequestId: uuid_66694304_55c2_4d23_8003_f01fdf6eca37	 TransferType: produced	 Action: upload_to_s3	 FileName: tree_ORTHOMCL557.nexus	 Bucket: denethor	 FilePath: tree/tree_ORTHOMCL557.nexus	 FilePathLocal: .tmp/tree/tree_ORTHOMCL557.nexus	 FileSize: 469 bytes	 TransferDuration: 0 ms
[INFO] 2025-04-18T22:09:33.372Z PRODUCED_FILES_INFO RequestId: uuid_66694304_55c2_4d23_8003_f01fdf6eca37	 FilesCount: 1 files	 FilesSize: 469 bytes	 TransferDuration: 0 ms	 Provider: aws_ec2	  ProducedFiles: ['tree_ORTHOMCL557.nexus']
[INFO] 2025-04-18T22:09:33.372Z END RequestId: uuid_66694304_55c2_4d23_8003_f01fdf6eca37	 Activity: tree_constructor	 Provider: aws_ec2
[INFO] 2025-04-18T22:09:33.372Z REPORT RequestId: uuid_66694304_55c2_4d23_8003_f01fdf6eca37	 Duration: 141.96685992646962 ms	 Billed Duration: 142 ms	 Memory Size: MB	 Max Memory Used: MB	 Init Duration: ms	

[INFO] 2025-04-18T22:09:33.372Z START RequestId: uuid_9cc97d8a_39aa_46c2_9033_528004d79a68	 Activity: tree_constructor	 Provider: aws_ec2
[INFO] 2025-04-18T22:09:33.372Z FILE_TRANSFER RequestId: uuid_9cc97d8a_39aa_46c2_9033_528004d79a68	 TransferType: consumed	 Action: download_from_s3	 FileName: ORTHOMCL581	 Bucket: denethor	 FilePath: data/full_dataset/ORTHOMCL581	 FilePathLocal: resources/data/full_dataset	 FileSize: 4512 bytes	 TransferDuration: 0 ms
[INFO] 2025-04-18T22:09:33.373Z CONSUMED_FILES_INFO RequestId: uuid_9cc97d8a_39aa_46c2_9033_528004d79a68	 FilesCount: 1 files	 FilesSize: 4512 bytes	 TransferDuration: 0 ms	 ConsumedFiles: ['ORTHOMCL581']
[INFO] 2025-04-18T22:09:33.431Z TREE_CONSTRUCTOR RequestId: uuid_9cc97d8a_39aa_46c2_9033_528004d79a68	 Duration: 58.27762698754668 ms	 InputFile:ORTHOMCL581	 OutputFile:['tree_ORTHOMCL581.nexus']
[INFO] 2025-04-18T22:09:33.532Z FILE_TRANSFER RequestId: uuid_9cc97d8a_39aa_46c2_9033_528004d79a68	 TransferType: produced	 Action: upload_to_s3	 FileName: tree_ORTHOMCL581.nexus	 Bucket: denethor	 FilePath: tree/tree_ORTHOMCL581.nexus	 FilePathLocal: .tmp/tree/tree_ORTHOMCL581.nexus	 FileSize: 455 bytes	 TransferDuration: 0 ms
[INFO] 2025-04-18T22:09:33.532Z PRODUCED_FILES_INFO RequestId: uuid_9cc97d8a_39aa_46c2_9033_528004d79a68	 FilesCount: 1 files	 FilesSize: 455 bytes	 TransferDuration: 0 ms	 Provider: aws_ec2	  ProducedFiles: ['tree_ORTHOMCL581.nexus']
[INFO] 2025-04-18T22:09:33.532Z END RequestId: uuid_9cc97d8a_39aa_46c2_9033_528004d79a68	 Activity: tree_constructor	 Provider: aws_ec2
[INFO] 2025-04-18T22:09:33.532Z REPORT RequestId: uuid_9cc97d8a_39aa_46c2_9033_528004d79a68	 Duration: 159.61433900520205 ms	 Billed Duration: 160 ms	 Memory Size: MB	 Max Memory Used: MB	 Init Duration: ms	

[INFO] 2025-04-18T22:09:33.532Z START RequestId: uuid_aa135cee_bb14_4965_8678_8adc4629fd91	 Activity: tree_constructor	 Provider: aws_ec2
[INFO] 2025-04-18T22:09:33.532Z FILE_TRANSFER RequestId: uuid_aa135cee_bb14_4965_8678_8adc4629fd91	 TransferType: consumed	 Action: download_from_s3	 FileName: ORTHOMCL588	 Bucket: denethor	 FilePath: data/full_dataset/ORTHOMCL588	 FilePathLocal: resources/data/full_dataset	 FileSize: 4062 bytes	 TransferDuration: 0 ms
[INFO] 2025-04-18T22:09:33.533Z CONSUMED_FILES_INFO RequestId: uuid_aa135cee_bb14_4965_8678_8adc4629fd91	 FilesCount: 1 files	 FilesSize: 4062 bytes	 TransferDuration: 0 ms	 ConsumedFiles: ['ORTHOMCL588']
[INFO] 2025-04-18T22:09:33.588Z TREE_CONSTRUCTOR RequestId: uuid_aa135cee_bb14_4965_8678_8adc4629fd91	 Duration: 54.59487298503518 ms	 InputFile:ORTHOMCL588	 OutputFile:['tree_ORTHOMCL588.nexus']
[INFO] 2025-04-18T22:09:33.688Z FILE_TRANSFER RequestId: uuid_aa135cee_bb14_4965_8678_8adc4629fd91	 TransferType: produced	 Action: upload_to_s3	 FileName: tree_ORTHOMCL588.nexus	 Bucket: denethor	 FilePath: tree/tree_ORTHOMCL588.nexus	 FilePathLocal: .tmp/tree/tree_ORTHOMCL588.nexus	 FileSize: 463 bytes	 TransferDuration: 0 ms
[INFO] 2025-04-18T22:09:33.688Z PRODUCED_FILES_INFO RequestId: uuid_aa135cee_bb14_4965_8678_8adc4629fd91	 FilesCount: 1 files	 FilesSize: 463 bytes	 TransferDuration: 0 ms	 Provider: aws_ec2	  ProducedFiles: ['tree_ORTHOMCL588.nexus']
[INFO] 2025-04-18T22:09:33.688Z END RequestId: uuid_aa135cee_bb14_4965_8678_8adc4629fd91	 Activity: tree_constructor	 Provider: aws_ec2
[INFO] 2025-04-18T22:09:33.688Z REPORT RequestId: uuid_aa135cee_bb14_4965_8678_8adc4629fd91	 Duration: 155.9695330215618 ms	 Billed Duration: 156 ms	 Memory Size: MB	 Max Memory Used: MB	 Init Duration: ms	

[INFO] 2025-04-18T22:09:33.689Z START RequestId: uuid_6183dd52_129c_4f0d_bdae_24cd7518be7a	 Activity: tree_constructor	 Provider: aws_ec2
[INFO] 2025-04-18T22:09:33.689Z FILE_TRANSFER RequestId: uuid_6183dd52_129c_4f0d_bdae_24cd7518be7a	 TransferType: consumed	 Action: download_from_s3	 FileName: ORTHOMCL592	 Bucket: denethor	 FilePath: data/full_dataset/ORTHOMCL592	 FilePathLocal: resources/data/full_dataset	 FileSize: 3564 bytes	 TransferDuration: 0 ms
[INFO] 2025-04-18T22:09:33.689Z CONSUMED_FILES_INFO RequestId: uuid_6183dd52_129c_4f0d_bdae_24cd7518be7a	 FilesCount: 1 files	 FilesSize: 3564 bytes	 TransferDuration: 0 ms	 ConsumedFiles: ['ORTHOMCL592']
[INFO] 2025-04-18T22:09:33.742Z TREE_CONSTRUCTOR RequestId: uuid_6183dd52_129c_4f0d_bdae_24cd7518be7a	 Duration: 52.56723996717483 ms	 InputFile:ORTHOMCL592	 OutputFile:['tree_ORTHOMCL592.nexus']
[INFO] 2025-04-18T22:09:33.842Z FILE_TRANSFER RequestId: uuid_6183dd52_129c_4f0d_bdae_24cd7518be7a	 TransferType: produced	 Action: upload_to_s3	 FileName: tree_ORTHOMCL592.nexus	 Bucket: denethor	 FilePath: tree/tree_ORTHOMCL592.nexus	 FilePathLocal: .tmp/tree/tree_ORTHOMCL592.nexus	 FileSize: 456 bytes	 TransferDuration: 0 ms
[INFO] 2025-04-18T22:09:33.843Z PRODUCED_FILES_INFO RequestId: uuid_6183dd52_129c_4f0d_bdae_24cd7518be7a	 FilesCount: 1 files	 FilesSize: 456 bytes	 TransferDuration: 0 ms	 Provider: aws_ec2	  ProducedFiles: ['tree_ORTHOMCL592.nexus']
[INFO] 2025-04-18T22:09:33.843Z END RequestId: uuid_6183dd52_129c_4f0d_bdae_24cd7518be7a	 Activity: tree_constructor	 Provider: aws_ec2
[INFO] 2025-04-18T22:09:33.843Z REPORT RequestId: uuid_6183dd52_129c_4f0d_bdae_24cd7518be7a	 Duration: 154.05461098998785 ms	 Billed Duration: 155 ms	 Memory Size: MB	 Max Memory Used: MB	 Init Duration: ms	

[INFO] 2025-04-18T22:09:33.843Z START RequestId: uuid_d7bec566_11b5_4a1c_9919_2c39f670d9d5	 Activity: tree_constructor	 Provider: aws_ec2
[INFO] 2025-04-18T22:09:33.843Z FILE_TRANSFER RequestId: uuid_d7bec566_11b5_4a1c_9919_2c39f670d9d5	 TransferType: consumed	 Action: download_from_s3	 FileName: ORTHOMCL596	 Bucket: denethor	 FilePath: data/full_dataset/ORTHOMCL596	 FilePathLocal: resources/data/full_dataset	 FileSize: 4016 bytes	 TransferDuration: 0 ms
[INFO] 2025-04-18T22:09:33.844Z CONSUMED_FILES_INFO RequestId: uuid_d7bec566_11b5_4a1c_9919_2c39f670d9d5	 FilesCount: 1 files	 FilesSize: 4016 bytes	 TransferDuration: 0 ms	 ConsumedFiles: ['ORTHOMCL596']
[INFO] 2025-04-18T22:09:33.921Z TREE_CONSTRUCTOR RequestId: uuid_d7bec566_11b5_4a1c_9919_2c39f670d9d5	 Duration: 77.20448495820165 ms	 InputFile:ORTHOMCL596	 OutputFile:['tree_ORTHOMCL596.nexus']
[INFO] 2025-04-18T22:09:34.021Z FILE_TRANSFER RequestId: uuid_d7bec566_11b5_4a1c_9919_2c39f670d9d5	 TransferType: produced	 Action: upload_to_s3	 FileName: tree_ORTHOMCL596.nexus	 Bucket: denethor	 FilePath: tree/tree_ORTHOMCL596.nexus	 FilePathLocal: .tmp/tree/tree_ORTHOMCL596.nexus	 FileSize: 455 bytes	 TransferDuration: 0 ms
[INFO] 2025-04-18T22:09:34.022Z PRODUCED_FILES_INFO RequestId: uuid_d7bec566_11b5_4a1c_9919_2c39f670d9d5	 FilesCount: 1 files	 FilesSize: 455 bytes	 TransferDuration: 0 ms	 Provider: aws_ec2	  ProducedFiles: ['tree_ORTHOMCL596.nexus']
[INFO] 2025-04-18T22:09:34.022Z END RequestId: uuid_d7bec566_11b5_4a1c_9919_2c39f670d9d5	 Activity: tree_constructor	 Provider: aws_ec2
[INFO] 2025-04-18T22:09:34.022Z REPORT RequestId: uuid_d7bec566_11b5_4a1c_9919_2c39f670d9d5	 Duration: 178.60177101101726 ms	 Billed Duration: 179 ms	 Memory Size: MB	 Max Memory Used: MB	 Init Duration: ms	

[INFO] 2025-04-18T22:09:34.022Z START RequestId: uuid_2b36fe39_55ec_4080_b8d4_7ce656cfabd7	 Activity: tree_constructor	 Provider: aws_ec2
[INFO] 2025-04-18T22:09:34.022Z FILE_TRANSFER RequestId: uuid_2b36fe39_55ec_4080_b8d4_7ce656cfabd7	 TransferType: consumed	 Action: download_from_s3	 FileName: ORTHOMCL609	 Bucket: denethor	 FilePath: data/full_dataset/ORTHOMCL609	 FilePathLocal: resources/data/full_dataset	 FileSize: 3360 bytes	 TransferDuration: 0 ms
[INFO] 2025-04-18T22:09:34.023Z CONSUMED_FILES_INFO RequestId: uuid_2b36fe39_55ec_4080_b8d4_7ce656cfabd7	 FilesCount: 1 files	 FilesSize: 3360 bytes	 TransferDuration: 0 ms	 ConsumedFiles: ['ORTHOMCL609']
[INFO] 2025-04-18T22:09:34.078Z TREE_CONSTRUCTOR RequestId: uuid_2b36fe39_55ec_4080_b8d4_7ce656cfabd7	 Duration: 55.25925208348781 ms	 InputFile:ORTHOMCL609	 OutputFile:['tree_ORTHOMCL609.nexus']
[INFO] 2025-04-18T22:09:34.178Z FILE_TRANSFER RequestId: uuid_2b36fe39_55ec_4080_b8d4_7ce656cfabd7	 TransferType: produced	 Action: upload_to_s3	 FileName: tree_ORTHOMCL609.nexus	 Bucket: denethor	 FilePath: tree/tree_ORTHOMCL609.nexus	 FilePathLocal: .tmp/tree/tree_ORTHOMCL609.nexus	 FileSize: 463 bytes	 TransferDuration: 0 ms
[INFO] 2025-04-18T22:09:34.179Z PRODUCED_FILES_INFO RequestId: uuid_2b36fe39_55ec_4080_b8d4_7ce656cfabd7	 FilesCount: 1 files	 FilesSize: 463 bytes	 TransferDuration: 0 ms	 Provider: aws_ec2	  ProducedFiles: ['tree_ORTHOMCL609.nexus']
[INFO] 2025-04-18T22:09:34.179Z END RequestId: uuid_2b36fe39_55ec_4080_b8d4_7ce656cfabd7	 Activity: tree_constructor	 Provider: aws_ec2
[INFO] 2025-04-18T22:09:34.179Z REPORT RequestId: uuid_2b36fe39_55ec_4080_b8d4_7ce656cfabd7	 Duration: 156.74319898243994 ms	 Billed Duration: 157 ms	 Memory Size: MB	 Max Memory Used: MB	 Init Duration: ms	

[INFO] 2025-04-18T22:09:34.179Z START RequestId: uuid_5c583c2a_c616_4d18_835d_8d34b25310d9	 Activity: tree_constructor	 Provider: aws_ec2
[INFO] 2025-04-18T22:09:34.179Z FILE_TRANSFER RequestId: uuid_5c583c2a_c616_4d18_835d_8d34b25310d9	 TransferType: consumed	 Action: download_from_s3	 FileName: ORTHOMCL613	 Bucket: denethor	 FilePath: data/full_dataset/ORTHOMCL613	 FilePathLocal: resources/data/full_dataset	 FileSize: 3312 bytes	 TransferDuration: 0 ms
[INFO] 2025-04-18T22:09:34.180Z CONSUMED_FILES_INFO RequestId: uuid_5c583c2a_c616_4d18_835d_8d34b25310d9	 FilesCount: 1 files	 FilesSize: 3312 bytes	 TransferDuration: 0 ms	 ConsumedFiles: ['ORTHOMCL613']
[INFO] 2025-04-18T22:09:34.236Z TREE_CONSTRUCTOR RequestId: uuid_5c583c2a_c616_4d18_835d_8d34b25310d9	 Duration: 55.97499699797481 ms	 InputFile:ORTHOMCL613	 OutputFile:['tree_ORTHOMCL613.nexus']
[INFO] 2025-04-18T22:09:34.337Z FILE_TRANSFER RequestId: uuid_5c583c2a_c616_4d18_835d_8d34b25310d9	 TransferType: produced	 Action: upload_to_s3	 FileName: tree_ORTHOMCL613.nexus	 Bucket: denethor	 FilePath: tree/tree_ORTHOMCL613.nexus	 FilePathLocal: .tmp/tree/tree_ORTHOMCL613.nexus	 FileSize: 455 bytes	 TransferDuration: 0 ms
[INFO] 2025-04-18T22:09:34.337Z PRODUCED_FILES_INFO RequestId: uuid_5c583c2a_c616_4d18_835d_8d34b25310d9	 FilesCount: 1 files	 FilesSize: 455 bytes	 TransferDuration: 0 ms	 Provider: aws_ec2	  ProducedFiles: ['tree_ORTHOMCL613.nexus']
[INFO] 2025-04-18T22:09:34.337Z END RequestId: uuid_5c583c2a_c616_4d18_835d_8d34b25310d9	 Activity: tree_constructor	 Provider: aws_ec2
[INFO] 2025-04-18T22:09:34.337Z REPORT RequestId: uuid_5c583c2a_c616_4d18_835d_8d34b25310d9	 Duration: 157.79265202581882 ms	 Billed Duration: 158 ms	 Memory Size: MB	 Max Memory Used: MB	 Init Duration: ms	

[INFO] 2025-04-18T22:09:34.337Z START RequestId: uuid_c47f6791_2334_46af_b5f5_9e65254b8e53	 Activity: tree_constructor	 Provider: aws_ec2
[INFO] 2025-04-18T22:09:34.337Z FILE_TRANSFER RequestId: uuid_c47f6791_2334_46af_b5f5_9e65254b8e53	 TransferType: consumed	 Action: download_from_s3	 FileName: ORTHOMCL617	 Bucket: denethor	 FilePath: data/full_dataset/ORTHOMCL617	 FilePathLocal: resources/data/full_dataset	 FileSize: 4299 bytes	 TransferDuration: 0 ms
[INFO] 2025-04-18T22:09:34.338Z CONSUMED_FILES_INFO RequestId: uuid_c47f6791_2334_46af_b5f5_9e65254b8e53	 FilesCount: 1 files	 FilesSize: 4299 bytes	 TransferDuration: 0 ms	 ConsumedFiles: ['ORTHOMCL617']
[INFO] 2025-04-18T22:09:34.399Z TREE_CONSTRUCTOR RequestId: uuid_c47f6791_2334_46af_b5f5_9e65254b8e53	 Duration: 61.274154926650226 ms	 InputFile:ORTHOMCL617	 OutputFile:['tree_ORTHOMCL617.nexus']
[INFO] 2025-04-18T22:09:34.500Z FILE_TRANSFER RequestId: uuid_c47f6791_2334_46af_b5f5_9e65254b8e53	 TransferType: produced	 Action: upload_to_s3	 FileName: tree_ORTHOMCL617.nexus	 Bucket: denethor	 FilePath: tree/tree_ORTHOMCL617.nexus	 FilePathLocal: .tmp/tree/tree_ORTHOMCL617.nexus	 FileSize: 463 bytes	 TransferDuration: 0 ms
[INFO] 2025-04-18T22:09:34.500Z PRODUCED_FILES_INFO RequestId: uuid_c47f6791_2334_46af_b5f5_9e65254b8e53	 FilesCount: 1 files	 FilesSize: 463 bytes	 TransferDuration: 0 ms	 Provider: aws_ec2	  ProducedFiles: ['tree_ORTHOMCL617.nexus']
[INFO] 2025-04-18T22:09:34.500Z END RequestId: uuid_c47f6791_2334_46af_b5f5_9e65254b8e53	 Activity: tree_constructor	 Provider: aws_ec2
[INFO] 2025-04-18T22:09:34.500Z REPORT RequestId: uuid_c47f6791_2334_46af_b5f5_9e65254b8e53	 Duration: 162.63541404623538 ms	 Billed Duration: 163 ms	 Memory Size: MB	 Max Memory Used: MB	 Init Duration: ms	

[INFO] 2025-04-18T22:09:34.500Z START RequestId: uuid_41554383_7ddb_4929_b690_850323415eaf	 Activity: tree_constructor	 Provider: aws_ec2
[INFO] 2025-04-18T22:09:34.500Z FILE_TRANSFER RequestId: uuid_41554383_7ddb_4929_b690_850323415eaf	 TransferType: consumed	 Action: download_from_s3	 FileName: ORTHOMCL625	 Bucket: denethor	 FilePath: data/full_dataset/ORTHOMCL625	 FilePathLocal: resources/data/full_dataset	 FileSize: 4374 bytes	 TransferDuration: 0 ms
[INFO] 2025-04-18T22:09:34.501Z CONSUMED_FILES_INFO RequestId: uuid_41554383_7ddb_4929_b690_850323415eaf	 FilesCount: 1 files	 FilesSize: 4374 bytes	 TransferDuration: 0 ms	 ConsumedFiles: ['ORTHOMCL625']
[INFO] 2025-04-18T22:09:34.570Z TREE_CONSTRUCTOR RequestId: uuid_41554383_7ddb_4929_b690_850323415eaf	 Duration: 68.76596005167812 ms	 InputFile:ORTHOMCL625	 OutputFile:['tree_ORTHOMCL625.nexus']
[INFO] 2025-04-18T22:09:34.670Z FILE_TRANSFER RequestId: uuid_41554383_7ddb_4929_b690_850323415eaf	 TransferType: produced	 Action: upload_to_s3	 FileName: tree_ORTHOMCL625.nexus	 Bucket: denethor	 FilePath: tree/tree_ORTHOMCL625.nexus	 FilePathLocal: .tmp/tree/tree_ORTHOMCL625.nexus	 FileSize: 469 bytes	 TransferDuration: 0 ms
[INFO] 2025-04-18T22:09:34.670Z PRODUCED_FILES_INFO RequestId: uuid_41554383_7ddb_4929_b690_850323415eaf	 FilesCount: 1 files	 FilesSize: 469 bytes	 TransferDuration: 0 ms	 Provider: aws_ec2	  ProducedFiles: ['tree_ORTHOMCL625.nexus']
[INFO] 2025-04-18T22:09:34.670Z END RequestId: uuid_41554383_7ddb_4929_b690_850323415eaf	 Activity: tree_constructor	 Provider: aws_ec2
[INFO] 2025-04-18T22:09:34.670Z REPORT RequestId: uuid_41554383_7ddb_4929_b690_850323415eaf	 Duration: 170.10287009179592 ms	 Billed Duration: 171 ms	 Memory Size: MB	 Max Memory Used: MB	 Init Duration: ms	

[INFO] 2025-04-18T22:09:34.671Z START RequestId: uuid_47260eeb_e157_4e57_a62d_8594b461068a	 Activity: tree_constructor	 Provider: aws_ec2
[INFO] 2025-04-18T22:09:34.671Z FILE_TRANSFER RequestId: uuid_47260eeb_e157_4e57_a62d_8594b461068a	 TransferType: consumed	 Action: download_from_s3	 FileName: ORTHOMCL626	 Bucket: denethor	 FilePath: data/full_dataset/ORTHOMCL626	 FilePathLocal: resources/data/full_dataset	 FileSize: 4022 bytes	 TransferDuration: 0 ms
[INFO] 2025-04-18T22:09:34.671Z CONSUMED_FILES_INFO RequestId: uuid_47260eeb_e157_4e57_a62d_8594b461068a	 FilesCount: 1 files	 FilesSize: 4022 bytes	 TransferDuration: 0 ms	 ConsumedFiles: ['ORTHOMCL626']
[INFO] 2025-04-18T22:09:34.735Z TREE_CONSTRUCTOR RequestId: uuid_47260eeb_e157_4e57_a62d_8594b461068a	 Duration: 63.6352589353919 ms	 InputFile:ORTHOMCL626	 OutputFile:['tree_ORTHOMCL626.nexus']
[INFO] 2025-04-18T22:09:34.835Z FILE_TRANSFER RequestId: uuid_47260eeb_e157_4e57_a62d_8594b461068a	 TransferType: produced	 Action: upload_to_s3	 FileName: tree_ORTHOMCL626.nexus	 Bucket: denethor	 FilePath: tree/tree_ORTHOMCL626.nexus	 FilePathLocal: .tmp/tree/tree_ORTHOMCL626.nexus	 FileSize: 463 bytes	 TransferDuration: 0 ms
[INFO] 2025-04-18T22:09:34.836Z PRODUCED_FILES_INFO RequestId: uuid_47260eeb_e157_4e57_a62d_8594b461068a	 FilesCount: 1 files	 FilesSize: 463 bytes	 TransferDuration: 0 ms	 Provider: aws_ec2	  ProducedFiles: ['tree_ORTHOMCL626.nexus']
[INFO] 2025-04-18T22:09:34.836Z END RequestId: uuid_47260eeb_e157_4e57_a62d_8594b461068a	 Activity: tree_constructor	 Provider: aws_ec2
[INFO] 2025-04-18T22:09:34.836Z REPORT RequestId: uuid_47260eeb_e157_4e57_a62d_8594b461068a	 Duration: 164.96719897259027 ms	 Billed Duration: 165 ms	 Memory Size: MB	 Max Memory Used: MB	 Init Duration: ms	

[INFO] 2025-04-18T22:09:34.836Z START RequestId: uuid_aaddcecc_5b59_485d_af28_434ca519a801	 Activity: tree_constructor	 Provider: aws_ec2
[INFO] 2025-04-18T22:09:34.836Z FILE_TRANSFER RequestId: uuid_aaddcecc_5b59_485d_af28_434ca519a801	 TransferType: consumed	 Action: download_from_s3	 FileName: ORTHOMCL641	 Bucket: denethor	 FilePath: data/full_dataset/ORTHOMCL641	 FilePathLocal: resources/data/full_dataset	 FileSize: 3832 bytes	 TransferDuration: 0 ms
[INFO] 2025-04-18T22:09:34.837Z CONSUMED_FILES_INFO RequestId: uuid_aaddcecc_5b59_485d_af28_434ca519a801	 FilesCount: 1 files	 FilesSize: 3832 bytes	 TransferDuration: 0 ms	 ConsumedFiles: ['ORTHOMCL641']
[INFO] 2025-04-18T22:09:34.881Z TREE_CONSTRUCTOR RequestId: uuid_aaddcecc_5b59_485d_af28_434ca519a801	 Duration: 44.34842197224498 ms	 InputFile:ORTHOMCL641	 OutputFile:['tree_ORTHOMCL641.nexus']
[INFO] 2025-04-18T22:09:34.982Z FILE_TRANSFER RequestId: uuid_aaddcecc_5b59_485d_af28_434ca519a801	 TransferType: produced	 Action: upload_to_s3	 FileName: tree_ORTHOMCL641.nexus	 Bucket: denethor	 FilePath: tree/tree_ORTHOMCL641.nexus	 FilePathLocal: .tmp/tree/tree_ORTHOMCL641.nexus	 FileSize: 451 bytes	 TransferDuration: 0 ms
[INFO] 2025-04-18T22:09:34.982Z PRODUCED_FILES_INFO RequestId: uuid_aaddcecc_5b59_485d_af28_434ca519a801	 FilesCount: 1 files	 FilesSize: 451 bytes	 TransferDuration: 0 ms	 Provider: aws_ec2	  ProducedFiles: ['tree_ORTHOMCL641.nexus']
[INFO] 2025-04-18T22:09:34.982Z END RequestId: uuid_aaddcecc_5b59_485d_af28_434ca519a801	 Activity: tree_constructor	 Provider: aws_ec2
[INFO] 2025-04-18T22:09:34.982Z REPORT RequestId: uuid_aaddcecc_5b59_485d_af28_434ca519a801	 Duration: 145.8815090591088 ms	 Billed Duration: 146 ms	 Memory Size: MB	 Max Memory Used: MB	 Init Duration: ms	

[INFO] 2025-04-18T22:09:34.982Z START RequestId: uuid_a373cec4_26aa_410a_b76a_7655bde6f0af	 Activity: tree_constructor	 Provider: aws_ec2
[INFO] 2025-04-18T22:09:34.982Z FILE_TRANSFER RequestId: uuid_a373cec4_26aa_410a_b76a_7655bde6f0af	 TransferType: consumed	 Action: download_from_s3	 FileName: ORTHOMCL648	 Bucket: denethor	 FilePath: data/full_dataset/ORTHOMCL648	 FilePathLocal: resources/data/full_dataset	 FileSize: 4005 bytes	 TransferDuration: 0 ms
[INFO] 2025-04-18T22:09:34.983Z CONSUMED_FILES_INFO RequestId: uuid_a373cec4_26aa_410a_b76a_7655bde6f0af	 FilesCount: 1 files	 FilesSize: 4005 bytes	 TransferDuration: 0 ms	 ConsumedFiles: ['ORTHOMCL648']
[INFO] 2025-04-18T22:09:35.024Z TREE_CONSTRUCTOR RequestId: uuid_a373cec4_26aa_410a_b76a_7655bde6f0af	 Duration: 40.977815981023014 ms	 InputFile:ORTHOMCL648	 OutputFile:['tree_ORTHOMCL648.nexus']
[INFO] 2025-04-18T22:09:35.125Z FILE_TRANSFER RequestId: uuid_a373cec4_26aa_410a_b76a_7655bde6f0af	 TransferType: produced	 Action: upload_to_s3	 FileName: tree_ORTHOMCL648.nexus	 Bucket: denethor	 FilePath: tree/tree_ORTHOMCL648.nexus	 FilePathLocal: .tmp/tree/tree_ORTHOMCL648.nexus	 FileSize: 461 bytes	 TransferDuration: 0 ms
[INFO] 2025-04-18T22:09:35.126Z PRODUCED_FILES_INFO RequestId: uuid_a373cec4_26aa_410a_b76a_7655bde6f0af	 FilesCount: 1 files	 FilesSize: 461 bytes	 TransferDuration: 0 ms	 Provider: aws_ec2	  ProducedFiles: ['tree_ORTHOMCL648.nexus']
[INFO] 2025-04-18T22:09:35.126Z END RequestId: uuid_a373cec4_26aa_410a_b76a_7655bde6f0af	 Activity: tree_constructor	 Provider: aws_ec2
[INFO] 2025-04-18T22:09:35.126Z REPORT RequestId: uuid_a373cec4_26aa_410a_b76a_7655bde6f0af	 Duration: 143.3968939818442 ms	 Billed Duration: 144 ms	 Memory Size: MB	 Max Memory Used: MB	 Init Duration: ms	

[INFO] 2025-04-18T22:09:35.126Z START RequestId: uuid_6bedcc4b_05d4_49d9_a9ff_0c8644fae646	 Activity: tree_constructor	 Provider: aws_ec2
[INFO] 2025-04-18T22:09:35.126Z FILE_TRANSFER RequestId: uuid_6bedcc4b_05d4_49d9_a9ff_0c8644fae646	 TransferType: consumed	 Action: download_from_s3	 FileName: ORTHOMCL650	 Bucket: denethor	 FilePath: data/full_dataset/ORTHOMCL650	 FilePathLocal: resources/data/full_dataset	 FileSize: 2309 bytes	 TransferDuration: 0 ms
[INFO] 2025-04-18T22:09:35.127Z CONSUMED_FILES_INFO RequestId: uuid_6bedcc4b_05d4_49d9_a9ff_0c8644fae646	 FilesCount: 1 files	 FilesSize: 2309 bytes	 TransferDuration: 0 ms	 ConsumedFiles: ['ORTHOMCL650']
[INFO] 2025-04-18T22:09:35.135Z TREE_CONSTRUCTOR RequestId: uuid_6bedcc4b_05d4_49d9_a9ff_0c8644fae646	 Duration: 8.275821921415627 ms	 InputFile:ORTHOMCL650	 OutputFile:['tree_ORTHOMCL650.nexus']
[INFO] 2025-04-18T22:09:35.236Z FILE_TRANSFER RequestId: uuid_6bedcc4b_05d4_49d9_a9ff_0c8644fae646	 TransferType: produced	 Action: upload_to_s3	 FileName: tree_ORTHOMCL650.nexus	 Bucket: denethor	 FilePath: tree/tree_ORTHOMCL650.nexus	 FilePathLocal: .tmp/tree/tree_ORTHOMCL650.nexus	 FileSize: 461 bytes	 TransferDuration: 0 ms
[INFO] 2025-04-18T22:09:35.236Z PRODUCED_FILES_INFO RequestId: uuid_6bedcc4b_05d4_49d9_a9ff_0c8644fae646	 FilesCount: 1 files	 FilesSize: 461 bytes	 TransferDuration: 0 ms	 Provider: aws_ec2	  ProducedFiles: ['tree_ORTHOMCL650.nexus']
[INFO] 2025-04-18T22:09:35.236Z END RequestId: uuid_6bedcc4b_05d4_49d9_a9ff_0c8644fae646	 Activity: tree_constructor	 Provider: aws_ec2
[INFO] 2025-04-18T22:09:35.236Z REPORT RequestId: uuid_6bedcc4b_05d4_49d9_a9ff_0c8644fae646	 Duration: 109.86009996850044 ms	 Billed Duration: 110 ms	 Memory Size: MB	 Max Memory Used: MB	 Init Duration: ms	

[INFO] 2025-04-18T22:09:35.236Z START RequestId: uuid_4172decd_06b5_4045_9ffa_e79e94205cda	 Activity: tree_constructor	 Provider: aws_ec2
[INFO] 2025-04-18T22:09:35.236Z FILE_TRANSFER RequestId: uuid_4172decd_06b5_4045_9ffa_e79e94205cda	 TransferType: consumed	 Action: download_from_s3	 FileName: ORTHOMCL652	 Bucket: denethor	 FilePath: data/full_dataset/ORTHOMCL652	 FilePathLocal: resources/data/full_dataset	 FileSize: 2591 bytes	 TransferDuration: 0 ms
[INFO] 2025-04-18T22:09:35.237Z CONSUMED_FILES_INFO RequestId: uuid_4172decd_06b5_4045_9ffa_e79e94205cda	 FilesCount: 1 files	 FilesSize: 2591 bytes	 TransferDuration: 0 ms	 ConsumedFiles: ['ORTHOMCL652']
[INFO] 2025-04-18T22:09:35.255Z TREE_CONSTRUCTOR RequestId: uuid_4172decd_06b5_4045_9ffa_e79e94205cda	 Duration: 17.777277040295303 ms	 InputFile:ORTHOMCL652	 OutputFile:['tree_ORTHOMCL652.nexus']
[INFO] 2025-04-18T22:09:35.355Z FILE_TRANSFER RequestId: uuid_4172decd_06b5_4045_9ffa_e79e94205cda	 TransferType: produced	 Action: upload_to_s3	 FileName: tree_ORTHOMCL652.nexus	 Bucket: denethor	 FilePath: tree/tree_ORTHOMCL652.nexus	 FilePathLocal: .tmp/tree/tree_ORTHOMCL652.nexus	 FileSize: 471 bytes	 TransferDuration: 0 ms
[INFO] 2025-04-18T22:09:35.355Z PRODUCED_FILES_INFO RequestId: uuid_4172decd_06b5_4045_9ffa_e79e94205cda	 FilesCount: 1 files	 FilesSize: 471 bytes	 TransferDuration: 0 ms	 Provider: aws_ec2	  ProducedFiles: ['tree_ORTHOMCL652.nexus']
[INFO] 2025-04-18T22:09:35.355Z END RequestId: uuid_4172decd_06b5_4045_9ffa_e79e94205cda	 Activity: tree_constructor	 Provider: aws_ec2
[INFO] 2025-04-18T22:09:35.355Z REPORT RequestId: uuid_4172decd_06b5_4045_9ffa_e79e94205cda	 Duration: 119.08786499407142 ms	 Billed Duration: 120 ms	 Memory Size: MB	 Max Memory Used: MB	 Init Duration: ms	

[INFO] 2025-04-18T22:09:35.356Z START RequestId: uuid_d22f3ad1_a9f8_41e7_9e72_87f94aaaf3b3	 Activity: tree_constructor	 Provider: aws_ec2
[INFO] 2025-04-18T22:09:35.356Z FILE_TRANSFER RequestId: uuid_d22f3ad1_a9f8_41e7_9e72_87f94aaaf3b3	 TransferType: consumed	 Action: download_from_s3	 FileName: ORTHOMCL659	 Bucket: denethor	 FilePath: data/full_dataset/ORTHOMCL659	 FilePathLocal: resources/data/full_dataset	 FileSize: 3513 bytes	 TransferDuration: 0 ms
[INFO] 2025-04-18T22:09:35.357Z CONSUMED_FILES_INFO RequestId: uuid_d22f3ad1_a9f8_41e7_9e72_87f94aaaf3b3	 FilesCount: 1 files	 FilesSize: 3513 bytes	 TransferDuration: 0 ms	 ConsumedFiles: ['ORTHOMCL659']
[INFO] 2025-04-18T22:09:35.390Z TREE_CONSTRUCTOR RequestId: uuid_d22f3ad1_a9f8_41e7_9e72_87f94aaaf3b3	 Duration: 33.39334006886929 ms	 InputFile:ORTHOMCL659	 OutputFile:['tree_ORTHOMCL659.nexus']
[INFO] 2025-04-18T22:09:35.490Z FILE_TRANSFER RequestId: uuid_d22f3ad1_a9f8_41e7_9e72_87f94aaaf3b3	 TransferType: produced	 Action: upload_to_s3	 FileName: tree_ORTHOMCL659.nexus	 Bucket: denethor	 FilePath: tree/tree_ORTHOMCL659.nexus	 FilePathLocal: .tmp/tree/tree_ORTHOMCL659.nexus	 FileSize: 469 bytes	 TransferDuration: 0 ms
[INFO] 2025-04-18T22:09:35.491Z PRODUCED_FILES_INFO RequestId: uuid_d22f3ad1_a9f8_41e7_9e72_87f94aaaf3b3	 FilesCount: 1 files	 FilesSize: 469 bytes	 TransferDuration: 0 ms	 Provider: aws_ec2	  ProducedFiles: ['tree_ORTHOMCL659.nexus']
[INFO] 2025-04-18T22:09:35.491Z END RequestId: uuid_d22f3ad1_a9f8_41e7_9e72_87f94aaaf3b3	 Activity: tree_constructor	 Provider: aws_ec2
[INFO] 2025-04-18T22:09:35.491Z REPORT RequestId: uuid_d22f3ad1_a9f8_41e7_9e72_87f94aaaf3b3	 Duration: 134.99455200508237 ms	 Billed Duration: 135 ms	 Memory Size: MB	 Max Memory Used: MB	 Init Duration: ms	

[INFO] 2025-04-18T22:09:35.491Z START RequestId: uuid_3743e5ea_5d6a_4964_9f59_bd56f4965b83	 Activity: tree_constructor	 Provider: aws_ec2
[INFO] 2025-04-18T22:09:35.491Z FILE_TRANSFER RequestId: uuid_3743e5ea_5d6a_4964_9f59_bd56f4965b83	 TransferType: consumed	 Action: download_from_s3	 FileName: ORTHOMCL665	 Bucket: denethor	 FilePath: data/full_dataset/ORTHOMCL665	 FilePathLocal: resources/data/full_dataset	 FileSize: 3316 bytes	 TransferDuration: 0 ms
[INFO] 2025-04-18T22:09:35.492Z CONSUMED_FILES_INFO RequestId: uuid_3743e5ea_5d6a_4964_9f59_bd56f4965b83	 FilesCount: 1 files	 FilesSize: 3316 bytes	 TransferDuration: 0 ms	 ConsumedFiles: ['ORTHOMCL665']
[INFO] 2025-04-18T22:09:35.534Z TREE_CONSTRUCTOR RequestId: uuid_3743e5ea_5d6a_4964_9f59_bd56f4965b83	 Duration: 42.68724599387497 ms	 InputFile:ORTHOMCL665	 OutputFile:['tree_ORTHOMCL665.nexus']
[INFO] 2025-04-18T22:09:35.635Z FILE_TRANSFER RequestId: uuid_3743e5ea_5d6a_4964_9f59_bd56f4965b83	 TransferType: produced	 Action: upload_to_s3	 FileName: tree_ORTHOMCL665.nexus	 Bucket: denethor	 FilePath: tree/tree_ORTHOMCL665.nexus	 FilePathLocal: .tmp/tree/tree_ORTHOMCL665.nexus	 FileSize: 461 bytes	 TransferDuration: 0 ms
[INFO] 2025-04-18T22:09:35.635Z PRODUCED_FILES_INFO RequestId: uuid_3743e5ea_5d6a_4964_9f59_bd56f4965b83	 FilesCount: 1 files	 FilesSize: 461 bytes	 TransferDuration: 0 ms	 Provider: aws_ec2	  ProducedFiles: ['tree_ORTHOMCL665.nexus']
[INFO] 2025-04-18T22:09:35.635Z END RequestId: uuid_3743e5ea_5d6a_4964_9f59_bd56f4965b83	 Activity: tree_constructor	 Provider: aws_ec2
[INFO] 2025-04-18T22:09:35.635Z REPORT RequestId: uuid_3743e5ea_5d6a_4964_9f59_bd56f4965b83	 Duration: 144.0201160730794 ms	 Billed Duration: 145 ms	 Memory Size: MB	 Max Memory Used: MB	 Init Duration: ms	

[INFO] 2025-04-18T22:09:35.635Z START RequestId: uuid_a94dca50_0305_4e19_96e4_ab075730c940	 Activity: tree_constructor	 Provider: aws_ec2
[INFO] 2025-04-18T22:09:35.635Z FILE_TRANSFER RequestId: uuid_a94dca50_0305_4e19_96e4_ab075730c940	 TransferType: consumed	 Action: download_from_s3	 FileName: ORTHOMCL667	 Bucket: denethor	 FilePath: data/full_dataset/ORTHOMCL667	 FilePathLocal: resources/data/full_dataset	 FileSize: 3431 bytes	 TransferDuration: 0 ms
[INFO] 2025-04-18T22:09:35.636Z CONSUMED_FILES_INFO RequestId: uuid_a94dca50_0305_4e19_96e4_ab075730c940	 FilesCount: 1 files	 FilesSize: 3431 bytes	 TransferDuration: 0 ms	 ConsumedFiles: ['ORTHOMCL667']
[INFO] 2025-04-18T22:09:35.699Z TREE_CONSTRUCTOR RequestId: uuid_a94dca50_0305_4e19_96e4_ab075730c940	 Duration: 63.13453707844019 ms	 InputFile:ORTHOMCL667	 OutputFile:['tree_ORTHOMCL667.nexus']
[INFO] 2025-04-18T22:09:35.800Z FILE_TRANSFER RequestId: uuid_a94dca50_0305_4e19_96e4_ab075730c940	 TransferType: produced	 Action: upload_to_s3	 FileName: tree_ORTHOMCL667.nexus	 Bucket: denethor	 FilePath: tree/tree_ORTHOMCL667.nexus	 FilePathLocal: .tmp/tree/tree_ORTHOMCL667.nexus	 FileSize: 459 bytes	 TransferDuration: 0 ms
[INFO] 2025-04-18T22:09:35.800Z PRODUCED_FILES_INFO RequestId: uuid_a94dca50_0305_4e19_96e4_ab075730c940	 FilesCount: 1 files	 FilesSize: 459 bytes	 TransferDuration: 0 ms	 Provider: aws_ec2	  ProducedFiles: ['tree_ORTHOMCL667.nexus']
[INFO] 2025-04-18T22:09:35.800Z END RequestId: uuid_a94dca50_0305_4e19_96e4_ab075730c940	 Activity: tree_constructor	 Provider: aws_ec2
[INFO] 2025-04-18T22:09:35.800Z REPORT RequestId: uuid_a94dca50_0305_4e19_96e4_ab075730c940	 Duration: 164.52048299834132 ms	 Billed Duration: 165 ms	 Memory Size: MB	 Max Memory Used: MB	 Init Duration: ms	

