[
    {
        "logStreamName": "2024/12/27/[$LATEST]1e621bb1ecfb4e5e8f252f934440b11e",
        "timestamp": 1735318448049,
        "message": "START RequestId: 0a8d8810-c0e0-4dad-acb4-8a2ff6448df1 Version: $LATEST\n",
        "ingestionTime": 1735318457079,
        "eventId": "38698894548250349347268518791409322023786699656712355840"
    },
    {
        "logStreamName": "2024/12/27/[$LATEST]1e621bb1ecfb4e5e8f252f934440b11e",
        "timestamp": 1735318448183,
        "message": "FILE_TRANSFER RequestId: 0a8d8810-c0e0-4dad-acb4-8a2ff6448df1\t TransferType: consumed\t Action: download_from_s3\t FileName: tree_ORTHOMCL1.nexus\t Bucket: denethor\t FilePath: tree/tree_ORTHOMCL1.nexus\t LocalFilePath: /tmp/tree/tree_ORTHOMCL1.nexus\t FileSize: 339 bytes\t TransferDuration: 133.12915200003772 ms\n",
        "ingestionTime": 1735318457079,
        "eventId": "38698894551238649203871622292375108272321580098513731585"
    },
    {
        "logStreamName": "2024/12/27/[$LATEST]1e621bb1ecfb4e5e8f252f934440b11e",
        "timestamp": 1735318448183,
        "message": "CONSUMED_FILES_INFO RequestId: 0a8d8810-c0e0-4dad-acb4-8a2ff6448df1\t FilesCount: 1 files\t FilesSize: 339 bytes\t TransferDuration: 133.12915200003772 ms\t ConsumedFiles: ['tree_ORTHOMCL1.nexus']\n",
        "ingestionTime": 1735318457079,
        "eventId": "38698894551238649203871622292375108272321580098513731586"
    },
    {
        "logStreamName": "2024/12/27/[$LATEST]1e621bb1ecfb4e5e8f252f934440b11e",
        "timestamp": 1735318448183,
        "message": "Reading tree file tree_ORTHOMCL1.nexus\n",
        "ingestionTime": 1735318457079,
        "eventId": "38698894551238649203871622292375108272321580098513731587"
    },
    {
        "logStreamName": "2024/12/27/[$LATEST]1e621bb1ecfb4e5e8f252f934440b11e",
        "timestamp": 1735318448184,
        "message": "Subtree file tree_ORTHOMCL1_Inner3.nexus was created!\n",
        "ingestionTime": 1735318457079,
        "eventId": "38698894551260949949070152915516643990594228460019712004"
    },
    {
        "logStreamName": "2024/12/27/[$LATEST]1e621bb1ecfb4e5e8f252f934440b11e",
        "timestamp": 1735318448184,
        "message": "Subtree file tree_ORTHOMCL1_Inner2.nexus was created!\n",
        "ingestionTime": 1735318457079,
        "eventId": "38698894551260949949070152915516643990594228460019712005"
    },
    {
        "logStreamName": "2024/12/27/[$LATEST]1e621bb1ecfb4e5e8f252f934440b11e",
        "timestamp": 1735318448193,
        "message": "Subtree file tree_ORTHOMCL1_Inner1.nexus was created!\n",
        "ingestionTime": 1735318457079,
        "eventId": "38698894551461656655856928523790465455048063713573535750"
    },
    {
        "logStreamName": "2024/12/27/[$LATEST]1e621bb1ecfb4e5e8f252f934440b11e",
        "timestamp": 1735318448193,
        "message": "Tempo de construção dos arquivos de subárvores de ['tree_ORTHOMCL1.nexus']: 9.681095000360074 milissegundos\n",
        "ingestionTime": 1735318457079,
        "eventId": "38698894551461656655856928523790465455048063713573535751"
    },
    {
        "logStreamName": "2024/12/27/[$LATEST]1e621bb1ecfb4e5e8f252f934440b11e",
        "timestamp": 1735318448193,
        "message": "[INFO] 2024-12-27T16:54:08GMT SUBTREE_CONSTRUCTOR RequestId: 0a8d8810-c0e0-4dad-acb4-8a2ff6448df1\t Duration: 9.681095000360074 ms\t InputTree: ['tree_ORTHOMCL1.nexus']\t OutputSubtrees: ['tree_ORTHOMCL1_Inner1.nexus', 'tree_ORTHOMCL1_Inner2.nexus', 'tree_ORTHOMCL1_Inner3.nexus']\n",
        "ingestionTime": 1735318457079,
        "eventId": "38698894551461656655856928523790465455048063713573535752"
    },
    {
        "logStreamName": "2024/12/27/[$LATEST]1e621bb1ecfb4e5e8f252f934440b11e",
        "timestamp": 1735318448193,
        "message": "[INFO]\t2024-12-27T16:54:08.193Z\t0a8d8810-c0e0-4dad-acb4-8a2ff6448df1\tSUBTREE_CONSTRUCTOR RequestId: 0a8d8810-c0e0-4dad-acb4-8a2ff6448df1\t Duration: 9.681095000360074 ms\t InputTree: ['tree_ORTHOMCL1.nexus']\t OutputSubtrees: ['tree_ORTHOMCL1_Inner1.nexus', 'tree_ORTHOMCL1_Inner2.nexus', 'tree_ORTHOMCL1_Inner3.nexus']\n",
        "ingestionTime": 1735318457079,
        "eventId": "38698894551461656655856928523790465455048063713573535753"
    },
    {
        "logStreamName": "2024/12/27/[$LATEST]1e621bb1ecfb4e5e8f252f934440b11e",
        "timestamp": 1735318448350,
        "message": "FILE_TRANSFER RequestId: 0a8d8810-c0e0-4dad-acb4-8a2ff6448df1\t TransferType: produced\t Action: upload_to_s3\t FileName: tree_ORTHOMCL1_Inner1.nexus\t Bucket: denethor\t FilePath: subtree/tree_ORTHOMCL1_Inner1.nexus\t LocalFilePath: /tmp/subtree/tree_ORTHOMCL1_Inner1.nexus\t FileSize: 185 bytes\t TransferDuration: 56.76031900020462 ms\n",
        "ingestionTime": 1735318457079,
        "eventId": "38698894554962873652026236357011573223853856470012461066"
    },
    {
        "logStreamName": "2024/12/27/[$LATEST]1e621bb1ecfb4e5e8f252f934440b11e",
        "timestamp": 1735318448390,
        "message": "FILE_TRANSFER RequestId: 0a8d8810-c0e0-4dad-acb4-8a2ff6448df1\t TransferType: produced\t Action: upload_to_s3\t FileName: tree_ORTHOMCL1_Inner2.nexus\t Bucket: denethor\t FilePath: subtree/tree_ORTHOMCL1_Inner2.nexus\t LocalFilePath: /tmp/subtree/tree_ORTHOMCL1_Inner2.nexus\t FileSize: 185 bytes\t TransferDuration: 39.76601600015783 ms\n",
        "ingestionTime": 1735318457079,
        "eventId": "38698894555854903459967461282673001954759790930251677707"
    },
    {
        "logStreamName": "2024/12/27/[$LATEST]1e621bb1ecfb4e5e8f252f934440b11e",
        "timestamp": 1735318448434,
        "message": "FILE_TRANSFER RequestId: 0a8d8810-c0e0-4dad-acb4-8a2ff6448df1\t TransferType: produced\t Action: upload_to_s3\t FileName: tree_ORTHOMCL1_Inner3.nexus\t Bucket: denethor\t FilePath: subtree/tree_ORTHOMCL1_Inner3.nexus\t LocalFilePath: /tmp/subtree/tree_ORTHOMCL1_Inner3.nexus\t FileSize: 339 bytes\t TransferDuration: 43.63564899995254 ms\n",
        "ingestionTime": 1735318457079,
        "eventId": "38698894556836136248702808700900573558756318836514816012"
    },
    {
        "logStreamName": "2024/12/27/[$LATEST]1e621bb1ecfb4e5e8f252f934440b11e",
        "timestamp": 1735318448434,
        "message": "PRODUCED_FILES_INFO RequestId: 0a8d8810-c0e0-4dad-acb4-8a2ff6448df1\t FilesCount: 3 files\t FilesSize: 709 bytes\t TransferDuration: 140.161984000315 ms\t Provider: aws_lambda\t  ProducedFiles: ['tree_ORTHOMCL1_Inner1.nexus', 'tree_ORTHOMCL1_Inner2.nexus', 'tree_ORTHOMCL1_Inner3.nexus']\n",
        "ingestionTime": 1735318457079,
        "eventId": "38698894556836136248702808700900573558756318836514816013"
    },
    {
        "logStreamName": "2024/12/27/[$LATEST]1e621bb1ecfb4e5e8f252f934440b11e",
        "timestamp": 1735318448435,
        "message": "END RequestId: 0a8d8810-c0e0-4dad-acb4-8a2ff6448df1\n",
        "ingestionTime": 1735318457079,
        "eventId": "38698894556858436993901339324042109277028967198020796430"
    },
    {
        "logStreamName": "2024/12/27/[$LATEST]1e621bb1ecfb4e5e8f252f934440b11e",
        "timestamp": 1735318448435,
        "message": "REPORT RequestId: 0a8d8810-c0e0-4dad-acb4-8a2ff6448df1\tDuration: 385.64 ms\tBilled Duration: 386 ms\tMemory Size: 256 MB\tMax Memory Used: 111 MB\t\n",
        "ingestionTime": 1735318457079,
        "eventId": "38698894556858436993901339324042109277028967198020796431"
    },
    {
        "logStreamName": "2024/12/27/[$LATEST]1e621bb1ecfb4e5e8f252f934440b11e",
        "timestamp": 1735318448562,
        "message": "START RequestId: 6bd1a278-274c-41c0-bbd2-68373a1368a8 Version: $LATEST\n",
        "ingestionTime": 1735318457079,
        "eventId": "38698894559690631634114728463017145497655309109280309264"
    },
    {
        "logStreamName": "2024/12/27/[$LATEST]1e621bb1ecfb4e5e8f252f934440b11e",
        "timestamp": 1735318448614,
        "message": "FILE_TRANSFER RequestId: 6bd1a278-274c-41c0-bbd2-68373a1368a8\t TransferType: consumed\t Action: download_from_s3\t FileName: tree_ORTHOMCL256.nexus\t Bucket: denethor\t FilePath: tree/tree_ORTHOMCL256.nexus\t LocalFilePath: /tmp/tree/tree_ORTHOMCL256.nexus\t FileSize: 640 bytes\t TransferDuration: 51.88945700001568 ms\n",
        "ingestionTime": 1735318457079,
        "eventId": "38698894560850270384438320866377002847833023907591290897"
    },
    {
        "logStreamName": "2024/12/27/[$LATEST]1e621bb1ecfb4e5e8f252f934440b11e",
        "timestamp": 1735318448614,
        "message": "CONSUMED_FILES_INFO RequestId: 6bd1a278-274c-41c0-bbd2-68373a1368a8\t FilesCount: 1 files\t FilesSize: 640 bytes\t TransferDuration: 51.88945700001568 ms\t ConsumedFiles: ['tree_ORTHOMCL256.nexus']\n",
        "ingestionTime": 1735318457079,
        "eventId": "38698894560850270384438320866377002847833023907591290898"
    },
    {
        "logStreamName": "2024/12/27/[$LATEST]1e621bb1ecfb4e5e8f252f934440b11e",
        "timestamp": 1735318448614,
        "message": "Reading tree file tree_ORTHOMCL256.nexus\n",
        "ingestionTime": 1735318457079,
        "eventId": "38698894560850270384438320866377002847833023907591290899"
    },
    {
        "logStreamName": "2024/12/27/[$LATEST]1e621bb1ecfb4e5e8f252f934440b11e",
        "timestamp": 1735318448616,
        "message": "Subtree file tree_ORTHOMCL256_Inner8.nexus was created!\n",
        "ingestionTime": 1735318457079,
        "eventId": "38698894560894871874835382112660074284378320630603251732"
    },
    {
        "logStreamName": "2024/12/27/[$LATEST]1e621bb1ecfb4e5e8f252f934440b11e",
        "timestamp": 1735318448633,
        "message": "Subtree file tree_ORTHOMCL256_Inner7.nexus was created!\n",
        "ingestionTime": 1735318457079,
        "eventId": "38698894561273984543210402706066181495013342776204918805"
    },
    {
        "logStreamName": "2024/12/27/[$LATEST]1e621bb1ecfb4e5e8f252f934440b11e",
        "timestamp": 1735318448633,
        "message": "Subtree file tree_ORTHOMCL256_Inner6.nexus was created!\n",
        "ingestionTime": 1735318457079,
        "eventId": "38698894561273984543210402706066181495013342776204918806"
    },
    {
        "logStreamName": "2024/12/27/[$LATEST]1e621bb1ecfb4e5e8f252f934440b11e",
        "timestamp": 1735318448634,
        "message": "Subtree file tree_ORTHOMCL256_Inner5.nexus was created!\n",
        "ingestionTime": 1735318457079,
        "eventId": "38698894561296285288408933329207717213285991137710899223"
    },
    {
        "logStreamName": "2024/12/27/[$LATEST]1e621bb1ecfb4e5e8f252f934440b11e",
        "timestamp": 1735318448634,
        "message": "Subtree file tree_ORTHOMCL256_Inner3.nexus was created!\n",
        "ingestionTime": 1735318457079,
        "eventId": "38698894561296285288408933329207717213285991137710899224"
    },
    {
        "logStreamName": "2024/12/27/[$LATEST]1e621bb1ecfb4e5e8f252f934440b11e",
        "timestamp": 1735318448634,
        "message": "Subtree file tree_ORTHOMCL256_Inner2.nexus was created!\n",
        "ingestionTime": 1735318457079,
        "eventId": "38698894561296285288408933329207717213285991137710899225"
    },
    {
        "logStreamName": "2024/12/27/[$LATEST]1e621bb1ecfb4e5e8f252f934440b11e",
        "timestamp": 1735318448634,
        "message": "Subtree file tree_ORTHOMCL256_Inner1.nexus was created!\n",
        "ingestionTime": 1735318457079,
        "eventId": "38698894561296285288408933329207717213285991137710899226"
    },
    {
        "logStreamName": "2024/12/27/[$LATEST]1e621bb1ecfb4e5e8f252f934440b11e",
        "timestamp": 1735318448635,
        "message": "Subtree file tree_ORTHOMCL256_Inner4.nexus was created!\n",
        "ingestionTime": 1735318457079,
        "eventId": "38698894561318586033607463952349252931558639499216879643"
    },
    {
        "logStreamName": "2024/12/27/[$LATEST]1e621bb1ecfb4e5e8f252f934440b11e",
        "timestamp": 1735318448635,
        "message": "Tempo de construção dos arquivos de subárvores de ['tree_ORTHOMCL256.nexus']: 20.531855000172072 milissegundos\n",
        "ingestionTime": 1735318457079,
        "eventId": "38698894561318586033607463952349252931558639499216879644"
    },
    {
        "logStreamName": "2024/12/27/[$LATEST]1e621bb1ecfb4e5e8f252f934440b11e",
        "timestamp": 1735318448635,
        "message": "[INFO] 2024-12-27T16:54:08GMT SUBTREE_CONSTRUCTOR RequestId: 6bd1a278-274c-41c0-bbd2-68373a1368a8\t Duration: 20.531855000172072 ms\t InputTree: ['tree_ORTHOMCL256.nexus']\t OutputSubtrees: ['tree_ORTHOMCL256_Inner1.nexus', 'tree_ORTHOMCL256_Inner2.nexus', 'tree_ORTHOMCL256_Inner3.nexus', 'tree_ORTHOMCL256_Inner4.nexus', 'tree_ORTHOMCL256_Inner5.nexus', 'tree_ORTHOMCL256_Inner6.nexus', 'tree_ORTHOMCL256_Inner7.nexus', 'tree_ORTHOMCL256_Inner8.nexus']\n",
        "ingestionTime": 1735318457079,
        "eventId": "38698894561318586033607463952349252931558639499216879645"
    },
    {
        "logStreamName": "2024/12/27/[$LATEST]1e621bb1ecfb4e5e8f252f934440b11e",
        "timestamp": 1735318448635,
        "message": "[INFO]\t2024-12-27T16:54:08.635Z\t6bd1a278-274c-41c0-bbd2-68373a1368a8\tSUBTREE_CONSTRUCTOR RequestId: 6bd1a278-274c-41c0-bbd2-68373a1368a8\t Duration: 20.531855000172072 ms\t InputTree: ['tree_ORTHOMCL256.nexus']\t OutputSubtrees: ['tree_ORTHOMCL256_Inner1.nexus', 'tree_ORTHOMCL256_Inner2.nexus', 'tree_ORTHOMCL256_Inner3.nexus', 'tree_ORTHOMCL256_Inner4.nexus', 'tree_ORTHOMCL256_Inner5.nexus', 'tree_ORTHOMCL256_Inner6.nexus', 'tree_ORTHOMCL256_Inner7.nexus', 'tree_ORTHOMCL256_Inner8.nexus']\n",
        "ingestionTime": 1735318457079,
        "eventId": "38698894561318586033607463952349252931558639499216879646"
    },
    {
        "logStreamName": "2024/12/27/[$LATEST]1e621bb1ecfb4e5e8f252f934440b11e",
        "timestamp": 1735318448776,
        "message": "FILE_TRANSFER RequestId: 6bd1a278-274c-41c0-bbd2-68373a1368a8\t TransferType: produced\t Action: upload_to_s3\t FileName: tree_ORTHOMCL256_Inner1.nexus\t Bucket: denethor\t FilePath: subtree/tree_ORTHOMCL256_Inner1.nexus\t LocalFilePath: /tmp/subtree/tree_ORTHOMCL256_Inner1.nexus\t FileSize: 187 bytes\t TransferDuration: 41.05335100030061 ms\n",
        "ingestionTime": 1735318457079,
        "eventId": "38698894564462991106600281815305789208002058471560118303"
    },
    {
        "logStreamName": "2024/12/27/[$LATEST]1e621bb1ecfb4e5e8f252f934440b11e",
        "timestamp": 1735318448817,
        "message": "FILE_TRANSFER RequestId: 6bd1a278-274c-41c0-bbd2-68373a1368a8\t TransferType: produced\t Action: upload_to_s3\t FileName: tree_ORTHOMCL256_Inner2.nexus\t Bucket: denethor\t FilePath: subtree/tree_ORTHOMCL256_Inner2.nexus\t LocalFilePath: /tmp/subtree/tree_ORTHOMCL256_Inner2.nexus\t FileSize: 245 bytes\t TransferDuration: 40.50675300004514 ms\n",
        "ingestionTime": 1735318457079,
        "eventId": "38698894565377321659740037364108753657180641293305315360"
    },
    {
        "logStreamName": "2024/12/27/[$LATEST]1e621bb1ecfb4e5e8f252f934440b11e",
        "timestamp": 1735318448856,
        "message": "FILE_TRANSFER RequestId: 6bd1a278-274c-41c0-bbd2-68373a1368a8\t TransferType: produced\t Action: upload_to_s3\t FileName: tree_ORTHOMCL256_Inner3.nexus\t Bucket: denethor\t FilePath: subtree/tree_ORTHOMCL256_Inner3.nexus\t LocalFilePath: /tmp/subtree/tree_ORTHOMCL256_Inner3.nexus\t FileSize: 301 bytes\t TransferDuration: 39.50425199991514 ms\n",
        "ingestionTime": 1735318457079,
        "eventId": "38698894566247050722482731666628646669813927392038551585"
    },
    {
        "logStreamName": "2024/12/27/[$LATEST]1e621bb1ecfb4e5e8f252f934440b11e",
        "timestamp": 1735318448899,
        "message": "FILE_TRANSFER RequestId: 6bd1a278-274c-41c0-bbd2-68373a1368a8\t TransferType: produced\t Action: upload_to_s3\t FileName: tree_ORTHOMCL256_Inner4.nexus\t Bucket: denethor\t FilePath: subtree/tree_ORTHOMCL256_Inner4.nexus\t LocalFilePath: /tmp/subtree/tree_ORTHOMCL256_Inner4.nexus\t FileSize: 191 bytes\t TransferDuration: 42.450459000065166 ms\n",
        "ingestionTime": 1735318457079,
        "eventId": "38698894567205982766019548461714682555537806936795709474"
    },
    {
        "logStreamName": "2024/12/27/[$LATEST]1e621bb1ecfb4e5e8f252f934440b11e",
        "timestamp": 1735318448939,
        "message": "FILE_TRANSFER RequestId: 6bd1a278-274c-41c0-bbd2-68373a1368a8\t TransferType: produced\t Action: upload_to_s3\t FileName: tree_ORTHOMCL256_Inner5.nexus\t Bucket: denethor\t FilePath: subtree/tree_ORTHOMCL256_Inner5.nexus\t LocalFilePath: /tmp/subtree/tree_ORTHOMCL256_Inner5.nexus\t FileSize: 421 bytes\t TransferDuration: 39.705949000108376 ms\n",
        "ingestionTime": 1735318457079,
        "eventId": "38698894568098012573960773387376111286443741397034926115"
    },
    {
        "logStreamName": "2024/12/27/[$LATEST]1e621bb1ecfb4e5e8f252f934440b11e",
        "timestamp": 1735318448974,
        "message": "FILE_TRANSFER RequestId: 6bd1a278-274c-41c0-bbd2-68373a1368a8\t TransferType: produced\t Action: upload_to_s3\t FileName: tree_ORTHOMCL256_Inner6.nexus\t Bucket: denethor\t FilePath: subtree/tree_ORTHOMCL256_Inner6.nexus\t LocalFilePath: /tmp/subtree/tree_ORTHOMCL256_Inner6.nexus\t FileSize: 481 bytes\t TransferDuration: 34.80132400000002 ms\n",
        "ingestionTime": 1735318457079,
        "eventId": "38698894568878538655909345197329861425986434049744240676"
    },
    {
        "logStreamName": "2024/12/27/[$LATEST]1e621bb1ecfb4e5e8f252f934440b11e",
        "timestamp": 1735318449028,
        "message": "FILE_TRANSFER RequestId: 6bd1a278-274c-41c0-bbd2-68373a1368a8\t TransferType: produced\t Action: upload_to_s3\t FileName: tree_ORTHOMCL256_Inner7.nexus\t Bucket: denethor\t FilePath: subtree/tree_ORTHOMCL256_Inner7.nexus\t LocalFilePath: /tmp/subtree/tree_ORTHOMCL256_Inner7.nexus\t FileSize: 539 bytes\t TransferDuration: 54.397180000250955 ms\n",
        "ingestionTime": 1735318457079,
        "eventId": "38698894570082778896629998846972790212709445571067183141"
    },
    {
        "logStreamName": "2024/12/27/[$LATEST]1e621bb1ecfb4e5e8f252f934440b11e",
        "timestamp": 1735318449066,
        "message": "FILE_TRANSFER RequestId: 6bd1a278-274c-41c0-bbd2-68373a1368a8\t TransferType: produced\t Action: upload_to_s3\t FileName: tree_ORTHOMCL256_Inner8.nexus\t Bucket: denethor\t FilePath: subtree/tree_ORTHOMCL256_Inner8.nexus\t LocalFilePath: /tmp/subtree/tree_ORTHOMCL256_Inner8.nexus\t FileSize: 640 bytes\t TransferDuration: 37.60917999989033 ms\n",
        "ingestionTime": 1735318457079,
        "eventId": "38698894570930207214174162526351147507070083308294438950"
    },
    {
        "logStreamName": "2024/12/27/[$LATEST]1e621bb1ecfb4e5e8f252f934440b11e",
        "timestamp": 1735318449066,
        "message": "PRODUCED_FILES_INFO RequestId: 6bd1a278-274c-41c0-bbd2-68373a1368a8\t FilesCount: 8 files\t FilesSize: 3005 bytes\t TransferDuration: 330.02844800057574 ms\t Provider: aws_lambda\t  ProducedFiles: ['tree_ORTHOMCL256_Inner1.nexus', 'tree_ORTHOMCL256_Inner2.nexus', 'tree_ORTHOMCL256_Inner3.nexus', 'tree_ORTHOMCL256_Inner4.nexus', 'tree_ORTHOMCL256_Inner5.nexus', 'tree_ORTHOMCL256_Inner6.nexus', 'tree_ORTHOMCL256_Inner7.nexus', 'tree_ORTHOMCL256_Inner8.nexus']\n",
        "ingestionTime": 1735318457079,
        "eventId": "38698894570930207214174162526351147507070083308294438951"
    },
    {
        "logStreamName": "2024/12/27/[$LATEST]1e621bb1ecfb4e5e8f252f934440b11e",
        "timestamp": 1735318449067,
        "message": "END RequestId: 6bd1a278-274c-41c0-bbd2-68373a1368a8\n",
        "ingestionTime": 1735318457079,
        "eventId": "38698894570952507959372693149492683225342731669800419368"
    },
    {
        "logStreamName": "2024/12/27/[$LATEST]1e621bb1ecfb4e5e8f252f934440b11e",
        "timestamp": 1735318449067,
        "message": "REPORT RequestId: 6bd1a278-274c-41c0-bbd2-68373a1368a8\tDuration: 505.08 ms\tBilled Duration: 506 ms\tMemory Size: 256 MB\tMax Memory Used: 111 MB\t\n",
        "ingestionTime": 1735318457079,
        "eventId": "38698894570952507959372693149492683225342731669800419369"
    }
]