[
    {
        "logStreamName": "2024/12/27/[$LATEST]ce919c4caae743829ddc43221658b464",
        "timestamp": 1735319105811,
        "message": "INIT_START Runtime Version: python:3.10.v46\tRuntime Version ARN: arn:aws:lambda:sa-east-1::runtime:732ad977322a3d3b48316f22772d490c5a1f1898f80a758b6a1de53725c9e97d\n",
        "ingestionTime": 1735319111817,
        "eventId": "38698909216833112623168258405756093433449191996126134272"
    },
    {
        "logStreamName": "2024/12/27/[$LATEST]ce919c4caae743829ddc43221658b464",
        "timestamp": 1735319106676,
        "message": "START RequestId: bb10f708-a389-461e-a9f5-9f9a94fcd3b5 Version: $LATEST\n",
        "ingestionTime": 1735319111817,
        "eventId": "38698909236123257219897247423184489739290024698799194113"
    },
    {
        "logStreamName": "2024/12/27/[$LATEST]ce919c4caae743829ddc43221658b464",
        "timestamp": 1735319106677,
        "message": "Directory /tmp/subtree was created!\n",
        "ingestionTime": 1735319111817,
        "eventId": "38698909236145557965095778046326025457562673060305174530"
    },
    {
        "logStreamName": "2024/12/27/[$LATEST]ce919c4caae743829ddc43221658b464",
        "timestamp": 1735319106677,
        "message": "Directory /tmp/mafdb was created!\n",
        "ingestionTime": 1735319111817,
        "eventId": "38698909236145557965095778046326025457562673060305174531"
    },
    {
        "logStreamName": "2024/12/27/[$LATEST]ce919c4caae743829ddc43221658b464",
        "timestamp": 1735319106766,
        "message": "FILE_TRANSFER RequestId: bb10f708-a389-461e-a9f5-9f9a94fcd3b5\t TransferType: consumed\t Action: download_from_s3\t FileName: tree_ORTHOMCL1_Inner1.nexus\t Bucket: denethor\t FilePath: subtree/tree_ORTHOMCL1_Inner1.nexus\t LocalFilePath: /tmp/subtree/tree_ORTHOMCL1_Inner1.nexus\t FileSize: 185 bytes\t TransferDuration: 89.55992599999263 ms\n",
        "ingestionTime": 1735319111817,
        "eventId": "38698909238130324287765003505922704383828377234337431556"
    },
    {
        "logStreamName": "2024/12/27/[$LATEST]ce919c4caae743829ddc43221658b464",
        "timestamp": 1735319106812,
        "message": "FILE_TRANSFER RequestId: bb10f708-a389-461e-a9f5-9f9a94fcd3b5\t TransferType: consumed\t Action: download_from_s3\t FileName: tree_ORTHOMCL1_Inner2.nexus\t Bucket: denethor\t FilePath: subtree/tree_ORTHOMCL1_Inner2.nexus\t LocalFilePath: /tmp/subtree/tree_ORTHOMCL1_Inner2.nexus\t FileSize: 185 bytes\t TransferDuration: 44.95888099995682 ms\n",
        "ingestionTime": 1735319111817,
        "eventId": "38698909239156158566897412170433347424370201863612530693"
    },
    {
        "logStreamName": "2024/12/27/[$LATEST]ce919c4caae743829ddc43221658b464",
        "timestamp": 1735319106854,
        "message": "FILE_TRANSFER RequestId: bb10f708-a389-461e-a9f5-9f9a94fcd3b5\t TransferType: consumed\t Action: download_from_s3\t FileName: tree_ORTHOMCL1_Inner3.nexus\t Bucket: denethor\t FilePath: subtree/tree_ORTHOMCL1_Inner3.nexus\t LocalFilePath: /tmp/subtree/tree_ORTHOMCL1_Inner3.nexus\t FileSize: 339 bytes\t TransferDuration: 42.56028500003595 ms\n",
        "ingestionTime": 1735319111817,
        "eventId": "38698909240092789865235698342377847591821433046863708166"
    },
    {
        "logStreamName": "2024/12/27/[$LATEST]ce919c4caae743829ddc43221658b464",
        "timestamp": 1735319106900,
        "message": "FILE_TRANSFER RequestId: bb10f708-a389-461e-a9f5-9f9a94fcd3b5\t TransferType: consumed\t Action: download_from_s3\t FileName: tree_ORTHOMCL256_Inner1.nexus\t Bucket: denethor\t FilePath: subtree/tree_ORTHOMCL256_Inner1.nexus\t LocalFilePath: /tmp/subtree/tree_ORTHOMCL256_Inner1.nexus\t FileSize: 187 bytes\t TransferDuration: 45.88337200004844 ms\n",
        "ingestionTime": 1735319111817,
        "eventId": "38698909241118624144368107006888490632363257676138807303"
    },
    {
        "logStreamName": "2024/12/27/[$LATEST]ce919c4caae743829ddc43221658b464",
        "timestamp": 1735319106950,
        "message": "FILE_TRANSFER RequestId: bb10f708-a389-461e-a9f5-9f9a94fcd3b5\t TransferType: consumed\t Action: download_from_s3\t FileName: tree_ORTHOMCL256_Inner2.nexus\t Bucket: denethor\t FilePath: subtree/tree_ORTHOMCL256_Inner2.nexus\t LocalFilePath: /tmp/subtree/tree_ORTHOMCL256_Inner2.nexus\t FileSize: 245 bytes\t TransferDuration: 50.047344000063276 ms\n",
        "ingestionTime": 1735319111817,
        "eventId": "38698909242233661404294638163965276545995675751437828104"
    },
    {
        "logStreamName": "2024/12/27/[$LATEST]ce919c4caae743829ddc43221658b464",
        "timestamp": 1735319106990,
        "message": "FILE_TRANSFER RequestId: bb10f708-a389-461e-a9f5-9f9a94fcd3b5\t TransferType: consumed\t Action: download_from_s3\t FileName: tree_ORTHOMCL256_Inner3.nexus\t Bucket: denethor\t FilePath: subtree/tree_ORTHOMCL256_Inner3.nexus\t LocalFilePath: /tmp/subtree/tree_ORTHOMCL256_Inner3.nexus\t FileSize: 301 bytes\t TransferDuration: 39.45105799994053 ms\n",
        "ingestionTime": 1735319111817,
        "eventId": "38698909243125691212235863089626705276901610211677044745"
    },
    {
        "logStreamName": "2024/12/27/[$LATEST]ce919c4caae743829ddc43221658b464",
        "timestamp": 1735319107031,
        "message": "FILE_TRANSFER RequestId: bb10f708-a389-461e-a9f5-9f9a94fcd3b5\t TransferType: consumed\t Action: download_from_s3\t FileName: tree_ORTHOMCL256_Inner4.nexus\t Bucket: denethor\t FilePath: subtree/tree_ORTHOMCL256_Inner4.nexus\t LocalFilePath: /tmp/subtree/tree_ORTHOMCL256_Inner4.nexus\t FileSize: 191 bytes\t TransferDuration: 41.01004300002842 ms\n",
        "ingestionTime": 1735319111817,
        "eventId": "38698909244040021765375618638429669726080193033422241802"
    },
    {
        "logStreamName": "2024/12/27/[$LATEST]ce919c4caae743829ddc43221658b464",
        "timestamp": 1735319107080,
        "message": "FILE_TRANSFER RequestId: bb10f708-a389-461e-a9f5-9f9a94fcd3b5\t TransferType: consumed\t Action: download_from_s3\t FileName: tree_ORTHOMCL256_Inner5.nexus\t Bucket: denethor\t FilePath: subtree/tree_ORTHOMCL256_Inner5.nexus\t LocalFilePath: /tmp/subtree/tree_ORTHOMCL256_Inner5.nexus\t FileSize: 421 bytes\t TransferDuration: 49.597661000007065 ms\n",
        "ingestionTime": 1735319111817,
        "eventId": "38698909245132758280103619172364919921439962747215282187"
    },
    {
        "logStreamName": "2024/12/27/[$LATEST]ce919c4caae743829ddc43221658b464",
        "timestamp": 1735319107124,
        "message": "FILE_TRANSFER RequestId: bb10f708-a389-461e-a9f5-9f9a94fcd3b5\t TransferType: consumed\t Action: download_from_s3\t FileName: tree_ORTHOMCL256_Inner6.nexus\t Bucket: denethor\t FilePath: subtree/tree_ORTHOMCL256_Inner6.nexus\t LocalFilePath: /tmp/subtree/tree_ORTHOMCL256_Inner6.nexus\t FileSize: 481 bytes\t TransferDuration: 43.85831900003723 ms\n",
        "ingestionTime": 1735319111817,
        "eventId": "38698909246113991068838966590592491525436490653478420492"
    },
    {
        "logStreamName": "2024/12/27/[$LATEST]ce919c4caae743829ddc43221658b464",
        "timestamp": 1735319107169,
        "message": "FILE_TRANSFER RequestId: bb10f708-a389-461e-a9f5-9f9a94fcd3b5\t TransferType: consumed\t Action: download_from_s3\t FileName: tree_ORTHOMCL256_Inner7.nexus\t Bucket: denethor\t FilePath: subtree/tree_ORTHOMCL256_Inner7.nexus\t LocalFilePath: /tmp/subtree/tree_ORTHOMCL256_Inner7.nexus\t FileSize: 539 bytes\t TransferDuration: 44.18872199994439 ms\n",
        "ingestionTime": 1735319111817,
        "eventId": "38698909247117524602772844631961598847705666921247539213"
    },
    {
        "logStreamName": "2024/12/27/[$LATEST]ce919c4caae743829ddc43221658b464",
        "timestamp": 1735319107212,
        "message": "FILE_TRANSFER RequestId: bb10f708-a389-461e-a9f5-9f9a94fcd3b5\t TransferType: consumed\t Action: download_from_s3\t FileName: tree_ORTHOMCL256_Inner8.nexus\t Bucket: denethor\t FilePath: subtree/tree_ORTHOMCL256_Inner8.nexus\t LocalFilePath: /tmp/subtree/tree_ORTHOMCL256_Inner8.nexus\t FileSize: 640 bytes\t TransferDuration: 42.958724000072834 ms\n",
        "ingestionTime": 1735319111817,
        "eventId": "38698909248076456646309661427047634733429546466004697102"
    },
    {
        "logStreamName": "2024/12/27/[$LATEST]ce919c4caae743829ddc43221658b464",
        "timestamp": 1735319107212,
        "message": "CONSUMED_FILES_INFO RequestId: bb10f708-a389-461e-a9f5-9f9a94fcd3b5\t FilesCount: 11 files\t FilesSize: 3714 bytes\t TransferDuration: 534.0743350001276 ms\t ConsumedFiles: ['tree_ORTHOMCL1_Inner1.nexus', 'tree_ORTHOMCL1_Inner2.nexus', 'tree_ORTHOMCL1_Inner3.nexus', 'tree_ORTHOMCL256_Inner1.nexus', 'tree_ORTHOMCL256_Inner2.nexus', 'tree_ORTHOMCL256_Inner3.nexus', 'tree_ORTHOMCL256_Inner4.nexus', 'tree_ORTHOMCL256_Inner5.nexus', 'tree_ORTHOMCL256_Inner6.nexus', 'tree_ORTHOMCL256_Inner7.nexus', 'tree_ORTHOMCL256_Inner8.nexus']\n",
        "ingestionTime": 1735319111817,
        "eventId": "38698909248076456646309661427047634733429546466004697103"
    },
    {
        "logStreamName": "2024/12/27/[$LATEST]ce919c4caae743829ddc43221658b464",
        "timestamp": 1735319107212,
        "message": "subtree_matrix: processing file tree_ORTHOMCL1_Inner1.nexus of ['tree_ORTHOMCL1_Inner1.nexus', 'tree_ORTHOMCL1_Inner2.nexus', 'tree_ORTHOMCL1_Inner3.nexus']\n",
        "ingestionTime": 1735319111817,
        "eventId": "38698909248076456646309661427047634733429546466004697104"
    },
    {
        "logStreamName": "2024/12/27/[$LATEST]ce919c4caae743829ddc43221658b464",
        "timestamp": 1735319107221,
        "message": "subtree_matrix: processing file tree_ORTHOMCL1_Inner2.nexus of ['tree_ORTHOMCL1_Inner1.nexus', 'tree_ORTHOMCL1_Inner2.nexus', 'tree_ORTHOMCL1_Inner3.nexus']\n",
        "ingestionTime": 1735319111817,
        "eventId": "38698909248277163353096437035321456197883381719558520849"
    },
    {
        "logStreamName": "2024/12/27/[$LATEST]ce919c4caae743829ddc43221658b464",
        "timestamp": 1735319107229,
        "message": "subtree_matrix: processing file tree_ORTHOMCL1_Inner3.nexus of ['tree_ORTHOMCL1_Inner1.nexus', 'tree_ORTHOMCL1_Inner2.nexus', 'tree_ORTHOMCL1_Inner3.nexus']\n",
        "ingestionTime": 1735319111817,
        "eventId": "38698909248455569314684682020453741944064568611606364178"
    },
    {
        "logStreamName": "2024/12/27/[$LATEST]ce919c4caae743829ddc43221658b464",
        "timestamp": 1735319107244,
        "message": "Tempo de construção do maf_database: 31.816790999982913 milissegundos\n",
        "ingestionTime": 1735319111817,
        "eventId": "38698909248790080492662641367576777718154294034196070419"
    },
    {
        "logStreamName": "2024/12/27/[$LATEST]ce919c4caae743829ddc43221658b464",
        "timestamp": 1735319107244,
        "message": "[INFO]\t2024-12-27T17:05:07.244Z\tbb10f708-a389-461e-a9f5-9f9a94fcd3b5\tMAF_DATABASE_CREATOR RequestId: bb10f708-a389-461e-a9f5-9f9a94fcd3b5\t Duration: 31.816790999982913 ms\t InputSubtrees: ['tree_ORTHOMCL1_Inner1.nexus', 'tree_ORTHOMCL1_Inner2.nexus', 'tree_ORTHOMCL1_Inner3.nexus']\t MafDatabaseFile: mafdb_6f7a2b1116e6a791f68a03367473294792b679a6357b6789f3f993b1f83e2e80.json\n",
        "ingestionTime": 1735319111817,
        "eventId": "38698909248790080492662641367576777718154294034196070420"
    },
    {
        "logStreamName": "2024/12/27/[$LATEST]ce919c4caae743829ddc43221658b464",
        "timestamp": 1735319107244,
        "message": "[INFO] 2024-12-27T17:05:07GMT MAF_DATABASE_CREATOR RequestId: bb10f708-a389-461e-a9f5-9f9a94fcd3b5\t Duration: 31.816790999982913 ms\t InputSubtrees: ['tree_ORTHOMCL1_Inner1.nexus', 'tree_ORTHOMCL1_Inner2.nexus', 'tree_ORTHOMCL1_Inner3.nexus']\t MafDatabaseFile: mafdb_6f7a2b1116e6a791f68a03367473294792b679a6357b6789f3f993b1f83e2e80.json\n",
        "ingestionTime": 1735319111817,
        "eventId": "38698909248790080492662641367576777718154294034196070421"
    },
    {
        "logStreamName": "2024/12/27/[$LATEST]ce919c4caae743829ddc43221658b464",
        "timestamp": 1735319107387,
        "message": "FILE_TRANSFER RequestId: bb10f708-a389-461e-a9f5-9f9a94fcd3b5\t TransferType: produced\t Action: upload_to_s3\t FileName: mafdb_6f7a2b1116e6a791f68a03367473294792b679a6357b6789f3f993b1f83e2e80.json\t Bucket: denethor\t FilePath: mafdb/mafdb_6f7a2b1116e6a791f68a03367473294792b679a6357b6789f3f993b1f83e2e80.json\t LocalFilePath: /tmp/mafdb/mafdb_6f7a2b1116e6a791f68a03367473294792b679a6357b6789f3f993b1f83e2e80.json\t FileSize: 185 bytes\t TransferDuration: 42.05621300002349 ms\n",
        "ingestionTime": 1735319111817,
        "eventId": "38698909251979087056052520476816385431143009729551269910"
    },
    {
        "logStreamName": "2024/12/27/[$LATEST]ce919c4caae743829ddc43221658b464",
        "timestamp": 1735319107387,
        "message": "PRODUCED_FILES_INFO RequestId: bb10f708-a389-461e-a9f5-9f9a94fcd3b5\t FilesCount: 1 files\t FilesSize: 185 bytes\t TransferDuration: 42.05621300002349 ms\t Provider: aws_lambda\t  ProducedFiles: ['mafdb_6f7a2b1116e6a791f68a03367473294792b679a6357b6789f3f993b1f83e2e80.json']\n",
        "ingestionTime": 1735319111817,
        "eventId": "38698909251979087056052520476816385431143009729551269911"
    },
    {
        "logStreamName": "2024/12/27/[$LATEST]ce919c4caae743829ddc43221658b464",
        "timestamp": 1735319107388,
        "message": "END RequestId: bb10f708-a389-461e-a9f5-9f9a94fcd3b5\n",
        "ingestionTime": 1735319111817,
        "eventId": "38698909252001387801251051099957921149415658091057250328"
    },
    {
        "logStreamName": "2024/12/27/[$LATEST]ce919c4caae743829ddc43221658b464",
        "timestamp": 1735319107388,
        "message": "REPORT RequestId: bb10f708-a389-461e-a9f5-9f9a94fcd3b5\tDuration: 712.55 ms\tBilled Duration: 713 ms\tMemory Size: 1024 MB\tMax Memory Used: 105 MB\tInit Duration: 863.68 ms\t\n",
        "ingestionTime": 1735319111817,
        "eventId": "38698909252001387801251051099957921149415658091057250329"
    },
    {
        "logStreamName": "2024/12/27/[$LATEST]ce919c4caae743829ddc43221658b464",
        "timestamp": 1735319107521,
        "message": "START RequestId: b2132c3e-11a7-48fe-8467-f70c1a35a8f6 Version: $LATEST\n",
        "ingestionTime": 1735319111817,
        "eventId": "38698909254967386912655623977782171679677890171352645658"
    },
    {
        "logStreamName": "2024/12/27/[$LATEST]ce919c4caae743829ddc43221658b464",
        "timestamp": 1735319107555,
        "message": "FILE_TRANSFER RequestId: b2132c3e-11a7-48fe-8467-f70c1a35a8f6\t TransferType: consumed\t Action: download_from_s3\t FileName: tree_ORTHOMCL1_Inner1.nexus\t Bucket: denethor\t FilePath: subtree/tree_ORTHOMCL1_Inner1.nexus\t LocalFilePath: /tmp/subtree/tree_ORTHOMCL1_Inner1.nexus\t FileSize: 185 bytes\t TransferDuration: 33.00272900003165 ms\n",
        "ingestionTime": 1735319111817,
        "eventId": "38698909255725612249405665164594386100947934462555979803"
    },
    {
        "logStreamName": "2024/12/27/[$LATEST]ce919c4caae743829ddc43221658b464",
        "timestamp": 1735319107589,
        "message": "FILE_TRANSFER RequestId: b2132c3e-11a7-48fe-8467-f70c1a35a8f6\t TransferType: consumed\t Action: download_from_s3\t FileName: tree_ORTHOMCL1_Inner2.nexus\t Bucket: denethor\t FilePath: subtree/tree_ORTHOMCL1_Inner2.nexus\t LocalFilePath: /tmp/subtree/tree_ORTHOMCL1_Inner2.nexus\t FileSize: 185 bytes\t TransferDuration: 33.65206399996623 ms\n",
        "ingestionTime": 1735319111817,
        "eventId": "38698909256483837586155706351406600522217978753759313948"
    },
    {
        "logStreamName": "2024/12/27/[$LATEST]ce919c4caae743829ddc43221658b464",
        "timestamp": 1735319107631,
        "message": "FILE_TRANSFER RequestId: b2132c3e-11a7-48fe-8467-f70c1a35a8f6\t TransferType: consumed\t Action: download_from_s3\t FileName: tree_ORTHOMCL1_Inner3.nexus\t Bucket: denethor\t FilePath: subtree/tree_ORTHOMCL1_Inner3.nexus\t LocalFilePath: /tmp/subtree/tree_ORTHOMCL1_Inner3.nexus\t FileSize: 339 bytes\t TransferDuration: 42.05889400009255 ms\n",
        "ingestionTime": 1735319111817,
        "eventId": "38698909257420468884493992523351100689669209937010491421"
    },
    {
        "logStreamName": "2024/12/27/[$LATEST]ce919c4caae743829ddc43221658b464",
        "timestamp": 1735319107669,
        "message": "FILE_TRANSFER RequestId: b2132c3e-11a7-48fe-8467-f70c1a35a8f6\t TransferType: consumed\t Action: download_from_s3\t FileName: tree_ORTHOMCL256_Inner1.nexus\t Bucket: denethor\t FilePath: subtree/tree_ORTHOMCL256_Inner1.nexus\t LocalFilePath: /tmp/subtree/tree_ORTHOMCL256_Inner1.nexus\t FileSize: 187 bytes\t TransferDuration: 38.307081999960246 ms\n",
        "ingestionTime": 1735319111817,
        "eventId": "38698909258267897202038156202729457984029847674237747230"
    },
    {
        "logStreamName": "2024/12/27/[$LATEST]ce919c4caae743829ddc43221658b464",
        "timestamp": 1735319107710,
        "message": "FILE_TRANSFER RequestId: b2132c3e-11a7-48fe-8467-f70c1a35a8f6\t TransferType: consumed\t Action: download_from_s3\t FileName: tree_ORTHOMCL256_Inner2.nexus\t Bucket: denethor\t FilePath: subtree/tree_ORTHOMCL256_Inner2.nexus\t LocalFilePath: /tmp/subtree/tree_ORTHOMCL256_Inner2.nexus\t FileSize: 245 bytes\t TransferDuration: 40.49611300001743 ms\n",
        "ingestionTime": 1735319111817,
        "eventId": "38698909259182227755177911751532422433208430495982944287"
    },
    {
        "logStreamName": "2024/12/27/[$LATEST]ce919c4caae743829ddc43221658b464",
        "timestamp": 1735319107746,
        "message": "FILE_TRANSFER RequestId: b2132c3e-11a7-48fe-8467-f70c1a35a8f6\t TransferType: consumed\t Action: download_from_s3\t FileName: tree_ORTHOMCL256_Inner3.nexus\t Bucket: denethor\t FilePath: subtree/tree_ORTHOMCL256_Inner3.nexus\t LocalFilePath: /tmp/subtree/tree_ORTHOMCL256_Inner3.nexus\t FileSize: 301 bytes\t TransferDuration: 36.21753799995986 ms\n",
        "ingestionTime": 1735319111817,
        "eventId": "38698909259985054582325014184627708291023771510198239264"
    },
    {
        "logStreamName": "2024/12/27/[$LATEST]ce919c4caae743829ddc43221658b464",
        "timestamp": 1735319107786,
        "message": "FILE_TRANSFER RequestId: b2132c3e-11a7-48fe-8467-f70c1a35a8f6\t TransferType: consumed\t Action: download_from_s3\t FileName: tree_ORTHOMCL256_Inner4.nexus\t Bucket: denethor\t FilePath: subtree/tree_ORTHOMCL256_Inner4.nexus\t LocalFilePath: /tmp/subtree/tree_ORTHOMCL256_Inner4.nexus\t FileSize: 191 bytes\t TransferDuration: 40.4417160000321 ms\n",
        "ingestionTime": 1735319111817,
        "eventId": "38698909260877084390266239110289137021929705970437455905"
    },
    {
        "logStreamName": "2024/12/27/[$LATEST]ce919c4caae743829ddc43221658b464",
        "timestamp": 1735319107825,
        "message": "FILE_TRANSFER RequestId: b2132c3e-11a7-48fe-8467-f70c1a35a8f6\t TransferType: consumed\t Action: download_from_s3\t FileName: tree_ORTHOMCL256_Inner5.nexus\t Bucket: denethor\t FilePath: subtree/tree_ORTHOMCL256_Inner5.nexus\t LocalFilePath: /tmp/subtree/tree_ORTHOMCL256_Inner5.nexus\t FileSize: 421 bytes\t TransferDuration: 38.663322999923366 ms\n",
        "ingestionTime": 1735319111817,
        "eventId": "38698909261746813453008933412809030034562992069170692130"
    },
    {
        "logStreamName": "2024/12/27/[$LATEST]ce919c4caae743829ddc43221658b464",
        "timestamp": 1735319107861,
        "message": "FILE_TRANSFER RequestId: b2132c3e-11a7-48fe-8467-f70c1a35a8f6\t TransferType: consumed\t Action: download_from_s3\t FileName: tree_ORTHOMCL256_Inner6.nexus\t Bucket: denethor\t FilePath: subtree/tree_ORTHOMCL256_Inner6.nexus\t LocalFilePath: /tmp/subtree/tree_ORTHOMCL256_Inner6.nexus\t FileSize: 481 bytes\t TransferDuration: 35.84976199999801 ms\n",
        "ingestionTime": 1735319111817,
        "eventId": "38698909262549640280156035845904315892378333083385987107"
    },
    {
        "logStreamName": "2024/12/27/[$LATEST]ce919c4caae743829ddc43221658b464",
        "timestamp": 1735319107902,
        "message": "FILE_TRANSFER RequestId: b2132c3e-11a7-48fe-8467-f70c1a35a8f6\t TransferType: consumed\t Action: download_from_s3\t FileName: tree_ORTHOMCL256_Inner7.nexus\t Bucket: denethor\t FilePath: subtree/tree_ORTHOMCL256_Inner7.nexus\t LocalFilePath: /tmp/subtree/tree_ORTHOMCL256_Inner7.nexus\t FileSize: 539 bytes\t TransferDuration: 41.11345800004074 ms\n",
        "ingestionTime": 1735319111817,
        "eventId": "38698909263463970833295791394707280341556915905131184164"
    },
    {
        "logStreamName": "2024/12/27/[$LATEST]ce919c4caae743829ddc43221658b464",
        "timestamp": 1735319107939,
        "message": "FILE_TRANSFER RequestId: b2132c3e-11a7-48fe-8467-f70c1a35a8f6\t TransferType: consumed\t Action: download_from_s3\t FileName: tree_ORTHOMCL256_Inner8.nexus\t Bucket: denethor\t FilePath: subtree/tree_ORTHOMCL256_Inner8.nexus\t LocalFilePath: /tmp/subtree/tree_ORTHOMCL256_Inner8.nexus\t FileSize: 640 bytes\t TransferDuration: 36.73806799997692 ms\n",
        "ingestionTime": 1735319111817,
        "eventId": "38698909264289098405641424450944101917644905280852459557"
    },
    {
        "logStreamName": "2024/12/27/[$LATEST]ce919c4caae743829ddc43221658b464",
        "timestamp": 1735319107939,
        "message": "CONSUMED_FILES_INFO RequestId: b2132c3e-11a7-48fe-8467-f70c1a35a8f6\t FilesCount: 11 files\t FilesSize: 3714 bytes\t TransferDuration: 416.5407469999991 ms\t ConsumedFiles: ['tree_ORTHOMCL1_Inner1.nexus', 'tree_ORTHOMCL1_Inner2.nexus', 'tree_ORTHOMCL1_Inner3.nexus', 'tree_ORTHOMCL256_Inner1.nexus', 'tree_ORTHOMCL256_Inner2.nexus', 'tree_ORTHOMCL256_Inner3.nexus', 'tree_ORTHOMCL256_Inner4.nexus', 'tree_ORTHOMCL256_Inner5.nexus', 'tree_ORTHOMCL256_Inner6.nexus', 'tree_ORTHOMCL256_Inner7.nexus', 'tree_ORTHOMCL256_Inner8.nexus']\n",
        "ingestionTime": 1735319111817,
        "eventId": "38698909264289098405641424450944101917644905280852459558"
    },
    {
        "logStreamName": "2024/12/27/[$LATEST]ce919c4caae743829ddc43221658b464",
        "timestamp": 1735319107939,
        "message": "subtree_matrix: processing file tree_ORTHOMCL256_Inner1.nexus of ['tree_ORTHOMCL256_Inner1.nexus', 'tree_ORTHOMCL256_Inner2.nexus', 'tree_ORTHOMCL256_Inner3.nexus', 'tree_ORTHOMCL256_Inner4.nexus', 'tree_ORTHOMCL256_Inner5.nexus', 'tree_ORTHOMCL256_Inner6.nexus', 'tree_ORTHOMCL256_Inner7.nexus', 'tree_ORTHOMCL256_Inner8.nexus']\n",
        "ingestionTime": 1735319111817,
        "eventId": "38698909264289098405641424450944101917644905280852459559"
    },
    {
        "logStreamName": "2024/12/27/[$LATEST]ce919c4caae743829ddc43221658b464",
        "timestamp": 1735319107942,
        "message": "subtree_matrix: processing file tree_ORTHOMCL256_Inner2.nexus of ['tree_ORTHOMCL256_Inner1.nexus', 'tree_ORTHOMCL256_Inner2.nexus', 'tree_ORTHOMCL256_Inner3.nexus', 'tree_ORTHOMCL256_Inner4.nexus', 'tree_ORTHOMCL256_Inner5.nexus', 'tree_ORTHOMCL256_Inner6.nexus', 'tree_ORTHOMCL256_Inner7.nexus', 'tree_ORTHOMCL256_Inner8.nexus']\n",
        "ingestionTime": 1735319111817,
        "eventId": "38698909264356000641237016320368709072462850365370400808"
    },
    {
        "logStreamName": "2024/12/27/[$LATEST]ce919c4caae743829ddc43221658b464",
        "timestamp": 1735319107944,
        "message": "subtree_matrix: processing file tree_ORTHOMCL256_Inner3.nexus of ['tree_ORTHOMCL256_Inner1.nexus', 'tree_ORTHOMCL256_Inner2.nexus', 'tree_ORTHOMCL256_Inner3.nexus', 'tree_ORTHOMCL256_Inner4.nexus', 'tree_ORTHOMCL256_Inner5.nexus', 'tree_ORTHOMCL256_Inner6.nexus', 'tree_ORTHOMCL256_Inner7.nexus', 'tree_ORTHOMCL256_Inner8.nexus']\n",
        "ingestionTime": 1735319111817,
        "eventId": "38698909264400602131634077566651780509008147088382361641"
    },
    {
        "logStreamName": "2024/12/27/[$LATEST]ce919c4caae743829ddc43221658b464",
        "timestamp": 1735319107951,
        "message": "subtree_matrix: processing file tree_ORTHOMCL256_Inner4.nexus of ['tree_ORTHOMCL256_Inner1.nexus', 'tree_ORTHOMCL256_Inner2.nexus', 'tree_ORTHOMCL256_Inner3.nexus', 'tree_ORTHOMCL256_Inner4.nexus', 'tree_ORTHOMCL256_Inner5.nexus', 'tree_ORTHOMCL256_Inner6.nexus', 'tree_ORTHOMCL256_Inner7.nexus', 'tree_ORTHOMCL256_Inner8.nexus']\n",
        "ingestionTime": 1735319111817,
        "eventId": "38698909264556707348023791928642530536916685618924224554"
    },
    {
        "logStreamName": "2024/12/27/[$LATEST]ce919c4caae743829ddc43221658b464",
        "timestamp": 1735319107953,
        "message": "subtree_matrix: processing file tree_ORTHOMCL256_Inner5.nexus of ['tree_ORTHOMCL256_Inner1.nexus', 'tree_ORTHOMCL256_Inner2.nexus', 'tree_ORTHOMCL256_Inner3.nexus', 'tree_ORTHOMCL256_Inner4.nexus', 'tree_ORTHOMCL256_Inner5.nexus', 'tree_ORTHOMCL256_Inner6.nexus', 'tree_ORTHOMCL256_Inner7.nexus', 'tree_ORTHOMCL256_Inner8.nexus']\n",
        "ingestionTime": 1735319111817,
        "eventId": "38698909264601308838420853174925601973461982341936185387"
    },
    {
        "logStreamName": "2024/12/27/[$LATEST]ce919c4caae743829ddc43221658b464",
        "timestamp": 1735319107961,
        "message": "subtree_matrix: processing file tree_ORTHOMCL256_Inner6.nexus of ['tree_ORTHOMCL256_Inner1.nexus', 'tree_ORTHOMCL256_Inner2.nexus', 'tree_ORTHOMCL256_Inner3.nexus', 'tree_ORTHOMCL256_Inner4.nexus', 'tree_ORTHOMCL256_Inner5.nexus', 'tree_ORTHOMCL256_Inner6.nexus', 'tree_ORTHOMCL256_Inner7.nexus', 'tree_ORTHOMCL256_Inner8.nexus']\n",
        "ingestionTime": 1735319111817,
        "eventId": "38698909264779714800009098160057887719643169233984028716"
    },
    {
        "logStreamName": "2024/12/27/[$LATEST]ce919c4caae743829ddc43221658b464",
        "timestamp": 1735319107965,
        "message": "subtree_matrix: processing file tree_ORTHOMCL256_Inner7.nexus of ['tree_ORTHOMCL256_Inner1.nexus', 'tree_ORTHOMCL256_Inner2.nexus', 'tree_ORTHOMCL256_Inner3.nexus', 'tree_ORTHOMCL256_Inner4.nexus', 'tree_ORTHOMCL256_Inner5.nexus', 'tree_ORTHOMCL256_Inner6.nexus', 'tree_ORTHOMCL256_Inner7.nexus', 'tree_ORTHOMCL256_Inner8.nexus']\n",
        "ingestionTime": 1735319111817,
        "eventId": "38698909264868917780803220652624030592733762680007950381"
    },
    {
        "logStreamName": "2024/12/27/[$LATEST]ce919c4caae743829ddc43221658b464",
        "timestamp": 1735319107970,
        "message": "subtree_matrix: processing file tree_ORTHOMCL256_Inner8.nexus of ['tree_ORTHOMCL256_Inner1.nexus', 'tree_ORTHOMCL256_Inner2.nexus', 'tree_ORTHOMCL256_Inner3.nexus', 'tree_ORTHOMCL256_Inner4.nexus', 'tree_ORTHOMCL256_Inner5.nexus', 'tree_ORTHOMCL256_Inner6.nexus', 'tree_ORTHOMCL256_Inner7.nexus', 'tree_ORTHOMCL256_Inner8.nexus']\n",
        "ingestionTime": 1735319111817,
        "eventId": "38698909264980421506795873768331709184097004487537852462"
    },
    {
        "logStreamName": "2024/12/27/[$LATEST]ce919c4caae743829ddc43221658b464",
        "timestamp": 1735319107983,
        "message": "Tempo de construção do maf_database: 44.27608399998917 milissegundos\n",
        "ingestionTime": 1735319111817,
        "eventId": "38698909265270331194376771869171673521641433187115597871"
    },
    {
        "logStreamName": "2024/12/27/[$LATEST]ce919c4caae743829ddc43221658b464",
        "timestamp": 1735319107984,
        "message": "[INFO] 2024-12-27T17:05:07GMT MAF_DATABASE_CREATOR RequestId: b2132c3e-11a7-48fe-8467-f70c1a35a8f6\t Duration: 44.27608399998917 ms\t InputSubtrees: ['tree_ORTHOMCL256_Inner1.nexus', 'tree_ORTHOMCL256_Inner2.nexus', 'tree_ORTHOMCL256_Inner3.nexus', 'tree_ORTHOMCL256_Inner4.nexus', 'tree_ORTHOMCL256_Inner5.nexus', 'tree_ORTHOMCL256_Inner6.nexus', 'tree_ORTHOMCL256_Inner7.nexus', 'tree_ORTHOMCL256_Inner8.nexus']\t MafDatabaseFile: mafdb_98e1a0698cbb3ad22654b18daf794e4cacd094e1e043d17e253b37083af465ed.json\n",
        "ingestionTime": 1735319111817,
        "eventId": "38698909265292631939575302492313209239914081548621578288"
    },
    {
        "logStreamName": "2024/12/27/[$LATEST]ce919c4caae743829ddc43221658b464",
        "timestamp": 1735319107984,
        "message": "[INFO]\t2024-12-27T17:05:07.984Z\tb2132c3e-11a7-48fe-8467-f70c1a35a8f6\tMAF_DATABASE_CREATOR RequestId: b2132c3e-11a7-48fe-8467-f70c1a35a8f6\t Duration: 44.27608399998917 ms\t InputSubtrees: ['tree_ORTHOMCL256_Inner1.nexus', 'tree_ORTHOMCL256_Inner2.nexus', 'tree_ORTHOMCL256_Inner3.nexus', 'tree_ORTHOMCL256_Inner4.nexus', 'tree_ORTHOMCL256_Inner5.nexus', 'tree_ORTHOMCL256_Inner6.nexus', 'tree_ORTHOMCL256_Inner7.nexus', 'tree_ORTHOMCL256_Inner8.nexus']\t MafDatabaseFile: mafdb_98e1a0698cbb3ad22654b18daf794e4cacd094e1e043d17e253b37083af465ed.json\n",
        "ingestionTime": 1735319111817,
        "eventId": "38698909265292631939575302492313209239914081548621578289"
    },
    {
        "logStreamName": "2024/12/27/[$LATEST]ce919c4caae743829ddc43221658b464",
        "timestamp": 1735319108129,
        "message": "FILE_TRANSFER RequestId: b2132c3e-11a7-48fe-8467-f70c1a35a8f6\t TransferType: produced\t Action: upload_to_s3\t FileName: mafdb_98e1a0698cbb3ad22654b18daf794e4cacd094e1e043d17e253b37083af465ed.json\t Bucket: denethor\t FilePath: mafdb/mafdb_98e1a0698cbb3ad22654b18daf794e4cacd094e1e043d17e253b37083af465ed.json\t LocalFilePath: /tmp/mafdb/mafdb_98e1a0698cbb3ad22654b18daf794e4cacd094e1e043d17e253b37083af465ed.json\t FileSize: 396 bytes\t TransferDuration: 44.44325199995092 ms\n",
        "ingestionTime": 1735319111817,
        "eventId": "38698909268526239993362242847835888389448093966988738610"
    },
    {
        "logStreamName": "2024/12/27/[$LATEST]ce919c4caae743829ddc43221658b464",
        "timestamp": 1735319108129,
        "message": "PRODUCED_FILES_INFO RequestId: b2132c3e-11a7-48fe-8467-f70c1a35a8f6\t FilesCount: 1 files\t FilesSize: 396 bytes\t TransferDuration: 44.44325199995092 ms\t Provider: aws_lambda\t  ProducedFiles: ['mafdb_98e1a0698cbb3ad22654b18daf794e4cacd094e1e043d17e253b37083af465ed.json']\n",
        "ingestionTime": 1735319111817,
        "eventId": "38698909268526239993362242847835888389448093966988738611"
    },
    {
        "logStreamName": "2024/12/27/[$LATEST]ce919c4caae743829ddc43221658b464",
        "timestamp": 1735319108130,
        "message": "END RequestId: b2132c3e-11a7-48fe-8467-f70c1a35a8f6\n",
        "ingestionTime": 1735319111817,
        "eventId": "38698909268548540738560773470977424107720742328494719028"
    },
    {
        "logStreamName": "2024/12/27/[$LATEST]ce919c4caae743829ddc43221658b464",
        "timestamp": 1735319108130,
        "message": "REPORT RequestId: b2132c3e-11a7-48fe-8467-f70c1a35a8f6\tDuration: 608.61 ms\tBilled Duration: 609 ms\tMemory Size: 1024 MB\tMax Memory Used: 105 MB\t\n",
        "ingestionTime": 1735319111817,
        "eventId": "38698909268548540738560773470977424107720742328494719029"
    }
]