[
    {
        "logStreamName": "2024/11/01/[$LATEST]77d8e25f82f147a7b6a464f88a6a2628",
        "timestamp": 1730474117691,
        "message": "INIT_START Runtime Version: python:3.10.v44\tRuntime Version ARN: arn:aws:lambda:sa-east-1::runtime:76741dae0c08864e3cd3eb9ace8d0c3c3ac08b28fdd9ff64215e1526f3f28fdb\n",
        "ingestionTime": 1730474125004,
        "eventId": "38590862371279084712585463542515617370890183110233030656"
    },
    {
        "logStreamName": "2024/11/01/[$LATEST]77d8e25f82f147a7b6a464f88a6a2628",
        "timestamp": 1730474118310,
        "message": "START RequestId: e0632466-024f-4e15-ae20-a690fb2e1b44 Version: $LATEST\n",
        "ingestionTime": 1730474125004,
        "eventId": "38590862385083245990475919267126226981659518882434908161"
    },
    {
        "logStreamName": "2024/11/01/[$LATEST]77d8e25f82f147a7b6a464f88a6a2628",
        "timestamp": 1730474118311,
        "message": "[INFO] 2024-11-01T15:15:18GMT [ENV_INFO] env_name: aws_lambda | current_time: 2024-11-01T15:15:18.311075+00:00 | pwd: /var/task\n",
        "ingestionTime": 1730474125004,
        "eventId": "38590862385105546735674449890267762699932167243940888578"
    },
    {
        "logStreamName": "2024/11/01/[$LATEST]77d8e25f82f147a7b6a464f88a6a2628",
        "timestamp": 1730474118311,
        "message": "[INFO]\t2024-11-01T15:15:18.311Z\te0632466-024f-4e15-ae20-a690fb2e1b44\t[ENV_INFO] env_name: aws_lambda | current_time: 2024-11-01T15:15:18.311075+00:00 | pwd: /var/task\n",
        "ingestionTime": 1730474125004,
        "eventId": "38590862385105546735674449890267762699932167243940888579"
    },
    {
        "logStreamName": "2024/11/01/[$LATEST]77d8e25f82f147a7b6a464f88a6a2628",
        "timestamp": 1730474118311,
        "message": "[INFO] 2024-11-01T15:15:18GMT [ENV_INFO] env_name: aws_lambda\n",
        "ingestionTime": 1730474125004,
        "eventId": "38590862385105546735674449890267762699932167243940888580"
    },
    {
        "logStreamName": "2024/11/01/[$LATEST]77d8e25f82f147a7b6a464f88a6a2628",
        "timestamp": 1730474118311,
        "message": "[INFO]\t2024-11-01T15:15:18.311Z\te0632466-024f-4e15-ae20-a690fb2e1b44\t[ENV_INFO] env_name: aws_lambda\n",
        "ingestionTime": 1730474125004,
        "eventId": "38590862385105546735674449890267762699932167243940888581"
    },
    {
        "logStreamName": "2024/11/01/[$LATEST]77d8e25f82f147a7b6a464f88a6a2628",
        "timestamp": 1730474118311,
        "message": "[INFO] 2024-11-01T15:15:18GMT [ENV_INFO] data_format: nexus\n",
        "ingestionTime": 1730474125004,
        "eventId": "38590862385105546735674449890267762699932167243940888582"
    },
    {
        "logStreamName": "2024/11/01/[$LATEST]77d8e25f82f147a7b6a464f88a6a2628",
        "timestamp": 1730474118311,
        "message": "[INFO]\t2024-11-01T15:15:18.311Z\te0632466-024f-4e15-ae20-a690fb2e1b44\t[ENV_INFO] data_format: nexus\n",
        "ingestionTime": 1730474125004,
        "eventId": "38590862385105546735674449890267762699932167243940888583"
    },
    {
        "logStreamName": "2024/11/01/[$LATEST]77d8e25f82f147a7b6a464f88a6a2628",
        "timestamp": 1730474118311,
        "message": "[INFO] 2024-11-01T15:15:18GMT [ENV_INFO] path_config: {'input_file': '/tmp/input', 'tmp': '/tmp', 'tree': '/tmp/tree', 'subtree': '/tmp/subtree', 'mafdb': '/tmp/mafdb', 'clustalw': '/opt/python/clustalw-2.1-linux'}\n",
        "ingestionTime": 1730474125004,
        "eventId": "38590862385105546735674449890267762699932167243940888584"
    },
    {
        "logStreamName": "2024/11/01/[$LATEST]77d8e25f82f147a7b6a464f88a6a2628",
        "timestamp": 1730474118311,
        "message": "[INFO]\t2024-11-01T15:15:18.311Z\te0632466-024f-4e15-ae20-a690fb2e1b44\t[ENV_INFO] path_config: {'input_file': '/tmp/input', 'tmp': '/tmp', 'tree': '/tmp/tree', 'subtree': '/tmp/subtree', 'mafdb': '/tmp/mafdb', 'clustalw': '/opt/python/clustalw-2.1-linux'}\n",
        "ingestionTime": 1730474125004,
        "eventId": "38590862385105546735674449890267762699932167243940888585"
    },
    {
        "logStreamName": "2024/11/01/[$LATEST]77d8e25f82f147a7b6a464f88a6a2628",
        "timestamp": 1730474118311,
        "message": "[INFO] 2024-11-01T15:15:18GMT [ENV_INFO] bucket_config: {'bucket_name': 'denethor', 'key_input_files': 'data/full_dataset', 'key_tree_files': 'tree', 'key_subtree_files': 'subtree', 'key_mafdb_files': 'mafdb'}\n",
        "ingestionTime": 1730474125004,
        "eventId": "38590862385105546735674449890267762699932167243940888586"
    },
    {
        "logStreamName": "2024/11/01/[$LATEST]77d8e25f82f147a7b6a464f88a6a2628",
        "timestamp": 1730474118311,
        "message": "[INFO]\t2024-11-01T15:15:18.311Z\te0632466-024f-4e15-ae20-a690fb2e1b44\t[ENV_INFO] bucket_config: {'bucket_name': 'denethor', 'key_input_files': 'data/full_dataset', 'key_tree_files': 'tree', 'key_subtree_files': 'subtree', 'key_mafdb_files': 'mafdb'}\n",
        "ingestionTime": 1730474125004,
        "eventId": "38590862385105546735674449890267762699932167243940888587"
    },
    {
        "logStreamName": "2024/11/01/[$LATEST]77d8e25f82f147a7b6a464f88a6a2628",
        "timestamp": 1730474118311,
        "message": "[INFO] 2024-11-01T15:15:18GMT [ENV_INFO] log_config: {'output_type': 'stdout', 'path': 'resources/logs/aws', 'file_name': 'log_[execution_id]_[activity_name].log'}\n",
        "ingestionTime": 1730474125004,
        "eventId": "38590862385105546735674449890267762699932167243940888588"
    },
    {
        "logStreamName": "2024/11/01/[$LATEST]77d8e25f82f147a7b6a464f88a6a2628",
        "timestamp": 1730474118311,
        "message": "[INFO]\t2024-11-01T15:15:18.311Z\te0632466-024f-4e15-ae20-a690fb2e1b44\t[ENV_INFO] log_config: {'output_type': 'stdout', 'path': 'resources/logs/aws', 'file_name': 'log_[execution_id]_[activity_name].log'}\n",
        "ingestionTime": 1730474125004,
        "eventId": "38590862385105546735674449890267762699932167243940888589"
    },
    {
        "logStreamName": "2024/11/01/[$LATEST]77d8e25f82f147a7b6a464f88a6a2628",
        "timestamp": 1730474118319,
        "message": "Directory /tmp/mafdb was created!\n",
        "ingestionTime": 1730474125004,
        "eventId": "38590862385283952697262694875400048446113354135988731918"
    },
    {
        "logStreamName": "2024/11/01/[$LATEST]77d8e25f82f147a7b6a464f88a6a2628",
        "timestamp": 1730474121359,
        "message": "FILE_TRANSFER RequestId: e0632466-024f-4e15-ae20-a690fb2e1b44\t TransferType: consumed\t FileName: mafdb_6f7a2b1116e6a791f68a03367473294792b679a6357b6789f3f993b1f83e2e80.json\t Bucket: denethor\t FilePath: mafdb/mafdb_6f7a2b1116e6a791f68a03367473294792b679a6357b6789f3f993b1f83e2e80.json\t LocalFilePath: /tmp/mafdb/mafdb_6f7a2b1116e6a791f68a03367473294792b679a6357b6789f3f993b1f83e2e80.json\t FileSize: 185 bytes\t TransferDuration: 3039.8810819999935 ms\n",
        "ingestionTime": 1730474125004,
        "eventId": "38590862453078218100795789225668631994964373114169196559"
    },
    {
        "logStreamName": "2024/11/01/[$LATEST]77d8e25f82f147a7b6a464f88a6a2628",
        "timestamp": 1730474121779,
        "message": "FILE_TRANSFER RequestId: e0632466-024f-4e15-ae20-a690fb2e1b44\t TransferType: consumed\t FileName: mafdb_98e1a0698cbb3ad22654b18daf794e4cacd094e1e043d17e253b37083af465ed.json\t Bucket: denethor\t FilePath: mafdb/mafdb_98e1a0698cbb3ad22654b18daf794e4cacd094e1e043d17e253b37083af465ed.json\t LocalFilePath: /tmp/mafdb/mafdb_98e1a0698cbb3ad22654b18daf794e4cacd094e1e043d17e253b37083af465ed.json\t FileSize: 396 bytes\t TransferDuration: 418.89889899999844 ms\n",
        "ingestionTime": 1730474125004,
        "eventId": "38590862462444531084178650945113633669476684946680971280"
    },
    {
        "logStreamName": "2024/11/01/[$LATEST]77d8e25f82f147a7b6a464f88a6a2628",
        "timestamp": 1730474121780,
        "message": "CONSUMED_FILES_INFO RequestId: e0632466-024f-4e15-ae20-a690fb2e1b44\t FilesCount: 2 files\t FilesSize: 581 bytes\t TransferDuration: 3458.779980999992 ms\t ConsumedFiles: ['mafdb_6f7a2b1116e6a791f68a03367473294792b679a6357b6789f3f993b1f83e2e80.json', 'mafdb_98e1a0698cbb3ad22654b18daf794e4cacd094e1e043d17e253b37083af465ed.json']\n",
        "ingestionTime": 1730474125004,
        "eventId": "38590862462466831829377181568255169387749333308186951697"
    },
    {
        "logStreamName": "2024/11/01/[$LATEST]77d8e25f82f147a7b6a464f88a6a2628",
        "timestamp": 1730474121781,
        "message": "[INFO] 2024-11-01T15:15:21GMT MAF_DATABASE_AGGREGATOR RequestId: e0632466-024f-4e15-ae20-a690fb2e1b44\t Duration: 0.3605740000054425 ms\t InputLength: 2\t MaxMaf: 0\t MafDatabase: {}\n",
        "ingestionTime": 1730474125004,
        "eventId": "38590862462489132574575712191396705106021981669692932114"
    },
    {
        "logStreamName": "2024/11/01/[$LATEST]77d8e25f82f147a7b6a464f88a6a2628",
        "timestamp": 1730474121781,
        "message": "[INFO]\t2024-11-01T15:15:21.781Z\te0632466-024f-4e15-ae20-a690fb2e1b44\tMAF_DATABASE_AGGREGATOR RequestId: e0632466-024f-4e15-ae20-a690fb2e1b44\t Duration: 0.3605740000054425 ms\t InputLength: 2\t MaxMaf: 0\t MafDatabase: {}\n",
        "ingestionTime": 1730474125004,
        "eventId": "38590862462489132574575712191396705106021981669692932115"
    },
    {
        "logStreamName": "2024/11/01/[$LATEST]77d8e25f82f147a7b6a464f88a6a2628",
        "timestamp": 1730474122140,
        "message": "FILE_TRANSFER RequestId: e0632466-024f-4e15-ae20-a690fb2e1b44\t TransferType: produced\t FileName: mafdb_45cbc9bc03b36072876f03fb879a229fd9bd3bfaea1682dcf885c349b07fdac6.json\t Bucket: denethor\t FilePath: mafdb/mafdb_45cbc9bc03b36072876f03fb879a229fd9bd3bfaea1682dcf885c349b07fdac6.json\t LocalFilePath: /tmp/mafdb/mafdb_45cbc9bc03b36072876f03fb879a229fd9bd3bfaea1682dcf885c349b07fdac6.json\t FileSize: 597 bytes\t TransferDuration: 357.95502899999576 ms\n",
        "ingestionTime": 1730474125004,
        "eventId": "38590862470495100100848205899208027965902743450339901460"
    },
    {
        "logStreamName": "2024/11/01/[$LATEST]77d8e25f82f147a7b6a464f88a6a2628",
        "timestamp": 1730474122140,
        "message": "PRODUCED_FILES_INFO RequestId: e0632466-024f-4e15-ae20-a690fb2e1b44\t FilesCount: 1 files\t FilesSize: 597 bytes\t TransferDuration: 357.95502899999576 ms\t ProducedFiles: ['mafdb_45cbc9bc03b36072876f03fb879a229fd9bd3bfaea1682dcf885c349b07fdac6.json']\n",
        "ingestionTime": 1730474125004,
        "eventId": "38590862470495100100848205899208027965902743450339901461"
    },
    {
        "logStreamName": "2024/11/01/[$LATEST]77d8e25f82f147a7b6a464f88a6a2628",
        "timestamp": 1730474122159,
        "message": "END RequestId: e0632466-024f-4e15-ae20-a690fb2e1b44\n",
        "ingestionTime": 1730474125004,
        "eventId": "38590862470918814259620287738897206613083062318953529366"
    },
    {
        "logStreamName": "2024/11/01/[$LATEST]77d8e25f82f147a7b6a464f88a6a2628",
        "timestamp": 1730474122159,
        "message": "REPORT RequestId: e0632466-024f-4e15-ae20-a690fb2e1b44\tDuration: 3849.33 ms\tBilled Duration: 3850 ms\tMemory Size: 128 MB\tMax Memory Used: 107 MB\tInit Duration: 617.95 ms\t\n",
        "ingestionTime": 1730474125004,
        "eventId": "38590862470918814259620287738897206613083062318953529367"
    }
]