[
    {
        "logStreamName": "2025/04/25/[$LATEST]91035ecbd1c94cbdb48d6f8714a12edb",
        "timestamp": 1745573191930,
        "message": "INIT_START Runtime Version: python:3.10.v64\tRuntime Version ARN: arn:aws:lambda:sa-east-1::runtime:d56bdc8857b2109a058de2ab50bfb80ac2aa600be6f7855a436859944e5fe54b\n",
        "ingestionTime": 1745573197355,
        "eventId": "38927582978616721385132696415602068654652410326034022400"
    },
    {
        "logStreamName": "2025/04/25/[$LATEST]91035ecbd1c94cbdb48d6f8714a12edb",
        "timestamp": 1745573192678,
        "message": "START RequestId: a0688cdc-461a-40f7-9a98-2fdea92f94da Version: $LATEST\n",
        "ingestionTime": 1745573197355,
        "eventId": "38927582995297678793633602525470785922593384732507373569"
    },
    {
        "logStreamName": "2025/04/25/[$LATEST]91035ecbd1c94cbdb48d6f8714a12edb",
        "timestamp": 1745573192679,
        "message": "Directory /tmp/mafdb was created!\n",
        "ingestionTime": 1745573197355,
        "eventId": "38927582995319979538832133148612321640866033094013353986"
    },
    {
        "logStreamName": "2025/04/25/[$LATEST]91035ecbd1c94cbdb48d6f8714a12edb",
        "timestamp": 1745573192764,
        "message": "FILE_TRANSFER RequestId: a0688cdc-461a-40f7-9a98-2fdea92f94da\t TransferType: consumed\t Action: download_from_s3\t FileName: mafdb_6f7a2b1116e6a791f68a03367473294792b679a6357b6789f3f993b1f83e2e80.json\t Bucket: denethor\t FilePath: mafdb/mafdb_6f7a2b1116e6a791f68a03367473294792b679a6357b6789f3f993b1f83e2e80.json\t LocalFilePath: /tmp/mafdb/mafdb_6f7a2b1116e6a791f68a03367473294792b679a6357b6789f3f993b1f83e2e80.json\t FileSize: 185 bytes\t TransferDuration: 85.53785100002642 ms\n",
        "ingestionTime": 1745573197355,
        "eventId": "38927582997215542880707236115642857694041143822021689347"
    },
    {
        "logStreamName": "2025/04/25/[$LATEST]91035ecbd1c94cbdb48d6f8714a12edb",
        "timestamp": 1745573192812,
        "message": "FILE_TRANSFER RequestId: a0688cdc-461a-40f7-9a98-2fdea92f94da\t TransferType: consumed\t Action: download_from_s3\t FileName: mafdb_54d8ddd695de385cbe16742ebc6fdcb479cd2b8e3c0cd457826222c83fe6bb7c.json\t Bucket: denethor\t FilePath: mafdb/mafdb_54d8ddd695de385cbe16742ebc6fdcb479cd2b8e3c0cd457826222c83fe6bb7c.json\t LocalFilePath: /tmp/mafdb/mafdb_54d8ddd695de385cbe16742ebc6fdcb479cd2b8e3c0cd457826222c83fe6bb7c.json\t FileSize: 5180 bytes\t TransferDuration: 47.766260999878796 ms\n",
        "ingestionTime": 1745573197355,
        "eventId": "38927582998285978650236706026436572171128265174308749316"
    },
    {
        "logStreamName": "2025/04/25/[$LATEST]91035ecbd1c94cbdb48d6f8714a12edb",
        "timestamp": 1745573192861,
        "message": "FILE_TRANSFER RequestId: a0688cdc-461a-40f7-9a98-2fdea92f94da\t TransferType: consumed\t Action: download_from_s3\t FileName: mafdb_1f6ccfc97b000b314f6a6c7e2582a4263b17ffc061fef38bd3c9a63fa631759f.json\t Bucket: denethor\t FilePath: mafdb/mafdb_1f6ccfc97b000b314f6a6c7e2582a4263b17ffc061fef38bd3c9a63fa631759f.json\t LocalFilePath: /tmp/mafdb/mafdb_1f6ccfc97b000b314f6a6c7e2582a4263b17ffc061fef38bd3c9a63fa631759f.json\t FileSize: 5134 bytes\t TransferDuration: 48.96508299998459 ms\n",
        "ingestionTime": 1745573197355,
        "eventId": "38927582999378715164964706560371822366488034888101789701"
    },
    {
        "logStreamName": "2025/04/25/[$LATEST]91035ecbd1c94cbdb48d6f8714a12edb",
        "timestamp": 1745573192897,
        "message": "FILE_TRANSFER RequestId: a0688cdc-461a-40f7-9a98-2fdea92f94da\t TransferType: consumed\t Action: download_from_s3\t FileName: mafdb_bd5d862db8f1d6b261aaeb3b8ecb83d67004ffb7524cb75c5f1f8454224f7c91.json\t Bucket: denethor\t FilePath: mafdb/mafdb_bd5d862db8f1d6b261aaeb3b8ecb83d67004ffb7524cb75c5f1f8454224f7c91.json\t LocalFilePath: /tmp/mafdb/mafdb_bd5d862db8f1d6b261aaeb3b8ecb83d67004ffb7524cb75c5f1f8454224f7c91.json\t FileSize: 355 bytes\t TransferDuration: 35.82129799997347 ms\n",
        "ingestionTime": 1745573197355,
        "eventId": "38927583000181541992111808993467108224303375902317084678"
    },
    {
        "logStreamName": "2025/04/25/[$LATEST]91035ecbd1c94cbdb48d6f8714a12edb",
        "timestamp": 1745573192947,
        "message": "FILE_TRANSFER RequestId: a0688cdc-461a-40f7-9a98-2fdea92f94da\t TransferType: consumed\t Action: download_from_s3\t FileName: mafdb_861b6fcf310a5a4a01036477cd0e28e972c4aa89be1fcccfc0eab6cd45e9fd74.json\t Bucket: denethor\t FilePath: mafdb/mafdb_861b6fcf310a5a4a01036477cd0e28e972c4aa89be1fcccfc0eab6cd45e9fd74.json\t LocalFilePath: /tmp/mafdb/mafdb_861b6fcf310a5a4a01036477cd0e28e972c4aa89be1fcccfc0eab6cd45e9fd74.json\t FileSize: 355 bytes\t TransferDuration: 49.88796399993589 ms\n",
        "ingestionTime": 1745573197355,
        "eventId": "38927583001296579252038340150543894137935793977616105479"
    },
    {
        "logStreamName": "2025/04/25/[$LATEST]91035ecbd1c94cbdb48d6f8714a12edb",
        "timestamp": 1745573193008,
        "message": "FILE_TRANSFER RequestId: a0688cdc-461a-40f7-9a98-2fdea92f94da\t TransferType: consumed\t Action: download_from_s3\t FileName: mafdb_7d398773bfc3e4435be56d8711457fd7fc190e97e32d7ec51a8a702e16118c4d.json\t Bucket: denethor\t FilePath: mafdb/mafdb_7d398773bfc3e4435be56d8711457fd7fc190e97e32d7ec51a8a702e16118c4d.json\t LocalFilePath: /tmp/mafdb/mafdb_7d398773bfc3e4435be56d8711457fd7fc190e97e32d7ec51a8a702e16118c4d.json\t FileSize: 355 bytes\t TransferDuration: 57.938148999937766 ms\n",
        "ingestionTime": 1745573197355,
        "eventId": "38927583002656924709148708162177572952567344029480910856"
    },
    {
        "logStreamName": "2025/04/25/[$LATEST]91035ecbd1c94cbdb48d6f8714a12edb",
        "timestamp": 1745573193058,
        "message": "FILE_TRANSFER RequestId: a0688cdc-461a-40f7-9a98-2fdea92f94da\t TransferType: consumed\t Action: download_from_s3\t FileName: mafdb_c451a256436a5fc45a562eaf2fead8dd42917b32894e636d2b705f5405224a88.json\t Bucket: denethor\t FilePath: mafdb/mafdb_c451a256436a5fc45a562eaf2fead8dd42917b32894e636d2b705f5405224a88.json\t LocalFilePath: /tmp/mafdb/mafdb_c451a256436a5fc45a562eaf2fead8dd42917b32894e636d2b705f5405224a88.json\t FileSize: 355 bytes\t TransferDuration: 53.0960099999902 ms\n",
        "ingestionTime": 1745573197355,
        "eventId": "38927583003771961969075239319254358866199762104779931657"
    },
    {
        "logStreamName": "2025/04/25/[$LATEST]91035ecbd1c94cbdb48d6f8714a12edb",
        "timestamp": 1745573193102,
        "message": "FILE_TRANSFER RequestId: a0688cdc-461a-40f7-9a98-2fdea92f94da\t TransferType: consumed\t Action: download_from_s3\t FileName: mafdb_7511017a4e93687a5be47b55aa4c08eff48c283a8153f5e070747057ad693f80.json\t Bucket: denethor\t FilePath: mafdb/mafdb_7511017a4e93687a5be47b55aa4c08eff48c283a8153f5e070747057ad693f80.json\t LocalFilePath: /tmp/mafdb/mafdb_7511017a4e93687a5be47b55aa4c08eff48c283a8153f5e070747057ad693f80.json\t FileSize: 314 bytes\t TransferDuration: 43.675183000004836 ms\n",
        "ingestionTime": 1745573197355,
        "eventId": "38927583004753194757810586737481930470196290011043069962"
    },
    {
        "logStreamName": "2025/04/25/[$LATEST]91035ecbd1c94cbdb48d6f8714a12edb",
        "timestamp": 1745573193140,
        "message": "FILE_TRANSFER RequestId: a0688cdc-461a-40f7-9a98-2fdea92f94da\t TransferType: consumed\t Action: download_from_s3\t FileName: mafdb_3891ae3bc299950ca7a78c4d495828659f2cb320e0641ad8c6bfc4ced2d8e2b0.json\t Bucket: denethor\t FilePath: mafdb/mafdb_3891ae3bc299950ca7a78c4d495828659f2cb320e0641ad8c6bfc4ced2d8e2b0.json\t LocalFilePath: /tmp/mafdb/mafdb_3891ae3bc299950ca7a78c4d495828659f2cb320e0641ad8c6bfc4ced2d8e2b0.json\t FileSize: 355 bytes\t TransferDuration: 37.9745019999973 ms\n",
        "ingestionTime": 1745573197355,
        "eventId": "38927583005600623075354750416860287764556927748270325771"
    },
    {
        "logStreamName": "2025/04/25/[$LATEST]91035ecbd1c94cbdb48d6f8714a12edb",
        "timestamp": 1745573193179,
        "message": "FILE_TRANSFER RequestId: a0688cdc-461a-40f7-9a98-2fdea92f94da\t TransferType: consumed\t Action: download_from_s3\t FileName: mafdb_58aa863a1439bf886daca0713239dba1882676aea5266e0af5bebad97529db92.json\t Bucket: denethor\t FilePath: mafdb/mafdb_58aa863a1439bf886daca0713239dba1882676aea5266e0af5bebad97529db92.json\t LocalFilePath: /tmp/mafdb/mafdb_58aa863a1439bf886daca0713239dba1882676aea5266e0af5bebad97529db92.json\t FileSize: 314 bytes\t TransferDuration: 38.51165299988679 ms\n",
        "ingestionTime": 1745573197355,
        "eventId": "38927583006470352138097444719380180777190213847003561996"
    },
    {
        "logStreamName": "2025/04/25/[$LATEST]91035ecbd1c94cbdb48d6f8714a12edb",
        "timestamp": 1745573193215,
        "message": "FILE_TRANSFER RequestId: a0688cdc-461a-40f7-9a98-2fdea92f94da\t TransferType: consumed\t Action: download_from_s3\t FileName: mafdb_c1f206b6efa75e1df509578ad4d9fb9ea330d34e7283ccf9d6ad80fdedf66b9a.json\t Bucket: denethor\t FilePath: mafdb/mafdb_c1f206b6efa75e1df509578ad4d9fb9ea330d34e7283ccf9d6ad80fdedf66b9a.json\t LocalFilePath: /tmp/mafdb/mafdb_c1f206b6efa75e1df509578ad4d9fb9ea330d34e7283ccf9d6ad80fdedf66b9a.json\t FileSize: 314 bytes\t TransferDuration: 36.451538999926925 ms\n",
        "ingestionTime": 1745573197355,
        "eventId": "38927583007273178965244547152475466635005554861218856973"
    },
    {
        "logStreamName": "2025/04/25/[$LATEST]91035ecbd1c94cbdb48d6f8714a12edb",
        "timestamp": 1745573193253,
        "message": "FILE_TRANSFER RequestId: a0688cdc-461a-40f7-9a98-2fdea92f94da\t TransferType: consumed\t Action: download_from_s3\t FileName: mafdb_c3c2025f352d34b4b79a48619176577388b06f30619772ddea31df49ee988aff.json\t Bucket: denethor\t FilePath: mafdb/mafdb_c3c2025f352d34b4b79a48619176577388b06f30619772ddea31df49ee988aff.json\t LocalFilePath: /tmp/mafdb/mafdb_c3c2025f352d34b4b79a48619176577388b06f30619772ddea31df49ee988aff.json\t FileSize: 314 bytes\t TransferDuration: 38.02933099996153 ms\n",
        "ingestionTime": 1745573197355,
        "eventId": "38927583008120607282788710831853823929366192598446112782"
    },
    {
        "logStreamName": "2025/04/25/[$LATEST]91035ecbd1c94cbdb48d6f8714a12edb",
        "timestamp": 1745573193296,
        "message": "FILE_TRANSFER RequestId: a0688cdc-461a-40f7-9a98-2fdea92f94da\t TransferType: consumed\t Action: download_from_s3\t FileName: mafdb_c5b5a3a4bd54a110140df77527325958d257fc9b669bca89b332593540c1dc20.json\t Bucket: denethor\t FilePath: mafdb/mafdb_c5b5a3a4bd54a110140df77527325958d257fc9b669bca89b332593540c1dc20.json\t LocalFilePath: /tmp/mafdb/mafdb_c5b5a3a4bd54a110140df77527325958d257fc9b669bca89b332593540c1dc20.json\t FileSize: 273 bytes\t TransferDuration: 42.928610999979355 ms\n",
        "ingestionTime": 1745573197355,
        "eventId": "38927583009079539326325527626939859815090072143203270671"
    },
    {
        "logStreamName": "2025/04/25/[$LATEST]91035ecbd1c94cbdb48d6f8714a12edb",
        "timestamp": 1745573193357,
        "message": "FILE_TRANSFER RequestId: a0688cdc-461a-40f7-9a98-2fdea92f94da\t TransferType: consumed\t Action: download_from_s3\t FileName: mafdb_51e18dc31f0c330513b45085a52c5ecd1e4a0a9130d2805a71368f1cbe17f65e.json\t Bucket: denethor\t FilePath: mafdb/mafdb_51e18dc31f0c330513b45085a52c5ecd1e4a0a9130d2805a71368f1cbe17f65e.json\t LocalFilePath: /tmp/mafdb/mafdb_51e18dc31f0c330513b45085a52c5ecd1e4a0a9130d2805a71368f1cbe17f65e.json\t FileSize: 314 bytes\t TransferDuration: 60.63347500003147 ms\n",
        "ingestionTime": 1745573197355,
        "eventId": "38927583010439884783435895638573538629721622195068076048"
    },
    {
        "logStreamName": "2025/04/25/[$LATEST]91035ecbd1c94cbdb48d6f8714a12edb",
        "timestamp": 1745573193400,
        "message": "FILE_TRANSFER RequestId: a0688cdc-461a-40f7-9a98-2fdea92f94da\t TransferType: consumed\t Action: download_from_s3\t FileName: mafdb_95cfb922ebd546f21edcc627a60ea2a6235550bbba3696739fcaca409f1a0232.json\t Bucket: denethor\t FilePath: mafdb/mafdb_95cfb922ebd546f21edcc627a60ea2a6235550bbba3696739fcaca409f1a0232.json\t LocalFilePath: /tmp/mafdb/mafdb_95cfb922ebd546f21edcc627a60ea2a6235550bbba3696739fcaca409f1a0232.json\t FileSize: 273 bytes\t TransferDuration: 42.734399999972084 ms\n",
        "ingestionTime": 1745573197355,
        "eventId": "38927583011398816826972712433659574515445501739825233937"
    },
    {
        "logStreamName": "2025/04/25/[$LATEST]91035ecbd1c94cbdb48d6f8714a12edb",
        "timestamp": 1745573193453,
        "message": "FILE_TRANSFER RequestId: a0688cdc-461a-40f7-9a98-2fdea92f94da\t TransferType: consumed\t Action: download_from_s3\t FileName: mafdb_783d326a98c97c227099cd46e1eb2739e8954c844e628390759f21e7b4e19db0.json\t Bucket: denethor\t FilePath: mafdb/mafdb_783d326a98c97c227099cd46e1eb2739e8954c844e628390759f21e7b4e19db0.json\t LocalFilePath: /tmp/mafdb/mafdb_783d326a98c97c227099cd46e1eb2739e8954c844e628390759f21e7b4e19db0.json\t FileSize: 273 bytes\t TransferDuration: 53.37478100000226 ms\n",
        "ingestionTime": 1745573197355,
        "eventId": "38927583012580756322494835460160967583895864899642195986"
    },
    {
        "logStreamName": "2025/04/25/[$LATEST]91035ecbd1c94cbdb48d6f8714a12edb",
        "timestamp": 1745573193499,
        "message": "FILE_TRANSFER RequestId: a0688cdc-461a-40f7-9a98-2fdea92f94da\t TransferType: consumed\t Action: download_from_s3\t FileName: mafdb_e7fcb374868f23c5b66908ff13d437f525bdef064d3f7604b08f9b68087e91c4.json\t Bucket: denethor\t FilePath: mafdb/mafdb_e7fcb374868f23c5b66908ff13d437f525bdef064d3f7604b08f9b68087e91c4.json\t LocalFilePath: /tmp/mafdb/mafdb_e7fcb374868f23c5b66908ff13d437f525bdef064d3f7604b08f9b68087e91c4.json\t FileSize: 273 bytes\t TransferDuration: 46.332276999919486 ms\n",
        "ingestionTime": 1745573197355,
        "eventId": "38927583013606590601627244124671610624437689528917295123"
    },
    {
        "logStreamName": "2025/04/25/[$LATEST]91035ecbd1c94cbdb48d6f8714a12edb",
        "timestamp": 1745573193550,
        "message": "FILE_TRANSFER RequestId: a0688cdc-461a-40f7-9a98-2fdea92f94da\t TransferType: consumed\t Action: download_from_s3\t FileName: mafdb_bdf7b87e05be228017da27afd5fd158ebe4fcf138008526635b8bcdbe380f328.json\t Bucket: denethor\t FilePath: mafdb/mafdb_bdf7b87e05be228017da27afd5fd158ebe4fcf138008526635b8bcdbe380f328.json\t LocalFilePath: /tmp/mafdb/mafdb_bdf7b87e05be228017da27afd5fd158ebe4fcf138008526635b8bcdbe380f328.json\t FileSize: 273 bytes\t TransferDuration: 50.717276000114 ms\n",
        "ingestionTime": 1745573197355,
        "eventId": "38927583014743928606752305904889932256342755965722296340"
    },
    {
        "logStreamName": "2025/04/25/[$LATEST]91035ecbd1c94cbdb48d6f8714a12edb",
        "timestamp": 1745573193593,
        "message": "FILE_TRANSFER RequestId: a0688cdc-461a-40f7-9a98-2fdea92f94da\t TransferType: consumed\t Action: download_from_s3\t FileName: mafdb_1d419943bc17a86fe648d8caad874862360b7c73c08c99b7c26040bc9939b002.json\t Bucket: denethor\t FilePath: mafdb/mafdb_1d419943bc17a86fe648d8caad874862360b7c73c08c99b7c26040bc9939b002.json\t LocalFilePath: /tmp/mafdb/mafdb_1d419943bc17a86fe648d8caad874862360b7c73c08c99b7c26040bc9939b002.json\t FileSize: 273 bytes\t TransferDuration: 42.98263200007568 ms\n",
        "ingestionTime": 1745573197355,
        "eventId": "38927583015702860650289122699975968142066635510479454229"
    },
    {
        "logStreamName": "2025/04/25/[$LATEST]91035ecbd1c94cbdb48d6f8714a12edb",
        "timestamp": 1745573193635,
        "message": "FILE_TRANSFER RequestId: a0688cdc-461a-40f7-9a98-2fdea92f94da\t TransferType: consumed\t Action: download_from_s3\t FileName: mafdb_31199a0a134043b94c15114abad10433bfa58c2f87e3106720f88bf29e76f1ae.json\t Bucket: denethor\t FilePath: mafdb/mafdb_31199a0a134043b94c15114abad10433bfa58c2f87e3106720f88bf29e76f1ae.json\t LocalFilePath: /tmp/mafdb/mafdb_31199a0a134043b94c15114abad10433bfa58c2f87e3106720f88bf29e76f1ae.json\t FileSize: 273 bytes\t TransferDuration: 41.89917899998363 ms\n",
        "ingestionTime": 1745573197355,
        "eventId": "38927583016639491948627408871920468309517866693730631702"
    },
    {
        "logStreamName": "2025/04/25/[$LATEST]91035ecbd1c94cbdb48d6f8714a12edb",
        "timestamp": 1745573193678,
        "message": "FILE_TRANSFER RequestId: a0688cdc-461a-40f7-9a98-2fdea92f94da\t TransferType: consumed\t Action: download_from_s3\t FileName: mafdb_c2a1e960932a069de5927d1067dde414f501136aba941befca2a4654e72bb08a.json\t Bucket: denethor\t FilePath: mafdb/mafdb_c2a1e960932a069de5927d1067dde414f501136aba941befca2a4654e72bb08a.json\t LocalFilePath: /tmp/mafdb/mafdb_c2a1e960932a069de5927d1067dde414f501136aba941befca2a4654e72bb08a.json\t FileSize: 273 bytes\t TransferDuration: 42.8115910001452 ms\n",
        "ingestionTime": 1745573197355,
        "eventId": "38927583017598423992164225667006504195241746238487789591"
    },
    {
        "logStreamName": "2025/04/25/[$LATEST]91035ecbd1c94cbdb48d6f8714a12edb",
        "timestamp": 1745573193719,
        "message": "FILE_TRANSFER RequestId: a0688cdc-461a-40f7-9a98-2fdea92f94da\t TransferType: consumed\t Action: download_from_s3\t FileName: mafdb_49ad0997fa75ff9233f44bffe4f6033aaaf8676ed8f4cbac92057d25395497e6.json\t Bucket: denethor\t FilePath: mafdb/mafdb_49ad0997fa75ff9233f44bffe4f6033aaaf8676ed8f4cbac92057d25395497e6.json\t LocalFilePath: /tmp/mafdb/mafdb_49ad0997fa75ff9233f44bffe4f6033aaaf8676ed8f4cbac92057d25395497e6.json\t FileSize: 273 bytes\t TransferDuration: 41.150997999920946 ms\n",
        "ingestionTime": 1745573197355,
        "eventId": "38927583018512754545303981215809468644420329060232986648"
    },
    {
        "logStreamName": "2025/04/25/[$LATEST]91035ecbd1c94cbdb48d6f8714a12edb",
        "timestamp": 1745573193777,
        "message": "FILE_TRANSFER RequestId: a0688cdc-461a-40f7-9a98-2fdea92f94da\t TransferType: consumed\t Action: download_from_s3\t FileName: mafdb_406ececbafe0a937f2a967e4dae5f862923efb2e1397870f6cc1ba8e050e1da7.json\t Bucket: denethor\t FilePath: mafdb/mafdb_406ececbafe0a937f2a967e4dae5f862923efb2e1397870f6cc1ba8e050e1da7.json\t LocalFilePath: /tmp/mafdb/mafdb_406ececbafe0a937f2a967e4dae5f862923efb2e1397870f6cc1ba8e050e1da7.json\t FileSize: 273 bytes\t TransferDuration: 57.25700799985134 ms\n",
        "ingestionTime": 1745573197355,
        "eventId": "38927583019806197766818757358018540304233934027579850777"
    },
    {
        "logStreamName": "2025/04/25/[$LATEST]91035ecbd1c94cbdb48d6f8714a12edb",
        "timestamp": 1745573193818,
        "message": "FILE_TRANSFER RequestId: a0688cdc-461a-40f7-9a98-2fdea92f94da\t TransferType: consumed\t Action: download_from_s3\t FileName: mafdb_e7f2f9266538f691bae81aa42aeb881fcfc1833e62d05d9141e808a0cb0095fa.json\t Bucket: denethor\t FilePath: mafdb/mafdb_e7f2f9266538f691bae81aa42aeb881fcfc1833e62d05d9141e808a0cb0095fa.json\t LocalFilePath: /tmp/mafdb/mafdb_e7f2f9266538f691bae81aa42aeb881fcfc1833e62d05d9141e808a0cb0095fa.json\t FileSize: 273 bytes\t TransferDuration: 41.624478999892744 ms\n",
        "ingestionTime": 1745573197355,
        "eventId": "38927583020720528319958512906821504753412516849325047834"
    },
    {
        "logStreamName": "2025/04/25/[$LATEST]91035ecbd1c94cbdb48d6f8714a12edb",
        "timestamp": 1745573193867,
        "message": "FILE_TRANSFER RequestId: a0688cdc-461a-40f7-9a98-2fdea92f94da\t TransferType: consumed\t Action: download_from_s3\t FileName: mafdb_e883ff130a9d34d26c58c15a735e96baab78aacec64abad0788f83f54423b943.json\t Bucket: denethor\t FilePath: mafdb/mafdb_e883ff130a9d34d26c58c15a735e96baab78aacec64abad0788f83f54423b943.json\t LocalFilePath: /tmp/mafdb/mafdb_e883ff130a9d34d26c58c15a735e96baab78aacec64abad0788f83f54423b943.json\t FileSize: 273 bytes\t TransferDuration: 48.96313199992619 ms\n",
        "ingestionTime": 1745573197355,
        "eventId": "38927583021813264834686513440756754948772286563118088219"
    },
    {
        "logStreamName": "2025/04/25/[$LATEST]91035ecbd1c94cbdb48d6f8714a12edb",
        "timestamp": 1745573193907,
        "message": "FILE_TRANSFER RequestId: a0688cdc-461a-40f7-9a98-2fdea92f94da\t TransferType: consumed\t Action: download_from_s3\t FileName: mafdb_d215ba5497d3d3be2e105b2328e50bdccf602b7e0745016c80fa6f9913e5432f.json\t Bucket: denethor\t FilePath: mafdb/mafdb_d215ba5497d3d3be2e105b2328e50bdccf602b7e0745016c80fa6f9913e5432f.json\t LocalFilePath: /tmp/mafdb/mafdb_d215ba5497d3d3be2e105b2328e50bdccf602b7e0745016c80fa6f9913e5432f.json\t FileSize: 273 bytes\t TransferDuration: 40.035275999798614 ms\n",
        "ingestionTime": 1745573197355,
        "eventId": "38927583022705294642627738366418183679678221023357304860"
    },
    {
        "logStreamName": "2025/04/25/[$LATEST]91035ecbd1c94cbdb48d6f8714a12edb",
        "timestamp": 1745573193946,
        "message": "FILE_TRANSFER RequestId: a0688cdc-461a-40f7-9a98-2fdea92f94da\t TransferType: consumed\t Action: download_from_s3\t FileName: mafdb_f871e6272680ce0853ce488fc481f480aa4e243fa14dd104803b05fb209cf094.json\t Bucket: denethor\t FilePath: mafdb/mafdb_f871e6272680ce0853ce488fc481f480aa4e243fa14dd104803b05fb209cf094.json\t LocalFilePath: /tmp/mafdb/mafdb_f871e6272680ce0853ce488fc481f480aa4e243fa14dd104803b05fb209cf094.json\t FileSize: 273 bytes\t TransferDuration: 38.53799299986349 ms\n",
        "ingestionTime": 1745573197355,
        "eventId": "38927583023575023705370432668938076692311507122090541085"
    },
    {
        "logStreamName": "2025/04/25/[$LATEST]91035ecbd1c94cbdb48d6f8714a12edb",
        "timestamp": 1745573193985,
        "message": "FILE_TRANSFER RequestId: a0688cdc-461a-40f7-9a98-2fdea92f94da\t TransferType: consumed\t Action: download_from_s3\t FileName: mafdb_2ff7bb92e85df3f56dc7f35d3ca7b2bd150b675386145658d2fca63a9e2a3805.json\t Bucket: denethor\t FilePath: mafdb/mafdb_2ff7bb92e85df3f56dc7f35d3ca7b2bd150b675386145658d2fca63a9e2a3805.json\t LocalFilePath: /tmp/mafdb/mafdb_2ff7bb92e85df3f56dc7f35d3ca7b2bd150b675386145658d2fca63a9e2a3805.json\t FileSize: 273 bytes\t TransferDuration: 39.22458500005632 ms\n",
        "ingestionTime": 1745573197355,
        "eventId": "38927583024444752768113126971457969704944793220823777310"
    },
    {
        "logStreamName": "2025/04/25/[$LATEST]91035ecbd1c94cbdb48d6f8714a12edb",
        "timestamp": 1745573194029,
        "message": "FILE_TRANSFER RequestId: a0688cdc-461a-40f7-9a98-2fdea92f94da\t TransferType: consumed\t Action: download_from_s3\t FileName: mafdb_47fb2615fc585137c90363d35106c9022fdcc722571f7ed6d93a0e213c75c760.json\t Bucket: denethor\t FilePath: mafdb/mafdb_47fb2615fc585137c90363d35106c9022fdcc722571f7ed6d93a0e213c75c760.json\t LocalFilePath: /tmp/mafdb/mafdb_47fb2615fc585137c90363d35106c9022fdcc722571f7ed6d93a0e213c75c760.json\t FileSize: 273 bytes\t TransferDuration: 43.60284200015485 ms\n",
        "ingestionTime": 1745573197355,
        "eventId": "38927583025425985556848474389685541308941321127086915615"
    },
    {
        "logStreamName": "2025/04/25/[$LATEST]91035ecbd1c94cbdb48d6f8714a12edb",
        "timestamp": 1745573194097,
        "message": "FILE_TRANSFER RequestId: a0688cdc-461a-40f7-9a98-2fdea92f94da\t TransferType: consumed\t Action: download_from_s3\t FileName: mafdb_68e664a9a27eba1488202e5ea16bb79aee50d9c2456068b25a29d7ca46c1450f.json\t Bucket: denethor\t FilePath: mafdb/mafdb_68e664a9a27eba1488202e5ea16bb79aee50d9c2456068b25a29d7ca46c1450f.json\t LocalFilePath: /tmp/mafdb/mafdb_68e664a9a27eba1488202e5ea16bb79aee50d9c2456068b25a29d7ca46c1450f.json\t FileSize: 273 bytes\t TransferDuration: 67.81808799996725 ms\n",
        "ingestionTime": 1745573197355,
        "eventId": "38927583026942436230348556763309970151481409709493583904"
    },
    {
        "logStreamName": "2025/04/25/[$LATEST]91035ecbd1c94cbdb48d6f8714a12edb",
        "timestamp": 1745573194145,
        "message": "FILE_TRANSFER RequestId: a0688cdc-461a-40f7-9a98-2fdea92f94da\t TransferType: consumed\t Action: download_from_s3\t FileName: mafdb_f6c9786df6a492206e55eb3d3911d34dbd753bfef23be22d8635d72135a7fbc7.json\t Bucket: denethor\t FilePath: mafdb/mafdb_f6c9786df6a492206e55eb3d3911d34dbd753bfef23be22d8635d72135a7fbc7.json\t LocalFilePath: /tmp/mafdb/mafdb_f6c9786df6a492206e55eb3d3911d34dbd753bfef23be22d8635d72135a7fbc7.json\t FileSize: 273 bytes\t TransferDuration: 47.98377999986769 ms\n",
        "ingestionTime": 1745573197355,
        "eventId": "38927583028012871999878026674103684628568531061780643873"
    },
    {
        "logStreamName": "2025/04/25/[$LATEST]91035ecbd1c94cbdb48d6f8714a12edb",
        "timestamp": 1745573194199,
        "message": "FILE_TRANSFER RequestId: a0688cdc-461a-40f7-9a98-2fdea92f94da\t TransferType: consumed\t Action: download_from_s3\t FileName: mafdb_87129d44586b87142d9940a8b1bdbebcfa7b0454f32076964711670e9940a5bc.json\t Bucket: denethor\t FilePath: mafdb/mafdb_87129d44586b87142d9940a8b1bdbebcfa7b0454f32076964711670e9940a5bc.json\t LocalFilePath: /tmp/mafdb/mafdb_87129d44586b87142d9940a8b1bdbebcfa7b0454f32076964711670e9940a5bc.json\t FileSize: 273 bytes\t TransferDuration: 54.067120999889084 ms\n",
        "ingestionTime": 1745573197355,
        "eventId": "38927583029217112240598680323746613415291542583103586338"
    },
    {
        "logStreamName": "2025/04/25/[$LATEST]91035ecbd1c94cbdb48d6f8714a12edb",
        "timestamp": 1745573194238,
        "message": "FILE_TRANSFER RequestId: a0688cdc-461a-40f7-9a98-2fdea92f94da\t TransferType: consumed\t Action: download_from_s3\t FileName: mafdb_ffac685782ba2ceabfc02088f70f3473d570818cc3d9c58c8979a425bc171247.json\t Bucket: denethor\t FilePath: mafdb/mafdb_ffac685782ba2ceabfc02088f70f3473d570818cc3d9c58c8979a425bc171247.json\t LocalFilePath: /tmp/mafdb/mafdb_ffac685782ba2ceabfc02088f70f3473d570818cc3d9c58c8979a425bc171247.json\t FileSize: 273 bytes\t TransferDuration: 38.94918300011341 ms\n",
        "ingestionTime": 1745573197355,
        "eventId": "38927583030086841303341374626266506427924828681836822563"
    },
    {
        "logStreamName": "2025/04/25/[$LATEST]91035ecbd1c94cbdb48d6f8714a12edb",
        "timestamp": 1745573194286,
        "message": "FILE_TRANSFER RequestId: a0688cdc-461a-40f7-9a98-2fdea92f94da\t TransferType: consumed\t Action: download_from_s3\t FileName: mafdb_42b7a1940d80c9e5d1a1eb427219fad89ed0198775d719cc0f6171541419e487.json\t Bucket: denethor\t FilePath: mafdb/mafdb_42b7a1940d80c9e5d1a1eb427219fad89ed0198775d719cc0f6171541419e487.json\t LocalFilePath: /tmp/mafdb/mafdb_42b7a1940d80c9e5d1a1eb427219fad89ed0198775d719cc0f6171541419e487.json\t FileSize: 273 bytes\t TransferDuration: 48.02475099995718 ms\n",
        "ingestionTime": 1745573197355,
        "eventId": "38927583031157277072870844537060220905011950034123882532"
    },
    {
        "logStreamName": "2025/04/25/[$LATEST]91035ecbd1c94cbdb48d6f8714a12edb",
        "timestamp": 1745573194333,
        "message": "FILE_TRANSFER RequestId: a0688cdc-461a-40f7-9a98-2fdea92f94da\t TransferType: consumed\t Action: download_from_s3\t FileName: mafdb_d7e79060050e13568977fc2c739b9eddf447a0cefe974cf809a00c1179f02def.json\t Bucket: denethor\t FilePath: mafdb/mafdb_d7e79060050e13568977fc2c739b9eddf447a0cefe974cf809a00c1179f02def.json\t LocalFilePath: /tmp/mafdb/mafdb_d7e79060050e13568977fc2c739b9eddf447a0cefe974cf809a00c1179f02def.json\t FileSize: 273 bytes\t TransferDuration: 46.82714799992027 ms\n",
        "ingestionTime": 1745573197355,
        "eventId": "38927583032205412097201783824712399663826423024904962085"
    },
    {
        "logStreamName": "2025/04/25/[$LATEST]91035ecbd1c94cbdb48d6f8714a12edb",
        "timestamp": 1745573194374,
        "message": "FILE_TRANSFER RequestId: a0688cdc-461a-40f7-9a98-2fdea92f94da\t TransferType: consumed\t Action: download_from_s3\t FileName: mafdb_b61e3844996fd21e45a7d054f79694e53c5aede5327c90900ed7183119a56bfb.json\t Bucket: denethor\t FilePath: mafdb/mafdb_b61e3844996fd21e45a7d054f79694e53c5aede5327c90900ed7183119a56bfb.json\t LocalFilePath: /tmp/mafdb/mafdb_b61e3844996fd21e45a7d054f79694e53c5aede5327c90900ed7183119a56bfb.json\t FileSize: 273 bytes\t TransferDuration: 41.12263799993343 ms\n",
        "ingestionTime": 1745573197355,
        "eventId": "38927583033119742650341539373515364113005005846650159142"
    },
    {
        "logStreamName": "2025/04/25/[$LATEST]91035ecbd1c94cbdb48d6f8714a12edb",
        "timestamp": 1745573194421,
        "message": "FILE_TRANSFER RequestId: a0688cdc-461a-40f7-9a98-2fdea92f94da\t TransferType: consumed\t Action: download_from_s3\t FileName: mafdb_29c4ddd140d117364cadffd440f0642c27bbc2412f4567e0cb32891cc3ef36a1.json\t Bucket: denethor\t FilePath: mafdb/mafdb_29c4ddd140d117364cadffd440f0642c27bbc2412f4567e0cb32891cc3ef36a1.json\t LocalFilePath: /tmp/mafdb/mafdb_29c4ddd140d117364cadffd440f0642c27bbc2412f4567e0cb32891cc3ef36a1.json\t FileSize: 273 bytes\t TransferDuration: 46.85893800001395 ms\n",
        "ingestionTime": 1745573197355,
        "eventId": "38927583034167877674672478661167542871819478837431238695"
    },
    {
        "logStreamName": "2025/04/25/[$LATEST]91035ecbd1c94cbdb48d6f8714a12edb",
        "timestamp": 1745573194478,
        "message": "FILE_TRANSFER RequestId: a0688cdc-461a-40f7-9a98-2fdea92f94da\t TransferType: consumed\t Action: download_from_s3\t FileName: mafdb_4626fea2abf7ed35f5f28026640ab18610584687978217b1f40af22fe37f6572.json\t Bucket: denethor\t FilePath: mafdb/mafdb_4626fea2abf7ed35f5f28026640ab18610584687978217b1f40af22fe37f6572.json\t LocalFilePath: /tmp/mafdb/mafdb_4626fea2abf7ed35f5f28026640ab18610584687978217b1f40af22fe37f6572.json\t FileSize: 273 bytes\t TransferDuration: 57.0100980000916 ms\n",
        "ingestionTime": 1745573197355,
        "eventId": "38927583035439020150988724180235078813360435443272122408"
    },
    {
        "logStreamName": "2025/04/25/[$LATEST]91035ecbd1c94cbdb48d6f8714a12edb",
        "timestamp": 1745573194518,
        "message": "FILE_TRANSFER RequestId: a0688cdc-461a-40f7-9a98-2fdea92f94da\t TransferType: consumed\t Action: download_from_s3\t FileName: mafdb_445b1fba33e16cd436442a3a77bf395f50fd97b749d80a4ea1cdfce773bb0774.json\t Bucket: denethor\t FilePath: mafdb/mafdb_445b1fba33e16cd436442a3a77bf395f50fd97b749d80a4ea1cdfce773bb0774.json\t LocalFilePath: /tmp/mafdb/mafdb_445b1fba33e16cd436442a3a77bf395f50fd97b749d80a4ea1cdfce773bb0774.json\t FileSize: 273 bytes\t TransferDuration: 40.13190599994232 ms\n",
        "ingestionTime": 1745573197355,
        "eventId": "38927583036331049958929949105896507544266369903511339049"
    },
    {
        "logStreamName": "2025/04/25/[$LATEST]91035ecbd1c94cbdb48d6f8714a12edb",
        "timestamp": 1745573194554,
        "message": "FILE_TRANSFER RequestId: a0688cdc-461a-40f7-9a98-2fdea92f94da\t TransferType: consumed\t Action: download_from_s3\t FileName: mafdb_7aa0e0772e1c689c49550813d4d69f69cf00ce1c31ded8e93e9d062016b4ea81.json\t Bucket: denethor\t FilePath: mafdb/mafdb_7aa0e0772e1c689c49550813d4d69f69cf00ce1c31ded8e93e9d062016b4ea81.json\t LocalFilePath: /tmp/mafdb/mafdb_7aa0e0772e1c689c49550813d4d69f69cf00ce1c31ded8e93e9d062016b4ea81.json\t FileSize: 273 bytes\t TransferDuration: 36.09151799992105 ms\n",
        "ingestionTime": 1745573197355,
        "eventId": "38927583037133876786077051538991793402081710917726634026"
    },
    {
        "logStreamName": "2025/04/25/[$LATEST]91035ecbd1c94cbdb48d6f8714a12edb",
        "timestamp": 1745573194602,
        "message": "FILE_TRANSFER RequestId: a0688cdc-461a-40f7-9a98-2fdea92f94da\t TransferType: consumed\t Action: download_from_s3\t FileName: mafdb_a10de1e435f46b875ce088b70edd639bb15f15e47181e4a02fd1d3279f474a75.json\t Bucket: denethor\t FilePath: mafdb/mafdb_a10de1e435f46b875ce088b70edd639bb15f15e47181e4a02fd1d3279f474a75.json\t LocalFilePath: /tmp/mafdb/mafdb_a10de1e435f46b875ce088b70edd639bb15f15e47181e4a02fd1d3279f474a75.json\t FileSize: 273 bytes\t TransferDuration: 48.18562099990231 ms\n",
        "ingestionTime": 1745573197355,
        "eventId": "38927583038204312555606521449785507879168832270013693995"
    },
    {
        "logStreamName": "2025/04/25/[$LATEST]91035ecbd1c94cbdb48d6f8714a12edb",
        "timestamp": 1745573194645,
        "message": "FILE_TRANSFER RequestId: a0688cdc-461a-40f7-9a98-2fdea92f94da\t TransferType: consumed\t Action: download_from_s3\t FileName: mafdb_e61287967464938dd8658e2b6f8063c95a2a8288b950145c07d8cd279f06fe96.json\t Bucket: denethor\t FilePath: mafdb/mafdb_e61287967464938dd8658e2b6f8063c95a2a8288b950145c07d8cd279f06fe96.json\t LocalFilePath: /tmp/mafdb/mafdb_e61287967464938dd8658e2b6f8063c95a2a8288b950145c07d8cd279f06fe96.json\t FileSize: 232 bytes\t TransferDuration: 42.75135099987892 ms\n",
        "ingestionTime": 1745573197355,
        "eventId": "38927583039163244599143338244871543764892711814770851884"
    },
    {
        "logStreamName": "2025/04/25/[$LATEST]91035ecbd1c94cbdb48d6f8714a12edb",
        "timestamp": 1745573194685,
        "message": "FILE_TRANSFER RequestId: a0688cdc-461a-40f7-9a98-2fdea92f94da\t TransferType: consumed\t Action: download_from_s3\t FileName: mafdb_45d317fa4103ebc6a5ca76d68fd00bce02d7a5f088e6155430a660f0514147a3.json\t Bucket: denethor\t FilePath: mafdb/mafdb_45d317fa4103ebc6a5ca76d68fd00bce02d7a5f088e6155430a660f0514147a3.json\t LocalFilePath: /tmp/mafdb/mafdb_45d317fa4103ebc6a5ca76d68fd00bce02d7a5f088e6155430a660f0514147a3.json\t FileSize: 232 bytes\t TransferDuration: 39.90336600008959 ms\n",
        "ingestionTime": 1745573197355,
        "eventId": "38927583040055274407084563170532972495798646275010068525"
    },
    {
        "logStreamName": "2025/04/25/[$LATEST]91035ecbd1c94cbdb48d6f8714a12edb",
        "timestamp": 1745573194727,
        "message": "FILE_TRANSFER RequestId: a0688cdc-461a-40f7-9a98-2fdea92f94da\t TransferType: consumed\t Action: download_from_s3\t FileName: mafdb_953e1a111e13fbeb681f915778ac824e009ef79d64fc7cfa76e6c118a64274b0.json\t Bucket: denethor\t FilePath: mafdb/mafdb_953e1a111e13fbeb681f915778ac824e009ef79d64fc7cfa76e6c118a64274b0.json\t LocalFilePath: /tmp/mafdb/mafdb_953e1a111e13fbeb681f915778ac824e009ef79d64fc7cfa76e6c118a64274b0.json\t FileSize: 232 bytes\t TransferDuration: 41.41200900016884 ms\n",
        "ingestionTime": 1745573197355,
        "eventId": "38927583040991905705422849342477472663249877458261245998"
    },
    {
        "logStreamName": "2025/04/25/[$LATEST]91035ecbd1c94cbdb48d6f8714a12edb",
        "timestamp": 1745573194770,
        "message": "FILE_TRANSFER RequestId: a0688cdc-461a-40f7-9a98-2fdea92f94da\t TransferType: consumed\t Action: download_from_s3\t FileName: mafdb_dd5bb0860cd8cfcf1de73c7e51fea56058e02019372b37c0fbe797a9a837ad38.json\t Bucket: denethor\t FilePath: mafdb/mafdb_dd5bb0860cd8cfcf1de73c7e51fea56058e02019372b37c0fbe797a9a837ad38.json\t LocalFilePath: /tmp/mafdb/mafdb_dd5bb0860cd8cfcf1de73c7e51fea56058e02019372b37c0fbe797a9a837ad38.json\t FileSize: 232 bytes\t TransferDuration: 43.33866100000705 ms\n",
        "ingestionTime": 1745573197355,
        "eventId": "38927583041950837748959666137563508548973757003018403887"
    },
    {
        "logStreamName": "2025/04/25/[$LATEST]91035ecbd1c94cbdb48d6f8714a12edb",
        "timestamp": 1745573194814,
        "message": "FILE_TRANSFER RequestId: a0688cdc-461a-40f7-9a98-2fdea92f94da\t TransferType: consumed\t Action: download_from_s3\t FileName: mafdb_4a69772641578ec2d1db9c6dd1aabd576f4015e01037c89e4cf54545772984e3.json\t Bucket: denethor\t FilePath: mafdb/mafdb_4a69772641578ec2d1db9c6dd1aabd576f4015e01037c89e4cf54545772984e3.json\t LocalFilePath: /tmp/mafdb/mafdb_4a69772641578ec2d1db9c6dd1aabd576f4015e01037c89e4cf54545772984e3.json\t FileSize: 232 bytes\t TransferDuration: 44.1214239999681 ms\n",
        "ingestionTime": 1745573197355,
        "eventId": "38927583042932070537695013555791080152970284909281542192"
    },
    {
        "logStreamName": "2025/04/25/[$LATEST]91035ecbd1c94cbdb48d6f8714a12edb",
        "timestamp": 1745573194860,
        "message": "FILE_TRANSFER RequestId: a0688cdc-461a-40f7-9a98-2fdea92f94da\t TransferType: consumed\t Action: download_from_s3\t FileName: mafdb_f15d6d133941e8137799af5c1c04fc577dd74e96149a2ccd80e4f571114f20e3.json\t Bucket: denethor\t FilePath: mafdb/mafdb_f15d6d133941e8137799af5c1c04fc577dd74e96149a2ccd80e4f571114f20e3.json\t LocalFilePath: /tmp/mafdb/mafdb_f15d6d133941e8137799af5c1c04fc577dd74e96149a2ccd80e4f571114f20e3.json\t FileSize: 232 bytes\t TransferDuration: 45.87314700006573 ms\n",
        "ingestionTime": 1745573197355,
        "eventId": "38927583043957904816827422220301723193512109538556641329"
    },
    {
        "logStreamName": "2025/04/25/[$LATEST]91035ecbd1c94cbdb48d6f8714a12edb",
        "timestamp": 1745573194913,
        "message": "FILE_TRANSFER RequestId: a0688cdc-461a-40f7-9a98-2fdea92f94da\t TransferType: consumed\t Action: download_from_s3\t FileName: mafdb_f6df04e8133221cbf519260251139ebd37c34febe492851dd4458992bca83c94.json\t Bucket: denethor\t FilePath: mafdb/mafdb_f6df04e8133221cbf519260251139ebd37c34febe492851dd4458992bca83c94.json\t LocalFilePath: /tmp/mafdb/mafdb_f6df04e8133221cbf519260251139ebd37c34febe492851dd4458992bca83c94.json\t FileSize: 232 bytes\t TransferDuration: 52.611028999990594 ms\n",
        "ingestionTime": 1745573197355,
        "eventId": "38927583045139844312349545246803116261962472698373603378"
    },
    {
        "logStreamName": "2025/04/25/[$LATEST]91035ecbd1c94cbdb48d6f8714a12edb",
        "timestamp": 1745573195003,
        "message": "FILE_TRANSFER RequestId: a0688cdc-461a-40f7-9a98-2fdea92f94da\t TransferType: consumed\t Action: download_from_s3\t FileName: mafdb_6f51ab0e641bb384954092390e08d5f95ec4531f17a7dfba439beb3259e5929a.json\t Bucket: denethor\t FilePath: mafdb/mafdb_6f51ab0e641bb384954092390e08d5f95ec4531f17a7dfba439beb3259e5929a.json\t LocalFilePath: /tmp/mafdb/mafdb_6f51ab0e641bb384954092390e08d5f95ec4531f17a7dfba439beb3259e5929a.json\t FileSize: 232 bytes\t TransferDuration: 89.93693000002168 ms\n",
        "ingestionTime": 1745573197355,
        "eventId": "38927583047146911380217301329541330906500825233911840819"
    },
    {
        "logStreamName": "2025/04/25/[$LATEST]91035ecbd1c94cbdb48d6f8714a12edb",
        "timestamp": 1745573195049,
        "message": "FILE_TRANSFER RequestId: a0688cdc-461a-40f7-9a98-2fdea92f94da\t TransferType: consumed\t Action: download_from_s3\t FileName: mafdb_fac1936d51dfedc6b2390b5bce6179113332479afc4a5757defe3114aec8f0bb.json\t Bucket: denethor\t FilePath: mafdb/mafdb_fac1936d51dfedc6b2390b5bce6179113332479afc4a5757defe3114aec8f0bb.json\t LocalFilePath: /tmp/mafdb/mafdb_fac1936d51dfedc6b2390b5bce6179113332479afc4a5757defe3114aec8f0bb.json\t FileSize: 232 bytes\t TransferDuration: 45.78153700003895 ms\n",
        "ingestionTime": 1745573197355,
        "eventId": "38927583048172745659349709994051973947042649863186939956"
    },
    {
        "logStreamName": "2025/04/25/[$LATEST]91035ecbd1c94cbdb48d6f8714a12edb",
        "timestamp": 1745573195119,
        "message": "FILE_TRANSFER RequestId: a0688cdc-461a-40f7-9a98-2fdea92f94da\t TransferType: consumed\t Action: download_from_s3\t FileName: mafdb_715bea8166387785654d4817b63af51d4368d79e15da6d3149784cf360d76eaa.json\t Bucket: denethor\t FilePath: mafdb/mafdb_715bea8166387785654d4817b63af51d4368d79e15da6d3149784cf360d76eaa.json\t LocalFilePath: /tmp/mafdb/mafdb_715bea8166387785654d4817b63af51d4368d79e15da6d3149784cf360d76eaa.json\t FileSize: 232 bytes\t TransferDuration: 70.76331300004313 ms\n",
        "ingestionTime": 1745573197355,
        "eventId": "38927583049733797823246853613959474226128035168605569077"
    },
    {
        "logStreamName": "2025/04/25/[$LATEST]91035ecbd1c94cbdb48d6f8714a12edb",
        "timestamp": 1745573195175,
        "message": "FILE_TRANSFER RequestId: a0688cdc-461a-40f7-9a98-2fdea92f94da\t TransferType: consumed\t Action: download_from_s3\t FileName: mafdb_37f48e1b859b9b0ccb1d3918e3547c15f7c27b9cfc7ada49018043d3593d2b30.json\t Bucket: denethor\t FilePath: mafdb/mafdb_37f48e1b859b9b0ccb1d3918e3547c15f7c27b9cfc7ada49018043d3593d2b30.json\t LocalFilePath: /tmp/mafdb/mafdb_37f48e1b859b9b0ccb1d3918e3547c15f7c27b9cfc7ada49018043d3593d2b30.json\t FileSize: 232 bytes\t TransferDuration: 55.1302639998994 ms\n",
        "ingestionTime": 1745573197355,
        "eventId": "38927583050982639554364568509885474449396343412940472374"
    },
    {
        "logStreamName": "2025/04/25/[$LATEST]91035ecbd1c94cbdb48d6f8714a12edb",
        "timestamp": 1745573195238,
        "message": "FILE_TRANSFER RequestId: a0688cdc-461a-40f7-9a98-2fdea92f94da\t TransferType: consumed\t Action: download_from_s3\t FileName: mafdb_e55488255b1fbcc9aaabaac963dff236ce30a48f048179f2652bf6431063cf4b.json\t Bucket: denethor\t FilePath: mafdb/mafdb_e55488255b1fbcc9aaabaac963dff236ce30a48f048179f2652bf6431063cf4b.json\t LocalFilePath: /tmp/mafdb/mafdb_e55488255b1fbcc9aaabaac963dff236ce30a48f048179f2652bf6431063cf4b.json\t FileSize: 232 bytes\t TransferDuration: 63.06534800000918 ms\n",
        "ingestionTime": 1745573197355,
        "eventId": "38927583052387586501871997767802224700573190187817238583"
    },
    {
        "logStreamName": "2025/04/25/[$LATEST]91035ecbd1c94cbdb48d6f8714a12edb",
        "timestamp": 1745573195293,
        "message": "FILE_TRANSFER RequestId: a0688cdc-461a-40f7-9a98-2fdea92f94da\t TransferType: consumed\t Action: download_from_s3\t FileName: mafdb_5622c4af29c03a55db15361b96ebd57532e3d5deb3791cbd1444627fe1ca62ba.json\t Bucket: denethor\t FilePath: mafdb/mafdb_5622c4af29c03a55db15361b96ebd57532e3d5deb3791cbd1444627fe1ca62ba.json\t LocalFilePath: /tmp/mafdb/mafdb_5622c4af29c03a55db15361b96ebd57532e3d5deb3791cbd1444627fe1ca62ba.json\t FileSize: 232 bytes\t TransferDuration: 55.19532399989657 ms\n",
        "ingestionTime": 1745573197355,
        "eventId": "38927583053614127487791182040586689205568850070646161464"
    },
    {
        "logStreamName": "2025/04/25/[$LATEST]91035ecbd1c94cbdb48d6f8714a12edb",
        "timestamp": 1745573195337,
        "message": "FILE_TRANSFER RequestId: a0688cdc-461a-40f7-9a98-2fdea92f94da\t TransferType: consumed\t Action: download_from_s3\t FileName: mafdb_baef90e470015ad8cbd57d9f360bf7d85807b59e2cd60cbcd58c003293486741.json\t Bucket: denethor\t FilePath: mafdb/mafdb_baef90e470015ad8cbd57d9f360bf7d85807b59e2cd60cbcd58c003293486741.json\t LocalFilePath: /tmp/mafdb/mafdb_baef90e470015ad8cbd57d9f360bf7d85807b59e2cd60cbcd58c003293486741.json\t FileSize: 232 bytes\t TransferDuration: 43.45656200007397 ms\n",
        "ingestionTime": 1745573197355,
        "eventId": "38927583054595360276526529458814260809565377976909299769"
    },
    {
        "logStreamName": "2025/04/25/[$LATEST]91035ecbd1c94cbdb48d6f8714a12edb",
        "timestamp": 1745573195384,
        "message": "FILE_TRANSFER RequestId: a0688cdc-461a-40f7-9a98-2fdea92f94da\t TransferType: consumed\t Action: download_from_s3\t FileName: mafdb_44786d15636736367c1c71748c6f6ad88c51a0acf9651aa1d2aab053f2b49895.json\t Bucket: denethor\t FilePath: mafdb/mafdb_44786d15636736367c1c71748c6f6ad88c51a0acf9651aa1d2aab053f2b49895.json\t LocalFilePath: /tmp/mafdb/mafdb_44786d15636736367c1c71748c6f6ad88c51a0acf9651aa1d2aab053f2b49895.json\t FileSize: 232 bytes\t TransferDuration: 47.63896000008572 ms\n",
        "ingestionTime": 1745573197355,
        "eventId": "38927583055643495300857468746466439568379850967690379322"
    },
    {
        "logStreamName": "2025/04/25/[$LATEST]91035ecbd1c94cbdb48d6f8714a12edb",
        "timestamp": 1745573195422,
        "message": "FILE_TRANSFER RequestId: a0688cdc-461a-40f7-9a98-2fdea92f94da\t TransferType: consumed\t Action: download_from_s3\t FileName: mafdb_050eb4506b88aa955760b80fe61fa5f2dc7867810f3fd968c62f0f2b1721b84a.json\t Bucket: denethor\t FilePath: mafdb/mafdb_050eb4506b88aa955760b80fe61fa5f2dc7867810f3fd968c62f0f2b1721b84a.json\t LocalFilePath: /tmp/mafdb/mafdb_050eb4506b88aa955760b80fe61fa5f2dc7867810f3fd968c62f0f2b1721b84a.json\t FileSize: 232 bytes\t TransferDuration: 37.25603000020783 ms\n",
        "ingestionTime": 1745573197355,
        "eventId": "38927583056490923618401632425844796862740488704917635131"
    },
    {
        "logStreamName": "2025/04/25/[$LATEST]91035ecbd1c94cbdb48d6f8714a12edb",
        "timestamp": 1745573195462,
        "message": "FILE_TRANSFER RequestId: a0688cdc-461a-40f7-9a98-2fdea92f94da\t TransferType: consumed\t Action: download_from_s3\t FileName: mafdb_4294147453f0881ff5d40ffeafab616f4bd8a7ba876322d7a55e79a2b54c515e.json\t Bucket: denethor\t FilePath: mafdb/mafdb_4294147453f0881ff5d40ffeafab616f4bd8a7ba876322d7a55e79a2b54c515e.json\t LocalFilePath: /tmp/mafdb/mafdb_4294147453f0881ff5d40ffeafab616f4bd8a7ba876322d7a55e79a2b54c515e.json\t FileSize: 232 bytes\t TransferDuration: 40.12672599992584 ms\n",
        "ingestionTime": 1745573197355,
        "eventId": "38927583057382953426342857351506225593646423165156851772"
    },
    {
        "logStreamName": "2025/04/25/[$LATEST]91035ecbd1c94cbdb48d6f8714a12edb",
        "timestamp": 1745573195506,
        "message": "FILE_TRANSFER RequestId: a0688cdc-461a-40f7-9a98-2fdea92f94da\t TransferType: consumed\t Action: download_from_s3\t FileName: mafdb_605d104cfc6518c6e800159628fbe1a7412ae8cd691423eaa1505e85821ecac9.json\t Bucket: denethor\t FilePath: mafdb/mafdb_605d104cfc6518c6e800159628fbe1a7412ae8cd691423eaa1505e85821ecac9.json\t LocalFilePath: /tmp/mafdb/mafdb_605d104cfc6518c6e800159628fbe1a7412ae8cd691423eaa1505e85821ecac9.json\t FileSize: 232 bytes\t TransferDuration: 43.817221999916 ms\n",
        "ingestionTime": 1745573197355,
        "eventId": "38927583058364186215078204769733797197642951071419990077"
    },
    {
        "logStreamName": "2025/04/25/[$LATEST]91035ecbd1c94cbdb48d6f8714a12edb",
        "timestamp": 1745573195542,
        "message": "FILE_TRANSFER RequestId: a0688cdc-461a-40f7-9a98-2fdea92f94da\t TransferType: consumed\t Action: download_from_s3\t FileName: mafdb_07f2663350ea1ac790cef8d65d693e9f9a8a7ff3d9613fcbba8694ef3a437497.json\t Bucket: denethor\t FilePath: mafdb/mafdb_07f2663350ea1ac790cef8d65d693e9f9a8a7ff3d9613fcbba8694ef3a437497.json\t LocalFilePath: /tmp/mafdb/mafdb_07f2663350ea1ac790cef8d65d693e9f9a8a7ff3d9613fcbba8694ef3a437497.json\t FileSize: 232 bytes\t TransferDuration: 36.07887800012577 ms\n",
        "ingestionTime": 1745573197355,
        "eventId": "38927583059167013042225307202829083055458292085635285054"
    },
    {
        "logStreamName": "2025/04/25/[$LATEST]91035ecbd1c94cbdb48d6f8714a12edb",
        "timestamp": 1745573195542,
        "message": "CONSUMED_FILES_INFO RequestId: a0688cdc-461a-40f7-9a98-2fdea92f94da\t FilesCount: 60 files\t FilesSize: 25896 bytes\t TransferDuration: 2859.7942299991246 ms\t ConsumedFiles: ['mafdb_6f7a2b1116e6a791f68a03367473294792b679a6357b6789f3f993b1f83e2e80.json', 'mafdb_54d8ddd695de385cbe16742ebc6fdcb479cd2b8e3c0cd457826222c83fe6bb7c.json', 'mafdb_1f6ccfc97b000b314f6a6c7e2582a4263b17ffc061fef38bd3c9a63fa631759f.json', 'mafdb_bd5d862db8f1d6b261aaeb3b8ecb83d67004ffb7524cb75c5f1f8454224f7c91.json', 'mafdb_861b6fcf310a5a4a01036477cd0e28e972c4aa89be1fcccfc0eab6cd45e9fd74.json', 'mafdb_7d398773bfc3e4435be56d8711457fd7fc190e97e32d7ec51a8a702e16118c4d.json', 'mafdb_c451a256436a5fc45a562eaf2fead8dd42917b32894e636d2b705f5405224a88.json', 'mafdb_7511017a4e93687a5be47b55aa4c08eff48c283a8153f5e070747057ad693f80.json', 'mafdb_3891ae3bc299950ca7a78c4d495828659f2cb320e0641ad8c6bfc4ced2d8e2b0.json', 'mafdb_58aa863a1439bf886daca0713239dba1882676aea5266e0af5bebad97529db92.json', 'mafdb_c1f206b6efa75e1df509578ad4d9fb9ea330d34e7283ccf9d6ad80fdedf66b9a.json', 'mafdb_c3c2025f352d34b4b79a48619176577388b06f30619772ddea31df49ee988aff.json', 'mafdb_c5b5a3a4bd54a110140df77527325958d257fc9b669bca89b332593540c1dc20.json', 'mafdb_51e18dc31f0c330513b45085a52c5ecd1e4a0a9130d2805a71368f1cbe17f65e.json', 'mafdb_95cfb922ebd546f21edcc627a60ea2a6235550bbba3696739fcaca409f1a0232.json', 'mafdb_783d326a98c97c227099cd46e1eb2739e8954c844e628390759f21e7b4e19db0.json', 'mafdb_e7fcb374868f23c5b66908ff13d437f525bdef064d3f7604b08f9b68087e91c4.json', 'mafdb_bdf7b87e05be228017da27afd5fd158ebe4fcf138008526635b8bcdbe380f328.json', 'mafdb_1d419943bc17a86fe648d8caad874862360b7c73c08c99b7c26040bc9939b002.json', 'mafdb_31199a0a134043b94c15114abad10433bfa58c2f87e3106720f88bf29e76f1ae.json', 'mafdb_c2a1e960932a069de5927d1067dde414f501136aba941befca2a4654e72bb08a.json', 'mafdb_49ad0997fa75ff9233f44bffe4f6033aaaf8676ed8f4cbac92057d25395497e6.json', 'mafdb_406ececbafe0a937f2a967e4dae5f862923efb2e1397870f6cc1ba8e050e1da7.json', 'mafdb_e7f2f9266538f691bae81aa42aeb881fcfc1833e62d05d9141e808a0cb0095fa.json', 'mafdb_e883ff130a9d34d26c58c15a735e96baab78aacec64abad0788f83f54423b943.json', 'mafdb_d215ba5497d3d3be2e105b2328e50bdccf602b7e0745016c80fa6f9913e5432f.json', 'mafdb_f871e6272680ce0853ce488fc481f480aa4e243fa14dd104803b05fb209cf094.json', 'mafdb_2ff7bb92e85df3f56dc7f35d3ca7b2bd150b675386145658d2fca63a9e2a3805.json', 'mafdb_47fb2615fc585137c90363d35106c9022fdcc722571f7ed6d93a0e213c75c760.json', 'mafdb_68e664a9a27eba1488202e5ea16bb79aee50d9c2456068b25a29d7ca46c1450f.json', 'mafdb_f6c9786df6a492206e55eb3d3911d34dbd753bfef23be22d8635d72135a7fbc7.json', 'mafdb_87129d44586b87142d9940a8b1bdbebcfa7b0454f32076964711670e9940a5bc.json', 'mafdb_ffac685782ba2ceabfc02088f70f3473d570818cc3d9c58c8979a425bc171247.json', 'mafdb_42b7a1940d80c9e5d1a1eb427219fad89ed0198775d719cc0f6171541419e487.json', 'mafdb_d7e79060050e13568977fc2c739b9eddf447a0cefe974cf809a00c1179f02def.json', 'mafdb_b61e3844996fd21e45a7d054f79694e53c5aede5327c90900ed7183119a56bfb.json', 'mafdb_29c4ddd140d117364cadffd440f0642c27bbc2412f4567e0cb32891cc3ef36a1.json', 'mafdb_4626fea2abf7ed35f5f28026640ab18610584687978217b1f40af22fe37f6572.json', 'mafdb_445b1fba33e16cd436442a3a77bf395f50fd97b749d80a4ea1cdfce773bb0774.json', 'mafdb_7aa0e0772e1c689c49550813d4d69f69cf00ce1c31ded8e93e9d062016b4ea81.json', 'mafdb_a10de1e435f46b875ce088b70edd639bb15f15e47181e4a02fd1d3279f474a75.json', 'mafdb_e61287967464938dd8658e2b6f8063c95a2a8288b950145c07d8cd279f06fe96.json', 'mafdb_45d317fa4103ebc6a5ca76d68fd00bce02d7a5f088e6155430a660f0514147a3.json', 'mafdb_953e1a111e13fbeb681f915778ac824e009ef79d64fc7cfa76e6c118a64274b0.json', 'mafdb_dd5bb0860cd8cfcf1de73c7e51fea56058e02019372b37c0fbe797a9a837ad38.json', 'mafdb_4a69772641578ec2d1db9c6dd1aabd576f4015e01037c89e4cf54545772984e3.json', 'mafdb_f15d6d133941e8137799af5c1c04fc577dd74e96149a2ccd80e4f571114f20e3.json', 'mafdb_f6df04e8133221cbf519260251139ebd37c34febe492851dd4458992bca83c94.json', 'mafdb_6f51ab0e641bb384954092390e08d5f95ec4531f17a7dfba439beb3259e5929a.json', 'mafdb_fac1936d51dfedc6b2390b5bce6179113332479afc4a5757defe3114aec8f0bb.json', 'mafdb_715bea8166387785654d4817b63af51d4368d79e15da6d3149784cf360d76eaa.json', 'mafdb_37f48e1b859b9b0ccb1d3918e3547c15f7c27b9cfc7ada49018043d3593d2b30.json', 'mafdb_e55488255b1fbcc9aaabaac963dff236ce30a48f048179f2652bf6431063cf4b.json', 'mafdb_5622c4af29c03a55db15361b96ebd57532e3d5deb3791cbd1444627fe1ca62ba.json', 'mafdb_baef90e470015ad8cbd57d9f360bf7d85807b59e2cd60cbcd58c003293486741.json', 'mafdb_44786d15636736367c1c71748c6f6ad88c51a0acf9651aa1d2aab053f2b49895.json', 'mafdb_050eb4506b88aa955760b80fe61fa5f2dc7867810f3fd968c62f0f2b1721b84a.json', 'mafdb_4294147453f0881ff5d40ffeafab616f4bd8a7ba876322d7a55e79a2b54c515e.json', 'mafdb_605d104cfc6518c6e800159628fbe1a7412ae8cd691423eaa1505e85821ecac9.json', 'mafdb_07f2663350ea1ac790cef8d65d693e9f9a8a7ff3d9613fcbba8694ef3a437497.json']\n",
        "ingestionTime": 1745573197355,
        "eventId": "38927583059167013042225307202829083055458292085635285055"
    },
    {
        "logStreamName": "2025/04/25/[$LATEST]91035ecbd1c94cbdb48d6f8714a12edb",
        "timestamp": 1745573195546,
        "message": "[INFO] 2025-04-25T09:26:35GMT MAF_DATABASE_AGGREGATOR RequestId: a0688cdc-461a-40f7-9a98-2fdea92f94da\t Duration: 3.1106060000638536 ms\t InputLength: 60\t MaxMaf: 8\t MafDatabase: {'1': {'tree_ORTHOMCL256_Inner4.nexus': ['tree_ORTHOMCL256_2_Inner4.nexus', 'tree_ORTHOMCL256_2_Inner5.nexus', 'tree_ORTHOMCL256_2_Inner6.nexus', 'tree_ORTHOMCL256_2_Inner7.nexus', 'tree_ORTHOMCL256_2_Inner8.nexus'], 'tree_ORTHOMCL256_Inner5.nexus': ['tree_ORTHOMCL256_2_Inner4.nexus'], 'tree_ORTHOMCL256_Inner6.nexus': ['tree_ORTHOMCL256_2_Inner4.nexus'], 'tree_ORTHOMCL256_Inner7.nexus': ['tree_ORTHOMCL256_2_Inner4.nexus'], 'tree_ORTHOMCL256_Inner8.nexus': ['tree_ORTHOMCL256_2_Inner4.nexus'], 'tree_ORTHOMCL256_2_Inner4.nexus': ['tree_ORTHOMCL256_Inner4.nexus', 'tree_ORTHOMCL256_Inner5.nexus', 'tree_ORTHOMCL256_Inner6.nexus', 'tree_ORTHOMCL256_Inner7.nexus', 'tree_ORTHOMCL256_Inner8.nexus'], 'tree_ORTHOMCL256_2_Inner5.nexus': ['tree_ORTHOMCL256_Inner4.nexus'], 'tree_ORTHOMCL256_2_Inner6.nexus': ['tree_ORTHOMCL256_Inner4.nexus'], 'tree_ORTHOMCL256_2_Inner7.nexus': ['tree_ORTHOMCL256_Inner4.nexus'], 'tree_ORTHOMCL256_2_Inner8.nexus': ['tree_ORTHOMCL256_Inner4.nexus']}, '2': {'tree_ORTHOMCL256_Inner1.nexus': ['tree_ORTHOMCL256_2_Inner1.nexus', 'tree_ORTHOMCL256_2_Inner2.nexus', 'tree_ORTHOMCL256_2_Inner3.nexus', 'tree_ORTHOMCL256_2_Inner5.nexus', 'tree_ORTHOMCL256_2_Inner6.nexus', 'tree_ORTHOMCL256_2_Inner7.nexus', 'tree_ORTHOMCL256_2_Inner8.nexus'], 'tree_ORTHOMCL256_Inner2.nexus': ['tree_ORTHOMCL256_2_Inner1.nexus', 'tree_ORTHOMCL256_2_Inner2.nexus', 'tree_ORTHOMCL256_2_Inner3.nexus', 'tree_ORTHOMCL256_2_Inner5.nexus', 'tree_ORTHOMCL256_2_Inner6.nexus', 'tree_ORTHOMCL256_2_Inner7.nexus', 'tree_ORTHOMCL256_2_Inner8.nexus'], 'tree_ORTHOMCL256_Inner3.nexus': ['tree_ORTHOMCL256_2_Inner1.nexus', 'tree_ORTHOMCL256_2_Inner2.nexus'], 'tree_ORTHOMCL256_Inner5.nexus': ['tree_ORTHOMCL256_2_Inner1.nexus', 'tree_ORTHOMCL256_2_Inner2.nexus'], 'tree_ORTHOMCL256_Inner6.nexus': ['tree_ORTHOMCL256_2_Inner1.nexus', 'tree_ORTHOMCL256_2_Inner2.nexus'], 'tree_ORTHOMCL256_Inner7.nexus': ['tree_ORTHOMCL256_2_Inner1.nexus', 'tree_ORTHOMCL256_2_Inner2.nexus'], 'tree_ORTHOMCL256_Inner8.nexus': ['tree_ORTHOMCL256_2_Inner1.nexus', 'tree_ORTHOMCL256_2_Inner2.nexus'], 'tree_ORTHOMCL256_2_Inner1.nexus': ['tree_ORTHOMCL256_Inner1.nexus', 'tree_ORTHOMCL256_Inner2.nexus', 'tree_ORTHOMCL256_Inner3.nexus', 'tree_ORTHOMCL256_Inner5.nexus', 'tree_ORTHOMCL256_Inner6.nexus', 'tree_ORTHOMCL256_Inner7.nexus', 'tree_ORTHOMCL256_Inner8.nexus'], 'tree_ORTHOMCL256_2_Inner2.nexus': ['tree_ORTHOMCL256_Inner1.nexus', 'tree_ORTHOMCL256_Inner2.nexus', 'tree_ORTHOMCL256_Inner3.nexus', 'tree_ORTHOMCL256_Inner5.nexus', 'tree_ORTHOMCL256_Inner6.nexus', 'tree_ORTHOMCL256_Inner7.nexus', 'tree_ORTHOMCL256_Inner8.nexus'], 'tree_ORTHOMCL256_2_Inner3.nexus': ['tree_ORTHOMCL256_Inner1.nexus', 'tree_ORTHOMCL256_Inner2.nexus'], 'tree_ORTHOMCL256_2_Inner5.nexus': ['tree_ORTHOMCL256_Inner1.nexus', 'tree_ORTHOMCL256_Inner2.nexus'], 'tree_ORTHOMCL256_2_Inner6.nexus': ['tree_ORTHOMCL256_Inner1.nexus', 'tree_ORTHOMCL256_Inner2.nexus'], 'tree_ORTHOMCL256_2_Inner7.nexus': ['tree_ORTHOMCL256_Inner1.nexus', 'tree_ORTHOMCL256_Inner2.nexus'], 'tree_ORTHOMCL256_2_Inner8.nexus': ['tree_ORTHOMCL256_Inner1.nexus', 'tree_ORTHOMCL256_Inner2.nexus']}, '3': {'tree_ORTHOMCL256_Inner3.nexus': ['tree_ORTHOMCL256_2_Inner3.nexus', 'tree_ORTHOMCL256_2_Inner5.nexus', 'tree_ORTHOMCL256_2_Inner6.nexus', 'tree_ORTHOMCL256_2_Inner7.nexus', 'tree_ORTHOMCL256_2_Inner8.nexus'], 'tree_ORTHOMCL256_Inner5.nexus': ['tree_ORTHOMCL256_2_Inner3.nexus'], 'tree_ORTHOMCL256_Inner6.nexus': ['tree_ORTHOMCL256_2_Inner3.nexus'], 'tree_ORTHOMCL256_Inner7.nexus': ['tree_ORTHOMCL256_2_Inner3.nexus'], 'tree_ORTHOMCL256_Inner8.nexus': ['tree_ORTHOMCL256_2_Inner3.nexus'], 'tree_ORTHOMCL256_2_Inner3.nexus': ['tree_ORTHOMCL256_Inner3.nexus', 'tree_ORTHOMCL256_Inner5.nexus', 'tree_ORTHOMCL256_Inner6.nexus', 'tree_ORTHOMCL256_Inner7.nexus', 'tree_ORTHOMCL256_Inner8.nexus'], 'tree_ORTHOMCL256_2_Inner5.nexus': ['tree_ORTHOMCL256_Inner3.nexus'], 'tree_ORTHOMCL256_2_Inner6.nexus': ['tree_ORTHOMCL256_Inner3.nexus'], 'tree_ORTHOMCL256_2_Inner7.nexus': ['tree_ORTHOMCL256_Inner3.nexus'], 'tree_ORTHOMCL256_2_Inner8.nexus': ['tree_ORTHOMCL256_Inner3.nexus']}, '4': {'tree_ORTHOMCL256_Inner5.nexus': ['tree_ORTHOMCL256_2_Inner5.nexus', 'tree_ORTHOMCL256_2_Inner6.nexus', 'tree_ORTHOMCL256_2_Inner7.nexus', 'tree_ORTHOMCL256_2_Inner8.nexus'], 'tree_ORTHOMCL256_Inner6.nexus': ['tree_ORTHOMCL256_2_Inner5.nexus'], 'tree_ORTHOMCL256_Inner7.nexus': ['tree_ORTHOMCL256_2_Inner5.nexus'], 'tree_ORTHOMCL256_Inner8.nexus': ['tree_ORTHOMCL256_2_Inner5.nexus'], 'tree_ORTHOMCL256_2_Inner5.nexus': ['tree_ORTHOMCL256_Inner5.nexus', 'tree_ORTHOMCL256_Inner6.nexus', 'tree_ORTHOMCL256_Inner7.nexus', 'tree_ORTHOMCL256_Inner8.nexus'], 'tree_ORTHOMCL256_2_Inner6.nexus': ['tree_ORTHOMCL256_Inner5.nexus'], 'tree_ORTHOMCL256_2_Inner7.nexus': ['tree_ORTHOMCL256_Inner5.nexus'], 'tree_ORTHOMCL256_2_Inner8.nexus': ['tree_ORTHOMCL256_Inner5.nexus']}, '5': {'tree_ORTHOMCL256_Inner6.nexus': ['tree_ORTHOMCL256_2_Inner6.nexus', 'tree_ORTHOMCL256_2_Inner7.nexus', 'tree_ORTHOMCL256_2_Inner8.nexus'], 'tree_ORTHOMCL256_Inner7.nexus': ['tree_ORTHOMCL256_2_Inner6.nexus'], 'tree_ORTHOMCL256_Inner8.nexus': ['tree_ORTHOMCL256_2_Inner6.nexus'], 'tree_ORTHOMCL256_2_Inner6.nexus': ['tree_ORTHOMCL256_Inner6.nexus', 'tree_ORTHOMCL256_Inner7.nexus', 'tree_ORTHOMCL256_Inner8.nexus'], 'tree_ORTHOMCL256_2_Inner7.nexus': ['tree_ORTHOMCL256_Inner6.nexus'], 'tree_ORTHOMCL256_2_Inner8.nexus': ['tree_ORTHOMCL256_Inner6.nexus']}, '6': {'tree_ORTHOMCL256_Inner7.nexus': ['tree_ORTHOMCL256_2_Inner7.nexus', 'tree_ORTHOMCL256_2_Inner8.nexus'], 'tree_ORTHOMCL256_Inner8.nexus': ['tree_ORTHOMCL256_2_Inner7.nexus'], 'tree_ORTHOMCL256_2_Inner7.nexus': ['tree_ORTHOMCL256_Inner7.nexus', 'tree_ORTHOMCL256_Inner8.nexus'], 'tree_ORTHOMCL256_2_Inner8.nexus': ['tree_ORTHOMCL256_Inner7.nexus']}, '8': {'tree_ORTHOMCL256_Inner8.nexus': ['tree_ORTHOMCL256_2_Inner8.nexus'], 'tree_ORTHOMCL256_2_Inner8.nexus': ['tree_ORTHOMCL256_Inner8.nexus']}}\n",
        "ingestionTime": 1745573197355,
        "eventId": "38927583059256216023019429695395225928548885531659206720"
    },
    {
        "logStreamName": "2025/04/25/[$LATEST]91035ecbd1c94cbdb48d6f8714a12edb",
        "timestamp": 1745573195546,
        "message": "[INFO]\t2025-04-25T09:26:35.546Z\ta0688cdc-461a-40f7-9a98-2fdea92f94da\tMAF_DATABASE_AGGREGATOR RequestId: a0688cdc-461a-40f7-9a98-2fdea92f94da\t Duration: 3.1106060000638536 ms\t InputLength: 60\t MaxMaf: 8\t MafDatabase: {'1': {'tree_ORTHOMCL256_Inner4.nexus': ['tree_ORTHOMCL256_2_Inner4.nexus', 'tree_ORTHOMCL256_2_Inner5.nexus', 'tree_ORTHOMCL256_2_Inner6.nexus', 'tree_ORTHOMCL256_2_Inner7.nexus', 'tree_ORTHOMCL256_2_Inner8.nexus'], 'tree_ORTHOMCL256_Inner5.nexus': ['tree_ORTHOMCL256_2_Inner4.nexus'], 'tree_ORTHOMCL256_Inner6.nexus': ['tree_ORTHOMCL256_2_Inner4.nexus'], 'tree_ORTHOMCL256_Inner7.nexus': ['tree_ORTHOMCL256_2_Inner4.nexus'], 'tree_ORTHOMCL256_Inner8.nexus': ['tree_ORTHOMCL256_2_Inner4.nexus'], 'tree_ORTHOMCL256_2_Inner4.nexus': ['tree_ORTHOMCL256_Inner4.nexus', 'tree_ORTHOMCL256_Inner5.nexus', 'tree_ORTHOMCL256_Inner6.nexus', 'tree_ORTHOMCL256_Inner7.nexus', 'tree_ORTHOMCL256_Inner8.nexus'], 'tree_ORTHOMCL256_2_Inner5.nexus': ['tree_ORTHOMCL256_Inner4.nexus'], 'tree_ORTHOMCL256_2_Inner6.nexus': ['tree_ORTHOMCL256_Inner4.nexus'], 'tree_ORTHOMCL256_2_Inner7.nexus': ['tree_ORTHOMCL256_Inner4.nexus'], 'tree_ORTHOMCL256_2_Inner8.nexus': ['tree_ORTHOMCL256_Inner4.nexus']}, '2': {'tree_ORTHOMCL256_Inner1.nexus': ['tree_ORTHOMCL256_2_Inner1.nexus', 'tree_ORTHOMCL256_2_Inner2.nexus', 'tree_ORTHOMCL256_2_Inner3.nexus', 'tree_ORTHOMCL256_2_Inner5.nexus', 'tree_ORTHOMCL256_2_Inner6.nexus', 'tree_ORTHOMCL256_2_Inner7.nexus', 'tree_ORTHOMCL256_2_Inner8.nexus'], 'tree_ORTHOMCL256_Inner2.nexus': ['tree_ORTHOMCL256_2_Inner1.nexus', 'tree_ORTHOMCL256_2_Inner2.nexus', 'tree_ORTHOMCL256_2_Inner3.nexus', 'tree_ORTHOMCL256_2_Inner5.nexus', 'tree_ORTHOMCL256_2_Inner6.nexus', 'tree_ORTHOMCL256_2_Inner7.nexus', 'tree_ORTHOMCL256_2_Inner8.nexus'], 'tree_ORTHOMCL256_Inner3.nexus': ['tree_ORTHOMCL256_2_Inner1.nexus', 'tree_ORTHOMCL256_2_Inner2.nexus'], 'tree_ORTHOMCL256_Inner5.nexus': ['tree_ORTHOMCL256_2_Inner1.nexus', 'tree_ORTHOMCL256_2_Inner2.nexus'], 'tree_ORTHOMCL256_Inner6.nexus': ['tree_ORTHOMCL256_2_Inner1.nexus', 'tree_ORTHOMCL256_2_Inner2.nexus'], 'tree_ORTHOMCL256_Inner7.nexus': ['tree_ORTHOMCL256_2_Inner1.nexus', 'tree_ORTHOMCL256_2_Inner2.nexus'], 'tree_ORTHOMCL256_Inner8.nexus': ['tree_ORTHOMCL256_2_Inner1.nexus', 'tree_ORTHOMCL256_2_Inner2.nexus'], 'tree_ORTHOMCL256_2_Inner1.nexus': ['tree_ORTHOMCL256_Inner1.nexus', 'tree_ORTHOMCL256_Inner2.nexus', 'tree_ORTHOMCL256_Inner3.nexus', 'tree_ORTHOMCL256_Inner5.nexus', 'tree_ORTHOMCL256_Inner6.nexus', 'tree_ORTHOMCL256_Inner7.nexus', 'tree_ORTHOMCL256_Inner8.nexus'], 'tree_ORTHOMCL256_2_Inner2.nexus': ['tree_ORTHOMCL256_Inner1.nexus', 'tree_ORTHOMCL256_Inner2.nexus', 'tree_ORTHOMCL256_Inner3.nexus', 'tree_ORTHOMCL256_Inner5.nexus', 'tree_ORTHOMCL256_Inner6.nexus', 'tree_ORTHOMCL256_Inner7.nexus', 'tree_ORTHOMCL256_Inner8.nexus'], 'tree_ORTHOMCL256_2_Inner3.nexus': ['tree_ORTHOMCL256_Inner1.nexus', 'tree_ORTHOMCL256_Inner2.nexus'], 'tree_ORTHOMCL256_2_Inner5.nexus': ['tree_ORTHOMCL256_Inner1.nexus', 'tree_ORTHOMCL256_Inner2.nexus'], 'tree_ORTHOMCL256_2_Inner6.nexus': ['tree_ORTHOMCL256_Inner1.nexus', 'tree_ORTHOMCL256_Inner2.nexus'], 'tree_ORTHOMCL256_2_Inner7.nexus': ['tree_ORTHOMCL256_Inner1.nexus', 'tree_ORTHOMCL256_Inner2.nexus'], 'tree_ORTHOMCL256_2_Inner8.nexus': ['tree_ORTHOMCL256_Inner1.nexus', 'tree_ORTHOMCL256_Inner2.nexus']}, '3': {'tree_ORTHOMCL256_Inner3.nexus': ['tree_ORTHOMCL256_2_Inner3.nexus', 'tree_ORTHOMCL256_2_Inner5.nexus', 'tree_ORTHOMCL256_2_Inner6.nexus', 'tree_ORTHOMCL256_2_Inner7.nexus', 'tree_ORTHOMCL256_2_Inner8.nexus'], 'tree_ORTHOMCL256_Inner5.nexus': ['tree_ORTHOMCL256_2_Inner3.nexus'], 'tree_ORTHOMCL256_Inner6.nexus': ['tree_ORTHOMCL256_2_Inner3.nexus'], 'tree_ORTHOMCL256_Inner7.nexus': ['tree_ORTHOMCL256_2_Inner3.nexus'], 'tree_ORTHOMCL256_Inner8.nexus': ['tree_ORTHOMCL256_2_Inner3.nexus'], 'tree_ORTHOMCL256_2_Inner3.nexus': ['tree_ORTHOMCL256_Inner3.nexus', 'tree_ORTHOMCL256_Inner5.nexus', 'tree_ORTHOMCL256_Inner6.nexus', 'tree_ORTHOMCL256_Inner7.nexus', 'tree_ORTHOMCL256_Inner8.nexus'], 'tree_ORTHOMCL256_2_Inner5.nexus': ['tree_ORTHOMCL256_Inner3.nexus'], 'tree_ORTHOMCL256_2_Inner6.nexus': ['tree_ORTHOMCL256_Inner3.nexus'], 'tree_ORTHOMCL256_2_Inner7.nexus': ['tree_ORTHOMCL256_Inner3.nexus'], 'tree_ORTHOMCL256_2_Inner8.nexus': ['tree_ORTHOMCL256_Inner3.nexus']}, '4': {'tree_ORTHOMCL256_Inner5.nexus': ['tree_ORTHOMCL256_2_Inner5.nexus', 'tree_ORTHOMCL256_2_Inner6.nexus', 'tree_ORTHOMCL256_2_Inner7.nexus', 'tree_ORTHOMCL256_2_Inner8.nexus'], 'tree_ORTHOMCL256_Inner6.nexus': ['tree_ORTHOMCL256_2_Inner5.nexus'], 'tree_ORTHOMCL256_Inner7.nexus': ['tree_ORTHOMCL256_2_Inner5.nexus'], 'tree_ORTHOMCL256_Inner8.nexus': ['tree_ORTHOMCL256_2_Inner5.nexus'], 'tree_ORTHOMCL256_2_Inner5.nexus': ['tree_ORTHOMCL256_Inner5.nexus', 'tree_ORTHOMCL256_Inner6.nexus', 'tree_ORTHOMCL256_Inner7.nexus', 'tree_ORTHOMCL256_Inner8.nexus'], 'tree_ORTHOMCL256_2_Inner6.nexus': ['tree_ORTHOMCL256_Inner5.nexus'], 'tree_ORTHOMCL256_2_Inner7.nexus': ['tree_ORTHOMCL256_Inner5.nexus'], 'tree_ORTHOMCL256_2_Inner8.nexus': ['tree_ORTHOMCL256_Inner5.nexus']}, '5': {'tree_ORTHOMCL256_Inner6.nexus': ['tree_ORTHOMCL256_2_Inner6.nexus', 'tree_ORTHOMCL256_2_Inner7.nexus', 'tree_ORTHOMCL256_2_Inner8.nexus'], 'tree_ORTHOMCL256_Inner7.nexus': ['tree_ORTHOMCL256_2_Inner6.nexus'], 'tree_ORTHOMCL256_Inner8.nexus': ['tree_ORTHOMCL256_2_Inner6.nexus'], 'tree_ORTHOMCL256_2_Inner6.nexus': ['tree_ORTHOMCL256_Inner6.nexus', 'tree_ORTHOMCL256_Inner7.nexus', 'tree_ORTHOMCL256_Inner8.nexus'], 'tree_ORTHOMCL256_2_Inner7.nexus': ['tree_ORTHOMCL256_Inner6.nexus'], 'tree_ORTHOMCL256_2_Inner8.nexus': ['tree_ORTHOMCL256_Inner6.nexus']}, '6': {'tree_ORTHOMCL256_Inner7.nexus': ['tree_ORTHOMCL256_2_Inner7.nexus', 'tree_ORTHOMCL256_2_Inner8.nexus'], 'tree_ORTHOMCL256_Inner8.nexus': ['tree_ORTHOMCL256_2_Inner7.nexus'], 'tree_ORTHOMCL256_2_Inner7.nexus': ['tree_ORTHOMCL256_Inner7.nexus', 'tree_ORTHOMCL256_Inner8.nexus'], 'tree_ORTHOMCL256_2_Inner8.nexus': ['tree_ORTHOMCL256_Inner7.nexus']}, '8': {'tree_ORTHOMCL256_Inner8.nexus': ['tree_ORTHOMCL256_2_Inner8.nexus'], 'tree_ORTHOMCL256_2_Inner8.nexus': ['tree_ORTHOMCL256_Inner8.nexus']}}\n",
        "ingestionTime": 1745573197355,
        "eventId": "38927583059256216023019429695395225928548885531659206721"
    },
    {
        "logStreamName": "2025/04/25/[$LATEST]91035ecbd1c94cbdb48d6f8714a12edb",
        "timestamp": 1745573195597,
        "message": "FILE_TRANSFER RequestId: a0688cdc-461a-40f7-9a98-2fdea92f94da\t TransferType: produced\t Action: upload_to_s3\t FileName: mafdb_07d5b4f0c2449abf69be4ceecb56869379d804ff89b090504dd4de6826bb94e2.json\t Bucket: denethor\t FilePath: mafdb/mafdb_07d5b4f0c2449abf69be4ceecb56869379d804ff89b090504dd4de6826bb94e2.json\t LocalFilePath: /tmp/mafdb/mafdb_07d5b4f0c2449abf69be4ceecb56869379d804ff89b090504dd4de6826bb94e2.json\t FileSize: 24105 bytes\t TransferDuration: 51.26087799999368 ms\n",
        "ingestionTime": 1745573197355,
        "eventId": "38927583060393554028144491475613547560453951968464207938"
    },
    {
        "logStreamName": "2025/04/25/[$LATEST]91035ecbd1c94cbdb48d6f8714a12edb",
        "timestamp": 1745573195598,
        "message": "PRODUCED_FILES_INFO RequestId: a0688cdc-461a-40f7-9a98-2fdea92f94da\t FilesCount: 1 files\t FilesSize: 24105 bytes\t TransferDuration: 51.26087799999368 ms\t Provider: aws_lambda\t  ProducedFiles: ['mafdb_07d5b4f0c2449abf69be4ceecb56869379d804ff89b090504dd4de6826bb94e2.json']\n",
        "ingestionTime": 1745573197355,
        "eventId": "38927583060415854773343022098755083278726600329970188355"
    },
    {
        "logStreamName": "2025/04/25/[$LATEST]91035ecbd1c94cbdb48d6f8714a12edb",
        "timestamp": 1745573195599,
        "message": "END RequestId: a0688cdc-461a-40f7-9a98-2fdea92f94da\n",
        "ingestionTime": 1745573197355,
        "eventId": "38927583060438155518541552721896618996999248691476168772"
    },
    {
        "logStreamName": "2025/04/25/[$LATEST]91035ecbd1c94cbdb48d6f8714a12edb",
        "timestamp": 1745573195599,
        "message": "REPORT RequestId: a0688cdc-461a-40f7-9a98-2fdea92f94da\tDuration: 2921.20 ms\tBilled Duration: 2922 ms\tMemory Size: 2048 MB\tMax Memory Used: 108 MB\tInit Duration: 746.38 ms\t\n",
        "ingestionTime": 1745573197355,
        "eventId": "38927583060438155518541552721896618996999248691476168773"
    }
]