[
    {
        "logStreamName": "2025/04/25/[$LATEST]b8089c33dbf041ac8583fe8b18383af3",
        "timestamp": 1745607306081,
        "message": "INIT_START Runtime Version: python:3.10.v64\tRuntime Version ARN: arn:aws:lambda:sa-east-1::runtime:d56bdc8857b2109a058de2ab50bfb80ac2aa600be6f7855a436859944e5fe54b\n",
        "ingestionTime": 1745607313237,
        "eventId": "38928343749605836583788712103037730523760175118079557632"
    },
    {
        "logStreamName": "2025/04/25/[$LATEST]b8089c33dbf041ac8583fe8b18383af3",
        "timestamp": 1745607307118,
        "message": "START RequestId: d3965e88-bdd1-48fb-8ff7-a757ca8ca0d9 Version: $LATEST\n",
        "ingestionTime": 1745607313237,
        "eventId": "38928343772731709354664968300810270372496525999781249025"
    },
    {
        "logStreamName": "2025/04/25/[$LATEST]b8089c33dbf041ac8583fe8b18383af3",
        "timestamp": 1745607307122,
        "message": "Directory /tmp/mafdb was created!\n",
        "ingestionTime": 1745607313237,
        "eventId": "38928343772820912335459090793376413245587119445805170690"
    },
    {
        "logStreamName": "2025/04/25/[$LATEST]b8089c33dbf041ac8583fe8b18383af3",
        "timestamp": 1745607307583,
        "message": "FILE_TRANSFER RequestId: d3965e88-bdd1-48fb-8ff7-a757ca8ca0d9\t TransferType: consumed\t Action: download_from_s3\t FileName: mafdb_6f7a2b1116e6a791f68a03367473294792b679a6357b6789f3f993b1f83e2e80.json\t Bucket: denethor\t FilePath: mafdb/mafdb_6f7a2b1116e6a791f68a03367473294792b679a6357b6789f3f993b1f83e2e80.json\t LocalFilePath: /tmp/mafdb/mafdb_6f7a2b1116e6a791f68a03367473294792b679a6357b6789f3f993b1f83e2e80.json\t FileSize: 185 bytes\t TransferDuration: 462.297049999961 ms\n",
        "ingestionTime": 1745607313237,
        "eventId": "38928343783101555871981708061624379369278014100062142467"
    },
    {
        "logStreamName": "2025/04/25/[$LATEST]b8089c33dbf041ac8583fe8b18383af3",
        "timestamp": 1745607307745,
        "message": "FILE_TRANSFER RequestId: d3965e88-bdd1-48fb-8ff7-a757ca8ca0d9\t TransferType: consumed\t Action: download_from_s3\t FileName: mafdb_54d8ddd695de385cbe16742ebc6fdcb479cd2b8e3c0cd457826222c83fe6bb7c.json\t Bucket: denethor\t FilePath: mafdb/mafdb_54d8ddd695de385cbe16742ebc6fdcb479cd2b8e3c0cd457826222c83fe6bb7c.json\t LocalFilePath: /tmp/mafdb/mafdb_54d8ddd695de385cbe16742ebc6fdcb479cd2b8e3c0cd457826222c83fe6bb7c.json\t FileSize: 5180 bytes\t TransferDuration: 159.8356040000226 ms\n",
        "ingestionTime": 1745607313237,
        "eventId": "38928343786714276594143669010553165729447048664030969860"
    },
    {
        "logStreamName": "2025/04/25/[$LATEST]b8089c33dbf041ac8583fe8b18383af3",
        "timestamp": 1745607307903,
        "message": "FILE_TRANSFER RequestId: d3965e88-bdd1-48fb-8ff7-a757ca8ca0d9\t TransferType: consumed\t Action: download_from_s3\t FileName: mafdb_1f6ccfc97b000b314f6a6c7e2582a4263b17ffc061fef38bd3c9a63fa631759f.json\t Bucket: denethor\t FilePath: mafdb/mafdb_1f6ccfc97b000b314f6a6c7e2582a4263b17ffc061fef38bd3c9a63fa631759f.json\t LocalFilePath: /tmp/mafdb/mafdb_1f6ccfc97b000b314f6a6c7e2582a4263b17ffc061fef38bd3c9a63fa631759f.json\t FileSize: 5134 bytes\t TransferDuration: 159.81796599999143 ms\n",
        "ingestionTime": 1745607313237,
        "eventId": "38928343790237794335511507466915809216525489781975875589"
    },
    {
        "logStreamName": "2025/04/25/[$LATEST]b8089c33dbf041ac8583fe8b18383af3",
        "timestamp": 1745607308043,
        "message": "FILE_TRANSFER RequestId: d3965e88-bdd1-48fb-8ff7-a757ca8ca0d9\t TransferType: consumed\t Action: download_from_s3\t FileName: mafdb_bd5d862db8f1d6b261aaeb3b8ecb83d67004ffb7524cb75c5f1f8454224f7c91.json\t Bucket: denethor\t FilePath: mafdb/mafdb_bd5d862db8f1d6b261aaeb3b8ecb83d67004ffb7524cb75c5f1f8454224f7c91.json\t LocalFilePath: /tmp/mafdb/mafdb_bd5d862db8f1d6b261aaeb3b8ecb83d67004ffb7524cb75c5f1f8454224f7c91.json\t FileSize: 355 bytes\t TransferDuration: 140.10700999995152 ms\n",
        "ingestionTime": 1745607313237,
        "eventId": "38928343793359898663305794706730809774696260392813133830"
    },
    {
        "logStreamName": "2025/04/25/[$LATEST]b8089c33dbf041ac8583fe8b18383af3",
        "timestamp": 1745607308183,
        "message": "FILE_TRANSFER RequestId: d3965e88-bdd1-48fb-8ff7-a757ca8ca0d9\t TransferType: consumed\t Action: download_from_s3\t FileName: mafdb_861b6fcf310a5a4a01036477cd0e28e972c4aa89be1fcccfc0eab6cd45e9fd74.json\t Bucket: denethor\t FilePath: mafdb/mafdb_861b6fcf310a5a4a01036477cd0e28e972c4aa89be1fcccfc0eab6cd45e9fd74.json\t LocalFilePath: /tmp/mafdb/mafdb_861b6fcf310a5a4a01036477cd0e28e972c4aa89be1fcccfc0eab6cd45e9fd74.json\t FileSize: 355 bytes\t TransferDuration: 139.95127700002286 ms\n",
        "ingestionTime": 1745607313237,
        "eventId": "38928343796482002991100081946545810332867031003650392071"
    },
    {
        "logStreamName": "2025/04/25/[$LATEST]b8089c33dbf041ac8583fe8b18383af3",
        "timestamp": 1745607308351,
        "message": "FILE_TRANSFER RequestId: d3965e88-bdd1-48fb-8ff7-a757ca8ca0d9\t TransferType: consumed\t Action: download_from_s3\t FileName: mafdb_7d398773bfc3e4435be56d8711457fd7fc190e97e32d7ec51a8a702e16118c4d.json\t Bucket: denethor\t FilePath: mafdb/mafdb_7d398773bfc3e4435be56d8711457fd7fc190e97e32d7ec51a8a702e16118c4d.json\t LocalFilePath: /tmp/mafdb/mafdb_7d398773bfc3e4435be56d8711457fd7fc190e97e32d7ec51a8a702e16118c4d.json\t FileSize: 355 bytes\t TransferDuration: 166.15228099999513 ms\n",
        "ingestionTime": 1745607313237,
        "eventId": "38928343800228528184453226634323811002671955736655101960"
    },
    {
        "logStreamName": "2025/04/25/[$LATEST]b8089c33dbf041ac8583fe8b18383af3",
        "timestamp": 1745607308483,
        "message": "FILE_TRANSFER RequestId: d3965e88-bdd1-48fb-8ff7-a757ca8ca0d9\t TransferType: consumed\t Action: download_from_s3\t FileName: mafdb_c451a256436a5fc45a562eaf2fead8dd42917b32894e636d2b705f5405224a88.json\t Bucket: denethor\t FilePath: mafdb/mafdb_c451a256436a5fc45a562eaf2fead8dd42917b32894e636d2b705f5405224a88.json\t LocalFilePath: /tmp/mafdb/mafdb_c451a256436a5fc45a562eaf2fead8dd42917b32894e636d2b705f5405224a88.json\t FileSize: 355 bytes\t TransferDuration: 133.58307099997546 ms\n",
        "ingestionTime": 1745607313237,
        "eventId": "38928343803172226550659268889006525814661539455444516873"
    },
    {
        "logStreamName": "2025/04/25/[$LATEST]b8089c33dbf041ac8583fe8b18383af3",
        "timestamp": 1745607308644,
        "message": "FILE_TRANSFER RequestId: d3965e88-bdd1-48fb-8ff7-a757ca8ca0d9\t TransferType: consumed\t Action: download_from_s3\t FileName: mafdb_7511017a4e93687a5be47b55aa4c08eff48c283a8153f5e070747057ad693f80.json\t Bucket: denethor\t FilePath: mafdb/mafdb_7511017a4e93687a5be47b55aa4c08eff48c283a8153f5e070747057ad693f80.json\t LocalFilePath: /tmp/mafdb/mafdb_7511017a4e93687a5be47b55aa4c08eff48c283a8153f5e070747057ad693f80.json\t FileSize: 314 bytes\t TransferDuration: 160.00853699995332 ms\n",
        "ingestionTime": 1745607313237,
        "eventId": "38928343806762646527622699214793776456557925657907363850"
    },
    {
        "logStreamName": "2025/04/25/[$LATEST]b8089c33dbf041ac8583fe8b18383af3",
        "timestamp": 1745607308803,
        "message": "FILE_TRANSFER RequestId: d3965e88-bdd1-48fb-8ff7-a757ca8ca0d9\t TransferType: consumed\t Action: download_from_s3\t FileName: mafdb_3891ae3bc299950ca7a78c4d495828659f2cb320e0641ad8c6bfc4ced2d8e2b0.json\t Bucket: denethor\t FilePath: mafdb/mafdb_3891ae3bc299950ca7a78c4d495828659f2cb320e0641ad8c6bfc4ced2d8e2b0.json\t LocalFilePath: /tmp/mafdb/mafdb_3891ae3bc299950ca7a78c4d495828659f2cb320e0641ad8c6bfc4ced2d8e2b0.json\t FileSize: 355 bytes\t TransferDuration: 159.66477900008158 ms\n",
        "ingestionTime": 1745607313237,
        "eventId": "38928343810308465014189068294297955661909015137358249995"
    },
    {
        "logStreamName": "2025/04/25/[$LATEST]b8089c33dbf041ac8583fe8b18383af3",
        "timestamp": 1745607308943,
        "message": "FILE_TRANSFER RequestId: d3965e88-bdd1-48fb-8ff7-a757ca8ca0d9\t TransferType: consumed\t Action: download_from_s3\t FileName: mafdb_58aa863a1439bf886daca0713239dba1882676aea5266e0af5bebad97529db92.json\t Bucket: denethor\t FilePath: mafdb/mafdb_58aa863a1439bf886daca0713239dba1882676aea5266e0af5bebad97529db92.json\t LocalFilePath: /tmp/mafdb/mafdb_58aa863a1439bf886daca0713239dba1882676aea5266e0af5bebad97529db92.json\t FileSize: 314 bytes\t TransferDuration: 140.1165030000584 ms\n",
        "ingestionTime": 1745607313237,
        "eventId": "38928343813430569341983355534112956220079785748195508236"
    },
    {
        "logStreamName": "2025/04/25/[$LATEST]b8089c33dbf041ac8583fe8b18383af3",
        "timestamp": 1745607309083,
        "message": "FILE_TRANSFER RequestId: d3965e88-bdd1-48fb-8ff7-a757ca8ca0d9\t TransferType: consumed\t Action: download_from_s3\t FileName: mafdb_c1f206b6efa75e1df509578ad4d9fb9ea330d34e7283ccf9d6ad80fdedf66b9a.json\t Bucket: denethor\t FilePath: mafdb/mafdb_c1f206b6efa75e1df509578ad4d9fb9ea330d34e7283ccf9d6ad80fdedf66b9a.json\t LocalFilePath: /tmp/mafdb/mafdb_c1f206b6efa75e1df509578ad4d9fb9ea330d34e7283ccf9d6ad80fdedf66b9a.json\t FileSize: 314 bytes\t TransferDuration: 139.88515299990922 ms\n",
        "ingestionTime": 1745607313237,
        "eventId": "38928343816552673669777642773927956778250556359032766477"
    },
    {
        "logStreamName": "2025/04/25/[$LATEST]b8089c33dbf041ac8583fe8b18383af3",
        "timestamp": 1745607309243,
        "message": "FILE_TRANSFER RequestId: d3965e88-bdd1-48fb-8ff7-a757ca8ca0d9\t TransferType: consumed\t Action: download_from_s3\t FileName: mafdb_c3c2025f352d34b4b79a48619176577388b06f30619772ddea31df49ee988aff.json\t Bucket: denethor\t FilePath: mafdb/mafdb_c3c2025f352d34b4b79a48619176577388b06f30619772ddea31df49ee988aff.json\t LocalFilePath: /tmp/mafdb/mafdb_c3c2025f352d34b4b79a48619176577388b06f30619772ddea31df49ee988aff.json\t FileSize: 314 bytes\t TransferDuration: 159.7340629999735 ms\n",
        "ingestionTime": 1745607313237,
        "eventId": "38928343820120792901542542476573671701874294199989633038"
    },
    {
        "logStreamName": "2025/04/25/[$LATEST]b8089c33dbf041ac8583fe8b18383af3",
        "timestamp": 1745607309383,
        "message": "FILE_TRANSFER RequestId: d3965e88-bdd1-48fb-8ff7-a757ca8ca0d9\t TransferType: consumed\t Action: download_from_s3\t FileName: mafdb_c5b5a3a4bd54a110140df77527325958d257fc9b669bca89b332593540c1dc20.json\t Bucket: denethor\t FilePath: mafdb/mafdb_c5b5a3a4bd54a110140df77527325958d257fc9b669bca89b332593540c1dc20.json\t LocalFilePath: /tmp/mafdb/mafdb_c5b5a3a4bd54a110140df77527325958d257fc9b669bca89b332593540c1dc20.json\t FileSize: 273 bytes\t TransferDuration: 140.10149199998523 ms\n",
        "ingestionTime": 1745607313237,
        "eventId": "38928343823242897229336829716388672260045064810826891279"
    },
    {
        "logStreamName": "2025/04/25/[$LATEST]b8089c33dbf041ac8583fe8b18383af3",
        "timestamp": 1745607309523,
        "message": "FILE_TRANSFER RequestId: d3965e88-bdd1-48fb-8ff7-a757ca8ca0d9\t TransferType: consumed\t Action: download_from_s3\t FileName: mafdb_51e18dc31f0c330513b45085a52c5ecd1e4a0a9130d2805a71368f1cbe17f65e.json\t Bucket: denethor\t FilePath: mafdb/mafdb_51e18dc31f0c330513b45085a52c5ecd1e4a0a9130d2805a71368f1cbe17f65e.json\t LocalFilePath: /tmp/mafdb/mafdb_51e18dc31f0c330513b45085a52c5ecd1e4a0a9130d2805a71368f1cbe17f65e.json\t FileSize: 314 bytes\t TransferDuration: 139.92504700001973 ms\n",
        "ingestionTime": 1745607313237,
        "eventId": "38928343826365001557131116956203672818215835421664149520"
    },
    {
        "logStreamName": "2025/04/25/[$LATEST]b8089c33dbf041ac8583fe8b18383af3",
        "timestamp": 1745607309663,
        "message": "FILE_TRANSFER RequestId: d3965e88-bdd1-48fb-8ff7-a757ca8ca0d9\t TransferType: consumed\t Action: download_from_s3\t FileName: mafdb_95cfb922ebd546f21edcc627a60ea2a6235550bbba3696739fcaca409f1a0232.json\t Bucket: denethor\t FilePath: mafdb/mafdb_95cfb922ebd546f21edcc627a60ea2a6235550bbba3696739fcaca409f1a0232.json\t LocalFilePath: /tmp/mafdb/mafdb_95cfb922ebd546f21edcc627a60ea2a6235550bbba3696739fcaca409f1a0232.json\t FileSize: 273 bytes\t TransferDuration: 139.88689899997553 ms\n",
        "ingestionTime": 1745607313237,
        "eventId": "38928343829487105884925404196018673376386606032501407761"
    },
    {
        "logStreamName": "2025/04/25/[$LATEST]b8089c33dbf041ac8583fe8b18383af3",
        "timestamp": 1745607309823,
        "message": "FILE_TRANSFER RequestId: d3965e88-bdd1-48fb-8ff7-a757ca8ca0d9\t TransferType: consumed\t Action: download_from_s3\t FileName: mafdb_783d326a98c97c227099cd46e1eb2739e8954c844e628390759f21e7b4e19db0.json\t Bucket: denethor\t FilePath: mafdb/mafdb_783d326a98c97c227099cd46e1eb2739e8954c844e628390759f21e7b4e19db0.json\t LocalFilePath: /tmp/mafdb/mafdb_783d326a98c97c227099cd46e1eb2739e8954c844e628390759f21e7b4e19db0.json\t FileSize: 273 bytes\t TransferDuration: 159.90070600003037 ms\n",
        "ingestionTime": 1745607313237,
        "eventId": "38928343833055225116690303898664388300010343873458274322"
    },
    {
        "logStreamName": "2025/04/25/[$LATEST]b8089c33dbf041ac8583fe8b18383af3",
        "timestamp": 1745607309963,
        "message": "FILE_TRANSFER RequestId: d3965e88-bdd1-48fb-8ff7-a757ca8ca0d9\t TransferType: consumed\t Action: download_from_s3\t FileName: mafdb_e7fcb374868f23c5b66908ff13d437f525bdef064d3f7604b08f9b68087e91c4.json\t Bucket: denethor\t FilePath: mafdb/mafdb_e7fcb374868f23c5b66908ff13d437f525bdef064d3f7604b08f9b68087e91c4.json\t LocalFilePath: /tmp/mafdb/mafdb_e7fcb374868f23c5b66908ff13d437f525bdef064d3f7604b08f9b68087e91c4.json\t FileSize: 273 bytes\t TransferDuration: 139.93844200001604 ms\n",
        "ingestionTime": 1745607313237,
        "eventId": "38928343836177329444484591138479388858181114484295532563"
    },
    {
        "logStreamName": "2025/04/25/[$LATEST]b8089c33dbf041ac8583fe8b18383af3",
        "timestamp": 1745607310103,
        "message": "FILE_TRANSFER RequestId: d3965e88-bdd1-48fb-8ff7-a757ca8ca0d9\t TransferType: consumed\t Action: download_from_s3\t FileName: mafdb_bdf7b87e05be228017da27afd5fd158ebe4fcf138008526635b8bcdbe380f328.json\t Bucket: denethor\t FilePath: mafdb/mafdb_bdf7b87e05be228017da27afd5fd158ebe4fcf138008526635b8bcdbe380f328.json\t LocalFilePath: /tmp/mafdb/mafdb_bdf7b87e05be228017da27afd5fd158ebe4fcf138008526635b8bcdbe380f328.json\t FileSize: 273 bytes\t TransferDuration: 139.92071799998484 ms\n",
        "ingestionTime": 1745607313237,
        "eventId": "38928343839299433772278878378294389416351885095132790804"
    },
    {
        "logStreamName": "2025/04/25/[$LATEST]b8089c33dbf041ac8583fe8b18383af3",
        "timestamp": 1745607310244,
        "message": "FILE_TRANSFER RequestId: d3965e88-bdd1-48fb-8ff7-a757ca8ca0d9\t TransferType: consumed\t Action: download_from_s3\t FileName: mafdb_1d419943bc17a86fe648d8caad874862360b7c73c08c99b7c26040bc9939b002.json\t Bucket: denethor\t FilePath: mafdb/mafdb_1d419943bc17a86fe648d8caad874862360b7c73c08c99b7c26040bc9939b002.json\t LocalFilePath: /tmp/mafdb/mafdb_1d419943bc17a86fe648d8caad874862360b7c73c08c99b7c26040bc9939b002.json\t FileSize: 273 bytes\t TransferDuration: 139.903158999914 ms\n",
        "ingestionTime": 1745607313237,
        "eventId": "38928343842443838845271696241250925692795304067476029461"
    },
    {
        "logStreamName": "2025/04/25/[$LATEST]b8089c33dbf041ac8583fe8b18383af3",
        "timestamp": 1745607310403,
        "message": "FILE_TRANSFER RequestId: d3965e88-bdd1-48fb-8ff7-a757ca8ca0d9\t TransferType: consumed\t Action: download_from_s3\t FileName: mafdb_31199a0a134043b94c15114abad10433bfa58c2f87e3106720f88bf29e76f1ae.json\t Bucket: denethor\t FilePath: mafdb/mafdb_31199a0a134043b94c15114abad10433bfa58c2f87e3106720f88bf29e76f1ae.json\t LocalFilePath: /tmp/mafdb/mafdb_31199a0a134043b94c15114abad10433bfa58c2f87e3106720f88bf29e76f1ae.json\t FileSize: 273 bytes\t TransferDuration: 160.07821100004094 ms\n",
        "ingestionTime": 1745607313237,
        "eventId": "38928343845989657331838065320755104898146393546926915606"
    },
    {
        "logStreamName": "2025/04/25/[$LATEST]b8089c33dbf041ac8583fe8b18383af3",
        "timestamp": 1745607310543,
        "message": "FILE_TRANSFER RequestId: d3965e88-bdd1-48fb-8ff7-a757ca8ca0d9\t TransferType: consumed\t Action: download_from_s3\t FileName: mafdb_c2a1e960932a069de5927d1067dde414f501136aba941befca2a4654e72bb08a.json\t Bucket: denethor\t FilePath: mafdb/mafdb_c2a1e960932a069de5927d1067dde414f501136aba941befca2a4654e72bb08a.json\t LocalFilePath: /tmp/mafdb/mafdb_c2a1e960932a069de5927d1067dde414f501136aba941befca2a4654e72bb08a.json\t FileSize: 273 bytes\t TransferDuration: 139.71515100001852 ms\n",
        "ingestionTime": 1745607313237,
        "eventId": "38928343849111761659632352560570105456317164157764173847"
    },
    {
        "logStreamName": "2025/04/25/[$LATEST]b8089c33dbf041ac8583fe8b18383af3",
        "timestamp": 1745607310703,
        "message": "FILE_TRANSFER RequestId: d3965e88-bdd1-48fb-8ff7-a757ca8ca0d9\t TransferType: consumed\t Action: download_from_s3\t FileName: mafdb_49ad0997fa75ff9233f44bffe4f6033aaaf8676ed8f4cbac92057d25395497e6.json\t Bucket: denethor\t FilePath: mafdb/mafdb_49ad0997fa75ff9233f44bffe4f6033aaaf8676ed8f4cbac92057d25395497e6.json\t LocalFilePath: /tmp/mafdb/mafdb_49ad0997fa75ff9233f44bffe4f6033aaaf8676ed8f4cbac92057d25395497e6.json\t FileSize: 273 bytes\t TransferDuration: 160.1105820000157 ms\n",
        "ingestionTime": 1745607313237,
        "eventId": "38928343852679880891397252263215820379940901998721040408"
    },
    {
        "logStreamName": "2025/04/25/[$LATEST]b8089c33dbf041ac8583fe8b18383af3",
        "timestamp": 1745607310843,
        "message": "FILE_TRANSFER RequestId: d3965e88-bdd1-48fb-8ff7-a757ca8ca0d9\t TransferType: consumed\t Action: download_from_s3\t FileName: mafdb_406ececbafe0a937f2a967e4dae5f862923efb2e1397870f6cc1ba8e050e1da7.json\t Bucket: denethor\t FilePath: mafdb/mafdb_406ececbafe0a937f2a967e4dae5f862923efb2e1397870f6cc1ba8e050e1da7.json\t LocalFilePath: /tmp/mafdb/mafdb_406ececbafe0a937f2a967e4dae5f862923efb2e1397870f6cc1ba8e050e1da7.json\t FileSize: 273 bytes\t TransferDuration: 139.77392300000702 ms\n",
        "ingestionTime": 1745607313237,
        "eventId": "38928343855801985219191539503030820938111672609558298649"
    },
    {
        "logStreamName": "2025/04/25/[$LATEST]b8089c33dbf041ac8583fe8b18383af3",
        "timestamp": 1745607310983,
        "message": "FILE_TRANSFER RequestId: d3965e88-bdd1-48fb-8ff7-a757ca8ca0d9\t TransferType: consumed\t Action: download_from_s3\t FileName: mafdb_e7f2f9266538f691bae81aa42aeb881fcfc1833e62d05d9141e808a0cb0095fa.json\t Bucket: denethor\t FilePath: mafdb/mafdb_e7f2f9266538f691bae81aa42aeb881fcfc1833e62d05d9141e808a0cb0095fa.json\t LocalFilePath: /tmp/mafdb/mafdb_e7f2f9266538f691bae81aa42aeb881fcfc1833e62d05d9141e808a0cb0095fa.json\t FileSize: 273 bytes\t TransferDuration: 139.87424499998724 ms\n",
        "ingestionTime": 1745607313237,
        "eventId": "38928343858924089546985826742845821496282443220395556890"
    },
    {
        "logStreamName": "2025/04/25/[$LATEST]b8089c33dbf041ac8583fe8b18383af3",
        "timestamp": 1745607311123,
        "message": "FILE_TRANSFER RequestId: d3965e88-bdd1-48fb-8ff7-a757ca8ca0d9\t TransferType: consumed\t Action: download_from_s3\t FileName: mafdb_e883ff130a9d34d26c58c15a735e96baab78aacec64abad0788f83f54423b943.json\t Bucket: denethor\t FilePath: mafdb/mafdb_e883ff130a9d34d26c58c15a735e96baab78aacec64abad0788f83f54423b943.json\t LocalFilePath: /tmp/mafdb/mafdb_e883ff130a9d34d26c58c15a735e96baab78aacec64abad0788f83f54423b943.json\t FileSize: 273 bytes\t TransferDuration: 139.96994299998278 ms\n",
        "ingestionTime": 1745607313237,
        "eventId": "38928343862046193874780113982660822054453213831232815131"
    },
    {
        "logStreamName": "2025/04/25/[$LATEST]b8089c33dbf041ac8583fe8b18383af3",
        "timestamp": 1745607311283,
        "message": "FILE_TRANSFER RequestId: d3965e88-bdd1-48fb-8ff7-a757ca8ca0d9\t TransferType: consumed\t Action: download_from_s3\t FileName: mafdb_d215ba5497d3d3be2e105b2328e50bdccf602b7e0745016c80fa6f9913e5432f.json\t Bucket: denethor\t FilePath: mafdb/mafdb_d215ba5497d3d3be2e105b2328e50bdccf602b7e0745016c80fa6f9913e5432f.json\t LocalFilePath: /tmp/mafdb/mafdb_d215ba5497d3d3be2e105b2328e50bdccf602b7e0745016c80fa6f9913e5432f.json\t FileSize: 273 bytes\t TransferDuration: 159.82647099997394 ms\n",
        "ingestionTime": 1745607313237,
        "eventId": "38928343865614313106545013685306536978076951672189681692"
    },
    {
        "logStreamName": "2025/04/25/[$LATEST]b8089c33dbf041ac8583fe8b18383af3",
        "timestamp": 1745607311443,
        "message": "FILE_TRANSFER RequestId: d3965e88-bdd1-48fb-8ff7-a757ca8ca0d9\t TransferType: consumed\t Action: download_from_s3\t FileName: mafdb_f871e6272680ce0853ce488fc481f480aa4e243fa14dd104803b05fb209cf094.json\t Bucket: denethor\t FilePath: mafdb/mafdb_f871e6272680ce0853ce488fc481f480aa4e243fa14dd104803b05fb209cf094.json\t LocalFilePath: /tmp/mafdb/mafdb_f871e6272680ce0853ce488fc481f480aa4e243fa14dd104803b05fb209cf094.json\t FileSize: 273 bytes\t TransferDuration: 159.81594200002291 ms\n",
        "ingestionTime": 1745607313237,
        "eventId": "38928343869182432338309913387952251901700689513146548253"
    },
    {
        "logStreamName": "2025/04/25/[$LATEST]b8089c33dbf041ac8583fe8b18383af3",
        "timestamp": 1745607311583,
        "message": "FILE_TRANSFER RequestId: d3965e88-bdd1-48fb-8ff7-a757ca8ca0d9\t TransferType: consumed\t Action: download_from_s3\t FileName: mafdb_2ff7bb92e85df3f56dc7f35d3ca7b2bd150b675386145658d2fca63a9e2a3805.json\t Bucket: denethor\t FilePath: mafdb/mafdb_2ff7bb92e85df3f56dc7f35d3ca7b2bd150b675386145658d2fca63a9e2a3805.json\t LocalFilePath: /tmp/mafdb/mafdb_2ff7bb92e85df3f56dc7f35d3ca7b2bd150b675386145658d2fca63a9e2a3805.json\t FileSize: 273 bytes\t TransferDuration: 140.04408100004184 ms\n",
        "ingestionTime": 1745607313237,
        "eventId": "38928343872304536666104200627767252459871460123983806494"
    },
    {
        "logStreamName": "2025/04/25/[$LATEST]b8089c33dbf041ac8583fe8b18383af3",
        "timestamp": 1745607311723,
        "message": "FILE_TRANSFER RequestId: d3965e88-bdd1-48fb-8ff7-a757ca8ca0d9\t TransferType: consumed\t Action: download_from_s3\t FileName: mafdb_47fb2615fc585137c90363d35106c9022fdcc722571f7ed6d93a0e213c75c760.json\t Bucket: denethor\t FilePath: mafdb/mafdb_47fb2615fc585137c90363d35106c9022fdcc722571f7ed6d93a0e213c75c760.json\t LocalFilePath: /tmp/mafdb/mafdb_47fb2615fc585137c90363d35106c9022fdcc722571f7ed6d93a0e213c75c760.json\t FileSize: 273 bytes\t TransferDuration: 140.06478600003902 ms\n",
        "ingestionTime": 1745607313237,
        "eventId": "38928343875426640993898487867582253018042230734821064735"
    },
    {
        "logStreamName": "2025/04/25/[$LATEST]b8089c33dbf041ac8583fe8b18383af3",
        "timestamp": 1745607311887,
        "message": "FILE_TRANSFER RequestId: d3965e88-bdd1-48fb-8ff7-a757ca8ca0d9\t TransferType: consumed\t Action: download_from_s3\t FileName: mafdb_68e664a9a27eba1488202e5ea16bb79aee50d9c2456068b25a29d7ca46c1450f.json\t Bucket: denethor\t FilePath: mafdb/mafdb_68e664a9a27eba1488202e5ea16bb79aee50d9c2456068b25a29d7ca46c1450f.json\t LocalFilePath: /tmp/mafdb/mafdb_68e664a9a27eba1488202e5ea16bb79aee50d9c2456068b25a29d7ca46c1450f.json\t FileSize: 273 bytes\t TransferDuration: 160.74738400004662 ms\n",
        "ingestionTime": 1745607313237,
        "eventId": "38928343879083963206457510062794110814756562021801852960"
    },
    {
        "logStreamName": "2025/04/25/[$LATEST]b8089c33dbf041ac8583fe8b18383af3",
        "timestamp": 1745607312005,
        "message": "FILE_TRANSFER RequestId: d3965e88-bdd1-48fb-8ff7-a757ca8ca0d9\t TransferType: consumed\t Action: download_from_s3\t FileName: mafdb_f6c9786df6a492206e55eb3d3911d34dbd753bfef23be22d8635d72135a7fbc7.json\t Bucket: denethor\t FilePath: mafdb/mafdb_f6c9786df6a492206e55eb3d3911d34dbd753bfef23be22d8635d72135a7fbc7.json\t LocalFilePath: /tmp/mafdb/mafdb_f6c9786df6a492206e55eb3d3911d34dbd753bfef23be22d8635d72135a7fbc7.json\t FileSize: 273 bytes\t TransferDuration: 120.66316699997515 ms\n",
        "ingestionTime": 1745607313237,
        "eventId": "38928343881715451139884123593495325570929068679507542049"
    },
    {
        "logStreamName": "2025/04/25/[$LATEST]b8089c33dbf041ac8583fe8b18383af3",
        "timestamp": 1745607312183,
        "message": "FILE_TRANSFER RequestId: d3965e88-bdd1-48fb-8ff7-a757ca8ca0d9\t TransferType: consumed\t Action: download_from_s3\t FileName: mafdb_87129d44586b87142d9940a8b1bdbebcfa7b0454f32076964711670e9940a5bc.json\t Bucket: denethor\t FilePath: mafdb/mafdb_87129d44586b87142d9940a8b1bdbebcfa7b0454f32076964711670e9940a5bc.json\t LocalFilePath: /tmp/mafdb/mafdb_87129d44586b87142d9940a8b1bdbebcfa7b0454f32076964711670e9940a5bc.json\t FileSize: 273 bytes\t TransferDuration: 178.26989900004264 ms\n",
        "ingestionTime": 1745607313237,
        "eventId": "38928343885684983785222574512688683423460477027572056098"
    },
    {
        "logStreamName": "2025/04/25/[$LATEST]b8089c33dbf041ac8583fe8b18383af3",
        "timestamp": 1745607312344,
        "message": "FILE_TRANSFER RequestId: d3965e88-bdd1-48fb-8ff7-a757ca8ca0d9\t TransferType: consumed\t Action: download_from_s3\t FileName: mafdb_ffac685782ba2ceabfc02088f70f3473d570818cc3d9c58c8979a425bc171247.json\t Bucket: denethor\t FilePath: mafdb/mafdb_ffac685782ba2ceabfc02088f70f3473d570818cc3d9c58c8979a425bc171247.json\t LocalFilePath: /tmp/mafdb/mafdb_ffac685782ba2ceabfc02088f70f3473d570818cc3d9c58c8979a425bc171247.json\t FileSize: 273 bytes\t TransferDuration: 156.9879139999557 ms\n",
        "ingestionTime": 1745607313237,
        "eventId": "38928343889275403762186004838475934065356863230034903075"
    },
    {
        "logStreamName": "2025/04/25/[$LATEST]b8089c33dbf041ac8583fe8b18383af3",
        "timestamp": 1745607312403,
        "message": "FILE_TRANSFER RequestId: d3965e88-bdd1-48fb-8ff7-a757ca8ca0d9\t TransferType: consumed\t Action: download_from_s3\t FileName: mafdb_42b7a1940d80c9e5d1a1eb427219fad89ed0198775d719cc0f6171541419e487.json\t Bucket: denethor\t FilePath: mafdb/mafdb_42b7a1940d80c9e5d1a1eb427219fad89ed0198775d719cc0f6171541419e487.json\t LocalFilePath: /tmp/mafdb/mafdb_42b7a1940d80c9e5d1a1eb427219fad89ed0198775d719cc0f6171541419e487.json\t FileSize: 273 bytes\t TransferDuration: 62.99245799993969 ms\n",
        "ingestionTime": 1745607313237,
        "eventId": "38928343890591147728899311603826541443443116558887747620"
    },
    {
        "logStreamName": "2025/04/25/[$LATEST]b8089c33dbf041ac8583fe8b18383af3",
        "timestamp": 1745607312571,
        "message": "FILE_TRANSFER RequestId: d3965e88-bdd1-48fb-8ff7-a757ca8ca0d9\t TransferType: consumed\t Action: download_from_s3\t FileName: mafdb_d7e79060050e13568977fc2c739b9eddf447a0cefe974cf809a00c1179f02def.json\t Bucket: denethor\t FilePath: mafdb/mafdb_d7e79060050e13568977fc2c739b9eddf447a0cefe974cf809a00c1179f02def.json\t LocalFilePath: /tmp/mafdb/mafdb_d7e79060050e13568977fc2c739b9eddf447a0cefe974cf809a00c1179f02def.json\t FileSize: 273 bytes\t TransferDuration: 167.12887600010617 ms\n",
        "ingestionTime": 1745607313237,
        "eventId": "38928343894337672922252456291604542113248041291892457509"
    },
    {
        "logStreamName": "2025/04/25/[$LATEST]b8089c33dbf041ac8583fe8b18383af3",
        "timestamp": 1745607312723,
        "message": "FILE_TRANSFER RequestId: d3965e88-bdd1-48fb-8ff7-a757ca8ca0d9\t TransferType: consumed\t Action: download_from_s3\t FileName: mafdb_b61e3844996fd21e45a7d054f79694e53c5aede5327c90900ed7183119a56bfb.json\t Bucket: denethor\t FilePath: mafdb/mafdb_b61e3844996fd21e45a7d054f79694e53c5aede5327c90900ed7183119a56bfb.json\t LocalFilePath: /tmp/mafdb/mafdb_b61e3844996fd21e45a7d054f79694e53c5aede5327c90900ed7183119a56bfb.json\t FileSize: 273 bytes\t TransferDuration: 152.60848499997337 ms\n",
        "ingestionTime": 1745607313237,
        "eventId": "38928343897727386192429111009117971290690592240801480742"
    },
    {
        "logStreamName": "2025/04/25/[$LATEST]b8089c33dbf041ac8583fe8b18383af3",
        "timestamp": 1745607312883,
        "message": "FILE_TRANSFER RequestId: d3965e88-bdd1-48fb-8ff7-a757ca8ca0d9\t TransferType: consumed\t Action: download_from_s3\t FileName: mafdb_29c4ddd140d117364cadffd440f0642c27bbc2412f4567e0cb32891cc3ef36a1.json\t Bucket: denethor\t FilePath: mafdb/mafdb_29c4ddd140d117364cadffd440f0642c27bbc2412f4567e0cb32891cc3ef36a1.json\t LocalFilePath: /tmp/mafdb/mafdb_29c4ddd140d117364cadffd440f0642c27bbc2412f4567e0cb32891cc3ef36a1.json\t FileSize: 273 bytes\t TransferDuration: 159.7448349999695 ms\n",
        "ingestionTime": 1745607313237,
        "eventId": "38928343901295505424194010711763686214314330081758347303"
    },
    {
        "logStreamName": "2025/04/25/[$LATEST]b8089c33dbf041ac8583fe8b18383af3",
        "timestamp": 1745607313044,
        "message": "FILE_TRANSFER RequestId: d3965e88-bdd1-48fb-8ff7-a757ca8ca0d9\t TransferType: consumed\t Action: download_from_s3\t FileName: mafdb_4626fea2abf7ed35f5f28026640ab18610584687978217b1f40af22fe37f6572.json\t Bucket: denethor\t FilePath: mafdb/mafdb_4626fea2abf7ed35f5f28026640ab18610584687978217b1f40af22fe37f6572.json\t LocalFilePath: /tmp/mafdb/mafdb_4626fea2abf7ed35f5f28026640ab18610584687978217b1f40af22fe37f6572.json\t FileSize: 273 bytes\t TransferDuration: 159.98882499991396 ms\n",
        "ingestionTime": 1745607313237,
        "eventId": "38928343904885925401157441037550936856210716284221194280"
    },
    {
        "logStreamName": "2025/04/25/[$LATEST]b8089c33dbf041ac8583fe8b18383af3",
        "timestamp": 1745607313183,
        "message": "FILE_TRANSFER RequestId: d3965e88-bdd1-48fb-8ff7-a757ca8ca0d9\t TransferType: consumed\t Action: download_from_s3\t FileName: mafdb_445b1fba33e16cd436442a3a77bf395f50fd97b749d80a4ea1cdfce773bb0774.json\t Bucket: denethor\t FilePath: mafdb/mafdb_445b1fba33e16cd436442a3a77bf395f50fd97b749d80a4ea1cdfce773bb0774.json\t LocalFilePath: /tmp/mafdb/mafdb_445b1fba33e16cd436442a3a77bf395f50fd97b749d80a4ea1cdfce773bb0774.json\t FileSize: 273 bytes\t TransferDuration: 139.84125399997538 ms\n",
        "ingestionTime": 1745607322201,
        "eventId": "38928343907985728983753197665061416497031361040110780416"
    },
    {
        "logStreamName": "2025/04/25/[$LATEST]b8089c33dbf041ac8583fe8b18383af3",
        "timestamp": 1745607313343,
        "message": "FILE_TRANSFER RequestId: d3965e88-bdd1-48fb-8ff7-a757ca8ca0d9\t TransferType: consumed\t Action: download_from_s3\t FileName: mafdb_7aa0e0772e1c689c49550813d4d69f69cf00ce1c31ded8e93e9d062016b4ea81.json\t Bucket: denethor\t FilePath: mafdb/mafdb_7aa0e0772e1c689c49550813d4d69f69cf00ce1c31ded8e93e9d062016b4ea81.json\t LocalFilePath: /tmp/mafdb/mafdb_7aa0e0772e1c689c49550813d4d69f69cf00ce1c31ded8e93e9d062016b4ea81.json\t FileSize: 273 bytes\t TransferDuration: 159.886948999997 ms\n",
        "ingestionTime": 1745607322201,
        "eventId": "38928343911553848215518097367707131420655098881067646977"
    },
    {
        "logStreamName": "2025/04/25/[$LATEST]b8089c33dbf041ac8583fe8b18383af3",
        "timestamp": 1745607313483,
        "message": "FILE_TRANSFER RequestId: d3965e88-bdd1-48fb-8ff7-a757ca8ca0d9\t TransferType: consumed\t Action: download_from_s3\t FileName: mafdb_a10de1e435f46b875ce088b70edd639bb15f15e47181e4a02fd1d3279f474a75.json\t Bucket: denethor\t FilePath: mafdb/mafdb_a10de1e435f46b875ce088b70edd639bb15f15e47181e4a02fd1d3279f474a75.json\t LocalFilePath: /tmp/mafdb/mafdb_a10de1e435f46b875ce088b70edd639bb15f15e47181e4a02fd1d3279f474a75.json\t FileSize: 273 bytes\t TransferDuration: 139.92483699996683 ms\n",
        "ingestionTime": 1745607322201,
        "eventId": "38928343914675952543312384607522131978825869491904905218"
    },
    {
        "logStreamName": "2025/04/25/[$LATEST]b8089c33dbf041ac8583fe8b18383af3",
        "timestamp": 1745607313643,
        "message": "FILE_TRANSFER RequestId: d3965e88-bdd1-48fb-8ff7-a757ca8ca0d9\t TransferType: consumed\t Action: download_from_s3\t FileName: mafdb_e61287967464938dd8658e2b6f8063c95a2a8288b950145c07d8cd279f06fe96.json\t Bucket: denethor\t FilePath: mafdb/mafdb_e61287967464938dd8658e2b6f8063c95a2a8288b950145c07d8cd279f06fe96.json\t LocalFilePath: /tmp/mafdb/mafdb_e61287967464938dd8658e2b6f8063c95a2a8288b950145c07d8cd279f06fe96.json\t FileSize: 232 bytes\t TransferDuration: 159.78310100001636 ms\n",
        "ingestionTime": 1745607322201,
        "eventId": "38928343918244071775077284310167846902449607332861771779"
    },
    {
        "logStreamName": "2025/04/25/[$LATEST]b8089c33dbf041ac8583fe8b18383af3",
        "timestamp": 1745607313783,
        "message": "FILE_TRANSFER RequestId: d3965e88-bdd1-48fb-8ff7-a757ca8ca0d9\t TransferType: consumed\t Action: download_from_s3\t FileName: mafdb_45d317fa4103ebc6a5ca76d68fd00bce02d7a5f088e6155430a660f0514147a3.json\t Bucket: denethor\t FilePath: mafdb/mafdb_45d317fa4103ebc6a5ca76d68fd00bce02d7a5f088e6155430a660f0514147a3.json\t LocalFilePath: /tmp/mafdb/mafdb_45d317fa4103ebc6a5ca76d68fd00bce02d7a5f088e6155430a660f0514147a3.json\t FileSize: 232 bytes\t TransferDuration: 140.05900799998017 ms\n",
        "ingestionTime": 1745607322201,
        "eventId": "38928343921366176102871571549982847460620377943699030020"
    },
    {
        "logStreamName": "2025/04/25/[$LATEST]b8089c33dbf041ac8583fe8b18383af3",
        "timestamp": 1745607313924,
        "message": "FILE_TRANSFER RequestId: d3965e88-bdd1-48fb-8ff7-a757ca8ca0d9\t TransferType: consumed\t Action: download_from_s3\t FileName: mafdb_953e1a111e13fbeb681f915778ac824e009ef79d64fc7cfa76e6c118a64274b0.json\t Bucket: denethor\t FilePath: mafdb/mafdb_953e1a111e13fbeb681f915778ac824e009ef79d64fc7cfa76e6c118a64274b0.json\t LocalFilePath: /tmp/mafdb/mafdb_953e1a111e13fbeb681f915778ac824e009ef79d64fc7cfa76e6c118a64274b0.json\t FileSize: 232 bytes\t TransferDuration: 139.92915500000436 ms\n",
        "ingestionTime": 1745607322201,
        "eventId": "38928343924510581175864389412939383737063796916042268677"
    },
    {
        "logStreamName": "2025/04/25/[$LATEST]b8089c33dbf041ac8583fe8b18383af3",
        "timestamp": 1745607314063,
        "message": "FILE_TRANSFER RequestId: d3965e88-bdd1-48fb-8ff7-a757ca8ca0d9\t TransferType: consumed\t Action: download_from_s3\t FileName: mafdb_dd5bb0860cd8cfcf1de73c7e51fea56058e02019372b37c0fbe797a9a837ad38.json\t Bucket: denethor\t FilePath: mafdb/mafdb_dd5bb0860cd8cfcf1de73c7e51fea56058e02019372b37c0fbe797a9a837ad38.json\t LocalFilePath: /tmp/mafdb/mafdb_dd5bb0860cd8cfcf1de73c7e51fea56058e02019372b37c0fbe797a9a837ad38.json\t FileSize: 232 bytes\t TransferDuration: 139.85556299996915 ms\n",
        "ingestionTime": 1745607322201,
        "eventId": "38928343927610384758460146029612848576961919165373546502"
    },
    {
        "logStreamName": "2025/04/25/[$LATEST]b8089c33dbf041ac8583fe8b18383af3",
        "timestamp": 1745607314204,
        "message": "FILE_TRANSFER RequestId: d3965e88-bdd1-48fb-8ff7-a757ca8ca0d9\t TransferType: consumed\t Action: download_from_s3\t FileName: mafdb_4a69772641578ec2d1db9c6dd1aabd576f4015e01037c89e4cf54545772984e3.json\t Bucket: denethor\t FilePath: mafdb/mafdb_4a69772641578ec2d1db9c6dd1aabd576f4015e01037c89e4cf54545772984e3.json\t LocalFilePath: /tmp/mafdb/mafdb_4a69772641578ec2d1db9c6dd1aabd576f4015e01037c89e4cf54545772984e3.json\t FileSize: 232 bytes\t TransferDuration: 140.4142530000172 ms\n",
        "ingestionTime": 1745607322201,
        "eventId": "38928343930754789831452963892569384853405338137716785159"
    },
    {
        "logStreamName": "2025/04/25/[$LATEST]b8089c33dbf041ac8583fe8b18383af3",
        "timestamp": 1745607314363,
        "message": "FILE_TRANSFER RequestId: d3965e88-bdd1-48fb-8ff7-a757ca8ca0d9\t TransferType: consumed\t Action: download_from_s3\t FileName: mafdb_f15d6d133941e8137799af5c1c04fc577dd74e96149a2ccd80e4f571114f20e3.json\t Bucket: denethor\t FilePath: mafdb/mafdb_f15d6d133941e8137799af5c1c04fc577dd74e96149a2ccd80e4f571114f20e3.json\t LocalFilePath: /tmp/mafdb/mafdb_f15d6d133941e8137799af5c1c04fc577dd74e96149a2ccd80e4f571114f20e3.json\t FileSize: 232 bytes\t TransferDuration: 159.32472099996176 ms\n",
        "ingestionTime": 1745607322201,
        "eventId": "38928343934300608318019332972073564058756427617167671304"
    },
    {
        "logStreamName": "2025/04/25/[$LATEST]b8089c33dbf041ac8583fe8b18383af3",
        "timestamp": 1745607314503,
        "message": "FILE_TRANSFER RequestId: d3965e88-bdd1-48fb-8ff7-a757ca8ca0d9\t TransferType: consumed\t Action: download_from_s3\t FileName: mafdb_f6df04e8133221cbf519260251139ebd37c34febe492851dd4458992bca83c94.json\t Bucket: denethor\t FilePath: mafdb/mafdb_f6df04e8133221cbf519260251139ebd37c34febe492851dd4458992bca83c94.json\t LocalFilePath: /tmp/mafdb/mafdb_f6df04e8133221cbf519260251139ebd37c34febe492851dd4458992bca83c94.json\t FileSize: 232 bytes\t TransferDuration: 139.9137600000131 ms\n",
        "ingestionTime": 1745607322201,
        "eventId": "38928343937422712645813620211888564616927198228004929545"
    },
    {
        "logStreamName": "2025/04/25/[$LATEST]b8089c33dbf041ac8583fe8b18383af3",
        "timestamp": 1745607314643,
        "message": "FILE_TRANSFER RequestId: d3965e88-bdd1-48fb-8ff7-a757ca8ca0d9\t TransferType: consumed\t Action: download_from_s3\t FileName: mafdb_6f51ab0e641bb384954092390e08d5f95ec4531f17a7dfba439beb3259e5929a.json\t Bucket: denethor\t FilePath: mafdb/mafdb_6f51ab0e641bb384954092390e08d5f95ec4531f17a7dfba439beb3259e5929a.json\t LocalFilePath: /tmp/mafdb/mafdb_6f51ab0e641bb384954092390e08d5f95ec4531f17a7dfba439beb3259e5929a.json\t FileSize: 232 bytes\t TransferDuration: 140.04577600007906 ms\n",
        "ingestionTime": 1745607322201,
        "eventId": "38928343940544816973607907451703565175097968838842187786"
    },
    {
        "logStreamName": "2025/04/25/[$LATEST]b8089c33dbf041ac8583fe8b18383af3",
        "timestamp": 1745607314783,
        "message": "FILE_TRANSFER RequestId: d3965e88-bdd1-48fb-8ff7-a757ca8ca0d9\t TransferType: consumed\t Action: download_from_s3\t FileName: mafdb_fac1936d51dfedc6b2390b5bce6179113332479afc4a5757defe3114aec8f0bb.json\t Bucket: denethor\t FilePath: mafdb/mafdb_fac1936d51dfedc6b2390b5bce6179113332479afc4a5757defe3114aec8f0bb.json\t LocalFilePath: /tmp/mafdb/mafdb_fac1936d51dfedc6b2390b5bce6179113332479afc4a5757defe3114aec8f0bb.json\t FileSize: 232 bytes\t TransferDuration: 139.942431999998 ms\n",
        "ingestionTime": 1745607322201,
        "eventId": "38928343943666921301402194691518565733268739449679446027"
    },
    {
        "logStreamName": "2025/04/25/[$LATEST]b8089c33dbf041ac8583fe8b18383af3",
        "timestamp": 1745607315103,
        "message": "FILE_TRANSFER RequestId: d3965e88-bdd1-48fb-8ff7-a757ca8ca0d9\t TransferType: consumed\t Action: download_from_s3\t FileName: mafdb_715bea8166387785654d4817b63af51d4368d79e15da6d3149784cf360d76eaa.json\t Bucket: denethor\t FilePath: mafdb/mafdb_715bea8166387785654d4817b63af51d4368d79e15da6d3149784cf360d76eaa.json\t LocalFilePath: /tmp/mafdb/mafdb_715bea8166387785654d4817b63af51d4368d79e15da6d3149784cf360d76eaa.json\t FileSize: 232 bytes\t TransferDuration: 319.7932719999699 ms\n",
        "ingestionTime": 1745607322201,
        "eventId": "38928343950803159764931994096809995580516215131593179148"
    },
    {
        "logStreamName": "2025/04/25/[$LATEST]b8089c33dbf041ac8583fe8b18383af3",
        "timestamp": 1745607315243,
        "message": "FILE_TRANSFER RequestId: d3965e88-bdd1-48fb-8ff7-a757ca8ca0d9\t TransferType: consumed\t Action: download_from_s3\t FileName: mafdb_37f48e1b859b9b0ccb1d3918e3547c15f7c27b9cfc7ada49018043d3593d2b30.json\t Bucket: denethor\t FilePath: mafdb/mafdb_37f48e1b859b9b0ccb1d3918e3547c15f7c27b9cfc7ada49018043d3593d2b30.json\t LocalFilePath: /tmp/mafdb/mafdb_37f48e1b859b9b0ccb1d3918e3547c15f7c27b9cfc7ada49018043d3593d2b30.json\t FileSize: 232 bytes\t TransferDuration: 139.91903199996614 ms\n",
        "ingestionTime": 1745607322201,
        "eventId": "38928343953925264092726281336624996138686985742430437389"
    },
    {
        "logStreamName": "2025/04/25/[$LATEST]b8089c33dbf041ac8583fe8b18383af3",
        "timestamp": 1745607315383,
        "message": "FILE_TRANSFER RequestId: d3965e88-bdd1-48fb-8ff7-a757ca8ca0d9\t TransferType: consumed\t Action: download_from_s3\t FileName: mafdb_e55488255b1fbcc9aaabaac963dff236ce30a48f048179f2652bf6431063cf4b.json\t Bucket: denethor\t FilePath: mafdb/mafdb_e55488255b1fbcc9aaabaac963dff236ce30a48f048179f2652bf6431063cf4b.json\t LocalFilePath: /tmp/mafdb/mafdb_e55488255b1fbcc9aaabaac963dff236ce30a48f048179f2652bf6431063cf4b.json\t FileSize: 232 bytes\t TransferDuration: 140.0112790000776 ms\n",
        "ingestionTime": 1745607322201,
        "eventId": "38928343957047368420520568576439996696857756353267695630"
    },
    {
        "logStreamName": "2025/04/25/[$LATEST]b8089c33dbf041ac8583fe8b18383af3",
        "timestamp": 1745607315523,
        "message": "FILE_TRANSFER RequestId: d3965e88-bdd1-48fb-8ff7-a757ca8ca0d9\t TransferType: consumed\t Action: download_from_s3\t FileName: mafdb_5622c4af29c03a55db15361b96ebd57532e3d5deb3791cbd1444627fe1ca62ba.json\t Bucket: denethor\t FilePath: mafdb/mafdb_5622c4af29c03a55db15361b96ebd57532e3d5deb3791cbd1444627fe1ca62ba.json\t LocalFilePath: /tmp/mafdb/mafdb_5622c4af29c03a55db15361b96ebd57532e3d5deb3791cbd1444627fe1ca62ba.json\t FileSize: 232 bytes\t TransferDuration: 139.91794200001095 ms\n",
        "ingestionTime": 1745607322201,
        "eventId": "38928343960169472748314855816254997255028526964104953871"
    },
    {
        "logStreamName": "2025/04/25/[$LATEST]b8089c33dbf041ac8583fe8b18383af3",
        "timestamp": 1745607315683,
        "message": "FILE_TRANSFER RequestId: d3965e88-bdd1-48fb-8ff7-a757ca8ca0d9\t TransferType: consumed\t Action: download_from_s3\t FileName: mafdb_baef90e470015ad8cbd57d9f360bf7d85807b59e2cd60cbcd58c003293486741.json\t Bucket: denethor\t FilePath: mafdb/mafdb_baef90e470015ad8cbd57d9f360bf7d85807b59e2cd60cbcd58c003293486741.json\t LocalFilePath: /tmp/mafdb/mafdb_baef90e470015ad8cbd57d9f360bf7d85807b59e2cd60cbcd58c003293486741.json\t FileSize: 232 bytes\t TransferDuration: 159.93485999990753 ms\n",
        "ingestionTime": 1745607322201,
        "eventId": "38928343963737591980079755518900712178652264805061820432"
    },
    {
        "logStreamName": "2025/04/25/[$LATEST]b8089c33dbf041ac8583fe8b18383af3",
        "timestamp": 1745607315823,
        "message": "FILE_TRANSFER RequestId: d3965e88-bdd1-48fb-8ff7-a757ca8ca0d9\t TransferType: consumed\t Action: download_from_s3\t FileName: mafdb_44786d15636736367c1c71748c6f6ad88c51a0acf9651aa1d2aab053f2b49895.json\t Bucket: denethor\t FilePath: mafdb/mafdb_44786d15636736367c1c71748c6f6ad88c51a0acf9651aa1d2aab053f2b49895.json\t LocalFilePath: /tmp/mafdb/mafdb_44786d15636736367c1c71748c6f6ad88c51a0acf9651aa1d2aab053f2b49895.json\t FileSize: 232 bytes\t TransferDuration: 139.8793299999852 ms\n",
        "ingestionTime": 1745607322201,
        "eventId": "38928343966859696307874042758715712736823035415899078673"
    },
    {
        "logStreamName": "2025/04/25/[$LATEST]b8089c33dbf041ac8583fe8b18383af3",
        "timestamp": 1745607315963,
        "message": "FILE_TRANSFER RequestId: d3965e88-bdd1-48fb-8ff7-a757ca8ca0d9\t TransferType: consumed\t Action: download_from_s3\t FileName: mafdb_050eb4506b88aa955760b80fe61fa5f2dc7867810f3fd968c62f0f2b1721b84a.json\t Bucket: denethor\t FilePath: mafdb/mafdb_050eb4506b88aa955760b80fe61fa5f2dc7867810f3fd968c62f0f2b1721b84a.json\t LocalFilePath: /tmp/mafdb/mafdb_050eb4506b88aa955760b80fe61fa5f2dc7867810f3fd968c62f0f2b1721b84a.json\t FileSize: 232 bytes\t TransferDuration: 139.90679999994882 ms\n",
        "ingestionTime": 1745607322201,
        "eventId": "38928343969981800635668329998530713294993806026736336914"
    },
    {
        "logStreamName": "2025/04/25/[$LATEST]b8089c33dbf041ac8583fe8b18383af3",
        "timestamp": 1745607316123,
        "message": "FILE_TRANSFER RequestId: d3965e88-bdd1-48fb-8ff7-a757ca8ca0d9\t TransferType: consumed\t Action: download_from_s3\t FileName: mafdb_4294147453f0881ff5d40ffeafab616f4bd8a7ba876322d7a55e79a2b54c515e.json\t Bucket: denethor\t FilePath: mafdb/mafdb_4294147453f0881ff5d40ffeafab616f4bd8a7ba876322d7a55e79a2b54c515e.json\t LocalFilePath: /tmp/mafdb/mafdb_4294147453f0881ff5d40ffeafab616f4bd8a7ba876322d7a55e79a2b54c515e.json\t FileSize: 232 bytes\t TransferDuration: 159.86766000003172 ms\n",
        "ingestionTime": 1745607322201,
        "eventId": "38928343973549919867433229701176428218617543867693203475"
    },
    {
        "logStreamName": "2025/04/25/[$LATEST]b8089c33dbf041ac8583fe8b18383af3",
        "timestamp": 1745607316263,
        "message": "FILE_TRANSFER RequestId: d3965e88-bdd1-48fb-8ff7-a757ca8ca0d9\t TransferType: consumed\t Action: download_from_s3\t FileName: mafdb_605d104cfc6518c6e800159628fbe1a7412ae8cd691423eaa1505e85821ecac9.json\t Bucket: denethor\t FilePath: mafdb/mafdb_605d104cfc6518c6e800159628fbe1a7412ae8cd691423eaa1505e85821ecac9.json\t LocalFilePath: /tmp/mafdb/mafdb_605d104cfc6518c6e800159628fbe1a7412ae8cd691423eaa1505e85821ecac9.json\t FileSize: 232 bytes\t TransferDuration: 139.94087700007185 ms\n",
        "ingestionTime": 1745607322201,
        "eventId": "38928343976672024195227516940991428776788314478530461716"
    },
    {
        "logStreamName": "2025/04/25/[$LATEST]b8089c33dbf041ac8583fe8b18383af3",
        "timestamp": 1745607316423,
        "message": "FILE_TRANSFER RequestId: d3965e88-bdd1-48fb-8ff7-a757ca8ca0d9\t TransferType: consumed\t Action: download_from_s3\t FileName: mafdb_07f2663350ea1ac790cef8d65d693e9f9a8a7ff3d9613fcbba8694ef3a437497.json\t Bucket: denethor\t FilePath: mafdb/mafdb_07f2663350ea1ac790cef8d65d693e9f9a8a7ff3d9613fcbba8694ef3a437497.json\t LocalFilePath: /tmp/mafdb/mafdb_07f2663350ea1ac790cef8d65d693e9f9a8a7ff3d9613fcbba8694ef3a437497.json\t FileSize: 232 bytes\t TransferDuration: 159.80346300000292 ms\n",
        "ingestionTime": 1745607322201,
        "eventId": "38928343980240143426992416643637143700412052319487328277"
    },
    {
        "logStreamName": "2025/04/25/[$LATEST]b8089c33dbf041ac8583fe8b18383af3",
        "timestamp": 1745607316563,
        "message": "FILE_TRANSFER RequestId: d3965e88-bdd1-48fb-8ff7-a757ca8ca0d9\t TransferType: consumed\t Action: download_from_s3\t FileName: mafdb_8fcd7595555ece58e0a06c2001637a9999683df07ff0bb320faaf120f0012491.json\t Bucket: denethor\t FilePath: mafdb/mafdb_8fcd7595555ece58e0a06c2001637a9999683df07ff0bb320faaf120f0012491.json\t LocalFilePath: /tmp/mafdb/mafdb_8fcd7595555ece58e0a06c2001637a9999683df07ff0bb320faaf120f0012491.json\t FileSize: 232 bytes\t TransferDuration: 139.93548500002362 ms\n",
        "ingestionTime": 1745607322201,
        "eventId": "38928343983362247754786703883452144258582822930324586518"
    },
    {
        "logStreamName": "2025/04/25/[$LATEST]b8089c33dbf041ac8583fe8b18383af3",
        "timestamp": 1745607316703,
        "message": "FILE_TRANSFER RequestId: d3965e88-bdd1-48fb-8ff7-a757ca8ca0d9\t TransferType: consumed\t Action: download_from_s3\t FileName: mafdb_bbfa141f6d386c293116f72d99a69176e8fb9e24cdaec03b209b077478ad859d.json\t Bucket: denethor\t FilePath: mafdb/mafdb_bbfa141f6d386c293116f72d99a69176e8fb9e24cdaec03b209b077478ad859d.json\t LocalFilePath: /tmp/mafdb/mafdb_bbfa141f6d386c293116f72d99a69176e8fb9e24cdaec03b209b077478ad859d.json\t FileSize: 232 bytes\t TransferDuration: 140.11790000006386 ms\n",
        "ingestionTime": 1745607322201,
        "eventId": "38928343986484352082580991123267144816753593541161844759"
    },
    {
        "logStreamName": "2025/04/25/[$LATEST]b8089c33dbf041ac8583fe8b18383af3",
        "timestamp": 1745607316843,
        "message": "FILE_TRANSFER RequestId: d3965e88-bdd1-48fb-8ff7-a757ca8ca0d9\t TransferType: consumed\t Action: download_from_s3\t FileName: mafdb_f4fb8761643a453074d9572d96789515b973db43273265bfc07d10c2b3697e6d.json\t Bucket: denethor\t FilePath: mafdb/mafdb_f4fb8761643a453074d9572d96789515b973db43273265bfc07d10c2b3697e6d.json\t LocalFilePath: /tmp/mafdb/mafdb_f4fb8761643a453074d9572d96789515b973db43273265bfc07d10c2b3697e6d.json\t FileSize: 232 bytes\t TransferDuration: 139.86668600000485 ms\n",
        "ingestionTime": 1745607322201,
        "eventId": "38928343989606456410375278363082145374924364151999103000"
    },
    {
        "logStreamName": "2025/04/25/[$LATEST]b8089c33dbf041ac8583fe8b18383af3",
        "timestamp": 1745607317003,
        "message": "FILE_TRANSFER RequestId: d3965e88-bdd1-48fb-8ff7-a757ca8ca0d9\t TransferType: consumed\t Action: download_from_s3\t FileName: mafdb_a2b1b534b2611b710744fb6756c33616a3588ee03d8aa6972d23e492b2c485de.json\t Bucket: denethor\t FilePath: mafdb/mafdb_a2b1b534b2611b710744fb6756c33616a3588ee03d8aa6972d23e492b2c485de.json\t LocalFilePath: /tmp/mafdb/mafdb_a2b1b534b2611b710744fb6756c33616a3588ee03d8aa6972d23e492b2c485de.json\t FileSize: 232 bytes\t TransferDuration: 159.72410999995645 ms\n",
        "ingestionTime": 1745607322201,
        "eventId": "38928343993174575642140178065727860298548101992955969561"
    },
    {
        "logStreamName": "2025/04/25/[$LATEST]b8089c33dbf041ac8583fe8b18383af3",
        "timestamp": 1745607317143,
        "message": "FILE_TRANSFER RequestId: d3965e88-bdd1-48fb-8ff7-a757ca8ca0d9\t TransferType: consumed\t Action: download_from_s3\t FileName: mafdb_5bec77bc9d7c4d8fa3517dfa40512bc1eb17b502f07bd7ca8c55258b719bc02b.json\t Bucket: denethor\t FilePath: mafdb/mafdb_5bec77bc9d7c4d8fa3517dfa40512bc1eb17b502f07bd7ca8c55258b719bc02b.json\t LocalFilePath: /tmp/mafdb/mafdb_5bec77bc9d7c4d8fa3517dfa40512bc1eb17b502f07bd7ca8c55258b719bc02b.json\t FileSize: 232 bytes\t TransferDuration: 140.0379620000649 ms\n",
        "ingestionTime": 1745607322201,
        "eventId": "38928343996296679969934465305542860856718872603793227802"
    },
    {
        "logStreamName": "2025/04/25/[$LATEST]b8089c33dbf041ac8583fe8b18383af3",
        "timestamp": 1745607317283,
        "message": "FILE_TRANSFER RequestId: d3965e88-bdd1-48fb-8ff7-a757ca8ca0d9\t TransferType: consumed\t Action: download_from_s3\t FileName: mafdb_8bc6b1285675133cf71abced5feadde67801ce1183d48ccdfce4ad5c847e0d16.json\t Bucket: denethor\t FilePath: mafdb/mafdb_8bc6b1285675133cf71abced5feadde67801ce1183d48ccdfce4ad5c847e0d16.json\t LocalFilePath: /tmp/mafdb/mafdb_8bc6b1285675133cf71abced5feadde67801ce1183d48ccdfce4ad5c847e0d16.json\t FileSize: 232 bytes\t TransferDuration: 139.9206859999822 ms\n",
        "ingestionTime": 1745607322201,
        "eventId": "38928343999418784297728752545357861414889643214630486043"
    },
    {
        "logStreamName": "2025/04/25/[$LATEST]b8089c33dbf041ac8583fe8b18383af3",
        "timestamp": 1745607317443,
        "message": "FILE_TRANSFER RequestId: d3965e88-bdd1-48fb-8ff7-a757ca8ca0d9\t TransferType: consumed\t Action: download_from_s3\t FileName: mafdb_1719bb211bc811b78f2b2552b36c500d404a9ba670915a8c816c3078a55e8987.json\t Bucket: denethor\t FilePath: mafdb/mafdb_1719bb211bc811b78f2b2552b36c500d404a9ba670915a8c816c3078a55e8987.json\t LocalFilePath: /tmp/mafdb/mafdb_1719bb211bc811b78f2b2552b36c500d404a9ba670915a8c816c3078a55e8987.json\t FileSize: 232 bytes\t TransferDuration: 159.92125400009627 ms\n",
        "ingestionTime": 1745607322201,
        "eventId": "38928344002986903529493652248003576338513381055587352604"
    },
    {
        "logStreamName": "2025/04/25/[$LATEST]b8089c33dbf041ac8583fe8b18383af3",
        "timestamp": 1745607317603,
        "message": "FILE_TRANSFER RequestId: d3965e88-bdd1-48fb-8ff7-a757ca8ca0d9\t TransferType: consumed\t Action: download_from_s3\t FileName: mafdb_c47f40aaed70b274856370b8e6e48399beb4c8971c66ddd8be8d566d440a78a7.json\t Bucket: denethor\t FilePath: mafdb/mafdb_c47f40aaed70b274856370b8e6e48399beb4c8971c66ddd8be8d566d440a78a7.json\t LocalFilePath: /tmp/mafdb/mafdb_c47f40aaed70b274856370b8e6e48399beb4c8971c66ddd8be8d566d440a78a7.json\t FileSize: 232 bytes\t TransferDuration: 159.90772199995718 ms\n",
        "ingestionTime": 1745607322201,
        "eventId": "38928344006555022761258551950649291262137118896544219165"
    },
    {
        "logStreamName": "2025/04/25/[$LATEST]b8089c33dbf041ac8583fe8b18383af3",
        "timestamp": 1745607317743,
        "message": "FILE_TRANSFER RequestId: d3965e88-bdd1-48fb-8ff7-a757ca8ca0d9\t TransferType: consumed\t Action: download_from_s3\t FileName: mafdb_58254360ee9cb4b928a0b69f4adfd78688391955b6d2b02adf2e814125a07479.json\t Bucket: denethor\t FilePath: mafdb/mafdb_58254360ee9cb4b928a0b69f4adfd78688391955b6d2b02adf2e814125a07479.json\t LocalFilePath: /tmp/mafdb/mafdb_58254360ee9cb4b928a0b69f4adfd78688391955b6d2b02adf2e814125a07479.json\t FileSize: 232 bytes\t TransferDuration: 139.93378700001813 ms\n",
        "ingestionTime": 1745607322201,
        "eventId": "38928344009677127089052839190464291820307889507381477406"
    },
    {
        "logStreamName": "2025/04/25/[$LATEST]b8089c33dbf041ac8583fe8b18383af3",
        "timestamp": 1745607317903,
        "message": "FILE_TRANSFER RequestId: d3965e88-bdd1-48fb-8ff7-a757ca8ca0d9\t TransferType: consumed\t Action: download_from_s3\t FileName: mafdb_fe8c7e0440e490074b179c7fee9f5abe850a2768dbc77d752a6701c83b764fd4.json\t Bucket: denethor\t FilePath: mafdb/mafdb_fe8c7e0440e490074b179c7fee9f5abe850a2768dbc77d752a6701c83b764fd4.json\t LocalFilePath: /tmp/mafdb/mafdb_fe8c7e0440e490074b179c7fee9f5abe850a2768dbc77d752a6701c83b764fd4.json\t FileSize: 232 bytes\t TransferDuration: 159.7693319999962 ms\n",
        "ingestionTime": 1745607322201,
        "eventId": "38928344013245246320817738893110006743931627348338343967"
    },
    {
        "logStreamName": "2025/04/25/[$LATEST]b8089c33dbf041ac8583fe8b18383af3",
        "timestamp": 1745607318043,
        "message": "FILE_TRANSFER RequestId: d3965e88-bdd1-48fb-8ff7-a757ca8ca0d9\t TransferType: consumed\t Action: download_from_s3\t FileName: mafdb_4875c145af921680114234ea5e55d59b851e8bb06310ce7c9ba80b21e93e80f9.json\t Bucket: denethor\t FilePath: mafdb/mafdb_4875c145af921680114234ea5e55d59b851e8bb06310ce7c9ba80b21e93e80f9.json\t LocalFilePath: /tmp/mafdb/mafdb_4875c145af921680114234ea5e55d59b851e8bb06310ce7c9ba80b21e93e80f9.json\t FileSize: 232 bytes\t TransferDuration: 140.05522100001144 ms\n",
        "ingestionTime": 1745607322201,
        "eventId": "38928344016367350648612026132925007302102397959175602208"
    },
    {
        "logStreamName": "2025/04/25/[$LATEST]b8089c33dbf041ac8583fe8b18383af3",
        "timestamp": 1745607318183,
        "message": "FILE_TRANSFER RequestId: d3965e88-bdd1-48fb-8ff7-a757ca8ca0d9\t TransferType: consumed\t Action: download_from_s3\t FileName: mafdb_2b5302c20981e36a3d85c97e2d12117774582905d95507fa3601d5c3760671f6.json\t Bucket: denethor\t FilePath: mafdb/mafdb_2b5302c20981e36a3d85c97e2d12117774582905d95507fa3601d5c3760671f6.json\t LocalFilePath: /tmp/mafdb/mafdb_2b5302c20981e36a3d85c97e2d12117774582905d95507fa3601d5c3760671f6.json\t FileSize: 232 bytes\t TransferDuration: 139.79253299999073 ms\n",
        "ingestionTime": 1745607322201,
        "eventId": "38928344019489454976406313372740007860273168570012860449"
    },
    {
        "logStreamName": "2025/04/25/[$LATEST]b8089c33dbf041ac8583fe8b18383af3",
        "timestamp": 1745607318323,
        "message": "FILE_TRANSFER RequestId: d3965e88-bdd1-48fb-8ff7-a757ca8ca0d9\t TransferType: consumed\t Action: download_from_s3\t FileName: mafdb_722c43c3fea450f96aee94354f586788bc944cb6a2db643541e1af57852da29a.json\t Bucket: denethor\t FilePath: mafdb/mafdb_722c43c3fea450f96aee94354f586788bc944cb6a2db643541e1af57852da29a.json\t LocalFilePath: /tmp/mafdb/mafdb_722c43c3fea450f96aee94354f586788bc944cb6a2db643541e1af57852da29a.json\t FileSize: 232 bytes\t TransferDuration: 140.24948500002665 ms\n",
        "ingestionTime": 1745607322201,
        "eventId": "38928344022611559304200600612555008418443939180850118690"
    },
    {
        "logStreamName": "2025/04/25/[$LATEST]b8089c33dbf041ac8583fe8b18383af3",
        "timestamp": 1745607318463,
        "message": "FILE_TRANSFER RequestId: d3965e88-bdd1-48fb-8ff7-a757ca8ca0d9\t TransferType: consumed\t Action: download_from_s3\t FileName: mafdb_bf6614cd56f098c5b75f97757054caf7ad0887c879d871d45b52d85ed0fd52d3.json\t Bucket: denethor\t FilePath: mafdb/mafdb_bf6614cd56f098c5b75f97757054caf7ad0887c879d871d45b52d85ed0fd52d3.json\t LocalFilePath: /tmp/mafdb/mafdb_bf6614cd56f098c5b75f97757054caf7ad0887c879d871d45b52d85ed0fd52d3.json\t FileSize: 232 bytes\t TransferDuration: 139.71493899998677 ms\n",
        "ingestionTime": 1745607322201,
        "eventId": "38928344025733663631994887852370008976614709791687376931"
    },
    {
        "logStreamName": "2025/04/25/[$LATEST]b8089c33dbf041ac8583fe8b18383af3",
        "timestamp": 1745607318603,
        "message": "FILE_TRANSFER RequestId: d3965e88-bdd1-48fb-8ff7-a757ca8ca0d9\t TransferType: consumed\t Action: download_from_s3\t FileName: mafdb_a0bb27000c08353bd1576c76b737091f2d774cc5766e59661908d2047f1f9f55.json\t Bucket: denethor\t FilePath: mafdb/mafdb_a0bb27000c08353bd1576c76b737091f2d774cc5766e59661908d2047f1f9f55.json\t LocalFilePath: /tmp/mafdb/mafdb_a0bb27000c08353bd1576c76b737091f2d774cc5766e59661908d2047f1f9f55.json\t FileSize: 232 bytes\t TransferDuration: 139.90790899993044 ms\n",
        "ingestionTime": 1745607322201,
        "eventId": "38928344028855767959789175092185009534785480402524635172"
    },
    {
        "logStreamName": "2025/04/25/[$LATEST]b8089c33dbf041ac8583fe8b18383af3",
        "timestamp": 1745607318743,
        "message": "FILE_TRANSFER RequestId: d3965e88-bdd1-48fb-8ff7-a757ca8ca0d9\t TransferType: consumed\t Action: download_from_s3\t FileName: mafdb_5f9438b2176a3f1de183e4e4beed7bba44407448bf813b980737577bbda05693.json\t Bucket: denethor\t FilePath: mafdb/mafdb_5f9438b2176a3f1de183e4e4beed7bba44407448bf813b980737577bbda05693.json\t LocalFilePath: /tmp/mafdb/mafdb_5f9438b2176a3f1de183e4e4beed7bba44407448bf813b980737577bbda05693.json\t FileSize: 232 bytes\t TransferDuration: 139.9348759999839 ms\n",
        "ingestionTime": 1745607322201,
        "eventId": "38928344031977872287583462332000010092956251013361893413"
    },
    {
        "logStreamName": "2025/04/25/[$LATEST]b8089c33dbf041ac8583fe8b18383af3",
        "timestamp": 1745607318904,
        "message": "FILE_TRANSFER RequestId: d3965e88-bdd1-48fb-8ff7-a757ca8ca0d9\t TransferType: consumed\t Action: download_from_s3\t FileName: mafdb_fc2a84852f95eebd03a586abcf5a76c64db1efd965d2c472f2b8a03ed0c40edf.json\t Bucket: denethor\t FilePath: mafdb/mafdb_fc2a84852f95eebd03a586abcf5a76c64db1efd965d2c472f2b8a03ed0c40edf.json\t LocalFilePath: /tmp/mafdb/mafdb_fc2a84852f95eebd03a586abcf5a76c64db1efd965d2c472f2b8a03ed0c40edf.json\t FileSize: 232 bytes\t TransferDuration: 160.0695070000029 ms\n",
        "ingestionTime": 1745607322201,
        "eventId": "38928344035568292264546892657787260734852637215824740390"
    },
    {
        "logStreamName": "2025/04/25/[$LATEST]b8089c33dbf041ac8583fe8b18383af3",
        "timestamp": 1745607319063,
        "message": "FILE_TRANSFER RequestId: d3965e88-bdd1-48fb-8ff7-a757ca8ca0d9\t TransferType: consumed\t Action: download_from_s3\t FileName: mafdb_9b5e9882beb1fdd84eccf8fba19a31cf4a219df13f5ba94f1e8edd8742692a77.json\t Bucket: denethor\t FilePath: mafdb/mafdb_9b5e9882beb1fdd84eccf8fba19a31cf4a219df13f5ba94f1e8edd8742692a77.json\t LocalFilePath: /tmp/mafdb/mafdb_9b5e9882beb1fdd84eccf8fba19a31cf4a219df13f5ba94f1e8edd8742692a77.json\t FileSize: 232 bytes\t TransferDuration: 159.77353899995705 ms\n",
        "ingestionTime": 1745607322201,
        "eventId": "38928344039114110751113261737291439940203726695275626535"
    },
    {
        "logStreamName": "2025/04/25/[$LATEST]b8089c33dbf041ac8583fe8b18383af3",
        "timestamp": 1745607319203,
        "message": "FILE_TRANSFER RequestId: d3965e88-bdd1-48fb-8ff7-a757ca8ca0d9\t TransferType: consumed\t Action: download_from_s3\t FileName: mafdb_96f411db25a5507e2f8c83f07de2e32793bb5c2b863cd4f9c33afc286860da9b.json\t Bucket: denethor\t FilePath: mafdb/mafdb_96f411db25a5507e2f8c83f07de2e32793bb5c2b863cd4f9c33afc286860da9b.json\t LocalFilePath: /tmp/mafdb/mafdb_96f411db25a5507e2f8c83f07de2e32793bb5c2b863cd4f9c33afc286860da9b.json\t FileSize: 232 bytes\t TransferDuration: 139.89247399990745 ms\n",
        "ingestionTime": 1745607322201,
        "eventId": "38928344042236215078907548977106440498374497306112884776"
    },
    {
        "logStreamName": "2025/04/25/[$LATEST]b8089c33dbf041ac8583fe8b18383af3",
        "timestamp": 1745607319343,
        "message": "FILE_TRANSFER RequestId: d3965e88-bdd1-48fb-8ff7-a757ca8ca0d9\t TransferType: consumed\t Action: download_from_s3\t FileName: mafdb_43cea8440a480f2d3f7c6f1089d40c95b25d84360a9a2ba2fab104125f81f158.json\t Bucket: denethor\t FilePath: mafdb/mafdb_43cea8440a480f2d3f7c6f1089d40c95b25d84360a9a2ba2fab104125f81f158.json\t LocalFilePath: /tmp/mafdb/mafdb_43cea8440a480f2d3f7c6f1089d40c95b25d84360a9a2ba2fab104125f81f158.json\t FileSize: 232 bytes\t TransferDuration: 139.92651499995645 ms\n",
        "ingestionTime": 1745607322201,
        "eventId": "38928344045358319406701836216921441056545267916950143017"
    },
    {
        "logStreamName": "2025/04/25/[$LATEST]b8089c33dbf041ac8583fe8b18383af3",
        "timestamp": 1745607319344,
        "message": "CONSUMED_FILES_INFO RequestId: d3965e88-bdd1-48fb-8ff7-a757ca8ca0d9\t FilesCount: 80 files\t FilesSize: 30536 bytes\t TransferDuration: 12215.482180999741 ms\t ConsumedFiles: ['mafdb_6f7a2b1116e6a791f68a03367473294792b679a6357b6789f3f993b1f83e2e80.json', 'mafdb_54d8ddd695de385cbe16742ebc6fdcb479cd2b8e3c0cd457826222c83fe6bb7c.json', 'mafdb_1f6ccfc97b000b314f6a6c7e2582a4263b17ffc061fef38bd3c9a63fa631759f.json', 'mafdb_bd5d862db8f1d6b261aaeb3b8ecb83d67004ffb7524cb75c5f1f8454224f7c91.json', 'mafdb_861b6fcf310a5a4a01036477cd0e28e972c4aa89be1fcccfc0eab6cd45e9fd74.json', 'mafdb_7d398773bfc3e4435be56d8711457fd7fc190e97e32d7ec51a8a702e16118c4d.json', 'mafdb_c451a256436a5fc45a562eaf2fead8dd42917b32894e636d2b705f5405224a88.json', 'mafdb_7511017a4e93687a5be47b55aa4c08eff48c283a8153f5e070747057ad693f80.json', 'mafdb_3891ae3bc299950ca7a78c4d495828659f2cb320e0641ad8c6bfc4ced2d8e2b0.json', 'mafdb_58aa863a1439bf886daca0713239dba1882676aea5266e0af5bebad97529db92.json', 'mafdb_c1f206b6efa75e1df509578ad4d9fb9ea330d34e7283ccf9d6ad80fdedf66b9a.json', 'mafdb_c3c2025f352d34b4b79a48619176577388b06f30619772ddea31df49ee988aff.json', 'mafdb_c5b5a3a4bd54a110140df77527325958d257fc9b669bca89b332593540c1dc20.json', 'mafdb_51e18dc31f0c330513b45085a52c5ecd1e4a0a9130d2805a71368f1cbe17f65e.json', 'mafdb_95cfb922ebd546f21edcc627a60ea2a6235550bbba3696739fcaca409f1a0232.json', 'mafdb_783d326a98c97c227099cd46e1eb2739e8954c844e628390759f21e7b4e19db0.json', 'mafdb_e7fcb374868f23c5b66908ff13d437f525bdef064d3f7604b08f9b68087e91c4.json', 'mafdb_bdf7b87e05be228017da27afd5fd158ebe4fcf138008526635b8bcdbe380f328.json', 'mafdb_1d419943bc17a86fe648d8caad874862360b7c73c08c99b7c26040bc9939b002.json', 'mafdb_31199a0a134043b94c15114abad10433bfa58c2f87e3106720f88bf29e76f1ae.json', 'mafdb_c2a1e960932a069de5927d1067dde414f501136aba941befca2a4654e72bb08a.json', 'mafdb_49ad0997fa75ff9233f44bffe4f6033aaaf8676ed8f4cbac92057d25395497e6.json', 'mafdb_406ececbafe0a937f2a967e4dae5f862923efb2e1397870f6cc1ba8e050e1da7.json', 'mafdb_e7f2f9266538f691bae81aa42aeb881fcfc1833e62d05d9141e808a0cb0095fa.json', 'mafdb_e883ff130a9d34d26c58c15a735e96baab78aacec64abad0788f83f54423b943.json', 'mafdb_d215ba5497d3d3be2e105b2328e50bdccf602b7e0745016c80fa6f9913e5432f.json', 'mafdb_f871e6272680ce0853ce488fc481f480aa4e243fa14dd104803b05fb209cf094.json', 'mafdb_2ff7bb92e85df3f56dc7f35d3ca7b2bd150b675386145658d2fca63a9e2a3805.json', 'mafdb_47fb2615fc585137c90363d35106c9022fdcc722571f7ed6d93a0e213c75c760.json', 'mafdb_68e664a9a27eba1488202e5ea16bb79aee50d9c2456068b25a29d7ca46c1450f.json', 'mafdb_f6c9786df6a492206e55eb3d3911d34dbd753bfef23be22d8635d72135a7fbc7.json', 'mafdb_87129d44586b87142d9940a8b1bdbebcfa7b0454f32076964711670e9940a5bc.json', 'mafdb_ffac685782ba2ceabfc02088f70f3473d570818cc3d9c58c8979a425bc171247.json', 'mafdb_42b7a1940d80c9e5d1a1eb427219fad89ed0198775d719cc0f6171541419e487.json', 'mafdb_d7e79060050e13568977fc2c739b9eddf447a0cefe974cf809a00c1179f02def.json', 'mafdb_b61e3844996fd21e45a7d054f79694e53c5aede5327c90900ed7183119a56bfb.json', 'mafdb_29c4ddd140d117364cadffd440f0642c27bbc2412f4567e0cb32891cc3ef36a1.json', 'mafdb_4626fea2abf7ed35f5f28026640ab18610584687978217b1f40af22fe37f6572.json', 'mafdb_445b1fba33e16cd436442a3a77bf395f50fd97b749d80a4ea1cdfce773bb0774.json', 'mafdb_7aa0e0772e1c689c49550813d4d69f69cf00ce1c31ded8e93e9d062016b4ea81.json', 'mafdb_a10de1e435f46b875ce088b70edd639bb15f15e47181e4a02fd1d3279f474a75.json', 'mafdb_e61287967464938dd8658e2b6f8063c95a2a8288b950145c07d8cd279f06fe96.json', 'mafdb_45d317fa4103ebc6a5ca76d68fd00bce02d7a5f088e6155430a660f0514147a3.json', 'mafdb_953e1a111e13fbeb681f915778ac824e009ef79d64fc7cfa76e6c118a64274b0.json', 'mafdb_dd5bb0860cd8cfcf1de73c7e51fea56058e02019372b37c0fbe797a9a837ad38.json', 'mafdb_4a69772641578ec2d1db9c6dd1aabd576f4015e01037c89e4cf54545772984e3.json', 'mafdb_f15d6d133941e8137799af5c1c04fc577dd74e96149a2ccd80e4f571114f20e3.json', 'mafdb_f6df04e8133221cbf519260251139ebd37c34febe492851dd4458992bca83c94.json', 'mafdb_6f51ab0e641bb384954092390e08d5f95ec4531f17a7dfba439beb3259e5929a.json', 'mafdb_fac1936d51dfedc6b2390b5bce6179113332479afc4a5757defe3114aec8f0bb.json', 'mafdb_715bea8166387785654d4817b63af51d4368d79e15da6d3149784cf360d76eaa.json', 'mafdb_37f48e1b859b9b0ccb1d3918e3547c15f7c27b9cfc7ada49018043d3593d2b30.json', 'mafdb_e55488255b1fbcc9aaabaac963dff236ce30a48f048179f2652bf6431063cf4b.json', 'mafdb_5622c4af29c03a55db15361b96ebd57532e3d5deb3791cbd1444627fe1ca62ba.json', 'mafdb_baef90e470015ad8cbd57d9f360bf7d85807b59e2cd60cbcd58c003293486741.json', 'mafdb_44786d15636736367c1c71748c6f6ad88c51a0acf9651aa1d2aab053f2b49895.json', 'mafdb_050eb4506b88aa955760b80fe61fa5f2dc7867810f3fd968c62f0f2b1721b84a.json', 'mafdb_4294147453f0881ff5d40ffeafab616f4bd8a7ba876322d7a55e79a2b54c515e.json', 'mafdb_605d104cfc6518c6e800159628fbe1a7412ae8cd691423eaa1505e85821ecac9.json', 'mafdb_07f2663350ea1ac790cef8d65d693e9f9a8a7ff3d9613fcbba8694ef3a437497.json', 'mafdb_8fcd7595555ece58e0a06c2001637a9999683df07ff0bb320faaf120f0012491.json', 'mafdb_bbfa141f6d386c293116f72d99a69176e8fb9e24cdaec03b209b077478ad859d.json', 'mafdb_f4fb8761643a453074d9572d96789515b973db43273265bfc07d10c2b3697e6d.json', 'mafdb_a2b1b534b2611b710744fb6756c33616a3588ee03d8aa6972d23e492b2c485de.json', 'mafdb_5bec77bc9d7c4d8fa3517dfa40512bc1eb17b502f07bd7ca8c55258b719bc02b.json', 'mafdb_8bc6b1285675133cf71abced5feadde67801ce1183d48ccdfce4ad5c847e0d16.json', 'mafdb_1719bb211bc811b78f2b2552b36c500d404a9ba670915a8c816c3078a55e8987.json', 'mafdb_c47f40aaed70b274856370b8e6e48399beb4c8971c66ddd8be8d566d440a78a7.json', 'mafdb_58254360ee9cb4b928a0b69f4adfd78688391955b6d2b02adf2e814125a07479.json', 'mafdb_fe8c7e0440e490074b179c7fee9f5abe850a2768dbc77d752a6701c83b764fd4.json', 'mafdb_4875c145af921680114234ea5e55d59b851e8bb06310ce7c9ba80b21e93e80f9.json', 'mafdb_2b5302c20981e36a3d85c97e2d12117774582905d95507fa3601d5c3760671f6.json', 'mafdb_722c43c3fea450f96aee94354f586788bc944cb6a2db643541e1af57852da29a.json', 'mafdb_bf6614cd56f098c5b75f97757054caf7ad0887c879d871d45b52d85ed0fd52d3.json', 'mafdb_a0bb27000c08353bd1576c76b737091f2d774cc5766e59661908d2047f1f9f55.json', 'mafdb_5f9438b2176a3f1de183e4e4beed7bba44407448bf813b980737577bbda05693.json', 'mafdb_fc2a84852f95eebd03a586abcf5a76c64db1efd965d2c472f2b8a03ed0c40edf.json', 'mafdb_9b5e9882beb1fdd84eccf8fba19a31cf4a219df13f5ba94f1e8edd8742692a77.json', 'mafdb_96f411db25a5507e2f8c83f07de2e32793bb5c2b863cd4f9c33afc286860da9b.json', 'mafdb_43cea8440a480f2d3f7c6f1089d40c95b25d84360a9a2ba2fab104125f81f158.json']\n",
        "ingestionTime": 1745607322201,
        "eventId": "38928344045380620151900366840062976774817916278456123434"
    },
    {
        "logStreamName": "2025/04/25/[$LATEST]b8089c33dbf041ac8583fe8b18383af3",
        "timestamp": 1745607319405,
        "message": "[INFO]\t2025-04-25T18:55:19.405Z\td3965e88-bdd1-48fb-8ff7-a757ca8ca0d9\tMAF_DATABASE_AGGREGATOR RequestId: d3965e88-bdd1-48fb-8ff7-a757ca8ca0d9\t Duration: 60.40831200004959 ms\t InputLength: 80\t MaxMaf: 8\t MafDatabase: {'1': {'tree_ORTHOMCL256_Inner4.nexus': ['tree_ORTHOMCL256_2_Inner4.nexus', 'tree_ORTHOMCL256_2_Inner5.nexus', 'tree_ORTHOMCL256_2_Inner6.nexus', 'tree_ORTHOMCL256_2_Inner7.nexus', 'tree_ORTHOMCL256_2_Inner8.nexus'], 'tree_ORTHOMCL256_Inner5.nexus': ['tree_ORTHOMCL256_2_Inner4.nexus'], 'tree_ORTHOMCL256_Inner6.nexus': ['tree_ORTHOMCL256_2_Inner4.nexus'], 'tree_ORTHOMCL256_Inner7.nexus': ['tree_ORTHOMCL256_2_Inner4.nexus'], 'tree_ORTHOMCL256_Inner8.nexus': ['tree_ORTHOMCL256_2_Inner4.nexus'], 'tree_ORTHOMCL256_2_Inner4.nexus': ['tree_ORTHOMCL256_Inner4.nexus', 'tree_ORTHOMCL256_Inner5.nexus', 'tree_ORTHOMCL256_Inner6.nexus', 'tree_ORTHOMCL256_Inner7.nexus', 'tree_ORTHOMCL256_Inner8.nexus'], 'tree_ORTHOMCL256_2_Inner5.nexus': ['tree_ORTHOMCL256_Inner4.nexus'], 'tree_ORTHOMCL256_2_Inner6.nexus': ['tree_ORTHOMCL256_Inner4.nexus'], 'tree_ORTHOMCL256_2_Inner7.nexus': ['tree_ORTHOMCL256_Inner4.nexus'], 'tree_ORTHOMCL256_2_Inner8.nexus': ['tree_ORTHOMCL256_Inner4.nexus']}, '2': {'tree_ORTHOMCL256_Inner1.nexus': ['tree_ORTHOMCL256_2_Inner1.nexus', 'tree_ORTHOMCL256_2_Inner2.nexus', 'tree_ORTHOMCL256_2_Inner3.nexus', 'tree_ORTHOMCL256_2_Inner5.nexus', 'tree_ORTHOMCL256_2_Inner6.nexus', 'tree_ORTHOMCL256_2_Inner7.nexus', 'tree_ORTHOMCL256_2_Inner8.nexus'], 'tree_ORTHOMCL256_Inner2.nexus': ['tree_ORTHOMCL256_2_Inner1.nexus', 'tree_ORTHOMCL256_2_Inner2.nexus', 'tree_ORTHOMCL256_2_Inner3.nexus', 'tree_ORTHOMCL256_2_Inner5.nexus', 'tree_ORTHOMCL256_2_Inner6.nexus', 'tree_ORTHOMCL256_2_Inner7.nexus', 'tree_ORTHOMCL256_2_Inner8.nexus'], 'tree_ORTHOMCL256_Inner3.nexus': ['tree_ORTHOMCL256_2_Inner1.nexus', 'tree_ORTHOMCL256_2_Inner2.nexus'], 'tree_ORTHOMCL256_Inner5.nexus': ['tree_ORTHOMCL256_2_Inner1.nexus', 'tree_ORTHOMCL256_2_Inner2.nexus'], 'tree_ORTHOMCL256_Inner6.nexus': ['tree_ORTHOMCL256_2_Inner1.nexus', 'tree_ORTHOMCL256_2_Inner2.nexus'], 'tree_ORTHOMCL256_Inner7.nexus': ['tree_ORTHOMCL256_2_Inner1.nexus', 'tree_ORTHOMCL256_2_Inner2.nexus'], 'tree_ORTHOMCL256_Inner8.nexus': ['tree_ORTHOMCL256_2_Inner1.nexus', 'tree_ORTHOMCL256_2_Inner2.nexus'], 'tree_ORTHOMCL256_2_Inner1.nexus': ['tree_ORTHOMCL256_Inner1.nexus', 'tree_ORTHOMCL256_Inner2.nexus', 'tree_ORTHOMCL256_Inner3.nexus', 'tree_ORTHOMCL256_Inner5.nexus', 'tree_ORTHOMCL256_Inner6.nexus', 'tree_ORTHOMCL256_Inner7.nexus', 'tree_ORTHOMCL256_Inner8.nexus'], 'tree_ORTHOMCL256_2_Inner2.nexus': ['tree_ORTHOMCL256_Inner1.nexus', 'tree_ORTHOMCL256_Inner2.nexus', 'tree_ORTHOMCL256_Inner3.nexus', 'tree_ORTHOMCL256_Inner5.nexus', 'tree_ORTHOMCL256_Inner6.nexus', 'tree_ORTHOMCL256_Inner7.nexus', 'tree_ORTHOMCL256_Inner8.nexus'], 'tree_ORTHOMCL256_2_Inner3.nexus': ['tree_ORTHOMCL256_Inner1.nexus', 'tree_ORTHOMCL256_Inner2.nexus'], 'tree_ORTHOMCL256_2_Inner5.nexus': ['tree_ORTHOMCL256_Inner1.nexus', 'tree_ORTHOMCL256_Inner2.nexus'], 'tree_ORTHOMCL256_2_Inner6.nexus': ['tree_ORTHOMCL256_Inner1.nexus', 'tree_ORTHOMCL256_Inner2.nexus'], 'tree_ORTHOMCL256_2_Inner7.nexus': ['tree_ORTHOMCL256_Inner1.nexus', 'tree_ORTHOMCL256_Inner2.nexus'], 'tree_ORTHOMCL256_2_Inner8.nexus': ['tree_ORTHOMCL256_Inner1.nexus', 'tree_ORTHOMCL256_Inner2.nexus']}, '3': {'tree_ORTHOMCL256_Inner3.nexus': ['tree_ORTHOMCL256_2_Inner3.nexus', 'tree_ORTHOMCL256_2_Inner5.nexus', 'tree_ORTHOMCL256_2_Inner6.nexus', 'tree_ORTHOMCL256_2_Inner7.nexus', 'tree_ORTHOMCL256_2_Inner8.nexus'], 'tree_ORTHOMCL256_Inner5.nexus': ['tree_ORTHOMCL256_2_Inner3.nexus'], 'tree_ORTHOMCL256_Inner6.nexus': ['tree_ORTHOMCL256_2_Inner3.nexus'], 'tree_ORTHOMCL256_Inner7.nexus': ['tree_ORTHOMCL256_2_Inner3.nexus'], 'tree_ORTHOMCL256_Inner8.nexus': ['tree_ORTHOMCL256_2_Inner3.nexus'], 'tree_ORTHOMCL256_2_Inner3.nexus': ['tree_ORTHOMCL256_Inner3.nexus', 'tree_ORTHOMCL256_Inner5.nexus', 'tree_ORTHOMCL256_Inner6.nexus', 'tree_ORTHOMCL256_Inner7.nexus', 'tree_ORTHOMCL256_Inner8.nexus'], 'tree_ORTHOMCL256_2_Inner5.nexus': ['tree_ORTHOMCL256_Inner3.nexus'], 'tree_ORTHOMCL256_2_Inner6.nexus': ['tree_ORTHOMCL256_Inner3.nexus'], 'tree_ORTHOMCL256_2_Inner7.nexus': ['tree_ORTHOMCL256_Inner3.nexus'], 'tree_ORTHOMCL256_2_Inner8.nexus': ['tree_ORTHOMCL256_Inner3.nexus']}, '4': {'tree_ORTHOMCL256_Inner5.nexus': ['tree_ORTHOMCL256_2_Inner5.nexus', 'tree_ORTHOMCL256_2_Inner6.nexus', 'tree_ORTHOMCL256_2_Inner7.nexus', 'tree_ORTHOMCL256_2_Inner8.nexus'], 'tree_ORTHOMCL256_Inner6.nexus': ['tree_ORTHOMCL256_2_Inner5.nexus'], 'tree_ORTHOMCL256_Inner7.nexus': ['tree_ORTHOMCL256_2_Inner5.nexus'], 'tree_ORTHOMCL256_Inner8.nexus': ['tree_ORTHOMCL256_2_Inner5.nexus'], 'tree_ORTHOMCL256_2_Inner5.nexus': ['tree_ORTHOMCL256_Inner5.nexus', 'tree_ORTHOMCL256_Inner6.nexus', 'tree_ORTHOMCL256_Inner7.nexus', 'tree_ORTHOMCL256_Inner8.nexus'], 'tree_ORTHOMCL256_2_Inner6.nexus': ['tree_ORTHOMCL256_Inner5.nexus'], 'tree_ORTHOMCL256_2_Inner7.nexus': ['tree_ORTHOMCL256_Inner5.nexus'], 'tree_ORTHOMCL256_2_Inner8.nexus': ['tree_ORTHOMCL256_Inner5.nexus']}, '5': {'tree_ORTHOMCL256_Inner6.nexus': ['tree_ORTHOMCL256_2_Inner6.nexus', 'tree_ORTHOMCL256_2_Inner7.nexus', 'tree_ORTHOMCL256_2_Inner8.nexus'], 'tree_ORTHOMCL256_Inner7.nexus': ['tree_ORTHOMCL256_2_Inner6.nexus'], 'tree_ORTHOMCL256_Inner8.nexus': ['tree_ORTHOMCL256_2_Inner6.nexus'], 'tree_ORTHOMCL256_2_Inner6.nexus': ['tree_ORTHOMCL256_Inner6.nexus', 'tree_ORTHOMCL256_Inner7.nexus', 'tree_ORTHOMCL256_Inner8.nexus'], 'tree_ORTHOMCL256_2_Inner7.nexus': ['tree_ORTHOMCL256_Inner6.nexus'], 'tree_ORTHOMCL256_2_Inner8.nexus': ['tree_ORTHOMCL256_Inner6.nexus']}, '6': {'tree_ORTHOMCL256_Inner7.nexus': ['tree_ORTHOMCL256_2_Inner7.nexus', 'tree_ORTHOMCL256_2_Inner8.nexus'], 'tree_ORTHOMCL256_Inner8.nexus': ['tree_ORTHOMCL256_2_Inner7.nexus'], 'tree_ORTHOMCL256_2_Inner7.nexus': ['tree_ORTHOMCL256_Inner7.nexus', 'tree_ORTHOMCL256_Inner8.nexus'], 'tree_ORTHOMCL256_2_Inner8.nexus': ['tree_ORTHOMCL256_Inner7.nexus']}, '8': {'tree_ORTHOMCL256_Inner8.nexus': ['tree_ORTHOMCL256_2_Inner8.nexus'], 'tree_ORTHOMCL256_2_Inner8.nexus': ['tree_ORTHOMCL256_Inner8.nexus']}}\n",
        "ingestionTime": 1745607322201,
        "eventId": "38928344046740965609010734851696655589449466330320928811"
    },
    {
        "logStreamName": "2025/04/25/[$LATEST]b8089c33dbf041ac8583fe8b18383af3",
        "timestamp": 1745607319405,
        "message": "[INFO] 2025-04-25T18:55:19GMT MAF_DATABASE_AGGREGATOR RequestId: d3965e88-bdd1-48fb-8ff7-a757ca8ca0d9\t Duration: 60.40831200004959 ms\t InputLength: 80\t MaxMaf: 8\t MafDatabase: {'1': {'tree_ORTHOMCL256_Inner4.nexus': ['tree_ORTHOMCL256_2_Inner4.nexus', 'tree_ORTHOMCL256_2_Inner5.nexus', 'tree_ORTHOMCL256_2_Inner6.nexus', 'tree_ORTHOMCL256_2_Inner7.nexus', 'tree_ORTHOMCL256_2_Inner8.nexus'], 'tree_ORTHOMCL256_Inner5.nexus': ['tree_ORTHOMCL256_2_Inner4.nexus'], 'tree_ORTHOMCL256_Inner6.nexus': ['tree_ORTHOMCL256_2_Inner4.nexus'], 'tree_ORTHOMCL256_Inner7.nexus': ['tree_ORTHOMCL256_2_Inner4.nexus'], 'tree_ORTHOMCL256_Inner8.nexus': ['tree_ORTHOMCL256_2_Inner4.nexus'], 'tree_ORTHOMCL256_2_Inner4.nexus': ['tree_ORTHOMCL256_Inner4.nexus', 'tree_ORTHOMCL256_Inner5.nexus', 'tree_ORTHOMCL256_Inner6.nexus', 'tree_ORTHOMCL256_Inner7.nexus', 'tree_ORTHOMCL256_Inner8.nexus'], 'tree_ORTHOMCL256_2_Inner5.nexus': ['tree_ORTHOMCL256_Inner4.nexus'], 'tree_ORTHOMCL256_2_Inner6.nexus': ['tree_ORTHOMCL256_Inner4.nexus'], 'tree_ORTHOMCL256_2_Inner7.nexus': ['tree_ORTHOMCL256_Inner4.nexus'], 'tree_ORTHOMCL256_2_Inner8.nexus': ['tree_ORTHOMCL256_Inner4.nexus']}, '2': {'tree_ORTHOMCL256_Inner1.nexus': ['tree_ORTHOMCL256_2_Inner1.nexus', 'tree_ORTHOMCL256_2_Inner2.nexus', 'tree_ORTHOMCL256_2_Inner3.nexus', 'tree_ORTHOMCL256_2_Inner5.nexus', 'tree_ORTHOMCL256_2_Inner6.nexus', 'tree_ORTHOMCL256_2_Inner7.nexus', 'tree_ORTHOMCL256_2_Inner8.nexus'], 'tree_ORTHOMCL256_Inner2.nexus': ['tree_ORTHOMCL256_2_Inner1.nexus', 'tree_ORTHOMCL256_2_Inner2.nexus', 'tree_ORTHOMCL256_2_Inner3.nexus', 'tree_ORTHOMCL256_2_Inner5.nexus', 'tree_ORTHOMCL256_2_Inner6.nexus', 'tree_ORTHOMCL256_2_Inner7.nexus', 'tree_ORTHOMCL256_2_Inner8.nexus'], 'tree_ORTHOMCL256_Inner3.nexus': ['tree_ORTHOMCL256_2_Inner1.nexus', 'tree_ORTHOMCL256_2_Inner2.nexus'], 'tree_ORTHOMCL256_Inner5.nexus': ['tree_ORTHOMCL256_2_Inner1.nexus', 'tree_ORTHOMCL256_2_Inner2.nexus'], 'tree_ORTHOMCL256_Inner6.nexus': ['tree_ORTHOMCL256_2_Inner1.nexus', 'tree_ORTHOMCL256_2_Inner2.nexus'], 'tree_ORTHOMCL256_Inner7.nexus': ['tree_ORTHOMCL256_2_Inner1.nexus', 'tree_ORTHOMCL256_2_Inner2.nexus'], 'tree_ORTHOMCL256_Inner8.nexus': ['tree_ORTHOMCL256_2_Inner1.nexus', 'tree_ORTHOMCL256_2_Inner2.nexus'], 'tree_ORTHOMCL256_2_Inner1.nexus': ['tree_ORTHOMCL256_Inner1.nexus', 'tree_ORTHOMCL256_Inner2.nexus', 'tree_ORTHOMCL256_Inner3.nexus', 'tree_ORTHOMCL256_Inner5.nexus', 'tree_ORTHOMCL256_Inner6.nexus', 'tree_ORTHOMCL256_Inner7.nexus', 'tree_ORTHOMCL256_Inner8.nexus'], 'tree_ORTHOMCL256_2_Inner2.nexus': ['tree_ORTHOMCL256_Inner1.nexus', 'tree_ORTHOMCL256_Inner2.nexus', 'tree_ORTHOMCL256_Inner3.nexus', 'tree_ORTHOMCL256_Inner5.nexus', 'tree_ORTHOMCL256_Inner6.nexus', 'tree_ORTHOMCL256_Inner7.nexus', 'tree_ORTHOMCL256_Inner8.nexus'], 'tree_ORTHOMCL256_2_Inner3.nexus': ['tree_ORTHOMCL256_Inner1.nexus', 'tree_ORTHOMCL256_Inner2.nexus'], 'tree_ORTHOMCL256_2_Inner5.nexus': ['tree_ORTHOMCL256_Inner1.nexus', 'tree_ORTHOMCL256_Inner2.nexus'], 'tree_ORTHOMCL256_2_Inner6.nexus': ['tree_ORTHOMCL256_Inner1.nexus', 'tree_ORTHOMCL256_Inner2.nexus'], 'tree_ORTHOMCL256_2_Inner7.nexus': ['tree_ORTHOMCL256_Inner1.nexus', 'tree_ORTHOMCL256_Inner2.nexus'], 'tree_ORTHOMCL256_2_Inner8.nexus': ['tree_ORTHOMCL256_Inner1.nexus', 'tree_ORTHOMCL256_Inner2.nexus']}, '3': {'tree_ORTHOMCL256_Inner3.nexus': ['tree_ORTHOMCL256_2_Inner3.nexus', 'tree_ORTHOMCL256_2_Inner5.nexus', 'tree_ORTHOMCL256_2_Inner6.nexus', 'tree_ORTHOMCL256_2_Inner7.nexus', 'tree_ORTHOMCL256_2_Inner8.nexus'], 'tree_ORTHOMCL256_Inner5.nexus': ['tree_ORTHOMCL256_2_Inner3.nexus'], 'tree_ORTHOMCL256_Inner6.nexus': ['tree_ORTHOMCL256_2_Inner3.nexus'], 'tree_ORTHOMCL256_Inner7.nexus': ['tree_ORTHOMCL256_2_Inner3.nexus'], 'tree_ORTHOMCL256_Inner8.nexus': ['tree_ORTHOMCL256_2_Inner3.nexus'], 'tree_ORTHOMCL256_2_Inner3.nexus': ['tree_ORTHOMCL256_Inner3.nexus', 'tree_ORTHOMCL256_Inner5.nexus', 'tree_ORTHOMCL256_Inner6.nexus', 'tree_ORTHOMCL256_Inner7.nexus', 'tree_ORTHOMCL256_Inner8.nexus'], 'tree_ORTHOMCL256_2_Inner5.nexus': ['tree_ORTHOMCL256_Inner3.nexus'], 'tree_ORTHOMCL256_2_Inner6.nexus': ['tree_ORTHOMCL256_Inner3.nexus'], 'tree_ORTHOMCL256_2_Inner7.nexus': ['tree_ORTHOMCL256_Inner3.nexus'], 'tree_ORTHOMCL256_2_Inner8.nexus': ['tree_ORTHOMCL256_Inner3.nexus']}, '4': {'tree_ORTHOMCL256_Inner5.nexus': ['tree_ORTHOMCL256_2_Inner5.nexus', 'tree_ORTHOMCL256_2_Inner6.nexus', 'tree_ORTHOMCL256_2_Inner7.nexus', 'tree_ORTHOMCL256_2_Inner8.nexus'], 'tree_ORTHOMCL256_Inner6.nexus': ['tree_ORTHOMCL256_2_Inner5.nexus'], 'tree_ORTHOMCL256_Inner7.nexus': ['tree_ORTHOMCL256_2_Inner5.nexus'], 'tree_ORTHOMCL256_Inner8.nexus': ['tree_ORTHOMCL256_2_Inner5.nexus'], 'tree_ORTHOMCL256_2_Inner5.nexus': ['tree_ORTHOMCL256_Inner5.nexus', 'tree_ORTHOMCL256_Inner6.nexus', 'tree_ORTHOMCL256_Inner7.nexus', 'tree_ORTHOMCL256_Inner8.nexus'], 'tree_ORTHOMCL256_2_Inner6.nexus': ['tree_ORTHOMCL256_Inner5.nexus'], 'tree_ORTHOMCL256_2_Inner7.nexus': ['tree_ORTHOMCL256_Inner5.nexus'], 'tree_ORTHOMCL256_2_Inner8.nexus': ['tree_ORTHOMCL256_Inner5.nexus']}, '5': {'tree_ORTHOMCL256_Inner6.nexus': ['tree_ORTHOMCL256_2_Inner6.nexus', 'tree_ORTHOMCL256_2_Inner7.nexus', 'tree_ORTHOMCL256_2_Inner8.nexus'], 'tree_ORTHOMCL256_Inner7.nexus': ['tree_ORTHOMCL256_2_Inner6.nexus'], 'tree_ORTHOMCL256_Inner8.nexus': ['tree_ORTHOMCL256_2_Inner6.nexus'], 'tree_ORTHOMCL256_2_Inner6.nexus': ['tree_ORTHOMCL256_Inner6.nexus', 'tree_ORTHOMCL256_Inner7.nexus', 'tree_ORTHOMCL256_Inner8.nexus'], 'tree_ORTHOMCL256_2_Inner7.nexus': ['tree_ORTHOMCL256_Inner6.nexus'], 'tree_ORTHOMCL256_2_Inner8.nexus': ['tree_ORTHOMCL256_Inner6.nexus']}, '6': {'tree_ORTHOMCL256_Inner7.nexus': ['tree_ORTHOMCL256_2_Inner7.nexus', 'tree_ORTHOMCL256_2_Inner8.nexus'], 'tree_ORTHOMCL256_Inner8.nexus': ['tree_ORTHOMCL256_2_Inner7.nexus'], 'tree_ORTHOMCL256_2_Inner7.nexus': ['tree_ORTHOMCL256_Inner7.nexus', 'tree_ORTHOMCL256_Inner8.nexus'], 'tree_ORTHOMCL256_2_Inner8.nexus': ['tree_ORTHOMCL256_Inner7.nexus']}, '8': {'tree_ORTHOMCL256_Inner8.nexus': ['tree_ORTHOMCL256_2_Inner8.nexus'], 'tree_ORTHOMCL256_2_Inner8.nexus': ['tree_ORTHOMCL256_Inner8.nexus']}}\n",
        "ingestionTime": 1745607322201,
        "eventId": "38928344046740965609010734851696655589449466330320928812"
    },
    {
        "logStreamName": "2025/04/25/[$LATEST]b8089c33dbf041ac8583fe8b18383af3",
        "timestamp": 1745607319557,
        "message": "FILE_TRANSFER RequestId: d3965e88-bdd1-48fb-8ff7-a757ca8ca0d9\t TransferType: produced\t Action: upload_to_s3\t FileName: mafdb_8cb216f4ef22c19926045cc7746621d6a97cd30b71d90b1d8f6f9427cae1614b.json\t Bucket: denethor\t FilePath: mafdb/mafdb_8cb216f4ef22c19926045cc7746621d6a97cd30b71d90b1d8f6f9427cae1614b.json\t LocalFilePath: /tmp/mafdb/mafdb_8cb216f4ef22c19926045cc7746621d6a97cd30b71d90b1d8f6f9427cae1614b.json\t FileSize: 28105 bytes\t TransferDuration: 152.2622780000802 ms\n",
        "ingestionTime": 1745607322201,
        "eventId": "38928344050130678879187389569210084766892017279229952045"
    },
    {
        "logStreamName": "2025/04/25/[$LATEST]b8089c33dbf041ac8583fe8b18383af3",
        "timestamp": 1745607319563,
        "message": "PRODUCED_FILES_INFO RequestId: d3965e88-bdd1-48fb-8ff7-a757ca8ca0d9\t FilesCount: 1 files\t FilesSize: 28105 bytes\t TransferDuration: 152.2622780000802 ms\t Provider: aws_lambda\t  ProducedFiles: ['mafdb_8cb216f4ef22c19926045cc7746621d6a97cd30b71d90b1d8f6f9427cae1614b.json']\n",
        "ingestionTime": 1745607322201,
        "eventId": "38928344050264483350378573308059299076527907448265834542"
    },
    {
        "logStreamName": "2025/04/25/[$LATEST]b8089c33dbf041ac8583fe8b18383af3",
        "timestamp": 1745607319565,
        "message": "END RequestId: d3965e88-bdd1-48fb-8ff7-a757ca8ca0d9\n",
        "ingestionTime": 1745607322201,
        "eventId": "38928344050309084840775634554342370513073204171277795375"
    },
    {
        "logStreamName": "2025/04/25/[$LATEST]b8089c33dbf041ac8583fe8b18383af3",
        "timestamp": 1745607319566,
        "message": "REPORT RequestId: d3965e88-bdd1-48fb-8ff7-a757ca8ca0d9\tDuration: 12447.29 ms\tBilled Duration: 12448 ms\tMemory Size: 128 MB\tMax Memory Used: 108 MB\tInit Duration: 1034.73 ms\t\n",
        "ingestionTime": 1745607322201,
        "eventId": "38928344050331385585974165177483906231345852532783775792"
    }
]