[
    {
        "logStreamName": "2025/04/25/[$LATEST]9af899fce7c7404d8775612dfa406f9a",
        "timestamp": 1745562086452,
        "message": "INIT_START Runtime Version: python:3.10.v64\tRuntime Version ARN: arn:aws:lambda:sa-east-1::runtime:d56bdc8857b2109a058de2ab50bfb80ac2aa600be6f7855a436859944e5fe54b\n",
        "ingestionTime": 1745562088432,
        "eventId": "38927335318181535497665058369932448440866590086845104128"
    },
    {
        "logStreamName": "2025/04/25/[$LATEST]9af899fce7c7404d8775612dfa406f9a",
        "timestamp": 1745562087258,
        "message": "START RequestId: 3547d9d9-1626-47c5-b9b7-14c421d2a92e Version: $LATEST\n",
        "ingestionTime": 1745562088432,
        "eventId": "38927335336155936127680740622010237368621169460665319425"
    },
    {
        "logStreamName": "2025/04/25/[$LATEST]9af899fce7c7404d8775612dfa406f9a",
        "timestamp": 1745562087259,
        "message": "Directory /tmp/mafdb was created!\n",
        "ingestionTime": 1745562088432,
        "eventId": "38927335336178236872879271245151773086893817822171299842"
    },
    {
        "logStreamName": "2025/04/25/[$LATEST]9af899fce7c7404d8775612dfa406f9a",
        "timestamp": 1745562087432,
        "message": "FILE_TRANSFER RequestId: 3547d9d9-1626-47c5-b9b7-14c421d2a92e\t TransferType: consumed\t Action: download_from_s3\t FileName: mafdb_6f7a2b1116e6a791f68a03367473294792b679a6357b6789f3f993b1f83e2e80.json\t Bucket: denethor\t FilePath: mafdb/mafdb_6f7a2b1116e6a791f68a03367473294792b679a6357b6789f3f993b1f83e2e80.json\t LocalFilePath: /tmp/mafdb/mafdb_6f7a2b1116e6a791f68a03367473294792b679a6357b6789f3f993b1f83e2e80.json\t FileSize: 185 bytes\t TransferDuration: 173.2484399999521 ms\n",
        "ingestionTime": 1745562088432,
        "eventId": "38927335340036265792225069048637452348061984362705911811"
    },
    {
        "logStreamName": "2025/04/25/[$LATEST]9af899fce7c7404d8775612dfa406f9a",
        "timestamp": 1745562087510,
        "message": "FILE_TRANSFER RequestId: 3547d9d9-1626-47c5-b9b7-14c421d2a92e\t TransferType: consumed\t Action: download_from_s3\t FileName: mafdb_54d8ddd695de385cbe16742ebc6fdcb479cd2b8e3c0cd457826222c83fe6bb7c.json\t Bucket: denethor\t FilePath: mafdb/mafdb_54d8ddd695de385cbe16742ebc6fdcb479cd2b8e3c0cd457826222c83fe6bb7c.json\t LocalFilePath: /tmp/mafdb/mafdb_54d8ddd695de385cbe16742ebc6fdcb479cd2b8e3c0cd457826222c83fe6bb7c.json\t FileSize: 5180 bytes\t TransferDuration: 77.90626299993164 ms\n",
        "ingestionTime": 1745562088432,
        "eventId": "38927335341775723917710457653677238373328556560172384260"
    },
    {
        "logStreamName": "2025/04/25/[$LATEST]9af899fce7c7404d8775612dfa406f9a",
        "timestamp": 1745562087572,
        "message": "FILE_TRANSFER RequestId: 3547d9d9-1626-47c5-b9b7-14c421d2a92e\t TransferType: consumed\t Action: download_from_s3\t FileName: mafdb_1f6ccfc97b000b314f6a6c7e2582a4263b17ffc061fef38bd3c9a63fa631759f.json\t Bucket: denethor\t FilePath: mafdb/mafdb_1f6ccfc97b000b314f6a6c7e2582a4263b17ffc061fef38bd3c9a63fa631759f.json\t LocalFilePath: /tmp/mafdb/mafdb_1f6ccfc97b000b314f6a6c7e2582a4263b17ffc061fef38bd3c9a63fa631759f.json\t FileSize: 5134 bytes\t TransferDuration: 62.06580499974734 ms\n",
        "ingestionTime": 1745562088432,
        "eventId": "38927335343158370120019356288452452906232754973543170053"
    },
    {
        "logStreamName": "2025/04/25/[$LATEST]9af899fce7c7404d8775612dfa406f9a",
        "timestamp": 1745562087633,
        "message": "FILE_TRANSFER RequestId: 3547d9d9-1626-47c5-b9b7-14c421d2a92e\t TransferType: consumed\t Action: download_from_s3\t FileName: mafdb_bd5d862db8f1d6b261aaeb3b8ecb83d67004ffb7524cb75c5f1f8454224f7c91.json\t Bucket: denethor\t FilePath: mafdb/mafdb_bd5d862db8f1d6b261aaeb3b8ecb83d67004ffb7524cb75c5f1f8454224f7c91.json\t LocalFilePath: /tmp/mafdb/mafdb_bd5d862db8f1d6b261aaeb3b8ecb83d67004ffb7524cb75c5f1f8454224f7c91.json\t FileSize: 355 bytes\t TransferDuration: 60.58959199981473 ms\n",
        "ingestionTime": 1745562088432,
        "eventId": "38927335344518715577129724300086131720864305025407975430"
    },
    {
        "logStreamName": "2025/04/25/[$LATEST]9af899fce7c7404d8775612dfa406f9a",
        "timestamp": 1745562087709,
        "message": "FILE_TRANSFER RequestId: 3547d9d9-1626-47c5-b9b7-14c421d2a92e\t TransferType: consumed\t Action: download_from_s3\t FileName: mafdb_861b6fcf310a5a4a01036477cd0e28e972c4aa89be1fcccfc0eab6cd45e9fd74.json\t Bucket: denethor\t FilePath: mafdb/mafdb_861b6fcf310a5a4a01036477cd0e28e972c4aa89be1fcccfc0eab6cd45e9fd74.json\t LocalFilePath: /tmp/mafdb/mafdb_861b6fcf310a5a4a01036477cd0e28e972c4aa89be1fcccfc0eab6cd45e9fd74.json\t FileSize: 355 bytes\t TransferDuration: 76.60256600001958 ms\n",
        "ingestionTime": 1745562088432,
        "eventId": "38927335346213572212218051658842846309585580499862487047"
    },
    {
        "logStreamName": "2025/04/25/[$LATEST]9af899fce7c7404d8775612dfa406f9a",
        "timestamp": 1745562087771,
        "message": "FILE_TRANSFER RequestId: 3547d9d9-1626-47c5-b9b7-14c421d2a92e\t TransferType: consumed\t Action: download_from_s3\t FileName: mafdb_7d398773bfc3e4435be56d8711457fd7fc190e97e32d7ec51a8a702e16118c4d.json\t Bucket: denethor\t FilePath: mafdb/mafdb_7d398773bfc3e4435be56d8711457fd7fc190e97e32d7ec51a8a702e16118c4d.json\t LocalFilePath: /tmp/mafdb/mafdb_7d398773bfc3e4435be56d8711457fd7fc190e97e32d7ec51a8a702e16118c4d.json\t FileSize: 355 bytes\t TransferDuration: 61.59691999982897 ms\n",
        "ingestionTime": 1745562088432,
        "eventId": "38927335347596218414526950293618060842489778913233272840"
    },
    {
        "logStreamName": "2025/04/25/[$LATEST]9af899fce7c7404d8775612dfa406f9a",
        "timestamp": 1745562087843,
        "message": "FILE_TRANSFER RequestId: 3547d9d9-1626-47c5-b9b7-14c421d2a92e\t TransferType: consumed\t Action: download_from_s3\t FileName: mafdb_c451a256436a5fc45a562eaf2fead8dd42917b32894e636d2b705f5405224a88.json\t Bucket: denethor\t FilePath: mafdb/mafdb_c451a256436a5fc45a562eaf2fead8dd42917b32894e636d2b705f5405224a88.json\t LocalFilePath: /tmp/mafdb/mafdb_c451a256436a5fc45a562eaf2fead8dd42917b32894e636d2b705f5405224a88.json\t FileSize: 355 bytes\t TransferDuration: 72.30344900017371 ms\n",
        "ingestionTime": 1745562088432,
        "eventId": "38927335349201872068821155159808632558120460941663862793"
    },
    {
        "logStreamName": "2025/04/25/[$LATEST]9af899fce7c7404d8775612dfa406f9a",
        "timestamp": 1745562087907,
        "message": "FILE_TRANSFER RequestId: 3547d9d9-1626-47c5-b9b7-14c421d2a92e\t TransferType: consumed\t Action: download_from_s3\t FileName: mafdb_7511017a4e93687a5be47b55aa4c08eff48c283a8153f5e070747057ad693f80.json\t Bucket: denethor\t FilePath: mafdb/mafdb_7511017a4e93687a5be47b55aa4c08eff48c283a8153f5e070747057ad693f80.json\t LocalFilePath: /tmp/mafdb/mafdb_7511017a4e93687a5be47b55aa4c08eff48c283a8153f5e070747057ad693f80.json\t FileSize: 314 bytes\t TransferDuration: 63.22948800016093 ms\n",
        "ingestionTime": 1745562088432,
        "eventId": "38927335350629119761527115040866918527569956078046609418"
    },
    {
        "logStreamName": "2025/04/25/[$LATEST]9af899fce7c7404d8775612dfa406f9a",
        "timestamp": 1745562087980,
        "message": "FILE_TRANSFER RequestId: 3547d9d9-1626-47c5-b9b7-14c421d2a92e\t TransferType: consumed\t Action: download_from_s3\t FileName: mafdb_3891ae3bc299950ca7a78c4d495828659f2cb320e0641ad8c6bfc4ced2d8e2b0.json\t Bucket: denethor\t FilePath: mafdb/mafdb_3891ae3bc299950ca7a78c4d495828659f2cb320e0641ad8c6bfc4ced2d8e2b0.json\t LocalFilePath: /tmp/mafdb/mafdb_3891ae3bc299950ca7a78c4d495828659f2cb320e0641ad8c6bfc4ced2d8e2b0.json\t FileSize: 355 bytes\t TransferDuration: 73.65606700022909 ms\n",
        "ingestionTime": 1745562088432,
        "eventId": "38927335352257074161019850530199025961473286467983179787"
    },
    {
        "logStreamName": "2025/04/25/[$LATEST]9af899fce7c7404d8775612dfa406f9a",
        "timestamp": 1745562088030,
        "message": "FILE_TRANSFER RequestId: 3547d9d9-1626-47c5-b9b7-14c421d2a92e\t TransferType: consumed\t Action: download_from_s3\t FileName: mafdb_58aa863a1439bf886daca0713239dba1882676aea5266e0af5bebad97529db92.json\t Bucket: denethor\t FilePath: mafdb/mafdb_58aa863a1439bf886daca0713239dba1882676aea5266e0af5bebad97529db92.json\t LocalFilePath: /tmp/mafdb/mafdb_58aa863a1439bf886daca0713239dba1882676aea5266e0af5bebad97529db92.json\t FileSize: 314 bytes\t TransferDuration: 49.538916000074096 ms\n",
        "ingestionTime": 1745562088432,
        "eventId": "38927335353372111420946381687275811875105704543282200588"
    },
    {
        "logStreamName": "2025/04/25/[$LATEST]9af899fce7c7404d8775612dfa406f9a",
        "timestamp": 1745562088090,
        "message": "FILE_TRANSFER RequestId: 3547d9d9-1626-47c5-b9b7-14c421d2a92e\t TransferType: consumed\t Action: download_from_s3\t FileName: mafdb_c1f206b6efa75e1df509578ad4d9fb9ea330d34e7283ccf9d6ad80fdedf66b9a.json\t Bucket: denethor\t FilePath: mafdb/mafdb_c1f206b6efa75e1df509578ad4d9fb9ea330d34e7283ccf9d6ad80fdedf66b9a.json\t LocalFilePath: /tmp/mafdb/mafdb_c1f206b6efa75e1df509578ad4d9fb9ea330d34e7283ccf9d6ad80fdedf66b9a.json\t FileSize: 314 bytes\t TransferDuration: 59.90253499976461 ms\n",
        "ingestionTime": 1745562088432,
        "eventId": "38927335354710156132858219075767954971464606233641025549"
    },
    {
        "logStreamName": "2025/04/25/[$LATEST]9af899fce7c7404d8775612dfa406f9a",
        "timestamp": 1745562088198,
        "message": "FILE_TRANSFER RequestId: 3547d9d9-1626-47c5-b9b7-14c421d2a92e\t TransferType: consumed\t Action: download_from_s3\t FileName: mafdb_c3c2025f352d34b4b79a48619176577388b06f30619772ddea31df49ee988aff.json\t Bucket: denethor\t FilePath: mafdb/mafdb_c3c2025f352d34b4b79a48619176577388b06f30619772ddea31df49ee988aff.json\t LocalFilePath: /tmp/mafdb/mafdb_c3c2025f352d34b4b79a48619176577388b06f30619772ddea31df49ee988aff.json\t FileSize: 314 bytes\t TransferDuration: 107.50766699993619 ms\n",
        "ingestionTime": 1745562088432,
        "eventId": "38927335357118636614299526375053812544910629276286910478"
    },
    {
        "logStreamName": "2025/04/25/[$LATEST]9af899fce7c7404d8775612dfa406f9a",
        "timestamp": 1745562088252,
        "message": "FILE_TRANSFER RequestId: 3547d9d9-1626-47c5-b9b7-14c421d2a92e\t TransferType: consumed\t Action: download_from_s3\t FileName: mafdb_c5b5a3a4bd54a110140df77527325958d257fc9b669bca89b332593540c1dc20.json\t Bucket: denethor\t FilePath: mafdb/mafdb_c5b5a3a4bd54a110140df77527325958d257fc9b669bca89b332593540c1dc20.json\t LocalFilePath: /tmp/mafdb/mafdb_c5b5a3a4bd54a110140df77527325958d257fc9b669bca89b332593540c1dc20.json\t FileSize: 273 bytes\t TransferDuration: 53.901023999969766 ms\n",
        "ingestionTime": 1745562088432,
        "eventId": "38927335358322876855020180024696741331633640797609852943"
    },
    {
        "logStreamName": "2025/04/25/[$LATEST]9af899fce7c7404d8775612dfa406f9a",
        "timestamp": 1745562088327,
        "message": "FILE_TRANSFER RequestId: 3547d9d9-1626-47c5-b9b7-14c421d2a92e\t TransferType: consumed\t Action: download_from_s3\t FileName: mafdb_51e18dc31f0c330513b45085a52c5ecd1e4a0a9130d2805a71368f1cbe17f65e.json\t Bucket: denethor\t FilePath: mafdb/mafdb_51e18dc31f0c330513b45085a52c5ecd1e4a0a9130d2805a71368f1cbe17f65e.json\t LocalFilePath: /tmp/mafdb/mafdb_51e18dc31f0c330513b45085a52c5ecd1e4a0a9130d2805a71368f1cbe17f65e.json\t FileSize: 314 bytes\t TransferDuration: 75.09394899989275 ms\n",
        "ingestionTime": 1745562088432,
        "eventId": "38927335359995432744909976760311920202082267910558384144"
    },
    {
        "logStreamName": "2025/04/25/[$LATEST]9af899fce7c7404d8775612dfa406f9a",
        "timestamp": 1745562088376,
        "message": "FILE_TRANSFER RequestId: 3547d9d9-1626-47c5-b9b7-14c421d2a92e\t TransferType: consumed\t Action: download_from_s3\t FileName: mafdb_95cfb922ebd546f21edcc627a60ea2a6235550bbba3696739fcaca409f1a0232.json\t Bucket: denethor\t FilePath: mafdb/mafdb_95cfb922ebd546f21edcc627a60ea2a6235550bbba3696739fcaca409f1a0232.json\t LocalFilePath: /tmp/mafdb/mafdb_95cfb922ebd546f21edcc627a60ea2a6235550bbba3696739fcaca409f1a0232.json\t FileSize: 273 bytes\t TransferDuration: 49.04806300010023 ms\n",
        "ingestionTime": 1745562097398,
        "eventId": "38927335361088169259637977305086825793773121733380407296"
    },
    {
        "logStreamName": "2025/04/25/[$LATEST]9af899fce7c7404d8775612dfa406f9a",
        "timestamp": 1745562088432,
        "message": "FILE_TRANSFER RequestId: 3547d9d9-1626-47c5-b9b7-14c421d2a92e\t TransferType: consumed\t Action: download_from_s3\t FileName: mafdb_783d326a98c97c227099cd46e1eb2739e8954c844e628390759f21e7b4e19db0.json\t Bucket: denethor\t FilePath: mafdb/mafdb_783d326a98c97c227099cd46e1eb2739e8954c844e628390759f21e7b4e19db0.json\t LocalFilePath: /tmp/mafdb/mafdb_783d326a98c97c227099cd46e1eb2739e8954c844e628390759f21e7b4e19db0.json\t FileSize: 273 bytes\t TransferDuration: 56.174144000124215 ms\n",
        "ingestionTime": 1745562097398,
        "eventId": "38927335362337010990755692201012826017041429977715310593"
    },
    {
        "logStreamName": "2025/04/25/[$LATEST]9af899fce7c7404d8775612dfa406f9a",
        "timestamp": 1745562088517,
        "message": "FILE_TRANSFER RequestId: 3547d9d9-1626-47c5-b9b7-14c421d2a92e\t TransferType: consumed\t Action: download_from_s3\t FileName: mafdb_e7fcb374868f23c5b66908ff13d437f525bdef064d3f7604b08f9b68087e91c4.json\t Bucket: denethor\t FilePath: mafdb/mafdb_e7fcb374868f23c5b66908ff13d437f525bdef064d3f7604b08f9b68087e91c4.json\t LocalFilePath: /tmp/mafdb/mafdb_e7fcb374868f23c5b66908ff13d437f525bdef064d3f7604b08f9b68087e91c4.json\t FileSize: 273 bytes\t TransferDuration: 85.03366200011442 ms\n",
        "ingestionTime": 1745562097398,
        "eventId": "38927335364232574332630795168043362070216540705723645954"
    },
    {
        "logStreamName": "2025/04/25/[$LATEST]9af899fce7c7404d8775612dfa406f9a",
        "timestamp": 1745562088590,
        "message": "FILE_TRANSFER RequestId: 3547d9d9-1626-47c5-b9b7-14c421d2a92e\t TransferType: consumed\t Action: download_from_s3\t FileName: mafdb_bdf7b87e05be228017da27afd5fd158ebe4fcf138008526635b8bcdbe380f328.json\t Bucket: denethor\t FilePath: mafdb/mafdb_bdf7b87e05be228017da27afd5fd158ebe4fcf138008526635b8bcdbe380f328.json\t LocalFilePath: /tmp/mafdb/mafdb_bdf7b87e05be228017da27afd5fd158ebe4fcf138008526635b8bcdbe380f328.json\t FileSize: 273 bytes\t TransferDuration: 72.78005600028337 ms\n",
        "ingestionTime": 1745562097398,
        "eventId": "38927335365860528732123530657375469504119871095660216323"
    },
    {
        "logStreamName": "2025/04/25/[$LATEST]9af899fce7c7404d8775612dfa406f9a",
        "timestamp": 1745562088659,
        "message": "FILE_TRANSFER RequestId: 3547d9d9-1626-47c5-b9b7-14c421d2a92e\t TransferType: consumed\t Action: download_from_s3\t FileName: mafdb_1d419943bc17a86fe648d8caad874862360b7c73c08c99b7c26040bc9939b002.json\t Bucket: denethor\t FilePath: mafdb/mafdb_1d419943bc17a86fe648d8caad874862360b7c73c08c99b7c26040bc9939b002.json\t LocalFilePath: /tmp/mafdb/mafdb_1d419943bc17a86fe648d8caad874862360b7c73c08c99b7c26040bc9939b002.json\t FileSize: 273 bytes\t TransferDuration: 68.85703799980547 ms\n",
        "ingestionTime": 1745562097398,
        "eventId": "38927335367399280150822143654141434064932608039572865028"
    },
    {
        "logStreamName": "2025/04/25/[$LATEST]9af899fce7c7404d8775612dfa406f9a",
        "timestamp": 1745562088719,
        "message": "FILE_TRANSFER RequestId: 3547d9d9-1626-47c5-b9b7-14c421d2a92e\t TransferType: consumed\t Action: download_from_s3\t FileName: mafdb_31199a0a134043b94c15114abad10433bfa58c2f87e3106720f88bf29e76f1ae.json\t Bucket: denethor\t FilePath: mafdb/mafdb_31199a0a134043b94c15114abad10433bfa58c2f87e3106720f88bf29e76f1ae.json\t LocalFilePath: /tmp/mafdb/mafdb_31199a0a134043b94c15114abad10433bfa58c2f87e3106720f88bf29e76f1ae.json\t FileSize: 273 bytes\t TransferDuration: 59.74990300001082 ms\n",
        "ingestionTime": 1745562097398,
        "eventId": "38927335368737324862733981042633577161291509729931689989"
    },
    {
        "logStreamName": "2025/04/25/[$LATEST]9af899fce7c7404d8775612dfa406f9a",
        "timestamp": 1745562088809,
        "message": "FILE_TRANSFER RequestId: 3547d9d9-1626-47c5-b9b7-14c421d2a92e\t TransferType: consumed\t Action: download_from_s3\t FileName: mafdb_c2a1e960932a069de5927d1067dde414f501136aba941befca2a4654e72bb08a.json\t Bucket: denethor\t FilePath: mafdb/mafdb_c2a1e960932a069de5927d1067dde414f501136aba941befca2a4654e72bb08a.json\t LocalFilePath: /tmp/mafdb/mafdb_c2a1e960932a069de5927d1067dde414f501136aba941befca2a4654e72bb08a.json\t FileSize: 273 bytes\t TransferDuration: 90.36862699986159 ms\n",
        "ingestionTime": 1745562097398,
        "eventId": "38927335370744391930601737125371791805829862265469927430"
    },
    {
        "logStreamName": "2025/04/25/[$LATEST]9af899fce7c7404d8775612dfa406f9a",
        "timestamp": 1745562088855,
        "message": "FILE_TRANSFER RequestId: 3547d9d9-1626-47c5-b9b7-14c421d2a92e\t TransferType: consumed\t Action: download_from_s3\t FileName: mafdb_49ad0997fa75ff9233f44bffe4f6033aaaf8676ed8f4cbac92057d25395497e6.json\t Bucket: denethor\t FilePath: mafdb/mafdb_49ad0997fa75ff9233f44bffe4f6033aaaf8676ed8f4cbac92057d25395497e6.json\t LocalFilePath: /tmp/mafdb/mafdb_49ad0997fa75ff9233f44bffe4f6033aaaf8676ed8f4cbac92057d25395497e6.json\t FileSize: 273 bytes\t TransferDuration: 45.55752200030838 ms\n",
        "ingestionTime": 1745562097398,
        "eventId": "38927335371770226209734145789882434846371686894745026567"
    },
    {
        "logStreamName": "2025/04/25/[$LATEST]9af899fce7c7404d8775612dfa406f9a",
        "timestamp": 1745562088921,
        "message": "FILE_TRANSFER RequestId: 3547d9d9-1626-47c5-b9b7-14c421d2a92e\t TransferType: consumed\t Action: download_from_s3\t FileName: mafdb_406ececbafe0a937f2a967e4dae5f862923efb2e1397870f6cc1ba8e050e1da7.json\t Bucket: denethor\t FilePath: mafdb/mafdb_406ececbafe0a937f2a967e4dae5f862923efb2e1397870f6cc1ba8e050e1da7.json\t LocalFilePath: /tmp/mafdb/mafdb_406ececbafe0a937f2a967e4dae5f862923efb2e1397870f6cc1ba8e050e1da7.json\t FileSize: 273 bytes\t TransferDuration: 66.0435800000414 ms\n",
        "ingestionTime": 1745562097398,
        "eventId": "38927335373242075392837166917223792252366478754139734024"
    },
    {
        "logStreamName": "2025/04/25/[$LATEST]9af899fce7c7404d8775612dfa406f9a",
        "timestamp": 1745562088975,
        "message": "FILE_TRANSFER RequestId: 3547d9d9-1626-47c5-b9b7-14c421d2a92e\t TransferType: consumed\t Action: download_from_s3\t FileName: mafdb_e7f2f9266538f691bae81aa42aeb881fcfc1833e62d05d9141e808a0cb0095fa.json\t Bucket: denethor\t FilePath: mafdb/mafdb_e7f2f9266538f691bae81aa42aeb881fcfc1833e62d05d9141e808a0cb0095fa.json\t LocalFilePath: /tmp/mafdb/mafdb_e7f2f9266538f691bae81aa42aeb881fcfc1833e62d05d9141e808a0cb0095fa.json\t FileSize: 273 bytes\t TransferDuration: 54.43542599959983 ms\n",
        "ingestionTime": 1745562097398,
        "eventId": "38927335374446315633557820566866721039089490275462676489"
    },
    {
        "logStreamName": "2025/04/25/[$LATEST]9af899fce7c7404d8775612dfa406f9a",
        "timestamp": 1745562089050,
        "message": "FILE_TRANSFER RequestId: 3547d9d9-1626-47c5-b9b7-14c421d2a92e\t TransferType: consumed\t Action: download_from_s3\t FileName: mafdb_e883ff130a9d34d26c58c15a735e96baab78aacec64abad0788f83f54423b943.json\t Bucket: denethor\t FilePath: mafdb/mafdb_e883ff130a9d34d26c58c15a735e96baab78aacec64abad0788f83f54423b943.json\t LocalFilePath: /tmp/mafdb/mafdb_e883ff130a9d34d26c58c15a735e96baab78aacec64abad0788f83f54423b943.json\t FileSize: 273 bytes\t TransferDuration: 75.01792499988369 ms\n",
        "ingestionTime": 1745562097398,
        "eventId": "38927335376118871523447617302481899909538117388411207690"
    },
    {
        "logStreamName": "2025/04/25/[$LATEST]9af899fce7c7404d8775612dfa406f9a",
        "timestamp": 1745562089122,
        "message": "FILE_TRANSFER RequestId: 3547d9d9-1626-47c5-b9b7-14c421d2a92e\t TransferType: consumed\t Action: download_from_s3\t FileName: mafdb_d215ba5497d3d3be2e105b2328e50bdccf602b7e0745016c80fa6f9913e5432f.json\t Bucket: denethor\t FilePath: mafdb/mafdb_d215ba5497d3d3be2e105b2328e50bdccf602b7e0745016c80fa6f9913e5432f.json\t LocalFilePath: /tmp/mafdb/mafdb_d215ba5497d3d3be2e105b2328e50bdccf602b7e0745016c80fa6f9913e5432f.json\t FileSize: 273 bytes\t TransferDuration: 71.71272900041004 ms\n",
        "ingestionTime": 1745562097398,
        "eventId": "38927335377724525177741822168672471625168799416841797643"
    },
    {
        "logStreamName": "2025/04/25/[$LATEST]9af899fce7c7404d8775612dfa406f9a",
        "timestamp": 1745562089194,
        "message": "FILE_TRANSFER RequestId: 3547d9d9-1626-47c5-b9b7-14c421d2a92e\t TransferType: consumed\t Action: download_from_s3\t FileName: mafdb_f871e6272680ce0853ce488fc481f480aa4e243fa14dd104803b05fb209cf094.json\t Bucket: denethor\t FilePath: mafdb/mafdb_f871e6272680ce0853ce488fc481f480aa4e243fa14dd104803b05fb209cf094.json\t LocalFilePath: /tmp/mafdb/mafdb_f871e6272680ce0853ce488fc481f480aa4e243fa14dd104803b05fb209cf094.json\t FileSize: 273 bytes\t TransferDuration: 71.39717200016094 ms\n",
        "ingestionTime": 1745562097398,
        "eventId": "38927335379330178832036027034863043340799481445272387596"
    },
    {
        "logStreamName": "2025/04/25/[$LATEST]9af899fce7c7404d8775612dfa406f9a",
        "timestamp": 1745562089266,
        "message": "FILE_TRANSFER RequestId: 3547d9d9-1626-47c5-b9b7-14c421d2a92e\t TransferType: consumed\t Action: download_from_s3\t FileName: mafdb_2ff7bb92e85df3f56dc7f35d3ca7b2bd150b675386145658d2fca63a9e2a3805.json\t Bucket: denethor\t FilePath: mafdb/mafdb_2ff7bb92e85df3f56dc7f35d3ca7b2bd150b675386145658d2fca63a9e2a3805.json\t LocalFilePath: /tmp/mafdb/mafdb_2ff7bb92e85df3f56dc7f35d3ca7b2bd150b675386145658d2fca63a9e2a3805.json\t FileSize: 273 bytes\t TransferDuration: 72.71018699975684 ms\n",
        "ingestionTime": 1745562097398,
        "eventId": "38927335380935832486330231901053615056430163473702977549"
    },
    {
        "logStreamName": "2025/04/25/[$LATEST]9af899fce7c7404d8775612dfa406f9a",
        "timestamp": 1745562089326,
        "message": "FILE_TRANSFER RequestId: 3547d9d9-1626-47c5-b9b7-14c421d2a92e\t TransferType: consumed\t Action: download_from_s3\t FileName: mafdb_47fb2615fc585137c90363d35106c9022fdcc722571f7ed6d93a0e213c75c760.json\t Bucket: denethor\t FilePath: mafdb/mafdb_47fb2615fc585137c90363d35106c9022fdcc722571f7ed6d93a0e213c75c760.json\t LocalFilePath: /tmp/mafdb/mafdb_47fb2615fc585137c90363d35106c9022fdcc722571f7ed6d93a0e213c75c760.json\t FileSize: 273 bytes\t TransferDuration: 59.54586099960579 ms\n",
        "ingestionTime": 1745562097398,
        "eventId": "38927335382273877198242069289545758152789065164061802510"
    },
    {
        "logStreamName": "2025/04/25/[$LATEST]9af899fce7c7404d8775612dfa406f9a",
        "timestamp": 1745562089372,
        "message": "FILE_TRANSFER RequestId: 3547d9d9-1626-47c5-b9b7-14c421d2a92e\t TransferType: consumed\t Action: download_from_s3\t FileName: mafdb_68e664a9a27eba1488202e5ea16bb79aee50d9c2456068b25a29d7ca46c1450f.json\t Bucket: denethor\t FilePath: mafdb/mafdb_68e664a9a27eba1488202e5ea16bb79aee50d9c2456068b25a29d7ca46c1450f.json\t LocalFilePath: /tmp/mafdb/mafdb_68e664a9a27eba1488202e5ea16bb79aee50d9c2456068b25a29d7ca46c1450f.json\t FileSize: 273 bytes\t TransferDuration: 45.62571399992521 ms\n",
        "ingestionTime": 1745562097398,
        "eventId": "38927335383299711477374477954056401193330889793336901647"
    },
    {
        "logStreamName": "2025/04/25/[$LATEST]9af899fce7c7404d8775612dfa406f9a",
        "timestamp": 1745562089478,
        "message": "FILE_TRANSFER RequestId: 3547d9d9-1626-47c5-b9b7-14c421d2a92e\t TransferType: consumed\t Action: download_from_s3\t FileName: mafdb_f6c9786df6a492206e55eb3d3911d34dbd753bfef23be22d8635d72135a7fbc7.json\t Bucket: denethor\t FilePath: mafdb/mafdb_f6c9786df6a492206e55eb3d3911d34dbd753bfef23be22d8635d72135a7fbc7.json\t LocalFilePath: /tmp/mafdb/mafdb_f6c9786df6a492206e55eb3d3911d34dbd753bfef23be22d8635d72135a7fbc7.json\t FileSize: 273 bytes\t TransferDuration: 106.2725430001592 ms\n",
        "ingestionTime": 1745562097398,
        "eventId": "38927335385663590468418724007059187330231616112970825744"
    },
    {
        "logStreamName": "2025/04/25/[$LATEST]9af899fce7c7404d8775612dfa406f9a",
        "timestamp": 1745562089532,
        "message": "FILE_TRANSFER RequestId: 3547d9d9-1626-47c5-b9b7-14c421d2a92e\t TransferType: consumed\t Action: download_from_s3\t FileName: mafdb_87129d44586b87142d9940a8b1bdbebcfa7b0454f32076964711670e9940a5bc.json\t Bucket: denethor\t FilePath: mafdb/mafdb_87129d44586b87142d9940a8b1bdbebcfa7b0454f32076964711670e9940a5bc.json\t LocalFilePath: /tmp/mafdb/mafdb_87129d44586b87142d9940a8b1bdbebcfa7b0454f32076964711670e9940a5bc.json\t FileSize: 273 bytes\t TransferDuration: 53.54248499997993 ms\n",
        "ingestionTime": 1745562097398,
        "eventId": "38927335386867830709139377656702116116954627634293768209"
    },
    {
        "logStreamName": "2025/04/25/[$LATEST]9af899fce7c7404d8775612dfa406f9a",
        "timestamp": 1745562089595,
        "message": "FILE_TRANSFER RequestId: 3547d9d9-1626-47c5-b9b7-14c421d2a92e\t TransferType: consumed\t Action: download_from_s3\t FileName: mafdb_ffac685782ba2ceabfc02088f70f3473d570818cc3d9c58c8979a425bc171247.json\t Bucket: denethor\t FilePath: mafdb/mafdb_ffac685782ba2ceabfc02088f70f3473d570818cc3d9c58c8979a425bc171247.json\t LocalFilePath: /tmp/mafdb/mafdb_ffac685782ba2ceabfc02088f70f3473d570818cc3d9c58c8979a425bc171247.json\t FileSize: 273 bytes\t TransferDuration: 63.11149400016802 ms\n",
        "ingestionTime": 1745562097398,
        "eventId": "38927335388272777656646806914618866368131474409170534418"
    },
    {
        "logStreamName": "2025/04/25/[$LATEST]9af899fce7c7404d8775612dfa406f9a",
        "timestamp": 1745562089656,
        "message": "FILE_TRANSFER RequestId: 3547d9d9-1626-47c5-b9b7-14c421d2a92e\t TransferType: consumed\t Action: download_from_s3\t FileName: mafdb_42b7a1940d80c9e5d1a1eb427219fad89ed0198775d719cc0f6171541419e487.json\t Bucket: denethor\t FilePath: mafdb/mafdb_42b7a1940d80c9e5d1a1eb427219fad89ed0198775d719cc0f6171541419e487.json\t LocalFilePath: /tmp/mafdb/mafdb_42b7a1940d80c9e5d1a1eb427219fad89ed0198775d719cc0f6171541419e487.json\t FileSize: 273 bytes\t TransferDuration: 61.056910999923275 ms\n",
        "ingestionTime": 1745562097398,
        "eventId": "38927335389633123113757174926252545182763024461035339795"
    },
    {
        "logStreamName": "2025/04/25/[$LATEST]9af899fce7c7404d8775612dfa406f9a",
        "timestamp": 1745562089750,
        "message": "FILE_TRANSFER RequestId: 3547d9d9-1626-47c5-b9b7-14c421d2a92e\t TransferType: consumed\t Action: download_from_s3\t FileName: mafdb_d7e79060050e13568977fc2c739b9eddf447a0cefe974cf809a00c1179f02def.json\t Bucket: denethor\t FilePath: mafdb/mafdb_d7e79060050e13568977fc2c739b9eddf447a0cefe974cf809a00c1179f02def.json\t LocalFilePath: /tmp/mafdb/mafdb_d7e79060050e13568977fc2c739b9eddf447a0cefe974cf809a00c1179f02def.json\t FileSize: 273 bytes\t TransferDuration: 93.55025700006081 ms\n",
        "ingestionTime": 1745562097398,
        "eventId": "38927335391729393162419053501556902700391970442597498900"
    },
    {
        "logStreamName": "2025/04/25/[$LATEST]9af899fce7c7404d8775612dfa406f9a",
        "timestamp": 1745562089812,
        "message": "FILE_TRANSFER RequestId: 3547d9d9-1626-47c5-b9b7-14c421d2a92e\t TransferType: consumed\t Action: download_from_s3\t FileName: mafdb_b61e3844996fd21e45a7d054f79694e53c5aede5327c90900ed7183119a56bfb.json\t Bucket: denethor\t FilePath: mafdb/mafdb_b61e3844996fd21e45a7d054f79694e53c5aede5327c90900ed7183119a56bfb.json\t LocalFilePath: /tmp/mafdb/mafdb_b61e3844996fd21e45a7d054f79694e53c5aede5327c90900ed7183119a56bfb.json\t FileSize: 273 bytes\t TransferDuration: 62.10686500025986 ms\n",
        "ingestionTime": 1745562097398,
        "eventId": "38927335393112039364727952136332117233296168855968284693"
    },
    {
        "logStreamName": "2025/04/25/[$LATEST]9af899fce7c7404d8775612dfa406f9a",
        "timestamp": 1745562089894,
        "message": "FILE_TRANSFER RequestId: 3547d9d9-1626-47c5-b9b7-14c421d2a92e\t TransferType: consumed\t Action: download_from_s3\t FileName: mafdb_29c4ddd140d117364cadffd440f0642c27bbc2412f4567e0cb32891cc3ef36a1.json\t Bucket: denethor\t FilePath: mafdb/mafdb_29c4ddd140d117364cadffd440f0642c27bbc2412f4567e0cb32891cc3ef36a1.json\t LocalFilePath: /tmp/mafdb/mafdb_29c4ddd140d117364cadffd440f0642c27bbc2412f4567e0cb32891cc3ef36a1.json\t FileSize: 273 bytes\t TransferDuration: 82.03171299965106 ms\n",
        "ingestionTime": 1745562097398,
        "eventId": "38927335394940700471007463233938046131653334499458678806"
    },
    {
        "logStreamName": "2025/04/25/[$LATEST]9af899fce7c7404d8775612dfa406f9a",
        "timestamp": 1745562089953,
        "message": "FILE_TRANSFER RequestId: 3547d9d9-1626-47c5-b9b7-14c421d2a92e\t TransferType: consumed\t Action: download_from_s3\t FileName: mafdb_4626fea2abf7ed35f5f28026640ab18610584687978217b1f40af22fe37f6572.json\t Bucket: denethor\t FilePath: mafdb/mafdb_4626fea2abf7ed35f5f28026640ab18610584687978217b1f40af22fe37f6572.json\t LocalFilePath: /tmp/mafdb/mafdb_4626fea2abf7ed35f5f28026640ab18610584687978217b1f40af22fe37f6572.json\t FileSize: 273 bytes\t TransferDuration: 58.75503299967022 ms\n",
        "ingestionTime": 1745562097398,
        "eventId": "38927335396256444437720769999288653509739587828311523351"
    },
    {
        "logStreamName": "2025/04/25/[$LATEST]9af899fce7c7404d8775612dfa406f9a",
        "timestamp": 1745562090010,
        "message": "FILE_TRANSFER RequestId: 3547d9d9-1626-47c5-b9b7-14c421d2a92e\t TransferType: consumed\t Action: download_from_s3\t FileName: mafdb_445b1fba33e16cd436442a3a77bf395f50fd97b749d80a4ea1cdfce773bb0774.json\t Bucket: denethor\t FilePath: mafdb/mafdb_445b1fba33e16cd436442a3a77bf395f50fd97b749d80a4ea1cdfce773bb0774.json\t LocalFilePath: /tmp/mafdb/mafdb_445b1fba33e16cd436442a3a77bf395f50fd97b749d80a4ea1cdfce773bb0774.json\t FileSize: 273 bytes\t TransferDuration: 57.40463199981605 ms\n",
        "ingestionTime": 1745562097398,
        "eventId": "38927335397527586914037015518356189451280544434152407064"
    },
    {
        "logStreamName": "2025/04/25/[$LATEST]9af899fce7c7404d8775612dfa406f9a",
        "timestamp": 1745562090085,
        "message": "FILE_TRANSFER RequestId: 3547d9d9-1626-47c5-b9b7-14c421d2a92e\t TransferType: consumed\t Action: download_from_s3\t FileName: mafdb_7aa0e0772e1c689c49550813d4d69f69cf00ce1c31ded8e93e9d062016b4ea81.json\t Bucket: denethor\t FilePath: mafdb/mafdb_7aa0e0772e1c689c49550813d4d69f69cf00ce1c31ded8e93e9d062016b4ea81.json\t LocalFilePath: /tmp/mafdb/mafdb_7aa0e0772e1c689c49550813d4d69f69cf00ce1c31ded8e93e9d062016b4ea81.json\t FileSize: 273 bytes\t TransferDuration: 74.6948149999298 ms\n",
        "ingestionTime": 1745562097398,
        "eventId": "38927335399200142803926812253971368321729171547100938265"
    },
    {
        "logStreamName": "2025/04/25/[$LATEST]9af899fce7c7404d8775612dfa406f9a",
        "timestamp": 1745562090150,
        "message": "FILE_TRANSFER RequestId: 3547d9d9-1626-47c5-b9b7-14c421d2a92e\t TransferType: consumed\t Action: download_from_s3\t FileName: mafdb_a10de1e435f46b875ce088b70edd639bb15f15e47181e4a02fd1d3279f474a75.json\t Bucket: denethor\t FilePath: mafdb/mafdb_a10de1e435f46b875ce088b70edd639bb15f15e47181e4a02fd1d3279f474a75.json\t LocalFilePath: /tmp/mafdb/mafdb_a10de1e435f46b875ce088b70edd639bb15f15e47181e4a02fd1d3279f474a75.json\t FileSize: 273 bytes\t TransferDuration: 64.98677800027508 ms\n",
        "ingestionTime": 1745562097398,
        "eventId": "38927335400649691241831302758171190009451315044989665306"
    },
    {
        "logStreamName": "2025/04/25/[$LATEST]9af899fce7c7404d8775612dfa406f9a",
        "timestamp": 1745562090213,
        "message": "FILE_TRANSFER RequestId: 3547d9d9-1626-47c5-b9b7-14c421d2a92e\t TransferType: consumed\t Action: download_from_s3\t FileName: mafdb_e61287967464938dd8658e2b6f8063c95a2a8288b950145c07d8cd279f06fe96.json\t Bucket: denethor\t FilePath: mafdb/mafdb_e61287967464938dd8658e2b6f8063c95a2a8288b950145c07d8cd279f06fe96.json\t LocalFilePath: /tmp/mafdb/mafdb_e61287967464938dd8658e2b6f8063c95a2a8288b950145c07d8cd279f06fe96.json\t FileSize: 232 bytes\t TransferDuration: 62.83284199980699 ms\n",
        "ingestionTime": 1745562097398,
        "eventId": "38927335402054638189338732016087940260628161819866431515"
    },
    {
        "logStreamName": "2025/04/25/[$LATEST]9af899fce7c7404d8775612dfa406f9a",
        "timestamp": 1745562090271,
        "message": "FILE_TRANSFER RequestId: 3547d9d9-1626-47c5-b9b7-14c421d2a92e\t TransferType: consumed\t Action: download_from_s3\t FileName: mafdb_45d317fa4103ebc6a5ca76d68fd00bce02d7a5f088e6155430a660f0514147a3.json\t Bucket: denethor\t FilePath: mafdb/mafdb_45d317fa4103ebc6a5ca76d68fd00bce02d7a5f088e6155430a660f0514147a3.json\t LocalFilePath: /tmp/mafdb/mafdb_45d317fa4103ebc6a5ca76d68fd00bce02d7a5f088e6155430a660f0514147a3.json\t FileSize: 232 bytes\t TransferDuration: 58.56798499962679 ms\n",
        "ingestionTime": 1745562097398,
        "eventId": "38927335403348081410853508158297011920441766787213295644"
    },
    {
        "logStreamName": "2025/04/25/[$LATEST]9af899fce7c7404d8775612dfa406f9a",
        "timestamp": 1745562090334,
        "message": "FILE_TRANSFER RequestId: 3547d9d9-1626-47c5-b9b7-14c421d2a92e\t TransferType: consumed\t Action: download_from_s3\t FileName: mafdb_953e1a111e13fbeb681f915778ac824e009ef79d64fc7cfa76e6c118a64274b0.json\t Bucket: denethor\t FilePath: mafdb/mafdb_953e1a111e13fbeb681f915778ac824e009ef79d64fc7cfa76e6c118a64274b0.json\t LocalFilePath: /tmp/mafdb/mafdb_953e1a111e13fbeb681f915778ac824e009ef79d64fc7cfa76e6c118a64274b0.json\t FileSize: 232 bytes\t TransferDuration: 62.12101700020867 ms\n",
        "ingestionTime": 1745562097398,
        "eventId": "38927335404753028358360937416213762171618613562090061853"
    },
    {
        "logStreamName": "2025/04/25/[$LATEST]9af899fce7c7404d8775612dfa406f9a",
        "timestamp": 1745562090400,
        "message": "FILE_TRANSFER RequestId: 3547d9d9-1626-47c5-b9b7-14c421d2a92e\t TransferType: consumed\t Action: download_from_s3\t FileName: mafdb_dd5bb0860cd8cfcf1de73c7e51fea56058e02019372b37c0fbe797a9a837ad38.json\t Bucket: denethor\t FilePath: mafdb/mafdb_dd5bb0860cd8cfcf1de73c7e51fea56058e02019372b37c0fbe797a9a837ad38.json\t LocalFilePath: /tmp/mafdb/mafdb_dd5bb0860cd8cfcf1de73c7e51fea56058e02019372b37c0fbe797a9a837ad38.json\t FileSize: 232 bytes\t TransferDuration: 66.51533500007645 ms\n",
        "ingestionTime": 1745562097398,
        "eventId": "38927335406224877541463958543555119577613405421484769310"
    },
    {
        "logStreamName": "2025/04/25/[$LATEST]9af899fce7c7404d8775612dfa406f9a",
        "timestamp": 1745562090510,
        "message": "FILE_TRANSFER RequestId: 3547d9d9-1626-47c5-b9b7-14c421d2a92e\t TransferType: consumed\t Action: download_from_s3\t FileName: mafdb_4a69772641578ec2d1db9c6dd1aabd576f4015e01037c89e4cf54545772984e3.json\t Bucket: denethor\t FilePath: mafdb/mafdb_4a69772641578ec2d1db9c6dd1aabd576f4015e01037c89e4cf54545772984e3.json\t LocalFilePath: /tmp/mafdb/mafdb_4a69772641578ec2d1db9c6dd1aabd576f4015e01037c89e4cf54545772984e3.json\t FileSize: 232 bytes\t TransferDuration: 109.77246199990986 ms\n",
        "ingestionTime": 1745562097398,
        "eventId": "38927335408677959513302327089124048587604725187142615071"
    },
    {
        "logStreamName": "2025/04/25/[$LATEST]9af899fce7c7404d8775612dfa406f9a",
        "timestamp": 1745562090570,
        "message": "FILE_TRANSFER RequestId: 3547d9d9-1626-47c5-b9b7-14c421d2a92e\t TransferType: consumed\t Action: download_from_s3\t FileName: mafdb_f15d6d133941e8137799af5c1c04fc577dd74e96149a2ccd80e4f571114f20e3.json\t Bucket: denethor\t FilePath: mafdb/mafdb_f15d6d133941e8137799af5c1c04fc577dd74e96149a2ccd80e4f571114f20e3.json\t LocalFilePath: /tmp/mafdb/mafdb_f15d6d133941e8137799af5c1c04fc577dd74e96149a2ccd80e4f571114f20e3.json\t FileSize: 232 bytes\t TransferDuration: 59.98779499986995 ms\n",
        "ingestionTime": 1745562097398,
        "eventId": "38927335410016004225214164477616191683963626877501440032"
    },
    {
        "logStreamName": "2025/04/25/[$LATEST]9af899fce7c7404d8775612dfa406f9a",
        "timestamp": 1745562090630,
        "message": "FILE_TRANSFER RequestId: 3547d9d9-1626-47c5-b9b7-14c421d2a92e\t TransferType: consumed\t Action: download_from_s3\t FileName: mafdb_f6df04e8133221cbf519260251139ebd37c34febe492851dd4458992bca83c94.json\t Bucket: denethor\t FilePath: mafdb/mafdb_f6df04e8133221cbf519260251139ebd37c34febe492851dd4458992bca83c94.json\t LocalFilePath: /tmp/mafdb/mafdb_f6df04e8133221cbf519260251139ebd37c34febe492851dd4458992bca83c94.json\t FileSize: 232 bytes\t TransferDuration: 59.830730999692605 ms\n",
        "ingestionTime": 1745562097398,
        "eventId": "38927335411354048937126001866108334780322528567860264993"
    },
    {
        "logStreamName": "2025/04/25/[$LATEST]9af899fce7c7404d8775612dfa406f9a",
        "timestamp": 1745562090709,
        "message": "FILE_TRANSFER RequestId: 3547d9d9-1626-47c5-b9b7-14c421d2a92e\t TransferType: consumed\t Action: download_from_s3\t FileName: mafdb_6f51ab0e641bb384954092390e08d5f95ec4531f17a7dfba439beb3259e5929a.json\t Bucket: denethor\t FilePath: mafdb/mafdb_6f51ab0e641bb384954092390e08d5f95ec4531f17a7dfba439beb3259e5929a.json\t LocalFilePath: /tmp/mafdb/mafdb_6f51ab0e641bb384954092390e08d5f95ec4531f17a7dfba439beb3259e5929a.json\t FileSize: 232 bytes\t TransferDuration: 78.73497999980827 ms\n",
        "ingestionTime": 1745562097398,
        "eventId": "38927335413115807807809921094289656523861749126832717858"
    },
    {
        "logStreamName": "2025/04/25/[$LATEST]9af899fce7c7404d8775612dfa406f9a",
        "timestamp": 1745562090759,
        "message": "FILE_TRANSFER RequestId: 3547d9d9-1626-47c5-b9b7-14c421d2a92e\t TransferType: consumed\t Action: download_from_s3\t FileName: mafdb_fac1936d51dfedc6b2390b5bce6179113332479afc4a5757defe3114aec8f0bb.json\t Bucket: denethor\t FilePath: mafdb/mafdb_fac1936d51dfedc6b2390b5bce6179113332479afc4a5757defe3114aec8f0bb.json\t LocalFilePath: /tmp/mafdb/mafdb_fac1936d51dfedc6b2390b5bce6179113332479afc4a5757defe3114aec8f0bb.json\t FileSize: 232 bytes\t TransferDuration: 50.439382000149635 ms\n",
        "ingestionTime": 1745562097398,
        "eventId": "38927335414230845067736452251366442437494167202131738659"
    },
    {
        "logStreamName": "2025/04/25/[$LATEST]9af899fce7c7404d8775612dfa406f9a",
        "timestamp": 1745562090909,
        "message": "FILE_TRANSFER RequestId: 3547d9d9-1626-47c5-b9b7-14c421d2a92e\t TransferType: consumed\t Action: download_from_s3\t FileName: mafdb_715bea8166387785654d4817b63af51d4368d79e15da6d3149784cf360d76eaa.json\t Bucket: denethor\t FilePath: mafdb/mafdb_715bea8166387785654d4817b63af51d4368d79e15da6d3149784cf360d76eaa.json\t LocalFilePath: /tmp/mafdb/mafdb_715bea8166387785654d4817b63af51d4368d79e15da6d3149784cf360d76eaa.json\t FileSize: 232 bytes\t TransferDuration: 150.11750200028473 ms\n",
        "ingestionTime": 1745562097398,
        "eventId": "38927335417575956847516045722596800178391421428028801060"
    },
    {
        "logStreamName": "2025/04/25/[$LATEST]9af899fce7c7404d8775612dfa406f9a",
        "timestamp": 1745562090989,
        "message": "FILE_TRANSFER RequestId: 3547d9d9-1626-47c5-b9b7-14c421d2a92e\t TransferType: consumed\t Action: download_from_s3\t FileName: mafdb_37f48e1b859b9b0ccb1d3918e3547c15f7c27b9cfc7ada49018043d3593d2b30.json\t Bucket: denethor\t FilePath: mafdb/mafdb_37f48e1b859b9b0ccb1d3918e3547c15f7c27b9cfc7ada49018043d3593d2b30.json\t LocalFilePath: /tmp/mafdb/mafdb_37f48e1b859b9b0ccb1d3918e3547c15f7c27b9cfc7ada49018043d3593d2b30.json\t FileSize: 232 bytes\t TransferDuration: 79.37100700019073 ms\n",
        "ingestionTime": 1745562097398,
        "eventId": "38927335419360016463398495573919657640203290348507234341"
    },
    {
        "logStreamName": "2025/04/25/[$LATEST]9af899fce7c7404d8775612dfa406f9a",
        "timestamp": 1745562091032,
        "message": "FILE_TRANSFER RequestId: 3547d9d9-1626-47c5-b9b7-14c421d2a92e\t TransferType: consumed\t Action: download_from_s3\t FileName: mafdb_e55488255b1fbcc9aaabaac963dff236ce30a48f048179f2652bf6431063cf4b.json\t Bucket: denethor\t FilePath: mafdb/mafdb_e55488255b1fbcc9aaabaac963dff236ce30a48f048179f2652bf6431063cf4b.json\t LocalFilePath: /tmp/mafdb/mafdb_e55488255b1fbcc9aaabaac963dff236ce30a48f048179f2652bf6431063cf4b.json\t FileSize: 232 bytes\t TransferDuration: 42.74586400015323 ms\n",
        "ingestionTime": 1745562097398,
        "eventId": "38927335420318948506935312369005693525927169893264392230"
    },
    {
        "logStreamName": "2025/04/25/[$LATEST]9af899fce7c7404d8775612dfa406f9a",
        "timestamp": 1745562091101,
        "message": "FILE_TRANSFER RequestId: 3547d9d9-1626-47c5-b9b7-14c421d2a92e\t TransferType: consumed\t Action: download_from_s3\t FileName: mafdb_5622c4af29c03a55db15361b96ebd57532e3d5deb3791cbd1444627fe1ca62ba.json\t Bucket: denethor\t FilePath: mafdb/mafdb_5622c4af29c03a55db15361b96ebd57532e3d5deb3791cbd1444627fe1ca62ba.json\t LocalFilePath: /tmp/mafdb/mafdb_5622c4af29c03a55db15361b96ebd57532e3d5deb3791cbd1444627fe1ca62ba.json\t FileSize: 232 bytes\t TransferDuration: 69.23396999991382 ms\n",
        "ingestionTime": 1745562097398,
        "eventId": "38927335421857699925633925365771658086739906837177040935"
    },
    {
        "logStreamName": "2025/04/25/[$LATEST]9af899fce7c7404d8775612dfa406f9a",
        "timestamp": 1745562091192,
        "message": "FILE_TRANSFER RequestId: 3547d9d9-1626-47c5-b9b7-14c421d2a92e\t TransferType: consumed\t Action: download_from_s3\t FileName: mafdb_baef90e470015ad8cbd57d9f360bf7d85807b59e2cd60cbcd58c003293486741.json\t Bucket: denethor\t FilePath: mafdb/mafdb_baef90e470015ad8cbd57d9f360bf7d85807b59e2cd60cbcd58c003293486741.json\t LocalFilePath: /tmp/mafdb/mafdb_baef90e470015ad8cbd57d9f360bf7d85807b59e2cd60cbcd58c003293486741.json\t FileSize: 232 bytes\t TransferDuration: 91.17290400035927 ms\n",
        "ingestionTime": 1745562097398,
        "eventId": "38927335423887067738700212071651408449550907734221258792"
    },
    {
        "logStreamName": "2025/04/25/[$LATEST]9af899fce7c7404d8775612dfa406f9a",
        "timestamp": 1745562091279,
        "message": "FILE_TRANSFER RequestId: 3547d9d9-1626-47c5-b9b7-14c421d2a92e\t TransferType: consumed\t Action: download_from_s3\t FileName: mafdb_44786d15636736367c1c71748c6f6ad88c51a0acf9651aa1d2aab053f2b49895.json\t Bucket: denethor\t FilePath: mafdb/mafdb_44786d15636736367c1c71748c6f6ad88c51a0acf9651aa1d2aab053f2b49895.json\t LocalFilePath: /tmp/mafdb/mafdb_44786d15636736367c1c71748c6f6ad88c51a0acf9651aa1d2aab053f2b49895.json\t FileSize: 232 bytes\t TransferDuration: 86.99674399986179 ms\n",
        "ingestionTime": 1745562097398,
        "eventId": "38927335425827232570972376284965015939271315185241554985"
    },
    {
        "logStreamName": "2025/04/25/[$LATEST]9af899fce7c7404d8775612dfa406f9a",
        "timestamp": 1745562091352,
        "message": "FILE_TRANSFER RequestId: 3547d9d9-1626-47c5-b9b7-14c421d2a92e\t TransferType: consumed\t Action: download_from_s3\t FileName: mafdb_050eb4506b88aa955760b80fe61fa5f2dc7867810f3fd968c62f0f2b1721b84a.json\t Bucket: denethor\t FilePath: mafdb/mafdb_050eb4506b88aa955760b80fe61fa5f2dc7867810f3fd968c62f0f2b1721b84a.json\t LocalFilePath: /tmp/mafdb/mafdb_050eb4506b88aa955760b80fe61fa5f2dc7867810f3fd968c62f0f2b1721b84a.json\t FileSize: 232 bytes\t TransferDuration: 72.95986899998752 ms\n",
        "ingestionTime": 1745562097398,
        "eventId": "38927335427455186970465111774297123373174645575178125354"
    },
    {
        "logStreamName": "2025/04/25/[$LATEST]9af899fce7c7404d8775612dfa406f9a",
        "timestamp": 1745562091420,
        "message": "FILE_TRANSFER RequestId: 3547d9d9-1626-47c5-b9b7-14c421d2a92e\t TransferType: consumed\t Action: download_from_s3\t FileName: mafdb_4294147453f0881ff5d40ffeafab616f4bd8a7ba876322d7a55e79a2b54c515e.json\t Bucket: denethor\t FilePath: mafdb/mafdb_4294147453f0881ff5d40ffeafab616f4bd8a7ba876322d7a55e79a2b54c515e.json\t LocalFilePath: /tmp/mafdb/mafdb_4294147453f0881ff5d40ffeafab616f4bd8a7ba876322d7a55e79a2b54c515e.json\t FileSize: 232 bytes\t TransferDuration: 67.76056799981234 ms\n",
        "ingestionTime": 1745562097398,
        "eventId": "38927335428971637643965194147921552215714734157584793643"
    },
    {
        "logStreamName": "2025/04/25/[$LATEST]9af899fce7c7404d8775612dfa406f9a",
        "timestamp": 1745562091475,
        "message": "FILE_TRANSFER RequestId: 3547d9d9-1626-47c5-b9b7-14c421d2a92e\t TransferType: consumed\t Action: download_from_s3\t FileName: mafdb_605d104cfc6518c6e800159628fbe1a7412ae8cd691423eaa1505e85821ecac9.json\t Bucket: denethor\t FilePath: mafdb/mafdb_605d104cfc6518c6e800159628fbe1a7412ae8cd691423eaa1505e85821ecac9.json\t LocalFilePath: /tmp/mafdb/mafdb_605d104cfc6518c6e800159628fbe1a7412ae8cd691423eaa1505e85821ecac9.json\t FileSize: 232 bytes\t TransferDuration: 54.2963900002178 ms\n",
        "ingestionTime": 1745562097398,
        "eventId": "38927335430198178629884378420706016720710394040413716524"
    },
    {
        "logStreamName": "2025/04/25/[$LATEST]9af899fce7c7404d8775612dfa406f9a",
        "timestamp": 1745562091535,
        "message": "FILE_TRANSFER RequestId: 3547d9d9-1626-47c5-b9b7-14c421d2a92e\t TransferType: consumed\t Action: download_from_s3\t FileName: mafdb_07f2663350ea1ac790cef8d65d693e9f9a8a7ff3d9613fcbba8694ef3a437497.json\t Bucket: denethor\t FilePath: mafdb/mafdb_07f2663350ea1ac790cef8d65d693e9f9a8a7ff3d9613fcbba8694ef3a437497.json\t LocalFilePath: /tmp/mafdb/mafdb_07f2663350ea1ac790cef8d65d693e9f9a8a7ff3d9613fcbba8694ef3a437497.json\t FileSize: 232 bytes\t TransferDuration: 60.52432500018767 ms\n",
        "ingestionTime": 1745562097398,
        "eventId": "38927335431536223341796215809198159817069295730772541485"
    },
    {
        "logStreamName": "2025/04/25/[$LATEST]9af899fce7c7404d8775612dfa406f9a",
        "timestamp": 1745562091551,
        "message": "CONSUMED_FILES_INFO RequestId: 3547d9d9-1626-47c5-b9b7-14c421d2a92e\t FilesCount: 60 files\t FilesSize: 25896 bytes\t TransferDuration: 4272.695487999499 ms\t ConsumedFiles: ['mafdb_6f7a2b1116e6a791f68a03367473294792b679a6357b6789f3f993b1f83e2e80.json', 'mafdb_54d8ddd695de385cbe16742ebc6fdcb479cd2b8e3c0cd457826222c83fe6bb7c.json', 'mafdb_1f6ccfc97b000b314f6a6c7e2582a4263b17ffc061fef38bd3c9a63fa631759f.json', 'mafdb_bd5d862db8f1d6b261aaeb3b8ecb83d67004ffb7524cb75c5f1f8454224f7c91.json', 'mafdb_861b6fcf310a5a4a01036477cd0e28e972c4aa89be1fcccfc0eab6cd45e9fd74.json', 'mafdb_7d398773bfc3e4435be56d8711457fd7fc190e97e32d7ec51a8a702e16118c4d.json', 'mafdb_c451a256436a5fc45a562eaf2fead8dd42917b32894e636d2b705f5405224a88.json', 'mafdb_7511017a4e93687a5be47b55aa4c08eff48c283a8153f5e070747057ad693f80.json', 'mafdb_3891ae3bc299950ca7a78c4d495828659f2cb320e0641ad8c6bfc4ced2d8e2b0.json', 'mafdb_58aa863a1439bf886daca0713239dba1882676aea5266e0af5bebad97529db92.json', 'mafdb_c1f206b6efa75e1df509578ad4d9fb9ea330d34e7283ccf9d6ad80fdedf66b9a.json', 'mafdb_c3c2025f352d34b4b79a48619176577388b06f30619772ddea31df49ee988aff.json', 'mafdb_c5b5a3a4bd54a110140df77527325958d257fc9b669bca89b332593540c1dc20.json', 'mafdb_51e18dc31f0c330513b45085a52c5ecd1e4a0a9130d2805a71368f1cbe17f65e.json', 'mafdb_95cfb922ebd546f21edcc627a60ea2a6235550bbba3696739fcaca409f1a0232.json', 'mafdb_783d326a98c97c227099cd46e1eb2739e8954c844e628390759f21e7b4e19db0.json', 'mafdb_e7fcb374868f23c5b66908ff13d437f525bdef064d3f7604b08f9b68087e91c4.json', 'mafdb_bdf7b87e05be228017da27afd5fd158ebe4fcf138008526635b8bcdbe380f328.json', 'mafdb_1d419943bc17a86fe648d8caad874862360b7c73c08c99b7c26040bc9939b002.json', 'mafdb_31199a0a134043b94c15114abad10433bfa58c2f87e3106720f88bf29e76f1ae.json', 'mafdb_c2a1e960932a069de5927d1067dde414f501136aba941befca2a4654e72bb08a.json', 'mafdb_49ad0997fa75ff9233f44bffe4f6033aaaf8676ed8f4cbac92057d25395497e6.json', 'mafdb_406ececbafe0a937f2a967e4dae5f862923efb2e1397870f6cc1ba8e050e1da7.json', 'mafdb_e7f2f9266538f691bae81aa42aeb881fcfc1833e62d05d9141e808a0cb0095fa.json', 'mafdb_e883ff130a9d34d26c58c15a735e96baab78aacec64abad0788f83f54423b943.json', 'mafdb_d215ba5497d3d3be2e105b2328e50bdccf602b7e0745016c80fa6f9913e5432f.json', 'mafdb_f871e6272680ce0853ce488fc481f480aa4e243fa14dd104803b05fb209cf094.json', 'mafdb_2ff7bb92e85df3f56dc7f35d3ca7b2bd150b675386145658d2fca63a9e2a3805.json', 'mafdb_47fb2615fc585137c90363d35106c9022fdcc722571f7ed6d93a0e213c75c760.json', 'mafdb_68e664a9a27eba1488202e5ea16bb79aee50d9c2456068b25a29d7ca46c1450f.json', 'mafdb_f6c9786df6a492206e55eb3d3911d34dbd753bfef23be22d8635d72135a7fbc7.json', 'mafdb_87129d44586b87142d9940a8b1bdbebcfa7b0454f32076964711670e9940a5bc.json', 'mafdb_ffac685782ba2ceabfc02088f70f3473d570818cc3d9c58c8979a425bc171247.json', 'mafdb_42b7a1940d80c9e5d1a1eb427219fad89ed0198775d719cc0f6171541419e487.json', 'mafdb_d7e79060050e13568977fc2c739b9eddf447a0cefe974cf809a00c1179f02def.json', 'mafdb_b61e3844996fd21e45a7d054f79694e53c5aede5327c90900ed7183119a56bfb.json', 'mafdb_29c4ddd140d117364cadffd440f0642c27bbc2412f4567e0cb32891cc3ef36a1.json', 'mafdb_4626fea2abf7ed35f5f28026640ab18610584687978217b1f40af22fe37f6572.json', 'mafdb_445b1fba33e16cd436442a3a77bf395f50fd97b749d80a4ea1cdfce773bb0774.json', 'mafdb_7aa0e0772e1c689c49550813d4d69f69cf00ce1c31ded8e93e9d062016b4ea81.json', 'mafdb_a10de1e435f46b875ce088b70edd639bb15f15e47181e4a02fd1d3279f474a75.json', 'mafdb_e61287967464938dd8658e2b6f8063c95a2a8288b950145c07d8cd279f06fe96.json', 'mafdb_45d317fa4103ebc6a5ca76d68fd00bce02d7a5f088e6155430a660f0514147a3.json', 'mafdb_953e1a111e13fbeb681f915778ac824e009ef79d64fc7cfa76e6c118a64274b0.json', 'mafdb_dd5bb0860cd8cfcf1de73c7e51fea56058e02019372b37c0fbe797a9a837ad38.json', 'mafdb_4a69772641578ec2d1db9c6dd1aabd576f4015e01037c89e4cf54545772984e3.json', 'mafdb_f15d6d133941e8137799af5c1c04fc577dd74e96149a2ccd80e4f571114f20e3.json', 'mafdb_f6df04e8133221cbf519260251139ebd37c34febe492851dd4458992bca83c94.json', 'mafdb_6f51ab0e641bb384954092390e08d5f95ec4531f17a7dfba439beb3259e5929a.json', 'mafdb_fac1936d51dfedc6b2390b5bce6179113332479afc4a5757defe3114aec8f0bb.json', 'mafdb_715bea8166387785654d4817b63af51d4368d79e15da6d3149784cf360d76eaa.json', 'mafdb_37f48e1b859b9b0ccb1d3918e3547c15f7c27b9cfc7ada49018043d3593d2b30.json', 'mafdb_e55488255b1fbcc9aaabaac963dff236ce30a48f048179f2652bf6431063cf4b.json', 'mafdb_5622c4af29c03a55db15361b96ebd57532e3d5deb3791cbd1444627fe1ca62ba.json', 'mafdb_baef90e470015ad8cbd57d9f360bf7d85807b59e2cd60cbcd58c003293486741.json', 'mafdb_44786d15636736367c1c71748c6f6ad88c51a0acf9651aa1d2aab053f2b49895.json', 'mafdb_050eb4506b88aa955760b80fe61fa5f2dc7867810f3fd968c62f0f2b1721b84a.json', 'mafdb_4294147453f0881ff5d40ffeafab616f4bd8a7ba876322d7a55e79a2b54c515e.json', 'mafdb_605d104cfc6518c6e800159628fbe1a7412ae8cd691423eaa1505e85821ecac9.json', 'mafdb_07f2663350ea1ac790cef8d65d693e9f9a8a7ff3d9613fcbba8694ef3a437497.json']\n",
        "ingestionTime": 1745562097398,
        "eventId": "38927335431893035264972705779462731309431669514868228142"
    },
    {
        "logStreamName": "2025/04/25/[$LATEST]9af899fce7c7404d8775612dfa406f9a",
        "timestamp": 1745562091570,
        "message": "[INFO]\t2025-04-25T06:21:31.570Z\t3547d9d9-1626-47c5-b9b7-14c421d2a92e\tMAF_DATABASE_AGGREGATOR RequestId: 3547d9d9-1626-47c5-b9b7-14c421d2a92e\t Duration: 19.5563930001299 ms\t InputLength: 60\t MaxMaf: 8\t MafDatabase: {'1': {'tree_ORTHOMCL256_Inner4.nexus': ['tree_ORTHOMCL256_2_Inner4.nexus', 'tree_ORTHOMCL256_2_Inner5.nexus', 'tree_ORTHOMCL256_2_Inner6.nexus', 'tree_ORTHOMCL256_2_Inner7.nexus', 'tree_ORTHOMCL256_2_Inner8.nexus'], 'tree_ORTHOMCL256_Inner5.nexus': ['tree_ORTHOMCL256_2_Inner4.nexus'], 'tree_ORTHOMCL256_Inner6.nexus': ['tree_ORTHOMCL256_2_Inner4.nexus'], 'tree_ORTHOMCL256_Inner7.nexus': ['tree_ORTHOMCL256_2_Inner4.nexus'], 'tree_ORTHOMCL256_Inner8.nexus': ['tree_ORTHOMCL256_2_Inner4.nexus'], 'tree_ORTHOMCL256_2_Inner4.nexus': ['tree_ORTHOMCL256_Inner4.nexus', 'tree_ORTHOMCL256_Inner5.nexus', 'tree_ORTHOMCL256_Inner6.nexus', 'tree_ORTHOMCL256_Inner7.nexus', 'tree_ORTHOMCL256_Inner8.nexus'], 'tree_ORTHOMCL256_2_Inner5.nexus': ['tree_ORTHOMCL256_Inner4.nexus'], 'tree_ORTHOMCL256_2_Inner6.nexus': ['tree_ORTHOMCL256_Inner4.nexus'], 'tree_ORTHOMCL256_2_Inner7.nexus': ['tree_ORTHOMCL256_Inner4.nexus'], 'tree_ORTHOMCL256_2_Inner8.nexus': ['tree_ORTHOMCL256_Inner4.nexus']}, '2': {'tree_ORTHOMCL256_Inner1.nexus': ['tree_ORTHOMCL256_2_Inner1.nexus', 'tree_ORTHOMCL256_2_Inner2.nexus', 'tree_ORTHOMCL256_2_Inner3.nexus', 'tree_ORTHOMCL256_2_Inner5.nexus', 'tree_ORTHOMCL256_2_Inner6.nexus', 'tree_ORTHOMCL256_2_Inner7.nexus', 'tree_ORTHOMCL256_2_Inner8.nexus'], 'tree_ORTHOMCL256_Inner2.nexus': ['tree_ORTHOMCL256_2_Inner1.nexus', 'tree_ORTHOMCL256_2_Inner2.nexus', 'tree_ORTHOMCL256_2_Inner3.nexus', 'tree_ORTHOMCL256_2_Inner5.nexus', 'tree_ORTHOMCL256_2_Inner6.nexus', 'tree_ORTHOMCL256_2_Inner7.nexus', 'tree_ORTHOMCL256_2_Inner8.nexus'], 'tree_ORTHOMCL256_Inner3.nexus': ['tree_ORTHOMCL256_2_Inner1.nexus', 'tree_ORTHOMCL256_2_Inner2.nexus'], 'tree_ORTHOMCL256_Inner5.nexus': ['tree_ORTHOMCL256_2_Inner1.nexus', 'tree_ORTHOMCL256_2_Inner2.nexus'], 'tree_ORTHOMCL256_Inner6.nexus': ['tree_ORTHOMCL256_2_Inner1.nexus', 'tree_ORTHOMCL256_2_Inner2.nexus'], 'tree_ORTHOMCL256_Inner7.nexus': ['tree_ORTHOMCL256_2_Inner1.nexus', 'tree_ORTHOMCL256_2_Inner2.nexus'], 'tree_ORTHOMCL256_Inner8.nexus': ['tree_ORTHOMCL256_2_Inner1.nexus', 'tree_ORTHOMCL256_2_Inner2.nexus'], 'tree_ORTHOMCL256_2_Inner1.nexus': ['tree_ORTHOMCL256_Inner1.nexus', 'tree_ORTHOMCL256_Inner2.nexus', 'tree_ORTHOMCL256_Inner3.nexus', 'tree_ORTHOMCL256_Inner5.nexus', 'tree_ORTHOMCL256_Inner6.nexus', 'tree_ORTHOMCL256_Inner7.nexus', 'tree_ORTHOMCL256_Inner8.nexus'], 'tree_ORTHOMCL256_2_Inner2.nexus': ['tree_ORTHOMCL256_Inner1.nexus', 'tree_ORTHOMCL256_Inner2.nexus', 'tree_ORTHOMCL256_Inner3.nexus', 'tree_ORTHOMCL256_Inner5.nexus', 'tree_ORTHOMCL256_Inner6.nexus', 'tree_ORTHOMCL256_Inner7.nexus', 'tree_ORTHOMCL256_Inner8.nexus'], 'tree_ORTHOMCL256_2_Inner3.nexus': ['tree_ORTHOMCL256_Inner1.nexus', 'tree_ORTHOMCL256_Inner2.nexus'], 'tree_ORTHOMCL256_2_Inner5.nexus': ['tree_ORTHOMCL256_Inner1.nexus', 'tree_ORTHOMCL256_Inner2.nexus'], 'tree_ORTHOMCL256_2_Inner6.nexus': ['tree_ORTHOMCL256_Inner1.nexus', 'tree_ORTHOMCL256_Inner2.nexus'], 'tree_ORTHOMCL256_2_Inner7.nexus': ['tree_ORTHOMCL256_Inner1.nexus', 'tree_ORTHOMCL256_Inner2.nexus'], 'tree_ORTHOMCL256_2_Inner8.nexus': ['tree_ORTHOMCL256_Inner1.nexus', 'tree_ORTHOMCL256_Inner2.nexus']}, '3': {'tree_ORTHOMCL256_Inner3.nexus': ['tree_ORTHOMCL256_2_Inner3.nexus', 'tree_ORTHOMCL256_2_Inner5.nexus', 'tree_ORTHOMCL256_2_Inner6.nexus', 'tree_ORTHOMCL256_2_Inner7.nexus', 'tree_ORTHOMCL256_2_Inner8.nexus'], 'tree_ORTHOMCL256_Inner5.nexus': ['tree_ORTHOMCL256_2_Inner3.nexus'], 'tree_ORTHOMCL256_Inner6.nexus': ['tree_ORTHOMCL256_2_Inner3.nexus'], 'tree_ORTHOMCL256_Inner7.nexus': ['tree_ORTHOMCL256_2_Inner3.nexus'], 'tree_ORTHOMCL256_Inner8.nexus': ['tree_ORTHOMCL256_2_Inner3.nexus'], 'tree_ORTHOMCL256_2_Inner3.nexus': ['tree_ORTHOMCL256_Inner3.nexus', 'tree_ORTHOMCL256_Inner5.nexus', 'tree_ORTHOMCL256_Inner6.nexus', 'tree_ORTHOMCL256_Inner7.nexus', 'tree_ORTHOMCL256_Inner8.nexus'], 'tree_ORTHOMCL256_2_Inner5.nexus': ['tree_ORTHOMCL256_Inner3.nexus'], 'tree_ORTHOMCL256_2_Inner6.nexus': ['tree_ORTHOMCL256_Inner3.nexus'], 'tree_ORTHOMCL256_2_Inner7.nexus': ['tree_ORTHOMCL256_Inner3.nexus'], 'tree_ORTHOMCL256_2_Inner8.nexus': ['tree_ORTHOMCL256_Inner3.nexus']}, '4': {'tree_ORTHOMCL256_Inner5.nexus': ['tree_ORTHOMCL256_2_Inner5.nexus', 'tree_ORTHOMCL256_2_Inner6.nexus', 'tree_ORTHOMCL256_2_Inner7.nexus', 'tree_ORTHOMCL256_2_Inner8.nexus'], 'tree_ORTHOMCL256_Inner6.nexus': ['tree_ORTHOMCL256_2_Inner5.nexus'], 'tree_ORTHOMCL256_Inner7.nexus': ['tree_ORTHOMCL256_2_Inner5.nexus'], 'tree_ORTHOMCL256_Inner8.nexus': ['tree_ORTHOMCL256_2_Inner5.nexus'], 'tree_ORTHOMCL256_2_Inner5.nexus': ['tree_ORTHOMCL256_Inner5.nexus', 'tree_ORTHOMCL256_Inner6.nexus', 'tree_ORTHOMCL256_Inner7.nexus', 'tree_ORTHOMCL256_Inner8.nexus'], 'tree_ORTHOMCL256_2_Inner6.nexus': ['tree_ORTHOMCL256_Inner5.nexus'], 'tree_ORTHOMCL256_2_Inner7.nexus': ['tree_ORTHOMCL256_Inner5.nexus'], 'tree_ORTHOMCL256_2_Inner8.nexus': ['tree_ORTHOMCL256_Inner5.nexus']}, '5': {'tree_ORTHOMCL256_Inner6.nexus': ['tree_ORTHOMCL256_2_Inner6.nexus', 'tree_ORTHOMCL256_2_Inner7.nexus', 'tree_ORTHOMCL256_2_Inner8.nexus'], 'tree_ORTHOMCL256_Inner7.nexus': ['tree_ORTHOMCL256_2_Inner6.nexus'], 'tree_ORTHOMCL256_Inner8.nexus': ['tree_ORTHOMCL256_2_Inner6.nexus'], 'tree_ORTHOMCL256_2_Inner6.nexus': ['tree_ORTHOMCL256_Inner6.nexus', 'tree_ORTHOMCL256_Inner7.nexus', 'tree_ORTHOMCL256_Inner8.nexus'], 'tree_ORTHOMCL256_2_Inner7.nexus': ['tree_ORTHOMCL256_Inner6.nexus'], 'tree_ORTHOMCL256_2_Inner8.nexus': ['tree_ORTHOMCL256_Inner6.nexus']}, '6': {'tree_ORTHOMCL256_Inner7.nexus': ['tree_ORTHOMCL256_2_Inner7.nexus', 'tree_ORTHOMCL256_2_Inner8.nexus'], 'tree_ORTHOMCL256_Inner8.nexus': ['tree_ORTHOMCL256_2_Inner7.nexus'], 'tree_ORTHOMCL256_2_Inner7.nexus': ['tree_ORTHOMCL256_Inner7.nexus', 'tree_ORTHOMCL256_Inner8.nexus'], 'tree_ORTHOMCL256_2_Inner8.nexus': ['tree_ORTHOMCL256_Inner7.nexus']}, '8': {'tree_ORTHOMCL256_Inner8.nexus': ['tree_ORTHOMCL256_2_Inner8.nexus'], 'tree_ORTHOMCL256_2_Inner8.nexus': ['tree_ORTHOMCL256_Inner8.nexus']}}\n",
        "ingestionTime": 1745562097398,
        "eventId": "38927335432316749423744787619151909956611988383481856047"
    },
    {
        "logStreamName": "2025/04/25/[$LATEST]9af899fce7c7404d8775612dfa406f9a",
        "timestamp": 1745562091570,
        "message": "[INFO] 2025-04-25T06:21:31GMT MAF_DATABASE_AGGREGATOR RequestId: 3547d9d9-1626-47c5-b9b7-14c421d2a92e\t Duration: 19.5563930001299 ms\t InputLength: 60\t MaxMaf: 8\t MafDatabase: {'1': {'tree_ORTHOMCL256_Inner4.nexus': ['tree_ORTHOMCL256_2_Inner4.nexus', 'tree_ORTHOMCL256_2_Inner5.nexus', 'tree_ORTHOMCL256_2_Inner6.nexus', 'tree_ORTHOMCL256_2_Inner7.nexus', 'tree_ORTHOMCL256_2_Inner8.nexus'], 'tree_ORTHOMCL256_Inner5.nexus': ['tree_ORTHOMCL256_2_Inner4.nexus'], 'tree_ORTHOMCL256_Inner6.nexus': ['tree_ORTHOMCL256_2_Inner4.nexus'], 'tree_ORTHOMCL256_Inner7.nexus': ['tree_ORTHOMCL256_2_Inner4.nexus'], 'tree_ORTHOMCL256_Inner8.nexus': ['tree_ORTHOMCL256_2_Inner4.nexus'], 'tree_ORTHOMCL256_2_Inner4.nexus': ['tree_ORTHOMCL256_Inner4.nexus', 'tree_ORTHOMCL256_Inner5.nexus', 'tree_ORTHOMCL256_Inner6.nexus', 'tree_ORTHOMCL256_Inner7.nexus', 'tree_ORTHOMCL256_Inner8.nexus'], 'tree_ORTHOMCL256_2_Inner5.nexus': ['tree_ORTHOMCL256_Inner4.nexus'], 'tree_ORTHOMCL256_2_Inner6.nexus': ['tree_ORTHOMCL256_Inner4.nexus'], 'tree_ORTHOMCL256_2_Inner7.nexus': ['tree_ORTHOMCL256_Inner4.nexus'], 'tree_ORTHOMCL256_2_Inner8.nexus': ['tree_ORTHOMCL256_Inner4.nexus']}, '2': {'tree_ORTHOMCL256_Inner1.nexus': ['tree_ORTHOMCL256_2_Inner1.nexus', 'tree_ORTHOMCL256_2_Inner2.nexus', 'tree_ORTHOMCL256_2_Inner3.nexus', 'tree_ORTHOMCL256_2_Inner5.nexus', 'tree_ORTHOMCL256_2_Inner6.nexus', 'tree_ORTHOMCL256_2_Inner7.nexus', 'tree_ORTHOMCL256_2_Inner8.nexus'], 'tree_ORTHOMCL256_Inner2.nexus': ['tree_ORTHOMCL256_2_Inner1.nexus', 'tree_ORTHOMCL256_2_Inner2.nexus', 'tree_ORTHOMCL256_2_Inner3.nexus', 'tree_ORTHOMCL256_2_Inner5.nexus', 'tree_ORTHOMCL256_2_Inner6.nexus', 'tree_ORTHOMCL256_2_Inner7.nexus', 'tree_ORTHOMCL256_2_Inner8.nexus'], 'tree_ORTHOMCL256_Inner3.nexus': ['tree_ORTHOMCL256_2_Inner1.nexus', 'tree_ORTHOMCL256_2_Inner2.nexus'], 'tree_ORTHOMCL256_Inner5.nexus': ['tree_ORTHOMCL256_2_Inner1.nexus', 'tree_ORTHOMCL256_2_Inner2.nexus'], 'tree_ORTHOMCL256_Inner6.nexus': ['tree_ORTHOMCL256_2_Inner1.nexus', 'tree_ORTHOMCL256_2_Inner2.nexus'], 'tree_ORTHOMCL256_Inner7.nexus': ['tree_ORTHOMCL256_2_Inner1.nexus', 'tree_ORTHOMCL256_2_Inner2.nexus'], 'tree_ORTHOMCL256_Inner8.nexus': ['tree_ORTHOMCL256_2_Inner1.nexus', 'tree_ORTHOMCL256_2_Inner2.nexus'], 'tree_ORTHOMCL256_2_Inner1.nexus': ['tree_ORTHOMCL256_Inner1.nexus', 'tree_ORTHOMCL256_Inner2.nexus', 'tree_ORTHOMCL256_Inner3.nexus', 'tree_ORTHOMCL256_Inner5.nexus', 'tree_ORTHOMCL256_Inner6.nexus', 'tree_ORTHOMCL256_Inner7.nexus', 'tree_ORTHOMCL256_Inner8.nexus'], 'tree_ORTHOMCL256_2_Inner2.nexus': ['tree_ORTHOMCL256_Inner1.nexus', 'tree_ORTHOMCL256_Inner2.nexus', 'tree_ORTHOMCL256_Inner3.nexus', 'tree_ORTHOMCL256_Inner5.nexus', 'tree_ORTHOMCL256_Inner6.nexus', 'tree_ORTHOMCL256_Inner7.nexus', 'tree_ORTHOMCL256_Inner8.nexus'], 'tree_ORTHOMCL256_2_Inner3.nexus': ['tree_ORTHOMCL256_Inner1.nexus', 'tree_ORTHOMCL256_Inner2.nexus'], 'tree_ORTHOMCL256_2_Inner5.nexus': ['tree_ORTHOMCL256_Inner1.nexus', 'tree_ORTHOMCL256_Inner2.nexus'], 'tree_ORTHOMCL256_2_Inner6.nexus': ['tree_ORTHOMCL256_Inner1.nexus', 'tree_ORTHOMCL256_Inner2.nexus'], 'tree_ORTHOMCL256_2_Inner7.nexus': ['tree_ORTHOMCL256_Inner1.nexus', 'tree_ORTHOMCL256_Inner2.nexus'], 'tree_ORTHOMCL256_2_Inner8.nexus': ['tree_ORTHOMCL256_Inner1.nexus', 'tree_ORTHOMCL256_Inner2.nexus']}, '3': {'tree_ORTHOMCL256_Inner3.nexus': ['tree_ORTHOMCL256_2_Inner3.nexus', 'tree_ORTHOMCL256_2_Inner5.nexus', 'tree_ORTHOMCL256_2_Inner6.nexus', 'tree_ORTHOMCL256_2_Inner7.nexus', 'tree_ORTHOMCL256_2_Inner8.nexus'], 'tree_ORTHOMCL256_Inner5.nexus': ['tree_ORTHOMCL256_2_Inner3.nexus'], 'tree_ORTHOMCL256_Inner6.nexus': ['tree_ORTHOMCL256_2_Inner3.nexus'], 'tree_ORTHOMCL256_Inner7.nexus': ['tree_ORTHOMCL256_2_Inner3.nexus'], 'tree_ORTHOMCL256_Inner8.nexus': ['tree_ORTHOMCL256_2_Inner3.nexus'], 'tree_ORTHOMCL256_2_Inner3.nexus': ['tree_ORTHOMCL256_Inner3.nexus', 'tree_ORTHOMCL256_Inner5.nexus', 'tree_ORTHOMCL256_Inner6.nexus', 'tree_ORTHOMCL256_Inner7.nexus', 'tree_ORTHOMCL256_Inner8.nexus'], 'tree_ORTHOMCL256_2_Inner5.nexus': ['tree_ORTHOMCL256_Inner3.nexus'], 'tree_ORTHOMCL256_2_Inner6.nexus': ['tree_ORTHOMCL256_Inner3.nexus'], 'tree_ORTHOMCL256_2_Inner7.nexus': ['tree_ORTHOMCL256_Inner3.nexus'], 'tree_ORTHOMCL256_2_Inner8.nexus': ['tree_ORTHOMCL256_Inner3.nexus']}, '4': {'tree_ORTHOMCL256_Inner5.nexus': ['tree_ORTHOMCL256_2_Inner5.nexus', 'tree_ORTHOMCL256_2_Inner6.nexus', 'tree_ORTHOMCL256_2_Inner7.nexus', 'tree_ORTHOMCL256_2_Inner8.nexus'], 'tree_ORTHOMCL256_Inner6.nexus': ['tree_ORTHOMCL256_2_Inner5.nexus'], 'tree_ORTHOMCL256_Inner7.nexus': ['tree_ORTHOMCL256_2_Inner5.nexus'], 'tree_ORTHOMCL256_Inner8.nexus': ['tree_ORTHOMCL256_2_Inner5.nexus'], 'tree_ORTHOMCL256_2_Inner5.nexus': ['tree_ORTHOMCL256_Inner5.nexus', 'tree_ORTHOMCL256_Inner6.nexus', 'tree_ORTHOMCL256_Inner7.nexus', 'tree_ORTHOMCL256_Inner8.nexus'], 'tree_ORTHOMCL256_2_Inner6.nexus': ['tree_ORTHOMCL256_Inner5.nexus'], 'tree_ORTHOMCL256_2_Inner7.nexus': ['tree_ORTHOMCL256_Inner5.nexus'], 'tree_ORTHOMCL256_2_Inner8.nexus': ['tree_ORTHOMCL256_Inner5.nexus']}, '5': {'tree_ORTHOMCL256_Inner6.nexus': ['tree_ORTHOMCL256_2_Inner6.nexus', 'tree_ORTHOMCL256_2_Inner7.nexus', 'tree_ORTHOMCL256_2_Inner8.nexus'], 'tree_ORTHOMCL256_Inner7.nexus': ['tree_ORTHOMCL256_2_Inner6.nexus'], 'tree_ORTHOMCL256_Inner8.nexus': ['tree_ORTHOMCL256_2_Inner6.nexus'], 'tree_ORTHOMCL256_2_Inner6.nexus': ['tree_ORTHOMCL256_Inner6.nexus', 'tree_ORTHOMCL256_Inner7.nexus', 'tree_ORTHOMCL256_Inner8.nexus'], 'tree_ORTHOMCL256_2_Inner7.nexus': ['tree_ORTHOMCL256_Inner6.nexus'], 'tree_ORTHOMCL256_2_Inner8.nexus': ['tree_ORTHOMCL256_Inner6.nexus']}, '6': {'tree_ORTHOMCL256_Inner7.nexus': ['tree_ORTHOMCL256_2_Inner7.nexus', 'tree_ORTHOMCL256_2_Inner8.nexus'], 'tree_ORTHOMCL256_Inner8.nexus': ['tree_ORTHOMCL256_2_Inner7.nexus'], 'tree_ORTHOMCL256_2_Inner7.nexus': ['tree_ORTHOMCL256_Inner7.nexus', 'tree_ORTHOMCL256_Inner8.nexus'], 'tree_ORTHOMCL256_2_Inner8.nexus': ['tree_ORTHOMCL256_Inner7.nexus']}, '8': {'tree_ORTHOMCL256_Inner8.nexus': ['tree_ORTHOMCL256_2_Inner8.nexus'], 'tree_ORTHOMCL256_2_Inner8.nexus': ['tree_ORTHOMCL256_Inner8.nexus']}}\n",
        "ingestionTime": 1745562097398,
        "eventId": "38927335432316749423744787619151909956611988383481856048"
    },
    {
        "logStreamName": "2025/04/25/[$LATEST]9af899fce7c7404d8775612dfa406f9a",
        "timestamp": 1745562091641,
        "message": "FILE_TRANSFER RequestId: 3547d9d9-1626-47c5-b9b7-14c421d2a92e\t TransferType: produced\t Action: upload_to_s3\t FileName: mafdb_07d5b4f0c2449abf69be4ceecb56869379d804ff89b090504dd4de6826bb94e2.json\t Bucket: denethor\t FilePath: mafdb/mafdb_07d5b4f0c2449abf69be4ceecb56869379d804ff89b090504dd4de6826bb94e2.json\t LocalFilePath: /tmp/mafdb/mafdb_07d5b4f0c2449abf69be4ceecb56869379d804ff89b090504dd4de6826bb94e2.json\t FileSize: 24105 bytes\t TransferDuration: 70.1970469999651 ms\n",
        "ingestionTime": 1745562097398,
        "eventId": "38927335433900102332840461862200945953970022050406465585"
    },
    {
        "logStreamName": "2025/04/25/[$LATEST]9af899fce7c7404d8775612dfa406f9a",
        "timestamp": 1745562091641,
        "message": "PRODUCED_FILES_INFO RequestId: 3547d9d9-1626-47c5-b9b7-14c421d2a92e\t FilesCount: 1 files\t FilesSize: 24105 bytes\t TransferDuration: 70.1970469999651 ms\t Provider: aws_lambda\t  ProducedFiles: ['mafdb_07d5b4f0c2449abf69be4ceecb56869379d804ff89b090504dd4de6826bb94e2.json']\n",
        "ingestionTime": 1745562097398,
        "eventId": "38927335433900102332840461862200945953970022050406465586"
    },
    {
        "logStreamName": "2025/04/25/[$LATEST]9af899fce7c7404d8775612dfa406f9a",
        "timestamp": 1745562091643,
        "message": "END RequestId: 3547d9d9-1626-47c5-b9b7-14c421d2a92e\n",
        "ingestionTime": 1745562097398,
        "eventId": "38927335433944703823237523108484017390515318773418426419"
    },
    {
        "logStreamName": "2025/04/25/[$LATEST]9af899fce7c7404d8775612dfa406f9a",
        "timestamp": 1745562091643,
        "message": "REPORT RequestId: 3547d9d9-1626-47c5-b9b7-14c421d2a92e\tDuration: 4385.19 ms\tBilled Duration: 4386 ms\tMemory Size: 256 MB\tMax Memory Used: 108 MB\tInit Duration: 805.41 ms\t\n",
        "ingestionTime": 1745562097398,
        "eventId": "38927335433944703823237523108484017390515318773418426420"
    }
]