[
    {
        "logStreamName": "2025/04/25/[$LATEST]9a9ab6723bd64c5e8e04824c2b08af0a",
        "timestamp": 1745624079998,
        "message": "INIT_START Runtime Version: python:3.10.v64\tRuntime Version ARN: arn:aws:lambda:sa-east-1::runtime:d56bdc8857b2109a058de2ab50bfb80ac2aa600be6f7855a436859944e5fe54b\n",
        "ingestionTime": 1745624083249,
        "eventId": "38928717820454834884983266776128823653771370194427445248"
    },
    {
        "logStreamName": "2025/04/25/[$LATEST]9a9ab6723bd64c5e8e04824c2b08af0a",
        "timestamp": 1745624080800,
        "message": "START RequestId: b1270ea5-6e85-47b4-a7f0-d3ffcf5e2143 Version: $LATEST\n",
        "ingestionTime": 1745624083249,
        "eventId": "38928717838340032534204826535640469708435356122223738881"
    },
    {
        "logStreamName": "2025/04/25/[$LATEST]9a9ab6723bd64c5e8e04824c2b08af0a",
        "timestamp": 1745624080802,
        "message": "Directory /tmp/mafdb was created!\n",
        "ingestionTime": 1745624083249,
        "eventId": "38928717838384634024601887781923541144980652845235699714"
    },
    {
        "logStreamName": "2025/04/25/[$LATEST]9a9ab6723bd64c5e8e04824c2b08af0a",
        "timestamp": 1745624080907,
        "message": "FILE_TRANSFER RequestId: b1270ea5-6e85-47b4-a7f0-d3ffcf5e2143\t TransferType: consumed\t Action: download_from_s3\t FileName: mafdb_6f7a2b1116e6a791f68a03367473294792b679a6357b6789f3f993b1f83e2e80.json\t Bucket: denethor\t FilePath: mafdb/mafdb_6f7a2b1116e6a791f68a03367473294792b679a6357b6789f3f993b1f83e2e80.json\t LocalFilePath: /tmp/mafdb/mafdb_6f7a2b1116e6a791f68a03367473294792b679a6357b6789f3f993b1f83e2e80.json\t FileSize: 185 bytes\t TransferDuration: 104.1956450003454 ms\n",
        "ingestionTime": 1745624083249,
        "eventId": "38928717840726212270447603211784791563608730803363643395"
    },
    {
        "logStreamName": "2025/04/25/[$LATEST]9a9ab6723bd64c5e8e04824c2b08af0a",
        "timestamp": 1745624080954,
        "message": "FILE_TRANSFER RequestId: b1270ea5-6e85-47b4-a7f0-d3ffcf5e2143\t TransferType: consumed\t Action: download_from_s3\t FileName: mafdb_54d8ddd695de385cbe16742ebc6fdcb479cd2b8e3c0cd457826222c83fe6bb7c.json\t Bucket: denethor\t FilePath: mafdb/mafdb_54d8ddd695de385cbe16742ebc6fdcb479cd2b8e3c0cd457826222c83fe6bb7c.json\t LocalFilePath: /tmp/mafdb/mafdb_54d8ddd695de385cbe16742ebc6fdcb479cd2b8e3c0cd457826222c83fe6bb7c.json\t FileSize: 5180 bytes\t TransferDuration: 46.827905000100145 ms\n",
        "ingestionTime": 1745624083249,
        "eventId": "38928717841774347294778542499436970322423203794144722948"
    },
    {
        "logStreamName": "2025/04/25/[$LATEST]9a9ab6723bd64c5e8e04824c2b08af0a",
        "timestamp": 1745624080998,
        "message": "FILE_TRANSFER RequestId: b1270ea5-6e85-47b4-a7f0-d3ffcf5e2143\t TransferType: consumed\t Action: download_from_s3\t FileName: mafdb_1f6ccfc97b000b314f6a6c7e2582a4263b17ffc061fef38bd3c9a63fa631759f.json\t Bucket: denethor\t FilePath: mafdb/mafdb_1f6ccfc97b000b314f6a6c7e2582a4263b17ffc061fef38bd3c9a63fa631759f.json\t LocalFilePath: /tmp/mafdb/mafdb_1f6ccfc97b000b314f6a6c7e2582a4263b17ffc061fef38bd3c9a63fa631759f.json\t FileSize: 5134 bytes\t TransferDuration: 44.5913409998866 ms\n",
        "ingestionTime": 1745624083249,
        "eventId": "38928717842755580083513889917664541926419731700407861253"
    },
    {
        "logStreamName": "2025/04/25/[$LATEST]9a9ab6723bd64c5e8e04824c2b08af0a",
        "timestamp": 1745624081053,
        "message": "FILE_TRANSFER RequestId: b1270ea5-6e85-47b4-a7f0-d3ffcf5e2143\t TransferType: consumed\t Action: download_from_s3\t FileName: mafdb_bd5d862db8f1d6b261aaeb3b8ecb83d67004ffb7524cb75c5f1f8454224f7c91.json\t Bucket: denethor\t FilePath: mafdb/mafdb_bd5d862db8f1d6b261aaeb3b8ecb83d67004ffb7524cb75c5f1f8454224f7c91.json\t LocalFilePath: /tmp/mafdb/mafdb_bd5d862db8f1d6b261aaeb3b8ecb83d67004ffb7524cb75c5f1f8454224f7c91.json\t FileSize: 355 bytes\t TransferDuration: 54.28104600014194 ms\n",
        "ingestionTime": 1745624083249,
        "eventId": "38928717843982121069433074190449006431415391583236784134"
    },
    {
        "logStreamName": "2025/04/25/[$LATEST]9a9ab6723bd64c5e8e04824c2b08af0a",
        "timestamp": 1745624081091,
        "message": "FILE_TRANSFER RequestId: b1270ea5-6e85-47b4-a7f0-d3ffcf5e2143\t TransferType: consumed\t Action: download_from_s3\t FileName: mafdb_861b6fcf310a5a4a01036477cd0e28e972c4aa89be1fcccfc0eab6cd45e9fd74.json\t Bucket: denethor\t FilePath: mafdb/mafdb_861b6fcf310a5a4a01036477cd0e28e972c4aa89be1fcccfc0eab6cd45e9fd74.json\t LocalFilePath: /tmp/mafdb/mafdb_861b6fcf310a5a4a01036477cd0e28e972c4aa89be1fcccfc0eab6cd45e9fd74.json\t FileSize: 355 bytes\t TransferDuration: 38.42248900036793 ms\n",
        "ingestionTime": 1745624083249,
        "eventId": "38928717844829549386977237869827363725776029320464039943"
    },
    {
        "logStreamName": "2025/04/25/[$LATEST]9a9ab6723bd64c5e8e04824c2b08af0a",
        "timestamp": 1745624081138,
        "message": "FILE_TRANSFER RequestId: b1270ea5-6e85-47b4-a7f0-d3ffcf5e2143\t TransferType: consumed\t Action: download_from_s3\t FileName: mafdb_7d398773bfc3e4435be56d8711457fd7fc190e97e32d7ec51a8a702e16118c4d.json\t Bucket: denethor\t FilePath: mafdb/mafdb_7d398773bfc3e4435be56d8711457fd7fc190e97e32d7ec51a8a702e16118c4d.json\t LocalFilePath: /tmp/mafdb/mafdb_7d398773bfc3e4435be56d8711457fd7fc190e97e32d7ec51a8a702e16118c4d.json\t FileSize: 355 bytes\t TransferDuration: 47.00418799984618 ms\n",
        "ingestionTime": 1745624083249,
        "eventId": "38928717845877684411308177157479542484590502311245119496"
    },
    {
        "logStreamName": "2025/04/25/[$LATEST]9a9ab6723bd64c5e8e04824c2b08af0a",
        "timestamp": 1745624081177,
        "message": "FILE_TRANSFER RequestId: b1270ea5-6e85-47b4-a7f0-d3ffcf5e2143\t TransferType: consumed\t Action: download_from_s3\t FileName: mafdb_c451a256436a5fc45a562eaf2fead8dd42917b32894e636d2b705f5405224a88.json\t Bucket: denethor\t FilePath: mafdb/mafdb_c451a256436a5fc45a562eaf2fead8dd42917b32894e636d2b705f5405224a88.json\t LocalFilePath: /tmp/mafdb/mafdb_c451a256436a5fc45a562eaf2fead8dd42917b32894e636d2b705f5405224a88.json\t FileSize: 355 bytes\t TransferDuration: 39.23798400001033 ms\n",
        "ingestionTime": 1745624083249,
        "eventId": "38928717846747413474050871459999435497223788409978355721"
    },
    {
        "logStreamName": "2025/04/25/[$LATEST]9a9ab6723bd64c5e8e04824c2b08af0a",
        "timestamp": 1745624081222,
        "message": "FILE_TRANSFER RequestId: b1270ea5-6e85-47b4-a7f0-d3ffcf5e2143\t TransferType: consumed\t Action: download_from_s3\t FileName: mafdb_7511017a4e93687a5be47b55aa4c08eff48c283a8153f5e070747057ad693f80.json\t Bucket: denethor\t FilePath: mafdb/mafdb_7511017a4e93687a5be47b55aa4c08eff48c283a8153f5e070747057ad693f80.json\t LocalFilePath: /tmp/mafdb/mafdb_7511017a4e93687a5be47b55aa4c08eff48c283a8153f5e070747057ad693f80.json\t FileSize: 314 bytes\t TransferDuration: 44.9574610001946 ms\n",
        "ingestionTime": 1745624083249,
        "eventId": "38928717847750947007984749501368542819492964677747474442"
    },
    {
        "logStreamName": "2025/04/25/[$LATEST]9a9ab6723bd64c5e8e04824c2b08af0a",
        "timestamp": 1745624081280,
        "message": "FILE_TRANSFER RequestId: b1270ea5-6e85-47b4-a7f0-d3ffcf5e2143\t TransferType: consumed\t Action: download_from_s3\t FileName: mafdb_3891ae3bc299950ca7a78c4d495828659f2cb320e0641ad8c6bfc4ced2d8e2b0.json\t Bucket: denethor\t FilePath: mafdb/mafdb_3891ae3bc299950ca7a78c4d495828659f2cb320e0641ad8c6bfc4ced2d8e2b0.json\t LocalFilePath: /tmp/mafdb/mafdb_3891ae3bc299950ca7a78c4d495828659f2cb320e0641ad8c6bfc4ced2d8e2b0.json\t FileSize: 355 bytes\t TransferDuration: 57.400505999794404 ms\n",
        "ingestionTime": 1745624083249,
        "eventId": "38928717849044390229499525643577614479306569645094338571"
    },
    {
        "logStreamName": "2025/04/25/[$LATEST]9a9ab6723bd64c5e8e04824c2b08af0a",
        "timestamp": 1745624081322,
        "message": "FILE_TRANSFER RequestId: b1270ea5-6e85-47b4-a7f0-d3ffcf5e2143\t TransferType: consumed\t Action: download_from_s3\t FileName: mafdb_58aa863a1439bf886daca0713239dba1882676aea5266e0af5bebad97529db92.json\t Bucket: denethor\t FilePath: mafdb/mafdb_58aa863a1439bf886daca0713239dba1882676aea5266e0af5bebad97529db92.json\t LocalFilePath: /tmp/mafdb/mafdb_58aa863a1439bf886daca0713239dba1882676aea5266e0af5bebad97529db92.json\t FileSize: 314 bytes\t TransferDuration: 42.25992000010592 ms\n",
        "ingestionTime": 1745624083249,
        "eventId": "38928717849981021527837811815522114646757800828345516044"
    },
    {
        "logStreamName": "2025/04/25/[$LATEST]9a9ab6723bd64c5e8e04824c2b08af0a",
        "timestamp": 1745624081367,
        "message": "FILE_TRANSFER RequestId: b1270ea5-6e85-47b4-a7f0-d3ffcf5e2143\t TransferType: consumed\t Action: download_from_s3\t FileName: mafdb_c1f206b6efa75e1df509578ad4d9fb9ea330d34e7283ccf9d6ad80fdedf66b9a.json\t Bucket: denethor\t FilePath: mafdb/mafdb_c1f206b6efa75e1df509578ad4d9fb9ea330d34e7283ccf9d6ad80fdedf66b9a.json\t LocalFilePath: /tmp/mafdb/mafdb_c1f206b6efa75e1df509578ad4d9fb9ea330d34e7283ccf9d6ad80fdedf66b9a.json\t FileSize: 314 bytes\t TransferDuration: 45.1414469998781 ms\n",
        "ingestionTime": 1745624083249,
        "eventId": "38928717850984555061771689856891221969026977096114634765"
    },
    {
        "logStreamName": "2025/04/25/[$LATEST]9a9ab6723bd64c5e8e04824c2b08af0a",
        "timestamp": 1745624081417,
        "message": "FILE_TRANSFER RequestId: b1270ea5-6e85-47b4-a7f0-d3ffcf5e2143\t TransferType: consumed\t Action: download_from_s3\t FileName: mafdb_c3c2025f352d34b4b79a48619176577388b06f30619772ddea31df49ee988aff.json\t Bucket: denethor\t FilePath: mafdb/mafdb_c3c2025f352d34b4b79a48619176577388b06f30619772ddea31df49ee988aff.json\t LocalFilePath: /tmp/mafdb/mafdb_c3c2025f352d34b4b79a48619176577388b06f30619772ddea31df49ee988aff.json\t FileSize: 314 bytes\t TransferDuration: 49.84819900028015 ms\n",
        "ingestionTime": 1745624083249,
        "eventId": "38928717852099592321698221013968007882659395171413655566"
    },
    {
        "logStreamName": "2025/04/25/[$LATEST]9a9ab6723bd64c5e8e04824c2b08af0a",
        "timestamp": 1745624081470,
        "message": "FILE_TRANSFER RequestId: b1270ea5-6e85-47b4-a7f0-d3ffcf5e2143\t TransferType: consumed\t Action: download_from_s3\t FileName: mafdb_c5b5a3a4bd54a110140df77527325958d257fc9b669bca89b332593540c1dc20.json\t Bucket: denethor\t FilePath: mafdb/mafdb_c5b5a3a4bd54a110140df77527325958d257fc9b669bca89b332593540c1dc20.json\t LocalFilePath: /tmp/mafdb/mafdb_c5b5a3a4bd54a110140df77527325958d257fc9b669bca89b332593540c1dc20.json\t FileSize: 273 bytes\t TransferDuration: 52.41088800039506 ms\n",
        "ingestionTime": 1745624083249,
        "eventId": "38928717853281531817220344040469400951109758331230617615"
    },
    {
        "logStreamName": "2025/04/25/[$LATEST]9a9ab6723bd64c5e8e04824c2b08af0a",
        "timestamp": 1745624081536,
        "message": "FILE_TRANSFER RequestId: b1270ea5-6e85-47b4-a7f0-d3ffcf5e2143\t TransferType: consumed\t Action: download_from_s3\t FileName: mafdb_51e18dc31f0c330513b45085a52c5ecd1e4a0a9130d2805a71368f1cbe17f65e.json\t Bucket: denethor\t FilePath: mafdb/mafdb_51e18dc31f0c330513b45085a52c5ecd1e4a0a9130d2805a71368f1cbe17f65e.json\t LocalFilePath: /tmp/mafdb/mafdb_51e18dc31f0c330513b45085a52c5ecd1e4a0a9130d2805a71368f1cbe17f65e.json\t FileSize: 314 bytes\t TransferDuration: 66.00046999983533 ms\n",
        "ingestionTime": 1745624083249,
        "eventId": "38928717854753381000323365167810758357104550190625325072"
    },
    {
        "logStreamName": "2025/04/25/[$LATEST]9a9ab6723bd64c5e8e04824c2b08af0a",
        "timestamp": 1745624081604,
        "message": "FILE_TRANSFER RequestId: b1270ea5-6e85-47b4-a7f0-d3ffcf5e2143\t TransferType: consumed\t Action: download_from_s3\t FileName: mafdb_95cfb922ebd546f21edcc627a60ea2a6235550bbba3696739fcaca409f1a0232.json\t Bucket: denethor\t FilePath: mafdb/mafdb_95cfb922ebd546f21edcc627a60ea2a6235550bbba3696739fcaca409f1a0232.json\t LocalFilePath: /tmp/mafdb/mafdb_95cfb922ebd546f21edcc627a60ea2a6235550bbba3696739fcaca409f1a0232.json\t FileSize: 273 bytes\t TransferDuration: 67.94894099994053 ms\n",
        "ingestionTime": 1745624083249,
        "eventId": "38928717856269831673823447541435187199644638773031993361"
    },
    {
        "logStreamName": "2025/04/25/[$LATEST]9a9ab6723bd64c5e8e04824c2b08af0a",
        "timestamp": 1745624081676,
        "message": "FILE_TRANSFER RequestId: b1270ea5-6e85-47b4-a7f0-d3ffcf5e2143\t TransferType: consumed\t Action: download_from_s3\t FileName: mafdb_783d326a98c97c227099cd46e1eb2739e8954c844e628390759f21e7b4e19db0.json\t Bucket: denethor\t FilePath: mafdb/mafdb_783d326a98c97c227099cd46e1eb2739e8954c844e628390759f21e7b4e19db0.json\t LocalFilePath: /tmp/mafdb/mafdb_783d326a98c97c227099cd46e1eb2739e8954c844e628390759f21e7b4e19db0.json\t FileSize: 273 bytes\t TransferDuration: 71.5965999997934 ms\n",
        "ingestionTime": 1745624083249,
        "eventId": "38928717857875485328117652407625758915275320801462583314"
    },
    {
        "logStreamName": "2025/04/25/[$LATEST]9a9ab6723bd64c5e8e04824c2b08af0a",
        "timestamp": 1745624081718,
        "message": "FILE_TRANSFER RequestId: b1270ea5-6e85-47b4-a7f0-d3ffcf5e2143\t TransferType: consumed\t Action: download_from_s3\t FileName: mafdb_e7fcb374868f23c5b66908ff13d437f525bdef064d3f7604b08f9b68087e91c4.json\t Bucket: denethor\t FilePath: mafdb/mafdb_e7fcb374868f23c5b66908ff13d437f525bdef064d3f7604b08f9b68087e91c4.json\t LocalFilePath: /tmp/mafdb/mafdb_e7fcb374868f23c5b66908ff13d437f525bdef064d3f7604b08f9b68087e91c4.json\t FileSize: 273 bytes\t TransferDuration: 42.03372300025876 ms\n",
        "ingestionTime": 1745624083249,
        "eventId": "38928717858812116626455938579570259082726551984713760787"
    },
    {
        "logStreamName": "2025/04/25/[$LATEST]9a9ab6723bd64c5e8e04824c2b08af0a",
        "timestamp": 1745624081773,
        "message": "FILE_TRANSFER RequestId: b1270ea5-6e85-47b4-a7f0-d3ffcf5e2143\t TransferType: consumed\t Action: download_from_s3\t FileName: mafdb_bdf7b87e05be228017da27afd5fd158ebe4fcf138008526635b8bcdbe380f328.json\t Bucket: denethor\t FilePath: mafdb/mafdb_bdf7b87e05be228017da27afd5fd158ebe4fcf138008526635b8bcdbe380f328.json\t LocalFilePath: /tmp/mafdb/mafdb_bdf7b87e05be228017da27afd5fd158ebe4fcf138008526635b8bcdbe380f328.json\t FileSize: 273 bytes\t TransferDuration: 54.951980999703665 ms\n",
        "ingestionTime": 1745624083249,
        "eventId": "38928717860038657612375122852354723587722211867542683668"
    },
    {
        "logStreamName": "2025/04/25/[$LATEST]9a9ab6723bd64c5e8e04824c2b08af0a",
        "timestamp": 1745624081820,
        "message": "FILE_TRANSFER RequestId: b1270ea5-6e85-47b4-a7f0-d3ffcf5e2143\t TransferType: consumed\t Action: download_from_s3\t FileName: mafdb_1d419943bc17a86fe648d8caad874862360b7c73c08c99b7c26040bc9939b002.json\t Bucket: denethor\t FilePath: mafdb/mafdb_1d419943bc17a86fe648d8caad874862360b7c73c08c99b7c26040bc9939b002.json\t LocalFilePath: /tmp/mafdb/mafdb_1d419943bc17a86fe648d8caad874862360b7c73c08c99b7c26040bc9939b002.json\t FileSize: 273 bytes\t TransferDuration: 47.08842399986679 ms\n",
        "ingestionTime": 1745624083249,
        "eventId": "38928717861086792636706062140006902346536684858323763221"
    },
    {
        "logStreamName": "2025/04/25/[$LATEST]9a9ab6723bd64c5e8e04824c2b08af0a",
        "timestamp": 1745624081863,
        "message": "FILE_TRANSFER RequestId: b1270ea5-6e85-47b4-a7f0-d3ffcf5e2143\t TransferType: consumed\t Action: download_from_s3\t FileName: mafdb_31199a0a134043b94c15114abad10433bfa58c2f87e3106720f88bf29e76f1ae.json\t Bucket: denethor\t FilePath: mafdb/mafdb_31199a0a134043b94c15114abad10433bfa58c2f87e3106720f88bf29e76f1ae.json\t LocalFilePath: /tmp/mafdb/mafdb_31199a0a134043b94c15114abad10433bfa58c2f87e3106720f88bf29e76f1ae.json\t FileSize: 273 bytes\t TransferDuration: 42.89185900006487 ms\n",
        "ingestionTime": 1745624083249,
        "eventId": "38928717862045724680242878935092938232260564403080921110"
    },
    {
        "logStreamName": "2025/04/25/[$LATEST]9a9ab6723bd64c5e8e04824c2b08af0a",
        "timestamp": 1745624081917,
        "message": "FILE_TRANSFER RequestId: b1270ea5-6e85-47b4-a7f0-d3ffcf5e2143\t TransferType: consumed\t Action: download_from_s3\t FileName: mafdb_c2a1e960932a069de5927d1067dde414f501136aba941befca2a4654e72bb08a.json\t Bucket: denethor\t FilePath: mafdb/mafdb_c2a1e960932a069de5927d1067dde414f501136aba941befca2a4654e72bb08a.json\t LocalFilePath: /tmp/mafdb/mafdb_c2a1e960932a069de5927d1067dde414f501136aba941befca2a4654e72bb08a.json\t FileSize: 273 bytes\t TransferDuration: 53.72616799968455 ms\n",
        "ingestionTime": 1745624083249,
        "eventId": "38928717863249964920963532584735867018983575924403863575"
    },
    {
        "logStreamName": "2025/04/25/[$LATEST]9a9ab6723bd64c5e8e04824c2b08af0a",
        "timestamp": 1745624081958,
        "message": "FILE_TRANSFER RequestId: b1270ea5-6e85-47b4-a7f0-d3ffcf5e2143\t TransferType: consumed\t Action: download_from_s3\t FileName: mafdb_49ad0997fa75ff9233f44bffe4f6033aaaf8676ed8f4cbac92057d25395497e6.json\t Bucket: denethor\t FilePath: mafdb/mafdb_49ad0997fa75ff9233f44bffe4f6033aaaf8676ed8f4cbac92057d25395497e6.json\t LocalFilePath: /tmp/mafdb/mafdb_49ad0997fa75ff9233f44bffe4f6033aaaf8676ed8f4cbac92057d25395497e6.json\t FileSize: 273 bytes\t TransferDuration: 41.7555550002362 ms\n",
        "ingestionTime": 1745624083249,
        "eventId": "38928717864164295474103288133538831468162158746149060632"
    },
    {
        "logStreamName": "2025/04/25/[$LATEST]9a9ab6723bd64c5e8e04824c2b08af0a",
        "timestamp": 1745624081999,
        "message": "FILE_TRANSFER RequestId: b1270ea5-6e85-47b4-a7f0-d3ffcf5e2143\t TransferType: consumed\t Action: download_from_s3\t FileName: mafdb_406ececbafe0a937f2a967e4dae5f862923efb2e1397870f6cc1ba8e050e1da7.json\t Bucket: denethor\t FilePath: mafdb/mafdb_406ececbafe0a937f2a967e4dae5f862923efb2e1397870f6cc1ba8e050e1da7.json\t LocalFilePath: /tmp/mafdb/mafdb_406ececbafe0a937f2a967e4dae5f862923efb2e1397870f6cc1ba8e050e1da7.json\t FileSize: 273 bytes\t TransferDuration: 40.455567999742925 ms\n",
        "ingestionTime": 1745624083249,
        "eventId": "38928717865078626027243043682341795917340741567894257689"
    },
    {
        "logStreamName": "2025/04/25/[$LATEST]9a9ab6723bd64c5e8e04824c2b08af0a",
        "timestamp": 1745624082045,
        "message": "FILE_TRANSFER RequestId: b1270ea5-6e85-47b4-a7f0-d3ffcf5e2143\t TransferType: consumed\t Action: download_from_s3\t FileName: mafdb_e7f2f9266538f691bae81aa42aeb881fcfc1833e62d05d9141e808a0cb0095fa.json\t Bucket: denethor\t FilePath: mafdb/mafdb_e7f2f9266538f691bae81aa42aeb881fcfc1833e62d05d9141e808a0cb0095fa.json\t LocalFilePath: /tmp/mafdb/mafdb_e7f2f9266538f691bae81aa42aeb881fcfc1833e62d05d9141e808a0cb0095fa.json\t FileSize: 273 bytes\t TransferDuration: 45.81760099972598 ms\n",
        "ingestionTime": 1745624083249,
        "eventId": "38928717866104460306375452346852438957882566197169356826"
    },
    {
        "logStreamName": "2025/04/25/[$LATEST]9a9ab6723bd64c5e8e04824c2b08af0a",
        "timestamp": 1745624082089,
        "message": "FILE_TRANSFER RequestId: b1270ea5-6e85-47b4-a7f0-d3ffcf5e2143\t TransferType: consumed\t Action: download_from_s3\t FileName: mafdb_e883ff130a9d34d26c58c15a735e96baab78aacec64abad0788f83f54423b943.json\t Bucket: denethor\t FilePath: mafdb/mafdb_e883ff130a9d34d26c58c15a735e96baab78aacec64abad0788f83f54423b943.json\t LocalFilePath: /tmp/mafdb/mafdb_e883ff130a9d34d26c58c15a735e96baab78aacec64abad0788f83f54423b943.json\t FileSize: 273 bytes\t TransferDuration: 44.61696399994253 ms\n",
        "ingestionTime": 1745624083249,
        "eventId": "38928717867085693095110799765080010561879094103432495131"
    },
    {
        "logStreamName": "2025/04/25/[$LATEST]9a9ab6723bd64c5e8e04824c2b08af0a",
        "timestamp": 1745624082148,
        "message": "FILE_TRANSFER RequestId: b1270ea5-6e85-47b4-a7f0-d3ffcf5e2143\t TransferType: consumed\t Action: download_from_s3\t FileName: mafdb_d215ba5497d3d3be2e105b2328e50bdccf602b7e0745016c80fa6f9913e5432f.json\t Bucket: denethor\t FilePath: mafdb/mafdb_d215ba5497d3d3be2e105b2328e50bdccf602b7e0745016c80fa6f9913e5432f.json\t LocalFilePath: /tmp/mafdb/mafdb_d215ba5497d3d3be2e105b2328e50bdccf602b7e0745016c80fa6f9913e5432f.json\t FileSize: 273 bytes\t TransferDuration: 58.68786499968337 ms\n",
        "ingestionTime": 1745624083249,
        "eventId": "38928717868401437061824106530430617939965347432285339676"
    },
    {
        "logStreamName": "2025/04/25/[$LATEST]9a9ab6723bd64c5e8e04824c2b08af0a",
        "timestamp": 1745624082192,
        "message": "FILE_TRANSFER RequestId: b1270ea5-6e85-47b4-a7f0-d3ffcf5e2143\t TransferType: consumed\t Action: download_from_s3\t FileName: mafdb_f871e6272680ce0853ce488fc481f480aa4e243fa14dd104803b05fb209cf094.json\t Bucket: denethor\t FilePath: mafdb/mafdb_f871e6272680ce0853ce488fc481f480aa4e243fa14dd104803b05fb209cf094.json\t LocalFilePath: /tmp/mafdb/mafdb_f871e6272680ce0853ce488fc481f480aa4e243fa14dd104803b05fb209cf094.json\t FileSize: 273 bytes\t TransferDuration: 43.51599499977965 ms\n",
        "ingestionTime": 1745624083249,
        "eventId": "38928717869382669850559453948658189543961875338548477981"
    },
    {
        "logStreamName": "2025/04/25/[$LATEST]9a9ab6723bd64c5e8e04824c2b08af0a",
        "timestamp": 1745624082240,
        "message": "FILE_TRANSFER RequestId: b1270ea5-6e85-47b4-a7f0-d3ffcf5e2143\t TransferType: consumed\t Action: download_from_s3\t FileName: mafdb_2ff7bb92e85df3f56dc7f35d3ca7b2bd150b675386145658d2fca63a9e2a3805.json\t Bucket: denethor\t FilePath: mafdb/mafdb_2ff7bb92e85df3f56dc7f35d3ca7b2bd150b675386145658d2fca63a9e2a3805.json\t LocalFilePath: /tmp/mafdb/mafdb_2ff7bb92e85df3f56dc7f35d3ca7b2bd150b675386145658d2fca63a9e2a3805.json\t FileSize: 273 bytes\t TransferDuration: 47.81578900019667 ms\n",
        "ingestionTime": 1745624083249,
        "eventId": "38928717870453105620088923859451904021048996690835537950"
    },
    {
        "logStreamName": "2025/04/25/[$LATEST]9a9ab6723bd64c5e8e04824c2b08af0a",
        "timestamp": 1745624082287,
        "message": "FILE_TRANSFER RequestId: b1270ea5-6e85-47b4-a7f0-d3ffcf5e2143\t TransferType: consumed\t Action: download_from_s3\t FileName: mafdb_47fb2615fc585137c90363d35106c9022fdcc722571f7ed6d93a0e213c75c760.json\t Bucket: denethor\t FilePath: mafdb/mafdb_47fb2615fc585137c90363d35106c9022fdcc722571f7ed6d93a0e213c75c760.json\t LocalFilePath: /tmp/mafdb/mafdb_47fb2615fc585137c90363d35106c9022fdcc722571f7ed6d93a0e213c75c760.json\t FileSize: 273 bytes\t TransferDuration: 46.85195699994438 ms\n",
        "ingestionTime": 1745624083249,
        "eventId": "38928717871501240644419863147104082779863469681616617503"
    },
    {
        "logStreamName": "2025/04/25/[$LATEST]9a9ab6723bd64c5e8e04824c2b08af0a",
        "timestamp": 1745624082339,
        "message": "FILE_TRANSFER RequestId: b1270ea5-6e85-47b4-a7f0-d3ffcf5e2143\t TransferType: consumed\t Action: download_from_s3\t FileName: mafdb_68e664a9a27eba1488202e5ea16bb79aee50d9c2456068b25a29d7ca46c1450f.json\t Bucket: denethor\t FilePath: mafdb/mafdb_68e664a9a27eba1488202e5ea16bb79aee50d9c2456068b25a29d7ca46c1450f.json\t LocalFilePath: /tmp/mafdb/mafdb_68e664a9a27eba1488202e5ea16bb79aee50d9c2456068b25a29d7ca46c1450f.json\t FileSize: 273 bytes\t TransferDuration: 52.003264000177296 ms\n",
        "ingestionTime": 1745624083249,
        "eventId": "38928717872660879394743455550463940130041184479927599136"
    },
    {
        "logStreamName": "2025/04/25/[$LATEST]9a9ab6723bd64c5e8e04824c2b08af0a",
        "timestamp": 1745624082396,
        "message": "FILE_TRANSFER RequestId: b1270ea5-6e85-47b4-a7f0-d3ffcf5e2143\t TransferType: consumed\t Action: download_from_s3\t FileName: mafdb_f6c9786df6a492206e55eb3d3911d34dbd753bfef23be22d8635d72135a7fbc7.json\t Bucket: denethor\t FilePath: mafdb/mafdb_f6c9786df6a492206e55eb3d3911d34dbd753bfef23be22d8635d72135a7fbc7.json\t LocalFilePath: /tmp/mafdb/mafdb_f6c9786df6a492206e55eb3d3911d34dbd753bfef23be22d8635d72135a7fbc7.json\t FileSize: 273 bytes\t TransferDuration: 57.03360999996221 ms\n",
        "ingestionTime": 1745624083249,
        "eventId": "38928717873932021871059701069531476071582141085768482849"
    },
    {
        "logStreamName": "2025/04/25/[$LATEST]9a9ab6723bd64c5e8e04824c2b08af0a",
        "timestamp": 1745624082471,
        "message": "FILE_TRANSFER RequestId: b1270ea5-6e85-47b4-a7f0-d3ffcf5e2143\t TransferType: consumed\t Action: download_from_s3\t FileName: mafdb_87129d44586b87142d9940a8b1bdbebcfa7b0454f32076964711670e9940a5bc.json\t Bucket: denethor\t FilePath: mafdb/mafdb_87129d44586b87142d9940a8b1bdbebcfa7b0454f32076964711670e9940a5bc.json\t LocalFilePath: /tmp/mafdb/mafdb_87129d44586b87142d9940a8b1bdbebcfa7b0454f32076964711670e9940a5bc.json\t FileSize: 273 bytes\t TransferDuration: 74.86657199979163 ms\n",
        "ingestionTime": 1745624083249,
        "eventId": "38928717875604577760949497805146654942030768198717014050"
    },
    {
        "logStreamName": "2025/04/25/[$LATEST]9a9ab6723bd64c5e8e04824c2b08af0a",
        "timestamp": 1745624082515,
        "message": "FILE_TRANSFER RequestId: b1270ea5-6e85-47b4-a7f0-d3ffcf5e2143\t TransferType: consumed\t Action: download_from_s3\t FileName: mafdb_ffac685782ba2ceabfc02088f70f3473d570818cc3d9c58c8979a425bc171247.json\t Bucket: denethor\t FilePath: mafdb/mafdb_ffac685782ba2ceabfc02088f70f3473d570818cc3d9c58c8979a425bc171247.json\t LocalFilePath: /tmp/mafdb/mafdb_ffac685782ba2ceabfc02088f70f3473d570818cc3d9c58c8979a425bc171247.json\t FileSize: 273 bytes\t TransferDuration: 44.37391400006163 ms\n",
        "ingestionTime": 1745624083249,
        "eventId": "38928717876585810549684845223374226546027296104980152355"
    },
    {
        "logStreamName": "2025/04/25/[$LATEST]9a9ab6723bd64c5e8e04824c2b08af0a",
        "timestamp": 1745624082591,
        "message": "FILE_TRANSFER RequestId: b1270ea5-6e85-47b4-a7f0-d3ffcf5e2143\t TransferType: consumed\t Action: download_from_s3\t FileName: mafdb_42b7a1940d80c9e5d1a1eb427219fad89ed0198775d719cc0f6171541419e487.json\t Bucket: denethor\t FilePath: mafdb/mafdb_42b7a1940d80c9e5d1a1eb427219fad89ed0198775d719cc0f6171541419e487.json\t LocalFilePath: /tmp/mafdb/mafdb_42b7a1940d80c9e5d1a1eb427219fad89ed0198775d719cc0f6171541419e487.json\t FileSize: 273 bytes\t TransferDuration: 76.23324400037745 ms\n",
        "ingestionTime": 1745624083249,
        "eventId": "38928717878280667184773172582130941134748571579434663972"
    },
    {
        "logStreamName": "2025/04/25/[$LATEST]9a9ab6723bd64c5e8e04824c2b08af0a",
        "timestamp": 1745624082640,
        "message": "FILE_TRANSFER RequestId: b1270ea5-6e85-47b4-a7f0-d3ffcf5e2143\t TransferType: consumed\t Action: download_from_s3\t FileName: mafdb_d7e79060050e13568977fc2c739b9eddf447a0cefe974cf809a00c1179f02def.json\t Bucket: denethor\t FilePath: mafdb/mafdb_d7e79060050e13568977fc2c739b9eddf447a0cefe974cf809a00c1179f02def.json\t LocalFilePath: /tmp/mafdb/mafdb_d7e79060050e13568977fc2c739b9eddf447a0cefe974cf809a00c1179f02def.json\t FileSize: 273 bytes\t TransferDuration: 48.121277000063856 ms\n",
        "ingestionTime": 1745624083249,
        "eventId": "38928717879373403699501173116066191330108341293227704357"
    },
    {
        "logStreamName": "2025/04/25/[$LATEST]9a9ab6723bd64c5e8e04824c2b08af0a",
        "timestamp": 1745624082709,
        "message": "FILE_TRANSFER RequestId: b1270ea5-6e85-47b4-a7f0-d3ffcf5e2143\t TransferType: consumed\t Action: download_from_s3\t FileName: mafdb_b61e3844996fd21e45a7d054f79694e53c5aede5327c90900ed7183119a56bfb.json\t Bucket: denethor\t FilePath: mafdb/mafdb_b61e3844996fd21e45a7d054f79694e53c5aede5327c90900ed7183119a56bfb.json\t LocalFilePath: /tmp/mafdb/mafdb_b61e3844996fd21e45a7d054f79694e53c5aede5327c90900ed7183119a56bfb.json\t FileSize: 273 bytes\t TransferDuration: 68.99321799983227 ms\n",
        "ingestionTime": 1745624083249,
        "eventId": "38928717880912155118199786112832155890921078237140353062"
    },
    {
        "logStreamName": "2025/04/25/[$LATEST]9a9ab6723bd64c5e8e04824c2b08af0a",
        "timestamp": 1745624082754,
        "message": "FILE_TRANSFER RequestId: b1270ea5-6e85-47b4-a7f0-d3ffcf5e2143\t TransferType: consumed\t Action: download_from_s3\t FileName: mafdb_29c4ddd140d117364cadffd440f0642c27bbc2412f4567e0cb32891cc3ef36a1.json\t Bucket: denethor\t FilePath: mafdb/mafdb_29c4ddd140d117364cadffd440f0642c27bbc2412f4567e0cb32891cc3ef36a1.json\t LocalFilePath: /tmp/mafdb/mafdb_29c4ddd140d117364cadffd440f0642c27bbc2412f4567e0cb32891cc3ef36a1.json\t FileSize: 273 bytes\t TransferDuration: 45.44459099997766 ms\n",
        "ingestionTime": 1745624083249,
        "eventId": "38928717881915688652133664154201263213190254504909471783"
    },
    {
        "logStreamName": "2025/04/25/[$LATEST]9a9ab6723bd64c5e8e04824c2b08af0a",
        "timestamp": 1745624082795,
        "message": "FILE_TRANSFER RequestId: b1270ea5-6e85-47b4-a7f0-d3ffcf5e2143\t TransferType: consumed\t Action: download_from_s3\t FileName: mafdb_4626fea2abf7ed35f5f28026640ab18610584687978217b1f40af22fe37f6572.json\t Bucket: denethor\t FilePath: mafdb/mafdb_4626fea2abf7ed35f5f28026640ab18610584687978217b1f40af22fe37f6572.json\t LocalFilePath: /tmp/mafdb/mafdb_4626fea2abf7ed35f5f28026640ab18610584687978217b1f40af22fe37f6572.json\t FileSize: 273 bytes\t TransferDuration: 41.05896999999459 ms\n",
        "ingestionTime": 1745624083249,
        "eventId": "38928717882830019205273419703004227662368837326654668840"
    },
    {
        "logStreamName": "2025/04/25/[$LATEST]9a9ab6723bd64c5e8e04824c2b08af0a",
        "timestamp": 1745624082840,
        "message": "FILE_TRANSFER RequestId: b1270ea5-6e85-47b4-a7f0-d3ffcf5e2143\t TransferType: consumed\t Action: download_from_s3\t FileName: mafdb_445b1fba33e16cd436442a3a77bf395f50fd97b749d80a4ea1cdfce773bb0774.json\t Bucket: denethor\t FilePath: mafdb/mafdb_445b1fba33e16cd436442a3a77bf395f50fd97b749d80a4ea1cdfce773bb0774.json\t LocalFilePath: /tmp/mafdb/mafdb_445b1fba33e16cd436442a3a77bf395f50fd97b749d80a4ea1cdfce773bb0774.json\t FileSize: 273 bytes\t TransferDuration: 44.35718900003849 ms\n",
        "ingestionTime": 1745624083249,
        "eventId": "38928717883833552739207297744373334984638013594423787561"
    },
    {
        "logStreamName": "2025/04/25/[$LATEST]9a9ab6723bd64c5e8e04824c2b08af0a",
        "timestamp": 1745624082889,
        "message": "FILE_TRANSFER RequestId: b1270ea5-6e85-47b4-a7f0-d3ffcf5e2143\t TransferType: consumed\t Action: download_from_s3\t FileName: mafdb_7aa0e0772e1c689c49550813d4d69f69cf00ce1c31ded8e93e9d062016b4ea81.json\t Bucket: denethor\t FilePath: mafdb/mafdb_7aa0e0772e1c689c49550813d4d69f69cf00ce1c31ded8e93e9d062016b4ea81.json\t LocalFilePath: /tmp/mafdb/mafdb_7aa0e0772e1c689c49550813d4d69f69cf00ce1c31ded8e93e9d062016b4ea81.json\t FileSize: 273 bytes\t TransferDuration: 49.1537950001657 ms\n",
        "ingestionTime": 1745624083249,
        "eventId": "38928717884926289253935298278308585179997783308216827946"
    },
    {
        "logStreamName": "2025/04/25/[$LATEST]9a9ab6723bd64c5e8e04824c2b08af0a",
        "timestamp": 1745624082929,
        "message": "FILE_TRANSFER RequestId: b1270ea5-6e85-47b4-a7f0-d3ffcf5e2143\t TransferType: consumed\t Action: download_from_s3\t FileName: mafdb_a10de1e435f46b875ce088b70edd639bb15f15e47181e4a02fd1d3279f474a75.json\t Bucket: denethor\t FilePath: mafdb/mafdb_a10de1e435f46b875ce088b70edd639bb15f15e47181e4a02fd1d3279f474a75.json\t LocalFilePath: /tmp/mafdb/mafdb_a10de1e435f46b875ce088b70edd639bb15f15e47181e4a02fd1d3279f474a75.json\t FileSize: 273 bytes\t TransferDuration: 40.376078999997844 ms\n",
        "ingestionTime": 1745624083249,
        "eventId": "38928717885818319061876523203970013910903717768456044587"
    },
    {
        "logStreamName": "2025/04/25/[$LATEST]9a9ab6723bd64c5e8e04824c2b08af0a",
        "timestamp": 1745624082972,
        "message": "FILE_TRANSFER RequestId: b1270ea5-6e85-47b4-a7f0-d3ffcf5e2143\t TransferType: consumed\t Action: download_from_s3\t FileName: mafdb_e61287967464938dd8658e2b6f8063c95a2a8288b950145c07d8cd279f06fe96.json\t Bucket: denethor\t FilePath: mafdb/mafdb_e61287967464938dd8658e2b6f8063c95a2a8288b950145c07d8cd279f06fe96.json\t LocalFilePath: /tmp/mafdb/mafdb_e61287967464938dd8658e2b6f8063c95a2a8288b950145c07d8cd279f06fe96.json\t FileSize: 232 bytes\t TransferDuration: 42.508491999797116 ms\n",
        "ingestionTime": 1745624083249,
        "eventId": "38928717886777251105413339999056049796627597313213202476"
    },
    {
        "logStreamName": "2025/04/25/[$LATEST]9a9ab6723bd64c5e8e04824c2b08af0a",
        "timestamp": 1745624083024,
        "message": "FILE_TRANSFER RequestId: b1270ea5-6e85-47b4-a7f0-d3ffcf5e2143\t TransferType: consumed\t Action: download_from_s3\t FileName: mafdb_45d317fa4103ebc6a5ca76d68fd00bce02d7a5f088e6155430a660f0514147a3.json\t Bucket: denethor\t FilePath: mafdb/mafdb_45d317fa4103ebc6a5ca76d68fd00bce02d7a5f088e6155430a660f0514147a3.json\t LocalFilePath: /tmp/mafdb/mafdb_45d317fa4103ebc6a5ca76d68fd00bce02d7a5f088e6155430a660f0514147a3.json\t FileSize: 232 bytes\t TransferDuration: 52.48241600020265 ms\n",
        "ingestionTime": 1745624083249,
        "eventId": "38928717887936889855736932402415907146805312111524184109"
    },
    {
        "logStreamName": "2025/04/25/[$LATEST]9a9ab6723bd64c5e8e04824c2b08af0a",
        "timestamp": 1745624083072,
        "message": "FILE_TRANSFER RequestId: b1270ea5-6e85-47b4-a7f0-d3ffcf5e2143\t TransferType: consumed\t Action: download_from_s3\t FileName: mafdb_953e1a111e13fbeb681f915778ac824e009ef79d64fc7cfa76e6c118a64274b0.json\t Bucket: denethor\t FilePath: mafdb/mafdb_953e1a111e13fbeb681f915778ac824e009ef79d64fc7cfa76e6c118a64274b0.json\t LocalFilePath: /tmp/mafdb/mafdb_953e1a111e13fbeb681f915778ac824e009ef79d64fc7cfa76e6c118a64274b0.json\t FileSize: 232 bytes\t TransferDuration: 47.59961099989596 ms\n",
        "ingestionTime": 1745624083249,
        "eventId": "38928717889007325625266402313209621623892433463811244078"
    },
    {
        "logStreamName": "2025/04/25/[$LATEST]9a9ab6723bd64c5e8e04824c2b08af0a",
        "timestamp": 1745624083120,
        "message": "FILE_TRANSFER RequestId: b1270ea5-6e85-47b4-a7f0-d3ffcf5e2143\t TransferType: consumed\t Action: download_from_s3\t FileName: mafdb_dd5bb0860cd8cfcf1de73c7e51fea56058e02019372b37c0fbe797a9a837ad38.json\t Bucket: denethor\t FilePath: mafdb/mafdb_dd5bb0860cd8cfcf1de73c7e51fea56058e02019372b37c0fbe797a9a837ad38.json\t LocalFilePath: /tmp/mafdb/mafdb_dd5bb0860cd8cfcf1de73c7e51fea56058e02019372b37c0fbe797a9a837ad38.json\t FileSize: 232 bytes\t TransferDuration: 48.324315000172646 ms\n",
        "ingestionTime": 1745624083249,
        "eventId": "38928717890077761394795872224003336100979554816098304047"
    },
    {
        "logStreamName": "2025/04/25/[$LATEST]9a9ab6723bd64c5e8e04824c2b08af0a",
        "timestamp": 1745624083165,
        "message": "FILE_TRANSFER RequestId: b1270ea5-6e85-47b4-a7f0-d3ffcf5e2143\t TransferType: consumed\t Action: download_from_s3\t FileName: mafdb_4a69772641578ec2d1db9c6dd1aabd576f4015e01037c89e4cf54545772984e3.json\t Bucket: denethor\t FilePath: mafdb/mafdb_4a69772641578ec2d1db9c6dd1aabd576f4015e01037c89e4cf54545772984e3.json\t LocalFilePath: /tmp/mafdb/mafdb_4a69772641578ec2d1db9c6dd1aabd576f4015e01037c89e4cf54545772984e3.json\t FileSize: 232 bytes\t TransferDuration: 44.107641999744374 ms\n",
        "ingestionTime": 1745624092188,
        "eventId": "38928717891081294928729750276179135945542860734876745728"
    },
    {
        "logStreamName": "2025/04/25/[$LATEST]9a9ab6723bd64c5e8e04824c2b08af0a",
        "timestamp": 1745624083207,
        "message": "FILE_TRANSFER RequestId: b1270ea5-6e85-47b4-a7f0-d3ffcf5e2143\t TransferType: consumed\t Action: download_from_s3\t FileName: mafdb_f15d6d133941e8137799af5c1c04fc577dd74e96149a2ccd80e4f571114f20e3.json\t Bucket: denethor\t FilePath: mafdb/mafdb_f15d6d133941e8137799af5c1c04fc577dd74e96149a2ccd80e4f571114f20e3.json\t LocalFilePath: /tmp/mafdb/mafdb_f15d6d133941e8137799af5c1c04fc577dd74e96149a2ccd80e4f571114f20e3.json\t FileSize: 232 bytes\t TransferDuration: 42.09347100004379 ms\n",
        "ingestionTime": 1745624092188,
        "eventId": "38928717892017926227068036448123636112994091918127923201"
    },
    {
        "logStreamName": "2025/04/25/[$LATEST]9a9ab6723bd64c5e8e04824c2b08af0a",
        "timestamp": 1745624083252,
        "message": "FILE_TRANSFER RequestId: b1270ea5-6e85-47b4-a7f0-d3ffcf5e2143\t TransferType: consumed\t Action: download_from_s3\t FileName: mafdb_f6df04e8133221cbf519260251139ebd37c34febe492851dd4458992bca83c94.json\t Bucket: denethor\t FilePath: mafdb/mafdb_f6df04e8133221cbf519260251139ebd37c34febe492851dd4458992bca83c94.json\t LocalFilePath: /tmp/mafdb/mafdb_f6df04e8133221cbf519260251139ebd37c34febe492851dd4458992bca83c94.json\t FileSize: 232 bytes\t TransferDuration: 45.377766999990854 ms\n",
        "ingestionTime": 1745624092188,
        "eventId": "38928717893021459761001914489492743435263268185897041922"
    },
    {
        "logStreamName": "2025/04/25/[$LATEST]9a9ab6723bd64c5e8e04824c2b08af0a",
        "timestamp": 1745624083320,
        "message": "FILE_TRANSFER RequestId: b1270ea5-6e85-47b4-a7f0-d3ffcf5e2143\t TransferType: consumed\t Action: download_from_s3\t FileName: mafdb_6f51ab0e641bb384954092390e08d5f95ec4531f17a7dfba439beb3259e5929a.json\t Bucket: denethor\t FilePath: mafdb/mafdb_6f51ab0e641bb384954092390e08d5f95ec4531f17a7dfba439beb3259e5929a.json\t LocalFilePath: /tmp/mafdb/mafdb_6f51ab0e641bb384954092390e08d5f95ec4531f17a7dfba439beb3259e5929a.json\t FileSize: 232 bytes\t TransferDuration: 67.68187700026829 ms\n",
        "ingestionTime": 1745624092188,
        "eventId": "38928717894537910434501996863117172277803356768303710211"
    },
    {
        "logStreamName": "2025/04/25/[$LATEST]9a9ab6723bd64c5e8e04824c2b08af0a",
        "timestamp": 1745624083382,
        "message": "FILE_TRANSFER RequestId: b1270ea5-6e85-47b4-a7f0-d3ffcf5e2143\t TransferType: consumed\t Action: download_from_s3\t FileName: mafdb_fac1936d51dfedc6b2390b5bce6179113332479afc4a5757defe3114aec8f0bb.json\t Bucket: denethor\t FilePath: mafdb/mafdb_fac1936d51dfedc6b2390b5bce6179113332479afc4a5757defe3114aec8f0bb.json\t LocalFilePath: /tmp/mafdb/mafdb_fac1936d51dfedc6b2390b5bce6179113332479afc4a5757defe3114aec8f0bb.json\t FileSize: 232 bytes\t TransferDuration: 62.00443299985636 ms\n",
        "ingestionTime": 1745624092188,
        "eventId": "38928717895920556636810895497892386810707555181674496004"
    },
    {
        "logStreamName": "2025/04/25/[$LATEST]9a9ab6723bd64c5e8e04824c2b08af0a",
        "timestamp": 1745624083479,
        "message": "FILE_TRANSFER RequestId: b1270ea5-6e85-47b4-a7f0-d3ffcf5e2143\t TransferType: consumed\t Action: download_from_s3\t FileName: mafdb_715bea8166387785654d4817b63af51d4368d79e15da6d3149784cf360d76eaa.json\t Bucket: denethor\t FilePath: mafdb/mafdb_715bea8166387785654d4817b63af51d4368d79e15da6d3149784cf360d76eaa.json\t LocalFilePath: /tmp/mafdb/mafdb_715bea8166387785654d4817b63af51d4368d79e15da6d3149784cf360d76eaa.json\t FileSize: 232 bytes\t TransferDuration: 96.65974900008223 ms\n",
        "ingestionTime": 1745624092188,
        "eventId": "38928717898083728921068365942621351483154446247754596357"
    },
    {
        "logStreamName": "2025/04/25/[$LATEST]9a9ab6723bd64c5e8e04824c2b08af0a",
        "timestamp": 1745624083528,
        "message": "FILE_TRANSFER RequestId: b1270ea5-6e85-47b4-a7f0-d3ffcf5e2143\t TransferType: consumed\t Action: download_from_s3\t FileName: mafdb_37f48e1b859b9b0ccb1d3918e3547c15f7c27b9cfc7ada49018043d3593d2b30.json\t Bucket: denethor\t FilePath: mafdb/mafdb_37f48e1b859b9b0ccb1d3918e3547c15f7c27b9cfc7ada49018043d3593d2b30.json\t LocalFilePath: /tmp/mafdb/mafdb_37f48e1b859b9b0ccb1d3918e3547c15f7c27b9cfc7ada49018043d3593d2b30.json\t FileSize: 232 bytes\t TransferDuration: 49.35821199978818 ms\n",
        "ingestionTime": 1745624092188,
        "eventId": "38928717899176465435796366476556601678514215961547636742"
    },
    {
        "logStreamName": "2025/04/25/[$LATEST]9a9ab6723bd64c5e8e04824c2b08af0a",
        "timestamp": 1745624083580,
        "message": "FILE_TRANSFER RequestId: b1270ea5-6e85-47b4-a7f0-d3ffcf5e2143\t TransferType: consumed\t Action: download_from_s3\t FileName: mafdb_e55488255b1fbcc9aaabaac963dff236ce30a48f048179f2652bf6431063cf4b.json\t Bucket: denethor\t FilePath: mafdb/mafdb_e55488255b1fbcc9aaabaac963dff236ce30a48f048179f2652bf6431063cf4b.json\t LocalFilePath: /tmp/mafdb/mafdb_e55488255b1fbcc9aaabaac963dff236ce30a48f048179f2652bf6431063cf4b.json\t FileSize: 232 bytes\t TransferDuration: 51.93894800004273 ms\n",
        "ingestionTime": 1745624092188,
        "eventId": "38928717900336104186119958879916459028691930759858618375"
    },
    {
        "logStreamName": "2025/04/25/[$LATEST]9a9ab6723bd64c5e8e04824c2b08af0a",
        "timestamp": 1745624083632,
        "message": "FILE_TRANSFER RequestId: b1270ea5-6e85-47b4-a7f0-d3ffcf5e2143\t TransferType: consumed\t Action: download_from_s3\t FileName: mafdb_5622c4af29c03a55db15361b96ebd57532e3d5deb3791cbd1444627fe1ca62ba.json\t Bucket: denethor\t FilePath: mafdb/mafdb_5622c4af29c03a55db15361b96ebd57532e3d5deb3791cbd1444627fe1ca62ba.json\t LocalFilePath: /tmp/mafdb/mafdb_5622c4af29c03a55db15361b96ebd57532e3d5deb3791cbd1444627fe1ca62ba.json\t FileSize: 232 bytes\t TransferDuration: 51.48829299969293 ms\n",
        "ingestionTime": 1745624092188,
        "eventId": "38928717901495742936443551283276316378869645558169600008"
    },
    {
        "logStreamName": "2025/04/25/[$LATEST]9a9ab6723bd64c5e8e04824c2b08af0a",
        "timestamp": 1745624083682,
        "message": "FILE_TRANSFER RequestId: b1270ea5-6e85-47b4-a7f0-d3ffcf5e2143\t TransferType: consumed\t Action: download_from_s3\t FileName: mafdb_baef90e470015ad8cbd57d9f360bf7d85807b59e2cd60cbcd58c003293486741.json\t Bucket: denethor\t FilePath: mafdb/mafdb_baef90e470015ad8cbd57d9f360bf7d85807b59e2cd60cbcd58c003293486741.json\t LocalFilePath: /tmp/mafdb/mafdb_baef90e470015ad8cbd57d9f360bf7d85807b59e2cd60cbcd58c003293486741.json\t FileSize: 232 bytes\t TransferDuration: 50.038340000355674 ms\n",
        "ingestionTime": 1745624092188,
        "eventId": "38928717902610780196370082440353102292502063633468620809"
    },
    {
        "logStreamName": "2025/04/25/[$LATEST]9a9ab6723bd64c5e8e04824c2b08af0a",
        "timestamp": 1745624083775,
        "message": "FILE_TRANSFER RequestId: b1270ea5-6e85-47b4-a7f0-d3ffcf5e2143\t TransferType: consumed\t Action: download_from_s3\t FileName: mafdb_44786d15636736367c1c71748c6f6ad88c51a0acf9651aa1d2aab053f2b49895.json\t Bucket: denethor\t FilePath: mafdb/mafdb_44786d15636736367c1c71748c6f6ad88c51a0acf9651aa1d2aab053f2b49895.json\t LocalFilePath: /tmp/mafdb/mafdb_44786d15636736367c1c71748c6f6ad88c51a0acf9651aa1d2aab053f2b49895.json\t FileSize: 232 bytes\t TransferDuration: 93.23548900010792 ms\n",
        "ingestionTime": 1745624092188,
        "eventId": "38928717904684749499833430392515924091858361253524799498"
    },
    {
        "logStreamName": "2025/04/25/[$LATEST]9a9ab6723bd64c5e8e04824c2b08af0a",
        "timestamp": 1745624083843,
        "message": "FILE_TRANSFER RequestId: b1270ea5-6e85-47b4-a7f0-d3ffcf5e2143\t TransferType: consumed\t Action: download_from_s3\t FileName: mafdb_050eb4506b88aa955760b80fe61fa5f2dc7867810f3fd968c62f0f2b1721b84a.json\t Bucket: denethor\t FilePath: mafdb/mafdb_050eb4506b88aa955760b80fe61fa5f2dc7867810f3fd968c62f0f2b1721b84a.json\t LocalFilePath: /tmp/mafdb/mafdb_050eb4506b88aa955760b80fe61fa5f2dc7867810f3fd968c62f0f2b1721b84a.json\t FileSize: 232 bytes\t TransferDuration: 67.84951600002387 ms\n",
        "ingestionTime": 1745624092188,
        "eventId": "38928717906201200173333512766140352934398449835931467787"
    },
    {
        "logStreamName": "2025/04/25/[$LATEST]9a9ab6723bd64c5e8e04824c2b08af0a",
        "timestamp": 1745624083890,
        "message": "FILE_TRANSFER RequestId: b1270ea5-6e85-47b4-a7f0-d3ffcf5e2143\t TransferType: consumed\t Action: download_from_s3\t FileName: mafdb_4294147453f0881ff5d40ffeafab616f4bd8a7ba876322d7a55e79a2b54c515e.json\t Bucket: denethor\t FilePath: mafdb/mafdb_4294147453f0881ff5d40ffeafab616f4bd8a7ba876322d7a55e79a2b54c515e.json\t LocalFilePath: /tmp/mafdb/mafdb_4294147453f0881ff5d40ffeafab616f4bd8a7ba876322d7a55e79a2b54c515e.json\t FileSize: 232 bytes\t TransferDuration: 47.00705499999458 ms\n",
        "ingestionTime": 1745624092188,
        "eventId": "38928717907249335197664452053792531693212922826712547340"
    },
    {
        "logStreamName": "2025/04/25/[$LATEST]9a9ab6723bd64c5e8e04824c2b08af0a",
        "timestamp": 1745624083958,
        "message": "FILE_TRANSFER RequestId: b1270ea5-6e85-47b4-a7f0-d3ffcf5e2143\t TransferType: consumed\t Action: download_from_s3\t FileName: mafdb_605d104cfc6518c6e800159628fbe1a7412ae8cd691423eaa1505e85821ecac9.json\t Bucket: denethor\t FilePath: mafdb/mafdb_605d104cfc6518c6e800159628fbe1a7412ae8cd691423eaa1505e85821ecac9.json\t LocalFilePath: /tmp/mafdb/mafdb_605d104cfc6518c6e800159628fbe1a7412ae8cd691423eaa1505e85821ecac9.json\t FileSize: 232 bytes\t TransferDuration: 67.60585099982563 ms\n",
        "ingestionTime": 1745624092188,
        "eventId": "38928717908765785871164534427416960535753011409119215629"
    },
    {
        "logStreamName": "2025/04/25/[$LATEST]9a9ab6723bd64c5e8e04824c2b08af0a",
        "timestamp": 1745624084001,
        "message": "FILE_TRANSFER RequestId: b1270ea5-6e85-47b4-a7f0-d3ffcf5e2143\t TransferType: consumed\t Action: download_from_s3\t FileName: mafdb_07f2663350ea1ac790cef8d65d693e9f9a8a7ff3d9613fcbba8694ef3a437497.json\t Bucket: denethor\t FilePath: mafdb/mafdb_07f2663350ea1ac790cef8d65d693e9f9a8a7ff3d9613fcbba8694ef3a437497.json\t LocalFilePath: /tmp/mafdb/mafdb_07f2663350ea1ac790cef8d65d693e9f9a8a7ff3d9613fcbba8694ef3a437497.json\t FileSize: 232 bytes\t TransferDuration: 43.034564000208775 ms\n",
        "ingestionTime": 1745624092188,
        "eventId": "38928717909724717914701351222502996421476890953876373518"
    },
    {
        "logStreamName": "2025/04/25/[$LATEST]9a9ab6723bd64c5e8e04824c2b08af0a",
        "timestamp": 1745624084064,
        "message": "FILE_TRANSFER RequestId: b1270ea5-6e85-47b4-a7f0-d3ffcf5e2143\t TransferType: consumed\t Action: download_from_s3\t FileName: mafdb_8fcd7595555ece58e0a06c2001637a9999683df07ff0bb320faaf120f0012491.json\t Bucket: denethor\t FilePath: mafdb/mafdb_8fcd7595555ece58e0a06c2001637a9999683df07ff0bb320faaf120f0012491.json\t LocalFilePath: /tmp/mafdb/mafdb_8fcd7595555ece58e0a06c2001637a9999683df07ff0bb320faaf120f0012491.json\t FileSize: 232 bytes\t TransferDuration: 62.7652630000739 ms\n",
        "ingestionTime": 1745624092188,
        "eventId": "38928717911129664862208780480419746672653737728753139727"
    },
    {
        "logStreamName": "2025/04/25/[$LATEST]9a9ab6723bd64c5e8e04824c2b08af0a",
        "timestamp": 1745624084121,
        "message": "FILE_TRANSFER RequestId: b1270ea5-6e85-47b4-a7f0-d3ffcf5e2143\t TransferType: consumed\t Action: download_from_s3\t FileName: mafdb_bbfa141f6d386c293116f72d99a69176e8fb9e24cdaec03b209b077478ad859d.json\t Bucket: denethor\t FilePath: mafdb/mafdb_bbfa141f6d386c293116f72d99a69176e8fb9e24cdaec03b209b077478ad859d.json\t LocalFilePath: /tmp/mafdb/mafdb_bbfa141f6d386c293116f72d99a69176e8fb9e24cdaec03b209b077478ad859d.json\t FileSize: 232 bytes\t TransferDuration: 57.35721300015939 ms\n",
        "ingestionTime": 1745624092188,
        "eventId": "38928717912400807338525025999487282614194694334594023440"
    },
    {
        "logStreamName": "2025/04/25/[$LATEST]9a9ab6723bd64c5e8e04824c2b08af0a",
        "timestamp": 1745624084161,
        "message": "FILE_TRANSFER RequestId: b1270ea5-6e85-47b4-a7f0-d3ffcf5e2143\t TransferType: consumed\t Action: download_from_s3\t FileName: mafdb_f4fb8761643a453074d9572d96789515b973db43273265bfc07d10c2b3697e6d.json\t Bucket: denethor\t FilePath: mafdb/mafdb_f4fb8761643a453074d9572d96789515b973db43273265bfc07d10c2b3697e6d.json\t LocalFilePath: /tmp/mafdb/mafdb_f4fb8761643a453074d9572d96789515b973db43273265bfc07d10c2b3697e6d.json\t FileSize: 232 bytes\t TransferDuration: 39.8399679997965 ms\n",
        "ingestionTime": 1745624092188,
        "eventId": "38928717913292837146466250925148711345100628794833240081"
    },
    {
        "logStreamName": "2025/04/25/[$LATEST]9a9ab6723bd64c5e8e04824c2b08af0a",
        "timestamp": 1745624084203,
        "message": "FILE_TRANSFER RequestId: b1270ea5-6e85-47b4-a7f0-d3ffcf5e2143\t TransferType: consumed\t Action: download_from_s3\t FileName: mafdb_a2b1b534b2611b710744fb6756c33616a3588ee03d8aa6972d23e492b2c485de.json\t Bucket: denethor\t FilePath: mafdb/mafdb_a2b1b534b2611b710744fb6756c33616a3588ee03d8aa6972d23e492b2c485de.json\t LocalFilePath: /tmp/mafdb/mafdb_a2b1b534b2611b710744fb6756c33616a3588ee03d8aa6972d23e492b2c485de.json\t FileSize: 232 bytes\t TransferDuration: 42.01411399981225 ms\n",
        "ingestionTime": 1745624092188,
        "eventId": "38928717914229468444804537097093211512551859978084417554"
    },
    {
        "logStreamName": "2025/04/25/[$LATEST]9a9ab6723bd64c5e8e04824c2b08af0a",
        "timestamp": 1745624084243,
        "message": "FILE_TRANSFER RequestId: b1270ea5-6e85-47b4-a7f0-d3ffcf5e2143\t TransferType: consumed\t Action: download_from_s3\t FileName: mafdb_5bec77bc9d7c4d8fa3517dfa40512bc1eb17b502f07bd7ca8c55258b719bc02b.json\t Bucket: denethor\t FilePath: mafdb/mafdb_5bec77bc9d7c4d8fa3517dfa40512bc1eb17b502f07bd7ca8c55258b719bc02b.json\t LocalFilePath: /tmp/mafdb/mafdb_5bec77bc9d7c4d8fa3517dfa40512bc1eb17b502f07bd7ca8c55258b719bc02b.json\t FileSize: 232 bytes\t TransferDuration: 39.5716220000395 ms\n",
        "ingestionTime": 1745624092188,
        "eventId": "38928717915121498252745762022754640243457794438323634195"
    },
    {
        "logStreamName": "2025/04/25/[$LATEST]9a9ab6723bd64c5e8e04824c2b08af0a",
        "timestamp": 1745624084290,
        "message": "FILE_TRANSFER RequestId: b1270ea5-6e85-47b4-a7f0-d3ffcf5e2143\t TransferType: consumed\t Action: download_from_s3\t FileName: mafdb_8bc6b1285675133cf71abced5feadde67801ce1183d48ccdfce4ad5c847e0d16.json\t Bucket: denethor\t FilePath: mafdb/mafdb_8bc6b1285675133cf71abced5feadde67801ce1183d48ccdfce4ad5c847e0d16.json\t LocalFilePath: /tmp/mafdb/mafdb_8bc6b1285675133cf71abced5feadde67801ce1183d48ccdfce4ad5c847e0d16.json\t FileSize: 232 bytes\t TransferDuration: 47.46661100034544 ms\n",
        "ingestionTime": 1745624092188,
        "eventId": "38928717916169633277076701310406819002272267429104713748"
    },
    {
        "logStreamName": "2025/04/25/[$LATEST]9a9ab6723bd64c5e8e04824c2b08af0a",
        "timestamp": 1745624084330,
        "message": "FILE_TRANSFER RequestId: b1270ea5-6e85-47b4-a7f0-d3ffcf5e2143\t TransferType: consumed\t Action: download_from_s3\t FileName: mafdb_1719bb211bc811b78f2b2552b36c500d404a9ba670915a8c816c3078a55e8987.json\t Bucket: denethor\t FilePath: mafdb/mafdb_1719bb211bc811b78f2b2552b36c500d404a9ba670915a8c816c3078a55e8987.json\t LocalFilePath: /tmp/mafdb/mafdb_1719bb211bc811b78f2b2552b36c500d404a9ba670915a8c816c3078a55e8987.json\t FileSize: 232 bytes\t TransferDuration: 40.17984999973123 ms\n",
        "ingestionTime": 1745624092188,
        "eventId": "38928717917061663085017926236068247733178201889343930389"
    },
    {
        "logStreamName": "2025/04/25/[$LATEST]9a9ab6723bd64c5e8e04824c2b08af0a",
        "timestamp": 1745624084380,
        "message": "FILE_TRANSFER RequestId: b1270ea5-6e85-47b4-a7f0-d3ffcf5e2143\t TransferType: consumed\t Action: download_from_s3\t FileName: mafdb_c47f40aaed70b274856370b8e6e48399beb4c8971c66ddd8be8d566d440a78a7.json\t Bucket: denethor\t FilePath: mafdb/mafdb_c47f40aaed70b274856370b8e6e48399beb4c8971c66ddd8be8d566d440a78a7.json\t LocalFilePath: /tmp/mafdb/mafdb_c47f40aaed70b274856370b8e6e48399beb4c8971c66ddd8be8d566d440a78a7.json\t FileSize: 232 bytes\t TransferDuration: 49.18623799994748 ms\n",
        "ingestionTime": 1745624092188,
        "eventId": "38928717918176700344944457393145033646810619964642951190"
    },
    {
        "logStreamName": "2025/04/25/[$LATEST]9a9ab6723bd64c5e8e04824c2b08af0a",
        "timestamp": 1745624084422,
        "message": "FILE_TRANSFER RequestId: b1270ea5-6e85-47b4-a7f0-d3ffcf5e2143\t TransferType: consumed\t Action: download_from_s3\t FileName: mafdb_58254360ee9cb4b928a0b69f4adfd78688391955b6d2b02adf2e814125a07479.json\t Bucket: denethor\t FilePath: mafdb/mafdb_58254360ee9cb4b928a0b69f4adfd78688391955b6d2b02adf2e814125a07479.json\t LocalFilePath: /tmp/mafdb/mafdb_58254360ee9cb4b928a0b69f4adfd78688391955b6d2b02adf2e814125a07479.json\t FileSize: 232 bytes\t TransferDuration: 41.91510200007542 ms\n",
        "ingestionTime": 1745624092188,
        "eventId": "38928717919113331643282743565089533814261851147894128663"
    },
    {
        "logStreamName": "2025/04/25/[$LATEST]9a9ab6723bd64c5e8e04824c2b08af0a",
        "timestamp": 1745624084510,
        "message": "FILE_TRANSFER RequestId: b1270ea5-6e85-47b4-a7f0-d3ffcf5e2143\t TransferType: consumed\t Action: download_from_s3\t FileName: mafdb_fe8c7e0440e490074b179c7fee9f5abe850a2768dbc77d752a6701c83b764fd4.json\t Bucket: denethor\t FilePath: mafdb/mafdb_fe8c7e0440e490074b179c7fee9f5abe850a2768dbc77d752a6701c83b764fd4.json\t LocalFilePath: /tmp/mafdb/mafdb_fe8c7e0440e490074b179c7fee9f5abe850a2768dbc77d752a6701c83b764fd4.json\t FileSize: 232 bytes\t TransferDuration: 88.41539100012596 ms\n",
        "ingestionTime": 1745624092188,
        "eventId": "38928717921075797220753438401544677022254906960420405272"
    },
    {
        "logStreamName": "2025/04/25/[$LATEST]9a9ab6723bd64c5e8e04824c2b08af0a",
        "timestamp": 1745624084555,
        "message": "FILE_TRANSFER RequestId: b1270ea5-6e85-47b4-a7f0-d3ffcf5e2143\t TransferType: consumed\t Action: download_from_s3\t FileName: mafdb_4875c145af921680114234ea5e55d59b851e8bb06310ce7c9ba80b21e93e80f9.json\t Bucket: denethor\t FilePath: mafdb/mafdb_4875c145af921680114234ea5e55d59b851e8bb06310ce7c9ba80b21e93e80f9.json\t LocalFilePath: /tmp/mafdb/mafdb_4875c145af921680114234ea5e55d59b851e8bb06310ce7c9ba80b21e93e80f9.json\t FileSize: 232 bytes\t TransferDuration: 44.892768999943655 ms\n",
        "ingestionTime": 1745624092188,
        "eventId": "38928717922079330754687316442913784344524083228189523993"
    },
    {
        "logStreamName": "2025/04/25/[$LATEST]9a9ab6723bd64c5e8e04824c2b08af0a",
        "timestamp": 1745624084611,
        "message": "FILE_TRANSFER RequestId: b1270ea5-6e85-47b4-a7f0-d3ffcf5e2143\t TransferType: consumed\t Action: download_from_s3\t FileName: mafdb_2b5302c20981e36a3d85c97e2d12117774582905d95507fa3601d5c3760671f6.json\t Bucket: denethor\t FilePath: mafdb/mafdb_2b5302c20981e36a3d85c97e2d12117774582905d95507fa3601d5c3760671f6.json\t LocalFilePath: /tmp/mafdb/mafdb_2b5302c20981e36a3d85c97e2d12117774582905d95507fa3601d5c3760671f6.json\t FileSize: 232 bytes\t TransferDuration: 56.27882099997805 ms\n",
        "ingestionTime": 1745624092188,
        "eventId": "38928717923328172485805031338839784567792391472524427290"
    },
    {
        "logStreamName": "2025/04/25/[$LATEST]9a9ab6723bd64c5e8e04824c2b08af0a",
        "timestamp": 1745624084655,
        "message": "FILE_TRANSFER RequestId: b1270ea5-6e85-47b4-a7f0-d3ffcf5e2143\t TransferType: consumed\t Action: download_from_s3\t FileName: mafdb_722c43c3fea450f96aee94354f586788bc944cb6a2db643541e1af57852da29a.json\t Bucket: denethor\t FilePath: mafdb/mafdb_722c43c3fea450f96aee94354f586788bc944cb6a2db643541e1af57852da29a.json\t LocalFilePath: /tmp/mafdb/mafdb_722c43c3fea450f96aee94354f586788bc944cb6a2db643541e1af57852da29a.json\t FileSize: 232 bytes\t TransferDuration: 43.12425299985989 ms\n",
        "ingestionTime": 1745624092188,
        "eventId": "38928717924309405274540378757067356171788919378787565595"
    },
    {
        "logStreamName": "2025/04/25/[$LATEST]9a9ab6723bd64c5e8e04824c2b08af0a",
        "timestamp": 1745624084697,
        "message": "FILE_TRANSFER RequestId: b1270ea5-6e85-47b4-a7f0-d3ffcf5e2143\t TransferType: consumed\t Action: download_from_s3\t FileName: mafdb_bf6614cd56f098c5b75f97757054caf7ad0887c879d871d45b52d85ed0fd52d3.json\t Bucket: denethor\t FilePath: mafdb/mafdb_bf6614cd56f098c5b75f97757054caf7ad0887c879d871d45b52d85ed0fd52d3.json\t LocalFilePath: /tmp/mafdb/mafdb_bf6614cd56f098c5b75f97757054caf7ad0887c879d871d45b52d85ed0fd52d3.json\t FileSize: 232 bytes\t TransferDuration: 42.036649999772635 ms\n",
        "ingestionTime": 1745624092188,
        "eventId": "38928717925246036572878664929011856339240150562038743068"
    },
    {
        "logStreamName": "2025/04/25/[$LATEST]9a9ab6723bd64c5e8e04824c2b08af0a",
        "timestamp": 1745624084741,
        "message": "FILE_TRANSFER RequestId: b1270ea5-6e85-47b4-a7f0-d3ffcf5e2143\t TransferType: consumed\t Action: download_from_s3\t FileName: mafdb_a0bb27000c08353bd1576c76b737091f2d774cc5766e59661908d2047f1f9f55.json\t Bucket: denethor\t FilePath: mafdb/mafdb_a0bb27000c08353bd1576c76b737091f2d774cc5766e59661908d2047f1f9f55.json\t LocalFilePath: /tmp/mafdb/mafdb_a0bb27000c08353bd1576c76b737091f2d774cc5766e59661908d2047f1f9f55.json\t FileSize: 232 bytes\t TransferDuration: 44.59328999973877 ms\n",
        "ingestionTime": 1745624092188,
        "eventId": "38928717926227269361614012347239427943236678468301881373"
    },
    {
        "logStreamName": "2025/04/25/[$LATEST]9a9ab6723bd64c5e8e04824c2b08af0a",
        "timestamp": 1745624084791,
        "message": "FILE_TRANSFER RequestId: b1270ea5-6e85-47b4-a7f0-d3ffcf5e2143\t TransferType: consumed\t Action: download_from_s3\t FileName: mafdb_5f9438b2176a3f1de183e4e4beed7bba44407448bf813b980737577bbda05693.json\t Bucket: denethor\t FilePath: mafdb/mafdb_5f9438b2176a3f1de183e4e4beed7bba44407448bf813b980737577bbda05693.json\t LocalFilePath: /tmp/mafdb/mafdb_5f9438b2176a3f1de183e4e4beed7bba44407448bf813b980737577bbda05693.json\t FileSize: 232 bytes\t TransferDuration: 49.71648999980971 ms\n",
        "ingestionTime": 1745624092188,
        "eventId": "38928717927342306621540543504316213856869096543600902174"
    },
    {
        "logStreamName": "2025/04/25/[$LATEST]9a9ab6723bd64c5e8e04824c2b08af0a",
        "timestamp": 1745624084848,
        "message": "FILE_TRANSFER RequestId: b1270ea5-6e85-47b4-a7f0-d3ffcf5e2143\t TransferType: consumed\t Action: download_from_s3\t FileName: mafdb_fc2a84852f95eebd03a586abcf5a76c64db1efd965d2c472f2b8a03ed0c40edf.json\t Bucket: denethor\t FilePath: mafdb/mafdb_fc2a84852f95eebd03a586abcf5a76c64db1efd965d2c472f2b8a03ed0c40edf.json\t LocalFilePath: /tmp/mafdb/mafdb_fc2a84852f95eebd03a586abcf5a76c64db1efd965d2c472f2b8a03ed0c40edf.json\t FileSize: 232 bytes\t TransferDuration: 57.28192800006582 ms\n",
        "ingestionTime": 1745624092188,
        "eventId": "38928717928613449097856789023383749798410053149441785887"
    },
    {
        "logStreamName": "2025/04/25/[$LATEST]9a9ab6723bd64c5e8e04824c2b08af0a",
        "timestamp": 1745624084921,
        "message": "FILE_TRANSFER RequestId: b1270ea5-6e85-47b4-a7f0-d3ffcf5e2143\t TransferType: consumed\t Action: download_from_s3\t FileName: mafdb_9b5e9882beb1fdd84eccf8fba19a31cf4a219df13f5ba94f1e8edd8742692a77.json\t Bucket: denethor\t FilePath: mafdb/mafdb_9b5e9882beb1fdd84eccf8fba19a31cf4a219df13f5ba94f1e8edd8742692a77.json\t LocalFilePath: /tmp/mafdb/mafdb_9b5e9882beb1fdd84eccf8fba19a31cf4a219df13f5ba94f1e8edd8742692a77.json\t FileSize: 232 bytes\t TransferDuration: 72.67592200014406 ms\n",
        "ingestionTime": 1745624092188,
        "eventId": "38928717930241403497349524512715857232313383539378356256"
    },
    {
        "logStreamName": "2025/04/25/[$LATEST]9a9ab6723bd64c5e8e04824c2b08af0a",
        "timestamp": 1745624084972,
        "message": "FILE_TRANSFER RequestId: b1270ea5-6e85-47b4-a7f0-d3ffcf5e2143\t TransferType: consumed\t Action: download_from_s3\t FileName: mafdb_96f411db25a5507e2f8c83f07de2e32793bb5c2b863cd4f9c33afc286860da9b.json\t Bucket: denethor\t FilePath: mafdb/mafdb_96f411db25a5507e2f8c83f07de2e32793bb5c2b863cd4f9c33afc286860da9b.json\t LocalFilePath: /tmp/mafdb/mafdb_96f411db25a5507e2f8c83f07de2e32793bb5c2b863cd4f9c33afc286860da9b.json\t FileSize: 232 bytes\t TransferDuration: 50.305153999943286 ms\n",
        "ingestionTime": 1745624092188,
        "eventId": "38928717931378741502474586292934178864218449976183357473"
    },
    {
        "logStreamName": "2025/04/25/[$LATEST]9a9ab6723bd64c5e8e04824c2b08af0a",
        "timestamp": 1745624085015,
        "message": "FILE_TRANSFER RequestId: b1270ea5-6e85-47b4-a7f0-d3ffcf5e2143\t TransferType: consumed\t Action: download_from_s3\t FileName: mafdb_43cea8440a480f2d3f7c6f1089d40c95b25d84360a9a2ba2fab104125f81f158.json\t Bucket: denethor\t FilePath: mafdb/mafdb_43cea8440a480f2d3f7c6f1089d40c95b25d84360a9a2ba2fab104125f81f158.json\t LocalFilePath: /tmp/mafdb/mafdb_43cea8440a480f2d3f7c6f1089d40c95b25d84360a9a2ba2fab104125f81f158.json\t FileSize: 232 bytes\t TransferDuration: 43.93892000007327 ms\n",
        "ingestionTime": 1745624092188,
        "eventId": "38928717932337673546011403088020214749942329520940515362"
    },
    {
        "logStreamName": "2025/04/25/[$LATEST]9a9ab6723bd64c5e8e04824c2b08af0a",
        "timestamp": 1745624085067,
        "message": "FILE_TRANSFER RequestId: b1270ea5-6e85-47b4-a7f0-d3ffcf5e2143\t TransferType: consumed\t Action: download_from_s3\t FileName: mafdb_b1978d4f3ece7886cd648bfa82f0db51363ff9b748ee97102aa3139423d1be64.json\t Bucket: denethor\t FilePath: mafdb/mafdb_b1978d4f3ece7886cd648bfa82f0db51363ff9b748ee97102aa3139423d1be64.json\t LocalFilePath: /tmp/mafdb/mafdb_b1978d4f3ece7886cd648bfa82f0db51363ff9b748ee97102aa3139423d1be64.json\t FileSize: 232 bytes\t TransferDuration: 50.96556499984217 ms\n",
        "ingestionTime": 1745624092188,
        "eventId": "38928717933497312296334995491380072100120044319251496995"
    },
    {
        "logStreamName": "2025/04/25/[$LATEST]9a9ab6723bd64c5e8e04824c2b08af0a",
        "timestamp": 1745624085109,
        "message": "FILE_TRANSFER RequestId: b1270ea5-6e85-47b4-a7f0-d3ffcf5e2143\t TransferType: consumed\t Action: download_from_s3\t FileName: mafdb_0e058d65c1045889dfe83e83e2b201ec345ba3363065e06d8a12c525f818d8a7.json\t Bucket: denethor\t FilePath: mafdb/mafdb_0e058d65c1045889dfe83e83e2b201ec345ba3363065e06d8a12c525f818d8a7.json\t LocalFilePath: /tmp/mafdb/mafdb_0e058d65c1045889dfe83e83e2b201ec345ba3363065e06d8a12c525f818d8a7.json\t FileSize: 232 bytes\t TransferDuration: 42.42575399985071 ms\n",
        "ingestionTime": 1745624092188,
        "eventId": "38928717934433943594673281663324572267571275502502674468"
    },
    {
        "logStreamName": "2025/04/25/[$LATEST]9a9ab6723bd64c5e8e04824c2b08af0a",
        "timestamp": 1745624085161,
        "message": "FILE_TRANSFER RequestId: b1270ea5-6e85-47b4-a7f0-d3ffcf5e2143\t TransferType: consumed\t Action: download_from_s3\t FileName: mafdb_1dcf7383088dee8dd24da63dbe38a4ac08d22f21edec71bdb517c6ea9022f224.json\t Bucket: denethor\t FilePath: mafdb/mafdb_1dcf7383088dee8dd24da63dbe38a4ac08d22f21edec71bdb517c6ea9022f224.json\t LocalFilePath: /tmp/mafdb/mafdb_1dcf7383088dee8dd24da63dbe38a4ac08d22f21edec71bdb517c6ea9022f224.json\t FileSize: 232 bytes\t TransferDuration: 51.55156499995428 ms\n",
        "ingestionTime": 1745624092188,
        "eventId": "38928717935593582344996874066684429617748990300813656101"
    },
    {
        "logStreamName": "2025/04/25/[$LATEST]9a9ab6723bd64c5e8e04824c2b08af0a",
        "timestamp": 1745624085206,
        "message": "FILE_TRANSFER RequestId: b1270ea5-6e85-47b4-a7f0-d3ffcf5e2143\t TransferType: consumed\t Action: download_from_s3\t FileName: mafdb_028a779bdcb28d0db67ae99e8c383a2e5e0fd59fada6888e043db6f251521c76.json\t Bucket: denethor\t FilePath: mafdb/mafdb_028a779bdcb28d0db67ae99e8c383a2e5e0fd59fada6888e043db6f251521c76.json\t LocalFilePath: /tmp/mafdb/mafdb_028a779bdcb28d0db67ae99e8c383a2e5e0fd59fada6888e043db6f251521c76.json\t FileSize: 232 bytes\t TransferDuration: 44.924718999936886 ms\n",
        "ingestionTime": 1745624092188,
        "eventId": "38928717936597115878930752108053536940018166568582774822"
    },
    {
        "logStreamName": "2025/04/25/[$LATEST]9a9ab6723bd64c5e8e04824c2b08af0a",
        "timestamp": 1745624085250,
        "message": "FILE_TRANSFER RequestId: b1270ea5-6e85-47b4-a7f0-d3ffcf5e2143\t TransferType: consumed\t Action: download_from_s3\t FileName: mafdb_1fc60ba179d4022cc2706fa01097c85bbbc0bb1e1cfb62ef6cb25b6e0f12a318.json\t Bucket: denethor\t FilePath: mafdb/mafdb_1fc60ba179d4022cc2706fa01097c85bbbc0bb1e1cfb62ef6cb25b6e0f12a318.json\t LocalFilePath: /tmp/mafdb/mafdb_1fc60ba179d4022cc2706fa01097c85bbbc0bb1e1cfb62ef6cb25b6e0f12a318.json\t FileSize: 232 bytes\t TransferDuration: 44.51123299986648 ms\n",
        "ingestionTime": 1745624092188,
        "eventId": "38928717937578348667666099526281108544014694474845913127"
    },
    {
        "logStreamName": "2025/04/25/[$LATEST]9a9ab6723bd64c5e8e04824c2b08af0a",
        "timestamp": 1745624085320,
        "message": "FILE_TRANSFER RequestId: b1270ea5-6e85-47b4-a7f0-d3ffcf5e2143\t TransferType: consumed\t Action: download_from_s3\t FileName: mafdb_52a4f806fca7da8198522b8967c3d358527c3187304e57988708d831f58faa8d.json\t Bucket: denethor\t FilePath: mafdb/mafdb_52a4f806fca7da8198522b8967c3d358527c3187304e57988708d831f58faa8d.json\t LocalFilePath: /tmp/mafdb/mafdb_52a4f806fca7da8198522b8967c3d358527c3187304e57988708d831f58faa8d.json\t FileSize: 232 bytes\t TransferDuration: 70.13426100002107 ms\n",
        "ingestionTime": 1745624092188,
        "eventId": "38928717939139400831563243146188608823100079780264542248"
    },
    {
        "logStreamName": "2025/04/25/[$LATEST]9a9ab6723bd64c5e8e04824c2b08af0a",
        "timestamp": 1745624085364,
        "message": "FILE_TRANSFER RequestId: b1270ea5-6e85-47b4-a7f0-d3ffcf5e2143\t TransferType: consumed\t Action: download_from_s3\t FileName: mafdb_5bc75c0f9d1868afb664138a4ac48ea647820d359302471223513b77e8f79e3e.json\t Bucket: denethor\t FilePath: mafdb/mafdb_5bc75c0f9d1868afb664138a4ac48ea647820d359302471223513b77e8f79e3e.json\t LocalFilePath: /tmp/mafdb/mafdb_5bc75c0f9d1868afb664138a4ac48ea647820d359302471223513b77e8f79e3e.json\t FileSize: 232 bytes\t TransferDuration: 43.68413900010637 ms\n",
        "ingestionTime": 1745624092188,
        "eventId": "38928717940120633620298590564416180427096607686527680553"
    },
    {
        "logStreamName": "2025/04/25/[$LATEST]9a9ab6723bd64c5e8e04824c2b08af0a",
        "timestamp": 1745624085411,
        "message": "FILE_TRANSFER RequestId: b1270ea5-6e85-47b4-a7f0-d3ffcf5e2143\t TransferType: consumed\t Action: download_from_s3\t FileName: mafdb_d8f88c2fd2b3dd961297ef4c35cbb2dc12d1e955b3804d1df6784eef89b553c5.json\t Bucket: denethor\t FilePath: mafdb/mafdb_d8f88c2fd2b3dd961297ef4c35cbb2dc12d1e955b3804d1df6784eef89b553c5.json\t LocalFilePath: /tmp/mafdb/mafdb_d8f88c2fd2b3dd961297ef4c35cbb2dc12d1e955b3804d1df6784eef89b553c5.json\t FileSize: 232 bytes\t TransferDuration: 46.99050199997146 ms\n",
        "ingestionTime": 1745624092188,
        "eventId": "38928717941168768644629529852068359185911080677308760106"
    },
    {
        "logStreamName": "2025/04/25/[$LATEST]9a9ab6723bd64c5e8e04824c2b08af0a",
        "timestamp": 1745624085455,
        "message": "FILE_TRANSFER RequestId: b1270ea5-6e85-47b4-a7f0-d3ffcf5e2143\t TransferType: consumed\t Action: download_from_s3\t FileName: mafdb_a1bfbcddbd0327f872ff3e6b2d5dcbed9e804641918b58e4b469cf077329c2cd.json\t Bucket: denethor\t FilePath: mafdb/mafdb_a1bfbcddbd0327f872ff3e6b2d5dcbed9e804641918b58e4b469cf077329c2cd.json\t LocalFilePath: /tmp/mafdb/mafdb_a1bfbcddbd0327f872ff3e6b2d5dcbed9e804641918b58e4b469cf077329c2cd.json\t FileSize: 232 bytes\t TransferDuration: 43.95042199985255 ms\n",
        "ingestionTime": 1745624092188,
        "eventId": "38928717942150001433364877270295930789907608583571898411"
    },
    {
        "logStreamName": "2025/04/25/[$LATEST]9a9ab6723bd64c5e8e04824c2b08af0a",
        "timestamp": 1745624085495,
        "message": "FILE_TRANSFER RequestId: b1270ea5-6e85-47b4-a7f0-d3ffcf5e2143\t TransferType: consumed\t Action: download_from_s3\t FileName: mafdb_c6f9bdcc9cf095b4cc92100a5d45f27a59abff72b82bc6fdea5fb67186885422.json\t Bucket: denethor\t FilePath: mafdb/mafdb_c6f9bdcc9cf095b4cc92100a5d45f27a59abff72b82bc6fdea5fb67186885422.json\t LocalFilePath: /tmp/mafdb/mafdb_c6f9bdcc9cf095b4cc92100a5d45f27a59abff72b82bc6fdea5fb67186885422.json\t FileSize: 232 bytes\t TransferDuration: 40.08696500022779 ms\n",
        "ingestionTime": 1745624092188,
        "eventId": "38928717943042031241306102195957359520813543043811115052"
    },
    {
        "logStreamName": "2025/04/25/[$LATEST]9a9ab6723bd64c5e8e04824c2b08af0a",
        "timestamp": 1745624085496,
        "message": "CONSUMED_FILES_INFO RequestId: b1270ea5-6e85-47b4-a7f0-d3ffcf5e2143\t FilesCount: 90 files\t FilesSize: 32856 bytes\t TransferDuration: 4687.5269369993475 ms\t ConsumedFiles: ['mafdb_6f7a2b1116e6a791f68a03367473294792b679a6357b6789f3f993b1f83e2e80.json', 'mafdb_54d8ddd695de385cbe16742ebc6fdcb479cd2b8e3c0cd457826222c83fe6bb7c.json', 'mafdb_1f6ccfc97b000b314f6a6c7e2582a4263b17ffc061fef38bd3c9a63fa631759f.json', 'mafdb_bd5d862db8f1d6b261aaeb3b8ecb83d67004ffb7524cb75c5f1f8454224f7c91.json', 'mafdb_861b6fcf310a5a4a01036477cd0e28e972c4aa89be1fcccfc0eab6cd45e9fd74.json', 'mafdb_7d398773bfc3e4435be56d8711457fd7fc190e97e32d7ec51a8a702e16118c4d.json', 'mafdb_c451a256436a5fc45a562eaf2fead8dd42917b32894e636d2b705f5405224a88.json', 'mafdb_7511017a4e93687a5be47b55aa4c08eff48c283a8153f5e070747057ad693f80.json', 'mafdb_3891ae3bc299950ca7a78c4d495828659f2cb320e0641ad8c6bfc4ced2d8e2b0.json', 'mafdb_58aa863a1439bf886daca0713239dba1882676aea5266e0af5bebad97529db92.json', 'mafdb_c1f206b6efa75e1df509578ad4d9fb9ea330d34e7283ccf9d6ad80fdedf66b9a.json', 'mafdb_c3c2025f352d34b4b79a48619176577388b06f30619772ddea31df49ee988aff.json', 'mafdb_c5b5a3a4bd54a110140df77527325958d257fc9b669bca89b332593540c1dc20.json', 'mafdb_51e18dc31f0c330513b45085a52c5ecd1e4a0a9130d2805a71368f1cbe17f65e.json', 'mafdb_95cfb922ebd546f21edcc627a60ea2a6235550bbba3696739fcaca409f1a0232.json', 'mafdb_783d326a98c97c227099cd46e1eb2739e8954c844e628390759f21e7b4e19db0.json', 'mafdb_e7fcb374868f23c5b66908ff13d437f525bdef064d3f7604b08f9b68087e91c4.json', 'mafdb_bdf7b87e05be228017da27afd5fd158ebe4fcf138008526635b8bcdbe380f328.json', 'mafdb_1d419943bc17a86fe648d8caad874862360b7c73c08c99b7c26040bc9939b002.json', 'mafdb_31199a0a134043b94c15114abad10433bfa58c2f87e3106720f88bf29e76f1ae.json', 'mafdb_c2a1e960932a069de5927d1067dde414f501136aba941befca2a4654e72bb08a.json', 'mafdb_49ad0997fa75ff9233f44bffe4f6033aaaf8676ed8f4cbac92057d25395497e6.json', 'mafdb_406ececbafe0a937f2a967e4dae5f862923efb2e1397870f6cc1ba8e050e1da7.json', 'mafdb_e7f2f9266538f691bae81aa42aeb881fcfc1833e62d05d9141e808a0cb0095fa.json', 'mafdb_e883ff130a9d34d26c58c15a735e96baab78aacec64abad0788f83f54423b943.json', 'mafdb_d215ba5497d3d3be2e105b2328e50bdccf602b7e0745016c80fa6f9913e5432f.json', 'mafdb_f871e6272680ce0853ce488fc481f480aa4e243fa14dd104803b05fb209cf094.json', 'mafdb_2ff7bb92e85df3f56dc7f35d3ca7b2bd150b675386145658d2fca63a9e2a3805.json', 'mafdb_47fb2615fc585137c90363d35106c9022fdcc722571f7ed6d93a0e213c75c760.json', 'mafdb_68e664a9a27eba1488202e5ea16bb79aee50d9c2456068b25a29d7ca46c1450f.json', 'mafdb_f6c9786df6a492206e55eb3d3911d34dbd753bfef23be22d8635d72135a7fbc7.json', 'mafdb_87129d44586b87142d9940a8b1bdbebcfa7b0454f32076964711670e9940a5bc.json', 'mafdb_ffac685782ba2ceabfc02088f70f3473d570818cc3d9c58c8979a425bc171247.json', 'mafdb_42b7a1940d80c9e5d1a1eb427219fad89ed0198775d719cc0f6171541419e487.json', 'mafdb_d7e79060050e13568977fc2c739b9eddf447a0cefe974cf809a00c1179f02def.json', 'mafdb_b61e3844996fd21e45a7d054f79694e53c5aede5327c90900ed7183119a56bfb.json', 'mafdb_29c4ddd140d117364cadffd440f0642c27bbc2412f4567e0cb32891cc3ef36a1.json', 'mafdb_4626fea2abf7ed35f5f28026640ab18610584687978217b1f40af22fe37f6572.json', 'mafdb_445b1fba33e16cd436442a3a77bf395f50fd97b749d80a4ea1cdfce773bb0774.json', 'mafdb_7aa0e0772e1c689c49550813d4d69f69cf00ce1c31ded8e93e9d062016b4ea81.json', 'mafdb_a10de1e435f46b875ce088b70edd639bb15f15e47181e4a02fd1d3279f474a75.json', 'mafdb_e61287967464938dd8658e2b6f8063c95a2a8288b950145c07d8cd279f06fe96.json', 'mafdb_45d317fa4103ebc6a5ca76d68fd00bce02d7a5f088e6155430a660f0514147a3.json', 'mafdb_953e1a111e13fbeb681f915778ac824e009ef79d64fc7cfa76e6c118a64274b0.json', 'mafdb_dd5bb0860cd8cfcf1de73c7e51fea56058e02019372b37c0fbe797a9a837ad38.json', 'mafdb_4a69772641578ec2d1db9c6dd1aabd576f4015e01037c89e4cf54545772984e3.json', 'mafdb_f15d6d133941e8137799af5c1c04fc577dd74e96149a2ccd80e4f571114f20e3.json', 'mafdb_f6df04e8133221cbf519260251139ebd37c34febe492851dd4458992bca83c94.json', 'mafdb_6f51ab0e641bb384954092390e08d5f95ec4531f17a7dfba439beb3259e5929a.json', 'mafdb_fac1936d51dfedc6b2390b5bce6179113332479afc4a5757defe3114aec8f0bb.json', 'mafdb_715bea8166387785654d4817b63af51d4368d79e15da6d3149784cf360d76eaa.json', 'mafdb_37f48e1b859b9b0ccb1d3918e3547c15f7c27b9cfc7ada49018043d3593d2b30.json', 'mafdb_e55488255b1fbcc9aaabaac963dff236ce30a48f048179f2652bf6431063cf4b.json', 'mafdb_5622c4af29c03a55db15361b96ebd57532e3d5deb3791cbd1444627fe1ca62ba.json', 'mafdb_baef90e470015ad8cbd57d9f360bf7d85807b59e2cd60cbcd58c003293486741.json', 'mafdb_44786d15636736367c1c71748c6f6ad88c51a0acf9651aa1d2aab053f2b49895.json', 'mafdb_050eb4506b88aa955760b80fe61fa5f2dc7867810f3fd968c62f0f2b1721b84a.json', 'mafdb_4294147453f0881ff5d40ffeafab616f4bd8a7ba876322d7a55e79a2b54c515e.json', 'mafdb_605d104cfc6518c6e800159628fbe1a7412ae8cd691423eaa1505e85821ecac9.json', 'mafdb_07f2663350ea1ac790cef8d65d693e9f9a8a7ff3d9613fcbba8694ef3a437497.json', 'mafdb_8fcd7595555ece58e0a06c2001637a9999683df07ff0bb320faaf120f0012491.json', 'mafdb_bbfa141f6d386c293116f72d99a69176e8fb9e24cdaec03b209b077478ad859d.json', 'mafdb_f4fb8761643a453074d9572d96789515b973db43273265bfc07d10c2b3697e6d.json', 'mafdb_a2b1b534b2611b710744fb6756c33616a3588ee03d8aa6972d23e492b2c485de.json', 'mafdb_5bec77bc9d7c4d8fa3517dfa40512bc1eb17b502f07bd7ca8c55258b719bc02b.json', 'mafdb_8bc6b1285675133cf71abced5feadde67801ce1183d48ccdfce4ad5c847e0d16.json', 'mafdb_1719bb211bc811b78f2b2552b36c500d404a9ba670915a8c816c3078a55e8987.json', 'mafdb_c47f40aaed70b274856370b8e6e48399beb4c8971c66ddd8be8d566d440a78a7.json', 'mafdb_58254360ee9cb4b928a0b69f4adfd78688391955b6d2b02adf2e814125a07479.json', 'mafdb_fe8c7e0440e490074b179c7fee9f5abe850a2768dbc77d752a6701c83b764fd4.json', 'mafdb_4875c145af921680114234ea5e55d59b851e8bb06310ce7c9ba80b21e93e80f9.json', 'mafdb_2b5302c20981e36a3d85c97e2d12117774582905d95507fa3601d5c3760671f6.json', 'mafdb_722c43c3fea450f96aee94354f586788bc944cb6a2db643541e1af57852da29a.json', 'mafdb_bf6614cd56f098c5b75f97757054caf7ad0887c879d871d45b52d85ed0fd52d3.json', 'mafdb_a0bb27000c08353bd1576c76b737091f2d774cc5766e59661908d2047f1f9f55.json', 'mafdb_5f9438b2176a3f1de183e4e4beed7bba44407448bf813b980737577bbda05693.json', 'mafdb_fc2a84852f95eebd03a586abcf5a76c64db1efd965d2c472f2b8a03ed0c40edf.json', 'mafdb_9b5e9882beb1fdd84eccf8fba19a31cf4a219df13f5ba94f1e8edd8742692a77.json', 'mafdb_96f411db25a5507e2f8c83f07de2e32793bb5c2b863cd4f9c33afc286860da9b.json', 'mafdb_43cea8440a480f2d3f7c6f1089d40c95b25d84360a9a2ba2fab104125f81f158.json', 'mafdb_b1978d4f3ece7886cd648bfa82f0db51363ff9b748ee97102aa3139423d1be64.json', 'mafdb_0e058d65c1045889dfe83e83e2b201ec345ba3363065e06d8a12c525f818d8a7.json', 'mafdb_1dcf7383088dee8dd24da63dbe38a4ac08d22f21edec71bdb517c6ea9022f224.json', 'mafdb_028a779bdcb28d0db67ae99e8c383a2e5e0fd59fada6888e043db6f251521c76.json', 'mafdb_1fc60ba179d4022cc2706fa01097c85bbbc0bb1e1cfb62ef6cb25b6e0f12a318.json', 'mafdb_52a4f806fca7da8198522b8967c3d358527c3187304e57988708d831f58faa8d.json', 'mafdb_5bc75c0f9d1868afb664138a4ac48ea647820d359302471223513b77e8f79e3e.json', 'mafdb_d8f88c2fd2b3dd961297ef4c35cbb2dc12d1e955b3804d1df6784eef89b553c5.json', 'mafdb_a1bfbcddbd0327f872ff3e6b2d5dcbed9e804641918b58e4b469cf077329c2cd.json', 'mafdb_c6f9bdcc9cf095b4cc92100a5d45f27a59abff72b82bc6fdea5fb67186885422.json']\n",
        "ingestionTime": 1745624092188,
        "eventId": "38928717943064331986504632819098895239086191405317095469"
    },
    {
        "logStreamName": "2025/04/25/[$LATEST]9a9ab6723bd64c5e8e04824c2b08af0a",
        "timestamp": 1745624085501,
        "message": "[INFO] 2025-04-25T23:34:45GMT MAF_DATABASE_AGGREGATOR RequestId: b1270ea5-6e85-47b4-a7f0-d3ffcf5e2143\t Duration: 4.252863000147045 ms\t InputLength: 90\t MaxMaf: 8\t MafDatabase: {'1': {'tree_ORTHOMCL256_Inner4.nexus': ['tree_ORTHOMCL256_2_Inner4.nexus', 'tree_ORTHOMCL256_2_Inner5.nexus', 'tree_ORTHOMCL256_2_Inner6.nexus', 'tree_ORTHOMCL256_2_Inner7.nexus', 'tree_ORTHOMCL256_2_Inner8.nexus'], 'tree_ORTHOMCL256_Inner5.nexus': ['tree_ORTHOMCL256_2_Inner4.nexus'], 'tree_ORTHOMCL256_Inner6.nexus': ['tree_ORTHOMCL256_2_Inner4.nexus'], 'tree_ORTHOMCL256_Inner7.nexus': ['tree_ORTHOMCL256_2_Inner4.nexus'], 'tree_ORTHOMCL256_Inner8.nexus': ['tree_ORTHOMCL256_2_Inner4.nexus'], 'tree_ORTHOMCL256_2_Inner4.nexus': ['tree_ORTHOMCL256_Inner4.nexus', 'tree_ORTHOMCL256_Inner5.nexus', 'tree_ORTHOMCL256_Inner6.nexus', 'tree_ORTHOMCL256_Inner7.nexus', 'tree_ORTHOMCL256_Inner8.nexus'], 'tree_ORTHOMCL256_2_Inner5.nexus': ['tree_ORTHOMCL256_Inner4.nexus'], 'tree_ORTHOMCL256_2_Inner6.nexus': ['tree_ORTHOMCL256_Inner4.nexus'], 'tree_ORTHOMCL256_2_Inner7.nexus': ['tree_ORTHOMCL256_Inner4.nexus'], 'tree_ORTHOMCL256_2_Inner8.nexus': ['tree_ORTHOMCL256_Inner4.nexus']}, '2': {'tree_ORTHOMCL256_Inner1.nexus': ['tree_ORTHOMCL256_2_Inner1.nexus', 'tree_ORTHOMCL256_2_Inner2.nexus', 'tree_ORTHOMCL256_2_Inner3.nexus', 'tree_ORTHOMCL256_2_Inner5.nexus', 'tree_ORTHOMCL256_2_Inner6.nexus', 'tree_ORTHOMCL256_2_Inner7.nexus', 'tree_ORTHOMCL256_2_Inner8.nexus'], 'tree_ORTHOMCL256_Inner2.nexus': ['tree_ORTHOMCL256_2_Inner1.nexus', 'tree_ORTHOMCL256_2_Inner2.nexus', 'tree_ORTHOMCL256_2_Inner3.nexus', 'tree_ORTHOMCL256_2_Inner5.nexus', 'tree_ORTHOMCL256_2_Inner6.nexus', 'tree_ORTHOMCL256_2_Inner7.nexus', 'tree_ORTHOMCL256_2_Inner8.nexus'], 'tree_ORTHOMCL256_Inner3.nexus': ['tree_ORTHOMCL256_2_Inner1.nexus', 'tree_ORTHOMCL256_2_Inner2.nexus'], 'tree_ORTHOMCL256_Inner5.nexus': ['tree_ORTHOMCL256_2_Inner1.nexus', 'tree_ORTHOMCL256_2_Inner2.nexus'], 'tree_ORTHOMCL256_Inner6.nexus': ['tree_ORTHOMCL256_2_Inner1.nexus', 'tree_ORTHOMCL256_2_Inner2.nexus'], 'tree_ORTHOMCL256_Inner7.nexus': ['tree_ORTHOMCL256_2_Inner1.nexus', 'tree_ORTHOMCL256_2_Inner2.nexus'], 'tree_ORTHOMCL256_Inner8.nexus': ['tree_ORTHOMCL256_2_Inner1.nexus', 'tree_ORTHOMCL256_2_Inner2.nexus'], 'tree_ORTHOMCL256_2_Inner1.nexus': ['tree_ORTHOMCL256_Inner1.nexus', 'tree_ORTHOMCL256_Inner2.nexus', 'tree_ORTHOMCL256_Inner3.nexus', 'tree_ORTHOMCL256_Inner5.nexus', 'tree_ORTHOMCL256_Inner6.nexus', 'tree_ORTHOMCL256_Inner7.nexus', 'tree_ORTHOMCL256_Inner8.nexus'], 'tree_ORTHOMCL256_2_Inner2.nexus': ['tree_ORTHOMCL256_Inner1.nexus', 'tree_ORTHOMCL256_Inner2.nexus', 'tree_ORTHOMCL256_Inner3.nexus', 'tree_ORTHOMCL256_Inner5.nexus', 'tree_ORTHOMCL256_Inner6.nexus', 'tree_ORTHOMCL256_Inner7.nexus', 'tree_ORTHOMCL256_Inner8.nexus'], 'tree_ORTHOMCL256_2_Inner3.nexus': ['tree_ORTHOMCL256_Inner1.nexus', 'tree_ORTHOMCL256_Inner2.nexus'], 'tree_ORTHOMCL256_2_Inner5.nexus': ['tree_ORTHOMCL256_Inner1.nexus', 'tree_ORTHOMCL256_Inner2.nexus'], 'tree_ORTHOMCL256_2_Inner6.nexus': ['tree_ORTHOMCL256_Inner1.nexus', 'tree_ORTHOMCL256_Inner2.nexus'], 'tree_ORTHOMCL256_2_Inner7.nexus': ['tree_ORTHOMCL256_Inner1.nexus', 'tree_ORTHOMCL256_Inner2.nexus'], 'tree_ORTHOMCL256_2_Inner8.nexus': ['tree_ORTHOMCL256_Inner1.nexus', 'tree_ORTHOMCL256_Inner2.nexus']}, '3': {'tree_ORTHOMCL256_Inner3.nexus': ['tree_ORTHOMCL256_2_Inner3.nexus', 'tree_ORTHOMCL256_2_Inner5.nexus', 'tree_ORTHOMCL256_2_Inner6.nexus', 'tree_ORTHOMCL256_2_Inner7.nexus', 'tree_ORTHOMCL256_2_Inner8.nexus'], 'tree_ORTHOMCL256_Inner5.nexus': ['tree_ORTHOMCL256_2_Inner3.nexus'], 'tree_ORTHOMCL256_Inner6.nexus': ['tree_ORTHOMCL256_2_Inner3.nexus'], 'tree_ORTHOMCL256_Inner7.nexus': ['tree_ORTHOMCL256_2_Inner3.nexus'], 'tree_ORTHOMCL256_Inner8.nexus': ['tree_ORTHOMCL256_2_Inner3.nexus'], 'tree_ORTHOMCL256_2_Inner3.nexus': ['tree_ORTHOMCL256_Inner3.nexus', 'tree_ORTHOMCL256_Inner5.nexus', 'tree_ORTHOMCL256_Inner6.nexus', 'tree_ORTHOMCL256_Inner7.nexus', 'tree_ORTHOMCL256_Inner8.nexus'], 'tree_ORTHOMCL256_2_Inner5.nexus': ['tree_ORTHOMCL256_Inner3.nexus'], 'tree_ORTHOMCL256_2_Inner6.nexus': ['tree_ORTHOMCL256_Inner3.nexus'], 'tree_ORTHOMCL256_2_Inner7.nexus': ['tree_ORTHOMCL256_Inner3.nexus'], 'tree_ORTHOMCL256_2_Inner8.nexus': ['tree_ORTHOMCL256_Inner3.nexus']}, '4': {'tree_ORTHOMCL256_Inner5.nexus': ['tree_ORTHOMCL256_2_Inner5.nexus', 'tree_ORTHOMCL256_2_Inner6.nexus', 'tree_ORTHOMCL256_2_Inner7.nexus', 'tree_ORTHOMCL256_2_Inner8.nexus'], 'tree_ORTHOMCL256_Inner6.nexus': ['tree_ORTHOMCL256_2_Inner5.nexus'], 'tree_ORTHOMCL256_Inner7.nexus': ['tree_ORTHOMCL256_2_Inner5.nexus'], 'tree_ORTHOMCL256_Inner8.nexus': ['tree_ORTHOMCL256_2_Inner5.nexus'], 'tree_ORTHOMCL256_2_Inner5.nexus': ['tree_ORTHOMCL256_Inner5.nexus', 'tree_ORTHOMCL256_Inner6.nexus', 'tree_ORTHOMCL256_Inner7.nexus', 'tree_ORTHOMCL256_Inner8.nexus'], 'tree_ORTHOMCL256_2_Inner6.nexus': ['tree_ORTHOMCL256_Inner5.nexus'], 'tree_ORTHOMCL256_2_Inner7.nexus': ['tree_ORTHOMCL256_Inner5.nexus'], 'tree_ORTHOMCL256_2_Inner8.nexus': ['tree_ORTHOMCL256_Inner5.nexus']}, '5': {'tree_ORTHOMCL256_Inner6.nexus': ['tree_ORTHOMCL256_2_Inner6.nexus', 'tree_ORTHOMCL256_2_Inner7.nexus', 'tree_ORTHOMCL256_2_Inner8.nexus'], 'tree_ORTHOMCL256_Inner7.nexus': ['tree_ORTHOMCL256_2_Inner6.nexus'], 'tree_ORTHOMCL256_Inner8.nexus': ['tree_ORTHOMCL256_2_Inner6.nexus'], 'tree_ORTHOMCL256_2_Inner6.nexus': ['tree_ORTHOMCL256_Inner6.nexus', 'tree_ORTHOMCL256_Inner7.nexus', 'tree_ORTHOMCL256_Inner8.nexus'], 'tree_ORTHOMCL256_2_Inner7.nexus': ['tree_ORTHOMCL256_Inner6.nexus'], 'tree_ORTHOMCL256_2_Inner8.nexus': ['tree_ORTHOMCL256_Inner6.nexus']}, '6': {'tree_ORTHOMCL256_Inner7.nexus': ['tree_ORTHOMCL256_2_Inner7.nexus', 'tree_ORTHOMCL256_2_Inner8.nexus'], 'tree_ORTHOMCL256_Inner8.nexus': ['tree_ORTHOMCL256_2_Inner7.nexus'], 'tree_ORTHOMCL256_2_Inner7.nexus': ['tree_ORTHOMCL256_Inner7.nexus', 'tree_ORTHOMCL256_Inner8.nexus'], 'tree_ORTHOMCL256_2_Inner8.nexus': ['tree_ORTHOMCL256_Inner7.nexus']}, '8': {'tree_ORTHOMCL256_Inner8.nexus': ['tree_ORTHOMCL256_2_Inner8.nexus'], 'tree_ORTHOMCL256_2_Inner8.nexus': ['tree_ORTHOMCL256_Inner8.nexus']}}\n",
        "ingestionTime": 1745624092188,
        "eventId": "38928717943175835712497285934806573830449433212846997550"
    },
    {
        "logStreamName": "2025/04/25/[$LATEST]9a9ab6723bd64c5e8e04824c2b08af0a",
        "timestamp": 1745624085501,
        "message": "[INFO]\t2025-04-25T23:34:45.501Z\tb1270ea5-6e85-47b4-a7f0-d3ffcf5e2143\tMAF_DATABASE_AGGREGATOR RequestId: b1270ea5-6e85-47b4-a7f0-d3ffcf5e2143\t Duration: 4.252863000147045 ms\t InputLength: 90\t MaxMaf: 8\t MafDatabase: {'1': {'tree_ORTHOMCL256_Inner4.nexus': ['tree_ORTHOMCL256_2_Inner4.nexus', 'tree_ORTHOMCL256_2_Inner5.nexus', 'tree_ORTHOMCL256_2_Inner6.nexus', 'tree_ORTHOMCL256_2_Inner7.nexus', 'tree_ORTHOMCL256_2_Inner8.nexus'], 'tree_ORTHOMCL256_Inner5.nexus': ['tree_ORTHOMCL256_2_Inner4.nexus'], 'tree_ORTHOMCL256_Inner6.nexus': ['tree_ORTHOMCL256_2_Inner4.nexus'], 'tree_ORTHOMCL256_Inner7.nexus': ['tree_ORTHOMCL256_2_Inner4.nexus'], 'tree_ORTHOMCL256_Inner8.nexus': ['tree_ORTHOMCL256_2_Inner4.nexus'], 'tree_ORTHOMCL256_2_Inner4.nexus': ['tree_ORTHOMCL256_Inner4.nexus', 'tree_ORTHOMCL256_Inner5.nexus', 'tree_ORTHOMCL256_Inner6.nexus', 'tree_ORTHOMCL256_Inner7.nexus', 'tree_ORTHOMCL256_Inner8.nexus'], 'tree_ORTHOMCL256_2_Inner5.nexus': ['tree_ORTHOMCL256_Inner4.nexus'], 'tree_ORTHOMCL256_2_Inner6.nexus': ['tree_ORTHOMCL256_Inner4.nexus'], 'tree_ORTHOMCL256_2_Inner7.nexus': ['tree_ORTHOMCL256_Inner4.nexus'], 'tree_ORTHOMCL256_2_Inner8.nexus': ['tree_ORTHOMCL256_Inner4.nexus']}, '2': {'tree_ORTHOMCL256_Inner1.nexus': ['tree_ORTHOMCL256_2_Inner1.nexus', 'tree_ORTHOMCL256_2_Inner2.nexus', 'tree_ORTHOMCL256_2_Inner3.nexus', 'tree_ORTHOMCL256_2_Inner5.nexus', 'tree_ORTHOMCL256_2_Inner6.nexus', 'tree_ORTHOMCL256_2_Inner7.nexus', 'tree_ORTHOMCL256_2_Inner8.nexus'], 'tree_ORTHOMCL256_Inner2.nexus': ['tree_ORTHOMCL256_2_Inner1.nexus', 'tree_ORTHOMCL256_2_Inner2.nexus', 'tree_ORTHOMCL256_2_Inner3.nexus', 'tree_ORTHOMCL256_2_Inner5.nexus', 'tree_ORTHOMCL256_2_Inner6.nexus', 'tree_ORTHOMCL256_2_Inner7.nexus', 'tree_ORTHOMCL256_2_Inner8.nexus'], 'tree_ORTHOMCL256_Inner3.nexus': ['tree_ORTHOMCL256_2_Inner1.nexus', 'tree_ORTHOMCL256_2_Inner2.nexus'], 'tree_ORTHOMCL256_Inner5.nexus': ['tree_ORTHOMCL256_2_Inner1.nexus', 'tree_ORTHOMCL256_2_Inner2.nexus'], 'tree_ORTHOMCL256_Inner6.nexus': ['tree_ORTHOMCL256_2_Inner1.nexus', 'tree_ORTHOMCL256_2_Inner2.nexus'], 'tree_ORTHOMCL256_Inner7.nexus': ['tree_ORTHOMCL256_2_Inner1.nexus', 'tree_ORTHOMCL256_2_Inner2.nexus'], 'tree_ORTHOMCL256_Inner8.nexus': ['tree_ORTHOMCL256_2_Inner1.nexus', 'tree_ORTHOMCL256_2_Inner2.nexus'], 'tree_ORTHOMCL256_2_Inner1.nexus': ['tree_ORTHOMCL256_Inner1.nexus', 'tree_ORTHOMCL256_Inner2.nexus', 'tree_ORTHOMCL256_Inner3.nexus', 'tree_ORTHOMCL256_Inner5.nexus', 'tree_ORTHOMCL256_Inner6.nexus', 'tree_ORTHOMCL256_Inner7.nexus', 'tree_ORTHOMCL256_Inner8.nexus'], 'tree_ORTHOMCL256_2_Inner2.nexus': ['tree_ORTHOMCL256_Inner1.nexus', 'tree_ORTHOMCL256_Inner2.nexus', 'tree_ORTHOMCL256_Inner3.nexus', 'tree_ORTHOMCL256_Inner5.nexus', 'tree_ORTHOMCL256_Inner6.nexus', 'tree_ORTHOMCL256_Inner7.nexus', 'tree_ORTHOMCL256_Inner8.nexus'], 'tree_ORTHOMCL256_2_Inner3.nexus': ['tree_ORTHOMCL256_Inner1.nexus', 'tree_ORTHOMCL256_Inner2.nexus'], 'tree_ORTHOMCL256_2_Inner5.nexus': ['tree_ORTHOMCL256_Inner1.nexus', 'tree_ORTHOMCL256_Inner2.nexus'], 'tree_ORTHOMCL256_2_Inner6.nexus': ['tree_ORTHOMCL256_Inner1.nexus', 'tree_ORTHOMCL256_Inner2.nexus'], 'tree_ORTHOMCL256_2_Inner7.nexus': ['tree_ORTHOMCL256_Inner1.nexus', 'tree_ORTHOMCL256_Inner2.nexus'], 'tree_ORTHOMCL256_2_Inner8.nexus': ['tree_ORTHOMCL256_Inner1.nexus', 'tree_ORTHOMCL256_Inner2.nexus']}, '3': {'tree_ORTHOMCL256_Inner3.nexus': ['tree_ORTHOMCL256_2_Inner3.nexus', 'tree_ORTHOMCL256_2_Inner5.nexus', 'tree_ORTHOMCL256_2_Inner6.nexus', 'tree_ORTHOMCL256_2_Inner7.nexus', 'tree_ORTHOMCL256_2_Inner8.nexus'], 'tree_ORTHOMCL256_Inner5.nexus': ['tree_ORTHOMCL256_2_Inner3.nexus'], 'tree_ORTHOMCL256_Inner6.nexus': ['tree_ORTHOMCL256_2_Inner3.nexus'], 'tree_ORTHOMCL256_Inner7.nexus': ['tree_ORTHOMCL256_2_Inner3.nexus'], 'tree_ORTHOMCL256_Inner8.nexus': ['tree_ORTHOMCL256_2_Inner3.nexus'], 'tree_ORTHOMCL256_2_Inner3.nexus': ['tree_ORTHOMCL256_Inner3.nexus', 'tree_ORTHOMCL256_Inner5.nexus', 'tree_ORTHOMCL256_Inner6.nexus', 'tree_ORTHOMCL256_Inner7.nexus', 'tree_ORTHOMCL256_Inner8.nexus'], 'tree_ORTHOMCL256_2_Inner5.nexus': ['tree_ORTHOMCL256_Inner3.nexus'], 'tree_ORTHOMCL256_2_Inner6.nexus': ['tree_ORTHOMCL256_Inner3.nexus'], 'tree_ORTHOMCL256_2_Inner7.nexus': ['tree_ORTHOMCL256_Inner3.nexus'], 'tree_ORTHOMCL256_2_Inner8.nexus': ['tree_ORTHOMCL256_Inner3.nexus']}, '4': {'tree_ORTHOMCL256_Inner5.nexus': ['tree_ORTHOMCL256_2_Inner5.nexus', 'tree_ORTHOMCL256_2_Inner6.nexus', 'tree_ORTHOMCL256_2_Inner7.nexus', 'tree_ORTHOMCL256_2_Inner8.nexus'], 'tree_ORTHOMCL256_Inner6.nexus': ['tree_ORTHOMCL256_2_Inner5.nexus'], 'tree_ORTHOMCL256_Inner7.nexus': ['tree_ORTHOMCL256_2_Inner5.nexus'], 'tree_ORTHOMCL256_Inner8.nexus': ['tree_ORTHOMCL256_2_Inner5.nexus'], 'tree_ORTHOMCL256_2_Inner5.nexus': ['tree_ORTHOMCL256_Inner5.nexus', 'tree_ORTHOMCL256_Inner6.nexus', 'tree_ORTHOMCL256_Inner7.nexus', 'tree_ORTHOMCL256_Inner8.nexus'], 'tree_ORTHOMCL256_2_Inner6.nexus': ['tree_ORTHOMCL256_Inner5.nexus'], 'tree_ORTHOMCL256_2_Inner7.nexus': ['tree_ORTHOMCL256_Inner5.nexus'], 'tree_ORTHOMCL256_2_Inner8.nexus': ['tree_ORTHOMCL256_Inner5.nexus']}, '5': {'tree_ORTHOMCL256_Inner6.nexus': ['tree_ORTHOMCL256_2_Inner6.nexus', 'tree_ORTHOMCL256_2_Inner7.nexus', 'tree_ORTHOMCL256_2_Inner8.nexus'], 'tree_ORTHOMCL256_Inner7.nexus': ['tree_ORTHOMCL256_2_Inner6.nexus'], 'tree_ORTHOMCL256_Inner8.nexus': ['tree_ORTHOMCL256_2_Inner6.nexus'], 'tree_ORTHOMCL256_2_Inner6.nexus': ['tree_ORTHOMCL256_Inner6.nexus', 'tree_ORTHOMCL256_Inner7.nexus', 'tree_ORTHOMCL256_Inner8.nexus'], 'tree_ORTHOMCL256_2_Inner7.nexus': ['tree_ORTHOMCL256_Inner6.nexus'], 'tree_ORTHOMCL256_2_Inner8.nexus': ['tree_ORTHOMCL256_Inner6.nexus']}, '6': {'tree_ORTHOMCL256_Inner7.nexus': ['tree_ORTHOMCL256_2_Inner7.nexus', 'tree_ORTHOMCL256_2_Inner8.nexus'], 'tree_ORTHOMCL256_Inner8.nexus': ['tree_ORTHOMCL256_2_Inner7.nexus'], 'tree_ORTHOMCL256_2_Inner7.nexus': ['tree_ORTHOMCL256_Inner7.nexus', 'tree_ORTHOMCL256_Inner8.nexus'], 'tree_ORTHOMCL256_2_Inner8.nexus': ['tree_ORTHOMCL256_Inner7.nexus']}, '8': {'tree_ORTHOMCL256_Inner8.nexus': ['tree_ORTHOMCL256_2_Inner8.nexus'], 'tree_ORTHOMCL256_2_Inner8.nexus': ['tree_ORTHOMCL256_Inner8.nexus']}}\n",
        "ingestionTime": 1745624092188,
        "eventId": "38928717943175835712497285934806573830449433212846997551"
    },
    {
        "logStreamName": "2025/04/25/[$LATEST]9a9ab6723bd64c5e8e04824c2b08af0a",
        "timestamp": 1745624085545,
        "message": "FILE_TRANSFER RequestId: b1270ea5-6e85-47b4-a7f0-d3ffcf5e2143\t TransferType: produced\t Action: upload_to_s3\t FileName: mafdb_75fd2a59831aa4a8a4050326def908ab61ff941ca963aba5fa1a816179c7f545.json\t Bucket: denethor\t FilePath: mafdb/mafdb_75fd2a59831aa4a8a4050326def908ab61ff941ca963aba5fa1a816179c7f545.json\t LocalFilePath: /tmp/mafdb/mafdb_75fd2a59831aa4a8a4050326def908ab61ff941ca963aba5fa1a816179c7f545.json\t FileSize: 30105 bytes\t TransferDuration: 44.009504999849014 ms\n",
        "ingestionTime": 1745624092188,
        "eventId": "38928717944157068501232633353034145434445961119110135856"
    },
    {
        "logStreamName": "2025/04/25/[$LATEST]9a9ab6723bd64c5e8e04824c2b08af0a",
        "timestamp": 1745624085546,
        "message": "PRODUCED_FILES_INFO RequestId: b1270ea5-6e85-47b4-a7f0-d3ffcf5e2143\t FilesCount: 1 files\t FilesSize: 30105 bytes\t TransferDuration: 44.009504999849014 ms\t Provider: aws_lambda\t  ProducedFiles: ['mafdb_75fd2a59831aa4a8a4050326def908ab61ff941ca963aba5fa1a816179c7f545.json']\n",
        "ingestionTime": 1745624092188,
        "eventId": "38928717944179369246431163976175681152718609480616116273"
    },
    {
        "logStreamName": "2025/04/25/[$LATEST]9a9ab6723bd64c5e8e04824c2b08af0a",
        "timestamp": 1745624085547,
        "message": "END RequestId: b1270ea5-6e85-47b4-a7f0-d3ffcf5e2143\n",
        "ingestionTime": 1745624092188,
        "eventId": "38928717944201669991629694599317216870991257842122096690"
    },
    {
        "logStreamName": "2025/04/25/[$LATEST]9a9ab6723bd64c5e8e04824c2b08af0a",
        "timestamp": 1745624085547,
        "message": "REPORT RequestId: b1270ea5-6e85-47b4-a7f0-d3ffcf5e2143\tDuration: 4746.57 ms\tBilled Duration: 4747 ms\tMemory Size: 2048 MB\tMax Memory Used: 109 MB\tInit Duration: 801.22 ms\t\n",
        "ingestionTime": 1745624092188,
        "eventId": "38928717944201669991629694599317216870991257842122096691"
    }
]