[
    {
        "logStreamName": "2025/04/25/[$LATEST]45080e2be53e492384cd21a09871e003",
        "timestamp": 1745587203173,
        "message": "INIT_START Runtime Version: python:3.10.v64\tRuntime Version ARN: arn:aws:lambda:sa-east-1::runtime:d56bdc8857b2109a058de2ab50bfb80ac2aa600be6f7855a436859944e5fe54b\n",
        "ingestionTime": 1745587208695,
        "eventId": "38927895439776779080936490834614438495475470477485670400"
    },
    {
        "logStreamName": "2025/04/25/[$LATEST]45080e2be53e492384cd21a09871e003",
        "timestamp": 1745587204013,
        "message": "START RequestId: 3880bef8-93b6-418d-9198-cbebac4a17da Version: $LATEST\n",
        "ingestionTime": 1745587208695,
        "eventId": "38927895458509405047702214273504441844500094142509219841"
    },
    {
        "logStreamName": "2025/04/25/[$LATEST]45080e2be53e492384cd21a09871e003",
        "timestamp": 1745587204014,
        "message": "Directory /tmp/mafdb was created!\n",
        "ingestionTime": 1745587208695,
        "eventId": "38927895458531705792900744896645977562772742504015200258"
    },
    {
        "logStreamName": "2025/04/25/[$LATEST]45080e2be53e492384cd21a09871e003",
        "timestamp": 1745587204236,
        "message": "FILE_TRANSFER RequestId: 3880bef8-93b6-418d-9198-cbebac4a17da\t TransferType: consumed\t Action: download_from_s3\t FileName: mafdb_6f7a2b1116e6a791f68a03367473294792b679a6357b6789f3f993b1f83e2e80.json\t Bucket: denethor\t FilePath: mafdb/mafdb_6f7a2b1116e6a791f68a03367473294792b679a6357b6789f3f993b1f83e2e80.json\t LocalFilePath: /tmp/mafdb/mafdb_6f7a2b1116e6a791f68a03367473294792b679a6357b6789f3f993b1f83e2e80.json\t FileSize: 185 bytes\t TransferDuration: 222.04427600001964 ms\n",
        "ingestionTime": 1745587208695,
        "eventId": "38927895463482471226974543234066907019300678758342852611"
    },
    {
        "logStreamName": "2025/04/25/[$LATEST]45080e2be53e492384cd21a09871e003",
        "timestamp": 1745587204305,
        "message": "FILE_TRANSFER RequestId: 3880bef8-93b6-418d-9198-cbebac4a17da\t TransferType: consumed\t Action: download_from_s3\t FileName: mafdb_54d8ddd695de385cbe16742ebc6fdcb479cd2b8e3c0cd457826222c83fe6bb7c.json\t Bucket: denethor\t FilePath: mafdb/mafdb_54d8ddd695de385cbe16742ebc6fdcb479cd2b8e3c0cd457826222c83fe6bb7c.json\t LocalFilePath: /tmp/mafdb/mafdb_54d8ddd695de385cbe16742ebc6fdcb479cd2b8e3c0cd457826222c83fe6bb7c.json\t FileSize: 5180 bytes\t TransferDuration: 69.24926500005313 ms\n",
        "ingestionTime": 1745587208695,
        "eventId": "38927895465021222645673156230832871580113415702255501316"
    },
    {
        "logStreamName": "2025/04/25/[$LATEST]45080e2be53e492384cd21a09871e003",
        "timestamp": 1745587204369,
        "message": "FILE_TRANSFER RequestId: 3880bef8-93b6-418d-9198-cbebac4a17da\t TransferType: consumed\t Action: download_from_s3\t FileName: mafdb_1f6ccfc97b000b314f6a6c7e2582a4263b17ffc061fef38bd3c9a63fa631759f.json\t Bucket: denethor\t FilePath: mafdb/mafdb_1f6ccfc97b000b314f6a6c7e2582a4263b17ffc061fef38bd3c9a63fa631759f.json\t LocalFilePath: /tmp/mafdb/mafdb_1f6ccfc97b000b314f6a6c7e2582a4263b17ffc061fef38bd3c9a63fa631759f.json\t FileSize: 5134 bytes\t TransferDuration: 63.32066000004488 ms\n",
        "ingestionTime": 1745587208695,
        "eventId": "38927895466448470338379116111891157549562910838638247941"
    },
    {
        "logStreamName": "2025/04/25/[$LATEST]45080e2be53e492384cd21a09871e003",
        "timestamp": 1745587204456,
        "message": "FILE_TRANSFER RequestId: 3880bef8-93b6-418d-9198-cbebac4a17da\t TransferType: consumed\t Action: download_from_s3\t FileName: mafdb_bd5d862db8f1d6b261aaeb3b8ecb83d67004ffb7524cb75c5f1f8454224f7c91.json\t Bucket: denethor\t FilePath: mafdb/mafdb_bd5d862db8f1d6b261aaeb3b8ecb83d67004ffb7524cb75c5f1f8454224f7c91.json\t LocalFilePath: /tmp/mafdb/mafdb_bd5d862db8f1d6b261aaeb3b8ecb83d67004ffb7524cb75c5f1f8454224f7c91.json\t FileSize: 355 bytes\t TransferDuration: 87.1087619999571 ms\n",
        "ingestionTime": 1745587208695,
        "eventId": "38927895468388635170651280325204765039283318289658544134"
    },
    {
        "logStreamName": "2025/04/25/[$LATEST]45080e2be53e492384cd21a09871e003",
        "timestamp": 1745587204532,
        "message": "FILE_TRANSFER RequestId: 3880bef8-93b6-418d-9198-cbebac4a17da\t TransferType: consumed\t Action: download_from_s3\t FileName: mafdb_861b6fcf310a5a4a01036477cd0e28e972c4aa89be1fcccfc0eab6cd45e9fd74.json\t Bucket: denethor\t FilePath: mafdb/mafdb_861b6fcf310a5a4a01036477cd0e28e972c4aa89be1fcccfc0eab6cd45e9fd74.json\t LocalFilePath: /tmp/mafdb/mafdb_861b6fcf310a5a4a01036477cd0e28e972c4aa89be1fcccfc0eab6cd45e9fd74.json\t FileSize: 355 bytes\t TransferDuration: 76.62930099991172 ms\n",
        "ingestionTime": 1745587208695,
        "eventId": "38927895470083491805739607683961479628004593764113055751"
    },
    {
        "logStreamName": "2025/04/25/[$LATEST]45080e2be53e492384cd21a09871e003",
        "timestamp": 1745587204606,
        "message": "FILE_TRANSFER RequestId: 3880bef8-93b6-418d-9198-cbebac4a17da\t TransferType: consumed\t Action: download_from_s3\t FileName: mafdb_7d398773bfc3e4435be56d8711457fd7fc190e97e32d7ec51a8a702e16118c4d.json\t Bucket: denethor\t FilePath: mafdb/mafdb_7d398773bfc3e4435be56d8711457fd7fc190e97e32d7ec51a8a702e16118c4d.json\t LocalFilePath: /tmp/mafdb/mafdb_7d398773bfc3e4435be56d8711457fd7fc190e97e32d7ec51a8a702e16118c4d.json\t FileSize: 355 bytes\t TransferDuration: 73.56691699999374 ms\n",
        "ingestionTime": 1745587208695,
        "eventId": "38927895471733746950430873796435122780180572515555606536"
    },
    {
        "logStreamName": "2025/04/25/[$LATEST]45080e2be53e492384cd21a09871e003",
        "timestamp": 1745587204667,
        "message": "FILE_TRANSFER RequestId: 3880bef8-93b6-418d-9198-cbebac4a17da\t TransferType: consumed\t Action: download_from_s3\t FileName: mafdb_c451a256436a5fc45a562eaf2fead8dd42917b32894e636d2b705f5405224a88.json\t Bucket: denethor\t FilePath: mafdb/mafdb_c451a256436a5fc45a562eaf2fead8dd42917b32894e636d2b705f5405224a88.json\t LocalFilePath: /tmp/mafdb/mafdb_c451a256436a5fc45a562eaf2fead8dd42917b32894e636d2b705f5405224a88.json\t FileSize: 355 bytes\t TransferDuration: 60.45601000005263 ms\n",
        "ingestionTime": 1745587208695,
        "eventId": "38927895473094092407541241808068801594812122567420411913"
    },
    {
        "logStreamName": "2025/04/25/[$LATEST]45080e2be53e492384cd21a09871e003",
        "timestamp": 1745587204742,
        "message": "FILE_TRANSFER RequestId: 3880bef8-93b6-418d-9198-cbebac4a17da\t TransferType: consumed\t Action: download_from_s3\t FileName: mafdb_7511017a4e93687a5be47b55aa4c08eff48c283a8153f5e070747057ad693f80.json\t Bucket: denethor\t FilePath: mafdb/mafdb_7511017a4e93687a5be47b55aa4c08eff48c283a8153f5e070747057ad693f80.json\t LocalFilePath: /tmp/mafdb/mafdb_7511017a4e93687a5be47b55aa4c08eff48c283a8153f5e070747057ad693f80.json\t FileSize: 314 bytes\t TransferDuration: 75.12648900001295 ms\n",
        "ingestionTime": 1745587208695,
        "eventId": "38927895474766648297431038543683980465260749680368943114"
    },
    {
        "logStreamName": "2025/04/25/[$LATEST]45080e2be53e492384cd21a09871e003",
        "timestamp": 1745587204830,
        "message": "FILE_TRANSFER RequestId: 3880bef8-93b6-418d-9198-cbebac4a17da\t TransferType: consumed\t Action: download_from_s3\t FileName: mafdb_3891ae3bc299950ca7a78c4d495828659f2cb320e0641ad8c6bfc4ced2d8e2b0.json\t Bucket: denethor\t FilePath: mafdb/mafdb_3891ae3bc299950ca7a78c4d495828659f2cb320e0641ad8c6bfc4ced2d8e2b0.json\t LocalFilePath: /tmp/mafdb/mafdb_3891ae3bc299950ca7a78c4d495828659f2cb320e0641ad8c6bfc4ced2d8e2b0.json\t FileSize: 355 bytes\t TransferDuration: 87.65196900003502 ms\n",
        "ingestionTime": 1745587208695,
        "eventId": "38927895476729113874901733380139123673253805492895219723"
    },
    {
        "logStreamName": "2025/04/25/[$LATEST]45080e2be53e492384cd21a09871e003",
        "timestamp": 1745587204907,
        "message": "FILE_TRANSFER RequestId: 3880bef8-93b6-418d-9198-cbebac4a17da\t TransferType: consumed\t Action: download_from_s3\t FileName: mafdb_58aa863a1439bf886daca0713239dba1882676aea5266e0af5bebad97529db92.json\t Bucket: denethor\t FilePath: mafdb/mafdb_58aa863a1439bf886daca0713239dba1882676aea5266e0af5bebad97529db92.json\t LocalFilePath: /tmp/mafdb/mafdb_58aa863a1439bf886daca0713239dba1882676aea5266e0af5bebad97529db92.json\t FileSize: 314 bytes\t TransferDuration: 76.88604899999518 ms\n",
        "ingestionTime": 1745587208695,
        "eventId": "38927895478446271255188591362037373980247729328855711756"
    },
    {
        "logStreamName": "2025/04/25/[$LATEST]45080e2be53e492384cd21a09871e003",
        "timestamp": 1745587204976,
        "message": "FILE_TRANSFER RequestId: 3880bef8-93b6-418d-9198-cbebac4a17da\t TransferType: consumed\t Action: download_from_s3\t FileName: mafdb_c1f206b6efa75e1df509578ad4d9fb9ea330d34e7283ccf9d6ad80fdedf66b9a.json\t Bucket: denethor\t FilePath: mafdb/mafdb_c1f206b6efa75e1df509578ad4d9fb9ea330d34e7283ccf9d6ad80fdedf66b9a.json\t LocalFilePath: /tmp/mafdb/mafdb_c1f206b6efa75e1df509578ad4d9fb9ea330d34e7283ccf9d6ad80fdedf66b9a.json\t FileSize: 314 bytes\t TransferDuration: 69.79533599997012 ms\n",
        "ingestionTime": 1745587208695,
        "eventId": "38927895479985022673887204358803338541060466272768360461"
    },
    {
        "logStreamName": "2025/04/25/[$LATEST]45080e2be53e492384cd21a09871e003",
        "timestamp": 1745587205084,
        "message": "FILE_TRANSFER RequestId: 3880bef8-93b6-418d-9198-cbebac4a17da\t TransferType: consumed\t Action: download_from_s3\t FileName: mafdb_c3c2025f352d34b4b79a48619176577388b06f30619772ddea31df49ee988aff.json\t Bucket: denethor\t FilePath: mafdb/mafdb_c3c2025f352d34b4b79a48619176577388b06f30619772ddea31df49ee988aff.json\t LocalFilePath: /tmp/mafdb/mafdb_c3c2025f352d34b4b79a48619176577388b06f30619772ddea31df49ee988aff.json\t FileSize: 314 bytes\t TransferDuration: 107.54265599996415 ms\n",
        "ingestionTime": 1745587208695,
        "eventId": "38927895482393503155328511658089196114506489315414245390"
    },
    {
        "logStreamName": "2025/04/25/[$LATEST]45080e2be53e492384cd21a09871e003",
        "timestamp": 1745587205156,
        "message": "FILE_TRANSFER RequestId: 3880bef8-93b6-418d-9198-cbebac4a17da\t TransferType: consumed\t Action: download_from_s3\t FileName: mafdb_c5b5a3a4bd54a110140df77527325958d257fc9b669bca89b332593540c1dc20.json\t Bucket: denethor\t FilePath: mafdb/mafdb_c5b5a3a4bd54a110140df77527325958d257fc9b669bca89b332593540c1dc20.json\t LocalFilePath: /tmp/mafdb/mafdb_c5b5a3a4bd54a110140df77527325958d257fc9b669bca89b332593540c1dc20.json\t FileSize: 273 bytes\t TransferDuration: 71.8820390000019 ms\n",
        "ingestionTime": 1745587208695,
        "eventId": "38927895483999156809622716524279767830137171343844835343"
    },
    {
        "logStreamName": "2025/04/25/[$LATEST]45080e2be53e492384cd21a09871e003",
        "timestamp": 1745587205227,
        "message": "FILE_TRANSFER RequestId: 3880bef8-93b6-418d-9198-cbebac4a17da\t TransferType: consumed\t Action: download_from_s3\t FileName: mafdb_51e18dc31f0c330513b45085a52c5ecd1e4a0a9130d2805a71368f1cbe17f65e.json\t Bucket: denethor\t FilePath: mafdb/mafdb_51e18dc31f0c330513b45085a52c5ecd1e4a0a9130d2805a71368f1cbe17f65e.json\t LocalFilePath: /tmp/mafdb/mafdb_51e18dc31f0c330513b45085a52c5ecd1e4a0a9130d2805a71368f1cbe17f65e.json\t FileSize: 314 bytes\t TransferDuration: 70.88718500006053 ms\n",
        "ingestionTime": 1745587208695,
        "eventId": "38927895485582509718718390767328803827495205010769444880"
    },
    {
        "logStreamName": "2025/04/25/[$LATEST]45080e2be53e492384cd21a09871e003",
        "timestamp": 1745587205299,
        "message": "FILE_TRANSFER RequestId: 3880bef8-93b6-418d-9198-cbebac4a17da\t TransferType: consumed\t Action: download_from_s3\t FileName: mafdb_95cfb922ebd546f21edcc627a60ea2a6235550bbba3696739fcaca409f1a0232.json\t Bucket: denethor\t FilePath: mafdb/mafdb_95cfb922ebd546f21edcc627a60ea2a6235550bbba3696739fcaca409f1a0232.json\t LocalFilePath: /tmp/mafdb/mafdb_95cfb922ebd546f21edcc627a60ea2a6235550bbba3696739fcaca409f1a0232.json\t FileSize: 273 bytes\t TransferDuration: 72.13222699999733 ms\n",
        "ingestionTime": 1745587208695,
        "eventId": "38927895487188163373012595633519375543125887039200034833"
    },
    {
        "logStreamName": "2025/04/25/[$LATEST]45080e2be53e492384cd21a09871e003",
        "timestamp": 1745587205376,
        "message": "FILE_TRANSFER RequestId: 3880bef8-93b6-418d-9198-cbebac4a17da\t TransferType: consumed\t Action: download_from_s3\t FileName: mafdb_783d326a98c97c227099cd46e1eb2739e8954c844e628390759f21e7b4e19db0.json\t Bucket: denethor\t FilePath: mafdb/mafdb_783d326a98c97c227099cd46e1eb2739e8954c844e628390759f21e7b4e19db0.json\t LocalFilePath: /tmp/mafdb/mafdb_783d326a98c97c227099cd46e1eb2739e8954c844e628390759f21e7b4e19db0.json\t FileSize: 273 bytes\t TransferDuration: 76.81776799995532 ms\n",
        "ingestionTime": 1745587208695,
        "eventId": "38927895488905320753299453615417625850119810875160526866"
    },
    {
        "logStreamName": "2025/04/25/[$LATEST]45080e2be53e492384cd21a09871e003",
        "timestamp": 1745587205436,
        "message": "FILE_TRANSFER RequestId: 3880bef8-93b6-418d-9198-cbebac4a17da\t TransferType: consumed\t Action: download_from_s3\t FileName: mafdb_e7fcb374868f23c5b66908ff13d437f525bdef064d3f7604b08f9b68087e91c4.json\t Bucket: denethor\t FilePath: mafdb/mafdb_e7fcb374868f23c5b66908ff13d437f525bdef064d3f7604b08f9b68087e91c4.json\t LocalFilePath: /tmp/mafdb/mafdb_e7fcb374868f23c5b66908ff13d437f525bdef064d3f7604b08f9b68087e91c4.json\t FileSize: 273 bytes\t TransferDuration: 59.904901999971116 ms\n",
        "ingestionTime": 1745587208695,
        "eventId": "38927895490243365465211291003909768946478712565519351827"
    },
    {
        "logStreamName": "2025/04/25/[$LATEST]45080e2be53e492384cd21a09871e003",
        "timestamp": 1745587205501,
        "message": "FILE_TRANSFER RequestId: 3880bef8-93b6-418d-9198-cbebac4a17da\t TransferType: consumed\t Action: download_from_s3\t FileName: mafdb_bdf7b87e05be228017da27afd5fd158ebe4fcf138008526635b8bcdbe380f328.json\t Bucket: denethor\t FilePath: mafdb/mafdb_bdf7b87e05be228017da27afd5fd158ebe4fcf138008526635b8bcdbe380f328.json\t LocalFilePath: /tmp/mafdb/mafdb_bdf7b87e05be228017da27afd5fd158ebe4fcf138008526635b8bcdbe380f328.json\t FileSize: 273 bytes\t TransferDuration: 64.63686899996901 ms\n",
        "ingestionTime": 1745587208695,
        "eventId": "38927895491692913903115781508109590634200856063408078868"
    },
    {
        "logStreamName": "2025/04/25/[$LATEST]45080e2be53e492384cd21a09871e003",
        "timestamp": 1745587205581,
        "message": "FILE_TRANSFER RequestId: 3880bef8-93b6-418d-9198-cbebac4a17da\t TransferType: consumed\t Action: download_from_s3\t FileName: mafdb_1d419943bc17a86fe648d8caad874862360b7c73c08c99b7c26040bc9939b002.json\t Bucket: denethor\t FilePath: mafdb/mafdb_1d419943bc17a86fe648d8caad874862360b7c73c08c99b7c26040bc9939b002.json\t LocalFilePath: /tmp/mafdb/mafdb_1d419943bc17a86fe648d8caad874862360b7c73c08c99b7c26040bc9939b002.json\t FileSize: 273 bytes\t TransferDuration: 80.50970900001175 ms\n",
        "ingestionTime": 1745587208695,
        "eventId": "38927895493476973518998231359432448096012724983886512149"
    },
    {
        "logStreamName": "2025/04/25/[$LATEST]45080e2be53e492384cd21a09871e003",
        "timestamp": 1745587205669,
        "message": "FILE_TRANSFER RequestId: 3880bef8-93b6-418d-9198-cbebac4a17da\t TransferType: consumed\t Action: download_from_s3\t FileName: mafdb_31199a0a134043b94c15114abad10433bfa58c2f87e3106720f88bf29e76f1ae.json\t Bucket: denethor\t FilePath: mafdb/mafdb_31199a0a134043b94c15114abad10433bfa58c2f87e3106720f88bf29e76f1ae.json\t LocalFilePath: /tmp/mafdb/mafdb_31199a0a134043b94c15114abad10433bfa58c2f87e3106720f88bf29e76f1ae.json\t FileSize: 273 bytes\t TransferDuration: 87.28924700005791 ms\n",
        "ingestionTime": 1745587208695,
        "eventId": "38927895495439439096468926195887591304005780796412788758"
    },
    {
        "logStreamName": "2025/04/25/[$LATEST]45080e2be53e492384cd21a09871e003",
        "timestamp": 1745587205720,
        "message": "FILE_TRANSFER RequestId: 3880bef8-93b6-418d-9198-cbebac4a17da\t TransferType: consumed\t Action: download_from_s3\t FileName: mafdb_c2a1e960932a069de5927d1067dde414f501136aba941befca2a4654e72bb08a.json\t Bucket: denethor\t FilePath: mafdb/mafdb_c2a1e960932a069de5927d1067dde414f501136aba941befca2a4654e72bb08a.json\t LocalFilePath: /tmp/mafdb/mafdb_c2a1e960932a069de5927d1067dde414f501136aba941befca2a4654e72bb08a.json\t FileSize: 273 bytes\t TransferDuration: 51.227882999910435 ms\n",
        "ingestionTime": 1745587208695,
        "eventId": "38927895496576777101593987976105912935910847233217789975"
    },
    {
        "logStreamName": "2025/04/25/[$LATEST]45080e2be53e492384cd21a09871e003",
        "timestamp": 1745587205796,
        "message": "FILE_TRANSFER RequestId: 3880bef8-93b6-418d-9198-cbebac4a17da\t TransferType: consumed\t Action: download_from_s3\t FileName: mafdb_49ad0997fa75ff9233f44bffe4f6033aaaf8676ed8f4cbac92057d25395497e6.json\t Bucket: denethor\t FilePath: mafdb/mafdb_49ad0997fa75ff9233f44bffe4f6033aaaf8676ed8f4cbac92057d25395497e6.json\t LocalFilePath: /tmp/mafdb/mafdb_49ad0997fa75ff9233f44bffe4f6033aaaf8676ed8f4cbac92057d25395497e6.json\t FileSize: 273 bytes\t TransferDuration: 75.92963199999758 ms\n",
        "ingestionTime": 1745587208695,
        "eventId": "38927895498271633736682315334862627524632122707672301592"
    },
    {
        "logStreamName": "2025/04/25/[$LATEST]45080e2be53e492384cd21a09871e003",
        "timestamp": 1745587205856,
        "message": "FILE_TRANSFER RequestId: 3880bef8-93b6-418d-9198-cbebac4a17da\t TransferType: consumed\t Action: download_from_s3\t FileName: mafdb_406ececbafe0a937f2a967e4dae5f862923efb2e1397870f6cc1ba8e050e1da7.json\t Bucket: denethor\t FilePath: mafdb/mafdb_406ececbafe0a937f2a967e4dae5f862923efb2e1397870f6cc1ba8e050e1da7.json\t LocalFilePath: /tmp/mafdb/mafdb_406ececbafe0a937f2a967e4dae5f862923efb2e1397870f6cc1ba8e050e1da7.json\t FileSize: 273 bytes\t TransferDuration: 60.075031999986095 ms\n",
        "ingestionTime": 1745587208695,
        "eventId": "38927895499609678448594152723354770620991024398031126553"
    },
    {
        "logStreamName": "2025/04/25/[$LATEST]45080e2be53e492384cd21a09871e003",
        "timestamp": 1745587205918,
        "message": "FILE_TRANSFER RequestId: 3880bef8-93b6-418d-9198-cbebac4a17da\t TransferType: consumed\t Action: download_from_s3\t FileName: mafdb_e7f2f9266538f691bae81aa42aeb881fcfc1833e62d05d9141e808a0cb0095fa.json\t Bucket: denethor\t FilePath: mafdb/mafdb_e7f2f9266538f691bae81aa42aeb881fcfc1833e62d05d9141e808a0cb0095fa.json\t LocalFilePath: /tmp/mafdb/mafdb_e7f2f9266538f691bae81aa42aeb881fcfc1833e62d05d9141e808a0cb0095fa.json\t FileSize: 273 bytes\t TransferDuration: 61.792113000024074 ms\n",
        "ingestionTime": 1745587208695,
        "eventId": "38927895500992324650903051358129985153895222811401912346"
    },
    {
        "logStreamName": "2025/04/25/[$LATEST]45080e2be53e492384cd21a09871e003",
        "timestamp": 1745587206022,
        "message": "FILE_TRANSFER RequestId: 3880bef8-93b6-418d-9198-cbebac4a17da\t TransferType: consumed\t Action: download_from_s3\t FileName: mafdb_e883ff130a9d34d26c58c15a735e96baab78aacec64abad0788f83f54423b943.json\t Bucket: denethor\t FilePath: mafdb/mafdb_e883ff130a9d34d26c58c15a735e96baab78aacec64abad0788f83f54423b943.json\t LocalFilePath: /tmp/mafdb/mafdb_e883ff130a9d34d26c58c15a735e96baab78aacec64abad0788f83f54423b943.json\t FileSize: 273 bytes\t TransferDuration: 103.94914100004371 ms\n",
        "ingestionTime": 1745587208695,
        "eventId": "38927895503311602151550236164849699854250652408023875611"
    },
    {
        "logStreamName": "2025/04/25/[$LATEST]45080e2be53e492384cd21a09871e003",
        "timestamp": 1745587206094,
        "message": "FILE_TRANSFER RequestId: 3880bef8-93b6-418d-9198-cbebac4a17da\t TransferType: consumed\t Action: download_from_s3\t FileName: mafdb_d215ba5497d3d3be2e105b2328e50bdccf602b7e0745016c80fa6f9913e5432f.json\t Bucket: denethor\t FilePath: mafdb/mafdb_d215ba5497d3d3be2e105b2328e50bdccf602b7e0745016c80fa6f9913e5432f.json\t LocalFilePath: /tmp/mafdb/mafdb_d215ba5497d3d3be2e105b2328e50bdccf602b7e0745016c80fa6f9913e5432f.json\t FileSize: 273 bytes\t TransferDuration: 71.76815899993017 ms\n",
        "ingestionTime": 1745587208695,
        "eventId": "38927895504917255805844441031040271569881334436454465564"
    },
    {
        "logStreamName": "2025/04/25/[$LATEST]45080e2be53e492384cd21a09871e003",
        "timestamp": 1745587206140,
        "message": "FILE_TRANSFER RequestId: 3880bef8-93b6-418d-9198-cbebac4a17da\t TransferType: consumed\t Action: download_from_s3\t FileName: mafdb_f871e6272680ce0853ce488fc481f480aa4e243fa14dd104803b05fb209cf094.json\t Bucket: denethor\t FilePath: mafdb/mafdb_f871e6272680ce0853ce488fc481f480aa4e243fa14dd104803b05fb209cf094.json\t LocalFilePath: /tmp/mafdb/mafdb_f871e6272680ce0853ce488fc481f480aa4e243fa14dd104803b05fb209cf094.json\t FileSize: 273 bytes\t TransferDuration: 46.729980000009164 ms\n",
        "ingestionTime": 1745587208695,
        "eventId": "38927895505943090084976849695550914610423159065729564701"
    },
    {
        "logStreamName": "2025/04/25/[$LATEST]45080e2be53e492384cd21a09871e003",
        "timestamp": 1745587206220,
        "message": "FILE_TRANSFER RequestId: 3880bef8-93b6-418d-9198-cbebac4a17da\t TransferType: consumed\t Action: download_from_s3\t FileName: mafdb_2ff7bb92e85df3f56dc7f35d3ca7b2bd150b675386145658d2fca63a9e2a3805.json\t Bucket: denethor\t FilePath: mafdb/mafdb_2ff7bb92e85df3f56dc7f35d3ca7b2bd150b675386145658d2fca63a9e2a3805.json\t LocalFilePath: /tmp/mafdb/mafdb_2ff7bb92e85df3f56dc7f35d3ca7b2bd150b675386145658d2fca63a9e2a3805.json\t FileSize: 273 bytes\t TransferDuration: 79.78954899999735 ms\n",
        "ingestionTime": 1745587208695,
        "eventId": "38927895507727149700859299546873772072235027986207997982"
    },
    {
        "logStreamName": "2025/04/25/[$LATEST]45080e2be53e492384cd21a09871e003",
        "timestamp": 1745587206287,
        "message": "FILE_TRANSFER RequestId: 3880bef8-93b6-418d-9198-cbebac4a17da\t TransferType: consumed\t Action: download_from_s3\t FileName: mafdb_47fb2615fc585137c90363d35106c9022fdcc722571f7ed6d93a0e213c75c760.json\t Bucket: denethor\t FilePath: mafdb/mafdb_47fb2615fc585137c90363d35106c9022fdcc722571f7ed6d93a0e213c75c760.json\t LocalFilePath: /tmp/mafdb/mafdb_47fb2615fc585137c90363d35106c9022fdcc722571f7ed6d93a0e213c75c760.json\t FileSize: 273 bytes\t TransferDuration: 67.04912600002899 ms\n",
        "ingestionTime": 1745587208695,
        "eventId": "38927895509221299629160851297356665196502468207108685855"
    },
    {
        "logStreamName": "2025/04/25/[$LATEST]45080e2be53e492384cd21a09871e003",
        "timestamp": 1745587206356,
        "message": "FILE_TRANSFER RequestId: 3880bef8-93b6-418d-9198-cbebac4a17da\t TransferType: consumed\t Action: download_from_s3\t FileName: mafdb_68e664a9a27eba1488202e5ea16bb79aee50d9c2456068b25a29d7ca46c1450f.json\t Bucket: denethor\t FilePath: mafdb/mafdb_68e664a9a27eba1488202e5ea16bb79aee50d9c2456068b25a29d7ca46c1450f.json\t LocalFilePath: /tmp/mafdb/mafdb_68e664a9a27eba1488202e5ea16bb79aee50d9c2456068b25a29d7ca46c1450f.json\t FileSize: 273 bytes\t TransferDuration: 68.48392299991701 ms\n",
        "ingestionTime": 1745587208695,
        "eventId": "38927895510760051047859464294122629757315205151021334560"
    },
    {
        "logStreamName": "2025/04/25/[$LATEST]45080e2be53e492384cd21a09871e003",
        "timestamp": 1745587206460,
        "message": "FILE_TRANSFER RequestId: 3880bef8-93b6-418d-9198-cbebac4a17da\t TransferType: consumed\t Action: download_from_s3\t FileName: mafdb_f6c9786df6a492206e55eb3d3911d34dbd753bfef23be22d8635d72135a7fbc7.json\t Bucket: denethor\t FilePath: mafdb/mafdb_f6c9786df6a492206e55eb3d3911d34dbd753bfef23be22d8635d72135a7fbc7.json\t LocalFilePath: /tmp/mafdb/mafdb_f6c9786df6a492206e55eb3d3911d34dbd753bfef23be22d8635d72135a7fbc7.json\t FileSize: 273 bytes\t TransferDuration: 104.26421299996491 ms\n",
        "ingestionTime": 1745587208695,
        "eventId": "38927895513079328548506649100842344457670634747643297825"
    },
    {
        "logStreamName": "2025/04/25/[$LATEST]45080e2be53e492384cd21a09871e003",
        "timestamp": 1745587206536,
        "message": "FILE_TRANSFER RequestId: 3880bef8-93b6-418d-9198-cbebac4a17da\t TransferType: consumed\t Action: download_from_s3\t FileName: mafdb_87129d44586b87142d9940a8b1bdbebcfa7b0454f32076964711670e9940a5bc.json\t Bucket: denethor\t FilePath: mafdb/mafdb_87129d44586b87142d9940a8b1bdbebcfa7b0454f32076964711670e9940a5bc.json\t LocalFilePath: /tmp/mafdb/mafdb_87129d44586b87142d9940a8b1bdbebcfa7b0454f32076964711670e9940a5bc.json\t FileSize: 273 bytes\t TransferDuration: 75.59241799992833 ms\n",
        "ingestionTime": 1745587208695,
        "eventId": "38927895514774185183594976459599059046391910222097809442"
    },
    {
        "logStreamName": "2025/04/25/[$LATEST]45080e2be53e492384cd21a09871e003",
        "timestamp": 1745587206604,
        "message": "FILE_TRANSFER RequestId: 3880bef8-93b6-418d-9198-cbebac4a17da\t TransferType: consumed\t Action: download_from_s3\t FileName: mafdb_ffac685782ba2ceabfc02088f70f3473d570818cc3d9c58c8979a425bc171247.json\t Bucket: denethor\t FilePath: mafdb/mafdb_ffac685782ba2ceabfc02088f70f3473d570818cc3d9c58c8979a425bc171247.json\t LocalFilePath: /tmp/mafdb/mafdb_ffac685782ba2ceabfc02088f70f3473d570818cc3d9c58c8979a425bc171247.json\t FileSize: 273 bytes\t TransferDuration: 68.09182699998928 ms\n",
        "ingestionTime": 1745587208695,
        "eventId": "38927895516290635857095058833223487888931998804504477731"
    },
    {
        "logStreamName": "2025/04/25/[$LATEST]45080e2be53e492384cd21a09871e003",
        "timestamp": 1745587206683,
        "message": "FILE_TRANSFER RequestId: 3880bef8-93b6-418d-9198-cbebac4a17da\t TransferType: consumed\t Action: download_from_s3\t FileName: mafdb_42b7a1940d80c9e5d1a1eb427219fad89ed0198775d719cc0f6171541419e487.json\t Bucket: denethor\t FilePath: mafdb/mafdb_42b7a1940d80c9e5d1a1eb427219fad89ed0198775d719cc0f6171541419e487.json\t LocalFilePath: /tmp/mafdb/mafdb_42b7a1940d80c9e5d1a1eb427219fad89ed0198775d719cc0f6171541419e487.json\t FileSize: 273 bytes\t TransferDuration: 79.2646559999639 ms\n",
        "ingestionTime": 1745587208695,
        "eventId": "38927895518052394727778978061404809632471219363476930596"
    },
    {
        "logStreamName": "2025/04/25/[$LATEST]45080e2be53e492384cd21a09871e003",
        "timestamp": 1745587206739,
        "message": "FILE_TRANSFER RequestId: 3880bef8-93b6-418d-9198-cbebac4a17da\t TransferType: consumed\t Action: download_from_s3\t FileName: mafdb_d7e79060050e13568977fc2c739b9eddf447a0cefe974cf809a00c1179f02def.json\t Bucket: denethor\t FilePath: mafdb/mafdb_d7e79060050e13568977fc2c739b9eddf447a0cefe974cf809a00c1179f02def.json\t LocalFilePath: /tmp/mafdb/mafdb_d7e79060050e13568977fc2c739b9eddf447a0cefe974cf809a00c1179f02def.json\t FileSize: 273 bytes\t TransferDuration: 55.665332999979 ms\n",
        "ingestionTime": 1745587208695,
        "eventId": "38927895519301236458896692957330809855739527607811833893"
    },
    {
        "logStreamName": "2025/04/25/[$LATEST]45080e2be53e492384cd21a09871e003",
        "timestamp": 1745587206799,
        "message": "FILE_TRANSFER RequestId: 3880bef8-93b6-418d-9198-cbebac4a17da\t TransferType: consumed\t Action: download_from_s3\t FileName: mafdb_b61e3844996fd21e45a7d054f79694e53c5aede5327c90900ed7183119a56bfb.json\t Bucket: denethor\t FilePath: mafdb/mafdb_b61e3844996fd21e45a7d054f79694e53c5aede5327c90900ed7183119a56bfb.json\t LocalFilePath: /tmp/mafdb/mafdb_b61e3844996fd21e45a7d054f79694e53c5aede5327c90900ed7183119a56bfb.json\t FileSize: 273 bytes\t TransferDuration: 59.69013599997197 ms\n",
        "ingestionTime": 1745587208695,
        "eventId": "38927895520639281170808530345822952952098429298170658854"
    },
    {
        "logStreamName": "2025/04/25/[$LATEST]45080e2be53e492384cd21a09871e003",
        "timestamp": 1745587206876,
        "message": "FILE_TRANSFER RequestId: 3880bef8-93b6-418d-9198-cbebac4a17da\t TransferType: consumed\t Action: download_from_s3\t FileName: mafdb_29c4ddd140d117364cadffd440f0642c27bbc2412f4567e0cb32891cc3ef36a1.json\t Bucket: denethor\t FilePath: mafdb/mafdb_29c4ddd140d117364cadffd440f0642c27bbc2412f4567e0cb32891cc3ef36a1.json\t LocalFilePath: /tmp/mafdb/mafdb_29c4ddd140d117364cadffd440f0642c27bbc2412f4567e0cb32891cc3ef36a1.json\t FileSize: 273 bytes\t TransferDuration: 76.96469999996225 ms\n",
        "ingestionTime": 1745587208695,
        "eventId": "38927895522356438551095388327721203259092353134131150887"
    },
    {
        "logStreamName": "2025/04/25/[$LATEST]45080e2be53e492384cd21a09871e003",
        "timestamp": 1745587206957,
        "message": "FILE_TRANSFER RequestId: 3880bef8-93b6-418d-9198-cbebac4a17da\t TransferType: consumed\t Action: download_from_s3\t FileName: mafdb_4626fea2abf7ed35f5f28026640ab18610584687978217b1f40af22fe37f6572.json\t Bucket: denethor\t FilePath: mafdb/mafdb_4626fea2abf7ed35f5f28026640ab18610584687978217b1f40af22fe37f6572.json\t LocalFilePath: /tmp/mafdb/mafdb_4626fea2abf7ed35f5f28026640ab18610584687978217b1f40af22fe37f6572.json\t FileSize: 273 bytes\t TransferDuration: 80.68591999995078 ms\n",
        "ingestionTime": 1745587208695,
        "eventId": "38927895524162798912176368802185596439176870416115564584"
    },
    {
        "logStreamName": "2025/04/25/[$LATEST]45080e2be53e492384cd21a09871e003",
        "timestamp": 1745587207085,
        "message": "FILE_TRANSFER RequestId: 3880bef8-93b6-418d-9198-cbebac4a17da\t TransferType: consumed\t Action: download_from_s3\t FileName: mafdb_445b1fba33e16cd436442a3a77bf395f50fd97b749d80a4ea1cdfce773bb0774.json\t Bucket: denethor\t FilePath: mafdb/mafdb_445b1fba33e16cd436442a3a77bf395f50fd97b749d80a4ea1cdfce773bb0774.json\t LocalFilePath: /tmp/mafdb/mafdb_445b1fba33e16cd436442a3a77bf395f50fd97b749d80a4ea1cdfce773bb0774.json\t FileSize: 273 bytes\t TransferDuration: 127.79470299994955 ms\n",
        "ingestionTime": 1745587208695,
        "eventId": "38927895527017294297588288564302168378075860688881057833"
    },
    {
        "logStreamName": "2025/04/25/[$LATEST]45080e2be53e492384cd21a09871e003",
        "timestamp": 1745587207140,
        "message": "FILE_TRANSFER RequestId: 3880bef8-93b6-418d-9198-cbebac4a17da\t TransferType: consumed\t Action: download_from_s3\t FileName: mafdb_7aa0e0772e1c689c49550813d4d69f69cf00ce1c31ded8e93e9d062016b4ea81.json\t Bucket: denethor\t FilePath: mafdb/mafdb_7aa0e0772e1c689c49550813d4d69f69cf00ce1c31ded8e93e9d062016b4ea81.json\t LocalFilePath: /tmp/mafdb/mafdb_7aa0e0772e1c689c49550813d4d69f69cf00ce1c31ded8e93e9d062016b4ea81.json\t FileSize: 273 bytes\t TransferDuration: 55.55171200001041 ms\n",
        "ingestionTime": 1745587208695,
        "eventId": "38927895528243835283507472837086632883071520571709980714"
    },
    {
        "logStreamName": "2025/04/25/[$LATEST]45080e2be53e492384cd21a09871e003",
        "timestamp": 1745587207216,
        "message": "FILE_TRANSFER RequestId: 3880bef8-93b6-418d-9198-cbebac4a17da\t TransferType: consumed\t Action: download_from_s3\t FileName: mafdb_a10de1e435f46b875ce088b70edd639bb15f15e47181e4a02fd1d3279f474a75.json\t Bucket: denethor\t FilePath: mafdb/mafdb_a10de1e435f46b875ce088b70edd639bb15f15e47181e4a02fd1d3279f474a75.json\t LocalFilePath: /tmp/mafdb/mafdb_a10de1e435f46b875ce088b70edd639bb15f15e47181e4a02fd1d3279f474a75.json\t FileSize: 273 bytes\t TransferDuration: 75.68006799999694 ms\n",
        "ingestionTime": 1745587208695,
        "eventId": "38927895529938691918595800195843347471792796046164492331"
    },
    {
        "logStreamName": "2025/04/25/[$LATEST]45080e2be53e492384cd21a09871e003",
        "timestamp": 1745587207291,
        "message": "FILE_TRANSFER RequestId: 3880bef8-93b6-418d-9198-cbebac4a17da\t TransferType: consumed\t Action: download_from_s3\t FileName: mafdb_e61287967464938dd8658e2b6f8063c95a2a8288b950145c07d8cd279f06fe96.json\t Bucket: denethor\t FilePath: mafdb/mafdb_e61287967464938dd8658e2b6f8063c95a2a8288b950145c07d8cd279f06fe96.json\t LocalFilePath: /tmp/mafdb/mafdb_e61287967464938dd8658e2b6f8063c95a2a8288b950145c07d8cd279f06fe96.json\t FileSize: 232 bytes\t TransferDuration: 74.5276019999892 ms\n",
        "ingestionTime": 1745587208695,
        "eventId": "38927895531611247808485596931458526342241423159113023532"
    },
    {
        "logStreamName": "2025/04/25/[$LATEST]45080e2be53e492384cd21a09871e003",
        "timestamp": 1745587207368,
        "message": "FILE_TRANSFER RequestId: 3880bef8-93b6-418d-9198-cbebac4a17da\t TransferType: consumed\t Action: download_from_s3\t FileName: mafdb_45d317fa4103ebc6a5ca76d68fd00bce02d7a5f088e6155430a660f0514147a3.json\t Bucket: denethor\t FilePath: mafdb/mafdb_45d317fa4103ebc6a5ca76d68fd00bce02d7a5f088e6155430a660f0514147a3.json\t LocalFilePath: /tmp/mafdb/mafdb_45d317fa4103ebc6a5ca76d68fd00bce02d7a5f088e6155430a660f0514147a3.json\t FileSize: 232 bytes\t TransferDuration: 77.2960660000308 ms\n",
        "ingestionTime": 1745587208695,
        "eventId": "38927895533328405188772454913356776649235346995073515565"
    },
    {
        "logStreamName": "2025/04/25/[$LATEST]45080e2be53e492384cd21a09871e003",
        "timestamp": 1745587207436,
        "message": "FILE_TRANSFER RequestId: 3880bef8-93b6-418d-9198-cbebac4a17da\t TransferType: consumed\t Action: download_from_s3\t FileName: mafdb_953e1a111e13fbeb681f915778ac824e009ef79d64fc7cfa76e6c118a64274b0.json\t Bucket: denethor\t FilePath: mafdb/mafdb_953e1a111e13fbeb681f915778ac824e009ef79d64fc7cfa76e6c118a64274b0.json\t LocalFilePath: /tmp/mafdb/mafdb_953e1a111e13fbeb681f915778ac824e009ef79d64fc7cfa76e6c118a64274b0.json\t FileSize: 232 bytes\t TransferDuration: 68.49378999993405 ms\n",
        "ingestionTime": 1745587208695,
        "eventId": "38927895534844855862272537286981205491775435577480183854"
    },
    {
        "logStreamName": "2025/04/25/[$LATEST]45080e2be53e492384cd21a09871e003",
        "timestamp": 1745587207503,
        "message": "FILE_TRANSFER RequestId: 3880bef8-93b6-418d-9198-cbebac4a17da\t TransferType: consumed\t Action: download_from_s3\t FileName: mafdb_dd5bb0860cd8cfcf1de73c7e51fea56058e02019372b37c0fbe797a9a837ad38.json\t Bucket: denethor\t FilePath: mafdb/mafdb_dd5bb0860cd8cfcf1de73c7e51fea56058e02019372b37c0fbe797a9a837ad38.json\t LocalFilePath: /tmp/mafdb/mafdb_dd5bb0860cd8cfcf1de73c7e51fea56058e02019372b37c0fbe797a9a837ad38.json\t FileSize: 232 bytes\t TransferDuration: 66.49148700000751 ms\n",
        "ingestionTime": 1745587208695,
        "eventId": "38927895536339005790574089037464098616042875798380871727"
    },
    {
        "logStreamName": "2025/04/25/[$LATEST]45080e2be53e492384cd21a09871e003",
        "timestamp": 1745587207583,
        "message": "FILE_TRANSFER RequestId: 3880bef8-93b6-418d-9198-cbebac4a17da\t TransferType: consumed\t Action: download_from_s3\t FileName: mafdb_4a69772641578ec2d1db9c6dd1aabd576f4015e01037c89e4cf54545772984e3.json\t Bucket: denethor\t FilePath: mafdb/mafdb_4a69772641578ec2d1db9c6dd1aabd576f4015e01037c89e4cf54545772984e3.json\t LocalFilePath: /tmp/mafdb/mafdb_4a69772641578ec2d1db9c6dd1aabd576f4015e01037c89e4cf54545772984e3.json\t FileSize: 232 bytes\t TransferDuration: 79.72468299999491 ms\n",
        "ingestionTime": 1745587208695,
        "eventId": "38927895538123065406456538888786956077854744718859305008"
    },
    {
        "logStreamName": "2025/04/25/[$LATEST]45080e2be53e492384cd21a09871e003",
        "timestamp": 1745587207644,
        "message": "FILE_TRANSFER RequestId: 3880bef8-93b6-418d-9198-cbebac4a17da\t TransferType: consumed\t Action: download_from_s3\t FileName: mafdb_f15d6d133941e8137799af5c1c04fc577dd74e96149a2ccd80e4f571114f20e3.json\t Bucket: denethor\t FilePath: mafdb/mafdb_f15d6d133941e8137799af5c1c04fc577dd74e96149a2ccd80e4f571114f20e3.json\t LocalFilePath: /tmp/mafdb/mafdb_f15d6d133941e8137799af5c1c04fc577dd74e96149a2ccd80e4f571114f20e3.json\t FileSize: 232 bytes\t TransferDuration: 61.232891000031486 ms\n",
        "ingestionTime": 1745587208695,
        "eventId": "38927895539483410863566906900420634892486294770724110385"
    },
    {
        "logStreamName": "2025/04/25/[$LATEST]45080e2be53e492384cd21a09871e003",
        "timestamp": 1745587207722,
        "message": "FILE_TRANSFER RequestId: 3880bef8-93b6-418d-9198-cbebac4a17da\t TransferType: consumed\t Action: download_from_s3\t FileName: mafdb_f6df04e8133221cbf519260251139ebd37c34febe492851dd4458992bca83c94.json\t Bucket: denethor\t FilePath: mafdb/mafdb_f6df04e8133221cbf519260251139ebd37c34febe492851dd4458992bca83c94.json\t LocalFilePath: /tmp/mafdb/mafdb_f6df04e8133221cbf519260251139ebd37c34febe492851dd4458992bca83c94.json\t FileSize: 232 bytes\t TransferDuration: 77.69791199996234 ms\n",
        "ingestionTime": 1745587208695,
        "eventId": "38927895541222868989052295505460420917752866968190582834"
    },
    {
        "logStreamName": "2025/04/25/[$LATEST]45080e2be53e492384cd21a09871e003",
        "timestamp": 1745587207778,
        "message": "FILE_TRANSFER RequestId: 3880bef8-93b6-418d-9198-cbebac4a17da\t TransferType: consumed\t Action: download_from_s3\t FileName: mafdb_6f51ab0e641bb384954092390e08d5f95ec4531f17a7dfba439beb3259e5929a.json\t Bucket: denethor\t FilePath: mafdb/mafdb_6f51ab0e641bb384954092390e08d5f95ec4531f17a7dfba439beb3259e5929a.json\t LocalFilePath: /tmp/mafdb/mafdb_6f51ab0e641bb384954092390e08d5f95ec4531f17a7dfba439beb3259e5929a.json\t FileSize: 232 bytes\t TransferDuration: 55.73202699997637 ms\n",
        "ingestionTime": 1745587208695,
        "eventId": "38927895542471710720170010401386421141021175212525486131"
    },
    {
        "logStreamName": "2025/04/25/[$LATEST]45080e2be53e492384cd21a09871e003",
        "timestamp": 1745587207856,
        "message": "FILE_TRANSFER RequestId: 3880bef8-93b6-418d-9198-cbebac4a17da\t TransferType: consumed\t Action: download_from_s3\t FileName: mafdb_fac1936d51dfedc6b2390b5bce6179113332479afc4a5757defe3114aec8f0bb.json\t Bucket: denethor\t FilePath: mafdb/mafdb_fac1936d51dfedc6b2390b5bce6179113332479afc4a5757defe3114aec8f0bb.json\t LocalFilePath: /tmp/mafdb/mafdb_fac1936d51dfedc6b2390b5bce6179113332479afc4a5757defe3114aec8f0bb.json\t FileSize: 232 bytes\t TransferDuration: 78.29819500000212 ms\n",
        "ingestionTime": 1745587208695,
        "eventId": "38927895544211168845655399006426207166287747409991958580"
    },
    {
        "logStreamName": "2025/04/25/[$LATEST]45080e2be53e492384cd21a09871e003",
        "timestamp": 1745587208004,
        "message": "FILE_TRANSFER RequestId: 3880bef8-93b6-418d-9198-cbebac4a17da\t TransferType: consumed\t Action: download_from_s3\t FileName: mafdb_715bea8166387785654d4817b63af51d4368d79e15da6d3149784cf360d76eaa.json\t Bucket: denethor\t FilePath: mafdb/mafdb_715bea8166387785654d4817b63af51d4368d79e15da6d3149784cf360d76eaa.json\t LocalFilePath: /tmp/mafdb/mafdb_715bea8166387785654d4817b63af51d4368d79e15da6d3149784cf360d76eaa.json\t FileSize: 232 bytes\t TransferDuration: 147.9016150000234 ms\n",
        "ingestionTime": 1745587208695,
        "eventId": "38927895547511679135037931231373493470639704912877060149"
    },
    {
        "logStreamName": "2025/04/25/[$LATEST]45080e2be53e492384cd21a09871e003",
        "timestamp": 1745587208059,
        "message": "FILE_TRANSFER RequestId: 3880bef8-93b6-418d-9198-cbebac4a17da\t TransferType: consumed\t Action: download_from_s3\t FileName: mafdb_37f48e1b859b9b0ccb1d3918e3547c15f7c27b9cfc7ada49018043d3593d2b30.json\t Bucket: denethor\t FilePath: mafdb/mafdb_37f48e1b859b9b0ccb1d3918e3547c15f7c27b9cfc7ada49018043d3593d2b30.json\t LocalFilePath: /tmp/mafdb/mafdb_37f48e1b859b9b0ccb1d3918e3547c15f7c27b9cfc7ada49018043d3593d2b30.json\t FileSize: 232 bytes\t TransferDuration: 54.67187300007481 ms\n",
        "ingestionTime": 1745587208695,
        "eventId": "38927895548738220120957115504157957975635364795705983030"
    },
    {
        "logStreamName": "2025/04/25/[$LATEST]45080e2be53e492384cd21a09871e003",
        "timestamp": 1745587208140,
        "message": "FILE_TRANSFER RequestId: 3880bef8-93b6-418d-9198-cbebac4a17da\t TransferType: consumed\t Action: download_from_s3\t FileName: mafdb_e55488255b1fbcc9aaabaac963dff236ce30a48f048179f2652bf6431063cf4b.json\t Bucket: denethor\t FilePath: mafdb/mafdb_e55488255b1fbcc9aaabaac963dff236ce30a48f048179f2652bf6431063cf4b.json\t LocalFilePath: /tmp/mafdb/mafdb_e55488255b1fbcc9aaabaac963dff236ce30a48f048179f2652bf6431063cf4b.json\t FileSize: 232 bytes\t TransferDuration: 80.92050999994171 ms\n",
        "ingestionTime": 1745587208695,
        "eventId": "38927895550544580482038095978622351155719882077690396727"
    },
    {
        "logStreamName": "2025/04/25/[$LATEST]45080e2be53e492384cd21a09871e003",
        "timestamp": 1745587208205,
        "message": "FILE_TRANSFER RequestId: 3880bef8-93b6-418d-9198-cbebac4a17da\t TransferType: consumed\t Action: download_from_s3\t FileName: mafdb_5622c4af29c03a55db15361b96ebd57532e3d5deb3791cbd1444627fe1ca62ba.json\t Bucket: denethor\t FilePath: mafdb/mafdb_5622c4af29c03a55db15361b96ebd57532e3d5deb3791cbd1444627fe1ca62ba.json\t LocalFilePath: /tmp/mafdb/mafdb_5622c4af29c03a55db15361b96ebd57532e3d5deb3791cbd1444627fe1ca62ba.json\t FileSize: 232 bytes\t TransferDuration: 65.52921200000128 ms\n",
        "ingestionTime": 1745587208695,
        "eventId": "38927895551994128919942586482822172843442025575579123768"
    },
    {
        "logStreamName": "2025/04/25/[$LATEST]45080e2be53e492384cd21a09871e003",
        "timestamp": 1745587208314,
        "message": "FILE_TRANSFER RequestId: 3880bef8-93b6-418d-9198-cbebac4a17da\t TransferType: consumed\t Action: download_from_s3\t FileName: mafdb_baef90e470015ad8cbd57d9f360bf7d85807b59e2cd60cbcd58c003293486741.json\t Bucket: denethor\t FilePath: mafdb/mafdb_baef90e470015ad8cbd57d9f360bf7d85807b59e2cd60cbcd58c003293486741.json\t LocalFilePath: /tmp/mafdb/mafdb_baef90e470015ad8cbd57d9f360bf7d85807b59e2cd60cbcd58c003293486741.json\t FileSize: 232 bytes\t TransferDuration: 108.5552889999235 ms\n",
        "ingestionTime": 1745587208695,
        "eventId": "38927895554424910146582424405249566135160696979730989113"
    },
    {
        "logStreamName": "2025/04/25/[$LATEST]45080e2be53e492384cd21a09871e003",
        "timestamp": 1745587208375,
        "message": "FILE_TRANSFER RequestId: 3880bef8-93b6-418d-9198-cbebac4a17da\t TransferType: consumed\t Action: download_from_s3\t FileName: mafdb_44786d15636736367c1c71748c6f6ad88c51a0acf9651aa1d2aab053f2b49895.json\t Bucket: denethor\t FilePath: mafdb/mafdb_44786d15636736367c1c71748c6f6ad88c51a0acf9651aa1d2aab053f2b49895.json\t LocalFilePath: /tmp/mafdb/mafdb_44786d15636736367c1c71748c6f6ad88c51a0acf9651aa1d2aab053f2b49895.json\t FileSize: 232 bytes\t TransferDuration: 60.71789700001773 ms\n",
        "ingestionTime": 1745587208695,
        "eventId": "38927895555785255603692792416883244949792247031595794490"
    },
    {
        "logStreamName": "2025/04/25/[$LATEST]45080e2be53e492384cd21a09871e003",
        "timestamp": 1745587208445,
        "message": "FILE_TRANSFER RequestId: 3880bef8-93b6-418d-9198-cbebac4a17da\t TransferType: consumed\t Action: download_from_s3\t FileName: mafdb_050eb4506b88aa955760b80fe61fa5f2dc7867810f3fd968c62f0f2b1721b84a.json\t Bucket: denethor\t FilePath: mafdb/mafdb_050eb4506b88aa955760b80fe61fa5f2dc7867810f3fd968c62f0f2b1721b84a.json\t LocalFilePath: /tmp/mafdb/mafdb_050eb4506b88aa955760b80fe61fa5f2dc7867810f3fd968c62f0f2b1721b84a.json\t FileSize: 232 bytes\t TransferDuration: 70.35206500006552 ms\n",
        "ingestionTime": 1745587208695,
        "eventId": "38927895557346307767589936036790745228877632337014423611"
    },
    {
        "logStreamName": "2025/04/25/[$LATEST]45080e2be53e492384cd21a09871e003",
        "timestamp": 1745587208515,
        "message": "FILE_TRANSFER RequestId: 3880bef8-93b6-418d-9198-cbebac4a17da\t TransferType: consumed\t Action: download_from_s3\t FileName: mafdb_4294147453f0881ff5d40ffeafab616f4bd8a7ba876322d7a55e79a2b54c515e.json\t Bucket: denethor\t FilePath: mafdb/mafdb_4294147453f0881ff5d40ffeafab616f4bd8a7ba876322d7a55e79a2b54c515e.json\t LocalFilePath: /tmp/mafdb/mafdb_4294147453f0881ff5d40ffeafab616f4bd8a7ba876322d7a55e79a2b54c515e.json\t FileSize: 232 bytes\t TransferDuration: 70.37782800000514 ms\n",
        "ingestionTime": 1745587208695,
        "eventId": "38927895558907359931487079656698245507963017642433052732"
    },
    {
        "logStreamName": "2025/04/25/[$LATEST]45080e2be53e492384cd21a09871e003",
        "timestamp": 1745587208578,
        "message": "FILE_TRANSFER RequestId: 3880bef8-93b6-418d-9198-cbebac4a17da\t TransferType: consumed\t Action: download_from_s3\t FileName: mafdb_605d104cfc6518c6e800159628fbe1a7412ae8cd691423eaa1505e85821ecac9.json\t Bucket: denethor\t FilePath: mafdb/mafdb_605d104cfc6518c6e800159628fbe1a7412ae8cd691423eaa1505e85821ecac9.json\t LocalFilePath: /tmp/mafdb/mafdb_605d104cfc6518c6e800159628fbe1a7412ae8cd691423eaa1505e85821ecac9.json\t FileSize: 232 bytes\t TransferDuration: 62.63844199997948 ms\n",
        "ingestionTime": 1745587208695,
        "eventId": "38927895560312306878994508914614995759139864417309818941"
    },
    {
        "logStreamName": "2025/04/25/[$LATEST]45080e2be53e492384cd21a09871e003",
        "timestamp": 1745587208662,
        "message": "FILE_TRANSFER RequestId: 3880bef8-93b6-418d-9198-cbebac4a17da\t TransferType: consumed\t Action: download_from_s3\t FileName: mafdb_07f2663350ea1ac790cef8d65d693e9f9a8a7ff3d9613fcbba8694ef3a437497.json\t Bucket: denethor\t FilePath: mafdb/mafdb_07f2663350ea1ac790cef8d65d693e9f9a8a7ff3d9613fcbba8694ef3a437497.json\t LocalFilePath: /tmp/mafdb/mafdb_07f2663350ea1ac790cef8d65d693e9f9a8a7ff3d9613fcbba8694ef3a437497.json\t FileSize: 232 bytes\t TransferDuration: 83.81430899999032 ms\n",
        "ingestionTime": 1745587217685,
        "eventId": "38927895562185569475671081269372257062205556652341395456"
    },
    {
        "logStreamName": "2025/04/25/[$LATEST]45080e2be53e492384cd21a09871e003",
        "timestamp": 1745587208718,
        "message": "FILE_TRANSFER RequestId: 3880bef8-93b6-418d-9198-cbebac4a17da\t TransferType: consumed\t Action: download_from_s3\t FileName: mafdb_8fcd7595555ece58e0a06c2001637a9999683df07ff0bb320faaf120f0012491.json\t Bucket: denethor\t FilePath: mafdb/mafdb_8fcd7595555ece58e0a06c2001637a9999683df07ff0bb320faaf120f0012491.json\t LocalFilePath: /tmp/mafdb/mafdb_8fcd7595555ece58e0a06c2001637a9999683df07ff0bb320faaf120f0012491.json\t FileSize: 232 bytes\t TransferDuration: 55.52194300003066 ms\n",
        "ingestionTime": 1745587217685,
        "eventId": "38927895563434411206788796165298257285473864896676298753"
    },
    {
        "logStreamName": "2025/04/25/[$LATEST]45080e2be53e492384cd21a09871e003",
        "timestamp": 1745587208811,
        "message": "FILE_TRANSFER RequestId: 3880bef8-93b6-418d-9198-cbebac4a17da\t TransferType: consumed\t Action: download_from_s3\t FileName: mafdb_bbfa141f6d386c293116f72d99a69176e8fb9e24cdaec03b209b077478ad859d.json\t Bucket: denethor\t FilePath: mafdb/mafdb_bbfa141f6d386c293116f72d99a69176e8fb9e24cdaec03b209b077478ad859d.json\t LocalFilePath: /tmp/mafdb/mafdb_bbfa141f6d386c293116f72d99a69176e8fb9e24cdaec03b209b077478ad859d.json\t FileSize: 232 bytes\t TransferDuration: 92.8308489999381 ms\n",
        "ingestionTime": 1745587217685,
        "eventId": "38927895565508380510252144117461079084830162516732477442"
    },
    {
        "logStreamName": "2025/04/25/[$LATEST]45080e2be53e492384cd21a09871e003",
        "timestamp": 1745587208911,
        "message": "FILE_TRANSFER RequestId: 3880bef8-93b6-418d-9198-cbebac4a17da\t TransferType: consumed\t Action: download_from_s3\t FileName: mafdb_f4fb8761643a453074d9572d96789515b973db43273265bfc07d10c2b3697e6d.json\t Bucket: denethor\t FilePath: mafdb/mafdb_f4fb8761643a453074d9572d96789515b973db43273265bfc07d10c2b3697e6d.json\t LocalFilePath: /tmp/mafdb/mafdb_f4fb8761643a453074d9572d96789515b973db43273265bfc07d10c2b3697e6d.json\t FileSize: 232 bytes\t TransferDuration: 100.14995599999565 ms\n",
        "ingestionTime": 1745587217685,
        "eventId": "38927895567738455030105206431614650912094998667330519043"
    },
    {
        "logStreamName": "2025/04/25/[$LATEST]45080e2be53e492384cd21a09871e003",
        "timestamp": 1745587208963,
        "message": "FILE_TRANSFER RequestId: 3880bef8-93b6-418d-9198-cbebac4a17da\t TransferType: consumed\t Action: download_from_s3\t FileName: mafdb_a2b1b534b2611b710744fb6756c33616a3588ee03d8aa6972d23e492b2c485de.json\t Bucket: denethor\t FilePath: mafdb/mafdb_a2b1b534b2611b710744fb6756c33616a3588ee03d8aa6972d23e492b2c485de.json\t LocalFilePath: /tmp/mafdb/mafdb_a2b1b534b2611b710744fb6756c33616a3588ee03d8aa6972d23e492b2c485de.json\t FileSize: 232 bytes\t TransferDuration: 52.64892599996074 ms\n",
        "ingestionTime": 1745587217685,
        "eventId": "38927895568898093780428798834974508262272713465641500676"
    },
    {
        "logStreamName": "2025/04/25/[$LATEST]45080e2be53e492384cd21a09871e003",
        "timestamp": 1745587209041,
        "message": "FILE_TRANSFER RequestId: 3880bef8-93b6-418d-9198-cbebac4a17da\t TransferType: consumed\t Action: download_from_s3\t FileName: mafdb_5bec77bc9d7c4d8fa3517dfa40512bc1eb17b502f07bd7ca8c55258b719bc02b.json\t Bucket: denethor\t FilePath: mafdb/mafdb_5bec77bc9d7c4d8fa3517dfa40512bc1eb17b502f07bd7ca8c55258b719bc02b.json\t LocalFilePath: /tmp/mafdb/mafdb_5bec77bc9d7c4d8fa3517dfa40512bc1eb17b502f07bd7ca8c55258b719bc02b.json\t FileSize: 232 bytes\t TransferDuration: 77.06556100004036 ms\n",
        "ingestionTime": 1745587217685,
        "eventId": "38927895570637551905914187440014294287539285663107973125"
    },
    {
        "logStreamName": "2025/04/25/[$LATEST]45080e2be53e492384cd21a09871e003",
        "timestamp": 1745587209112,
        "message": "FILE_TRANSFER RequestId: 3880bef8-93b6-418d-9198-cbebac4a17da\t TransferType: consumed\t Action: download_from_s3\t FileName: mafdb_8bc6b1285675133cf71abced5feadde67801ce1183d48ccdfce4ad5c847e0d16.json\t Bucket: denethor\t FilePath: mafdb/mafdb_8bc6b1285675133cf71abced5feadde67801ce1183d48ccdfce4ad5c847e0d16.json\t LocalFilePath: /tmp/mafdb/mafdb_8bc6b1285675133cf71abced5feadde67801ce1183d48ccdfce4ad5c847e0d16.json\t FileSize: 232 bytes\t TransferDuration: 71.74085300005117 ms\n",
        "ingestionTime": 1745587217685,
        "eventId": "38927895572220904815009861683063330284897319330032582662"
    },
    {
        "logStreamName": "2025/04/25/[$LATEST]45080e2be53e492384cd21a09871e003",
        "timestamp": 1745587209178,
        "message": "FILE_TRANSFER RequestId: 3880bef8-93b6-418d-9198-cbebac4a17da\t TransferType: consumed\t Action: download_from_s3\t FileName: mafdb_1719bb211bc811b78f2b2552b36c500d404a9ba670915a8c816c3078a55e8987.json\t Bucket: denethor\t FilePath: mafdb/mafdb_1719bb211bc811b78f2b2552b36c500d404a9ba670915a8c816c3078a55e8987.json\t LocalFilePath: /tmp/mafdb/mafdb_1719bb211bc811b78f2b2552b36c500d404a9ba670915a8c816c3078a55e8987.json\t FileSize: 232 bytes\t TransferDuration: 65.94092599993928 ms\n",
        "ingestionTime": 1745587217685,
        "eventId": "38927895573692753998112882810404687690892111189427290119"
    },
    {
        "logStreamName": "2025/04/25/[$LATEST]45080e2be53e492384cd21a09871e003",
        "timestamp": 1745587209238,
        "message": "FILE_TRANSFER RequestId: 3880bef8-93b6-418d-9198-cbebac4a17da\t TransferType: consumed\t Action: download_from_s3\t FileName: mafdb_c47f40aaed70b274856370b8e6e48399beb4c8971c66ddd8be8d566d440a78a7.json\t Bucket: denethor\t FilePath: mafdb/mafdb_c47f40aaed70b274856370b8e6e48399beb4c8971c66ddd8be8d566d440a78a7.json\t LocalFilePath: /tmp/mafdb/mafdb_c47f40aaed70b274856370b8e6e48399beb4c8971c66ddd8be8d566d440a78a7.json\t FileSize: 232 bytes\t TransferDuration: 59.59072699999979 ms\n",
        "ingestionTime": 1745587217685,
        "eventId": "38927895575030798710024720198896830787251012879786115080"
    },
    {
        "logStreamName": "2025/04/25/[$LATEST]45080e2be53e492384cd21a09871e003",
        "timestamp": 1745587209316,
        "message": "FILE_TRANSFER RequestId: 3880bef8-93b6-418d-9198-cbebac4a17da\t TransferType: consumed\t Action: download_from_s3\t FileName: mafdb_58254360ee9cb4b928a0b69f4adfd78688391955b6d2b02adf2e814125a07479.json\t Bucket: denethor\t FilePath: mafdb/mafdb_58254360ee9cb4b928a0b69f4adfd78688391955b6d2b02adf2e814125a07479.json\t LocalFilePath: /tmp/mafdb/mafdb_58254360ee9cb4b928a0b69f4adfd78688391955b6d2b02adf2e814125a07479.json\t FileSize: 232 bytes\t TransferDuration: 77.82800500001485 ms\n",
        "ingestionTime": 1745587217685,
        "eventId": "38927895576770256835510108803936616812517585077252587529"
    },
    {
        "logStreamName": "2025/04/25/[$LATEST]45080e2be53e492384cd21a09871e003",
        "timestamp": 1745587209378,
        "message": "FILE_TRANSFER RequestId: 3880bef8-93b6-418d-9198-cbebac4a17da\t TransferType: consumed\t Action: download_from_s3\t FileName: mafdb_fe8c7e0440e490074b179c7fee9f5abe850a2768dbc77d752a6701c83b764fd4.json\t Bucket: denethor\t FilePath: mafdb/mafdb_fe8c7e0440e490074b179c7fee9f5abe850a2768dbc77d752a6701c83b764fd4.json\t LocalFilePath: /tmp/mafdb/mafdb_fe8c7e0440e490074b179c7fee9f5abe850a2768dbc77d752a6701c83b764fd4.json\t FileSize: 232 bytes\t TransferDuration: 61.64171000000351 ms\n",
        "ingestionTime": 1745587217685,
        "eventId": "38927895578152903037819007438711831345421783490623373322"
    },
    {
        "logStreamName": "2025/04/25/[$LATEST]45080e2be53e492384cd21a09871e003",
        "timestamp": 1745587209378,
        "message": "CONSUMED_FILES_INFO RequestId: 3880bef8-93b6-418d-9198-cbebac4a17da\t FilesCount: 70 files\t FilesSize: 28216 bytes\t TransferDuration: 5359.411008999473 ms\t ConsumedFiles: ['mafdb_6f7a2b1116e6a791f68a03367473294792b679a6357b6789f3f993b1f83e2e80.json', 'mafdb_54d8ddd695de385cbe16742ebc6fdcb479cd2b8e3c0cd457826222c83fe6bb7c.json', 'mafdb_1f6ccfc97b000b314f6a6c7e2582a4263b17ffc061fef38bd3c9a63fa631759f.json', 'mafdb_bd5d862db8f1d6b261aaeb3b8ecb83d67004ffb7524cb75c5f1f8454224f7c91.json', 'mafdb_861b6fcf310a5a4a01036477cd0e28e972c4aa89be1fcccfc0eab6cd45e9fd74.json', 'mafdb_7d398773bfc3e4435be56d8711457fd7fc190e97e32d7ec51a8a702e16118c4d.json', 'mafdb_c451a256436a5fc45a562eaf2fead8dd42917b32894e636d2b705f5405224a88.json', 'mafdb_7511017a4e93687a5be47b55aa4c08eff48c283a8153f5e070747057ad693f80.json', 'mafdb_3891ae3bc299950ca7a78c4d495828659f2cb320e0641ad8c6bfc4ced2d8e2b0.json', 'mafdb_58aa863a1439bf886daca0713239dba1882676aea5266e0af5bebad97529db92.json', 'mafdb_c1f206b6efa75e1df509578ad4d9fb9ea330d34e7283ccf9d6ad80fdedf66b9a.json', 'mafdb_c3c2025f352d34b4b79a48619176577388b06f30619772ddea31df49ee988aff.json', 'mafdb_c5b5a3a4bd54a110140df77527325958d257fc9b669bca89b332593540c1dc20.json', 'mafdb_51e18dc31f0c330513b45085a52c5ecd1e4a0a9130d2805a71368f1cbe17f65e.json', 'mafdb_95cfb922ebd546f21edcc627a60ea2a6235550bbba3696739fcaca409f1a0232.json', 'mafdb_783d326a98c97c227099cd46e1eb2739e8954c844e628390759f21e7b4e19db0.json', 'mafdb_e7fcb374868f23c5b66908ff13d437f525bdef064d3f7604b08f9b68087e91c4.json', 'mafdb_bdf7b87e05be228017da27afd5fd158ebe4fcf138008526635b8bcdbe380f328.json', 'mafdb_1d419943bc17a86fe648d8caad874862360b7c73c08c99b7c26040bc9939b002.json', 'mafdb_31199a0a134043b94c15114abad10433bfa58c2f87e3106720f88bf29e76f1ae.json', 'mafdb_c2a1e960932a069de5927d1067dde414f501136aba941befca2a4654e72bb08a.json', 'mafdb_49ad0997fa75ff9233f44bffe4f6033aaaf8676ed8f4cbac92057d25395497e6.json', 'mafdb_406ececbafe0a937f2a967e4dae5f862923efb2e1397870f6cc1ba8e050e1da7.json', 'mafdb_e7f2f9266538f691bae81aa42aeb881fcfc1833e62d05d9141e808a0cb0095fa.json', 'mafdb_e883ff130a9d34d26c58c15a735e96baab78aacec64abad0788f83f54423b943.json', 'mafdb_d215ba5497d3d3be2e105b2328e50bdccf602b7e0745016c80fa6f9913e5432f.json', 'mafdb_f871e6272680ce0853ce488fc481f480aa4e243fa14dd104803b05fb209cf094.json', 'mafdb_2ff7bb92e85df3f56dc7f35d3ca7b2bd150b675386145658d2fca63a9e2a3805.json', 'mafdb_47fb2615fc585137c90363d35106c9022fdcc722571f7ed6d93a0e213c75c760.json', 'mafdb_68e664a9a27eba1488202e5ea16bb79aee50d9c2456068b25a29d7ca46c1450f.json', 'mafdb_f6c9786df6a492206e55eb3d3911d34dbd753bfef23be22d8635d72135a7fbc7.json', 'mafdb_87129d44586b87142d9940a8b1bdbebcfa7b0454f32076964711670e9940a5bc.json', 'mafdb_ffac685782ba2ceabfc02088f70f3473d570818cc3d9c58c8979a425bc171247.json', 'mafdb_42b7a1940d80c9e5d1a1eb427219fad89ed0198775d719cc0f6171541419e487.json', 'mafdb_d7e79060050e13568977fc2c739b9eddf447a0cefe974cf809a00c1179f02def.json', 'mafdb_b61e3844996fd21e45a7d054f79694e53c5aede5327c90900ed7183119a56bfb.json', 'mafdb_29c4ddd140d117364cadffd440f0642c27bbc2412f4567e0cb32891cc3ef36a1.json', 'mafdb_4626fea2abf7ed35f5f28026640ab18610584687978217b1f40af22fe37f6572.json', 'mafdb_445b1fba33e16cd436442a3a77bf395f50fd97b749d80a4ea1cdfce773bb0774.json', 'mafdb_7aa0e0772e1c689c49550813d4d69f69cf00ce1c31ded8e93e9d062016b4ea81.json', 'mafdb_a10de1e435f46b875ce088b70edd639bb15f15e47181e4a02fd1d3279f474a75.json', 'mafdb_e61287967464938dd8658e2b6f8063c95a2a8288b950145c07d8cd279f06fe96.json', 'mafdb_45d317fa4103ebc6a5ca76d68fd00bce02d7a5f088e6155430a660f0514147a3.json', 'mafdb_953e1a111e13fbeb681f915778ac824e009ef79d64fc7cfa76e6c118a64274b0.json', 'mafdb_dd5bb0860cd8cfcf1de73c7e51fea56058e02019372b37c0fbe797a9a837ad38.json', 'mafdb_4a69772641578ec2d1db9c6dd1aabd576f4015e01037c89e4cf54545772984e3.json', 'mafdb_f15d6d133941e8137799af5c1c04fc577dd74e96149a2ccd80e4f571114f20e3.json', 'mafdb_f6df04e8133221cbf519260251139ebd37c34febe492851dd4458992bca83c94.json', 'mafdb_6f51ab0e641bb384954092390e08d5f95ec4531f17a7dfba439beb3259e5929a.json', 'mafdb_fac1936d51dfedc6b2390b5bce6179113332479afc4a5757defe3114aec8f0bb.json', 'mafdb_715bea8166387785654d4817b63af51d4368d79e15da6d3149784cf360d76eaa.json', 'mafdb_37f48e1b859b9b0ccb1d3918e3547c15f7c27b9cfc7ada49018043d3593d2b30.json', 'mafdb_e55488255b1fbcc9aaabaac963dff236ce30a48f048179f2652bf6431063cf4b.json', 'mafdb_5622c4af29c03a55db15361b96ebd57532e3d5deb3791cbd1444627fe1ca62ba.json', 'mafdb_baef90e470015ad8cbd57d9f360bf7d85807b59e2cd60cbcd58c003293486741.json', 'mafdb_44786d15636736367c1c71748c6f6ad88c51a0acf9651aa1d2aab053f2b49895.json', 'mafdb_050eb4506b88aa955760b80fe61fa5f2dc7867810f3fd968c62f0f2b1721b84a.json', 'mafdb_4294147453f0881ff5d40ffeafab616f4bd8a7ba876322d7a55e79a2b54c515e.json', 'mafdb_605d104cfc6518c6e800159628fbe1a7412ae8cd691423eaa1505e85821ecac9.json', 'mafdb_07f2663350ea1ac790cef8d65d693e9f9a8a7ff3d9613fcbba8694ef3a437497.json', 'mafdb_8fcd7595555ece58e0a06c2001637a9999683df07ff0bb320faaf120f0012491.json', 'mafdb_bbfa141f6d386c293116f72d99a69176e8fb9e24cdaec03b209b077478ad859d.json', 'mafdb_f4fb8761643a453074d9572d96789515b973db43273265bfc07d10c2b3697e6d.json', 'mafdb_a2b1b534b2611b710744fb6756c33616a3588ee03d8aa6972d23e492b2c485de.json', 'mafdb_5bec77bc9d7c4d8fa3517dfa40512bc1eb17b502f07bd7ca8c55258b719bc02b.json', 'mafdb_8bc6b1285675133cf71abced5feadde67801ce1183d48ccdfce4ad5c847e0d16.json', 'mafdb_1719bb211bc811b78f2b2552b36c500d404a9ba670915a8c816c3078a55e8987.json', 'mafdb_c47f40aaed70b274856370b8e6e48399beb4c8971c66ddd8be8d566d440a78a7.json', 'mafdb_58254360ee9cb4b928a0b69f4adfd78688391955b6d2b02adf2e814125a07479.json', 'mafdb_fe8c7e0440e490074b179c7fee9f5abe850a2768dbc77d752a6701c83b764fd4.json']\n",
        "ingestionTime": 1745587217685,
        "eventId": "38927895578152903037819007438711831345421783490623373323"
    },
    {
        "logStreamName": "2025/04/25/[$LATEST]45080e2be53e492384cd21a09871e003",
        "timestamp": 1745587209399,
        "message": "[INFO]\t2025-04-25T13:20:09.398Z\t3880bef8-93b6-418d-9198-cbebac4a17da\tMAF_DATABASE_AGGREGATOR RequestId: 3880bef8-93b6-418d-9198-cbebac4a17da\t Duration: 19.9392380000063 ms\t InputLength: 70\t MaxMaf: 8\t MafDatabase: {'1': {'tree_ORTHOMCL256_Inner4.nexus': ['tree_ORTHOMCL256_2_Inner4.nexus', 'tree_ORTHOMCL256_2_Inner5.nexus', 'tree_ORTHOMCL256_2_Inner6.nexus', 'tree_ORTHOMCL256_2_Inner7.nexus', 'tree_ORTHOMCL256_2_Inner8.nexus'], 'tree_ORTHOMCL256_Inner5.nexus': ['tree_ORTHOMCL256_2_Inner4.nexus'], 'tree_ORTHOMCL256_Inner6.nexus': ['tree_ORTHOMCL256_2_Inner4.nexus'], 'tree_ORTHOMCL256_Inner7.nexus': ['tree_ORTHOMCL256_2_Inner4.nexus'], 'tree_ORTHOMCL256_Inner8.nexus': ['tree_ORTHOMCL256_2_Inner4.nexus'], 'tree_ORTHOMCL256_2_Inner4.nexus': ['tree_ORTHOMCL256_Inner4.nexus', 'tree_ORTHOMCL256_Inner5.nexus', 'tree_ORTHOMCL256_Inner6.nexus', 'tree_ORTHOMCL256_Inner7.nexus', 'tree_ORTHOMCL256_Inner8.nexus'], 'tree_ORTHOMCL256_2_Inner5.nexus': ['tree_ORTHOMCL256_Inner4.nexus'], 'tree_ORTHOMCL256_2_Inner6.nexus': ['tree_ORTHOMCL256_Inner4.nexus'], 'tree_ORTHOMCL256_2_Inner7.nexus': ['tree_ORTHOMCL256_Inner4.nexus'], 'tree_ORTHOMCL256_2_Inner8.nexus': ['tree_ORTHOMCL256_Inner4.nexus']}, '2': {'tree_ORTHOMCL256_Inner1.nexus': ['tree_ORTHOMCL256_2_Inner1.nexus', 'tree_ORTHOMCL256_2_Inner2.nexus', 'tree_ORTHOMCL256_2_Inner3.nexus', 'tree_ORTHOMCL256_2_Inner5.nexus', 'tree_ORTHOMCL256_2_Inner6.nexus', 'tree_ORTHOMCL256_2_Inner7.nexus', 'tree_ORTHOMCL256_2_Inner8.nexus'], 'tree_ORTHOMCL256_Inner2.nexus': ['tree_ORTHOMCL256_2_Inner1.nexus', 'tree_ORTHOMCL256_2_Inner2.nexus', 'tree_ORTHOMCL256_2_Inner3.nexus', 'tree_ORTHOMCL256_2_Inner5.nexus', 'tree_ORTHOMCL256_2_Inner6.nexus', 'tree_ORTHOMCL256_2_Inner7.nexus', 'tree_ORTHOMCL256_2_Inner8.nexus'], 'tree_ORTHOMCL256_Inner3.nexus': ['tree_ORTHOMCL256_2_Inner1.nexus', 'tree_ORTHOMCL256_2_Inner2.nexus'], 'tree_ORTHOMCL256_Inner5.nexus': ['tree_ORTHOMCL256_2_Inner1.nexus', 'tree_ORTHOMCL256_2_Inner2.nexus'], 'tree_ORTHOMCL256_Inner6.nexus': ['tree_ORTHOMCL256_2_Inner1.nexus', 'tree_ORTHOMCL256_2_Inner2.nexus'], 'tree_ORTHOMCL256_Inner7.nexus': ['tree_ORTHOMCL256_2_Inner1.nexus', 'tree_ORTHOMCL256_2_Inner2.nexus'], 'tree_ORTHOMCL256_Inner8.nexus': ['tree_ORTHOMCL256_2_Inner1.nexus', 'tree_ORTHOMCL256_2_Inner2.nexus'], 'tree_ORTHOMCL256_2_Inner1.nexus': ['tree_ORTHOMCL256_Inner1.nexus', 'tree_ORTHOMCL256_Inner2.nexus', 'tree_ORTHOMCL256_Inner3.nexus', 'tree_ORTHOMCL256_Inner5.nexus', 'tree_ORTHOMCL256_Inner6.nexus', 'tree_ORTHOMCL256_Inner7.nexus', 'tree_ORTHOMCL256_Inner8.nexus'], 'tree_ORTHOMCL256_2_Inner2.nexus': ['tree_ORTHOMCL256_Inner1.nexus', 'tree_ORTHOMCL256_Inner2.nexus', 'tree_ORTHOMCL256_Inner3.nexus', 'tree_ORTHOMCL256_Inner5.nexus', 'tree_ORTHOMCL256_Inner6.nexus', 'tree_ORTHOMCL256_Inner7.nexus', 'tree_ORTHOMCL256_Inner8.nexus'], 'tree_ORTHOMCL256_2_Inner3.nexus': ['tree_ORTHOMCL256_Inner1.nexus', 'tree_ORTHOMCL256_Inner2.nexus'], 'tree_ORTHOMCL256_2_Inner5.nexus': ['tree_ORTHOMCL256_Inner1.nexus', 'tree_ORTHOMCL256_Inner2.nexus'], 'tree_ORTHOMCL256_2_Inner6.nexus': ['tree_ORTHOMCL256_Inner1.nexus', 'tree_ORTHOMCL256_Inner2.nexus'], 'tree_ORTHOMCL256_2_Inner7.nexus': ['tree_ORTHOMCL256_Inner1.nexus', 'tree_ORTHOMCL256_Inner2.nexus'], 'tree_ORTHOMCL256_2_Inner8.nexus': ['tree_ORTHOMCL256_Inner1.nexus', 'tree_ORTHOMCL256_Inner2.nexus']}, '3': {'tree_ORTHOMCL256_Inner3.nexus': ['tree_ORTHOMCL256_2_Inner3.nexus', 'tree_ORTHOMCL256_2_Inner5.nexus', 'tree_ORTHOMCL256_2_Inner6.nexus', 'tree_ORTHOMCL256_2_Inner7.nexus', 'tree_ORTHOMCL256_2_Inner8.nexus'], 'tree_ORTHOMCL256_Inner5.nexus': ['tree_ORTHOMCL256_2_Inner3.nexus'], 'tree_ORTHOMCL256_Inner6.nexus': ['tree_ORTHOMCL256_2_Inner3.nexus'], 'tree_ORTHOMCL256_Inner7.nexus': ['tree_ORTHOMCL256_2_Inner3.nexus'], 'tree_ORTHOMCL256_Inner8.nexus': ['tree_ORTHOMCL256_2_Inner3.nexus'], 'tree_ORTHOMCL256_2_Inner3.nexus': ['tree_ORTHOMCL256_Inner3.nexus', 'tree_ORTHOMCL256_Inner5.nexus', 'tree_ORTHOMCL256_Inner6.nexus', 'tree_ORTHOMCL256_Inner7.nexus', 'tree_ORTHOMCL256_Inner8.nexus'], 'tree_ORTHOMCL256_2_Inner5.nexus': ['tree_ORTHOMCL256_Inner3.nexus'], 'tree_ORTHOMCL256_2_Inner6.nexus': ['tree_ORTHOMCL256_Inner3.nexus'], 'tree_ORTHOMCL256_2_Inner7.nexus': ['tree_ORTHOMCL256_Inner3.nexus'], 'tree_ORTHOMCL256_2_Inner8.nexus': ['tree_ORTHOMCL256_Inner3.nexus']}, '4': {'tree_ORTHOMCL256_Inner5.nexus': ['tree_ORTHOMCL256_2_Inner5.nexus', 'tree_ORTHOMCL256_2_Inner6.nexus', 'tree_ORTHOMCL256_2_Inner7.nexus', 'tree_ORTHOMCL256_2_Inner8.nexus'], 'tree_ORTHOMCL256_Inner6.nexus': ['tree_ORTHOMCL256_2_Inner5.nexus'], 'tree_ORTHOMCL256_Inner7.nexus': ['tree_ORTHOMCL256_2_Inner5.nexus'], 'tree_ORTHOMCL256_Inner8.nexus': ['tree_ORTHOMCL256_2_Inner5.nexus'], 'tree_ORTHOMCL256_2_Inner5.nexus': ['tree_ORTHOMCL256_Inner5.nexus', 'tree_ORTHOMCL256_Inner6.nexus', 'tree_ORTHOMCL256_Inner7.nexus', 'tree_ORTHOMCL256_Inner8.nexus'], 'tree_ORTHOMCL256_2_Inner6.nexus': ['tree_ORTHOMCL256_Inner5.nexus'], 'tree_ORTHOMCL256_2_Inner7.nexus': ['tree_ORTHOMCL256_Inner5.nexus'], 'tree_ORTHOMCL256_2_Inner8.nexus': ['tree_ORTHOMCL256_Inner5.nexus']}, '5': {'tree_ORTHOMCL256_Inner6.nexus': ['tree_ORTHOMCL256_2_Inner6.nexus', 'tree_ORTHOMCL256_2_Inner7.nexus', 'tree_ORTHOMCL256_2_Inner8.nexus'], 'tree_ORTHOMCL256_Inner7.nexus': ['tree_ORTHOMCL256_2_Inner6.nexus'], 'tree_ORTHOMCL256_Inner8.nexus': ['tree_ORTHOMCL256_2_Inner6.nexus'], 'tree_ORTHOMCL256_2_Inner6.nexus': ['tree_ORTHOMCL256_Inner6.nexus', 'tree_ORTHOMCL256_Inner7.nexus', 'tree_ORTHOMCL256_Inner8.nexus'], 'tree_ORTHOMCL256_2_Inner7.nexus': ['tree_ORTHOMCL256_Inner6.nexus'], 'tree_ORTHOMCL256_2_Inner8.nexus': ['tree_ORTHOMCL256_Inner6.nexus']}, '6': {'tree_ORTHOMCL256_Inner7.nexus': ['tree_ORTHOMCL256_2_Inner7.nexus', 'tree_ORTHOMCL256_2_Inner8.nexus'], 'tree_ORTHOMCL256_Inner8.nexus': ['tree_ORTHOMCL256_2_Inner7.nexus'], 'tree_ORTHOMCL256_2_Inner7.nexus': ['tree_ORTHOMCL256_Inner7.nexus', 'tree_ORTHOMCL256_Inner8.nexus'], 'tree_ORTHOMCL256_2_Inner8.nexus': ['tree_ORTHOMCL256_Inner7.nexus']}, '8': {'tree_ORTHOMCL256_Inner8.nexus': ['tree_ORTHOMCL256_2_Inner8.nexus'], 'tree_ORTHOMCL256_2_Inner8.nexus': ['tree_ORTHOMCL256_Inner8.nexus']}}\n",
        "ingestionTime": 1745587217685,
        "eventId": "38927895578621218686988150524684081429147399082248962060"
    },
    {
        "logStreamName": "2025/04/25/[$LATEST]45080e2be53e492384cd21a09871e003",
        "timestamp": 1745587209399,
        "message": "[INFO] 2025-04-25T13:20:09GMT MAF_DATABASE_AGGREGATOR RequestId: 3880bef8-93b6-418d-9198-cbebac4a17da\t Duration: 19.9392380000063 ms\t InputLength: 70\t MaxMaf: 8\t MafDatabase: {'1': {'tree_ORTHOMCL256_Inner4.nexus': ['tree_ORTHOMCL256_2_Inner4.nexus', 'tree_ORTHOMCL256_2_Inner5.nexus', 'tree_ORTHOMCL256_2_Inner6.nexus', 'tree_ORTHOMCL256_2_Inner7.nexus', 'tree_ORTHOMCL256_2_Inner8.nexus'], 'tree_ORTHOMCL256_Inner5.nexus': ['tree_ORTHOMCL256_2_Inner4.nexus'], 'tree_ORTHOMCL256_Inner6.nexus': ['tree_ORTHOMCL256_2_Inner4.nexus'], 'tree_ORTHOMCL256_Inner7.nexus': ['tree_ORTHOMCL256_2_Inner4.nexus'], 'tree_ORTHOMCL256_Inner8.nexus': ['tree_ORTHOMCL256_2_Inner4.nexus'], 'tree_ORTHOMCL256_2_Inner4.nexus': ['tree_ORTHOMCL256_Inner4.nexus', 'tree_ORTHOMCL256_Inner5.nexus', 'tree_ORTHOMCL256_Inner6.nexus', 'tree_ORTHOMCL256_Inner7.nexus', 'tree_ORTHOMCL256_Inner8.nexus'], 'tree_ORTHOMCL256_2_Inner5.nexus': ['tree_ORTHOMCL256_Inner4.nexus'], 'tree_ORTHOMCL256_2_Inner6.nexus': ['tree_ORTHOMCL256_Inner4.nexus'], 'tree_ORTHOMCL256_2_Inner7.nexus': ['tree_ORTHOMCL256_Inner4.nexus'], 'tree_ORTHOMCL256_2_Inner8.nexus': ['tree_ORTHOMCL256_Inner4.nexus']}, '2': {'tree_ORTHOMCL256_Inner1.nexus': ['tree_ORTHOMCL256_2_Inner1.nexus', 'tree_ORTHOMCL256_2_Inner2.nexus', 'tree_ORTHOMCL256_2_Inner3.nexus', 'tree_ORTHOMCL256_2_Inner5.nexus', 'tree_ORTHOMCL256_2_Inner6.nexus', 'tree_ORTHOMCL256_2_Inner7.nexus', 'tree_ORTHOMCL256_2_Inner8.nexus'], 'tree_ORTHOMCL256_Inner2.nexus': ['tree_ORTHOMCL256_2_Inner1.nexus', 'tree_ORTHOMCL256_2_Inner2.nexus', 'tree_ORTHOMCL256_2_Inner3.nexus', 'tree_ORTHOMCL256_2_Inner5.nexus', 'tree_ORTHOMCL256_2_Inner6.nexus', 'tree_ORTHOMCL256_2_Inner7.nexus', 'tree_ORTHOMCL256_2_Inner8.nexus'], 'tree_ORTHOMCL256_Inner3.nexus': ['tree_ORTHOMCL256_2_Inner1.nexus', 'tree_ORTHOMCL256_2_Inner2.nexus'], 'tree_ORTHOMCL256_Inner5.nexus': ['tree_ORTHOMCL256_2_Inner1.nexus', 'tree_ORTHOMCL256_2_Inner2.nexus'], 'tree_ORTHOMCL256_Inner6.nexus': ['tree_ORTHOMCL256_2_Inner1.nexus', 'tree_ORTHOMCL256_2_Inner2.nexus'], 'tree_ORTHOMCL256_Inner7.nexus': ['tree_ORTHOMCL256_2_Inner1.nexus', 'tree_ORTHOMCL256_2_Inner2.nexus'], 'tree_ORTHOMCL256_Inner8.nexus': ['tree_ORTHOMCL256_2_Inner1.nexus', 'tree_ORTHOMCL256_2_Inner2.nexus'], 'tree_ORTHOMCL256_2_Inner1.nexus': ['tree_ORTHOMCL256_Inner1.nexus', 'tree_ORTHOMCL256_Inner2.nexus', 'tree_ORTHOMCL256_Inner3.nexus', 'tree_ORTHOMCL256_Inner5.nexus', 'tree_ORTHOMCL256_Inner6.nexus', 'tree_ORTHOMCL256_Inner7.nexus', 'tree_ORTHOMCL256_Inner8.nexus'], 'tree_ORTHOMCL256_2_Inner2.nexus': ['tree_ORTHOMCL256_Inner1.nexus', 'tree_ORTHOMCL256_Inner2.nexus', 'tree_ORTHOMCL256_Inner3.nexus', 'tree_ORTHOMCL256_Inner5.nexus', 'tree_ORTHOMCL256_Inner6.nexus', 'tree_ORTHOMCL256_Inner7.nexus', 'tree_ORTHOMCL256_Inner8.nexus'], 'tree_ORTHOMCL256_2_Inner3.nexus': ['tree_ORTHOMCL256_Inner1.nexus', 'tree_ORTHOMCL256_Inner2.nexus'], 'tree_ORTHOMCL256_2_Inner5.nexus': ['tree_ORTHOMCL256_Inner1.nexus', 'tree_ORTHOMCL256_Inner2.nexus'], 'tree_ORTHOMCL256_2_Inner6.nexus': ['tree_ORTHOMCL256_Inner1.nexus', 'tree_ORTHOMCL256_Inner2.nexus'], 'tree_ORTHOMCL256_2_Inner7.nexus': ['tree_ORTHOMCL256_Inner1.nexus', 'tree_ORTHOMCL256_Inner2.nexus'], 'tree_ORTHOMCL256_2_Inner8.nexus': ['tree_ORTHOMCL256_Inner1.nexus', 'tree_ORTHOMCL256_Inner2.nexus']}, '3': {'tree_ORTHOMCL256_Inner3.nexus': ['tree_ORTHOMCL256_2_Inner3.nexus', 'tree_ORTHOMCL256_2_Inner5.nexus', 'tree_ORTHOMCL256_2_Inner6.nexus', 'tree_ORTHOMCL256_2_Inner7.nexus', 'tree_ORTHOMCL256_2_Inner8.nexus'], 'tree_ORTHOMCL256_Inner5.nexus': ['tree_ORTHOMCL256_2_Inner3.nexus'], 'tree_ORTHOMCL256_Inner6.nexus': ['tree_ORTHOMCL256_2_Inner3.nexus'], 'tree_ORTHOMCL256_Inner7.nexus': ['tree_ORTHOMCL256_2_Inner3.nexus'], 'tree_ORTHOMCL256_Inner8.nexus': ['tree_ORTHOMCL256_2_Inner3.nexus'], 'tree_ORTHOMCL256_2_Inner3.nexus': ['tree_ORTHOMCL256_Inner3.nexus', 'tree_ORTHOMCL256_Inner5.nexus', 'tree_ORTHOMCL256_Inner6.nexus', 'tree_ORTHOMCL256_Inner7.nexus', 'tree_ORTHOMCL256_Inner8.nexus'], 'tree_ORTHOMCL256_2_Inner5.nexus': ['tree_ORTHOMCL256_Inner3.nexus'], 'tree_ORTHOMCL256_2_Inner6.nexus': ['tree_ORTHOMCL256_Inner3.nexus'], 'tree_ORTHOMCL256_2_Inner7.nexus': ['tree_ORTHOMCL256_Inner3.nexus'], 'tree_ORTHOMCL256_2_Inner8.nexus': ['tree_ORTHOMCL256_Inner3.nexus']}, '4': {'tree_ORTHOMCL256_Inner5.nexus': ['tree_ORTHOMCL256_2_Inner5.nexus', 'tree_ORTHOMCL256_2_Inner6.nexus', 'tree_ORTHOMCL256_2_Inner7.nexus', 'tree_ORTHOMCL256_2_Inner8.nexus'], 'tree_ORTHOMCL256_Inner6.nexus': ['tree_ORTHOMCL256_2_Inner5.nexus'], 'tree_ORTHOMCL256_Inner7.nexus': ['tree_ORTHOMCL256_2_Inner5.nexus'], 'tree_ORTHOMCL256_Inner8.nexus': ['tree_ORTHOMCL256_2_Inner5.nexus'], 'tree_ORTHOMCL256_2_Inner5.nexus': ['tree_ORTHOMCL256_Inner5.nexus', 'tree_ORTHOMCL256_Inner6.nexus', 'tree_ORTHOMCL256_Inner7.nexus', 'tree_ORTHOMCL256_Inner8.nexus'], 'tree_ORTHOMCL256_2_Inner6.nexus': ['tree_ORTHOMCL256_Inner5.nexus'], 'tree_ORTHOMCL256_2_Inner7.nexus': ['tree_ORTHOMCL256_Inner5.nexus'], 'tree_ORTHOMCL256_2_Inner8.nexus': ['tree_ORTHOMCL256_Inner5.nexus']}, '5': {'tree_ORTHOMCL256_Inner6.nexus': ['tree_ORTHOMCL256_2_Inner6.nexus', 'tree_ORTHOMCL256_2_Inner7.nexus', 'tree_ORTHOMCL256_2_Inner8.nexus'], 'tree_ORTHOMCL256_Inner7.nexus': ['tree_ORTHOMCL256_2_Inner6.nexus'], 'tree_ORTHOMCL256_Inner8.nexus': ['tree_ORTHOMCL256_2_Inner6.nexus'], 'tree_ORTHOMCL256_2_Inner6.nexus': ['tree_ORTHOMCL256_Inner6.nexus', 'tree_ORTHOMCL256_Inner7.nexus', 'tree_ORTHOMCL256_Inner8.nexus'], 'tree_ORTHOMCL256_2_Inner7.nexus': ['tree_ORTHOMCL256_Inner6.nexus'], 'tree_ORTHOMCL256_2_Inner8.nexus': ['tree_ORTHOMCL256_Inner6.nexus']}, '6': {'tree_ORTHOMCL256_Inner7.nexus': ['tree_ORTHOMCL256_2_Inner7.nexus', 'tree_ORTHOMCL256_2_Inner8.nexus'], 'tree_ORTHOMCL256_Inner8.nexus': ['tree_ORTHOMCL256_2_Inner7.nexus'], 'tree_ORTHOMCL256_2_Inner7.nexus': ['tree_ORTHOMCL256_Inner7.nexus', 'tree_ORTHOMCL256_Inner8.nexus'], 'tree_ORTHOMCL256_2_Inner8.nexus': ['tree_ORTHOMCL256_Inner7.nexus']}, '8': {'tree_ORTHOMCL256_Inner8.nexus': ['tree_ORTHOMCL256_2_Inner8.nexus'], 'tree_ORTHOMCL256_2_Inner8.nexus': ['tree_ORTHOMCL256_Inner8.nexus']}}\n",
        "ingestionTime": 1745587217685,
        "eventId": "38927895578621218686988150524684081429147399082248962061"
    },
    {
        "logStreamName": "2025/04/25/[$LATEST]45080e2be53e492384cd21a09871e003",
        "timestamp": 1745587209487,
        "message": "FILE_TRANSFER RequestId: 3880bef8-93b6-418d-9198-cbebac4a17da\t TransferType: produced\t Action: upload_to_s3\t FileName: mafdb_3c279ae33c4d4bb9128fd704e3bbc620adcfe29dfcb5509f57c08cbac6d2d8d7.json\t Bucket: denethor\t FilePath: mafdb/mafdb_3c279ae33c4d4bb9128fd704e3bbc620adcfe29dfcb5509f57c08cbac6d2d8d7.json\t LocalFilePath: /tmp/mafdb/mafdb_3c279ae33c4d4bb9128fd704e3bbc620adcfe29dfcb5509f57c08cbac6d2d8d7.json\t FileSize: 26105 bytes\t TransferDuration: 87.76896199992734 ms\n",
        "ingestionTime": 1745587217685,
        "eventId": "38927895580583684264458845361139224637140454894775238670"
    },
    {
        "logStreamName": "2025/04/25/[$LATEST]45080e2be53e492384cd21a09871e003",
        "timestamp": 1745587209487,
        "message": "PRODUCED_FILES_INFO RequestId: 3880bef8-93b6-418d-9198-cbebac4a17da\t FilesCount: 1 files\t FilesSize: 26105 bytes\t TransferDuration: 87.76896199992734 ms\t Provider: aws_lambda\t  ProducedFiles: ['mafdb_3c279ae33c4d4bb9128fd704e3bbc620adcfe29dfcb5509f57c08cbac6d2d8d7.json']\n",
        "ingestionTime": 1745587217685,
        "eventId": "38927895580583684264458845361139224637140454894775238671"
    },
    {
        "logStreamName": "2025/04/25/[$LATEST]45080e2be53e492384cd21a09871e003",
        "timestamp": 1745587209489,
        "message": "END RequestId: 3880bef8-93b6-418d-9198-cbebac4a17da\n",
        "ingestionTime": 1745587217685,
        "eventId": "38927895580628285754855906607422296073685751617787199504"
    },
    {
        "logStreamName": "2025/04/25/[$LATEST]45080e2be53e492384cd21a09871e003",
        "timestamp": 1745587209489,
        "message": "REPORT RequestId: 3880bef8-93b6-418d-9198-cbebac4a17da\tDuration: 5476.62 ms\tBilled Duration: 5477 ms\tMemory Size: 256 MB\tMax Memory Used: 108 MB\tInit Duration: 839.00 ms\t\n",
        "ingestionTime": 1745587217685,
        "eventId": "38927895580628285754855906607422296073685751617787199505"
    }
]