[
    {
        "logStreamName": "2024/11/01/[$LATEST]c443fa9597a34c079bb6a5e7bf6cb798",
        "timestamp": 1730480026522,
        "message": "START RequestId: 5fcbc9a0-f33b-4403-bb2a-ee304d2c18a1 Version: $LATEST\n",
        "ingestionTime": 1730480035546,
        "eventId": "38590994142613636891485938711562187309972707657508585472"
    },
    {
        "logStreamName": "2024/11/01/[$LATEST]c443fa9597a34c079bb6a5e7bf6cb798",
        "timestamp": 1730480026522,
        "message": "[INFO] 2024-11-01T16:53:46GMT [ENV_INFO] env_name: aws_lambda | current_time: 2024-11-01T16:53:46.522536+00:00 | pwd: /var/task\n",
        "ingestionTime": 1730480035546,
        "eventId": "38590994142613636891485938711562187309972707657508585473"
    },
    {
        "logStreamName": "2024/11/01/[$LATEST]c443fa9597a34c079bb6a5e7bf6cb798",
        "timestamp": 1730480026522,
        "message": "[INFO]\t2024-11-01T16:53:46.522Z\t5fcbc9a0-f33b-4403-bb2a-ee304d2c18a1\t[ENV_INFO] env_name: aws_lambda | current_time: 2024-11-01T16:53:46.522536+00:00 | pwd: /var/task\n",
        "ingestionTime": 1730480035546,
        "eventId": "38590994142613636891485938711562187309972707657508585474"
    },
    {
        "logStreamName": "2024/11/01/[$LATEST]c443fa9597a34c079bb6a5e7bf6cb798",
        "timestamp": 1730480026522,
        "message": "[INFO] 2024-11-01T16:53:46GMT [ENV_INFO] env_name: aws_lambda\n",
        "ingestionTime": 1730480035546,
        "eventId": "38590994142613636891485938711562187309972707657508585475"
    },
    {
        "logStreamName": "2024/11/01/[$LATEST]c443fa9597a34c079bb6a5e7bf6cb798",
        "timestamp": 1730480026522,
        "message": "[INFO]\t2024-11-01T16:53:46.522Z\t5fcbc9a0-f33b-4403-bb2a-ee304d2c18a1\t[ENV_INFO] env_name: aws_lambda\n",
        "ingestionTime": 1730480035546,
        "eventId": "38590994142613636891485938711562187309972707657508585476"
    },
    {
        "logStreamName": "2024/11/01/[$LATEST]c443fa9597a34c079bb6a5e7bf6cb798",
        "timestamp": 1730480026523,
        "message": "[INFO] 2024-11-01T16:53:46GMT [ENV_INFO] data_format: nexus\n",
        "ingestionTime": 1730480035546,
        "eventId": "38590994142635937636684469334703723028245356019014565893"
    },
    {
        "logStreamName": "2024/11/01/[$LATEST]c443fa9597a34c079bb6a5e7bf6cb798",
        "timestamp": 1730480026523,
        "message": "[INFO]\t2024-11-01T16:53:46.522Z\t5fcbc9a0-f33b-4403-bb2a-ee304d2c18a1\t[ENV_INFO] data_format: nexus\n",
        "ingestionTime": 1730480035546,
        "eventId": "38590994142635937636684469334703723028245356019014565894"
    },
    {
        "logStreamName": "2024/11/01/[$LATEST]c443fa9597a34c079bb6a5e7bf6cb798",
        "timestamp": 1730480026523,
        "message": "[INFO] 2024-11-01T16:53:46GMT [ENV_INFO] path_config: {'input_file': '/tmp/input', 'tmp': '/tmp', 'tree': '/tmp/tree', 'subtree': '/tmp/subtree', 'mafdb': '/tmp/mafdb', 'clustalw': '/opt/python/clustalw-2.1-linux'}\n",
        "ingestionTime": 1730480035546,
        "eventId": "38590994142635937636684469334703723028245356019014565895"
    },
    {
        "logStreamName": "2024/11/01/[$LATEST]c443fa9597a34c079bb6a5e7bf6cb798",
        "timestamp": 1730480026523,
        "message": "[INFO]\t2024-11-01T16:53:46.523Z\t5fcbc9a0-f33b-4403-bb2a-ee304d2c18a1\t[ENV_INFO] path_config: {'input_file': '/tmp/input', 'tmp': '/tmp', 'tree': '/tmp/tree', 'subtree': '/tmp/subtree', 'mafdb': '/tmp/mafdb', 'clustalw': '/opt/python/clustalw-2.1-linux'}\n",
        "ingestionTime": 1730480035546,
        "eventId": "38590994142635937636684469334703723028245356019014565896"
    },
    {
        "logStreamName": "2024/11/01/[$LATEST]c443fa9597a34c079bb6a5e7bf6cb798",
        "timestamp": 1730480026523,
        "message": "[INFO] 2024-11-01T16:53:46GMT [ENV_INFO] bucket_config: {'bucket_name': 'denethor', 'key_input_files': 'data/full_dataset', 'key_tree_files': 'tree', 'key_subtree_files': 'subtree', 'key_mafdb_files': 'mafdb'}\n",
        "ingestionTime": 1730480035546,
        "eventId": "38590994142635937636684469334703723028245356019014565897"
    },
    {
        "logStreamName": "2024/11/01/[$LATEST]c443fa9597a34c079bb6a5e7bf6cb798",
        "timestamp": 1730480026523,
        "message": "[INFO]\t2024-11-01T16:53:46.523Z\t5fcbc9a0-f33b-4403-bb2a-ee304d2c18a1\t[ENV_INFO] bucket_config: {'bucket_name': 'denethor', 'key_input_files': 'data/full_dataset', 'key_tree_files': 'tree', 'key_subtree_files': 'subtree', 'key_mafdb_files': 'mafdb'}\n",
        "ingestionTime": 1730480035546,
        "eventId": "38590994142635937636684469334703723028245356019014565898"
    },
    {
        "logStreamName": "2024/11/01/[$LATEST]c443fa9597a34c079bb6a5e7bf6cb798",
        "timestamp": 1730480026523,
        "message": "[INFO] 2024-11-01T16:53:46GMT [ENV_INFO] log_config: {'output_type': 'stdout', 'path': 'resources/logs/aws', 'file_name': 'log_[execution_id]_[activity_name].log'}\n",
        "ingestionTime": 1730480035546,
        "eventId": "38590994142635937636684469334703723028245356019014565899"
    },
    {
        "logStreamName": "2024/11/01/[$LATEST]c443fa9597a34c079bb6a5e7bf6cb798",
        "timestamp": 1730480026523,
        "message": "[INFO]\t2024-11-01T16:53:46.523Z\t5fcbc9a0-f33b-4403-bb2a-ee304d2c18a1\t[ENV_INFO] log_config: {'output_type': 'stdout', 'path': 'resources/logs/aws', 'file_name': 'log_[execution_id]_[activity_name].log'}\n",
        "ingestionTime": 1730480035546,
        "eventId": "38590994142635937636684469334703723028245356019014565900"
    },
    {
        "logStreamName": "2024/11/01/[$LATEST]c443fa9597a34c079bb6a5e7bf6cb798",
        "timestamp": 1730480026914,
        "message": "FILE_TRANSFER RequestId: 5fcbc9a0-f33b-4403-bb2a-ee304d2c18a1\t TransferType: consumed\t FileName: mafdb_6f7a2b1116e6a791f68a03367473294792b679a6357b6789f3f993b1f83e2e80.json\t Bucket: denethor\t FilePath: mafdb/mafdb_6f7a2b1116e6a791f68a03367473294792b679a6357b6789f3f993b1f83e2e80.json\t LocalFilePath: /tmp/mafdb/mafdb_6f7a2b1116e6a791f68a03367473294792b679a6357b6789f3f993b1f83e2e80.json\t FileSize: 185 bytes\t TransferDuration: 391.13861099997393 ms\n",
        "ingestionTime": 1730480035546,
        "eventId": "38590994151355529009309942983044188872850865367852908557"
    },
    {
        "logStreamName": "2024/11/01/[$LATEST]c443fa9597a34c079bb6a5e7bf6cb798",
        "timestamp": 1730480027394,
        "message": "FILE_TRANSFER RequestId: 5fcbc9a0-f33b-4403-bb2a-ee304d2c18a1\t TransferType: consumed\t FileName: mafdb_98e1a0698cbb3ad22654b18daf794e4cacd094e1e043d17e253b37083af465ed.json\t Bucket: denethor\t FilePath: mafdb/mafdb_98e1a0698cbb3ad22654b18daf794e4cacd094e1e043d17e253b37083af465ed.json\t LocalFilePath: /tmp/mafdb/mafdb_98e1a0698cbb3ad22654b18daf794e4cacd094e1e043d17e253b37083af465ed.json\t FileSize: 396 bytes\t TransferDuration: 478.7091290000376 ms\n",
        "ingestionTime": 1730480035546,
        "eventId": "38590994162059886704604642090981333643722078890723508238"
    },
    {
        "logStreamName": "2024/11/01/[$LATEST]c443fa9597a34c079bb6a5e7bf6cb798",
        "timestamp": 1730480027396,
        "message": "CONSUMED_FILES_INFO RequestId: 5fcbc9a0-f33b-4403-bb2a-ee304d2c18a1\t FilesCount: 2 files\t FilesSize: 581 bytes\t TransferDuration: 869.8477400000115 ms\t ConsumedFiles: ['mafdb_6f7a2b1116e6a791f68a03367473294792b679a6357b6789f3f993b1f83e2e80.json', 'mafdb_98e1a0698cbb3ad22654b18daf794e4cacd094e1e043d17e253b37083af465ed.json']\n",
        "ingestionTime": 1730480035546,
        "eventId": "38590994162104488195001703337264405080267375613735469071"
    },
    {
        "logStreamName": "2024/11/01/[$LATEST]c443fa9597a34c079bb6a5e7bf6cb798",
        "timestamp": 1730480027396,
        "message": "[INFO] 2024-11-01T16:53:47GMT MAF_DATABASE_AGGREGATOR RequestId: 5fcbc9a0-f33b-4403-bb2a-ee304d2c18a1\t Duration: 0.32637599997542566 ms\t InputLength: 2\t MaxMaf: 0\t MafDatabase: {}\n",
        "ingestionTime": 1730480035546,
        "eventId": "38590994162104488195001703337264405080267375613735469072"
    },
    {
        "logStreamName": "2024/11/01/[$LATEST]c443fa9597a34c079bb6a5e7bf6cb798",
        "timestamp": 1730480027396,
        "message": "[INFO]\t2024-11-01T16:53:47.396Z\t5fcbc9a0-f33b-4403-bb2a-ee304d2c18a1\tMAF_DATABASE_AGGREGATOR RequestId: 5fcbc9a0-f33b-4403-bb2a-ee304d2c18a1\t Duration: 0.32637599997542566 ms\t InputLength: 2\t MaxMaf: 0\t MafDatabase: {}\n",
        "ingestionTime": 1730480035546,
        "eventId": "38590994162104488195001703337264405080267375613735469073"
    },
    {
        "logStreamName": "2024/11/01/[$LATEST]c443fa9597a34c079bb6a5e7bf6cb798",
        "timestamp": 1730480027754,
        "message": "FILE_TRANSFER RequestId: 5fcbc9a0-f33b-4403-bb2a-ee304d2c18a1\t TransferType: produced\t FileName: mafdb_45cbc9bc03b36072876f03fb879a229fd9bd3bfaea1682dcf885c349b07fdac6.json\t Bucket: denethor\t FilePath: mafdb/mafdb_45cbc9bc03b36072876f03fb879a229fd9bd3bfaea1682dcf885c349b07fdac6.json\t LocalFilePath: /tmp/mafdb/mafdb_45cbc9bc03b36072876f03fb879a229fd9bd3bfaea1682dcf885c349b07fdac6.json\t FileSize: 597 bytes\t TransferDuration: 357.73892600002455 ms\n",
        "ingestionTime": 1730480035546,
        "eventId": "38590994170088154976075666421934192221875489032876458002"
    },
    {
        "logStreamName": "2024/11/01/[$LATEST]c443fa9597a34c079bb6a5e7bf6cb798",
        "timestamp": 1730480027755,
        "message": "PRODUCED_FILES_INFO RequestId: 5fcbc9a0-f33b-4403-bb2a-ee304d2c18a1\t FilesCount: 1 files\t FilesSize: 597 bytes\t TransferDuration: 357.73892600002455 ms\t ProducedFiles: ['mafdb_45cbc9bc03b36072876f03fb879a229fd9bd3bfaea1682dcf885c349b07fdac6.json']\n",
        "ingestionTime": 1730480035546,
        "eventId": "38590994170110455721274197045075727940148137394382438419"
    },
    {
        "logStreamName": "2024/11/01/[$LATEST]c443fa9597a34c079bb6a5e7bf6cb798",
        "timestamp": 1730480027756,
        "message": "END RequestId: 5fcbc9a0-f33b-4403-bb2a-ee304d2c18a1\n",
        "ingestionTime": 1730480035546,
        "eventId": "38590994170132756466472727668217263658420785755888418836"
    },
    {
        "logStreamName": "2024/11/01/[$LATEST]c443fa9597a34c079bb6a5e7bf6cb798",
        "timestamp": 1730480027756,
        "message": "REPORT RequestId: 5fcbc9a0-f33b-4403-bb2a-ee304d2c18a1\tDuration: 1234.87 ms\tBilled Duration: 1235 ms\tMemory Size: 128 MB\tMax Memory Used: 108 MB\t\n",
        "ingestionTime": 1730480035546,
        "eventId": "38590994170132756466472727668217263658420785755888418837"
    }
]