[
    {
        "logStreamName": "2024/11/01/[$LATEST]3a14f95057a141f282e10b418d383f99",
        "timestamp": 1730480017212,
        "message": "START RequestId: 36e00951-109a-41f1-9245-7296c1e3e49c Version: $LATEST\n",
        "ingestionTime": 1730480026241,
        "eventId": "38590993934993699093165837252615690543758812108842598400"
    },
    {
        "logStreamName": "2024/11/01/[$LATEST]3a14f95057a141f282e10b418d383f99",
        "timestamp": 1730480017213,
        "message": "[INFO] 2024-11-01T16:53:37GMT [ENV_INFO] env_name: aws_lambda | current_time: 2024-11-01T16:53:37.213025+00:00 | pwd: /var/task\n",
        "ingestionTime": 1730480026241,
        "eventId": "38590993935015999838364367875757226262031460470348578817"
    },
    {
        "logStreamName": "2024/11/01/[$LATEST]3a14f95057a141f282e10b418d383f99",
        "timestamp": 1730480017213,
        "message": "[INFO]\t2024-11-01T16:53:37.213Z\t36e00951-109a-41f1-9245-7296c1e3e49c\t[ENV_INFO] env_name: aws_lambda | current_time: 2024-11-01T16:53:37.213025+00:00 | pwd: /var/task\n",
        "ingestionTime": 1730480026241,
        "eventId": "38590993935015999838364367875757226262031460470348578818"
    },
    {
        "logStreamName": "2024/11/01/[$LATEST]3a14f95057a141f282e10b418d383f99",
        "timestamp": 1730480017213,
        "message": "[INFO] 2024-11-01T16:53:37GMT [ENV_INFO] env_name: aws_lambda\n",
        "ingestionTime": 1730480026241,
        "eventId": "38590993935015999838364367875757226262031460470348578819"
    },
    {
        "logStreamName": "2024/11/01/[$LATEST]3a14f95057a141f282e10b418d383f99",
        "timestamp": 1730480017213,
        "message": "[INFO]\t2024-11-01T16:53:37.213Z\t36e00951-109a-41f1-9245-7296c1e3e49c\t[ENV_INFO] env_name: aws_lambda\n",
        "ingestionTime": 1730480026241,
        "eventId": "38590993935015999838364367875757226262031460470348578820"
    },
    {
        "logStreamName": "2024/11/01/[$LATEST]3a14f95057a141f282e10b418d383f99",
        "timestamp": 1730480017213,
        "message": "[INFO] 2024-11-01T16:53:37GMT [ENV_INFO] data_format: nexus\n",
        "ingestionTime": 1730480026241,
        "eventId": "38590993935015999838364367875757226262031460470348578821"
    },
    {
        "logStreamName": "2024/11/01/[$LATEST]3a14f95057a141f282e10b418d383f99",
        "timestamp": 1730480017213,
        "message": "[INFO]\t2024-11-01T16:53:37.213Z\t36e00951-109a-41f1-9245-7296c1e3e49c\t[ENV_INFO] data_format: nexus\n",
        "ingestionTime": 1730480026241,
        "eventId": "38590993935015999838364367875757226262031460470348578822"
    },
    {
        "logStreamName": "2024/11/01/[$LATEST]3a14f95057a141f282e10b418d383f99",
        "timestamp": 1730480017213,
        "message": "[INFO] 2024-11-01T16:53:37GMT [ENV_INFO] path_config: {'input_file': '/tmp/input', 'tmp': '/tmp', 'tree': '/tmp/tree', 'subtree': '/tmp/subtree', 'mafdb': '/tmp/mafdb', 'clustalw': '/opt/python/clustalw-2.1-linux'}\n",
        "ingestionTime": 1730480026241,
        "eventId": "38590993935015999838364367875757226262031460470348578823"
    },
    {
        "logStreamName": "2024/11/01/[$LATEST]3a14f95057a141f282e10b418d383f99",
        "timestamp": 1730480017213,
        "message": "[INFO]\t2024-11-01T16:53:37.213Z\t36e00951-109a-41f1-9245-7296c1e3e49c\t[ENV_INFO] path_config: {'input_file': '/tmp/input', 'tmp': '/tmp', 'tree': '/tmp/tree', 'subtree': '/tmp/subtree', 'mafdb': '/tmp/mafdb', 'clustalw': '/opt/python/clustalw-2.1-linux'}\n",
        "ingestionTime": 1730480026241,
        "eventId": "38590993935015999838364367875757226262031460470348578824"
    },
    {
        "logStreamName": "2024/11/01/[$LATEST]3a14f95057a141f282e10b418d383f99",
        "timestamp": 1730480017213,
        "message": "[INFO] 2024-11-01T16:53:37GMT [ENV_INFO] bucket_config: {'bucket_name': 'denethor', 'key_input_files': 'data/full_dataset', 'key_tree_files': 'tree', 'key_subtree_files': 'subtree', 'key_mafdb_files': 'mafdb'}\n",
        "ingestionTime": 1730480026241,
        "eventId": "38590993935015999838364367875757226262031460470348578825"
    },
    {
        "logStreamName": "2024/11/01/[$LATEST]3a14f95057a141f282e10b418d383f99",
        "timestamp": 1730480017213,
        "message": "[INFO]\t2024-11-01T16:53:37.213Z\t36e00951-109a-41f1-9245-7296c1e3e49c\t[ENV_INFO] bucket_config: {'bucket_name': 'denethor', 'key_input_files': 'data/full_dataset', 'key_tree_files': 'tree', 'key_subtree_files': 'subtree', 'key_mafdb_files': 'mafdb'}\n",
        "ingestionTime": 1730480026241,
        "eventId": "38590993935015999838364367875757226262031460470348578826"
    },
    {
        "logStreamName": "2024/11/01/[$LATEST]3a14f95057a141f282e10b418d383f99",
        "timestamp": 1730480017213,
        "message": "[INFO] 2024-11-01T16:53:37GMT [ENV_INFO] log_config: {'output_type': 'stdout', 'path': 'resources/logs/aws', 'file_name': 'log_[execution_id]_[activity_name].log'}\n",
        "ingestionTime": 1730480026241,
        "eventId": "38590993935015999838364367875757226262031460470348578827"
    },
    {
        "logStreamName": "2024/11/01/[$LATEST]3a14f95057a141f282e10b418d383f99",
        "timestamp": 1730480017213,
        "message": "[INFO]\t2024-11-01T16:53:37.213Z\t36e00951-109a-41f1-9245-7296c1e3e49c\t[ENV_INFO] log_config: {'output_type': 'stdout', 'path': 'resources/logs/aws', 'file_name': 'log_[execution_id]_[activity_name].log'}\n",
        "ingestionTime": 1730480026241,
        "eventId": "38590993935015999838364367875757226262031460470348578828"
    },
    {
        "logStreamName": "2024/11/01/[$LATEST]3a14f95057a141f282e10b418d383f99",
        "timestamp": 1730480017611,
        "message": "FILE_TRANSFER RequestId: 36e00951-109a-41f1-9245-7296c1e3e49c\t TransferType: consumed\t FileName: ORTHOMCL1\t Bucket: denethor\t FilePath: data/full_dataset/ORTHOMCL1\t LocalFilePath: /tmp/input/ORTHOMCL1\t FileSize: 1662 bytes\t TransferDuration: 397.31436900001427 ms\n",
        "ingestionTime": 1730480026241,
        "eventId": "38590993943891696427379555886088442134545508349728784397"
    },
    {
        "logStreamName": "2024/11/01/[$LATEST]3a14f95057a141f282e10b418d383f99",
        "timestamp": 1730480017612,
        "message": "CONSUMED_FILES_INFO RequestId: 36e00951-109a-41f1-9245-7296c1e3e49c\t FilesCount: 1 files\t FilesSize: 1662 bytes\t TransferDuration: 397.31436900001427 ms\t ConsumedFiles: ['ORTHOMCL1']\n",
        "ingestionTime": 1730480026241,
        "eventId": "38590993943913997172578086509229977852818156711234764814"
    },
    {
        "logStreamName": "2024/11/01/[$LATEST]3a14f95057a141f282e10b418d383f99",
        "timestamp": 1730480017714,
        "message": "[INFO]\t2024-11-01T16:53:37.713Z\t36e00951-109a-41f1-9245-7296c1e3e49c\tTREE_CONSTRUCTOR RequestId: 36e00951-109a-41f1-9245-7296c1e3e49c\t Duration: 101.41541600000892 ms\t InputFile:ORTHOMCL1\t OutputFile:['tree_ORTHOMCL1.nexus']\n",
        "ingestionTime": 1730480026241,
        "eventId": "38590993946188673182828210069666621116628289584844767247"
    },
    {
        "logStreamName": "2024/11/01/[$LATEST]3a14f95057a141f282e10b418d383f99",
        "timestamp": 1730480017714,
        "message": "[INFO] 2024-11-01T16:53:37GMT TREE_CONSTRUCTOR RequestId: 36e00951-109a-41f1-9245-7296c1e3e49c\t Duration: 101.41541600000892 ms\t InputFile:ORTHOMCL1\t OutputFile:['tree_ORTHOMCL1.nexus']\n",
        "ingestionTime": 1730480026241,
        "eventId": "38590993946188673182828210069666621116628289584844767248"
    },
    {
        "logStreamName": "2024/11/01/[$LATEST]3a14f95057a141f282e10b418d383f99",
        "timestamp": 1730480018110,
        "message": "FILE_TRANSFER RequestId: 36e00951-109a-41f1-9245-7296c1e3e49c\t TransferType: produced\t FileName: tree_ORTHOMCL1.nexus\t Bucket: denethor\t FilePath: tree/tree_ORTHOMCL1.nexus\t LocalFilePath: /tmp/tree/tree_ORTHOMCL1.nexus\t FileSize: 339 bytes\t TransferDuration: 396.2683210000364 ms\n",
        "ingestionTime": 1730480026241,
        "eventId": "38590993955019768281446336833714765552597040741213011985"
    },
    {
        "logStreamName": "2024/11/01/[$LATEST]3a14f95057a141f282e10b418d383f99",
        "timestamp": 1730480018112,
        "message": "PRODUCED_FILES_INFO RequestId: 36e00951-109a-41f1-9245-7296c1e3e49c\t FilesCount: 1 files\t FilesSize: 339 bytes\t TransferDuration: 396.2683210000364 ms\t ProducedFiles: ['tree_ORTHOMCL1.nexus']\n",
        "ingestionTime": 1730480026241,
        "eventId": "38590993955064369771843398079997836989142337464224972818"
    },
    {
        "logStreamName": "2024/11/01/[$LATEST]3a14f95057a141f282e10b418d383f99",
        "timestamp": 1730480018112,
        "message": "END RequestId: 36e00951-109a-41f1-9245-7296c1e3e49c\n",
        "ingestionTime": 1730480026241,
        "eventId": "38590993955064369771843398079997836989142337464224972819"
    },
    {
        "logStreamName": "2024/11/01/[$LATEST]3a14f95057a141f282e10b418d383f99",
        "timestamp": 1730480018112,
        "message": "REPORT RequestId: 36e00951-109a-41f1-9245-7296c1e3e49c\tDuration: 900.42 ms\tBilled Duration: 901 ms\tMemory Size: 128 MB\tMax Memory Used: 112 MB\t\n",
        "ingestionTime": 1730480026241,
        "eventId": "38590993955064369771843398079997836989142337464224972820"
    },
    {
        "logStreamName": "2024/11/01/[$LATEST]3a14f95057a141f282e10b418d383f99",
        "timestamp": 1730480018229,
        "message": "START RequestId: d61b98d0-a8b7-4680-87df-160204cff985 Version: $LATEST\n",
        "ingestionTime": 1730480026241,
        "eventId": "38590993957673556960071480987557516027042195760424681493"
    },
    {
        "logStreamName": "2024/11/01/[$LATEST]3a14f95057a141f282e10b418d383f99",
        "timestamp": 1730480018229,
        "message": "[INFO] 2024-11-01T16:53:38GMT [ENV_INFO] env_name: aws_lambda | current_time: 2024-11-01T16:53:38.229711+00:00 | pwd: /var/task\n",
        "ingestionTime": 1730480026241,
        "eventId": "38590993957673556960071480987557516027042195760424681494"
    },
    {
        "logStreamName": "2024/11/01/[$LATEST]3a14f95057a141f282e10b418d383f99",
        "timestamp": 1730480018229,
        "message": "[INFO]\t2024-11-01T16:53:38.229Z\td61b98d0-a8b7-4680-87df-160204cff985\t[ENV_INFO] env_name: aws_lambda | current_time: 2024-11-01T16:53:38.229711+00:00 | pwd: /var/task\n",
        "ingestionTime": 1730480026241,
        "eventId": "38590993957673556960071480987557516027042195760424681495"
    },
    {
        "logStreamName": "2024/11/01/[$LATEST]3a14f95057a141f282e10b418d383f99",
        "timestamp": 1730480018230,
        "message": "[INFO] 2024-11-01T16:53:38GMT [ENV_INFO] env_name: aws_lambda\n",
        "ingestionTime": 1730480026241,
        "eventId": "38590993957695857705270011610699051745314844121930661912"
    },
    {
        "logStreamName": "2024/11/01/[$LATEST]3a14f95057a141f282e10b418d383f99",
        "timestamp": 1730480018230,
        "message": "[INFO]\t2024-11-01T16:53:38.229Z\td61b98d0-a8b7-4680-87df-160204cff985\t[ENV_INFO] env_name: aws_lambda\n",
        "ingestionTime": 1730480026241,
        "eventId": "38590993957695857705270011610699051745314844121930661913"
    },
    {
        "logStreamName": "2024/11/01/[$LATEST]3a14f95057a141f282e10b418d383f99",
        "timestamp": 1730480018230,
        "message": "[INFO] 2024-11-01T16:53:38GMT [ENV_INFO] data_format: nexus\n",
        "ingestionTime": 1730480026241,
        "eventId": "38590993957695857705270011610699051745314844121930661914"
    },
    {
        "logStreamName": "2024/11/01/[$LATEST]3a14f95057a141f282e10b418d383f99",
        "timestamp": 1730480018230,
        "message": "[INFO]\t2024-11-01T16:53:38.230Z\td61b98d0-a8b7-4680-87df-160204cff985\t[ENV_INFO] data_format: nexus\n",
        "ingestionTime": 1730480026241,
        "eventId": "38590993957695857705270011610699051745314844121930661915"
    },
    {
        "logStreamName": "2024/11/01/[$LATEST]3a14f95057a141f282e10b418d383f99",
        "timestamp": 1730480018230,
        "message": "[INFO] 2024-11-01T16:53:38GMT [ENV_INFO] path_config: {'input_file': '/tmp/input', 'tmp': '/tmp', 'tree': '/tmp/tree', 'subtree': '/tmp/subtree', 'mafdb': '/tmp/mafdb', 'clustalw': '/opt/python/clustalw-2.1-linux'}\n",
        "ingestionTime": 1730480026241,
        "eventId": "38590993957695857705270011610699051745314844121930661916"
    },
    {
        "logStreamName": "2024/11/01/[$LATEST]3a14f95057a141f282e10b418d383f99",
        "timestamp": 1730480018230,
        "message": "[INFO]\t2024-11-01T16:53:38.230Z\td61b98d0-a8b7-4680-87df-160204cff985\t[ENV_INFO] path_config: {'input_file': '/tmp/input', 'tmp': '/tmp', 'tree': '/tmp/tree', 'subtree': '/tmp/subtree', 'mafdb': '/tmp/mafdb', 'clustalw': '/opt/python/clustalw-2.1-linux'}\n",
        "ingestionTime": 1730480026241,
        "eventId": "38590993957695857705270011610699051745314844121930661917"
    },
    {
        "logStreamName": "2024/11/01/[$LATEST]3a14f95057a141f282e10b418d383f99",
        "timestamp": 1730480018230,
        "message": "[INFO] 2024-11-01T16:53:38GMT [ENV_INFO] bucket_config: {'bucket_name': 'denethor', 'key_input_files': 'data/full_dataset', 'key_tree_files': 'tree', 'key_subtree_files': 'subtree', 'key_mafdb_files': 'mafdb'}\n",
        "ingestionTime": 1730480026241,
        "eventId": "38590993957695857705270011610699051745314844121930661918"
    },
    {
        "logStreamName": "2024/11/01/[$LATEST]3a14f95057a141f282e10b418d383f99",
        "timestamp": 1730480018230,
        "message": "[INFO]\t2024-11-01T16:53:38.230Z\td61b98d0-a8b7-4680-87df-160204cff985\t[ENV_INFO] bucket_config: {'bucket_name': 'denethor', 'key_input_files': 'data/full_dataset', 'key_tree_files': 'tree', 'key_subtree_files': 'subtree', 'key_mafdb_files': 'mafdb'}\n",
        "ingestionTime": 1730480026241,
        "eventId": "38590993957695857705270011610699051745314844121930661919"
    },
    {
        "logStreamName": "2024/11/01/[$LATEST]3a14f95057a141f282e10b418d383f99",
        "timestamp": 1730480018230,
        "message": "[INFO] 2024-11-01T16:53:38GMT [ENV_INFO] log_config: {'output_type': 'stdout', 'path': 'resources/logs/aws', 'file_name': 'log_[execution_id]_[activity_name].log'}\n",
        "ingestionTime": 1730480026241,
        "eventId": "38590993957695857705270011610699051745314844121930661920"
    },
    {
        "logStreamName": "2024/11/01/[$LATEST]3a14f95057a141f282e10b418d383f99",
        "timestamp": 1730480018230,
        "message": "[INFO]\t2024-11-01T16:53:38.230Z\td61b98d0-a8b7-4680-87df-160204cff985\t[ENV_INFO] log_config: {'output_type': 'stdout', 'path': 'resources/logs/aws', 'file_name': 'log_[execution_id]_[activity_name].log'}\n",
        "ingestionTime": 1730480026241,
        "eventId": "38590993957695857705270011610699051745314844121930661921"
    },
    {
        "logStreamName": "2024/11/01/[$LATEST]3a14f95057a141f282e10b418d383f99",
        "timestamp": 1730480018630,
        "message": "FILE_TRANSFER RequestId: d61b98d0-a8b7-4680-87df-160204cff985\t TransferType: consumed\t FileName: ORTHOMCL256\t Bucket: denethor\t FilePath: data/full_dataset/ORTHOMCL256\t LocalFilePath: /tmp/input/ORTHOMCL256\t FileSize: 2666 bytes\t TransferDuration: 400.26446500002066 ms\n",
        "ingestionTime": 1730480026241,
        "eventId": "38590993966616155784682260867313339054374188724322828322"
    },
    {
        "logStreamName": "2024/11/01/[$LATEST]3a14f95057a141f282e10b418d383f99",
        "timestamp": 1730480018632,
        "message": "CONSUMED_FILES_INFO RequestId: d61b98d0-a8b7-4680-87df-160204cff985\t FilesCount: 1 files\t FilesSize: 2666 bytes\t TransferDuration: 400.26446500002066 ms\t ConsumedFiles: ['ORTHOMCL256']\n",
        "ingestionTime": 1730480026241,
        "eventId": "38590993966660757275079322113596410490919485447334789155"
    },
    {
        "logStreamName": "2024/11/01/[$LATEST]3a14f95057a141f282e10b418d383f99",
        "timestamp": 1730480019193,
        "message": "[INFO] 2024-11-01T16:53:39GMT TREE_CONSTRUCTOR RequestId: d61b98d0-a8b7-4680-87df-160204cff985\t Duration: 561.6904070000146 ms\t InputFile:ORTHOMCL256\t OutputFile:['tree_ORTHOMCL256.nexus']\n",
        "ingestionTime": 1730480026241,
        "eventId": "38590993979171475331455001695997948441875216252189802532"
    },
    {
        "logStreamName": "2024/11/01/[$LATEST]3a14f95057a141f282e10b418d383f99",
        "timestamp": 1730480019193,
        "message": "[INFO]\t2024-11-01T16:53:39.193Z\td61b98d0-a8b7-4680-87df-160204cff985\tTREE_CONSTRUCTOR RequestId: d61b98d0-a8b7-4680-87df-160204cff985\t Duration: 561.6904070000146 ms\t InputFile:ORTHOMCL256\t OutputFile:['tree_ORTHOMCL256.nexus']\n",
        "ingestionTime": 1730480026241,
        "eventId": "38590993979171475331455001695997948441875216252189802533"
    },
    {
        "logStreamName": "2024/11/01/[$LATEST]3a14f95057a141f282e10b418d383f99",
        "timestamp": 1730480019584,
        "message": "FILE_TRANSFER RequestId: d61b98d0-a8b7-4680-87df-160204cff985\t TransferType: produced\t FileName: tree_ORTHOMCL256.nexus\t Bucket: denethor\t FilePath: tree/tree_ORTHOMCL256.nexus\t LocalFilePath: /tmp/tree/tree_ORTHOMCL256.nexus\t FileSize: 640 bytes\t TransferDuration: 390.76449899999943 ms\n",
        "ingestionTime": 1730480026241,
        "eventId": "38590993987891066704080475344338414286480725601028145190"
    },
    {
        "logStreamName": "2024/11/01/[$LATEST]3a14f95057a141f282e10b418d383f99",
        "timestamp": 1730480019591,
        "message": "PRODUCED_FILES_INFO RequestId: d61b98d0-a8b7-4680-87df-160204cff985\t FilesCount: 1 files\t FilesSize: 640 bytes\t TransferDuration: 390.76449899999943 ms\t ProducedFiles: ['tree_ORTHOMCL256.nexus']\n",
        "ingestionTime": 1730480026241,
        "eventId": "38590993988047171920470189706329164314389264131570008103"
    },
    {
        "logStreamName": "2024/11/01/[$LATEST]3a14f95057a141f282e10b418d383f99",
        "timestamp": 1730480019611,
        "message": "END RequestId: d61b98d0-a8b7-4680-87df-160204cff985\n",
        "ingestionTime": 1730480026241,
        "eventId": "38590993988493186824440802169159878679842231361689616424"
    },
    {
        "logStreamName": "2024/11/01/[$LATEST]3a14f95057a141f282e10b418d383f99",
        "timestamp": 1730480019611,
        "message": "REPORT RequestId: d61b98d0-a8b7-4680-87df-160204cff985\tDuration: 1381.89 ms\tBilled Duration: 1382 ms\tMemory Size: 128 MB\tMax Memory Used: 112 MB\t\n",
        "ingestionTime": 1730480026241,
        "eventId": "38590993988493186824440802169159878679842231361689616425"
    }
]