[
    {
        "logStreamName": "2024/08/23/[$LATEST]b8466be5182743a2b3ac5dcee45b5c79",
        "timestamp": 1724433828349,
        "message": "INIT_START Runtime Version: python:3.10.v38\tRuntime Version ARN: arn:aws:lambda:sa-east-1::runtime:cd5b19747c6f456b465655915abd7ec32c616f52b3421c0b532d90cf258e0086\n",
        "ingestionTime": 1724433828499,
        "eventId": "38456159417737742515555724515517987710261822999668260864"
    },
    {
        "logStreamName": "2024/08/23/[$LATEST]b8466be5182743a2b3ac5dcee45b5c79",
        "timestamp": 1724433828436,
        "message": "START RequestId: 5e2d4895-ce67-4493-be24-2f58da65d5ae Version: $LATEST\n",
        "ingestionTime": 1724433837452,
        "eventId": "38456159419677907347827888739655320405208790547028574208"
    },
    {
        "logStreamName": "2024/08/23/[$LATEST]b8466be5182743a2b3ac5dcee45b5c79",
        "timestamp": 1724433828437,
        "message": "[INFO] 2024-08-23T17:23:48.%fZ\n",
        "ingestionTime": 1724433837452,
        "eventId": "38456159419700208093026419362796856123481438908534554625"
    },
    {
        "logStreamName": "2024/08/23/[$LATEST]b8466be5182743a2b3ac5dcee45b5c79",
        "timestamp": 1724433828437,
        "message": "[INFO]\t2024-08-23T17:23:48.437Z\t5e2d4895-ce67-4493-be24-2f58da65d5ae\t[ENV_INFO] env_name=aws_lambda | current_time=2024-08-23T17:23:48.437288+00:00 | pwd=/var/task\n",
        "ingestionTime": 1724433837452,
        "eventId": "38456159419700208093026419362796856123481438908534554626"
    },
    {
        "logStreamName": "2024/08/23/[$LATEST]b8466be5182743a2b3ac5dcee45b5c79",
        "timestamp": 1724433828437,
        "message": "[INFO] 2024-08-23T17:23:48.%fZ\n",
        "ingestionTime": 1724433837452,
        "eventId": "38456159419700208093026419362796856123481438908534554627"
    },
    {
        "logStreamName": "2024/08/23/[$LATEST]b8466be5182743a2b3ac5dcee45b5c79",
        "timestamp": 1724433828437,
        "message": "[INFO]\t2024-08-23T17:23:48.437Z\t5e2d4895-ce67-4493-be24-2f58da65d5ae\t[ENV_INFO] env_name=aws_lambda\n",
        "ingestionTime": 1724433837452,
        "eventId": "38456159419700208093026419362796856123481438908534554628"
    },
    {
        "logStreamName": "2024/08/23/[$LATEST]b8466be5182743a2b3ac5dcee45b5c79",
        "timestamp": 1724433828437,
        "message": "[INFO] 2024-08-23T17:23:48.%fZ\n",
        "ingestionTime": 1724433837452,
        "eventId": "38456159419700208093026419362796856123481438908534554629"
    },
    {
        "logStreamName": "2024/08/23/[$LATEST]b8466be5182743a2b3ac5dcee45b5c79",
        "timestamp": 1724433828437,
        "message": "[INFO]\t2024-08-23T17:23:48.437Z\t5e2d4895-ce67-4493-be24-2f58da65d5ae\t[ENV_INFO] data_format=nexus\n",
        "ingestionTime": 1724433837452,
        "eventId": "38456159419700208093026419362796856123481438908534554630"
    },
    {
        "logStreamName": "2024/08/23/[$LATEST]b8466be5182743a2b3ac5dcee45b5c79",
        "timestamp": 1724433828437,
        "message": "[INFO] 2024-08-23T17:23:48.%fZ\n",
        "ingestionTime": 1724433837452,
        "eventId": "38456159419700208093026419362796856123481438908534554631"
    },
    {
        "logStreamName": "2024/08/23/[$LATEST]b8466be5182743a2b3ac5dcee45b5c79",
        "timestamp": 1724433828437,
        "message": "[INFO]\t2024-08-23T17:23:48.437Z\t5e2d4895-ce67-4493-be24-2f58da65d5ae\t[ENV_INFO] path_config={'input_file': '/tmp/input', 'tmp': '/tmp', 'tree': '/tmp/tree', 'subtree': '/tmp/subtree', 'clustalw': '/opt/python/clustalw-2.1-linux'}\n",
        "ingestionTime": 1724433837452,
        "eventId": "38456159419700208093026419362796856123481438908534554632"
    },
    {
        "logStreamName": "2024/08/23/[$LATEST]b8466be5182743a2b3ac5dcee45b5c79",
        "timestamp": 1724433828437,
        "message": "[INFO] 2024-08-23T17:23:48.%fZ\n",
        "ingestionTime": 1724433837452,
        "eventId": "38456159419700208093026419362796856123481438908534554633"
    },
    {
        "logStreamName": "2024/08/23/[$LATEST]b8466be5182743a2b3ac5dcee45b5c79",
        "timestamp": 1724433828437,
        "message": "[INFO]\t2024-08-23T17:23:48.437Z\t5e2d4895-ce67-4493-be24-2f58da65d5ae\t[ENV_INFO] bucket_config={'bucket_name': 'denethor', 'key_input_files': 'data/full_dataset', 'key_tree_files': 'tree', 'key_subtree_files': 'subtree'}\n",
        "ingestionTime": 1724433837452,
        "eventId": "38456159419700208093026419362796856123481438908534554634"
    },
    {
        "logStreamName": "2024/08/23/[$LATEST]b8466be5182743a2b3ac5dcee45b5c79",
        "timestamp": 1724433828437,
        "message": "[INFO] 2024-08-23T17:23:48.%fZ\n",
        "ingestionTime": 1724433837452,
        "eventId": "38456159419700208093026419362796856123481438908534554635"
    },
    {
        "logStreamName": "2024/08/23/[$LATEST]b8466be5182743a2b3ac5dcee45b5c79",
        "timestamp": 1724433828437,
        "message": "[INFO]\t2024-08-23T17:23:48.437Z\t5e2d4895-ce67-4493-be24-2f58da65d5ae\t[ENV_INFO] log_config={'output_type': 'stdout', 'path': 'resources/logs/aws', 'file_name': 'log_[execution_id]_[activity_name].log'}\n",
        "ingestionTime": 1724433837452,
        "eventId": "38456159419700208093026419362796856123481438908534554636"
    },
    {
        "logStreamName": "2024/08/23/[$LATEST]b8466be5182743a2b3ac5dcee45b5c79",
        "timestamp": 1724433828438,
        "message": "[INFO] 2024-08-23T17:23:48.%fZ\n",
        "ingestionTime": 1724433837452,
        "eventId": "38456159419722508838224949985938391841754087270040535053"
    },
    {
        "logStreamName": "2024/08/23/[$LATEST]b8466be5182743a2b3ac5dcee45b5c79",
        "timestamp": 1724433828438,
        "message": "[INFO]\t2024-08-23T17:23:48.438Z\t5e2d4895-ce67-4493-be24-2f58da65d5ae\tMAF_DATABASE_AGGREGATOR RequestId: 5e2d4895-ce67-4493-be24-2f58da65d5ae\t Duration: 0.15530999999668893 ms\t InputLength: 10\t MaxMaf: 8\t MafDatabase: {'1': {'tree_ORTHOMCL256_Inner4.nexus': ['tree_ORTHOMCL256_2_Inner4.nexus', 'tree_ORTHOMCL256_2_Inner5.nexus', 'tree_ORTHOMCL256_2_Inner6.nexus', 'tree_ORTHOMCL256_2_Inner7.nexus', 'tree_ORTHOMCL256_2_Inner8.nexus'], 'tree_ORTHOMCL256_Inner5.nexus': ['tree_ORTHOMCL256_2_Inner4.nexus'], 'tree_ORTHOMCL256_Inner6.nexus': ['tree_ORTHOMCL256_2_Inner4.nexus'], 'tree_ORTHOMCL256_Inner7.nexus': ['tree_ORTHOMCL256_2_Inner4.nexus'], 'tree_ORTHOMCL256_Inner8.nexus': ['tree_ORTHOMCL256_2_Inner4.nexus'], 'tree_ORTHOMCL256_2_Inner4.nexus': ['tree_ORTHOMCL256_Inner4.nexus', 'tree_ORTHOMCL256_Inner5.nexus', 'tree_ORTHOMCL256_Inner6.nexus', 'tree_ORTHOMCL256_Inner7.nexus', 'tree_ORTHOMCL256_Inner8.nexus'], 'tree_ORTHOMCL256_2_Inner5.nexus': ['tree_ORTHOMCL256_Inner4.nexus'], 'tree_ORTHOMCL256_2_Inner6.nexus': ['tree_ORTHOMCL256_Inner4.nexus'], 'tree_ORTHOMCL256_2_Inner7.nexus': ['tree_ORTHOMCL256_Inner4.nexus'], 'tree_ORTHOMCL256_2_Inner8.nexus': ['tree_ORTHOMCL256_Inner4.nexus']}, '2': {'tree_ORTHOMCL256_Inner1.nexus': ['tree_ORTHOMCL256_2_Inner1.nexus', 'tree_ORTHOMCL256_2_Inner2.nexus', 'tree_ORTHOMCL256_2_Inner3.nexus', 'tree_ORTHOMCL256_2_Inner5.nexus', 'tree_ORTHOMCL256_2_Inner6.nexus', 'tree_ORTHOMCL256_2_Inner7.nexus', 'tree_ORTHOMCL256_2_Inner8.nexus'], 'tree_ORTHOMCL256_Inner2.nexus': ['tree_ORTHOMCL256_2_Inner1.nexus', 'tree_ORTHOMCL256_2_Inner2.nexus', 'tree_ORTHOMCL256_2_Inner3.nexus', 'tree_ORTHOMCL256_2_Inner5.nexus', 'tree_ORTHOMCL256_2_Inner6.nexus', 'tree_ORTHOMCL256_2_Inner7.nexus', 'tree_ORTHOMCL256_2_Inner8.nexus'], 'tree_ORTHOMCL256_Inner3.nexus': ['tree_ORTHOMCL256_2_Inner1.nexus', 'tree_ORTHOMCL256_2_Inner2.nexus'], 'tree_ORTHOMCL256_Inner5.nexus': ['tree_ORTHOMCL256_2_Inner1.nexus', 'tree_ORTHOMCL256_2_Inner2.nexus'], 'tree_ORTHOMCL256_Inner6.nexus': ['tree_ORTHOMCL256_2_Inner1.nexus', 'tree_ORTHOMCL256_2_Inner2.nexus'], 'tree_ORTHOMCL256_Inner7.nexus': ['tree_ORTHOMCL256_2_Inner1.nexus', 'tree_ORTHOMCL256_2_Inner2.nexus'], 'tree_ORTHOMCL256_Inner8.nexus': ['tree_ORTHOMCL256_2_Inner1.nexus', 'tree_ORTHOMCL256_2_Inner2.nexus'], 'tree_ORTHOMCL256_2_Inner1.nexus': ['tree_ORTHOMCL256_Inner1.nexus', 'tree_ORTHOMCL256_Inner2.nexus', 'tree_ORTHOMCL256_Inner3.nexus', 'tree_ORTHOMCL256_Inner5.nexus', 'tree_ORTHOMCL256_Inner6.nexus', 'tree_ORTHOMCL256_Inner7.nexus', 'tree_ORTHOMCL256_Inner8.nexus'], 'tree_ORTHOMCL256_2_Inner2.nexus': ['tree_ORTHOMCL256_Inner1.nexus', 'tree_ORTHOMCL256_Inner2.nexus', 'tree_ORTHOMCL256_Inner3.nexus', 'tree_ORTHOMCL256_Inner5.nexus', 'tree_ORTHOMCL256_Inner6.nexus', 'tree_ORTHOMCL256_Inner7.nexus', 'tree_ORTHOMCL256_Inner8.nexus'], 'tree_ORTHOMCL256_2_Inner3.nexus': ['tree_ORTHOMCL256_Inner1.nexus', 'tree_ORTHOMCL256_Inner2.nexus'], 'tree_ORTHOMCL256_2_Inner5.nexus': ['tree_ORTHOMCL256_Inner1.nexus', 'tree_ORTHOMCL256_Inner2.nexus'], 'tree_ORTHOMCL256_2_Inner6.nexus': ['tree_ORTHOMCL256_Inner1.nexus', 'tree_ORTHOMCL256_Inner2.nexus'], 'tree_ORTHOMCL256_2_Inner7.nexus': ['tree_ORTHOMCL256_Inner1.nexus', 'tree_ORTHOMCL256_Inner2.nexus'], 'tree_ORTHOMCL256_2_Inner8.nexus': ['tree_ORTHOMCL256_Inner1.nexus', 'tree_ORTHOMCL256_Inner2.nexus']}, '3': {'tree_ORTHOMCL256_Inner3.nexus': ['tree_ORTHOMCL256_2_Inner3.nexus', 'tree_ORTHOMCL256_2_Inner5.nexus', 'tree_ORTHOMCL256_2_Inner6.nexus', 'tree_ORTHOMCL256_2_Inner7.nexus', 'tree_ORTHOMCL256_2_Inner8.nexus'], 'tree_ORTHOMCL256_Inner5.nexus': ['tree_ORTHOMCL256_2_Inner3.nexus'], 'tree_ORTHOMCL256_Inner6.nexus': ['tree_ORTHOMCL256_2_Inner3.nexus'], 'tree_ORTHOMCL256_Inner7.nexus': ['tree_ORTHOMCL256_2_Inner3.nexus'], 'tree_ORTHOMCL256_Inner8.nexus': ['tree_ORTHOMCL256_2_Inner3.nexus'], 'tree_ORTHOMCL256_2_Inner3.nexus': ['tree_ORTHOMCL256_Inner3.nexus', 'tree_ORTHOMCL256_Inner5.nexus', 'tree_ORTHOMCL256_Inner6.nexus', 'tree_ORTHOMCL256_Inner7.nexus', 'tree_ORTHOMCL256_Inner8.nexus'], 'tree_ORTHOMCL256_2_Inner5.nexus': ['tree_ORTHOMCL256_Inner3.nexus'], 'tree_ORTHOMCL256_2_Inner6.nexus': ['tree_ORTHOMCL256_Inner3.nexus'], 'tree_ORTHOMCL256_2_Inner7.nexus': ['tree_ORTHOMCL256_Inner3.nexus'], 'tree_ORTHOMCL256_2_Inner8.nexus': ['tree_ORTHOMCL256_Inner3.nexus']}, '4': {'tree_ORTHOMCL256_Inner5.nexus': ['tree_ORTHOMCL256_2_Inner5.nexus', 'tree_ORTHOMCL256_2_Inner6.nexus', 'tree_ORTHOMCL256_2_Inner7.nexus', 'tree_ORTHOMCL256_2_Inner8.nexus'], 'tree_ORTHOMCL256_Inner6.nexus': ['tree_ORTHOMCL256_2_Inner5.nexus'], 'tree_ORTHOMCL256_Inner7.nexus': ['tree_ORTHOMCL256_2_Inner5.nexus'], 'tree_ORTHOMCL256_Inner8.nexus': ['tree_ORTHOMCL256_2_Inner5.nexus'], 'tree_ORTHOMCL256_2_Inner5.nexus': ['tree_ORTHOMCL256_Inner5.nexus', 'tree_ORTHOMCL256_Inner6.nexus', 'tree_ORTHOMCL256_Inner7.nexus', 'tree_ORTHOMCL256_Inner8.nexus'], 'tree_ORTHOMCL256_2_Inner6.nexus': ['tree_ORTHOMCL256_Inner5.nexus'], 'tree_ORTHOMCL256_2_Inner7.nexus': ['tree_ORTHOMCL256_Inner5.nexus'], 'tree_ORTHOMCL256_2_Inner8.nexus': ['tree_ORTHOMCL256_Inner5.nexus']}, '5': {'tree_ORTHOMCL256_Inner6.nexus': ['tree_ORTHOMCL256_2_Inner6.nexus', 'tree_ORTHOMCL256_2_Inner7.nexus', 'tree_ORTHOMCL256_2_Inner8.nexus'], 'tree_ORTHOMCL256_Inner7.nexus': ['tree_ORTHOMCL256_2_Inner6.nexus'], 'tree_ORTHOMCL256_Inner8.nexus': ['tree_ORTHOMCL256_2_Inner6.nexus'], 'tree_ORTHOMCL256_2_Inner6.nexus': ['tree_ORTHOMCL256_Inner6.nexus', 'tree_ORTHOMCL256_Inner7.nexus', 'tree_ORTHOMCL256_Inner8.nexus'], 'tree_ORTHOMCL256_2_Inner7.nexus': ['tree_ORTHOMCL256_Inner6.nexus'], 'tree_ORTHOMCL256_2_Inner8.nexus': ['tree_ORTHOMCL256_Inner6.nexus']}, '6': {'tree_ORTHOMCL256_Inner7.nexus': ['tree_ORTHOMCL256_2_Inner7.nexus', 'tree_ORTHOMCL256_2_Inner8.nexus'], 'tree_ORTHOMCL256_Inner8.nexus': ['tree_ORTHOMCL256_2_Inner7.nexus'], 'tree_ORTHOMCL256_2_Inner7.nexus': ['tree_ORTHOMCL256_Inner7.nexus', 'tree_ORTHOMCL256_Inner8.nexus'], 'tree_ORTHOMCL256_2_Inner8.nexus': ['tree_ORTHOMCL256_Inner7.nexus']}, '8': {'tree_ORTHOMCL256_Inner8.nexus': ['tree_ORTHOMCL256_2_Inner8.nexus'], 'tree_ORTHOMCL256_2_Inner8.nexus': ['tree_ORTHOMCL256_Inner8.nexus']}}\n",
        "ingestionTime": 1724433837452,
        "eventId": "38456159419722508838224949985938391841754087270040535054"
    },
    {
        "logStreamName": "2024/08/23/[$LATEST]b8466be5182743a2b3ac5dcee45b5c79",
        "timestamp": 1724433828445,
        "message": "END RequestId: 5e2d4895-ce67-4493-be24-2f58da65d5ae\n",
        "ingestionTime": 1724433837452,
        "eventId": "38456159419878614054614664347929141869662625800582397967"
    },
    {
        "logStreamName": "2024/08/23/[$LATEST]b8466be5182743a2b3ac5dcee45b5c79",
        "timestamp": 1724433828446,
        "message": "REPORT RequestId: 5e2d4895-ce67-4493-be24-2f58da65d5ae\tDuration: 9.33 ms\tBilled Duration: 10 ms\tMemory Size: 128 MB\tMax Memory Used: 32 MB\tInit Duration: 86.25 ms\t\n",
        "ingestionTime": 1724433837452,
        "eventId": "38456159419900914799813194971070677587935274162088378384"
    }
]