[
    {
        "logStreamName": "2024/12/27/[$LATEST]72534ef4372e43499dd2636ddb21dba4",
        "timestamp": 1735319158829,
        "message": "INIT_START Runtime Version: python:3.10.v46\tRuntime Version ARN: arn:aws:lambda:sa-east-1::runtime:732ad977322a3d3b48316f22772d490c5a1f1898f80a758b6a1de53725c9e97d\n",
        "ingestionTime": 1735319160327,
        "eventId": "38698910399174021558864836182342090228105619933065969664"
    },
    {
        "logStreamName": "2024/12/27/[$LATEST]72534ef4372e43499dd2636ddb21dba4",
        "timestamp": 1735319159639,
        "message": "START RequestId: ce2a5e11-f076-45c0-bc52-03c74c3c16b7 Version: $LATEST\n",
        "ingestionTime": 1735319160327,
        "eventId": "38698910417237625169674640926986022028950792752910106625"
    },
    {
        "logStreamName": "2024/12/27/[$LATEST]72534ef4372e43499dd2636ddb21dba4",
        "timestamp": 1735319159640,
        "message": "Directory /tmp/mafdb was created!\n",
        "ingestionTime": 1735319160327,
        "eventId": "38698910417259925914873171550127557747223441114416087042"
    },
    {
        "logStreamName": "2024/12/27/[$LATEST]72534ef4372e43499dd2636ddb21dba4",
        "timestamp": 1735319159721,
        "message": "FILE_TRANSFER RequestId: ce2a5e11-f076-45c0-bc52-03c74c3c16b7\t TransferType: consumed\t Action: download_from_s3\t FileName: mafdb_6f7a2b1116e6a791f68a03367473294792b679a6357b6789f3f993b1f83e2e80.json\t Bucket: denethor\t FilePath: mafdb/mafdb_6f7a2b1116e6a791f68a03367473294792b679a6357b6789f3f993b1f83e2e80.json\t LocalFilePath: /tmp/mafdb/mafdb_6f7a2b1116e6a791f68a03367473294792b679a6357b6789f3f993b1f83e2e80.json\t FileSize: 185 bytes\t TransferDuration: 80.49817700020867 ms\n",
        "ingestionTime": 1735319160327,
        "eventId": "38698910419066286275954152024591950927307958396400500739"
    },
    {
        "logStreamName": "2024/12/27/[$LATEST]72534ef4372e43499dd2636ddb21dba4",
        "timestamp": 1735319159765,
        "message": "FILE_TRANSFER RequestId: ce2a5e11-f076-45c0-bc52-03c74c3c16b7\t TransferType: consumed\t Action: download_from_s3\t FileName: mafdb_98e1a0698cbb3ad22654b18daf794e4cacd094e1e043d17e253b37083af465ed.json\t Bucket: denethor\t FilePath: mafdb/mafdb_98e1a0698cbb3ad22654b18daf794e4cacd094e1e043d17e253b37083af465ed.json\t LocalFilePath: /tmp/mafdb/mafdb_98e1a0698cbb3ad22654b18daf794e4cacd094e1e043d17e253b37083af465ed.json\t FileSize: 396 bytes\t TransferDuration: 44.21273399975689 ms\n",
        "ingestionTime": 1735319160327,
        "eventId": "38698910420047519064689499442819522531304486302663639044"
    },
    {
        "logStreamName": "2024/12/27/[$LATEST]72534ef4372e43499dd2636ddb21dba4",
        "timestamp": 1735319159765,
        "message": "CONSUMED_FILES_INFO RequestId: ce2a5e11-f076-45c0-bc52-03c74c3c16b7\t FilesCount: 2 files\t FilesSize: 581 bytes\t TransferDuration: 124.71091099996556 ms\t ConsumedFiles: ['mafdb_6f7a2b1116e6a791f68a03367473294792b679a6357b6789f3f993b1f83e2e80.json', 'mafdb_98e1a0698cbb3ad22654b18daf794e4cacd094e1e043d17e253b37083af465ed.json']\n",
        "ingestionTime": 1735319160327,
        "eventId": "38698910420047519064689499442819522531304486302663639045"
    },
    {
        "logStreamName": "2024/12/27/[$LATEST]72534ef4372e43499dd2636ddb21dba4",
        "timestamp": 1735319159765,
        "message": "[INFO] 2024-12-27T17:05:59GMT MAF_DATABASE_AGGREGATOR RequestId: ce2a5e11-f076-45c0-bc52-03c74c3c16b7\t Duration: 0.34524400007285294 ms\t InputLength: 2\t MaxMaf: 0\t MafDatabase: {}\n",
        "ingestionTime": 1735319160327,
        "eventId": "38698910420047519064689499442819522531304486302663639046"
    },
    {
        "logStreamName": "2024/12/27/[$LATEST]72534ef4372e43499dd2636ddb21dba4",
        "timestamp": 1735319159765,
        "message": "[INFO]\t2024-12-27T17:05:59.765Z\tce2a5e11-f076-45c0-bc52-03c74c3c16b7\tMAF_DATABASE_AGGREGATOR RequestId: ce2a5e11-f076-45c0-bc52-03c74c3c16b7\t Duration: 0.34524400007285294 ms\t InputLength: 2\t MaxMaf: 0\t MafDatabase: {}\n",
        "ingestionTime": 1735319160327,
        "eventId": "38698910420047519064689499442819522531304486302663639047"
    },
    {
        "logStreamName": "2024/12/27/[$LATEST]72534ef4372e43499dd2636ddb21dba4",
        "timestamp": 1735319159809,
        "message": "FILE_TRANSFER RequestId: ce2a5e11-f076-45c0-bc52-03c74c3c16b7\t TransferType: produced\t Action: upload_to_s3\t FileName: mafdb_45cbc9bc03b36072876f03fb879a229fd9bd3bfaea1682dcf885c349b07fdac6.json\t Bucket: denethor\t FilePath: mafdb/mafdb_45cbc9bc03b36072876f03fb879a229fd9bd3bfaea1682dcf885c349b07fdac6.json\t LocalFilePath: /tmp/mafdb/mafdb_45cbc9bc03b36072876f03fb879a229fd9bd3bfaea1682dcf885c349b07fdac6.json\t FileSize: 597 bytes\t TransferDuration: 43.25813900004505 ms\n",
        "ingestionTime": 1735319160327,
        "eventId": "38698910421028751853424846861047094135301014208926777352"
    },
    {
        "logStreamName": "2024/12/27/[$LATEST]72534ef4372e43499dd2636ddb21dba4",
        "timestamp": 1735319159809,
        "message": "PRODUCED_FILES_INFO RequestId: ce2a5e11-f076-45c0-bc52-03c74c3c16b7\t FilesCount: 1 files\t FilesSize: 597 bytes\t TransferDuration: 43.25813900004505 ms\t Provider: aws_lambda\t  ProducedFiles: ['mafdb_45cbc9bc03b36072876f03fb879a229fd9bd3bfaea1682dcf885c349b07fdac6.json']\n",
        "ingestionTime": 1735319160327,
        "eventId": "38698910421028751853424846861047094135301014208926777353"
    },
    {
        "logStreamName": "2024/12/27/[$LATEST]72534ef4372e43499dd2636ddb21dba4",
        "timestamp": 1735319159811,
        "message": "END RequestId: ce2a5e11-f076-45c0-bc52-03c74c3c16b7\n",
        "ingestionTime": 1735319160327,
        "eventId": "38698910421073353343821908107330165571846310931938738186"
    },
    {
        "logStreamName": "2024/12/27/[$LATEST]72534ef4372e43499dd2636ddb21dba4",
        "timestamp": 1735319159812,
        "message": "REPORT RequestId: ce2a5e11-f076-45c0-bc52-03c74c3c16b7\tDuration: 172.46 ms\tBilled Duration: 173 ms\tMemory Size: 2048 MB\tMax Memory Used: 105 MB\tInit Duration: 808.90 ms\t\n",
        "ingestionTime": 1735319160327,
        "eventId": "38698910421095654089020438730471701290118959293444718603"
    }
]