[
    {
        "logStreamName": "2024/12/27/[$LATEST]fe2ca5d67ca04e70945f576762e049bd",
        "timestamp": 1735319036866,
        "message": "INIT_START Runtime Version: python:3.10.v46\tRuntime Version ARN: arn:aws:lambda:sa-east-1::runtime:732ad977322a3d3b48316f22772d490c5a1f1898f80a758b6a1de53725c9e97d\n",
        "ingestionTime": 1735319040915,
        "eventId": "38698907679308234910474445826861198819696177741689126912"
    },
    {
        "logStreamName": "2024/12/27/[$LATEST]fe2ca5d67ca04e70945f576762e049bd",
        "timestamp": 1735319037686,
        "message": "START RequestId: bceda88b-c006-4c6b-979d-48d0b845b722 Version: $LATEST\n",
        "ingestionTime": 1735319040915,
        "eventId": "38698907697594845973269556802920487803267834176593068033"
    },
    {
        "logStreamName": "2024/12/27/[$LATEST]fe2ca5d67ca04e70945f576762e049bd",
        "timestamp": 1735319037687,
        "message": "Directory /tmp/subtree was created!\n",
        "ingestionTime": 1735319040915,
        "eventId": "38698907697617146718468087426062023521540482538099048450"
    },
    {
        "logStreamName": "2024/12/27/[$LATEST]fe2ca5d67ca04e70945f576762e049bd",
        "timestamp": 1735319037687,
        "message": "Directory /tmp/mafdb was created!\n",
        "ingestionTime": 1735319040915,
        "eventId": "38698907697617146718468087426062023521540482538099048451"
    },
    {
        "logStreamName": "2024/12/27/[$LATEST]fe2ca5d67ca04e70945f576762e049bd",
        "timestamp": 1735319037792,
        "message": "FILE_TRANSFER RequestId: bceda88b-c006-4c6b-979d-48d0b845b722\t TransferType: consumed\t Action: download_from_s3\t FileName: tree_ORTHOMCL1_Inner1.nexus\t Bucket: denethor\t FilePath: subtree/tree_ORTHOMCL1_Inner1.nexus\t LocalFilePath: /tmp/subtree/tree_ORTHOMCL1_Inner1.nexus\t FileSize: 185 bytes\t TransferDuration: 105.06940699997358 ms\n",
        "ingestionTime": 1735319040915,
        "eventId": "38698907699958724964313802855923273940168560496226992132"
    },
    {
        "logStreamName": "2024/12/27/[$LATEST]fe2ca5d67ca04e70945f576762e049bd",
        "timestamp": 1735319037834,
        "message": "FILE_TRANSFER RequestId: bceda88b-c006-4c6b-979d-48d0b845b722\t TransferType: consumed\t Action: download_from_s3\t FileName: tree_ORTHOMCL1_Inner2.nexus\t Bucket: denethor\t FilePath: subtree/tree_ORTHOMCL1_Inner2.nexus\t LocalFilePath: /tmp/subtree/tree_ORTHOMCL1_Inner2.nexus\t FileSize: 185 bytes\t TransferDuration: 41.120739000007234 ms\n",
        "ingestionTime": 1735319040915,
        "eventId": "38698907700895356262652089027867774107619791679478169605"
    },
    {
        "logStreamName": "2024/12/27/[$LATEST]fe2ca5d67ca04e70945f576762e049bd",
        "timestamp": 1735319037873,
        "message": "FILE_TRANSFER RequestId: bceda88b-c006-4c6b-979d-48d0b845b722\t TransferType: consumed\t Action: download_from_s3\t FileName: tree_ORTHOMCL1_Inner3.nexus\t Bucket: denethor\t FilePath: subtree/tree_ORTHOMCL1_Inner3.nexus\t LocalFilePath: /tmp/subtree/tree_ORTHOMCL1_Inner3.nexus\t FileSize: 339 bytes\t TransferDuration: 39.03978599998936 ms\n",
        "ingestionTime": 1735319040915,
        "eventId": "38698907701765085325394783330387667120253077778211405830"
    },
    {
        "logStreamName": "2024/12/27/[$LATEST]fe2ca5d67ca04e70945f576762e049bd",
        "timestamp": 1735319037911,
        "message": "FILE_TRANSFER RequestId: bceda88b-c006-4c6b-979d-48d0b845b722\t TransferType: consumed\t Action: download_from_s3\t FileName: tree_ORTHOMCL256_Inner1.nexus\t Bucket: denethor\t FilePath: subtree/tree_ORTHOMCL256_Inner1.nexus\t LocalFilePath: /tmp/subtree/tree_ORTHOMCL256_Inner1.nexus\t FileSize: 187 bytes\t TransferDuration: 38.45598099997005 ms\n",
        "ingestionTime": 1735319040915,
        "eventId": "38698907702612513642938947009766024414613715515438661639"
    },
    {
        "logStreamName": "2024/12/27/[$LATEST]fe2ca5d67ca04e70945f576762e049bd",
        "timestamp": 1735319037955,
        "message": "FILE_TRANSFER RequestId: bceda88b-c006-4c6b-979d-48d0b845b722\t TransferType: consumed\t Action: download_from_s3\t FileName: tree_ORTHOMCL256_Inner2.nexus\t Bucket: denethor\t FilePath: subtree/tree_ORTHOMCL256_Inner2.nexus\t LocalFilePath: /tmp/subtree/tree_ORTHOMCL256_Inner2.nexus\t FileSize: 245 bytes\t TransferDuration: 43.61981200008813 ms\n",
        "ingestionTime": 1735319040915,
        "eventId": "38698907703593746431674294427993596018610243421701799944"
    },
    {
        "logStreamName": "2024/12/27/[$LATEST]fe2ca5d67ca04e70945f576762e049bd",
        "timestamp": 1735319037992,
        "message": "FILE_TRANSFER RequestId: bceda88b-c006-4c6b-979d-48d0b845b722\t TransferType: consumed\t Action: download_from_s3\t FileName: tree_ORTHOMCL256_Inner3.nexus\t Bucket: denethor\t FilePath: subtree/tree_ORTHOMCL256_Inner3.nexus\t LocalFilePath: /tmp/subtree/tree_ORTHOMCL256_Inner3.nexus\t FileSize: 301 bytes\t TransferDuration: 37.26455599996825 ms\n",
        "ingestionTime": 1735319040915,
        "eventId": "38698907704418874004019927484230417594698232797423075337"
    },
    {
        "logStreamName": "2024/12/27/[$LATEST]fe2ca5d67ca04e70945f576762e049bd",
        "timestamp": 1735319038029,
        "message": "FILE_TRANSFER RequestId: bceda88b-c006-4c6b-979d-48d0b845b722\t TransferType: consumed\t Action: download_from_s3\t FileName: tree_ORTHOMCL256_Inner4.nexus\t Bucket: denethor\t FilePath: subtree/tree_ORTHOMCL256_Inner4.nexus\t LocalFilePath: /tmp/subtree/tree_ORTHOMCL256_Inner4.nexus\t FileSize: 191 bytes\t TransferDuration: 37.28702900002645 ms\n",
        "ingestionTime": 1735319040915,
        "eventId": "38698907705244001576365560540467239170786222173144350730"
    },
    {
        "logStreamName": "2024/12/27/[$LATEST]fe2ca5d67ca04e70945f576762e049bd",
        "timestamp": 1735319038070,
        "message": "FILE_TRANSFER RequestId: bceda88b-c006-4c6b-979d-48d0b845b722\t TransferType: consumed\t Action: download_from_s3\t FileName: tree_ORTHOMCL256_Inner5.nexus\t Bucket: denethor\t FilePath: subtree/tree_ORTHOMCL256_Inner5.nexus\t LocalFilePath: /tmp/subtree/tree_ORTHOMCL256_Inner5.nexus\t FileSize: 421 bytes\t TransferDuration: 40.054676999943695 ms\n",
        "ingestionTime": 1735319040915,
        "eventId": "38698907706158332129505316089270203619964804994889547787"
    },
    {
        "logStreamName": "2024/12/27/[$LATEST]fe2ca5d67ca04e70945f576762e049bd",
        "timestamp": 1735319038111,
        "message": "FILE_TRANSFER RequestId: bceda88b-c006-4c6b-979d-48d0b845b722\t TransferType: consumed\t Action: download_from_s3\t FileName: tree_ORTHOMCL256_Inner6.nexus\t Bucket: denethor\t FilePath: subtree/tree_ORTHOMCL256_Inner6.nexus\t LocalFilePath: /tmp/subtree/tree_ORTHOMCL256_Inner6.nexus\t FileSize: 481 bytes\t TransferDuration: 41.02684800000134 ms\n",
        "ingestionTime": 1735319040915,
        "eventId": "38698907707072662682645071638073168069143387816634744844"
    },
    {
        "logStreamName": "2024/12/27/[$LATEST]fe2ca5d67ca04e70945f576762e049bd",
        "timestamp": 1735319038150,
        "message": "FILE_TRANSFER RequestId: bceda88b-c006-4c6b-979d-48d0b845b722\t TransferType: consumed\t Action: download_from_s3\t FileName: tree_ORTHOMCL256_Inner7.nexus\t Bucket: denethor\t FilePath: subtree/tree_ORTHOMCL256_Inner7.nexus\t LocalFilePath: /tmp/subtree/tree_ORTHOMCL256_Inner7.nexus\t FileSize: 539 bytes\t TransferDuration: 38.92312299990408 ms\n",
        "ingestionTime": 1735319040915,
        "eventId": "38698907707942391745387765940593061081776673915367981069"
    },
    {
        "logStreamName": "2024/12/27/[$LATEST]fe2ca5d67ca04e70945f576762e049bd",
        "timestamp": 1735319038193,
        "message": "FILE_TRANSFER RequestId: bceda88b-c006-4c6b-979d-48d0b845b722\t TransferType: consumed\t Action: download_from_s3\t FileName: tree_ORTHOMCL256_Inner8.nexus\t Bucket: denethor\t FilePath: subtree/tree_ORTHOMCL256_Inner8.nexus\t LocalFilePath: /tmp/subtree/tree_ORTHOMCL256_Inner8.nexus\t FileSize: 640 bytes\t TransferDuration: 43.6492520000229 ms\n",
        "ingestionTime": 1735319040915,
        "eventId": "38698907708901323788924582735679096967500553460125138958"
    },
    {
        "logStreamName": "2024/12/27/[$LATEST]fe2ca5d67ca04e70945f576762e049bd",
        "timestamp": 1735319038194,
        "message": "CONSUMED_FILES_INFO RequestId: bceda88b-c006-4c6b-979d-48d0b845b722\t FilesCount: 11 files\t FilesSize: 3714 bytes\t TransferDuration: 505.5112099998951 ms\t ConsumedFiles: ['tree_ORTHOMCL1_Inner1.nexus', 'tree_ORTHOMCL1_Inner2.nexus', 'tree_ORTHOMCL1_Inner3.nexus', 'tree_ORTHOMCL256_Inner1.nexus', 'tree_ORTHOMCL256_Inner2.nexus', 'tree_ORTHOMCL256_Inner3.nexus', 'tree_ORTHOMCL256_Inner4.nexus', 'tree_ORTHOMCL256_Inner5.nexus', 'tree_ORTHOMCL256_Inner6.nexus', 'tree_ORTHOMCL256_Inner7.nexus', 'tree_ORTHOMCL256_Inner8.nexus']\n",
        "ingestionTime": 1735319040915,
        "eventId": "38698907708923624534123113358820632685773201821631119375"
    },
    {
        "logStreamName": "2024/12/27/[$LATEST]fe2ca5d67ca04e70945f576762e049bd",
        "timestamp": 1735319038194,
        "message": "subtree_matrix: processing file tree_ORTHOMCL1_Inner1.nexus of ['tree_ORTHOMCL1_Inner1.nexus', 'tree_ORTHOMCL1_Inner2.nexus', 'tree_ORTHOMCL1_Inner3.nexus']\n",
        "ingestionTime": 1735319040915,
        "eventId": "38698907708923624534123113358820632685773201821631119376"
    },
    {
        "logStreamName": "2024/12/27/[$LATEST]fe2ca5d67ca04e70945f576762e049bd",
        "timestamp": 1735319038219,
        "message": "subtree_matrix: processing file tree_ORTHOMCL1_Inner2.nexus of ['tree_ORTHOMCL1_Inner1.nexus', 'tree_ORTHOMCL1_Inner2.nexus', 'tree_ORTHOMCL1_Inner3.nexus']\n",
        "ingestionTime": 1735319040915,
        "eventId": "38698907709481143164086378937359025642589410859280629777"
    },
    {
        "logStreamName": "2024/12/27/[$LATEST]fe2ca5d67ca04e70945f576762e049bd",
        "timestamp": 1735319038240,
        "message": "subtree_matrix: processing file tree_ORTHOMCL1_Inner3.nexus of ['tree_ORTHOMCL1_Inner1.nexus', 'tree_ORTHOMCL1_Inner2.nexus', 'tree_ORTHOMCL1_Inner3.nexus']\n",
        "ingestionTime": 1735319040915,
        "eventId": "38698907709949458813255522023331275726315026450906218514"
    },
    {
        "logStreamName": "2024/12/27/[$LATEST]fe2ca5d67ca04e70945f576762e049bd",
        "timestamp": 1735319038283,
        "message": "Tempo de construção do maf_database: 89.349570999957 milissegundos\n",
        "ingestionTime": 1735319040915,
        "eventId": "38698907710908390856792338818417311612038905995663376403"
    },
    {
        "logStreamName": "2024/12/27/[$LATEST]fe2ca5d67ca04e70945f576762e049bd",
        "timestamp": 1735319038283,
        "message": "[INFO] 2024-12-27T17:03:58GMT MAF_DATABASE_CREATOR RequestId: bceda88b-c006-4c6b-979d-48d0b845b722\t Duration: 89.349570999957 ms\t InputSubtrees: ['tree_ORTHOMCL1_Inner1.nexus', 'tree_ORTHOMCL1_Inner2.nexus', 'tree_ORTHOMCL1_Inner3.nexus']\t MafDatabaseFile: mafdb_6f7a2b1116e6a791f68a03367473294792b679a6357b6789f3f993b1f83e2e80.json\n",
        "ingestionTime": 1735319040915,
        "eventId": "38698907710908390856792338818417311612038905995663376404"
    },
    {
        "logStreamName": "2024/12/27/[$LATEST]fe2ca5d67ca04e70945f576762e049bd",
        "timestamp": 1735319038283,
        "message": "[INFO]\t2024-12-27T17:03:58.283Z\tbceda88b-c006-4c6b-979d-48d0b845b722\tMAF_DATABASE_CREATOR RequestId: bceda88b-c006-4c6b-979d-48d0b845b722\t Duration: 89.349570999957 ms\t InputSubtrees: ['tree_ORTHOMCL1_Inner1.nexus', 'tree_ORTHOMCL1_Inner2.nexus', 'tree_ORTHOMCL1_Inner3.nexus']\t MafDatabaseFile: mafdb_6f7a2b1116e6a791f68a03367473294792b679a6357b6789f3f993b1f83e2e80.json\n",
        "ingestionTime": 1735319040915,
        "eventId": "38698907710908390856792338818417311612038905995663376405"
    },
    {
        "logStreamName": "2024/12/27/[$LATEST]fe2ca5d67ca04e70945f576762e049bd",
        "timestamp": 1735319038421,
        "message": "FILE_TRANSFER RequestId: bceda88b-c006-4c6b-979d-48d0b845b722\t TransferType: produced\t Action: upload_to_s3\t FileName: mafdb_6f7a2b1116e6a791f68a03367473294792b679a6357b6789f3f993b1f83e2e80.json\t Bucket: denethor\t FilePath: mafdb/mafdb_6f7a2b1116e6a791f68a03367473294792b679a6357b6789f3f993b1f83e2e80.json\t LocalFilePath: /tmp/mafdb/mafdb_6f7a2b1116e6a791f68a03367473294792b679a6357b6789f3f993b1f83e2e80.json\t FileSize: 185 bytes\t TransferDuration: 37.5644089999696 ms\n",
        "ingestionTime": 1735319040915,
        "eventId": "38698907713985893694189564811949240733664379883488673814"
    },
    {
        "logStreamName": "2024/12/27/[$LATEST]fe2ca5d67ca04e70945f576762e049bd",
        "timestamp": 1735319038421,
        "message": "PRODUCED_FILES_INFO RequestId: bceda88b-c006-4c6b-979d-48d0b845b722\t FilesCount: 1 files\t FilesSize: 185 bytes\t TransferDuration: 37.5644089999696 ms\t Provider: aws_lambda\t  ProducedFiles: ['mafdb_6f7a2b1116e6a791f68a03367473294792b679a6357b6789f3f993b1f83e2e80.json']\n",
        "ingestionTime": 1735319040915,
        "eventId": "38698907713985893694189564811949240733664379883488673815"
    },
    {
        "logStreamName": "2024/12/27/[$LATEST]fe2ca5d67ca04e70945f576762e049bd",
        "timestamp": 1735319038424,
        "message": "END RequestId: bceda88b-c006-4c6b-979d-48d0b845b722\n",
        "ingestionTime": 1735319040915,
        "eventId": "38698907714052795929785156681373847888482324968006615064"
    },
    {
        "logStreamName": "2024/12/27/[$LATEST]fe2ca5d67ca04e70945f576762e049bd",
        "timestamp": 1735319038424,
        "message": "REPORT RequestId: bceda88b-c006-4c6b-979d-48d0b845b722\tDuration: 737.93 ms\tBilled Duration: 738 ms\tMemory Size: 512 MB\tMax Memory Used: 105 MB\tInit Duration: 819.12 ms\t\n",
        "ingestionTime": 1735319040915,
        "eventId": "38698907714052795929785156681373847888482324968006615065"
    },
    {
        "logStreamName": "2024/12/27/[$LATEST]fe2ca5d67ca04e70945f576762e049bd",
        "timestamp": 1735319038625,
        "message": "START RequestId: c5b1b4fe-1868-4a93-a923-5c67f9f07975 Version: $LATEST\n",
        "ingestionTime": 1735319040915,
        "eventId": "38698907718535245714689811932822527261284645630708678682"
    },
    {
        "logStreamName": "2024/12/27/[$LATEST]fe2ca5d67ca04e70945f576762e049bd",
        "timestamp": 1735319038657,
        "message": "FILE_TRANSFER RequestId: c5b1b4fe-1868-4a93-a923-5c67f9f07975\t TransferType: consumed\t Action: download_from_s3\t FileName: tree_ORTHOMCL1_Inner1.nexus\t Bucket: denethor\t FilePath: subtree/tree_ORTHOMCL1_Inner1.nexus\t LocalFilePath: /tmp/subtree/tree_ORTHOMCL1_Inner1.nexus\t FileSize: 185 bytes\t TransferDuration: 31.88453699999627 ms\n",
        "ingestionTime": 1735319040915,
        "eventId": "38698907719248869561042791873351670246009393198900051995"
    },
    {
        "logStreamName": "2024/12/27/[$LATEST]fe2ca5d67ca04e70945f576762e049bd",
        "timestamp": 1735319038690,
        "message": "FILE_TRANSFER RequestId: c5b1b4fe-1868-4a93-a923-5c67f9f07975\t TransferType: consumed\t Action: download_from_s3\t FileName: tree_ORTHOMCL1_Inner2.nexus\t Bucket: denethor\t FilePath: subtree/tree_ORTHOMCL1_Inner2.nexus\t LocalFilePath: /tmp/subtree/tree_ORTHOMCL1_Inner2.nexus\t FileSize: 185 bytes\t TransferDuration: 32.579226000052586 ms\n",
        "ingestionTime": 1735319040915,
        "eventId": "38698907719984794152594302437022348949006789128597405724"
    },
    {
        "logStreamName": "2024/12/27/[$LATEST]fe2ca5d67ca04e70945f576762e049bd",
        "timestamp": 1735319038731,
        "message": "FILE_TRANSFER RequestId: c5b1b4fe-1868-4a93-a923-5c67f9f07975\t TransferType: consumed\t Action: download_from_s3\t FileName: tree_ORTHOMCL1_Inner3.nexus\t Bucket: denethor\t FilePath: subtree/tree_ORTHOMCL1_Inner3.nexus\t LocalFilePath: /tmp/subtree/tree_ORTHOMCL1_Inner3.nexus\t FileSize: 339 bytes\t TransferDuration: 40.99149399996804 ms\n",
        "ingestionTime": 1735319040915,
        "eventId": "38698907720899124705734057985825313398185371950342602781"
    },
    {
        "logStreamName": "2024/12/27/[$LATEST]fe2ca5d67ca04e70945f576762e049bd",
        "timestamp": 1735319038766,
        "message": "FILE_TRANSFER RequestId: c5b1b4fe-1868-4a93-a923-5c67f9f07975\t TransferType: consumed\t Action: download_from_s3\t FileName: tree_ORTHOMCL256_Inner1.nexus\t Bucket: denethor\t FilePath: subtree/tree_ORTHOMCL256_Inner1.nexus\t LocalFilePath: /tmp/subtree/tree_ORTHOMCL256_Inner1.nexus\t FileSize: 187 bytes\t TransferDuration: 35.03251799997997 ms\n",
        "ingestionTime": 1735319040915,
        "eventId": "38698907721679650787682629795779063537728064603051917342"
    },
    {
        "logStreamName": "2024/12/27/[$LATEST]fe2ca5d67ca04e70945f576762e049bd",
        "timestamp": 1735319038803,
        "message": "FILE_TRANSFER RequestId: c5b1b4fe-1868-4a93-a923-5c67f9f07975\t TransferType: consumed\t Action: download_from_s3\t FileName: tree_ORTHOMCL256_Inner2.nexus\t Bucket: denethor\t FilePath: subtree/tree_ORTHOMCL256_Inner2.nexus\t LocalFilePath: /tmp/subtree/tree_ORTHOMCL256_Inner2.nexus\t FileSize: 245 bytes\t TransferDuration: 37.518836999993255 ms\n",
        "ingestionTime": 1735319040915,
        "eventId": "38698907722504778360028262852015885113816053978773192735"
    },
    {
        "logStreamName": "2024/12/27/[$LATEST]fe2ca5d67ca04e70945f576762e049bd",
        "timestamp": 1735319038838,
        "message": "FILE_TRANSFER RequestId: c5b1b4fe-1868-4a93-a923-5c67f9f07975\t TransferType: consumed\t Action: download_from_s3\t FileName: tree_ORTHOMCL256_Inner3.nexus\t Bucket: denethor\t FilePath: subtree/tree_ORTHOMCL256_Inner3.nexus\t LocalFilePath: /tmp/subtree/tree_ORTHOMCL256_Inner3.nexus\t FileSize: 301 bytes\t TransferDuration: 34.457323000083306 ms\n",
        "ingestionTime": 1735319040915,
        "eventId": "38698907723285304441976834661969635253358746631482507296"
    },
    {
        "logStreamName": "2024/12/27/[$LATEST]fe2ca5d67ca04e70945f576762e049bd",
        "timestamp": 1735319038871,
        "message": "FILE_TRANSFER RequestId: c5b1b4fe-1868-4a93-a923-5c67f9f07975\t TransferType: consumed\t Action: download_from_s3\t FileName: tree_ORTHOMCL256_Inner4.nexus\t Bucket: denethor\t FilePath: subtree/tree_ORTHOMCL256_Inner4.nexus\t LocalFilePath: /tmp/subtree/tree_ORTHOMCL256_Inner4.nexus\t FileSize: 191 bytes\t TransferDuration: 33.012672000040766 ms\n",
        "ingestionTime": 1735319040915,
        "eventId": "38698907724021229033528345225640313956356142561179861025"
    },
    {
        "logStreamName": "2024/12/27/[$LATEST]fe2ca5d67ca04e70945f576762e049bd",
        "timestamp": 1735319038905,
        "message": "FILE_TRANSFER RequestId: c5b1b4fe-1868-4a93-a923-5c67f9f07975\t TransferType: consumed\t Action: download_from_s3\t FileName: tree_ORTHOMCL256_Inner5.nexus\t Bucket: denethor\t FilePath: subtree/tree_ORTHOMCL256_Inner5.nexus\t LocalFilePath: /tmp/subtree/tree_ORTHOMCL256_Inner5.nexus\t FileSize: 421 bytes\t TransferDuration: 33.85646399999587 ms\n",
        "ingestionTime": 1735319040915,
        "eventId": "38698907724779454370278386412452528377626186852383195170"
    },
    {
        "logStreamName": "2024/12/27/[$LATEST]fe2ca5d67ca04e70945f576762e049bd",
        "timestamp": 1735319038939,
        "message": "FILE_TRANSFER RequestId: c5b1b4fe-1868-4a93-a923-5c67f9f07975\t TransferType: consumed\t Action: download_from_s3\t FileName: tree_ORTHOMCL256_Inner6.nexus\t Bucket: denethor\t FilePath: subtree/tree_ORTHOMCL256_Inner6.nexus\t LocalFilePath: /tmp/subtree/tree_ORTHOMCL256_Inner6.nexus\t FileSize: 481 bytes\t TransferDuration: 34.098008000000846 ms\n",
        "ingestionTime": 1735319040915,
        "eventId": "38698907725537679707028427599264742798896231143586529315"
    },
    {
        "logStreamName": "2024/12/27/[$LATEST]fe2ca5d67ca04e70945f576762e049bd",
        "timestamp": 1735319038975,
        "message": "FILE_TRANSFER RequestId: c5b1b4fe-1868-4a93-a923-5c67f9f07975\t TransferType: consumed\t Action: download_from_s3\t FileName: tree_ORTHOMCL256_Inner7.nexus\t Bucket: denethor\t FilePath: subtree/tree_ORTHOMCL256_Inner7.nexus\t LocalFilePath: /tmp/subtree/tree_ORTHOMCL256_Inner7.nexus\t FileSize: 539 bytes\t TransferDuration: 35.95291499993891 ms\n",
        "ingestionTime": 1735319040915,
        "eventId": "38698907726340506534175530032360028656711572157801824292"
    },
    {
        "logStreamName": "2024/12/27/[$LATEST]fe2ca5d67ca04e70945f576762e049bd",
        "timestamp": 1735319039014,
        "message": "FILE_TRANSFER RequestId: c5b1b4fe-1868-4a93-a923-5c67f9f07975\t TransferType: consumed\t Action: download_from_s3\t FileName: tree_ORTHOMCL256_Inner8.nexus\t Bucket: denethor\t FilePath: subtree/tree_ORTHOMCL256_Inner8.nexus\t LocalFilePath: /tmp/subtree/tree_ORTHOMCL256_Inner8.nexus\t FileSize: 640 bytes\t TransferDuration: 34.60100899997087 ms\n",
        "ingestionTime": 1735319040915,
        "eventId": "38698907727210235596918224334879921669344858256535060517"
    },
    {
        "logStreamName": "2024/12/27/[$LATEST]fe2ca5d67ca04e70945f576762e049bd",
        "timestamp": 1735319039014,
        "message": "CONSUMED_FILES_INFO RequestId: c5b1b4fe-1868-4a93-a923-5c67f9f07975\t FilesCount: 11 files\t FilesSize: 3714 bytes\t TransferDuration: 383.9850030000207 ms\t ConsumedFiles: ['tree_ORTHOMCL1_Inner1.nexus', 'tree_ORTHOMCL1_Inner2.nexus', 'tree_ORTHOMCL1_Inner3.nexus', 'tree_ORTHOMCL256_Inner1.nexus', 'tree_ORTHOMCL256_Inner2.nexus', 'tree_ORTHOMCL256_Inner3.nexus', 'tree_ORTHOMCL256_Inner4.nexus', 'tree_ORTHOMCL256_Inner5.nexus', 'tree_ORTHOMCL256_Inner6.nexus', 'tree_ORTHOMCL256_Inner7.nexus', 'tree_ORTHOMCL256_Inner8.nexus']\n",
        "ingestionTime": 1735319040915,
        "eventId": "38698907727210235596918224334879921669344858256535060518"
    },
    {
        "logStreamName": "2024/12/27/[$LATEST]fe2ca5d67ca04e70945f576762e049bd",
        "timestamp": 1735319039014,
        "message": "subtree_matrix: processing file tree_ORTHOMCL256_Inner1.nexus of ['tree_ORTHOMCL256_Inner1.nexus', 'tree_ORTHOMCL256_Inner2.nexus', 'tree_ORTHOMCL256_Inner3.nexus', 'tree_ORTHOMCL256_Inner4.nexus', 'tree_ORTHOMCL256_Inner5.nexus', 'tree_ORTHOMCL256_Inner6.nexus', 'tree_ORTHOMCL256_Inner7.nexus', 'tree_ORTHOMCL256_Inner8.nexus']\n",
        "ingestionTime": 1735319040915,
        "eventId": "38698907727210235596918224334879921669344858256535060519"
    },
    {
        "logStreamName": "2024/12/27/[$LATEST]fe2ca5d67ca04e70945f576762e049bd",
        "timestamp": 1735319039014,
        "message": "subtree_matrix: processing file tree_ORTHOMCL256_Inner2.nexus of ['tree_ORTHOMCL256_Inner1.nexus', 'tree_ORTHOMCL256_Inner2.nexus', 'tree_ORTHOMCL256_Inner3.nexus', 'tree_ORTHOMCL256_Inner4.nexus', 'tree_ORTHOMCL256_Inner5.nexus', 'tree_ORTHOMCL256_Inner6.nexus', 'tree_ORTHOMCL256_Inner7.nexus', 'tree_ORTHOMCL256_Inner8.nexus']\n",
        "ingestionTime": 1735319040915,
        "eventId": "38698907727210235596918224334879921669344858256535060520"
    },
    {
        "logStreamName": "2024/12/27/[$LATEST]fe2ca5d67ca04e70945f576762e049bd",
        "timestamp": 1735319039019,
        "message": "subtree_matrix: processing file tree_ORTHOMCL256_Inner3.nexus of ['tree_ORTHOMCL256_Inner1.nexus', 'tree_ORTHOMCL256_Inner2.nexus', 'tree_ORTHOMCL256_Inner3.nexus', 'tree_ORTHOMCL256_Inner4.nexus', 'tree_ORTHOMCL256_Inner5.nexus', 'tree_ORTHOMCL256_Inner6.nexus', 'tree_ORTHOMCL256_Inner7.nexus', 'tree_ORTHOMCL256_Inner8.nexus']\n",
        "ingestionTime": 1735319040915,
        "eventId": "38698907727321739322910877450587600260708100064064962601"
    },
    {
        "logStreamName": "2024/12/27/[$LATEST]fe2ca5d67ca04e70945f576762e049bd",
        "timestamp": 1735319039022,
        "message": "subtree_matrix: processing file tree_ORTHOMCL256_Inner4.nexus of ['tree_ORTHOMCL256_Inner1.nexus', 'tree_ORTHOMCL256_Inner2.nexus', 'tree_ORTHOMCL256_Inner3.nexus', 'tree_ORTHOMCL256_Inner4.nexus', 'tree_ORTHOMCL256_Inner5.nexus', 'tree_ORTHOMCL256_Inner6.nexus', 'tree_ORTHOMCL256_Inner7.nexus', 'tree_ORTHOMCL256_Inner8.nexus']\n",
        "ingestionTime": 1735319040915,
        "eventId": "38698907727388641558506469320012207415526045148582903850"
    },
    {
        "logStreamName": "2024/12/27/[$LATEST]fe2ca5d67ca04e70945f576762e049bd",
        "timestamp": 1735319039024,
        "message": "subtree_matrix: processing file tree_ORTHOMCL256_Inner5.nexus of ['tree_ORTHOMCL256_Inner1.nexus', 'tree_ORTHOMCL256_Inner2.nexus', 'tree_ORTHOMCL256_Inner3.nexus', 'tree_ORTHOMCL256_Inner4.nexus', 'tree_ORTHOMCL256_Inner5.nexus', 'tree_ORTHOMCL256_Inner6.nexus', 'tree_ORTHOMCL256_Inner7.nexus', 'tree_ORTHOMCL256_Inner8.nexus']\n",
        "ingestionTime": 1735319040915,
        "eventId": "38698907727433243048903530566295278852071341871594864683"
    },
    {
        "logStreamName": "2024/12/27/[$LATEST]fe2ca5d67ca04e70945f576762e049bd",
        "timestamp": 1735319039040,
        "message": "subtree_matrix: processing file tree_ORTHOMCL256_Inner6.nexus of ['tree_ORTHOMCL256_Inner1.nexus', 'tree_ORTHOMCL256_Inner2.nexus', 'tree_ORTHOMCL256_Inner3.nexus', 'tree_ORTHOMCL256_Inner4.nexus', 'tree_ORTHOMCL256_Inner5.nexus', 'tree_ORTHOMCL256_Inner6.nexus', 'tree_ORTHOMCL256_Inner7.nexus', 'tree_ORTHOMCL256_Inner8.nexus']\n",
        "ingestionTime": 1735319040915,
        "eventId": "38698907727790054972080020536559850344433715655690551340"
    },
    {
        "logStreamName": "2024/12/27/[$LATEST]fe2ca5d67ca04e70945f576762e049bd",
        "timestamp": 1735319039061,
        "message": "subtree_matrix: processing file tree_ORTHOMCL256_Inner7.nexus of ['tree_ORTHOMCL256_Inner1.nexus', 'tree_ORTHOMCL256_Inner2.nexus', 'tree_ORTHOMCL256_Inner3.nexus', 'tree_ORTHOMCL256_Inner4.nexus', 'tree_ORTHOMCL256_Inner5.nexus', 'tree_ORTHOMCL256_Inner6.nexus', 'tree_ORTHOMCL256_Inner7.nexus', 'tree_ORTHOMCL256_Inner8.nexus']\n",
        "ingestionTime": 1735319040915,
        "eventId": "38698907728258370621249163622532100428159331247316140077"
    },
    {
        "logStreamName": "2024/12/27/[$LATEST]fe2ca5d67ca04e70945f576762e049bd",
        "timestamp": 1735319039066,
        "message": "subtree_matrix: processing file tree_ORTHOMCL256_Inner8.nexus of ['tree_ORTHOMCL256_Inner1.nexus', 'tree_ORTHOMCL256_Inner2.nexus', 'tree_ORTHOMCL256_Inner3.nexus', 'tree_ORTHOMCL256_Inner4.nexus', 'tree_ORTHOMCL256_Inner5.nexus', 'tree_ORTHOMCL256_Inner6.nexus', 'tree_ORTHOMCL256_Inner7.nexus', 'tree_ORTHOMCL256_Inner8.nexus']\n",
        "ingestionTime": 1735319040915,
        "eventId": "38698907728369874347241816738239779019522573054846042158"
    },
    {
        "logStreamName": "2024/12/27/[$LATEST]fe2ca5d67ca04e70945f576762e049bd",
        "timestamp": 1735319039100,
        "message": "Tempo de construção do maf_database: 90.37112600003638 milissegundos\n",
        "ingestionTime": 1735319040915,
        "eventId": "38698907729128099683991857925051993440792617346049376303"
    },
    {
        "logStreamName": "2024/12/27/[$LATEST]fe2ca5d67ca04e70945f576762e049bd",
        "timestamp": 1735319039101,
        "message": "[INFO] 2024-12-27T17:03:59GMT MAF_DATABASE_CREATOR RequestId: c5b1b4fe-1868-4a93-a923-5c67f9f07975\t Duration: 90.37112600003638 ms\t InputSubtrees: ['tree_ORTHOMCL256_Inner1.nexus', 'tree_ORTHOMCL256_Inner2.nexus', 'tree_ORTHOMCL256_Inner3.nexus', 'tree_ORTHOMCL256_Inner4.nexus', 'tree_ORTHOMCL256_Inner5.nexus', 'tree_ORTHOMCL256_Inner6.nexus', 'tree_ORTHOMCL256_Inner7.nexus', 'tree_ORTHOMCL256_Inner8.nexus']\t MafDatabaseFile: mafdb_98e1a0698cbb3ad22654b18daf794e4cacd094e1e043d17e253b37083af465ed.json\n",
        "ingestionTime": 1735319040915,
        "eventId": "38698907729150400429190388548193529159065265707555356720"
    },
    {
        "logStreamName": "2024/12/27/[$LATEST]fe2ca5d67ca04e70945f576762e049bd",
        "timestamp": 1735319039101,
        "message": "[INFO]\t2024-12-27T17:03:59.101Z\tc5b1b4fe-1868-4a93-a923-5c67f9f07975\tMAF_DATABASE_CREATOR RequestId: c5b1b4fe-1868-4a93-a923-5c67f9f07975\t Duration: 90.37112600003638 ms\t InputSubtrees: ['tree_ORTHOMCL256_Inner1.nexus', 'tree_ORTHOMCL256_Inner2.nexus', 'tree_ORTHOMCL256_Inner3.nexus', 'tree_ORTHOMCL256_Inner4.nexus', 'tree_ORTHOMCL256_Inner5.nexus', 'tree_ORTHOMCL256_Inner6.nexus', 'tree_ORTHOMCL256_Inner7.nexus', 'tree_ORTHOMCL256_Inner8.nexus']\t MafDatabaseFile: mafdb_98e1a0698cbb3ad22654b18daf794e4cacd094e1e043d17e253b37083af465ed.json\n",
        "ingestionTime": 1735319040915,
        "eventId": "38698907729150400429190388548193529159065265707555356721"
    },
    {
        "logStreamName": "2024/12/27/[$LATEST]fe2ca5d67ca04e70945f576762e049bd",
        "timestamp": 1735319039237,
        "message": "FILE_TRANSFER RequestId: c5b1b4fe-1868-4a93-a923-5c67f9f07975\t TransferType: produced\t Action: upload_to_s3\t FileName: mafdb_98e1a0698cbb3ad22654b18daf794e4cacd094e1e043d17e253b37083af465ed.json\t Bucket: denethor\t FilePath: mafdb/mafdb_98e1a0698cbb3ad22654b18daf794e4cacd094e1e043d17e253b37083af465ed.json\t LocalFilePath: /tmp/mafdb/mafdb_98e1a0698cbb3ad22654b18daf794e4cacd094e1e043d17e253b37083af465ed.json\t FileSize: 396 bytes\t TransferDuration: 35.7380179999609 ms\n",
        "ingestionTime": 1735319040915,
        "eventId": "38698907732183301776190553295442386844145442872368693298"
    },
    {
        "logStreamName": "2024/12/27/[$LATEST]fe2ca5d67ca04e70945f576762e049bd",
        "timestamp": 1735319039237,
        "message": "PRODUCED_FILES_INFO RequestId: c5b1b4fe-1868-4a93-a923-5c67f9f07975\t FilesCount: 1 files\t FilesSize: 396 bytes\t TransferDuration: 35.7380179999609 ms\t Provider: aws_lambda\t  ProducedFiles: ['mafdb_98e1a0698cbb3ad22654b18daf794e4cacd094e1e043d17e253b37083af465ed.json']\n",
        "ingestionTime": 1735319040915,
        "eventId": "38698907732183301776190553295442386844145442872368693299"
    },
    {
        "logStreamName": "2024/12/27/[$LATEST]fe2ca5d67ca04e70945f576762e049bd",
        "timestamp": 1735319039238,
        "message": "END RequestId: c5b1b4fe-1868-4a93-a923-5c67f9f07975\n",
        "ingestionTime": 1735319040915,
        "eventId": "38698907732205602521389083918583922562418091233874673716"
    },
    {
        "logStreamName": "2024/12/27/[$LATEST]fe2ca5d67ca04e70945f576762e049bd",
        "timestamp": 1735319039238,
        "message": "REPORT RequestId: c5b1b4fe-1868-4a93-a923-5c67f9f07975\tDuration: 613.18 ms\tBilled Duration: 614 ms\tMemory Size: 512 MB\tMax Memory Used: 105 MB\t\n",
        "ingestionTime": 1735319040915,
        "eventId": "38698907732205602521389083918583922562418091233874673717"
    }
]