[INFO] 2024-10-22T11:20:05-03 [ENV_INFO] env_name: local | current_time: 2024-10-22T14:20:05.260231+00:00 | pwd: /home/marcello/Documents/denethor
[INFO] 2024-10-22T11:20:05-03 [ENV_INFO] env_name: local
[INFO] 2024-10-22T11:20:05-03 [ENV_INFO] data_format: nexus
[INFO] 2024-10-22T11:20:05-03 [ENV_INFO] path_config: {'base': '', 'functions_src': 'src/lambda_functions', 'input_file': 'resources/input_data', 'tmp': '.tmp', 'tree': '.tmp/tree', 'subtree': '.tmp/subtree', 'mafdb': '.tmp/mafdb', 'clustalw': 'resources/libs/clustalw-2.1-linux'}
[INFO] 2024-10-22T11:20:05-03 [ENV_INFO] bucket_config: {'bucket_name': '', 'key_input_files': '', 'key_tree_files': '', 'key_subtree_files': '', 'key_mafdb_files': ''}
[INFO] 2024-10-22T11:20:05-03 [ENV_INFO] log_config: {'output_type': 'stdout_and_file', 'path': 'resources/logs/local', 'file_name': 'log_[execution_id]_[activity_name].log'}
[INFO] 2024-10-22T11:20:05-03 TREE_CONSTRUCTOR RequestId: uuid_314ec272_a6c8_4c2d_bcba_ba08e04c4fc2	 Duration: 11.587127999973745 ms	 InputFile:ORTHOMCL1	 OutputFile:['tree_ORTHOMCL1.nexus']
[INFO] 2024-10-22T11:20:05-03 [ENV_INFO] env_name: local | current_time: 2024-10-22T14:20:05.272856+00:00 | pwd: /home/marcello/Documents/denethor
[INFO] 2024-10-22T11:20:05-03 [ENV_INFO] env_name: local
[INFO] 2024-10-22T11:20:05-03 [ENV_INFO] data_format: nexus
[INFO] 2024-10-22T11:20:05-03 [ENV_INFO] path_config: {'base': '', 'functions_src': 'src/lambda_functions', 'input_file': 'resources/input_data', 'tmp': '.tmp', 'tree': '.tmp/tree', 'subtree': '.tmp/subtree', 'mafdb': '.tmp/mafdb', 'clustalw': 'resources/libs/clustalw-2.1-linux'}
[INFO] 2024-10-22T11:20:05-03 [ENV_INFO] bucket_config: {'bucket_name': '', 'key_input_files': '', 'key_tree_files': '', 'key_subtree_files': '', 'key_mafdb_files': ''}
[INFO] 2024-10-22T11:20:05-03 [ENV_INFO] log_config: {'output_type': 'stdout_and_file', 'path': 'resources/logs/local', 'file_name': 'log_[execution_id]_[activity_name].log'}
[INFO] 2024-10-22T11:20:05-03 TREE_CONSTRUCTOR RequestId: uuid_e5094cc7_d07e_4a00_9242_2ea6cca1ee02	 Duration: 44.28320700026234 ms	 InputFile:ORTHOMCL256	 OutputFile:['tree_ORTHOMCL256.nexus']
[INFO] 2024-10-22T11:20:05-03 [ENV_INFO] env_name: local | current_time: 2024-10-22T14:20:05.318784+00:00 | pwd: /home/marcello/Documents/denethor
[INFO] 2024-10-22T11:20:05-03 [ENV_INFO] env_name: local
[INFO] 2024-10-22T11:20:05-03 [ENV_INFO] data_format: nexus
[INFO] 2024-10-22T11:20:05-03 [ENV_INFO] path_config: {'base': '', 'functions_src': 'src/lambda_functions', 'input_file': 'resources/input_data', 'tmp': '.tmp', 'tree': '.tmp/tree', 'subtree': '.tmp/subtree', 'mafdb': '.tmp/mafdb', 'clustalw': 'resources/libs/clustalw-2.1-linux'}
[INFO] 2024-10-22T11:20:05-03 [ENV_INFO] bucket_config: {'bucket_name': '', 'key_input_files': '', 'key_tree_files': '', 'key_subtree_files': '', 'key_mafdb_files': ''}
[INFO] 2024-10-22T11:20:05-03 [ENV_INFO] log_config: {'output_type': 'stdout_and_file', 'path': 'resources/logs/local', 'file_name': 'log_[execution_id]_[activity_name].log'}
[INFO] 2024-10-22T11:20:05-03 TREE_CONSTRUCTOR RequestId: uuid_65613de8_2b9c_45e1_8b7c_5c775d7cea9d	 Duration: 46.58928599974388 ms	 InputFile:ORTHOMCL256_2	 OutputFile:['tree_ORTHOMCL256_2.nexus']
[INFO] 2024-10-22T11:20:05-03 [ENV_INFO] env_name: local | current_time: 2024-10-22T14:20:05.366918+00:00 | pwd: /home/marcello/Documents/denethor
[INFO] 2024-10-22T11:20:05-03 [ENV_INFO] env_name: local
[INFO] 2024-10-22T11:20:05-03 [ENV_INFO] data_format: nexus
[INFO] 2024-10-22T11:20:05-03 [ENV_INFO] path_config: {'base': '', 'functions_src': 'src/lambda_functions', 'input_file': 'resources/input_data', 'tmp': '.tmp', 'tree': '.tmp/tree', 'subtree': '.tmp/subtree', 'mafdb': '.tmp/mafdb', 'clustalw': 'resources/libs/clustalw-2.1-linux'}
[INFO] 2024-10-22T11:20:05-03 [ENV_INFO] bucket_config: {'bucket_name': '', 'key_input_files': '', 'key_tree_files': '', 'key_subtree_files': '', 'key_mafdb_files': ''}
[INFO] 2024-10-22T11:20:05-03 [ENV_INFO] log_config: {'output_type': 'stdout_and_file', 'path': 'resources/logs/local', 'file_name': 'log_[execution_id]_[activity_name].log'}
[INFO] 2024-10-22T11:20:05-03 TREE_CONSTRUCTOR RequestId: uuid_6230c08d_2e34_487b_ab06_b928d3543f49	 Duration: 59.63411799984897 ms	 InputFile:ORTHOMCL320	 OutputFile:['tree_ORTHOMCL320.nexus']
[INFO] 2024-10-22T11:20:05-03 [ENV_INFO] env_name: local | current_time: 2024-10-22T14:20:05.428040+00:00 | pwd: /home/marcello/Documents/denethor
[INFO] 2024-10-22T11:20:05-03 [ENV_INFO] env_name: local
[INFO] 2024-10-22T11:20:05-03 [ENV_INFO] data_format: nexus
[INFO] 2024-10-22T11:20:05-03 [ENV_INFO] path_config: {'base': '', 'functions_src': 'src/lambda_functions', 'input_file': 'resources/input_data', 'tmp': '.tmp', 'tree': '.tmp/tree', 'subtree': '.tmp/subtree', 'mafdb': '.tmp/mafdb', 'clustalw': 'resources/libs/clustalw-2.1-linux'}
[INFO] 2024-10-22T11:20:05-03 [ENV_INFO] bucket_config: {'bucket_name': '', 'key_input_files': '', 'key_tree_files': '', 'key_subtree_files': '', 'key_mafdb_files': ''}
[INFO] 2024-10-22T11:20:05-03 [ENV_INFO] log_config: {'output_type': 'stdout_and_file', 'path': 'resources/logs/local', 'file_name': 'log_[execution_id]_[activity_name].log'}
[INFO] 2024-10-22T11:20:05-03 TREE_CONSTRUCTOR RequestId: uuid_d3f81019_6cfc_48b1_8ab2_359ed7df1f94	 Duration: 69.3563439999707 ms	 InputFile:ORTHOMCL337	 OutputFile:['tree_ORTHOMCL337.nexus']
[INFO] 2024-10-22T11:20:05-03 [ENV_INFO] env_name: local | current_time: 2024-10-22T14:20:05.498844+00:00 | pwd: /home/marcello/Documents/denethor
[INFO] 2024-10-22T11:20:05-03 [ENV_INFO] env_name: local
[INFO] 2024-10-22T11:20:05-03 [ENV_INFO] data_format: nexus
[INFO] 2024-10-22T11:20:05-03 [ENV_INFO] path_config: {'base': '', 'functions_src': 'src/lambda_functions', 'input_file': 'resources/input_data', 'tmp': '.tmp', 'tree': '.tmp/tree', 'subtree': '.tmp/subtree', 'mafdb': '.tmp/mafdb', 'clustalw': 'resources/libs/clustalw-2.1-linux'}
[INFO] 2024-10-22T11:20:05-03 [ENV_INFO] bucket_config: {'bucket_name': '', 'key_input_files': '', 'key_tree_files': '', 'key_subtree_files': '', 'key_mafdb_files': ''}
[INFO] 2024-10-22T11:20:05-03 [ENV_INFO] log_config: {'output_type': 'stdout_and_file', 'path': 'resources/logs/local', 'file_name': 'log_[execution_id]_[activity_name].log'}
[INFO] 2024-10-22T11:20:05-03 TREE_CONSTRUCTOR RequestId: uuid_8262a376_f198_4799_8202_0344caad2752	 Duration: 83.9913500003604 ms	 InputFile:ORTHOMCL358	 OutputFile:['tree_ORTHOMCL358.nexus']
[INFO] 2024-10-22T11:20:05-03 [ENV_INFO] env_name: local | current_time: 2024-10-22T14:20:05.584262+00:00 | pwd: /home/marcello/Documents/denethor
[INFO] 2024-10-22T11:20:05-03 [ENV_INFO] env_name: local
[INFO] 2024-10-22T11:20:05-03 [ENV_INFO] data_format: nexus
[INFO] 2024-10-22T11:20:05-03 [ENV_INFO] path_config: {'base': '', 'functions_src': 'src/lambda_functions', 'input_file': 'resources/input_data', 'tmp': '.tmp', 'tree': '.tmp/tree', 'subtree': '.tmp/subtree', 'mafdb': '.tmp/mafdb', 'clustalw': 'resources/libs/clustalw-2.1-linux'}
[INFO] 2024-10-22T11:20:05-03 [ENV_INFO] bucket_config: {'bucket_name': '', 'key_input_files': '', 'key_tree_files': '', 'key_subtree_files': '', 'key_mafdb_files': ''}
[INFO] 2024-10-22T11:20:05-03 [ENV_INFO] log_config: {'output_type': 'stdout_and_file', 'path': 'resources/logs/local', 'file_name': 'log_[execution_id]_[activity_name].log'}
[INFO] 2024-10-22T11:20:05-03 TREE_CONSTRUCTOR RequestId: uuid_e2180014_ef05_4553_b75b_16cc11aaa92b	 Duration: 46.350547000201914 ms	 InputFile:ORTHOMCL371	 OutputFile:['tree_ORTHOMCL371.nexus']
[INFO] 2024-10-22T11:20:05-03 [ENV_INFO] env_name: local | current_time: 2024-10-22T14:20:05.632025+00:00 | pwd: /home/marcello/Documents/denethor
[INFO] 2024-10-22T11:20:05-03 [ENV_INFO] env_name: local
[INFO] 2024-10-22T11:20:05-03 [ENV_INFO] data_format: nexus
[INFO] 2024-10-22T11:20:05-03 [ENV_INFO] path_config: {'base': '', 'functions_src': 'src/lambda_functions', 'input_file': 'resources/input_data', 'tmp': '.tmp', 'tree': '.tmp/tree', 'subtree': '.tmp/subtree', 'mafdb': '.tmp/mafdb', 'clustalw': 'resources/libs/clustalw-2.1-linux'}
[INFO] 2024-10-22T11:20:05-03 [ENV_INFO] bucket_config: {'bucket_name': '', 'key_input_files': '', 'key_tree_files': '', 'key_subtree_files': '', 'key_mafdb_files': ''}
[INFO] 2024-10-22T11:20:05-03 [ENV_INFO] log_config: {'output_type': 'stdout_and_file', 'path': 'resources/logs/local', 'file_name': 'log_[execution_id]_[activity_name].log'}
[INFO] 2024-10-22T11:20:05-03 TREE_CONSTRUCTOR RequestId: uuid_46fa75e1_8b33_4d1e_91c8_0e5de13c5fb3	 Duration: 68.92464400016252 ms	 InputFile:ORTHOMCL374	 OutputFile:['tree_ORTHOMCL374.nexus']
[INFO] 2024-10-22T11:20:05-03 [ENV_INFO] env_name: local | current_time: 2024-10-22T14:20:05.702372+00:00 | pwd: /home/marcello/Documents/denethor
[INFO] 2024-10-22T11:20:05-03 [ENV_INFO] env_name: local
[INFO] 2024-10-22T11:20:05-03 [ENV_INFO] data_format: nexus
[INFO] 2024-10-22T11:20:05-03 [ENV_INFO] path_config: {'base': '', 'functions_src': 'src/lambda_functions', 'input_file': 'resources/input_data', 'tmp': '.tmp', 'tree': '.tmp/tree', 'subtree': '.tmp/subtree', 'mafdb': '.tmp/mafdb', 'clustalw': 'resources/libs/clustalw-2.1-linux'}
[INFO] 2024-10-22T11:20:05-03 [ENV_INFO] bucket_config: {'bucket_name': '', 'key_input_files': '', 'key_tree_files': '', 'key_subtree_files': '', 'key_mafdb_files': ''}
[INFO] 2024-10-22T11:20:05-03 [ENV_INFO] log_config: {'output_type': 'stdout_and_file', 'path': 'resources/logs/local', 'file_name': 'log_[execution_id]_[activity_name].log'}
[INFO] 2024-10-22T11:20:05-03 TREE_CONSTRUCTOR RequestId: uuid_45cc2f7f_4c7a_4137_8f69_d4d8e6d042f3	 Duration: 22.69013900013306 ms	 InputFile:ORTHOMCL421	 OutputFile:['tree_ORTHOMCL421.nexus']
[INFO] 2024-10-22T11:20:05-03 [ENV_INFO] env_name: local | current_time: 2024-10-22T14:20:05.785600+00:00 | pwd: /home/marcello/Documents/denethor
[INFO] 2024-10-22T11:20:05-03 [ENV_INFO] env_name: local
[INFO] 2024-10-22T11:20:05-03 [ENV_INFO] data_format: nexus
[INFO] 2024-10-22T11:20:05-03 [ENV_INFO] path_config: {'base': '', 'functions_src': 'src/lambda_functions', 'input_file': 'resources/input_data', 'tmp': '.tmp', 'tree': '.tmp/tree', 'subtree': '.tmp/subtree', 'mafdb': '.tmp/mafdb', 'clustalw': 'resources/libs/clustalw-2.1-linux'}
[INFO] 2024-10-22T11:20:05-03 [ENV_INFO] bucket_config: {'bucket_name': '', 'key_input_files': '', 'key_tree_files': '', 'key_subtree_files': '', 'key_mafdb_files': ''}
[INFO] 2024-10-22T11:20:05-03 [ENV_INFO] log_config: {'output_type': 'stdout_and_file', 'path': 'resources/logs/local', 'file_name': 'log_[execution_id]_[activity_name].log'}
[INFO] 2024-10-22T11:20:05-03 SUBTREE_CONSTRUCTOR RequestId: uuid_75b5f012_25d7_4898_83dd_cd6cd199a7ed	 Duration: 1.6757620001044415 ms	 InputTree: ['tree_ORTHOMCL1.nexus']	 OutputSubtrees: ['tree_ORTHOMCL1_Inner1.nexus', 'tree_ORTHOMCL1_Inner2.nexus', 'tree_ORTHOMCL1_Inner3.nexus']
[INFO] 2024-10-22T11:20:05-03 [ENV_INFO] env_name: local | current_time: 2024-10-22T14:20:05.890091+00:00 | pwd: /home/marcello/Documents/denethor
[INFO] 2024-10-22T11:20:05-03 [ENV_INFO] env_name: local
[INFO] 2024-10-22T11:20:05-03 [ENV_INFO] data_format: nexus
[INFO] 2024-10-22T11:20:05-03 [ENV_INFO] path_config: {'base': '', 'functions_src': 'src/lambda_functions', 'input_file': 'resources/input_data', 'tmp': '.tmp', 'tree': '.tmp/tree', 'subtree': '.tmp/subtree', 'mafdb': '.tmp/mafdb', 'clustalw': 'resources/libs/clustalw-2.1-linux'}
[INFO] 2024-10-22T11:20:05-03 [ENV_INFO] bucket_config: {'bucket_name': '', 'key_input_files': '', 'key_tree_files': '', 'key_subtree_files': '', 'key_mafdb_files': ''}
[INFO] 2024-10-22T11:20:05-03 [ENV_INFO] log_config: {'output_type': 'stdout_and_file', 'path': 'resources/logs/local', 'file_name': 'log_[execution_id]_[activity_name].log'}
[INFO] 2024-10-22T11:20:05-03 SUBTREE_CONSTRUCTOR RequestId: uuid_0fce1618_1160_4109_b181_f18f8b29dd8b	 Duration: 4.040945000269858 ms	 InputTree: ['tree_ORTHOMCL256.nexus']	 OutputSubtrees: ['tree_ORTHOMCL256_Inner1.nexus', 'tree_ORTHOMCL256_Inner2.nexus', 'tree_ORTHOMCL256_Inner3.nexus', 'tree_ORTHOMCL256_Inner4.nexus', 'tree_ORTHOMCL256_Inner5.nexus', 'tree_ORTHOMCL256_Inner6.nexus', 'tree_ORTHOMCL256_Inner7.nexus', 'tree_ORTHOMCL256_Inner8.nexus']
[INFO] 2024-10-22T11:20:05-03 [ENV_INFO] env_name: local | current_time: 2024-10-22T14:20:05.997671+00:00 | pwd: /home/marcello/Documents/denethor
[INFO] 2024-10-22T11:20:05-03 [ENV_INFO] env_name: local
[INFO] 2024-10-22T11:20:05-03 [ENV_INFO] data_format: nexus
[INFO] 2024-10-22T11:20:05-03 [ENV_INFO] path_config: {'base': '', 'functions_src': 'src/lambda_functions', 'input_file': 'resources/input_data', 'tmp': '.tmp', 'tree': '.tmp/tree', 'subtree': '.tmp/subtree', 'mafdb': '.tmp/mafdb', 'clustalw': 'resources/libs/clustalw-2.1-linux'}
[INFO] 2024-10-22T11:20:05-03 [ENV_INFO] bucket_config: {'bucket_name': '', 'key_input_files': '', 'key_tree_files': '', 'key_subtree_files': '', 'key_mafdb_files': ''}
[INFO] 2024-10-22T11:20:05-03 [ENV_INFO] log_config: {'output_type': 'stdout_and_file', 'path': 'resources/logs/local', 'file_name': 'log_[execution_id]_[activity_name].log'}
[INFO] 2024-10-22T11:20:06-03 SUBTREE_CONSTRUCTOR RequestId: uuid_0a09f358_398c_49e5_9dc9_97aa1de945e8	 Duration: 5.173325999749068 ms	 InputTree: ['tree_ORTHOMCL256_2.nexus']	 OutputSubtrees: ['tree_ORTHOMCL256_2_Inner1.nexus', 'tree_ORTHOMCL256_2_Inner2.nexus', 'tree_ORTHOMCL256_2_Inner3.nexus', 'tree_ORTHOMCL256_2_Inner4.nexus', 'tree_ORTHOMCL256_2_Inner5.nexus', 'tree_ORTHOMCL256_2_Inner6.nexus', 'tree_ORTHOMCL256_2_Inner7.nexus', 'tree_ORTHOMCL256_2_Inner8.nexus']
[INFO] 2024-10-22T11:20:06-03 [ENV_INFO] env_name: local | current_time: 2024-10-22T14:20:06.106793+00:00 | pwd: /home/marcello/Documents/denethor
[INFO] 2024-10-22T11:20:06-03 [ENV_INFO] env_name: local
[INFO] 2024-10-22T11:20:06-03 [ENV_INFO] data_format: nexus
[INFO] 2024-10-22T11:20:06-03 [ENV_INFO] path_config: {'base': '', 'functions_src': 'src/lambda_functions', 'input_file': 'resources/input_data', 'tmp': '.tmp', 'tree': '.tmp/tree', 'subtree': '.tmp/subtree', 'mafdb': '.tmp/mafdb', 'clustalw': 'resources/libs/clustalw-2.1-linux'}
[INFO] 2024-10-22T11:20:06-03 [ENV_INFO] bucket_config: {'bucket_name': '', 'key_input_files': '', 'key_tree_files': '', 'key_subtree_files': '', 'key_mafdb_files': ''}
[INFO] 2024-10-22T11:20:06-03 [ENV_INFO] log_config: {'output_type': 'stdout_and_file', 'path': 'resources/logs/local', 'file_name': 'log_[execution_id]_[activity_name].log'}
[INFO] 2024-10-22T11:20:06-03 SUBTREE_CONSTRUCTOR RequestId: uuid_9a1127b4_c1bd_40a7_b47c_327ad4c1ac28	 Duration: 6.1313040000641195 ms	 InputTree: ['tree_ORTHOMCL320.nexus']	 OutputSubtrees: ['tree_ORTHOMCL320_Inner1.nexus', 'tree_ORTHOMCL320_Inner2.nexus', 'tree_ORTHOMCL320_Inner3.nexus', 'tree_ORTHOMCL320_Inner4.nexus', 'tree_ORTHOMCL320_Inner5.nexus', 'tree_ORTHOMCL320_Inner6.nexus', 'tree_ORTHOMCL320_Inner7.nexus']
[INFO] 2024-10-22T11:20:06-03 [ENV_INFO] env_name: local | current_time: 2024-10-22T14:20:06.217287+00:00 | pwd: /home/marcello/Documents/denethor
[INFO] 2024-10-22T11:20:06-03 [ENV_INFO] env_name: local
[INFO] 2024-10-22T11:20:06-03 [ENV_INFO] data_format: nexus
[INFO] 2024-10-22T11:20:06-03 [ENV_INFO] path_config: {'base': '', 'functions_src': 'src/lambda_functions', 'input_file': 'resources/input_data', 'tmp': '.tmp', 'tree': '.tmp/tree', 'subtree': '.tmp/subtree', 'mafdb': '.tmp/mafdb', 'clustalw': 'resources/libs/clustalw-2.1-linux'}
[INFO] 2024-10-22T11:20:06-03 [ENV_INFO] bucket_config: {'bucket_name': '', 'key_input_files': '', 'key_tree_files': '', 'key_subtree_files': '', 'key_mafdb_files': ''}
[INFO] 2024-10-22T11:20:06-03 [ENV_INFO] log_config: {'output_type': 'stdout_and_file', 'path': 'resources/logs/local', 'file_name': 'log_[execution_id]_[activity_name].log'}
[INFO] 2024-10-22T11:20:06-03 SUBTREE_CONSTRUCTOR RequestId: uuid_fc02ca6b_869e_4f48_8728_eb10025aeb87	 Duration: 3.989932999957091 ms	 InputTree: ['tree_ORTHOMCL337.nexus']	 OutputSubtrees: ['tree_ORTHOMCL337_Inner1.nexus', 'tree_ORTHOMCL337_Inner2.nexus', 'tree_ORTHOMCL337_Inner3.nexus', 'tree_ORTHOMCL337_Inner4.nexus', 'tree_ORTHOMCL337_Inner5.nexus', 'tree_ORTHOMCL337_Inner6.nexus', 'tree_ORTHOMCL337_Inner7.nexus']
[INFO] 2024-10-22T11:20:06-03 [ENV_INFO] env_name: local | current_time: 2024-10-22T14:20:06.325486+00:00 | pwd: /home/marcello/Documents/denethor
[INFO] 2024-10-22T11:20:06-03 [ENV_INFO] env_name: local
[INFO] 2024-10-22T11:20:06-03 [ENV_INFO] data_format: nexus
[INFO] 2024-10-22T11:20:06-03 [ENV_INFO] path_config: {'base': '', 'functions_src': 'src/lambda_functions', 'input_file': 'resources/input_data', 'tmp': '.tmp', 'tree': '.tmp/tree', 'subtree': '.tmp/subtree', 'mafdb': '.tmp/mafdb', 'clustalw': 'resources/libs/clustalw-2.1-linux'}
[INFO] 2024-10-22T11:20:06-03 [ENV_INFO] bucket_config: {'bucket_name': '', 'key_input_files': '', 'key_tree_files': '', 'key_subtree_files': '', 'key_mafdb_files': ''}
[INFO] 2024-10-22T11:20:06-03 [ENV_INFO] log_config: {'output_type': 'stdout_and_file', 'path': 'resources/logs/local', 'file_name': 'log_[execution_id]_[activity_name].log'}
[INFO] 2024-10-22T11:20:06-03 SUBTREE_CONSTRUCTOR RequestId: uuid_6ffea341_81c1_4b82_aa98_6b116b98bce4	 Duration: 3.1524629998784803 ms	 InputTree: ['tree_ORTHOMCL358.nexus']	 OutputSubtrees: ['tree_ORTHOMCL358_Inner1.nexus', 'tree_ORTHOMCL358_Inner2.nexus', 'tree_ORTHOMCL358_Inner3.nexus', 'tree_ORTHOMCL358_Inner4.nexus', 'tree_ORTHOMCL358_Inner5.nexus', 'tree_ORTHOMCL358_Inner6.nexus', 'tree_ORTHOMCL358_Inner7.nexus']
[INFO] 2024-10-22T11:20:06-03 [ENV_INFO] env_name: local | current_time: 2024-10-22T14:20:06.432292+00:00 | pwd: /home/marcello/Documents/denethor
[INFO] 2024-10-22T11:20:06-03 [ENV_INFO] env_name: local
[INFO] 2024-10-22T11:20:06-03 [ENV_INFO] data_format: nexus
[INFO] 2024-10-22T11:20:06-03 [ENV_INFO] path_config: {'base': '', 'functions_src': 'src/lambda_functions', 'input_file': 'resources/input_data', 'tmp': '.tmp', 'tree': '.tmp/tree', 'subtree': '.tmp/subtree', 'mafdb': '.tmp/mafdb', 'clustalw': 'resources/libs/clustalw-2.1-linux'}
[INFO] 2024-10-22T11:20:06-03 [ENV_INFO] bucket_config: {'bucket_name': '', 'key_input_files': '', 'key_tree_files': '', 'key_subtree_files': '', 'key_mafdb_files': ''}
[INFO] 2024-10-22T11:20:06-03 [ENV_INFO] log_config: {'output_type': 'stdout_and_file', 'path': 'resources/logs/local', 'file_name': 'log_[execution_id]_[activity_name].log'}
[INFO] 2024-10-22T11:20:06-03 SUBTREE_CONSTRUCTOR RequestId: uuid_baeae9ae_eb8f_43ab_8abb_5a5d5097107f	 Duration: 4.134175999752188 ms	 InputTree: ['tree_ORTHOMCL371.nexus']	 OutputSubtrees: ['tree_ORTHOMCL371_Inner1.nexus', 'tree_ORTHOMCL371_Inner2.nexus', 'tree_ORTHOMCL371_Inner3.nexus', 'tree_ORTHOMCL371_Inner4.nexus', 'tree_ORTHOMCL371_Inner5.nexus', 'tree_ORTHOMCL371_Inner6.nexus']
[INFO] 2024-10-22T11:20:06-03 [ENV_INFO] env_name: local | current_time: 2024-10-22T14:20:06.540111+00:00 | pwd: /home/marcello/Documents/denethor
[INFO] 2024-10-22T11:20:06-03 [ENV_INFO] env_name: local
[INFO] 2024-10-22T11:20:06-03 [ENV_INFO] data_format: nexus
[INFO] 2024-10-22T11:20:06-03 [ENV_INFO] path_config: {'base': '', 'functions_src': 'src/lambda_functions', 'input_file': 'resources/input_data', 'tmp': '.tmp', 'tree': '.tmp/tree', 'subtree': '.tmp/subtree', 'mafdb': '.tmp/mafdb', 'clustalw': 'resources/libs/clustalw-2.1-linux'}
[INFO] 2024-10-22T11:20:06-03 [ENV_INFO] bucket_config: {'bucket_name': '', 'key_input_files': '', 'key_tree_files': '', 'key_subtree_files': '', 'key_mafdb_files': ''}
[INFO] 2024-10-22T11:20:06-03 [ENV_INFO] log_config: {'output_type': 'stdout_and_file', 'path': 'resources/logs/local', 'file_name': 'log_[execution_id]_[activity_name].log'}
[INFO] 2024-10-22T11:20:06-03 SUBTREE_CONSTRUCTOR RequestId: uuid_6c6b64a3_bfef_49a4_bdd0_2f31548f9276	 Duration: 3.201843999704579 ms	 InputTree: ['tree_ORTHOMCL374.nexus']	 OutputSubtrees: ['tree_ORTHOMCL374_Inner1.nexus', 'tree_ORTHOMCL374_Inner2.nexus', 'tree_ORTHOMCL374_Inner3.nexus', 'tree_ORTHOMCL374_Inner4.nexus', 'tree_ORTHOMCL374_Inner5.nexus', 'tree_ORTHOMCL374_Inner6.nexus', 'tree_ORTHOMCL374_Inner7.nexus']
[INFO] 2024-10-22T11:20:06-03 [ENV_INFO] env_name: local | current_time: 2024-10-22T14:20:06.646998+00:00 | pwd: /home/marcello/Documents/denethor
[INFO] 2024-10-22T11:20:06-03 [ENV_INFO] env_name: local
[INFO] 2024-10-22T11:20:06-03 [ENV_INFO] data_format: nexus
[INFO] 2024-10-22T11:20:06-03 [ENV_INFO] path_config: {'base': '', 'functions_src': 'src/lambda_functions', 'input_file': 'resources/input_data', 'tmp': '.tmp', 'tree': '.tmp/tree', 'subtree': '.tmp/subtree', 'mafdb': '.tmp/mafdb', 'clustalw': 'resources/libs/clustalw-2.1-linux'}
[INFO] 2024-10-22T11:20:06-03 [ENV_INFO] bucket_config: {'bucket_name': '', 'key_input_files': '', 'key_tree_files': '', 'key_subtree_files': '', 'key_mafdb_files': ''}
[INFO] 2024-10-22T11:20:06-03 [ENV_INFO] log_config: {'output_type': 'stdout_and_file', 'path': 'resources/logs/local', 'file_name': 'log_[execution_id]_[activity_name].log'}
[INFO] 2024-10-22T11:20:06-03 SUBTREE_CONSTRUCTOR RequestId: uuid_07a860ff_c6fd_4a26_96b7_33c45835ad8a	 Duration: 3.2834509997883288 ms	 InputTree: ['tree_ORTHOMCL421.nexus']	 OutputSubtrees: ['tree_ORTHOMCL421_Inner1.nexus', 'tree_ORTHOMCL421_Inner2.nexus', 'tree_ORTHOMCL421_Inner3.nexus', 'tree_ORTHOMCL421_Inner4.nexus', 'tree_ORTHOMCL421_Inner5.nexus', 'tree_ORTHOMCL421_Inner6.nexus']
[INFO] 2024-10-22T11:20:06-03 [ENV_INFO] env_name: local | current_time: 2024-10-22T14:20:06.756661+00:00 | pwd: /home/marcello/Documents/denethor
[INFO] 2024-10-22T11:20:06-03 [ENV_INFO] env_name: local
[INFO] 2024-10-22T11:20:06-03 [ENV_INFO] data_format: nexus
[INFO] 2024-10-22T11:20:06-03 [ENV_INFO] path_config: {'base': '', 'functions_src': 'src/lambda_functions', 'input_file': 'resources/input_data', 'tmp': '.tmp', 'tree': '.tmp/tree', 'subtree': '.tmp/subtree', 'mafdb': '.tmp/mafdb', 'clustalw': 'resources/libs/clustalw-2.1-linux'}
[INFO] 2024-10-22T11:20:06-03 [ENV_INFO] bucket_config: {'bucket_name': '', 'key_input_files': '', 'key_tree_files': '', 'key_subtree_files': '', 'key_mafdb_files': ''}
[INFO] 2024-10-22T11:20:06-03 [ENV_INFO] log_config: {'output_type': 'stdout_and_file', 'path': 'resources/logs/local', 'file_name': 'log_[execution_id]_[activity_name].log'}
[INFO] 2024-10-22T11:20:06-03 MAF_DATABASE_CREATOR RequestId: uuid_c803023a_c953_43bd_9aa7_18301f385969	 Duration: 82.34360699998433 ms	 InputSubtrees: ['tree_ORTHOMCL1_Inner1.nexus', 'tree_ORTHOMCL1_Inner2.nexus', 'tree_ORTHOMCL1_Inner3.nexus']	 MafDatabaseFile: .tmp/mafdb/mafdb_6f7a2b1116e6a791f68a03367473294792b679a6357b6789f3f993b1f83e2e80.json
[INFO] 2024-10-22T11:20:06-03 [ENV_INFO] env_name: local | current_time: 2024-10-22T14:20:06.840920+00:00 | pwd: /home/marcello/Documents/denethor
[INFO] 2024-10-22T11:20:06-03 [ENV_INFO] env_name: local
[INFO] 2024-10-22T11:20:06-03 [ENV_INFO] data_format: nexus
[INFO] 2024-10-22T11:20:06-03 [ENV_INFO] path_config: {'base': '', 'functions_src': 'src/lambda_functions', 'input_file': 'resources/input_data', 'tmp': '.tmp', 'tree': '.tmp/tree', 'subtree': '.tmp/subtree', 'mafdb': '.tmp/mafdb', 'clustalw': 'resources/libs/clustalw-2.1-linux'}
[INFO] 2024-10-22T11:20:06-03 [ENV_INFO] bucket_config: {'bucket_name': '', 'key_input_files': '', 'key_tree_files': '', 'key_subtree_files': '', 'key_mafdb_files': ''}
[INFO] 2024-10-22T11:20:06-03 [ENV_INFO] log_config: {'output_type': 'stdout_and_file', 'path': 'resources/logs/local', 'file_name': 'log_[execution_id]_[activity_name].log'}
[INFO] 2024-10-22T11:20:07-03 MAF_DATABASE_CREATOR RequestId: uuid_f7882dcb_6dab_4e45_a8b2_5b8888bf94db	 Duration: 231.9417510002495 ms	 InputSubtrees: ['tree_ORTHOMCL256_Inner1.nexus', 'tree_ORTHOMCL256_Inner2.nexus', 'tree_ORTHOMCL256_Inner3.nexus', 'tree_ORTHOMCL256_Inner4.nexus', 'tree_ORTHOMCL256_Inner5.nexus', 'tree_ORTHOMCL256_Inner6.nexus', 'tree_ORTHOMCL256_Inner7.nexus', 'tree_ORTHOMCL256_Inner8.nexus']	 MafDatabaseFile: .tmp/mafdb/mafdb_54d8ddd695de385cbe16742ebc6fdcb479cd2b8e3c0cd457826222c83fe6bb7c.json
[INFO] 2024-10-22T11:20:07-03 [ENV_INFO] env_name: local | current_time: 2024-10-22T14:20:07.074019+00:00 | pwd: /home/marcello/Documents/denethor
[INFO] 2024-10-22T11:20:07-03 [ENV_INFO] env_name: local
[INFO] 2024-10-22T11:20:07-03 [ENV_INFO] data_format: nexus
[INFO] 2024-10-22T11:20:07-03 [ENV_INFO] path_config: {'base': '', 'functions_src': 'src/lambda_functions', 'input_file': 'resources/input_data', 'tmp': '.tmp', 'tree': '.tmp/tree', 'subtree': '.tmp/subtree', 'mafdb': '.tmp/mafdb', 'clustalw': 'resources/libs/clustalw-2.1-linux'}
[INFO] 2024-10-22T11:20:07-03 [ENV_INFO] bucket_config: {'bucket_name': '', 'key_input_files': '', 'key_tree_files': '', 'key_subtree_files': '', 'key_mafdb_files': ''}
[INFO] 2024-10-22T11:20:07-03 [ENV_INFO] log_config: {'output_type': 'stdout_and_file', 'path': 'resources/logs/local', 'file_name': 'log_[execution_id]_[activity_name].log'}
[INFO] 2024-10-22T11:20:07-03 MAF_DATABASE_CREATOR RequestId: uuid_87b889e5_ee4c_457f_a8fa_da1082cadb93	 Duration: 219.30494999969596 ms	 InputSubtrees: ['tree_ORTHOMCL256_2_Inner1.nexus', 'tree_ORTHOMCL256_2_Inner2.nexus', 'tree_ORTHOMCL256_2_Inner3.nexus', 'tree_ORTHOMCL256_2_Inner4.nexus', 'tree_ORTHOMCL256_2_Inner5.nexus', 'tree_ORTHOMCL256_2_Inner6.nexus', 'tree_ORTHOMCL256_2_Inner7.nexus', 'tree_ORTHOMCL256_2_Inner8.nexus']	 MafDatabaseFile: .tmp/mafdb/mafdb_1f6ccfc97b000b314f6a6c7e2582a4263b17ffc061fef38bd3c9a63fa631759f.json
[INFO] 2024-10-22T11:20:07-03 [ENV_INFO] env_name: local | current_time: 2024-10-22T14:20:07.294430+00:00 | pwd: /home/marcello/Documents/denethor
[INFO] 2024-10-22T11:20:07-03 [ENV_INFO] env_name: local
[INFO] 2024-10-22T11:20:07-03 [ENV_INFO] data_format: nexus
[INFO] 2024-10-22T11:20:07-03 [ENV_INFO] path_config: {'base': '', 'functions_src': 'src/lambda_functions', 'input_file': 'resources/input_data', 'tmp': '.tmp', 'tree': '.tmp/tree', 'subtree': '.tmp/subtree', 'mafdb': '.tmp/mafdb', 'clustalw': 'resources/libs/clustalw-2.1-linux'}
[INFO] 2024-10-22T11:20:07-03 [ENV_INFO] bucket_config: {'bucket_name': '', 'key_input_files': '', 'key_tree_files': '', 'key_subtree_files': '', 'key_mafdb_files': ''}
[INFO] 2024-10-22T11:20:07-03 [ENV_INFO] log_config: {'output_type': 'stdout_and_file', 'path': 'resources/logs/local', 'file_name': 'log_[execution_id]_[activity_name].log'}
[INFO] 2024-10-22T11:20:07-03 MAF_DATABASE_CREATOR RequestId: uuid_b26a5a21_7450_4f66_9b18_147b8a1add14	 Duration: 193.45849899991663 ms	 InputSubtrees: ['tree_ORTHOMCL320_Inner1.nexus', 'tree_ORTHOMCL320_Inner2.nexus', 'tree_ORTHOMCL320_Inner3.nexus', 'tree_ORTHOMCL320_Inner4.nexus', 'tree_ORTHOMCL320_Inner5.nexus', 'tree_ORTHOMCL320_Inner6.nexus', 'tree_ORTHOMCL320_Inner7.nexus']	 MafDatabaseFile: .tmp/mafdb/mafdb_bd5d862db8f1d6b261aaeb3b8ecb83d67004ffb7524cb75c5f1f8454224f7c91.json
[INFO] 2024-10-22T11:20:07-03 [ENV_INFO] env_name: local | current_time: 2024-10-22T14:20:07.489078+00:00 | pwd: /home/marcello/Documents/denethor
[INFO] 2024-10-22T11:20:07-03 [ENV_INFO] env_name: local
[INFO] 2024-10-22T11:20:07-03 [ENV_INFO] data_format: nexus
[INFO] 2024-10-22T11:20:07-03 [ENV_INFO] path_config: {'base': '', 'functions_src': 'src/lambda_functions', 'input_file': 'resources/input_data', 'tmp': '.tmp', 'tree': '.tmp/tree', 'subtree': '.tmp/subtree', 'mafdb': '.tmp/mafdb', 'clustalw': 'resources/libs/clustalw-2.1-linux'}
[INFO] 2024-10-22T11:20:07-03 [ENV_INFO] bucket_config: {'bucket_name': '', 'key_input_files': '', 'key_tree_files': '', 'key_subtree_files': '', 'key_mafdb_files': ''}
[INFO] 2024-10-22T11:20:07-03 [ENV_INFO] log_config: {'output_type': 'stdout_and_file', 'path': 'resources/logs/local', 'file_name': 'log_[execution_id]_[activity_name].log'}
[INFO] 2024-10-22T11:20:07-03 MAF_DATABASE_CREATOR RequestId: uuid_18551a1b_2400_4f27_b4d4_8a837be58c51	 Duration: 174.42324300009204 ms	 InputSubtrees: ['tree_ORTHOMCL337_Inner1.nexus', 'tree_ORTHOMCL337_Inner2.nexus', 'tree_ORTHOMCL337_Inner3.nexus', 'tree_ORTHOMCL337_Inner4.nexus', 'tree_ORTHOMCL337_Inner5.nexus', 'tree_ORTHOMCL337_Inner6.nexus', 'tree_ORTHOMCL337_Inner7.nexus']	 MafDatabaseFile: .tmp/mafdb/mafdb_861b6fcf310a5a4a01036477cd0e28e972c4aa89be1fcccfc0eab6cd45e9fd74.json
[INFO] 2024-10-22T11:20:07-03 [ENV_INFO] env_name: local | current_time: 2024-10-22T14:20:07.664471+00:00 | pwd: /home/marcello/Documents/denethor
[INFO] 2024-10-22T11:20:07-03 [ENV_INFO] env_name: local
[INFO] 2024-10-22T11:20:07-03 [ENV_INFO] data_format: nexus
[INFO] 2024-10-22T11:20:07-03 [ENV_INFO] path_config: {'base': '', 'functions_src': 'src/lambda_functions', 'input_file': 'resources/input_data', 'tmp': '.tmp', 'tree': '.tmp/tree', 'subtree': '.tmp/subtree', 'mafdb': '.tmp/mafdb', 'clustalw': 'resources/libs/clustalw-2.1-linux'}
[INFO] 2024-10-22T11:20:07-03 [ENV_INFO] bucket_config: {'bucket_name': '', 'key_input_files': '', 'key_tree_files': '', 'key_subtree_files': '', 'key_mafdb_files': ''}
[INFO] 2024-10-22T11:20:07-03 [ENV_INFO] log_config: {'output_type': 'stdout_and_file', 'path': 'resources/logs/local', 'file_name': 'log_[execution_id]_[activity_name].log'}
[INFO] 2024-10-22T11:20:07-03 MAF_DATABASE_CREATOR RequestId: uuid_f431450c_0f4a_4b83_aab8_d9cf3ec9fbb1	 Duration: 161.02251700021952 ms	 InputSubtrees: ['tree_ORTHOMCL358_Inner1.nexus', 'tree_ORTHOMCL358_Inner2.nexus', 'tree_ORTHOMCL358_Inner3.nexus', 'tree_ORTHOMCL358_Inner4.nexus', 'tree_ORTHOMCL358_Inner5.nexus', 'tree_ORTHOMCL358_Inner6.nexus', 'tree_ORTHOMCL358_Inner7.nexus']	 MafDatabaseFile: .tmp/mafdb/mafdb_7d398773bfc3e4435be56d8711457fd7fc190e97e32d7ec51a8a702e16118c4d.json
[INFO] 2024-10-22T11:20:07-03 [ENV_INFO] env_name: local | current_time: 2024-10-22T14:20:07.826446+00:00 | pwd: /home/marcello/Documents/denethor
[INFO] 2024-10-22T11:20:07-03 [ENV_INFO] env_name: local
[INFO] 2024-10-22T11:20:07-03 [ENV_INFO] data_format: nexus
[INFO] 2024-10-22T11:20:07-03 [ENV_INFO] path_config: {'base': '', 'functions_src': 'src/lambda_functions', 'input_file': 'resources/input_data', 'tmp': '.tmp', 'tree': '.tmp/tree', 'subtree': '.tmp/subtree', 'mafdb': '.tmp/mafdb', 'clustalw': 'resources/libs/clustalw-2.1-linux'}
[INFO] 2024-10-22T11:20:07-03 [ENV_INFO] bucket_config: {'bucket_name': '', 'key_input_files': '', 'key_tree_files': '', 'key_subtree_files': '', 'key_mafdb_files': ''}
[INFO] 2024-10-22T11:20:07-03 [ENV_INFO] log_config: {'output_type': 'stdout_and_file', 'path': 'resources/logs/local', 'file_name': 'log_[execution_id]_[activity_name].log'}
[INFO] 2024-10-22T11:20:07-03 MAF_DATABASE_CREATOR RequestId: uuid_48fd9210_1718_4a58_b9f4_fd7d279b487f	 Duration: 143.21921900000234 ms	 InputSubtrees: ['tree_ORTHOMCL371_Inner1.nexus', 'tree_ORTHOMCL371_Inner2.nexus', 'tree_ORTHOMCL371_Inner3.nexus', 'tree_ORTHOMCL371_Inner4.nexus', 'tree_ORTHOMCL371_Inner5.nexus', 'tree_ORTHOMCL371_Inner6.nexus']	 MafDatabaseFile: .tmp/mafdb/mafdb_7511017a4e93687a5be47b55aa4c08eff48c283a8153f5e070747057ad693f80.json
[INFO] 2024-10-22T11:20:07-03 [ENV_INFO] env_name: local | current_time: 2024-10-22T14:20:07.970765+00:00 | pwd: /home/marcello/Documents/denethor
[INFO] 2024-10-22T11:20:07-03 [ENV_INFO] env_name: local
[INFO] 2024-10-22T11:20:07-03 [ENV_INFO] data_format: nexus
[INFO] 2024-10-22T11:20:07-03 [ENV_INFO] path_config: {'base': '', 'functions_src': 'src/lambda_functions', 'input_file': 'resources/input_data', 'tmp': '.tmp', 'tree': '.tmp/tree', 'subtree': '.tmp/subtree', 'mafdb': '.tmp/mafdb', 'clustalw': 'resources/libs/clustalw-2.1-linux'}
[INFO] 2024-10-22T11:20:07-03 [ENV_INFO] bucket_config: {'bucket_name': '', 'key_input_files': '', 'key_tree_files': '', 'key_subtree_files': '', 'key_mafdb_files': ''}
[INFO] 2024-10-22T11:20:07-03 [ENV_INFO] log_config: {'output_type': 'stdout_and_file', 'path': 'resources/logs/local', 'file_name': 'log_[execution_id]_[activity_name].log'}
[INFO] 2024-10-22T11:20:08-03 MAF_DATABASE_CREATOR RequestId: uuid_c7371d1f_1613_44ac_939d_fd7489ae1ae2	 Duration: 164.87702500035084 ms	 InputSubtrees: ['tree_ORTHOMCL374_Inner1.nexus', 'tree_ORTHOMCL374_Inner2.nexus', 'tree_ORTHOMCL374_Inner3.nexus', 'tree_ORTHOMCL374_Inner4.nexus', 'tree_ORTHOMCL374_Inner5.nexus', 'tree_ORTHOMCL374_Inner6.nexus', 'tree_ORTHOMCL374_Inner7.nexus']	 MafDatabaseFile: .tmp/mafdb/mafdb_3891ae3bc299950ca7a78c4d495828659f2cb320e0641ad8c6bfc4ced2d8e2b0.json
[INFO] 2024-10-22T11:20:08-03 [ENV_INFO] env_name: local | current_time: 2024-10-22T14:20:08.136717+00:00 | pwd: /home/marcello/Documents/denethor
[INFO] 2024-10-22T11:20:08-03 [ENV_INFO] env_name: local
[INFO] 2024-10-22T11:20:08-03 [ENV_INFO] data_format: nexus
[INFO] 2024-10-22T11:20:08-03 [ENV_INFO] path_config: {'base': '', 'functions_src': 'src/lambda_functions', 'input_file': 'resources/input_data', 'tmp': '.tmp', 'tree': '.tmp/tree', 'subtree': '.tmp/subtree', 'mafdb': '.tmp/mafdb', 'clustalw': 'resources/libs/clustalw-2.1-linux'}
[INFO] 2024-10-22T11:20:08-03 [ENV_INFO] bucket_config: {'bucket_name': '', 'key_input_files': '', 'key_tree_files': '', 'key_subtree_files': '', 'key_mafdb_files': ''}
[INFO] 2024-10-22T11:20:08-03 [ENV_INFO] log_config: {'output_type': 'stdout_and_file', 'path': 'resources/logs/local', 'file_name': 'log_[execution_id]_[activity_name].log'}
[INFO] 2024-10-22T11:20:08-03 MAF_DATABASE_CREATOR RequestId: uuid_4890c588_99f3_4efe_b902_22fc1391e472	 Duration: 126.89668399980292 ms	 InputSubtrees: ['tree_ORTHOMCL421_Inner1.nexus', 'tree_ORTHOMCL421_Inner2.nexus', 'tree_ORTHOMCL421_Inner3.nexus', 'tree_ORTHOMCL421_Inner4.nexus', 'tree_ORTHOMCL421_Inner5.nexus', 'tree_ORTHOMCL421_Inner6.nexus']	 MafDatabaseFile: .tmp/mafdb/mafdb_58aa863a1439bf886daca0713239dba1882676aea5266e0af5bebad97529db92.json
[INFO] 2024-10-22T11:20:08-03 [ENV_INFO] env_name: local | current_time: 2024-10-22T14:20:08.273283+00:00 | pwd: /home/marcello/Documents/denethor
[INFO] 2024-10-22T11:20:08-03 [ENV_INFO] env_name: local
[INFO] 2024-10-22T11:20:08-03 [ENV_INFO] data_format: nexus
[INFO] 2024-10-22T11:20:08-03 [ENV_INFO] path_config: {'base': '', 'functions_src': 'src/lambda_functions', 'input_file': 'resources/input_data', 'tmp': '.tmp', 'tree': '.tmp/tree', 'subtree': '.tmp/subtree', 'mafdb': '.tmp/mafdb', 'clustalw': 'resources/libs/clustalw-2.1-linux'}
[INFO] 2024-10-22T11:20:08-03 [ENV_INFO] bucket_config: {'bucket_name': '', 'key_input_files': '', 'key_tree_files': '', 'key_subtree_files': '', 'key_mafdb_files': ''}
[INFO] 2024-10-22T11:20:08-03 [ENV_INFO] log_config: {'output_type': 'stdout_and_file', 'path': 'resources/logs/local', 'file_name': 'log_[execution_id]_[activity_name].log'}
[INFO] 2024-10-22T11:20:08-03 MAF_DATABASE_AGGREGATOR RequestId: uuid_fc2c19b8_37b3_4882_99a5_dd94d8a13c74	 Duration: 0.6074369998714246 ms	 InputLength: 9	 MaxMaf: 8	 MafDatabase: {'1': {'tree_ORTHOMCL256_Inner4.nexus': ['tree_ORTHOMCL256_2_Inner4.nexus', 'tree_ORTHOMCL256_2_Inner5.nexus', 'tree_ORTHOMCL256_2_Inner6.nexus', 'tree_ORTHOMCL256_2_Inner7.nexus', 'tree_ORTHOMCL256_2_Inner8.nexus'], 'tree_ORTHOMCL256_Inner5.nexus': ['tree_ORTHOMCL256_2_Inner4.nexus'], 'tree_ORTHOMCL256_Inner6.nexus': ['tree_ORTHOMCL256_2_Inner4.nexus'], 'tree_ORTHOMCL256_Inner7.nexus': ['tree_ORTHOMCL256_2_Inner4.nexus'], 'tree_ORTHOMCL256_Inner8.nexus': ['tree_ORTHOMCL256_2_Inner4.nexus'], 'tree_ORTHOMCL256_2_Inner4.nexus': ['tree_ORTHOMCL256_Inner4.nexus', 'tree_ORTHOMCL256_Inner5.nexus', 'tree_ORTHOMCL256_Inner6.nexus', 'tree_ORTHOMCL256_Inner7.nexus', 'tree_ORTHOMCL256_Inner8.nexus'], 'tree_ORTHOMCL256_2_Inner5.nexus': ['tree_ORTHOMCL256_Inner4.nexus'], 'tree_ORTHOMCL256_2_Inner6.nexus': ['tree_ORTHOMCL256_Inner4.nexus'], 'tree_ORTHOMCL256_2_Inner7.nexus': ['tree_ORTHOMCL256_Inner4.nexus'], 'tree_ORTHOMCL256_2_Inner8.nexus': ['tree_ORTHOMCL256_Inner4.nexus']}, '2': {'tree_ORTHOMCL256_Inner1.nexus': ['tree_ORTHOMCL256_2_Inner1.nexus', 'tree_ORTHOMCL256_2_Inner2.nexus', 'tree_ORTHOMCL256_2_Inner3.nexus', 'tree_ORTHOMCL256_2_Inner5.nexus', 'tree_ORTHOMCL256_2_Inner6.nexus', 'tree_ORTHOMCL256_2_Inner7.nexus', 'tree_ORTHOMCL256_2_Inner8.nexus'], 'tree_ORTHOMCL256_Inner2.nexus': ['tree_ORTHOMCL256_2_Inner1.nexus', 'tree_ORTHOMCL256_2_Inner2.nexus', 'tree_ORTHOMCL256_2_Inner3.nexus', 'tree_ORTHOMCL256_2_Inner5.nexus', 'tree_ORTHOMCL256_2_Inner6.nexus', 'tree_ORTHOMCL256_2_Inner7.nexus', 'tree_ORTHOMCL256_2_Inner8.nexus'], 'tree_ORTHOMCL256_Inner3.nexus': ['tree_ORTHOMCL256_2_Inner1.nexus', 'tree_ORTHOMCL256_2_Inner2.nexus'], 'tree_ORTHOMCL256_Inner5.nexus': ['tree_ORTHOMCL256_2_Inner1.nexus', 'tree_ORTHOMCL256_2_Inner2.nexus'], 'tree_ORTHOMCL256_Inner6.nexus': ['tree_ORTHOMCL256_2_Inner1.nexus', 'tree_ORTHOMCL256_2_Inner2.nexus'], 'tree_ORTHOMCL256_Inner7.nexus': ['tree_ORTHOMCL256_2_Inner1.nexus', 'tree_ORTHOMCL256_2_Inner2.nexus'], 'tree_ORTHOMCL256_Inner8.nexus': ['tree_ORTHOMCL256_2_Inner1.nexus', 'tree_ORTHOMCL256_2_Inner2.nexus'], 'tree_ORTHOMCL256_2_Inner1.nexus': ['tree_ORTHOMCL256_Inner1.nexus', 'tree_ORTHOMCL256_Inner2.nexus', 'tree_ORTHOMCL256_Inner3.nexus', 'tree_ORTHOMCL256_Inner5.nexus', 'tree_ORTHOMCL256_Inner6.nexus', 'tree_ORTHOMCL256_Inner7.nexus', 'tree_ORTHOMCL256_Inner8.nexus'], 'tree_ORTHOMCL256_2_Inner2.nexus': ['tree_ORTHOMCL256_Inner1.nexus', 'tree_ORTHOMCL256_Inner2.nexus', 'tree_ORTHOMCL256_Inner3.nexus', 'tree_ORTHOMCL256_Inner5.nexus', 'tree_ORTHOMCL256_Inner6.nexus', 'tree_ORTHOMCL256_Inner7.nexus', 'tree_ORTHOMCL256_Inner8.nexus'], 'tree_ORTHOMCL256_2_Inner3.nexus': ['tree_ORTHOMCL256_Inner1.nexus', 'tree_ORTHOMCL256_Inner2.nexus'], 'tree_ORTHOMCL256_2_Inner5.nexus': ['tree_ORTHOMCL256_Inner1.nexus', 'tree_ORTHOMCL256_Inner2.nexus'], 'tree_ORTHOMCL256_2_Inner6.nexus': ['tree_ORTHOMCL256_Inner1.nexus', 'tree_ORTHOMCL256_Inner2.nexus'], 'tree_ORTHOMCL256_2_Inner7.nexus': ['tree_ORTHOMCL256_Inner1.nexus', 'tree_ORTHOMCL256_Inner2.nexus'], 'tree_ORTHOMCL256_2_Inner8.nexus': ['tree_ORTHOMCL256_Inner1.nexus', 'tree_ORTHOMCL256_Inner2.nexus']}, '3': {'tree_ORTHOMCL256_Inner3.nexus': ['tree_ORTHOMCL256_2_Inner3.nexus', 'tree_ORTHOMCL256_2_Inner5.nexus', 'tree_ORTHOMCL256_2_Inner6.nexus', 'tree_ORTHOMCL256_2_Inner7.nexus', 'tree_ORTHOMCL256_2_Inner8.nexus'], 'tree_ORTHOMCL256_Inner5.nexus': ['tree_ORTHOMCL256_2_Inner3.nexus'], 'tree_ORTHOMCL256_Inner6.nexus': ['tree_ORTHOMCL256_2_Inner3.nexus'], 'tree_ORTHOMCL256_Inner7.nexus': ['tree_ORTHOMCL256_2_Inner3.nexus'], 'tree_ORTHOMCL256_Inner8.nexus': ['tree_ORTHOMCL256_2_Inner3.nexus'], 'tree_ORTHOMCL256_2_Inner3.nexus': ['tree_ORTHOMCL256_Inner3.nexus', 'tree_ORTHOMCL256_Inner5.nexus', 'tree_ORTHOMCL256_Inner6.nexus', 'tree_ORTHOMCL256_Inner7.nexus', 'tree_ORTHOMCL256_Inner8.nexus'], 'tree_ORTHOMCL256_2_Inner5.nexus': ['tree_ORTHOMCL256_Inner3.nexus'], 'tree_ORTHOMCL256_2_Inner6.nexus': ['tree_ORTHOMCL256_Inner3.nexus'], 'tree_ORTHOMCL256_2_Inner7.nexus': ['tree_ORTHOMCL256_Inner3.nexus'], 'tree_ORTHOMCL256_2_Inner8.nexus': ['tree_ORTHOMCL256_Inner3.nexus']}, '4': {'tree_ORTHOMCL256_Inner5.nexus': ['tree_ORTHOMCL256_2_Inner5.nexus', 'tree_ORTHOMCL256_2_Inner6.nexus', 'tree_ORTHOMCL256_2_Inner7.nexus', 'tree_ORTHOMCL256_2_Inner8.nexus'], 'tree_ORTHOMCL256_Inner6.nexus': ['tree_ORTHOMCL256_2_Inner5.nexus'], 'tree_ORTHOMCL256_Inner7.nexus': ['tree_ORTHOMCL256_2_Inner5.nexus'], 'tree_ORTHOMCL256_Inner8.nexus': ['tree_ORTHOMCL256_2_Inner5.nexus'], 'tree_ORTHOMCL256_2_Inner5.nexus': ['tree_ORTHOMCL256_Inner5.nexus', 'tree_ORTHOMCL256_Inner6.nexus', 'tree_ORTHOMCL256_Inner7.nexus', 'tree_ORTHOMCL256_Inner8.nexus'], 'tree_ORTHOMCL256_2_Inner6.nexus': ['tree_ORTHOMCL256_Inner5.nexus'], 'tree_ORTHOMCL256_2_Inner7.nexus': ['tree_ORTHOMCL256_Inner5.nexus'], 'tree_ORTHOMCL256_2_Inner8.nexus': ['tree_ORTHOMCL256_Inner5.nexus']}, '5': {'tree_ORTHOMCL256_Inner6.nexus': ['tree_ORTHOMCL256_2_Inner6.nexus', 'tree_ORTHOMCL256_2_Inner7.nexus', 'tree_ORTHOMCL256_2_Inner8.nexus'], 'tree_ORTHOMCL256_Inner7.nexus': ['tree_ORTHOMCL256_2_Inner6.nexus'], 'tree_ORTHOMCL256_Inner8.nexus': ['tree_ORTHOMCL256_2_Inner6.nexus'], 'tree_ORTHOMCL256_2_Inner6.nexus': ['tree_ORTHOMCL256_Inner6.nexus', 'tree_ORTHOMCL256_Inner7.nexus', 'tree_ORTHOMCL256_Inner8.nexus'], 'tree_ORTHOMCL256_2_Inner7.nexus': ['tree_ORTHOMCL256_Inner6.nexus'], 'tree_ORTHOMCL256_2_Inner8.nexus': ['tree_ORTHOMCL256_Inner6.nexus']}, '6': {'tree_ORTHOMCL256_Inner7.nexus': ['tree_ORTHOMCL256_2_Inner7.nexus', 'tree_ORTHOMCL256_2_Inner8.nexus'], 'tree_ORTHOMCL256_Inner8.nexus': ['tree_ORTHOMCL256_2_Inner7.nexus'], 'tree_ORTHOMCL256_2_Inner7.nexus': ['tree_ORTHOMCL256_Inner7.nexus', 'tree_ORTHOMCL256_Inner8.nexus'], 'tree_ORTHOMCL256_2_Inner8.nexus': ['tree_ORTHOMCL256_Inner7.nexus']}, '8': {'tree_ORTHOMCL256_Inner8.nexus': ['tree_ORTHOMCL256_2_Inner8.nexus'], 'tree_ORTHOMCL256_2_Inner8.nexus': ['tree_ORTHOMCL256_Inner8.nexus']}}
