[INFO] 2024-10-11T13:51:46-03 [ENV_INFO] env_name: local | current_time: 2024-10-11T16:51:46.194012+00:00 | pwd: /home/marcello/Documents/denethor
[INFO] 2024-10-11T13:51:46-03 [ENV_INFO] env_name: local
[INFO] 2024-10-11T13:51:46-03 [ENV_INFO] data_format: nexus
[INFO] 2024-10-11T13:51:46-03 [ENV_INFO] path_config: {'base': '', 'functions_src': 'src/lambda_functions', 'input_file': 'resources/input_data', 'tmp': '.tmp', 'tree': '.tmp/tree', 'subtree': '.tmp/subtree', 'mafdb': '.tmp/mafdb', 'clustalw': 'resources/libs/clustalw-2.1-linux'}
[INFO] 2024-10-11T13:51:46-03 [ENV_INFO] bucket_config: {'bucket_name': '', 'key_input_files': '', 'key_tree_files': '', 'key_subtree_files': '', 'key_mafdb_files': ''}
[INFO] 2024-10-11T13:51:46-03 [ENV_INFO] log_config: {'output_type': 'stdout_and_file', 'path': 'resources/logs/local', 'file_name': 'log_[execution_id]_[activity_name].log'}
[INFO] 2024-10-11T13:51:54-03 TREE_CONSTRUCTOR RequestId: uuid_d5cc675e_1876_4d16_8cd1_4248e1eb71e4	 Duration: 10.801056001582765 ms	 InputFile:ORTHOMCL1	 OutputFile:['tree_ORTHOMCL1.nexus']
[INFO] 2024-10-11T13:51:54-03 [ENV_INFO] env_name: local | current_time: 2024-10-11T16:51:54.065038+00:00 | pwd: /home/marcello/Documents/denethor
[INFO] 2024-10-11T13:51:54-03 [ENV_INFO] env_name: local
[INFO] 2024-10-11T13:51:54-03 [ENV_INFO] data_format: nexus
[INFO] 2024-10-11T13:51:54-03 [ENV_INFO] path_config: {'base': '', 'functions_src': 'src/lambda_functions', 'input_file': 'resources/input_data', 'tmp': '.tmp', 'tree': '.tmp/tree', 'subtree': '.tmp/subtree', 'mafdb': '.tmp/mafdb', 'clustalw': 'resources/libs/clustalw-2.1-linux'}
[INFO] 2024-10-11T13:51:54-03 [ENV_INFO] bucket_config: {'bucket_name': '', 'key_input_files': '', 'key_tree_files': '', 'key_subtree_files': '', 'key_mafdb_files': ''}
[INFO] 2024-10-11T13:51:54-03 [ENV_INFO] log_config: {'output_type': 'stdout_and_file', 'path': 'resources/logs/local', 'file_name': 'log_[execution_id]_[activity_name].log'}
[INFO] 2024-10-11T13:51:54-03 TREE_CONSTRUCTOR RequestId: uuid_d4762cc5_fd33_4e2c_add6_d7ea9402c82c	 Duration: 30.250547999457922 ms	 InputFile:ORTHOMCL256	 OutputFile:['tree_ORTHOMCL256.nexus']
[INFO] 2024-10-11T13:51:54-03 [ENV_INFO] env_name: local | current_time: 2024-10-11T16:51:54.097367+00:00 | pwd: /home/marcello/Documents/denethor
[INFO] 2024-10-11T13:51:54-03 [ENV_INFO] env_name: local
[INFO] 2024-10-11T13:51:54-03 [ENV_INFO] data_format: nexus
[INFO] 2024-10-11T13:51:54-03 [ENV_INFO] path_config: {'base': '', 'functions_src': 'src/lambda_functions', 'input_file': 'resources/input_data', 'tmp': '.tmp', 'tree': '.tmp/tree', 'subtree': '.tmp/subtree', 'mafdb': '.tmp/mafdb', 'clustalw': 'resources/libs/clustalw-2.1-linux'}
[INFO] 2024-10-11T13:51:54-03 [ENV_INFO] bucket_config: {'bucket_name': '', 'key_input_files': '', 'key_tree_files': '', 'key_subtree_files': '', 'key_mafdb_files': ''}
[INFO] 2024-10-11T13:51:54-03 [ENV_INFO] log_config: {'output_type': 'stdout_and_file', 'path': 'resources/logs/local', 'file_name': 'log_[execution_id]_[activity_name].log'}
[INFO] 2024-10-11T13:51:54-03 TREE_CONSTRUCTOR RequestId: uuid_37188078_b46c_492a_be11_2ffaf7c5730f	 Duration: 29.834234999725595 ms	 InputFile:ORTHOMCL256_2	 OutputFile:['tree_ORTHOMCL256_2.nexus']
[INFO] 2024-10-11T13:51:54-03 [ENV_INFO] env_name: local | current_time: 2024-10-11T16:51:54.129511+00:00 | pwd: /home/marcello/Documents/denethor
[INFO] 2024-10-11T13:51:54-03 [ENV_INFO] env_name: local
[INFO] 2024-10-11T13:51:54-03 [ENV_INFO] data_format: nexus
[INFO] 2024-10-11T13:51:54-03 [ENV_INFO] path_config: {'base': '', 'functions_src': 'src/lambda_functions', 'input_file': 'resources/input_data', 'tmp': '.tmp', 'tree': '.tmp/tree', 'subtree': '.tmp/subtree', 'mafdb': '.tmp/mafdb', 'clustalw': 'resources/libs/clustalw-2.1-linux'}
[INFO] 2024-10-11T13:51:54-03 [ENV_INFO] bucket_config: {'bucket_name': '', 'key_input_files': '', 'key_tree_files': '', 'key_subtree_files': '', 'key_mafdb_files': ''}
[INFO] 2024-10-11T13:51:54-03 [ENV_INFO] log_config: {'output_type': 'stdout_and_file', 'path': 'resources/logs/local', 'file_name': 'log_[execution_id]_[activity_name].log'}
[INFO] 2024-10-11T13:51:54-03 TREE_CONSTRUCTOR RequestId: uuid_7e859c50_ae85_4488_8fc9_df53aba3529b	 Duration: 36.31611299897486 ms	 InputFile:ORTHOMCL320	 OutputFile:['tree_ORTHOMCL320.nexus']
[INFO] 2024-10-11T13:51:54-03 [ENV_INFO] env_name: local | current_time: 2024-10-11T16:51:54.168038+00:00 | pwd: /home/marcello/Documents/denethor
[INFO] 2024-10-11T13:51:54-03 [ENV_INFO] env_name: local
[INFO] 2024-10-11T13:51:54-03 [ENV_INFO] data_format: nexus
[INFO] 2024-10-11T13:51:54-03 [ENV_INFO] path_config: {'base': '', 'functions_src': 'src/lambda_functions', 'input_file': 'resources/input_data', 'tmp': '.tmp', 'tree': '.tmp/tree', 'subtree': '.tmp/subtree', 'mafdb': '.tmp/mafdb', 'clustalw': 'resources/libs/clustalw-2.1-linux'}
[INFO] 2024-10-11T13:51:54-03 [ENV_INFO] bucket_config: {'bucket_name': '', 'key_input_files': '', 'key_tree_files': '', 'key_subtree_files': '', 'key_mafdb_files': ''}
[INFO] 2024-10-11T13:51:54-03 [ENV_INFO] log_config: {'output_type': 'stdout_and_file', 'path': 'resources/logs/local', 'file_name': 'log_[execution_id]_[activity_name].log'}
[INFO] 2024-10-11T13:51:54-03 TREE_CONSTRUCTOR RequestId: uuid_2ec8b656_ee9a_48ba_86d0_4838a8b67622	 Duration: 42.52559300039138 ms	 InputFile:ORTHOMCL337	 OutputFile:['tree_ORTHOMCL337.nexus']
[INFO] 2024-10-11T13:51:54-03 [ENV_INFO] env_name: local | current_time: 2024-10-11T16:51:54.212366+00:00 | pwd: /home/marcello/Documents/denethor
[INFO] 2024-10-11T13:51:54-03 [ENV_INFO] env_name: local
[INFO] 2024-10-11T13:51:54-03 [ENV_INFO] data_format: nexus
[INFO] 2024-10-11T13:51:54-03 [ENV_INFO] path_config: {'base': '', 'functions_src': 'src/lambda_functions', 'input_file': 'resources/input_data', 'tmp': '.tmp', 'tree': '.tmp/tree', 'subtree': '.tmp/subtree', 'mafdb': '.tmp/mafdb', 'clustalw': 'resources/libs/clustalw-2.1-linux'}
[INFO] 2024-10-11T13:51:54-03 [ENV_INFO] bucket_config: {'bucket_name': '', 'key_input_files': '', 'key_tree_files': '', 'key_subtree_files': '', 'key_mafdb_files': ''}
[INFO] 2024-10-11T13:51:54-03 [ENV_INFO] log_config: {'output_type': 'stdout_and_file', 'path': 'resources/logs/local', 'file_name': 'log_[execution_id]_[activity_name].log'}
[INFO] 2024-10-11T13:51:54-03 TREE_CONSTRUCTOR RequestId: uuid_4b9f6b4a_3648_497d_8335_e031d5836e50	 Duration: 54.33807900044485 ms	 InputFile:ORTHOMCL358	 OutputFile:['tree_ORTHOMCL358.nexus']
[INFO] 2024-10-11T13:51:54-03 [ENV_INFO] env_name: local | current_time: 2024-10-11T16:51:54.268378+00:00 | pwd: /home/marcello/Documents/denethor
[INFO] 2024-10-11T13:51:54-03 [ENV_INFO] env_name: local
[INFO] 2024-10-11T13:51:54-03 [ENV_INFO] data_format: nexus
[INFO] 2024-10-11T13:51:54-03 [ENV_INFO] path_config: {'base': '', 'functions_src': 'src/lambda_functions', 'input_file': 'resources/input_data', 'tmp': '.tmp', 'tree': '.tmp/tree', 'subtree': '.tmp/subtree', 'mafdb': '.tmp/mafdb', 'clustalw': 'resources/libs/clustalw-2.1-linux'}
[INFO] 2024-10-11T13:51:54-03 [ENV_INFO] bucket_config: {'bucket_name': '', 'key_input_files': '', 'key_tree_files': '', 'key_subtree_files': '', 'key_mafdb_files': ''}
[INFO] 2024-10-11T13:51:54-03 [ENV_INFO] log_config: {'output_type': 'stdout_and_file', 'path': 'resources/logs/local', 'file_name': 'log_[execution_id]_[activity_name].log'}
[INFO] 2024-10-11T13:51:54-03 TREE_CONSTRUCTOR RequestId: uuid_9994b6bc_dc57_42e6_9da5_792d99d7bf6c	 Duration: 27.552687999559566 ms	 InputFile:ORTHOMCL371	 OutputFile:['tree_ORTHOMCL371.nexus']
[INFO] 2024-10-11T13:51:54-03 [ENV_INFO] env_name: local | current_time: 2024-10-11T16:51:54.297545+00:00 | pwd: /home/marcello/Documents/denethor
[INFO] 2024-10-11T13:51:54-03 [ENV_INFO] env_name: local
[INFO] 2024-10-11T13:51:54-03 [ENV_INFO] data_format: nexus
[INFO] 2024-10-11T13:51:54-03 [ENV_INFO] path_config: {'base': '', 'functions_src': 'src/lambda_functions', 'input_file': 'resources/input_data', 'tmp': '.tmp', 'tree': '.tmp/tree', 'subtree': '.tmp/subtree', 'mafdb': '.tmp/mafdb', 'clustalw': 'resources/libs/clustalw-2.1-linux'}
[INFO] 2024-10-11T13:51:54-03 [ENV_INFO] bucket_config: {'bucket_name': '', 'key_input_files': '', 'key_tree_files': '', 'key_subtree_files': '', 'key_mafdb_files': ''}
[INFO] 2024-10-11T13:51:54-03 [ENV_INFO] log_config: {'output_type': 'stdout_and_file', 'path': 'resources/logs/local', 'file_name': 'log_[execution_id]_[activity_name].log'}
[INFO] 2024-10-11T13:51:54-03 TREE_CONSTRUCTOR RequestId: uuid_a9ca7e76_981d_471b_b783_c0f294580ada	 Duration: 48.15714600044885 ms	 InputFile:ORTHOMCL374	 OutputFile:['tree_ORTHOMCL374.nexus']
[INFO] 2024-10-11T13:51:54-03 [ENV_INFO] env_name: local | current_time: 2024-10-11T16:51:54.347341+00:00 | pwd: /home/marcello/Documents/denethor
[INFO] 2024-10-11T13:51:54-03 [ENV_INFO] env_name: local
[INFO] 2024-10-11T13:51:54-03 [ENV_INFO] data_format: nexus
[INFO] 2024-10-11T13:51:54-03 [ENV_INFO] path_config: {'base': '', 'functions_src': 'src/lambda_functions', 'input_file': 'resources/input_data', 'tmp': '.tmp', 'tree': '.tmp/tree', 'subtree': '.tmp/subtree', 'mafdb': '.tmp/mafdb', 'clustalw': 'resources/libs/clustalw-2.1-linux'}
[INFO] 2024-10-11T13:51:54-03 [ENV_INFO] bucket_config: {'bucket_name': '', 'key_input_files': '', 'key_tree_files': '', 'key_subtree_files': '', 'key_mafdb_files': ''}
[INFO] 2024-10-11T13:51:54-03 [ENV_INFO] log_config: {'output_type': 'stdout_and_file', 'path': 'resources/logs/local', 'file_name': 'log_[execution_id]_[activity_name].log'}
[INFO] 2024-10-11T13:51:54-03 TREE_CONSTRUCTOR RequestId: uuid_7f5ab5db_d0ee_44ab_931d_f9694240c76b	 Duration: 16.848847999426653 ms	 InputFile:ORTHOMCL421	 OutputFile:['tree_ORTHOMCL421.nexus']
[INFO] 2024-10-11T13:52:24-03 [ENV_INFO] env_name: local | current_time: 2024-10-11T16:52:24.735838+00:00 | pwd: /home/marcello/Documents/denethor
[INFO] 2024-10-11T13:52:24-03 [ENV_INFO] env_name: local
[INFO] 2024-10-11T13:52:24-03 [ENV_INFO] data_format: nexus
[INFO] 2024-10-11T13:52:24-03 [ENV_INFO] path_config: {'base': '', 'functions_src': 'src/lambda_functions', 'input_file': 'resources/input_data', 'tmp': '.tmp', 'tree': '.tmp/tree', 'subtree': '.tmp/subtree', 'mafdb': '.tmp/mafdb', 'clustalw': 'resources/libs/clustalw-2.1-linux'}
[INFO] 2024-10-11T13:52:24-03 [ENV_INFO] bucket_config: {'bucket_name': '', 'key_input_files': '', 'key_tree_files': '', 'key_subtree_files': '', 'key_mafdb_files': ''}
[INFO] 2024-10-11T13:52:24-03 [ENV_INFO] log_config: {'output_type': 'stdout_and_file', 'path': 'resources/logs/local', 'file_name': 'log_[execution_id]_[activity_name].log'}
[INFO] 2024-10-11T13:52:24-03 SUBTREE_CONSTRUCTOR RequestId: uuid_a0285d03_6dfd_4fdf_9d92_033c3ca322e9	 Duration: 2.3664609998377273 ms	 InputTree: ['tree_ORTHOMCL1.nexus']	 OutputSubtrees: ['tree_ORTHOMCL1_Inner1.nexus', 'tree_ORTHOMCL1_Inner2.nexus', 'tree_ORTHOMCL1_Inner3.nexus']
[INFO] 2024-10-11T13:52:39-03 [ENV_INFO] env_name: local | current_time: 2024-10-11T16:52:39.714707+00:00 | pwd: /home/marcello/Documents/denethor
[INFO] 2024-10-11T13:52:39-03 [ENV_INFO] env_name: local
[INFO] 2024-10-11T13:52:39-03 [ENV_INFO] data_format: nexus
[INFO] 2024-10-11T13:52:39-03 [ENV_INFO] path_config: {'base': '', 'functions_src': 'src/lambda_functions', 'input_file': 'resources/input_data', 'tmp': '.tmp', 'tree': '.tmp/tree', 'subtree': '.tmp/subtree', 'mafdb': '.tmp/mafdb', 'clustalw': 'resources/libs/clustalw-2.1-linux'}
[INFO] 2024-10-11T13:52:39-03 [ENV_INFO] bucket_config: {'bucket_name': '', 'key_input_files': '', 'key_tree_files': '', 'key_subtree_files': '', 'key_mafdb_files': ''}
[INFO] 2024-10-11T13:52:39-03 [ENV_INFO] log_config: {'output_type': 'stdout_and_file', 'path': 'resources/logs/local', 'file_name': 'log_[execution_id]_[activity_name].log'}
[INFO] 2024-10-11T13:52:39-03 SUBTREE_CONSTRUCTOR RequestId: uuid_9be84d9a_af02_4257_a107_4eeb3ffbbba0	 Duration: 7.786546999341226 ms	 InputTree: ['tree_ORTHOMCL256.nexus']	 OutputSubtrees: ['tree_ORTHOMCL256_Inner1.nexus', 'tree_ORTHOMCL256_Inner2.nexus', 'tree_ORTHOMCL256_Inner3.nexus', 'tree_ORTHOMCL256_Inner4.nexus', 'tree_ORTHOMCL256_Inner5.nexus', 'tree_ORTHOMCL256_Inner6.nexus', 'tree_ORTHOMCL256_Inner7.nexus', 'tree_ORTHOMCL256_Inner8.nexus']
[INFO] 2024-10-11T13:52:39-03 [ENV_INFO] env_name: local | current_time: 2024-10-11T16:52:39.827325+00:00 | pwd: /home/marcello/Documents/denethor
[INFO] 2024-10-11T13:52:39-03 [ENV_INFO] env_name: local
[INFO] 2024-10-11T13:52:39-03 [ENV_INFO] data_format: nexus
[INFO] 2024-10-11T13:52:39-03 [ENV_INFO] path_config: {'base': '', 'functions_src': 'src/lambda_functions', 'input_file': 'resources/input_data', 'tmp': '.tmp', 'tree': '.tmp/tree', 'subtree': '.tmp/subtree', 'mafdb': '.tmp/mafdb', 'clustalw': 'resources/libs/clustalw-2.1-linux'}
[INFO] 2024-10-11T13:52:39-03 [ENV_INFO] bucket_config: {'bucket_name': '', 'key_input_files': '', 'key_tree_files': '', 'key_subtree_files': '', 'key_mafdb_files': ''}
[INFO] 2024-10-11T13:52:39-03 [ENV_INFO] log_config: {'output_type': 'stdout_and_file', 'path': 'resources/logs/local', 'file_name': 'log_[execution_id]_[activity_name].log'}
[INFO] 2024-10-11T13:52:39-03 SUBTREE_CONSTRUCTOR RequestId: uuid_d29faa91_fea9_405f_a9f1_a08058e21e58	 Duration: 9.668807000707602 ms	 InputTree: ['tree_ORTHOMCL256_2.nexus']	 OutputSubtrees: ['tree_ORTHOMCL256_2_Inner1.nexus', 'tree_ORTHOMCL256_2_Inner2.nexus', 'tree_ORTHOMCL256_2_Inner3.nexus', 'tree_ORTHOMCL256_2_Inner4.nexus', 'tree_ORTHOMCL256_2_Inner5.nexus', 'tree_ORTHOMCL256_2_Inner6.nexus', 'tree_ORTHOMCL256_2_Inner7.nexus', 'tree_ORTHOMCL256_2_Inner8.nexus']
[INFO] 2024-10-11T13:52:39-03 [ENV_INFO] env_name: local | current_time: 2024-10-11T16:52:39.940784+00:00 | pwd: /home/marcello/Documents/denethor
[INFO] 2024-10-11T13:52:39-03 [ENV_INFO] env_name: local
[INFO] 2024-10-11T13:52:39-03 [ENV_INFO] data_format: nexus
[INFO] 2024-10-11T13:52:39-03 [ENV_INFO] path_config: {'base': '', 'functions_src': 'src/lambda_functions', 'input_file': 'resources/input_data', 'tmp': '.tmp', 'tree': '.tmp/tree', 'subtree': '.tmp/subtree', 'mafdb': '.tmp/mafdb', 'clustalw': 'resources/libs/clustalw-2.1-linux'}
[INFO] 2024-10-11T13:52:39-03 [ENV_INFO] bucket_config: {'bucket_name': '', 'key_input_files': '', 'key_tree_files': '', 'key_subtree_files': '', 'key_mafdb_files': ''}
[INFO] 2024-10-11T13:52:39-03 [ENV_INFO] log_config: {'output_type': 'stdout_and_file', 'path': 'resources/logs/local', 'file_name': 'log_[execution_id]_[activity_name].log'}
[INFO] 2024-10-11T13:52:39-03 SUBTREE_CONSTRUCTOR RequestId: uuid_259c26bf_c62d_4a07_b418_dec91ff12fc0	 Duration: 6.239992000701022 ms	 InputTree: ['tree_ORTHOMCL320.nexus']	 OutputSubtrees: ['tree_ORTHOMCL320_Inner1.nexus', 'tree_ORTHOMCL320_Inner2.nexus', 'tree_ORTHOMCL320_Inner3.nexus', 'tree_ORTHOMCL320_Inner4.nexus', 'tree_ORTHOMCL320_Inner5.nexus', 'tree_ORTHOMCL320_Inner6.nexus', 'tree_ORTHOMCL320_Inner7.nexus']
[INFO] 2024-10-11T13:52:40-03 [ENV_INFO] env_name: local | current_time: 2024-10-11T16:52:40.050559+00:00 | pwd: /home/marcello/Documents/denethor
[INFO] 2024-10-11T13:52:40-03 [ENV_INFO] env_name: local
[INFO] 2024-10-11T13:52:40-03 [ENV_INFO] data_format: nexus
[INFO] 2024-10-11T13:52:40-03 [ENV_INFO] path_config: {'base': '', 'functions_src': 'src/lambda_functions', 'input_file': 'resources/input_data', 'tmp': '.tmp', 'tree': '.tmp/tree', 'subtree': '.tmp/subtree', 'mafdb': '.tmp/mafdb', 'clustalw': 'resources/libs/clustalw-2.1-linux'}
[INFO] 2024-10-11T13:52:40-03 [ENV_INFO] bucket_config: {'bucket_name': '', 'key_input_files': '', 'key_tree_files': '', 'key_subtree_files': '', 'key_mafdb_files': ''}
[INFO] 2024-10-11T13:52:40-03 [ENV_INFO] log_config: {'output_type': 'stdout_and_file', 'path': 'resources/logs/local', 'file_name': 'log_[execution_id]_[activity_name].log'}
[INFO] 2024-10-11T13:52:40-03 SUBTREE_CONSTRUCTOR RequestId: uuid_f2386f36_3b0f_44aa_83fe_59940d6dcdee	 Duration: 5.318302999512525 ms	 InputTree: ['tree_ORTHOMCL337.nexus']	 OutputSubtrees: ['tree_ORTHOMCL337_Inner1.nexus', 'tree_ORTHOMCL337_Inner2.nexus', 'tree_ORTHOMCL337_Inner3.nexus', 'tree_ORTHOMCL337_Inner4.nexus', 'tree_ORTHOMCL337_Inner5.nexus', 'tree_ORTHOMCL337_Inner6.nexus', 'tree_ORTHOMCL337_Inner7.nexus']
[INFO] 2024-10-11T13:52:40-03 [ENV_INFO] env_name: local | current_time: 2024-10-11T16:52:40.157889+00:00 | pwd: /home/marcello/Documents/denethor
[INFO] 2024-10-11T13:52:40-03 [ENV_INFO] env_name: local
[INFO] 2024-10-11T13:52:40-03 [ENV_INFO] data_format: nexus
[INFO] 2024-10-11T13:52:40-03 [ENV_INFO] path_config: {'base': '', 'functions_src': 'src/lambda_functions', 'input_file': 'resources/input_data', 'tmp': '.tmp', 'tree': '.tmp/tree', 'subtree': '.tmp/subtree', 'mafdb': '.tmp/mafdb', 'clustalw': 'resources/libs/clustalw-2.1-linux'}
[INFO] 2024-10-11T13:52:40-03 [ENV_INFO] bucket_config: {'bucket_name': '', 'key_input_files': '', 'key_tree_files': '', 'key_subtree_files': '', 'key_mafdb_files': ''}
[INFO] 2024-10-11T13:52:40-03 [ENV_INFO] log_config: {'output_type': 'stdout_and_file', 'path': 'resources/logs/local', 'file_name': 'log_[execution_id]_[activity_name].log'}
[INFO] 2024-10-11T13:52:40-03 SUBTREE_CONSTRUCTOR RequestId: uuid_715203fa_a54b_4e56_9c92_826e161940e8	 Duration: 4.093957999430131 ms	 InputTree: ['tree_ORTHOMCL358.nexus']	 OutputSubtrees: ['tree_ORTHOMCL358_Inner1.nexus', 'tree_ORTHOMCL358_Inner2.nexus', 'tree_ORTHOMCL358_Inner3.nexus', 'tree_ORTHOMCL358_Inner4.nexus', 'tree_ORTHOMCL358_Inner5.nexus', 'tree_ORTHOMCL358_Inner6.nexus', 'tree_ORTHOMCL358_Inner7.nexus']
[INFO] 2024-10-11T13:52:40-03 [ENV_INFO] env_name: local | current_time: 2024-10-11T16:52:40.264437+00:00 | pwd: /home/marcello/Documents/denethor
[INFO] 2024-10-11T13:52:40-03 [ENV_INFO] env_name: local
[INFO] 2024-10-11T13:52:40-03 [ENV_INFO] data_format: nexus
[INFO] 2024-10-11T13:52:40-03 [ENV_INFO] path_config: {'base': '', 'functions_src': 'src/lambda_functions', 'input_file': 'resources/input_data', 'tmp': '.tmp', 'tree': '.tmp/tree', 'subtree': '.tmp/subtree', 'mafdb': '.tmp/mafdb', 'clustalw': 'resources/libs/clustalw-2.1-linux'}
[INFO] 2024-10-11T13:52:40-03 [ENV_INFO] bucket_config: {'bucket_name': '', 'key_input_files': '', 'key_tree_files': '', 'key_subtree_files': '', 'key_mafdb_files': ''}
[INFO] 2024-10-11T13:52:40-03 [ENV_INFO] log_config: {'output_type': 'stdout_and_file', 'path': 'resources/logs/local', 'file_name': 'log_[execution_id]_[activity_name].log'}
[INFO] 2024-10-11T13:52:40-03 SUBTREE_CONSTRUCTOR RequestId: uuid_6650d379_f4d6_450a_b82f_e943b3c9b1fe	 Duration: 5.332824001015979 ms	 InputTree: ['tree_ORTHOMCL371.nexus']	 OutputSubtrees: ['tree_ORTHOMCL371_Inner1.nexus', 'tree_ORTHOMCL371_Inner2.nexus', 'tree_ORTHOMCL371_Inner3.nexus', 'tree_ORTHOMCL371_Inner4.nexus', 'tree_ORTHOMCL371_Inner5.nexus', 'tree_ORTHOMCL371_Inner6.nexus']
[INFO] 2024-10-11T13:52:40-03 [ENV_INFO] env_name: local | current_time: 2024-10-11T16:52:40.372595+00:00 | pwd: /home/marcello/Documents/denethor
[INFO] 2024-10-11T13:52:40-03 [ENV_INFO] env_name: local
[INFO] 2024-10-11T13:52:40-03 [ENV_INFO] data_format: nexus
[INFO] 2024-10-11T13:52:40-03 [ENV_INFO] path_config: {'base': '', 'functions_src': 'src/lambda_functions', 'input_file': 'resources/input_data', 'tmp': '.tmp', 'tree': '.tmp/tree', 'subtree': '.tmp/subtree', 'mafdb': '.tmp/mafdb', 'clustalw': 'resources/libs/clustalw-2.1-linux'}
[INFO] 2024-10-11T13:52:40-03 [ENV_INFO] bucket_config: {'bucket_name': '', 'key_input_files': '', 'key_tree_files': '', 'key_subtree_files': '', 'key_mafdb_files': ''}
[INFO] 2024-10-11T13:52:40-03 [ENV_INFO] log_config: {'output_type': 'stdout_and_file', 'path': 'resources/logs/local', 'file_name': 'log_[execution_id]_[activity_name].log'}
[INFO] 2024-10-11T13:52:40-03 SUBTREE_CONSTRUCTOR RequestId: uuid_8fa48e76_1976_4533_b5e5_f42edf8da90a	 Duration: 3.0984479999460746 ms	 InputTree: ['tree_ORTHOMCL374.nexus']	 OutputSubtrees: ['tree_ORTHOMCL374_Inner1.nexus', 'tree_ORTHOMCL374_Inner2.nexus', 'tree_ORTHOMCL374_Inner3.nexus', 'tree_ORTHOMCL374_Inner4.nexus', 'tree_ORTHOMCL374_Inner5.nexus', 'tree_ORTHOMCL374_Inner6.nexus', 'tree_ORTHOMCL374_Inner7.nexus']
[INFO] 2024-10-11T13:52:40-03 [ENV_INFO] env_name: local | current_time: 2024-10-11T16:52:40.478110+00:00 | pwd: /home/marcello/Documents/denethor
[INFO] 2024-10-11T13:52:40-03 [ENV_INFO] env_name: local
[INFO] 2024-10-11T13:52:40-03 [ENV_INFO] data_format: nexus
[INFO] 2024-10-11T13:52:40-03 [ENV_INFO] path_config: {'base': '', 'functions_src': 'src/lambda_functions', 'input_file': 'resources/input_data', 'tmp': '.tmp', 'tree': '.tmp/tree', 'subtree': '.tmp/subtree', 'mafdb': '.tmp/mafdb', 'clustalw': 'resources/libs/clustalw-2.1-linux'}
[INFO] 2024-10-11T13:52:40-03 [ENV_INFO] bucket_config: {'bucket_name': '', 'key_input_files': '', 'key_tree_files': '', 'key_subtree_files': '', 'key_mafdb_files': ''}
[INFO] 2024-10-11T13:52:40-03 [ENV_INFO] log_config: {'output_type': 'stdout_and_file', 'path': 'resources/logs/local', 'file_name': 'log_[execution_id]_[activity_name].log'}
[INFO] 2024-10-11T13:52:40-03 SUBTREE_CONSTRUCTOR RequestId: uuid_b57af277_03f3_49b1_9fd1_0fc56b46e98d	 Duration: 7.033224999759113 ms	 InputTree: ['tree_ORTHOMCL421.nexus']	 OutputSubtrees: ['tree_ORTHOMCL421_Inner1.nexus', 'tree_ORTHOMCL421_Inner2.nexus', 'tree_ORTHOMCL421_Inner3.nexus', 'tree_ORTHOMCL421_Inner4.nexus', 'tree_ORTHOMCL421_Inner5.nexus', 'tree_ORTHOMCL421_Inner6.nexus']
[INFO] 2024-10-11T13:53:13-03 [ENV_INFO] env_name: local | current_time: 2024-10-11T16:53:13.511783+00:00 | pwd: /home/marcello/Documents/denethor
[INFO] 2024-10-11T13:53:13-03 [ENV_INFO] env_name: local
[INFO] 2024-10-11T13:53:13-03 [ENV_INFO] data_format: nexus
[INFO] 2024-10-11T13:53:13-03 [ENV_INFO] path_config: {'base': '', 'functions_src': 'src/lambda_functions', 'input_file': 'resources/input_data', 'tmp': '.tmp', 'tree': '.tmp/tree', 'subtree': '.tmp/subtree', 'mafdb': '.tmp/mafdb', 'clustalw': 'resources/libs/clustalw-2.1-linux'}
[INFO] 2024-10-11T13:53:13-03 [ENV_INFO] bucket_config: {'bucket_name': '', 'key_input_files': '', 'key_tree_files': '', 'key_subtree_files': '', 'key_mafdb_files': ''}
[INFO] 2024-10-11T13:53:13-03 [ENV_INFO] log_config: {'output_type': 'stdout_and_file', 'path': 'resources/logs/local', 'file_name': 'log_[execution_id]_[activity_name].log'}
