[INFO] 2024-10-18T12:26:51-03 [ENV_INFO] env_name: local | current_time: 2024-10-18T15:26:51.310040+00:00 | pwd: /home/marcello/Documents/denethor
[INFO] 2024-10-18T12:26:51-03 [ENV_INFO] env_name: local
[INFO] 2024-10-18T12:26:51-03 [ENV_INFO] data_format: nexus
[INFO] 2024-10-18T12:26:51-03 [ENV_INFO] path_config: {'base': '', 'functions_src': 'src/lambda_functions', 'input_file': 'resources/input_data', 'tmp': '.tmp', 'tree': '.tmp/tree', 'subtree': '.tmp/subtree', 'mafdb': '.tmp/mafdb', 'clustalw': 'resources/libs/clustalw-2.1-linux'}
[INFO] 2024-10-18T12:26:51-03 [ENV_INFO] bucket_config: {'bucket_name': '', 'key_input_files': '', 'key_tree_files': '', 'key_subtree_files': '', 'key_mafdb_files': ''}
[INFO] 2024-10-18T12:26:51-03 [ENV_INFO] log_config: {'output_type': 'stdout_and_file', 'path': 'resources/logs/local', 'file_name': 'log_[execution_id]_[activity_name].log'}
[INFO] 2024-10-18T12:26:51-03 TREE_CONSTRUCTOR RequestId: uuid_89de1d7b_72fe_49aa_8165_7c18940663c6	 Duration: 10.015390998887597 ms	 InputFile:ORTHOMCL1	 OutputFile:['tree_ORTHOMCL1.nexus']
[INFO] 2024-10-18T12:26:51-03 [ENV_INFO] env_name: local | current_time: 2024-10-18T15:26:51.322773+00:00 | pwd: /home/marcello/Documents/denethor
[INFO] 2024-10-18T12:26:51-03 [ENV_INFO] env_name: local
[INFO] 2024-10-18T12:26:51-03 [ENV_INFO] data_format: nexus
[INFO] 2024-10-18T12:26:51-03 [ENV_INFO] path_config: {'base': '', 'functions_src': 'src/lambda_functions', 'input_file': 'resources/input_data', 'tmp': '.tmp', 'tree': '.tmp/tree', 'subtree': '.tmp/subtree', 'mafdb': '.tmp/mafdb', 'clustalw': 'resources/libs/clustalw-2.1-linux'}
[INFO] 2024-10-18T12:26:51-03 [ENV_INFO] bucket_config: {'bucket_name': '', 'key_input_files': '', 'key_tree_files': '', 'key_subtree_files': '', 'key_mafdb_files': ''}
[INFO] 2024-10-18T12:26:51-03 [ENV_INFO] log_config: {'output_type': 'stdout_and_file', 'path': 'resources/logs/local', 'file_name': 'log_[execution_id]_[activity_name].log'}
[INFO] 2024-10-18T12:26:51-03 TREE_CONSTRUCTOR RequestId: uuid_8960cda1_7395_43ef_87d8_7cf712b694b0	 Duration: 35.26257399971655 ms	 InputFile:ORTHOMCL256	 OutputFile:['tree_ORTHOMCL256.nexus']
[INFO] 2024-10-18T12:26:51-03 [ENV_INFO] env_name: local | current_time: 2024-10-18T15:26:51.361929+00:00 | pwd: /home/marcello/Documents/denethor
[INFO] 2024-10-18T12:26:51-03 [ENV_INFO] env_name: local
[INFO] 2024-10-18T12:26:51-03 [ENV_INFO] data_format: nexus
[INFO] 2024-10-18T12:26:51-03 [ENV_INFO] path_config: {'base': '', 'functions_src': 'src/lambda_functions', 'input_file': 'resources/input_data', 'tmp': '.tmp', 'tree': '.tmp/tree', 'subtree': '.tmp/subtree', 'mafdb': '.tmp/mafdb', 'clustalw': 'resources/libs/clustalw-2.1-linux'}
[INFO] 2024-10-18T12:26:51-03 [ENV_INFO] bucket_config: {'bucket_name': '', 'key_input_files': '', 'key_tree_files': '', 'key_subtree_files': '', 'key_mafdb_files': ''}
[INFO] 2024-10-18T12:26:51-03 [ENV_INFO] log_config: {'output_type': 'stdout_and_file', 'path': 'resources/logs/local', 'file_name': 'log_[execution_id]_[activity_name].log'}
[INFO] 2024-10-18T12:26:51-03 TREE_CONSTRUCTOR RequestId: uuid_5e015dd7_f01c_4c7d_9955_85f7133ec397	 Duration: 35.44814899942139 ms	 InputFile:ORTHOMCL256_2	 OutputFile:['tree_ORTHOMCL256_2.nexus']
[INFO] 2024-10-18T12:26:51-03 [ENV_INFO] env_name: local | current_time: 2024-10-18T15:26:51.400136+00:00 | pwd: /home/marcello/Documents/denethor
[INFO] 2024-10-18T12:26:51-03 [ENV_INFO] env_name: local
[INFO] 2024-10-18T12:26:51-03 [ENV_INFO] data_format: nexus
[INFO] 2024-10-18T12:26:51-03 [ENV_INFO] path_config: {'base': '', 'functions_src': 'src/lambda_functions', 'input_file': 'resources/input_data', 'tmp': '.tmp', 'tree': '.tmp/tree', 'subtree': '.tmp/subtree', 'mafdb': '.tmp/mafdb', 'clustalw': 'resources/libs/clustalw-2.1-linux'}
[INFO] 2024-10-18T12:26:51-03 [ENV_INFO] bucket_config: {'bucket_name': '', 'key_input_files': '', 'key_tree_files': '', 'key_subtree_files': '', 'key_mafdb_files': ''}
[INFO] 2024-10-18T12:26:51-03 [ENV_INFO] log_config: {'output_type': 'stdout_and_file', 'path': 'resources/logs/local', 'file_name': 'log_[execution_id]_[activity_name].log'}
[INFO] 2024-10-18T12:26:51-03 TREE_CONSTRUCTOR RequestId: uuid_af7b2e58_6295_40c5_b5c7_a96adbc73a9d	 Duration: 64.31498900019506 ms	 InputFile:ORTHOMCL320	 OutputFile:['tree_ORTHOMCL320.nexus']
[INFO] 2024-10-18T12:26:51-03 [ENV_INFO] env_name: local | current_time: 2024-10-18T15:26:51.467143+00:00 | pwd: /home/marcello/Documents/denethor
[INFO] 2024-10-18T12:26:51-03 [ENV_INFO] env_name: local
[INFO] 2024-10-18T12:26:51-03 [ENV_INFO] data_format: nexus
[INFO] 2024-10-18T12:26:51-03 [ENV_INFO] path_config: {'base': '', 'functions_src': 'src/lambda_functions', 'input_file': 'resources/input_data', 'tmp': '.tmp', 'tree': '.tmp/tree', 'subtree': '.tmp/subtree', 'mafdb': '.tmp/mafdb', 'clustalw': 'resources/libs/clustalw-2.1-linux'}
[INFO] 2024-10-18T12:26:51-03 [ENV_INFO] bucket_config: {'bucket_name': '', 'key_input_files': '', 'key_tree_files': '', 'key_subtree_files': '', 'key_mafdb_files': ''}
[INFO] 2024-10-18T12:26:51-03 [ENV_INFO] log_config: {'output_type': 'stdout_and_file', 'path': 'resources/logs/local', 'file_name': 'log_[execution_id]_[activity_name].log'}
[INFO] 2024-10-18T12:26:51-03 TREE_CONSTRUCTOR RequestId: uuid_dbc62a2c_bfc1_4ee5_9d70_71aa35027c4b	 Duration: 76.76415700007055 ms	 InputFile:ORTHOMCL337	 OutputFile:['tree_ORTHOMCL337.nexus']
[INFO] 2024-10-18T12:26:51-03 [ENV_INFO] env_name: local | current_time: 2024-10-18T15:26:51.546124+00:00 | pwd: /home/marcello/Documents/denethor
[INFO] 2024-10-18T12:26:51-03 [ENV_INFO] env_name: local
[INFO] 2024-10-18T12:26:51-03 [ENV_INFO] data_format: nexus
[INFO] 2024-10-18T12:26:51-03 [ENV_INFO] path_config: {'base': '', 'functions_src': 'src/lambda_functions', 'input_file': 'resources/input_data', 'tmp': '.tmp', 'tree': '.tmp/tree', 'subtree': '.tmp/subtree', 'mafdb': '.tmp/mafdb', 'clustalw': 'resources/libs/clustalw-2.1-linux'}
[INFO] 2024-10-18T12:26:51-03 [ENV_INFO] bucket_config: {'bucket_name': '', 'key_input_files': '', 'key_tree_files': '', 'key_subtree_files': '', 'key_mafdb_files': ''}
[INFO] 2024-10-18T12:26:51-03 [ENV_INFO] log_config: {'output_type': 'stdout_and_file', 'path': 'resources/logs/local', 'file_name': 'log_[execution_id]_[activity_name].log'}
[INFO] 2024-10-18T12:26:51-03 TREE_CONSTRUCTOR RequestId: uuid_a9eefd59_8e3f_4e58_8378_4c7832cd3417	 Duration: 63.94658099998196 ms	 InputFile:ORTHOMCL358	 OutputFile:['tree_ORTHOMCL358.nexus']
[INFO] 2024-10-18T12:26:51-03 [ENV_INFO] env_name: local | current_time: 2024-10-18T15:26:51.612723+00:00 | pwd: /home/marcello/Documents/denethor
[INFO] 2024-10-18T12:26:51-03 [ENV_INFO] env_name: local
[INFO] 2024-10-18T12:26:51-03 [ENV_INFO] data_format: nexus
[INFO] 2024-10-18T12:26:51-03 [ENV_INFO] path_config: {'base': '', 'functions_src': 'src/lambda_functions', 'input_file': 'resources/input_data', 'tmp': '.tmp', 'tree': '.tmp/tree', 'subtree': '.tmp/subtree', 'mafdb': '.tmp/mafdb', 'clustalw': 'resources/libs/clustalw-2.1-linux'}
[INFO] 2024-10-18T12:26:51-03 [ENV_INFO] bucket_config: {'bucket_name': '', 'key_input_files': '', 'key_tree_files': '', 'key_subtree_files': '', 'key_mafdb_files': ''}
[INFO] 2024-10-18T12:26:51-03 [ENV_INFO] log_config: {'output_type': 'stdout_and_file', 'path': 'resources/logs/local', 'file_name': 'log_[execution_id]_[activity_name].log'}
[INFO] 2024-10-18T12:26:51-03 TREE_CONSTRUCTOR RequestId: uuid_e9c2bfba_d853_4a0e_9151_7f38ea352bfe	 Duration: 22.94419600002584 ms	 InputFile:ORTHOMCL371	 OutputFile:['tree_ORTHOMCL371.nexus']
[INFO] 2024-10-18T12:26:51-03 [ENV_INFO] env_name: local | current_time: 2024-10-18T15:26:51.636518+00:00 | pwd: /home/marcello/Documents/denethor
[INFO] 2024-10-18T12:26:51-03 [ENV_INFO] env_name: local
[INFO] 2024-10-18T12:26:51-03 [ENV_INFO] data_format: nexus
[INFO] 2024-10-18T12:26:51-03 [ENV_INFO] path_config: {'base': '', 'functions_src': 'src/lambda_functions', 'input_file': 'resources/input_data', 'tmp': '.tmp', 'tree': '.tmp/tree', 'subtree': '.tmp/subtree', 'mafdb': '.tmp/mafdb', 'clustalw': 'resources/libs/clustalw-2.1-linux'}
[INFO] 2024-10-18T12:26:51-03 [ENV_INFO] bucket_config: {'bucket_name': '', 'key_input_files': '', 'key_tree_files': '', 'key_subtree_files': '', 'key_mafdb_files': ''}
[INFO] 2024-10-18T12:26:51-03 [ENV_INFO] log_config: {'output_type': 'stdout_and_file', 'path': 'resources/logs/local', 'file_name': 'log_[execution_id]_[activity_name].log'}
[INFO] 2024-10-18T12:26:51-03 TREE_CONSTRUCTOR RequestId: uuid_cdfef86b_716a_4cce_a080_8f4c9d7ecb02	 Duration: 45.14716199992108 ms	 InputFile:ORTHOMCL374	 OutputFile:['tree_ORTHOMCL374.nexus']
[INFO] 2024-10-18T12:26:51-03 [ENV_INFO] env_name: local | current_time: 2024-10-18T15:26:51.682577+00:00 | pwd: /home/marcello/Documents/denethor
[INFO] 2024-10-18T12:26:51-03 [ENV_INFO] env_name: local
[INFO] 2024-10-18T12:26:51-03 [ENV_INFO] data_format: nexus
[INFO] 2024-10-18T12:26:51-03 [ENV_INFO] path_config: {'base': '', 'functions_src': 'src/lambda_functions', 'input_file': 'resources/input_data', 'tmp': '.tmp', 'tree': '.tmp/tree', 'subtree': '.tmp/subtree', 'mafdb': '.tmp/mafdb', 'clustalw': 'resources/libs/clustalw-2.1-linux'}
[INFO] 2024-10-18T12:26:51-03 [ENV_INFO] bucket_config: {'bucket_name': '', 'key_input_files': '', 'key_tree_files': '', 'key_subtree_files': '', 'key_mafdb_files': ''}
[INFO] 2024-10-18T12:26:51-03 [ENV_INFO] log_config: {'output_type': 'stdout_and_file', 'path': 'resources/logs/local', 'file_name': 'log_[execution_id]_[activity_name].log'}
[INFO] 2024-10-18T12:26:51-03 TREE_CONSTRUCTOR RequestId: uuid_22f1c6a8_5bf5_4005_b72a_422489803bed	 Duration: 14.599123000152758 ms	 InputFile:ORTHOMCL421	 OutputFile:['tree_ORTHOMCL421.nexus']
[INFO] 2024-10-18T12:26:51-03 [ENV_INFO] env_name: local | current_time: 2024-10-18T15:26:51.750502+00:00 | pwd: /home/marcello/Documents/denethor
[INFO] 2024-10-18T12:26:51-03 [ENV_INFO] env_name: local
[INFO] 2024-10-18T12:26:51-03 [ENV_INFO] data_format: nexus
[INFO] 2024-10-18T12:26:51-03 [ENV_INFO] path_config: {'base': '', 'functions_src': 'src/lambda_functions', 'input_file': 'resources/input_data', 'tmp': '.tmp', 'tree': '.tmp/tree', 'subtree': '.tmp/subtree', 'mafdb': '.tmp/mafdb', 'clustalw': 'resources/libs/clustalw-2.1-linux'}
[INFO] 2024-10-18T12:26:51-03 [ENV_INFO] bucket_config: {'bucket_name': '', 'key_input_files': '', 'key_tree_files': '', 'key_subtree_files': '', 'key_mafdb_files': ''}
[INFO] 2024-10-18T12:26:51-03 [ENV_INFO] log_config: {'output_type': 'stdout_and_file', 'path': 'resources/logs/local', 'file_name': 'log_[execution_id]_[activity_name].log'}
[INFO] 2024-10-18T12:26:51-03 SUBTREE_CONSTRUCTOR RequestId: uuid_7d8bb864_d220_4703_bbe9_2fb51320639e	 Duration: 1.289628999074921 ms	 InputTree: ['tree_ORTHOMCL1.nexus']	 OutputSubtrees: ['tree_ORTHOMCL1_Inner1.nexus', 'tree_ORTHOMCL1_Inner2.nexus', 'tree_ORTHOMCL1_Inner3.nexus']
[INFO] 2024-10-18T12:26:51-03 [ENV_INFO] env_name: local | current_time: 2024-10-18T15:26:51.853794+00:00 | pwd: /home/marcello/Documents/denethor
[INFO] 2024-10-18T12:26:51-03 [ENV_INFO] env_name: local
[INFO] 2024-10-18T12:26:51-03 [ENV_INFO] data_format: nexus
[INFO] 2024-10-18T12:26:51-03 [ENV_INFO] path_config: {'base': '', 'functions_src': 'src/lambda_functions', 'input_file': 'resources/input_data', 'tmp': '.tmp', 'tree': '.tmp/tree', 'subtree': '.tmp/subtree', 'mafdb': '.tmp/mafdb', 'clustalw': 'resources/libs/clustalw-2.1-linux'}
[INFO] 2024-10-18T12:26:51-03 [ENV_INFO] bucket_config: {'bucket_name': '', 'key_input_files': '', 'key_tree_files': '', 'key_subtree_files': '', 'key_mafdb_files': ''}
[INFO] 2024-10-18T12:26:51-03 [ENV_INFO] log_config: {'output_type': 'stdout_and_file', 'path': 'resources/logs/local', 'file_name': 'log_[execution_id]_[activity_name].log'}
[INFO] 2024-10-18T12:26:51-03 SUBTREE_CONSTRUCTOR RequestId: uuid_4b83aaea_7242_4c00_8ec2_7fc208959e01	 Duration: 3.4705050002230564 ms	 InputTree: ['tree_ORTHOMCL256.nexus']	 OutputSubtrees: ['tree_ORTHOMCL256_Inner1.nexus', 'tree_ORTHOMCL256_Inner2.nexus', 'tree_ORTHOMCL256_Inner3.nexus', 'tree_ORTHOMCL256_Inner4.nexus', 'tree_ORTHOMCL256_Inner5.nexus', 'tree_ORTHOMCL256_Inner6.nexus', 'tree_ORTHOMCL256_Inner7.nexus', 'tree_ORTHOMCL256_Inner8.nexus']
[INFO] 2024-10-18T12:26:51-03 [ENV_INFO] env_name: local | current_time: 2024-10-18T15:26:51.959471+00:00 | pwd: /home/marcello/Documents/denethor
[INFO] 2024-10-18T12:26:51-03 [ENV_INFO] env_name: local
[INFO] 2024-10-18T12:26:51-03 [ENV_INFO] data_format: nexus
[INFO] 2024-10-18T12:26:51-03 [ENV_INFO] path_config: {'base': '', 'functions_src': 'src/lambda_functions', 'input_file': 'resources/input_data', 'tmp': '.tmp', 'tree': '.tmp/tree', 'subtree': '.tmp/subtree', 'mafdb': '.tmp/mafdb', 'clustalw': 'resources/libs/clustalw-2.1-linux'}
[INFO] 2024-10-18T12:26:51-03 [ENV_INFO] bucket_config: {'bucket_name': '', 'key_input_files': '', 'key_tree_files': '', 'key_subtree_files': '', 'key_mafdb_files': ''}
[INFO] 2024-10-18T12:26:51-03 [ENV_INFO] log_config: {'output_type': 'stdout_and_file', 'path': 'resources/logs/local', 'file_name': 'log_[execution_id]_[activity_name].log'}
[INFO] 2024-10-18T12:26:51-03 SUBTREE_CONSTRUCTOR RequestId: uuid_c6b05f1e_1836_472d_a478_2e3db4e27688	 Duration: 6.969531001232099 ms	 InputTree: ['tree_ORTHOMCL256_2.nexus']	 OutputSubtrees: ['tree_ORTHOMCL256_2_Inner1.nexus', 'tree_ORTHOMCL256_2_Inner2.nexus', 'tree_ORTHOMCL256_2_Inner3.nexus', 'tree_ORTHOMCL256_2_Inner4.nexus', 'tree_ORTHOMCL256_2_Inner5.nexus', 'tree_ORTHOMCL256_2_Inner6.nexus', 'tree_ORTHOMCL256_2_Inner7.nexus', 'tree_ORTHOMCL256_2_Inner8.nexus']
[INFO] 2024-10-18T12:26:52-03 [ENV_INFO] env_name: local | current_time: 2024-10-18T15:26:52.069687+00:00 | pwd: /home/marcello/Documents/denethor
[INFO] 2024-10-18T12:26:52-03 [ENV_INFO] env_name: local
[INFO] 2024-10-18T12:26:52-03 [ENV_INFO] data_format: nexus
[INFO] 2024-10-18T12:26:52-03 [ENV_INFO] path_config: {'base': '', 'functions_src': 'src/lambda_functions', 'input_file': 'resources/input_data', 'tmp': '.tmp', 'tree': '.tmp/tree', 'subtree': '.tmp/subtree', 'mafdb': '.tmp/mafdb', 'clustalw': 'resources/libs/clustalw-2.1-linux'}
[INFO] 2024-10-18T12:26:52-03 [ENV_INFO] bucket_config: {'bucket_name': '', 'key_input_files': '', 'key_tree_files': '', 'key_subtree_files': '', 'key_mafdb_files': ''}
[INFO] 2024-10-18T12:26:52-03 [ENV_INFO] log_config: {'output_type': 'stdout_and_file', 'path': 'resources/logs/local', 'file_name': 'log_[execution_id]_[activity_name].log'}
[INFO] 2024-10-18T12:26:52-03 SUBTREE_CONSTRUCTOR RequestId: uuid_62e6dec5_8cba_4934_845d_bf1a055208a1	 Duration: 5.793170001197723 ms	 InputTree: ['tree_ORTHOMCL320.nexus']	 OutputSubtrees: ['tree_ORTHOMCL320_Inner1.nexus', 'tree_ORTHOMCL320_Inner2.nexus', 'tree_ORTHOMCL320_Inner3.nexus', 'tree_ORTHOMCL320_Inner4.nexus', 'tree_ORTHOMCL320_Inner5.nexus', 'tree_ORTHOMCL320_Inner6.nexus', 'tree_ORTHOMCL320_Inner7.nexus']
[INFO] 2024-10-18T12:26:52-03 [ENV_INFO] env_name: local | current_time: 2024-10-18T15:26:52.178416+00:00 | pwd: /home/marcello/Documents/denethor
[INFO] 2024-10-18T12:26:52-03 [ENV_INFO] env_name: local
[INFO] 2024-10-18T12:26:52-03 [ENV_INFO] data_format: nexus
[INFO] 2024-10-18T12:26:52-03 [ENV_INFO] path_config: {'base': '', 'functions_src': 'src/lambda_functions', 'input_file': 'resources/input_data', 'tmp': '.tmp', 'tree': '.tmp/tree', 'subtree': '.tmp/subtree', 'mafdb': '.tmp/mafdb', 'clustalw': 'resources/libs/clustalw-2.1-linux'}
[INFO] 2024-10-18T12:26:52-03 [ENV_INFO] bucket_config: {'bucket_name': '', 'key_input_files': '', 'key_tree_files': '', 'key_subtree_files': '', 'key_mafdb_files': ''}
[INFO] 2024-10-18T12:26:52-03 [ENV_INFO] log_config: {'output_type': 'stdout_and_file', 'path': 'resources/logs/local', 'file_name': 'log_[execution_id]_[activity_name].log'}
[INFO] 2024-10-18T12:26:52-03 SUBTREE_CONSTRUCTOR RequestId: uuid_9fb71ad4_851d_41f6_867f_882b9d6d0378	 Duration: 3.3741499992174795 ms	 InputTree: ['tree_ORTHOMCL337.nexus']	 OutputSubtrees: ['tree_ORTHOMCL337_Inner1.nexus', 'tree_ORTHOMCL337_Inner2.nexus', 'tree_ORTHOMCL337_Inner3.nexus', 'tree_ORTHOMCL337_Inner4.nexus', 'tree_ORTHOMCL337_Inner5.nexus', 'tree_ORTHOMCL337_Inner6.nexus', 'tree_ORTHOMCL337_Inner7.nexus']
[INFO] 2024-10-18T12:26:52-03 [ENV_INFO] env_name: local | current_time: 2024-10-18T15:26:52.284064+00:00 | pwd: /home/marcello/Documents/denethor
[INFO] 2024-10-18T12:26:52-03 [ENV_INFO] env_name: local
[INFO] 2024-10-18T12:26:52-03 [ENV_INFO] data_format: nexus
[INFO] 2024-10-18T12:26:52-03 [ENV_INFO] path_config: {'base': '', 'functions_src': 'src/lambda_functions', 'input_file': 'resources/input_data', 'tmp': '.tmp', 'tree': '.tmp/tree', 'subtree': '.tmp/subtree', 'mafdb': '.tmp/mafdb', 'clustalw': 'resources/libs/clustalw-2.1-linux'}
[INFO] 2024-10-18T12:26:52-03 [ENV_INFO] bucket_config: {'bucket_name': '', 'key_input_files': '', 'key_tree_files': '', 'key_subtree_files': '', 'key_mafdb_files': ''}
[INFO] 2024-10-18T12:26:52-03 [ENV_INFO] log_config: {'output_type': 'stdout_and_file', 'path': 'resources/logs/local', 'file_name': 'log_[execution_id]_[activity_name].log'}
[INFO] 2024-10-18T12:26:52-03 SUBTREE_CONSTRUCTOR RequestId: uuid_929f3b9e_5943_4e5d_9b76_31ddab1f57e0	 Duration: 3.192539999872679 ms	 InputTree: ['tree_ORTHOMCL358.nexus']	 OutputSubtrees: ['tree_ORTHOMCL358_Inner1.nexus', 'tree_ORTHOMCL358_Inner2.nexus', 'tree_ORTHOMCL358_Inner3.nexus', 'tree_ORTHOMCL358_Inner4.nexus', 'tree_ORTHOMCL358_Inner5.nexus', 'tree_ORTHOMCL358_Inner6.nexus', 'tree_ORTHOMCL358_Inner7.nexus']
[INFO] 2024-10-18T12:26:52-03 [ENV_INFO] env_name: local | current_time: 2024-10-18T15:26:52.389957+00:00 | pwd: /home/marcello/Documents/denethor
[INFO] 2024-10-18T12:26:52-03 [ENV_INFO] env_name: local
[INFO] 2024-10-18T12:26:52-03 [ENV_INFO] data_format: nexus
[INFO] 2024-10-18T12:26:52-03 [ENV_INFO] path_config: {'base': '', 'functions_src': 'src/lambda_functions', 'input_file': 'resources/input_data', 'tmp': '.tmp', 'tree': '.tmp/tree', 'subtree': '.tmp/subtree', 'mafdb': '.tmp/mafdb', 'clustalw': 'resources/libs/clustalw-2.1-linux'}
[INFO] 2024-10-18T12:26:52-03 [ENV_INFO] bucket_config: {'bucket_name': '', 'key_input_files': '', 'key_tree_files': '', 'key_subtree_files': '', 'key_mafdb_files': ''}
[INFO] 2024-10-18T12:26:52-03 [ENV_INFO] log_config: {'output_type': 'stdout_and_file', 'path': 'resources/logs/local', 'file_name': 'log_[execution_id]_[activity_name].log'}
[INFO] 2024-10-18T12:26:52-03 SUBTREE_CONSTRUCTOR RequestId: uuid_18d3624a_c7a2_42bf_b66e_fa235c16d99b	 Duration: 3.478781000012532 ms	 InputTree: ['tree_ORTHOMCL371.nexus']	 OutputSubtrees: ['tree_ORTHOMCL371_Inner1.nexus', 'tree_ORTHOMCL371_Inner2.nexus', 'tree_ORTHOMCL371_Inner3.nexus', 'tree_ORTHOMCL371_Inner4.nexus', 'tree_ORTHOMCL371_Inner5.nexus', 'tree_ORTHOMCL371_Inner6.nexus']
[INFO] 2024-10-18T12:26:52-03 [ENV_INFO] env_name: local | current_time: 2024-10-18T15:26:52.496396+00:00 | pwd: /home/marcello/Documents/denethor
[INFO] 2024-10-18T12:26:52-03 [ENV_INFO] env_name: local
[INFO] 2024-10-18T12:26:52-03 [ENV_INFO] data_format: nexus
[INFO] 2024-10-18T12:26:52-03 [ENV_INFO] path_config: {'base': '', 'functions_src': 'src/lambda_functions', 'input_file': 'resources/input_data', 'tmp': '.tmp', 'tree': '.tmp/tree', 'subtree': '.tmp/subtree', 'mafdb': '.tmp/mafdb', 'clustalw': 'resources/libs/clustalw-2.1-linux'}
[INFO] 2024-10-18T12:26:52-03 [ENV_INFO] bucket_config: {'bucket_name': '', 'key_input_files': '', 'key_tree_files': '', 'key_subtree_files': '', 'key_mafdb_files': ''}
[INFO] 2024-10-18T12:26:52-03 [ENV_INFO] log_config: {'output_type': 'stdout_and_file', 'path': 'resources/logs/local', 'file_name': 'log_[execution_id]_[activity_name].log'}
[INFO] 2024-10-18T12:26:52-03 SUBTREE_CONSTRUCTOR RequestId: uuid_633bbd2e_1e01_4653_8d73_b15f210fadbe	 Duration: 3.851118999591563 ms	 InputTree: ['tree_ORTHOMCL374.nexus']	 OutputSubtrees: ['tree_ORTHOMCL374_Inner1.nexus', 'tree_ORTHOMCL374_Inner2.nexus', 'tree_ORTHOMCL374_Inner3.nexus', 'tree_ORTHOMCL374_Inner4.nexus', 'tree_ORTHOMCL374_Inner5.nexus', 'tree_ORTHOMCL374_Inner6.nexus', 'tree_ORTHOMCL374_Inner7.nexus']
[INFO] 2024-10-18T12:26:52-03 [ENV_INFO] env_name: local | current_time: 2024-10-18T15:26:52.603070+00:00 | pwd: /home/marcello/Documents/denethor
[INFO] 2024-10-18T12:26:52-03 [ENV_INFO] env_name: local
[INFO] 2024-10-18T12:26:52-03 [ENV_INFO] data_format: nexus
[INFO] 2024-10-18T12:26:52-03 [ENV_INFO] path_config: {'base': '', 'functions_src': 'src/lambda_functions', 'input_file': 'resources/input_data', 'tmp': '.tmp', 'tree': '.tmp/tree', 'subtree': '.tmp/subtree', 'mafdb': '.tmp/mafdb', 'clustalw': 'resources/libs/clustalw-2.1-linux'}
[INFO] 2024-10-18T12:26:52-03 [ENV_INFO] bucket_config: {'bucket_name': '', 'key_input_files': '', 'key_tree_files': '', 'key_subtree_files': '', 'key_mafdb_files': ''}
[INFO] 2024-10-18T12:26:52-03 [ENV_INFO] log_config: {'output_type': 'stdout_and_file', 'path': 'resources/logs/local', 'file_name': 'log_[execution_id]_[activity_name].log'}
[INFO] 2024-10-18T12:26:52-03 SUBTREE_CONSTRUCTOR RequestId: uuid_236b8c80_cda1_4645_83e9_2b1cb9c5ee5b	 Duration: 3.464113999143592 ms	 InputTree: ['tree_ORTHOMCL421.nexus']	 OutputSubtrees: ['tree_ORTHOMCL421_Inner1.nexus', 'tree_ORTHOMCL421_Inner2.nexus', 'tree_ORTHOMCL421_Inner3.nexus', 'tree_ORTHOMCL421_Inner4.nexus', 'tree_ORTHOMCL421_Inner5.nexus', 'tree_ORTHOMCL421_Inner6.nexus']
[INFO] 2024-10-18T12:26:52-03 [ENV_INFO] env_name: local | current_time: 2024-10-18T15:26:52.710010+00:00 | pwd: /home/marcello/Documents/denethor
[INFO] 2024-10-18T12:26:52-03 [ENV_INFO] env_name: local
[INFO] 2024-10-18T12:26:52-03 [ENV_INFO] data_format: nexus
[INFO] 2024-10-18T12:26:52-03 [ENV_INFO] path_config: {'base': '', 'functions_src': 'src/lambda_functions', 'input_file': 'resources/input_data', 'tmp': '.tmp', 'tree': '.tmp/tree', 'subtree': '.tmp/subtree', 'mafdb': '.tmp/mafdb', 'clustalw': 'resources/libs/clustalw-2.1-linux'}
[INFO] 2024-10-18T12:26:52-03 [ENV_INFO] bucket_config: {'bucket_name': '', 'key_input_files': '', 'key_tree_files': '', 'key_subtree_files': '', 'key_mafdb_files': ''}
[INFO] 2024-10-18T12:26:52-03 [ENV_INFO] log_config: {'output_type': 'stdout_and_file', 'path': 'resources/logs/local', 'file_name': 'log_[execution_id]_[activity_name].log'}
[INFO] 2024-10-18T12:26:52-03 MAF_DATABASE_CREATOR RequestId: uuid_d3d66185_c8ac_4fc5_8b16_2ff1db8c94f8	 Duration: 71.92481400124962 ms	 InputSubtrees: ['tree_ORTHOMCL1_Inner1.nexus', 'tree_ORTHOMCL1_Inner2.nexus', 'tree_ORTHOMCL1_Inner3.nexus']	 MafDatabaseFile: .tmp/mafdb/mafdb_6f7a2b1116e6a791f68a03367473294792b679a6357b6789f3f993b1f83e2e80.json
[INFO] 2024-10-18T12:26:52-03 [ENV_INFO] env_name: local | current_time: 2024-10-18T15:26:52.784106+00:00 | pwd: /home/marcello/Documents/denethor
[INFO] 2024-10-18T12:26:52-03 [ENV_INFO] env_name: local
[INFO] 2024-10-18T12:26:52-03 [ENV_INFO] data_format: nexus
[INFO] 2024-10-18T12:26:52-03 [ENV_INFO] path_config: {'base': '', 'functions_src': 'src/lambda_functions', 'input_file': 'resources/input_data', 'tmp': '.tmp', 'tree': '.tmp/tree', 'subtree': '.tmp/subtree', 'mafdb': '.tmp/mafdb', 'clustalw': 'resources/libs/clustalw-2.1-linux'}
[INFO] 2024-10-18T12:26:52-03 [ENV_INFO] bucket_config: {'bucket_name': '', 'key_input_files': '', 'key_tree_files': '', 'key_subtree_files': '', 'key_mafdb_files': ''}
[INFO] 2024-10-18T12:26:52-03 [ENV_INFO] log_config: {'output_type': 'stdout_and_file', 'path': 'resources/logs/local', 'file_name': 'log_[execution_id]_[activity_name].log'}
[INFO] 2024-10-18T12:26:53-03 MAF_DATABASE_CREATOR RequestId: uuid_8df6f55b_8c56_4a8f_9362_d073fc93e294	 Duration: 279.6243159991718 ms	 InputSubtrees: ['tree_ORTHOMCL256_Inner1.nexus', 'tree_ORTHOMCL256_Inner2.nexus', 'tree_ORTHOMCL256_Inner3.nexus', 'tree_ORTHOMCL256_Inner4.nexus', 'tree_ORTHOMCL256_Inner5.nexus', 'tree_ORTHOMCL256_Inner6.nexus', 'tree_ORTHOMCL256_Inner7.nexus', 'tree_ORTHOMCL256_Inner8.nexus']	 MafDatabaseFile: .tmp/mafdb/mafdb_54d8ddd695de385cbe16742ebc6fdcb479cd2b8e3c0cd457826222c83fe6bb7c.json
[INFO] 2024-10-18T12:26:53-03 [ENV_INFO] env_name: local | current_time: 2024-10-18T15:26:53.064659+00:00 | pwd: /home/marcello/Documents/denethor
[INFO] 2024-10-18T12:26:53-03 [ENV_INFO] env_name: local
[INFO] 2024-10-18T12:26:53-03 [ENV_INFO] data_format: nexus
[INFO] 2024-10-18T12:26:53-03 [ENV_INFO] path_config: {'base': '', 'functions_src': 'src/lambda_functions', 'input_file': 'resources/input_data', 'tmp': '.tmp', 'tree': '.tmp/tree', 'subtree': '.tmp/subtree', 'mafdb': '.tmp/mafdb', 'clustalw': 'resources/libs/clustalw-2.1-linux'}
[INFO] 2024-10-18T12:26:53-03 [ENV_INFO] bucket_config: {'bucket_name': '', 'key_input_files': '', 'key_tree_files': '', 'key_subtree_files': '', 'key_mafdb_files': ''}
[INFO] 2024-10-18T12:26:53-03 [ENV_INFO] log_config: {'output_type': 'stdout_and_file', 'path': 'resources/logs/local', 'file_name': 'log_[execution_id]_[activity_name].log'}
[INFO] 2024-10-18T12:26:53-03 MAF_DATABASE_CREATOR RequestId: uuid_0af9c98f_de8e_4dfd_abaf_5a255792ca80	 Duration: 226.9187170004443 ms	 InputSubtrees: ['tree_ORTHOMCL256_2_Inner1.nexus', 'tree_ORTHOMCL256_2_Inner2.nexus', 'tree_ORTHOMCL256_2_Inner3.nexus', 'tree_ORTHOMCL256_2_Inner4.nexus', 'tree_ORTHOMCL256_2_Inner5.nexus', 'tree_ORTHOMCL256_2_Inner6.nexus', 'tree_ORTHOMCL256_2_Inner7.nexus', 'tree_ORTHOMCL256_2_Inner8.nexus']	 MafDatabaseFile: .tmp/mafdb/mafdb_1f6ccfc97b000b314f6a6c7e2582a4263b17ffc061fef38bd3c9a63fa631759f.json
[INFO] 2024-10-18T12:26:53-03 [ENV_INFO] env_name: local | current_time: 2024-10-18T15:26:53.293777+00:00 | pwd: /home/marcello/Documents/denethor
[INFO] 2024-10-18T12:26:53-03 [ENV_INFO] env_name: local
[INFO] 2024-10-18T12:26:53-03 [ENV_INFO] data_format: nexus
[INFO] 2024-10-18T12:26:53-03 [ENV_INFO] path_config: {'base': '', 'functions_src': 'src/lambda_functions', 'input_file': 'resources/input_data', 'tmp': '.tmp', 'tree': '.tmp/tree', 'subtree': '.tmp/subtree', 'mafdb': '.tmp/mafdb', 'clustalw': 'resources/libs/clustalw-2.1-linux'}
[INFO] 2024-10-18T12:26:53-03 [ENV_INFO] bucket_config: {'bucket_name': '', 'key_input_files': '', 'key_tree_files': '', 'key_subtree_files': '', 'key_mafdb_files': ''}
[INFO] 2024-10-18T12:26:53-03 [ENV_INFO] log_config: {'output_type': 'stdout_and_file', 'path': 'resources/logs/local', 'file_name': 'log_[execution_id]_[activity_name].log'}
[INFO] 2024-10-18T12:26:53-03 MAF_DATABASE_CREATOR RequestId: uuid_f16796f1_9b40_4ec1_9e46_bc1d9d903285	 Duration: 156.39789600027143 ms	 InputSubtrees: ['tree_ORTHOMCL320_Inner1.nexus', 'tree_ORTHOMCL320_Inner2.nexus', 'tree_ORTHOMCL320_Inner3.nexus', 'tree_ORTHOMCL320_Inner4.nexus', 'tree_ORTHOMCL320_Inner5.nexus', 'tree_ORTHOMCL320_Inner6.nexus', 'tree_ORTHOMCL320_Inner7.nexus']	 MafDatabaseFile: .tmp/mafdb/mafdb_bd5d862db8f1d6b261aaeb3b8ecb83d67004ffb7524cb75c5f1f8454224f7c91.json
[INFO] 2024-10-18T12:26:53-03 [ENV_INFO] env_name: local | current_time: 2024-10-18T15:26:53.451456+00:00 | pwd: /home/marcello/Documents/denethor
[INFO] 2024-10-18T12:26:53-03 [ENV_INFO] env_name: local
[INFO] 2024-10-18T12:26:53-03 [ENV_INFO] data_format: nexus
[INFO] 2024-10-18T12:26:53-03 [ENV_INFO] path_config: {'base': '', 'functions_src': 'src/lambda_functions', 'input_file': 'resources/input_data', 'tmp': '.tmp', 'tree': '.tmp/tree', 'subtree': '.tmp/subtree', 'mafdb': '.tmp/mafdb', 'clustalw': 'resources/libs/clustalw-2.1-linux'}
[INFO] 2024-10-18T12:26:53-03 [ENV_INFO] bucket_config: {'bucket_name': '', 'key_input_files': '', 'key_tree_files': '', 'key_subtree_files': '', 'key_mafdb_files': ''}
[INFO] 2024-10-18T12:26:53-03 [ENV_INFO] log_config: {'output_type': 'stdout_and_file', 'path': 'resources/logs/local', 'file_name': 'log_[execution_id]_[activity_name].log'}
[INFO] 2024-10-18T12:26:53-03 MAF_DATABASE_CREATOR RequestId: uuid_3407b04e_2789_46ac_ae8b_84c59e23f552	 Duration: 154.53530900049373 ms	 InputSubtrees: ['tree_ORTHOMCL337_Inner1.nexus', 'tree_ORTHOMCL337_Inner2.nexus', 'tree_ORTHOMCL337_Inner3.nexus', 'tree_ORTHOMCL337_Inner4.nexus', 'tree_ORTHOMCL337_Inner5.nexus', 'tree_ORTHOMCL337_Inner6.nexus', 'tree_ORTHOMCL337_Inner7.nexus']	 MafDatabaseFile: .tmp/mafdb/mafdb_861b6fcf310a5a4a01036477cd0e28e972c4aa89be1fcccfc0eab6cd45e9fd74.json
[INFO] 2024-10-18T12:26:53-03 [ENV_INFO] env_name: local | current_time: 2024-10-18T15:26:53.607258+00:00 | pwd: /home/marcello/Documents/denethor
[INFO] 2024-10-18T12:26:53-03 [ENV_INFO] env_name: local
[INFO] 2024-10-18T12:26:53-03 [ENV_INFO] data_format: nexus
[INFO] 2024-10-18T12:26:53-03 [ENV_INFO] path_config: {'base': '', 'functions_src': 'src/lambda_functions', 'input_file': 'resources/input_data', 'tmp': '.tmp', 'tree': '.tmp/tree', 'subtree': '.tmp/subtree', 'mafdb': '.tmp/mafdb', 'clustalw': 'resources/libs/clustalw-2.1-linux'}
[INFO] 2024-10-18T12:26:53-03 [ENV_INFO] bucket_config: {'bucket_name': '', 'key_input_files': '', 'key_tree_files': '', 'key_subtree_files': '', 'key_mafdb_files': ''}
[INFO] 2024-10-18T12:26:53-03 [ENV_INFO] log_config: {'output_type': 'stdout_and_file', 'path': 'resources/logs/local', 'file_name': 'log_[execution_id]_[activity_name].log'}
[INFO] 2024-10-18T12:26:53-03 MAF_DATABASE_CREATOR RequestId: uuid_9f8fcd55_48b1_4c58_80eb_35cdf2b8cdeb	 Duration: 174.45350799971493 ms	 InputSubtrees: ['tree_ORTHOMCL358_Inner1.nexus', 'tree_ORTHOMCL358_Inner2.nexus', 'tree_ORTHOMCL358_Inner3.nexus', 'tree_ORTHOMCL358_Inner4.nexus', 'tree_ORTHOMCL358_Inner5.nexus', 'tree_ORTHOMCL358_Inner6.nexus', 'tree_ORTHOMCL358_Inner7.nexus']	 MafDatabaseFile: .tmp/mafdb/mafdb_7d398773bfc3e4435be56d8711457fd7fc190e97e32d7ec51a8a702e16118c4d.json
[INFO] 2024-10-18T12:26:53-03 [ENV_INFO] env_name: local | current_time: 2024-10-18T15:26:53.782746+00:00 | pwd: /home/marcello/Documents/denethor
[INFO] 2024-10-18T12:26:53-03 [ENV_INFO] env_name: local
[INFO] 2024-10-18T12:26:53-03 [ENV_INFO] data_format: nexus
[INFO] 2024-10-18T12:26:53-03 [ENV_INFO] path_config: {'base': '', 'functions_src': 'src/lambda_functions', 'input_file': 'resources/input_data', 'tmp': '.tmp', 'tree': '.tmp/tree', 'subtree': '.tmp/subtree', 'mafdb': '.tmp/mafdb', 'clustalw': 'resources/libs/clustalw-2.1-linux'}
[INFO] 2024-10-18T12:26:53-03 [ENV_INFO] bucket_config: {'bucket_name': '', 'key_input_files': '', 'key_tree_files': '', 'key_subtree_files': '', 'key_mafdb_files': ''}
[INFO] 2024-10-18T12:26:53-03 [ENV_INFO] log_config: {'output_type': 'stdout_and_file', 'path': 'resources/logs/local', 'file_name': 'log_[execution_id]_[activity_name].log'}
[INFO] 2024-10-18T12:26:53-03 MAF_DATABASE_CREATOR RequestId: uuid_fcf0236a_2d77_46d0_82e0_965617b0d920	 Duration: 180.61139100063883 ms	 InputSubtrees: ['tree_ORTHOMCL371_Inner1.nexus', 'tree_ORTHOMCL371_Inner2.nexus', 'tree_ORTHOMCL371_Inner3.nexus', 'tree_ORTHOMCL371_Inner4.nexus', 'tree_ORTHOMCL371_Inner5.nexus', 'tree_ORTHOMCL371_Inner6.nexus']	 MafDatabaseFile: .tmp/mafdb/mafdb_7511017a4e93687a5be47b55aa4c08eff48c283a8153f5e070747057ad693f80.json
[INFO] 2024-10-18T12:26:53-03 [ENV_INFO] env_name: local | current_time: 2024-10-18T15:26:53.965258+00:00 | pwd: /home/marcello/Documents/denethor
[INFO] 2024-10-18T12:26:53-03 [ENV_INFO] env_name: local
[INFO] 2024-10-18T12:26:53-03 [ENV_INFO] data_format: nexus
[INFO] 2024-10-18T12:26:53-03 [ENV_INFO] path_config: {'base': '', 'functions_src': 'src/lambda_functions', 'input_file': 'resources/input_data', 'tmp': '.tmp', 'tree': '.tmp/tree', 'subtree': '.tmp/subtree', 'mafdb': '.tmp/mafdb', 'clustalw': 'resources/libs/clustalw-2.1-linux'}
[INFO] 2024-10-18T12:26:53-03 [ENV_INFO] bucket_config: {'bucket_name': '', 'key_input_files': '', 'key_tree_files': '', 'key_subtree_files': '', 'key_mafdb_files': ''}
[INFO] 2024-10-18T12:26:53-03 [ENV_INFO] log_config: {'output_type': 'stdout_and_file', 'path': 'resources/logs/local', 'file_name': 'log_[execution_id]_[activity_name].log'}
[INFO] 2024-10-18T12:26:54-03 MAF_DATABASE_CREATOR RequestId: uuid_0f545ce5_af45_4ba6_92af_8e44e653689a	 Duration: 174.96971299988218 ms	 InputSubtrees: ['tree_ORTHOMCL374_Inner1.nexus', 'tree_ORTHOMCL374_Inner2.nexus', 'tree_ORTHOMCL374_Inner3.nexus', 'tree_ORTHOMCL374_Inner4.nexus', 'tree_ORTHOMCL374_Inner5.nexus', 'tree_ORTHOMCL374_Inner6.nexus', 'tree_ORTHOMCL374_Inner7.nexus']	 MafDatabaseFile: .tmp/mafdb/mafdb_3891ae3bc299950ca7a78c4d495828659f2cb320e0641ad8c6bfc4ced2d8e2b0.json
[INFO] 2024-10-18T12:26:54-03 [ENV_INFO] env_name: local | current_time: 2024-10-18T15:26:54.141329+00:00 | pwd: /home/marcello/Documents/denethor
[INFO] 2024-10-18T12:26:54-03 [ENV_INFO] env_name: local
[INFO] 2024-10-18T12:26:54-03 [ENV_INFO] data_format: nexus
[INFO] 2024-10-18T12:26:54-03 [ENV_INFO] path_config: {'base': '', 'functions_src': 'src/lambda_functions', 'input_file': 'resources/input_data', 'tmp': '.tmp', 'tree': '.tmp/tree', 'subtree': '.tmp/subtree', 'mafdb': '.tmp/mafdb', 'clustalw': 'resources/libs/clustalw-2.1-linux'}
[INFO] 2024-10-18T12:26:54-03 [ENV_INFO] bucket_config: {'bucket_name': '', 'key_input_files': '', 'key_tree_files': '', 'key_subtree_files': '', 'key_mafdb_files': ''}
[INFO] 2024-10-18T12:26:54-03 [ENV_INFO] log_config: {'output_type': 'stdout_and_file', 'path': 'resources/logs/local', 'file_name': 'log_[execution_id]_[activity_name].log'}
[INFO] 2024-10-18T12:26:54-03 MAF_DATABASE_CREATOR RequestId: uuid_86894cef_9818_4d7d_81f5_57ce53fb868c	 Duration: 188.12565999905928 ms	 InputSubtrees: ['tree_ORTHOMCL421_Inner1.nexus', 'tree_ORTHOMCL421_Inner2.nexus', 'tree_ORTHOMCL421_Inner3.nexus', 'tree_ORTHOMCL421_Inner4.nexus', 'tree_ORTHOMCL421_Inner5.nexus', 'tree_ORTHOMCL421_Inner6.nexus']	 MafDatabaseFile: .tmp/mafdb/mafdb_58aa863a1439bf886daca0713239dba1882676aea5266e0af5bebad97529db92.json
[INFO] 2024-10-18T12:26:54-03 [ENV_INFO] env_name: local | current_time: 2024-10-18T15:26:54.331383+00:00 | pwd: /home/marcello/Documents/denethor
[INFO] 2024-10-18T12:26:54-03 [ENV_INFO] env_name: local
[INFO] 2024-10-18T12:26:54-03 [ENV_INFO] data_format: nexus
[INFO] 2024-10-18T12:26:54-03 [ENV_INFO] path_config: {'base': '', 'functions_src': 'src/lambda_functions', 'input_file': 'resources/input_data', 'tmp': '.tmp', 'tree': '.tmp/tree', 'subtree': '.tmp/subtree', 'mafdb': '.tmp/mafdb', 'clustalw': 'resources/libs/clustalw-2.1-linux'}
[INFO] 2024-10-18T12:26:54-03 [ENV_INFO] bucket_config: {'bucket_name': '', 'key_input_files': '', 'key_tree_files': '', 'key_subtree_files': '', 'key_mafdb_files': ''}
[INFO] 2024-10-18T12:26:54-03 [ENV_INFO] log_config: {'output_type': 'stdout_and_file', 'path': 'resources/logs/local', 'file_name': 'log_[execution_id]_[activity_name].log'}
