[INFO] 2024-10-18T13:01:33-03 [ENV_INFO] env_name: local | current_time: 2024-10-18T16:01:33.811713+00:00 | pwd: /home/marcello/Documents/denethor
[INFO] 2024-10-18T13:01:33-03 [ENV_INFO] env_name: local
[INFO] 2024-10-18T13:01:33-03 [ENV_INFO] data_format: nexus
[INFO] 2024-10-18T13:01:33-03 [ENV_INFO] path_config: {'base': '', 'functions_src': 'src/lambda_functions', 'input_file': 'resources/input_data', 'tmp': '.tmp', 'tree': '.tmp/tree', 'subtree': '.tmp/subtree', 'mafdb': '.tmp/mafdb', 'clustalw': 'resources/libs/clustalw-2.1-linux'}
[INFO] 2024-10-18T13:01:33-03 [ENV_INFO] bucket_config: {'bucket_name': '', 'key_input_files': '', 'key_tree_files': '', 'key_subtree_files': '', 'key_mafdb_files': ''}
[INFO] 2024-10-18T13:01:33-03 [ENV_INFO] log_config: {'output_type': 'stdout_and_file', 'path': 'resources/logs/local', 'file_name': 'log_[execution_id]_[activity_name].log'}
[INFO] 2024-10-18T13:01:33-03 TREE_CONSTRUCTOR RequestId: uuid_76807cb2_1efe_46c0_9015_23d6856dd525	 Duration: 9.74719400073809 ms	 InputFile:ORTHOMCL1	 OutputFile:['tree_ORTHOMCL1.nexus']
[INFO] 2024-10-18T13:01:33-03 [ENV_INFO] env_name: local | current_time: 2024-10-18T16:01:33.823487+00:00 | pwd: /home/marcello/Documents/denethor
[INFO] 2024-10-18T13:01:33-03 [ENV_INFO] env_name: local
[INFO] 2024-10-18T13:01:33-03 [ENV_INFO] data_format: nexus
[INFO] 2024-10-18T13:01:33-03 [ENV_INFO] path_config: {'base': '', 'functions_src': 'src/lambda_functions', 'input_file': 'resources/input_data', 'tmp': '.tmp', 'tree': '.tmp/tree', 'subtree': '.tmp/subtree', 'mafdb': '.tmp/mafdb', 'clustalw': 'resources/libs/clustalw-2.1-linux'}
[INFO] 2024-10-18T13:01:33-03 [ENV_INFO] bucket_config: {'bucket_name': '', 'key_input_files': '', 'key_tree_files': '', 'key_subtree_files': '', 'key_mafdb_files': ''}
[INFO] 2024-10-18T13:01:33-03 [ENV_INFO] log_config: {'output_type': 'stdout_and_file', 'path': 'resources/logs/local', 'file_name': 'log_[execution_id]_[activity_name].log'}
[INFO] 2024-10-18T13:01:33-03 TREE_CONSTRUCTOR RequestId: uuid_c46ecb27_d211_4679_9dc1_92765fc3e4e4	 Duration: 27.466104000268388 ms	 InputFile:ORTHOMCL256	 OutputFile:['tree_ORTHOMCL256.nexus']
[INFO] 2024-10-18T13:01:33-03 [ENV_INFO] env_name: local | current_time: 2024-10-18T16:01:33.853754+00:00 | pwd: /home/marcello/Documents/denethor
[INFO] 2024-10-18T13:01:33-03 [ENV_INFO] env_name: local
[INFO] 2024-10-18T13:01:33-03 [ENV_INFO] data_format: nexus
[INFO] 2024-10-18T13:01:33-03 [ENV_INFO] path_config: {'base': '', 'functions_src': 'src/lambda_functions', 'input_file': 'resources/input_data', 'tmp': '.tmp', 'tree': '.tmp/tree', 'subtree': '.tmp/subtree', 'mafdb': '.tmp/mafdb', 'clustalw': 'resources/libs/clustalw-2.1-linux'}
[INFO] 2024-10-18T13:01:33-03 [ENV_INFO] bucket_config: {'bucket_name': '', 'key_input_files': '', 'key_tree_files': '', 'key_subtree_files': '', 'key_mafdb_files': ''}
[INFO] 2024-10-18T13:01:33-03 [ENV_INFO] log_config: {'output_type': 'stdout_and_file', 'path': 'resources/logs/local', 'file_name': 'log_[execution_id]_[activity_name].log'}
[INFO] 2024-10-18T13:01:33-03 TREE_CONSTRUCTOR RequestId: uuid_c749e1c7_fc58_46ee_b058_5e762b2d5969	 Duration: 26.93571900090319 ms	 InputFile:ORTHOMCL256_2	 OutputFile:['tree_ORTHOMCL256_2.nexus']
[INFO] 2024-10-18T13:01:33-03 [ENV_INFO] env_name: local | current_time: 2024-10-18T16:01:33.882326+00:00 | pwd: /home/marcello/Documents/denethor
[INFO] 2024-10-18T13:01:33-03 [ENV_INFO] env_name: local
[INFO] 2024-10-18T13:01:33-03 [ENV_INFO] data_format: nexus
[INFO] 2024-10-18T13:01:33-03 [ENV_INFO] path_config: {'base': '', 'functions_src': 'src/lambda_functions', 'input_file': 'resources/input_data', 'tmp': '.tmp', 'tree': '.tmp/tree', 'subtree': '.tmp/subtree', 'mafdb': '.tmp/mafdb', 'clustalw': 'resources/libs/clustalw-2.1-linux'}
[INFO] 2024-10-18T13:01:33-03 [ENV_INFO] bucket_config: {'bucket_name': '', 'key_input_files': '', 'key_tree_files': '', 'key_subtree_files': '', 'key_mafdb_files': ''}
[INFO] 2024-10-18T13:01:33-03 [ENV_INFO] log_config: {'output_type': 'stdout_and_file', 'path': 'resources/logs/local', 'file_name': 'log_[execution_id]_[activity_name].log'}
[INFO] 2024-10-18T13:01:33-03 TREE_CONSTRUCTOR RequestId: uuid_7391f24f_3039_45f7_935c_8ab30ab7eb56	 Duration: 39.47343799882219 ms	 InputFile:ORTHOMCL320	 OutputFile:['tree_ORTHOMCL320.nexus']
[INFO] 2024-10-18T13:01:33-03 [ENV_INFO] env_name: local | current_time: 2024-10-18T16:01:33.923265+00:00 | pwd: /home/marcello/Documents/denethor
[INFO] 2024-10-18T13:01:33-03 [ENV_INFO] env_name: local
[INFO] 2024-10-18T13:01:33-03 [ENV_INFO] data_format: nexus
[INFO] 2024-10-18T13:01:33-03 [ENV_INFO] path_config: {'base': '', 'functions_src': 'src/lambda_functions', 'input_file': 'resources/input_data', 'tmp': '.tmp', 'tree': '.tmp/tree', 'subtree': '.tmp/subtree', 'mafdb': '.tmp/mafdb', 'clustalw': 'resources/libs/clustalw-2.1-linux'}
[INFO] 2024-10-18T13:01:33-03 [ENV_INFO] bucket_config: {'bucket_name': '', 'key_input_files': '', 'key_tree_files': '', 'key_subtree_files': '', 'key_mafdb_files': ''}
[INFO] 2024-10-18T13:01:33-03 [ENV_INFO] log_config: {'output_type': 'stdout_and_file', 'path': 'resources/logs/local', 'file_name': 'log_[execution_id]_[activity_name].log'}
[INFO] 2024-10-18T13:01:33-03 TREE_CONSTRUCTOR RequestId: uuid_23e94772_2b40_492b_ad1b_fe8596dec55a	 Duration: 48.27402400042047 ms	 InputFile:ORTHOMCL337	 OutputFile:['tree_ORTHOMCL337.nexus']
[INFO] 2024-10-18T13:01:33-03 [ENV_INFO] env_name: local | current_time: 2024-10-18T16:01:33.973169+00:00 | pwd: /home/marcello/Documents/denethor
[INFO] 2024-10-18T13:01:33-03 [ENV_INFO] env_name: local
[INFO] 2024-10-18T13:01:33-03 [ENV_INFO] data_format: nexus
[INFO] 2024-10-18T13:01:33-03 [ENV_INFO] path_config: {'base': '', 'functions_src': 'src/lambda_functions', 'input_file': 'resources/input_data', 'tmp': '.tmp', 'tree': '.tmp/tree', 'subtree': '.tmp/subtree', 'mafdb': '.tmp/mafdb', 'clustalw': 'resources/libs/clustalw-2.1-linux'}
[INFO] 2024-10-18T13:01:33-03 [ENV_INFO] bucket_config: {'bucket_name': '', 'key_input_files': '', 'key_tree_files': '', 'key_subtree_files': '', 'key_mafdb_files': ''}
[INFO] 2024-10-18T13:01:33-03 [ENV_INFO] log_config: {'output_type': 'stdout_and_file', 'path': 'resources/logs/local', 'file_name': 'log_[execution_id]_[activity_name].log'}
[INFO] 2024-10-18T13:01:34-03 TREE_CONSTRUCTOR RequestId: uuid_c24c0109_b6b2_4421_b962_fe17c4b12383	 Duration: 46.404190001339884 ms	 InputFile:ORTHOMCL358	 OutputFile:['tree_ORTHOMCL358.nexus']
[INFO] 2024-10-18T13:01:34-03 [ENV_INFO] env_name: local | current_time: 2024-10-18T16:01:34.021263+00:00 | pwd: /home/marcello/Documents/denethor
[INFO] 2024-10-18T13:01:34-03 [ENV_INFO] env_name: local
[INFO] 2024-10-18T13:01:34-03 [ENV_INFO] data_format: nexus
[INFO] 2024-10-18T13:01:34-03 [ENV_INFO] path_config: {'base': '', 'functions_src': 'src/lambda_functions', 'input_file': 'resources/input_data', 'tmp': '.tmp', 'tree': '.tmp/tree', 'subtree': '.tmp/subtree', 'mafdb': '.tmp/mafdb', 'clustalw': 'resources/libs/clustalw-2.1-linux'}
[INFO] 2024-10-18T13:01:34-03 [ENV_INFO] bucket_config: {'bucket_name': '', 'key_input_files': '', 'key_tree_files': '', 'key_subtree_files': '', 'key_mafdb_files': ''}
[INFO] 2024-10-18T13:01:34-03 [ENV_INFO] log_config: {'output_type': 'stdout_and_file', 'path': 'resources/logs/local', 'file_name': 'log_[execution_id]_[activity_name].log'}
[INFO] 2024-10-18T13:01:34-03 TREE_CONSTRUCTOR RequestId: uuid_eeda9c62_cf6e_4f66_a78f_c58eb3e5fef7	 Duration: 29.258583001137595 ms	 InputFile:ORTHOMCL371	 OutputFile:['tree_ORTHOMCL371.nexus']
[INFO] 2024-10-18T13:01:34-03 [ENV_INFO] env_name: local | current_time: 2024-10-18T16:01:34.052377+00:00 | pwd: /home/marcello/Documents/denethor
[INFO] 2024-10-18T13:01:34-03 [ENV_INFO] env_name: local
[INFO] 2024-10-18T13:01:34-03 [ENV_INFO] data_format: nexus
[INFO] 2024-10-18T13:01:34-03 [ENV_INFO] path_config: {'base': '', 'functions_src': 'src/lambda_functions', 'input_file': 'resources/input_data', 'tmp': '.tmp', 'tree': '.tmp/tree', 'subtree': '.tmp/subtree', 'mafdb': '.tmp/mafdb', 'clustalw': 'resources/libs/clustalw-2.1-linux'}
[INFO] 2024-10-18T13:01:34-03 [ENV_INFO] bucket_config: {'bucket_name': '', 'key_input_files': '', 'key_tree_files': '', 'key_subtree_files': '', 'key_mafdb_files': ''}
[INFO] 2024-10-18T13:01:34-03 [ENV_INFO] log_config: {'output_type': 'stdout_and_file', 'path': 'resources/logs/local', 'file_name': 'log_[execution_id]_[activity_name].log'}
[INFO] 2024-10-18T13:01:34-03 TREE_CONSTRUCTOR RequestId: uuid_24a5257d_130b_4660_9d9b_c3c904bbf28b	 Duration: 45.361881999269826 ms	 InputFile:ORTHOMCL374	 OutputFile:['tree_ORTHOMCL374.nexus']
[INFO] 2024-10-18T13:01:34-03 [ENV_INFO] env_name: local | current_time: 2024-10-18T16:01:34.099629+00:00 | pwd: /home/marcello/Documents/denethor
[INFO] 2024-10-18T13:01:34-03 [ENV_INFO] env_name: local
[INFO] 2024-10-18T13:01:34-03 [ENV_INFO] data_format: nexus
[INFO] 2024-10-18T13:01:34-03 [ENV_INFO] path_config: {'base': '', 'functions_src': 'src/lambda_functions', 'input_file': 'resources/input_data', 'tmp': '.tmp', 'tree': '.tmp/tree', 'subtree': '.tmp/subtree', 'mafdb': '.tmp/mafdb', 'clustalw': 'resources/libs/clustalw-2.1-linux'}
[INFO] 2024-10-18T13:01:34-03 [ENV_INFO] bucket_config: {'bucket_name': '', 'key_input_files': '', 'key_tree_files': '', 'key_subtree_files': '', 'key_mafdb_files': ''}
[INFO] 2024-10-18T13:01:34-03 [ENV_INFO] log_config: {'output_type': 'stdout_and_file', 'path': 'resources/logs/local', 'file_name': 'log_[execution_id]_[activity_name].log'}
[INFO] 2024-10-18T13:01:34-03 TREE_CONSTRUCTOR RequestId: uuid_c3cb3bad_2fe4_432b_9578_8f6085d192cc	 Duration: 14.004540998939774 ms	 InputFile:ORTHOMCL421	 OutputFile:['tree_ORTHOMCL421.nexus']
[INFO] 2024-10-18T13:01:34-03 [ENV_INFO] env_name: local | current_time: 2024-10-18T16:01:34.165499+00:00 | pwd: /home/marcello/Documents/denethor
[INFO] 2024-10-18T13:01:34-03 [ENV_INFO] env_name: local
[INFO] 2024-10-18T13:01:34-03 [ENV_INFO] data_format: nexus
[INFO] 2024-10-18T13:01:34-03 [ENV_INFO] path_config: {'base': '', 'functions_src': 'src/lambda_functions', 'input_file': 'resources/input_data', 'tmp': '.tmp', 'tree': '.tmp/tree', 'subtree': '.tmp/subtree', 'mafdb': '.tmp/mafdb', 'clustalw': 'resources/libs/clustalw-2.1-linux'}
[INFO] 2024-10-18T13:01:34-03 [ENV_INFO] bucket_config: {'bucket_name': '', 'key_input_files': '', 'key_tree_files': '', 'key_subtree_files': '', 'key_mafdb_files': ''}
[INFO] 2024-10-18T13:01:34-03 [ENV_INFO] log_config: {'output_type': 'stdout_and_file', 'path': 'resources/logs/local', 'file_name': 'log_[execution_id]_[activity_name].log'}
[INFO] 2024-10-18T13:01:34-03 SUBTREE_CONSTRUCTOR RequestId: uuid_6087c744_771f_492d_89e3_512ce0dc8a63	 Duration: 1.660592999542132 ms	 InputTree: ['tree_ORTHOMCL1.nexus']	 OutputSubtrees: ['tree_ORTHOMCL1_Inner1.nexus', 'tree_ORTHOMCL1_Inner2.nexus', 'tree_ORTHOMCL1_Inner3.nexus']
[INFO] 2024-10-18T13:01:34-03 [ENV_INFO] env_name: local | current_time: 2024-10-18T16:01:34.269361+00:00 | pwd: /home/marcello/Documents/denethor
[INFO] 2024-10-18T13:01:34-03 [ENV_INFO] env_name: local
[INFO] 2024-10-18T13:01:34-03 [ENV_INFO] data_format: nexus
[INFO] 2024-10-18T13:01:34-03 [ENV_INFO] path_config: {'base': '', 'functions_src': 'src/lambda_functions', 'input_file': 'resources/input_data', 'tmp': '.tmp', 'tree': '.tmp/tree', 'subtree': '.tmp/subtree', 'mafdb': '.tmp/mafdb', 'clustalw': 'resources/libs/clustalw-2.1-linux'}
[INFO] 2024-10-18T13:01:34-03 [ENV_INFO] bucket_config: {'bucket_name': '', 'key_input_files': '', 'key_tree_files': '', 'key_subtree_files': '', 'key_mafdb_files': ''}
[INFO] 2024-10-18T13:01:34-03 [ENV_INFO] log_config: {'output_type': 'stdout_and_file', 'path': 'resources/logs/local', 'file_name': 'log_[execution_id]_[activity_name].log'}
[INFO] 2024-10-18T13:01:34-03 SUBTREE_CONSTRUCTOR RequestId: uuid_692f5707_5700_426e_8a0c_2c76a37f2786	 Duration: 7.376673998805927 ms	 InputTree: ['tree_ORTHOMCL256.nexus']	 OutputSubtrees: ['tree_ORTHOMCL256_Inner1.nexus', 'tree_ORTHOMCL256_Inner2.nexus', 'tree_ORTHOMCL256_Inner3.nexus', 'tree_ORTHOMCL256_Inner4.nexus', 'tree_ORTHOMCL256_Inner5.nexus', 'tree_ORTHOMCL256_Inner6.nexus', 'tree_ORTHOMCL256_Inner7.nexus', 'tree_ORTHOMCL256_Inner8.nexus']
[INFO] 2024-10-18T13:01:34-03 [ENV_INFO] env_name: local | current_time: 2024-10-18T16:01:34.380089+00:00 | pwd: /home/marcello/Documents/denethor
[INFO] 2024-10-18T13:01:34-03 [ENV_INFO] env_name: local
[INFO] 2024-10-18T13:01:34-03 [ENV_INFO] data_format: nexus
[INFO] 2024-10-18T13:01:34-03 [ENV_INFO] path_config: {'base': '', 'functions_src': 'src/lambda_functions', 'input_file': 'resources/input_data', 'tmp': '.tmp', 'tree': '.tmp/tree', 'subtree': '.tmp/subtree', 'mafdb': '.tmp/mafdb', 'clustalw': 'resources/libs/clustalw-2.1-linux'}
[INFO] 2024-10-18T13:01:34-03 [ENV_INFO] bucket_config: {'bucket_name': '', 'key_input_files': '', 'key_tree_files': '', 'key_subtree_files': '', 'key_mafdb_files': ''}
[INFO] 2024-10-18T13:01:34-03 [ENV_INFO] log_config: {'output_type': 'stdout_and_file', 'path': 'resources/logs/local', 'file_name': 'log_[execution_id]_[activity_name].log'}
[INFO] 2024-10-18T13:01:34-03 SUBTREE_CONSTRUCTOR RequestId: uuid_616df764_e22d_40bc_9ed1_b8b801f71dee	 Duration: 9.516780999547336 ms	 InputTree: ['tree_ORTHOMCL256_2.nexus']	 OutputSubtrees: ['tree_ORTHOMCL256_2_Inner1.nexus', 'tree_ORTHOMCL256_2_Inner2.nexus', 'tree_ORTHOMCL256_2_Inner3.nexus', 'tree_ORTHOMCL256_2_Inner4.nexus', 'tree_ORTHOMCL256_2_Inner5.nexus', 'tree_ORTHOMCL256_2_Inner6.nexus', 'tree_ORTHOMCL256_2_Inner7.nexus', 'tree_ORTHOMCL256_2_Inner8.nexus']
[INFO] 2024-10-18T13:01:34-03 [ENV_INFO] env_name: local | current_time: 2024-10-18T16:01:34.494471+00:00 | pwd: /home/marcello/Documents/denethor
[INFO] 2024-10-18T13:01:34-03 [ENV_INFO] env_name: local
[INFO] 2024-10-18T13:01:34-03 [ENV_INFO] data_format: nexus
[INFO] 2024-10-18T13:01:34-03 [ENV_INFO] path_config: {'base': '', 'functions_src': 'src/lambda_functions', 'input_file': 'resources/input_data', 'tmp': '.tmp', 'tree': '.tmp/tree', 'subtree': '.tmp/subtree', 'mafdb': '.tmp/mafdb', 'clustalw': 'resources/libs/clustalw-2.1-linux'}
[INFO] 2024-10-18T13:01:34-03 [ENV_INFO] bucket_config: {'bucket_name': '', 'key_input_files': '', 'key_tree_files': '', 'key_subtree_files': '', 'key_mafdb_files': ''}
[INFO] 2024-10-18T13:01:34-03 [ENV_INFO] log_config: {'output_type': 'stdout_and_file', 'path': 'resources/logs/local', 'file_name': 'log_[execution_id]_[activity_name].log'}
[INFO] 2024-10-18T13:01:34-03 SUBTREE_CONSTRUCTOR RequestId: uuid_91b1dc6b_c833_4612_890d_3b4e132e3bc9	 Duration: 7.967223000377999 ms	 InputTree: ['tree_ORTHOMCL320.nexus']	 OutputSubtrees: ['tree_ORTHOMCL320_Inner1.nexus', 'tree_ORTHOMCL320_Inner2.nexus', 'tree_ORTHOMCL320_Inner3.nexus', 'tree_ORTHOMCL320_Inner4.nexus', 'tree_ORTHOMCL320_Inner5.nexus', 'tree_ORTHOMCL320_Inner6.nexus', 'tree_ORTHOMCL320_Inner7.nexus']
[INFO] 2024-10-18T13:01:34-03 [ENV_INFO] env_name: local | current_time: 2024-10-18T16:01:34.606438+00:00 | pwd: /home/marcello/Documents/denethor
[INFO] 2024-10-18T13:01:34-03 [ENV_INFO] env_name: local
[INFO] 2024-10-18T13:01:34-03 [ENV_INFO] data_format: nexus
[INFO] 2024-10-18T13:01:34-03 [ENV_INFO] path_config: {'base': '', 'functions_src': 'src/lambda_functions', 'input_file': 'resources/input_data', 'tmp': '.tmp', 'tree': '.tmp/tree', 'subtree': '.tmp/subtree', 'mafdb': '.tmp/mafdb', 'clustalw': 'resources/libs/clustalw-2.1-linux'}
[INFO] 2024-10-18T13:01:34-03 [ENV_INFO] bucket_config: {'bucket_name': '', 'key_input_files': '', 'key_tree_files': '', 'key_subtree_files': '', 'key_mafdb_files': ''}
[INFO] 2024-10-18T13:01:34-03 [ENV_INFO] log_config: {'output_type': 'stdout_and_file', 'path': 'resources/logs/local', 'file_name': 'log_[execution_id]_[activity_name].log'}
[INFO] 2024-10-18T13:01:34-03 SUBTREE_CONSTRUCTOR RequestId: uuid_3edaea03_e133_44ac_8059_1ceaeb817428	 Duration: 4.161488999670837 ms	 InputTree: ['tree_ORTHOMCL337.nexus']	 OutputSubtrees: ['tree_ORTHOMCL337_Inner1.nexus', 'tree_ORTHOMCL337_Inner2.nexus', 'tree_ORTHOMCL337_Inner3.nexus', 'tree_ORTHOMCL337_Inner4.nexus', 'tree_ORTHOMCL337_Inner5.nexus', 'tree_ORTHOMCL337_Inner6.nexus', 'tree_ORTHOMCL337_Inner7.nexus']
[INFO] 2024-10-18T13:01:34-03 [ENV_INFO] env_name: local | current_time: 2024-10-18T16:01:34.713390+00:00 | pwd: /home/marcello/Documents/denethor
[INFO] 2024-10-18T13:01:34-03 [ENV_INFO] env_name: local
[INFO] 2024-10-18T13:01:34-03 [ENV_INFO] data_format: nexus
[INFO] 2024-10-18T13:01:34-03 [ENV_INFO] path_config: {'base': '', 'functions_src': 'src/lambda_functions', 'input_file': 'resources/input_data', 'tmp': '.tmp', 'tree': '.tmp/tree', 'subtree': '.tmp/subtree', 'mafdb': '.tmp/mafdb', 'clustalw': 'resources/libs/clustalw-2.1-linux'}
[INFO] 2024-10-18T13:01:34-03 [ENV_INFO] bucket_config: {'bucket_name': '', 'key_input_files': '', 'key_tree_files': '', 'key_subtree_files': '', 'key_mafdb_files': ''}
[INFO] 2024-10-18T13:01:34-03 [ENV_INFO] log_config: {'output_type': 'stdout_and_file', 'path': 'resources/logs/local', 'file_name': 'log_[execution_id]_[activity_name].log'}
[INFO] 2024-10-18T13:01:34-03 SUBTREE_CONSTRUCTOR RequestId: uuid_8ff8f819_8dd1_45e2_83fa_dc66e5672fdc	 Duration: 3.6034400000062305 ms	 InputTree: ['tree_ORTHOMCL358.nexus']	 OutputSubtrees: ['tree_ORTHOMCL358_Inner1.nexus', 'tree_ORTHOMCL358_Inner2.nexus', 'tree_ORTHOMCL358_Inner3.nexus', 'tree_ORTHOMCL358_Inner4.nexus', 'tree_ORTHOMCL358_Inner5.nexus', 'tree_ORTHOMCL358_Inner6.nexus', 'tree_ORTHOMCL358_Inner7.nexus']
[INFO] 2024-10-18T13:01:34-03 [ENV_INFO] env_name: local | current_time: 2024-10-18T16:01:34.820535+00:00 | pwd: /home/marcello/Documents/denethor
[INFO] 2024-10-18T13:01:34-03 [ENV_INFO] env_name: local
[INFO] 2024-10-18T13:01:34-03 [ENV_INFO] data_format: nexus
[INFO] 2024-10-18T13:01:34-03 [ENV_INFO] path_config: {'base': '', 'functions_src': 'src/lambda_functions', 'input_file': 'resources/input_data', 'tmp': '.tmp', 'tree': '.tmp/tree', 'subtree': '.tmp/subtree', 'mafdb': '.tmp/mafdb', 'clustalw': 'resources/libs/clustalw-2.1-linux'}
[INFO] 2024-10-18T13:01:34-03 [ENV_INFO] bucket_config: {'bucket_name': '', 'key_input_files': '', 'key_tree_files': '', 'key_subtree_files': '', 'key_mafdb_files': ''}
[INFO] 2024-10-18T13:01:34-03 [ENV_INFO] log_config: {'output_type': 'stdout_and_file', 'path': 'resources/logs/local', 'file_name': 'log_[execution_id]_[activity_name].log'}
[INFO] 2024-10-18T13:01:34-03 SUBTREE_CONSTRUCTOR RequestId: uuid_e60bb8e3_bdfe_43dc_ae25_2bc29a5bd13d	 Duration: 3.6255799986975035 ms	 InputTree: ['tree_ORTHOMCL371.nexus']	 OutputSubtrees: ['tree_ORTHOMCL371_Inner1.nexus', 'tree_ORTHOMCL371_Inner2.nexus', 'tree_ORTHOMCL371_Inner3.nexus', 'tree_ORTHOMCL371_Inner4.nexus', 'tree_ORTHOMCL371_Inner5.nexus', 'tree_ORTHOMCL371_Inner6.nexus']
[INFO] 2024-10-18T13:01:34-03 [ENV_INFO] env_name: local | current_time: 2024-10-18T16:01:34.928535+00:00 | pwd: /home/marcello/Documents/denethor
[INFO] 2024-10-18T13:01:34-03 [ENV_INFO] env_name: local
[INFO] 2024-10-18T13:01:34-03 [ENV_INFO] data_format: nexus
[INFO] 2024-10-18T13:01:34-03 [ENV_INFO] path_config: {'base': '', 'functions_src': 'src/lambda_functions', 'input_file': 'resources/input_data', 'tmp': '.tmp', 'tree': '.tmp/tree', 'subtree': '.tmp/subtree', 'mafdb': '.tmp/mafdb', 'clustalw': 'resources/libs/clustalw-2.1-linux'}
[INFO] 2024-10-18T13:01:34-03 [ENV_INFO] bucket_config: {'bucket_name': '', 'key_input_files': '', 'key_tree_files': '', 'key_subtree_files': '', 'key_mafdb_files': ''}
[INFO] 2024-10-18T13:01:34-03 [ENV_INFO] log_config: {'output_type': 'stdout_and_file', 'path': 'resources/logs/local', 'file_name': 'log_[execution_id]_[activity_name].log'}
[INFO] 2024-10-18T13:01:34-03 SUBTREE_CONSTRUCTOR RequestId: uuid_575d3560_db08_4e2c_99b0_64ef61b55b29	 Duration: 7.373275999270845 ms	 InputTree: ['tree_ORTHOMCL374.nexus']	 OutputSubtrees: ['tree_ORTHOMCL374_Inner1.nexus', 'tree_ORTHOMCL374_Inner2.nexus', 'tree_ORTHOMCL374_Inner3.nexus', 'tree_ORTHOMCL374_Inner4.nexus', 'tree_ORTHOMCL374_Inner5.nexus', 'tree_ORTHOMCL374_Inner6.nexus', 'tree_ORTHOMCL374_Inner7.nexus']
[INFO] 2024-10-18T13:01:35-03 [ENV_INFO] env_name: local | current_time: 2024-10-18T16:01:35.040160+00:00 | pwd: /home/marcello/Documents/denethor
[INFO] 2024-10-18T13:01:35-03 [ENV_INFO] env_name: local
[INFO] 2024-10-18T13:01:35-03 [ENV_INFO] data_format: nexus
[INFO] 2024-10-18T13:01:35-03 [ENV_INFO] path_config: {'base': '', 'functions_src': 'src/lambda_functions', 'input_file': 'resources/input_data', 'tmp': '.tmp', 'tree': '.tmp/tree', 'subtree': '.tmp/subtree', 'mafdb': '.tmp/mafdb', 'clustalw': 'resources/libs/clustalw-2.1-linux'}
[INFO] 2024-10-18T13:01:35-03 [ENV_INFO] bucket_config: {'bucket_name': '', 'key_input_files': '', 'key_tree_files': '', 'key_subtree_files': '', 'key_mafdb_files': ''}
[INFO] 2024-10-18T13:01:35-03 [ENV_INFO] log_config: {'output_type': 'stdout_and_file', 'path': 'resources/logs/local', 'file_name': 'log_[execution_id]_[activity_name].log'}
[INFO] 2024-10-18T13:01:35-03 SUBTREE_CONSTRUCTOR RequestId: uuid_bbcad497_cd85_46ec_b69c_0f74da8a84a3	 Duration: 6.015828999807127 ms	 InputTree: ['tree_ORTHOMCL421.nexus']	 OutputSubtrees: ['tree_ORTHOMCL421_Inner1.nexus', 'tree_ORTHOMCL421_Inner2.nexus', 'tree_ORTHOMCL421_Inner3.nexus', 'tree_ORTHOMCL421_Inner4.nexus', 'tree_ORTHOMCL421_Inner5.nexus', 'tree_ORTHOMCL421_Inner6.nexus']
[INFO] 2024-10-18T13:01:35-03 [ENV_INFO] env_name: local | current_time: 2024-10-18T16:01:35.152941+00:00 | pwd: /home/marcello/Documents/denethor
[INFO] 2024-10-18T13:01:35-03 [ENV_INFO] env_name: local
[INFO] 2024-10-18T13:01:35-03 [ENV_INFO] data_format: nexus
[INFO] 2024-10-18T13:01:35-03 [ENV_INFO] path_config: {'base': '', 'functions_src': 'src/lambda_functions', 'input_file': 'resources/input_data', 'tmp': '.tmp', 'tree': '.tmp/tree', 'subtree': '.tmp/subtree', 'mafdb': '.tmp/mafdb', 'clustalw': 'resources/libs/clustalw-2.1-linux'}
[INFO] 2024-10-18T13:01:35-03 [ENV_INFO] bucket_config: {'bucket_name': '', 'key_input_files': '', 'key_tree_files': '', 'key_subtree_files': '', 'key_mafdb_files': ''}
[INFO] 2024-10-18T13:01:35-03 [ENV_INFO] log_config: {'output_type': 'stdout_and_file', 'path': 'resources/logs/local', 'file_name': 'log_[execution_id]_[activity_name].log'}
[INFO] 2024-10-18T13:01:35-03 MAF_DATABASE_CREATOR RequestId: uuid_1e4fb597_24ac_4fdb_82bf_2f04f051ca56	 Duration: 161.82524800024112 ms	 InputSubtrees: ['tree_ORTHOMCL1_Inner1.nexus', 'tree_ORTHOMCL1_Inner2.nexus', 'tree_ORTHOMCL1_Inner3.nexus']	 MafDatabaseFile: .tmp/mafdb/mafdb_6f7a2b1116e6a791f68a03367473294792b679a6357b6789f3f993b1f83e2e80.json
[INFO] 2024-10-18T13:01:35-03 [ENV_INFO] env_name: local | current_time: 2024-10-18T16:01:35.318129+00:00 | pwd: /home/marcello/Documents/denethor
[INFO] 2024-10-18T13:01:35-03 [ENV_INFO] env_name: local
[INFO] 2024-10-18T13:01:35-03 [ENV_INFO] data_format: nexus
[INFO] 2024-10-18T13:01:35-03 [ENV_INFO] path_config: {'base': '', 'functions_src': 'src/lambda_functions', 'input_file': 'resources/input_data', 'tmp': '.tmp', 'tree': '.tmp/tree', 'subtree': '.tmp/subtree', 'mafdb': '.tmp/mafdb', 'clustalw': 'resources/libs/clustalw-2.1-linux'}
[INFO] 2024-10-18T13:01:35-03 [ENV_INFO] bucket_config: {'bucket_name': '', 'key_input_files': '', 'key_tree_files': '', 'key_subtree_files': '', 'key_mafdb_files': ''}
[INFO] 2024-10-18T13:01:35-03 [ENV_INFO] log_config: {'output_type': 'stdout_and_file', 'path': 'resources/logs/local', 'file_name': 'log_[execution_id]_[activity_name].log'}
[INFO] 2024-10-18T13:01:35-03 MAF_DATABASE_CREATOR RequestId: uuid_bb8207d3_0a9c_488a_a3ee_073c24167619	 Duration: 496.7759249993833 ms	 InputSubtrees: ['tree_ORTHOMCL256_Inner1.nexus', 'tree_ORTHOMCL256_Inner2.nexus', 'tree_ORTHOMCL256_Inner3.nexus', 'tree_ORTHOMCL256_Inner4.nexus', 'tree_ORTHOMCL256_Inner5.nexus', 'tree_ORTHOMCL256_Inner6.nexus', 'tree_ORTHOMCL256_Inner7.nexus', 'tree_ORTHOMCL256_Inner8.nexus']	 MafDatabaseFile: .tmp/mafdb/mafdb_54d8ddd695de385cbe16742ebc6fdcb479cd2b8e3c0cd457826222c83fe6bb7c.json
[INFO] 2024-10-18T13:01:35-03 [ENV_INFO] env_name: local | current_time: 2024-10-18T16:01:35.816699+00:00 | pwd: /home/marcello/Documents/denethor
[INFO] 2024-10-18T13:01:35-03 [ENV_INFO] env_name: local
[INFO] 2024-10-18T13:01:35-03 [ENV_INFO] data_format: nexus
[INFO] 2024-10-18T13:01:35-03 [ENV_INFO] path_config: {'base': '', 'functions_src': 'src/lambda_functions', 'input_file': 'resources/input_data', 'tmp': '.tmp', 'tree': '.tmp/tree', 'subtree': '.tmp/subtree', 'mafdb': '.tmp/mafdb', 'clustalw': 'resources/libs/clustalw-2.1-linux'}
[INFO] 2024-10-18T13:01:35-03 [ENV_INFO] bucket_config: {'bucket_name': '', 'key_input_files': '', 'key_tree_files': '', 'key_subtree_files': '', 'key_mafdb_files': ''}
[INFO] 2024-10-18T13:01:35-03 [ENV_INFO] log_config: {'output_type': 'stdout_and_file', 'path': 'resources/logs/local', 'file_name': 'log_[execution_id]_[activity_name].log'}
[INFO] 2024-10-18T13:01:36-03 MAF_DATABASE_CREATOR RequestId: uuid_265ef743_a9a8_41ac_b7ae_29b3838cbab2	 Duration: 490.58946399964043 ms	 InputSubtrees: ['tree_ORTHOMCL256_2_Inner1.nexus', 'tree_ORTHOMCL256_2_Inner2.nexus', 'tree_ORTHOMCL256_2_Inner3.nexus', 'tree_ORTHOMCL256_2_Inner4.nexus', 'tree_ORTHOMCL256_2_Inner5.nexus', 'tree_ORTHOMCL256_2_Inner6.nexus', 'tree_ORTHOMCL256_2_Inner7.nexus', 'tree_ORTHOMCL256_2_Inner8.nexus']	 MafDatabaseFile: .tmp/mafdb/mafdb_1f6ccfc97b000b314f6a6c7e2582a4263b17ffc061fef38bd3c9a63fa631759f.json
[INFO] 2024-10-18T13:01:36-03 [ENV_INFO] env_name: local | current_time: 2024-10-18T16:01:36.309014+00:00 | pwd: /home/marcello/Documents/denethor
[INFO] 2024-10-18T13:01:36-03 [ENV_INFO] env_name: local
[INFO] 2024-10-18T13:01:36-03 [ENV_INFO] data_format: nexus
[INFO] 2024-10-18T13:01:36-03 [ENV_INFO] path_config: {'base': '', 'functions_src': 'src/lambda_functions', 'input_file': 'resources/input_data', 'tmp': '.tmp', 'tree': '.tmp/tree', 'subtree': '.tmp/subtree', 'mafdb': '.tmp/mafdb', 'clustalw': 'resources/libs/clustalw-2.1-linux'}
[INFO] 2024-10-18T13:01:36-03 [ENV_INFO] bucket_config: {'bucket_name': '', 'key_input_files': '', 'key_tree_files': '', 'key_subtree_files': '', 'key_mafdb_files': ''}
[INFO] 2024-10-18T13:01:36-03 [ENV_INFO] log_config: {'output_type': 'stdout_and_file', 'path': 'resources/logs/local', 'file_name': 'log_[execution_id]_[activity_name].log'}
[INFO] 2024-10-18T13:01:36-03 MAF_DATABASE_CREATOR RequestId: uuid_4e6a5351_39b3_40fa_81b8_0b82ef0ad641	 Duration: 370.3268300014315 ms	 InputSubtrees: ['tree_ORTHOMCL320_Inner1.nexus', 'tree_ORTHOMCL320_Inner2.nexus', 'tree_ORTHOMCL320_Inner3.nexus', 'tree_ORTHOMCL320_Inner4.nexus', 'tree_ORTHOMCL320_Inner5.nexus', 'tree_ORTHOMCL320_Inner6.nexus', 'tree_ORTHOMCL320_Inner7.nexus']	 MafDatabaseFile: .tmp/mafdb/mafdb_bd5d862db8f1d6b261aaeb3b8ecb83d67004ffb7524cb75c5f1f8454224f7c91.json
[INFO] 2024-10-18T13:01:36-03 [ENV_INFO] env_name: local | current_time: 2024-10-18T16:01:36.680540+00:00 | pwd: /home/marcello/Documents/denethor
[INFO] 2024-10-18T13:01:36-03 [ENV_INFO] env_name: local
[INFO] 2024-10-18T13:01:36-03 [ENV_INFO] data_format: nexus
[INFO] 2024-10-18T13:01:36-03 [ENV_INFO] path_config: {'base': '', 'functions_src': 'src/lambda_functions', 'input_file': 'resources/input_data', 'tmp': '.tmp', 'tree': '.tmp/tree', 'subtree': '.tmp/subtree', 'mafdb': '.tmp/mafdb', 'clustalw': 'resources/libs/clustalw-2.1-linux'}
[INFO] 2024-10-18T13:01:36-03 [ENV_INFO] bucket_config: {'bucket_name': '', 'key_input_files': '', 'key_tree_files': '', 'key_subtree_files': '', 'key_mafdb_files': ''}
[INFO] 2024-10-18T13:01:36-03 [ENV_INFO] log_config: {'output_type': 'stdout_and_file', 'path': 'resources/logs/local', 'file_name': 'log_[execution_id]_[activity_name].log'}
[INFO] 2024-10-18T13:01:37-03 MAF_DATABASE_CREATOR RequestId: uuid_27d29902_e3ea_41c3_8741_2e4fa79efc7e	 Duration: 375.65019899921026 ms	 InputSubtrees: ['tree_ORTHOMCL337_Inner1.nexus', 'tree_ORTHOMCL337_Inner2.nexus', 'tree_ORTHOMCL337_Inner3.nexus', 'tree_ORTHOMCL337_Inner4.nexus', 'tree_ORTHOMCL337_Inner5.nexus', 'tree_ORTHOMCL337_Inner6.nexus', 'tree_ORTHOMCL337_Inner7.nexus']	 MafDatabaseFile: .tmp/mafdb/mafdb_861b6fcf310a5a4a01036477cd0e28e972c4aa89be1fcccfc0eab6cd45e9fd74.json
[INFO] 2024-10-18T13:01:37-03 [ENV_INFO] env_name: local | current_time: 2024-10-18T16:01:37.057378+00:00 | pwd: /home/marcello/Documents/denethor
[INFO] 2024-10-18T13:01:37-03 [ENV_INFO] env_name: local
[INFO] 2024-10-18T13:01:37-03 [ENV_INFO] data_format: nexus
[INFO] 2024-10-18T13:01:37-03 [ENV_INFO] path_config: {'base': '', 'functions_src': 'src/lambda_functions', 'input_file': 'resources/input_data', 'tmp': '.tmp', 'tree': '.tmp/tree', 'subtree': '.tmp/subtree', 'mafdb': '.tmp/mafdb', 'clustalw': 'resources/libs/clustalw-2.1-linux'}
[INFO] 2024-10-18T13:01:37-03 [ENV_INFO] bucket_config: {'bucket_name': '', 'key_input_files': '', 'key_tree_files': '', 'key_subtree_files': '', 'key_mafdb_files': ''}
[INFO] 2024-10-18T13:01:37-03 [ENV_INFO] log_config: {'output_type': 'stdout_and_file', 'path': 'resources/logs/local', 'file_name': 'log_[execution_id]_[activity_name].log'}
[INFO] 2024-10-18T13:01:37-03 MAF_DATABASE_CREATOR RequestId: uuid_a9ac3f7f_8da3_472f_97a8_7a92cfd82a65	 Duration: 712.8870480009937 ms	 InputSubtrees: ['tree_ORTHOMCL358_Inner1.nexus', 'tree_ORTHOMCL358_Inner2.nexus', 'tree_ORTHOMCL358_Inner3.nexus', 'tree_ORTHOMCL358_Inner4.nexus', 'tree_ORTHOMCL358_Inner5.nexus', 'tree_ORTHOMCL358_Inner6.nexus', 'tree_ORTHOMCL358_Inner7.nexus']	 MafDatabaseFile: .tmp/mafdb/mafdb_7d398773bfc3e4435be56d8711457fd7fc190e97e32d7ec51a8a702e16118c4d.json
[INFO] 2024-10-18T13:01:37-03 [ENV_INFO] env_name: local | current_time: 2024-10-18T16:01:37.772526+00:00 | pwd: /home/marcello/Documents/denethor
[INFO] 2024-10-18T13:01:37-03 [ENV_INFO] env_name: local
[INFO] 2024-10-18T13:01:37-03 [ENV_INFO] data_format: nexus
[INFO] 2024-10-18T13:01:37-03 [ENV_INFO] path_config: {'base': '', 'functions_src': 'src/lambda_functions', 'input_file': 'resources/input_data', 'tmp': '.tmp', 'tree': '.tmp/tree', 'subtree': '.tmp/subtree', 'mafdb': '.tmp/mafdb', 'clustalw': 'resources/libs/clustalw-2.1-linux'}
[INFO] 2024-10-18T13:01:37-03 [ENV_INFO] bucket_config: {'bucket_name': '', 'key_input_files': '', 'key_tree_files': '', 'key_subtree_files': '', 'key_mafdb_files': ''}
[INFO] 2024-10-18T13:01:37-03 [ENV_INFO] log_config: {'output_type': 'stdout_and_file', 'path': 'resources/logs/local', 'file_name': 'log_[execution_id]_[activity_name].log'}
[INFO] 2024-10-18T13:01:38-03 MAF_DATABASE_CREATOR RequestId: uuid_73109dd3_e2f9_4b7a_b2be_0a72f7f662a1	 Duration: 1055.9267640001053 ms	 InputSubtrees: ['tree_ORTHOMCL371_Inner1.nexus', 'tree_ORTHOMCL371_Inner2.nexus', 'tree_ORTHOMCL371_Inner3.nexus', 'tree_ORTHOMCL371_Inner4.nexus', 'tree_ORTHOMCL371_Inner5.nexus', 'tree_ORTHOMCL371_Inner6.nexus']	 MafDatabaseFile: .tmp/mafdb/mafdb_7511017a4e93687a5be47b55aa4c08eff48c283a8153f5e070747057ad693f80.json
[INFO] 2024-10-18T13:01:38-03 [ENV_INFO] env_name: local | current_time: 2024-10-18T16:01:38.834613+00:00 | pwd: /home/marcello/Documents/denethor
[INFO] 2024-10-18T13:01:38-03 [ENV_INFO] env_name: local
[INFO] 2024-10-18T13:01:38-03 [ENV_INFO] data_format: nexus
[INFO] 2024-10-18T13:01:38-03 [ENV_INFO] path_config: {'base': '', 'functions_src': 'src/lambda_functions', 'input_file': 'resources/input_data', 'tmp': '.tmp', 'tree': '.tmp/tree', 'subtree': '.tmp/subtree', 'mafdb': '.tmp/mafdb', 'clustalw': 'resources/libs/clustalw-2.1-linux'}
[INFO] 2024-10-18T13:01:38-03 [ENV_INFO] bucket_config: {'bucket_name': '', 'key_input_files': '', 'key_tree_files': '', 'key_subtree_files': '', 'key_mafdb_files': ''}
[INFO] 2024-10-18T13:01:38-03 [ENV_INFO] log_config: {'output_type': 'stdout_and_file', 'path': 'resources/logs/local', 'file_name': 'log_[execution_id]_[activity_name].log'}
[INFO] 2024-10-18T13:01:40-03 MAF_DATABASE_CREATOR RequestId: uuid_b1524772_0128_4117_aa0c_aba9a95f56c8	 Duration: 1417.3508999992919 ms	 InputSubtrees: ['tree_ORTHOMCL374_Inner1.nexus', 'tree_ORTHOMCL374_Inner2.nexus', 'tree_ORTHOMCL374_Inner3.nexus', 'tree_ORTHOMCL374_Inner4.nexus', 'tree_ORTHOMCL374_Inner5.nexus', 'tree_ORTHOMCL374_Inner6.nexus', 'tree_ORTHOMCL374_Inner7.nexus']	 MafDatabaseFile: .tmp/mafdb/mafdb_3891ae3bc299950ca7a78c4d495828659f2cb320e0641ad8c6bfc4ced2d8e2b0.json
[INFO] 2024-10-18T13:01:40-03 [ENV_INFO] env_name: local | current_time: 2024-10-18T16:01:40.258829+00:00 | pwd: /home/marcello/Documents/denethor
[INFO] 2024-10-18T13:01:40-03 [ENV_INFO] env_name: local
[INFO] 2024-10-18T13:01:40-03 [ENV_INFO] data_format: nexus
[INFO] 2024-10-18T13:01:40-03 [ENV_INFO] path_config: {'base': '', 'functions_src': 'src/lambda_functions', 'input_file': 'resources/input_data', 'tmp': '.tmp', 'tree': '.tmp/tree', 'subtree': '.tmp/subtree', 'mafdb': '.tmp/mafdb', 'clustalw': 'resources/libs/clustalw-2.1-linux'}
[INFO] 2024-10-18T13:01:40-03 [ENV_INFO] bucket_config: {'bucket_name': '', 'key_input_files': '', 'key_tree_files': '', 'key_subtree_files': '', 'key_mafdb_files': ''}
[INFO] 2024-10-18T13:01:40-03 [ENV_INFO] log_config: {'output_type': 'stdout_and_file', 'path': 'resources/logs/local', 'file_name': 'log_[execution_id]_[activity_name].log'}
[INFO] 2024-10-18T13:01:41-03 MAF_DATABASE_CREATOR RequestId: uuid_34558509_8e61_473f_ac1a_19ae13d6e9d0	 Duration: 1013.2154740003898 ms	 InputSubtrees: ['tree_ORTHOMCL421_Inner1.nexus', 'tree_ORTHOMCL421_Inner2.nexus', 'tree_ORTHOMCL421_Inner3.nexus', 'tree_ORTHOMCL421_Inner4.nexus', 'tree_ORTHOMCL421_Inner5.nexus', 'tree_ORTHOMCL421_Inner6.nexus']	 MafDatabaseFile: .tmp/mafdb/mafdb_58aa863a1439bf886daca0713239dba1882676aea5266e0af5bebad97529db92.json
[INFO] 2024-10-18T13:01:41-03 [ENV_INFO] env_name: local | current_time: 2024-10-18T16:01:41.278768+00:00 | pwd: /home/marcello/Documents/denethor
[INFO] 2024-10-18T13:01:41-03 [ENV_INFO] env_name: local
[INFO] 2024-10-18T13:01:41-03 [ENV_INFO] data_format: nexus
[INFO] 2024-10-18T13:01:41-03 [ENV_INFO] path_config: {'base': '', 'functions_src': 'src/lambda_functions', 'input_file': 'resources/input_data', 'tmp': '.tmp', 'tree': '.tmp/tree', 'subtree': '.tmp/subtree', 'mafdb': '.tmp/mafdb', 'clustalw': 'resources/libs/clustalw-2.1-linux'}
[INFO] 2024-10-18T13:01:41-03 [ENV_INFO] bucket_config: {'bucket_name': '', 'key_input_files': '', 'key_tree_files': '', 'key_subtree_files': '', 'key_mafdb_files': ''}
[INFO] 2024-10-18T13:01:41-03 [ENV_INFO] log_config: {'output_type': 'stdout_and_file', 'path': 'resources/logs/local', 'file_name': 'log_[execution_id]_[activity_name].log'}
