[INFO] 2025-04-11T12:09:39-0300.595 START RequestId: uuid_aeed8b5b_151b_4367_a118_2aba007a2317	 Activity: subtree_constructor	 Provider: local
[INFO] 2025-04-11T12:09:39-0300.595 FILE_TRANSFER RequestId: uuid_aeed8b5b_151b_4367_a118_2aba007a2317	 TransferType: consumed	 Action: download_from_s3	 FileName: tree_ORTHOMCL1.nexus	 Bucket: denethor	 FilePath: tree	 FilePathLocal: .tmp/tree	 FileSize: 339 bytes	 TransferDuration: 0 ms
[INFO] 2025-04-11T12:09:39-0300.595 CONSUMED_FILES_INFO RequestId: uuid_aeed8b5b_151b_4367_a118_2aba007a2317	 FilesCount: 1 files	 FilesSize: 339 bytes	 TransferDuration: 0 ms	 ConsumedFiles: ['tree_ORTHOMCL1.nexus']
[INFO] 2025-04-11T12:09:39-0300.598 SUBTREE_CONSTRUCTOR RequestId: uuid_aeed8b5b_151b_4367_a118_2aba007a2317	 Duration: 2.810373989632353 ms	 InputTree: ['tree_ORTHOMCL1.nexus']	 OutputSubtrees: ['tree_ORTHOMCL1_Inner1.nexus', 'tree_ORTHOMCL1_Inner2.nexus', 'tree_ORTHOMCL1_Inner3.nexus']
[INFO] 2025-04-11T12:09:39-0300.699 FILE_TRANSFER RequestId: uuid_aeed8b5b_151b_4367_a118_2aba007a2317	 TransferType: produced	 Action: upload_to_s3	 FileName: tree_ORTHOMCL1_Inner1.nexus	 Bucket: denethor	 FilePath: subtree	 FilePathLocal: .tmp/subtree	 FileSize: 185 bytes	 TransferDuration: 0 ms
[INFO] 2025-04-11T12:09:39-0300.700 FILE_TRANSFER RequestId: uuid_aeed8b5b_151b_4367_a118_2aba007a2317	 TransferType: produced	 Action: upload_to_s3	 FileName: tree_ORTHOMCL1_Inner2.nexus	 Bucket: denethor	 FilePath: subtree	 FilePathLocal: .tmp/subtree	 FileSize: 185 bytes	 TransferDuration: 0 ms
[INFO] 2025-04-11T12:09:39-0300.701 FILE_TRANSFER RequestId: uuid_aeed8b5b_151b_4367_a118_2aba007a2317	 TransferType: produced	 Action: upload_to_s3	 FileName: tree_ORTHOMCL1_Inner3.nexus	 Bucket: denethor	 FilePath: subtree	 FilePathLocal: .tmp/subtree	 FileSize: 339 bytes	 TransferDuration: 0 ms
[INFO] 2025-04-11T12:09:39-0300.711 PRODUCED_FILES_INFO RequestId: uuid_aeed8b5b_151b_4367_a118_2aba007a2317	 FilesCount: 3 files	 FilesSize: 709 bytes	 TransferDuration: 0 ms	 Provider: local	  ProducedFiles: ['tree_ORTHOMCL1_Inner1.nexus', 'tree_ORTHOMCL1_Inner2.nexus', 'tree_ORTHOMCL1_Inner3.nexus']
[INFO] 2025-04-11T12:09:39-0300.712 END RequestId: uuid_aeed8b5b_151b_4367_a118_2aba007a2317	 Activity: subtree_constructor	 Provider: local
[INFO] 2025-04-11T12:09:39-0300.712 REPORT RequestId: uuid_aeed8b5b_151b_4367_a118_2aba007a2317	 Duration: 116.92607899021823 ms	 Billed Duration: 116 ms	 Memory Size: MB	 Max Memory Used: MB	 Init Duration: ms	

[INFO] 2025-04-11T12:09:39-0300.712 START RequestId: uuid_49e8a95f_e995_4418_ae45_44ae5e098a84	 Activity: subtree_constructor	 Provider: local
[INFO] 2025-04-11T12:09:39-0300.712 FILE_TRANSFER RequestId: uuid_49e8a95f_e995_4418_ae45_44ae5e098a84	 TransferType: consumed	 Action: download_from_s3	 FileName: tree_ORTHOMCL256.nexus	 Bucket: denethor	 FilePath: tree	 FilePathLocal: .tmp/tree	 FileSize: 640 bytes	 TransferDuration: 0 ms
[INFO] 2025-04-11T12:09:39-0300.712 CONSUMED_FILES_INFO RequestId: uuid_49e8a95f_e995_4418_ae45_44ae5e098a84	 FilesCount: 1 files	 FilesSize: 640 bytes	 TransferDuration: 0 ms	 ConsumedFiles: ['tree_ORTHOMCL256.nexus']
[INFO] 2025-04-11T12:09:39-0300.716 SUBTREE_CONSTRUCTOR RequestId: uuid_49e8a95f_e995_4418_ae45_44ae5e098a84	 Duration: 3.516087992466055 ms	 InputTree: ['tree_ORTHOMCL256.nexus']	 OutputSubtrees: ['tree_ORTHOMCL256_Inner1.nexus', 'tree_ORTHOMCL256_Inner2.nexus', 'tree_ORTHOMCL256_Inner3.nexus', 'tree_ORTHOMCL256_Inner4.nexus', 'tree_ORTHOMCL256_Inner5.nexus', 'tree_ORTHOMCL256_Inner6.nexus', 'tree_ORTHOMCL256_Inner7.nexus', 'tree_ORTHOMCL256_Inner8.nexus']
[INFO] 2025-04-11T12:09:39-0300.817 FILE_TRANSFER RequestId: uuid_49e8a95f_e995_4418_ae45_44ae5e098a84	 TransferType: produced	 Action: upload_to_s3	 FileName: tree_ORTHOMCL256_Inner1.nexus	 Bucket: denethor	 FilePath: subtree	 FilePathLocal: .tmp/subtree	 FileSize: 187 bytes	 TransferDuration: 0 ms
[INFO] 2025-04-11T12:09:39-0300.817 FILE_TRANSFER RequestId: uuid_49e8a95f_e995_4418_ae45_44ae5e098a84	 TransferType: produced	 Action: upload_to_s3	 FileName: tree_ORTHOMCL256_Inner2.nexus	 Bucket: denethor	 FilePath: subtree	 FilePathLocal: .tmp/subtree	 FileSize: 245 bytes	 TransferDuration: 0 ms
[INFO] 2025-04-11T12:09:39-0300.818 FILE_TRANSFER RequestId: uuid_49e8a95f_e995_4418_ae45_44ae5e098a84	 TransferType: produced	 Action: upload_to_s3	 FileName: tree_ORTHOMCL256_Inner3.nexus	 Bucket: denethor	 FilePath: subtree	 FilePathLocal: .tmp/subtree	 FileSize: 301 bytes	 TransferDuration: 0 ms
[INFO] 2025-04-11T12:09:39-0300.818 FILE_TRANSFER RequestId: uuid_49e8a95f_e995_4418_ae45_44ae5e098a84	 TransferType: produced	 Action: upload_to_s3	 FileName: tree_ORTHOMCL256_Inner4.nexus	 Bucket: denethor	 FilePath: subtree	 FilePathLocal: .tmp/subtree	 FileSize: 191 bytes	 TransferDuration: 0 ms
[INFO] 2025-04-11T12:09:39-0300.818 FILE_TRANSFER RequestId: uuid_49e8a95f_e995_4418_ae45_44ae5e098a84	 TransferType: produced	 Action: upload_to_s3	 FileName: tree_ORTHOMCL256_Inner5.nexus	 Bucket: denethor	 FilePath: subtree	 FilePathLocal: .tmp/subtree	 FileSize: 421 bytes	 TransferDuration: 0 ms
[INFO] 2025-04-11T12:09:39-0300.818 FILE_TRANSFER RequestId: uuid_49e8a95f_e995_4418_ae45_44ae5e098a84	 TransferType: produced	 Action: upload_to_s3	 FileName: tree_ORTHOMCL256_Inner6.nexus	 Bucket: denethor	 FilePath: subtree	 FilePathLocal: .tmp/subtree	 FileSize: 481 bytes	 TransferDuration: 0 ms
[INFO] 2025-04-11T12:09:39-0300.818 FILE_TRANSFER RequestId: uuid_49e8a95f_e995_4418_ae45_44ae5e098a84	 TransferType: produced	 Action: upload_to_s3	 FileName: tree_ORTHOMCL256_Inner7.nexus	 Bucket: denethor	 FilePath: subtree	 FilePathLocal: .tmp/subtree	 FileSize: 539 bytes	 TransferDuration: 0 ms
[INFO] 2025-04-11T12:09:39-0300.818 FILE_TRANSFER RequestId: uuid_49e8a95f_e995_4418_ae45_44ae5e098a84	 TransferType: produced	 Action: upload_to_s3	 FileName: tree_ORTHOMCL256_Inner8.nexus	 Bucket: denethor	 FilePath: subtree	 FilePathLocal: .tmp/subtree	 FileSize: 640 bytes	 TransferDuration: 0 ms
[INFO] 2025-04-11T12:09:39-0300.819 PRODUCED_FILES_INFO RequestId: uuid_49e8a95f_e995_4418_ae45_44ae5e098a84	 FilesCount: 8 files	 FilesSize: 3005 bytes	 TransferDuration: 0 ms	 Provider: local	  ProducedFiles: ['tree_ORTHOMCL256_Inner1.nexus', 'tree_ORTHOMCL256_Inner2.nexus', 'tree_ORTHOMCL256_Inner3.nexus', 'tree_ORTHOMCL256_Inner4.nexus', 'tree_ORTHOMCL256_Inner5.nexus', 'tree_ORTHOMCL256_Inner6.nexus', 'tree_ORTHOMCL256_Inner7.nexus', 'tree_ORTHOMCL256_Inner8.nexus']
[INFO] 2025-04-11T12:09:39-0300.819 END RequestId: uuid_49e8a95f_e995_4418_ae45_44ae5e098a84	 Activity: subtree_constructor	 Provider: local
[INFO] 2025-04-11T12:09:39-0300.819 REPORT RequestId: uuid_49e8a95f_e995_4418_ae45_44ae5e098a84	 Duration: 106.81809100788087 ms	 Billed Duration: 106 ms	 Memory Size: MB	 Max Memory Used: MB	 Init Duration: ms	

