[INFO] 2024-10-18T13:49:31-03 [ENV_INFO] env_name: local | current_time: 2024-10-18T16:49:31.995668+00:00 | pwd: /home/marcello/Documents/denethor
[INFO] 2024-10-18T13:49:31-03 [ENV_INFO] env_name: local
[INFO] 2024-10-18T13:49:31-03 [ENV_INFO] data_format: nexus
[INFO] 2024-10-18T13:49:31-03 [ENV_INFO] path_config: {'base': '', 'functions_src': 'src/lambda_functions', 'input_file': 'resources/input_data', 'tmp': '.tmp', 'tree': '.tmp/tree', 'subtree': '.tmp/subtree', 'mafdb': '.tmp/mafdb', 'clustalw': 'resources/libs/clustalw-2.1-linux'}
[INFO] 2024-10-18T13:49:31-03 [ENV_INFO] bucket_config: {'bucket_name': '', 'key_input_files': '', 'key_tree_files': '', 'key_subtree_files': '', 'key_mafdb_files': ''}
[INFO] 2024-10-18T13:49:31-03 [ENV_INFO] log_config: {'output_type': 'stdout_and_file', 'path': 'resources/logs/local', 'file_name': 'log_[execution_id]_[activity_name].log'}
[INFO] 2024-10-18T13:49:32-03 TREE_CONSTRUCTOR RequestId: uuid_3987e5e1_1b19_4229_9b40_571658cb57f7	 Duration: 12.824325000110548 ms	 InputFile:ORTHOMCL1	 OutputFile:['tree_ORTHOMCL1.nexus']
[INFO] 2024-10-18T13:49:32-03 [ENV_INFO] env_name: local | current_time: 2024-10-18T16:49:32.012643+00:00 | pwd: /home/marcello/Documents/denethor
[INFO] 2024-10-18T13:49:32-03 [ENV_INFO] env_name: local
[INFO] 2024-10-18T13:49:32-03 [ENV_INFO] data_format: nexus
[INFO] 2024-10-18T13:49:32-03 [ENV_INFO] path_config: {'base': '', 'functions_src': 'src/lambda_functions', 'input_file': 'resources/input_data', 'tmp': '.tmp', 'tree': '.tmp/tree', 'subtree': '.tmp/subtree', 'mafdb': '.tmp/mafdb', 'clustalw': 'resources/libs/clustalw-2.1-linux'}
[INFO] 2024-10-18T13:49:32-03 [ENV_INFO] bucket_config: {'bucket_name': '', 'key_input_files': '', 'key_tree_files': '', 'key_subtree_files': '', 'key_mafdb_files': ''}
[INFO] 2024-10-18T13:49:32-03 [ENV_INFO] log_config: {'output_type': 'stdout_and_file', 'path': 'resources/logs/local', 'file_name': 'log_[execution_id]_[activity_name].log'}
[INFO] 2024-10-18T13:49:32-03 TREE_CONSTRUCTOR RequestId: uuid_55e440b5_8680_485b_b5da_86f41a627ee5	 Duration: 34.755616001348244 ms	 InputFile:ORTHOMCL256	 OutputFile:['tree_ORTHOMCL256.nexus']
[INFO] 2024-10-18T13:49:32-03 [ENV_INFO] env_name: local | current_time: 2024-10-18T16:49:32.049240+00:00 | pwd: /home/marcello/Documents/denethor
[INFO] 2024-10-18T13:49:32-03 [ENV_INFO] env_name: local
[INFO] 2024-10-18T13:49:32-03 [ENV_INFO] data_format: nexus
[INFO] 2024-10-18T13:49:32-03 [ENV_INFO] path_config: {'base': '', 'functions_src': 'src/lambda_functions', 'input_file': 'resources/input_data', 'tmp': '.tmp', 'tree': '.tmp/tree', 'subtree': '.tmp/subtree', 'mafdb': '.tmp/mafdb', 'clustalw': 'resources/libs/clustalw-2.1-linux'}
[INFO] 2024-10-18T13:49:32-03 [ENV_INFO] bucket_config: {'bucket_name': '', 'key_input_files': '', 'key_tree_files': '', 'key_subtree_files': '', 'key_mafdb_files': ''}
[INFO] 2024-10-18T13:49:32-03 [ENV_INFO] log_config: {'output_type': 'stdout_and_file', 'path': 'resources/logs/local', 'file_name': 'log_[execution_id]_[activity_name].log'}
[INFO] 2024-10-18T13:49:32-03 TREE_CONSTRUCTOR RequestId: uuid_741dee91_c477_4d2d_98f4_33c107d84f30	 Duration: 39.80755600059638 ms	 InputFile:ORTHOMCL256_2	 OutputFile:['tree_ORTHOMCL256_2.nexus']
[INFO] 2024-10-18T13:49:32-03 [ENV_INFO] env_name: local | current_time: 2024-10-18T16:49:32.091909+00:00 | pwd: /home/marcello/Documents/denethor
[INFO] 2024-10-18T13:49:32-03 [ENV_INFO] env_name: local
[INFO] 2024-10-18T13:49:32-03 [ENV_INFO] data_format: nexus
[INFO] 2024-10-18T13:49:32-03 [ENV_INFO] path_config: {'base': '', 'functions_src': 'src/lambda_functions', 'input_file': 'resources/input_data', 'tmp': '.tmp', 'tree': '.tmp/tree', 'subtree': '.tmp/subtree', 'mafdb': '.tmp/mafdb', 'clustalw': 'resources/libs/clustalw-2.1-linux'}
[INFO] 2024-10-18T13:49:32-03 [ENV_INFO] bucket_config: {'bucket_name': '', 'key_input_files': '', 'key_tree_files': '', 'key_subtree_files': '', 'key_mafdb_files': ''}
[INFO] 2024-10-18T13:49:32-03 [ENV_INFO] log_config: {'output_type': 'stdout_and_file', 'path': 'resources/logs/local', 'file_name': 'log_[execution_id]_[activity_name].log'}
[INFO] 2024-10-18T13:49:32-03 TREE_CONSTRUCTOR RequestId: uuid_e059cea9_4179_4000_9f87_3b32f96f2af0	 Duration: 38.012144999811426 ms	 InputFile:ORTHOMCL320	 OutputFile:['tree_ORTHOMCL320.nexus']
[INFO] 2024-10-18T13:49:32-03 [ENV_INFO] env_name: local | current_time: 2024-10-18T16:49:32.131590+00:00 | pwd: /home/marcello/Documents/denethor
[INFO] 2024-10-18T13:49:32-03 [ENV_INFO] env_name: local
[INFO] 2024-10-18T13:49:32-03 [ENV_INFO] data_format: nexus
[INFO] 2024-10-18T13:49:32-03 [ENV_INFO] path_config: {'base': '', 'functions_src': 'src/lambda_functions', 'input_file': 'resources/input_data', 'tmp': '.tmp', 'tree': '.tmp/tree', 'subtree': '.tmp/subtree', 'mafdb': '.tmp/mafdb', 'clustalw': 'resources/libs/clustalw-2.1-linux'}
[INFO] 2024-10-18T13:49:32-03 [ENV_INFO] bucket_config: {'bucket_name': '', 'key_input_files': '', 'key_tree_files': '', 'key_subtree_files': '', 'key_mafdb_files': ''}
[INFO] 2024-10-18T13:49:32-03 [ENV_INFO] log_config: {'output_type': 'stdout_and_file', 'path': 'resources/logs/local', 'file_name': 'log_[execution_id]_[activity_name].log'}
[INFO] 2024-10-18T13:49:32-03 TREE_CONSTRUCTOR RequestId: uuid_de528a57_8c86_40b5_8854_be87f2a30868	 Duration: 38.897421000001486 ms	 InputFile:ORTHOMCL337	 OutputFile:['tree_ORTHOMCL337.nexus']
[INFO] 2024-10-18T13:49:32-03 [ENV_INFO] env_name: local | current_time: 2024-10-18T16:49:32.171913+00:00 | pwd: /home/marcello/Documents/denethor
[INFO] 2024-10-18T13:49:32-03 [ENV_INFO] env_name: local
[INFO] 2024-10-18T13:49:32-03 [ENV_INFO] data_format: nexus
[INFO] 2024-10-18T13:49:32-03 [ENV_INFO] path_config: {'base': '', 'functions_src': 'src/lambda_functions', 'input_file': 'resources/input_data', 'tmp': '.tmp', 'tree': '.tmp/tree', 'subtree': '.tmp/subtree', 'mafdb': '.tmp/mafdb', 'clustalw': 'resources/libs/clustalw-2.1-linux'}
[INFO] 2024-10-18T13:49:32-03 [ENV_INFO] bucket_config: {'bucket_name': '', 'key_input_files': '', 'key_tree_files': '', 'key_subtree_files': '', 'key_mafdb_files': ''}
[INFO] 2024-10-18T13:49:32-03 [ENV_INFO] log_config: {'output_type': 'stdout_and_file', 'path': 'resources/logs/local', 'file_name': 'log_[execution_id]_[activity_name].log'}
[INFO] 2024-10-18T13:49:32-03 TREE_CONSTRUCTOR RequestId: uuid_279a1f15_ef8a_496b_a4cd_84b3e7329093	 Duration: 51.0405040004116 ms	 InputFile:ORTHOMCL358	 OutputFile:['tree_ORTHOMCL358.nexus']
[INFO] 2024-10-18T13:49:32-03 [ENV_INFO] env_name: local | current_time: 2024-10-18T16:49:32.224784+00:00 | pwd: /home/marcello/Documents/denethor
[INFO] 2024-10-18T13:49:32-03 [ENV_INFO] env_name: local
[INFO] 2024-10-18T13:49:32-03 [ENV_INFO] data_format: nexus
[INFO] 2024-10-18T13:49:32-03 [ENV_INFO] path_config: {'base': '', 'functions_src': 'src/lambda_functions', 'input_file': 'resources/input_data', 'tmp': '.tmp', 'tree': '.tmp/tree', 'subtree': '.tmp/subtree', 'mafdb': '.tmp/mafdb', 'clustalw': 'resources/libs/clustalw-2.1-linux'}
[INFO] 2024-10-18T13:49:32-03 [ENV_INFO] bucket_config: {'bucket_name': '', 'key_input_files': '', 'key_tree_files': '', 'key_subtree_files': '', 'key_mafdb_files': ''}
[INFO] 2024-10-18T13:49:32-03 [ENV_INFO] log_config: {'output_type': 'stdout_and_file', 'path': 'resources/logs/local', 'file_name': 'log_[execution_id]_[activity_name].log'}
[INFO] 2024-10-18T13:49:32-03 TREE_CONSTRUCTOR RequestId: uuid_dccb183c_9906_40b6_8c2a_e446792700c0	 Duration: 36.0021139968012 ms	 InputFile:ORTHOMCL371	 OutputFile:['tree_ORTHOMCL371.nexus']
[INFO] 2024-10-18T13:49:32-03 [ENV_INFO] env_name: local | current_time: 2024-10-18T16:49:32.262674+00:00 | pwd: /home/marcello/Documents/denethor
[INFO] 2024-10-18T13:49:32-03 [ENV_INFO] env_name: local
[INFO] 2024-10-18T13:49:32-03 [ENV_INFO] data_format: nexus
[INFO] 2024-10-18T13:49:32-03 [ENV_INFO] path_config: {'base': '', 'functions_src': 'src/lambda_functions', 'input_file': 'resources/input_data', 'tmp': '.tmp', 'tree': '.tmp/tree', 'subtree': '.tmp/subtree', 'mafdb': '.tmp/mafdb', 'clustalw': 'resources/libs/clustalw-2.1-linux'}
[INFO] 2024-10-18T13:49:32-03 [ENV_INFO] bucket_config: {'bucket_name': '', 'key_input_files': '', 'key_tree_files': '', 'key_subtree_files': '', 'key_mafdb_files': ''}
[INFO] 2024-10-18T13:49:32-03 [ENV_INFO] log_config: {'output_type': 'stdout_and_file', 'path': 'resources/logs/local', 'file_name': 'log_[execution_id]_[activity_name].log'}
[INFO] 2024-10-18T13:49:32-03 TREE_CONSTRUCTOR RequestId: uuid_ef4ddbea_aa33_4491_8a8a_cfb392d6b9fc	 Duration: 47.696899997390574 ms	 InputFile:ORTHOMCL374	 OutputFile:['tree_ORTHOMCL374.nexus']
[INFO] 2024-10-18T13:49:32-03 [ENV_INFO] env_name: local | current_time: 2024-10-18T16:49:32.311897+00:00 | pwd: /home/marcello/Documents/denethor
[INFO] 2024-10-18T13:49:32-03 [ENV_INFO] env_name: local
[INFO] 2024-10-18T13:49:32-03 [ENV_INFO] data_format: nexus
[INFO] 2024-10-18T13:49:32-03 [ENV_INFO] path_config: {'base': '', 'functions_src': 'src/lambda_functions', 'input_file': 'resources/input_data', 'tmp': '.tmp', 'tree': '.tmp/tree', 'subtree': '.tmp/subtree', 'mafdb': '.tmp/mafdb', 'clustalw': 'resources/libs/clustalw-2.1-linux'}
[INFO] 2024-10-18T13:49:32-03 [ENV_INFO] bucket_config: {'bucket_name': '', 'key_input_files': '', 'key_tree_files': '', 'key_subtree_files': '', 'key_mafdb_files': ''}
[INFO] 2024-10-18T13:49:32-03 [ENV_INFO] log_config: {'output_type': 'stdout_and_file', 'path': 'resources/logs/local', 'file_name': 'log_[execution_id]_[activity_name].log'}
[INFO] 2024-10-18T13:49:32-03 TREE_CONSTRUCTOR RequestId: uuid_ee99a4c4_fe76_4acf_a1a1_2c9ca2ac1422	 Duration: 19.078676999924937 ms	 InputFile:ORTHOMCL421	 OutputFile:['tree_ORTHOMCL421.nexus']
[INFO] 2024-10-18T13:49:32-03 [ENV_INFO] env_name: local | current_time: 2024-10-18T16:49:32.382816+00:00 | pwd: /home/marcello/Documents/denethor
[INFO] 2024-10-18T13:49:32-03 [ENV_INFO] env_name: local
[INFO] 2024-10-18T13:49:32-03 [ENV_INFO] data_format: nexus
[INFO] 2024-10-18T13:49:32-03 [ENV_INFO] path_config: {'base': '', 'functions_src': 'src/lambda_functions', 'input_file': 'resources/input_data', 'tmp': '.tmp', 'tree': '.tmp/tree', 'subtree': '.tmp/subtree', 'mafdb': '.tmp/mafdb', 'clustalw': 'resources/libs/clustalw-2.1-linux'}
[INFO] 2024-10-18T13:49:32-03 [ENV_INFO] bucket_config: {'bucket_name': '', 'key_input_files': '', 'key_tree_files': '', 'key_subtree_files': '', 'key_mafdb_files': ''}
[INFO] 2024-10-18T13:49:32-03 [ENV_INFO] log_config: {'output_type': 'stdout_and_file', 'path': 'resources/logs/local', 'file_name': 'log_[execution_id]_[activity_name].log'}
[INFO] 2024-10-18T13:49:32-03 SUBTREE_CONSTRUCTOR RequestId: uuid_6c74bbb4_fb3d_44d6_b398_3636586d49db	 Duration: 1.4362380024977028 ms	 InputTree: ['tree_ORTHOMCL1.nexus']	 OutputSubtrees: ['tree_ORTHOMCL1_Inner1.nexus', 'tree_ORTHOMCL1_Inner2.nexus', 'tree_ORTHOMCL1_Inner3.nexus']
[INFO] 2024-10-18T13:49:32-03 [ENV_INFO] env_name: local | current_time: 2024-10-18T16:49:32.487215+00:00 | pwd: /home/marcello/Documents/denethor
[INFO] 2024-10-18T13:49:32-03 [ENV_INFO] env_name: local
[INFO] 2024-10-18T13:49:32-03 [ENV_INFO] data_format: nexus
[INFO] 2024-10-18T13:49:32-03 [ENV_INFO] path_config: {'base': '', 'functions_src': 'src/lambda_functions', 'input_file': 'resources/input_data', 'tmp': '.tmp', 'tree': '.tmp/tree', 'subtree': '.tmp/subtree', 'mafdb': '.tmp/mafdb', 'clustalw': 'resources/libs/clustalw-2.1-linux'}
[INFO] 2024-10-18T13:49:32-03 [ENV_INFO] bucket_config: {'bucket_name': '', 'key_input_files': '', 'key_tree_files': '', 'key_subtree_files': '', 'key_mafdb_files': ''}
[INFO] 2024-10-18T13:49:32-03 [ENV_INFO] log_config: {'output_type': 'stdout_and_file', 'path': 'resources/logs/local', 'file_name': 'log_[execution_id]_[activity_name].log'}
[INFO] 2024-10-18T13:49:32-03 SUBTREE_CONSTRUCTOR RequestId: uuid_96e40832_dd74_4150_8a49_8f9c61fdb6c9	 Duration: 23.797566998837283 ms	 InputTree: ['tree_ORTHOMCL256.nexus']	 OutputSubtrees: ['tree_ORTHOMCL256_Inner1.nexus', 'tree_ORTHOMCL256_Inner2.nexus', 'tree_ORTHOMCL256_Inner3.nexus', 'tree_ORTHOMCL256_Inner4.nexus', 'tree_ORTHOMCL256_Inner5.nexus', 'tree_ORTHOMCL256_Inner6.nexus', 'tree_ORTHOMCL256_Inner7.nexus', 'tree_ORTHOMCL256_Inner8.nexus']
[INFO] 2024-10-18T13:49:32-03 [ENV_INFO] env_name: local | current_time: 2024-10-18T16:49:32.616053+00:00 | pwd: /home/marcello/Documents/denethor
[INFO] 2024-10-18T13:49:32-03 [ENV_INFO] env_name: local
[INFO] 2024-10-18T13:49:32-03 [ENV_INFO] data_format: nexus
[INFO] 2024-10-18T13:49:32-03 [ENV_INFO] path_config: {'base': '', 'functions_src': 'src/lambda_functions', 'input_file': 'resources/input_data', 'tmp': '.tmp', 'tree': '.tmp/tree', 'subtree': '.tmp/subtree', 'mafdb': '.tmp/mafdb', 'clustalw': 'resources/libs/clustalw-2.1-linux'}
[INFO] 2024-10-18T13:49:32-03 [ENV_INFO] bucket_config: {'bucket_name': '', 'key_input_files': '', 'key_tree_files': '', 'key_subtree_files': '', 'key_mafdb_files': ''}
[INFO] 2024-10-18T13:49:32-03 [ENV_INFO] log_config: {'output_type': 'stdout_and_file', 'path': 'resources/logs/local', 'file_name': 'log_[execution_id]_[activity_name].log'}
[INFO] 2024-10-18T13:49:32-03 SUBTREE_CONSTRUCTOR RequestId: uuid_50616b0b_727f_4ef2_83bb_9d258358a8ba	 Duration: 11.155733998748474 ms	 InputTree: ['tree_ORTHOMCL256_2.nexus']	 OutputSubtrees: ['tree_ORTHOMCL256_2_Inner1.nexus', 'tree_ORTHOMCL256_2_Inner2.nexus', 'tree_ORTHOMCL256_2_Inner3.nexus', 'tree_ORTHOMCL256_2_Inner4.nexus', 'tree_ORTHOMCL256_2_Inner5.nexus', 'tree_ORTHOMCL256_2_Inner6.nexus', 'tree_ORTHOMCL256_2_Inner7.nexus', 'tree_ORTHOMCL256_2_Inner8.nexus']
[INFO] 2024-10-18T13:49:32-03 [ENV_INFO] env_name: local | current_time: 2024-10-18T16:49:32.731459+00:00 | pwd: /home/marcello/Documents/denethor
[INFO] 2024-10-18T13:49:32-03 [ENV_INFO] env_name: local
[INFO] 2024-10-18T13:49:32-03 [ENV_INFO] data_format: nexus
[INFO] 2024-10-18T13:49:32-03 [ENV_INFO] path_config: {'base': '', 'functions_src': 'src/lambda_functions', 'input_file': 'resources/input_data', 'tmp': '.tmp', 'tree': '.tmp/tree', 'subtree': '.tmp/subtree', 'mafdb': '.tmp/mafdb', 'clustalw': 'resources/libs/clustalw-2.1-linux'}
[INFO] 2024-10-18T13:49:32-03 [ENV_INFO] bucket_config: {'bucket_name': '', 'key_input_files': '', 'key_tree_files': '', 'key_subtree_files': '', 'key_mafdb_files': ''}
[INFO] 2024-10-18T13:49:32-03 [ENV_INFO] log_config: {'output_type': 'stdout_and_file', 'path': 'resources/logs/local', 'file_name': 'log_[execution_id]_[activity_name].log'}
[INFO] 2024-10-18T13:49:32-03 SUBTREE_CONSTRUCTOR RequestId: uuid_10b7f4c4_a578_4fad_add0_7daafbe9552b	 Duration: 5.680479000147898 ms	 InputTree: ['tree_ORTHOMCL320.nexus']	 OutputSubtrees: ['tree_ORTHOMCL320_Inner1.nexus', 'tree_ORTHOMCL320_Inner2.nexus', 'tree_ORTHOMCL320_Inner3.nexus', 'tree_ORTHOMCL320_Inner4.nexus', 'tree_ORTHOMCL320_Inner5.nexus', 'tree_ORTHOMCL320_Inner6.nexus', 'tree_ORTHOMCL320_Inner7.nexus']
[INFO] 2024-10-18T13:49:32-03 [ENV_INFO] env_name: local | current_time: 2024-10-18T16:49:32.843315+00:00 | pwd: /home/marcello/Documents/denethor
[INFO] 2024-10-18T13:49:32-03 [ENV_INFO] env_name: local
[INFO] 2024-10-18T13:49:32-03 [ENV_INFO] data_format: nexus
[INFO] 2024-10-18T13:49:32-03 [ENV_INFO] path_config: {'base': '', 'functions_src': 'src/lambda_functions', 'input_file': 'resources/input_data', 'tmp': '.tmp', 'tree': '.tmp/tree', 'subtree': '.tmp/subtree', 'mafdb': '.tmp/mafdb', 'clustalw': 'resources/libs/clustalw-2.1-linux'}
[INFO] 2024-10-18T13:49:32-03 [ENV_INFO] bucket_config: {'bucket_name': '', 'key_input_files': '', 'key_tree_files': '', 'key_subtree_files': '', 'key_mafdb_files': ''}
[INFO] 2024-10-18T13:49:32-03 [ENV_INFO] log_config: {'output_type': 'stdout_and_file', 'path': 'resources/logs/local', 'file_name': 'log_[execution_id]_[activity_name].log'}
[INFO] 2024-10-18T13:49:32-03 SUBTREE_CONSTRUCTOR RequestId: uuid_a0cc24cb_3d9e_4c22_b89b_e6d079924a21	 Duration: 8.502058997692075 ms	 InputTree: ['tree_ORTHOMCL337.nexus']	 OutputSubtrees: ['tree_ORTHOMCL337_Inner1.nexus', 'tree_ORTHOMCL337_Inner2.nexus', 'tree_ORTHOMCL337_Inner3.nexus', 'tree_ORTHOMCL337_Inner4.nexus', 'tree_ORTHOMCL337_Inner5.nexus', 'tree_ORTHOMCL337_Inner6.nexus', 'tree_ORTHOMCL337_Inner7.nexus']
[INFO] 2024-10-18T13:49:32-03 [ENV_INFO] env_name: local | current_time: 2024-10-18T16:49:32.959357+00:00 | pwd: /home/marcello/Documents/denethor
[INFO] 2024-10-18T13:49:32-03 [ENV_INFO] env_name: local
[INFO] 2024-10-18T13:49:32-03 [ENV_INFO] data_format: nexus
[INFO] 2024-10-18T13:49:32-03 [ENV_INFO] path_config: {'base': '', 'functions_src': 'src/lambda_functions', 'input_file': 'resources/input_data', 'tmp': '.tmp', 'tree': '.tmp/tree', 'subtree': '.tmp/subtree', 'mafdb': '.tmp/mafdb', 'clustalw': 'resources/libs/clustalw-2.1-linux'}
[INFO] 2024-10-18T13:49:32-03 [ENV_INFO] bucket_config: {'bucket_name': '', 'key_input_files': '', 'key_tree_files': '', 'key_subtree_files': '', 'key_mafdb_files': ''}
[INFO] 2024-10-18T13:49:32-03 [ENV_INFO] log_config: {'output_type': 'stdout_and_file', 'path': 'resources/logs/local', 'file_name': 'log_[execution_id]_[activity_name].log'}
[INFO] 2024-10-18T13:49:32-03 SUBTREE_CONSTRUCTOR RequestId: uuid_2a6995e7_9ef1_4634_b236_a56cb72de789	 Duration: 7.738209002127405 ms	 InputTree: ['tree_ORTHOMCL358.nexus']	 OutputSubtrees: ['tree_ORTHOMCL358_Inner1.nexus', 'tree_ORTHOMCL358_Inner2.nexus', 'tree_ORTHOMCL358_Inner3.nexus', 'tree_ORTHOMCL358_Inner4.nexus', 'tree_ORTHOMCL358_Inner5.nexus', 'tree_ORTHOMCL358_Inner6.nexus', 'tree_ORTHOMCL358_Inner7.nexus']
[INFO] 2024-10-18T13:49:33-03 [ENV_INFO] env_name: local | current_time: 2024-10-18T16:49:33.076123+00:00 | pwd: /home/marcello/Documents/denethor
[INFO] 2024-10-18T13:49:33-03 [ENV_INFO] env_name: local
[INFO] 2024-10-18T13:49:33-03 [ENV_INFO] data_format: nexus
[INFO] 2024-10-18T13:49:33-03 [ENV_INFO] path_config: {'base': '', 'functions_src': 'src/lambda_functions', 'input_file': 'resources/input_data', 'tmp': '.tmp', 'tree': '.tmp/tree', 'subtree': '.tmp/subtree', 'mafdb': '.tmp/mafdb', 'clustalw': 'resources/libs/clustalw-2.1-linux'}
[INFO] 2024-10-18T13:49:33-03 [ENV_INFO] bucket_config: {'bucket_name': '', 'key_input_files': '', 'key_tree_files': '', 'key_subtree_files': '', 'key_mafdb_files': ''}
[INFO] 2024-10-18T13:49:33-03 [ENV_INFO] log_config: {'output_type': 'stdout_and_file', 'path': 'resources/logs/local', 'file_name': 'log_[execution_id]_[activity_name].log'}
[INFO] 2024-10-18T13:49:33-03 SUBTREE_CONSTRUCTOR RequestId: uuid_71cba8ea_6d87_45e9_a513_434ea2b6788e	 Duration: 9.180265999020776 ms	 InputTree: ['tree_ORTHOMCL371.nexus']	 OutputSubtrees: ['tree_ORTHOMCL371_Inner1.nexus', 'tree_ORTHOMCL371_Inner2.nexus', 'tree_ORTHOMCL371_Inner3.nexus', 'tree_ORTHOMCL371_Inner4.nexus', 'tree_ORTHOMCL371_Inner5.nexus', 'tree_ORTHOMCL371_Inner6.nexus']
[INFO] 2024-10-18T13:49:33-03 [ENV_INFO] env_name: local | current_time: 2024-10-18T16:49:33.191707+00:00 | pwd: /home/marcello/Documents/denethor
[INFO] 2024-10-18T13:49:33-03 [ENV_INFO] env_name: local
[INFO] 2024-10-18T13:49:33-03 [ENV_INFO] data_format: nexus
[INFO] 2024-10-18T13:49:33-03 [ENV_INFO] path_config: {'base': '', 'functions_src': 'src/lambda_functions', 'input_file': 'resources/input_data', 'tmp': '.tmp', 'tree': '.tmp/tree', 'subtree': '.tmp/subtree', 'mafdb': '.tmp/mafdb', 'clustalw': 'resources/libs/clustalw-2.1-linux'}
[INFO] 2024-10-18T13:49:33-03 [ENV_INFO] bucket_config: {'bucket_name': '', 'key_input_files': '', 'key_tree_files': '', 'key_subtree_files': '', 'key_mafdb_files': ''}
[INFO] 2024-10-18T13:49:33-03 [ENV_INFO] log_config: {'output_type': 'stdout_and_file', 'path': 'resources/logs/local', 'file_name': 'log_[execution_id]_[activity_name].log'}
[INFO] 2024-10-18T13:49:33-03 SUBTREE_CONSTRUCTOR RequestId: uuid_ceb00a84_06bf_461a_b3a6_fd40ef7a0215	 Duration: 9.86855600058334 ms	 InputTree: ['tree_ORTHOMCL374.nexus']	 OutputSubtrees: ['tree_ORTHOMCL374_Inner1.nexus', 'tree_ORTHOMCL374_Inner2.nexus', 'tree_ORTHOMCL374_Inner3.nexus', 'tree_ORTHOMCL374_Inner4.nexus', 'tree_ORTHOMCL374_Inner5.nexus', 'tree_ORTHOMCL374_Inner6.nexus', 'tree_ORTHOMCL374_Inner7.nexus']
[INFO] 2024-10-18T13:49:33-03 [ENV_INFO] env_name: local | current_time: 2024-10-18T16:49:33.305160+00:00 | pwd: /home/marcello/Documents/denethor
[INFO] 2024-10-18T13:49:33-03 [ENV_INFO] env_name: local
[INFO] 2024-10-18T13:49:33-03 [ENV_INFO] data_format: nexus
[INFO] 2024-10-18T13:49:33-03 [ENV_INFO] path_config: {'base': '', 'functions_src': 'src/lambda_functions', 'input_file': 'resources/input_data', 'tmp': '.tmp', 'tree': '.tmp/tree', 'subtree': '.tmp/subtree', 'mafdb': '.tmp/mafdb', 'clustalw': 'resources/libs/clustalw-2.1-linux'}
[INFO] 2024-10-18T13:49:33-03 [ENV_INFO] bucket_config: {'bucket_name': '', 'key_input_files': '', 'key_tree_files': '', 'key_subtree_files': '', 'key_mafdb_files': ''}
[INFO] 2024-10-18T13:49:33-03 [ENV_INFO] log_config: {'output_type': 'stdout_and_file', 'path': 'resources/logs/local', 'file_name': 'log_[execution_id]_[activity_name].log'}
[INFO] 2024-10-18T13:49:33-03 SUBTREE_CONSTRUCTOR RequestId: uuid_5e93b013_8590_4b49_82c0_d0e43ae0127c	 Duration: 3.8482439995277673 ms	 InputTree: ['tree_ORTHOMCL421.nexus']	 OutputSubtrees: ['tree_ORTHOMCL421_Inner1.nexus', 'tree_ORTHOMCL421_Inner2.nexus', 'tree_ORTHOMCL421_Inner3.nexus', 'tree_ORTHOMCL421_Inner4.nexus', 'tree_ORTHOMCL421_Inner5.nexus', 'tree_ORTHOMCL421_Inner6.nexus']
[INFO] 2024-10-18T13:49:33-03 [ENV_INFO] env_name: local | current_time: 2024-10-18T16:49:33.416932+00:00 | pwd: /home/marcello/Documents/denethor
[INFO] 2024-10-18T13:49:33-03 [ENV_INFO] env_name: local
[INFO] 2024-10-18T13:49:33-03 [ENV_INFO] data_format: nexus
[INFO] 2024-10-18T13:49:33-03 [ENV_INFO] path_config: {'base': '', 'functions_src': 'src/lambda_functions', 'input_file': 'resources/input_data', 'tmp': '.tmp', 'tree': '.tmp/tree', 'subtree': '.tmp/subtree', 'mafdb': '.tmp/mafdb', 'clustalw': 'resources/libs/clustalw-2.1-linux'}
[INFO] 2024-10-18T13:49:33-03 [ENV_INFO] bucket_config: {'bucket_name': '', 'key_input_files': '', 'key_tree_files': '', 'key_subtree_files': '', 'key_mafdb_files': ''}
[INFO] 2024-10-18T13:49:33-03 [ENV_INFO] log_config: {'output_type': 'stdout_and_file', 'path': 'resources/logs/local', 'file_name': 'log_[execution_id]_[activity_name].log'}
[INFO] 2024-10-18T13:49:33-03 MAF_DATABASE_CREATOR RequestId: uuid_23a901d8_2dec_4f89_8c3c_47daef7be7a6	 Duration: 164.74051600016537 ms	 InputSubtrees: ['tree_ORTHOMCL1_Inner1.nexus', 'tree_ORTHOMCL1_Inner2.nexus', 'tree_ORTHOMCL1_Inner3.nexus']	 MafDatabaseFile: .tmp/mafdb/mafdb_6f7a2b1116e6a791f68a03367473294792b679a6357b6789f3f993b1f83e2e80.json
[INFO] 2024-10-18T13:49:33-03 [ENV_INFO] env_name: local | current_time: 2024-10-18T16:49:33.583994+00:00 | pwd: /home/marcello/Documents/denethor
[INFO] 2024-10-18T13:49:33-03 [ENV_INFO] env_name: local
[INFO] 2024-10-18T13:49:33-03 [ENV_INFO] data_format: nexus
[INFO] 2024-10-18T13:49:33-03 [ENV_INFO] path_config: {'base': '', 'functions_src': 'src/lambda_functions', 'input_file': 'resources/input_data', 'tmp': '.tmp', 'tree': '.tmp/tree', 'subtree': '.tmp/subtree', 'mafdb': '.tmp/mafdb', 'clustalw': 'resources/libs/clustalw-2.1-linux'}
[INFO] 2024-10-18T13:49:33-03 [ENV_INFO] bucket_config: {'bucket_name': '', 'key_input_files': '', 'key_tree_files': '', 'key_subtree_files': '', 'key_mafdb_files': ''}
[INFO] 2024-10-18T13:49:33-03 [ENV_INFO] log_config: {'output_type': 'stdout_and_file', 'path': 'resources/logs/local', 'file_name': 'log_[execution_id]_[activity_name].log'}
[INFO] 2024-10-18T13:49:34-03 MAF_DATABASE_CREATOR RequestId: uuid_6fbcc9c5_7e6d_4a91_9c6d_67d920933058	 Duration: 568.9676170004532 ms	 InputSubtrees: ['tree_ORTHOMCL256_Inner1.nexus', 'tree_ORTHOMCL256_Inner2.nexus', 'tree_ORTHOMCL256_Inner3.nexus', 'tree_ORTHOMCL256_Inner4.nexus', 'tree_ORTHOMCL256_Inner5.nexus', 'tree_ORTHOMCL256_Inner6.nexus', 'tree_ORTHOMCL256_Inner7.nexus', 'tree_ORTHOMCL256_Inner8.nexus']	 MafDatabaseFile: .tmp/mafdb/mafdb_54d8ddd695de385cbe16742ebc6fdcb479cd2b8e3c0cd457826222c83fe6bb7c.json
[INFO] 2024-10-18T13:49:34-03 [ENV_INFO] env_name: local | current_time: 2024-10-18T16:49:34.154719+00:00 | pwd: /home/marcello/Documents/denethor
[INFO] 2024-10-18T13:49:34-03 [ENV_INFO] env_name: local
[INFO] 2024-10-18T13:49:34-03 [ENV_INFO] data_format: nexus
[INFO] 2024-10-18T13:49:34-03 [ENV_INFO] path_config: {'base': '', 'functions_src': 'src/lambda_functions', 'input_file': 'resources/input_data', 'tmp': '.tmp', 'tree': '.tmp/tree', 'subtree': '.tmp/subtree', 'mafdb': '.tmp/mafdb', 'clustalw': 'resources/libs/clustalw-2.1-linux'}
[INFO] 2024-10-18T13:49:34-03 [ENV_INFO] bucket_config: {'bucket_name': '', 'key_input_files': '', 'key_tree_files': '', 'key_subtree_files': '', 'key_mafdb_files': ''}
[INFO] 2024-10-18T13:49:34-03 [ENV_INFO] log_config: {'output_type': 'stdout_and_file', 'path': 'resources/logs/local', 'file_name': 'log_[execution_id]_[activity_name].log'}
[INFO] 2024-10-18T13:49:34-03 MAF_DATABASE_CREATOR RequestId: uuid_f957d92c_d008_4aac_bc29_ef4bb3af028e	 Duration: 841.855017002672 ms	 InputSubtrees: ['tree_ORTHOMCL256_2_Inner1.nexus', 'tree_ORTHOMCL256_2_Inner2.nexus', 'tree_ORTHOMCL256_2_Inner3.nexus', 'tree_ORTHOMCL256_2_Inner4.nexus', 'tree_ORTHOMCL256_2_Inner5.nexus', 'tree_ORTHOMCL256_2_Inner6.nexus', 'tree_ORTHOMCL256_2_Inner7.nexus', 'tree_ORTHOMCL256_2_Inner8.nexus']	 MafDatabaseFile: .tmp/mafdb/mafdb_1f6ccfc97b000b314f6a6c7e2582a4263b17ffc061fef38bd3c9a63fa631759f.json
[INFO] 2024-10-18T13:49:34-03 [ENV_INFO] env_name: local | current_time: 2024-10-18T16:49:34.998682+00:00 | pwd: /home/marcello/Documents/denethor
[INFO] 2024-10-18T13:49:34-03 [ENV_INFO] env_name: local
[INFO] 2024-10-18T13:49:34-03 [ENV_INFO] data_format: nexus
[INFO] 2024-10-18T13:49:34-03 [ENV_INFO] path_config: {'base': '', 'functions_src': 'src/lambda_functions', 'input_file': 'resources/input_data', 'tmp': '.tmp', 'tree': '.tmp/tree', 'subtree': '.tmp/subtree', 'mafdb': '.tmp/mafdb', 'clustalw': 'resources/libs/clustalw-2.1-linux'}
[INFO] 2024-10-18T13:49:34-03 [ENV_INFO] bucket_config: {'bucket_name': '', 'key_input_files': '', 'key_tree_files': '', 'key_subtree_files': '', 'key_mafdb_files': ''}
[INFO] 2024-10-18T13:49:34-03 [ENV_INFO] log_config: {'output_type': 'stdout_and_file', 'path': 'resources/logs/local', 'file_name': 'log_[execution_id]_[activity_name].log'}
[INFO] 2024-10-18T13:49:35-03 MAF_DATABASE_CREATOR RequestId: uuid_b83732e1_5923_4229_b27b_f87b13436772	 Duration: 641.9265320000704 ms	 InputSubtrees: ['tree_ORTHOMCL320_Inner1.nexus', 'tree_ORTHOMCL320_Inner2.nexus', 'tree_ORTHOMCL320_Inner3.nexus', 'tree_ORTHOMCL320_Inner4.nexus', 'tree_ORTHOMCL320_Inner5.nexus', 'tree_ORTHOMCL320_Inner6.nexus', 'tree_ORTHOMCL320_Inner7.nexus']	 MafDatabaseFile: .tmp/mafdb/mafdb_bd5d862db8f1d6b261aaeb3b8ecb83d67004ffb7524cb75c5f1f8454224f7c91.json
[INFO] 2024-10-18T13:49:35-03 [ENV_INFO] env_name: local | current_time: 2024-10-18T16:49:35.642795+00:00 | pwd: /home/marcello/Documents/denethor
[INFO] 2024-10-18T13:49:35-03 [ENV_INFO] env_name: local
[INFO] 2024-10-18T13:49:35-03 [ENV_INFO] data_format: nexus
[INFO] 2024-10-18T13:49:35-03 [ENV_INFO] path_config: {'base': '', 'functions_src': 'src/lambda_functions', 'input_file': 'resources/input_data', 'tmp': '.tmp', 'tree': '.tmp/tree', 'subtree': '.tmp/subtree', 'mafdb': '.tmp/mafdb', 'clustalw': 'resources/libs/clustalw-2.1-linux'}
[INFO] 2024-10-18T13:49:35-03 [ENV_INFO] bucket_config: {'bucket_name': '', 'key_input_files': '', 'key_tree_files': '', 'key_subtree_files': '', 'key_mafdb_files': ''}
[INFO] 2024-10-18T13:49:35-03 [ENV_INFO] log_config: {'output_type': 'stdout_and_file', 'path': 'resources/logs/local', 'file_name': 'log_[execution_id]_[activity_name].log'}
[INFO] 2024-10-18T13:49:36-03 MAF_DATABASE_CREATOR RequestId: uuid_5ae52bfd_44a6_4fe3_b30d_cf353e2639ca	 Duration: 838.5129779999261 ms	 InputSubtrees: ['tree_ORTHOMCL337_Inner1.nexus', 'tree_ORTHOMCL337_Inner2.nexus', 'tree_ORTHOMCL337_Inner3.nexus', 'tree_ORTHOMCL337_Inner4.nexus', 'tree_ORTHOMCL337_Inner5.nexus', 'tree_ORTHOMCL337_Inner6.nexus', 'tree_ORTHOMCL337_Inner7.nexus']	 MafDatabaseFile: .tmp/mafdb/mafdb_861b6fcf310a5a4a01036477cd0e28e972c4aa89be1fcccfc0eab6cd45e9fd74.json
[INFO] 2024-10-18T13:49:36-03 [ENV_INFO] env_name: local | current_time: 2024-10-18T16:49:36.483479+00:00 | pwd: /home/marcello/Documents/denethor
[INFO] 2024-10-18T13:49:36-03 [ENV_INFO] env_name: local
[INFO] 2024-10-18T13:49:36-03 [ENV_INFO] data_format: nexus
[INFO] 2024-10-18T13:49:36-03 [ENV_INFO] path_config: {'base': '', 'functions_src': 'src/lambda_functions', 'input_file': 'resources/input_data', 'tmp': '.tmp', 'tree': '.tmp/tree', 'subtree': '.tmp/subtree', 'mafdb': '.tmp/mafdb', 'clustalw': 'resources/libs/clustalw-2.1-linux'}
[INFO] 2024-10-18T13:49:36-03 [ENV_INFO] bucket_config: {'bucket_name': '', 'key_input_files': '', 'key_tree_files': '', 'key_subtree_files': '', 'key_mafdb_files': ''}
[INFO] 2024-10-18T13:49:36-03 [ENV_INFO] log_config: {'output_type': 'stdout_and_file', 'path': 'resources/logs/local', 'file_name': 'log_[execution_id]_[activity_name].log'}
[INFO] 2024-10-18T13:49:37-03 MAF_DATABASE_CREATOR RequestId: uuid_b73377d4_c60b_4d16_ad09_8fb54656ce94	 Duration: 1187.246656998468 ms	 InputSubtrees: ['tree_ORTHOMCL358_Inner1.nexus', 'tree_ORTHOMCL358_Inner2.nexus', 'tree_ORTHOMCL358_Inner3.nexus', 'tree_ORTHOMCL358_Inner4.nexus', 'tree_ORTHOMCL358_Inner5.nexus', 'tree_ORTHOMCL358_Inner6.nexus', 'tree_ORTHOMCL358_Inner7.nexus']	 MafDatabaseFile: .tmp/mafdb/mafdb_7d398773bfc3e4435be56d8711457fd7fc190e97e32d7ec51a8a702e16118c4d.json
[INFO] 2024-10-18T13:49:37-03 [ENV_INFO] env_name: local | current_time: 2024-10-18T16:49:37.674768+00:00 | pwd: /home/marcello/Documents/denethor
[INFO] 2024-10-18T13:49:37-03 [ENV_INFO] env_name: local
[INFO] 2024-10-18T13:49:37-03 [ENV_INFO] data_format: nexus
[INFO] 2024-10-18T13:49:37-03 [ENV_INFO] path_config: {'base': '', 'functions_src': 'src/lambda_functions', 'input_file': 'resources/input_data', 'tmp': '.tmp', 'tree': '.tmp/tree', 'subtree': '.tmp/subtree', 'mafdb': '.tmp/mafdb', 'clustalw': 'resources/libs/clustalw-2.1-linux'}
[INFO] 2024-10-18T13:49:37-03 [ENV_INFO] bucket_config: {'bucket_name': '', 'key_input_files': '', 'key_tree_files': '', 'key_subtree_files': '', 'key_mafdb_files': ''}
[INFO] 2024-10-18T13:49:37-03 [ENV_INFO] log_config: {'output_type': 'stdout_and_file', 'path': 'resources/logs/local', 'file_name': 'log_[execution_id]_[activity_name].log'}
[INFO] 2024-10-18T13:49:38-03 MAF_DATABASE_CREATOR RequestId: uuid_6f30309e_e779_4377_ae69_78c4095f2369	 Duration: 426.9536979991244 ms	 InputSubtrees: ['tree_ORTHOMCL371_Inner1.nexus', 'tree_ORTHOMCL371_Inner2.nexus', 'tree_ORTHOMCL371_Inner3.nexus', 'tree_ORTHOMCL371_Inner4.nexus', 'tree_ORTHOMCL371_Inner5.nexus', 'tree_ORTHOMCL371_Inner6.nexus']	 MafDatabaseFile: .tmp/mafdb/mafdb_7511017a4e93687a5be47b55aa4c08eff48c283a8153f5e070747057ad693f80.json
[INFO] 2024-10-18T13:49:38-03 [ENV_INFO] env_name: local | current_time: 2024-10-18T16:49:38.104403+00:00 | pwd: /home/marcello/Documents/denethor
[INFO] 2024-10-18T13:49:38-03 [ENV_INFO] env_name: local
[INFO] 2024-10-18T13:49:38-03 [ENV_INFO] data_format: nexus
[INFO] 2024-10-18T13:49:38-03 [ENV_INFO] path_config: {'base': '', 'functions_src': 'src/lambda_functions', 'input_file': 'resources/input_data', 'tmp': '.tmp', 'tree': '.tmp/tree', 'subtree': '.tmp/subtree', 'mafdb': '.tmp/mafdb', 'clustalw': 'resources/libs/clustalw-2.1-linux'}
[INFO] 2024-10-18T13:49:38-03 [ENV_INFO] bucket_config: {'bucket_name': '', 'key_input_files': '', 'key_tree_files': '', 'key_subtree_files': '', 'key_mafdb_files': ''}
[INFO] 2024-10-18T13:49:38-03 [ENV_INFO] log_config: {'output_type': 'stdout_and_file', 'path': 'resources/logs/local', 'file_name': 'log_[execution_id]_[activity_name].log'}
[INFO] 2024-10-18T13:49:38-03 MAF_DATABASE_CREATOR RequestId: uuid_f0962ab6_24d8_40e0_a82e_1ea13fc33578	 Duration: 522.6305440010037 ms	 InputSubtrees: ['tree_ORTHOMCL374_Inner1.nexus', 'tree_ORTHOMCL374_Inner2.nexus', 'tree_ORTHOMCL374_Inner3.nexus', 'tree_ORTHOMCL374_Inner4.nexus', 'tree_ORTHOMCL374_Inner5.nexus', 'tree_ORTHOMCL374_Inner6.nexus', 'tree_ORTHOMCL374_Inner7.nexus']	 MafDatabaseFile: .tmp/mafdb/mafdb_3891ae3bc299950ca7a78c4d495828659f2cb320e0641ad8c6bfc4ced2d8e2b0.json
[INFO] 2024-10-18T13:49:38-03 [ENV_INFO] env_name: local | current_time: 2024-10-18T16:49:38.628619+00:00 | pwd: /home/marcello/Documents/denethor
[INFO] 2024-10-18T13:49:38-03 [ENV_INFO] env_name: local
[INFO] 2024-10-18T13:49:38-03 [ENV_INFO] data_format: nexus
[INFO] 2024-10-18T13:49:38-03 [ENV_INFO] path_config: {'base': '', 'functions_src': 'src/lambda_functions', 'input_file': 'resources/input_data', 'tmp': '.tmp', 'tree': '.tmp/tree', 'subtree': '.tmp/subtree', 'mafdb': '.tmp/mafdb', 'clustalw': 'resources/libs/clustalw-2.1-linux'}
[INFO] 2024-10-18T13:49:38-03 [ENV_INFO] bucket_config: {'bucket_name': '', 'key_input_files': '', 'key_tree_files': '', 'key_subtree_files': '', 'key_mafdb_files': ''}
[INFO] 2024-10-18T13:49:38-03 [ENV_INFO] log_config: {'output_type': 'stdout_and_file', 'path': 'resources/logs/local', 'file_name': 'log_[execution_id]_[activity_name].log'}
[INFO] 2024-10-18T13:49:39-03 MAF_DATABASE_CREATOR RequestId: uuid_6f2ca003_79b7_4b0d_a920_10e023a03736	 Duration: 381.64646699806326 ms	 InputSubtrees: ['tree_ORTHOMCL421_Inner1.nexus', 'tree_ORTHOMCL421_Inner2.nexus', 'tree_ORTHOMCL421_Inner3.nexus', 'tree_ORTHOMCL421_Inner4.nexus', 'tree_ORTHOMCL421_Inner5.nexus', 'tree_ORTHOMCL421_Inner6.nexus']	 MafDatabaseFile: .tmp/mafdb/mafdb_58aa863a1439bf886daca0713239dba1882676aea5266e0af5bebad97529db92.json
[INFO] 2024-10-18T13:49:39-03 [ENV_INFO] env_name: local | current_time: 2024-10-18T16:49:39.020908+00:00 | pwd: /home/marcello/Documents/denethor
[INFO] 2024-10-18T13:49:39-03 [ENV_INFO] env_name: local
[INFO] 2024-10-18T13:49:39-03 [ENV_INFO] data_format: nexus
[INFO] 2024-10-18T13:49:39-03 [ENV_INFO] path_config: {'base': '', 'functions_src': 'src/lambda_functions', 'input_file': 'resources/input_data', 'tmp': '.tmp', 'tree': '.tmp/tree', 'subtree': '.tmp/subtree', 'mafdb': '.tmp/mafdb', 'clustalw': 'resources/libs/clustalw-2.1-linux'}
[INFO] 2024-10-18T13:49:39-03 [ENV_INFO] bucket_config: {'bucket_name': '', 'key_input_files': '', 'key_tree_files': '', 'key_subtree_files': '', 'key_mafdb_files': ''}
[INFO] 2024-10-18T13:49:39-03 [ENV_INFO] log_config: {'output_type': 'stdout_and_file', 'path': 'resources/logs/local', 'file_name': 'log_[execution_id]_[activity_name].log'}
[INFO] 2024-10-18T13:52:57-03 MAF_DATABASE_AGGREGATOR RequestId: uuid_0948d339_d910_4243_ad32_7082660ffb1a	 Duration: 153055.9306890027 ms	 InputLength: 9	 MaxMaf: 8	 MafDatabase: {'1': {'tree_ORTHOMCL256_Inner4.nexus': ['tree_ORTHOMCL256_2_Inner4.nexus', 'tree_ORTHOMCL256_2_Inner5.nexus', 'tree_ORTHOMCL256_2_Inner6.nexus', 'tree_ORTHOMCL256_2_Inner7.nexus', 'tree_ORTHOMCL256_2_Inner8.nexus'], 'tree_ORTHOMCL256_Inner5.nexus': ['tree_ORTHOMCL256_2_Inner4.nexus'], 'tree_ORTHOMCL256_Inner6.nexus': ['tree_ORTHOMCL256_2_Inner4.nexus'], 'tree_ORTHOMCL256_Inner7.nexus': ['tree_ORTHOMCL256_2_Inner4.nexus'], 'tree_ORTHOMCL256_Inner8.nexus': ['tree_ORTHOMCL256_2_Inner4.nexus'], 'tree_ORTHOMCL256_2_Inner4.nexus': ['tree_ORTHOMCL256_Inner4.nexus', 'tree_ORTHOMCL256_Inner5.nexus', 'tree_ORTHOMCL256_Inner6.nexus', 'tree_ORTHOMCL256_Inner7.nexus', 'tree_ORTHOMCL256_Inner8.nexus'], 'tree_ORTHOMCL256_2_Inner5.nexus': ['tree_ORTHOMCL256_Inner4.nexus'], 'tree_ORTHOMCL256_2_Inner6.nexus': ['tree_ORTHOMCL256_Inner4.nexus'], 'tree_ORTHOMCL256_2_Inner7.nexus': ['tree_ORTHOMCL256_Inner4.nexus'], 'tree_ORTHOMCL256_2_Inner8.nexus': ['tree_ORTHOMCL256_Inner4.nexus']}, '2': {'tree_ORTHOMCL256_Inner1.nexus': ['tree_ORTHOMCL256_2_Inner1.nexus', 'tree_ORTHOMCL256_2_Inner2.nexus', 'tree_ORTHOMCL256_2_Inner3.nexus', 'tree_ORTHOMCL256_2_Inner5.nexus', 'tree_ORTHOMCL256_2_Inner6.nexus', 'tree_ORTHOMCL256_2_Inner7.nexus', 'tree_ORTHOMCL256_2_Inner8.nexus'], 'tree_ORTHOMCL256_Inner2.nexus': ['tree_ORTHOMCL256_2_Inner1.nexus', 'tree_ORTHOMCL256_2_Inner2.nexus', 'tree_ORTHOMCL256_2_Inner3.nexus', 'tree_ORTHOMCL256_2_Inner5.nexus', 'tree_ORTHOMCL256_2_Inner6.nexus', 'tree_ORTHOMCL256_2_Inner7.nexus', 'tree_ORTHOMCL256_2_Inner8.nexus'], 'tree_ORTHOMCL256_Inner3.nexus': ['tree_ORTHOMCL256_2_Inner1.nexus', 'tree_ORTHOMCL256_2_Inner2.nexus'], 'tree_ORTHOMCL256_Inner5.nexus': ['tree_ORTHOMCL256_2_Inner1.nexus', 'tree_ORTHOMCL256_2_Inner2.nexus'], 'tree_ORTHOMCL256_Inner6.nexus': ['tree_ORTHOMCL256_2_Inner1.nexus', 'tree_ORTHOMCL256_2_Inner2.nexus'], 'tree_ORTHOMCL256_Inner7.nexus': ['tree_ORTHOMCL256_2_Inner1.nexus', 'tree_ORTHOMCL256_2_Inner2.nexus'], 'tree_ORTHOMCL256_Inner8.nexus': ['tree_ORTHOMCL256_2_Inner1.nexus', 'tree_ORTHOMCL256_2_Inner2.nexus'], 'tree_ORTHOMCL256_2_Inner1.nexus': ['tree_ORTHOMCL256_Inner1.nexus', 'tree_ORTHOMCL256_Inner2.nexus', 'tree_ORTHOMCL256_Inner3.nexus', 'tree_ORTHOMCL256_Inner5.nexus', 'tree_ORTHOMCL256_Inner6.nexus', 'tree_ORTHOMCL256_Inner7.nexus', 'tree_ORTHOMCL256_Inner8.nexus'], 'tree_ORTHOMCL256_2_Inner2.nexus': ['tree_ORTHOMCL256_Inner1.nexus', 'tree_ORTHOMCL256_Inner2.nexus', 'tree_ORTHOMCL256_Inner3.nexus', 'tree_ORTHOMCL256_Inner5.nexus', 'tree_ORTHOMCL256_Inner6.nexus', 'tree_ORTHOMCL256_Inner7.nexus', 'tree_ORTHOMCL256_Inner8.nexus'], 'tree_ORTHOMCL256_2_Inner3.nexus': ['tree_ORTHOMCL256_Inner1.nexus', 'tree_ORTHOMCL256_Inner2.nexus'], 'tree_ORTHOMCL256_2_Inner5.nexus': ['tree_ORTHOMCL256_Inner1.nexus', 'tree_ORTHOMCL256_Inner2.nexus'], 'tree_ORTHOMCL256_2_Inner6.nexus': ['tree_ORTHOMCL256_Inner1.nexus', 'tree_ORTHOMCL256_Inner2.nexus'], 'tree_ORTHOMCL256_2_Inner7.nexus': ['tree_ORTHOMCL256_Inner1.nexus', 'tree_ORTHOMCL256_Inner2.nexus'], 'tree_ORTHOMCL256_2_Inner8.nexus': ['tree_ORTHOMCL256_Inner1.nexus', 'tree_ORTHOMCL256_Inner2.nexus']}, '3': {'tree_ORTHOMCL256_Inner3.nexus': ['tree_ORTHOMCL256_2_Inner3.nexus', 'tree_ORTHOMCL256_2_Inner5.nexus', 'tree_ORTHOMCL256_2_Inner6.nexus', 'tree_ORTHOMCL256_2_Inner7.nexus', 'tree_ORTHOMCL256_2_Inner8.nexus'], 'tree_ORTHOMCL256_Inner5.nexus': ['tree_ORTHOMCL256_2_Inner3.nexus'], 'tree_ORTHOMCL256_Inner6.nexus': ['tree_ORTHOMCL256_2_Inner3.nexus'], 'tree_ORTHOMCL256_Inner7.nexus': ['tree_ORTHOMCL256_2_Inner3.nexus'], 'tree_ORTHOMCL256_Inner8.nexus': ['tree_ORTHOMCL256_2_Inner3.nexus'], 'tree_ORTHOMCL256_2_Inner3.nexus': ['tree_ORTHOMCL256_Inner3.nexus', 'tree_ORTHOMCL256_Inner5.nexus', 'tree_ORTHOMCL256_Inner6.nexus', 'tree_ORTHOMCL256_Inner7.nexus', 'tree_ORTHOMCL256_Inner8.nexus'], 'tree_ORTHOMCL256_2_Inner5.nexus': ['tree_ORTHOMCL256_Inner3.nexus'], 'tree_ORTHOMCL256_2_Inner6.nexus': ['tree_ORTHOMCL256_Inner3.nexus'], 'tree_ORTHOMCL256_2_Inner7.nexus': ['tree_ORTHOMCL256_Inner3.nexus'], 'tree_ORTHOMCL256_2_Inner8.nexus': ['tree_ORTHOMCL256_Inner3.nexus']}, '4': {'tree_ORTHOMCL256_Inner5.nexus': ['tree_ORTHOMCL256_2_Inner5.nexus', 'tree_ORTHOMCL256_2_Inner6.nexus', 'tree_ORTHOMCL256_2_Inner7.nexus', 'tree_ORTHOMCL256_2_Inner8.nexus'], 'tree_ORTHOMCL256_Inner6.nexus': ['tree_ORTHOMCL256_2_Inner5.nexus'], 'tree_ORTHOMCL256_Inner7.nexus': ['tree_ORTHOMCL256_2_Inner5.nexus'], 'tree_ORTHOMCL256_Inner8.nexus': ['tree_ORTHOMCL256_2_Inner5.nexus'], 'tree_ORTHOMCL256_2_Inner5.nexus': ['tree_ORTHOMCL256_Inner5.nexus', 'tree_ORTHOMCL256_Inner6.nexus', 'tree_ORTHOMCL256_Inner7.nexus', 'tree_ORTHOMCL256_Inner8.nexus'], 'tree_ORTHOMCL256_2_Inner6.nexus': ['tree_ORTHOMCL256_Inner5.nexus'], 'tree_ORTHOMCL256_2_Inner7.nexus': ['tree_ORTHOMCL256_Inner5.nexus'], 'tree_ORTHOMCL256_2_Inner8.nexus': ['tree_ORTHOMCL256_Inner5.nexus']}, '5': {'tree_ORTHOMCL256_Inner6.nexus': ['tree_ORTHOMCL256_2_Inner6.nexus', 'tree_ORTHOMCL256_2_Inner7.nexus', 'tree_ORTHOMCL256_2_Inner8.nexus'], 'tree_ORTHOMCL256_Inner7.nexus': ['tree_ORTHOMCL256_2_Inner6.nexus'], 'tree_ORTHOMCL256_Inner8.nexus': ['tree_ORTHOMCL256_2_Inner6.nexus'], 'tree_ORTHOMCL256_2_Inner6.nexus': ['tree_ORTHOMCL256_Inner6.nexus', 'tree_ORTHOMCL256_Inner7.nexus', 'tree_ORTHOMCL256_Inner8.nexus'], 'tree_ORTHOMCL256_2_Inner7.nexus': ['tree_ORTHOMCL256_Inner6.nexus'], 'tree_ORTHOMCL256_2_Inner8.nexus': ['tree_ORTHOMCL256_Inner6.nexus']}, '6': {'tree_ORTHOMCL256_Inner7.nexus': ['tree_ORTHOMCL256_2_Inner7.nexus', 'tree_ORTHOMCL256_2_Inner8.nexus'], 'tree_ORTHOMCL256_Inner8.nexus': ['tree_ORTHOMCL256_2_Inner7.nexus'], 'tree_ORTHOMCL256_2_Inner7.nexus': ['tree_ORTHOMCL256_Inner7.nexus', 'tree_ORTHOMCL256_Inner8.nexus'], 'tree_ORTHOMCL256_2_Inner8.nexus': ['tree_ORTHOMCL256_Inner7.nexus']}, '8': {'tree_ORTHOMCL256_Inner8.nexus': ['tree_ORTHOMCL256_2_Inner8.nexus'], 'tree_ORTHOMCL256_2_Inner8.nexus': ['tree_ORTHOMCL256_Inner8.nexus']}}
