[
    {
        "logStreamName": "2025/03/05/[$LATEST]9f157ef002d84e96b1dbdc3afdf0439b",
        "timestamp": 1741195740888,
        "message": "START RequestId: c4864f1a-1dc7-4cd7-990b-bedb2a75e118 Version: $LATEST\n",
        "ingestionTime": 1741195749926,
        "eventId": "38829962558310037011987579562948243823810035943463256064"
    },
    {
        "logStreamName": "2025/03/05/[$LATEST]9f157ef002d84e96b1dbdc3afdf0439b",
        "timestamp": 1741195741009,
        "message": "FILE_TRANSFER RequestId: c4864f1a-1dc7-4cd7-990b-bedb2a75e118\t TransferType: consumed\t Action: download_from_s3\t FileName: ORTHOMCL1\t Bucket: denethor\t FilePath: data/full_dataset/ORTHOMCL1\t LocalFilePath: /tmp/input/ORTHOMCL1\t FileSize: 1662 bytes\t TransferDuration: 121.26417800004674 ms\n",
        "ingestionTime": 1741195749926,
        "eventId": "38829962561008427181009784963074065734800487685686886401"
    },
    {
        "logStreamName": "2025/03/05/[$LATEST]9f157ef002d84e96b1dbdc3afdf0439b",
        "timestamp": 1741195741010,
        "message": "CONSUMED_FILES_INFO RequestId: c4864f1a-1dc7-4cd7-990b-bedb2a75e118\t FilesCount: 1 files\t FilesSize: 1662 bytes\t TransferDuration: 121.26417800004674 ms\t ConsumedFiles: ['ORTHOMCL1']\n",
        "ingestionTime": 1741195749926,
        "eventId": "38829962561030727926208315586215601453073136047192866818"
    },
    {
        "logStreamName": "2025/03/05/[$LATEST]9f157ef002d84e96b1dbdc3afdf0439b",
        "timestamp": 1741195741064,
        "message": "[INFO]\t2025-03-05T17:29:01.064Z\tc4864f1a-1dc7-4cd7-990b-bedb2a75e118\tTREE_CONSTRUCTOR RequestId: c4864f1a-1dc7-4cd7-990b-bedb2a75e118\t Duration: 54.533510000055685 ms\t InputFile:ORTHOMCL1\t OutputFile:['tree_ORTHOMCL1.nexus']\n",
        "ingestionTime": 1741195749926,
        "eventId": "38829962562234968166928969235858530239796147568515809283"
    },
    {
        "logStreamName": "2025/03/05/[$LATEST]9f157ef002d84e96b1dbdc3afdf0439b",
        "timestamp": 1741195741064,
        "message": "[INFO] 2025-03-05T17:29:01GMT TREE_CONSTRUCTOR RequestId: c4864f1a-1dc7-4cd7-990b-bedb2a75e118\t Duration: 54.533510000055685 ms\t InputFile:ORTHOMCL1\t OutputFile:['tree_ORTHOMCL1.nexus']\n",
        "ingestionTime": 1741195749926,
        "eventId": "38829962562234968166928969235858530239796147568515809284"
    },
    {
        "logStreamName": "2025/03/05/[$LATEST]9f157ef002d84e96b1dbdc3afdf0439b",
        "timestamp": 1741195741231,
        "message": "FILE_TRANSFER RequestId: c4864f1a-1dc7-4cd7-990b-bedb2a75e118\t TransferType: produced\t Action: upload_to_s3\t FileName: tree_ORTHOMCL1.nexus\t Bucket: denethor\t FilePath: tree/tree_ORTHOMCL1.nexus\t LocalFilePath: /tmp/tree/tree_ORTHOMCL1.nexus\t FileSize: 339 bytes\t TransferDuration: 48.02427999993597 ms\n",
        "ingestionTime": 1741195749926,
        "eventId": "38829962565959192615083583300494995191328423940014538757"
    },
    {
        "logStreamName": "2025/03/05/[$LATEST]9f157ef002d84e96b1dbdc3afdf0439b",
        "timestamp": 1741195741231,
        "message": "PRODUCED_FILES_INFO RequestId: c4864f1a-1dc7-4cd7-990b-bedb2a75e118\t FilesCount: 1 files\t FilesSize: 339 bytes\t TransferDuration: 48.02427999993597 ms\t Provider: aws_lambda\t  ProducedFiles: ['tree_ORTHOMCL1.nexus']\n",
        "ingestionTime": 1741195749926,
        "eventId": "38829962565959192615083583300494995191328423940014538758"
    },
    {
        "logStreamName": "2025/03/05/[$LATEST]9f157ef002d84e96b1dbdc3afdf0439b",
        "timestamp": 1741195741232,
        "message": "END RequestId: c4864f1a-1dc7-4cd7-990b-bedb2a75e118\n",
        "ingestionTime": 1741195749926,
        "eventId": "38829962565981493360282113923636530909601072301520519175"
    },
    {
        "logStreamName": "2025/03/05/[$LATEST]9f157ef002d84e96b1dbdc3afdf0439b",
        "timestamp": 1741195741232,
        "message": "REPORT RequestId: c4864f1a-1dc7-4cd7-990b-bedb2a75e118\tDuration: 344.74 ms\tBilled Duration: 345 ms\tMemory Size: 256 MB\tMax Memory Used: 111 MB\t\n",
        "ingestionTime": 1741195749926,
        "eventId": "38829962565981493360282113923636530909601072301520519176"
    },
    {
        "logStreamName": "2025/03/05/[$LATEST]9f157ef002d84e96b1dbdc3afdf0439b",
        "timestamp": 1741195741650,
        "message": "START RequestId: f4236ca0-4ac6-4a22-a2e9-4d52dcb6b726 Version: $LATEST\n",
        "ingestionTime": 1741195749926,
        "eventId": "38829962575303204853267914396798461147568087411020333065"
    },
    {
        "logStreamName": "2025/03/05/[$LATEST]9f157ef002d84e96b1dbdc3afdf0439b",
        "timestamp": 1741195741726,
        "message": "FILE_TRANSFER RequestId: f4236ca0-4ac6-4a22-a2e9-4d52dcb6b726\t TransferType: consumed\t Action: download_from_s3\t FileName: ORTHOMCL256\t Bucket: denethor\t FilePath: data/full_dataset/ORTHOMCL256\t LocalFilePath: /tmp/input/ORTHOMCL256\t FileSize: 2666 bytes\t TransferDuration: 75.48832399993444 ms\n",
        "ingestionTime": 1741195749926,
        "eventId": "38829962576998061488356241755555175736289362885474844682"
    },
    {
        "logStreamName": "2025/03/05/[$LATEST]9f157ef002d84e96b1dbdc3afdf0439b",
        "timestamp": 1741195741726,
        "message": "CONSUMED_FILES_INFO RequestId: f4236ca0-4ac6-4a22-a2e9-4d52dcb6b726\t FilesCount: 1 files\t FilesSize: 2666 bytes\t TransferDuration: 75.48832399993444 ms\t ConsumedFiles: ['ORTHOMCL256']\n",
        "ingestionTime": 1741195749926,
        "eventId": "38829962576998061488356241755555175736289362885474844683"
    },
    {
        "logStreamName": "2025/03/05/[$LATEST]9f157ef002d84e96b1dbdc3afdf0439b",
        "timestamp": 1741195742003,
        "message": "[INFO]\t2025-03-05T17:29:02.003Z\tf4236ca0-4ac6-4a22-a2e9-4d52dcb6b726\tTREE_CONSTRUCTOR RequestId: f4236ca0-4ac6-4a22-a2e9-4d52dcb6b726\t Duration: 260.20371200002046 ms\t InputFile:ORTHOMCL256\t OutputFile:['tree_ORTHOMCL256.nexus']\n",
        "ingestionTime": 1741195749926,
        "eventId": "38829962583175367908349224365760569697812959022631419916"
    },
    {
        "logStreamName": "2025/03/05/[$LATEST]9f157ef002d84e96b1dbdc3afdf0439b",
        "timestamp": 1741195742003,
        "message": "[INFO] 2025-03-05T17:29:02GMT TREE_CONSTRUCTOR RequestId: f4236ca0-4ac6-4a22-a2e9-4d52dcb6b726\t Duration: 260.20371200002046 ms\t InputFile:ORTHOMCL256\t OutputFile:['tree_ORTHOMCL256.nexus']\n",
        "ingestionTime": 1741195749926,
        "eventId": "38829962583175367908349224365760569697812959022631419917"
    },
    {
        "logStreamName": "2025/03/05/[$LATEST]9f157ef002d84e96b1dbdc3afdf0439b",
        "timestamp": 1741195742146,
        "message": "FILE_TRANSFER RequestId: f4236ca0-4ac6-4a22-a2e9-4d52dcb6b726\t TransferType: produced\t Action: upload_to_s3\t FileName: tree_ORTHOMCL256.nexus\t Bucket: denethor\t FilePath: tree/tree_ORTHOMCL256.nexus\t LocalFilePath: /tmp/tree/tree_ORTHOMCL256.nexus\t FileSize: 640 bytes\t TransferDuration: 42.177938000122595 ms\n",
        "ingestionTime": 1741195749926,
        "eventId": "38829962586364374471739103475000177410801674717986619406"
    },
    {
        "logStreamName": "2025/03/05/[$LATEST]9f157ef002d84e96b1dbdc3afdf0439b",
        "timestamp": 1741195742146,
        "message": "PRODUCED_FILES_INFO RequestId: f4236ca0-4ac6-4a22-a2e9-4d52dcb6b726\t FilesCount: 1 files\t FilesSize: 640 bytes\t TransferDuration: 42.177938000122595 ms\t Provider: aws_lambda\t  ProducedFiles: ['tree_ORTHOMCL256.nexus']\n",
        "ingestionTime": 1741195749926,
        "eventId": "38829962586364374471739103475000177410801674717986619407"
    },
    {
        "logStreamName": "2025/03/05/[$LATEST]9f157ef002d84e96b1dbdc3afdf0439b",
        "timestamp": 1741195742147,
        "message": "END RequestId: f4236ca0-4ac6-4a22-a2e9-4d52dcb6b726\n",
        "ingestionTime": 1741195749926,
        "eventId": "38829962586386675216937634098141713129074323079492599824"
    },
    {
        "logStreamName": "2025/03/05/[$LATEST]9f157ef002d84e96b1dbdc3afdf0439b",
        "timestamp": 1741195742147,
        "message": "REPORT RequestId: f4236ca0-4ac6-4a22-a2e9-4d52dcb6b726\tDuration: 496.31 ms\tBilled Duration: 497 ms\tMemory Size: 256 MB\tMax Memory Used: 111 MB\t\n",
        "ingestionTime": 1741195749926,
        "eventId": "38829962586386675216937634098141713129074323079492599825"
    }
]