[
    {
        "logStreamName": "2025/02/28/[$LATEST]8595e02feade4ec09d5388934e45eb59",
        "timestamp": 1740762969346,
        "message": "START RequestId: 46a1d18b-5024-4d30-b049-1fc2fea08f1f Version: $LATEST\n",
        "ingestionTime": 1740762978371,
        "eventId": "38820311430422719818075873077196379876741323859038699520"
    },
    {
        "logStreamName": "2025/02/28/[$LATEST]8595e02feade4ec09d5388934e45eb59",
        "timestamp": 1740762969477,
        "message": "FILE_TRANSFER RequestId: 46a1d18b-5024-4d30-b049-1fc2fea08f1f\t TransferType: consumed\t Action: download_from_s3\t FileName: ORTHOMCL1\t Bucket: denethor\t FilePath: data/full_dataset/ORTHOMCL1\t LocalFilePath: /tmp/input/ORTHOMCL1\t FileSize: 1662 bytes\t TransferDuration: 129.83170000006794 ms\n",
        "ingestionTime": 1740762978371,
        "eventId": "38820311433344117439083384708737558970458259216322134017"
    },
    {
        "logStreamName": "2025/02/28/[$LATEST]8595e02feade4ec09d5388934e45eb59",
        "timestamp": 1740762969477,
        "message": "CONSUMED_FILES_INFO RequestId: 46a1d18b-5024-4d30-b049-1fc2fea08f1f\t FilesCount: 1 files\t FilesSize: 1662 bytes\t TransferDuration: 129.83170000006794 ms\t ConsumedFiles: ['ORTHOMCL1']\n",
        "ingestionTime": 1740762978371,
        "eventId": "38820311433344117439083384708737558970458259216322134018"
    },
    {
        "logStreamName": "2025/02/28/[$LATEST]8595e02feade4ec09d5388934e45eb59",
        "timestamp": 1740762969521,
        "message": "[INFO]\t2025-02-28T17:16:09.521Z\t46a1d18b-5024-4d30-b049-1fc2fea08f1f\tTREE_CONSTRUCTOR RequestId: 46a1d18b-5024-4d30-b049-1fc2fea08f1f\t Duration: 43.61626799982332 ms\t InputFile:ORTHOMCL1\t OutputFile:['tree_ORTHOMCL1.nexus']\n",
        "ingestionTime": 1740762978371,
        "eventId": "38820311434325350227818732126965130574454787122585272323"
    },
    {
        "logStreamName": "2025/02/28/[$LATEST]8595e02feade4ec09d5388934e45eb59",
        "timestamp": 1740762969521,
        "message": "[INFO] 2025-02-28T17:16:09GMT TREE_CONSTRUCTOR RequestId: 46a1d18b-5024-4d30-b049-1fc2fea08f1f\t Duration: 43.61626799982332 ms\t InputFile:ORTHOMCL1\t OutputFile:['tree_ORTHOMCL1.nexus']\n",
        "ingestionTime": 1740762978371,
        "eventId": "38820311434325350227818732126965130574454787122585272324"
    },
    {
        "logStreamName": "2025/02/28/[$LATEST]8595e02feade4ec09d5388934e45eb59",
        "timestamp": 1740762969667,
        "message": "FILE_TRANSFER RequestId: 46a1d18b-5024-4d30-b049-1fc2fea08f1f\t TransferType: produced\t Action: upload_to_s3\t FileName: tree_ORTHOMCL1.nexus\t Bucket: denethor\t FilePath: tree/tree_ORTHOMCL1.nexus\t LocalFilePath: /tmp/tree/tree_ORTHOMCL1.nexus\t FileSize: 339 bytes\t TransferDuration: 45.84329700014678 ms\n",
        "ingestionTime": 1740762978371,
        "eventId": "38820311437581259026804203105629345442261447902458413061"
    },
    {
        "logStreamName": "2025/02/28/[$LATEST]8595e02feade4ec09d5388934e45eb59",
        "timestamp": 1740762969667,
        "message": "PRODUCED_FILES_INFO RequestId: 46a1d18b-5024-4d30-b049-1fc2fea08f1f\t FilesCount: 1 files\t FilesSize: 339 bytes\t TransferDuration: 45.84329700014678 ms\t Provider: aws_lambda\t  ProducedFiles: ['tree_ORTHOMCL1.nexus']\n",
        "ingestionTime": 1740762978371,
        "eventId": "38820311437581259026804203105629345442261447902458413062"
    },
    {
        "logStreamName": "2025/02/28/[$LATEST]8595e02feade4ec09d5388934e45eb59",
        "timestamp": 1740762969668,
        "message": "END RequestId: 46a1d18b-5024-4d30-b049-1fc2fea08f1f\n",
        "ingestionTime": 1740762978371,
        "eventId": "38820311437603559772002733728770881160534096263964393479"
    },
    {
        "logStreamName": "2025/02/28/[$LATEST]8595e02feade4ec09d5388934e45eb59",
        "timestamp": 1740762969668,
        "message": "REPORT RequestId: 46a1d18b-5024-4d30-b049-1fc2fea08f1f\tDuration: 321.71 ms\tBilled Duration: 322 ms\tMemory Size: 256 MB\tMax Memory Used: 112 MB\t\n",
        "ingestionTime": 1740762978371,
        "eventId": "38820311437603559772002733728770881160534096263964393480"
    },
    {
        "logStreamName": "2025/02/28/[$LATEST]8595e02feade4ec09d5388934e45eb59",
        "timestamp": 1740762969848,
        "message": "START RequestId: 38482373-5391-472d-a057-92f350d4eb62 Version: $LATEST\n",
        "ingestionTime": 1740762978371,
        "eventId": "38820311441617693907738245894247310449610801335040868361"
    },
    {
        "logStreamName": "2025/02/28/[$LATEST]8595e02feade4ec09d5388934e45eb59",
        "timestamp": 1740762969968,
        "message": "FILE_TRANSFER RequestId: 38482373-5391-472d-a057-92f350d4eb62\t TransferType: consumed\t Action: download_from_s3\t FileName: ORTHOMCL256\t Bucket: denethor\t FilePath: data/full_dataset/ORTHOMCL256\t LocalFilePath: /tmp/input/ORTHOMCL256\t FileSize: 2666 bytes\t TransferDuration: 119.7865770000135 ms\n",
        "ingestionTime": 1740762978371,
        "eventId": "38820311444293783331561920671231596642328604715758518282"
    },
    {
        "logStreamName": "2025/02/28/[$LATEST]8595e02feade4ec09d5388934e45eb59",
        "timestamp": 1740762969969,
        "message": "CONSUMED_FILES_INFO RequestId: 38482373-5391-472d-a057-92f350d4eb62\t FilesCount: 1 files\t FilesSize: 2666 bytes\t TransferDuration: 119.7865770000135 ms\t ConsumedFiles: ['ORTHOMCL256']\n",
        "ingestionTime": 1740762978371,
        "eventId": "38820311444316084076760451294373132360601253077264498699"
    },
    {
        "logStreamName": "2025/02/28/[$LATEST]8595e02feade4ec09d5388934e45eb59",
        "timestamp": 1740762970242,
        "message": "[INFO]\t2025-02-28T17:16:10.242Z\t38482373-5391-472d-a057-92f350d4eb62\tTREE_CONSTRUCTOR RequestId: 38482373-5391-472d-a057-92f350d4eb62\t Duration: 273.1176689999302 ms\t InputFile:ORTHOMCL256\t OutputFile:['tree_ORTHOMCL256.nexus']\n",
        "ingestionTime": 1740762978371,
        "eventId": "38820311450404187515959311412012383449034255768397152268"
    },
    {
        "logStreamName": "2025/02/28/[$LATEST]8595e02feade4ec09d5388934e45eb59",
        "timestamp": 1740762970242,
        "message": "[INFO] 2025-02-28T17:16:10GMT TREE_CONSTRUCTOR RequestId: 38482373-5391-472d-a057-92f350d4eb62\t Duration: 273.1176689999302 ms\t InputFile:ORTHOMCL256\t OutputFile:['tree_ORTHOMCL256.nexus']\n",
        "ingestionTime": 1740762978371,
        "eventId": "38820311450404187515959311412012383449034255768397152269"
    },
    {
        "logStreamName": "2025/02/28/[$LATEST]8595e02feade4ec09d5388934e45eb59",
        "timestamp": 1740762970389,
        "message": "FILE_TRANSFER RequestId: 38482373-5391-472d-a057-92f350d4eb62\t TransferType: produced\t Action: upload_to_s3\t FileName: tree_ORTHOMCL256.nexus\t Bucket: denethor\t FilePath: tree/tree_ORTHOMCL256.nexus\t LocalFilePath: /tmp/tree/tree_ORTHOMCL256.nexus\t FileSize: 640 bytes\t TransferDuration: 46.77068499995585 ms\n",
        "ingestionTime": 1740762978371,
        "eventId": "38820311453682397060143313013818134035113564909776273422"
    },
    {
        "logStreamName": "2025/02/28/[$LATEST]8595e02feade4ec09d5388934e45eb59",
        "timestamp": 1740762970389,
        "message": "PRODUCED_FILES_INFO RequestId: 38482373-5391-472d-a057-92f350d4eb62\t FilesCount: 1 files\t FilesSize: 640 bytes\t TransferDuration: 46.77068499995585 ms\t Provider: aws_lambda\t  ProducedFiles: ['tree_ORTHOMCL256.nexus']\n",
        "ingestionTime": 1740762978371,
        "eventId": "38820311453682397060143313013818134035113564909776273423"
    },
    {
        "logStreamName": "2025/02/28/[$LATEST]8595e02feade4ec09d5388934e45eb59",
        "timestamp": 1740762970390,
        "message": "END RequestId: 38482373-5391-472d-a057-92f350d4eb62\n",
        "ingestionTime": 1740762978371,
        "eventId": "38820311453704697805341843636959669753386213271282253840"
    },
    {
        "logStreamName": "2025/02/28/[$LATEST]8595e02feade4ec09d5388934e45eb59",
        "timestamp": 1740762970390,
        "message": "REPORT RequestId: 38482373-5391-472d-a057-92f350d4eb62\tDuration: 541.89 ms\tBilled Duration: 542 ms\tMemory Size: 256 MB\tMax Memory Used: 112 MB\t\n",
        "ingestionTime": 1740762978371,
        "eventId": "38820311453704697805341843636959669753386213271282253841"
    }
]