[
    {
        "logStreamName": "2025/03/05/[$LATEST]439bb066af47464b9e26d63e6bc04fe4",
        "timestamp": 1741209203356,
        "message": "START RequestId: b15488f6-dca0-45e6-9521-0de5467eeb7c Version: $LATEST\n",
        "ingestionTime": 1741209212378,
        "eventId": "38830262781378648384148658822132241514450900877609336832"
    },
    {
        "logStreamName": "2025/03/05/[$LATEST]439bb066af47464b9e26d63e6bc04fe4",
        "timestamp": 1741209203499,
        "message": "FILE_TRANSFER RequestId: b15488f6-dca0-45e6-9521-0de5467eeb7c\t TransferType: consumed\t Action: download_from_s3\t FileName: ORTHOMCL1\t Bucket: denethor\t FilePath: data/full_dataset/ORTHOMCL1\t LocalFilePath: /tmp/input/ORTHOMCL1\t FileSize: 1662 bytes\t TransferDuration: 142.5293199999942 ms\n",
        "ingestionTime": 1741209212378,
        "eventId": "38830262784567654947538537931371849227439616572964536321"
    },
    {
        "logStreamName": "2025/03/05/[$LATEST]439bb066af47464b9e26d63e6bc04fe4",
        "timestamp": 1741209203499,
        "message": "CONSUMED_FILES_INFO RequestId: b15488f6-dca0-45e6-9521-0de5467eeb7c\t FilesCount: 1 files\t FilesSize: 1662 bytes\t TransferDuration: 142.5293199999942 ms\t ConsumedFiles: ['ORTHOMCL1']\n",
        "ingestionTime": 1741209212378,
        "eventId": "38830262784567654947538537931371849227439616572964536322"
    },
    {
        "logStreamName": "2025/03/05/[$LATEST]439bb066af47464b9e26d63e6bc04fe4",
        "timestamp": 1741209203547,
        "message": "[INFO]\t2025-03-05T21:13:23.546Z\tb15488f6-dca0-45e6-9521-0de5467eeb7c\tTREE_CONSTRUCTOR RequestId: b15488f6-dca0-45e6-9521-0de5467eeb7c\t Duration: 46.9035559999611 ms\t InputFile:ORTHOMCL1\t OutputFile:['tree_ORTHOMCL1.nexus']\n",
        "ingestionTime": 1741209212378,
        "eventId": "38830262785638090717068007842165563704526737925251596291"
    },
    {
        "logStreamName": "2025/03/05/[$LATEST]439bb066af47464b9e26d63e6bc04fe4",
        "timestamp": 1741209203547,
        "message": "[INFO] 2025-03-05T21:13:23GMT TREE_CONSTRUCTOR RequestId: b15488f6-dca0-45e6-9521-0de5467eeb7c\t Duration: 46.9035559999611 ms\t InputFile:ORTHOMCL1\t OutputFile:['tree_ORTHOMCL1.nexus']\n",
        "ingestionTime": 1741209212378,
        "eventId": "38830262785638090717068007842165563704526737925251596292"
    },
    {
        "logStreamName": "2025/03/05/[$LATEST]439bb066af47464b9e26d63e6bc04fe4",
        "timestamp": 1741209203696,
        "message": "FILE_TRANSFER RequestId: b15488f6-dca0-45e6-9521-0de5467eeb7c\t TransferType: produced\t Action: upload_to_s3\t FileName: tree_ORTHOMCL1.nexus\t Bucket: denethor\t FilePath: tree/tree_ORTHOMCL1.nexus\t LocalFilePath: /tmp/tree/tree_ORTHOMCL1.nexus\t FileSize: 339 bytes\t TransferDuration: 49.11200900005497 ms\n",
        "ingestionTime": 1741209212378,
        "eventId": "38830262788960901751649070690254385727151343789642678277"
    },
    {
        "logStreamName": "2025/03/05/[$LATEST]439bb066af47464b9e26d63e6bc04fe4",
        "timestamp": 1741209203696,
        "message": "PRODUCED_FILES_INFO RequestId: b15488f6-dca0-45e6-9521-0de5467eeb7c\t FilesCount: 1 files\t FilesSize: 339 bytes\t TransferDuration: 49.11200900005497 ms\t Provider: aws_lambda\t  ProducedFiles: ['tree_ORTHOMCL1.nexus']\n",
        "ingestionTime": 1741209212378,
        "eventId": "38830262788960901751649070690254385727151343789642678278"
    },
    {
        "logStreamName": "2025/03/05/[$LATEST]439bb066af47464b9e26d63e6bc04fe4",
        "timestamp": 1741209203697,
        "message": "END RequestId: b15488f6-dca0-45e6-9521-0de5467eeb7c\n",
        "ingestionTime": 1741209212378,
        "eventId": "38830262788983202496847601313395921445423992151148658695"
    },
    {
        "logStreamName": "2025/03/05/[$LATEST]439bb066af47464b9e26d63e6bc04fe4",
        "timestamp": 1741209203697,
        "message": "REPORT RequestId: b15488f6-dca0-45e6-9521-0de5467eeb7c\tDuration: 341.02 ms\tBilled Duration: 342 ms\tMemory Size: 256 MB\tMax Memory Used: 112 MB\t\n",
        "ingestionTime": 1741209212378,
        "eventId": "38830262788983202496847601313395921445423992151148658696"
    },
    {
        "logStreamName": "2025/03/05/[$LATEST]439bb066af47464b9e26d63e6bc04fe4",
        "timestamp": 1741209203849,
        "message": "START RequestId: 56ace852-1213-4749-805d-270d6ddb8708 Version: $LATEST\n",
        "ingestionTime": 1741209212378,
        "eventId": "38830262792372915767024256030909350622866543100057681929"
    },
    {
        "logStreamName": "2025/03/05/[$LATEST]439bb066af47464b9e26d63e6bc04fe4",
        "timestamp": 1741209203914,
        "message": "FILE_TRANSFER RequestId: 56ace852-1213-4749-805d-270d6ddb8708\t TransferType: consumed\t Action: download_from_s3\t FileName: ORTHOMCL256\t Bucket: denethor\t FilePath: data/full_dataset/ORTHOMCL256\t LocalFilePath: /tmp/input/ORTHOMCL256\t FileSize: 2666 bytes\t TransferDuration: 65.35478799992234 ms\n",
        "ingestionTime": 1741209212378,
        "eventId": "38830262793822464204928746535109172310588686597946408970"
    },
    {
        "logStreamName": "2025/03/05/[$LATEST]439bb066af47464b9e26d63e6bc04fe4",
        "timestamp": 1741209203914,
        "message": "CONSUMED_FILES_INFO RequestId: 56ace852-1213-4749-805d-270d6ddb8708\t FilesCount: 1 files\t FilesSize: 2666 bytes\t TransferDuration: 65.35478799992234 ms\t ConsumedFiles: ['ORTHOMCL256']\n",
        "ingestionTime": 1741209212378,
        "eventId": "38830262793822464204928746535109172310588686597946408971"
    },
    {
        "logStreamName": "2025/03/05/[$LATEST]439bb066af47464b9e26d63e6bc04fe4",
        "timestamp": 1741209204168,
        "message": "[INFO]\t2025-03-05T21:13:24.168Z\t56ace852-1213-4749-805d-270d6ddb8708\tTREE_CONSTRUCTOR RequestId: 56ace852-1213-4749-805d-270d6ddb8708\t Duration: 253.2556870000917 ms\t InputFile:ORTHOMCL256\t OutputFile:['tree_ORTHOMCL256.nexus']\n",
        "ingestionTime": 1741209212378,
        "eventId": "38830262799486853485355524813059244751841370420465434636"
    },
    {
        "logStreamName": "2025/03/05/[$LATEST]439bb066af47464b9e26d63e6bc04fe4",
        "timestamp": 1741209204168,
        "message": "[INFO] 2025-03-05T21:13:24GMT TREE_CONSTRUCTOR RequestId: 56ace852-1213-4749-805d-270d6ddb8708\t Duration: 253.2556870000917 ms\t InputFile:ORTHOMCL256\t OutputFile:['tree_ORTHOMCL256.nexus']\n",
        "ingestionTime": 1741209212378,
        "eventId": "38830262799486853485355524813059244751841370420465434637"
    },
    {
        "logStreamName": "2025/03/05/[$LATEST]439bb066af47464b9e26d63e6bc04fe4",
        "timestamp": 1741209204326,
        "message": "FILE_TRANSFER RequestId: 56ace852-1213-4749-805d-270d6ddb8708\t TransferType: produced\t Action: upload_to_s3\t FileName: tree_ORTHOMCL256.nexus\t Bucket: denethor\t FilePath: tree/tree_ORTHOMCL256.nexus\t LocalFilePath: /tmp/tree/tree_ORTHOMCL256.nexus\t FileSize: 640 bytes\t TransferDuration: 57.1454729999914 ms\n",
        "ingestionTime": 1741209212378,
        "eventId": "38830262803010371226723363269421888238919811538410340366"
    },
    {
        "logStreamName": "2025/03/05/[$LATEST]439bb066af47464b9e26d63e6bc04fe4",
        "timestamp": 1741209204326,
        "message": "PRODUCED_FILES_INFO RequestId: 56ace852-1213-4749-805d-270d6ddb8708\t FilesCount: 1 files\t FilesSize: 640 bytes\t TransferDuration: 57.1454729999914 ms\t Provider: aws_lambda\t  ProducedFiles: ['tree_ORTHOMCL256.nexus']\n",
        "ingestionTime": 1741209212378,
        "eventId": "38830262803010371226723363269421888238919811538410340367"
    },
    {
        "logStreamName": "2025/03/05/[$LATEST]439bb066af47464b9e26d63e6bc04fe4",
        "timestamp": 1741209204327,
        "message": "END RequestId: 56ace852-1213-4749-805d-270d6ddb8708\n",
        "ingestionTime": 1741209212378,
        "eventId": "38830262803032671971921893892563423957192459899916320784"
    },
    {
        "logStreamName": "2025/03/05/[$LATEST]439bb066af47464b9e26d63e6bc04fe4",
        "timestamp": 1741209204327,
        "message": "REPORT RequestId: 56ace852-1213-4749-805d-270d6ddb8708\tDuration: 477.96 ms\tBilled Duration: 478 ms\tMemory Size: 256 MB\tMax Memory Used: 112 MB\t\n",
        "ingestionTime": 1741209212378,
        "eventId": "38830262803032671971921893892563423957192459899916320785"
    }
]