[
    {
        "logStreamName": "2024/11/01/[$LATEST]3d35a14a91014f1ea44a045701b390fb",
        "timestamp": 1730480019735,
        "message": "START RequestId: b1c71285-4258-43f4-a91a-16efeb063b48 Version: $LATEST\n",
        "ingestionTime": 1730480028751,
        "eventId": "38590993991258479229058599441744690090745906067987300352"
    },
    {
        "logStreamName": "2024/11/01/[$LATEST]3d35a14a91014f1ea44a045701b390fb",
        "timestamp": 1730480019736,
        "message": "[INFO]\t2024-11-01T16:53:39.736Z\tb1c71285-4258-43f4-a91a-16efeb063b48\t[ENV_INFO] env_name: aws_lambda | current_time: 2024-11-01T16:53:39.735984+00:00 | pwd: /var/task\n",
        "ingestionTime": 1730480028751,
        "eventId": "38590993991280779974257130064886225809018554429493280769"
    },
    {
        "logStreamName": "2024/11/01/[$LATEST]3d35a14a91014f1ea44a045701b390fb",
        "timestamp": 1730480019736,
        "message": "[INFO] 2024-11-01T16:53:39GMT [ENV_INFO] env_name: aws_lambda | current_time: 2024-11-01T16:53:39.735984+00:00 | pwd: /var/task\n",
        "ingestionTime": 1730480028751,
        "eventId": "38590993991280779974257130064886225809018554429493280770"
    },
    {
        "logStreamName": "2024/11/01/[$LATEST]3d35a14a91014f1ea44a045701b390fb",
        "timestamp": 1730480019736,
        "message": "[INFO] 2024-11-01T16:53:39GMT [ENV_INFO] env_name: aws_lambda\n",
        "ingestionTime": 1730480028751,
        "eventId": "38590993991280779974257130064886225809018554429493280771"
    },
    {
        "logStreamName": "2024/11/01/[$LATEST]3d35a14a91014f1ea44a045701b390fb",
        "timestamp": 1730480019736,
        "message": "[INFO]\t2024-11-01T16:53:39.736Z\tb1c71285-4258-43f4-a91a-16efeb063b48\t[ENV_INFO] env_name: aws_lambda\n",
        "ingestionTime": 1730480028751,
        "eventId": "38590993991280779974257130064886225809018554429493280772"
    },
    {
        "logStreamName": "2024/11/01/[$LATEST]3d35a14a91014f1ea44a045701b390fb",
        "timestamp": 1730480019736,
        "message": "[INFO] 2024-11-01T16:53:39GMT [ENV_INFO] data_format: nexus\n",
        "ingestionTime": 1730480028751,
        "eventId": "38590993991280779974257130064886225809018554429493280773"
    },
    {
        "logStreamName": "2024/11/01/[$LATEST]3d35a14a91014f1ea44a045701b390fb",
        "timestamp": 1730480019736,
        "message": "[INFO]\t2024-11-01T16:53:39.736Z\tb1c71285-4258-43f4-a91a-16efeb063b48\t[ENV_INFO] data_format: nexus\n",
        "ingestionTime": 1730480028751,
        "eventId": "38590993991280779974257130064886225809018554429493280774"
    },
    {
        "logStreamName": "2024/11/01/[$LATEST]3d35a14a91014f1ea44a045701b390fb",
        "timestamp": 1730480019736,
        "message": "[INFO] 2024-11-01T16:53:39GMT [ENV_INFO] path_config: {'input_file': '/tmp/input', 'tmp': '/tmp', 'tree': '/tmp/tree', 'subtree': '/tmp/subtree', 'mafdb': '/tmp/mafdb', 'clustalw': '/opt/python/clustalw-2.1-linux'}\n",
        "ingestionTime": 1730480028751,
        "eventId": "38590993991280779974257130064886225809018554429493280775"
    },
    {
        "logStreamName": "2024/11/01/[$LATEST]3d35a14a91014f1ea44a045701b390fb",
        "timestamp": 1730480019736,
        "message": "[INFO]\t2024-11-01T16:53:39.736Z\tb1c71285-4258-43f4-a91a-16efeb063b48\t[ENV_INFO] path_config: {'input_file': '/tmp/input', 'tmp': '/tmp', 'tree': '/tmp/tree', 'subtree': '/tmp/subtree', 'mafdb': '/tmp/mafdb', 'clustalw': '/opt/python/clustalw-2.1-linux'}\n",
        "ingestionTime": 1730480028751,
        "eventId": "38590993991280779974257130064886225809018554429493280776"
    },
    {
        "logStreamName": "2024/11/01/[$LATEST]3d35a14a91014f1ea44a045701b390fb",
        "timestamp": 1730480019736,
        "message": "[INFO] 2024-11-01T16:53:39GMT [ENV_INFO] bucket_config: {'bucket_name': 'denethor', 'key_input_files': 'data/full_dataset', 'key_tree_files': 'tree', 'key_subtree_files': 'subtree', 'key_mafdb_files': 'mafdb'}\n",
        "ingestionTime": 1730480028751,
        "eventId": "38590993991280779974257130064886225809018554429493280777"
    },
    {
        "logStreamName": "2024/11/01/[$LATEST]3d35a14a91014f1ea44a045701b390fb",
        "timestamp": 1730480019736,
        "message": "[INFO]\t2024-11-01T16:53:39.736Z\tb1c71285-4258-43f4-a91a-16efeb063b48\t[ENV_INFO] bucket_config: {'bucket_name': 'denethor', 'key_input_files': 'data/full_dataset', 'key_tree_files': 'tree', 'key_subtree_files': 'subtree', 'key_mafdb_files': 'mafdb'}\n",
        "ingestionTime": 1730480028751,
        "eventId": "38590993991280779974257130064886225809018554429493280778"
    },
    {
        "logStreamName": "2024/11/01/[$LATEST]3d35a14a91014f1ea44a045701b390fb",
        "timestamp": 1730480019736,
        "message": "[INFO] 2024-11-01T16:53:39GMT [ENV_INFO] log_config: {'output_type': 'stdout', 'path': 'resources/logs/aws', 'file_name': 'log_[execution_id]_[activity_name].log'}\n",
        "ingestionTime": 1730480028751,
        "eventId": "38590993991280779974257130064886225809018554429493280779"
    },
    {
        "logStreamName": "2024/11/01/[$LATEST]3d35a14a91014f1ea44a045701b390fb",
        "timestamp": 1730480019736,
        "message": "[INFO]\t2024-11-01T16:53:39.736Z\tb1c71285-4258-43f4-a91a-16efeb063b48\t[ENV_INFO] log_config: {'output_type': 'stdout', 'path': 'resources/logs/aws', 'file_name': 'log_[execution_id]_[activity_name].log'}\n",
        "ingestionTime": 1730480028751,
        "eventId": "38590993991280779974257130064886225809018554429493280780"
    },
    {
        "logStreamName": "2024/11/01/[$LATEST]3d35a14a91014f1ea44a045701b390fb",
        "timestamp": 1730480019958,
        "message": "FILE_TRANSFER RequestId: b1c71285-4258-43f4-a91a-16efeb063b48\t TransferType: consumed\t FileName: tree_ORTHOMCL1.nexus\t Bucket: denethor\t FilePath: tree/tree_ORTHOMCL1.nexus\t LocalFilePath: /tmp/tree/tree_ORTHOMCL1.nexus\t FileSize: 339 bytes\t TransferDuration: 222.1722880000243 ms\n",
        "ingestionTime": 1730480028751,
        "eventId": "38590993996231545408330928402307155265546490683820933133"
    },
    {
        "logStreamName": "2024/11/01/[$LATEST]3d35a14a91014f1ea44a045701b390fb",
        "timestamp": 1730480019960,
        "message": "CONSUMED_FILES_INFO RequestId: b1c71285-4258-43f4-a91a-16efeb063b48\t FilesCount: 1 files\t FilesSize: 339 bytes\t TransferDuration: 222.1722880000243 ms\t ConsumedFiles: ['tree_ORTHOMCL1.nexus']\n",
        "ingestionTime": 1730480028751,
        "eventId": "38590993996276146898727989648590226702091787406832893966"
    },
    {
        "logStreamName": "2024/11/01/[$LATEST]3d35a14a91014f1ea44a045701b390fb",
        "timestamp": 1730480019960,
        "message": "Reading tree file tree_ORTHOMCL1.nexus\n",
        "ingestionTime": 1730480028751,
        "eventId": "38590993996276146898727989648590226702091787406832893967"
    },
    {
        "logStreamName": "2024/11/01/[$LATEST]3d35a14a91014f1ea44a045701b390fb",
        "timestamp": 1730480019962,
        "message": "Subtree file tree_ORTHOMCL1_Inner3.nexus was created!\n",
        "ingestionTime": 1730480028751,
        "eventId": "38590993996320748389125050894873298138637084129844854800"
    },
    {
        "logStreamName": "2024/11/01/[$LATEST]3d35a14a91014f1ea44a045701b390fb",
        "timestamp": 1730480019962,
        "message": "Subtree file tree_ORTHOMCL1_Inner2.nexus was created!\n",
        "ingestionTime": 1730480028751,
        "eventId": "38590993996320748389125050894873298138637084129844854801"
    },
    {
        "logStreamName": "2024/11/01/[$LATEST]3d35a14a91014f1ea44a045701b390fb",
        "timestamp": 1730480019978,
        "message": "Subtree file tree_ORTHOMCL1_Inner1.nexus was created!\n",
        "ingestionTime": 1730480028751,
        "eventId": "38590993996677560312301540865137869630999457913940541458"
    },
    {
        "logStreamName": "2024/11/01/[$LATEST]3d35a14a91014f1ea44a045701b390fb",
        "timestamp": 1730480019978,
        "message": "Tempo de construção dos arquivos de subárvores de ['tree_ORTHOMCL1.nexus']: 18.40679499991893 milissegundos\n",
        "ingestionTime": 1730480028751,
        "eventId": "38590993996677560312301540865137869630999457913940541459"
    },
    {
        "logStreamName": "2024/11/01/[$LATEST]3d35a14a91014f1ea44a045701b390fb",
        "timestamp": 1730480019978,
        "message": "[INFO] 2024-11-01T16:53:39GMT SUBTREE_CONSTRUCTOR RequestId: b1c71285-4258-43f4-a91a-16efeb063b48\t Duration: 18.40679499991893 ms\t InputTree: ['tree_ORTHOMCL1.nexus']\t OutputSubtrees: ['tree_ORTHOMCL1_Inner1.nexus', 'tree_ORTHOMCL1_Inner2.nexus', 'tree_ORTHOMCL1_Inner3.nexus']\n",
        "ingestionTime": 1730480028751,
        "eventId": "38590993996677560312301540865137869630999457913940541460"
    },
    {
        "logStreamName": "2024/11/01/[$LATEST]3d35a14a91014f1ea44a045701b390fb",
        "timestamp": 1730480019979,
        "message": "[INFO]\t2024-11-01T16:53:39.978Z\tb1c71285-4258-43f4-a91a-16efeb063b48\tSUBTREE_CONSTRUCTOR RequestId: b1c71285-4258-43f4-a91a-16efeb063b48\t Duration: 18.40679499991893 ms\t InputTree: ['tree_ORTHOMCL1.nexus']\t OutputSubtrees: ['tree_ORTHOMCL1_Inner1.nexus', 'tree_ORTHOMCL1_Inner2.nexus', 'tree_ORTHOMCL1_Inner3.nexus']\n",
        "ingestionTime": 1730480028751,
        "eventId": "38590993996699861057500071488279405349272106275446521877"
    },
    {
        "logStreamName": "2024/11/01/[$LATEST]3d35a14a91014f1ea44a045701b390fb",
        "timestamp": 1730480020257,
        "message": "FILE_TRANSFER RequestId: b1c71285-4258-43f4-a91a-16efeb063b48\t TransferType: produced\t FileName: tree_ORTHOMCL1_Inner1.nexus\t Bucket: denethor\t FilePath: subtree/tree_ORTHOMCL1_Inner1.nexus\t LocalFilePath: /tmp/subtree/tree_ORTHOMCL1_Inner1.nexus\t FileSize: 185 bytes\t TransferDuration: 177.68966800008457 ms\n",
        "ingestionTime": 1730480028751,
        "eventId": "38590994002899468222691584721626335029068350774109077526"
    },
    {
        "logStreamName": "2024/11/01/[$LATEST]3d35a14a91014f1ea44a045701b390fb",
        "timestamp": 1730480020441,
        "message": "FILE_TRANSFER RequestId: b1c71285-4258-43f4-a91a-16efeb063b48\t TransferType: produced\t FileName: tree_ORTHOMCL1_Inner2.nexus\t Bucket: denethor\t FilePath: subtree/tree_ORTHOMCL1_Inner2.nexus\t LocalFilePath: /tmp/subtree/tree_ORTHOMCL1_Inner2.nexus\t FileSize: 185 bytes\t TransferDuration: 183.55322699994758 ms\n",
        "ingestionTime": 1730480028751,
        "eventId": "38590994007002805339221219379668907191235649291209474071"
    },
    {
        "logStreamName": "2024/11/01/[$LATEST]3d35a14a91014f1ea44a045701b390fb",
        "timestamp": 1730480020650,
        "message": "FILE_TRANSFER RequestId: b1c71285-4258-43f4-a91a-16efeb063b48\t TransferType: produced\t FileName: tree_ORTHOMCL1_Inner3.nexus\t Bucket: denethor\t FilePath: subtree/tree_ORTHOMCL1_Inner3.nexus\t LocalFilePath: /tmp/subtree/tree_ORTHOMCL1_Inner3.nexus\t FileSize: 339 bytes\t TransferDuration: 207.13446999991447 ms\n",
        "ingestionTime": 1730480028751,
        "eventId": "38590994011663661085714119616249872310219156845959381016"
    },
    {
        "logStreamName": "2024/11/01/[$LATEST]3d35a14a91014f1ea44a045701b390fb",
        "timestamp": 1730480020651,
        "message": "PRODUCED_FILES_INFO RequestId: b1c71285-4258-43f4-a91a-16efeb063b48\t FilesCount: 3 files\t FilesSize: 709 bytes\t TransferDuration: 568.3773649999466 ms\t ProducedFiles: ['tree_ORTHOMCL1_Inner1.nexus', 'tree_ORTHOMCL1_Inner2.nexus', 'tree_ORTHOMCL1_Inner3.nexus']\n",
        "ingestionTime": 1730480028751,
        "eventId": "38590994011685961830912650239391408028491805207465361433"
    },
    {
        "logStreamName": "2024/11/01/[$LATEST]3d35a14a91014f1ea44a045701b390fb",
        "timestamp": 1730480020658,
        "message": "END RequestId: b1c71285-4258-43f4-a91a-16efeb063b48\n",
        "ingestionTime": 1730480028751,
        "eventId": "38590994011842067047302364601382158056400343738007224346"
    },
    {
        "logStreamName": "2024/11/01/[$LATEST]3d35a14a91014f1ea44a045701b390fb",
        "timestamp": 1730480020658,
        "message": "REPORT RequestId: b1c71285-4258-43f4-a91a-16efeb063b48\tDuration: 923.59 ms\tBilled Duration: 924 ms\tMemory Size: 256 MB\tMax Memory Used: 115 MB\t\n",
        "ingestionTime": 1730480028751,
        "eventId": "38590994011842067047302364601382158056400343738007224347"
    },
    {
        "logStreamName": "2024/11/01/[$LATEST]3d35a14a91014f1ea44a045701b390fb",
        "timestamp": 1730480020777,
        "message": "START RequestId: 4980ac45-01b9-4360-b07d-fab95d90767b Version: $LATEST\n",
        "ingestionTime": 1730480028751,
        "eventId": "38590994014495855725927508755224908530845498757218893852"
    },
    {
        "logStreamName": "2024/11/01/[$LATEST]3d35a14a91014f1ea44a045701b390fb",
        "timestamp": 1730480020777,
        "message": "[INFO] 2024-11-01T16:53:40GMT [ENV_INFO] env_name: aws_lambda | current_time: 2024-11-01T16:53:40.777756+00:00 | pwd: /var/task\n",
        "ingestionTime": 1730480028751,
        "eventId": "38590994014495855725927508755224908530845498757218893853"
    },
    {
        "logStreamName": "2024/11/01/[$LATEST]3d35a14a91014f1ea44a045701b390fb",
        "timestamp": 1730480020777,
        "message": "[INFO]\t2024-11-01T16:53:40.777Z\t4980ac45-01b9-4360-b07d-fab95d90767b\t[ENV_INFO] env_name: aws_lambda | current_time: 2024-11-01T16:53:40.777756+00:00 | pwd: /var/task\n",
        "ingestionTime": 1730480028751,
        "eventId": "38590994014495855725927508755224908530845498757218893854"
    },
    {
        "logStreamName": "2024/11/01/[$LATEST]3d35a14a91014f1ea44a045701b390fb",
        "timestamp": 1730480020778,
        "message": "[INFO] 2024-11-01T16:53:40GMT [ENV_INFO] env_name: aws_lambda\n",
        "ingestionTime": 1730480028751,
        "eventId": "38590994014518156471126039378366444249118147118724874271"
    },
    {
        "logStreamName": "2024/11/01/[$LATEST]3d35a14a91014f1ea44a045701b390fb",
        "timestamp": 1730480020778,
        "message": "[INFO]\t2024-11-01T16:53:40.778Z\t4980ac45-01b9-4360-b07d-fab95d90767b\t[ENV_INFO] env_name: aws_lambda\n",
        "ingestionTime": 1730480028751,
        "eventId": "38590994014518156471126039378366444249118147118724874272"
    },
    {
        "logStreamName": "2024/11/01/[$LATEST]3d35a14a91014f1ea44a045701b390fb",
        "timestamp": 1730480020778,
        "message": "[INFO] 2024-11-01T16:53:40GMT [ENV_INFO] data_format: nexus\n",
        "ingestionTime": 1730480028751,
        "eventId": "38590994014518156471126039378366444249118147118724874273"
    },
    {
        "logStreamName": "2024/11/01/[$LATEST]3d35a14a91014f1ea44a045701b390fb",
        "timestamp": 1730480020778,
        "message": "[INFO]\t2024-11-01T16:53:40.778Z\t4980ac45-01b9-4360-b07d-fab95d90767b\t[ENV_INFO] data_format: nexus\n",
        "ingestionTime": 1730480028751,
        "eventId": "38590994014518156471126039378366444249118147118724874274"
    },
    {
        "logStreamName": "2024/11/01/[$LATEST]3d35a14a91014f1ea44a045701b390fb",
        "timestamp": 1730480020778,
        "message": "[INFO] 2024-11-01T16:53:40GMT [ENV_INFO] path_config: {'input_file': '/tmp/input', 'tmp': '/tmp', 'tree': '/tmp/tree', 'subtree': '/tmp/subtree', 'mafdb': '/tmp/mafdb', 'clustalw': '/opt/python/clustalw-2.1-linux'}\n",
        "ingestionTime": 1730480028751,
        "eventId": "38590994014518156471126039378366444249118147118724874275"
    },
    {
        "logStreamName": "2024/11/01/[$LATEST]3d35a14a91014f1ea44a045701b390fb",
        "timestamp": 1730480020778,
        "message": "[INFO]\t2024-11-01T16:53:40.778Z\t4980ac45-01b9-4360-b07d-fab95d90767b\t[ENV_INFO] path_config: {'input_file': '/tmp/input', 'tmp': '/tmp', 'tree': '/tmp/tree', 'subtree': '/tmp/subtree', 'mafdb': '/tmp/mafdb', 'clustalw': '/opt/python/clustalw-2.1-linux'}\n",
        "ingestionTime": 1730480028751,
        "eventId": "38590994014518156471126039378366444249118147118724874276"
    },
    {
        "logStreamName": "2024/11/01/[$LATEST]3d35a14a91014f1ea44a045701b390fb",
        "timestamp": 1730480020778,
        "message": "[INFO] 2024-11-01T16:53:40GMT [ENV_INFO] bucket_config: {'bucket_name': 'denethor', 'key_input_files': 'data/full_dataset', 'key_tree_files': 'tree', 'key_subtree_files': 'subtree', 'key_mafdb_files': 'mafdb'}\n",
        "ingestionTime": 1730480028751,
        "eventId": "38590994014518156471126039378366444249118147118724874277"
    },
    {
        "logStreamName": "2024/11/01/[$LATEST]3d35a14a91014f1ea44a045701b390fb",
        "timestamp": 1730480020778,
        "message": "[INFO]\t2024-11-01T16:53:40.778Z\t4980ac45-01b9-4360-b07d-fab95d90767b\t[ENV_INFO] bucket_config: {'bucket_name': 'denethor', 'key_input_files': 'data/full_dataset', 'key_tree_files': 'tree', 'key_subtree_files': 'subtree', 'key_mafdb_files': 'mafdb'}\n",
        "ingestionTime": 1730480028751,
        "eventId": "38590994014518156471126039378366444249118147118724874278"
    },
    {
        "logStreamName": "2024/11/01/[$LATEST]3d35a14a91014f1ea44a045701b390fb",
        "timestamp": 1730480020778,
        "message": "[INFO] 2024-11-01T16:53:40GMT [ENV_INFO] log_config: {'output_type': 'stdout', 'path': 'resources/logs/aws', 'file_name': 'log_[execution_id]_[activity_name].log'}\n",
        "ingestionTime": 1730480028751,
        "eventId": "38590994014518156471126039378366444249118147118724874279"
    },
    {
        "logStreamName": "2024/11/01/[$LATEST]3d35a14a91014f1ea44a045701b390fb",
        "timestamp": 1730480020778,
        "message": "[INFO]\t2024-11-01T16:53:40.778Z\t4980ac45-01b9-4360-b07d-fab95d90767b\t[ENV_INFO] log_config: {'output_type': 'stdout', 'path': 'resources/logs/aws', 'file_name': 'log_[execution_id]_[activity_name].log'}\n",
        "ingestionTime": 1730480028751,
        "eventId": "38590994014518156471126039378366444249118147118724874280"
    },
    {
        "logStreamName": "2024/11/01/[$LATEST]3d35a14a91014f1ea44a045701b390fb",
        "timestamp": 1730480021043,
        "message": "FILE_TRANSFER RequestId: 4980ac45-01b9-4360-b07d-fab95d90767b\t TransferType: consumed\t FileName: tree_ORTHOMCL256.nexus\t Bucket: denethor\t FilePath: tree/tree_ORTHOMCL256.nexus\t LocalFilePath: /tmp/tree/tree_ORTHOMCL256.nexus\t FileSize: 640 bytes\t TransferDuration: 264.9048069999935 ms\n",
        "ingestionTime": 1730480028751,
        "eventId": "38590994020427853948736654510873409591369962917809684521"
    },
    {
        "logStreamName": "2024/11/01/[$LATEST]3d35a14a91014f1ea44a045701b390fb",
        "timestamp": 1730480021044,
        "message": "CONSUMED_FILES_INFO RequestId: 4980ac45-01b9-4360-b07d-fab95d90767b\t FilesCount: 1 files\t FilesSize: 640 bytes\t TransferDuration: 264.9048069999935 ms\t ConsumedFiles: ['tree_ORTHOMCL256.nexus']\n",
        "ingestionTime": 1730480028751,
        "eventId": "38590994020450154693935185134014945309642611279315664938"
    },
    {
        "logStreamName": "2024/11/01/[$LATEST]3d35a14a91014f1ea44a045701b390fb",
        "timestamp": 1730480021044,
        "message": "Reading tree file tree_ORTHOMCL256.nexus\n",
        "ingestionTime": 1730480028751,
        "eventId": "38590994020450154693935185134014945309642611279315664939"
    },
    {
        "logStreamName": "2024/11/01/[$LATEST]3d35a14a91014f1ea44a045701b390fb",
        "timestamp": 1730480021059,
        "message": "Subtree file tree_ORTHOMCL256_Inner8.nexus was created!\n",
        "ingestionTime": 1730480028751,
        "eventId": "38590994020784665871913144481137981083732336701905371180"
    },
    {
        "logStreamName": "2024/11/01/[$LATEST]3d35a14a91014f1ea44a045701b390fb",
        "timestamp": 1730480021060,
        "message": "Subtree file tree_ORTHOMCL256_Inner7.nexus was created!\n",
        "ingestionTime": 1730480028751,
        "eventId": "38590994020806966617111675104279516802004985063411351597"
    },
    {
        "logStreamName": "2024/11/01/[$LATEST]3d35a14a91014f1ea44a045701b390fb",
        "timestamp": 1730480021060,
        "message": "Subtree file tree_ORTHOMCL256_Inner6.nexus was created!\n",
        "ingestionTime": 1730480028751,
        "eventId": "38590994020806966617111675104279516802004985063411351598"
    },
    {
        "logStreamName": "2024/11/01/[$LATEST]3d35a14a91014f1ea44a045701b390fb",
        "timestamp": 1730480021060,
        "message": "Subtree file tree_ORTHOMCL256_Inner5.nexus was created!\n",
        "ingestionTime": 1730480028751,
        "eventId": "38590994020806966617111675104279516802004985063411351599"
    },
    {
        "logStreamName": "2024/11/01/[$LATEST]3d35a14a91014f1ea44a045701b390fb",
        "timestamp": 1730480021060,
        "message": "Subtree file tree_ORTHOMCL256_Inner3.nexus was created!\n",
        "ingestionTime": 1730480028751,
        "eventId": "38590994020806966617111675104279516802004985063411351600"
    },
    {
        "logStreamName": "2024/11/01/[$LATEST]3d35a14a91014f1ea44a045701b390fb",
        "timestamp": 1730480021061,
        "message": "Subtree file tree_ORTHOMCL256_Inner2.nexus was created!\n",
        "ingestionTime": 1730480028751,
        "eventId": "38590994020829267362310205727421052520277633424917332017"
    },
    {
        "logStreamName": "2024/11/01/[$LATEST]3d35a14a91014f1ea44a045701b390fb",
        "timestamp": 1730480021061,
        "message": "Subtree file tree_ORTHOMCL256_Inner1.nexus was created!\n",
        "ingestionTime": 1730480028751,
        "eventId": "38590994020829267362310205727421052520277633424917332018"
    },
    {
        "logStreamName": "2024/11/01/[$LATEST]3d35a14a91014f1ea44a045701b390fb",
        "timestamp": 1730480021061,
        "message": "Subtree file tree_ORTHOMCL256_Inner4.nexus was created!\n",
        "ingestionTime": 1730480028751,
        "eventId": "38590994020829267362310205727421052520277633424917332019"
    },
    {
        "logStreamName": "2024/11/01/[$LATEST]3d35a14a91014f1ea44a045701b390fb",
        "timestamp": 1730480021061,
        "message": "Tempo de construção dos arquivos de subárvores de ['tree_ORTHOMCL256.nexus']: 16.728446000001895 milissegundos\n",
        "ingestionTime": 1730480028751,
        "eventId": "38590994020829267362310205727421052520277633424917332020"
    },
    {
        "logStreamName": "2024/11/01/[$LATEST]3d35a14a91014f1ea44a045701b390fb",
        "timestamp": 1730480021061,
        "message": "[INFO] 2024-11-01T16:53:41GMT SUBTREE_CONSTRUCTOR RequestId: 4980ac45-01b9-4360-b07d-fab95d90767b\t Duration: 16.728446000001895 ms\t InputTree: ['tree_ORTHOMCL256.nexus']\t OutputSubtrees: ['tree_ORTHOMCL256_Inner1.nexus', 'tree_ORTHOMCL256_Inner2.nexus', 'tree_ORTHOMCL256_Inner3.nexus', 'tree_ORTHOMCL256_Inner4.nexus', 'tree_ORTHOMCL256_Inner5.nexus', 'tree_ORTHOMCL256_Inner6.nexus', 'tree_ORTHOMCL256_Inner7.nexus', 'tree_ORTHOMCL256_Inner8.nexus']\n",
        "ingestionTime": 1730480028751,
        "eventId": "38590994020829267362310205727421052520277633424917332021"
    },
    {
        "logStreamName": "2024/11/01/[$LATEST]3d35a14a91014f1ea44a045701b390fb",
        "timestamp": 1730480021061,
        "message": "[INFO]\t2024-11-01T16:53:41.061Z\t4980ac45-01b9-4360-b07d-fab95d90767b\tSUBTREE_CONSTRUCTOR RequestId: 4980ac45-01b9-4360-b07d-fab95d90767b\t Duration: 16.728446000001895 ms\t InputTree: ['tree_ORTHOMCL256.nexus']\t OutputSubtrees: ['tree_ORTHOMCL256_Inner1.nexus', 'tree_ORTHOMCL256_Inner2.nexus', 'tree_ORTHOMCL256_Inner3.nexus', 'tree_ORTHOMCL256_Inner4.nexus', 'tree_ORTHOMCL256_Inner5.nexus', 'tree_ORTHOMCL256_Inner6.nexus', 'tree_ORTHOMCL256_Inner7.nexus', 'tree_ORTHOMCL256_Inner8.nexus']\n",
        "ingestionTime": 1730480028751,
        "eventId": "38590994020829267362310205727421052520277633424917332022"
    },
    {
        "logStreamName": "2024/11/01/[$LATEST]3d35a14a91014f1ea44a045701b390fb",
        "timestamp": 1730480021430,
        "message": "FILE_TRANSFER RequestId: 4980ac45-01b9-4360-b07d-fab95d90767b\t TransferType: produced\t FileName: tree_ORTHOMCL256_Inner1.nexus\t Bucket: denethor\t FilePath: subtree/tree_ORTHOMCL256_Inner1.nexus\t LocalFilePath: /tmp/subtree/tree_ORTHOMCL256_Inner1.nexus\t FileSize: 187 bytes\t TransferDuration: 268.12529500000437 ms\n",
        "ingestionTime": 1730480028751,
        "eventId": "38590994029058242340568005666647732562884878820624105527"
    },
    {
        "logStreamName": "2024/11/01/[$LATEST]3d35a14a91014f1ea44a045701b390fb",
        "timestamp": 1730480021618,
        "message": "FILE_TRANSFER RequestId: 4980ac45-01b9-4360-b07d-fab95d90767b\t TransferType: produced\t FileName: tree_ORTHOMCL256_Inner2.nexus\t Bucket: denethor\t FilePath: subtree/tree_ORTHOMCL256_Inner2.nexus\t LocalFilePath: /tmp/subtree/tree_ORTHOMCL256_Inner2.nexus\t FileSize: 245 bytes\t TransferDuration: 186.55754299993532 ms\n",
        "ingestionTime": 1730480028751,
        "eventId": "38590994033250782437891762817256447598142770783748423736"
    },
    {
        "logStreamName": "2024/11/01/[$LATEST]3d35a14a91014f1ea44a045701b390fb",
        "timestamp": 1730480021814,
        "message": "FILE_TRANSFER RequestId: 4980ac45-01b9-4360-b07d-fab95d90767b\t TransferType: produced\t FileName: tree_ORTHOMCL256_Inner3.nexus\t Bucket: denethor\t FilePath: subtree/tree_ORTHOMCL256_Inner3.nexus\t LocalFilePath: /tmp/subtree/tree_ORTHOMCL256_Inner3.nexus\t FileSize: 301 bytes\t TransferDuration: 195.22629900006905 ms\n",
        "ingestionTime": 1730480028751,
        "eventId": "38590994037621728496803764952997448379581849638920585273"
    },
    {
        "logStreamName": "2024/11/01/[$LATEST]3d35a14a91014f1ea44a045701b390fb",
        "timestamp": 1730480022029,
        "message": "FILE_TRANSFER RequestId: 4980ac45-01b9-4360-b07d-fab95d90767b\t TransferType: produced\t FileName: tree_ORTHOMCL256_Inner4.nexus\t Bucket: denethor\t FilePath: subtree/tree_ORTHOMCL256_Inner4.nexus\t LocalFilePath: /tmp/subtree/tree_ORTHOMCL256_Inner4.nexus\t FileSize: 191 bytes\t TransferDuration: 213.17141600002287 ms\n",
        "ingestionTime": 1730480028751,
        "eventId": "38590994042416388714487848928427627808201247362706374714"
    },
    {
        "logStreamName": "2024/11/01/[$LATEST]3d35a14a91014f1ea44a045701b390fb",
        "timestamp": 1730480022233,
        "message": "FILE_TRANSFER RequestId: 4980ac45-01b9-4360-b07d-fab95d90767b\t TransferType: produced\t FileName: tree_ORTHOMCL256_Inner5.nexus\t Bucket: denethor\t FilePath: subtree/tree_ORTHOMCL256_Inner5.nexus\t LocalFilePath: /tmp/subtree/tree_ORTHOMCL256_Inner5.nexus\t FileSize: 421 bytes\t TransferDuration: 203.32157600000755 ms\n",
        "ingestionTime": 1730480028751,
        "eventId": "38590994046965740734988096049300914335821513109926379579"
    },
    {
        "logStreamName": "2024/11/01/[$LATEST]3d35a14a91014f1ea44a045701b390fb",
        "timestamp": 1730480022421,
        "message": "FILE_TRANSFER RequestId: 4980ac45-01b9-4360-b07d-fab95d90767b\t TransferType: produced\t FileName: tree_ORTHOMCL256_Inner6.nexus\t Bucket: denethor\t FilePath: subtree/tree_ORTHOMCL256_Inner6.nexus\t LocalFilePath: /tmp/subtree/tree_ORTHOMCL256_Inner6.nexus\t FileSize: 481 bytes\t TransferDuration: 186.27409099997294 ms\n",
        "ingestionTime": 1730480028751,
        "eventId": "38590994051158280832311853199909629371079405073050697788"
    },
    {
        "logStreamName": "2024/11/01/[$LATEST]3d35a14a91014f1ea44a045701b390fb",
        "timestamp": 1730480022638,
        "message": "FILE_TRANSFER RequestId: 4980ac45-01b9-4360-b07d-fab95d90767b\t TransferType: produced\t FileName: tree_ORTHOMCL256_Inner7.nexus\t Bucket: denethor\t FilePath: subtree/tree_ORTHOMCL256_Inner7.nexus\t LocalFilePath: /tmp/subtree/tree_ORTHOMCL256_Inner7.nexus\t FileSize: 539 bytes\t TransferDuration: 199.88178699998116 ms\n",
        "ingestionTime": 1730480028751,
        "eventId": "38590994055997542540392998421622880236244099519848448061"
    },
    {
        "logStreamName": "2024/11/01/[$LATEST]3d35a14a91014f1ea44a045701b390fb",
        "timestamp": 1730480022843,
        "message": "FILE_TRANSFER RequestId: 4980ac45-01b9-4360-b07d-fab95d90767b\t TransferType: produced\t FileName: tree_ORTHOMCL256_Inner8.nexus\t Bucket: denethor\t FilePath: subtree/tree_ORTHOMCL256_Inner8.nexus\t LocalFilePath: /tmp/subtree/tree_ORTHOMCL256_Inner8.nexus\t FileSize: 640 bytes\t TransferDuration: 203.55146600002172 ms\n",
        "ingestionTime": 1730480028751,
        "eventId": "38590994060569195306091776165637702482137013628574433342"
    },
    {
        "logStreamName": "2024/11/01/[$LATEST]3d35a14a91014f1ea44a045701b390fb",
        "timestamp": 1730480022844,
        "message": "PRODUCED_FILES_INFO RequestId: 4980ac45-01b9-4360-b07d-fab95d90767b\t FilesCount: 8 files\t FilesSize: 3005 bytes\t TransferDuration: 1656.109473000015 ms\t ProducedFiles: ['tree_ORTHOMCL256_Inner1.nexus', 'tree_ORTHOMCL256_Inner2.nexus', 'tree_ORTHOMCL256_Inner3.nexus', 'tree_ORTHOMCL256_Inner4.nexus', 'tree_ORTHOMCL256_Inner5.nexus', 'tree_ORTHOMCL256_Inner6.nexus', 'tree_ORTHOMCL256_Inner7.nexus', 'tree_ORTHOMCL256_Inner8.nexus']\n",
        "ingestionTime": 1730480028751,
        "eventId": "38590994060591496051290306788779238200409661990080413759"
    },
    {
        "logStreamName": "2024/11/01/[$LATEST]3d35a14a91014f1ea44a045701b390fb",
        "timestamp": 1730480022858,
        "message": "END RequestId: 4980ac45-01b9-4360-b07d-fab95d90767b\n",
        "ingestionTime": 1730480028751,
        "eventId": "38590994060903706484069735512760738256226739051164139584"
    },
    {
        "logStreamName": "2024/11/01/[$LATEST]3d35a14a91014f1ea44a045701b390fb",
        "timestamp": 1730480022858,
        "message": "REPORT RequestId: 4980ac45-01b9-4360-b07d-fab95d90767b\tDuration: 2081.66 ms\tBilled Duration: 2082 ms\tMemory Size: 256 MB\tMax Memory Used: 115 MB\t\n",
        "ingestionTime": 1730480028751,
        "eventId": "38590994060903706484069735512760738256226739051164139585"
    }
]