[
    {
        "logStreamName": "2024/12/27/[$LATEST]a2a61330b55b4255918d260493b7dcc1",
        "timestamp": 1735319034357,
        "message": "INIT_START Runtime Version: python:3.10.v46\tRuntime Version ARN: arn:aws:lambda:sa-east-1::runtime:732ad977322a3d3b48316f22772d490c5a1f1898f80a758b6a1de53725c9e97d\n",
        "ingestionTime": 1735319040687,
        "eventId": "38698907623355665207361112364472069184408909916824469504"
    },
    {
        "logStreamName": "2024/12/27/[$LATEST]a2a61330b55b4255918d260493b7dcc1",
        "timestamp": 1735319035246,
        "message": "START RequestId: 288dbe1f-635e-4d4c-8222-d1f2bae7d6bb Version: $LATEST\n",
        "ingestionTime": 1735319040687,
        "eventId": "38698907643181027688854836337297322728793303295641059329"
    },
    {
        "logStreamName": "2024/12/27/[$LATEST]a2a61330b55b4255918d260493b7dcc1",
        "timestamp": 1735319035247,
        "message": "Directory /tmp/tree was created!\n",
        "ingestionTime": 1735319040687,
        "eventId": "38698907643203328434053366960438858447065951657147039746"
    },
    {
        "logStreamName": "2024/12/27/[$LATEST]a2a61330b55b4255918d260493b7dcc1",
        "timestamp": 1735319035247,
        "message": "Directory /tmp/subtree was created!\n",
        "ingestionTime": 1735319040687,
        "eventId": "38698907643203328434053366960438858447065951657147039747"
    },
    {
        "logStreamName": "2024/12/27/[$LATEST]a2a61330b55b4255918d260493b7dcc1",
        "timestamp": 1735319035355,
        "message": "FILE_TRANSFER RequestId: 288dbe1f-635e-4d4c-8222-d1f2bae7d6bb\t TransferType: consumed\t Action: download_from_s3\t FileName: tree_ORTHOMCL1.nexus\t Bucket: denethor\t FilePath: tree/tree_ORTHOMCL1.nexus\t LocalFilePath: /tmp/tree/tree_ORTHOMCL1.nexus\t FileSize: 339 bytes\t TransferDuration: 108.39233699999795 ms\n",
        "ingestionTime": 1735319040687,
        "eventId": "38698907645611808915494674259724716020511974699792924676"
    },
    {
        "logStreamName": "2024/12/27/[$LATEST]a2a61330b55b4255918d260493b7dcc1",
        "timestamp": 1735319035355,
        "message": "CONSUMED_FILES_INFO RequestId: 288dbe1f-635e-4d4c-8222-d1f2bae7d6bb\t FilesCount: 1 files\t FilesSize: 339 bytes\t TransferDuration: 108.39233699999795 ms\t ConsumedFiles: ['tree_ORTHOMCL1.nexus']\n",
        "ingestionTime": 1735319040687,
        "eventId": "38698907645611808915494674259724716020511974699792924677"
    },
    {
        "logStreamName": "2024/12/27/[$LATEST]a2a61330b55b4255918d260493b7dcc1",
        "timestamp": 1735319035355,
        "message": "Reading tree file tree_ORTHOMCL1.nexus\n",
        "ingestionTime": 1735319040687,
        "eventId": "38698907645611808915494674259724716020511974699792924678"
    },
    {
        "logStreamName": "2024/12/27/[$LATEST]a2a61330b55b4255918d260493b7dcc1",
        "timestamp": 1735319035356,
        "message": "Subtree file tree_ORTHOMCL1_Inner3.nexus was created!\n",
        "ingestionTime": 1735319040687,
        "eventId": "38698907645634109660693204882866251738784623061298905095"
    },
    {
        "logStreamName": "2024/12/27/[$LATEST]a2a61330b55b4255918d260493b7dcc1",
        "timestamp": 1735319035357,
        "message": "Subtree file tree_ORTHOMCL1_Inner2.nexus was created!\n",
        "ingestionTime": 1735319040687,
        "eventId": "38698907645656410405891735506007787457057271422804885512"
    },
    {
        "logStreamName": "2024/12/27/[$LATEST]a2a61330b55b4255918d260493b7dcc1",
        "timestamp": 1735319035357,
        "message": "Subtree file tree_ORTHOMCL1_Inner1.nexus was created!\n",
        "ingestionTime": 1735319040687,
        "eventId": "38698907645656410405891735506007787457057271422804885513"
    },
    {
        "logStreamName": "2024/12/27/[$LATEST]a2a61330b55b4255918d260493b7dcc1",
        "timestamp": 1735319035357,
        "message": "Tempo de construção dos arquivos de subárvores de ['tree_ORTHOMCL1.nexus']: 1.478962000021511 milissegundos\n",
        "ingestionTime": 1735319040687,
        "eventId": "38698907645656410405891735506007787457057271422804885514"
    },
    {
        "logStreamName": "2024/12/27/[$LATEST]a2a61330b55b4255918d260493b7dcc1",
        "timestamp": 1735319035357,
        "message": "[INFO] 2024-12-27T17:03:55GMT SUBTREE_CONSTRUCTOR RequestId: 288dbe1f-635e-4d4c-8222-d1f2bae7d6bb\t Duration: 1.478962000021511 ms\t InputTree: ['tree_ORTHOMCL1.nexus']\t OutputSubtrees: ['tree_ORTHOMCL1_Inner1.nexus', 'tree_ORTHOMCL1_Inner2.nexus', 'tree_ORTHOMCL1_Inner3.nexus']\n",
        "ingestionTime": 1735319040687,
        "eventId": "38698907645656410405891735506007787457057271422804885515"
    },
    {
        "logStreamName": "2024/12/27/[$LATEST]a2a61330b55b4255918d260493b7dcc1",
        "timestamp": 1735319035357,
        "message": "[INFO]\t2024-12-27T17:03:55.357Z\t288dbe1f-635e-4d4c-8222-d1f2bae7d6bb\tSUBTREE_CONSTRUCTOR RequestId: 288dbe1f-635e-4d4c-8222-d1f2bae7d6bb\t Duration: 1.478962000021511 ms\t InputTree: ['tree_ORTHOMCL1.nexus']\t OutputSubtrees: ['tree_ORTHOMCL1_Inner1.nexus', 'tree_ORTHOMCL1_Inner2.nexus', 'tree_ORTHOMCL1_Inner3.nexus']\n",
        "ingestionTime": 1735319040687,
        "eventId": "38698907645656410405891735506007787457057271422804885516"
    },
    {
        "logStreamName": "2024/12/27/[$LATEST]a2a61330b55b4255918d260493b7dcc1",
        "timestamp": 1735319035501,
        "message": "FILE_TRANSFER RequestId: 288dbe1f-635e-4d4c-8222-d1f2bae7d6bb\t TransferType: produced\t Action: upload_to_s3\t FileName: tree_ORTHOMCL1_Inner1.nexus\t Bucket: denethor\t FilePath: subtree/tree_ORTHOMCL1_Inner1.nexus\t LocalFilePath: /tmp/subtree/tree_ORTHOMCL1_Inner1.nexus\t FileSize: 185 bytes\t TransferDuration: 44.068851999952585 ms\n",
        "ingestionTime": 1735319040687,
        "eventId": "38698907648867717714480145238388930888318635479666065421"
    },
    {
        "logStreamName": "2024/12/27/[$LATEST]a2a61330b55b4255918d260493b7dcc1",
        "timestamp": 1735319035540,
        "message": "FILE_TRANSFER RequestId: 288dbe1f-635e-4d4c-8222-d1f2bae7d6bb\t TransferType: produced\t Action: upload_to_s3\t FileName: tree_ORTHOMCL1_Inner2.nexus\t Bucket: denethor\t FilePath: subtree/tree_ORTHOMCL1_Inner2.nexus\t LocalFilePath: /tmp/subtree/tree_ORTHOMCL1_Inner2.nexus\t FileSize: 185 bytes\t TransferDuration: 38.98798900002021 ms\n",
        "ingestionTime": 1735319040687,
        "eventId": "38698907649737446777222839540908823900951921578399301646"
    },
    {
        "logStreamName": "2024/12/27/[$LATEST]a2a61330b55b4255918d260493b7dcc1",
        "timestamp": 1735319035573,
        "message": "FILE_TRANSFER RequestId: 288dbe1f-635e-4d4c-8222-d1f2bae7d6bb\t TransferType: produced\t Action: upload_to_s3\t FileName: tree_ORTHOMCL1_Inner3.nexus\t Bucket: denethor\t FilePath: subtree/tree_ORTHOMCL1_Inner3.nexus\t LocalFilePath: /tmp/subtree/tree_ORTHOMCL1_Inner3.nexus\t FileSize: 339 bytes\t TransferDuration: 32.504922000043734 ms\n",
        "ingestionTime": 1735319040687,
        "eventId": "38698907650473371368774350104579502603949317508096655375"
    },
    {
        "logStreamName": "2024/12/27/[$LATEST]a2a61330b55b4255918d260493b7dcc1",
        "timestamp": 1735319035573,
        "message": "PRODUCED_FILES_INFO RequestId: 288dbe1f-635e-4d4c-8222-d1f2bae7d6bb\t FilesCount: 3 files\t FilesSize: 709 bytes\t TransferDuration: 115.56176300001653 ms\t Provider: aws_lambda\t  ProducedFiles: ['tree_ORTHOMCL1_Inner1.nexus', 'tree_ORTHOMCL1_Inner2.nexus', 'tree_ORTHOMCL1_Inner3.nexus']\n",
        "ingestionTime": 1735319040687,
        "eventId": "38698907650473371368774350104579502603949317508096655376"
    },
    {
        "logStreamName": "2024/12/27/[$LATEST]a2a61330b55b4255918d260493b7dcc1",
        "timestamp": 1735319035575,
        "message": "END RequestId: 288dbe1f-635e-4d4c-8222-d1f2bae7d6bb\n",
        "ingestionTime": 1735319040687,
        "eventId": "38698907650517972859171411350862574040494614231108616209"
    },
    {
        "logStreamName": "2024/12/27/[$LATEST]a2a61330b55b4255918d260493b7dcc1",
        "timestamp": 1735319035575,
        "message": "REPORT RequestId: 288dbe1f-635e-4d4c-8222-d1f2bae7d6bb\tDuration: 328.77 ms\tBilled Duration: 329 ms\tMemory Size: 512 MB\tMax Memory Used: 110 MB\tInit Duration: 888.27 ms\t\n",
        "ingestionTime": 1735319040687,
        "eventId": "38698907650517972859171411350862574040494614231108616210"
    },
    {
        "logStreamName": "2024/12/27/[$LATEST]a2a61330b55b4255918d260493b7dcc1",
        "timestamp": 1735319035713,
        "message": "START RequestId: 30fa63fb-5438-412f-ab93-19adf36b3343 Version: $LATEST\n",
        "ingestionTime": 1735319040687,
        "eventId": "38698907653595475696568637344394503162120088118933913619"
    },
    {
        "logStreamName": "2024/12/27/[$LATEST]a2a61330b55b4255918d260493b7dcc1",
        "timestamp": 1735319035762,
        "message": "FILE_TRANSFER RequestId: 30fa63fb-5438-412f-ab93-19adf36b3343\t TransferType: consumed\t Action: download_from_s3\t FileName: tree_ORTHOMCL256.nexus\t Bucket: denethor\t FilePath: tree/tree_ORTHOMCL256.nexus\t LocalFilePath: /tmp/tree/tree_ORTHOMCL256.nexus\t FileSize: 640 bytes\t TransferDuration: 48.18576799999619 ms\n",
        "ingestionTime": 1735319040687,
        "eventId": "38698907654688212211296637878329753357479857832726954004"
    },
    {
        "logStreamName": "2024/12/27/[$LATEST]a2a61330b55b4255918d260493b7dcc1",
        "timestamp": 1735319035762,
        "message": "CONSUMED_FILES_INFO RequestId: 30fa63fb-5438-412f-ab93-19adf36b3343\t FilesCount: 1 files\t FilesSize: 640 bytes\t TransferDuration: 48.18576799999619 ms\t ConsumedFiles: ['tree_ORTHOMCL256.nexus']\n",
        "ingestionTime": 1735319040687,
        "eventId": "38698907654688212211296637878329753357479857832726954005"
    },
    {
        "logStreamName": "2024/12/27/[$LATEST]a2a61330b55b4255918d260493b7dcc1",
        "timestamp": 1735319035762,
        "message": "Reading tree file tree_ORTHOMCL256.nexus\n",
        "ingestionTime": 1735319040687,
        "eventId": "38698907654688212211296637878329753357479857832726954006"
    },
    {
        "logStreamName": "2024/12/27/[$LATEST]a2a61330b55b4255918d260493b7dcc1",
        "timestamp": 1735319035764,
        "message": "Subtree file tree_ORTHOMCL256_Inner8.nexus was created!\n",
        "ingestionTime": 1735319040687,
        "eventId": "38698907654732813701693699124612824794025154555738914839"
    },
    {
        "logStreamName": "2024/12/27/[$LATEST]a2a61330b55b4255918d260493b7dcc1",
        "timestamp": 1735319035764,
        "message": "Subtree file tree_ORTHOMCL256_Inner7.nexus was created!\n",
        "ingestionTime": 1735319040687,
        "eventId": "38698907654732813701693699124612824794025154555738914840"
    },
    {
        "logStreamName": "2024/12/27/[$LATEST]a2a61330b55b4255918d260493b7dcc1",
        "timestamp": 1735319035764,
        "message": "Subtree file tree_ORTHOMCL256_Inner6.nexus was created!\n",
        "ingestionTime": 1735319040687,
        "eventId": "38698907654732813701693699124612824794025154555738914841"
    },
    {
        "logStreamName": "2024/12/27/[$LATEST]a2a61330b55b4255918d260493b7dcc1",
        "timestamp": 1735319035765,
        "message": "Subtree file tree_ORTHOMCL256_Inner5.nexus was created!\n",
        "ingestionTime": 1735319040687,
        "eventId": "38698907654755114446892229747754360512297802917244895258"
    },
    {
        "logStreamName": "2024/12/27/[$LATEST]a2a61330b55b4255918d260493b7dcc1",
        "timestamp": 1735319035765,
        "message": "Subtree file tree_ORTHOMCL256_Inner3.nexus was created!\n",
        "ingestionTime": 1735319040687,
        "eventId": "38698907654755114446892229747754360512297802917244895259"
    },
    {
        "logStreamName": "2024/12/27/[$LATEST]a2a61330b55b4255918d260493b7dcc1",
        "timestamp": 1735319035765,
        "message": "Subtree file tree_ORTHOMCL256_Inner2.nexus was created!\n",
        "ingestionTime": 1735319040687,
        "eventId": "38698907654755114446892229747754360512297802917244895260"
    },
    {
        "logStreamName": "2024/12/27/[$LATEST]a2a61330b55b4255918d260493b7dcc1",
        "timestamp": 1735319035765,
        "message": "Subtree file tree_ORTHOMCL256_Inner1.nexus was created!\n",
        "ingestionTime": 1735319040687,
        "eventId": "38698907654755114446892229747754360512297802917244895261"
    },
    {
        "logStreamName": "2024/12/27/[$LATEST]a2a61330b55b4255918d260493b7dcc1",
        "timestamp": 1735319035765,
        "message": "Subtree file tree_ORTHOMCL256_Inner4.nexus was created!\n",
        "ingestionTime": 1735319040687,
        "eventId": "38698907654755114446892229747754360512297802917244895262"
    },
    {
        "logStreamName": "2024/12/27/[$LATEST]a2a61330b55b4255918d260493b7dcc1",
        "timestamp": 1735319035766,
        "message": "Tempo de construção dos arquivos de subárvores de ['tree_ORTHOMCL256.nexus']: 3.821023000000423 milissegundos\n",
        "ingestionTime": 1735319040687,
        "eventId": "38698907654777415192090760370895896230570451278750875679"
    },
    {
        "logStreamName": "2024/12/27/[$LATEST]a2a61330b55b4255918d260493b7dcc1",
        "timestamp": 1735319035766,
        "message": "[INFO] 2024-12-27T17:03:55GMT SUBTREE_CONSTRUCTOR RequestId: 30fa63fb-5438-412f-ab93-19adf36b3343\t Duration: 3.821023000000423 ms\t InputTree: ['tree_ORTHOMCL256.nexus']\t OutputSubtrees: ['tree_ORTHOMCL256_Inner1.nexus', 'tree_ORTHOMCL256_Inner2.nexus', 'tree_ORTHOMCL256_Inner3.nexus', 'tree_ORTHOMCL256_Inner4.nexus', 'tree_ORTHOMCL256_Inner5.nexus', 'tree_ORTHOMCL256_Inner6.nexus', 'tree_ORTHOMCL256_Inner7.nexus', 'tree_ORTHOMCL256_Inner8.nexus']\n",
        "ingestionTime": 1735319040687,
        "eventId": "38698907654777415192090760370895896230570451278750875680"
    },
    {
        "logStreamName": "2024/12/27/[$LATEST]a2a61330b55b4255918d260493b7dcc1",
        "timestamp": 1735319035766,
        "message": "[INFO]\t2024-12-27T17:03:55.766Z\t30fa63fb-5438-412f-ab93-19adf36b3343\tSUBTREE_CONSTRUCTOR RequestId: 30fa63fb-5438-412f-ab93-19adf36b3343\t Duration: 3.821023000000423 ms\t InputTree: ['tree_ORTHOMCL256.nexus']\t OutputSubtrees: ['tree_ORTHOMCL256_Inner1.nexus', 'tree_ORTHOMCL256_Inner2.nexus', 'tree_ORTHOMCL256_Inner3.nexus', 'tree_ORTHOMCL256_Inner4.nexus', 'tree_ORTHOMCL256_Inner5.nexus', 'tree_ORTHOMCL256_Inner6.nexus', 'tree_ORTHOMCL256_Inner7.nexus', 'tree_ORTHOMCL256_Inner8.nexus']\n",
        "ingestionTime": 1735319040687,
        "eventId": "38698907654777415192090760370895896230570451278750875681"
    },
    {
        "logStreamName": "2024/12/27/[$LATEST]a2a61330b55b4255918d260493b7dcc1",
        "timestamp": 1735319035903,
        "message": "FILE_TRANSFER RequestId: 30fa63fb-5438-412f-ab93-19adf36b3343\t TransferType: produced\t Action: upload_to_s3\t FileName: tree_ORTHOMCL256_Inner1.nexus\t Bucket: denethor\t FilePath: subtree/tree_ORTHOMCL256_Inner1.nexus\t LocalFilePath: /tmp/subtree/tree_ORTHOMCL256_Inner1.nexus\t FileSize: 187 bytes\t TransferDuration: 37.28439200000366 ms\n",
        "ingestionTime": 1735319040687,
        "eventId": "38698907657832617284289455741286289633923276805070192674"
    },
    {
        "logStreamName": "2024/12/27/[$LATEST]a2a61330b55b4255918d260493b7dcc1",
        "timestamp": 1735319035939,
        "message": "FILE_TRANSFER RequestId: 30fa63fb-5438-412f-ab93-19adf36b3343\t TransferType: produced\t Action: upload_to_s3\t FileName: tree_ORTHOMCL256_Inner2.nexus\t Bucket: denethor\t FilePath: subtree/tree_ORTHOMCL256_Inner2.nexus\t LocalFilePath: /tmp/subtree/tree_ORTHOMCL256_Inner2.nexus\t FileSize: 245 bytes\t TransferDuration: 35.11775399999806 ms\n",
        "ingestionTime": 1735319040687,
        "eventId": "38698907658635444111436558174381575491738617819285487651"
    },
    {
        "logStreamName": "2024/12/27/[$LATEST]a2a61330b55b4255918d260493b7dcc1",
        "timestamp": 1735319035975,
        "message": "FILE_TRANSFER RequestId: 30fa63fb-5438-412f-ab93-19adf36b3343\t TransferType: produced\t Action: upload_to_s3\t FileName: tree_ORTHOMCL256_Inner3.nexus\t Bucket: denethor\t FilePath: subtree/tree_ORTHOMCL256_Inner3.nexus\t LocalFilePath: /tmp/subtree/tree_ORTHOMCL256_Inner3.nexus\t FileSize: 301 bytes\t TransferDuration: 36.65881699998863 ms\n",
        "ingestionTime": 1735319040687,
        "eventId": "38698907659438270938583660607476861349553958833500782628"
    },
    {
        "logStreamName": "2024/12/27/[$LATEST]a2a61330b55b4255918d260493b7dcc1",
        "timestamp": 1735319036017,
        "message": "FILE_TRANSFER RequestId: 30fa63fb-5438-412f-ab93-19adf36b3343\t TransferType: produced\t Action: upload_to_s3\t FileName: tree_ORTHOMCL256_Inner4.nexus\t Bucket: denethor\t FilePath: subtree/tree_ORTHOMCL256_Inner4.nexus\t LocalFilePath: /tmp/subtree/tree_ORTHOMCL256_Inner4.nexus\t FileSize: 191 bytes\t TransferDuration: 41.88248799999883 ms\n",
        "ingestionTime": 1735319040687,
        "eventId": "38698907660374902236921946779421361517005190016751960101"
    },
    {
        "logStreamName": "2024/12/27/[$LATEST]a2a61330b55b4255918d260493b7dcc1",
        "timestamp": 1735319036054,
        "message": "FILE_TRANSFER RequestId: 30fa63fb-5438-412f-ab93-19adf36b3343\t TransferType: produced\t Action: upload_to_s3\t FileName: tree_ORTHOMCL256_Inner5.nexus\t Bucket: denethor\t FilePath: subtree/tree_ORTHOMCL256_Inner5.nexus\t LocalFilePath: /tmp/subtree/tree_ORTHOMCL256_Inner5.nexus\t FileSize: 421 bytes\t TransferDuration: 36.44400499996436 ms\n",
        "ingestionTime": 1735319040687,
        "eventId": "38698907661200029809267579835658183093093179392473235494"
    },
    {
        "logStreamName": "2024/12/27/[$LATEST]a2a61330b55b4255918d260493b7dcc1",
        "timestamp": 1735319036107,
        "message": "FILE_TRANSFER RequestId: 30fa63fb-5438-412f-ab93-19adf36b3343\t TransferType: produced\t Action: upload_to_s3\t FileName: tree_ORTHOMCL256_Inner6.nexus\t Bucket: denethor\t FilePath: subtree/tree_ORTHOMCL256_Inner6.nexus\t LocalFilePath: /tmp/subtree/tree_ORTHOMCL256_Inner6.nexus\t FileSize: 481 bytes\t TransferDuration: 53.65819799999372 ms\n",
        "ingestionTime": 1735319040687,
        "eventId": "38698907662381969304789702862159576161543542552290197543"
    },
    {
        "logStreamName": "2024/12/27/[$LATEST]a2a61330b55b4255918d260493b7dcc1",
        "timestamp": 1735319036143,
        "message": "FILE_TRANSFER RequestId: 30fa63fb-5438-412f-ab93-19adf36b3343\t TransferType: produced\t Action: upload_to_s3\t FileName: tree_ORTHOMCL256_Inner7.nexus\t Bucket: denethor\t FilePath: subtree/tree_ORTHOMCL256_Inner7.nexus\t LocalFilePath: /tmp/subtree/tree_ORTHOMCL256_Inner7.nexus\t FileSize: 539 bytes\t TransferDuration: 35.36917799999628 ms\n",
        "ingestionTime": 1735319040687,
        "eventId": "38698907663184796131936805295254862019358883566505492520"
    },
    {
        "logStreamName": "2024/12/27/[$LATEST]a2a61330b55b4255918d260493b7dcc1",
        "timestamp": 1735319036179,
        "message": "FILE_TRANSFER RequestId: 30fa63fb-5438-412f-ab93-19adf36b3343\t TransferType: produced\t Action: upload_to_s3\t FileName: tree_ORTHOMCL256_Inner8.nexus\t Bucket: denethor\t FilePath: subtree/tree_ORTHOMCL256_Inner8.nexus\t LocalFilePath: /tmp/subtree/tree_ORTHOMCL256_Inner8.nexus\t FileSize: 640 bytes\t TransferDuration: 36.07935899998438 ms\n",
        "ingestionTime": 1735319040687,
        "eventId": "38698907663987622959083907728350147877174224580720787497"
    },
    {
        "logStreamName": "2024/12/27/[$LATEST]a2a61330b55b4255918d260493b7dcc1",
        "timestamp": 1735319036179,
        "message": "PRODUCED_FILES_INFO RequestId: 30fa63fb-5438-412f-ab93-19adf36b3343\t FilesCount: 8 files\t FilesSize: 3005 bytes\t TransferDuration: 312.4941909999279 ms\t Provider: aws_lambda\t  ProducedFiles: ['tree_ORTHOMCL256_Inner1.nexus', 'tree_ORTHOMCL256_Inner2.nexus', 'tree_ORTHOMCL256_Inner3.nexus', 'tree_ORTHOMCL256_Inner4.nexus', 'tree_ORTHOMCL256_Inner5.nexus', 'tree_ORTHOMCL256_Inner6.nexus', 'tree_ORTHOMCL256_Inner7.nexus', 'tree_ORTHOMCL256_Inner8.nexus']\n",
        "ingestionTime": 1735319040687,
        "eventId": "38698907663987622959083907728350147877174224580720787498"
    },
    {
        "logStreamName": "2024/12/27/[$LATEST]a2a61330b55b4255918d260493b7dcc1",
        "timestamp": 1735319036180,
        "message": "END RequestId: 30fa63fb-5438-412f-ab93-19adf36b3343\n",
        "ingestionTime": 1735319040687,
        "eventId": "38698907664009923704282438351491683595446872942226767915"
    },
    {
        "logStreamName": "2024/12/27/[$LATEST]a2a61330b55b4255918d260493b7dcc1",
        "timestamp": 1735319036180,
        "message": "REPORT RequestId: 30fa63fb-5438-412f-ab93-19adf36b3343\tDuration: 467.26 ms\tBilled Duration: 468 ms\tMemory Size: 512 MB\tMax Memory Used: 110 MB\t\n",
        "ingestionTime": 1735319040687,
        "eventId": "38698907664009923704282438351491683595446872942226767916"
    }
]